2024-09-28 08:57:32 INFO ##################################################
2024-09-28 08:57:32 INFO Config values: batch_size: 60	current_directory: /home/hy/project/reid_task/ex_001_38	dataset_name: Occluded_Duke	dataset_path: /home/hy/project/data/Occluded_Duke	device: cuda	dtype: torch.float32	epoch_start_test: 90	epochs: 120	img_height: 256	img_width: 128	logs_outputs_path: /home/hy/project/reid_task/ex_001_38/./outputs/logs	models_outputs_path: /home/hy/project/reid_task/ex_001_38/./outputs/models	np: <module 'numpy' from '/home/hy/anaconda3/envs/py396/lib/python3.9/site-packages/numpy/__init__.py'>	os: <module 'os' from '/home/hy/anaconda3/envs/py396/lib/python3.9/os.py'>	outputs_dir: ./outputs/	outputs_path: /home/hy/project/reid_task/ex_001_38/./outputs/	print_every: 1	seed: 1	taskname: ReID_Task	temps_outputs_path: /home/hy/project/reid_task/ex_001_38/./outputs/temps	test_batch_size: 256	test_every: 5	torch: <module 'torch' from '/home/hy/anaconda3/envs/py396/lib/python3.9/site-packages/torch/__init__.py'>
2024-09-28 08:57:32 INFO Task: ReID_Task
2024-09-28 08:57:32 INFO Using device: cuda
2024-09-28 08:57:32 INFO Using data type: torch.float32
2024-09-28 08:57:32 INFO Number of GPUs: 1
2024-09-28 08:57:32 INFO GPU is_available: True
2024-09-28 08:57:32 INFO GPU name: NVIDIA GeForce RTX 3060
2024-09-28 08:57:32 INFO CUDA version: 12.1
2024-09-28 08:57:32 INFO Current device id: 0
2024-09-28 08:57:32 INFO ##################################################
2024-09-28 08:58:57 INFO Epoch 1/120	Training Loss: 7.1644	Time remaining is 2h:48m
2024-09-28 09:00:20 INFO Epoch 2/120	Training Loss: 6.0704	Time remaining is 2h:46m
2024-09-28 09:01:44 INFO Epoch 3/120	Training Loss: 4.7000	Time remaining is 2h:45m
2024-09-28 09:03:08 INFO Epoch 4/120	Training Loss: 3.4890	Time remaining is 2h:43m
2024-09-28 09:04:31 INFO Epoch 5/120	Training Loss: 2.6864	Time remaining is 2h:42m
2024-09-28 09:05:55 INFO Epoch 6/120	Training Loss: 2.2557	Time remaining is 2h:40m
2024-09-28 09:07:19 INFO Epoch 7/120	Training Loss: 2.0132	Time remaining is 2h:39m
2024-09-28 09:08:43 INFO Epoch 8/120	Training Loss: 1.8437	Time remaining is 2h:38m
2024-09-28 09:10:07 INFO Epoch 9/120	Training Loss: 1.7212	Time remaining is 2h:36m
2024-09-28 09:11:31 INFO Epoch 10/120	Training Loss: 1.6312	Time remaining is 2h:35m
2024-09-28 09:12:54 INFO Epoch 11/120	Training Loss: 1.5167	Time remaining is 2h:34m
2024-09-28 09:14:18 INFO Epoch 12/120	Training Loss: 1.4453	Time remaining is 2h:32m
2024-09-28 09:15:42 INFO Epoch 13/120	Training Loss: 1.4020	Time remaining is 2h:31m
2024-09-28 09:17:06 INFO Epoch 14/120	Training Loss: 1.3522	Time remaining is 2h:30m
2024-09-28 09:18:31 INFO Epoch 15/120	Training Loss: 1.2963	Time remaining is 2h:28m
2024-09-28 09:19:54 INFO Epoch 16/120	Training Loss: 1.2751	Time remaining is 2h:27m
2024-09-28 09:21:18 INFO Epoch 17/120	Training Loss: 1.2430	Time remaining is 2h:25m
2024-09-28 09:22:42 INFO Epoch 18/120	Training Loss: 1.2370	Time remaining is 2h:24m
2024-09-28 09:24:06 INFO Epoch 19/120	Training Loss: 1.2209	Time remaining is 2h:23m
2024-09-28 09:25:30 INFO Epoch 20/120	Training Loss: 1.2083	Time remaining is 2h:21m
2024-09-28 09:26:54 INFO Epoch 21/120	Training Loss: 1.1919	Time remaining is 2h:20m
2024-09-28 09:28:19 INFO Epoch 22/120	Training Loss: 1.1877	Time remaining is 2h:18m
2024-09-28 09:29:43 INFO Epoch 23/120	Training Loss: 1.1766	Time remaining is 2h:17m
2024-09-28 09:31:07 INFO Epoch 24/120	Training Loss: 1.1696	Time remaining is 2h:16m
2024-09-28 09:32:30 INFO Epoch 25/120	Training Loss: 1.1556	Time remaining is 2h:14m
2024-09-28 09:33:55 INFO Epoch 26/120	Training Loss: 1.1595	Time remaining is 2h:13m
