2024-04-12 04:55:10 INFO ##################################################
2024-04-12 04:55:10 INFO Config values: batch_size: 60	current_directory: /home/hy/project/reid_task/ex_main3	dataset_name: market1501	dataset_path: /home/hy/project/data/Market-1501-v15.09.15	device: cuda	dtype: torch.float32	epoch_start_test: 90	epochs: 160	img_height: 256	img_width: 128	logs_outputs_path: /home/hy/project/reid_task/ex_main3/./outputs/logs	models_outputs_path: /home/hy/project/reid_task/ex_main3/./outputs/models	np: <module 'numpy' from '/home/hy/anaconda3/envs/py396/lib/python3.9/site-packages/numpy/__init__.py'>	os: <module 'os' from '/home/hy/anaconda3/envs/py396/lib/python3.9/os.py'>	outputs_dir: ./outputs/	outputs_path: /home/hy/project/reid_task/ex_main3/./outputs/	print_every: 1	seed: 1	taskname: ReID_Task	temps_outputs_path: /home/hy/project/reid_task/ex_main3/./outputs/temps	test_batch_size: 256	test_every: 5	torch: <module 'torch' from '/home/hy/anaconda3/envs/py396/lib/python3.9/site-packages/torch/__init__.py'>
2024-04-12 04:55:10 INFO Task: ReID_Task
2024-04-12 04:55:10 INFO Using device: cuda
2024-04-12 04:55:10 INFO Using data type: torch.float32
2024-04-12 04:55:10 INFO Number of GPUs: 1
2024-04-12 04:55:10 INFO GPU is_available: True
2024-04-12 04:55:10 INFO GPU name: NVIDIA GeForce RTX 3060
2024-04-12 04:55:10 INFO CUDA version: 12.1
2024-04-12 04:55:10 INFO Current device id: 0
2024-04-12 04:55:10 INFO ##################################################
2024-04-12 04:56:28 INFO Epoch 1/160	Training Loss: 9.6329	Time remaining is 3h:25m
2024-04-12 04:57:44 INFO Epoch 2/160	Training Loss: 8.1551	Time remaining is 3h:22m
2024-04-12 04:59:00 INFO Epoch 3/160	Training Loss: 6.3115	Time remaining is 3h:21m
2024-04-12 05:00:16 INFO Epoch 4/160	Training Loss: 4.8402	Time remaining is 3h:19m
2024-04-12 05:01:32 INFO Epoch 5/160	Training Loss: 3.7748	Time remaining is 3h:18m
2024-04-12 05:02:47 INFO Epoch 6/160	Training Loss: 3.0842	Time remaining is 3h:16m
2024-04-12 05:04:03 INFO Epoch 7/160	Training Loss: 2.7328	Time remaining is 3h:15m
2024-04-12 05:05:18 INFO Epoch 8/160	Training Loss: 2.5379	Time remaining is 3h:14m
2024-04-12 05:06:34 INFO Epoch 9/160	Training Loss: 2.4368	Time remaining is 3h:12m
2024-04-12 05:07:50 INFO Epoch 10/160	Training Loss: 2.3581	Time remaining is 3h:11m
2024-04-12 05:09:06 INFO Epoch 11/160	Training Loss: 2.3184	Time remaining is 3h:10m
2024-04-12 05:10:23 INFO Epoch 12/160	Training Loss: 2.2683	Time remaining is 3h:9m
2024-04-12 05:11:39 INFO Epoch 13/160	Training Loss: 2.2146	Time remaining is 3h:7m
2024-04-12 05:12:55 INFO Epoch 14/160	Training Loss: 2.2027	Time remaining is 3h:6m
2024-04-12 05:14:11 INFO Epoch 15/160	Training Loss: 2.1741	Time remaining is 3h:5m
2024-04-12 05:15:27 INFO Epoch 16/160	Training Loss: 2.1538	Time remaining is 3h:4m
2024-04-12 05:16:43 INFO Epoch 17/160	Training Loss: 2.1358	Time remaining is 3h:2m
2024-04-12 05:17:58 INFO Epoch 18/160	Training Loss: 2.1291	Time remaining is 3h:1m
2024-04-12 05:19:14 INFO Epoch 19/160	Training Loss: 2.1326	Time remaining is 2h:60m
2024-04-12 05:20:30 INFO Epoch 20/160	Training Loss: 2.1319	Time remaining is 2h:59m
2024-04-12 05:21:46 INFO Epoch 21/160	Training Loss: 2.1212	Time remaining is 2h:57m
2024-04-12 05:23:02 INFO Epoch 22/160	Training Loss: 2.1159	Time remaining is 2h:56m
2024-04-12 05:24:17 INFO Epoch 23/160	Training Loss: 2.1072	Time remaining is 2h:55m
2024-04-12 05:25:34 INFO Epoch 24/160	Training Loss: 2.1216	Time remaining is 2h:53m
2024-04-12 05:26:51 INFO Epoch 25/160	Training Loss: 2.1142	Time remaining is 2h:52m
2024-04-12 05:28:08 INFO Epoch 26/160	Training Loss: 2.1332	Time remaining is 2h:51m
2024-04-12 05:29:24 INFO Epoch 27/160	Training Loss: 2.1171	Time remaining is 2h:50m
2024-04-12 05:30:39 INFO Epoch 28/160	Training Loss: 2.1116	Time remaining is 2h:48m
2024-04-12 05:31:55 INFO Epoch 29/160	Training Loss: 2.1082	Time remaining is 2h:47m
2024-04-12 05:33:11 INFO Epoch 30/160	Training Loss: 2.0984	Time remaining is 2h:46m
2024-04-12 05:34:26 INFO Epoch 31/160	Training Loss: 2.0970	Time remaining is 2h:45m
2024-04-12 05:35:42 INFO Epoch 32/160	Training Loss: 2.1065	Time remaining is 2h:43m
2024-04-12 05:36:58 INFO Epoch 33/160	Training Loss: 2.1014	Time remaining is 2h:42m
2024-04-12 05:38:14 INFO Epoch 34/160	Training Loss: 2.1115	Time remaining is 2h:41m
2024-04-12 05:39:30 INFO Epoch 35/160	Training Loss: 2.1118	Time remaining is 2h:40m
2024-04-12 05:40:46 INFO Epoch 36/160	Training Loss: 2.0981	Time remaining is 2h:38m
2024-04-12 05:42:02 INFO Epoch 37/160	Training Loss: 2.0922	Time remaining is 2h:37m
2024-04-12 05:43:19 INFO Epoch 38/160	Training Loss: 2.1008	Time remaining is 2h:36m
2024-04-12 05:44:35 INFO Epoch 39/160	Training Loss: 2.1020	Time remaining is 2h:35m
2024-04-12 05:45:50 INFO Epoch 40/160	Training Loss: 2.0926	Time remaining is 2h:33m
2024-04-12 05:47:06 INFO Epoch 41/160	Training Loss: 2.0370	Time remaining is 2h:32m
2024-04-12 05:48:22 INFO Epoch 42/160	Training Loss: 1.9644	Time remaining is 2h:31m
2024-04-12 05:49:38 INFO Epoch 43/160	Training Loss: 1.9601	Time remaining is 2h:29m
2024-04-12 05:50:53 INFO Epoch 44/160	Training Loss: 1.9526	Time remaining is 2h:28m
2024-04-12 05:52:09 INFO Epoch 45/160	Training Loss: 1.9459	Time remaining is 2h:27m
2024-04-12 05:53:26 INFO Epoch 46/160	Training Loss: 1.9437	Time remaining is 2h:26m
2024-04-12 05:54:42 INFO Epoch 47/160	Training Loss: 1.9283	Time remaining is 2h:24m
2024-04-12 05:55:58 INFO Epoch 48/160	Training Loss: 1.9374	Time remaining is 2h:23m
2024-04-12 05:57:13 INFO Epoch 49/160	Training Loss: 1.9241	Time remaining is 2h:22m
2024-04-12 05:58:29 INFO Epoch 50/160	Training Loss: 1.9331	Time remaining is 2h:21m
2024-04-12 05:59:45 INFO Epoch 51/160	Training Loss: 1.9200	Time remaining is 2h:19m
2024-04-12 06:01:01 INFO Epoch 52/160	Training Loss: 1.9267	Time remaining is 2h:18m
2024-04-12 06:02:17 INFO Epoch 53/160	Training Loss: 1.9251	Time remaining is 2h:17m
2024-04-12 06:03:33 INFO Epoch 54/160	Training Loss: 1.9233	Time remaining is 2h:15m
2024-04-12 06:04:49 INFO Epoch 55/160	Training Loss: 1.9239	Time remaining is 2h:14m
2024-04-12 06:06:05 INFO Epoch 56/160	Training Loss: 1.9217	Time remaining is 2h:13m
2024-04-12 06:07:21 INFO Epoch 57/160	Training Loss: 1.9108	Time remaining is 2h:12m
2024-04-12 06:08:37 INFO Epoch 58/160	Training Loss: 1.9197	Time remaining is 2h:10m
2024-04-12 06:09:53 INFO Epoch 59/160	Training Loss: 1.9213	Time remaining is 2h:9m
2024-04-12 06:11:09 INFO Epoch 60/160	Training Loss: 1.9164	Time remaining is 2h:8m
2024-04-12 06:12:25 INFO Epoch 61/160	Training Loss: 1.9177	Time remaining is 2h:7m
2024-04-12 06:13:41 INFO Epoch 62/160	Training Loss: 1.9148	Time remaining is 2h:5m
2024-04-12 06:14:57 INFO Epoch 63/160	Training Loss: 1.9140	Time remaining is 2h:4m
2024-04-12 06:16:13 INFO Epoch 64/160	Training Loss: 1.9136	Time remaining is 2h:3m
2024-04-12 06:17:29 INFO Epoch 65/160	Training Loss: 1.9108	Time remaining is 2h:2m
2024-04-12 06:18:45 INFO Epoch 66/160	Training Loss: 1.9114	Time remaining is 2h:0m
2024-04-12 06:20:02 INFO Epoch 67/160	Training Loss: 1.9191	Time remaining is 1h:59m
2024-04-12 06:21:18 INFO Epoch 68/160	Training Loss: 1.9091	Time remaining is 1h:58m
2024-04-12 06:22:33 INFO Epoch 69/160	Training Loss: 1.9020	Time remaining is 1h:56m
2024-04-12 06:23:49 INFO Epoch 70/160	Training Loss: 1.9077	Time remaining is 1h:55m
2024-04-12 06:25:05 INFO Epoch 71/160	Training Loss: 1.9059	Time remaining is 1h:54m
2024-04-12 06:26:21 INFO Epoch 72/160	Training Loss: 1.9016	Time remaining is 1h:53m
2024-04-12 06:27:37 INFO Epoch 73/160	Training Loss: 1.8988	Time remaining is 1h:51m
2024-04-12 06:28:53 INFO Epoch 74/160	Training Loss: 1.8884	Time remaining is 1h:50m
2024-04-12 06:30:09 INFO Epoch 75/160	Training Loss: 1.8886	Time remaining is 1h:49m
2024-04-12 06:31:24 INFO Epoch 76/160	Training Loss: 1.8859	Time remaining is 1h:48m
2024-04-12 06:32:40 INFO Epoch 77/160	Training Loss: 1.8967	Time remaining is 1h:46m
2024-04-12 06:33:56 INFO Epoch 78/160	Training Loss: 1.8880	Time remaining is 1h:45m
2024-04-12 06:35:12 INFO Epoch 79/160	Training Loss: 1.8954	Time remaining is 1h:44m
2024-04-12 06:36:28 INFO Epoch 80/160	Training Loss: 1.8960	Time remaining is 1h:43m
2024-04-12 06:37:44 INFO Epoch 81/160	Training Loss: 1.8948	Time remaining is 1h:41m
2024-04-12 06:39:00 INFO Epoch 82/160	Training Loss: 1.8950	Time remaining is 1h:40m
2024-04-12 06:40:16 INFO Epoch 83/160	Training Loss: 1.8951	Time remaining is 1h:39m
2024-04-12 06:41:32 INFO Epoch 84/160	Training Loss: 1.8930	Time remaining is 1h:37m
2024-04-12 06:42:48 INFO Epoch 85/160	Training Loss: 1.8953	Time remaining is 1h:36m
2024-04-12 06:44:04 INFO Epoch 86/160	Training Loss: 1.8948	Time remaining is 1h:35m
2024-04-12 06:45:20 INFO Epoch 87/160	Training Loss: 1.8935	Time remaining is 1h:34m
2024-04-12 06:46:36 INFO Epoch 88/160	Training Loss: 1.8830	Time remaining is 1h:32m
2024-04-12 06:47:52 INFO Epoch 89/160	Training Loss: 1.8929	Time remaining is 1h:31m
2024-04-12 06:49:08 INFO Epoch 90/160	Training Loss: 1.8933	Time remaining is 1h:30m
2024-04-12 06:50:36 INFO Testing: dataset_name: market1501 top1:0.9495 top5:0.9846 top10:0.9908 mAP:0.8726
2024-04-12 06:51:51 INFO Epoch 91/160	Training Loss: 1.8936	Time remaining is 1h:30m
2024-04-12 06:53:07 INFO Epoch 92/160	Training Loss: 1.8824	Time remaining is 1h:28m
2024-04-12 06:54:23 INFO Epoch 93/160	Training Loss: 1.8948	Time remaining is 1h:27m
2024-04-12 06:55:39 INFO Epoch 94/160	Training Loss: 1.8925	Time remaining is 1h:26m
2024-04-12 06:56:54 INFO Epoch 95/160	Training Loss: 1.8822	Time remaining is 1h:25m
2024-04-12 06:58:23 INFO Testing: dataset_name: market1501 top1:0.9495 top5:0.9843 top10:0.9908 mAP:0.8739
2024-04-12 06:59:39 INFO Epoch 96/160	Training Loss: 1.8931	Time remaining is 1h:24m
2024-04-12 07:00:54 INFO Epoch 97/160	Training Loss: 1.8809	Time remaining is 1h:23m
2024-04-12 07:02:10 INFO Epoch 98/160	Training Loss: 1.8947	Time remaining is 1h:22m
2024-04-12 07:03:26 INFO Epoch 99/160	Training Loss: 1.8919	Time remaining is 1h:20m
2024-04-12 07:04:42 INFO Epoch 100/160	Training Loss: 1.8896	Time remaining is 1h:19m
2024-04-12 07:06:10 INFO Testing: dataset_name: market1501 top1:0.9492 top5:0.9846 top10:0.9908 mAP:0.8725
2024-04-12 07:07:26 INFO Epoch 101/160	Training Loss: 1.8927	Time remaining is 1h:19m
2024-04-12 07:08:41 INFO Epoch 102/160	Training Loss: 1.8907	Time remaining is 1h:17m
2024-04-12 07:09:57 INFO Epoch 103/160	Training Loss: 1.8897	Time remaining is 1h:16m
2024-04-12 07:11:13 INFO Epoch 104/160	Training Loss: 1.8893	Time remaining is 1h:15m
2024-04-12 07:12:30 INFO Epoch 105/160	Training Loss: 1.9005	Time remaining is 1h:13m
2024-04-12 07:13:57 INFO Testing: dataset_name: market1501 top1:0.9498 top5:0.9846 top10:0.9911 mAP:0.8730
2024-04-12 07:15:13 INFO Epoch 106/160	Training Loss: 1.8912	Time remaining is 1h:13m
2024-04-12 07:16:29 INFO Epoch 107/160	Training Loss: 1.8807	Time remaining is 1h:11m
2024-04-12 07:17:45 INFO Epoch 108/160	Training Loss: 1.8910	Time remaining is 1h:10m
2024-04-12 07:19:00 INFO Epoch 109/160	Training Loss: 1.8894	Time remaining is 1h:9m
2024-04-12 07:20:16 INFO Epoch 110/160	Training Loss: 1.8891	Time remaining is 1h:7m
2024-04-12 07:21:44 INFO Testing: dataset_name: market1501 top1:0.9522 top5:0.9846 top10:0.9917 mAP:0.8744
2024-04-12 07:22:59 INFO Epoch 111/160	Training Loss: 1.8784	Time remaining is 1h:7m
2024-04-12 07:24:15 INFO Epoch 112/160	Training Loss: 1.8885	Time remaining is 1h:5m
2024-04-12 07:25:31 INFO Epoch 113/160	Training Loss: 1.8892	Time remaining is 1h:4m
2024-04-12 07:26:47 INFO Epoch 114/160	Training Loss: 1.8807	Time remaining is 1h:3m
2024-04-12 07:28:03 INFO Epoch 115/160	Training Loss: 1.8967	Time remaining is 1h:1m
2024-04-12 07:29:30 INFO Testing: dataset_name: market1501 top1:0.9507 top5:0.9834 top10:0.9911 mAP:0.8751
2024-04-12 07:30:46 INFO Epoch 116/160	Training Loss: 1.8888	Time remaining is 1h:0m
2024-04-12 07:32:02 INFO Epoch 117/160	Training Loss: 1.8903	Time remaining is 0h:59m
2024-04-12 07:33:18 INFO Epoch 118/160	Training Loss: 1.8887	Time remaining is 0h:58m
2024-04-12 07:34:34 INFO Epoch 119/160	Training Loss: 1.8983	Time remaining is 0h:56m
2024-04-12 07:35:49 INFO Epoch 120/160	Training Loss: 1.8771	Time remaining is 0h:55m
2024-04-12 07:37:17 INFO Testing: dataset_name: market1501 top1:0.9528 top5:0.9834 top10:0.9905 mAP:0.8763
2024-04-12 07:38:33 INFO Epoch 121/160	Training Loss: 1.8867	Time remaining is 0h:54m
2024-04-12 07:39:49 INFO Epoch 122/160	Training Loss: 1.8868	Time remaining is 0h:53m
2024-04-12 07:41:04 INFO Epoch 123/160	Training Loss: 1.8867	Time remaining is 0h:51m
2024-04-12 07:42:20 INFO Epoch 124/160	Training Loss: 1.8791	Time remaining is 0h:50m
2024-04-12 07:43:36 INFO Epoch 125/160	Training Loss: 1.8878	Time remaining is 0h:49m
2024-04-12 07:45:03 INFO Testing: dataset_name: market1501 top1:0.9513 top5:0.9831 top10:0.9917 mAP:0.8759
2024-04-12 07:46:19 INFO Epoch 126/160	Training Loss: 1.8882	Time remaining is 0h:48m
2024-04-12 07:47:34 INFO Epoch 127/160	Training Loss: 1.8867	Time remaining is 0h:46m
2024-04-12 07:48:50 INFO Epoch 128/160	Training Loss: 1.8863	Time remaining is 0h:45m
2024-04-12 07:50:06 INFO Epoch 129/160	Training Loss: 1.8880	Time remaining is 0h:43m
2024-04-12 07:51:22 INFO Epoch 130/160	Training Loss: 1.8886	Time remaining is 0h:42m
2024-04-12 07:52:49 INFO Testing: dataset_name: market1501 top1:0.9519 top5:0.9825 top10:0.9914 mAP:0.8772
2024-04-12 07:54:05 INFO Epoch 131/160	Training Loss: 1.8786	Time remaining is 0h:41m
2024-04-12 07:55:21 INFO Epoch 132/160	Training Loss: 1.8851	Time remaining is 0h:40m
2024-04-12 07:56:36 INFO Epoch 133/160	Training Loss: 1.8768	Time remaining is 0h:38m
2024-04-12 07:57:52 INFO Epoch 134/160	Training Loss: 1.8868	Time remaining is 0h:37m
2024-04-12 07:59:08 INFO Epoch 135/160	Training Loss: 1.8775	Time remaining is 0h:35m
2024-04-12 08:00:35 INFO Testing: dataset_name: market1501 top1:0.9537 top5:0.9834 top10:0.9908 mAP:0.8776
2024-04-12 08:01:51 INFO Epoch 136/160	Training Loss: 1.8769	Time remaining is 0h:34m
2024-04-12 08:03:06 INFO Epoch 137/160	Training Loss: 1.8867	Time remaining is 0h:33m
2024-04-12 08:04:22 INFO Epoch 138/160	Training Loss: 1.8866	Time remaining is 0h:32m
2024-04-12 08:05:38 INFO Epoch 139/160	Training Loss: 1.8754	Time remaining is 0h:30m
2024-04-12 08:06:54 INFO Epoch 140/160	Training Loss: 1.8850	Time remaining is 0h:29m
2024-04-12 08:08:21 INFO Testing: dataset_name: market1501 top1:0.9531 top5:0.9843 top10:0.9905 mAP:0.8776
2024-04-12 08:09:37 INFO Epoch 141/160	Training Loss: 1.8857	Time remaining is 0h:28m
2024-04-12 08:10:53 INFO Epoch 142/160	Training Loss: 1.8841	Time remaining is 0h:26m
2024-04-12 08:12:08 INFO Epoch 143/160	Training Loss: 1.8857	Time remaining is 0h:25m
2024-04-12 08:13:24 INFO Epoch 144/160	Training Loss: 1.8836	Time remaining is 0h:23m
2024-04-12 08:14:40 INFO Epoch 145/160	Training Loss: 1.8860	Time remaining is 0h:22m
2024-04-12 08:16:07 INFO Testing: dataset_name: market1501 top1:0.9537 top5:0.9843 top10:0.9908 mAP:0.8781
2024-04-12 08:17:23 INFO Epoch 146/160	Training Loss: 1.8841	Time remaining is 0h:21m
2024-04-12 08:18:39 INFO Epoch 147/160	Training Loss: 1.8842	Time remaining is 0h:19m
2024-04-12 08:19:55 INFO Epoch 148/160	Training Loss: 1.8847	Time remaining is 0h:18m
2024-04-12 08:21:11 INFO Epoch 149/160	Training Loss: 1.8941	Time remaining is 0h:17m
2024-04-12 08:22:26 INFO Epoch 150/160	Training Loss: 1.8739	Time remaining is 0h:15m
2024-04-12 08:23:54 INFO Testing: dataset_name: market1501 top1:0.9525 top5:0.9837 top10:0.9902 mAP:0.8781
2024-04-12 08:25:10 INFO Epoch 151/160	Training Loss: 1.8836	Time remaining is 0h:14m
2024-04-12 08:26:26 INFO Epoch 152/160	Training Loss: 1.8828	Time remaining is 0h:13m
2024-04-12 08:27:42 INFO Epoch 153/160	Training Loss: 1.8834	Time remaining is 0h:11m
2024-04-12 08:28:57 INFO Epoch 154/160	Training Loss: 1.8839	Time remaining is 0h:10m
2024-04-12 08:30:13 INFO Epoch 155/160	Training Loss: 1.8849	Time remaining is 0h:8m
2024-04-12 08:31:41 INFO Testing: dataset_name: market1501 top1:0.9543 top5:0.9834 top10:0.9908 mAP:0.8801
2024-04-12 08:32:56 INFO Epoch 156/160	Training Loss: 1.8748	Time remaining is 0h:7m
2024-04-12 08:34:12 INFO Epoch 157/160	Training Loss: 1.8834	Time remaining is 0h:6m
2024-04-12 08:35:27 INFO Epoch 158/160	Training Loss: 1.8748	Time remaining is 0h:4m
2024-04-12 08:36:43 INFO Epoch 159/160	Training Loss: 1.8823	Time remaining is 0h:3m
2024-04-12 08:37:59 INFO Epoch 160/160	Training Loss: 1.8725	Time remaining is 0h:1m
2024-04-12 08:39:26 INFO Testing: dataset_name: market1501 top1:0.9525 top5:0.9846 top10:0.9911 mAP:0.8781
2024-04-12 08:39:26 INFO The running time of training: 1.34561e+04 s
