2024-04-19 07:13:34 INFO ##################################################
2024-04-19 07:13:34 INFO Config values: batch_size: 60	current_directory: /home/hy/project/reid_task/ex_main3	dataset_name: msmt17	dataset_path: /home/hy/project/data/msmt17	device: cuda	dtype: torch.float32	epoch_start_test: 90	epochs: 160	img_height: 256	img_width: 128	logs_outputs_path: /home/hy/project/reid_task/ex_main3/./outputs/logs	models_outputs_path: /home/hy/project/reid_task/ex_main3/./outputs/models	np: <module 'numpy' from '/home/hy/anaconda3/envs/py396/lib/python3.9/site-packages/numpy/__init__.py'>	os: <module 'os' from '/home/hy/anaconda3/envs/py396/lib/python3.9/os.py'>	outputs_dir: ./outputs/	outputs_path: /home/hy/project/reid_task/ex_main3/./outputs/	print_every: 1	seed: 1	taskname: ReID_Task	temps_outputs_path: /home/hy/project/reid_task/ex_main3/./outputs/temps	test_batch_size: 512	test_every: 5	torch: <module 'torch' from '/home/hy/anaconda3/envs/py396/lib/python3.9/site-packages/torch/__init__.py'>
2024-04-19 07:13:34 INFO Task: ReID_Task
2024-04-19 07:13:34 INFO Using device: cuda
2024-04-19 07:13:34 INFO Using data type: torch.float32
2024-04-19 07:13:34 INFO Number of GPUs: 1
2024-04-19 07:13:34 INFO GPU is_available: True
2024-04-19 07:13:34 INFO GPU name: NVIDIA GeForce RTX 3060
2024-04-19 07:13:34 INFO CUDA version: 12.1
2024-04-19 07:13:34 INFO Current device id: 0
2024-04-19 07:13:34 INFO ##################################################
2024-04-19 07:17:14 INFO Epoch 1/160	Training Loss: 10.0793	Time remaining is 9h:43m
2024-04-19 07:20:53 INFO Epoch 2/160	Training Loss: 7.9012	Time remaining is 9h:40m
2024-04-19 07:24:31 INFO Epoch 3/160	Training Loss: 5.5500	Time remaining is 9h:36m
2024-04-19 07:28:09 INFO Epoch 4/160	Training Loss: 4.0117	Time remaining is 9h:31m
2024-04-19 07:31:47 INFO Epoch 5/160	Training Loss: 3.1788	Time remaining is 9h:27m
2024-04-19 07:35:25 INFO Epoch 6/160	Training Loss: 2.8302	Time remaining is 9h:24m
2024-04-19 07:39:02 INFO Epoch 7/160	Training Loss: 2.6675	Time remaining is 9h:20m
2024-04-19 07:42:39 INFO Epoch 8/160	Training Loss: 2.6132	Time remaining is 9h:16m
2024-04-19 07:46:17 INFO Epoch 9/160	Training Loss: 2.5846	Time remaining is 9h:12m
2024-04-19 07:49:54 INFO Epoch 10/160	Training Loss: 2.5698	Time remaining is 9h:8m
2024-04-19 07:53:32 INFO Epoch 11/160	Training Loss: 2.5740	Time remaining is 9h:5m
2024-04-19 07:57:09 INFO Epoch 12/160	Training Loss: 2.5215	Time remaining is 9h:1m
2024-04-19 08:00:46 INFO Epoch 13/160	Training Loss: 2.4739	Time remaining is 8h:57m
2024-04-19 08:04:23 INFO Epoch 14/160	Training Loss: 2.4483	Time remaining is 8h:53m
2024-04-19 08:08:00 INFO Epoch 15/160	Training Loss: 2.4354	Time remaining is 8h:50m
2024-04-19 08:11:37 INFO Epoch 16/160	Training Loss: 2.4258	Time remaining is 8h:46m
2024-04-19 08:15:14 INFO Epoch 17/160	Training Loss: 2.4001	Time remaining is 8h:42m
2024-04-19 08:18:51 INFO Epoch 18/160	Training Loss: 2.3981	Time remaining is 8h:38m
2024-04-19 08:22:28 INFO Epoch 19/160	Training Loss: 2.3818	Time remaining is 8h:35m
2024-04-19 08:26:05 INFO Epoch 20/160	Training Loss: 2.3674	Time remaining is 8h:31m
2024-04-19 08:29:43 INFO Epoch 21/160	Training Loss: 2.3575	Time remaining is 8h:27m
2024-04-19 08:33:20 INFO Epoch 22/160	Training Loss: 2.3575	Time remaining is 8h:24m
2024-04-19 08:36:57 INFO Epoch 23/160	Training Loss: 2.3511	Time remaining is 8h:20m
2024-04-19 08:40:35 INFO Epoch 24/160	Training Loss: 2.3338	Time remaining is 8h:17m
2024-04-19 08:44:13 INFO Epoch 25/160	Training Loss: 2.3260	Time remaining is 8h:13m
2024-04-19 08:47:50 INFO Epoch 26/160	Training Loss: 2.3200	Time remaining is 8h:9m
2024-04-19 08:51:27 INFO Epoch 27/160	Training Loss: 2.2982	Time remaining is 8h:6m
2024-04-19 08:55:05 INFO Epoch 28/160	Training Loss: 2.3046	Time remaining is 8h:2m
2024-04-19 08:58:43 INFO Epoch 29/160	Training Loss: 2.3209	Time remaining is 7h:58m
2024-04-19 09:02:19 INFO Epoch 30/160	Training Loss: 2.2949	Time remaining is 7h:55m
2024-04-19 09:05:56 INFO Epoch 31/160	Training Loss: 2.2867	Time remaining is 7h:51m
2024-04-19 09:09:34 INFO Epoch 32/160	Training Loss: 2.2869	Time remaining is 7h:48m
2024-04-19 09:13:11 INFO Epoch 33/160	Training Loss: 2.2790	Time remaining is 7h:44m
2024-04-19 09:16:48 INFO Epoch 34/160	Training Loss: 2.2813	Time remaining is 7h:40m
2024-04-19 09:20:25 INFO Epoch 35/160	Training Loss: 2.2894	Time remaining is 7h:37m
2024-04-19 09:24:02 INFO Epoch 36/160	Training Loss: 2.2751	Time remaining is 7h:33m
2024-04-19 09:27:39 INFO Epoch 37/160	Training Loss: 2.2590	Time remaining is 7h:29m
2024-04-19 09:31:16 INFO Epoch 38/160	Training Loss: 2.2583	Time remaining is 7h:26m
2024-04-19 09:34:53 INFO Epoch 39/160	Training Loss: 2.2651	Time remaining is 7h:22m
2024-04-19 09:38:30 INFO Epoch 40/160	Training Loss: 2.2594	Time remaining is 7h:18m
2024-04-19 09:42:06 INFO Epoch 41/160	Training Loss: 2.1887	Time remaining is 7h:15m
2024-04-19 09:45:43 INFO Epoch 42/160	Training Loss: 2.0986	Time remaining is 7h:11m
2024-04-19 09:49:21 INFO Epoch 43/160	Training Loss: 2.0764	Time remaining is 7h:7m
2024-04-19 09:52:58 INFO Epoch 44/160	Training Loss: 2.0703	Time remaining is 7h:4m
2024-04-19 09:56:36 INFO Epoch 45/160	Training Loss: 2.0638	Time remaining is 7h:0m
2024-04-19 10:00:14 INFO Epoch 46/160	Training Loss: 2.0548	Time remaining is 6h:57m
2024-04-19 10:03:52 INFO Epoch 47/160	Training Loss: 2.0523	Time remaining is 6h:53m
2024-04-19 10:07:30 INFO Epoch 48/160	Training Loss: 2.0506	Time remaining is 6h:49m
2024-04-19 10:11:08 INFO Epoch 49/160	Training Loss: 2.0548	Time remaining is 6h:46m
2024-04-19 10:14:46 INFO Epoch 50/160	Training Loss: 2.0461	Time remaining is 6h:42m
2024-04-19 10:18:23 INFO Epoch 51/160	Training Loss: 2.0358	Time remaining is 6h:39m
2024-04-19 10:22:01 INFO Epoch 52/160	Training Loss: 2.0330	Time remaining is 6h:35m
2024-04-19 10:25:38 INFO Epoch 53/160	Training Loss: 2.0355	Time remaining is 6h:31m
2024-04-19 10:29:16 INFO Epoch 54/160	Training Loss: 2.0390	Time remaining is 6h:28m
2024-04-19 10:32:54 INFO Epoch 55/160	Training Loss: 2.0294	Time remaining is 6h:24m
2024-04-19 10:36:31 INFO Epoch 56/160	Training Loss: 2.0313	Time remaining is 6h:20m
2024-04-19 10:40:08 INFO Epoch 57/160	Training Loss: 2.0274	Time remaining is 6h:17m
2024-04-19 10:43:45 INFO Epoch 58/160	Training Loss: 2.0256	Time remaining is 6h:13m
2024-04-19 10:47:22 INFO Epoch 59/160	Training Loss: 2.0280	Time remaining is 6h:10m
2024-04-19 10:50:58 INFO Epoch 60/160	Training Loss: 2.0115	Time remaining is 6h:6m
2024-04-19 10:54:35 INFO Epoch 61/160	Training Loss: 2.0218	Time remaining is 6h:2m
2024-04-19 10:58:12 INFO Epoch 62/160	Training Loss: 2.0226	Time remaining is 5h:59m
2024-04-19 11:01:49 INFO Epoch 63/160	Training Loss: 2.0217	Time remaining is 5h:55m
2024-04-19 11:05:26 INFO Epoch 64/160	Training Loss: 2.0178	Time remaining is 5h:51m
2024-04-19 11:09:03 INFO Epoch 65/160	Training Loss: 2.0150	Time remaining is 5h:48m
2024-04-19 11:12:41 INFO Epoch 66/160	Training Loss: 2.0173	Time remaining is 5h:44m
2024-04-19 11:16:18 INFO Epoch 67/160	Training Loss: 2.0177	Time remaining is 5h:41m
2024-04-19 11:19:55 INFO Epoch 68/160	Training Loss: 2.0131	Time remaining is 5h:37m
2024-04-19 11:23:32 INFO Epoch 69/160	Training Loss: 2.0083	Time remaining is 5h:33m
2024-04-19 11:27:10 INFO Epoch 70/160	Training Loss: 2.0126	Time remaining is 5h:30m
2024-04-19 11:30:48 INFO Epoch 71/160	Training Loss: 2.0138	Time remaining is 5h:26m
2024-04-19 11:34:24 INFO Epoch 72/160	Training Loss: 1.9982	Time remaining is 5h:22m
2024-04-19 11:38:02 INFO Epoch 73/160	Training Loss: 2.0038	Time remaining is 5h:19m
2024-04-19 11:41:39 INFO Epoch 74/160	Training Loss: 2.0039	Time remaining is 5h:15m
2024-04-19 11:45:16 INFO Epoch 75/160	Training Loss: 1.9994	Time remaining is 5h:12m
2024-04-19 11:48:54 INFO Epoch 76/160	Training Loss: 2.0029	Time remaining is 5h:8m
2024-04-19 11:52:31 INFO Epoch 77/160	Training Loss: 1.9968	Time remaining is 5h:4m
2024-04-19 11:56:09 INFO Epoch 78/160	Training Loss: 1.9913	Time remaining is 5h:1m
2024-04-19 11:59:45 INFO Epoch 79/160	Training Loss: 1.9943	Time remaining is 4h:57m
2024-04-19 12:03:23 INFO Epoch 80/160	Training Loss: 2.0043	Time remaining is 4h:53m
2024-04-19 12:07:00 INFO Epoch 81/160	Training Loss: 1.9937	Time remaining is 4h:50m
2024-04-19 12:10:38 INFO Epoch 82/160	Training Loss: 1.9980	Time remaining is 4h:46m
2024-04-19 12:14:15 INFO Epoch 83/160	Training Loss: 1.9930	Time remaining is 4h:43m
2024-04-19 12:17:52 INFO Epoch 84/160	Training Loss: 1.9990	Time remaining is 4h:39m
2024-04-19 12:21:30 INFO Epoch 85/160	Training Loss: 1.9981	Time remaining is 4h:35m
2024-04-19 12:25:06 INFO Epoch 86/160	Training Loss: 1.9928	Time remaining is 4h:32m
2024-04-19 12:28:43 INFO Epoch 87/160	Training Loss: 1.9899	Time remaining is 4h:28m
2024-04-19 12:32:20 INFO Epoch 88/160	Training Loss: 1.9929	Time remaining is 4h:24m
2024-04-19 12:35:58 INFO Epoch 89/160	Training Loss: 1.9963	Time remaining is 4h:21m
2024-04-19 12:39:35 INFO Epoch 90/160	Training Loss: 1.9965	Time remaining is 4h:17m
2024-04-19 12:39:35 INFO Using CPU ...
