2024-10-05 04:51:25 INFO ##################################################
2024-10-05 04:51:25 INFO Config values: batch_size: 60	current_directory: /home/hy/project/reid_task/ex_003_13	dataset_name: Occluded_Duke	dataset_path: /home/hy/project/data/Occluded_Duke	device: cuda	dtype: torch.float32	epoch_start_test: 90	epochs: 120	img_height: 256	img_width: 128	logs_outputs_path: /home/hy/project/reid_task/ex_003_13/./outputs/logs	models_outputs_path: /home/hy/project/reid_task/ex_003_13/./outputs/models	np: <module 'numpy' from '/home/hy/anaconda3/envs/py396/lib/python3.9/site-packages/numpy/__init__.py'>	os: <module 'os' from '/home/hy/anaconda3/envs/py396/lib/python3.9/os.py'>	outputs_dir: ./outputs/	outputs_path: /home/hy/project/reid_task/ex_003_13/./outputs/	print_every: 1	seed: 1	taskname: ReID_Task	temps_outputs_path: /home/hy/project/reid_task/ex_003_13/./outputs/temps	test_batch_size: 256	test_every: 5	torch: <module 'torch' from '/home/hy/anaconda3/envs/py396/lib/python3.9/site-packages/torch/__init__.py'>
2024-10-05 04:51:25 INFO Task: ReID_Task
2024-10-05 04:51:25 INFO Using device: cuda
2024-10-05 04:51:25 INFO Using data type: torch.float32
2024-10-05 04:51:25 INFO Number of GPUs: 1
2024-10-05 04:51:25 INFO GPU is_available: True
2024-10-05 04:51:25 INFO GPU name: NVIDIA GeForce RTX 3060
2024-10-05 04:51:25 INFO CUDA version: 12.1
2024-10-05 04:51:25 INFO Current device id: 0
2024-10-05 04:51:25 INFO ##################################################
2024-10-05 04:52:44 INFO Epoch 1/120	Training Loss: 6.0274	Time remaining is 2h:36m
2024-10-05 04:54:01 INFO Epoch 2/120	Training Loss: 4.9357	Time remaining is 2h:34m
2024-10-05 04:55:19 INFO Epoch 3/120	Training Loss: 3.5954	Time remaining is 2h:33m
2024-10-05 04:56:37 INFO Epoch 4/120	Training Loss: 2.4658	Time remaining is 2h:32m
2024-10-05 04:57:54 INFO Epoch 5/120	Training Loss: 1.7677	Time remaining is 2h:30m
2024-10-05 04:59:12 INFO Epoch 6/120	Training Loss: 1.4543	Time remaining is 2h:29m
2024-10-05 05:00:30 INFO Epoch 7/120	Training Loss: 1.3187	Time remaining is 2h:28m
2024-10-05 05:01:48 INFO Epoch 8/120	Training Loss: 1.2627	Time remaining is 2h:27m
2024-10-05 05:03:06 INFO Epoch 9/120	Training Loss: 1.2402	Time remaining is 2h:25m
2024-10-05 05:04:24 INFO Epoch 10/120	Training Loss: 1.2154	Time remaining is 2h:24m
2024-10-05 05:05:42 INFO Epoch 11/120	Training Loss: 1.1604	Time remaining is 2h:23m
2024-10-05 05:06:59 INFO Epoch 12/120	Training Loss: 1.1429	Time remaining is 2h:21m
2024-10-05 05:08:17 INFO Epoch 13/120	Training Loss: 1.1284	Time remaining is 2h:20m
2024-10-05 05:09:35 INFO Epoch 14/120	Training Loss: 1.1045	Time remaining is 2h:19m
2024-10-05 05:10:53 INFO Epoch 15/120	Training Loss: 1.1011	Time remaining is 2h:18m
2024-10-05 05:12:11 INFO Epoch 16/120	Training Loss: 1.0903	Time remaining is 2h:16m
2024-10-05 05:13:28 INFO Epoch 17/120	Training Loss: 1.0795	Time remaining is 2h:15m
2024-10-05 05:14:46 INFO Epoch 18/120	Training Loss: 1.0806	Time remaining is 2h:14m
2024-10-05 05:16:04 INFO Epoch 19/120	Training Loss: 1.0806	Time remaining is 2h:12m
2024-10-05 05:17:21 INFO Epoch 20/120	Training Loss: 1.0817	Time remaining is 2h:11m
2024-10-05 05:18:39 INFO Epoch 21/120	Training Loss: 1.0680	Time remaining is 2h:10m
2024-10-05 05:19:57 INFO Epoch 22/120	Training Loss: 1.0669	Time remaining is 2h:8m
2024-10-05 05:21:15 INFO Epoch 23/120	Training Loss: 1.0580	Time remaining is 2h:7m
2024-10-05 05:22:33 INFO Epoch 24/120	Training Loss: 1.0527	Time remaining is 2h:6m
2024-10-05 05:23:50 INFO Epoch 25/120	Training Loss: 1.0490	Time remaining is 2h:4m
2024-10-05 05:25:08 INFO Epoch 26/120	Training Loss: 1.0558	Time remaining is 2h:3m
2024-10-05 05:26:26 INFO Epoch 27/120	Training Loss: 1.0522	Time remaining is 2h:2m
2024-10-05 05:27:43 INFO Epoch 28/120	Training Loss: 1.0341	Time remaining is 2h:1m
2024-10-05 05:29:01 INFO Epoch 29/120	Training Loss: 1.0408	Time remaining is 1h:59m
2024-10-05 05:30:19 INFO Epoch 30/120	Training Loss: 1.0366	Time remaining is 1h:58m
2024-10-05 05:31:36 INFO Epoch 31/120	Training Loss: 1.0334	Time remaining is 1h:57m
2024-10-05 05:32:54 INFO Epoch 32/120	Training Loss: 1.0251	Time remaining is 1h:55m
2024-10-05 05:34:12 INFO Epoch 33/120	Training Loss: 1.0369	Time remaining is 1h:54m
2024-10-05 05:35:29 INFO Epoch 34/120	Training Loss: 1.0256	Time remaining is 1h:53m
2024-10-05 05:36:47 INFO Epoch 35/120	Training Loss: 1.0299	Time remaining is 1h:51m
2024-10-05 05:38:05 INFO Epoch 36/120	Training Loss: 1.0268	Time remaining is 1h:50m
2024-10-05 05:39:22 INFO Epoch 37/120	Training Loss: 1.0177	Time remaining is 1h:49m
2024-10-05 05:40:40 INFO Epoch 38/120	Training Loss: 1.0261	Time remaining is 1h:48m
2024-10-05 05:41:57 INFO Epoch 39/120	Training Loss: 1.0167	Time remaining is 1h:46m
2024-10-05 05:43:15 INFO Epoch 40/120	Training Loss: 0.9886	Time remaining is 1h:45m
2024-10-05 05:44:33 INFO Epoch 41/120	Training Loss: 0.9585	Time remaining is 1h:44m
2024-10-05 05:45:50 INFO Epoch 42/120	Training Loss: 0.9489	Time remaining is 1h:42m
2024-10-05 05:47:08 INFO Epoch 43/120	Training Loss: 0.9490	Time remaining is 1h:41m
2024-10-05 05:48:25 INFO Epoch 44/120	Training Loss: 0.9365	Time remaining is 1h:40m
2024-10-05 05:49:43 INFO Epoch 45/120	Training Loss: 0.9406	Time remaining is 1h:38m
2024-10-05 05:51:00 INFO Epoch 46/120	Training Loss: 0.9350	Time remaining is 1h:37m
2024-10-05 05:52:18 INFO Epoch 47/120	Training Loss: 0.9452	Time remaining is 1h:36m
2024-10-05 05:53:36 INFO Epoch 48/120	Training Loss: 0.9434	Time remaining is 1h:35m
2024-10-05 05:54:54 INFO Epoch 49/120	Training Loss: 0.9361	Time remaining is 1h:33m
2024-10-05 05:56:11 INFO Epoch 50/120	Training Loss: 0.9368	Time remaining is 1h:32m
2024-10-05 05:57:29 INFO Epoch 51/120	Training Loss: 0.9335	Time remaining is 1h:31m
2024-10-05 05:58:46 INFO Epoch 52/120	Training Loss: 0.9345	Time remaining is 1h:29m
2024-10-05 06:00:04 INFO Epoch 53/120	Training Loss: 0.9374	Time remaining is 1h:28m
2024-10-05 06:01:21 INFO Epoch 54/120	Training Loss: 0.9261	Time remaining is 1h:27m
2024-10-05 06:02:39 INFO Epoch 55/120	Training Loss: 0.9356	Time remaining is 1h:25m
2024-10-05 06:03:57 INFO Epoch 56/120	Training Loss: 0.9356	Time remaining is 1h:24m
2024-10-05 06:05:15 INFO Epoch 57/120	Training Loss: 0.9341	Time remaining is 1h:23m
2024-10-05 06:06:33 INFO Epoch 58/120	Training Loss: 0.9371	Time remaining is 1h:22m
2024-10-05 06:07:52 INFO Epoch 59/120	Training Loss: 0.9370	Time remaining is 1h:20m
2024-10-05 06:09:10 INFO Epoch 60/120	Training Loss: 0.9331	Time remaining is 1h:19m
2024-10-05 06:10:27 INFO Epoch 61/120	Training Loss: 0.9234	Time remaining is 1h:18m
2024-10-05 06:11:45 INFO Epoch 62/120	Training Loss: 0.9315	Time remaining is 1h:16m
2024-10-05 06:13:02 INFO Epoch 63/120	Training Loss: 0.9265	Time remaining is 1h:15m
2024-10-05 06:14:20 INFO Epoch 64/120	Training Loss: 0.9276	Time remaining is 1h:14m
2024-10-05 06:15:37 INFO Epoch 65/120	Training Loss: 0.9254	Time remaining is 1h:13m
2024-10-05 06:16:55 INFO Epoch 66/120	Training Loss: 0.9330	Time remaining is 1h:11m
2024-10-05 06:18:13 INFO Epoch 67/120	Training Loss: 0.9250	Time remaining is 1h:10m
2024-10-05 06:19:31 INFO Epoch 68/120	Training Loss: 0.9257	Time remaining is 1h:9m
2024-10-05 06:20:48 INFO Epoch 69/120	Training Loss: 0.9288	Time remaining is 1h:7m
2024-10-05 06:22:06 INFO Epoch 70/120	Training Loss: 0.9179	Time remaining is 1h:6m
2024-10-05 06:23:24 INFO Epoch 71/120	Training Loss: 0.9271	Time remaining is 1h:5m
2024-10-05 06:24:42 INFO Epoch 72/120	Training Loss: 0.9220	Time remaining is 1h:3m
2024-10-05 06:26:00 INFO Epoch 73/120	Training Loss: 0.9214	Time remaining is 1h:2m
2024-10-05 06:27:17 INFO Epoch 74/120	Training Loss: 0.9127	Time remaining is 1h:1m
2024-10-05 06:28:34 INFO Epoch 75/120	Training Loss: 0.9180	Time remaining is 0h:60m
2024-10-05 06:29:52 INFO Epoch 76/120	Training Loss: 0.9164	Time remaining is 0h:58m
2024-10-05 06:31:10 INFO Epoch 77/120	Training Loss: 0.9161	Time remaining is 0h:57m
2024-10-05 06:32:28 INFO Epoch 78/120	Training Loss: 0.9208	Time remaining is 0h:56m
2024-10-05 06:33:46 INFO Epoch 79/120	Training Loss: 0.9203	Time remaining is 0h:54m
2024-10-05 06:35:03 INFO Epoch 80/120	Training Loss: 0.9112	Time remaining is 0h:53m
2024-10-05 06:36:20 INFO Epoch 81/120	Training Loss: 0.9169	Time remaining is 0h:52m
2024-10-05 06:37:39 INFO Epoch 82/120	Training Loss: 0.9240	Time remaining is 0h:51m
2024-10-05 06:38:57 INFO Epoch 83/120	Training Loss: 0.9239	Time remaining is 0h:49m
2024-10-05 06:40:15 INFO Epoch 84/120	Training Loss: 0.9211	Time remaining is 0h:48m
2024-10-05 06:41:33 INFO Epoch 85/120	Training Loss: 0.9190	Time remaining is 0h:47m
2024-10-05 06:42:50 INFO Epoch 86/120	Training Loss: 0.9166	Time remaining is 0h:45m
2024-10-05 06:44:08 INFO Epoch 87/120	Training Loss: 0.9204	Time remaining is 0h:44m
2024-10-05 06:45:26 INFO Epoch 88/120	Training Loss: 0.9239	Time remaining is 0h:43m
2024-10-05 06:46:44 INFO Epoch 89/120	Training Loss: 0.9158	Time remaining is 0h:41m
2024-10-05 06:48:01 INFO Epoch 90/120	Training Loss: 0.9131	Time remaining is 0h:40m
2024-10-05 06:49:05 INFO Epoch 90/120	Testing: dataset_name: Occluded_Duke top1: 59.276 top5: 74.480 top10: 79.457 mAP: 51.559
2024-10-05 06:50:23 INFO Epoch 91/120	Training Loss: 0.9211	Time remaining is 0h:39m
2024-10-05 06:51:41 INFO Epoch 92/120	Training Loss: 0.9154	Time remaining is 0h:38m
2024-10-05 06:52:59 INFO Epoch 93/120	Training Loss: 0.9163	Time remaining is 0h:37m
2024-10-05 06:54:17 INFO Epoch 94/120	Training Loss: 0.9184	Time remaining is 0h:35m
2024-10-05 06:55:35 INFO Epoch 95/120	Training Loss: 0.9232	Time remaining is 0h:34m
2024-10-05 06:56:40 INFO Epoch 95/120	Testing: dataset_name: Occluded_Duke top1: 59.321 top5: 74.434 top10: 79.412 mAP: 51.485
2024-10-05 06:57:57 INFO Epoch 96/120	Training Loss: 0.9167	Time remaining is 0h:33m
2024-10-05 06:59:15 INFO Epoch 97/120	Training Loss: 0.9149	Time remaining is 0h:32m
2024-10-05 07:00:32 INFO Epoch 98/120	Training Loss: 0.9111	Time remaining is 0h:30m
2024-10-05 07:01:49 INFO Epoch 99/120	Training Loss: 0.9160	Time remaining is 0h:29m
2024-10-05 07:03:07 INFO Epoch 100/120	Training Loss: 0.9187	Time remaining is 0h:28m
2024-10-05 07:04:11 INFO Epoch 100/120	Testing: dataset_name: Occluded_Duke top1: 59.774 top5: 74.842 top10: 79.502 mAP: 51.872
2024-10-05 07:05:29 INFO Epoch 101/120	Training Loss: 0.9159	Time remaining is 0h:27m
2024-10-05 07:06:46 INFO Epoch 102/120	Training Loss: 0.9102	Time remaining is 0h:25m
2024-10-05 07:08:04 INFO Epoch 103/120	Training Loss: 0.9151	Time remaining is 0h:24m
2024-10-05 07:09:22 INFO Epoch 104/120	Training Loss: 0.9182	Time remaining is 0h:23m
2024-10-05 07:10:39 INFO Epoch 105/120	Training Loss: 0.9140	Time remaining is 0h:21m
2024-10-05 07:11:43 INFO Epoch 105/120	Testing: dataset_name: Occluded_Duke top1: 59.774 top5: 75.158 top10: 79.819 mAP: 52.099
2024-10-05 07:13:00 INFO Epoch 106/120	Training Loss: 0.9059	Time remaining is 0h:20m
2024-10-05 07:14:18 INFO Epoch 107/120	Training Loss: 0.9138	Time remaining is 0h:19m
2024-10-05 07:15:36 INFO Epoch 108/120	Training Loss: 0.9152	Time remaining is 0h:17m
2024-10-05 07:16:54 INFO Epoch 109/120	Training Loss: 0.9171	Time remaining is 0h:16m
2024-10-05 07:18:11 INFO Epoch 110/120	Training Loss: 0.9146	Time remaining is 0h:15m
2024-10-05 07:19:15 INFO Epoch 110/120	Testing: dataset_name: Occluded_Duke top1: 59.593 top5: 74.389 top10: 79.819 mAP: 51.731
2024-10-05 07:20:33 INFO Epoch 111/120	Training Loss: 0.9140	Time remaining is 0h:13m
2024-10-05 07:21:51 INFO Epoch 112/120	Training Loss: 0.9109	Time remaining is 0h:12m
2024-10-05 07:23:09 INFO Epoch 113/120	Training Loss: 0.9143	Time remaining is 0h:11m
2024-10-05 07:24:27 INFO Epoch 114/120	Training Loss: 0.9185	Time remaining is 0h:9m
2024-10-05 07:25:44 INFO Epoch 115/120	Training Loss: 0.9135	Time remaining is 0h:8m
2024-10-05 07:26:49 INFO Epoch 115/120	Testing: dataset_name: Occluded_Duke top1: 59.955 top5: 74.887 top10: 79.864 mAP: 52.228
2024-10-05 07:28:06 INFO Epoch 116/120	Training Loss: 0.9172	Time remaining is 0h:7m
2024-10-05 07:29:24 INFO Epoch 117/120	Training Loss: 0.9141	Time remaining is 0h:5m
2024-10-05 07:30:42 INFO Epoch 118/120	Training Loss: 0.9176	Time remaining is 0h:4m
2024-10-05 07:32:01 INFO Epoch 119/120	Training Loss: 0.9217	Time remaining is 0h:3m
2024-10-05 07:33:18 INFO Epoch 120/120	Training Loss: 0.9137	Time remaining is 0h:1m
2024-10-05 07:34:23 INFO Epoch 120/120	Testing: dataset_name: Occluded_Duke top1: 60.679 top5: 75.339 top10: 79.864 mAP: 52.499
2024-10-05 07:34:23 INFO The running time of training: 2.72 h
