2024-10-09 14:29:00 INFO ##################################################
2024-10-09 14:29:00 INFO Config values: batch_size: 60	current_directory: /home/hy/project/reid_task/ex_003_38	dataset_name: Occluded_Duke	dataset_path: /home/hy/project/data/Occluded_Duke	device: cuda	dtype: torch.float32	epoch_start_test: 90	epochs: 120	img_height: 256	img_width: 128	logs_outputs_path: /home/hy/project/reid_task/ex_003_38/./outputs/logs	models_outputs_path: /home/hy/project/reid_task/ex_003_38/./outputs/models	np: <module 'numpy' from '/home/hy/anaconda3/envs/py396/lib/python3.9/site-packages/numpy/__init__.py'>	os: <module 'os' from '/home/hy/anaconda3/envs/py396/lib/python3.9/os.py'>	outputs_dir: ./outputs/	outputs_path: /home/hy/project/reid_task/ex_003_38/./outputs/	print_every: 1	seed: 1	taskname: ReID_Task	temps_outputs_path: /home/hy/project/reid_task/ex_003_38/./outputs/temps	test_batch_size: 256	test_every: 5	torch: <module 'torch' from '/home/hy/anaconda3/envs/py396/lib/python3.9/site-packages/torch/__init__.py'>
2024-10-09 14:29:00 INFO Task: ReID_Task
2024-10-09 14:29:00 INFO Using device: cuda
2024-10-09 14:29:00 INFO Using data type: torch.float32
2024-10-09 14:29:00 INFO Number of GPUs: 1
2024-10-09 14:29:00 INFO GPU is_available: True
2024-10-09 14:29:00 INFO GPU name: NVIDIA GeForce RTX 3060
2024-10-09 14:29:00 INFO CUDA version: 12.1
2024-10-09 14:29:00 INFO Current device id: 0
2024-10-09 14:29:00 INFO ##################################################
2024-10-09 14:30:47 INFO Epoch 1/120	Training Loss: 7.5213	accuracy: 14.9484	Time remaining is 3h:34m
2024-10-09 14:32:34 INFO Epoch 2/120	Training Loss: 5.6378	accuracy: 28.6519	Time remaining is 3h:32m
2024-10-09 14:34:22 INFO Epoch 3/120	Training Loss: 4.0977	accuracy: 42.6243	Time remaining is 3h:31m
2024-10-09 14:36:09 INFO Epoch 4/120	Training Loss: 2.7604	accuracy: 67.0338	Time remaining is 3h:29m
2024-10-09 14:37:56 INFO Epoch 5/120	Training Loss: 1.9228	accuracy: 84.4889	Time remaining is 3h:27m
2024-10-09 14:39:43 INFO Epoch 6/120	Training Loss: 1.5449	accuracy: 92.4082	Time remaining is 3h:25m
2024-10-09 14:41:30 INFO Epoch 7/120	Training Loss: 1.3868	accuracy: 94.6182	Time remaining is 3h:24m
2024-10-09 14:43:18 INFO Epoch 8/120	Training Loss: 1.3194	accuracy: 95.6167	Time remaining is 3h:22m
2024-10-09 14:45:06 INFO Epoch 9/120	Training Loss: 1.2670	accuracy: 96.8348	Time remaining is 3h:20m
2024-10-09 14:46:53 INFO Epoch 10/120	Training Loss: 1.2346	accuracy: 97.2981	Time remaining is 3h:18m
2024-10-09 14:48:40 INFO Epoch 11/120	Training Loss: 1.1900	accuracy: 97.6741	Time remaining is 3h:17m
2024-10-09 14:50:26 INFO Epoch 12/120	Training Loss: 1.1615	accuracy: 98.1342	Time remaining is 3h:15m
2024-10-09 14:52:14 INFO Epoch 13/120	Training Loss: 1.1449	accuracy: 98.2159	Time remaining is 3h:13m
2024-10-09 14:54:01 INFO Epoch 14/120	Training Loss: 1.1425	accuracy: 98.3847	Time remaining is 3h:11m
2024-10-09 14:55:48 INFO Epoch 15/120	Training Loss: 1.1164	accuracy: 98.7665	Time remaining is 3h:9m
2024-10-09 14:57:35 INFO Epoch 16/120	Training Loss: 1.1041	accuracy: 98.7389	Time remaining is 3h:8m
2024-10-09 14:59:22 INFO Epoch 17/120	Training Loss: 1.0870	accuracy: 99.0782	Time remaining is 3h:6m
2024-10-09 15:01:09 INFO Epoch 18/120	Training Loss: 1.1009	accuracy: 98.7812	Time remaining is 3h:4m
2024-10-09 15:02:56 INFO Epoch 19/120	Training Loss: 1.1061	accuracy: 98.7537	Time remaining is 3h:2m
2024-10-09 15:04:43 INFO Epoch 20/120	Training Loss: 1.0926	accuracy: 98.9749	Time remaining is 3h:0m
2024-10-09 15:06:30 INFO Epoch 21/120	Training Loss: 1.0932	accuracy: 98.8473	Time remaining is 2h:59m
2024-10-09 15:08:17 INFO Epoch 22/120	Training Loss: 1.0868	accuracy: 99.0529	Time remaining is 2h:57m
2024-10-09 15:10:05 INFO Epoch 23/120	Training Loss: 1.0802	accuracy: 99.0969	Time remaining is 2h:55m
2024-10-09 15:11:52 INFO Epoch 24/120	Training Loss: 1.0766	accuracy: 98.9970	Time remaining is 2h:53m
2024-10-09 15:13:39 INFO Epoch 25/120	Training Loss: 1.0682	accuracy: 99.0634	Time remaining is 2h:51m
2024-10-09 15:15:27 INFO Epoch 26/120	Training Loss: 1.0815	accuracy: 98.9839	Time remaining is 2h:50m
2024-10-09 15:17:14 INFO Epoch 27/120	Training Loss: 1.0853	accuracy: 98.9307	Time remaining is 2h:48m
2024-10-09 15:19:01 INFO Epoch 28/120	Training Loss: 1.0708	accuracy: 99.0339	Time remaining is 2h:46m
2024-10-09 15:20:48 INFO Epoch 29/120	Training Loss: 1.0728	accuracy: 98.9354	Time remaining is 2h:44m
2024-10-09 15:22:36 INFO Epoch 30/120	Training Loss: 1.0734	accuracy: 98.9749	Time remaining is 2h:43m
2024-10-09 15:24:22 INFO Epoch 31/120	Training Loss: 1.0627	accuracy: 99.1519	Time remaining is 2h:41m
2024-10-09 15:26:09 INFO Epoch 32/120	Training Loss: 1.0549	accuracy: 99.1814	Time remaining is 2h:39m
2024-10-09 15:27:57 INFO Epoch 33/120	Training Loss: 1.0619	accuracy: 99.2878	Time remaining is 2h:37m
2024-10-09 15:29:43 INFO Epoch 34/120	Training Loss: 1.0560	accuracy: 99.1926	Time remaining is 2h:35m
2024-10-09 15:31:31 INFO Epoch 35/120	Training Loss: 1.0572	accuracy: 99.1116	Time remaining is 2h:34m
2024-10-09 15:33:18 INFO Epoch 36/120	Training Loss: 1.0469	accuracy: 99.3172	Time remaining is 2h:32m
