2024-03-22 18:19:00 INFO ##################################################
2024-03-22 18:19:00 INFO Config values: batch_size: 60	current_directory: /home/hy/project/reid/ex_main	dataset_name: market1501	dataset_path: /home/hy/project/data/Market-1501-v15.09.15	device: cuda	dtype: torch.float32	epoch_start_test: 90	epochs: 120	img_height: 256	img_width: 128	logs_outputs_path: /home/hy/project/reid/ex_main/./outputs/logs	models_outputs_path: /home/hy/project/reid/ex_main/./outputs/models	np: <module 'numpy' from '/home/hy/anaconda3/envs/py396/lib/python3.9/site-packages/numpy/__init__.py'>	os: <module 'os' from '/home/hy/anaconda3/envs/py396/lib/python3.9/os.py'>	outputs_dir: ./outputs/	outputs_path: /home/hy/project/reid/ex_main/./outputs/	print_every: 1	seed: 1	taskname: ReID_Task	temps_outputs_path: /home/hy/project/reid/ex_main/./outputs/temps	test_batch_size: 256	test_every: 5	torch: <module 'torch' from '/home/hy/anaconda3/envs/py396/lib/python3.9/site-packages/torch/__init__.py'>
2024-03-22 18:19:00 INFO Task: ReID_Task
2024-03-22 18:19:00 INFO Using device: cuda
2024-03-22 18:19:00 INFO Using data type: torch.float32
2024-03-22 18:19:00 INFO Number of GPUs: 1
2024-03-22 18:19:00 INFO GPU is_available: True
2024-03-22 18:19:00 INFO GPU name: NVIDIA GeForce RTX 3060
2024-03-22 18:19:00 INFO CUDA version: 12.1
2024-03-22 18:19:00 INFO Current device id: 0
2024-03-22 18:19:00 INFO ##################################################
2024-03-22 18:20:33 INFO Epoch 1/120	Training Loss: 9.6427	Time remaining is 3h:4m
2024-03-22 18:22:03 INFO Epoch 2/120	Training Loss: 8.1475	Time remaining is 3h:0m
2024-03-22 18:23:32 INFO Epoch 3/120	Training Loss: 6.2963	Time remaining is 2h:58m
2024-03-22 18:25:02 INFO Epoch 4/120	Training Loss: 4.8640	Time remaining is 2h:56m
2024-03-22 18:26:31 INFO Epoch 5/120	Training Loss: 3.8051	Time remaining is 2h:54m
2024-03-22 18:27:59 INFO Epoch 6/120	Training Loss: 3.1077	Time remaining is 2h:52m
2024-03-22 18:29:28 INFO Epoch 7/120	Training Loss: 2.7333	Time remaining is 2h:50m
2024-03-22 18:30:56 INFO Epoch 8/120	Training Loss: 2.5479	Time remaining is 2h:48m
2024-03-22 18:32:26 INFO Epoch 9/120	Training Loss: 2.4335	Time remaining is 2h:47m
2024-03-22 18:33:54 INFO Epoch 10/120	Training Loss: 2.3500	Time remaining is 2h:45m
2024-03-22 18:35:23 INFO Epoch 11/120	Training Loss: 2.3164	Time remaining is 2h:44m
2024-03-22 18:36:52 INFO Epoch 12/120	Training Loss: 2.2624	Time remaining is 2h:42m
2024-03-22 18:38:22 INFO Epoch 13/120	Training Loss: 2.2230	Time remaining is 2h:41m
2024-03-22 18:39:51 INFO Epoch 14/120	Training Loss: 2.1984	Time remaining is 2h:39m
2024-03-22 18:41:20 INFO Epoch 15/120	Training Loss: 2.1728	Time remaining is 2h:38m
2024-03-22 18:42:50 INFO Epoch 16/120	Training Loss: 2.1571	Time remaining is 2h:36m
2024-03-22 18:44:18 INFO Epoch 17/120	Training Loss: 2.1398	Time remaining is 2h:35m
2024-03-22 18:45:47 INFO Epoch 18/120	Training Loss: 2.1302	Time remaining is 2h:33m
2024-03-22 18:47:16 INFO Epoch 19/120	Training Loss: 2.1268	Time remaining is 2h:32m
2024-03-22 18:48:45 INFO Epoch 20/120	Training Loss: 2.1198	Time remaining is 2h:30m
2024-03-22 18:50:15 INFO Epoch 21/120	Training Loss: 2.1234	Time remaining is 2h:29m
2024-03-22 18:51:44 INFO Epoch 22/120	Training Loss: 2.1094	Time remaining is 2h:27m
2024-03-22 18:53:12 INFO Epoch 23/120	Training Loss: 2.1044	Time remaining is 2h:26m
2024-03-22 18:54:41 INFO Epoch 24/120	Training Loss: 2.1138	Time remaining is 2h:24m
2024-03-22 18:56:10 INFO Epoch 25/120	Training Loss: 2.1139	Time remaining is 2h:23m
2024-03-22 18:57:40 INFO Epoch 26/120	Training Loss: 2.1278	Time remaining is 2h:21m
2024-03-22 18:59:09 INFO Epoch 27/120	Training Loss: 2.1237	Time remaining is 2h:20m
2024-03-22 19:00:38 INFO Epoch 28/120	Training Loss: 2.1102	Time remaining is 2h:18m
2024-03-22 19:02:07 INFO Epoch 29/120	Training Loss: 2.1022	Time remaining is 2h:17m
2024-03-22 19:03:36 INFO Epoch 30/120	Training Loss: 2.0968	Time remaining is 2h:15m
2024-03-22 19:05:05 INFO Epoch 31/120	Training Loss: 2.0952	Time remaining is 2h:14m
2024-03-22 19:06:34 INFO Epoch 32/120	Training Loss: 2.0990	Time remaining is 2h:12m
2024-03-22 19:08:03 INFO Epoch 33/120	Training Loss: 2.0940	Time remaining is 2h:11m
2024-03-22 19:09:33 INFO Epoch 34/120	Training Loss: 2.1042	Time remaining is 2h:9m
2024-03-22 19:11:02 INFO Epoch 35/120	Training Loss: 2.0920	Time remaining is 2h:8m
2024-03-22 19:12:31 INFO Epoch 36/120	Training Loss: 2.0959	Time remaining is 2h:6m
2024-03-22 19:14:00 INFO Epoch 37/120	Training Loss: 2.0909	Time remaining is 2h:5m
2024-03-22 19:15:29 INFO Epoch 38/120	Training Loss: 2.1061	Time remaining is 2h:3m
2024-03-22 19:16:59 INFO Epoch 39/120	Training Loss: 2.0959	Time remaining is 2h:2m
2024-03-22 19:18:27 INFO Epoch 40/120	Training Loss: 2.0874	Time remaining is 2h:0m
2024-03-22 19:19:56 INFO Epoch 41/120	Training Loss: 2.0302	Time remaining is 1h:59m
2024-03-22 19:21:25 INFO Epoch 42/120	Training Loss: 1.9611	Time remaining is 1h:57m
2024-03-22 19:22:55 INFO Epoch 43/120	Training Loss: 1.9564	Time remaining is 1h:56m
2024-03-22 19:24:24 INFO Epoch 44/120	Training Loss: 1.9481	Time remaining is 1h:54m
2024-03-22 19:25:53 INFO Epoch 45/120	Training Loss: 1.9433	Time remaining is 1h:53m
2024-03-22 19:27:22 INFO Epoch 46/120	Training Loss: 1.9369	Time remaining is 1h:51m
2024-03-22 19:28:51 INFO Epoch 47/120	Training Loss: 1.9241	Time remaining is 1h:50m
2024-03-22 19:30:20 INFO Epoch 48/120	Training Loss: 1.9332	Time remaining is 1h:48m
2024-03-22 19:31:49 INFO Epoch 49/120	Training Loss: 1.9208	Time remaining is 1h:47m
2024-03-22 19:33:18 INFO Epoch 50/120	Training Loss: 1.9272	Time remaining is 1h:45m
2024-03-22 19:34:47 INFO Epoch 51/120	Training Loss: 1.9139	Time remaining is 1h:44m
2024-03-22 19:36:16 INFO Epoch 52/120	Training Loss: 1.9231	Time remaining is 1h:43m
2024-03-22 19:37:45 INFO Epoch 53/120	Training Loss: 1.9216	Time remaining is 1h:41m
2024-03-22 19:39:15 INFO Epoch 54/120	Training Loss: 1.9194	Time remaining is 1h:40m
2024-03-22 19:40:44 INFO Epoch 55/120	Training Loss: 1.9192	Time remaining is 1h:38m
2024-03-22 19:42:13 INFO Epoch 56/120	Training Loss: 1.9170	Time remaining is 1h:37m
2024-03-22 19:43:42 INFO Epoch 57/120	Training Loss: 1.9058	Time remaining is 1h:35m
2024-03-22 19:45:11 INFO Epoch 58/120	Training Loss: 1.9166	Time remaining is 1h:34m
2024-03-22 19:46:40 INFO Epoch 59/120	Training Loss: 1.9152	Time remaining is 1h:32m
2024-03-22 19:48:09 INFO Epoch 60/120	Training Loss: 1.9112	Time remaining is 1h:31m
2024-03-22 19:49:38 INFO Epoch 61/120	Training Loss: 1.9149	Time remaining is 1h:29m
2024-03-22 19:51:07 INFO Epoch 62/120	Training Loss: 1.9089	Time remaining is 1h:28m
2024-03-22 19:52:37 INFO Epoch 63/120	Training Loss: 1.9091	Time remaining is 1h:26m
2024-03-22 19:54:06 INFO Epoch 64/120	Training Loss: 1.9075	Time remaining is 1h:25m
2024-03-22 19:55:35 INFO Epoch 65/120	Training Loss: 1.9066	Time remaining is 1h:23m
2024-03-22 19:57:04 INFO Epoch 66/120	Training Loss: 1.9073	Time remaining is 1h:22m
2024-03-22 19:58:34 INFO Epoch 67/120	Training Loss: 1.9162	Time remaining is 1h:20m
2024-03-22 20:00:03 INFO Epoch 68/120	Training Loss: 1.9053	Time remaining is 1h:19m
2024-03-22 20:01:32 INFO Epoch 69/120	Training Loss: 1.8986	Time remaining is 1h:17m
2024-03-22 20:03:01 INFO Epoch 70/120	Training Loss: 1.9037	Time remaining is 1h:16m
2024-03-22 20:04:30 INFO Epoch 71/120	Training Loss: 1.9000	Time remaining is 1h:14m
2024-03-22 20:05:59 INFO Epoch 72/120	Training Loss: 1.8968	Time remaining is 1h:13m
2024-03-22 20:07:29 INFO Epoch 73/120	Training Loss: 1.8957	Time remaining is 1h:11m
2024-03-22 20:08:58 INFO Epoch 74/120	Training Loss: 1.8872	Time remaining is 1h:10m
2024-03-22 20:10:27 INFO Epoch 75/120	Training Loss: 1.8864	Time remaining is 1h:8m
2024-03-22 20:11:55 INFO Epoch 76/120	Training Loss: 1.8819	Time remaining is 1h:7m
2024-03-22 20:13:25 INFO Epoch 77/120	Training Loss: 1.8941	Time remaining is 1h:5m
2024-03-22 20:14:53 INFO Epoch 78/120	Training Loss: 1.8817	Time remaining is 1h:4m
