2024-06-21 15:54:54 INFO ##################################################
2024-06-21 15:54:54 INFO Config values: batch_size: 60	current_directory: /home/hy/project/reid_task/ex_main1	dataset_name: market1501	dataset_path: /home/hy/project/data/Market-1501-v15.09.15	device: cuda	dtype: torch.float32	epoch_start_test: 90	epochs: 16000	img_height: 384	img_width: 128	logs_outputs_path: /home/hy/project/reid_task/ex_main1/./outputs/logs	models_outputs_path: /home/hy/project/reid_task/ex_main1/./outputs/models	np: <module 'numpy' from '/home/hy/anaconda3/envs/py396/lib/python3.9/site-packages/numpy/__init__.py'>	os: <module 'os' from '/home/hy/anaconda3/envs/py396/lib/python3.9/os.py'>	outputs_dir: ./outputs/	outputs_path: /home/hy/project/reid_task/ex_main1/./outputs/	print_every: 1	seed: 1	taskname: ReID_Task	temps_outputs_path: /home/hy/project/reid_task/ex_main1/./outputs/temps	test_batch_size: 256	test_every: 5	torch: <module 'torch' from '/home/hy/anaconda3/envs/py396/lib/python3.9/site-packages/torch/__init__.py'>
2024-06-21 15:54:54 INFO Task: ReID_Task
2024-06-21 15:54:54 INFO Using device: cuda
2024-06-21 15:54:54 INFO Using data type: torch.float32
2024-06-21 15:54:54 INFO Number of GPUs: 1
2024-06-21 15:54:54 INFO GPU is_available: True
2024-06-21 15:54:54 INFO GPU name: NVIDIA GeForce RTX 3060
2024-06-21 15:54:54 INFO CUDA version: 12.1
2024-06-21 15:54:54 INFO Current device id: 0
2024-06-21 15:54:54 INFO ##################################################
2024-06-21 15:56:32 INFO Epoch 1/16000	Training Loss: 16.7725	Time remaining is 429h:14m
2024-06-21 15:58:07 INFO Epoch 2/16000	Training Loss: 14.6103	Time remaining is 425h:60m
2024-06-21 15:59:43 INFO Epoch 3/16000	Training Loss: 12.9584	Time remaining is 426h:24m
2024-06-21 16:01:18 INFO Epoch 4/16000	Training Loss: 11.0444	Time remaining is 425h:24m
2024-06-21 16:02:54 INFO Epoch 5/16000	Training Loss: 9.4648	Time remaining is 425h:27m
2024-06-21 16:04:29 INFO Epoch 6/16000	Training Loss: 8.0450	Time remaining is 425h:21m
2024-06-21 16:06:05 INFO Epoch 7/16000	Training Loss: 6.9036	Time remaining is 425h:20m
2024-06-21 16:07:40 INFO Epoch 8/16000	Training Loss: 5.8849	Time remaining is 425h:0m
2024-06-21 16:09:16 INFO Epoch 9/16000	Training Loss: 5.1309	Time remaining is 425h:1m
2024-06-21 16:10:52 INFO Epoch 10/16000	Training Loss: 4.6204	Time remaining is 425h:3m
2024-06-21 16:12:27 INFO Epoch 11/16000	Training Loss: 4.1507	Time remaining is 424h:47m
2024-06-21 16:14:03 INFO Epoch 12/16000	Training Loss: 3.8553	Time remaining is 424h:43m
2024-06-21 16:15:38 INFO Epoch 13/16000	Training Loss: 3.5661	Time remaining is 424h:32m
2024-06-21 16:17:13 INFO Epoch 14/16000	Training Loss: 3.3552	Time remaining is 424h:26m
2024-06-21 16:18:48 INFO Epoch 15/16000	Training Loss: 3.2350	Time remaining is 424h:20m
2024-06-21 16:20:24 INFO Epoch 16/16000	Training Loss: 3.1609	Time remaining is 424h:20m
2024-06-21 16:22:00 INFO Epoch 17/16000	Training Loss: 3.0253	Time remaining is 424h:20m
2024-06-21 16:23:35 INFO Epoch 18/16000	Training Loss: 2.9776	Time remaining is 424h:22m
2024-06-21 16:25:11 INFO Epoch 19/16000	Training Loss: 2.8967	Time remaining is 424h:18m
2024-06-21 16:26:47 INFO Epoch 20/16000	Training Loss: 2.8631	Time remaining is 424h:18m
2024-06-21 16:28:23 INFO Epoch 21/16000	Training Loss: 2.8025	Time remaining is 424h:20m
2024-06-21 16:29:58 INFO Epoch 22/16000	Training Loss: 2.7454	Time remaining is 424h:21m
2024-06-21 16:31:34 INFO Epoch 23/16000	Training Loss: 2.7047	Time remaining is 424h:16m
2024-06-21 16:33:09 INFO Epoch 24/16000	Training Loss: 2.6673	Time remaining is 424h:14m
2024-06-21 16:34:45 INFO Epoch 25/16000	Training Loss: 2.6842	Time remaining is 424h:14m
2024-06-21 16:36:21 INFO Epoch 26/16000	Training Loss: 2.6739	Time remaining is 424h:13m
2024-06-21 16:37:56 INFO Epoch 27/16000	Training Loss: 2.6081	Time remaining is 424h:11m
2024-06-21 16:39:32 INFO Epoch 28/16000	Training Loss: 2.6203	Time remaining is 424h:9m
2024-06-21 16:41:07 INFO Epoch 29/16000	Training Loss: 2.5991	Time remaining is 424h:9m
2024-06-21 16:42:43 INFO Epoch 30/16000	Training Loss: 2.5670	Time remaining is 424h:4m
2024-06-21 16:44:18 INFO Epoch 31/16000	Training Loss: 2.5601	Time remaining is 424h:3m
2024-06-21 16:45:54 INFO Epoch 32/16000	Training Loss: 2.5164	Time remaining is 424h:3m
2024-06-21 16:47:30 INFO Epoch 33/16000	Training Loss: 2.5517	Time remaining is 424h:1m
2024-06-21 16:49:05 INFO Epoch 34/16000	Training Loss: 2.4726	Time remaining is 424h:0m
2024-06-21 16:50:41 INFO Epoch 35/16000	Training Loss: 2.4701	Time remaining is 423h:58m
2024-06-21 16:52:17 INFO Epoch 36/16000	Training Loss: 2.4799	Time remaining is 423h:58m
2024-06-21 16:53:53 INFO Epoch 37/16000	Training Loss: 2.4916	Time remaining is 423h:58m
2024-06-21 16:55:29 INFO Epoch 38/16000	Training Loss: 2.4475	Time remaining is 424h:1m
2024-06-21 16:57:04 INFO Epoch 39/16000	Training Loss: 2.4261	Time remaining is 424h:0m
2024-06-21 16:58:40 INFO Epoch 40/16000	Training Loss: 2.4265	Time remaining is 424h:0m
2024-06-21 17:00:16 INFO Epoch 41/16000	Training Loss: 2.3186	Time remaining is 423h:59m
2024-06-21 17:01:52 INFO Epoch 42/16000	Training Loss: 2.2151	Time remaining is 423h:60m
2024-06-21 17:03:28 INFO Epoch 43/16000	Training Loss: 2.1716	Time remaining is 423h:58m
2024-06-21 17:05:03 INFO Epoch 44/16000	Training Loss: 2.1328	Time remaining is 423h:52m
2024-06-21 17:06:38 INFO Epoch 45/16000	Training Loss: 2.1314	Time remaining is 423h:49m
2024-06-21 17:08:14 INFO Epoch 46/16000	Training Loss: 2.1379	Time remaining is 423h:48m
2024-06-21 17:09:50 INFO Epoch 47/16000	Training Loss: 2.1391	Time remaining is 423h:49m
2024-06-21 17:11:25 INFO Epoch 48/16000	Training Loss: 2.1105	Time remaining is 423h:44m
2024-06-21 17:13:00 INFO Epoch 49/16000	Training Loss: 2.1105	Time remaining is 423h:40m
2024-06-21 17:14:35 INFO Epoch 50/16000	Training Loss: 2.1032	Time remaining is 423h:37m
2024-06-21 17:16:11 INFO Epoch 51/16000	Training Loss: 2.1096	Time remaining is 423h:37m
2024-06-21 17:17:47 INFO Epoch 52/16000	Training Loss: 2.1020	Time remaining is 423h:34m
2024-06-21 17:19:22 INFO Epoch 53/16000	Training Loss: 2.0904	Time remaining is 423h:31m
2024-06-21 17:20:58 INFO Epoch 54/16000	Training Loss: 2.0990	Time remaining is 423h:30m
2024-06-21 17:22:33 INFO Epoch 55/16000	Training Loss: 2.0939	Time remaining is 423h:29m
2024-06-21 17:24:09 INFO Epoch 56/16000	Training Loss: 2.0976	Time remaining is 423h:30m
2024-06-21 17:25:45 INFO Epoch 57/16000	Training Loss: 2.0860	Time remaining is 423h:26m
2024-06-21 17:27:20 INFO Epoch 58/16000	Training Loss: 2.0877	Time remaining is 423h:25m
2024-06-21 17:28:56 INFO Epoch 59/16000	Training Loss: 2.0828	Time remaining is 423h:24m
2024-06-21 17:30:32 INFO Epoch 60/16000	Training Loss: 2.0787	Time remaining is 423h:23m
2024-06-21 17:32:07 INFO Epoch 61/16000	Training Loss: 2.0680	Time remaining is 423h:20m
2024-06-21 17:33:43 INFO Epoch 62/16000	Training Loss: 2.0757	Time remaining is 423h:18m
2024-06-21 17:35:19 INFO Epoch 63/16000	Training Loss: 2.0840	Time remaining is 423h:20m
2024-06-21 17:36:55 INFO Epoch 64/16000	Training Loss: 2.0711	Time remaining is 423h:19m
2024-06-21 17:38:30 INFO Epoch 65/16000	Training Loss: 2.0503	Time remaining is 423h:16m
2024-06-21 17:40:06 INFO Epoch 66/16000	Training Loss: 2.0632	Time remaining is 423h:14m
2024-06-21 17:41:41 INFO Epoch 67/16000	Training Loss: 2.0680	Time remaining is 423h:13m
2024-06-21 17:43:16 INFO Epoch 68/16000	Training Loss: 2.0549	Time remaining is 423h:9m
2024-06-21 17:44:52 INFO Epoch 69/16000	Training Loss: 2.0632	Time remaining is 423h:8m
2024-06-21 17:46:28 INFO Epoch 70/16000	Training Loss: 2.0526	Time remaining is 423h:7m
2024-06-21 17:48:04 INFO Epoch 71/16000	Training Loss: 2.0492	Time remaining is 423h:6m
2024-06-21 17:49:40 INFO Epoch 72/16000	Training Loss: 2.0376	Time remaining is 423h:5m
2024-06-21 17:51:16 INFO Epoch 73/16000	Training Loss: 2.0308	Time remaining is 423h:5m
2024-06-21 17:52:51 INFO Epoch 74/16000	Training Loss: 2.0374	Time remaining is 423h:4m
2024-06-21 17:54:27 INFO Epoch 75/16000	Training Loss: 2.0366	Time remaining is 423h:3m
2024-06-21 17:56:02 INFO Epoch 76/16000	Training Loss: 2.0228	Time remaining is 423h:0m
2024-06-21 17:57:38 INFO Epoch 77/16000	Training Loss: 2.0226	Time remaining is 422h:58m
2024-06-21 17:59:13 INFO Epoch 78/16000	Training Loss: 2.0196	Time remaining is 422h:56m
2024-06-21 18:00:49 INFO Epoch 79/16000	Training Loss: 2.0296	Time remaining is 422h:56m
2024-06-21 18:02:25 INFO Epoch 80/16000	Training Loss: 2.0158	Time remaining is 422h:53m
2024-06-21 18:04:00 INFO Epoch 81/16000	Training Loss: 2.0307	Time remaining is 422h:52m
2024-06-21 18:05:36 INFO Epoch 82/16000	Training Loss: 2.0258	Time remaining is 422h:51m
2024-06-21 18:07:12 INFO Epoch 83/16000	Training Loss: 2.0302	Time remaining is 422h:50m
2024-06-21 18:08:48 INFO Epoch 84/16000	Training Loss: 2.0249	Time remaining is 422h:48m
2024-06-21 18:10:23 INFO Epoch 85/16000	Training Loss: 2.0274	Time remaining is 422h:47m
2024-06-21 18:12:00 INFO Epoch 86/16000	Training Loss: 2.0380	Time remaining is 422h:47m
2024-06-21 18:13:35 INFO Epoch 87/16000	Training Loss: 2.0211	Time remaining is 422h:45m
2024-06-21 18:15:11 INFO Epoch 88/16000	Training Loss: 2.0233	Time remaining is 422h:43m
2024-06-21 18:16:46 INFO Epoch 89/16000	Training Loss: 2.0276	Time remaining is 422h:42m
2024-06-21 18:18:22 INFO Epoch 90/16000	Training Loss: 2.0315	Time remaining is 422h:40m
2024-06-21 18:19:51 INFO Testing: dataset_name: market1501 top1:0.9139 top5:0.9641 top10:0.9771 mAP:0.7978
2024-06-21 18:21:26 INFO Epoch 91/16000	Training Loss: 2.0235	Time remaining is 426h:56m
2024-06-21 18:23:01 INFO Epoch 92/16000	Training Loss: 2.0215	Time remaining is 426h:51m
2024-06-21 18:24:37 INFO Epoch 93/16000	Training Loss: 2.0231	Time remaining is 426h:46m
2024-06-21 18:26:12 INFO Epoch 94/16000	Training Loss: 2.0180	Time remaining is 426h:40m
2024-06-21 18:27:47 INFO Epoch 95/16000	Training Loss: 2.0233	Time remaining is 426h:34m
2024-06-21 18:29:16 INFO Testing: dataset_name: market1501 top1:0.9124 top5:0.9641 top10:0.9795 mAP:0.7963
2024-06-21 18:30:51 INFO Epoch 96/16000	Training Loss: 2.0262	Time remaining is 430h:35m
2024-06-21 18:32:26 INFO Epoch 97/16000	Training Loss: 2.0256	Time remaining is 430h:27m
2024-06-21 18:34:02 INFO Epoch 98/16000	Training Loss: 2.0227	Time remaining is 430h:20m
2024-06-21 18:35:37 INFO Epoch 99/16000	Training Loss: 2.0177	Time remaining is 430h:13m
2024-06-21 18:37:12 INFO Epoch 100/16000	Training Loss: 2.0249	Time remaining is 430h:6m
2024-06-21 18:38:41 INFO Testing: dataset_name: market1501 top1:0.9080 top5:0.9644 top10:0.9774 mAP:0.7936
2024-06-21 18:40:16 INFO Epoch 101/16000	Training Loss: 2.0136	Time remaining is 433h:51m
2024-06-21 18:41:52 INFO Epoch 102/16000	Training Loss: 2.0229	Time remaining is 433h:42m
2024-06-21 18:43:27 INFO Epoch 103/16000	Training Loss: 2.0223	Time remaining is 433h:33m
2024-06-21 18:45:03 INFO Epoch 104/16000	Training Loss: 2.0180	Time remaining is 433h:25m
2024-06-21 18:46:38 INFO Epoch 105/16000	Training Loss: 2.0165	Time remaining is 433h:17m
2024-06-21 18:48:07 INFO Testing: dataset_name: market1501 top1:0.9077 top5:0.9629 top10:0.9768 mAP:0.7908
2024-06-21 18:49:42 INFO Epoch 106/16000	Training Loss: 2.0171	Time remaining is 436h:49m
2024-06-21 18:51:17 INFO Epoch 107/16000	Training Loss: 2.0075	Time remaining is 436h:37m
2024-06-21 18:52:52 INFO Epoch 108/16000	Training Loss: 2.0169	Time remaining is 436h:27m
2024-06-21 18:54:28 INFO Epoch 109/16000	Training Loss: 2.0206	Time remaining is 436h:18m
2024-06-21 18:56:03 INFO Epoch 110/16000	Training Loss: 2.0140	Time remaining is 436h:8m
2024-06-21 18:57:32 INFO Testing: dataset_name: market1501 top1:0.9080 top5:0.9644 top10:0.9771 mAP:0.7917
2024-06-21 18:59:07 INFO Epoch 111/16000	Training Loss: 2.0149	Time remaining is 439h:29m
2024-06-21 19:00:42 INFO Epoch 112/16000	Training Loss: 2.0132	Time remaining is 439h:17m
2024-06-21 19:02:18 INFO Epoch 113/16000	Training Loss: 2.0183	Time remaining is 439h:6m
2024-06-21 19:03:53 INFO Epoch 114/16000	Training Loss: 2.0174	Time remaining is 438h:55m
2024-06-21 19:05:29 INFO Epoch 115/16000	Training Loss: 2.0205	Time remaining is 438h:44m
2024-06-21 19:06:57 INFO Testing: dataset_name: market1501 top1:0.9047 top5:0.9629 top10:0.9765 mAP:0.7865
2024-06-21 19:08:32 INFO Epoch 116/16000	Training Loss: 2.0012	Time remaining is 441h:54m
2024-06-21 19:10:08 INFO Epoch 117/16000	Training Loss: 2.0219	Time remaining is 441h:42m
2024-06-21 19:11:43 INFO Epoch 118/16000	Training Loss: 2.0119	Time remaining is 441h:30m
2024-06-21 19:13:19 INFO Epoch 119/16000	Training Loss: 2.0141	Time remaining is 441h:18m
2024-06-21 19:14:54 INFO Epoch 120/16000	Training Loss: 2.0123	Time remaining is 441h:6m
2024-06-21 19:16:23 INFO Testing: dataset_name: market1501 top1:0.9044 top5:0.9635 top10:0.9751 mAP:0.7887
2024-06-21 19:17:58 INFO Epoch 121/16000	Training Loss: 2.0069	Time remaining is 444h:7m
2024-06-21 19:19:33 INFO Epoch 122/16000	Training Loss: 2.0112	Time remaining is 443h:54m
2024-06-21 19:21:09 INFO Epoch 123/16000	Training Loss: 2.0257	Time remaining is 443h:43m
2024-06-21 19:22:45 INFO Epoch 124/16000	Training Loss: 2.0197	Time remaining is 443h:31m
2024-06-21 19:24:21 INFO Epoch 125/16000	Training Loss: 2.0122	Time remaining is 443h:19m
2024-06-21 19:25:49 INFO Testing: dataset_name: market1501 top1:0.9047 top5:0.9629 top10:0.9754 mAP:0.7877
2024-06-21 19:27:24 INFO Epoch 126/16000	Training Loss: 2.0076	Time remaining is 446h:12m
2024-06-21 19:29:00 INFO Epoch 127/16000	Training Loss: 2.0126	Time remaining is 445h:58m
2024-06-21 19:30:35 INFO Epoch 128/16000	Training Loss: 2.0093	Time remaining is 445h:44m
2024-06-21 19:32:10 INFO Epoch 129/16000	Training Loss: 2.0122	Time remaining is 445h:31m
2024-06-21 19:33:46 INFO Epoch 130/16000	Training Loss: 2.0117	Time remaining is 445h:18m
2024-06-21 19:35:14 INFO Testing: dataset_name: market1501 top1:0.9014 top5:0.9611 top10:0.9739 mAP:0.7836
2024-06-21 19:36:50 INFO Epoch 131/16000	Training Loss: 2.0106	Time remaining is 448h:4m
2024-06-21 19:38:25 INFO Epoch 132/16000	Training Loss: 2.0115	Time remaining is 447h:49m
2024-06-21 19:40:01 INFO Epoch 133/16000	Training Loss: 2.0153	Time remaining is 447h:36m
2024-06-21 19:41:36 INFO Epoch 134/16000	Training Loss: 2.0079	Time remaining is 447h:21m
2024-06-21 19:43:11 INFO Epoch 135/16000	Training Loss: 2.0124	Time remaining is 447h:8m
2024-06-21 19:44:40 INFO Testing: dataset_name: market1501 top1:0.9017 top5:0.9617 top10:0.9736 mAP:0.7845
2024-06-21 19:46:15 INFO Epoch 136/16000	Training Loss: 2.0028	Time remaining is 449h:45m
2024-06-21 19:47:50 INFO Epoch 137/16000	Training Loss: 2.0054	Time remaining is 449h:30m
2024-06-21 19:49:25 INFO Epoch 138/16000	Training Loss: 2.0113	Time remaining is 449h:16m
2024-06-21 19:51:00 INFO Epoch 139/16000	Training Loss: 2.0092	Time remaining is 449h:1m
2024-06-21 19:52:35 INFO Epoch 140/16000	Training Loss: 2.0069	Time remaining is 448h:47m
2024-06-21 19:54:04 INFO Testing: dataset_name: market1501 top1:0.9041 top5:0.9611 top10:0.9745 mAP:0.7862
2024-06-21 19:55:40 INFO Epoch 141/16000	Training Loss: 2.0153	Time remaining is 451h:19m
2024-06-21 19:57:15 INFO Epoch 142/16000	Training Loss: 2.0010	Time remaining is 451h:4m
2024-06-21 19:58:50 INFO Epoch 143/16000	Training Loss: 2.0036	Time remaining is 450h:49m
2024-06-21 20:00:25 INFO Epoch 144/16000	Training Loss: 2.0051	Time remaining is 450h:34m
2024-06-21 20:02:01 INFO Epoch 145/16000	Training Loss: 2.0041	Time remaining is 450h:20m
2024-06-21 20:03:29 INFO Testing: dataset_name: market1501 top1:0.9002 top5:0.9599 top10:0.9745 mAP:0.7784
2024-06-21 20:05:05 INFO Epoch 146/16000	Training Loss: 2.0056	Time remaining is 452h:47m
2024-06-21 20:06:40 INFO Epoch 147/16000	Training Loss: 2.0050	Time remaining is 452h:32m
2024-06-21 20:08:15 INFO Epoch 148/16000	Training Loss: 2.0088	Time remaining is 452h:16m
2024-06-21 20:09:50 INFO Epoch 149/16000	Training Loss: 1.9946	Time remaining is 452h:0m
2024-06-21 20:11:25 INFO Epoch 150/16000	Training Loss: 2.0051	Time remaining is 451h:46m
2024-06-21 20:12:54 INFO Testing: dataset_name: market1501 top1:0.8985 top5:0.9608 top10:0.9739 mAP:0.7781
2024-06-21 20:14:29 INFO Epoch 151/16000	Training Loss: 2.0091	Time remaining is 454h:6m
2024-06-21 20:16:04 INFO Epoch 152/16000	Training Loss: 2.0068	Time remaining is 453h:51m
2024-06-21 20:17:40 INFO Epoch 153/16000	Training Loss: 2.0018	Time remaining is 453h:35m
2024-06-21 20:19:15 INFO Epoch 154/16000	Training Loss: 2.0008	Time remaining is 453h:20m
2024-06-21 20:20:50 INFO Epoch 155/16000	Training Loss: 2.0061	Time remaining is 453h:6m
2024-06-21 20:22:19 INFO Testing: dataset_name: market1501 top1:0.9035 top5:0.9602 top10:0.9736 mAP:0.7797
2024-06-21 20:23:54 INFO Epoch 156/16000	Training Loss: 1.9875	Time remaining is 455h:20m
2024-06-21 20:25:29 INFO Epoch 157/16000	Training Loss: 2.0016	Time remaining is 455h:5m
2024-06-21 20:27:05 INFO Epoch 158/16000	Training Loss: 2.0003	Time remaining is 454h:50m
2024-06-21 20:28:40 INFO Epoch 159/16000	Training Loss: 1.9995	Time remaining is 454h:35m
2024-06-21 20:30:16 INFO Epoch 160/16000	Training Loss: 2.0035	Time remaining is 454h:21m
2024-06-21 20:31:44 INFO Testing: dataset_name: market1501 top1:0.9002 top5:0.9596 top10:0.9721 mAP:0.7742
2024-06-21 20:33:19 INFO Epoch 161/16000	Training Loss: 1.9810	Time remaining is 456h:30m
2024-06-21 20:34:54 INFO Epoch 162/16000	Training Loss: 2.0036	Time remaining is 456h:14m
2024-06-21 20:36:29 INFO Epoch 163/16000	Training Loss: 2.0036	Time remaining is 455h:59m
2024-06-21 20:38:04 INFO Epoch 164/16000	Training Loss: 1.9887	Time remaining is 455h:43m
2024-06-21 20:39:39 INFO Epoch 165/16000	Training Loss: 2.0010	Time remaining is 455h:28m
2024-06-21 20:41:08 INFO Testing: dataset_name: market1501 top1:0.8993 top5:0.9590 top10:0.9724 mAP:0.7782
2024-06-21 20:42:43 INFO Epoch 166/16000	Training Loss: 2.0033	Time remaining is 457h:34m
2024-06-21 20:44:19 INFO Epoch 167/16000	Training Loss: 2.0065	Time remaining is 457h:19m
2024-06-21 20:45:54 INFO Epoch 168/16000	Training Loss: 1.9997	Time remaining is 457h:3m
2024-06-21 20:47:29 INFO Epoch 169/16000	Training Loss: 1.9987	Time remaining is 456h:48m
2024-06-21 20:49:04 INFO Epoch 170/16000	Training Loss: 1.9992	Time remaining is 456h:33m
2024-06-21 20:50:33 INFO Testing: dataset_name: market1501 top1:0.8988 top5:0.9590 top10:0.9715 mAP:0.7737
2024-06-21 20:52:08 INFO Epoch 171/16000	Training Loss: 1.9860	Time remaining is 458h:34m
2024-06-21 20:53:43 INFO Epoch 172/16000	Training Loss: 1.9972	Time remaining is 458h:18m
2024-06-21 20:55:18 INFO Epoch 173/16000	Training Loss: 1.9882	Time remaining is 458h:2m
2024-06-21 20:56:53 INFO Epoch 174/16000	Training Loss: 1.9915	Time remaining is 457h:46m
2024-06-21 20:58:28 INFO Epoch 175/16000	Training Loss: 1.9933	Time remaining is 457h:31m
2024-06-21 20:59:57 INFO Testing: dataset_name: market1501 top1:0.8943 top5:0.9596 top10:0.9721 mAP:0.7681
2024-06-21 21:01:31 INFO Epoch 176/16000	Training Loss: 1.9875	Time remaining is 459h:28m
2024-06-21 21:03:07 INFO Epoch 177/16000	Training Loss: 1.9936	Time remaining is 459h:14m
2024-06-21 21:04:42 INFO Epoch 178/16000	Training Loss: 1.9959	Time remaining is 458h:58m
2024-06-21 21:06:18 INFO Epoch 179/16000	Training Loss: 1.9952	Time remaining is 458h:43m
