2024-06-08 11:00:43 INFO ##################################################
2024-06-08 11:00:43 INFO Config values: batch_size: 60	current_directory: /home/hy/project/reid_task/ex_main1	dataset_name: market1501	dataset_path: /home/hy/project/data/Market-1501-v15.09.15	device: cuda	dtype: torch.float32	epoch_start_test: 90	epochs: 500	img_height: 384	img_width: 128	logs_outputs_path: /home/hy/project/reid_task/ex_main1/./outputs/logs	models_outputs_path: /home/hy/project/reid_task/ex_main1/./outputs/models	np: <module 'numpy' from '/home/hy/anaconda3/envs/py396/lib/python3.9/site-packages/numpy/__init__.py'>	os: <module 'os' from '/home/hy/anaconda3/envs/py396/lib/python3.9/os.py'>	outputs_dir: ./outputs/	outputs_path: /home/hy/project/reid_task/ex_main1/./outputs/	print_every: 1	seed: 1	taskname: ReID_Task	temps_outputs_path: /home/hy/project/reid_task/ex_main1/./outputs/temps	test_batch_size: 256	test_every: 5	torch: <module 'torch' from '/home/hy/anaconda3/envs/py396/lib/python3.9/site-packages/torch/__init__.py'>
2024-06-08 11:00:43 INFO Task: ReID_Task
2024-06-08 11:00:43 INFO Using device: cuda
2024-06-08 11:00:43 INFO Using data type: torch.float32
2024-06-08 11:00:43 INFO Number of GPUs: 1
2024-06-08 11:00:43 INFO GPU is_available: True
2024-06-08 11:00:43 INFO GPU name: NVIDIA GeForce RTX 3060
2024-06-08 11:00:43 INFO CUDA version: 12.1
2024-06-08 11:00:43 INFO Current device id: 0
2024-06-08 11:00:43 INFO ##################################################
2024-06-08 11:02:51 INFO Epoch 1/500	Training Loss: 9.5586	Time remaining is 17h:30m
2024-06-08 11:04:54 INFO Epoch 2/500	Training Loss: 7.3327	Time remaining is 17h:18m
2024-06-08 11:06:59 INFO Epoch 3/500	Training Loss: 5.7316	Time remaining is 17h:15m
2024-06-08 11:09:02 INFO Epoch 4/500	Training Loss: 4.1484	Time remaining is 17h:10m
2024-06-08 11:11:06 INFO Epoch 5/500	Training Loss: 2.9585	Time remaining is 17h:7m
2024-06-08 11:13:09 INFO Epoch 6/500	Training Loss: 2.1912	Time remaining is 17h:4m
2024-06-08 11:15:13 INFO Epoch 7/500	Training Loss: 1.7815	Time remaining is 17h:2m
2024-06-08 11:17:16 INFO Epoch 8/500	Training Loss: 1.5518	Time remaining is 16h:58m
2024-06-08 11:19:20 INFO Epoch 9/500	Training Loss: 1.4404	Time remaining is 16h:56m
2024-06-08 11:21:23 INFO Epoch 10/500	Training Loss: 1.3841	Time remaining is 16h:54m
2024-06-08 11:23:27 INFO Epoch 11/500	Training Loss: 1.3336	Time remaining is 16h:51m
2024-06-08 11:25:30 INFO Epoch 12/500	Training Loss: 1.3093	Time remaining is 16h:49m
2024-06-08 11:27:33 INFO Epoch 13/500	Training Loss: 1.2535	Time remaining is 16h:46m
2024-06-08 11:29:37 INFO Epoch 14/500	Training Loss: 1.1983	Time remaining is 16h:44m
2024-06-08 11:31:40 INFO Epoch 15/500	Training Loss: 1.1947	Time remaining is 16h:42m
2024-06-08 11:33:43 INFO Epoch 16/500	Training Loss: 1.1991	Time remaining is 16h:40m
2024-06-08 11:35:47 INFO Epoch 17/500	Training Loss: 1.1566	Time remaining is 16h:38m
2024-06-08 11:37:51 INFO Epoch 18/500	Training Loss: 1.1652	Time remaining is 16h:36m
2024-06-08 11:39:55 INFO Epoch 19/500	Training Loss: 1.1639	Time remaining is 16h:34m
2024-06-08 11:41:58 INFO Epoch 20/500	Training Loss: 1.1496	Time remaining is 16h:32m
2024-06-08 11:44:03 INFO Epoch 21/500	Training Loss: 1.1442	Time remaining is 16h:30m
2024-06-08 11:46:07 INFO Epoch 22/500	Training Loss: 1.1293	Time remaining is 16h:28m
2024-06-08 11:48:10 INFO Epoch 23/500	Training Loss: 1.1356	Time remaining is 16h:26m
2024-06-08 11:50:13 INFO Epoch 24/500	Training Loss: 1.1351	Time remaining is 16h:23m
2024-06-08 11:52:17 INFO Epoch 25/500	Training Loss: 1.1408	Time remaining is 16h:21m
2024-06-08 11:54:21 INFO Epoch 26/500	Training Loss: 1.1425	Time remaining is 16h:19m
2024-06-08 11:56:25 INFO Epoch 27/500	Training Loss: 1.1257	Time remaining is 16h:17m
2024-06-08 11:58:29 INFO Epoch 28/500	Training Loss: 1.1392	Time remaining is 16h:15m
2024-06-08 12:00:33 INFO Epoch 29/500	Training Loss: 1.1469	Time remaining is 16h:13m
2024-06-08 12:02:36 INFO Epoch 30/500	Training Loss: 1.1326	Time remaining is 16h:11m
2024-06-08 12:04:40 INFO Epoch 31/500	Training Loss: 1.1398	Time remaining is 16h:9m
2024-06-08 12:06:44 INFO Epoch 32/500	Training Loss: 1.1225	Time remaining is 16h:7m
2024-06-08 12:08:48 INFO Epoch 33/500	Training Loss: 1.1402	Time remaining is 16h:5m
2024-06-08 12:10:52 INFO Epoch 34/500	Training Loss: 1.1279	Time remaining is 16h:3m
2024-06-08 12:12:56 INFO Epoch 35/500	Training Loss: 1.1262	Time remaining is 16h:1m
2024-06-08 12:15:00 INFO Epoch 36/500	Training Loss: 1.1352	Time remaining is 15h:59m
2024-06-08 12:17:04 INFO Epoch 37/500	Training Loss: 1.1292	Time remaining is 15h:57m
2024-06-08 12:19:08 INFO Epoch 38/500	Training Loss: 1.1368	Time remaining is 15h:55m
2024-06-08 12:21:12 INFO Epoch 39/500	Training Loss: 1.1217	Time remaining is 15h:53m
2024-06-08 12:23:16 INFO Epoch 40/500	Training Loss: 1.1207	Time remaining is 15h:51m
2024-06-08 12:25:20 INFO Epoch 41/500	Training Loss: 1.0858	Time remaining is 15h:49m
2024-06-08 12:27:25 INFO Epoch 42/500	Training Loss: 1.0309	Time remaining is 15h:47m
2024-06-08 12:29:29 INFO Epoch 43/500	Training Loss: 1.0112	Time remaining is 15h:45m
2024-06-08 12:31:31 INFO Epoch 44/500	Training Loss: 0.9957	Time remaining is 15h:43m
2024-06-08 12:33:35 INFO Epoch 45/500	Training Loss: 0.9946	Time remaining is 15h:41m
2024-06-08 12:35:39 INFO Epoch 46/500	Training Loss: 0.9930	Time remaining is 15h:39m
2024-06-08 12:37:43 INFO Epoch 47/500	Training Loss: 0.9953	Time remaining is 15h:37m
2024-06-08 12:39:47 INFO Epoch 48/500	Training Loss: 0.9817	Time remaining is 15h:35m
2024-06-08 12:41:50 INFO Epoch 49/500	Training Loss: 0.9810	Time remaining is 15h:33m
2024-06-08 12:43:53 INFO Epoch 50/500	Training Loss: 0.9799	Time remaining is 15h:30m
2024-06-08 12:45:57 INFO Epoch 51/500	Training Loss: 0.9814	Time remaining is 15h:28m
2024-06-08 12:48:01 INFO Epoch 52/500	Training Loss: 0.9769	Time remaining is 15h:26m
2024-06-08 12:50:04 INFO Epoch 53/500	Training Loss: 0.9720	Time remaining is 15h:24m
2024-06-08 12:52:08 INFO Epoch 54/500	Training Loss: 0.9785	Time remaining is 15h:22m
2024-06-08 12:54:12 INFO Epoch 55/500	Training Loss: 0.9754	Time remaining is 15h:20m
2024-06-08 12:56:16 INFO Epoch 56/500	Training Loss: 0.9785	Time remaining is 15h:18m
2024-06-08 12:58:19 INFO Epoch 57/500	Training Loss: 0.9700	Time remaining is 15h:16m
2024-06-08 13:00:23 INFO Epoch 58/500	Training Loss: 0.9735	Time remaining is 15h:14m
2024-06-08 13:02:27 INFO Epoch 59/500	Training Loss: 0.9721	Time remaining is 15h:12m
2024-06-08 13:04:31 INFO Epoch 60/500	Training Loss: 0.9746	Time remaining is 15h:10m
2024-06-08 13:06:34 INFO Epoch 61/500	Training Loss: 0.9689	Time remaining is 15h:8m
2024-06-08 13:08:38 INFO Epoch 62/500	Training Loss: 0.9707	Time remaining is 15h:6m
2024-06-08 13:10:43 INFO Epoch 63/500	Training Loss: 0.9772	Time remaining is 15h:4m
2024-06-08 13:12:47 INFO Epoch 64/500	Training Loss: 0.9680	Time remaining is 15h:2m
2024-06-08 13:14:50 INFO Epoch 65/500	Training Loss: 0.9625	Time remaining is 14h:59m
2024-06-08 13:16:54 INFO Epoch 66/500	Training Loss: 0.9692	Time remaining is 14h:57m
2024-06-08 13:18:57 INFO Epoch 67/500	Training Loss: 0.9694	Time remaining is 14h:55m
2024-06-08 13:21:01 INFO Epoch 68/500	Training Loss: 0.9628	Time remaining is 14h:53m
2024-06-08 13:23:05 INFO Epoch 69/500	Training Loss: 0.9694	Time remaining is 14h:51m
2024-06-08 13:25:09 INFO Epoch 70/500	Training Loss: 0.9630	Time remaining is 14h:49m
2024-06-08 13:27:13 INFO Epoch 71/500	Training Loss: 0.9610	Time remaining is 14h:47m
2024-06-08 13:29:17 INFO Epoch 72/500	Training Loss: 0.9590	Time remaining is 14h:45m
2024-06-08 13:31:21 INFO Epoch 73/500	Training Loss: 0.9567	Time remaining is 14h:43m
2024-06-08 13:33:24 INFO Epoch 74/500	Training Loss: 0.9558	Time remaining is 14h:41m
2024-06-08 13:35:29 INFO Epoch 75/500	Training Loss: 0.9573	Time remaining is 14h:39m
2024-06-08 13:37:32 INFO Epoch 76/500	Training Loss: 0.9493	Time remaining is 14h:37m
2024-06-08 13:39:35 INFO Epoch 77/500	Training Loss: 0.9493	Time remaining is 14h:35m
2024-06-08 13:41:39 INFO Epoch 78/500	Training Loss: 0.9488	Time remaining is 14h:33m
2024-06-08 13:43:43 INFO Epoch 79/500	Training Loss: 0.9540	Time remaining is 14h:31m
2024-06-08 13:45:46 INFO Epoch 80/500	Training Loss: 0.9494	Time remaining is 14h:28m
2024-06-08 13:47:50 INFO Epoch 81/500	Training Loss: 0.9534	Time remaining is 14h:26m
2024-06-08 13:49:54 INFO Epoch 82/500	Training Loss: 0.9524	Time remaining is 14h:24m
2024-06-08 13:51:58 INFO Epoch 83/500	Training Loss: 0.9509	Time remaining is 14h:22m
2024-06-08 13:54:02 INFO Epoch 84/500	Training Loss: 0.9502	Time remaining is 14h:20m
2024-06-08 13:56:07 INFO Epoch 85/500	Training Loss: 0.9509	Time remaining is 14h:18m
2024-06-08 13:58:12 INFO Epoch 86/500	Training Loss: 0.9560	Time remaining is 14h:16m
2024-06-08 14:00:16 INFO Epoch 87/500	Training Loss: 0.9469	Time remaining is 14h:14m
2024-06-08 14:02:20 INFO Epoch 88/500	Training Loss: 0.9517	Time remaining is 14h:12m
2024-06-08 14:04:24 INFO Epoch 89/500	Training Loss: 0.9516	Time remaining is 14h:10m
2024-06-08 14:06:28 INFO Epoch 90/500	Training Loss: 0.9528	Time remaining is 14h:8m
2024-06-08 14:08:15 INFO Testing: dataset_name: market1501 top1:0.9498 top5:0.9849 top10:0.9899 mAP:0.8731
2024-06-08 14:10:18 INFO Epoch 91/500	Training Loss: 0.9503	Time remaining is 14h:14m
2024-06-08 14:12:22 INFO Epoch 92/500	Training Loss: 0.9511	Time remaining is 14h:12m
2024-06-08 14:14:25 INFO Epoch 93/500	Training Loss: 0.9497	Time remaining is 14h:10m
2024-06-08 14:16:28 INFO Epoch 94/500	Training Loss: 0.9475	Time remaining is 14h:7m
2024-06-08 14:18:32 INFO Epoch 95/500	Training Loss: 0.9507	Time remaining is 14h:5m
2024-06-08 14:20:18 INFO Testing: dataset_name: market1501 top1:0.9507 top5:0.9852 top10:0.9905 mAP:0.8747
2024-06-08 14:22:22 INFO Epoch 96/500	Training Loss: 0.9520	Time remaining is 14h:11m
2024-06-08 14:24:26 INFO Epoch 97/500	Training Loss: 0.9504	Time remaining is 14h:8m
2024-06-08 14:26:30 INFO Epoch 98/500	Training Loss: 0.9502	Time remaining is 14h:6m
2024-06-08 14:28:33 INFO Epoch 99/500	Training Loss: 0.9488	Time remaining is 14h:4m
2024-06-08 14:30:37 INFO Epoch 100/500	Training Loss: 0.9503	Time remaining is 14h:2m
2024-06-08 14:32:23 INFO Testing: dataset_name: market1501 top1:0.9519 top5:0.9846 top10:0.9902 mAP:0.8748
2024-06-08 14:34:27 INFO Epoch 101/500	Training Loss: 0.9487	Time remaining is 14h:6m
2024-06-08 14:36:30 INFO Epoch 102/500	Training Loss: 0.9499	Time remaining is 14h:4m
2024-06-08 14:38:34 INFO Epoch 103/500	Training Loss: 0.9489	Time remaining is 14h:2m
2024-06-08 14:40:37 INFO Epoch 104/500	Training Loss: 0.9485	Time remaining is 13h:59m
2024-06-08 14:42:40 INFO Epoch 105/500	Training Loss: 0.9484	Time remaining is 13h:57m
2024-06-08 14:44:26 INFO Testing: dataset_name: market1501 top1:0.9522 top5:0.9846 top10:0.9908 mAP:0.8767
2024-06-08 14:46:30 INFO Epoch 106/500	Training Loss: 0.9487	Time remaining is 14h:1m
2024-06-08 14:48:33 INFO Epoch 107/500	Training Loss: 0.9433	Time remaining is 13h:59m
2024-06-08 14:50:36 INFO Epoch 108/500	Training Loss: 0.9482	Time remaining is 13h:56m
2024-06-08 14:52:40 INFO Epoch 109/500	Training Loss: 0.9486	Time remaining is 13h:54m
2024-06-08 14:54:43 INFO Epoch 110/500	Training Loss: 0.9483	Time remaining is 13h:52m
2024-06-08 14:56:29 INFO Testing: dataset_name: market1501 top1:0.9537 top5:0.9843 top10:0.9908 mAP:0.8784
2024-06-08 14:58:33 INFO Epoch 111/500	Training Loss: 0.9472	Time remaining is 13h:56m
2024-06-08 15:00:36 INFO Epoch 112/500	Training Loss: 0.9475	Time remaining is 13h:53m
2024-06-08 15:02:40 INFO Epoch 113/500	Training Loss: 0.9487	Time remaining is 13h:51m
2024-06-08 15:04:43 INFO Epoch 114/500	Training Loss: 0.9486	Time remaining is 13h:48m
2024-06-08 15:06:46 INFO Epoch 115/500	Training Loss: 0.9509	Time remaining is 13h:46m
2024-06-08 15:08:32 INFO Testing: dataset_name: market1501 top1:0.9507 top5:0.9840 top10:0.9902 mAP:0.8770
2024-06-08 15:10:35 INFO Epoch 116/500	Training Loss: 0.9422	Time remaining is 13h:49m
2024-06-08 15:12:39 INFO Epoch 117/500	Training Loss: 0.9514	Time remaining is 13h:47m
2024-06-08 15:14:43 INFO Epoch 118/500	Training Loss: 0.9471	Time remaining is 13h:44m
2024-06-08 15:16:47 INFO Epoch 119/500	Training Loss: 0.9470	Time remaining is 13h:42m
2024-06-08 15:18:51 INFO Epoch 120/500	Training Loss: 0.9477	Time remaining is 13h:39m
2024-06-08 15:20:37 INFO Testing: dataset_name: market1501 top1:0.9531 top5:0.9855 top10:0.9908 mAP:0.8783
2024-06-08 15:22:40 INFO Epoch 121/500	Training Loss: 0.9437	Time remaining is 13h:43m
2024-06-08 15:24:43 INFO Epoch 122/500	Training Loss: 0.9461	Time remaining is 13h:40m
2024-06-08 15:26:47 INFO Epoch 123/500	Training Loss: 0.9532	Time remaining is 13h:38m
2024-06-08 15:28:51 INFO Epoch 124/500	Training Loss: 0.9512	Time remaining is 13h:35m
2024-06-08 15:30:55 INFO Epoch 125/500	Training Loss: 0.9476	Time remaining is 13h:33m
2024-06-08 15:32:41 INFO Testing: dataset_name: market1501 top1:0.9531 top5:0.9846 top10:0.9905 mAP:0.8789
2024-06-08 15:34:44 INFO Epoch 126/500	Training Loss: 0.9457	Time remaining is 13h:35m
2024-06-08 15:36:48 INFO Epoch 127/500	Training Loss: 0.9460	Time remaining is 13h:33m
2024-06-08 15:38:52 INFO Epoch 128/500	Training Loss: 0.9447	Time remaining is 13h:30m
2024-06-08 15:40:56 INFO Epoch 129/500	Training Loss: 0.9457	Time remaining is 13h:28m
2024-06-08 15:42:59 INFO Epoch 130/500	Training Loss: 0.9480	Time remaining is 13h:25m
2024-06-08 15:44:46 INFO Testing: dataset_name: market1501 top1:0.9540 top5:0.9846 top10:0.9911 mAP:0.8799
2024-06-08 15:46:49 INFO Epoch 131/500	Training Loss: 0.9461	Time remaining is 13h:28m
2024-06-08 15:48:53 INFO Epoch 132/500	Training Loss: 0.9458	Time remaining is 13h:25m
2024-06-08 15:50:57 INFO Epoch 133/500	Training Loss: 0.9497	Time remaining is 13h:23m
2024-06-08 15:53:01 INFO Epoch 134/500	Training Loss: 0.9449	Time remaining is 13h:20m
2024-06-08 15:55:04 INFO Epoch 135/500	Training Loss: 0.9468	Time remaining is 13h:18m
2024-06-08 15:56:51 INFO Testing: dataset_name: market1501 top1:0.9531 top5:0.9849 top10:0.9905 mAP:0.8804
2024-06-08 15:58:54 INFO Epoch 136/500	Training Loss: 0.9413	Time remaining is 13h:20m
2024-06-08 16:00:57 INFO Epoch 137/500	Training Loss: 0.9459	Time remaining is 13h:18m
2024-06-08 16:03:01 INFO Epoch 138/500	Training Loss: 0.9463	Time remaining is 13h:15m
2024-06-08 16:05:04 INFO Epoch 139/500	Training Loss: 0.9460	Time remaining is 13h:13m
2024-06-08 16:07:08 INFO Epoch 140/500	Training Loss: 0.9449	Time remaining is 13h:10m
2024-06-08 16:08:54 INFO Testing: dataset_name: market1501 top1:0.9540 top5:0.9849 top10:0.9905 mAP:0.8810
2024-06-08 16:10:58 INFO Epoch 141/500	Training Loss: 0.9496	Time remaining is 13h:12m
2024-06-08 16:13:01 INFO Epoch 142/500	Training Loss: 0.9434	Time remaining is 13h:9m
2024-06-08 16:15:05 INFO Epoch 143/500	Training Loss: 0.9443	Time remaining is 13h:7m
2024-06-08 16:17:08 INFO Epoch 144/500	Training Loss: 0.9453	Time remaining is 13h:4m
2024-06-08 16:19:11 INFO Epoch 145/500	Training Loss: 0.9449	Time remaining is 13h:2m
2024-06-08 16:20:57 INFO Testing: dataset_name: market1501 top1:0.9540 top5:0.9852 top10:0.9902 mAP:0.8809
2024-06-08 16:23:01 INFO Epoch 146/500	Training Loss: 0.9448	Time remaining is 13h:4m
2024-06-08 16:25:05 INFO Epoch 147/500	Training Loss: 0.9463	Time remaining is 13h:1m
2024-06-08 16:27:08 INFO Epoch 148/500	Training Loss: 0.9448	Time remaining is 12h:58m
2024-06-08 16:29:11 INFO Epoch 149/500	Training Loss: 0.9397	Time remaining is 12h:56m
2024-06-08 16:31:15 INFO Epoch 150/500	Training Loss: 0.9440	Time remaining is 12h:53m
2024-06-08 16:33:01 INFO Testing: dataset_name: market1501 top1:0.9543 top5:0.9857 top10:0.9905 mAP:0.8812
2024-06-08 16:35:04 INFO Epoch 151/500	Training Loss: 0.9448	Time remaining is 12h:55m
2024-06-08 16:37:08 INFO Epoch 152/500	Training Loss: 0.9456	Time remaining is 12h:52m
2024-06-08 16:39:12 INFO Epoch 153/500	Training Loss: 0.9446	Time remaining is 12h:50m
2024-06-08 16:41:15 INFO Epoch 154/500	Training Loss: 0.9430	Time remaining is 12h:47m
2024-06-08 16:43:19 INFO Epoch 155/500	Training Loss: 0.9440	Time remaining is 12h:45m
2024-06-08 16:45:05 INFO Testing: dataset_name: market1501 top1:0.9549 top5:0.9857 top10:0.9905 mAP:0.8817
2024-06-08 16:47:08 INFO Epoch 156/500	Training Loss: 0.9385	Time remaining is 12h:46m
2024-06-08 16:49:11 INFO Epoch 157/500	Training Loss: 0.9427	Time remaining is 12h:43m
2024-06-08 16:51:15 INFO Epoch 158/500	Training Loss: 0.9429	Time remaining is 12h:41m
2024-06-08 16:53:18 INFO Epoch 159/500	Training Loss: 0.9420	Time remaining is 12h:38m
2024-06-08 16:55:22 INFO Epoch 160/500	Training Loss: 0.9432	Time remaining is 12h:36m
2024-06-08 16:57:08 INFO Testing: dataset_name: market1501 top1:0.9531 top5:0.9840 top10:0.9899 mAP:0.8818
2024-06-08 16:59:10 INFO Epoch 161/500	Training Loss: 0.9331	Time remaining is 12h:37m
2024-06-08 17:01:13 INFO Epoch 162/500	Training Loss: 0.9421	Time remaining is 12h:34m
2024-06-08 17:03:16 INFO Epoch 163/500	Training Loss: 0.9429	Time remaining is 12h:32m
2024-06-08 17:05:19 INFO Epoch 164/500	Training Loss: 0.9384	Time remaining is 12h:29m
2024-06-08 17:07:23 INFO Epoch 165/500	Training Loss: 0.9419	Time remaining is 12h:27m
2024-06-08 17:09:09 INFO Testing: dataset_name: market1501 top1:0.9549 top5:0.9852 top10:0.9902 mAP:0.8822
2024-06-08 17:11:12 INFO Epoch 166/500	Training Loss: 0.9425	Time remaining is 12h:28m
2024-06-08 17:13:16 INFO Epoch 167/500	Training Loss: 0.9468	Time remaining is 12h:25m
2024-06-08 17:15:19 INFO Epoch 168/500	Training Loss: 0.9429	Time remaining is 12h:22m
2024-06-08 17:17:23 INFO Epoch 169/500	Training Loss: 0.9433	Time remaining is 12h:20m
2024-06-08 17:19:26 INFO Epoch 170/500	Training Loss: 0.9416	Time remaining is 12h:17m
2024-06-08 17:21:12 INFO Testing: dataset_name: market1501 top1:0.9555 top5:0.9863 top10:0.9908 mAP:0.8825
2024-06-08 17:23:15 INFO Epoch 171/500	Training Loss: 0.9372	Time remaining is 12h:18m
2024-06-08 17:25:18 INFO Epoch 172/500	Training Loss: 0.9420	Time remaining is 12h:16m
2024-06-08 17:27:21 INFO Epoch 173/500	Training Loss: 0.9385	Time remaining is 12h:13m
2024-06-08 17:29:24 INFO Epoch 174/500	Training Loss: 0.9380	Time remaining is 12h:10m
2024-06-08 17:31:27 INFO Epoch 175/500	Training Loss: 0.9409	Time remaining is 12h:8m
2024-06-08 17:33:13 INFO Testing: dataset_name: market1501 top1:0.9552 top5:0.9852 top10:0.9905 mAP:0.8831
2024-06-08 17:35:16 INFO Epoch 176/500	Training Loss: 0.9392	Time remaining is 12h:9m
2024-06-08 17:37:20 INFO Epoch 177/500	Training Loss: 0.9430	Time remaining is 12h:6m
2024-06-08 17:39:23 INFO Epoch 178/500	Training Loss: 0.9427	Time remaining is 12h:3m
2024-06-08 17:41:27 INFO Epoch 179/500	Training Loss: 0.9407	Time remaining is 12h:1m
2024-06-08 17:43:30 INFO Epoch 180/500	Training Loss: 0.9362	Time remaining is 11h:58m
2024-06-08 17:45:16 INFO Testing: dataset_name: market1501 top1:0.9534 top5:0.9852 top10:0.9905 mAP:0.8827
2024-06-08 17:47:19 INFO Epoch 181/500	Training Loss: 0.9373	Time remaining is 11h:59m
2024-06-08 17:49:22 INFO Epoch 182/500	Training Loss: 0.9415	Time remaining is 11h:56m
2024-06-08 17:51:25 INFO Epoch 183/500	Training Loss: 0.9360	Time remaining is 11h:54m
2024-06-08 17:53:28 INFO Epoch 184/500	Training Loss: 0.9351	Time remaining is 11h:51m
2024-06-08 17:55:31 INFO Epoch 185/500	Training Loss: 0.9409	Time remaining is 11h:48m
2024-06-08 17:57:17 INFO Testing: dataset_name: market1501 top1:0.9555 top5:0.9860 top10:0.9905 mAP:0.8835
2024-06-08 17:59:20 INFO Epoch 186/500	Training Loss: 0.9358	Time remaining is 11h:49m
2024-06-08 18:01:23 INFO Epoch 187/500	Training Loss: 0.9362	Time remaining is 11h:46m
2024-06-08 18:03:26 INFO Epoch 188/500	Training Loss: 0.9359	Time remaining is 11h:44m
2024-06-08 18:05:29 INFO Epoch 189/500	Training Loss: 0.9362	Time remaining is 11h:41m
2024-06-08 18:07:33 INFO Epoch 190/500	Training Loss: 0.9413	Time remaining is 11h:39m
2024-06-08 18:09:19 INFO Testing: dataset_name: market1501 top1:0.9549 top5:0.9855 top10:0.9902 mAP:0.8830
2024-06-08 18:11:21 INFO Epoch 191/500	Training Loss: 0.9364	Time remaining is 11h:39m
2024-06-08 18:13:24 INFO Epoch 192/500	Training Loss: 0.9352	Time remaining is 11h:36m
2024-06-08 18:15:27 INFO Epoch 193/500	Training Loss: 0.9401	Time remaining is 11h:34m
2024-06-08 18:17:30 INFO Epoch 194/500	Training Loss: 0.9416	Time remaining is 11h:31m
2024-06-08 18:19:34 INFO Epoch 195/500	Training Loss: 0.9396	Time remaining is 11h:29m
2024-06-08 18:21:20 INFO Testing: dataset_name: market1501 top1:0.9558 top5:0.9857 top10:0.9911 mAP:0.8854
2024-06-08 18:23:24 INFO Epoch 196/500	Training Loss: 0.9392	Time remaining is 11h:29m
2024-06-08 18:25:27 INFO Epoch 197/500	Training Loss: 0.9389	Time remaining is 11h:26m
2024-06-08 18:27:31 INFO Epoch 198/500	Training Loss: 0.9437	Time remaining is 11h:24m
2024-06-08 18:29:35 INFO Epoch 199/500	Training Loss: 0.9389	Time remaining is 11h:21m
2024-06-08 18:31:38 INFO Epoch 200/500	Training Loss: 0.9399	Time remaining is 11h:19m
2024-06-08 18:33:24 INFO Testing: dataset_name: market1501 top1:0.9558 top5:0.9857 top10:0.9911 mAP:0.8853
2024-06-08 18:35:28 INFO Epoch 201/500	Training Loss: 0.9397	Time remaining is 11h:19m
2024-06-08 18:37:31 INFO Epoch 202/500	Training Loss: 0.9406	Time remaining is 11h:16m
2024-06-08 18:39:34 INFO Epoch 203/500	Training Loss: 0.9349	Time remaining is 11h:14m
2024-06-08 18:41:37 INFO Epoch 204/500	Training Loss: 0.9352	Time remaining is 11h:11m
2024-06-08 18:43:40 INFO Epoch 205/500	Training Loss: 0.9386	Time remaining is 11h:8m
2024-06-08 18:45:26 INFO Testing: dataset_name: market1501 top1:0.9555 top5:0.9860 top10:0.9908 mAP:0.8847
2024-06-08 18:47:30 INFO Epoch 206/500	Training Loss: 0.9391	Time remaining is 11h:8m
2024-06-08 18:49:33 INFO Epoch 207/500	Training Loss: 0.9389	Time remaining is 11h:6m
2024-06-08 18:51:37 INFO Epoch 208/500	Training Loss: 0.9383	Time remaining is 11h:3m
2024-06-08 18:53:41 INFO Epoch 209/500	Training Loss: 0.9389	Time remaining is 11h:1m
2024-06-08 18:55:44 INFO Epoch 210/500	Training Loss: 0.9388	Time remaining is 10h:58m
2024-06-08 18:57:30 INFO Testing: dataset_name: market1501 top1:0.9552 top5:0.9855 top10:0.9911 mAP:0.8834
2024-06-08 18:59:33 INFO Epoch 211/500	Training Loss: 0.9400	Time remaining is 10h:58m
2024-06-08 19:01:37 INFO Epoch 212/500	Training Loss: 0.9389	Time remaining is 10h:56m
2024-06-08 19:03:40 INFO Epoch 213/500	Training Loss: 0.9377	Time remaining is 10h:53m
2024-06-08 19:05:43 INFO Epoch 214/500	Training Loss: 0.9390	Time remaining is 10h:50m
2024-06-08 19:07:46 INFO Epoch 215/500	Training Loss: 0.9383	Time remaining is 10h:48m
2024-06-08 19:09:32 INFO Testing: dataset_name: market1501 top1:0.9555 top5:0.9849 top10:0.9911 mAP:0.8851
2024-06-08 19:11:35 INFO Epoch 216/500	Training Loss: 0.9328	Time remaining is 10h:48m
2024-06-08 19:13:38 INFO Epoch 217/500	Training Loss: 0.9334	Time remaining is 10h:45m
2024-06-08 19:15:41 INFO Epoch 218/500	Training Loss: 0.9330	Time remaining is 10h:43m
2024-06-08 19:17:45 INFO Epoch 219/500	Training Loss: 0.9394	Time remaining is 10h:40m
2024-06-08 19:19:47 INFO Epoch 220/500	Training Loss: 0.9330	Time remaining is 10h:37m
2024-06-08 19:21:34 INFO Testing: dataset_name: market1501 top1:0.9546 top5:0.9840 top10:0.9908 mAP:0.8853
2024-06-08 19:23:36 INFO Epoch 221/500	Training Loss: 0.9325	Time remaining is 10h:37m
2024-06-08 19:25:40 INFO Epoch 222/500	Training Loss: 0.9377	Time remaining is 10h:35m
2024-06-08 19:27:43 INFO Epoch 223/500	Training Loss: 0.9377	Time remaining is 10h:32m
2024-06-08 19:29:47 INFO Epoch 224/500	Training Loss: 0.9377	Time remaining is 10h:29m
2024-06-08 19:31:50 INFO Epoch 225/500	Training Loss: 0.9383	Time remaining is 10h:27m
2024-06-08 19:33:36 INFO Testing: dataset_name: market1501 top1:0.9564 top5:0.9846 top10:0.9899 mAP:0.8854
2024-06-08 19:35:40 INFO Epoch 226/500	Training Loss: 0.9372	Time remaining is 10h:27m
2024-06-08 19:37:43 INFO Epoch 227/500	Training Loss: 0.9321	Time remaining is 10h:24m
2024-06-08 19:39:46 INFO Epoch 228/500	Training Loss: 0.9311	Time remaining is 10h:21m
2024-06-08 19:41:48 INFO Epoch 229/500	Training Loss: 0.9325	Time remaining is 10h:19m
2024-06-08 19:43:51 INFO Epoch 230/500	Training Loss: 0.9313	Time remaining is 10h:16m
2024-06-08 19:45:37 INFO Testing: dataset_name: market1501 top1:0.9564 top5:0.9831 top10:0.9908 mAP:0.8864
2024-06-08 19:47:41 INFO Epoch 231/500	Training Loss: 0.9371	Time remaining is 10h:16m
2024-06-08 19:49:45 INFO Epoch 232/500	Training Loss: 0.9378	Time remaining is 10h:13m
2024-06-08 19:51:48 INFO Epoch 233/500	Training Loss: 0.9320	Time remaining is 10h:11m
2024-06-08 19:53:51 INFO Epoch 234/500	Training Loss: 0.9330	Time remaining is 10h:8m
2024-06-08 19:55:53 INFO Epoch 235/500	Training Loss: 0.9320	Time remaining is 10h:6m
2024-06-08 19:57:40 INFO Testing: dataset_name: market1501 top1:0.9549 top5:0.9840 top10:0.9908 mAP:0.8847
2024-06-08 19:59:42 INFO Epoch 236/500	Training Loss: 0.9313	Time remaining is 10h:5m
2024-06-08 20:01:46 INFO Epoch 237/500	Training Loss: 0.9354	Time remaining is 10h:3m
2024-06-08 20:03:49 INFO Epoch 238/500	Training Loss: 0.9369	Time remaining is 10h:0m
2024-06-08 20:05:52 INFO Epoch 239/500	Training Loss: 0.9359	Time remaining is 9h:58m
2024-06-08 20:07:56 INFO Epoch 240/500	Training Loss: 0.9367	Time remaining is 9h:55m
2024-06-08 20:09:42 INFO Testing: dataset_name: market1501 top1:0.9572 top5:0.9852 top10:0.9908 mAP:0.8864
2024-06-08 20:11:46 INFO Epoch 241/500	Training Loss: 0.9367	Time remaining is 9h:54m
2024-06-08 20:13:49 INFO Epoch 242/500	Training Loss: 0.9365	Time remaining is 9h:52m
2024-06-08 20:15:52 INFO Epoch 243/500	Training Loss: 0.9323	Time remaining is 9h:49m
2024-06-08 20:17:55 INFO Epoch 244/500	Training Loss: 0.9362	Time remaining is 9h:47m
2024-06-08 20:19:59 INFO Epoch 245/500	Training Loss: 0.9357	Time remaining is 9h:44m
2024-06-08 20:21:45 INFO Testing: dataset_name: market1501 top1:0.9564 top5:0.9840 top10:0.9905 mAP:0.8847
2024-06-08 20:23:48 INFO Epoch 246/500	Training Loss: 0.9359	Time remaining is 9h:44m
2024-06-08 20:25:52 INFO Epoch 247/500	Training Loss: 0.9354	Time remaining is 9h:41m
2024-06-08 20:27:55 INFO Epoch 248/500	Training Loss: 0.9345	Time remaining is 9h:39m
2024-06-08 20:29:58 INFO Epoch 249/500	Training Loss: 0.9359	Time remaining is 9h:36m
2024-06-08 20:32:02 INFO Epoch 250/500	Training Loss: 0.9399	Time remaining is 9h:34m
2024-06-08 20:33:48 INFO Testing: dataset_name: market1501 top1:0.9558 top5:0.9852 top10:0.9902 mAP:0.8855
2024-06-08 20:35:51 INFO Epoch 251/500	Training Loss: 0.9314	Time remaining is 9h:33m
2024-06-08 20:37:55 INFO Epoch 252/500	Training Loss: 0.9344	Time remaining is 9h:30m
2024-06-08 20:39:57 INFO Epoch 253/500	Training Loss: 0.9301	Time remaining is 9h:28m
2024-06-08 20:42:00 INFO Epoch 254/500	Training Loss: 0.9309	Time remaining is 9h:25m
2024-06-08 20:44:03 INFO Epoch 255/500	Training Loss: 0.9341	Time remaining is 9h:23m
2024-06-08 20:45:49 INFO Testing: dataset_name: market1501 top1:0.9572 top5:0.9846 top10:0.9905 mAP:0.8853
2024-06-08 20:47:53 INFO Epoch 256/500	Training Loss: 0.9351	Time remaining is 9h:22m
2024-06-08 20:49:56 INFO Epoch 257/500	Training Loss: 0.9308	Time remaining is 9h:19m
2024-06-08 20:51:59 INFO Epoch 258/500	Training Loss: 0.9399	Time remaining is 9h:17m
2024-06-08 20:54:02 INFO Epoch 259/500	Training Loss: 0.9299	Time remaining is 9h:14m
2024-06-08 20:56:06 INFO Epoch 260/500	Training Loss: 0.9335	Time remaining is 9h:12m
2024-06-08 20:57:52 INFO Testing: dataset_name: market1501 top1:0.9552 top5:0.9840 top10:0.9905 mAP:0.8846
2024-06-08 20:59:55 INFO Epoch 261/500	Training Loss: 0.9301	Time remaining is 9h:11m
2024-06-08 21:01:58 INFO Epoch 262/500	Training Loss: 0.9334	Time remaining is 9h:8m
2024-06-08 21:04:02 INFO Epoch 263/500	Training Loss: 0.9335	Time remaining is 9h:6m
2024-06-08 21:06:05 INFO Epoch 264/500	Training Loss: 0.9343	Time remaining is 9h:3m
2024-06-08 21:08:08 INFO Epoch 265/500	Training Loss: 0.9298	Time remaining is 9h:1m
2024-06-08 21:09:54 INFO Testing: dataset_name: market1501 top1:0.9537 top5:0.9843 top10:0.9911 mAP:0.8868
2024-06-08 21:11:57 INFO Epoch 266/500	Training Loss: 0.9293	Time remaining is 8h:60m
2024-06-08 21:14:01 INFO Epoch 267/500	Training Loss: 0.9342	Time remaining is 8h:57m
2024-06-08 21:16:04 INFO Epoch 268/500	Training Loss: 0.9349	Time remaining is 8h:55m
2024-06-08 21:18:08 INFO Epoch 269/500	Training Loss: 0.9348	Time remaining is 8h:52m
2024-06-08 21:20:10 INFO Epoch 270/500	Training Loss: 0.9293	Time remaining is 8h:50m
2024-06-08 21:21:56 INFO Testing: dataset_name: market1501 top1:0.9555 top5:0.9843 top10:0.9908 mAP:0.8861
2024-06-08 21:24:00 INFO Epoch 271/500	Training Loss: 0.9345	Time remaining is 8h:49m
2024-06-08 21:26:05 INFO Epoch 272/500	Training Loss: 0.9342	Time remaining is 8h:46m
2024-06-08 21:28:11 INFO Epoch 273/500	Training Loss: 0.9294	Time remaining is 8h:44m
2024-06-08 21:30:15 INFO Epoch 274/500	Training Loss: 0.9340	Time remaining is 8h:42m
2024-06-08 21:32:18 INFO Epoch 275/500	Training Loss: 0.9287	Time remaining is 8h:39m
2024-06-08 21:34:04 INFO Testing: dataset_name: market1501 top1:0.9569 top5:0.9843 top10:0.9902 mAP:0.8867
2024-06-08 21:36:07 INFO Epoch 276/500	Training Loss: 0.9327	Time remaining is 8h:38m
2024-06-08 21:38:10 INFO Epoch 277/500	Training Loss: 0.9291	Time remaining is 8h:35m
2024-06-08 21:40:13 INFO Epoch 278/500	Training Loss: 0.9296	Time remaining is 8h:33m
2024-06-08 21:42:17 INFO Epoch 279/500	Training Loss: 0.9340	Time remaining is 8h:30m
2024-06-08 21:44:21 INFO Epoch 280/500	Training Loss: 0.9332	Time remaining is 8h:28m
2024-06-08 21:46:08 INFO Testing: dataset_name: market1501 top1:0.9567 top5:0.9843 top10:0.9908 mAP:0.8874
2024-06-08 21:48:13 INFO Epoch 281/500	Training Loss: 0.9277	Time remaining is 8h:27m
2024-06-08 21:50:16 INFO Epoch 282/500	Training Loss: 0.9284	Time remaining is 8h:24m
2024-06-08 21:52:20 INFO Epoch 283/500	Training Loss: 0.9321	Time remaining is 8h:22m
2024-06-08 21:54:27 INFO Epoch 284/500	Training Loss: 0.9320	Time remaining is 8h:19m
2024-06-08 21:56:32 INFO Epoch 285/500	Training Loss: 0.9335	Time remaining is 8h:17m
2024-06-08 21:58:18 INFO Testing: dataset_name: market1501 top1:0.9567 top5:0.9846 top10:0.9908 mAP:0.8867
2024-06-08 22:00:21 INFO Epoch 286/500	Training Loss: 0.9327	Time remaining is 8h:16m
2024-06-08 22:02:25 INFO Epoch 287/500	Training Loss: 0.9330	Time remaining is 8h:13m
2024-06-08 22:04:29 INFO Epoch 288/500	Training Loss: 0.9323	Time remaining is 8h:11m
2024-06-08 22:06:32 INFO Epoch 289/500	Training Loss: 0.9275	Time remaining is 8h:8m
2024-06-08 22:08:36 INFO Epoch 290/500	Training Loss: 0.9316	Time remaining is 8h:6m
2024-06-08 22:10:22 INFO Testing: dataset_name: market1501 top1:0.9575 top5:0.9846 top10:0.9911 mAP:0.8861
2024-06-08 22:12:25 INFO Epoch 291/500	Training Loss: 0.9269	Time remaining is 8h:5m
2024-06-08 22:14:28 INFO Epoch 292/500	Training Loss: 0.9318	Time remaining is 8h:2m
2024-06-08 22:16:31 INFO Epoch 293/500	Training Loss: 0.9275	Time remaining is 7h:60m
2024-06-08 22:18:34 INFO Epoch 294/500	Training Loss: 0.9318	Time remaining is 7h:57m
2024-06-08 22:20:37 INFO Epoch 295/500	Training Loss: 0.9329	Time remaining is 7h:55m
2024-06-08 22:22:24 INFO Testing: dataset_name: market1501 top1:0.9555 top5:0.9837 top10:0.9905 mAP:0.8865
2024-06-08 22:24:27 INFO Epoch 296/500	Training Loss: 0.9315	Time remaining is 7h:54m
2024-06-08 22:26:31 INFO Epoch 297/500	Training Loss: 0.9325	Time remaining is 7h:51m
2024-06-08 22:28:34 INFO Epoch 298/500	Training Loss: 0.9321	Time remaining is 7h:49m
2024-06-08 22:30:37 INFO Epoch 299/500	Training Loss: 0.9281	Time remaining is 7h:46m
2024-06-08 22:32:39 INFO Epoch 300/500	Training Loss: 0.9276	Time remaining is 7h:44m
2024-06-08 22:34:26 INFO Testing: dataset_name: market1501 top1:0.9558 top5:0.9840 top10:0.9908 mAP:0.8868
2024-06-08 22:36:29 INFO Epoch 301/500	Training Loss: 0.9325	Time remaining is 7h:42m
2024-06-08 22:38:33 INFO Epoch 302/500	Training Loss: 0.9315	Time remaining is 7h:40m
2024-06-08 22:40:36 INFO Epoch 303/500	Training Loss: 0.9314	Time remaining is 7h:37m
2024-06-08 22:42:39 INFO Epoch 304/500	Training Loss: 0.9310	Time remaining is 7h:35m
2024-06-08 22:44:43 INFO Epoch 305/500	Training Loss: 0.9310	Time remaining is 7h:32m
2024-06-08 22:46:29 INFO Testing: dataset_name: market1501 top1:0.9552 top5:0.9840 top10:0.9914 mAP:0.8873
2024-06-08 22:48:32 INFO Epoch 306/500	Training Loss: 0.9317	Time remaining is 7h:31m
2024-06-08 22:50:35 INFO Epoch 307/500	Training Loss: 0.9280	Time remaining is 7h:29m
2024-06-08 22:52:38 INFO Epoch 308/500	Training Loss: 0.9257	Time remaining is 7h:26m
2024-06-08 22:54:41 INFO Epoch 309/500	Training Loss: 0.9307	Time remaining is 7h:24m
2024-06-08 22:56:45 INFO Epoch 310/500	Training Loss: 0.9313	Time remaining is 7h:21m
2024-06-08 22:58:31 INFO Testing: dataset_name: market1501 top1:0.9567 top5:0.9840 top10:0.9908 mAP:0.8874
2024-06-08 23:00:34 INFO Epoch 311/500	Training Loss: 0.9303	Time remaining is 7h:20m
2024-06-08 23:02:37 INFO Epoch 312/500	Training Loss: 0.9260	Time remaining is 7h:17m
2024-06-08 23:04:40 INFO Epoch 313/500	Training Loss: 0.9255	Time remaining is 7h:15m
2024-06-08 23:06:44 INFO Epoch 314/500	Training Loss: 0.9362	Time remaining is 7h:12m
2024-06-08 23:08:47 INFO Epoch 315/500	Training Loss: 0.9313	Time remaining is 7h:10m
2024-06-08 23:10:33 INFO Testing: dataset_name: market1501 top1:0.9552 top5:0.9825 top10:0.9914 mAP:0.8864
2024-06-08 23:12:36 INFO Epoch 316/500	Training Loss: 0.9263	Time remaining is 7h:8m
2024-06-08 23:14:40 INFO Epoch 317/500	Training Loss: 0.9313	Time remaining is 7h:6m
2024-06-08 23:16:43 INFO Epoch 318/500	Training Loss: 0.9260	Time remaining is 7h:4m
2024-06-08 23:18:46 INFO Epoch 319/500	Training Loss: 0.9309	Time remaining is 7h:1m
2024-06-08 23:20:50 INFO Epoch 320/500	Training Loss: 0.9307	Time remaining is 6h:59m
2024-06-08 23:22:36 INFO Testing: dataset_name: market1501 top1:0.9555 top5:0.9843 top10:0.9911 mAP:0.8867
2024-06-08 23:24:40 INFO Epoch 321/500	Training Loss: 0.9294	Time remaining is 6h:57m
2024-06-08 23:26:42 INFO Epoch 322/500	Training Loss: 0.9262	Time remaining is 6h:55m
2024-06-08 23:28:46 INFO Epoch 323/500	Training Loss: 0.9305	Time remaining is 6h:52m
2024-06-08 23:30:49 INFO Epoch 324/500	Training Loss: 0.9298	Time remaining is 6h:50m
2024-06-08 23:32:52 INFO Epoch 325/500	Training Loss: 0.9255	Time remaining is 6h:47m
2024-06-08 23:34:38 INFO Testing: dataset_name: market1501 top1:0.9558 top5:0.9843 top10:0.9920 mAP:0.8868
2024-06-08 23:36:42 INFO Epoch 326/500	Training Loss: 0.9314	Time remaining is 6h:46m
2024-06-08 23:38:45 INFO Epoch 327/500	Training Loss: 0.9296	Time remaining is 6h:43m
2024-06-08 23:40:48 INFO Epoch 328/500	Training Loss: 0.9294	Time remaining is 6h:41m
2024-06-08 23:42:52 INFO Epoch 329/500	Training Loss: 0.9287	Time remaining is 6h:38m
2024-06-08 23:44:55 INFO Epoch 330/500	Training Loss: 0.9295	Time remaining is 6h:36m
2024-06-08 23:46:41 INFO Testing: dataset_name: market1501 top1:0.9555 top5:0.9852 top10:0.9914 mAP:0.8874
2024-06-08 23:48:45 INFO Epoch 331/500	Training Loss: 0.9242	Time remaining is 6h:34m
2024-06-08 23:50:48 INFO Epoch 332/500	Training Loss: 0.9245	Time remaining is 6h:32m
2024-06-08 23:52:51 INFO Epoch 333/500	Training Loss: 0.9295	Time remaining is 6h:30m
2024-06-08 23:54:54 INFO Epoch 334/500	Training Loss: 0.9294	Time remaining is 6h:27m
2024-06-08 23:56:58 INFO Epoch 335/500	Training Loss: 0.9339	Time remaining is 6h:25m
2024-06-08 23:58:45 INFO Testing: dataset_name: market1501 top1:0.9572 top5:0.9849 top10:0.9911 mAP:0.8873
2024-06-09 00:00:49 INFO Epoch 336/500	Training Loss: 0.9295	Time remaining is 6h:23m
2024-06-09 00:02:53 INFO Epoch 337/500	Training Loss: 0.9331	Time remaining is 6h:21m
2024-06-09 00:04:56 INFO Epoch 338/500	Training Loss: 0.9258	Time remaining is 6h:18m
2024-06-09 00:06:59 INFO Epoch 339/500	Training Loss: 0.9287	Time remaining is 6h:16m
2024-06-09 00:09:02 INFO Epoch 340/500	Training Loss: 0.9300	Time remaining is 6h:13m
2024-06-09 00:10:48 INFO Testing: dataset_name: market1501 top1:0.9546 top5:0.9852 top10:0.9917 mAP:0.8864
2024-06-09 00:12:52 INFO Epoch 341/500	Training Loss: 0.9343	Time remaining is 6h:12m
2024-06-09 00:14:56 INFO Epoch 342/500	Training Loss: 0.9282	Time remaining is 6h:9m
2024-06-09 00:16:59 INFO Epoch 343/500	Training Loss: 0.9296	Time remaining is 6h:7m
2024-06-09 00:19:02 INFO Epoch 344/500	Training Loss: 0.9298	Time remaining is 6h:4m
2024-06-09 00:21:05 INFO Epoch 345/500	Training Loss: 0.9296	Time remaining is 6h:2m
2024-06-09 00:22:51 INFO Testing: dataset_name: market1501 top1:0.9555 top5:0.9855 top10:0.9914 mAP:0.8872
2024-06-09 00:24:54 INFO Epoch 346/500	Training Loss: 0.9238	Time remaining is 6h:0m
2024-06-09 00:26:57 INFO Epoch 347/500	Training Loss: 0.9283	Time remaining is 5h:58m
2024-06-09 00:29:01 INFO Epoch 348/500	Training Loss: 0.9306	Time remaining is 5h:55m
2024-06-09 00:31:04 INFO Epoch 349/500	Training Loss: 0.9244	Time remaining is 5h:53m
2024-06-09 00:33:07 INFO Epoch 350/500	Training Loss: 0.9278	Time remaining is 5h:50m
2024-06-09 00:34:53 INFO Testing: dataset_name: market1501 top1:0.9564 top5:0.9843 top10:0.9911 mAP:0.8867
2024-06-09 00:36:57 INFO Epoch 351/500	Training Loss: 0.9281	Time remaining is 5h:49m
2024-06-09 00:39:00 INFO Epoch 352/500	Training Loss: 0.9278	Time remaining is 5h:46m
2024-06-09 00:41:03 INFO Epoch 353/500	Training Loss: 0.9237	Time remaining is 5h:44m
2024-06-09 00:43:07 INFO Epoch 354/500	Training Loss: 0.9283	Time remaining is 5h:41m
2024-06-09 00:45:10 INFO Epoch 355/500	Training Loss: 0.9274	Time remaining is 5h:39m
2024-06-09 00:46:56 INFO Testing: dataset_name: market1501 top1:0.9561 top5:0.9843 top10:0.9908 mAP:0.8862
2024-06-09 00:49:00 INFO Epoch 356/500	Training Loss: 0.9288	Time remaining is 5h:37m
2024-06-09 00:51:03 INFO Epoch 357/500	Training Loss: 0.9238	Time remaining is 5h:35m
2024-06-09 00:53:06 INFO Epoch 358/500	Training Loss: 0.9274	Time remaining is 5h:32m
2024-06-09 00:55:10 INFO Epoch 359/500	Training Loss: 0.9268	Time remaining is 5h:30m
2024-06-09 00:57:13 INFO Epoch 360/500	Training Loss: 0.9266	Time remaining is 5h:28m
2024-06-09 00:58:59 INFO Testing: dataset_name: market1501 top1:0.9564 top5:0.9840 top10:0.9911 mAP:0.8865
2024-06-09 01:01:03 INFO Epoch 361/500	Training Loss: 0.9286	Time remaining is 5h:26m
2024-06-09 01:03:07 INFO Epoch 362/500	Training Loss: 0.9269	Time remaining is 5h:23m
2024-06-09 01:05:10 INFO Epoch 363/500	Training Loss: 0.9239	Time remaining is 5h:21m
2024-06-09 01:07:14 INFO Epoch 364/500	Training Loss: 0.9273	Time remaining is 5h:19m
2024-06-09 01:09:18 INFO Epoch 365/500	Training Loss: 0.9327	Time remaining is 5h:16m
2024-06-09 01:11:04 INFO Testing: dataset_name: market1501 top1:0.9546 top5:0.9846 top10:0.9914 mAP:0.8872
2024-06-09 01:13:07 INFO Epoch 366/500	Training Loss: 0.9235	Time remaining is 5h:14m
2024-06-09 01:15:10 INFO Epoch 367/500	Training Loss: 0.9271	Time remaining is 5h:12m
2024-06-09 01:17:13 INFO Epoch 368/500	Training Loss: 0.9234	Time remaining is 5h:10m
2024-06-09 01:19:17 INFO Epoch 369/500	Training Loss: 0.9270	Time remaining is 5h:7m
2024-06-09 01:21:20 INFO Epoch 370/500	Training Loss: 0.9277	Time remaining is 5h:5m
2024-06-09 01:23:06 INFO Testing: dataset_name: market1501 top1:0.9546 top5:0.9834 top10:0.9896 mAP:0.8849
2024-06-09 01:25:09 INFO Epoch 371/500	Training Loss: 0.9221	Time remaining is 5h:3m
2024-06-09 01:27:12 INFO Epoch 372/500	Training Loss: 0.9217	Time remaining is 5h:0m
2024-06-09 01:29:16 INFO Epoch 373/500	Training Loss: 0.9271	Time remaining is 4h:58m
2024-06-09 01:31:18 INFO Epoch 374/500	Training Loss: 0.9221	Time remaining is 4h:56m
2024-06-09 01:33:22 INFO Epoch 375/500	Training Loss: 0.9267	Time remaining is 4h:53m
2024-06-09 01:35:08 INFO Testing: dataset_name: market1501 top1:0.9549 top5:0.9831 top10:0.9917 mAP:0.8861
2024-06-09 01:37:12 INFO Epoch 376/500	Training Loss: 0.9267	Time remaining is 4h:51m
2024-06-09 01:39:14 INFO Epoch 377/500	Training Loss: 0.9218	Time remaining is 4h:49m
2024-06-09 01:41:17 INFO Epoch 378/500	Training Loss: 0.9218	Time remaining is 4h:47m
2024-06-09 01:43:19 INFO Epoch 379/500	Training Loss: 0.9221	Time remaining is 4h:44m
2024-06-09 01:45:23 INFO Epoch 380/500	Training Loss: 0.9272	Time remaining is 4h:42m
2024-06-09 01:47:09 INFO Testing: dataset_name: market1501 top1:0.9558 top5:0.9831 top10:0.9899 mAP:0.8855
2024-06-09 01:49:12 INFO Epoch 381/500	Training Loss: 0.9257	Time remaining is 4h:40m
2024-06-09 01:51:15 INFO Epoch 382/500	Training Loss: 0.9273	Time remaining is 4h:37m
2024-06-09 01:53:19 INFO Epoch 383/500	Training Loss: 0.9266	Time remaining is 4h:35m
2024-06-09 01:55:22 INFO Epoch 384/500	Training Loss: 0.9274	Time remaining is 4h:33m
2024-06-09 01:57:25 INFO Epoch 385/500	Training Loss: 0.9225	Time remaining is 4h:30m
2024-06-09 01:59:11 INFO Testing: dataset_name: market1501 top1:0.9567 top5:0.9843 top10:0.9917 mAP:0.8865
2024-06-09 02:01:15 INFO Epoch 386/500	Training Loss: 0.9312	Time remaining is 4h:28m
2024-06-09 02:03:18 INFO Epoch 387/500	Training Loss: 0.9211	Time remaining is 4h:26m
2024-06-09 02:05:22 INFO Epoch 388/500	Training Loss: 0.9314	Time remaining is 4h:23m
2024-06-09 02:07:25 INFO Epoch 389/500	Training Loss: 0.9267	Time remaining is 4h:21m
2024-06-09 02:09:28 INFO Epoch 390/500	Training Loss: 0.9210	Time remaining is 4h:19m
2024-06-09 02:11:14 INFO Testing: dataset_name: market1501 top1:0.9561 top5:0.9846 top10:0.9911 mAP:0.8864
2024-06-09 02:13:17 INFO Epoch 391/500	Training Loss: 0.9268	Time remaining is 4h:17m
2024-06-09 02:15:20 INFO Epoch 392/500	Training Loss: 0.9213	Time remaining is 4h:14m
2024-06-09 02:17:23 INFO Epoch 393/500	Training Loss: 0.9224	Time remaining is 4h:12m
2024-06-09 02:19:26 INFO Epoch 394/500	Training Loss: 0.9252	Time remaining is 4h:9m
2024-06-09 02:21:29 INFO Epoch 395/500	Training Loss: 0.9224	Time remaining is 4h:7m
2024-06-09 02:23:15 INFO Testing: dataset_name: market1501 top1:0.9549 top5:0.9843 top10:0.9902 mAP:0.8853
2024-06-09 02:25:17 INFO Epoch 396/500	Training Loss: 0.9220	Time remaining is 4h:5m
2024-06-09 02:27:20 INFO Epoch 397/500	Training Loss: 0.9215	Time remaining is 4h:3m
2024-06-09 02:29:24 INFO Epoch 398/500	Training Loss: 0.9257	Time remaining is 4h:0m
2024-06-09 02:31:27 INFO Epoch 399/500	Training Loss: 0.9212	Time remaining is 3h:58m
2024-06-09 02:33:30 INFO Epoch 400/500	Training Loss: 0.9210	Time remaining is 3h:56m
2024-06-09 02:35:16 INFO Testing: dataset_name: market1501 top1:0.9531 top5:0.9831 top10:0.9908 mAP:0.8861
2024-06-09 02:37:19 INFO Epoch 401/500	Training Loss: 0.9259	Time remaining is 3h:54m
2024-06-09 02:39:23 INFO Epoch 402/500	Training Loss: 0.9255	Time remaining is 3h:51m
2024-06-09 02:41:25 INFO Epoch 403/500	Training Loss: 0.9191	Time remaining is 3h:49m
2024-06-09 02:43:29 INFO Epoch 404/500	Training Loss: 0.9257	Time remaining is 3h:46m
2024-06-09 02:45:32 INFO Epoch 405/500	Training Loss: 0.9261	Time remaining is 3h:44m
2024-06-09 02:47:18 INFO Testing: dataset_name: market1501 top1:0.9555 top5:0.9831 top10:0.9911 mAP:0.8859
2024-06-09 02:49:22 INFO Epoch 406/500	Training Loss: 0.9261	Time remaining is 3h:42m
2024-06-09 02:51:25 INFO Epoch 407/500	Training Loss: 0.9255	Time remaining is 3h:40m
2024-06-09 02:53:29 INFO Epoch 408/500	Training Loss: 0.9256	Time remaining is 3h:37m
2024-06-09 02:55:32 INFO Epoch 409/500	Training Loss: 0.9257	Time remaining is 3h:35m
2024-06-09 02:57:36 INFO Epoch 410/500	Training Loss: 0.9270	Time remaining is 3h:32m
2024-06-09 02:59:22 INFO Testing: dataset_name: market1501 top1:0.9546 top5:0.9837 top10:0.9911 mAP:0.8847
2024-06-09 03:01:24 INFO Epoch 411/500	Training Loss: 0.9205	Time remaining is 3h:30m
2024-06-09 03:03:27 INFO Epoch 412/500	Training Loss: 0.9245	Time remaining is 3h:28m
2024-06-09 03:05:30 INFO Epoch 413/500	Training Loss: 0.9193	Time remaining is 3h:26m
2024-06-09 03:07:34 INFO Epoch 414/500	Training Loss: 0.9253	Time remaining is 3h:23m
2024-06-09 03:09:37 INFO Epoch 415/500	Training Loss: 0.9243	Time remaining is 3h:21m
2024-06-09 03:11:23 INFO Testing: dataset_name: market1501 top1:0.9516 top5:0.9825 top10:0.9917 mAP:0.8853
2024-06-09 03:13:26 INFO Epoch 416/500	Training Loss: 0.9209	Time remaining is 3h:19m
2024-06-09 03:15:29 INFO Epoch 417/500	Training Loss: 0.9258	Time remaining is 3h:16m
2024-06-09 03:17:32 INFO Epoch 418/500	Training Loss: 0.9249	Time remaining is 3h:14m
2024-06-09 03:19:36 INFO Epoch 419/500	Training Loss: 0.9250	Time remaining is 3h:12m
2024-06-09 03:21:39 INFO Epoch 420/500	Training Loss: 0.9252	Time remaining is 3h:9m
2024-06-09 03:23:26 INFO Testing: dataset_name: market1501 top1:0.9549 top5:0.9840 top10:0.9911 mAP:0.8853
2024-06-09 03:25:29 INFO Epoch 421/500	Training Loss: 0.9250	Time remaining is 3h:7m
2024-06-09 03:27:32 INFO Epoch 422/500	Training Loss: 0.9239	Time remaining is 3h:5m
2024-06-09 03:29:35 INFO Epoch 423/500	Training Loss: 0.9204	Time remaining is 3h:2m
2024-06-09 03:31:38 INFO Epoch 424/500	Training Loss: 0.9198	Time remaining is 2h:60m
2024-06-09 03:33:42 INFO Epoch 425/500	Training Loss: 0.9242	Time remaining is 2h:58m
2024-06-09 03:35:28 INFO Testing: dataset_name: market1501 top1:0.9537 top5:0.9837 top10:0.9917 mAP:0.8872
2024-06-09 03:37:31 INFO Epoch 426/500	Training Loss: 0.9197	Time remaining is 2h:55m
2024-06-09 03:39:34 INFO Epoch 427/500	Training Loss: 0.9255	Time remaining is 2h:53m
2024-06-09 03:41:37 INFO Epoch 428/500	Training Loss: 0.9246	Time remaining is 2h:51m
2024-06-09 03:43:41 INFO Epoch 429/500	Training Loss: 0.9246	Time remaining is 2h:48m
2024-06-09 03:45:44 INFO Epoch 430/500	Training Loss: 0.9252	Time remaining is 2h:46m
2024-06-09 03:47:30 INFO Testing: dataset_name: market1501 top1:0.9525 top5:0.9822 top10:0.9899 mAP:0.8838
2024-06-09 03:49:33 INFO Epoch 431/500	Training Loss: 0.9242	Time remaining is 2h:44m
2024-06-09 03:51:36 INFO Epoch 432/500	Training Loss: 0.9234	Time remaining is 2h:41m
2024-06-09 03:53:39 INFO Epoch 433/500	Training Loss: 0.9205	Time remaining is 2h:39m
2024-06-09 03:55:42 INFO Epoch 434/500	Training Loss: 0.9260	Time remaining is 2h:37m
2024-06-09 03:57:45 INFO Epoch 435/500	Training Loss: 0.9239	Time remaining is 2h:34m
2024-06-09 03:59:31 INFO Testing: dataset_name: market1501 top1:0.9540 top5:0.9840 top10:0.9899 mAP:0.8856
2024-06-09 04:01:35 INFO Epoch 436/500	Training Loss: 0.9238	Time remaining is 2h:32m
2024-06-09 04:03:38 INFO Epoch 437/500	Training Loss: 0.9250	Time remaining is 2h:30m
2024-06-09 04:05:41 INFO Epoch 438/500	Training Loss: 0.9193	Time remaining is 2h:27m
2024-06-09 04:07:44 INFO Epoch 439/500	Training Loss: 0.9232	Time remaining is 2h:25m
2024-06-09 04:09:48 INFO Epoch 440/500	Training Loss: 0.9231	Time remaining is 2h:23m
2024-06-09 04:11:34 INFO Testing: dataset_name: market1501 top1:0.9546 top5:0.9828 top10:0.9902 mAP:0.8860
2024-06-09 04:13:37 INFO Epoch 441/500	Training Loss: 0.9250	Time remaining is 2h:21m
2024-06-09 04:15:41 INFO Epoch 442/500	Training Loss: 0.9231	Time remaining is 2h:18m
2024-06-09 04:17:44 INFO Epoch 443/500	Training Loss: 0.9243	Time remaining is 2h:16m
2024-06-09 04:19:46 INFO Epoch 444/500	Training Loss: 0.9184	Time remaining is 2h:13m
2024-06-09 04:21:50 INFO Epoch 445/500	Training Loss: 0.9229	Time remaining is 2h:11m
2024-06-09 04:23:36 INFO Testing: dataset_name: market1501 top1:0.9537 top5:0.9831 top10:0.9917 mAP:0.8852
2024-06-09 04:25:40 INFO Epoch 446/500	Training Loss: 0.9229	Time remaining is 2h:9m
2024-06-09 04:27:42 INFO Epoch 447/500	Training Loss: 0.9187	Time remaining is 2h:6m
2024-06-09 04:29:45 INFO Epoch 448/500	Training Loss: 0.9189	Time remaining is 2h:4m
2024-06-09 04:31:48 INFO Epoch 449/500	Training Loss: 0.9239	Time remaining is 2h:2m
2024-06-09 04:33:52 INFO Epoch 450/500	Training Loss: 0.9225	Time remaining is 1h:59m
2024-06-09 04:35:38 INFO Testing: dataset_name: market1501 top1:0.9534 top5:0.9837 top10:0.9896 mAP:0.8838
2024-06-09 04:37:41 INFO Epoch 451/500	Training Loss: 0.9229	Time remaining is 1h:57m
2024-06-09 04:39:44 INFO Epoch 452/500	Training Loss: 0.9226	Time remaining is 1h:55m
2024-06-09 04:41:48 INFO Epoch 453/500	Training Loss: 0.9234	Time remaining is 1h:52m
2024-06-09 04:43:50 INFO Epoch 454/500	Training Loss: 0.9178	Time remaining is 1h:50m
2024-06-09 04:45:53 INFO Epoch 455/500	Training Loss: 0.9183	Time remaining is 1h:48m
2024-06-09 04:47:39 INFO Testing: dataset_name: market1501 top1:0.9549 top5:0.9825 top10:0.9908 mAP:0.8846
2024-06-09 04:49:42 INFO Epoch 456/500	Training Loss: 0.9230	Time remaining is 1h:45m
2024-06-09 04:51:46 INFO Epoch 457/500	Training Loss: 0.9235	Time remaining is 1h:43m
2024-06-09 04:53:49 INFO Epoch 458/500	Training Loss: 0.9226	Time remaining is 1h:41m
2024-06-09 04:55:52 INFO Epoch 459/500	Training Loss: 0.9180	Time remaining is 1h:38m
2024-06-09 04:57:55 INFO Epoch 460/500	Training Loss: 0.9226	Time remaining is 1h:36m
2024-06-09 04:59:41 INFO Testing: dataset_name: market1501 top1:0.9534 top5:0.9819 top10:0.9902 mAP:0.8835
2024-06-09 05:01:44 INFO Epoch 461/500	Training Loss: 0.9188	Time remaining is 1h:34m
2024-06-09 05:03:47 INFO Epoch 462/500	Training Loss: 0.9220	Time remaining is 1h:31m
2024-06-09 05:05:50 INFO Epoch 463/500	Training Loss: 0.9231	Time remaining is 1h:29m
2024-06-09 05:07:54 INFO Epoch 464/500	Training Loss: 0.9227	Time remaining is 1h:27m
2024-06-09 05:09:56 INFO Epoch 465/500	Training Loss: 0.9183	Time remaining is 1h:24m
2024-06-09 05:11:42 INFO Testing: dataset_name: market1501 top1:0.9534 top5:0.9828 top10:0.9899 mAP:0.8826
2024-06-09 05:13:46 INFO Epoch 466/500	Training Loss: 0.9235	Time remaining is 1h:22m
2024-06-09 05:15:49 INFO Epoch 467/500	Training Loss: 0.9218	Time remaining is 1h:20m
2024-06-09 05:17:53 INFO Epoch 468/500	Training Loss: 0.9272	Time remaining is 1h:17m
2024-06-09 05:19:56 INFO Epoch 469/500	Training Loss: 0.9225	Time remaining is 1h:15m
2024-06-09 05:21:59 INFO Epoch 470/500	Training Loss: 0.9230	Time remaining is 1h:13m
2024-06-09 05:23:46 INFO Testing: dataset_name: market1501 top1:0.9525 top5:0.9828 top10:0.9902 mAP:0.8814
2024-06-09 05:25:49 INFO Epoch 471/500	Training Loss: 0.9221	Time remaining is 1h:10m
2024-06-09 05:27:52 INFO Epoch 472/500	Training Loss: 0.9177	Time remaining is 1h:8m
2024-06-09 05:29:55 INFO Epoch 473/500	Training Loss: 0.9287	Time remaining is 1h:6m
2024-06-09 05:31:59 INFO Epoch 474/500	Training Loss: 0.9231	Time remaining is 1h:3m
2024-06-09 05:34:02 INFO Epoch 475/500	Training Loss: 0.9180	Time remaining is 1h:1m
2024-06-09 05:35:48 INFO Testing: dataset_name: market1501 top1:0.9549 top5:0.9831 top10:0.9902 mAP:0.8827
2024-06-09 05:37:51 INFO Epoch 476/500	Training Loss: 0.9211	Time remaining is 0h:59m
2024-06-09 05:39:54 INFO Epoch 477/500	Training Loss: 0.9175	Time remaining is 0h:56m
2024-06-09 05:41:57 INFO Epoch 478/500	Training Loss: 0.9225	Time remaining is 0h:54m
2024-06-09 05:44:00 INFO Epoch 479/500	Training Loss: 0.9169	Time remaining is 0h:52m
2024-06-09 05:46:04 INFO Epoch 480/500	Training Loss: 0.9222	Time remaining is 0h:49m
2024-06-09 05:47:50 INFO Testing: dataset_name: market1501 top1:0.9534 top5:0.9831 top10:0.9911 mAP:0.8830
2024-06-09 05:49:53 INFO Epoch 481/500	Training Loss: 0.9215	Time remaining is 0h:47m
2024-06-09 05:51:56 INFO Epoch 482/500	Training Loss: 0.9166	Time remaining is 0h:45m
2024-06-09 05:53:59 INFO Epoch 483/500	Training Loss: 0.9223	Time remaining is 0h:42m
2024-06-09 05:56:03 INFO Epoch 484/500	Training Loss: 0.9268	Time remaining is 0h:40m
2024-06-09 05:58:07 INFO Epoch 485/500	Training Loss: 0.9218	Time remaining is 0h:38m
2024-06-09 05:59:53 INFO Testing: dataset_name: market1501 top1:0.9516 top5:0.9816 top10:0.9902 mAP:0.8825
2024-06-09 06:01:56 INFO Epoch 486/500	Training Loss: 0.9219	Time remaining is 0h:35m
2024-06-09 06:04:00 INFO Epoch 487/500	Training Loss: 0.9265	Time remaining is 0h:33m
2024-06-09 06:06:03 INFO Epoch 488/500	Training Loss: 0.9172	Time remaining is 0h:31m
2024-06-09 06:08:06 INFO Epoch 489/500	Training Loss: 0.9217	Time remaining is 0h:28m
2024-06-09 06:10:10 INFO Epoch 490/500	Training Loss: 0.9226	Time remaining is 0h:26m
2024-06-09 06:11:56 INFO Testing: dataset_name: market1501 top1:0.9540 top5:0.9825 top10:0.9908 mAP:0.8833
2024-06-09 06:13:59 INFO Epoch 491/500	Training Loss: 0.9176	Time remaining is 0h:23m
2024-06-09 06:16:02 INFO Epoch 492/500	Training Loss: 0.9220	Time remaining is 0h:21m
2024-06-09 06:18:05 INFO Epoch 493/500	Training Loss: 0.9171	Time remaining is 0h:19m
2024-06-09 06:20:08 INFO Epoch 494/500	Training Loss: 0.9163	Time remaining is 0h:16m
2024-06-09 06:22:11 INFO Epoch 495/500	Training Loss: 0.9221	Time remaining is 0h:14m
2024-06-09 06:23:59 INFO Testing: dataset_name: market1501 top1:0.9528 top5:0.9816 top10:0.9905 mAP:0.8811
2024-06-09 06:26:03 INFO Epoch 496/500	Training Loss: 0.9218	Time remaining is 0h:12m
2024-06-09 06:28:05 INFO Epoch 497/500	Training Loss: 0.9168	Time remaining is 0h:9m
2024-06-09 06:30:09 INFO Epoch 498/500	Training Loss: 0.9215	Time remaining is 0h:7m
2024-06-09 06:32:12 INFO Epoch 499/500	Training Loss: 0.9168	Time remaining is 0h:5m
2024-06-09 06:34:15 INFO Epoch 500/500	Training Loss: 0.9220	Time remaining is 0h:2m
2024-06-09 06:36:01 INFO Testing: dataset_name: market1501 top1:0.9534 top5:0.9810 top10:0.9905 mAP:0.8813
2024-06-09 06:36:02 INFO The running time of training: 7.05182e+04 s
