2024-04-17 12:53:10 INFO ##################################################
2024-04-17 12:53:10 INFO Config values: batch_size: 60	current_directory: /home/hy/project/reid_task/ex_main6	dataset_name: market1501	dataset_path: /home/hy/project/data/Market-1501-v15.09.15	device: cuda	dtype: torch.float32	epoch_start_test: 90	epochs: 160	img_height: 256	img_width: 128	logs_outputs_path: /home/hy/project/reid_task/ex_main6/./outputs/logs	models_outputs_path: /home/hy/project/reid_task/ex_main6/./outputs/models	np: <module 'numpy' from '/home/hy/anaconda3/envs/py396/lib/python3.9/site-packages/numpy/__init__.py'>	os: <module 'os' from '/home/hy/anaconda3/envs/py396/lib/python3.9/os.py'>	outputs_dir: ./outputs/	outputs_path: /home/hy/project/reid_task/ex_main6/./outputs/	print_every: 1	seed: 1	taskname: ReID_Task	temps_outputs_path: /home/hy/project/reid_task/ex_main6/./outputs/temps	test_batch_size: 256	test_every: 5	torch: <module 'torch' from '/home/hy/anaconda3/envs/py396/lib/python3.9/site-packages/torch/__init__.py'>
2024-04-17 12:53:10 INFO Task: ReID_Task
2024-04-17 12:53:10 INFO Using device: cuda
2024-04-17 12:53:10 INFO Using data type: torch.float32
2024-04-17 12:53:10 INFO Number of GPUs: 1
2024-04-17 12:53:10 INFO GPU is_available: True
2024-04-17 12:53:10 INFO GPU name: NVIDIA GeForce RTX 3060
2024-04-17 12:53:10 INFO CUDA version: 12.1
2024-04-17 12:53:10 INFO Current device id: 0
2024-04-17 12:53:10 INFO ##################################################
2024-04-17 12:54:38 INFO Epoch 1/160	Training Loss: 9.6504	Time remaining is 3h:53m
2024-04-17 12:56:05 INFO Epoch 2/160	Training Loss: 8.1704	Time remaining is 3h:51m
2024-04-17 12:57:31 INFO Epoch 3/160	Training Loss: 6.3506	Time remaining is 3h:49m
2024-04-17 12:58:58 INFO Epoch 4/160	Training Loss: 4.8919	Time remaining is 3h:47m
2024-04-17 13:00:25 INFO Epoch 5/160	Training Loss: 3.8157	Time remaining is 3h:46m
2024-04-17 13:01:51 INFO Epoch 6/160	Training Loss: 3.1100	Time remaining is 3h:44m
2024-04-17 13:03:18 INFO Epoch 7/160	Training Loss: 2.7344	Time remaining is 3h:42m
2024-04-17 13:04:44 INFO Epoch 8/160	Training Loss: 2.5355	Time remaining is 3h:41m
2024-04-17 13:06:10 INFO Epoch 9/160	Training Loss: 2.4279	Time remaining is 3h:39m
2024-04-17 13:07:36 INFO Epoch 10/160	Training Loss: 2.3532	Time remaining is 3h:38m
2024-04-17 13:09:03 INFO Epoch 11/160	Training Loss: 2.3122	Time remaining is 3h:36m
2024-04-17 13:10:29 INFO Epoch 12/160	Training Loss: 2.2575	Time remaining is 3h:35m
2024-04-17 13:11:56 INFO Epoch 13/160	Training Loss: 2.2108	Time remaining is 3h:34m
2024-04-17 13:13:23 INFO Epoch 14/160	Training Loss: 2.1867	Time remaining is 3h:32m
2024-04-17 13:14:50 INFO Epoch 15/160	Training Loss: 2.1652	Time remaining is 3h:31m
2024-04-17 13:16:17 INFO Epoch 16/160	Training Loss: 2.1521	Time remaining is 3h:29m
2024-04-17 13:17:43 INFO Epoch 17/160	Training Loss: 2.1389	Time remaining is 3h:28m
2024-04-17 13:19:09 INFO Epoch 18/160	Training Loss: 2.1270	Time remaining is 3h:26m
2024-04-17 13:20:36 INFO Epoch 19/160	Training Loss: 2.1302	Time remaining is 3h:25m
2024-04-17 13:22:02 INFO Epoch 20/160	Training Loss: 2.1206	Time remaining is 3h:23m
2024-04-17 13:23:29 INFO Epoch 21/160	Training Loss: 2.1109	Time remaining is 3h:22m
2024-04-17 13:24:55 INFO Epoch 22/160	Training Loss: 2.1114	Time remaining is 3h:21m
2024-04-17 13:26:21 INFO Epoch 23/160	Training Loss: 2.1069	Time remaining is 3h:19m
2024-04-17 13:27:48 INFO Epoch 24/160	Training Loss: 2.1211	Time remaining is 3h:18m
2024-04-17 13:29:14 INFO Epoch 25/160	Training Loss: 2.1136	Time remaining is 3h:16m
2024-04-17 13:30:41 INFO Epoch 26/160	Training Loss: 2.1344	Time remaining is 3h:15m
2024-04-17 13:32:08 INFO Epoch 27/160	Training Loss: 2.1255	Time remaining is 3h:13m
2024-04-17 13:33:34 INFO Epoch 28/160	Training Loss: 2.1080	Time remaining is 3h:12m
2024-04-17 13:35:01 INFO Epoch 29/160	Training Loss: 2.1079	Time remaining is 3h:10m
2024-04-17 13:36:27 INFO Epoch 30/160	Training Loss: 2.1083	Time remaining is 3h:9m
2024-04-17 13:37:53 INFO Epoch 31/160	Training Loss: 2.0979	Time remaining is 3h:7m
2024-04-17 13:39:19 INFO Epoch 32/160	Training Loss: 2.1153	Time remaining is 3h:6m
2024-04-17 13:40:46 INFO Epoch 33/160	Training Loss: 2.1029	Time remaining is 3h:5m
2024-04-17 13:42:13 INFO Epoch 34/160	Training Loss: 2.0970	Time remaining is 3h:3m
2024-04-17 13:43:40 INFO Epoch 35/160	Training Loss: 2.1047	Time remaining is 3h:2m
2024-04-17 13:45:06 INFO Epoch 36/160	Training Loss: 2.0950	Time remaining is 3h:0m
2024-04-17 13:46:33 INFO Epoch 37/160	Training Loss: 2.0913	Time remaining is 2h:59m
2024-04-17 13:48:00 INFO Epoch 38/160	Training Loss: 2.1073	Time remaining is 2h:57m
2024-04-17 13:49:27 INFO Epoch 39/160	Training Loss: 2.1014	Time remaining is 2h:56m
2024-04-17 13:50:53 INFO Epoch 40/160	Training Loss: 2.0947	Time remaining is 2h:55m
2024-04-17 13:52:19 INFO Epoch 41/160	Training Loss: 2.0361	Time remaining is 2h:53m
2024-04-17 13:53:46 INFO Epoch 42/160	Training Loss: 1.9659	Time remaining is 2h:52m
2024-04-17 13:55:12 INFO Epoch 43/160	Training Loss: 1.9606	Time remaining is 2h:50m
2024-04-17 13:56:39 INFO Epoch 44/160	Training Loss: 1.9513	Time remaining is 2h:49m
2024-04-17 13:58:06 INFO Epoch 45/160	Training Loss: 1.9473	Time remaining is 2h:47m
2024-04-17 13:59:32 INFO Epoch 46/160	Training Loss: 1.9447	Time remaining is 2h:46m
2024-04-17 14:00:59 INFO Epoch 47/160	Training Loss: 1.9295	Time remaining is 2h:44m
2024-04-17 14:02:25 INFO Epoch 48/160	Training Loss: 1.9358	Time remaining is 2h:43m
2024-04-17 14:03:52 INFO Epoch 49/160	Training Loss: 1.9231	Time remaining is 2h:42m
2024-04-17 14:05:18 INFO Epoch 50/160	Training Loss: 1.9304	Time remaining is 2h:40m
2024-04-17 14:06:44 INFO Epoch 51/160	Training Loss: 1.9183	Time remaining is 2h:39m
2024-04-17 14:08:11 INFO Epoch 52/160	Training Loss: 1.9249	Time remaining is 2h:37m
2024-04-17 14:09:38 INFO Epoch 53/160	Training Loss: 1.9254	Time remaining is 2h:36m
2024-04-17 14:11:04 INFO Epoch 54/160	Training Loss: 1.9223	Time remaining is 2h:34m
2024-04-17 14:12:31 INFO Epoch 55/160	Training Loss: 1.9232	Time remaining is 2h:33m
2024-04-17 14:13:58 INFO Epoch 56/160	Training Loss: 1.9214	Time remaining is 2h:31m
2024-04-17 14:15:24 INFO Epoch 57/160	Training Loss: 1.9099	Time remaining is 2h:30m
2024-04-17 14:16:51 INFO Epoch 58/160	Training Loss: 1.9206	Time remaining is 2h:29m
2024-04-17 14:18:17 INFO Epoch 59/160	Training Loss: 1.9192	Time remaining is 2h:27m
2024-04-17 14:19:44 INFO Epoch 60/160	Training Loss: 1.9133	Time remaining is 2h:26m
2024-04-17 14:21:11 INFO Epoch 61/160	Training Loss: 1.9173	Time remaining is 2h:24m
2024-04-17 14:22:37 INFO Epoch 62/160	Training Loss: 1.9137	Time remaining is 2h:23m
2024-04-17 14:24:04 INFO Epoch 63/160	Training Loss: 1.9131	Time remaining is 2h:21m
2024-04-17 14:25:30 INFO Epoch 64/160	Training Loss: 1.9129	Time remaining is 2h:20m
2024-04-17 14:26:57 INFO Epoch 65/160	Training Loss: 1.9099	Time remaining is 2h:18m
2024-04-17 14:28:23 INFO Epoch 66/160	Training Loss: 1.9105	Time remaining is 2h:17m
2024-04-17 14:29:50 INFO Epoch 67/160	Training Loss: 1.9193	Time remaining is 2h:16m
2024-04-17 14:31:17 INFO Epoch 68/160	Training Loss: 1.9080	Time remaining is 2h:14m
2024-04-17 14:32:44 INFO Epoch 69/160	Training Loss: 1.9022	Time remaining is 2h:13m
2024-04-17 14:34:10 INFO Epoch 70/160	Training Loss: 1.9105	Time remaining is 2h:11m
2024-04-17 14:35:37 INFO Epoch 71/160	Training Loss: 1.9071	Time remaining is 2h:10m
2024-04-17 14:37:04 INFO Epoch 72/160	Training Loss: 1.9002	Time remaining is 2h:8m
2024-04-17 14:38:30 INFO Epoch 73/160	Training Loss: 1.8981	Time remaining is 2h:7m
2024-04-17 14:39:57 INFO Epoch 74/160	Training Loss: 1.8883	Time remaining is 2h:6m
2024-04-17 14:41:23 INFO Epoch 75/160	Training Loss: 1.8900	Time remaining is 2h:4m
2024-04-17 14:42:49 INFO Epoch 76/160	Training Loss: 1.8861	Time remaining is 2h:3m
2024-04-17 14:44:15 INFO Epoch 77/160	Training Loss: 1.8973	Time remaining is 2h:1m
2024-04-17 14:45:42 INFO Epoch 78/160	Training Loss: 1.8862	Time remaining is 1h:60m
2024-04-17 14:47:08 INFO Epoch 79/160	Training Loss: 1.8941	Time remaining is 1h:58m
2024-04-17 14:48:35 INFO Epoch 80/160	Training Loss: 1.8955	Time remaining is 1h:57m
2024-04-17 14:50:01 INFO Epoch 81/160	Training Loss: 1.8949	Time remaining is 1h:55m
2024-04-17 14:51:28 INFO Epoch 82/160	Training Loss: 1.8949	Time remaining is 1h:54m
2024-04-17 14:52:55 INFO Epoch 83/160	Training Loss: 1.8936	Time remaining is 1h:53m
2024-04-17 14:54:21 INFO Epoch 84/160	Training Loss: 1.8930	Time remaining is 1h:51m
2024-04-17 14:55:48 INFO Epoch 85/160	Training Loss: 1.8950	Time remaining is 1h:50m
2024-04-17 14:57:15 INFO Epoch 86/160	Training Loss: 1.8930	Time remaining is 1h:48m
2024-04-17 14:58:41 INFO Epoch 87/160	Training Loss: 1.8927	Time remaining is 1h:47m
2024-04-17 15:00:08 INFO Epoch 88/160	Training Loss: 1.8820	Time remaining is 1h:45m
2024-04-17 15:01:34 INFO Epoch 89/160	Training Loss: 1.8926	Time remaining is 1h:44m
2024-04-17 15:03:01 INFO Epoch 90/160	Training Loss: 1.8925	Time remaining is 1h:42m
2024-04-17 15:04:28 INFO Testing: dataset_name: market1501 top1:0.9507 top5:0.9840 top10:0.9914 mAP:0.8700
2024-04-17 15:05:54 INFO Epoch 91/160	Training Loss: 1.8926	Time remaining is 1h:42m
2024-04-17 15:07:21 INFO Epoch 92/160	Training Loss: 1.8817	Time remaining is 1h:41m
2024-04-17 15:08:47 INFO Epoch 93/160	Training Loss: 1.8931	Time remaining is 1h:39m
2024-04-17 15:10:14 INFO Epoch 94/160	Training Loss: 1.8907	Time remaining is 1h:38m
2024-04-17 15:11:40 INFO Epoch 95/160	Training Loss: 1.8809	Time remaining is 1h:36m
2024-04-17 15:13:07 INFO Testing: dataset_name: market1501 top1:0.9525 top5:0.9822 top10:0.9911 mAP:0.8713
2024-04-17 15:14:34 INFO Epoch 96/160	Training Loss: 1.8919	Time remaining is 1h:36m
2024-04-17 15:16:00 INFO Epoch 97/160	Training Loss: 1.8805	Time remaining is 1h:34m
2024-04-17 15:17:26 INFO Epoch 98/160	Training Loss: 1.8921	Time remaining is 1h:33m
2024-04-17 15:18:54 INFO Epoch 99/160	Training Loss: 1.8916	Time remaining is 1h:31m
2024-04-17 15:20:21 INFO Epoch 100/160	Training Loss: 1.8892	Time remaining is 1h:30m
2024-04-17 15:21:48 INFO Testing: dataset_name: market1501 top1:0.9531 top5:0.9837 top10:0.9914 mAP:0.8711
2024-04-17 15:23:15 INFO Epoch 101/160	Training Loss: 1.8927	Time remaining is 1h:29m
2024-04-17 15:24:41 INFO Epoch 102/160	Training Loss: 1.8908	Time remaining is 1h:28m
2024-04-17 15:26:08 INFO Epoch 103/160	Training Loss: 1.8895	Time remaining is 1h:26m
2024-04-17 15:27:35 INFO Epoch 104/160	Training Loss: 1.8883	Time remaining is 1h:25m
2024-04-17 15:29:02 INFO Epoch 105/160	Training Loss: 1.8993	Time remaining is 1h:23m
2024-04-17 15:30:29 INFO Testing: dataset_name: market1501 top1:0.9507 top5:0.9846 top10:0.9920 mAP:0.8711
2024-04-17 15:31:55 INFO Epoch 106/160	Training Loss: 1.8890	Time remaining is 1h:22m
2024-04-17 15:33:22 INFO Epoch 107/160	Training Loss: 1.8794	Time remaining is 1h:21m
2024-04-17 15:34:49 INFO Epoch 108/160	Training Loss: 1.8913	Time remaining is 1h:19m
2024-04-17 15:36:16 INFO Epoch 109/160	Training Loss: 1.8894	Time remaining is 1h:18m
2024-04-17 15:37:42 INFO Epoch 110/160	Training Loss: 1.8878	Time remaining is 1h:16m
2024-04-17 15:39:09 INFO Testing: dataset_name: market1501 top1:0.9516 top5:0.9831 top10:0.9920 mAP:0.8725
2024-04-17 15:40:35 INFO Epoch 111/160	Training Loss: 1.8782	Time remaining is 1h:15m
2024-04-17 15:42:02 INFO Epoch 112/160	Training Loss: 1.8881	Time remaining is 1h:14m
2024-04-17 15:43:29 INFO Epoch 113/160	Training Loss: 1.8875	Time remaining is 1h:12m
2024-04-17 15:44:55 INFO Epoch 114/160	Training Loss: 1.8812	Time remaining is 1h:11m
2024-04-17 15:46:22 INFO Epoch 115/160	Training Loss: 1.8967	Time remaining is 1h:9m
2024-04-17 15:47:49 INFO Testing: dataset_name: market1501 top1:0.9510 top5:0.9822 top10:0.9917 mAP:0.8727
2024-04-17 15:49:16 INFO Epoch 116/160	Training Loss: 1.8885	Time remaining is 1h:8m
2024-04-17 15:50:42 INFO Epoch 117/160	Training Loss: 1.8890	Time remaining is 1h:7m
2024-04-17 15:52:09 INFO Epoch 118/160	Training Loss: 1.8876	Time remaining is 1h:5m
2024-04-17 15:53:36 INFO Epoch 119/160	Training Loss: 1.8970	Time remaining is 1h:4m
2024-04-17 15:55:02 INFO Epoch 120/160	Training Loss: 1.8770	Time remaining is 1h:2m
2024-04-17 15:56:29 INFO Testing: dataset_name: market1501 top1:0.9516 top5:0.9840 top10:0.9917 mAP:0.8739
2024-04-17 15:57:56 INFO Epoch 121/160	Training Loss: 1.8878	Time remaining is 1h:1m
2024-04-17 15:59:23 INFO Epoch 122/160	Training Loss: 1.8856	Time remaining is 0h:60m
2024-04-17 16:00:50 INFO Epoch 123/160	Training Loss: 1.8858	Time remaining is 0h:58m
2024-04-17 16:02:16 INFO Epoch 124/160	Training Loss: 1.8772	Time remaining is 0h:56m
2024-04-17 16:03:43 INFO Epoch 125/160	Training Loss: 1.8870	Time remaining is 0h:55m
2024-04-17 16:05:10 INFO Testing: dataset_name: market1501 top1:0.9519 top5:0.9831 top10:0.9905 mAP:0.8740
2024-04-17 16:06:36 INFO Epoch 126/160	Training Loss: 1.8865	Time remaining is 0h:54m
2024-04-17 16:08:03 INFO Epoch 127/160	Training Loss: 1.8868	Time remaining is 0h:52m
2024-04-17 16:09:30 INFO Epoch 128/160	Training Loss: 1.8853	Time remaining is 0h:51m
2024-04-17 16:10:56 INFO Epoch 129/160	Training Loss: 1.8866	Time remaining is 0h:49m
2024-04-17 16:12:23 INFO Epoch 130/160	Training Loss: 1.8869	Time remaining is 0h:48m
2024-04-17 16:13:50 INFO Testing: dataset_name: market1501 top1:0.9519 top5:0.9831 top10:0.9896 mAP:0.8749
2024-04-17 16:15:16 INFO Epoch 131/160	Training Loss: 1.8771	Time remaining is 0h:46m
2024-04-17 16:16:42 INFO Epoch 132/160	Training Loss: 1.8850	Time remaining is 0h:45m
2024-04-17 16:18:09 INFO Epoch 133/160	Training Loss: 1.8771	Time remaining is 0h:43m
2024-04-17 16:19:36 INFO Epoch 134/160	Training Loss: 1.8847	Time remaining is 0h:42m
2024-04-17 16:21:02 INFO Epoch 135/160	Training Loss: 1.8747	Time remaining is 0h:40m
2024-04-17 16:22:29 INFO Testing: dataset_name: market1501 top1:0.9534 top5:0.9843 top10:0.9914 mAP:0.8769
2024-04-17 16:23:55 INFO Epoch 136/160	Training Loss: 1.8753	Time remaining is 0h:39m
2024-04-17 16:25:22 INFO Epoch 137/160	Training Loss: 1.8859	Time remaining is 0h:37m
2024-04-17 16:26:48 INFO Epoch 138/160	Training Loss: 1.8847	Time remaining is 0h:36m
2024-04-17 16:28:15 INFO Epoch 139/160	Training Loss: 1.8751	Time remaining is 0h:34m
2024-04-17 16:29:41 INFO Epoch 140/160	Training Loss: 1.8835	Time remaining is 0h:32m
2024-04-17 16:31:08 INFO Testing: dataset_name: market1501 top1:0.9528 top5:0.9828 top10:0.9917 mAP:0.8757
2024-04-17 16:32:35 INFO Epoch 141/160	Training Loss: 1.8854	Time remaining is 0h:31m
2024-04-17 16:34:01 INFO Epoch 142/160	Training Loss: 1.8845	Time remaining is 0h:30m
2024-04-17 16:35:28 INFO Epoch 143/160	Training Loss: 1.8851	Time remaining is 0h:28m
2024-04-17 16:36:54 INFO Epoch 144/160	Training Loss: 1.8836	Time remaining is 0h:26m
2024-04-17 16:38:21 INFO Epoch 145/160	Training Loss: 1.8855	Time remaining is 0h:25m
2024-04-17 16:39:48 INFO Testing: dataset_name: market1501 top1:0.9528 top5:0.9834 top10:0.9914 mAP:0.8764
2024-04-17 16:41:15 INFO Epoch 146/160	Training Loss: 1.8832	Time remaining is 0h:23m
2024-04-17 16:42:41 INFO Epoch 147/160	Training Loss: 1.8854	Time remaining is 0h:22m
2024-04-17 16:44:08 INFO Epoch 148/160	Training Loss: 1.8829	Time remaining is 0h:20m
2024-04-17 16:45:35 INFO Epoch 149/160	Training Loss: 1.8947	Time remaining is 0h:19m
2024-04-17 16:47:01 INFO Epoch 150/160	Training Loss: 1.8732	Time remaining is 0h:17m
2024-04-17 16:48:28 INFO Testing: dataset_name: market1501 top1:0.9537 top5:0.9828 top10:0.9914 mAP:0.8767
2024-04-17 16:49:54 INFO Epoch 151/160	Training Loss: 1.8848	Time remaining is 0h:16m
2024-04-17 16:51:21 INFO Epoch 152/160	Training Loss: 1.8827	Time remaining is 0h:14m
2024-04-17 16:52:48 INFO Epoch 153/160	Training Loss: 1.8828	Time remaining is 0h:13m
2024-04-17 16:54:15 INFO Epoch 154/160	Training Loss: 1.8833	Time remaining is 0h:11m
2024-04-17 16:55:41 INFO Epoch 155/160	Training Loss: 1.8823	Time remaining is 0h:9m
2024-04-17 16:57:08 INFO Testing: dataset_name: market1501 top1:0.9522 top5:0.9843 top10:0.9905 mAP:0.8770
2024-04-17 16:58:35 INFO Epoch 156/160	Training Loss: 1.8726	Time remaining is 0h:8m
2024-04-17 17:00:01 INFO Epoch 157/160	Training Loss: 1.8824	Time remaining is 0h:6m
2024-04-17 17:01:27 INFO Epoch 158/160	Training Loss: 1.8746	Time remaining is 0h:5m
2024-04-17 17:02:54 INFO Epoch 159/160	Training Loss: 1.8824	Time remaining is 0h:3m
2024-04-17 17:04:20 INFO Epoch 160/160	Training Loss: 1.8720	Time remaining is 0h:2m
2024-04-17 17:05:47 INFO Testing: dataset_name: market1501 top1:0.9528 top5:0.9837 top10:0.9914 mAP:0.8768
2024-04-17 17:05:48 INFO The running time of training: 1.51579e+04 s
