2024-06-12 08:57:29 INFO ##################################################
2024-06-12 08:57:29 INFO Config values: batch_size: 60	current_directory: /home/hy/project/reid_task/ex_main1	dataset_name: market1501	dataset_path: /home/hy/project/data/Market-1501-v15.09.15	device: cuda	dtype: torch.float32	epoch_start_test: 90	epochs: 500	img_height: 384	img_width: 128	logs_outputs_path: /home/hy/project/reid_task/ex_main1/./outputs/logs	models_outputs_path: /home/hy/project/reid_task/ex_main1/./outputs/models	np: <module 'numpy' from '/home/hy/anaconda3/envs/py396/lib/python3.9/site-packages/numpy/__init__.py'>	os: <module 'os' from '/home/hy/anaconda3/envs/py396/lib/python3.9/os.py'>	outputs_dir: ./outputs/	outputs_path: /home/hy/project/reid_task/ex_main1/./outputs/	print_every: 1	seed: 1	taskname: ReID_Task	temps_outputs_path: /home/hy/project/reid_task/ex_main1/./outputs/temps	test_batch_size: 256	test_every: 5	torch: <module 'torch' from '/home/hy/anaconda3/envs/py396/lib/python3.9/site-packages/torch/__init__.py'>
2024-06-12 08:57:29 INFO Task: ReID_Task
2024-06-12 08:57:29 INFO Using device: cuda
2024-06-12 08:57:29 INFO Using data type: torch.float32
2024-06-12 08:57:29 INFO Number of GPUs: 1
2024-06-12 08:57:29 INFO GPU is_available: True
2024-06-12 08:57:29 INFO GPU name: NVIDIA GeForce RTX 3060
2024-06-12 08:57:29 INFO CUDA version: 12.1
2024-06-12 08:57:29 INFO Current device id: 0
2024-06-12 08:57:29 INFO ##################################################
2024-06-12 08:59:25 INFO Epoch 1/500	Training Loss: 9.5268	Time remaining is 15h:56m
2024-06-12 09:01:18 INFO Epoch 2/500	Training Loss: 7.3400	Time remaining is 15h:47m
2024-06-12 09:03:13 INFO Epoch 3/500	Training Loss: 5.7735	Time remaining is 15h:46m
2024-06-12 09:05:06 INFO Epoch 4/500	Training Loss: 4.1764	Time remaining is 15h:42m
2024-06-12 09:06:59 INFO Epoch 5/500	Training Loss: 2.9803	Time remaining is 15h:40m
2024-06-12 09:08:53 INFO Epoch 6/500	Training Loss: 2.2131	Time remaining is 15h:38m
2024-06-12 09:10:46 INFO Epoch 7/500	Training Loss: 1.7982	Time remaining is 15h:36m
2024-06-12 09:12:39 INFO Epoch 8/500	Training Loss: 1.5624	Time remaining is 15h:33m
2024-06-12 09:14:33 INFO Epoch 9/500	Training Loss: 1.4623	Time remaining is 15h:32m
2024-06-12 09:16:27 INFO Epoch 10/500	Training Loss: 1.3932	Time remaining is 15h:30m
2024-06-12 09:18:20 INFO Epoch 11/500	Training Loss: 1.3500	Time remaining is 15h:28m
2024-06-12 09:20:14 INFO Epoch 12/500	Training Loss: 1.3260	Time remaining is 15h:26m
2024-06-12 09:22:08 INFO Epoch 13/500	Training Loss: 1.2675	Time remaining is 15h:24m
2024-06-12 09:24:01 INFO Epoch 14/500	Training Loss: 1.2087	Time remaining is 15h:22m
2024-06-12 09:25:55 INFO Epoch 15/500	Training Loss: 1.2102	Time remaining is 15h:20m
2024-06-12 09:27:49 INFO Epoch 16/500	Training Loss: 1.2151	Time remaining is 15h:19m
2024-06-12 09:29:43 INFO Epoch 17/500	Training Loss: 1.1738	Time remaining is 15h:17m
2024-06-12 09:31:37 INFO Epoch 18/500	Training Loss: 1.1767	Time remaining is 15h:15m
2024-06-12 09:33:30 INFO Epoch 19/500	Training Loss: 1.1656	Time remaining is 15h:13m
2024-06-12 09:35:24 INFO Epoch 20/500	Training Loss: 1.1621	Time remaining is 15h:11m
2024-06-12 09:37:18 INFO Epoch 21/500	Training Loss: 1.1551	Time remaining is 15h:10m
2024-06-12 09:39:12 INFO Epoch 22/500	Training Loss: 1.1366	Time remaining is 15h:8m
2024-06-12 09:41:06 INFO Epoch 23/500	Training Loss: 1.1420	Time remaining is 15h:6m
2024-06-12 09:42:59 INFO Epoch 24/500	Training Loss: 1.1416	Time remaining is 15h:4m
2024-06-12 09:44:53 INFO Epoch 25/500	Training Loss: 1.1499	Time remaining is 15h:2m
2024-06-12 09:46:47 INFO Epoch 26/500	Training Loss: 1.1484	Time remaining is 15h:0m
2024-06-12 09:48:41 INFO Epoch 27/500	Training Loss: 1.1341	Time remaining is 14h:58m
2024-06-12 09:50:35 INFO Epoch 28/500	Training Loss: 1.1487	Time remaining is 14h:57m
2024-06-12 09:52:29 INFO Epoch 29/500	Training Loss: 1.1489	Time remaining is 14h:55m
2024-06-12 09:54:22 INFO Epoch 30/500	Training Loss: 1.1384	Time remaining is 14h:53m
2024-06-12 09:56:16 INFO Epoch 31/500	Training Loss: 1.1421	Time remaining is 14h:51m
2024-06-12 09:58:10 INFO Epoch 32/500	Training Loss: 1.1284	Time remaining is 14h:49m
2024-06-12 10:00:04 INFO Epoch 33/500	Training Loss: 1.1320	Time remaining is 14h:47m
2024-06-12 10:01:58 INFO Epoch 34/500	Training Loss: 1.1319	Time remaining is 14h:45m
2024-06-12 10:03:52 INFO Epoch 35/500	Training Loss: 1.1273	Time remaining is 14h:43m
2024-06-12 10:05:46 INFO Epoch 36/500	Training Loss: 1.1347	Time remaining is 14h:42m
2024-06-12 10:07:40 INFO Epoch 37/500	Training Loss: 1.1302	Time remaining is 14h:40m
2024-06-12 10:09:34 INFO Epoch 38/500	Training Loss: 1.1343	Time remaining is 14h:38m
2024-06-12 10:11:28 INFO Epoch 39/500	Training Loss: 1.1272	Time remaining is 14h:36m
2024-06-12 10:13:22 INFO Epoch 40/500	Training Loss: 1.1292	Time remaining is 14h:34m
2024-06-12 10:15:16 INFO Epoch 41/500	Training Loss: 1.0882	Time remaining is 14h:32m
2024-06-12 10:17:11 INFO Epoch 42/500	Training Loss: 1.0361	Time remaining is 14h:31m
2024-06-12 10:19:04 INFO Epoch 43/500	Training Loss: 1.0151	Time remaining is 14h:29m
2024-06-12 10:20:57 INFO Epoch 44/500	Training Loss: 0.9973	Time remaining is 14h:27m
2024-06-12 10:22:51 INFO Epoch 45/500	Training Loss: 0.9969	Time remaining is 14h:25m
2024-06-12 10:24:45 INFO Epoch 46/500	Training Loss: 0.9944	Time remaining is 14h:23m
2024-06-12 10:26:39 INFO Epoch 47/500	Training Loss: 0.9980	Time remaining is 14h:21m
2024-06-12 10:28:33 INFO Epoch 48/500	Training Loss: 0.9840	Time remaining is 14h:19m
2024-06-12 10:30:26 INFO Epoch 49/500	Training Loss: 0.9818	Time remaining is 14h:17m
2024-06-12 10:32:19 INFO Epoch 50/500	Training Loss: 0.9812	Time remaining is 14h:15m
2024-06-12 10:34:13 INFO Epoch 51/500	Training Loss: 0.9830	Time remaining is 14h:13m
2024-06-12 10:36:06 INFO Epoch 52/500	Training Loss: 0.9773	Time remaining is 14h:11m
2024-06-12 10:38:00 INFO Epoch 53/500	Training Loss: 0.9738	Time remaining is 14h:9m
2024-06-12 10:39:54 INFO Epoch 54/500	Training Loss: 0.9808	Time remaining is 14h:8m
2024-06-12 10:41:48 INFO Epoch 55/500	Training Loss: 0.9781	Time remaining is 14h:6m
2024-06-12 10:43:42 INFO Epoch 56/500	Training Loss: 0.9790	Time remaining is 14h:4m
2024-06-12 10:45:35 INFO Epoch 57/500	Training Loss: 0.9713	Time remaining is 14h:2m
2024-06-12 10:47:29 INFO Epoch 58/500	Training Loss: 0.9742	Time remaining is 13h:60m
2024-06-12 10:49:23 INFO Epoch 59/500	Training Loss: 0.9730	Time remaining is 13h:58m
2024-06-12 10:51:17 INFO Epoch 60/500	Training Loss: 0.9750	Time remaining is 13h:56m
2024-06-12 10:53:11 INFO Epoch 61/500	Training Loss: 0.9697	Time remaining is 13h:54m
2024-06-12 10:55:04 INFO Epoch 62/500	Training Loss: 0.9714	Time remaining is 13h:52m
2024-06-12 10:56:59 INFO Epoch 63/500	Training Loss: 0.9778	Time remaining is 13h:51m
2024-06-12 10:58:53 INFO Epoch 64/500	Training Loss: 0.9689	Time remaining is 13h:49m
2024-06-12 11:00:47 INFO Epoch 65/500	Training Loss: 0.9631	Time remaining is 13h:47m
2024-06-12 11:02:41 INFO Epoch 66/500	Training Loss: 0.9705	Time remaining is 13h:45m
2024-06-12 11:04:35 INFO Epoch 67/500	Training Loss: 0.9706	Time remaining is 13h:43m
2024-06-12 11:06:29 INFO Epoch 68/500	Training Loss: 0.9628	Time remaining is 13h:41m
2024-06-12 11:08:23 INFO Epoch 69/500	Training Loss: 0.9692	Time remaining is 13h:39m
2024-06-12 11:10:17 INFO Epoch 70/500	Training Loss: 0.9637	Time remaining is 13h:37m
2024-06-12 11:12:10 INFO Epoch 71/500	Training Loss: 0.9619	Time remaining is 13h:36m
2024-06-12 11:14:04 INFO Epoch 72/500	Training Loss: 0.9600	Time remaining is 13h:34m
2024-06-12 11:15:58 INFO Epoch 73/500	Training Loss: 0.9572	Time remaining is 13h:32m
2024-06-12 11:17:52 INFO Epoch 74/500	Training Loss: 0.9566	Time remaining is 13h:30m
2024-06-12 11:19:47 INFO Epoch 75/500	Training Loss: 0.9585	Time remaining is 13h:28m
2024-06-12 11:21:40 INFO Epoch 76/500	Training Loss: 0.9501	Time remaining is 13h:26m
2024-06-12 11:23:33 INFO Epoch 77/500	Training Loss: 0.9498	Time remaining is 13h:24m
2024-06-12 11:25:27 INFO Epoch 78/500	Training Loss: 0.9494	Time remaining is 13h:22m
2024-06-12 11:27:21 INFO Epoch 79/500	Training Loss: 0.9546	Time remaining is 13h:20m
2024-06-12 11:29:14 INFO Epoch 80/500	Training Loss: 0.9501	Time remaining is 13h:18m
2024-06-12 11:31:08 INFO Epoch 81/500	Training Loss: 0.9550	Time remaining is 13h:17m
2024-06-12 11:33:02 INFO Epoch 82/500	Training Loss: 0.9529	Time remaining is 13h:15m
2024-06-12 11:34:56 INFO Epoch 83/500	Training Loss: 0.9521	Time remaining is 13h:13m
2024-06-12 11:36:50 INFO Epoch 84/500	Training Loss: 0.9512	Time remaining is 13h:11m
2024-06-12 11:38:44 INFO Epoch 85/500	Training Loss: 0.9520	Time remaining is 13h:9m
2024-06-12 11:40:39 INFO Epoch 86/500	Training Loss: 0.9567	Time remaining is 13h:7m
2024-06-12 11:42:32 INFO Epoch 87/500	Training Loss: 0.9476	Time remaining is 13h:5m
2024-06-12 11:44:25 INFO Epoch 88/500	Training Loss: 0.9521	Time remaining is 13h:3m
2024-06-12 11:46:20 INFO Epoch 89/500	Training Loss: 0.9526	Time remaining is 13h:1m
2024-06-12 11:48:14 INFO Epoch 90/500	Training Loss: 0.9524	Time remaining is 12h:60m
2024-06-12 11:49:59 INFO Testing: dataset_name: market1501 top1:0.9483 top5:0.9843 top10:0.9914 mAP:0.8717
2024-06-12 11:51:53 INFO Epoch 91/500	Training Loss: 0.9511	Time remaining is 13h:6m
2024-06-12 11:53:46 INFO Epoch 92/500	Training Loss: 0.9518	Time remaining is 13h:4m
2024-06-12 11:55:40 INFO Epoch 93/500	Training Loss: 0.9503	Time remaining is 13h:2m
2024-06-12 11:57:33 INFO Epoch 94/500	Training Loss: 0.9481	Time remaining is 12h:60m
2024-06-12 11:59:27 INFO Epoch 95/500	Training Loss: 0.9518	Time remaining is 12h:58m
2024-06-12 12:01:12 INFO Testing: dataset_name: market1501 top1:0.9495 top5:0.9840 top10:0.9920 mAP:0.8730
2024-06-12 12:03:05 INFO Epoch 96/500	Training Loss: 0.9530	Time remaining is 13h:3m
2024-06-12 12:04:59 INFO Epoch 97/500	Training Loss: 0.9510	Time remaining is 13h:1m
2024-06-12 12:06:53 INFO Epoch 98/500	Training Loss: 0.9506	Time remaining is 12h:59m
2024-06-12 12:08:46 INFO Epoch 99/500	Training Loss: 0.9491	Time remaining is 12h:57m
2024-06-12 12:10:40 INFO Epoch 100/500	Training Loss: 0.9509	Time remaining is 12h:55m
2024-06-12 12:12:25 INFO Testing: dataset_name: market1501 top1:0.9501 top5:0.9849 top10:0.9914 mAP:0.8745
2024-06-12 12:14:19 INFO Epoch 101/500	Training Loss: 0.9490	Time remaining is 12h:59m
2024-06-12 12:16:12 INFO Epoch 102/500	Training Loss: 0.9505	Time remaining is 12h:57m
2024-06-12 12:18:06 INFO Epoch 103/500	Training Loss: 0.9495	Time remaining is 12h:55m
2024-06-12 12:19:59 INFO Epoch 104/500	Training Loss: 0.9494	Time remaining is 12h:53m
2024-06-12 12:21:53 INFO Epoch 105/500	Training Loss: 0.9490	Time remaining is 12h:51m
2024-06-12 12:23:38 INFO Testing: dataset_name: market1501 top1:0.9495 top5:0.9828 top10:0.9923 mAP:0.8755
2024-06-12 12:25:31 INFO Epoch 106/500	Training Loss: 0.9489	Time remaining is 12h:55m
2024-06-12 12:27:24 INFO Epoch 107/500	Training Loss: 0.9442	Time remaining is 12h:53m
2024-06-12 12:29:18 INFO Epoch 108/500	Training Loss: 0.9487	Time remaining is 12h:51m
2024-06-12 12:31:12 INFO Epoch 109/500	Training Loss: 0.9494	Time remaining is 12h:48m
2024-06-12 12:33:06 INFO Epoch 110/500	Training Loss: 0.9490	Time remaining is 12h:46m
2024-06-12 12:34:50 INFO Testing: dataset_name: market1501 top1:0.9513 top5:0.9849 top10:0.9920 mAP:0.8767
2024-06-12 12:36:44 INFO Epoch 111/500	Training Loss: 0.9479	Time remaining is 12h:50m
2024-06-12 12:38:38 INFO Epoch 112/500	Training Loss: 0.9482	Time remaining is 12h:48m
2024-06-12 12:40:32 INFO Epoch 113/500	Training Loss: 0.9492	Time remaining is 12h:46m
2024-06-12 12:42:25 INFO Epoch 114/500	Training Loss: 0.9493	Time remaining is 12h:44m
2024-06-12 12:44:19 INFO Epoch 115/500	Training Loss: 0.9507	Time remaining is 12h:41m
2024-06-12 12:46:04 INFO Testing: dataset_name: market1501 top1:0.9498 top5:0.9849 top10:0.9917 mAP:0.8768
2024-06-12 12:47:57 INFO Epoch 116/500	Training Loss: 0.9425	Time remaining is 12h:45m
2024-06-12 12:49:51 INFO Epoch 117/500	Training Loss: 0.9522	Time remaining is 12h:43m
2024-06-12 12:51:45 INFO Epoch 118/500	Training Loss: 0.9476	Time remaining is 12h:40m
2024-06-12 12:53:39 INFO Epoch 119/500	Training Loss: 0.9478	Time remaining is 12h:38m
2024-06-12 12:55:33 INFO Epoch 120/500	Training Loss: 0.9483	Time remaining is 12h:36m
2024-06-12 12:57:18 INFO Testing: dataset_name: market1501 top1:0.9516 top5:0.9852 top10:0.9923 mAP:0.8776
2024-06-12 12:59:11 INFO Epoch 121/500	Training Loss: 0.9441	Time remaining is 12h:39m
2024-06-12 13:01:05 INFO Epoch 122/500	Training Loss: 0.9469	Time remaining is 12h:37m
2024-06-12 13:02:59 INFO Epoch 123/500	Training Loss: 0.9534	Time remaining is 12h:34m
2024-06-12 13:04:53 INFO Epoch 124/500	Training Loss: 0.9516	Time remaining is 12h:32m
2024-06-12 13:06:47 INFO Epoch 125/500	Training Loss: 0.9484	Time remaining is 12h:30m
2024-06-12 13:08:32 INFO Testing: dataset_name: market1501 top1:0.9483 top5:0.9840 top10:0.9923 mAP:0.8773
2024-06-12 13:10:25 INFO Epoch 126/500	Training Loss: 0.9461	Time remaining is 12h:33m
2024-06-12 13:12:19 INFO Epoch 127/500	Training Loss: 0.9467	Time remaining is 12h:30m
2024-06-12 13:14:12 INFO Epoch 128/500	Training Loss: 0.9458	Time remaining is 12h:28m
2024-06-12 13:16:06 INFO Epoch 129/500	Training Loss: 0.9463	Time remaining is 12h:26m
2024-06-12 13:18:00 INFO Epoch 130/500	Training Loss: 0.9483	Time remaining is 12h:23m
2024-06-12 13:19:45 INFO Testing: dataset_name: market1501 top1:0.9498 top5:0.9843 top10:0.9923 mAP:0.8787
2024-06-12 13:21:38 INFO Epoch 131/500	Training Loss: 0.9468	Time remaining is 12h:26m
2024-06-12 13:23:32 INFO Epoch 132/500	Training Loss: 0.9464	Time remaining is 12h:24m
2024-06-12 13:25:26 INFO Epoch 133/500	Training Loss: 0.9499	Time remaining is 12h:21m
2024-06-12 13:27:20 INFO Epoch 134/500	Training Loss: 0.9451	Time remaining is 12h:19m
2024-06-12 13:29:13 INFO Epoch 135/500	Training Loss: 0.9476	Time remaining is 12h:17m
2024-06-12 13:30:58 INFO Testing: dataset_name: market1501 top1:0.9504 top5:0.9849 top10:0.9923 mAP:0.8792
2024-06-12 13:32:51 INFO Epoch 136/500	Training Loss: 0.9414	Time remaining is 12h:19m
2024-06-12 13:34:45 INFO Epoch 137/500	Training Loss: 0.9467	Time remaining is 12h:17m
2024-06-12 13:36:39 INFO Epoch 138/500	Training Loss: 0.9469	Time remaining is 12h:14m
2024-06-12 13:38:32 INFO Epoch 139/500	Training Loss: 0.9458	Time remaining is 12h:12m
2024-06-12 13:40:26 INFO Epoch 140/500	Training Loss: 0.9449	Time remaining is 12h:10m
2024-06-12 13:42:11 INFO Testing: dataset_name: market1501 top1:0.9510 top5:0.9852 top10:0.9923 mAP:0.8801
2024-06-12 13:44:06 INFO Epoch 141/500	Training Loss: 0.9497	Time remaining is 12h:12m
2024-06-12 13:46:00 INFO Epoch 142/500	Training Loss: 0.9441	Time remaining is 12h:9m
2024-06-12 13:47:54 INFO Epoch 143/500	Training Loss: 0.9448	Time remaining is 12h:7m
2024-06-12 13:49:47 INFO Epoch 144/500	Training Loss: 0.9455	Time remaining is 12h:5m
2024-06-12 13:51:42 INFO Epoch 145/500	Training Loss: 0.9460	Time remaining is 12h:2m
2024-06-12 13:53:27 INFO Testing: dataset_name: market1501 top1:0.9504 top5:0.9849 top10:0.9923 mAP:0.8801
2024-06-12 13:55:20 INFO Epoch 146/500	Training Loss: 0.9451	Time remaining is 12h:4m
2024-06-12 13:57:14 INFO Epoch 147/500	Training Loss: 0.9469	Time remaining is 12h:2m
2024-06-12 13:59:08 INFO Epoch 148/500	Training Loss: 0.9451	Time remaining is 11h:59m
2024-06-12 14:01:01 INFO Epoch 149/500	Training Loss: 0.9404	Time remaining is 11h:57m
2024-06-12 14:02:55 INFO Epoch 150/500	Training Loss: 0.9443	Time remaining is 11h:55m
2024-06-12 14:04:40 INFO Testing: dataset_name: market1501 top1:0.9528 top5:0.9857 top10:0.9923 mAP:0.8809
2024-06-12 14:06:33 INFO Epoch 151/500	Training Loss: 0.9450	Time remaining is 11h:56m
2024-06-12 14:08:27 INFO Epoch 152/500	Training Loss: 0.9461	Time remaining is 11h:54m
2024-06-12 14:10:20 INFO Epoch 153/500	Training Loss: 0.9449	Time remaining is 11h:52m
2024-06-12 14:12:14 INFO Epoch 154/500	Training Loss: 0.9434	Time remaining is 11h:49m
2024-06-12 14:14:08 INFO Epoch 155/500	Training Loss: 0.9450	Time remaining is 11h:47m
2024-06-12 14:15:53 INFO Testing: dataset_name: market1501 top1:0.9513 top5:0.9852 top10:0.9920 mAP:0.8808
2024-06-12 14:17:46 INFO Epoch 156/500	Training Loss: 0.9390	Time remaining is 11h:48m
2024-06-12 14:19:40 INFO Epoch 157/500	Training Loss: 0.9436	Time remaining is 11h:46m
2024-06-12 14:21:33 INFO Epoch 158/500	Training Loss: 0.9430	Time remaining is 11h:43m
2024-06-12 14:23:27 INFO Epoch 159/500	Training Loss: 0.9429	Time remaining is 11h:41m
2024-06-12 14:25:20 INFO Epoch 160/500	Training Loss: 0.9441	Time remaining is 11h:39m
2024-06-12 14:27:05 INFO Testing: dataset_name: market1501 top1:0.9531 top5:0.9840 top10:0.9923 mAP:0.8820
2024-06-12 14:28:58 INFO Epoch 161/500	Training Loss: 0.9338	Time remaining is 11h:40m
2024-06-12 14:30:51 INFO Epoch 162/500	Training Loss: 0.9427	Time remaining is 11h:38m
2024-06-12 14:32:45 INFO Epoch 163/500	Training Loss: 0.9438	Time remaining is 11h:35m
2024-06-12 14:34:38 INFO Epoch 164/500	Training Loss: 0.9387	Time remaining is 11h:33m
2024-06-12 14:36:32 INFO Epoch 165/500	Training Loss: 0.9427	Time remaining is 11h:30m
2024-06-12 14:38:16 INFO Testing: dataset_name: market1501 top1:0.9510 top5:0.9852 top10:0.9926 mAP:0.8819
2024-06-12 14:40:10 INFO Epoch 166/500	Training Loss: 0.9428	Time remaining is 11h:31m
2024-06-12 14:42:04 INFO Epoch 167/500	Training Loss: 0.9472	Time remaining is 11h:29m
2024-06-12 14:43:57 INFO Epoch 168/500	Training Loss: 0.9431	Time remaining is 11h:27m
2024-06-12 14:45:51 INFO Epoch 169/500	Training Loss: 0.9438	Time remaining is 11h:24m
2024-06-12 14:47:44 INFO Epoch 170/500	Training Loss: 0.9419	Time remaining is 11h:22m
2024-06-12 14:49:29 INFO Testing: dataset_name: market1501 top1:0.9516 top5:0.9846 top10:0.9920 mAP:0.8820
2024-06-12 14:51:22 INFO Epoch 171/500	Training Loss: 0.9382	Time remaining is 11h:23m
2024-06-12 14:53:16 INFO Epoch 172/500	Training Loss: 0.9423	Time remaining is 11h:20m
2024-06-12 14:55:09 INFO Epoch 173/500	Training Loss: 0.9385	Time remaining is 11h:18m
2024-06-12 14:57:02 INFO Epoch 174/500	Training Loss: 0.9382	Time remaining is 11h:16m
2024-06-12 14:58:55 INFO Epoch 175/500	Training Loss: 0.9409	Time remaining is 11h:13m
2024-06-12 15:00:40 INFO Testing: dataset_name: market1501 top1:0.9537 top5:0.9857 top10:0.9914 mAP:0.8826
2024-06-12 15:02:33 INFO Epoch 176/500	Training Loss: 0.9394	Time remaining is 11h:14m
2024-06-12 15:04:27 INFO Epoch 177/500	Training Loss: 0.9437	Time remaining is 11h:12m
2024-06-12 15:06:20 INFO Epoch 178/500	Training Loss: 0.9432	Time remaining is 11h:9m
2024-06-12 15:08:14 INFO Epoch 179/500	Training Loss: 0.9409	Time remaining is 11h:7m
2024-06-12 15:10:07 INFO Epoch 180/500	Training Loss: 0.9367	Time remaining is 11h:4m
2024-06-12 15:11:52 INFO Testing: dataset_name: market1501 top1:0.9516 top5:0.9849 top10:0.9920 mAP:0.8822
2024-06-12 15:13:45 INFO Epoch 181/500	Training Loss: 0.9378	Time remaining is 11h:5m
2024-06-12 15:15:39 INFO Epoch 182/500	Training Loss: 0.9419	Time remaining is 11h:3m
2024-06-12 15:17:32 INFO Epoch 183/500	Training Loss: 0.9362	Time remaining is 11h:0m
2024-06-12 15:19:25 INFO Epoch 184/500	Training Loss: 0.9360	Time remaining is 10h:58m
2024-06-12 15:21:19 INFO Epoch 185/500	Training Loss: 0.9412	Time remaining is 10h:56m
2024-06-12 15:23:04 INFO Testing: dataset_name: market1501 top1:0.9510 top5:0.9860 top10:0.9926 mAP:0.8836
2024-06-12 15:24:57 INFO Epoch 186/500	Training Loss: 0.9364	Time remaining is 10h:56m
2024-06-12 15:26:50 INFO Epoch 187/500	Training Loss: 0.9366	Time remaining is 10h:54m
2024-06-12 15:28:44 INFO Epoch 188/500	Training Loss: 0.9363	Time remaining is 10h:51m
2024-06-12 15:30:37 INFO Epoch 189/500	Training Loss: 0.9368	Time remaining is 10h:49m
2024-06-12 15:32:30 INFO Epoch 190/500	Training Loss: 0.9417	Time remaining is 10h:47m
2024-06-12 15:34:16 INFO Testing: dataset_name: market1501 top1:0.9504 top5:0.9846 top10:0.9923 mAP:0.8823
2024-06-12 15:36:08 INFO Epoch 191/500	Training Loss: 0.9366	Time remaining is 10h:47m
2024-06-12 15:38:01 INFO Epoch 192/500	Training Loss: 0.9361	Time remaining is 10h:45m
2024-06-12 15:39:55 INFO Epoch 193/500	Training Loss: 0.9406	Time remaining is 10h:42m
2024-06-12 15:41:48 INFO Epoch 194/500	Training Loss: 0.9417	Time remaining is 10h:40m
2024-06-12 15:43:42 INFO Epoch 195/500	Training Loss: 0.9402	Time remaining is 10h:37m
2024-06-12 15:45:27 INFO Testing: dataset_name: market1501 top1:0.9513 top5:0.9852 top10:0.9929 mAP:0.8833
2024-06-12 15:47:21 INFO Epoch 196/500	Training Loss: 0.9398	Time remaining is 10h:38m
2024-06-12 15:49:15 INFO Epoch 197/500	Training Loss: 0.9397	Time remaining is 10h:35m
2024-06-12 15:51:09 INFO Epoch 198/500	Training Loss: 0.9440	Time remaining is 10h:33m
2024-06-12 15:53:03 INFO Epoch 199/500	Training Loss: 0.9395	Time remaining is 10h:31m
2024-06-12 15:54:56 INFO Epoch 200/500	Training Loss: 0.9404	Time remaining is 10h:28m
2024-06-12 15:56:41 INFO Testing: dataset_name: market1501 top1:0.9513 top5:0.9860 top10:0.9923 mAP:0.8837
2024-06-12 15:58:35 INFO Epoch 201/500	Training Loss: 0.9401	Time remaining is 10h:28m
2024-06-12 16:00:29 INFO Epoch 202/500	Training Loss: 0.9411	Time remaining is 10h:26m
2024-06-12 16:02:22 INFO Epoch 203/500	Training Loss: 0.9352	Time remaining is 10h:24m
2024-06-12 16:04:14 INFO Epoch 204/500	Training Loss: 0.9357	Time remaining is 10h:21m
2024-06-12 16:06:08 INFO Epoch 205/500	Training Loss: 0.9397	Time remaining is 10h:19m
2024-06-12 16:07:53 INFO Testing: dataset_name: market1501 top1:0.9522 top5:0.9852 top10:0.9920 mAP:0.8841
2024-06-12 16:09:47 INFO Epoch 206/500	Training Loss: 0.9395	Time remaining is 10h:19m
2024-06-12 16:11:41 INFO Epoch 207/500	Training Loss: 0.9394	Time remaining is 10h:17m
2024-06-12 16:13:35 INFO Epoch 208/500	Training Loss: 0.9391	Time remaining is 10h:14m
2024-06-12 16:15:29 INFO Epoch 209/500	Training Loss: 0.9393	Time remaining is 10h:12m
2024-06-12 16:17:22 INFO Epoch 210/500	Training Loss: 0.9388	Time remaining is 10h:10m
2024-06-12 16:19:07 INFO Testing: dataset_name: market1501 top1:0.9531 top5:0.9863 top10:0.9923 mAP:0.8839
2024-06-12 16:21:01 INFO Epoch 211/500	Training Loss: 0.9404	Time remaining is 10h:10m
2024-06-12 16:22:54 INFO Epoch 212/500	Training Loss: 0.9395	Time remaining is 10h:7m
2024-06-12 16:24:48 INFO Epoch 213/500	Training Loss: 0.9379	Time remaining is 10h:5m
2024-06-12 16:26:42 INFO Epoch 214/500	Training Loss: 0.9397	Time remaining is 10h:2m
2024-06-12 16:28:35 INFO Epoch 215/500	Training Loss: 0.9388	Time remaining is 10h:0m
2024-06-12 16:30:20 INFO Testing: dataset_name: market1501 top1:0.9537 top5:0.9852 top10:0.9923 mAP:0.8843
2024-06-12 16:32:14 INFO Epoch 216/500	Training Loss: 0.9334	Time remaining is 9h:60m
2024-06-12 16:34:07 INFO Epoch 217/500	Training Loss: 0.9338	Time remaining is 9h:58m
2024-06-12 16:36:00 INFO Epoch 218/500	Training Loss: 0.9336	Time remaining is 9h:55m
2024-06-12 16:37:54 INFO Epoch 219/500	Training Loss: 0.9389	Time remaining is 9h:53m
2024-06-12 16:39:47 INFO Epoch 220/500	Training Loss: 0.9325	Time remaining is 9h:50m
2024-06-12 16:41:32 INFO Testing: dataset_name: market1501 top1:0.9522 top5:0.9857 top10:0.9929 mAP:0.8849
2024-06-12 16:43:26 INFO Epoch 221/500	Training Loss: 0.9330	Time remaining is 9h:50m
2024-06-12 16:45:19 INFO Epoch 222/500	Training Loss: 0.9384	Time remaining is 9h:48m
2024-06-12 16:47:12 INFO Epoch 223/500	Training Loss: 0.9377	Time remaining is 9h:46m
2024-06-12 16:49:06 INFO Epoch 224/500	Training Loss: 0.9383	Time remaining is 9h:43m
2024-06-12 16:51:00 INFO Epoch 225/500	Training Loss: 0.9391	Time remaining is 9h:41m
2024-06-12 16:52:45 INFO Testing: dataset_name: market1501 top1:0.9534 top5:0.9866 top10:0.9926 mAP:0.8846
2024-06-12 16:54:38 INFO Epoch 226/500	Training Loss: 0.9378	Time remaining is 9h:41m
2024-06-12 16:56:31 INFO Epoch 227/500	Training Loss: 0.9325	Time remaining is 9h:38m
2024-06-12 16:58:24 INFO Epoch 228/500	Training Loss: 0.9315	Time remaining is 9h:36m
2024-06-12 17:00:17 INFO Epoch 229/500	Training Loss: 0.9334	Time remaining is 9h:33m
2024-06-12 17:02:10 INFO Epoch 230/500	Training Loss: 0.9313	Time remaining is 9h:31m
2024-06-12 17:03:55 INFO Testing: dataset_name: market1501 top1:0.9540 top5:0.9852 top10:0.9926 mAP:0.8856
2024-06-12 17:05:48 INFO Epoch 231/500	Training Loss: 0.9377	Time remaining is 9h:31m
2024-06-12 17:07:42 INFO Epoch 232/500	Training Loss: 0.9388	Time remaining is 9h:28m
2024-06-12 17:09:35 INFO Epoch 233/500	Training Loss: 0.9327	Time remaining is 9h:26m
2024-06-12 17:11:28 INFO Epoch 234/500	Training Loss: 0.9335	Time remaining is 9h:24m
2024-06-12 17:13:21 INFO Epoch 235/500	Training Loss: 0.9317	Time remaining is 9h:21m
2024-06-12 17:15:06 INFO Testing: dataset_name: market1501 top1:0.9522 top5:0.9857 top10:0.9929 mAP:0.8842
2024-06-12 17:16:59 INFO Epoch 236/500	Training Loss: 0.9320	Time remaining is 9h:21m
2024-06-12 17:18:53 INFO Epoch 237/500	Training Loss: 0.9356	Time remaining is 9h:18m
2024-06-12 17:20:46 INFO Epoch 238/500	Training Loss: 0.9374	Time remaining is 9h:16m
2024-06-12 17:22:40 INFO Epoch 239/500	Training Loss: 0.9363	Time remaining is 9h:14m
2024-06-12 17:24:33 INFO Epoch 240/500	Training Loss: 0.9374	Time remaining is 9h:11m
2024-06-12 17:26:18 INFO Testing: dataset_name: market1501 top1:0.9534 top5:0.9866 top10:0.9929 mAP:0.8855
2024-06-12 17:28:12 INFO Epoch 241/500	Training Loss: 0.9376	Time remaining is 9h:11m
2024-06-12 17:30:06 INFO Epoch 242/500	Training Loss: 0.9366	Time remaining is 9h:9m
2024-06-12 17:31:59 INFO Epoch 243/500	Training Loss: 0.9329	Time remaining is 9h:6m
2024-06-12 17:33:52 INFO Epoch 244/500	Training Loss: 0.9369	Time remaining is 9h:4m
2024-06-12 17:35:46 INFO Epoch 245/500	Training Loss: 0.9360	Time remaining is 9h:2m
2024-06-12 17:37:30 INFO Testing: dataset_name: market1501 top1:0.9522 top5:0.9866 top10:0.9926 mAP:0.8839
2024-06-12 17:39:24 INFO Epoch 246/500	Training Loss: 0.9363	Time remaining is 9h:1m
2024-06-12 17:41:17 INFO Epoch 247/500	Training Loss: 0.9357	Time remaining is 8h:59m
2024-06-12 17:43:11 INFO Epoch 248/500	Training Loss: 0.9352	Time remaining is 8h:56m
2024-06-12 17:45:04 INFO Epoch 249/500	Training Loss: 0.9366	Time remaining is 8h:54m
2024-06-12 17:46:58 INFO Epoch 250/500	Training Loss: 0.9407	Time remaining is 8h:52m
2024-06-12 17:48:43 INFO Testing: dataset_name: market1501 top1:0.9516 top5:0.9869 top10:0.9923 mAP:0.8842
2024-06-12 17:50:37 INFO Epoch 251/500	Training Loss: 0.9322	Time remaining is 8h:51m
2024-06-12 17:52:31 INFO Epoch 252/500	Training Loss: 0.9348	Time remaining is 8h:49m
2024-06-12 17:54:24 INFO Epoch 253/500	Training Loss: 0.9305	Time remaining is 8h:46m
2024-06-12 17:56:17 INFO Epoch 254/500	Training Loss: 0.9315	Time remaining is 8h:44m
2024-06-12 17:58:11 INFO Epoch 255/500	Training Loss: 0.9346	Time remaining is 8h:42m
2024-06-12 17:59:56 INFO Testing: dataset_name: market1501 top1:0.9525 top5:0.9869 top10:0.9923 mAP:0.8848
2024-06-12 18:01:49 INFO Epoch 256/500	Training Loss: 0.9353	Time remaining is 8h:41m
2024-06-12 18:03:43 INFO Epoch 257/500	Training Loss: 0.9309	Time remaining is 8h:39m
2024-06-12 18:05:37 INFO Epoch 258/500	Training Loss: 0.9406	Time remaining is 8h:36m
2024-06-12 18:07:30 INFO Epoch 259/500	Training Loss: 0.9304	Time remaining is 8h:34m
2024-06-12 18:09:23 INFO Epoch 260/500	Training Loss: 0.9338	Time remaining is 8h:32m
2024-06-12 18:11:08 INFO Testing: dataset_name: market1501 top1:0.9531 top5:0.9866 top10:0.9932 mAP:0.8849
2024-06-12 18:13:01 INFO Epoch 261/500	Training Loss: 0.9305	Time remaining is 8h:31m
2024-06-12 18:14:55 INFO Epoch 262/500	Training Loss: 0.9343	Time remaining is 8h:28m
2024-06-12 18:16:49 INFO Epoch 263/500	Training Loss: 0.9343	Time remaining is 8h:26m
2024-06-12 18:18:42 INFO Epoch 264/500	Training Loss: 0.9343	Time remaining is 8h:24m
2024-06-12 18:20:36 INFO Epoch 265/500	Training Loss: 0.9304	Time remaining is 8h:21m
2024-06-12 18:22:20 INFO Testing: dataset_name: market1501 top1:0.9525 top5:0.9872 top10:0.9926 mAP:0.8864
2024-06-12 18:24:14 INFO Epoch 266/500	Training Loss: 0.9296	Time remaining is 8h:21m
2024-06-12 18:26:07 INFO Epoch 267/500	Training Loss: 0.9345	Time remaining is 8h:18m
2024-06-12 18:28:01 INFO Epoch 268/500	Training Loss: 0.9352	Time remaining is 8h:16m
2024-06-12 18:29:55 INFO Epoch 269/500	Training Loss: 0.9349	Time remaining is 8h:14m
2024-06-12 18:31:48 INFO Epoch 270/500	Training Loss: 0.9299	Time remaining is 8h:11m
2024-06-12 18:33:33 INFO Testing: dataset_name: market1501 top1:0.9525 top5:0.9863 top10:0.9932 mAP:0.8857
2024-06-12 18:35:26 INFO Epoch 271/500	Training Loss: 0.9351	Time remaining is 8h:10m
2024-06-12 18:37:20 INFO Epoch 272/500	Training Loss: 0.9352	Time remaining is 8h:8m
2024-06-12 18:39:13 INFO Epoch 273/500	Training Loss: 0.9298	Time remaining is 8h:6m
2024-06-12 18:41:06 INFO Epoch 274/500	Training Loss: 0.9341	Time remaining is 8h:3m
2024-06-12 18:42:59 INFO Epoch 275/500	Training Loss: 0.9289	Time remaining is 8h:1m
2024-06-12 18:44:44 INFO Testing: dataset_name: market1501 top1:0.9531 top5:0.9857 top10:0.9929 mAP:0.8859
2024-06-12 18:46:37 INFO Epoch 276/500	Training Loss: 0.9336	Time remaining is 8h:0m
2024-06-12 18:48:30 INFO Epoch 277/500	Training Loss: 0.9296	Time remaining is 7h:58m
2024-06-12 18:50:24 INFO Epoch 278/500	Training Loss: 0.9296	Time remaining is 7h:56m
2024-06-12 18:52:17 INFO Epoch 279/500	Training Loss: 0.9347	Time remaining is 7h:53m
2024-06-12 18:54:11 INFO Epoch 280/500	Training Loss: 0.9338	Time remaining is 7h:51m
2024-06-12 18:55:56 INFO Testing: dataset_name: market1501 top1:0.9540 top5:0.9863 top10:0.9935 mAP:0.8862
2024-06-12 18:57:49 INFO Epoch 281/500	Training Loss: 0.9281	Time remaining is 7h:50m
2024-06-12 18:59:42 INFO Epoch 282/500	Training Loss: 0.9291	Time remaining is 7h:48m
2024-06-12 19:01:36 INFO Epoch 283/500	Training Loss: 0.9327	Time remaining is 7h:45m
2024-06-12 19:03:30 INFO Epoch 284/500	Training Loss: 0.9328	Time remaining is 7h:43m
2024-06-12 19:05:23 INFO Epoch 285/500	Training Loss: 0.9339	Time remaining is 7h:41m
2024-06-12 19:07:08 INFO Testing: dataset_name: market1501 top1:0.9549 top5:0.9860 top10:0.9932 mAP:0.8866
2024-06-12 19:09:02 INFO Epoch 286/500	Training Loss: 0.9331	Time remaining is 7h:40m
2024-06-12 19:10:55 INFO Epoch 287/500	Training Loss: 0.9334	Time remaining is 7h:37m
2024-06-12 19:12:49 INFO Epoch 288/500	Training Loss: 0.9327	Time remaining is 7h:35m
2024-06-12 19:14:42 INFO Epoch 289/500	Training Loss: 0.9280	Time remaining is 7h:33m
2024-06-12 19:16:36 INFO Epoch 290/500	Training Loss: 0.9328	Time remaining is 7h:30m
2024-06-12 19:18:21 INFO Testing: dataset_name: market1501 top1:0.9543 top5:0.9852 top10:0.9929 mAP:0.8852
2024-06-12 19:20:14 INFO Epoch 291/500	Training Loss: 0.9275	Time remaining is 7h:29m
2024-06-12 19:22:07 INFO Epoch 292/500	Training Loss: 0.9322	Time remaining is 7h:27m
2024-06-12 19:24:00 INFO Epoch 293/500	Training Loss: 0.9287	Time remaining is 7h:25m
2024-06-12 19:25:54 INFO Epoch 294/500	Training Loss: 0.9326	Time remaining is 7h:22m
2024-06-12 19:27:47 INFO Epoch 295/500	Training Loss: 0.9333	Time remaining is 7h:20m
2024-06-12 19:29:32 INFO Testing: dataset_name: market1501 top1:0.9558 top5:0.9860 top10:0.9926 mAP:0.8868
2024-06-12 19:31:26 INFO Epoch 296/500	Training Loss: 0.9323	Time remaining is 7h:19m
2024-06-12 19:33:20 INFO Epoch 297/500	Training Loss: 0.9326	Time remaining is 7h:17m
2024-06-12 19:35:14 INFO Epoch 298/500	Training Loss: 0.9322	Time remaining is 7h:14m
2024-06-12 19:37:07 INFO Epoch 299/500	Training Loss: 0.9283	Time remaining is 7h:12m
2024-06-12 19:39:00 INFO Epoch 300/500	Training Loss: 0.9279	Time remaining is 7h:10m
2024-06-12 19:40:45 INFO Testing: dataset_name: market1501 top1:0.9528 top5:0.9869 top10:0.9929 mAP:0.8866
2024-06-12 19:42:38 INFO Epoch 301/500	Training Loss: 0.9327	Time remaining is 7h:9m
2024-06-12 19:44:32 INFO Epoch 302/500	Training Loss: 0.9323	Time remaining is 7h:6m
2024-06-12 19:46:26 INFO Epoch 303/500	Training Loss: 0.9320	Time remaining is 7h:4m
2024-06-12 19:48:19 INFO Epoch 304/500	Training Loss: 0.9312	Time remaining is 7h:2m
2024-06-12 19:50:13 INFO Epoch 305/500	Training Loss: 0.9315	Time remaining is 6h:59m
2024-06-12 19:51:58 INFO Testing: dataset_name: market1501 top1:0.9543 top5:0.9869 top10:0.9923 mAP:0.8881
2024-06-12 19:53:52 INFO Epoch 306/500	Training Loss: 0.9323	Time remaining is 6h:58m
2024-06-12 19:55:45 INFO Epoch 307/500	Training Loss: 0.9284	Time remaining is 6h:56m
2024-06-12 19:57:38 INFO Epoch 308/500	Training Loss: 0.9260	Time remaining is 6h:54m
2024-06-12 19:59:32 INFO Epoch 309/500	Training Loss: 0.9313	Time remaining is 6h:51m
2024-06-12 20:01:25 INFO Epoch 310/500	Training Loss: 0.9318	Time remaining is 6h:49m
2024-06-12 20:03:10 INFO Testing: dataset_name: market1501 top1:0.9546 top5:0.9872 top10:0.9929 mAP:0.8873
2024-06-12 20:05:05 INFO Epoch 311/500	Training Loss: 0.9306	Time remaining is 6h:48m
2024-06-12 20:06:58 INFO Epoch 312/500	Training Loss: 0.9272	Time remaining is 6h:46m
2024-06-12 20:08:52 INFO Epoch 313/500	Training Loss: 0.9256	Time remaining is 6h:43m
2024-06-12 20:10:46 INFO Epoch 314/500	Training Loss: 0.9361	Time remaining is 6h:41m
2024-06-12 20:12:40 INFO Epoch 315/500	Training Loss: 0.9317	Time remaining is 6h:39m
2024-06-12 20:14:25 INFO Testing: dataset_name: market1501 top1:0.9537 top5:0.9849 top10:0.9935 mAP:0.8867
2024-06-12 20:16:18 INFO Epoch 316/500	Training Loss: 0.9270	Time remaining is 6h:37m
2024-06-12 20:18:11 INFO Epoch 317/500	Training Loss: 0.9317	Time remaining is 6h:35m
2024-06-12 20:20:04 INFO Epoch 318/500	Training Loss: 0.9265	Time remaining is 6h:33m
2024-06-12 20:21:58 INFO Epoch 319/500	Training Loss: 0.9315	Time remaining is 6h:31m
2024-06-12 20:23:52 INFO Epoch 320/500	Training Loss: 0.9317	Time remaining is 6h:28m
2024-06-12 20:25:37 INFO Testing: dataset_name: market1501 top1:0.9543 top5:0.9863 top10:0.9929 mAP:0.8867
2024-06-12 20:27:31 INFO Epoch 321/500	Training Loss: 0.9300	Time remaining is 6h:27m
2024-06-12 20:29:23 INFO Epoch 322/500	Training Loss: 0.9265	Time remaining is 6h:25m
2024-06-12 20:31:17 INFO Epoch 323/500	Training Loss: 0.9308	Time remaining is 6h:22m
2024-06-12 20:33:10 INFO Epoch 324/500	Training Loss: 0.9303	Time remaining is 6h:20m
2024-06-12 20:35:03 INFO Epoch 325/500	Training Loss: 0.9255	Time remaining is 6h:18m
2024-06-12 20:36:48 INFO Testing: dataset_name: market1501 top1:0.9537 top5:0.9849 top10:0.9923 mAP:0.8855
2024-06-12 20:38:42 INFO Epoch 326/500	Training Loss: 0.9316	Time remaining is 6h:16m
2024-06-12 20:40:35 INFO Epoch 327/500	Training Loss: 0.9298	Time remaining is 6h:14m
2024-06-12 20:42:29 INFO Epoch 328/500	Training Loss: 0.9300	Time remaining is 6h:12m
2024-06-12 20:44:22 INFO Epoch 329/500	Training Loss: 0.9294	Time remaining is 6h:10m
2024-06-12 20:46:16 INFO Epoch 330/500	Training Loss: 0.9301	Time remaining is 6h:7m
2024-06-12 20:48:01 INFO Testing: dataset_name: market1501 top1:0.9549 top5:0.9846 top10:0.9926 mAP:0.8871
2024-06-12 20:49:54 INFO Epoch 331/500	Training Loss: 0.9247	Time remaining is 6h:6m
2024-06-12 20:51:46 INFO Epoch 332/500	Training Loss: 0.9250	Time remaining is 6h:4m
2024-06-12 20:53:40 INFO Epoch 333/500	Training Loss: 0.9297	Time remaining is 6h:1m
2024-06-12 20:55:34 INFO Epoch 334/500	Training Loss: 0.9299	Time remaining is 5h:59m
2024-06-12 20:57:28 INFO Epoch 335/500	Training Loss: 0.9348	Time remaining is 5h:57m
2024-06-12 20:59:13 INFO Testing: dataset_name: market1501 top1:0.9543 top5:0.9863 top10:0.9926 mAP:0.8870
2024-06-12 21:01:07 INFO Epoch 336/500	Training Loss: 0.9298	Time remaining is 5h:55m
2024-06-12 21:03:01 INFO Epoch 337/500	Training Loss: 0.9336	Time remaining is 5h:53m
2024-06-12 21:04:54 INFO Epoch 338/500	Training Loss: 0.9258	Time remaining is 5h:51m
2024-06-12 21:06:48 INFO Epoch 339/500	Training Loss: 0.9291	Time remaining is 5h:49m
2024-06-12 21:08:42 INFO Epoch 340/500	Training Loss: 0.9306	Time remaining is 5h:46m
2024-06-12 21:10:27 INFO Testing: dataset_name: market1501 top1:0.9540 top5:0.9857 top10:0.9914 mAP:0.8868
2024-06-12 21:12:21 INFO Epoch 341/500	Training Loss: 0.9347	Time remaining is 5h:45m
2024-06-12 21:14:14 INFO Epoch 342/500	Training Loss: 0.9289	Time remaining is 5h:43m
2024-06-12 21:16:08 INFO Epoch 343/500	Training Loss: 0.9301	Time remaining is 5h:40m
2024-06-12 21:18:01 INFO Epoch 344/500	Training Loss: 0.9305	Time remaining is 5h:38m
2024-06-12 21:19:55 INFO Epoch 345/500	Training Loss: 0.9299	Time remaining is 5h:36m
2024-06-12 21:21:40 INFO Testing: dataset_name: market1501 top1:0.9540 top5:0.9855 top10:0.9914 mAP:0.8861
2024-06-12 21:23:35 INFO Epoch 346/500	Training Loss: 0.9243	Time remaining is 5h:34m
2024-06-12 21:25:29 INFO Epoch 347/500	Training Loss: 0.9292	Time remaining is 5h:32m
2024-06-12 21:27:24 INFO Epoch 348/500	Training Loss: 0.9311	Time remaining is 5h:30m
2024-06-12 21:29:18 INFO Epoch 349/500	Training Loss: 0.9251	Time remaining is 5h:27m
2024-06-12 21:31:12 INFO Epoch 350/500	Training Loss: 0.9280	Time remaining is 5h:25m
2024-06-12 21:32:57 INFO Testing: dataset_name: market1501 top1:0.9540 top5:0.9849 top10:0.9926 mAP:0.8871
2024-06-12 21:34:50 INFO Epoch 351/500	Training Loss: 0.9282	Time remaining is 5h:24m
2024-06-12 21:36:44 INFO Epoch 352/500	Training Loss: 0.9281	Time remaining is 5h:21m
2024-06-12 21:38:37 INFO Epoch 353/500	Training Loss: 0.9240	Time remaining is 5h:19m
2024-06-12 21:40:31 INFO Epoch 354/500	Training Loss: 0.9287	Time remaining is 5h:17m
2024-06-12 21:42:24 INFO Epoch 355/500	Training Loss: 0.9282	Time remaining is 5h:15m
2024-06-12 21:44:09 INFO Testing: dataset_name: market1501 top1:0.9558 top5:0.9846 top10:0.9908 mAP:0.8873
2024-06-12 21:46:03 INFO Epoch 356/500	Training Loss: 0.9288	Time remaining is 5h:13m
2024-06-12 21:47:56 INFO Epoch 357/500	Training Loss: 0.9239	Time remaining is 5h:11m
2024-06-12 21:49:49 INFO Epoch 358/500	Training Loss: 0.9279	Time remaining is 5h:8m
2024-06-12 21:51:45 INFO Epoch 359/500	Training Loss: 0.9271	Time remaining is 5h:6m
2024-06-12 21:53:39 INFO Epoch 360/500	Training Loss: 0.9273	Time remaining is 5h:4m
2024-06-12 21:55:23 INFO Testing: dataset_name: market1501 top1:0.9558 top5:0.9843 top10:0.9917 mAP:0.8881
2024-06-12 21:57:17 INFO Epoch 361/500	Training Loss: 0.9287	Time remaining is 5h:2m
2024-06-12 21:59:10 INFO Epoch 362/500	Training Loss: 0.9278	Time remaining is 5h:0m
2024-06-12 22:01:03 INFO Epoch 363/500	Training Loss: 0.9240	Time remaining is 4h:58m
2024-06-12 22:02:57 INFO Epoch 364/500	Training Loss: 0.9277	Time remaining is 4h:56m
2024-06-12 22:04:51 INFO Epoch 365/500	Training Loss: 0.9334	Time remaining is 4h:53m
2024-06-12 22:06:36 INFO Testing: dataset_name: market1501 top1:0.9534 top5:0.9843 top10:0.9917 mAP:0.8863
2024-06-12 22:08:30 INFO Epoch 366/500	Training Loss: 0.9239	Time remaining is 4h:52m
2024-06-12 22:10:24 INFO Epoch 367/500	Training Loss: 0.9273	Time remaining is 4h:50m
2024-06-12 22:12:17 INFO Epoch 368/500	Training Loss: 0.9237	Time remaining is 4h:47m
2024-06-12 22:14:11 INFO Epoch 369/500	Training Loss: 0.9279	Time remaining is 4h:45m
2024-06-12 22:16:04 INFO Epoch 370/500	Training Loss: 0.9286	Time remaining is 4h:43m
2024-06-12 22:17:49 INFO Testing: dataset_name: market1501 top1:0.9543 top5:0.9840 top10:0.9926 mAP:0.8853
2024-06-12 22:19:42 INFO Epoch 371/500	Training Loss: 0.9228	Time remaining is 4h:41m
2024-06-12 22:21:35 INFO Epoch 372/500	Training Loss: 0.9224	Time remaining is 4h:39m
2024-06-12 22:23:29 INFO Epoch 373/500	Training Loss: 0.9275	Time remaining is 4h:37m
2024-06-12 22:25:22 INFO Epoch 374/500	Training Loss: 0.9227	Time remaining is 4h:34m
2024-06-12 22:27:16 INFO Epoch 375/500	Training Loss: 0.9271	Time remaining is 4h:32m
2024-06-12 22:29:01 INFO Testing: dataset_name: market1501 top1:0.9540 top5:0.9852 top10:0.9923 mAP:0.8865
2024-06-12 22:30:55 INFO Epoch 376/500	Training Loss: 0.9272	Time remaining is 4h:30m
2024-06-12 22:32:48 INFO Epoch 377/500	Training Loss: 0.9223	Time remaining is 4h:28m
2024-06-12 22:34:41 INFO Epoch 378/500	Training Loss: 0.9225	Time remaining is 4h:26m
2024-06-12 22:36:34 INFO Epoch 379/500	Training Loss: 0.9226	Time remaining is 4h:24m
2024-06-12 22:38:27 INFO Epoch 380/500	Training Loss: 0.9279	Time remaining is 4h:21m
2024-06-12 22:40:12 INFO Testing: dataset_name: market1501 top1:0.9543 top5:0.9852 top10:0.9926 mAP:0.8857
2024-06-12 22:42:06 INFO Epoch 381/500	Training Loss: 0.9260	Time remaining is 4h:20m
2024-06-12 22:44:01 INFO Epoch 382/500	Training Loss: 0.9275	Time remaining is 4h:17m
2024-06-12 22:45:55 INFO Epoch 383/500	Training Loss: 0.9272	Time remaining is 4h:15m
2024-06-12 22:47:48 INFO Epoch 384/500	Training Loss: 0.9283	Time remaining is 4h:13m
2024-06-12 22:49:42 INFO Epoch 385/500	Training Loss: 0.9234	Time remaining is 4h:11m
2024-06-12 22:51:27 INFO Testing: dataset_name: market1501 top1:0.9546 top5:0.9843 top10:0.9929 mAP:0.8868
2024-06-12 22:53:22 INFO Epoch 386/500	Training Loss: 0.9315	Time remaining is 4h:9m
2024-06-12 22:55:15 INFO Epoch 387/500	Training Loss: 0.9215	Time remaining is 4h:7m
2024-06-12 22:57:09 INFO Epoch 388/500	Training Loss: 0.9317	Time remaining is 4h:5m
2024-06-12 22:59:03 INFO Epoch 389/500	Training Loss: 0.9271	Time remaining is 4h:2m
2024-06-12 23:00:57 INFO Epoch 390/500	Training Loss: 0.9217	Time remaining is 4h:0m
2024-06-12 23:02:41 INFO Testing: dataset_name: market1501 top1:0.9552 top5:0.9857 top10:0.9920 mAP:0.8872
2024-06-12 23:04:35 INFO Epoch 391/500	Training Loss: 0.9272	Time remaining is 3h:58m
2024-06-12 23:06:29 INFO Epoch 392/500	Training Loss: 0.9216	Time remaining is 3h:56m
2024-06-12 23:08:22 INFO Epoch 393/500	Training Loss: 0.9227	Time remaining is 3h:54m
2024-06-12 23:10:15 INFO Epoch 394/500	Training Loss: 0.9259	Time remaining is 3h:52m
2024-06-12 23:12:08 INFO Epoch 395/500	Training Loss: 0.9225	Time remaining is 3h:49m
2024-06-12 23:13:53 INFO Testing: dataset_name: market1501 top1:0.9540 top5:0.9840 top10:0.9917 mAP:0.8865
2024-06-12 23:15:47 INFO Epoch 396/500	Training Loss: 0.9225	Time remaining is 3h:48m
2024-06-12 23:17:39 INFO Epoch 397/500	Training Loss: 0.9218	Time remaining is 3h:45m
2024-06-12 23:19:33 INFO Epoch 398/500	Training Loss: 0.9261	Time remaining is 3h:43m
2024-06-12 23:21:26 INFO Epoch 399/500	Training Loss: 0.9216	Time remaining is 3h:41m
2024-06-12 23:23:18 INFO Epoch 400/500	Training Loss: 0.9210	Time remaining is 3h:39m
2024-06-12 23:25:03 INFO Testing: dataset_name: market1501 top1:0.9546 top5:0.9846 top10:0.9926 mAP:0.8863
2024-06-12 23:26:57 INFO Epoch 401/500	Training Loss: 0.9260	Time remaining is 3h:37m
2024-06-12 23:28:51 INFO Epoch 402/500	Training Loss: 0.9259	Time remaining is 3h:35m
2024-06-12 23:30:44 INFO Epoch 403/500	Training Loss: 0.9198	Time remaining is 3h:32m
2024-06-12 23:32:38 INFO Epoch 404/500	Training Loss: 0.9265	Time remaining is 3h:30m
2024-06-12 23:34:31 INFO Epoch 405/500	Training Loss: 0.9266	Time remaining is 3h:28m
2024-06-12 23:36:16 INFO Testing: dataset_name: market1501 top1:0.9561 top5:0.9860 top10:0.9923 mAP:0.8868
2024-06-12 23:38:09 INFO Epoch 406/500	Training Loss: 0.9267	Time remaining is 3h:26m
2024-06-12 23:40:03 INFO Epoch 407/500	Training Loss: 0.9258	Time remaining is 3h:24m
2024-06-12 23:41:56 INFO Epoch 408/500	Training Loss: 0.9263	Time remaining is 3h:22m
2024-06-12 23:43:50 INFO Epoch 409/500	Training Loss: 0.9269	Time remaining is 3h:19m
2024-06-12 23:45:43 INFO Epoch 410/500	Training Loss: 0.9272	Time remaining is 3h:17m
2024-06-12 23:47:28 INFO Testing: dataset_name: market1501 top1:0.9540 top5:0.9846 top10:0.9920 mAP:0.8852
2024-06-12 23:49:21 INFO Epoch 411/500	Training Loss: 0.9209	Time remaining is 3h:15m
2024-06-12 23:51:15 INFO Epoch 412/500	Training Loss: 0.9249	Time remaining is 3h:13m
2024-06-12 23:53:08 INFO Epoch 413/500	Training Loss: 0.9199	Time remaining is 3h:11m
2024-06-12 23:55:01 INFO Epoch 414/500	Training Loss: 0.9258	Time remaining is 3h:9m
2024-06-12 23:56:55 INFO Epoch 415/500	Training Loss: 0.9248	Time remaining is 3h:6m
2024-06-12 23:58:40 INFO Testing: dataset_name: market1501 top1:0.9540 top5:0.9834 top10:0.9926 mAP:0.8858
2024-06-13 00:00:33 INFO Epoch 416/500	Training Loss: 0.9210	Time remaining is 3h:5m
2024-06-13 00:02:26 INFO Epoch 417/500	Training Loss: 0.9262	Time remaining is 3h:2m
2024-06-13 00:04:20 INFO Epoch 418/500	Training Loss: 0.9252	Time remaining is 3h:0m
2024-06-13 00:06:14 INFO Epoch 419/500	Training Loss: 0.9259	Time remaining is 2h:58m
2024-06-13 00:08:07 INFO Epoch 420/500	Training Loss: 0.9255	Time remaining is 2h:56m
2024-06-13 00:09:52 INFO Testing: dataset_name: market1501 top1:0.9546 top5:0.9831 top10:0.9917 mAP:0.8855
2024-06-13 00:11:46 INFO Epoch 421/500	Training Loss: 0.9252	Time remaining is 2h:54m
2024-06-13 00:13:40 INFO Epoch 422/500	Training Loss: 0.9246	Time remaining is 2h:52m
2024-06-13 00:15:32 INFO Epoch 423/500	Training Loss: 0.9209	Time remaining is 2h:49m
2024-06-13 00:17:25 INFO Epoch 424/500	Training Loss: 0.9204	Time remaining is 2h:47m
2024-06-13 00:19:19 INFO Epoch 425/500	Training Loss: 0.9245	Time remaining is 2h:45m
2024-06-13 00:21:04 INFO Testing: dataset_name: market1501 top1:0.9549 top5:0.9846 top10:0.9911 mAP:0.8871
2024-06-13 00:22:57 INFO Epoch 426/500	Training Loss: 0.9201	Time remaining is 2h:43m
2024-06-13 00:24:51 INFO Epoch 427/500	Training Loss: 0.9258	Time remaining is 2h:41m
2024-06-13 00:26:45 INFO Epoch 428/500	Training Loss: 0.9251	Time remaining is 2h:38m
2024-06-13 00:28:38 INFO Epoch 429/500	Training Loss: 0.9248	Time remaining is 2h:36m
2024-06-13 00:30:32 INFO Epoch 430/500	Training Loss: 0.9257	Time remaining is 2h:34m
2024-06-13 00:32:17 INFO Testing: dataset_name: market1501 top1:0.9546 top5:0.9849 top10:0.9926 mAP:0.8851
2024-06-13 00:34:10 INFO Epoch 431/500	Training Loss: 0.9246	Time remaining is 2h:32m
2024-06-13 00:36:04 INFO Epoch 432/500	Training Loss: 0.9241	Time remaining is 2h:30m
2024-06-13 00:37:57 INFO Epoch 433/500	Training Loss: 0.9204	Time remaining is 2h:28m
2024-06-13 00:39:51 INFO Epoch 434/500	Training Loss: 0.9261	Time remaining is 2h:25m
2024-06-13 00:41:44 INFO Epoch 435/500	Training Loss: 0.9245	Time remaining is 2h:23m
2024-06-13 00:43:29 INFO Testing: dataset_name: market1501 top1:0.9540 top5:0.9840 top10:0.9917 mAP:0.8862
2024-06-13 00:45:23 INFO Epoch 436/500	Training Loss: 0.9244	Time remaining is 2h:21m
2024-06-13 00:47:17 INFO Epoch 437/500	Training Loss: 0.9253	Time remaining is 2h:19m
2024-06-13 00:49:10 INFO Epoch 438/500	Training Loss: 0.9198	Time remaining is 2h:17m
2024-06-13 00:51:04 INFO Epoch 439/500	Training Loss: 0.9236	Time remaining is 2h:15m
2024-06-13 00:52:58 INFO Epoch 440/500	Training Loss: 0.9235	Time remaining is 2h:12m
2024-06-13 00:54:43 INFO Testing: dataset_name: market1501 top1:0.9555 top5:0.9834 top10:0.9908 mAP:0.8861
2024-06-13 00:56:37 INFO Epoch 441/500	Training Loss: 0.9251	Time remaining is 2h:10m
2024-06-13 00:58:30 INFO Epoch 442/500	Training Loss: 0.9236	Time remaining is 2h:8m
2024-06-13 01:00:23 INFO Epoch 443/500	Training Loss: 0.9245	Time remaining is 2h:6m
2024-06-13 01:02:16 INFO Epoch 444/500	Training Loss: 0.9187	Time remaining is 2h:4m
2024-06-13 01:04:10 INFO Epoch 445/500	Training Loss: 0.9231	Time remaining is 2h:2m
2024-06-13 01:05:55 INFO Testing: dataset_name: market1501 top1:0.9540 top5:0.9863 top10:0.9917 mAP:0.8844
2024-06-13 01:07:48 INFO Epoch 446/500	Training Loss: 0.9237	Time remaining is 1h:60m
2024-06-13 01:09:41 INFO Epoch 447/500	Training Loss: 0.9192	Time remaining is 1h:57m
2024-06-13 01:11:34 INFO Epoch 448/500	Training Loss: 0.9195	Time remaining is 1h:55m
2024-06-13 01:13:28 INFO Epoch 449/500	Training Loss: 0.9243	Time remaining is 1h:53m
2024-06-13 01:15:22 INFO Epoch 450/500	Training Loss: 0.9230	Time remaining is 1h:51m
2024-06-13 01:17:07 INFO Testing: dataset_name: market1501 top1:0.9519 top5:0.9846 top10:0.9917 mAP:0.8845
2024-06-13 01:19:00 INFO Epoch 451/500	Training Loss: 0.9236	Time remaining is 1h:49m
2024-06-13 01:20:54 INFO Epoch 452/500	Training Loss: 0.9232	Time remaining is 1h:47m
2024-06-13 01:22:48 INFO Epoch 453/500	Training Loss: 0.9239	Time remaining is 1h:44m
2024-06-13 01:24:40 INFO Epoch 454/500	Training Loss: 0.9187	Time remaining is 1h:42m
2024-06-13 01:26:34 INFO Epoch 455/500	Training Loss: 0.9186	Time remaining is 1h:40m
2024-06-13 01:28:18 INFO Testing: dataset_name: market1501 top1:0.9543 top5:0.9849 top10:0.9917 mAP:0.8849
2024-06-13 01:30:12 INFO Epoch 456/500	Training Loss: 0.9235	Time remaining is 1h:38m
2024-06-13 01:32:05 INFO Epoch 457/500	Training Loss: 0.9234	Time remaining is 1h:36m
2024-06-13 01:33:59 INFO Epoch 458/500	Training Loss: 0.9229	Time remaining is 1h:34m
2024-06-13 01:35:52 INFO Epoch 459/500	Training Loss: 0.9183	Time remaining is 1h:31m
2024-06-13 01:37:45 INFO Epoch 460/500	Training Loss: 0.9232	Time remaining is 1h:29m
2024-06-13 01:39:30 INFO Testing: dataset_name: market1501 top1:0.9525 top5:0.9834 top10:0.9905 mAP:0.8833
2024-06-13 01:41:23 INFO Epoch 461/500	Training Loss: 0.9191	Time remaining is 1h:27m
2024-06-13 01:43:17 INFO Epoch 462/500	Training Loss: 0.9224	Time remaining is 1h:25m
2024-06-13 01:45:11 INFO Epoch 463/500	Training Loss: 0.9232	Time remaining is 1h:23m
2024-06-13 01:47:05 INFO Epoch 464/500	Training Loss: 0.9232	Time remaining is 1h:21m
2024-06-13 01:48:58 INFO Epoch 465/500	Training Loss: 0.9191	Time remaining is 1h:18m
2024-06-13 01:50:43 INFO Testing: dataset_name: market1501 top1:0.9516 top5:0.9837 top10:0.9917 mAP:0.8852
2024-06-13 01:52:37 INFO Epoch 466/500	Training Loss: 0.9239	Time remaining is 1h:16m
2024-06-13 01:54:30 INFO Epoch 467/500	Training Loss: 0.9223	Time remaining is 1h:14m
2024-06-13 01:56:24 INFO Epoch 468/500	Training Loss: 0.9275	Time remaining is 1h:12m
2024-06-13 01:58:18 INFO Epoch 469/500	Training Loss: 0.9230	Time remaining is 1h:10m
2024-06-13 02:00:12 INFO Epoch 470/500	Training Loss: 0.9233	Time remaining is 1h:7m
2024-06-13 02:01:56 INFO Testing: dataset_name: market1501 top1:0.9534 top5:0.9822 top10:0.9908 mAP:0.8842
2024-06-13 02:03:50 INFO Epoch 471/500	Training Loss: 0.9230	Time remaining is 1h:5m
2024-06-13 02:05:43 INFO Epoch 472/500	Training Loss: 0.9180	Time remaining is 1h:3m
2024-06-13 02:07:37 INFO Epoch 473/500	Training Loss: 0.9283	Time remaining is 1h:1m
2024-06-13 02:09:31 INFO Epoch 474/500	Training Loss: 0.9235	Time remaining is 0h:59m
2024-06-13 02:11:25 INFO Epoch 475/500	Training Loss: 0.9186	Time remaining is 0h:57m
2024-06-13 02:13:10 INFO Testing: dataset_name: market1501 top1:0.9525 top5:0.9846 top10:0.9914 mAP:0.8855
2024-06-13 02:15:03 INFO Epoch 476/500	Training Loss: 0.9215	Time remaining is 0h:54m
2024-06-13 02:16:57 INFO Epoch 477/500	Training Loss: 0.9183	Time remaining is 0h:52m
2024-06-13 02:18:50 INFO Epoch 478/500	Training Loss: 0.9231	Time remaining is 0h:50m
2024-06-13 02:20:43 INFO Epoch 479/500	Training Loss: 0.9169	Time remaining is 0h:48m
2024-06-13 02:22:37 INFO Epoch 480/500	Training Loss: 0.9228	Time remaining is 0h:46m
2024-06-13 02:24:22 INFO Testing: dataset_name: market1501 top1:0.9528 top5:0.9831 top10:0.9908 mAP:0.8832
2024-06-13 02:26:15 INFO Epoch 481/500	Training Loss: 0.9218	Time remaining is 0h:44m
2024-06-13 02:28:08 INFO Epoch 482/500	Training Loss: 0.9171	Time remaining is 0h:41m
2024-06-13 02:30:02 INFO Epoch 483/500	Training Loss: 0.9224	Time remaining is 0h:39m
2024-06-13 02:31:55 INFO Epoch 484/500	Training Loss: 0.9271	Time remaining is 0h:37m
2024-06-13 02:33:49 INFO Epoch 485/500	Training Loss: 0.9225	Time remaining is 0h:35m
2024-06-13 02:35:34 INFO Testing: dataset_name: market1501 top1:0.9546 top5:0.9822 top10:0.9914 mAP:0.8836
2024-06-13 02:37:27 INFO Epoch 486/500	Training Loss: 0.9227	Time remaining is 0h:33m
2024-06-13 02:39:21 INFO Epoch 487/500	Training Loss: 0.9268	Time remaining is 0h:31m
2024-06-13 02:41:14 INFO Epoch 488/500	Training Loss: 0.9181	Time remaining is 0h:28m
2024-06-13 02:43:08 INFO Epoch 489/500	Training Loss: 0.9220	Time remaining is 0h:26m
2024-06-13 02:45:02 INFO Epoch 490/500	Training Loss: 0.9230	Time remaining is 0h:24m
2024-06-13 02:46:47 INFO Testing: dataset_name: market1501 top1:0.9528 top5:0.9840 top10:0.9911 mAP:0.8843
2024-06-13 02:48:40 INFO Epoch 491/500	Training Loss: 0.9183	Time remaining is 0h:22m
2024-06-13 02:50:33 INFO Epoch 492/500	Training Loss: 0.9221	Time remaining is 0h:20m
2024-06-13 02:52:27 INFO Epoch 493/500	Training Loss: 0.9175	Time remaining is 0h:17m
2024-06-13 02:54:20 INFO Epoch 494/500	Training Loss: 0.9171	Time remaining is 0h:15m
2024-06-13 02:56:13 INFO Epoch 495/500	Training Loss: 0.9225	Time remaining is 0h:13m
2024-06-13 02:57:58 INFO Testing: dataset_name: market1501 top1:0.9522 top5:0.9831 top10:0.9908 mAP:0.8831
2024-06-13 02:59:52 INFO Epoch 496/500	Training Loss: 0.9218	Time remaining is 0h:11m
2024-06-13 03:01:45 INFO Epoch 497/500	Training Loss: 0.9174	Time remaining is 0h:9m
2024-06-13 03:03:39 INFO Epoch 498/500	Training Loss: 0.9222	Time remaining is 0h:7m
2024-06-13 03:05:32 INFO Epoch 499/500	Training Loss: 0.9171	Time remaining is 0h:4m
2024-06-13 03:07:25 INFO Epoch 500/500	Training Loss: 0.9226	Time remaining is 0h:2m
2024-06-13 03:09:10 INFO Testing: dataset_name: market1501 top1:0.9528 top5:0.9831 top10:0.9899 mAP:0.8840
2024-06-13 03:09:10 INFO The running time of training: 6.55011e+04 s
