2024-03-29 07:24:16 INFO ##################################################
2024-03-29 07:24:16 INFO Config values: batch_size: 60	current_directory: /home/hy/project/reid_task/ex_main5	dataset_name: market1501	dataset_path: /home/hy/project/data/Market-1501-v15.09.15	device: cuda	dtype: torch.float32	epoch_start_test: 90	epochs: 120	img_height: 256	img_width: 128	logs_outputs_path: /home/hy/project/reid_task/ex_main5/./outputs/logs	models_outputs_path: /home/hy/project/reid_task/ex_main5/./outputs/models	np: <module 'numpy' from '/home/hy/anaconda3/envs/py396/lib/python3.9/site-packages/numpy/__init__.py'>	os: <module 'os' from '/home/hy/anaconda3/envs/py396/lib/python3.9/os.py'>	outputs_dir: ./outputs/	outputs_path: /home/hy/project/reid_task/ex_main5/./outputs/	print_every: 1	seed: 1	taskname: ReID_Task	temps_outputs_path: /home/hy/project/reid_task/ex_main5/./outputs/temps	test_batch_size: 256	test_every: 5	torch: <module 'torch' from '/home/hy/anaconda3/envs/py396/lib/python3.9/site-packages/torch/__init__.py'>
2024-03-29 07:24:16 INFO Task: ReID_Task
2024-03-29 07:24:16 INFO Using device: cuda
2024-03-29 07:24:16 INFO Using data type: torch.float32
2024-03-29 07:24:16 INFO Number of GPUs: 1
2024-03-29 07:24:16 INFO GPU is_available: True
2024-03-29 07:24:16 INFO GPU name: NVIDIA GeForce RTX 3060
2024-03-29 07:24:16 INFO CUDA version: 12.1
2024-03-29 07:24:16 INFO Current device id: 0
2024-03-29 07:24:16 INFO ##################################################
2024-03-29 07:25:33 INFO Epoch 1/120	Training Loss: 9.6282	Time remaining is 2h:32m
2024-03-29 07:26:48 INFO Epoch 2/120	Training Loss: 8.1563	Time remaining is 2h:30m
2024-03-29 07:28:03 INFO Epoch 3/120	Training Loss: 6.3015	Time remaining is 2h:28m
2024-03-29 07:29:18 INFO Epoch 4/120	Training Loss: 4.8431	Time remaining is 2h:27m
2024-03-29 07:30:33 INFO Epoch 5/120	Training Loss: 3.7757	Time remaining is 2h:25m
2024-03-29 07:31:48 INFO Epoch 6/120	Training Loss: 3.0820	Time remaining is 2h:24m
2024-03-29 07:33:03 INFO Epoch 7/120	Training Loss: 2.7264	Time remaining is 2h:23m
2024-03-29 07:34:17 INFO Epoch 8/120	Training Loss: 2.5310	Time remaining is 2h:21m
2024-03-29 07:35:32 INFO Epoch 9/120	Training Loss: 2.4309	Time remaining is 2h:20m
2024-03-29 07:36:47 INFO Epoch 10/120	Training Loss: 2.3481	Time remaining is 2h:19m
2024-03-29 07:38:02 INFO Epoch 11/120	Training Loss: 2.3124	Time remaining is 2h:17m
2024-03-29 07:39:17 INFO Epoch 12/120	Training Loss: 2.2667	Time remaining is 2h:16m
2024-03-29 07:40:32 INFO Epoch 13/120	Training Loss: 2.2130	Time remaining is 2h:15m
2024-03-29 07:41:48 INFO Epoch 14/120	Training Loss: 2.1990	Time remaining is 2h:14m
2024-03-29 07:43:03 INFO Epoch 15/120	Training Loss: 2.1702	Time remaining is 2h:13m
2024-03-29 07:44:18 INFO Epoch 16/120	Training Loss: 2.1538	Time remaining is 2h:11m
2024-03-29 07:45:33 INFO Epoch 17/120	Training Loss: 2.1358	Time remaining is 2h:10m
2024-03-29 07:46:48 INFO Epoch 18/120	Training Loss: 2.1141	Time remaining is 2h:9m
2024-03-29 07:48:03 INFO Epoch 19/120	Training Loss: 2.1282	Time remaining is 2h:8m
2024-03-29 07:49:18 INFO Epoch 20/120	Training Loss: 2.1264	Time remaining is 2h:6m
2024-03-29 07:50:33 INFO Epoch 21/120	Training Loss: 2.1151	Time remaining is 2h:5m
2024-03-29 07:51:48 INFO Epoch 22/120	Training Loss: 2.1095	Time remaining is 2h:4m
2024-03-29 07:53:03 INFO Epoch 23/120	Training Loss: 2.1076	Time remaining is 2h:3m
2024-03-29 07:54:18 INFO Epoch 24/120	Training Loss: 2.1138	Time remaining is 2h:1m
2024-03-29 07:55:33 INFO Epoch 25/120	Training Loss: 2.1129	Time remaining is 2h:0m
2024-03-29 07:56:49 INFO Epoch 26/120	Training Loss: 2.1248	Time remaining is 1h:59m
2024-03-29 07:58:04 INFO Epoch 27/120	Training Loss: 2.1074	Time remaining is 1h:58m
2024-03-29 07:59:19 INFO Epoch 28/120	Training Loss: 2.1079	Time remaining is 1h:56m
2024-03-29 08:00:33 INFO Epoch 29/120	Training Loss: 2.1031	Time remaining is 1h:55m
2024-03-29 08:01:48 INFO Epoch 30/120	Training Loss: 2.0972	Time remaining is 1h:54m
2024-03-29 08:03:03 INFO Epoch 31/120	Training Loss: 2.1005	Time remaining is 1h:53m
2024-03-29 08:04:18 INFO Epoch 32/120	Training Loss: 2.1038	Time remaining is 1h:51m
2024-03-29 08:05:33 INFO Epoch 33/120	Training Loss: 2.1004	Time remaining is 1h:50m
2024-03-29 08:06:48 INFO Epoch 34/120	Training Loss: 2.1051	Time remaining is 1h:49m
2024-03-29 08:08:04 INFO Epoch 35/120	Training Loss: 2.1041	Time remaining is 1h:48m
2024-03-29 08:09:19 INFO Epoch 36/120	Training Loss: 2.0948	Time remaining is 1h:46m
2024-03-29 08:10:34 INFO Epoch 37/120	Training Loss: 2.0866	Time remaining is 1h:45m
2024-03-29 08:11:49 INFO Epoch 38/120	Training Loss: 2.0964	Time remaining is 1h:44m
2024-03-29 08:13:04 INFO Epoch 39/120	Training Loss: 2.1031	Time remaining is 1h:43m
2024-03-29 08:14:19 INFO Epoch 40/120	Training Loss: 2.0873	Time remaining is 1h:41m
2024-03-29 08:15:35 INFO Epoch 41/120	Training Loss: 2.0298	Time remaining is 1h:40m
2024-03-29 08:16:49 INFO Epoch 42/120	Training Loss: 1.9595	Time remaining is 1h:39m
2024-03-29 08:18:05 INFO Epoch 43/120	Training Loss: 1.9580	Time remaining is 1h:38m
2024-03-29 08:19:20 INFO Epoch 44/120	Training Loss: 1.9495	Time remaining is 1h:36m
2024-03-29 08:20:36 INFO Epoch 45/120	Training Loss: 1.9405	Time remaining is 1h:35m
2024-03-29 08:21:51 INFO Epoch 46/120	Training Loss: 1.9401	Time remaining is 1h:34m
2024-03-29 08:23:06 INFO Epoch 47/120	Training Loss: 1.9238	Time remaining is 1h:33m
2024-03-29 08:24:21 INFO Epoch 48/120	Training Loss: 1.9334	Time remaining is 1h:31m
2024-03-29 08:25:36 INFO Epoch 49/120	Training Loss: 1.9198	Time remaining is 1h:30m
2024-03-29 08:26:51 INFO Epoch 50/120	Training Loss: 1.9284	Time remaining is 1h:29m
2024-03-29 08:28:05 INFO Epoch 51/120	Training Loss: 1.9142	Time remaining is 1h:28m
2024-03-29 08:29:21 INFO Epoch 52/120	Training Loss: 1.9217	Time remaining is 1h:26m
2024-03-29 08:30:36 INFO Epoch 53/120	Training Loss: 1.9209	Time remaining is 1h:25m
2024-03-29 08:31:51 INFO Epoch 54/120	Training Loss: 1.9189	Time remaining is 1h:24m
2024-03-29 08:33:06 INFO Epoch 55/120	Training Loss: 1.9185	Time remaining is 1h:23m
2024-03-29 08:34:21 INFO Epoch 56/120	Training Loss: 1.9169	Time remaining is 1h:21m
2024-03-29 08:35:36 INFO Epoch 57/120	Training Loss: 1.9063	Time remaining is 1h:20m
2024-03-29 08:36:51 INFO Epoch 58/120	Training Loss: 1.9156	Time remaining is 1h:19m
2024-03-29 08:38:06 INFO Epoch 59/120	Training Loss: 1.9168	Time remaining is 1h:18m
2024-03-29 08:39:21 INFO Epoch 60/120	Training Loss: 1.9113	Time remaining is 1h:16m
2024-03-29 08:40:36 INFO Epoch 61/120	Training Loss: 1.9126	Time remaining is 1h:15m
2024-03-29 08:41:52 INFO Epoch 62/120	Training Loss: 1.9101	Time remaining is 1h:14m
2024-03-29 08:43:07 INFO Epoch 63/120	Training Loss: 1.9107	Time remaining is 1h:13m
2024-03-29 08:44:22 INFO Epoch 64/120	Training Loss: 1.9094	Time remaining is 1h:11m
2024-03-29 08:45:37 INFO Epoch 65/120	Training Loss: 1.9057	Time remaining is 1h:10m
2024-03-29 08:46:53 INFO Epoch 66/120	Training Loss: 1.9061	Time remaining is 1h:9m
2024-03-29 08:48:08 INFO Epoch 67/120	Training Loss: 1.9143	Time remaining is 1h:8m
2024-03-29 08:49:24 INFO Epoch 68/120	Training Loss: 1.9047	Time remaining is 1h:6m
2024-03-29 08:50:39 INFO Epoch 69/120	Training Loss: 1.8971	Time remaining is 1h:5m
2024-03-29 08:51:54 INFO Epoch 70/120	Training Loss: 1.9036	Time remaining is 1h:4m
2024-03-29 08:53:09 INFO Epoch 71/120	Training Loss: 1.9010	Time remaining is 1h:3m
2024-03-29 08:54:24 INFO Epoch 72/120	Training Loss: 1.8969	Time remaining is 1h:1m
2024-03-29 08:55:39 INFO Epoch 73/120	Training Loss: 1.8941	Time remaining is 1h:0m
2024-03-29 08:56:54 INFO Epoch 74/120	Training Loss: 1.8841	Time remaining is 0h:59m
2024-03-29 08:58:09 INFO Epoch 75/120	Training Loss: 1.8837	Time remaining is 0h:58m
2024-03-29 08:59:24 INFO Epoch 76/120	Training Loss: 1.8808	Time remaining is 0h:56m
2024-03-29 09:00:39 INFO Epoch 77/120	Training Loss: 1.8923	Time remaining is 0h:55m
2024-03-29 09:01:54 INFO Epoch 78/120	Training Loss: 1.8826	Time remaining is 0h:54m
2024-03-29 09:03:09 INFO Epoch 79/120	Training Loss: 1.8902	Time remaining is 0h:53m
2024-03-29 09:04:25 INFO Epoch 80/120	Training Loss: 1.8914	Time remaining is 0h:51m
2024-03-29 09:05:40 INFO Epoch 81/120	Training Loss: 1.8901	Time remaining is 0h:50m
2024-03-29 09:06:55 INFO Epoch 82/120	Training Loss: 1.8905	Time remaining is 0h:49m
2024-03-29 09:08:10 INFO Epoch 83/120	Training Loss: 1.8903	Time remaining is 0h:48m
2024-03-29 09:09:25 INFO Epoch 84/120	Training Loss: 1.8879	Time remaining is 0h:46m
2024-03-29 09:10:40 INFO Epoch 85/120	Training Loss: 1.8907	Time remaining is 0h:45m
2024-03-29 09:11:55 INFO Epoch 86/120	Training Loss: 1.8901	Time remaining is 0h:44m
2024-03-29 09:13:11 INFO Epoch 87/120	Training Loss: 1.8892	Time remaining is 0h:43m
2024-03-29 09:14:26 INFO Epoch 88/120	Training Loss: 1.8782	Time remaining is 0h:41m
2024-03-29 09:15:41 INFO Epoch 89/120	Training Loss: 1.8883	Time remaining is 0h:40m
2024-03-29 09:16:56 INFO Epoch 90/120	Training Loss: 1.8887	Time remaining is 0h:39m
2024-03-29 09:17:41 INFO Testing: dataset_name: market1501 top1:0.9516 top5:0.9852 top10:0.9917 mAP:0.8712
2024-03-29 09:18:56 INFO Epoch 91/120	Training Loss: 1.8896	Time remaining is 0h:38m
2024-03-29 09:20:10 INFO Epoch 92/120	Training Loss: 1.8775	Time remaining is 0h:37m
2024-03-29 09:21:25 INFO Epoch 93/120	Training Loss: 1.8905	Time remaining is 0h:35m
2024-03-29 09:22:40 INFO Epoch 94/120	Training Loss: 1.8870	Time remaining is 0h:34m
2024-03-29 09:23:55 INFO Epoch 95/120	Training Loss: 1.8773	Time remaining is 0h:33m
2024-03-29 09:24:40 INFO Testing: dataset_name: market1501 top1:0.9510 top5:0.9840 top10:0.9914 mAP:0.8721
2024-03-29 09:25:55 INFO Epoch 96/120	Training Loss: 1.8881	Time remaining is 0h:32m
2024-03-29 09:27:09 INFO Epoch 97/120	Training Loss: 1.8762	Time remaining is 0h:30m
2024-03-29 09:28:25 INFO Epoch 98/120	Training Loss: 1.8897	Time remaining is 0h:29m
2024-03-29 09:29:40 INFO Epoch 99/120	Training Loss: 1.8871	Time remaining is 0h:28m
2024-03-29 09:30:55 INFO Epoch 100/120	Training Loss: 1.8849	Time remaining is 0h:27m
2024-03-29 09:31:39 INFO Testing: dataset_name: market1501 top1:0.9504 top5:0.9846 top10:0.9926 mAP:0.8715
2024-03-29 09:32:54 INFO Epoch 101/120	Training Loss: 1.8880	Time remaining is 0h:25m
2024-03-29 09:34:09 INFO Epoch 102/120	Training Loss: 1.8856	Time remaining is 0h:24m
2024-03-29 09:35:25 INFO Epoch 103/120	Training Loss: 1.8849	Time remaining is 0h:23m
2024-03-29 09:36:40 INFO Epoch 104/120	Training Loss: 1.8848	Time remaining is 0h:22m
2024-03-29 09:37:55 INFO Epoch 105/120	Training Loss: 1.8956	Time remaining is 0h:20m
2024-03-29 09:38:40 INFO Testing: dataset_name: market1501 top1:0.9513 top5:0.9869 top10:0.9923 mAP:0.8719
2024-03-29 09:39:55 INFO Epoch 106/120	Training Loss: 1.8861	Time remaining is 0h:19m
2024-03-29 09:41:09 INFO Epoch 107/120	Training Loss: 1.8759	Time remaining is 0h:18m
2024-03-29 09:42:24 INFO Epoch 108/120	Training Loss: 1.8862	Time remaining is 0h:17m
2024-03-29 09:43:39 INFO Epoch 109/120	Training Loss: 1.8844	Time remaining is 0h:15m
2024-03-29 09:44:54 INFO Epoch 110/120	Training Loss: 1.8840	Time remaining is 0h:14m
2024-03-29 09:45:38 INFO Testing: dataset_name: market1501 top1:0.9507 top5:0.9869 top10:0.9923 mAP:0.8733
2024-03-29 09:46:53 INFO Epoch 111/120	Training Loss: 1.8738	Time remaining is 0h:13m
2024-03-29 09:48:08 INFO Epoch 112/120	Training Loss: 1.8843	Time remaining is 0h:12m
2024-03-29 09:49:23 INFO Epoch 113/120	Training Loss: 1.8838	Time remaining is 0h:10m
2024-03-29 09:50:38 INFO Epoch 114/120	Training Loss: 1.8762	Time remaining is 0h:9m
2024-03-29 09:51:53 INFO Epoch 115/120	Training Loss: 1.8918	Time remaining is 0h:8m
2024-03-29 09:52:38 INFO Testing: dataset_name: market1501 top1:0.9534 top5:0.9866 top10:0.9923 mAP:0.8742
2024-03-29 09:53:53 INFO Epoch 116/120	Training Loss: 1.8839	Time remaining is 0h:6m
2024-03-29 09:55:08 INFO Epoch 117/120	Training Loss: 1.8853	Time remaining is 0h:5m
2024-03-29 09:56:23 INFO Epoch 118/120	Training Loss: 1.8836	Time remaining is 0h:4m
2024-03-29 09:57:38 INFO Epoch 119/120	Training Loss: 1.8935	Time remaining is 0h:3m
2024-03-29 09:58:53 INFO Epoch 120/120	Training Loss: 1.8723	Time remaining is 0h:1m
2024-03-29 09:59:38 INFO Testing: dataset_name: market1501 top1:0.9510 top5:0.9857 top10:0.9923 mAP:0.8744
2024-03-29 09:59:38 INFO The running time of training: 9.32185e+03 s
