2024-04-11 01:51:14 INFO ##################################################
2024-04-11 01:51:14 INFO Config values: batch_size: 60	current_directory: /home/hy/project/reid_task/ex_main1	dataset_name: market1501	dataset_path: /home/hy/project/data/Market-1501-v15.09.15	device: cuda	dtype: torch.float32	epoch_start_test: 90	epochs: 160	img_height: 256	img_width: 128	logs_outputs_path: /home/hy/project/reid_task/ex_main1/./outputs/logs	models_outputs_path: /home/hy/project/reid_task/ex_main1/./outputs/models	np: <module 'numpy' from '/home/hy/anaconda3/envs/py396/lib/python3.9/site-packages/numpy/__init__.py'>	os: <module 'os' from '/home/hy/anaconda3/envs/py396/lib/python3.9/os.py'>	outputs_dir: ./outputs/	outputs_path: /home/hy/project/reid_task/ex_main1/./outputs/	print_every: 1	seed: 1	taskname: ReID_Task	temps_outputs_path: /home/hy/project/reid_task/ex_main1/./outputs/temps	test_batch_size: 256	test_every: 5	torch: <module 'torch' from '/home/hy/anaconda3/envs/py396/lib/python3.9/site-packages/torch/__init__.py'>
2024-04-11 01:51:14 INFO Task: ReID_Task
2024-04-11 01:51:14 INFO Using device: cuda
2024-04-11 01:51:14 INFO Using data type: torch.float32
2024-04-11 01:51:14 INFO Number of GPUs: 1
2024-04-11 01:51:14 INFO GPU is_available: True
2024-04-11 01:51:14 INFO GPU name: NVIDIA GeForce RTX 3060
2024-04-11 01:51:14 INFO CUDA version: 12.1
2024-04-11 01:51:14 INFO Current device id: 0
2024-04-11 01:51:14 INFO ##################################################
2024-04-11 01:52:32 INFO Epoch 1/160	Training Loss: 9.6285	Time remaining is 3h:25m
2024-04-11 01:53:48 INFO Epoch 2/160	Training Loss: 8.1627	Time remaining is 3h:23m
2024-04-11 01:55:04 INFO Epoch 3/160	Training Loss: 6.3108	Time remaining is 3h:21m
2024-04-11 01:56:20 INFO Epoch 4/160	Training Loss: 4.8368	Time remaining is 3h:20m
2024-04-11 01:57:36 INFO Epoch 5/160	Training Loss: 3.7718	Time remaining is 3h:18m
2024-04-11 01:58:52 INFO Epoch 6/160	Training Loss: 3.0825	Time remaining is 3h:17m
2024-04-11 02:00:08 INFO Epoch 7/160	Training Loss: 2.7285	Time remaining is 3h:15m
2024-04-11 02:01:23 INFO Epoch 8/160	Training Loss: 2.5340	Time remaining is 3h:14m
2024-04-11 02:02:39 INFO Epoch 9/160	Training Loss: 2.4320	Time remaining is 3h:13m
2024-04-11 02:03:55 INFO Epoch 10/160	Training Loss: 2.3514	Time remaining is 3h:11m
2024-04-11 02:05:11 INFO Epoch 11/160	Training Loss: 2.3085	Time remaining is 3h:10m
2024-04-11 02:06:27 INFO Epoch 12/160	Training Loss: 2.2645	Time remaining is 3h:9m
2024-04-11 02:07:43 INFO Epoch 13/160	Training Loss: 2.2113	Time remaining is 3h:7m
2024-04-11 02:09:00 INFO Epoch 14/160	Training Loss: 2.2016	Time remaining is 3h:6m
2024-04-11 02:10:16 INFO Epoch 15/160	Training Loss: 2.1731	Time remaining is 3h:5m
2024-04-11 02:11:32 INFO Epoch 16/160	Training Loss: 2.1530	Time remaining is 3h:4m
2024-04-11 02:12:47 INFO Epoch 17/160	Training Loss: 2.1310	Time remaining is 3h:2m
2024-04-11 02:14:03 INFO Epoch 18/160	Training Loss: 2.1205	Time remaining is 3h:1m
2024-04-11 02:15:19 INFO Epoch 19/160	Training Loss: 2.1251	Time remaining is 2h:60m
2024-04-11 02:16:35 INFO Epoch 20/160	Training Loss: 2.1229	Time remaining is 2h:59m
2024-04-11 02:17:51 INFO Epoch 21/160	Training Loss: 2.1198	Time remaining is 2h:57m
2024-04-11 02:19:07 INFO Epoch 22/160	Training Loss: 2.1135	Time remaining is 2h:56m
2024-04-11 02:20:22 INFO Epoch 23/160	Training Loss: 2.1036	Time remaining is 2h:55m
2024-04-11 02:21:38 INFO Epoch 24/160	Training Loss: 2.1165	Time remaining is 2h:53m
2024-04-11 02:22:54 INFO Epoch 25/160	Training Loss: 2.1089	Time remaining is 2h:52m
2024-04-11 02:24:10 INFO Epoch 26/160	Training Loss: 2.1278	Time remaining is 2h:51m
2024-04-11 02:25:26 INFO Epoch 27/160	Training Loss: 2.1098	Time remaining is 2h:50m
2024-04-11 02:26:42 INFO Epoch 28/160	Training Loss: 2.1107	Time remaining is 2h:48m
2024-04-11 02:27:57 INFO Epoch 29/160	Training Loss: 2.1075	Time remaining is 2h:47m
2024-04-11 02:29:13 INFO Epoch 30/160	Training Loss: 2.1014	Time remaining is 2h:46m
2024-04-11 02:30:29 INFO Epoch 31/160	Training Loss: 2.1022	Time remaining is 2h:44m
2024-04-11 02:31:44 INFO Epoch 32/160	Training Loss: 2.1020	Time remaining is 2h:43m
2024-04-11 02:33:01 INFO Epoch 33/160	Training Loss: 2.1001	Time remaining is 2h:42m
2024-04-11 02:34:17 INFO Epoch 34/160	Training Loss: 2.1011	Time remaining is 2h:41m
2024-04-11 02:35:33 INFO Epoch 35/160	Training Loss: 2.1046	Time remaining is 2h:39m
2024-04-11 02:36:48 INFO Epoch 36/160	Training Loss: 2.0922	Time remaining is 2h:38m
2024-04-11 02:38:04 INFO Epoch 37/160	Training Loss: 2.0887	Time remaining is 2h:37m
2024-04-11 02:39:20 INFO Epoch 38/160	Training Loss: 2.0941	Time remaining is 2h:36m
2024-04-11 02:40:36 INFO Epoch 39/160	Training Loss: 2.1035	Time remaining is 2h:34m
2024-04-11 02:41:52 INFO Epoch 40/160	Training Loss: 2.0866	Time remaining is 2h:33m
2024-04-11 02:43:08 INFO Epoch 41/160	Training Loss: 2.0300	Time remaining is 2h:32m
2024-04-11 02:44:23 INFO Epoch 42/160	Training Loss: 1.9603	Time remaining is 2h:31m
2024-04-11 02:45:39 INFO Epoch 43/160	Training Loss: 1.9569	Time remaining is 2h:29m
2024-04-11 02:46:55 INFO Epoch 44/160	Training Loss: 1.9482	Time remaining is 2h:28m
2024-04-11 02:48:11 INFO Epoch 45/160	Training Loss: 1.9413	Time remaining is 2h:27m
2024-04-11 02:49:27 INFO Epoch 46/160	Training Loss: 1.9405	Time remaining is 2h:25m
2024-04-11 02:50:43 INFO Epoch 47/160	Training Loss: 1.9249	Time remaining is 2h:24m
2024-04-11 02:51:59 INFO Epoch 48/160	Training Loss: 1.9325	Time remaining is 2h:23m
2024-04-11 02:53:14 INFO Epoch 49/160	Training Loss: 1.9200	Time remaining is 2h:22m
2024-04-11 02:54:30 INFO Epoch 50/160	Training Loss: 1.9300	Time remaining is 2h:20m
2024-04-11 02:55:46 INFO Epoch 51/160	Training Loss: 1.9147	Time remaining is 2h:19m
2024-04-11 02:57:01 INFO Epoch 52/160	Training Loss: 1.9227	Time remaining is 2h:18m
2024-04-11 02:58:17 INFO Epoch 53/160	Training Loss: 1.9219	Time remaining is 2h:17m
2024-04-11 02:59:33 INFO Epoch 54/160	Training Loss: 1.9187	Time remaining is 2h:15m
2024-04-11 03:00:50 INFO Epoch 55/160	Training Loss: 1.9194	Time remaining is 2h:14m
2024-04-11 03:02:06 INFO Epoch 56/160	Training Loss: 1.9173	Time remaining is 2h:13m
2024-04-11 03:03:21 INFO Epoch 57/160	Training Loss: 1.9060	Time remaining is 2h:12m
2024-04-11 03:04:37 INFO Epoch 58/160	Training Loss: 1.9158	Time remaining is 2h:10m
2024-04-11 03:05:53 INFO Epoch 59/160	Training Loss: 1.9175	Time remaining is 2h:9m
2024-04-11 03:07:09 INFO Epoch 60/160	Training Loss: 1.9122	Time remaining is 2h:8m
2024-04-11 03:08:25 INFO Epoch 61/160	Training Loss: 1.9126	Time remaining is 2h:6m
2024-04-11 03:09:41 INFO Epoch 62/160	Training Loss: 1.9122	Time remaining is 2h:5m
2024-04-11 03:10:57 INFO Epoch 63/160	Training Loss: 1.9105	Time remaining is 2h:4m
2024-04-11 03:12:13 INFO Epoch 64/160	Training Loss: 1.9098	Time remaining is 2h:3m
2024-04-11 03:13:29 INFO Epoch 65/160	Training Loss: 1.9066	Time remaining is 2h:1m
2024-04-11 03:14:45 INFO Epoch 66/160	Training Loss: 1.9063	Time remaining is 2h:0m
2024-04-11 03:16:01 INFO Epoch 67/160	Training Loss: 1.9147	Time remaining is 1h:59m
2024-04-11 03:17:17 INFO Epoch 68/160	Training Loss: 1.9048	Time remaining is 1h:58m
2024-04-11 03:18:33 INFO Epoch 69/160	Training Loss: 1.8974	Time remaining is 1h:56m
2024-04-11 03:19:49 INFO Epoch 70/160	Training Loss: 1.9043	Time remaining is 1h:55m
2024-04-11 03:21:05 INFO Epoch 71/160	Training Loss: 1.9017	Time remaining is 1h:54m
2024-04-11 03:22:21 INFO Epoch 72/160	Training Loss: 1.8976	Time remaining is 1h:53m
2024-04-11 03:23:37 INFO Epoch 73/160	Training Loss: 1.8948	Time remaining is 1h:51m
2024-04-11 03:24:52 INFO Epoch 74/160	Training Loss: 1.8846	Time remaining is 1h:50m
2024-04-11 03:26:08 INFO Epoch 75/160	Training Loss: 1.8841	Time remaining is 1h:49m
2024-04-11 03:27:24 INFO Epoch 76/160	Training Loss: 1.8813	Time remaining is 1h:48m
2024-04-11 03:28:40 INFO Epoch 77/160	Training Loss: 1.8922	Time remaining is 1h:46m
2024-04-11 03:29:56 INFO Epoch 78/160	Training Loss: 1.8834	Time remaining is 1h:45m
2024-04-11 03:31:12 INFO Epoch 79/160	Training Loss: 1.8909	Time remaining is 1h:44m
2024-04-11 03:32:28 INFO Epoch 80/160	Training Loss: 1.8916	Time remaining is 1h:42m
2024-04-11 03:33:44 INFO Epoch 81/160	Training Loss: 1.8903	Time remaining is 1h:41m
2024-04-11 03:35:00 INFO Epoch 82/160	Training Loss: 1.8907	Time remaining is 1h:40m
2024-04-11 03:36:16 INFO Epoch 83/160	Training Loss: 1.8908	Time remaining is 1h:39m
2024-04-11 03:37:32 INFO Epoch 84/160	Training Loss: 1.8888	Time remaining is 1h:37m
2024-04-11 03:38:48 INFO Epoch 85/160	Training Loss: 1.8914	Time remaining is 1h:36m
2024-04-11 03:40:04 INFO Epoch 86/160	Training Loss: 1.8905	Time remaining is 1h:35m
2024-04-11 03:41:20 INFO Epoch 87/160	Training Loss: 1.8894	Time remaining is 1h:34m
2024-04-11 03:42:36 INFO Epoch 88/160	Training Loss: 1.8790	Time remaining is 1h:32m
2024-04-11 03:43:52 INFO Epoch 89/160	Training Loss: 1.8890	Time remaining is 1h:31m
2024-04-11 03:45:08 INFO Epoch 90/160	Training Loss: 1.8893	Time remaining is 1h:30m
2024-04-11 03:46:35 INFO Testing: dataset_name: market1501 top1:0.9474 top5:0.9837 top10:0.9920 mAP:0.8714
2024-04-11 03:47:51 INFO Epoch 91/160	Training Loss: 1.8896	Time remaining is 1h:30m
2024-04-11 03:49:06 INFO Epoch 92/160	Training Loss: 1.8782	Time remaining is 1h:28m
2024-04-11 03:50:22 INFO Epoch 93/160	Training Loss: 1.8909	Time remaining is 1h:27m
2024-04-11 03:51:38 INFO Epoch 94/160	Training Loss: 1.8878	Time remaining is 1h:26m
2024-04-11 03:52:53 INFO Epoch 95/160	Training Loss: 1.8775	Time remaining is 1h:25m
2024-04-11 03:54:20 INFO Testing: dataset_name: market1501 top1:0.9483 top5:0.9837 top10:0.9929 mAP:0.8727
2024-04-11 03:55:36 INFO Epoch 96/160	Training Loss: 1.8891	Time remaining is 1h:24m
2024-04-11 03:56:51 INFO Epoch 97/160	Training Loss: 1.8767	Time remaining is 1h:23m
2024-04-11 03:58:07 INFO Epoch 98/160	Training Loss: 1.8900	Time remaining is 1h:22m
2024-04-11 03:59:23 INFO Epoch 99/160	Training Loss: 1.8875	Time remaining is 1h:20m
2024-04-11 04:00:39 INFO Epoch 100/160	Training Loss: 1.8859	Time remaining is 1h:19m
2024-04-11 04:02:05 INFO Testing: dataset_name: market1501 top1:0.9451 top5:0.9837 top10:0.9920 mAP:0.8722
2024-04-11 04:03:21 INFO Epoch 101/160	Training Loss: 1.8888	Time remaining is 1h:18m
2024-04-11 04:04:37 INFO Epoch 102/160	Training Loss: 1.8861	Time remaining is 1h:17m
2024-04-11 04:05:53 INFO Epoch 103/160	Training Loss: 1.8856	Time remaining is 1h:16m
2024-04-11 04:07:09 INFO Epoch 104/160	Training Loss: 1.8852	Time remaining is 1h:14m
2024-04-11 04:08:25 INFO Epoch 105/160	Training Loss: 1.8963	Time remaining is 1h:13m
2024-04-11 04:09:51 INFO Testing: dataset_name: market1501 top1:0.9466 top5:0.9846 top10:0.9926 mAP:0.8725
2024-04-11 04:11:07 INFO Epoch 106/160	Training Loss: 1.8869	Time remaining is 1h:13m
2024-04-11 04:12:23 INFO Epoch 107/160	Training Loss: 1.8761	Time remaining is 1h:11m
2024-04-11 04:13:39 INFO Epoch 108/160	Training Loss: 1.8869	Time remaining is 1h:10m
2024-04-11 04:14:55 INFO Epoch 109/160	Training Loss: 1.8852	Time remaining is 1h:9m
2024-04-11 04:16:11 INFO Epoch 110/160	Training Loss: 1.8850	Time remaining is 1h:7m
2024-04-11 04:17:37 INFO Testing: dataset_name: market1501 top1:0.9480 top5:0.9843 top10:0.9926 mAP:0.8738
2024-04-11 04:18:52 INFO Epoch 111/160	Training Loss: 1.8746	Time remaining is 1h:6m
2024-04-11 04:20:08 INFO Epoch 112/160	Training Loss: 1.8847	Time remaining is 1h:5m
2024-04-11 04:21:24 INFO Epoch 113/160	Training Loss: 1.8847	Time remaining is 1h:4m
2024-04-11 04:22:40 INFO Epoch 114/160	Training Loss: 1.8766	Time remaining is 1h:2m
2024-04-11 04:23:56 INFO Epoch 115/160	Training Loss: 1.8925	Time remaining is 1h:1m
2024-04-11 04:25:22 INFO Testing: dataset_name: market1501 top1:0.9471 top5:0.9843 top10:0.9935 mAP:0.8746
2024-04-11 04:26:38 INFO Epoch 116/160	Training Loss: 1.8847	Time remaining is 1h:0m
2024-04-11 04:27:54 INFO Epoch 117/160	Training Loss: 1.8856	Time remaining is 0h:59m
2024-04-11 04:29:10 INFO Epoch 118/160	Training Loss: 1.8840	Time remaining is 0h:58m
2024-04-11 04:30:27 INFO Epoch 119/160	Training Loss: 1.8941	Time remaining is 0h:56m
2024-04-11 04:31:42 INFO Epoch 120/160	Training Loss: 1.8734	Time remaining is 0h:55m
2024-04-11 04:33:09 INFO Testing: dataset_name: market1501 top1:0.9492 top5:0.9846 top10:0.9923 mAP:0.8754
2024-04-11 04:34:25 INFO Epoch 121/160	Training Loss: 1.8829	Time remaining is 0h:54m
2024-04-11 04:35:41 INFO Epoch 122/160	Training Loss: 1.8817	Time remaining is 0h:53m
2024-04-11 04:36:57 INFO Epoch 123/160	Training Loss: 1.8821	Time remaining is 0h:51m
2024-04-11 04:38:12 INFO Epoch 124/160	Training Loss: 1.8749	Time remaining is 0h:50m
2024-04-11 04:39:28 INFO Epoch 125/160	Training Loss: 1.8839	Time remaining is 0h:48m
2024-04-11 04:40:55 INFO Testing: dataset_name: market1501 top1:0.9486 top5:0.9855 top10:0.9926 mAP:0.8756
2024-04-11 04:42:10 INFO Epoch 126/160	Training Loss: 1.8836	Time remaining is 0h:47m
2024-04-11 04:43:26 INFO Epoch 127/160	Training Loss: 1.8821	Time remaining is 0h:46m
2024-04-11 04:44:42 INFO Epoch 128/160	Training Loss: 1.8818	Time remaining is 0h:45m
2024-04-11 04:45:58 INFO Epoch 129/160	Training Loss: 1.8837	Time remaining is 0h:43m
2024-04-11 04:47:14 INFO Epoch 130/160	Training Loss: 1.8837	Time remaining is 0h:42m
2024-04-11 04:48:40 INFO Testing: dataset_name: market1501 top1:0.9474 top5:0.9860 top10:0.9917 mAP:0.8762
2024-04-11 04:49:56 INFO Epoch 131/160	Training Loss: 1.8741	Time remaining is 0h:41m
2024-04-11 04:51:11 INFO Epoch 132/160	Training Loss: 1.8815	Time remaining is 0h:40m
2024-04-11 04:52:27 INFO Epoch 133/160	Training Loss: 1.8723	Time remaining is 0h:38m
2024-04-11 04:53:42 INFO Epoch 134/160	Training Loss: 1.8825	Time remaining is 0h:37m
2024-04-11 04:54:58 INFO Epoch 135/160	Training Loss: 1.8736	Time remaining is 0h:35m
2024-04-11 04:56:24 INFO Testing: dataset_name: market1501 top1:0.9495 top5:0.9857 top10:0.9926 mAP:0.8773
2024-04-11 04:57:39 INFO Epoch 136/160	Training Loss: 1.8726	Time remaining is 0h:34m
2024-04-11 04:58:55 INFO Epoch 137/160	Training Loss: 1.8820	Time remaining is 0h:33m
2024-04-11 05:00:11 INFO Epoch 138/160	Training Loss: 1.8814	Time remaining is 0h:31m
2024-04-11 05:01:26 INFO Epoch 139/160	Training Loss: 1.8710	Time remaining is 0h:30m
2024-04-11 05:02:42 INFO Epoch 140/160	Training Loss: 1.8807	Time remaining is 0h:29m
2024-04-11 05:04:09 INFO Testing: dataset_name: market1501 top1:0.9507 top5:0.9860 top10:0.9923 mAP:0.8768
2024-04-11 05:05:25 INFO Epoch 141/160	Training Loss: 1.8813	Time remaining is 0h:28m
2024-04-11 05:06:41 INFO Epoch 142/160	Training Loss: 1.8798	Time remaining is 0h:26m
2024-04-11 05:07:57 INFO Epoch 143/160	Training Loss: 1.8817	Time remaining is 0h:25m
2024-04-11 05:09:13 INFO Epoch 144/160	Training Loss: 1.8792	Time remaining is 0h:23m
2024-04-11 05:10:28 INFO Epoch 145/160	Training Loss: 1.8817	Time remaining is 0h:22m
2024-04-11 05:11:55 INFO Testing: dataset_name: market1501 top1:0.9498 top5:0.9866 top10:0.9926 mAP:0.8771
2024-04-11 05:13:11 INFO Epoch 146/160	Training Loss: 1.8798	Time remaining is 0h:21m
2024-04-11 05:14:27 INFO Epoch 147/160	Training Loss: 1.8798	Time remaining is 0h:19m
2024-04-11 05:15:43 INFO Epoch 148/160	Training Loss: 1.8809	Time remaining is 0h:18m
2024-04-11 05:16:59 INFO Epoch 149/160	Training Loss: 1.8896	Time remaining is 0h:17m
2024-04-11 05:18:15 INFO Epoch 150/160	Training Loss: 1.8698	Time remaining is 0h:15m
2024-04-11 05:19:41 INFO Testing: dataset_name: market1501 top1:0.9483 top5:0.9855 top10:0.9920 mAP:0.8774
2024-04-11 05:20:57 INFO Epoch 151/160	Training Loss: 1.8795	Time remaining is 0h:14m
2024-04-11 05:22:13 INFO Epoch 152/160	Training Loss: 1.8783	Time remaining is 0h:12m
2024-04-11 05:23:29 INFO Epoch 153/160	Training Loss: 1.8785	Time remaining is 0h:11m
2024-04-11 05:24:45 INFO Epoch 154/160	Training Loss: 1.8794	Time remaining is 0h:10m
2024-04-11 05:26:01 INFO Epoch 155/160	Training Loss: 1.8804	Time remaining is 0h:8m
2024-04-11 05:27:27 INFO Testing: dataset_name: market1501 top1:0.9528 top5:0.9863 top10:0.9929 mAP:0.8789
2024-04-11 05:28:43 INFO Epoch 156/160	Training Loss: 1.8702	Time remaining is 0h:7m
2024-04-11 05:29:59 INFO Epoch 157/160	Training Loss: 1.8795	Time remaining is 0h:6m
2024-04-11 05:31:14 INFO Epoch 158/160	Training Loss: 1.8705	Time remaining is 0h:4m
2024-04-11 05:32:30 INFO Epoch 159/160	Training Loss: 1.8783	Time remaining is 0h:3m
2024-04-11 05:33:45 INFO Epoch 160/160	Training Loss: 1.8681	Time remaining is 0h:1m
2024-04-11 05:35:12 INFO Testing: dataset_name: market1501 top1:0.9507 top5:0.9869 top10:0.9929 mAP:0.8779
2024-04-11 05:35:12 INFO The running time of training: 1.34375e+04 s
