2024-07-24 03:35:39 INFO ##################################################
2024-07-24 03:35:39 INFO Config values: batch_size: 60	current_directory: /home/hy/project/reid_task/ex_002_10	dataset_name: market1501	dataset_path: /home/hy/project/data/Market-1501-v15.09.15	device: cuda	dtype: torch.float32	epoch_start_test: 90	epochs: 300	img_height: 256	img_width: 128	logs_outputs_path: /home/hy/project/reid_task/ex_002_10/./outputs/logs	models_outputs_path: /home/hy/project/reid_task/ex_002_10/./outputs/models	np: <module 'numpy' from '/home/hy/anaconda3/envs/py396/lib/python3.9/site-packages/numpy/__init__.py'>	os: <module 'os' from '/home/hy/anaconda3/envs/py396/lib/python3.9/os.py'>	outputs_dir: ./outputs/	outputs_path: /home/hy/project/reid_task/ex_002_10/./outputs/	print_every: 1	seed: 1	taskname: ReID_Task	temps_outputs_path: /home/hy/project/reid_task/ex_002_10/./outputs/temps	test_batch_size: 256	test_every: 5	torch: <module 'torch' from '/home/hy/anaconda3/envs/py396/lib/python3.9/site-packages/torch/__init__.py'>
2024-07-24 03:35:39 INFO Task: ReID_Task
2024-07-24 03:35:39 INFO Using device: cuda
2024-07-24 03:35:39 INFO Using data type: torch.float32
2024-07-24 03:35:39 INFO Number of GPUs: 1
2024-07-24 03:35:39 INFO GPU is_available: True
2024-07-24 03:35:39 INFO GPU name: NVIDIA GeForce RTX 3060
2024-07-24 03:35:39 INFO CUDA version: 12.1
2024-07-24 03:35:39 INFO Current device id: 0
2024-07-24 03:35:39 INFO ##################################################
2024-07-24 03:36:43 INFO Epoch 1/300	Training Loss: 7.7676	Time remaining is 5h:19m
2024-07-24 03:37:47 INFO Epoch 2/300	Training Loss: 6.9133	Time remaining is 5h:17m
2024-07-24 03:38:51 INFO Epoch 3/300	Training Loss: 5.4237	Time remaining is 5h:16m
2024-07-24 03:39:55 INFO Epoch 4/300	Training Loss: 4.0048	Time remaining is 5h:15m
2024-07-24 03:40:58 INFO Epoch 5/300	Training Loss: 2.9215	Time remaining is 5h:14m
2024-07-24 03:42:02 INFO Epoch 6/300	Training Loss: 2.2365	Time remaining is 5h:13m
2024-07-24 03:43:05 INFO Epoch 7/300	Training Loss: 1.8708	Time remaining is 5h:12m
2024-07-24 03:44:08 INFO Epoch 8/300	Training Loss: 1.6980	Time remaining is 5h:10m
2024-07-24 03:45:12 INFO Epoch 9/300	Training Loss: 1.6074	Time remaining is 5h:9m
2024-07-24 03:46:15 INFO Epoch 10/300	Training Loss: 1.5486	Time remaining is 5h:8m
2024-07-24 03:47:19 INFO Epoch 11/300	Training Loss: 1.5151	Time remaining is 5h:7m
2024-07-24 03:48:22 INFO Epoch 12/300	Training Loss: 1.4474	Time remaining is 5h:6m
2024-07-24 03:49:25 INFO Epoch 13/300	Training Loss: 1.3781	Time remaining is 5h:5m
2024-07-24 03:50:30 INFO Epoch 14/300	Training Loss: 1.3360	Time remaining is 5h:4m
2024-07-24 03:51:33 INFO Epoch 15/300	Training Loss: 1.3163	Time remaining is 5h:3m
2024-07-24 03:52:37 INFO Epoch 16/300	Training Loss: 1.3002	Time remaining is 5h:2m
2024-07-24 03:53:40 INFO Epoch 17/300	Training Loss: 1.2842	Time remaining is 5h:1m
2024-07-24 03:54:43 INFO Epoch 18/300	Training Loss: 1.2693	Time remaining is 4h:60m
2024-07-24 03:55:47 INFO Epoch 19/300	Training Loss: 1.2615	Time remaining is 4h:59m
2024-07-24 03:56:51 INFO Epoch 20/300	Training Loss: 1.2633	Time remaining is 4h:58m
2024-07-24 03:57:54 INFO Epoch 21/300	Training Loss: 1.2609	Time remaining is 4h:57m
2024-07-24 03:58:57 INFO Epoch 22/300	Training Loss: 1.2594	Time remaining is 4h:55m
2024-07-24 04:00:01 INFO Epoch 23/300	Training Loss: 1.2593	Time remaining is 4h:54m
2024-07-24 04:01:04 INFO Epoch 24/300	Training Loss: 1.2664	Time remaining is 4h:53m
2024-07-24 04:02:08 INFO Epoch 25/300	Training Loss: 1.2670	Time remaining is 4h:52m
2024-07-24 04:03:12 INFO Epoch 26/300	Training Loss: 1.2791	Time remaining is 4h:51m
2024-07-24 04:04:16 INFO Epoch 27/300	Training Loss: 1.2769	Time remaining is 4h:50m
2024-07-24 04:05:19 INFO Epoch 28/300	Training Loss: 1.2784	Time remaining is 4h:49m
2024-07-24 04:06:22 INFO Epoch 29/300	Training Loss: 1.2649	Time remaining is 4h:48m
2024-07-24 04:07:26 INFO Epoch 30/300	Training Loss: 1.2602	Time remaining is 4h:47m
2024-07-24 04:08:29 INFO Epoch 31/300	Training Loss: 1.2675	Time remaining is 4h:46m
2024-07-24 04:09:33 INFO Epoch 32/300	Training Loss: 1.2682	Time remaining is 4h:45m
2024-07-24 04:10:36 INFO Epoch 33/300	Training Loss: 1.2494	Time remaining is 4h:44m
2024-07-24 04:11:40 INFO Epoch 34/300	Training Loss: 1.2606	Time remaining is 4h:43m
2024-07-24 04:12:44 INFO Epoch 35/300	Training Loss: 1.2520	Time remaining is 4h:42m
2024-07-24 04:13:47 INFO Epoch 36/300	Training Loss: 1.2524	Time remaining is 4h:41m
2024-07-24 04:14:51 INFO Epoch 37/300	Training Loss: 1.2460	Time remaining is 4h:40m
2024-07-24 04:15:55 INFO Epoch 38/300	Training Loss: 1.2487	Time remaining is 4h:39m
2024-07-24 04:16:59 INFO Epoch 39/300	Training Loss: 1.2443	Time remaining is 4h:38m
2024-07-24 04:18:02 INFO Epoch 40/300	Training Loss: 1.2450	Time remaining is 4h:37m
2024-07-24 04:19:06 INFO Epoch 41/300	Training Loss: 1.1743	Time remaining is 4h:35m
2024-07-24 04:20:10 INFO Epoch 42/300	Training Loss: 1.1069	Time remaining is 4h:34m
2024-07-24 04:21:14 INFO Epoch 43/300	Training Loss: 1.0931	Time remaining is 4h:33m
2024-07-24 04:22:18 INFO Epoch 44/300	Training Loss: 1.0838	Time remaining is 4h:32m
2024-07-24 04:23:22 INFO Epoch 45/300	Training Loss: 1.0821	Time remaining is 4h:31m
2024-07-24 04:24:25 INFO Epoch 46/300	Training Loss: 1.0752	Time remaining is 4h:30m
2024-07-24 04:25:29 INFO Epoch 47/300	Training Loss: 1.0647	Time remaining is 4h:29m
2024-07-24 04:26:33 INFO Epoch 48/300	Training Loss: 1.0694	Time remaining is 4h:28m
2024-07-24 04:27:36 INFO Epoch 49/300	Training Loss: 1.0607	Time remaining is 4h:27m
2024-07-24 04:28:40 INFO Epoch 50/300	Training Loss: 1.0630	Time remaining is 4h:26m
2024-07-24 04:29:43 INFO Epoch 51/300	Training Loss: 1.0568	Time remaining is 4h:25m
2024-07-24 04:30:47 INFO Epoch 52/300	Training Loss: 1.0573	Time remaining is 4h:24m
2024-07-24 04:31:51 INFO Epoch 53/300	Training Loss: 1.0561	Time remaining is 4h:23m
2024-07-24 04:32:54 INFO Epoch 54/300	Training Loss: 1.0545	Time remaining is 4h:22m
2024-07-24 04:33:58 INFO Epoch 55/300	Training Loss: 1.0549	Time remaining is 4h:21m
2024-07-24 04:35:02 INFO Epoch 56/300	Training Loss: 1.0553	Time remaining is 4h:20m
2024-07-24 04:36:05 INFO Epoch 57/300	Training Loss: 1.0466	Time remaining is 4h:19m
2024-07-24 04:37:09 INFO Epoch 58/300	Training Loss: 1.0525	Time remaining is 4h:18m
2024-07-24 04:38:13 INFO Epoch 59/300	Training Loss: 1.0528	Time remaining is 4h:17m
2024-07-24 04:39:16 INFO Epoch 60/300	Training Loss: 1.0491	Time remaining is 4h:16m
2024-07-24 04:40:20 INFO Epoch 61/300	Training Loss: 1.0500	Time remaining is 4h:14m
2024-07-24 04:41:24 INFO Epoch 62/300	Training Loss: 1.0477	Time remaining is 4h:13m
2024-07-24 04:42:27 INFO Epoch 63/300	Training Loss: 1.0464	Time remaining is 4h:12m
2024-07-24 04:43:31 INFO Epoch 64/300	Training Loss: 1.0455	Time remaining is 4h:11m
2024-07-24 04:44:35 INFO Epoch 65/300	Training Loss: 1.0424	Time remaining is 4h:10m
2024-07-24 04:45:39 INFO Epoch 66/300	Training Loss: 1.0433	Time remaining is 4h:9m
2024-07-24 04:46:42 INFO Epoch 67/300	Training Loss: 1.0479	Time remaining is 4h:8m
2024-07-24 04:47:46 INFO Epoch 68/300	Training Loss: 1.0411	Time remaining is 4h:7m
2024-07-24 04:48:50 INFO Epoch 69/300	Training Loss: 1.0362	Time remaining is 4h:6m
2024-07-24 04:49:53 INFO Epoch 70/300	Training Loss: 1.0401	Time remaining is 4h:5m
2024-07-24 04:50:57 INFO Epoch 71/300	Training Loss: 1.0379	Time remaining is 4h:4m
2024-07-24 04:52:01 INFO Epoch 72/300	Training Loss: 1.0334	Time remaining is 4h:3m
2024-07-24 04:53:04 INFO Epoch 73/300	Training Loss: 1.0300	Time remaining is 4h:2m
2024-07-24 04:54:08 INFO Epoch 74/300	Training Loss: 1.0260	Time remaining is 4h:1m
2024-07-24 04:55:11 INFO Epoch 75/300	Training Loss: 1.0252	Time remaining is 3h:60m
2024-07-24 04:56:14 INFO Epoch 76/300	Training Loss: 1.0212	Time remaining is 3h:59m
2024-07-24 04:57:18 INFO Epoch 77/300	Training Loss: 1.0291	Time remaining is 3h:57m
2024-07-24 04:58:21 INFO Epoch 78/300	Training Loss: 1.0222	Time remaining is 3h:56m
2024-07-24 04:59:25 INFO Epoch 79/300	Training Loss: 1.0283	Time remaining is 3h:55m
2024-07-24 05:00:29 INFO Epoch 80/300	Training Loss: 1.0276	Time remaining is 3h:54m
2024-07-24 05:01:33 INFO Epoch 81/300	Training Loss: 1.0259	Time remaining is 3h:53m
2024-07-24 05:02:37 INFO Epoch 82/300	Training Loss: 1.0268	Time remaining is 3h:52m
2024-07-24 05:03:41 INFO Epoch 83/300	Training Loss: 1.0245	Time remaining is 3h:51m
2024-07-24 05:04:45 INFO Epoch 84/300	Training Loss: 1.0250	Time remaining is 3h:50m
2024-07-24 05:05:48 INFO Epoch 85/300	Training Loss: 1.0277	Time remaining is 3h:49m
2024-07-24 05:06:52 INFO Epoch 86/300	Training Loss: 1.0270	Time remaining is 3h:48m
2024-07-24 05:07:56 INFO Epoch 87/300	Training Loss: 1.0258	Time remaining is 3h:47m
2024-07-24 05:08:59 INFO Epoch 88/300	Training Loss: 1.0191	Time remaining is 3h:46m
2024-07-24 05:10:02 INFO Epoch 89/300	Training Loss: 1.0248	Time remaining is 3h:45m
2024-07-24 05:11:06 INFO Epoch 90/300	Training Loss: 1.0234	Time remaining is 3h:44m
2024-07-24 05:12:19 INFO Testing: dataset_name: market1501 top1: 93.913 top5: 98.011 top10: 98.931 mAP: 85.437
2024-07-24 05:13:23 INFO Epoch 91/300	Training Loss: 1.0245	Time remaining is 3h:45m
2024-07-24 05:14:26 INFO Epoch 92/300	Training Loss: 1.0182	Time remaining is 3h:44m
2024-07-24 05:15:30 INFO Epoch 93/300	Training Loss: 1.0247	Time remaining is 3h:43m
2024-07-24 05:16:34 INFO Epoch 94/300	Training Loss: 1.0228	Time remaining is 3h:42m
2024-07-24 05:17:37 INFO Epoch 95/300	Training Loss: 1.0182	Time remaining is 3h:41m
2024-07-24 05:18:50 INFO Testing: dataset_name: market1501 top1: 94.091 top5: 98.100 top10: 98.961 mAP: 85.598
2024-07-24 05:19:54 INFO Epoch 96/300	Training Loss: 1.0228	Time remaining is 3h:43m
2024-07-24 05:20:58 INFO Epoch 97/300	Training Loss: 1.0167	Time remaining is 3h:41m
2024-07-24 05:22:02 INFO Epoch 98/300	Training Loss: 1.0255	Time remaining is 3h:40m
2024-07-24 05:23:06 INFO Epoch 99/300	Training Loss: 1.0238	Time remaining is 3h:39m
2024-07-24 05:24:10 INFO Epoch 100/300	Training Loss: 1.0199	Time remaining is 3h:38m
2024-07-24 05:25:23 INFO Testing: dataset_name: market1501 top1: 94.002 top5: 98.070 top10: 98.901 mAP: 85.536
2024-07-24 05:26:26 INFO Epoch 101/300	Training Loss: 1.0237	Time remaining is 3h:39m
2024-07-24 05:27:30 INFO Epoch 102/300	Training Loss: 1.0231	Time remaining is 3h:38m
2024-07-24 05:28:34 INFO Epoch 103/300	Training Loss: 1.0203	Time remaining is 3h:37m
2024-07-24 05:29:38 INFO Epoch 104/300	Training Loss: 1.0209	Time remaining is 3h:36m
2024-07-24 05:30:43 INFO Epoch 105/300	Training Loss: 1.0271	Time remaining is 3h:35m
2024-07-24 05:31:56 INFO Testing: dataset_name: market1501 top1: 94.121 top5: 98.040 top10: 98.961 mAP: 85.665
2024-07-24 05:33:00 INFO Epoch 106/300	Training Loss: 1.0213	Time remaining is 3h:36m
2024-07-24 05:34:03 INFO Epoch 107/300	Training Loss: 1.0156	Time remaining is 3h:35m
2024-07-24 05:35:07 INFO Epoch 108/300	Training Loss: 1.0232	Time remaining is 3h:33m
2024-07-24 05:36:12 INFO Epoch 109/300	Training Loss: 1.0201	Time remaining is 3h:32m
2024-07-24 05:37:16 INFO Epoch 110/300	Training Loss: 1.0197	Time remaining is 3h:31m
2024-07-24 05:38:28 INFO Testing: dataset_name: market1501 top1: 93.973 top5: 98.040 top10: 99.050 mAP: 85.810
2024-07-24 05:39:32 INFO Epoch 111/300	Training Loss: 1.0144	Time remaining is 3h:32m
2024-07-24 05:40:36 INFO Epoch 112/300	Training Loss: 1.0191	Time remaining is 3h:31m
2024-07-24 05:41:40 INFO Epoch 113/300	Training Loss: 1.0186	Time remaining is 3h:30m
2024-07-24 05:42:44 INFO Epoch 114/300	Training Loss: 1.0150	Time remaining is 3h:28m
2024-07-24 05:43:48 INFO Epoch 115/300	Training Loss: 1.0257	Time remaining is 3h:27m
2024-07-24 05:45:01 INFO Testing: dataset_name: market1501 top1: 94.062 top5: 98.219 top10: 98.901 mAP: 85.844
2024-07-24 05:46:05 INFO Epoch 116/300	Training Loss: 1.0198	Time remaining is 3h:28m
2024-07-24 05:47:09 INFO Epoch 117/300	Training Loss: 1.0199	Time remaining is 3h:27m
2024-07-24 05:48:13 INFO Epoch 118/300	Training Loss: 1.0195	Time remaining is 3h:26m
2024-07-24 05:49:18 INFO Epoch 119/300	Training Loss: 1.0264	Time remaining is 3h:24m
2024-07-24 05:50:21 INFO Epoch 120/300	Training Loss: 1.0141	Time remaining is 3h:23m
2024-07-24 05:51:34 INFO Testing: dataset_name: market1501 top1: 94.062 top5: 98.100 top10: 98.901 mAP: 85.829
2024-07-24 05:52:38 INFO Epoch 121/300	Training Loss: 1.0191	Time remaining is 3h:24m
2024-07-24 05:53:42 INFO Epoch 122/300	Training Loss: 1.0174	Time remaining is 3h:23m
2024-07-24 05:54:46 INFO Epoch 123/300	Training Loss: 1.0190	Time remaining is 3h:21m
2024-07-24 05:55:50 INFO Epoch 124/300	Training Loss: 1.0138	Time remaining is 3h:20m
2024-07-24 05:56:54 INFO Epoch 125/300	Training Loss: 1.0187	Time remaining is 3h:19m
2024-07-24 05:58:07 INFO Testing: dataset_name: market1501 top1: 94.240 top5: 98.219 top10: 98.990 mAP: 85.991
2024-07-24 05:59:11 INFO Epoch 126/300	Training Loss: 1.0174	Time remaining is 3h:19m
2024-07-24 06:00:15 INFO Epoch 127/300	Training Loss: 1.0180	Time remaining is 3h:18m
2024-07-24 06:01:19 INFO Epoch 128/300	Training Loss: 1.0183	Time remaining is 3h:17m
2024-07-24 06:02:23 INFO Epoch 129/300	Training Loss: 1.0202	Time remaining is 3h:16m
2024-07-24 06:03:26 INFO Epoch 130/300	Training Loss: 1.0189	Time remaining is 3h:14m
2024-07-24 06:04:39 INFO Testing: dataset_name: market1501 top1: 94.359 top5: 98.100 top10: 98.990 mAP: 86.085
2024-07-24 06:05:43 INFO Epoch 131/300	Training Loss: 1.0141	Time remaining is 3h:15m
2024-07-24 06:06:47 INFO Epoch 132/300	Training Loss: 1.0172	Time remaining is 3h:13m
2024-07-24 06:07:51 INFO Epoch 133/300	Training Loss: 1.0123	Time remaining is 3h:12m
2024-07-24 06:08:55 INFO Epoch 134/300	Training Loss: 1.0179	Time remaining is 3h:11m
2024-07-24 06:09:59 INFO Epoch 135/300	Training Loss: 1.0124	Time remaining is 3h:10m
2024-07-24 06:11:12 INFO Testing: dataset_name: market1501 top1: 94.240 top5: 98.159 top10: 98.901 mAP: 86.215
2024-07-24 06:12:15 INFO Epoch 136/300	Training Loss: 1.0128	Time remaining is 3h:10m
2024-07-24 06:13:19 INFO Epoch 137/300	Training Loss: 1.0170	Time remaining is 3h:9m
2024-07-24 06:14:24 INFO Epoch 138/300	Training Loss: 1.0179	Time remaining is 3h:7m
2024-07-24 06:15:28 INFO Epoch 139/300	Training Loss: 1.0117	Time remaining is 3h:6m
2024-07-24 06:16:31 INFO Epoch 140/300	Training Loss: 1.0163	Time remaining is 3h:5m
2024-07-24 06:17:44 INFO Testing: dataset_name: market1501 top1: 94.151 top5: 98.219 top10: 98.961 mAP: 86.011
2024-07-24 06:18:48 INFO Epoch 141/300	Training Loss: 1.0160	Time remaining is 3h:5m
2024-07-24 06:19:52 INFO Epoch 142/300	Training Loss: 1.0165	Time remaining is 3h:4m
2024-07-24 06:20:56 INFO Epoch 143/300	Training Loss: 1.0170	Time remaining is 3h:3m
2024-07-24 06:22:00 INFO Epoch 144/300	Training Loss: 1.0155	Time remaining is 3h:1m
2024-07-24 06:23:04 INFO Epoch 145/300	Training Loss: 1.0181	Time remaining is 3h:0m
2024-07-24 06:24:17 INFO Testing: dataset_name: market1501 top1: 94.270 top5: 98.070 top10: 98.961 mAP: 86.222
2024-07-24 06:25:21 INFO Epoch 146/300	Training Loss: 1.0160	Time remaining is 3h:0m
2024-07-24 06:26:25 INFO Epoch 147/300	Training Loss: 1.0160	Time remaining is 2h:59m
2024-07-24 06:27:29 INFO Epoch 148/300	Training Loss: 1.0151	Time remaining is 2h:58m
2024-07-24 06:28:33 INFO Epoch 149/300	Training Loss: 1.0218	Time remaining is 2h:56m
2024-07-24 06:29:37 INFO Epoch 150/300	Training Loss: 1.0115	Time remaining is 2h:55m
2024-07-24 06:30:50 INFO Testing: dataset_name: market1501 top1: 94.240 top5: 98.308 top10: 98.961 mAP: 86.195
2024-07-24 06:31:54 INFO Epoch 151/300	Training Loss: 1.0162	Time remaining is 2h:55m
2024-07-24 06:32:58 INFO Epoch 152/300	Training Loss: 1.0142	Time remaining is 2h:54m
2024-07-24 06:34:02 INFO Epoch 153/300	Training Loss: 1.0142	Time remaining is 2h:53m
2024-07-24 06:35:05 INFO Epoch 154/300	Training Loss: 1.0160	Time remaining is 2h:51m
2024-07-24 06:36:09 INFO Epoch 155/300	Training Loss: 1.0159	Time remaining is 2h:50m
2024-07-24 06:37:22 INFO Testing: dataset_name: market1501 top1: 94.448 top5: 98.100 top10: 99.020 mAP: 86.404
2024-07-24 06:38:26 INFO Epoch 156/300	Training Loss: 1.0097	Time remaining is 2h:50m
2024-07-24 06:39:30 INFO Epoch 157/300	Training Loss: 1.0157	Time remaining is 2h:49m
2024-07-24 06:40:34 INFO Epoch 158/300	Training Loss: 1.0117	Time remaining is 2h:47m
2024-07-24 06:41:37 INFO Epoch 159/300	Training Loss: 1.0143	Time remaining is 2h:46m
2024-07-24 06:42:41 INFO Epoch 160/300	Training Loss: 1.0080	Time remaining is 2h:45m
2024-07-24 06:43:54 INFO Testing: dataset_name: market1501 top1: 94.359 top5: 98.189 top10: 98.990 mAP: 86.384
2024-07-24 06:44:58 INFO Epoch 161/300	Training Loss: 1.0138	Time remaining is 2h:45m
2024-07-24 06:46:02 INFO Epoch 162/300	Training Loss: 1.0135	Time remaining is 2h:43m
2024-07-24 06:47:06 INFO Epoch 163/300	Training Loss: 1.0080	Time remaining is 2h:42m
2024-07-24 06:48:10 INFO Epoch 164/300	Training Loss: 1.0133	Time remaining is 2h:41m
2024-07-24 06:49:14 INFO Epoch 165/300	Training Loss: 1.0100	Time remaining is 2h:40m
2024-07-24 06:50:27 INFO Testing: dataset_name: market1501 top1: 94.448 top5: 98.219 top10: 98.990 mAP: 86.586
2024-07-24 06:51:30 INFO Epoch 166/300	Training Loss: 1.0088	Time remaining is 2h:39m
2024-07-24 06:52:34 INFO Epoch 167/300	Training Loss: 1.0132	Time remaining is 2h:38m
2024-07-24 06:53:38 INFO Epoch 168/300	Training Loss: 1.0083	Time remaining is 2h:37m
2024-07-24 06:54:42 INFO Epoch 169/300	Training Loss: 1.0183	Time remaining is 2h:35m
2024-07-24 06:55:46 INFO Epoch 170/300	Training Loss: 1.0122	Time remaining is 2h:34m
2024-07-24 06:57:00 INFO Testing: dataset_name: market1501 top1: 94.418 top5: 98.278 top10: 99.020 mAP: 86.408
2024-07-24 06:58:04 INFO Epoch 171/300	Training Loss: 1.0117	Time remaining is 2h:34m
2024-07-24 06:59:08 INFO Epoch 172/300	Training Loss: 1.0121	Time remaining is 2h:33m
2024-07-24 07:00:12 INFO Epoch 173/300	Training Loss: 1.0112	Time remaining is 2h:31m
2024-07-24 07:01:15 INFO Epoch 174/300	Training Loss: 1.0081	Time remaining is 2h:30m
2024-07-24 07:02:19 INFO Epoch 175/300	Training Loss: 1.0107	Time remaining is 2h:29m
2024-07-24 07:03:32 INFO Testing: dataset_name: market1501 top1: 94.418 top5: 98.159 top10: 98.872 mAP: 86.525
2024-07-24 07:04:36 INFO Epoch 176/300	Training Loss: 1.0128	Time remaining is 2h:28m
2024-07-24 07:05:39 INFO Epoch 177/300	Training Loss: 1.0068	Time remaining is 2h:27m
2024-07-24 07:06:43 INFO Epoch 178/300	Training Loss: 1.0109	Time remaining is 2h:26m
2024-07-24 07:07:47 INFO Epoch 179/300	Training Loss: 1.0096	Time remaining is 2h:25m
2024-07-24 07:08:51 INFO Epoch 180/300	Training Loss: 1.0066	Time remaining is 2h:23m
2024-07-24 07:10:04 INFO Testing: dataset_name: market1501 top1: 94.626 top5: 98.189 top10: 98.961 mAP: 86.574
2024-07-24 07:11:08 INFO Epoch 181/300	Training Loss: 1.0132	Time remaining is 2h:23m
2024-07-24 07:12:11 INFO Epoch 182/300	Training Loss: 1.0114	Time remaining is 2h:22m
2024-07-24 07:13:15 INFO Epoch 183/300	Training Loss: 1.0066	Time remaining is 2h:20m
2024-07-24 07:14:19 INFO Epoch 184/300	Training Loss: 1.0078	Time remaining is 2h:19m
2024-07-24 07:15:23 INFO Epoch 185/300	Training Loss: 1.0119	Time remaining is 2h:18m
2024-07-24 07:16:36 INFO Testing: dataset_name: market1501 top1: 94.507 top5: 98.248 top10: 99.109 mAP: 86.522
2024-07-24 07:17:39 INFO Epoch 186/300	Training Loss: 1.0057	Time remaining is 2h:17m
2024-07-24 07:18:43 INFO Epoch 187/300	Training Loss: 1.0107	Time remaining is 2h:16m
2024-07-24 07:19:47 INFO Epoch 188/300	Training Loss: 1.0105	Time remaining is 2h:15m
2024-07-24 07:20:51 INFO Epoch 189/300	Training Loss: 1.0123	Time remaining is 2h:13m
2024-07-24 07:21:55 INFO Epoch 190/300	Training Loss: 1.0110	Time remaining is 2h:12m
2024-07-24 07:23:08 INFO Testing: dataset_name: market1501 top1: 94.477 top5: 98.189 top10: 99.050 mAP: 86.542
2024-07-24 07:24:12 INFO Epoch 191/300	Training Loss: 1.0108	Time remaining is 2h:12m
2024-07-24 07:25:15 INFO Epoch 192/300	Training Loss: 1.0119	Time remaining is 2h:10m
2024-07-24 07:26:19 INFO Epoch 193/300	Training Loss: 1.0045	Time remaining is 2h:9m
2024-07-24 07:27:23 INFO Epoch 194/300	Training Loss: 1.0098	Time remaining is 2h:8m
2024-07-24 07:28:27 INFO Epoch 195/300	Training Loss: 1.0052	Time remaining is 2h:7m
2024-07-24 07:29:39 INFO Testing: dataset_name: market1501 top1: 94.567 top5: 98.219 top10: 99.020 mAP: 86.531
2024-07-24 07:30:43 INFO Epoch 196/300	Training Loss: 1.0107	Time remaining is 2h:6m
2024-07-24 07:31:47 INFO Epoch 197/300	Training Loss: 1.0062	Time remaining is 2h:5m
2024-07-24 07:32:50 INFO Epoch 198/300	Training Loss: 1.0047	Time remaining is 2h:3m
2024-07-24 07:33:54 INFO Epoch 199/300	Training Loss: 1.0092	Time remaining is 2h:2m
2024-07-24 07:34:58 INFO Epoch 200/300	Training Loss: 1.0092	Time remaining is 2h:1m
2024-07-24 07:36:11 INFO Testing: dataset_name: market1501 top1: 94.388 top5: 98.219 top10: 98.990 mAP: 86.442
2024-07-24 07:37:15 INFO Epoch 201/300	Training Loss: 1.0023	Time remaining is 2h:0m
2024-07-24 07:38:19 INFO Epoch 202/300	Training Loss: 1.0096	Time remaining is 1h:59m
2024-07-24 07:39:23 INFO Epoch 203/300	Training Loss: 1.0136	Time remaining is 1h:58m
2024-07-24 07:40:26 INFO Epoch 204/300	Training Loss: 1.0040	Time remaining is 1h:56m
2024-07-24 07:41:30 INFO Epoch 205/300	Training Loss: 1.0082	Time remaining is 1h:55m
2024-07-24 07:42:43 INFO Testing: dataset_name: market1501 top1: 94.359 top5: 98.248 top10: 99.050 mAP: 86.482
2024-07-24 07:43:47 INFO Epoch 206/300	Training Loss: 1.0087	Time remaining is 1h:54m
2024-07-24 07:44:52 INFO Epoch 207/300	Training Loss: 1.0144	Time remaining is 1h:53m
2024-07-24 07:45:55 INFO Epoch 208/300	Training Loss: 1.0090	Time remaining is 1h:52m
2024-07-24 07:46:59 INFO Epoch 209/300	Training Loss: 1.0087	Time remaining is 1h:51m
2024-07-24 07:48:03 INFO Epoch 210/300	Training Loss: 1.0034	Time remaining is 1h:49m
2024-07-24 07:49:16 INFO Testing: dataset_name: market1501 top1: 94.715 top5: 98.189 top10: 99.020 mAP: 86.621
2024-07-24 07:50:20 INFO Epoch 211/300	Training Loss: 1.0075	Time remaining is 1h:49m
2024-07-24 07:51:24 INFO Epoch 212/300	Training Loss: 1.0065	Time remaining is 1h:47m
2024-07-24 07:52:27 INFO Epoch 213/300	Training Loss: 1.0013	Time remaining is 1h:46m
2024-07-24 07:53:31 INFO Epoch 214/300	Training Loss: 1.0080	Time remaining is 1h:45m
2024-07-24 07:54:35 INFO Epoch 215/300	Training Loss: 1.0028	Time remaining is 1h:44m
2024-07-24 07:55:48 INFO Testing: dataset_name: market1501 top1: 94.715 top5: 98.219 top10: 98.961 mAP: 86.656
2024-07-24 07:56:52 INFO Epoch 216/300	Training Loss: 1.0013	Time remaining is 1h:43m
2024-07-24 07:57:55 INFO Epoch 217/300	Training Loss: 1.0081	Time remaining is 1h:42m
2024-07-24 07:59:00 INFO Epoch 218/300	Training Loss: 1.0142	Time remaining is 1h:40m
2024-07-24 08:00:04 INFO Epoch 219/300	Training Loss: 1.0065	Time remaining is 1h:39m
2024-07-24 08:01:08 INFO Epoch 220/300	Training Loss: 1.0071	Time remaining is 1h:38m
2024-07-24 08:02:21 INFO Testing: dataset_name: market1501 top1: 94.418 top5: 98.189 top10: 99.050 mAP: 86.702
2024-07-24 08:03:25 INFO Epoch 221/300	Training Loss: 1.0048	Time remaining is 1h:37m
2024-07-24 08:04:29 INFO Epoch 222/300	Training Loss: 1.0073	Time remaining is 1h:36m
2024-07-24 08:05:33 INFO Epoch 223/300	Training Loss: 1.0070	Time remaining is 1h:34m
2024-07-24 08:06:37 INFO Epoch 224/300	Training Loss: 0.9999	Time remaining is 1h:33m
2024-07-24 08:07:41 INFO Epoch 225/300	Training Loss: 1.0109	Time remaining is 1h:32m
2024-07-24 08:08:54 INFO Testing: dataset_name: market1501 top1: 94.507 top5: 98.159 top10: 98.990 mAP: 86.612
2024-07-24 08:09:57 INFO Epoch 226/300	Training Loss: 1.0064	Time remaining is 1h:31m
2024-07-24 08:11:01 INFO Epoch 227/300	Training Loss: 1.0064	Time remaining is 1h:30m
2024-07-24 08:12:05 INFO Epoch 228/300	Training Loss: 1.0060	Time remaining is 1h:29m
2024-07-24 08:13:10 INFO Epoch 229/300	Training Loss: 1.0107	Time remaining is 1h:27m
2024-07-24 08:14:14 INFO Epoch 230/300	Training Loss: 1.0053	Time remaining is 1h:26m
2024-07-24 08:15:27 INFO Testing: dataset_name: market1501 top1: 94.448 top5: 98.040 top10: 98.961 mAP: 86.755
2024-07-24 08:16:31 INFO Epoch 231/300	Training Loss: 1.0023	Time remaining is 1h:25m
2024-07-24 08:17:34 INFO Epoch 232/300	Training Loss: 1.0000	Time remaining is 1h:24m
2024-07-24 08:18:39 INFO Epoch 233/300	Training Loss: 1.0048	Time remaining is 1h:23m
2024-07-24 08:19:42 INFO Epoch 234/300	Training Loss: 1.0007	Time remaining is 1h:21m
2024-07-24 08:20:46 INFO Epoch 235/300	Training Loss: 1.0012	Time remaining is 1h:20m
2024-07-24 08:21:59 INFO Testing: dataset_name: market1501 top1: 94.685 top5: 98.129 top10: 98.931 mAP: 86.707
2024-07-24 08:23:03 INFO Epoch 236/300	Training Loss: 1.0102	Time remaining is 1h:19m
2024-07-24 08:24:08 INFO Epoch 237/300	Training Loss: 1.0047	Time remaining is 1h:18m
2024-07-24 08:25:11 INFO Epoch 238/300	Training Loss: 1.0001	Time remaining is 1h:17m
2024-07-24 08:26:15 INFO Epoch 239/300	Training Loss: 1.0001	Time remaining is 1h:15m
2024-07-24 08:27:19 INFO Epoch 240/300	Training Loss: 1.0042	Time remaining is 1h:14m
2024-07-24 08:28:32 INFO Testing: dataset_name: market1501 top1: 94.477 top5: 98.159 top10: 98.961 mAP: 86.657
2024-07-24 08:29:35 INFO Epoch 241/300	Training Loss: 1.0060	Time remaining is 1h:13m
2024-07-24 08:30:39 INFO Epoch 242/300	Training Loss: 1.0048	Time remaining is 1h:12m
2024-07-24 08:31:43 INFO Epoch 243/300	Training Loss: 0.9998	Time remaining is 1h:11m
2024-07-24 08:32:47 INFO Epoch 244/300	Training Loss: 1.0001	Time remaining is 1h:9m
2024-07-24 08:33:51 INFO Epoch 245/300	Training Loss: 1.0054	Time remaining is 1h:8m
2024-07-24 08:35:04 INFO Testing: dataset_name: market1501 top1: 94.567 top5: 98.129 top10: 99.050 mAP: 86.635
2024-07-24 08:36:08 INFO Epoch 246/300	Training Loss: 1.0032	Time remaining is 1h:7m
2024-07-24 08:37:12 INFO Epoch 247/300	Training Loss: 1.0039	Time remaining is 1h:6m
2024-07-24 08:38:16 INFO Epoch 248/300	Training Loss: 1.0034	Time remaining is 1h:5m
2024-07-24 08:39:19 INFO Epoch 249/300	Training Loss: 0.9996	Time remaining is 1h:3m
2024-07-24 08:40:23 INFO Epoch 250/300	Training Loss: 0.9973	Time remaining is 1h:2m
2024-07-24 08:41:36 INFO Testing: dataset_name: market1501 top1: 94.596 top5: 98.189 top10: 98.961 mAP: 86.607
2024-07-24 08:42:39 INFO Epoch 251/300	Training Loss: 0.9960	Time remaining is 1h:1m
2024-07-24 08:43:43 INFO Epoch 252/300	Training Loss: 1.0035	Time remaining is 0h:60m
2024-07-24 08:44:47 INFO Epoch 253/300	Training Loss: 1.0032	Time remaining is 0h:59m
2024-07-24 08:45:51 INFO Epoch 254/300	Training Loss: 1.0013	Time remaining is 0h:57m
2024-07-24 08:46:55 INFO Epoch 255/300	Training Loss: 0.9989	Time remaining is 0h:56m
2024-07-24 08:48:08 INFO Testing: dataset_name: market1501 top1: 94.537 top5: 98.011 top10: 98.901 mAP: 86.611
2024-07-24 08:49:12 INFO Epoch 256/300	Training Loss: 1.0036	Time remaining is 0h:55m
2024-07-24 08:50:16 INFO Epoch 257/300	Training Loss: 0.9982	Time remaining is 0h:54m
2024-07-24 08:51:20 INFO Epoch 258/300	Training Loss: 1.0025	Time remaining is 0h:53m
2024-07-24 08:52:24 INFO Epoch 259/300	Training Loss: 1.0035	Time remaining is 0h:51m
2024-07-24 08:53:28 INFO Epoch 260/300	Training Loss: 1.0027	Time remaining is 0h:50m
2024-07-24 08:54:41 INFO Testing: dataset_name: market1501 top1: 94.804 top5: 98.159 top10: 98.990 mAP: 86.822
2024-07-24 08:55:45 INFO Epoch 261/300	Training Loss: 1.0020	Time remaining is 0h:49m
2024-07-24 08:56:49 INFO Epoch 262/300	Training Loss: 1.0086	Time remaining is 0h:48m
2024-07-24 08:57:53 INFO Epoch 263/300	Training Loss: 1.0016	Time remaining is 0h:47m
2024-07-24 08:58:57 INFO Epoch 264/300	Training Loss: 1.0014	Time remaining is 0h:45m
2024-07-24 09:00:02 INFO Epoch 265/300	Training Loss: 1.0019	Time remaining is 0h:44m
2024-07-24 09:01:15 INFO Testing: dataset_name: market1501 top1: 94.477 top5: 98.100 top10: 99.020 mAP: 86.607
2024-07-24 09:02:19 INFO Epoch 266/300	Training Loss: 1.0025	Time remaining is 0h:43m
2024-07-24 09:03:23 INFO Epoch 267/300	Training Loss: 1.0034	Time remaining is 0h:42m
2024-07-24 09:04:26 INFO Epoch 268/300	Training Loss: 0.9977	Time remaining is 0h:40m
2024-07-24 09:05:30 INFO Epoch 269/300	Training Loss: 1.0027	Time remaining is 0h:39m
2024-07-24 09:06:34 INFO Epoch 270/300	Training Loss: 1.0044	Time remaining is 0h:38m
2024-07-24 09:07:47 INFO Testing: dataset_name: market1501 top1: 94.715 top5: 98.159 top10: 99.050 mAP: 86.479
2024-07-24 09:08:51 INFO Epoch 271/300	Training Loss: 1.0022	Time remaining is 0h:37m
2024-07-24 09:09:55 INFO Epoch 272/300	Training Loss: 1.0001	Time remaining is 0h:36m
2024-07-24 09:11:00 INFO Epoch 273/300	Training Loss: 1.0060	Time remaining is 0h:34m
2024-07-24 09:12:04 INFO Epoch 274/300	Training Loss: 1.0002	Time remaining is 0h:33m
2024-07-24 09:13:08 INFO Epoch 275/300	Training Loss: 1.0009	Time remaining is 0h:32m
2024-07-24 09:14:22 INFO Testing: dataset_name: market1501 top1: 94.626 top5: 98.189 top10: 98.901 mAP: 86.668
2024-07-24 09:15:25 INFO Epoch 276/300	Training Loss: 0.9959	Time remaining is 0h:31m
2024-07-24 09:16:30 INFO Epoch 277/300	Training Loss: 1.0015	Time remaining is 0h:30m
2024-07-24 09:17:34 INFO Epoch 278/300	Training Loss: 1.0016	Time remaining is 0h:28m
2024-07-24 09:18:38 INFO Epoch 279/300	Training Loss: 1.0005	Time remaining is 0h:27m
2024-07-24 09:19:42 INFO Epoch 280/300	Training Loss: 1.0020	Time remaining is 0h:26m
2024-07-24 09:20:55 INFO Testing: dataset_name: market1501 top1: 94.745 top5: 98.070 top10: 98.931 mAP: 86.803
2024-07-24 09:21:59 INFO Epoch 281/300	Training Loss: 0.9993	Time remaining is 0h:25m
2024-07-24 09:23:03 INFO Epoch 282/300	Training Loss: 0.9951	Time remaining is 0h:23m
2024-07-24 09:24:07 INFO Epoch 283/300	Training Loss: 1.0014	Time remaining is 0h:22m
2024-07-24 09:25:11 INFO Epoch 284/300	Training Loss: 0.9937	Time remaining is 0h:21m
2024-07-24 09:26:14 INFO Epoch 285/300	Training Loss: 0.9962	Time remaining is 0h:20m
2024-07-24 09:27:27 INFO Testing: dataset_name: market1501 top1: 94.507 top5: 98.129 top10: 98.872 mAP: 86.482
2024-07-24 09:28:31 INFO Epoch 286/300	Training Loss: 0.9990	Time remaining is 0h:19m
2024-07-24 09:29:35 INFO Epoch 287/300	Training Loss: 1.0002	Time remaining is 0h:17m
2024-07-24 09:30:39 INFO Epoch 288/300	Training Loss: 0.9945	Time remaining is 0h:16m
2024-07-24 09:31:43 INFO Epoch 289/300	Training Loss: 1.0009	Time remaining is 0h:15m
2024-07-24 09:32:47 INFO Epoch 290/300	Training Loss: 0.9994	Time remaining is 0h:14m
2024-07-24 09:34:00 INFO Testing: dataset_name: market1501 top1: 94.477 top5: 98.100 top10: 98.990 mAP: 86.661
2024-07-24 09:35:04 INFO Epoch 291/300	Training Loss: 0.9949	Time remaining is 0h:12m
2024-07-24 09:36:08 INFO Epoch 292/300	Training Loss: 0.9995	Time remaining is 0h:11m
2024-07-24 09:37:11 INFO Epoch 293/300	Training Loss: 0.9998	Time remaining is 0h:10m
2024-07-24 09:38:15 INFO Epoch 294/300	Training Loss: 0.9930	Time remaining is 0h:9m
2024-07-24 09:39:19 INFO Epoch 295/300	Training Loss: 1.0002	Time remaining is 0h:7m
2024-07-24 09:40:32 INFO Testing: dataset_name: market1501 top1: 94.388 top5: 98.189 top10: 98.961 mAP: 86.545
2024-07-24 09:41:36 INFO Epoch 296/300	Training Loss: 0.9932	Time remaining is 0h:6m
2024-07-24 09:42:39 INFO Epoch 297/300	Training Loss: 0.9991	Time remaining is 0h:5m
2024-07-24 09:43:43 INFO Epoch 298/300	Training Loss: 0.9939	Time remaining is 0h:4m
2024-07-24 09:44:47 INFO Epoch 299/300	Training Loss: 0.9942	Time remaining is 0h:2m
2024-07-24 09:45:51 INFO Epoch 300/300	Training Loss: 0.9981	Time remaining is 0h:1m
2024-07-24 09:47:04 INFO Testing: dataset_name: market1501 top1: 94.685 top5: 98.159 top10: 99.020 mAP: 86.677
2024-07-24 09:47:04 INFO The running time of training: 6.19 h
