2024-04-17 09:20:24 INFO ##################################################
2024-04-17 09:20:24 INFO Config values: batch_size: 60	current_directory: /home/hy/project/reid_task/ex_main4	dataset_name: market1501	dataset_path: /home/hy/project/data/Market-1501-v15.09.15	device: cuda	dtype: torch.float32	epoch_start_test: 90	epochs: 160	img_height: 256	img_width: 128	logs_outputs_path: /home/hy/project/reid_task/ex_main4/./outputs/logs	models_outputs_path: /home/hy/project/reid_task/ex_main4/./outputs/models	np: <module 'numpy' from '/home/hy/anaconda3/envs/py396/lib/python3.9/site-packages/numpy/__init__.py'>	os: <module 'os' from '/home/hy/anaconda3/envs/py396/lib/python3.9/os.py'>	outputs_dir: ./outputs/	outputs_path: /home/hy/project/reid_task/ex_main4/./outputs/	print_every: 1	seed: 1	taskname: ReID_Task	temps_outputs_path: /home/hy/project/reid_task/ex_main4/./outputs/temps	test_batch_size: 256	test_every: 5	torch: <module 'torch' from '/home/hy/anaconda3/envs/py396/lib/python3.9/site-packages/torch/__init__.py'>
2024-04-17 09:20:24 INFO Task: ReID_Task
2024-04-17 09:20:24 INFO Using device: cuda
2024-04-17 09:20:24 INFO Using data type: torch.float32
2024-04-17 09:20:24 INFO Number of GPUs: 1
2024-04-17 09:20:24 INFO GPU is_available: True
2024-04-17 09:20:24 INFO GPU name: NVIDIA GeForce RTX 3060
2024-04-17 09:20:24 INFO CUDA version: 12.1
2024-04-17 09:20:24 INFO Current device id: 0
2024-04-17 09:20:24 INFO ##################################################
2024-04-17 09:21:37 INFO Epoch 1/160	Training Loss: 9.6440	Time remaining is 3h:12m
2024-04-17 09:22:48 INFO Epoch 2/160	Training Loss: 8.1748	Time remaining is 3h:10m
2024-04-17 09:24:00 INFO Epoch 3/160	Training Loss: 6.3661	Time remaining is 3h:9m
2024-04-17 09:25:12 INFO Epoch 4/160	Training Loss: 4.8835	Time remaining is 3h:8m
2024-04-17 09:26:23 INFO Epoch 5/160	Training Loss: 3.7842	Time remaining is 3h:6m
2024-04-17 09:27:35 INFO Epoch 6/160	Training Loss: 3.0749	Time remaining is 3h:5m
2024-04-17 09:28:46 INFO Epoch 7/160	Training Loss: 2.7146	Time remaining is 3h:4m
2024-04-17 09:29:57 INFO Epoch 8/160	Training Loss: 2.5236	Time remaining is 3h:2m
2024-04-17 09:31:09 INFO Epoch 9/160	Training Loss: 2.4230	Time remaining is 3h:1m
2024-04-17 09:32:21 INFO Epoch 10/160	Training Loss: 2.3437	Time remaining is 3h:0m
2024-04-17 09:33:32 INFO Epoch 11/160	Training Loss: 2.3111	Time remaining is 2h:59m
2024-04-17 09:34:44 INFO Epoch 12/160	Training Loss: 2.2649	Time remaining is 2h:58m
2024-04-17 09:35:56 INFO Epoch 13/160	Training Loss: 2.2160	Time remaining is 2h:57m
2024-04-17 09:37:08 INFO Epoch 14/160	Training Loss: 2.1992	Time remaining is 2h:56m
2024-04-17 09:38:20 INFO Epoch 15/160	Training Loss: 2.1687	Time remaining is 2h:54m
2024-04-17 09:39:32 INFO Epoch 16/160	Training Loss: 2.1524	Time remaining is 2h:53m
2024-04-17 09:40:43 INFO Epoch 17/160	Training Loss: 2.1356	Time remaining is 2h:52m
2024-04-17 09:41:55 INFO Epoch 18/160	Training Loss: 2.1241	Time remaining is 2h:51m
2024-04-17 09:43:06 INFO Epoch 19/160	Training Loss: 2.1300	Time remaining is 2h:50m
2024-04-17 09:44:18 INFO Epoch 20/160	Training Loss: 2.1305	Time remaining is 2h:48m
2024-04-17 09:45:30 INFO Epoch 21/160	Training Loss: 2.1146	Time remaining is 2h:47m
2024-04-17 09:46:41 INFO Epoch 22/160	Training Loss: 2.1168	Time remaining is 2h:46m
2024-04-17 09:47:54 INFO Epoch 23/160	Training Loss: 2.1056	Time remaining is 2h:45m
2024-04-17 09:49:06 INFO Epoch 24/160	Training Loss: 2.1237	Time remaining is 2h:44m
2024-04-17 09:50:18 INFO Epoch 25/160	Training Loss: 2.1122	Time remaining is 2h:43m
2024-04-17 09:51:30 INFO Epoch 26/160	Training Loss: 2.1274	Time remaining is 2h:41m
2024-04-17 09:52:42 INFO Epoch 27/160	Training Loss: 2.1208	Time remaining is 2h:40m
2024-04-17 09:53:53 INFO Epoch 28/160	Training Loss: 2.1111	Time remaining is 2h:39m
2024-04-17 09:55:05 INFO Epoch 29/160	Training Loss: 2.1069	Time remaining is 2h:38m
2024-04-17 09:56:16 INFO Epoch 30/160	Training Loss: 2.0956	Time remaining is 2h:37m
2024-04-17 09:57:27 INFO Epoch 31/160	Training Loss: 2.0988	Time remaining is 2h:35m
2024-04-17 09:58:39 INFO Epoch 32/160	Training Loss: 2.1000	Time remaining is 2h:34m
2024-04-17 09:59:51 INFO Epoch 33/160	Training Loss: 2.1023	Time remaining is 2h:33m
2024-04-17 10:01:03 INFO Epoch 34/160	Training Loss: 2.1119	Time remaining is 2h:32m
2024-04-17 10:02:14 INFO Epoch 35/160	Training Loss: 2.1084	Time remaining is 2h:31m
2024-04-17 10:03:26 INFO Epoch 36/160	Training Loss: 2.0938	Time remaining is 2h:29m
2024-04-17 10:04:38 INFO Epoch 37/160	Training Loss: 2.0933	Time remaining is 2h:28m
2024-04-17 10:05:50 INFO Epoch 38/160	Training Loss: 2.0972	Time remaining is 2h:27m
2024-04-17 10:07:01 INFO Epoch 39/160	Training Loss: 2.1025	Time remaining is 2h:26m
2024-04-17 10:08:13 INFO Epoch 40/160	Training Loss: 2.0926	Time remaining is 2h:25m
2024-04-17 10:09:24 INFO Epoch 41/160	Training Loss: 2.0361	Time remaining is 2h:23m
2024-04-17 10:10:36 INFO Epoch 42/160	Training Loss: 1.9631	Time remaining is 2h:22m
2024-04-17 10:11:47 INFO Epoch 43/160	Training Loss: 1.9579	Time remaining is 2h:21m
2024-04-17 10:12:59 INFO Epoch 44/160	Training Loss: 1.9504	Time remaining is 2h:20m
2024-04-17 10:14:11 INFO Epoch 45/160	Training Loss: 1.9423	Time remaining is 2h:19m
2024-04-17 10:15:22 INFO Epoch 46/160	Training Loss: 1.9424	Time remaining is 2h:17m
2024-04-17 10:16:34 INFO Epoch 47/160	Training Loss: 1.9263	Time remaining is 2h:16m
2024-04-17 10:17:45 INFO Epoch 48/160	Training Loss: 1.9352	Time remaining is 2h:15m
2024-04-17 10:18:56 INFO Epoch 49/160	Training Loss: 1.9208	Time remaining is 2h:14m
2024-04-17 10:20:08 INFO Epoch 50/160	Training Loss: 1.9300	Time remaining is 2h:13m
2024-04-17 10:21:19 INFO Epoch 51/160	Training Loss: 1.9161	Time remaining is 2h:11m
2024-04-17 10:22:31 INFO Epoch 52/160	Training Loss: 1.9230	Time remaining is 2h:10m
2024-04-17 10:23:43 INFO Epoch 53/160	Training Loss: 1.9225	Time remaining is 2h:9m
2024-04-17 10:24:54 INFO Epoch 54/160	Training Loss: 1.9205	Time remaining is 2h:8m
2024-04-17 10:26:06 INFO Epoch 55/160	Training Loss: 1.9200	Time remaining is 2h:7m
2024-04-17 10:27:18 INFO Epoch 56/160	Training Loss: 1.9183	Time remaining is 2h:5m
2024-04-17 10:28:29 INFO Epoch 57/160	Training Loss: 1.9076	Time remaining is 2h:4m
2024-04-17 10:29:41 INFO Epoch 58/160	Training Loss: 1.9163	Time remaining is 2h:3m
2024-04-17 10:30:53 INFO Epoch 59/160	Training Loss: 1.9168	Time remaining is 2h:2m
2024-04-17 10:32:04 INFO Epoch 60/160	Training Loss: 1.9138	Time remaining is 2h:1m
2024-04-17 10:33:16 INFO Epoch 61/160	Training Loss: 1.9138	Time remaining is 1h:59m
2024-04-17 10:34:28 INFO Epoch 62/160	Training Loss: 1.9121	Time remaining is 1h:58m
2024-04-17 10:35:39 INFO Epoch 63/160	Training Loss: 1.9109	Time remaining is 1h:57m
2024-04-17 10:36:51 INFO Epoch 64/160	Training Loss: 1.9104	Time remaining is 1h:56m
2024-04-17 10:38:03 INFO Epoch 65/160	Training Loss: 1.9072	Time remaining is 1h:55m
2024-04-17 10:39:14 INFO Epoch 66/160	Training Loss: 1.9078	Time remaining is 1h:53m
2024-04-17 10:40:26 INFO Epoch 67/160	Training Loss: 1.9153	Time remaining is 1h:52m
2024-04-17 10:41:38 INFO Epoch 68/160	Training Loss: 1.9051	Time remaining is 1h:51m
2024-04-17 10:42:49 INFO Epoch 69/160	Training Loss: 1.8978	Time remaining is 1h:50m
2024-04-17 10:44:01 INFO Epoch 70/160	Training Loss: 1.9049	Time remaining is 1h:49m
2024-04-17 10:45:13 INFO Epoch 71/160	Training Loss: 1.9022	Time remaining is 1h:47m
2024-04-17 10:46:24 INFO Epoch 72/160	Training Loss: 1.8981	Time remaining is 1h:46m
2024-04-17 10:47:36 INFO Epoch 73/160	Training Loss: 1.8948	Time remaining is 1h:45m
2024-04-17 10:48:47 INFO Epoch 74/160	Training Loss: 1.8854	Time remaining is 1h:44m
2024-04-17 10:49:59 INFO Epoch 75/160	Training Loss: 1.8854	Time remaining is 1h:43m
2024-04-17 10:51:10 INFO Epoch 76/160	Training Loss: 1.8819	Time remaining is 1h:41m
2024-04-17 10:52:21 INFO Epoch 77/160	Training Loss: 1.8931	Time remaining is 1h:40m
2024-04-17 10:53:33 INFO Epoch 78/160	Training Loss: 1.8839	Time remaining is 1h:39m
2024-04-17 10:54:44 INFO Epoch 79/160	Training Loss: 1.8926	Time remaining is 1h:38m
2024-04-17 10:55:56 INFO Epoch 80/160	Training Loss: 1.8930	Time remaining is 1h:37m
2024-04-17 10:57:08 INFO Epoch 81/160	Training Loss: 1.8910	Time remaining is 1h:36m
2024-04-17 10:58:20 INFO Epoch 82/160	Training Loss: 1.8914	Time remaining is 1h:34m
2024-04-17 10:59:31 INFO Epoch 83/160	Training Loss: 1.8912	Time remaining is 1h:33m
2024-04-17 11:00:43 INFO Epoch 84/160	Training Loss: 1.8896	Time remaining is 1h:32m
2024-04-17 11:01:55 INFO Epoch 85/160	Training Loss: 1.8930	Time remaining is 1h:31m
2024-04-17 11:03:07 INFO Epoch 86/160	Training Loss: 1.8910	Time remaining is 1h:30m
2024-04-17 11:04:18 INFO Epoch 87/160	Training Loss: 1.8901	Time remaining is 1h:28m
2024-04-17 11:05:30 INFO Epoch 88/160	Training Loss: 1.8803	Time remaining is 1h:27m
2024-04-17 11:06:41 INFO Epoch 89/160	Training Loss: 1.8895	Time remaining is 1h:26m
2024-04-17 11:07:53 INFO Epoch 90/160	Training Loss: 1.8912	Time remaining is 1h:25m
2024-04-17 11:09:20 INFO Testing: dataset_name: market1501 top1:0.9504 top5:0.9857 top10:0.9923 mAP:0.8763
2024-04-17 11:10:31 INFO Epoch 91/160	Training Loss: 1.8906	Time remaining is 1h:25m
2024-04-17 11:11:42 INFO Epoch 92/160	Training Loss: 1.8793	Time remaining is 1h:23m
2024-04-17 11:12:54 INFO Epoch 93/160	Training Loss: 1.8922	Time remaining is 1h:22m
2024-04-17 11:14:05 INFO Epoch 94/160	Training Loss: 1.8889	Time remaining is 1h:21m
2024-04-17 11:15:16 INFO Epoch 95/160	Training Loss: 1.8790	Time remaining is 1h:20m
2024-04-17 11:16:43 INFO Testing: dataset_name: market1501 top1:0.9498 top5:0.9857 top10:0.9911 mAP:0.8775
2024-04-17 11:17:55 INFO Epoch 96/160	Training Loss: 1.8898	Time remaining is 1h:20m
2024-04-17 11:19:06 INFO Epoch 97/160	Training Loss: 1.8772	Time remaining is 1h:18m
2024-04-17 11:20:18 INFO Epoch 98/160	Training Loss: 1.8911	Time remaining is 1h:17m
2024-04-17 11:21:29 INFO Epoch 99/160	Training Loss: 1.8886	Time remaining is 1h:16m
2024-04-17 11:22:41 INFO Epoch 100/160	Training Loss: 1.8869	Time remaining is 1h:15m
2024-04-17 11:24:08 INFO Testing: dataset_name: market1501 top1:0.9486 top5:0.9855 top10:0.9914 mAP:0.8772
2024-04-17 11:25:19 INFO Epoch 101/160	Training Loss: 1.8895	Time remaining is 1h:14m
2024-04-17 11:26:31 INFO Epoch 102/160	Training Loss: 1.8870	Time remaining is 1h:13m
2024-04-17 11:27:43 INFO Epoch 103/160	Training Loss: 1.8864	Time remaining is 1h:12m
2024-04-17 11:28:54 INFO Epoch 104/160	Training Loss: 1.8857	Time remaining is 1h:10m
2024-04-17 11:30:06 INFO Epoch 105/160	Training Loss: 1.8975	Time remaining is 1h:9m
2024-04-17 11:31:34 INFO Testing: dataset_name: market1501 top1:0.9457 top5:0.9857 top10:0.9917 mAP:0.8767
2024-04-17 11:32:45 INFO Epoch 106/160	Training Loss: 1.8886	Time remaining is 1h:9m
2024-04-17 11:33:56 INFO Epoch 107/160	Training Loss: 1.8767	Time remaining is 1h:7m
2024-04-17 11:35:08 INFO Epoch 108/160	Training Loss: 1.8876	Time remaining is 1h:6m
2024-04-17 11:36:19 INFO Epoch 109/160	Training Loss: 1.8865	Time remaining is 1h:5m
2024-04-17 11:37:31 INFO Epoch 110/160	Training Loss: 1.8853	Time remaining is 1h:4m
2024-04-17 11:38:58 INFO Testing: dataset_name: market1501 top1:0.9477 top5:0.9857 top10:0.9923 mAP:0.8780
2024-04-17 11:40:09 INFO Epoch 111/160	Training Loss: 1.8760	Time remaining is 1h:3m
2024-04-17 11:41:21 INFO Epoch 112/160	Training Loss: 1.8853	Time remaining is 1h:2m
2024-04-17 11:42:32 INFO Epoch 113/160	Training Loss: 1.8853	Time remaining is 1h:0m
2024-04-17 11:43:44 INFO Epoch 114/160	Training Loss: 1.8775	Time remaining is 0h:59m
2024-04-17 11:44:56 INFO Epoch 115/160	Training Loss: 1.8931	Time remaining is 0h:58m
2024-04-17 11:46:23 INFO Testing: dataset_name: market1501 top1:0.9495 top5:0.9863 top10:0.9926 mAP:0.8788
2024-04-17 11:47:34 INFO Epoch 116/160	Training Loss: 1.8854	Time remaining is 0h:57m
2024-04-17 11:48:46 INFO Epoch 117/160	Training Loss: 1.8872	Time remaining is 0h:56m
2024-04-17 11:49:57 INFO Epoch 118/160	Training Loss: 1.8846	Time remaining is 0h:54m
2024-04-17 11:51:10 INFO Epoch 119/160	Training Loss: 1.8950	Time remaining is 0h:53m
2024-04-17 11:52:21 INFO Epoch 120/160	Training Loss: 1.8740	Time remaining is 0h:52m
2024-04-17 11:53:48 INFO Testing: dataset_name: market1501 top1:0.9501 top5:0.9869 top10:0.9926 mAP:0.8800
2024-04-17 11:54:59 INFO Epoch 121/160	Training Loss: 1.8834	Time remaining is 0h:51m
2024-04-17 11:56:10 INFO Epoch 122/160	Training Loss: 1.8833	Time remaining is 0h:50m
2024-04-17 11:57:22 INFO Epoch 123/160	Training Loss: 1.8835	Time remaining is 0h:48m
2024-04-17 11:58:34 INFO Epoch 124/160	Training Loss: 1.8753	Time remaining is 0h:47m
2024-04-17 11:59:45 INFO Epoch 125/160	Training Loss: 1.8846	Time remaining is 0h:46m
2024-04-17 12:01:12 INFO Testing: dataset_name: market1501 top1:0.9477 top5:0.9863 top10:0.9926 mAP:0.8796
2024-04-17 12:02:23 INFO Epoch 126/160	Training Loss: 1.8841	Time remaining is 0h:45m
2024-04-17 12:03:35 INFO Epoch 127/160	Training Loss: 1.8828	Time remaining is 0h:44m
2024-04-17 12:04:47 INFO Epoch 128/160	Training Loss: 1.8828	Time remaining is 0h:42m
2024-04-17 12:05:58 INFO Epoch 129/160	Training Loss: 1.8847	Time remaining is 0h:41m
2024-04-17 12:07:10 INFO Epoch 130/160	Training Loss: 1.8848	Time remaining is 0h:40m
2024-04-17 12:08:37 INFO Testing: dataset_name: market1501 top1:0.9501 top5:0.9852 top10:0.9917 mAP:0.8807
2024-04-17 12:09:48 INFO Epoch 131/160	Training Loss: 1.8752	Time remaining is 0h:39m
2024-04-17 12:10:59 INFO Epoch 132/160	Training Loss: 1.8818	Time remaining is 0h:37m
2024-04-17 12:12:11 INFO Epoch 133/160	Training Loss: 1.8735	Time remaining is 0h:36m
2024-04-17 12:13:22 INFO Epoch 134/160	Training Loss: 1.8837	Time remaining is 0h:35m
2024-04-17 12:14:34 INFO Epoch 135/160	Training Loss: 1.8742	Time remaining is 0h:34m
2024-04-17 12:16:00 INFO Testing: dataset_name: market1501 top1:0.9495 top5:0.9860 top10:0.9920 mAP:0.8810
2024-04-17 12:17:11 INFO Epoch 136/160	Training Loss: 1.8739	Time remaining is 0h:32m
2024-04-17 12:18:23 INFO Epoch 137/160	Training Loss: 1.8832	Time remaining is 0h:31m
2024-04-17 12:19:35 INFO Epoch 138/160	Training Loss: 1.8830	Time remaining is 0h:30m
2024-04-17 12:20:46 INFO Epoch 139/160	Training Loss: 1.8723	Time remaining is 0h:29m
2024-04-17 12:21:57 INFO Epoch 140/160	Training Loss: 1.8818	Time remaining is 0h:27m
2024-04-17 12:23:24 INFO Testing: dataset_name: market1501 top1:0.9504 top5:0.9857 top10:0.9920 mAP:0.8808
2024-04-17 12:24:36 INFO Epoch 141/160	Training Loss: 1.8825	Time remaining is 0h:26m
2024-04-17 12:25:47 INFO Epoch 142/160	Training Loss: 1.8811	Time remaining is 0h:25m
2024-04-17 12:26:59 INFO Epoch 143/160	Training Loss: 1.8822	Time remaining is 0h:23m
2024-04-17 12:28:10 INFO Epoch 144/160	Training Loss: 1.8802	Time remaining is 0h:22m
2024-04-17 12:29:22 INFO Epoch 145/160	Training Loss: 1.8830	Time remaining is 0h:21m
2024-04-17 12:30:49 INFO Testing: dataset_name: market1501 top1:0.9504 top5:0.9863 top10:0.9920 mAP:0.8817
2024-04-17 12:32:00 INFO Epoch 146/160	Training Loss: 1.8811	Time remaining is 0h:20m
2024-04-17 12:33:12 INFO Epoch 147/160	Training Loss: 1.8811	Time remaining is 0h:18m
2024-04-17 12:34:23 INFO Epoch 148/160	Training Loss: 1.8814	Time remaining is 0h:17m
2024-04-17 12:35:35 INFO Epoch 149/160	Training Loss: 1.8903	Time remaining is 0h:16m
2024-04-17 12:36:47 INFO Epoch 150/160	Training Loss: 1.8708	Time remaining is 0h:14m
2024-04-17 12:38:14 INFO Testing: dataset_name: market1501 top1:0.9498 top5:0.9857 top10:0.9917 mAP:0.8808
2024-04-17 12:39:25 INFO Epoch 151/160	Training Loss: 1.8804	Time remaining is 0h:13m
2024-04-17 12:40:37 INFO Epoch 152/160	Training Loss: 1.8792	Time remaining is 0h:12m
2024-04-17 12:41:48 INFO Epoch 153/160	Training Loss: 1.8799	Time remaining is 0h:11m
2024-04-17 12:43:00 INFO Epoch 154/160	Training Loss: 1.8806	Time remaining is 0h:9m
2024-04-17 12:44:12 INFO Epoch 155/160	Training Loss: 1.8815	Time remaining is 0h:8m
2024-04-17 12:45:39 INFO Testing: dataset_name: market1501 top1:0.9516 top5:0.9863 top10:0.9917 mAP:0.8829
2024-04-17 12:46:50 INFO Epoch 156/160	Training Loss: 1.8714	Time remaining is 0h:7m
2024-04-17 12:48:01 INFO Epoch 157/160	Training Loss: 1.8800	Time remaining is 0h:5m
2024-04-17 12:49:13 INFO Epoch 158/160	Training Loss: 1.8716	Time remaining is 0h:4m
2024-04-17 12:50:24 INFO Epoch 159/160	Training Loss: 1.8789	Time remaining is 0h:3m
2024-04-17 12:51:35 INFO Epoch 160/160	Training Loss: 1.8689	Time remaining is 0h:1m
2024-04-17 12:53:02 INFO Testing: dataset_name: market1501 top1:0.9510 top5:0.9863 top10:0.9917 mAP:0.8817
2024-04-17 12:53:02 INFO The running time of training: 1.27585e+04 s
