2024-07-15 22:51:03 INFO ##################################################
2024-07-15 22:51:03 INFO Config values: batch_size: 60	current_directory: /home/hy/project/reid_task/ex_001_2	dataset_name: market1501	dataset_path: /home/hy/project/data/Market-1501-v15.09.15	device: cuda	dtype: torch.float32	epoch_start_test: 90	epochs: 300	img_height: 256	img_width: 128	logs_outputs_path: /home/hy/project/reid_task/ex_001_2/./outputs/logs	models_outputs_path: /home/hy/project/reid_task/ex_001_2/./outputs/models	np: <module 'numpy' from '/home/hy/anaconda3/envs/py396/lib/python3.9/site-packages/numpy/__init__.py'>	os: <module 'os' from '/home/hy/anaconda3/envs/py396/lib/python3.9/os.py'>	outputs_dir: ./outputs/	outputs_path: /home/hy/project/reid_task/ex_001_2/./outputs/	print_every: 1	seed: 1	taskname: ReID_Task	temps_outputs_path: /home/hy/project/reid_task/ex_001_2/./outputs/temps	test_batch_size: 256	test_every: 5	torch: <module 'torch' from '/home/hy/anaconda3/envs/py396/lib/python3.9/site-packages/torch/__init__.py'>
2024-07-15 22:51:03 INFO Task: ReID_Task
2024-07-15 22:51:03 INFO Using device: cuda
2024-07-15 22:51:03 INFO Using data type: torch.float32
2024-07-15 22:51:03 INFO Number of GPUs: 1
2024-07-15 22:51:03 INFO GPU is_available: True
2024-07-15 22:51:03 INFO GPU name: NVIDIA GeForce RTX 3060
2024-07-15 22:51:03 INFO CUDA version: 12.1
2024-07-15 22:51:03 INFO Current device id: 0
2024-07-15 22:51:03 INFO ##################################################
2024-07-15 22:52:06 INFO Epoch 1/300	Training Loss: 8.3171	Time remaining is 5h:12m
2024-07-15 22:53:08 INFO Epoch 2/300	Training Loss: 7.0596	Time remaining is 5h:10m
2024-07-15 22:54:11 INFO Epoch 3/300	Training Loss: 5.4244	Time remaining is 5h:9m
2024-07-15 22:55:13 INFO Epoch 4/300	Training Loss: 4.0653	Time remaining is 5h:8m
2024-07-15 22:56:15 INFO Epoch 5/300	Training Loss: 2.9900	Time remaining is 5h:7m
2024-07-15 22:57:16 INFO Epoch 6/300	Training Loss: 2.2682	Time remaining is 5h:6m
2024-07-15 22:58:18 INFO Epoch 7/300	Training Loss: 1.8784	Time remaining is 5h:4m
2024-07-15 22:59:20 INFO Epoch 8/300	Training Loss: 1.6781	Time remaining is 5h:3m
2024-07-15 23:00:22 INFO Epoch 9/300	Training Loss: 1.5674	Time remaining is 5h:2m
2024-07-15 23:01:24 INFO Epoch 10/300	Training Loss: 1.4988	Time remaining is 5h:1m
2024-07-15 23:02:26 INFO Epoch 11/300	Training Loss: 1.4678	Time remaining is 4h:60m
2024-07-15 23:03:28 INFO Epoch 12/300	Training Loss: 1.4032	Time remaining is 4h:59m
2024-07-15 23:04:30 INFO Epoch 13/300	Training Loss: 1.3452	Time remaining is 4h:58m
2024-07-15 23:05:32 INFO Epoch 14/300	Training Loss: 1.3282	Time remaining is 4h:57m
2024-07-15 23:06:34 INFO Epoch 15/300	Training Loss: 1.3058	Time remaining is 4h:56m
2024-07-15 23:07:36 INFO Epoch 16/300	Training Loss: 1.3030	Time remaining is 4h:55m
2024-07-15 23:08:38 INFO Epoch 17/300	Training Loss: 1.2834	Time remaining is 4h:54m
2024-07-15 23:09:40 INFO Epoch 18/300	Training Loss: 1.2653	Time remaining is 4h:52m
2024-07-15 23:10:42 INFO Epoch 19/300	Training Loss: 1.2761	Time remaining is 4h:51m
2024-07-15 23:11:44 INFO Epoch 20/300	Training Loss: 1.2789	Time remaining is 4h:50m
2024-07-15 23:12:46 INFO Epoch 21/300	Training Loss: 1.2679	Time remaining is 4h:49m
2024-07-15 23:13:47 INFO Epoch 22/300	Training Loss: 1.2696	Time remaining is 4h:48m
2024-07-15 23:14:49 INFO Epoch 23/300	Training Loss: 1.2711	Time remaining is 4h:47m
2024-07-15 23:15:51 INFO Epoch 24/300	Training Loss: 1.2843	Time remaining is 4h:46m
2024-07-15 23:16:54 INFO Epoch 25/300	Training Loss: 1.2873	Time remaining is 4h:45m
2024-07-15 23:17:56 INFO Epoch 26/300	Training Loss: 1.2906	Time remaining is 4h:44m
2024-07-15 23:18:58 INFO Epoch 27/300	Training Loss: 1.2847	Time remaining is 4h:43m
2024-07-15 23:20:00 INFO Epoch 28/300	Training Loss: 1.2822	Time remaining is 4h:42m
2024-07-15 23:21:02 INFO Epoch 29/300	Training Loss: 1.2796	Time remaining is 4h:41m
2024-07-15 23:22:04 INFO Epoch 30/300	Training Loss: 1.2743	Time remaining is 4h:40m
2024-07-15 23:23:05 INFO Epoch 31/300	Training Loss: 1.2869	Time remaining is 4h:39m
2024-07-15 23:24:07 INFO Epoch 32/300	Training Loss: 1.2812	Time remaining is 4h:38m
2024-07-15 23:25:09 INFO Epoch 33/300	Training Loss: 1.2695	Time remaining is 4h:37m
2024-07-15 23:26:11 INFO Epoch 34/300	Training Loss: 1.2865	Time remaining is 4h:36m
2024-07-15 23:27:13 INFO Epoch 35/300	Training Loss: 1.2831	Time remaining is 4h:35m
2024-07-15 23:28:15 INFO Epoch 36/300	Training Loss: 1.2693	Time remaining is 4h:34m
2024-07-15 23:29:17 INFO Epoch 37/300	Training Loss: 1.2716	Time remaining is 4h:33m
2024-07-15 23:30:19 INFO Epoch 38/300	Training Loss: 1.2766	Time remaining is 4h:32m
2024-07-15 23:31:21 INFO Epoch 39/300	Training Loss: 1.2702	Time remaining is 4h:31m
2024-07-15 23:32:23 INFO Epoch 40/300	Training Loss: 1.2621	Time remaining is 4h:30m
2024-07-15 23:33:25 INFO Epoch 41/300	Training Loss: 1.1956	Time remaining is 4h:29m
2024-07-15 23:34:26 INFO Epoch 42/300	Training Loss: 1.1248	Time remaining is 4h:27m
2024-07-15 23:35:28 INFO Epoch 43/300	Training Loss: 1.1059	Time remaining is 4h:26m
2024-07-15 23:36:30 INFO Epoch 44/300	Training Loss: 1.1004	Time remaining is 4h:25m
2024-07-15 23:37:32 INFO Epoch 45/300	Training Loss: 1.0941	Time remaining is 4h:24m
2024-07-15 23:38:34 INFO Epoch 46/300	Training Loss: 1.0875	Time remaining is 4h:23m
2024-07-15 23:39:35 INFO Epoch 47/300	Training Loss: 1.0768	Time remaining is 4h:22m
2024-07-15 23:40:37 INFO Epoch 48/300	Training Loss: 1.0798	Time remaining is 4h:21m
2024-07-15 23:41:39 INFO Epoch 49/300	Training Loss: 1.0724	Time remaining is 4h:20m
2024-07-15 23:42:41 INFO Epoch 50/300	Training Loss: 1.0761	Time remaining is 4h:19m
2024-07-15 23:43:43 INFO Epoch 51/300	Training Loss: 1.0665	Time remaining is 4h:18m
2024-07-15 23:44:45 INFO Epoch 52/300	Training Loss: 1.0675	Time remaining is 4h:17m
2024-07-15 23:45:47 INFO Epoch 53/300	Training Loss: 1.0683	Time remaining is 4h:16m
2024-07-15 23:46:50 INFO Epoch 54/300	Training Loss: 1.0625	Time remaining is 4h:15m
2024-07-15 23:47:52 INFO Epoch 55/300	Training Loss: 1.0678	Time remaining is 4h:14m
2024-07-15 23:48:54 INFO Epoch 56/300	Training Loss: 1.0639	Time remaining is 4h:13m
2024-07-15 23:49:55 INFO Epoch 57/300	Training Loss: 1.0539	Time remaining is 4h:12m
2024-07-15 23:50:58 INFO Epoch 58/300	Training Loss: 1.0596	Time remaining is 4h:11m
2024-07-15 23:52:00 INFO Epoch 59/300	Training Loss: 1.0604	Time remaining is 4h:10m
2024-07-15 23:53:01 INFO Epoch 60/300	Training Loss: 1.0559	Time remaining is 4h:9m
2024-07-15 23:54:03 INFO Epoch 61/300	Training Loss: 1.0574	Time remaining is 4h:8m
2024-07-15 23:55:05 INFO Epoch 62/300	Training Loss: 1.0557	Time remaining is 4h:7m
2024-07-15 23:56:07 INFO Epoch 63/300	Training Loss: 1.0554	Time remaining is 4h:6m
2024-07-15 23:57:09 INFO Epoch 64/300	Training Loss: 1.0534	Time remaining is 4h:5m
2024-07-15 23:58:11 INFO Epoch 65/300	Training Loss: 1.0489	Time remaining is 4h:4m
2024-07-15 23:59:13 INFO Epoch 66/300	Training Loss: 1.0500	Time remaining is 4h:3m
2024-07-16 00:00:15 INFO Epoch 67/300	Training Loss: 1.0547	Time remaining is 4h:2m
2024-07-16 00:01:17 INFO Epoch 68/300	Training Loss: 1.0506	Time remaining is 4h:1m
2024-07-16 00:02:19 INFO Epoch 69/300	Training Loss: 1.0466	Time remaining is 3h:60m
2024-07-16 00:03:21 INFO Epoch 70/300	Training Loss: 1.0478	Time remaining is 3h:59m
2024-07-16 00:04:23 INFO Epoch 71/300	Training Loss: 1.0445	Time remaining is 3h:58m
2024-07-16 00:05:25 INFO Epoch 72/300	Training Loss: 1.0398	Time remaining is 3h:56m
2024-07-16 00:06:27 INFO Epoch 73/300	Training Loss: 1.0373	Time remaining is 3h:55m
2024-07-16 00:07:28 INFO Epoch 74/300	Training Loss: 1.0328	Time remaining is 3h:54m
2024-07-16 00:08:30 INFO Epoch 75/300	Training Loss: 1.0298	Time remaining is 3h:53m
2024-07-16 00:09:32 INFO Epoch 76/300	Training Loss: 1.0284	Time remaining is 3h:52m
2024-07-16 00:10:34 INFO Epoch 77/300	Training Loss: 1.0368	Time remaining is 3h:51m
2024-07-16 00:11:35 INFO Epoch 78/300	Training Loss: 1.0296	Time remaining is 3h:50m
2024-07-16 00:12:37 INFO Epoch 79/300	Training Loss: 1.0348	Time remaining is 3h:49m
2024-07-16 00:13:39 INFO Epoch 80/300	Training Loss: 1.0328	Time remaining is 3h:48m
2024-07-16 00:14:41 INFO Epoch 81/300	Training Loss: 1.0327	Time remaining is 3h:47m
2024-07-16 00:15:43 INFO Epoch 82/300	Training Loss: 1.0333	Time remaining is 3h:46m
2024-07-16 00:16:45 INFO Epoch 83/300	Training Loss: 1.0314	Time remaining is 3h:45m
2024-07-16 00:17:47 INFO Epoch 84/300	Training Loss: 1.0318	Time remaining is 3h:44m
2024-07-16 00:18:49 INFO Epoch 85/300	Training Loss: 1.0333	Time remaining is 3h:43m
2024-07-16 00:19:51 INFO Epoch 86/300	Training Loss: 1.0321	Time remaining is 3h:42m
2024-07-16 00:20:53 INFO Epoch 87/300	Training Loss: 1.0309	Time remaining is 3h:41m
2024-07-16 00:21:55 INFO Epoch 88/300	Training Loss: 1.0249	Time remaining is 3h:40m
2024-07-16 00:22:57 INFO Epoch 89/300	Training Loss: 1.0295	Time remaining is 3h:39m
2024-07-16 00:23:59 INFO Epoch 90/300	Training Loss: 1.0290	Time remaining is 3h:38m
2024-07-16 00:25:11 INFO Testing: dataset_name: market1501 top1: 94.032 top5: 98.070 top10: 98.931 mAP: 85.295
2024-07-16 00:26:13 INFO Epoch 91/300	Training Loss: 1.0319	Time remaining is 3h:40m
2024-07-16 00:27:15 INFO Epoch 92/300	Training Loss: 1.0254	Time remaining is 3h:39m
2024-07-16 00:28:17 INFO Epoch 93/300	Training Loss: 1.0304	Time remaining is 3h:37m
2024-07-16 00:29:19 INFO Epoch 94/300	Training Loss: 1.0295	Time remaining is 3h:36m
2024-07-16 00:30:21 INFO Epoch 95/300	Training Loss: 1.0237	Time remaining is 3h:35m
2024-07-16 00:31:34 INFO Testing: dataset_name: market1501 top1: 94.032 top5: 97.951 top10: 99.020 mAP: 85.316
2024-07-16 00:32:36 INFO Epoch 96/300	Training Loss: 1.0311	Time remaining is 3h:37m
2024-07-16 00:33:37 INFO Epoch 97/300	Training Loss: 1.0217	Time remaining is 3h:36m
2024-07-16 00:34:39 INFO Epoch 98/300	Training Loss: 1.0309	Time remaining is 3h:35m
2024-07-16 00:35:41 INFO Epoch 99/300	Training Loss: 1.0286	Time remaining is 3h:33m
2024-07-16 00:36:44 INFO Epoch 100/300	Training Loss: 1.0255	Time remaining is 3h:32m
2024-07-16 00:37:56 INFO Testing: dataset_name: market1501 top1: 94.091 top5: 98.159 top10: 98.931 mAP: 85.412
2024-07-16 00:38:59 INFO Epoch 101/300	Training Loss: 1.0290	Time remaining is 3h:34m
2024-07-16 00:40:01 INFO Epoch 102/300	Training Loss: 1.0277	Time remaining is 3h:33m
2024-07-16 00:41:03 INFO Epoch 103/300	Training Loss: 1.0250	Time remaining is 3h:31m
2024-07-16 00:42:05 INFO Epoch 104/300	Training Loss: 1.0262	Time remaining is 3h:30m
2024-07-16 00:43:08 INFO Epoch 105/300	Training Loss: 1.0315	Time remaining is 3h:29m
2024-07-16 00:44:20 INFO Testing: dataset_name: market1501 top1: 94.270 top5: 98.129 top10: 99.020 mAP: 85.446
2024-07-16 00:45:22 INFO Epoch 106/300	Training Loss: 1.0270	Time remaining is 3h:30m
2024-07-16 00:46:24 INFO Epoch 107/300	Training Loss: 1.0209	Time remaining is 3h:29m
2024-07-16 00:47:26 INFO Epoch 108/300	Training Loss: 1.0276	Time remaining is 3h:28m
2024-07-16 00:48:28 INFO Epoch 109/300	Training Loss: 1.0278	Time remaining is 3h:27m
2024-07-16 00:49:31 INFO Epoch 110/300	Training Loss: 1.0244	Time remaining is 3h:26m
2024-07-16 00:50:43 INFO Testing: dataset_name: market1501 top1: 94.329 top5: 98.159 top10: 98.990 mAP: 85.614
2024-07-16 00:51:45 INFO Epoch 111/300	Training Loss: 1.0195	Time remaining is 3h:27m
2024-07-16 00:52:47 INFO Epoch 112/300	Training Loss: 1.0238	Time remaining is 3h:25m
2024-07-16 00:53:49 INFO Epoch 113/300	Training Loss: 1.0240	Time remaining is 3h:24m
2024-07-16 00:54:51 INFO Epoch 114/300	Training Loss: 1.0221	Time remaining is 3h:23m
2024-07-16 00:55:54 INFO Epoch 115/300	Training Loss: 1.0296	Time remaining is 3h:22m
2024-07-16 00:57:06 INFO Testing: dataset_name: market1501 top1: 94.181 top5: 98.129 top10: 99.080 mAP: 85.647
2024-07-16 00:58:08 INFO Epoch 116/300	Training Loss: 1.0254	Time remaining is 3h:23m
2024-07-16 00:59:11 INFO Epoch 117/300	Training Loss: 1.0265	Time remaining is 3h:21m
2024-07-16 01:00:13 INFO Epoch 118/300	Training Loss: 1.0257	Time remaining is 3h:20m
2024-07-16 01:01:15 INFO Epoch 119/300	Training Loss: 1.0300	Time remaining is 3h:19m
2024-07-16 01:02:17 INFO Epoch 120/300	Training Loss: 1.0191	Time remaining is 3h:18m
2024-07-16 01:03:29 INFO Testing: dataset_name: market1501 top1: 94.388 top5: 98.189 top10: 99.109 mAP: 85.901
2024-07-16 01:04:32 INFO Epoch 121/300	Training Loss: 1.0226	Time remaining is 3h:19m
2024-07-16 01:05:34 INFO Epoch 122/300	Training Loss: 1.0231	Time remaining is 3h:17m
2024-07-16 01:06:36 INFO Epoch 123/300	Training Loss: 1.0228	Time remaining is 3h:16m
2024-07-16 01:07:38 INFO Epoch 124/300	Training Loss: 1.0181	Time remaining is 3h:15m
2024-07-16 01:08:40 INFO Epoch 125/300	Training Loss: 1.0237	Time remaining is 3h:14m
2024-07-16 01:09:53 INFO Testing: dataset_name: market1501 top1: 94.299 top5: 98.159 top10: 98.931 mAP: 85.904
2024-07-16 01:10:55 INFO Epoch 126/300	Training Loss: 1.0243	Time remaining is 3h:14m
2024-07-16 01:11:57 INFO Epoch 127/300	Training Loss: 1.0226	Time remaining is 3h:13m
2024-07-16 01:12:59 INFO Epoch 128/300	Training Loss: 1.0206	Time remaining is 3h:12m
2024-07-16 01:14:01 INFO Epoch 129/300	Training Loss: 1.0245	Time remaining is 3h:11m
2024-07-16 01:15:04 INFO Epoch 130/300	Training Loss: 1.0236	Time remaining is 3h:9m
2024-07-16 01:16:16 INFO Testing: dataset_name: market1501 top1: 94.359 top5: 98.070 top10: 99.050 mAP: 85.943
2024-07-16 01:17:18 INFO Epoch 131/300	Training Loss: 1.0188	Time remaining is 3h:10m
2024-07-16 01:18:20 INFO Epoch 132/300	Training Loss: 1.0240	Time remaining is 3h:9m
2024-07-16 01:19:22 INFO Epoch 133/300	Training Loss: 1.0172	Time remaining is 3h:7m
2024-07-16 01:20:24 INFO Epoch 134/300	Training Loss: 1.0215	Time remaining is 3h:6m
2024-07-16 01:21:25 INFO Epoch 135/300	Training Loss: 1.0172	Time remaining is 3h:5m
2024-07-16 01:22:38 INFO Testing: dataset_name: market1501 top1: 94.567 top5: 98.129 top10: 99.080 mAP: 86.189
2024-07-16 01:23:40 INFO Epoch 136/300	Training Loss: 1.0168	Time remaining is 3h:5m
2024-07-16 01:24:42 INFO Epoch 137/300	Training Loss: 1.0226	Time remaining is 3h:4m
2024-07-16 01:25:44 INFO Epoch 138/300	Training Loss: 1.0233	Time remaining is 3h:3m
2024-07-16 01:26:45 INFO Epoch 139/300	Training Loss: 1.0165	Time remaining is 3h:1m
2024-07-16 01:27:47 INFO Epoch 140/300	Training Loss: 1.0208	Time remaining is 3h:0m
2024-07-16 01:29:00 INFO Testing: dataset_name: market1501 top1: 94.448 top5: 98.189 top10: 98.961 mAP: 86.130
2024-07-16 01:30:02 INFO Epoch 141/300	Training Loss: 1.0221	Time remaining is 3h:0m
2024-07-16 01:31:04 INFO Epoch 142/300	Training Loss: 1.0224	Time remaining is 2h:59m
2024-07-16 01:32:06 INFO Epoch 143/300	Training Loss: 1.0214	Time remaining is 2h:58m
2024-07-16 01:33:08 INFO Epoch 144/300	Training Loss: 1.0202	Time remaining is 2h:57m
2024-07-16 01:34:10 INFO Epoch 145/300	Training Loss: 1.0221	Time remaining is 2h:55m
2024-07-16 01:35:22 INFO Testing: dataset_name: market1501 top1: 94.388 top5: 98.219 top10: 98.990 mAP: 86.267
2024-07-16 01:36:24 INFO Epoch 146/300	Training Loss: 1.0206	Time remaining is 2h:56m
2024-07-16 01:37:26 INFO Epoch 147/300	Training Loss: 1.0206	Time remaining is 2h:54m
2024-07-16 01:38:28 INFO Epoch 148/300	Training Loss: 1.0198	Time remaining is 2h:53m
2024-07-16 01:39:31 INFO Epoch 149/300	Training Loss: 1.0276	Time remaining is 2h:52m
2024-07-16 01:40:32 INFO Epoch 150/300	Training Loss: 1.0158	Time remaining is 2h:51m
2024-07-16 01:41:45 INFO Testing: dataset_name: market1501 top1: 94.388 top5: 98.070 top10: 98.961 mAP: 86.206
2024-07-16 01:42:47 INFO Epoch 151/300	Training Loss: 1.0222	Time remaining is 2h:51m
2024-07-16 01:43:49 INFO Epoch 152/300	Training Loss: 1.0189	Time remaining is 2h:49m
2024-07-16 01:44:51 INFO Epoch 153/300	Training Loss: 1.0194	Time remaining is 2h:48m
2024-07-16 01:45:53 INFO Epoch 154/300	Training Loss: 1.0210	Time remaining is 2h:47m
2024-07-16 01:46:55 INFO Epoch 155/300	Training Loss: 1.0200	Time remaining is 2h:46m
2024-07-16 01:48:08 INFO Testing: dataset_name: market1501 top1: 94.745 top5: 98.248 top10: 99.080 mAP: 86.418
2024-07-16 01:49:10 INFO Epoch 156/300	Training Loss: 1.0146	Time remaining is 2h:46m
2024-07-16 01:50:12 INFO Epoch 157/300	Training Loss: 1.0201	Time remaining is 2h:44m
2024-07-16 01:51:13 INFO Epoch 158/300	Training Loss: 1.0149	Time remaining is 2h:43m
2024-07-16 01:52:15 INFO Epoch 159/300	Training Loss: 1.0194	Time remaining is 2h:42m
2024-07-16 01:53:17 INFO Epoch 160/300	Training Loss: 1.0134	Time remaining is 2h:41m
2024-07-16 01:54:29 INFO Testing: dataset_name: market1501 top1: 94.537 top5: 98.248 top10: 98.990 mAP: 86.290
2024-07-16 01:55:32 INFO Epoch 161/300	Training Loss: 1.0191	Time remaining is 2h:40m
2024-07-16 01:56:34 INFO Epoch 162/300	Training Loss: 1.0172	Time remaining is 2h:39m
2024-07-16 01:57:36 INFO Epoch 163/300	Training Loss: 1.0138	Time remaining is 2h:38m
2024-07-16 01:58:38 INFO Epoch 164/300	Training Loss: 1.0178	Time remaining is 2h:37m
2024-07-16 01:59:39 INFO Epoch 165/300	Training Loss: 1.0142	Time remaining is 2h:35m
2024-07-16 02:00:52 INFO Testing: dataset_name: market1501 top1: 94.715 top5: 98.189 top10: 99.020 mAP: 86.525
2024-07-16 02:01:53 INFO Epoch 166/300	Training Loss: 1.0129	Time remaining is 2h:35m
2024-07-16 02:02:55 INFO Epoch 167/300	Training Loss: 1.0178	Time remaining is 2h:34m
2024-07-16 02:03:57 INFO Epoch 168/300	Training Loss: 1.0134	Time remaining is 2h:33m
2024-07-16 02:05:00 INFO Epoch 169/300	Training Loss: 1.0232	Time remaining is 2h:31m
2024-07-16 02:06:02 INFO Epoch 170/300	Training Loss: 1.0162	Time remaining is 2h:30m
2024-07-16 02:07:14 INFO Testing: dataset_name: market1501 top1: 94.685 top5: 98.219 top10: 98.990 mAP: 86.498
2024-07-16 02:08:16 INFO Epoch 171/300	Training Loss: 1.0170	Time remaining is 2h:30m
2024-07-16 02:09:18 INFO Epoch 172/300	Training Loss: 1.0182	Time remaining is 2h:29m
2024-07-16 02:10:20 INFO Epoch 173/300	Training Loss: 1.0161	Time remaining is 2h:27m
2024-07-16 02:11:22 INFO Epoch 174/300	Training Loss: 1.0123	Time remaining is 2h:26m
2024-07-16 02:12:24 INFO Epoch 175/300	Training Loss: 1.0173	Time remaining is 2h:25m
2024-07-16 02:13:37 INFO Testing: dataset_name: market1501 top1: 94.715 top5: 98.189 top10: 99.080 mAP: 86.566
2024-07-16 02:14:39 INFO Epoch 176/300	Training Loss: 1.0179	Time remaining is 2h:25m
2024-07-16 02:15:41 INFO Epoch 177/300	Training Loss: 1.0125	Time remaining is 2h:23m
2024-07-16 02:16:43 INFO Epoch 178/300	Training Loss: 1.0161	Time remaining is 2h:22m
2024-07-16 02:17:45 INFO Epoch 179/300	Training Loss: 1.0144	Time remaining is 2h:21m
2024-07-16 02:18:47 INFO Epoch 180/300	Training Loss: 1.0120	Time remaining is 2h:20m
2024-07-16 02:19:59 INFO Testing: dataset_name: market1501 top1: 94.834 top5: 98.337 top10: 99.020 mAP: 86.681
2024-07-16 02:21:01 INFO Epoch 181/300	Training Loss: 1.0180	Time remaining is 2h:19m
2024-07-16 02:22:03 INFO Epoch 182/300	Training Loss: 1.0163	Time remaining is 2h:18m
2024-07-16 02:23:05 INFO Epoch 183/300	Training Loss: 1.0127	Time remaining is 2h:17m
2024-07-16 02:24:07 INFO Epoch 184/300	Training Loss: 1.0126	Time remaining is 2h:15m
2024-07-16 02:25:09 INFO Epoch 185/300	Training Loss: 1.0161	Time remaining is 2h:14m
2024-07-16 02:26:21 INFO Testing: dataset_name: market1501 top1: 94.537 top5: 98.248 top10: 98.961 mAP: 86.514
2024-07-16 02:27:23 INFO Epoch 186/300	Training Loss: 1.0107	Time remaining is 2h:14m
2024-07-16 02:28:25 INFO Epoch 187/300	Training Loss: 1.0161	Time remaining is 2h:13m
2024-07-16 02:29:27 INFO Epoch 188/300	Training Loss: 1.0151	Time remaining is 2h:11m
2024-07-16 02:30:30 INFO Epoch 189/300	Training Loss: 1.0178	Time remaining is 2h:10m
2024-07-16 02:31:32 INFO Epoch 190/300	Training Loss: 1.0158	Time remaining is 2h:9m
2024-07-16 02:32:44 INFO Testing: dataset_name: market1501 top1: 94.863 top5: 98.397 top10: 98.990 mAP: 86.640
2024-07-16 02:33:46 INFO Epoch 191/300	Training Loss: 1.0162	Time remaining is 2h:8m
2024-07-16 02:34:49 INFO Epoch 192/300	Training Loss: 1.0165	Time remaining is 2h:7m
2024-07-16 02:35:51 INFO Epoch 193/300	Training Loss: 1.0090	Time remaining is 2h:6m
2024-07-16 02:36:53 INFO Epoch 194/300	Training Loss: 1.0149	Time remaining is 2h:5m
2024-07-16 02:37:55 INFO Epoch 195/300	Training Loss: 1.0101	Time remaining is 2h:3m
2024-07-16 02:39:08 INFO Testing: dataset_name: market1501 top1: 94.834 top5: 98.278 top10: 98.990 mAP: 86.694
2024-07-16 02:40:10 INFO Epoch 196/300	Training Loss: 1.0156	Time remaining is 2h:3m
2024-07-16 02:41:12 INFO Epoch 197/300	Training Loss: 1.0104	Time remaining is 2h:1m
2024-07-16 02:42:14 INFO Epoch 198/300	Training Loss: 1.0090	Time remaining is 2h:0m
2024-07-16 02:43:16 INFO Epoch 199/300	Training Loss: 1.0142	Time remaining is 1h:59m
2024-07-16 02:44:18 INFO Epoch 200/300	Training Loss: 1.0149	Time remaining is 1h:58m
2024-07-16 02:45:30 INFO Testing: dataset_name: market1501 top1: 94.834 top5: 98.308 top10: 99.020 mAP: 86.692
2024-07-16 02:46:32 INFO Epoch 201/300	Training Loss: 1.0075	Time remaining is 1h:57m
2024-07-16 02:47:34 INFO Epoch 202/300	Training Loss: 1.0142	Time remaining is 1h:56m
2024-07-16 02:48:36 INFO Epoch 203/300	Training Loss: 1.0182	Time remaining is 1h:55m
2024-07-16 02:49:38 INFO Epoch 204/300	Training Loss: 1.0084	Time remaining is 1h:53m
2024-07-16 02:50:40 INFO Epoch 205/300	Training Loss: 1.0148	Time remaining is 1h:52m
2024-07-16 02:51:52 INFO Testing: dataset_name: market1501 top1: 94.982 top5: 98.248 top10: 99.050 mAP: 86.751
2024-07-16 02:52:54 INFO Epoch 206/300	Training Loss: 1.0139	Time remaining is 1h:52m
2024-07-16 02:53:57 INFO Epoch 207/300	Training Loss: 1.0188	Time remaining is 1h:50m
2024-07-16 02:54:59 INFO Epoch 208/300	Training Loss: 1.0147	Time remaining is 1h:49m
2024-07-16 02:56:01 INFO Epoch 209/300	Training Loss: 1.0143	Time remaining is 1h:48m
2024-07-16 02:57:03 INFO Epoch 210/300	Training Loss: 1.0081	Time remaining is 1h:47m
2024-07-16 02:58:15 INFO Testing: dataset_name: market1501 top1: 95.101 top5: 98.308 top10: 99.050 mAP: 86.765
2024-07-16 02:59:17 INFO Epoch 211/300	Training Loss: 1.0141	Time remaining is 1h:46m
2024-07-16 03:00:19 INFO Epoch 212/300	Training Loss: 1.0120	Time remaining is 1h:45m
2024-07-16 03:01:21 INFO Epoch 213/300	Training Loss: 1.0075	Time remaining is 1h:43m
2024-07-16 03:02:23 INFO Epoch 214/300	Training Loss: 1.0124	Time remaining is 1h:42m
2024-07-16 03:03:25 INFO Epoch 215/300	Training Loss: 1.0082	Time remaining is 1h:41m
2024-07-16 03:04:37 INFO Testing: dataset_name: market1501 top1: 94.863 top5: 98.159 top10: 98.990 mAP: 86.788
2024-07-16 03:05:39 INFO Epoch 216/300	Training Loss: 1.0065	Time remaining is 1h:40m
2024-07-16 03:06:41 INFO Epoch 217/300	Training Loss: 1.0134	Time remaining is 1h:39m
2024-07-16 03:07:44 INFO Epoch 218/300	Training Loss: 1.0190	Time remaining is 1h:38m
2024-07-16 03:08:46 INFO Epoch 219/300	Training Loss: 1.0119	Time remaining is 1h:36m
2024-07-16 03:09:48 INFO Epoch 220/300	Training Loss: 1.0134	Time remaining is 1h:35m
2024-07-16 03:11:01 INFO Testing: dataset_name: market1501 top1: 94.834 top5: 98.367 top10: 99.020 mAP: 86.841
2024-07-16 03:12:03 INFO Epoch 221/300	Training Loss: 1.0102	Time remaining is 1h:34m
2024-07-16 03:13:05 INFO Epoch 222/300	Training Loss: 1.0118	Time remaining is 1h:33m
2024-07-16 03:14:07 INFO Epoch 223/300	Training Loss: 1.0117	Time remaining is 1h:32m
2024-07-16 03:15:09 INFO Epoch 224/300	Training Loss: 1.0047	Time remaining is 1h:31m
2024-07-16 03:16:12 INFO Epoch 225/300	Training Loss: 1.0167	Time remaining is 1h:30m
2024-07-16 03:17:24 INFO Testing: dataset_name: market1501 top1: 94.952 top5: 98.337 top10: 99.050 mAP: 86.899
2024-07-16 03:18:27 INFO Epoch 226/300	Training Loss: 1.0127	Time remaining is 1h:29m
2024-07-16 03:19:29 INFO Epoch 227/300	Training Loss: 1.0113	Time remaining is 1h:28m
2024-07-16 03:20:31 INFO Epoch 228/300	Training Loss: 1.0111	Time remaining is 1h:26m
2024-07-16 03:21:33 INFO Epoch 229/300	Training Loss: 1.0169	Time remaining is 1h:25m
2024-07-16 03:22:35 INFO Epoch 230/300	Training Loss: 1.0125	Time remaining is 1h:24m
2024-07-16 03:23:48 INFO Testing: dataset_name: market1501 top1: 94.863 top5: 98.308 top10: 99.020 mAP: 86.895
2024-07-16 03:24:49 INFO Epoch 231/300	Training Loss: 1.0071	Time remaining is 1h:23m
2024-07-16 03:25:51 INFO Epoch 232/300	Training Loss: 1.0057	Time remaining is 1h:22m
2024-07-16 03:26:53 INFO Epoch 233/300	Training Loss: 1.0102	Time remaining is 1h:20m
2024-07-16 03:27:55 INFO Epoch 234/300	Training Loss: 1.0052	Time remaining is 1h:19m
2024-07-16 03:28:57 INFO Epoch 235/300	Training Loss: 1.0060	Time remaining is 1h:18m
2024-07-16 03:30:09 INFO Testing: dataset_name: market1501 top1: 95.131 top5: 98.219 top10: 99.080 mAP: 87.006
2024-07-16 03:31:12 INFO Epoch 236/300	Training Loss: 1.0159	Time remaining is 1h:17m
2024-07-16 03:32:14 INFO Epoch 237/300	Training Loss: 1.0106	Time remaining is 1h:16m
2024-07-16 03:33:16 INFO Epoch 238/300	Training Loss: 1.0057	Time remaining is 1h:15m
2024-07-16 03:34:18 INFO Epoch 239/300	Training Loss: 1.0048	Time remaining is 1h:13m
2024-07-16 03:35:20 INFO Epoch 240/300	Training Loss: 1.0090	Time remaining is 1h:12m
2024-07-16 03:36:32 INFO Testing: dataset_name: market1501 top1: 94.923 top5: 98.129 top10: 99.020 mAP: 86.891
2024-07-16 03:37:34 INFO Epoch 241/300	Training Loss: 1.0103	Time remaining is 1h:11m
2024-07-16 03:38:36 INFO Epoch 242/300	Training Loss: 1.0101	Time remaining is 1h:10m
2024-07-16 03:39:38 INFO Epoch 243/300	Training Loss: 1.0049	Time remaining is 1h:9m
2024-07-16 03:40:40 INFO Epoch 244/300	Training Loss: 1.0047	Time remaining is 1h:8m
2024-07-16 03:41:42 INFO Epoch 245/300	Training Loss: 1.0096	Time remaining is 1h:6m
2024-07-16 03:42:54 INFO Testing: dataset_name: market1501 top1: 95.071 top5: 98.248 top10: 99.020 mAP: 86.901
2024-07-16 03:43:56 INFO Epoch 246/300	Training Loss: 1.0093	Time remaining is 1h:5m
2024-07-16 03:44:58 INFO Epoch 247/300	Training Loss: 1.0092	Time remaining is 1h:4m
2024-07-16 03:46:00 INFO Epoch 248/300	Training Loss: 1.0084	Time remaining is 1h:3m
2024-07-16 03:47:02 INFO Epoch 249/300	Training Loss: 1.0043	Time remaining is 1h:2m
2024-07-16 03:48:04 INFO Epoch 250/300	Training Loss: 1.0022	Time remaining is 1h:1m
2024-07-16 03:49:16 INFO Testing: dataset_name: market1501 top1: 94.774 top5: 98.308 top10: 98.961 mAP: 86.928
2024-07-16 03:50:18 INFO Epoch 251/300	Training Loss: 1.0017	Time remaining is 0h:60m
2024-07-16 03:51:20 INFO Epoch 252/300	Training Loss: 1.0082	Time remaining is 0h:58m
2024-07-16 03:52:22 INFO Epoch 253/300	Training Loss: 1.0082	Time remaining is 0h:57m
2024-07-16 03:53:24 INFO Epoch 254/300	Training Loss: 1.0072	Time remaining is 0h:56m
2024-07-16 03:54:26 INFO Epoch 255/300	Training Loss: 1.0030	Time remaining is 0h:55m
2024-07-16 03:55:38 INFO Testing: dataset_name: market1501 top1: 94.745 top5: 98.219 top10: 98.990 mAP: 86.901
2024-07-16 03:56:41 INFO Epoch 256/300	Training Loss: 1.0075	Time remaining is 0h:54m
2024-07-16 03:57:43 INFO Epoch 257/300	Training Loss: 1.0040	Time remaining is 0h:53m
2024-07-16 03:58:45 INFO Epoch 258/300	Training Loss: 1.0072	Time remaining is 0h:51m
2024-07-16 03:59:47 INFO Epoch 259/300	Training Loss: 1.0089	Time remaining is 0h:50m
2024-07-16 04:00:49 INFO Epoch 260/300	Training Loss: 1.0079	Time remaining is 0h:49m
2024-07-16 04:02:01 INFO Testing: dataset_name: market1501 top1: 95.190 top5: 98.248 top10: 99.050 mAP: 87.147
2024-07-16 04:03:04 INFO Epoch 261/300	Training Loss: 1.0074	Time remaining is 0h:48m
2024-07-16 04:04:06 INFO Epoch 262/300	Training Loss: 1.0137	Time remaining is 0h:47m
2024-07-16 04:05:08 INFO Epoch 263/300	Training Loss: 1.0069	Time remaining is 0h:45m
2024-07-16 04:06:10 INFO Epoch 264/300	Training Loss: 1.0070	Time remaining is 0h:44m
2024-07-16 04:07:12 INFO Epoch 265/300	Training Loss: 1.0066	Time remaining is 0h:43m
2024-07-16 04:08:25 INFO Testing: dataset_name: market1501 top1: 94.923 top5: 98.278 top10: 98.990 mAP: 87.016
2024-07-16 04:09:27 INFO Epoch 266/300	Training Loss: 1.0072	Time remaining is 0h:42m
2024-07-16 04:10:29 INFO Epoch 267/300	Training Loss: 1.0082	Time remaining is 0h:41m
2024-07-16 04:11:30 INFO Epoch 268/300	Training Loss: 1.0021	Time remaining is 0h:39m
2024-07-16 04:12:32 INFO Epoch 269/300	Training Loss: 1.0086	Time remaining is 0h:38m
2024-07-16 04:13:35 INFO Epoch 270/300	Training Loss: 1.0112	Time remaining is 0h:37m
2024-07-16 04:14:47 INFO Testing: dataset_name: market1501 top1: 95.190 top5: 98.278 top10: 99.020 mAP: 86.941
2024-07-16 04:15:49 INFO Epoch 271/300	Training Loss: 1.0071	Time remaining is 0h:36m
2024-07-16 04:16:51 INFO Epoch 272/300	Training Loss: 1.0049	Time remaining is 0h:35m
2024-07-16 04:17:54 INFO Epoch 273/300	Training Loss: 1.0111	Time remaining is 0h:34m
2024-07-16 04:18:56 INFO Epoch 274/300	Training Loss: 1.0049	Time remaining is 0h:32m
2024-07-16 04:19:58 INFO Epoch 275/300	Training Loss: 1.0057	Time remaining is 0h:31m
2024-07-16 04:21:10 INFO Testing: dataset_name: market1501 top1: 95.012 top5: 98.159 top10: 98.931 mAP: 86.964
2024-07-16 04:22:12 INFO Epoch 276/300	Training Loss: 1.0011	Time remaining is 0h:30m
2024-07-16 04:23:14 INFO Epoch 277/300	Training Loss: 1.0068	Time remaining is 0h:29m
2024-07-16 04:24:16 INFO Epoch 278/300	Training Loss: 1.0071	Time remaining is 0h:28m
2024-07-16 04:25:18 INFO Epoch 279/300	Training Loss: 1.0065	Time remaining is 0h:26m
2024-07-16 04:26:21 INFO Epoch 280/300	Training Loss: 1.0072	Time remaining is 0h:25m
2024-07-16 04:27:33 INFO Testing: dataset_name: market1501 top1: 95.220 top5: 98.219 top10: 99.109 mAP: 87.130
2024-07-16 04:28:35 INFO Epoch 281/300	Training Loss: 1.0050	Time remaining is 0h:24m
2024-07-16 04:29:37 INFO Epoch 282/300	Training Loss: 0.9996	Time remaining is 0h:23m
2024-07-16 04:30:39 INFO Epoch 283/300	Training Loss: 1.0064	Time remaining is 0h:22m
2024-07-16 04:31:40 INFO Epoch 284/300	Training Loss: 0.9990	Time remaining is 0h:20m
2024-07-16 04:32:42 INFO Epoch 285/300	Training Loss: 1.0013	Time remaining is 0h:19m
2024-07-16 04:33:54 INFO Testing: dataset_name: market1501 top1: 94.952 top5: 98.308 top10: 99.080 mAP: 86.851
2024-07-16 04:34:56 INFO Epoch 286/300	Training Loss: 1.0057	Time remaining is 0h:18m
2024-07-16 04:35:58 INFO Epoch 287/300	Training Loss: 1.0059	Time remaining is 0h:17m
2024-07-16 04:37:00 INFO Epoch 288/300	Training Loss: 1.0007	Time remaining is 0h:16m
2024-07-16 04:38:02 INFO Epoch 289/300	Training Loss: 1.0049	Time remaining is 0h:14m
2024-07-16 04:39:04 INFO Epoch 290/300	Training Loss: 1.0033	Time remaining is 0h:13m
2024-07-16 04:40:16 INFO Testing: dataset_name: market1501 top1: 95.101 top5: 98.189 top10: 99.020 mAP: 87.009
2024-07-16 04:41:18 INFO Epoch 291/300	Training Loss: 1.0010	Time remaining is 0h:12m
2024-07-16 04:42:21 INFO Epoch 292/300	Training Loss: 1.0051	Time remaining is 0h:11m
2024-07-16 04:43:23 INFO Epoch 293/300	Training Loss: 1.0037	Time remaining is 0h:10m
2024-07-16 04:44:24 INFO Epoch 294/300	Training Loss: 0.9998	Time remaining is 0h:8m
2024-07-16 04:45:26 INFO Epoch 295/300	Training Loss: 1.0051	Time remaining is 0h:7m
2024-07-16 04:46:39 INFO Testing: dataset_name: market1501 top1: 95.071 top5: 98.248 top10: 99.020 mAP: 87.019
2024-07-16 04:47:40 INFO Epoch 296/300	Training Loss: 0.9981	Time remaining is 0h:6m
2024-07-16 04:48:43 INFO Epoch 297/300	Training Loss: 1.0046	Time remaining is 0h:5m
2024-07-16 04:49:45 INFO Epoch 298/300	Training Loss: 0.9990	Time remaining is 0h:4m
2024-07-16 04:50:47 INFO Epoch 299/300	Training Loss: 0.9987	Time remaining is 0h:2m
2024-07-16 04:51:49 INFO Epoch 300/300	Training Loss: 1.0039	Time remaining is 0h:1m
2024-07-16 04:53:01 INFO Testing: dataset_name: market1501 top1: 95.220 top5: 98.337 top10: 99.020 mAP: 87.193
2024-07-16 04:53:01 INFO The running time of training: 6.03 h
