2024-05-04 04:41:37 INFO ##################################################
2024-05-04 04:41:37 INFO Config values: batch_size: 60	current_directory: /home/hy/project/reid_task/ex_main2	dataset_name: market1501	dataset_path: /home/hy/project/data/Market-1501-v15.09.15	device: cuda	dtype: torch.float32	epoch_start_test: 90	epochs: 160	img_height: 256	img_width: 128	logs_outputs_path: /home/hy/project/reid_task/ex_main2/./outputs/logs	models_outputs_path: /home/hy/project/reid_task/ex_main2/./outputs/models	np: <module 'numpy' from '/home/hy/anaconda3/envs/py396/lib/python3.9/site-packages/numpy/__init__.py'>	os: <module 'os' from '/home/hy/anaconda3/envs/py396/lib/python3.9/os.py'>	outputs_dir: ./outputs/	outputs_path: /home/hy/project/reid_task/ex_main2/./outputs/	print_every: 1	seed: 1	taskname: ReID_Task	temps_outputs_path: /home/hy/project/reid_task/ex_main2/./outputs/temps	test_batch_size: 256	test_every: 5	torch: <module 'torch' from '/home/hy/anaconda3/envs/py396/lib/python3.9/site-packages/torch/__init__.py'>
2024-05-04 04:41:37 INFO Task: ReID_Task
2024-05-04 04:41:37 INFO Using device: cuda
2024-05-04 04:41:37 INFO Using data type: torch.float32
2024-05-04 04:41:37 INFO Number of GPUs: 1
2024-05-04 04:41:37 INFO GPU is_available: True
2024-05-04 04:41:37 INFO GPU name: NVIDIA GeForce RTX 3060
2024-05-04 04:41:37 INFO CUDA version: 12.1
2024-05-04 04:41:37 INFO Current device id: 0
2024-05-04 04:41:37 INFO ##################################################
2024-05-04 04:42:46 INFO Epoch 1/160	Training Loss: 11.7279	Time remaining is 3h:4m
2024-05-04 04:43:54 INFO Epoch 2/160	Training Loss: 7.5493	Time remaining is 3h:0m
2024-05-04 04:45:01 INFO Epoch 3/160	Training Loss: 6.9924	Time remaining is 2h:58m
2024-05-04 04:46:08 INFO Epoch 4/160	Training Loss: 6.6769	Time remaining is 2h:57m
2024-05-04 04:47:15 INFO Epoch 5/160	Training Loss: 6.2480	Time remaining is 2h:56m
2024-05-04 04:48:22 INFO Epoch 6/160	Training Loss: 5.7271	Time remaining is 2h:54m
2024-05-04 04:49:29 INFO Epoch 7/160	Training Loss: 5.3280	Time remaining is 2h:53m
2024-05-04 04:50:36 INFO Epoch 8/160	Training Loss: 4.8775	Time remaining is 2h:52m
2024-05-04 04:51:43 INFO Epoch 9/160	Training Loss: 4.6400	Time remaining is 2h:50m
2024-05-04 04:52:50 INFO Epoch 10/160	Training Loss: 4.2181	Time remaining is 2h:49m
2024-05-04 04:53:57 INFO Epoch 11/160	Training Loss: 4.2884	Time remaining is 2h:48m
2024-05-04 04:55:04 INFO Epoch 12/160	Training Loss: 3.9208	Time remaining is 2h:47m
2024-05-04 04:56:11 INFO Epoch 13/160	Training Loss: 3.4820	Time remaining is 2h:46m
2024-05-04 04:57:18 INFO Epoch 14/160	Training Loss: 3.2239	Time remaining is 2h:45m
2024-05-04 04:58:26 INFO Epoch 15/160	Training Loss: 3.0179	Time remaining is 2h:44m
2024-05-04 04:59:32 INFO Epoch 16/160	Training Loss: 2.8372	Time remaining is 2h:42m
2024-05-04 05:00:39 INFO Epoch 17/160	Training Loss: 2.7018	Time remaining is 2h:41m
2024-05-04 05:01:46 INFO Epoch 18/160	Training Loss: 2.5994	Time remaining is 2h:40m
2024-05-04 05:02:53 INFO Epoch 19/160	Training Loss: 2.6157	Time remaining is 2h:39m
2024-05-04 05:04:00 INFO Epoch 20/160	Training Loss: 2.4372	Time remaining is 2h:38m
2024-05-04 05:05:07 INFO Epoch 21/160	Training Loss: 2.3538	Time remaining is 2h:37m
2024-05-04 05:06:14 INFO Epoch 22/160	Training Loss: 2.3049	Time remaining is 2h:36m
2024-05-04 05:07:22 INFO Epoch 23/160	Training Loss: 2.2837	Time remaining is 2h:34m
2024-05-04 05:08:29 INFO Epoch 24/160	Training Loss: 2.3571	Time remaining is 2h:33m
2024-05-04 05:09:36 INFO Epoch 25/160	Training Loss: 2.4350	Time remaining is 2h:32m
2024-05-04 05:10:43 INFO Epoch 26/160	Training Loss: 2.3841	Time remaining is 2h:31m
2024-05-04 05:11:50 INFO Epoch 27/160	Training Loss: 2.3775	Time remaining is 2h:30m
2024-05-04 05:12:57 INFO Epoch 28/160	Training Loss: 2.3041	Time remaining is 2h:29m
2024-05-04 05:14:04 INFO Epoch 29/160	Training Loss: 2.1892	Time remaining is 2h:28m
2024-05-04 05:15:10 INFO Epoch 30/160	Training Loss: 2.1488	Time remaining is 2h:26m
2024-05-04 05:16:17 INFO Epoch 31/160	Training Loss: 2.0991	Time remaining is 2h:25m
2024-05-04 05:17:24 INFO Epoch 32/160	Training Loss: 2.1904	Time remaining is 2h:24m
2024-05-04 05:18:31 INFO Epoch 33/160	Training Loss: 2.0961	Time remaining is 2h:23m
2024-05-04 05:19:38 INFO Epoch 34/160	Training Loss: 2.0812	Time remaining is 2h:22m
2024-05-04 05:20:45 INFO Epoch 35/160	Training Loss: 2.0626	Time remaining is 2h:21m
2024-05-04 05:21:53 INFO Epoch 36/160	Training Loss: 2.0748	Time remaining is 2h:20m
2024-05-04 05:23:00 INFO Epoch 37/160	Training Loss: 2.0628	Time remaining is 2h:19m
2024-05-04 05:24:07 INFO Epoch 38/160	Training Loss: 2.0608	Time remaining is 2h:18m
2024-05-04 05:25:14 INFO Epoch 39/160	Training Loss: 2.0302	Time remaining is 2h:16m
2024-05-04 05:26:21 INFO Epoch 40/160	Training Loss: 2.0208	Time remaining is 2h:15m
2024-05-04 05:27:28 INFO Epoch 41/160	Training Loss: 1.9363	Time remaining is 2h:14m
2024-05-04 05:28:35 INFO Epoch 42/160	Training Loss: 1.8628	Time remaining is 2h:13m
2024-05-04 05:29:42 INFO Epoch 43/160	Training Loss: 1.8432	Time remaining is 2h:12m
2024-05-04 05:30:49 INFO Epoch 44/160	Training Loss: 1.8303	Time remaining is 2h:11m
2024-05-04 05:31:56 INFO Epoch 45/160	Training Loss: 1.8291	Time remaining is 2h:10m
2024-05-04 05:33:04 INFO Epoch 46/160	Training Loss: 1.8210	Time remaining is 2h:9m
2024-05-04 05:34:11 INFO Epoch 47/160	Training Loss: 1.8006	Time remaining is 2h:7m
2024-05-04 05:35:17 INFO Epoch 48/160	Training Loss: 1.8151	Time remaining is 2h:6m
2024-05-04 05:36:24 INFO Epoch 49/160	Training Loss: 1.7969	Time remaining is 2h:5m
2024-05-04 05:37:31 INFO Epoch 50/160	Training Loss: 1.7999	Time remaining is 2h:4m
2024-05-04 05:38:38 INFO Epoch 51/160	Training Loss: 1.7921	Time remaining is 2h:3m
2024-05-04 05:39:45 INFO Epoch 52/160	Training Loss: 1.7910	Time remaining is 2h:2m
2024-05-04 05:40:52 INFO Epoch 53/160	Training Loss: 1.7911	Time remaining is 2h:1m
2024-05-04 05:41:59 INFO Epoch 54/160	Training Loss: 1.7828	Time remaining is 1h:60m
2024-05-04 05:43:06 INFO Epoch 55/160	Training Loss: 1.7853	Time remaining is 1h:58m
2024-05-04 05:44:13 INFO Epoch 56/160	Training Loss: 1.7848	Time remaining is 1h:57m
2024-05-04 05:45:20 INFO Epoch 57/160	Training Loss: 1.7692	Time remaining is 1h:56m
2024-05-04 05:46:27 INFO Epoch 58/160	Training Loss: 1.7784	Time remaining is 1h:55m
2024-05-04 05:47:34 INFO Epoch 59/160	Training Loss: 1.7776	Time remaining is 1h:54m
2024-05-04 05:48:41 INFO Epoch 60/160	Training Loss: 1.7710	Time remaining is 1h:53m
2024-05-04 05:49:48 INFO Epoch 61/160	Training Loss: 1.7727	Time remaining is 1h:52m
2024-05-04 05:50:56 INFO Epoch 62/160	Training Loss: 1.7654	Time remaining is 1h:51m
2024-05-04 05:52:03 INFO Epoch 63/160	Training Loss: 1.7635	Time remaining is 1h:50m
2024-05-04 05:53:10 INFO Epoch 64/160	Training Loss: 1.7662	Time remaining is 1h:48m
2024-05-04 05:54:17 INFO Epoch 65/160	Training Loss: 1.7581	Time remaining is 1h:47m
2024-05-04 05:55:24 INFO Epoch 66/160	Training Loss: 1.7595	Time remaining is 1h:46m
2024-05-04 05:56:31 INFO Epoch 67/160	Training Loss: 1.7699	Time remaining is 1h:45m
2024-05-04 05:57:38 INFO Epoch 68/160	Training Loss: 1.7510	Time remaining is 1h:44m
2024-05-04 05:58:45 INFO Epoch 69/160	Training Loss: 1.7452	Time remaining is 1h:43m
2024-05-04 05:59:53 INFO Epoch 70/160	Training Loss: 1.7516	Time remaining is 1h:42m
2024-05-04 06:01:00 INFO Epoch 71/160	Training Loss: 1.7491	Time remaining is 1h:41m
2024-05-04 06:02:07 INFO Epoch 72/160	Training Loss: 1.7423	Time remaining is 1h:39m
2024-05-04 06:03:14 INFO Epoch 73/160	Training Loss: 1.7377	Time remaining is 1h:38m
2024-05-04 06:04:21 INFO Epoch 74/160	Training Loss: 1.7317	Time remaining is 1h:37m
2024-05-04 06:05:28 INFO Epoch 75/160	Training Loss: 1.7278	Time remaining is 1h:36m
2024-05-04 06:06:35 INFO Epoch 76/160	Training Loss: 1.7260	Time remaining is 1h:35m
2024-05-04 06:07:42 INFO Epoch 77/160	Training Loss: 1.7380	Time remaining is 1h:34m
2024-05-04 06:08:49 INFO Epoch 78/160	Training Loss: 1.7274	Time remaining is 1h:33m
2024-05-04 06:09:57 INFO Epoch 79/160	Training Loss: 1.7354	Time remaining is 1h:32m
2024-05-04 06:11:04 INFO Epoch 80/160	Training Loss: 1.7332	Time remaining is 1h:31m
2024-05-04 06:12:11 INFO Epoch 81/160	Training Loss: 1.7323	Time remaining is 1h:29m
2024-05-04 06:13:18 INFO Epoch 82/160	Training Loss: 1.7337	Time remaining is 1h:28m
2024-05-04 06:14:26 INFO Epoch 83/160	Training Loss: 1.7300	Time remaining is 1h:27m
2024-05-04 06:15:33 INFO Epoch 84/160	Training Loss: 1.7319	Time remaining is 1h:26m
2024-05-04 06:16:40 INFO Epoch 85/160	Training Loss: 1.7357	Time remaining is 1h:25m
2024-05-04 06:17:47 INFO Epoch 86/160	Training Loss: 1.7315	Time remaining is 1h:24m
2024-05-04 06:18:55 INFO Epoch 87/160	Training Loss: 1.7294	Time remaining is 1h:23m
2024-05-04 06:20:02 INFO Epoch 88/160	Training Loss: 1.7182	Time remaining is 1h:22m
2024-05-04 06:21:09 INFO Epoch 89/160	Training Loss: 1.7259	Time remaining is 1h:21m
2024-05-04 06:22:16 INFO Epoch 90/160	Training Loss: 1.7273	Time remaining is 1h:19m
2024-05-04 06:23:28 INFO Testing: dataset_name: market1501 top1:0.8619 top5:0.9421 top10:0.9599 mAP:0.6927
2024-05-04 06:24:35 INFO Epoch 91/160	Training Loss: 1.7305	Time remaining is 1h:19m
2024-05-04 06:25:42 INFO Epoch 92/160	Training Loss: 1.7189	Time remaining is 1h:18m
2024-05-04 06:26:49 INFO Epoch 93/160	Training Loss: 1.7303	Time remaining is 1h:17m
2024-05-04 06:27:57 INFO Epoch 94/160	Training Loss: 1.7276	Time remaining is 1h:16m
2024-05-04 06:29:03 INFO Epoch 95/160	Training Loss: 1.7162	Time remaining is 1h:15m
2024-05-04 06:30:15 INFO Testing: dataset_name: market1501 top1:0.8542 top5:0.9326 top10:0.9516 mAP:0.6718
2024-05-04 06:31:22 INFO Epoch 96/160	Training Loss: 1.7300	Time remaining is 1h:14m
2024-05-04 06:32:29 INFO Epoch 97/160	Training Loss: 1.7169	Time remaining is 1h:13m
2024-05-04 06:33:36 INFO Epoch 98/160	Training Loss: 1.7313	Time remaining is 1h:12m
2024-05-04 06:34:43 INFO Epoch 99/160	Training Loss: 1.7259	Time remaining is 1h:11m
2024-05-04 06:35:50 INFO Epoch 100/160	Training Loss: 1.7219	Time remaining is 1h:10m
2024-05-04 06:37:01 INFO Testing: dataset_name: market1501 top1:0.8640 top5:0.9400 top10:0.9593 mAP:0.6909
2024-05-04 06:38:08 INFO Epoch 101/160	Training Loss: 1.7310	Time remaining is 1h:9m
2024-05-04 06:39:16 INFO Epoch 102/160	Training Loss: 1.7278	Time remaining is 1h:8m
2024-05-04 06:40:23 INFO Epoch 103/160	Training Loss: 1.7244	Time remaining is 1h:7m
2024-05-04 06:41:30 INFO Epoch 104/160	Training Loss: 1.7197	Time remaining is 1h:6m
2024-05-04 06:42:37 INFO Epoch 105/160	Training Loss: 1.7331	Time remaining is 1h:5m
2024-05-04 06:43:49 INFO Testing: dataset_name: market1501 top1:0.8622 top5:0.9406 top10:0.9590 mAP:0.6901
2024-05-04 06:44:56 INFO Epoch 106/160	Training Loss: 1.7266	Time remaining is 1h:4m
2024-05-04 06:46:02 INFO Epoch 107/160	Training Loss: 1.7155	Time remaining is 1h:3m
2024-05-04 06:47:09 INFO Epoch 108/160	Training Loss: 1.7252	Time remaining is 1h:2m
2024-05-04 06:48:16 INFO Epoch 109/160	Training Loss: 1.7223	Time remaining is 1h:0m
2024-05-04 06:49:24 INFO Epoch 110/160	Training Loss: 1.7202	Time remaining is 0h:59m
2024-05-04 06:50:35 INFO Testing: dataset_name: market1501 top1:0.8613 top5:0.9448 top10:0.9629 mAP:0.6982
2024-05-04 06:51:42 INFO Epoch 111/160	Training Loss: 1.7128	Time remaining is 0h:59m
2024-05-04 06:52:49 INFO Epoch 112/160	Training Loss: 1.7209	Time remaining is 0h:57m
2024-05-04 06:53:56 INFO Epoch 113/160	Training Loss: 1.7208	Time remaining is 0h:56m
2024-05-04 06:55:03 INFO Epoch 114/160	Training Loss: 1.7144	Time remaining is 0h:55m
2024-05-04 06:56:11 INFO Epoch 115/160	Training Loss: 1.7295	Time remaining is 0h:54m
2024-05-04 06:57:22 INFO Testing: dataset_name: market1501 top1:0.8634 top5:0.9415 top10:0.9596 mAP:0.6939
2024-05-04 06:58:29 INFO Epoch 116/160	Training Loss: 1.7231	Time remaining is 0h:53m
2024-05-04 06:59:36 INFO Epoch 117/160	Training Loss: 1.7257	Time remaining is 0h:52m
2024-05-04 07:00:44 INFO Epoch 118/160	Training Loss: 1.7190	Time remaining is 0h:51m
2024-05-04 07:01:51 INFO Epoch 119/160	Training Loss: 1.7296	Time remaining is 0h:49m
2024-05-04 07:02:58 INFO Epoch 120/160	Training Loss: 1.7122	Time remaining is 0h:48m
2024-05-04 07:04:09 INFO Testing: dataset_name: market1501 top1:0.8628 top5:0.9433 top10:0.9608 mAP:0.6957
2024-05-04 07:05:16 INFO Epoch 121/160	Training Loss: 1.7219	Time remaining is 0h:47m
2024-05-04 07:06:24 INFO Epoch 122/160	Training Loss: 1.7208	Time remaining is 0h:46m
2024-05-04 07:07:31 INFO Epoch 123/160	Training Loss: 1.7201	Time remaining is 0h:45m
2024-05-04 07:08:38 INFO Epoch 124/160	Training Loss: 1.7113	Time remaining is 0h:44m
2024-05-04 07:09:46 INFO Epoch 125/160	Training Loss: 1.7199	Time remaining is 0h:43m
2024-05-04 07:10:57 INFO Testing: dataset_name: market1501 top1:0.8616 top5:0.9445 top10:0.9587 mAP:0.6965
2024-05-04 07:12:04 INFO Epoch 126/160	Training Loss: 1.7201	Time remaining is 0h:42m
2024-05-04 07:13:12 INFO Epoch 127/160	Training Loss: 1.7178	Time remaining is 0h:41m
2024-05-04 07:14:19 INFO Epoch 128/160	Training Loss: 1.7185	Time remaining is 0h:39m
2024-05-04 07:15:26 INFO Epoch 129/160	Training Loss: 1.7226	Time remaining is 0h:38m
2024-05-04 07:16:34 INFO Epoch 130/160	Training Loss: 1.7220	Time remaining is 0h:37m
2024-05-04 07:17:45 INFO Testing: dataset_name: market1501 top1:0.8634 top5:0.9433 top10:0.9581 mAP:0.6976
2024-05-04 07:18:52 INFO Epoch 131/160	Training Loss: 1.7115	Time remaining is 0h:36m
2024-05-04 07:19:59 INFO Epoch 132/160	Training Loss: 1.7150	Time remaining is 0h:35m
2024-05-04 07:21:07 INFO Epoch 133/160	Training Loss: 1.7088	Time remaining is 0h:34m
2024-05-04 07:22:14 INFO Epoch 134/160	Training Loss: 1.7165	Time remaining is 0h:32m
2024-05-04 07:23:21 INFO Epoch 135/160	Training Loss: 1.7080	Time remaining is 0h:31m
2024-05-04 07:24:33 INFO Testing: dataset_name: market1501 top1:0.8619 top5:0.9403 top10:0.9575 mAP:0.6940
2024-05-04 07:25:40 INFO Epoch 136/160	Training Loss: 1.7066	Time remaining is 0h:30m
2024-05-04 07:26:47 INFO Epoch 137/160	Training Loss: 1.7167	Time remaining is 0h:29m
2024-05-04 07:27:55 INFO Epoch 138/160	Training Loss: 1.7193	Time remaining is 0h:28m
2024-05-04 07:29:02 INFO Epoch 139/160	Training Loss: 1.7093	Time remaining is 0h:26m
2024-05-04 07:30:09 INFO Epoch 140/160	Training Loss: 1.7170	Time remaining is 0h:25m
2024-05-04 07:31:21 INFO Testing: dataset_name: market1501 top1:0.8622 top5:0.9409 top10:0.9599 mAP:0.6978
2024-05-04 07:32:28 INFO Epoch 141/160	Training Loss: 1.7153	Time remaining is 0h:24m
2024-05-04 07:33:35 INFO Epoch 142/160	Training Loss: 1.7158	Time remaining is 0h:23m
2024-05-04 07:34:43 INFO Epoch 143/160	Training Loss: 1.7148	Time remaining is 0h:22m
2024-05-04 07:35:50 INFO Epoch 144/160	Training Loss: 1.7167	Time remaining is 0h:21m
2024-05-04 07:36:58 INFO Epoch 145/160	Training Loss: 1.7187	Time remaining is 0h:19m
2024-05-04 07:38:09 INFO Testing: dataset_name: market1501 top1:0.8613 top5:0.9382 top10:0.9587 mAP:0.6936
2024-05-04 07:39:16 INFO Epoch 146/160	Training Loss: 1.7166	Time remaining is 0h:18m
2024-05-04 07:40:24 INFO Epoch 147/160	Training Loss: 1.7152	Time remaining is 0h:17m
2024-05-04 07:41:31 INFO Epoch 148/160	Training Loss: 1.7140	Time remaining is 0h:16m
2024-05-04 07:42:39 INFO Epoch 149/160	Training Loss: 1.7260	Time remaining is 0h:15m
2024-05-04 07:43:46 INFO Epoch 150/160	Training Loss: 1.7036	Time remaining is 0h:13m
2024-05-04 07:44:58 INFO Testing: dataset_name: market1501 top1:0.8649 top5:0.9409 top10:0.9593 mAP:0.6973
2024-05-04 07:46:05 INFO Epoch 151/160	Training Loss: 1.7160	Time remaining is 0h:12m
2024-05-04 07:47:13 INFO Epoch 152/160	Training Loss: 1.7115	Time remaining is 0h:11m
2024-05-04 07:48:20 INFO Epoch 153/160	Training Loss: 1.7117	Time remaining is 0h:10m
2024-05-04 07:49:27 INFO Epoch 154/160	Training Loss: 1.7124	Time remaining is 0h:9m
2024-05-04 07:50:34 INFO Epoch 155/160	Training Loss: 1.7145	Time remaining is 0h:7m
2024-05-04 07:51:46 INFO Testing: dataset_name: market1501 top1:0.8613 top5:0.9424 top10:0.9620 mAP:0.7001
2024-05-04 07:52:53 INFO Epoch 156/160	Training Loss: 1.7023	Time remaining is 0h:6m
2024-05-04 07:54:00 INFO Epoch 157/160	Training Loss: 1.7126	Time remaining is 0h:5m
2024-05-04 07:55:08 INFO Epoch 158/160	Training Loss: 1.7068	Time remaining is 0h:4m
2024-05-04 07:56:15 INFO Epoch 159/160	Training Loss: 1.7102	Time remaining is 0h:2m
2024-05-04 07:57:22 INFO Epoch 160/160	Training Loss: 1.7022	Time remaining is 0h:1m
2024-05-04 07:58:34 INFO Testing: dataset_name: market1501 top1:0.8667 top5:0.9421 top10:0.9614 mAP:0.7010
2024-05-04 07:58:34 INFO The running time of training: 1.18171e+04 s
