2024-10-07 23:20:59 INFO ##################################################
2024-10-07 23:20:59 INFO Config values: batch_size: 60	current_directory: /home/hy/project/reid_task/ex_003_30	dataset_name: Occluded_Duke	dataset_path: /home/hy/project/data/Occluded_Duke	device: cuda	dtype: torch.float32	epoch_start_test: 90	epochs: 120	img_height: 256	img_width: 128	logs_outputs_path: /home/hy/project/reid_task/ex_003_30/./outputs/logs	models_outputs_path: /home/hy/project/reid_task/ex_003_30/./outputs/models	np: <module 'numpy' from '/home/hy/anaconda3/envs/py396/lib/python3.9/site-packages/numpy/__init__.py'>	os: <module 'os' from '/home/hy/anaconda3/envs/py396/lib/python3.9/os.py'>	outputs_dir: ./outputs/	outputs_path: /home/hy/project/reid_task/ex_003_30/./outputs/	print_every: 1	seed: 1	taskname: ReID_Task	temps_outputs_path: /home/hy/project/reid_task/ex_003_30/./outputs/temps	test_batch_size: 256	test_every: 5	torch: <module 'torch' from '/home/hy/anaconda3/envs/py396/lib/python3.9/site-packages/torch/__init__.py'>
2024-10-07 23:20:59 INFO Task: ReID_Task
2024-10-07 23:20:59 INFO Using device: cuda
2024-10-07 23:20:59 INFO Using data type: torch.float32
2024-10-07 23:20:59 INFO Number of GPUs: 1
2024-10-07 23:20:59 INFO GPU is_available: True
2024-10-07 23:20:59 INFO GPU name: NVIDIA GeForce RTX 3060
2024-10-07 23:20:59 INFO CUDA version: 12.1
2024-10-07 23:20:59 INFO Current device id: 0
2024-10-07 23:20:59 INFO ##################################################
2024-10-07 23:22:15 INFO Epoch 1/120	Training Loss: 5.4927	Time remaining is 2h:32m
2024-10-07 23:23:30 INFO Epoch 2/120	Training Loss: 4.5302	Time remaining is 2h:30m
2024-10-07 23:24:47 INFO Epoch 3/120	Training Loss: 3.3379	Time remaining is 2h:29m
2024-10-07 23:26:03 INFO Epoch 4/120	Training Loss: 2.3243	Time remaining is 2h:28m
2024-10-07 23:27:18 INFO Epoch 5/120	Training Loss: 1.7103	Time remaining is 2h:27m
2024-10-07 23:28:34 INFO Epoch 6/120	Training Loss: 1.4298	Time remaining is 2h:25m
2024-10-07 23:29:50 INFO Epoch 7/120	Training Loss: 1.3054	Time remaining is 2h:24m
2024-10-07 23:31:06 INFO Epoch 8/120	Training Loss: 1.2470	Time remaining is 2h:23m
2024-10-07 23:32:23 INFO Epoch 9/120	Training Loss: 1.2216	Time remaining is 2h:22m
2024-10-07 23:33:39 INFO Epoch 10/120	Training Loss: 1.2031	Time remaining is 2h:20m
2024-10-07 23:34:54 INFO Epoch 11/120	Training Loss: 1.1494	Time remaining is 2h:19m
2024-10-07 23:36:10 INFO Epoch 12/120	Training Loss: 1.1193	Time remaining is 2h:18m
2024-10-07 23:37:26 INFO Epoch 13/120	Training Loss: 1.1090	Time remaining is 2h:17m
2024-10-07 23:38:42 INFO Epoch 14/120	Training Loss: 1.0938	Time remaining is 2h:15m
2024-10-07 23:39:58 INFO Epoch 15/120	Training Loss: 1.0782	Time remaining is 2h:14m
2024-10-07 23:41:14 INFO Epoch 16/120	Training Loss: 1.0709	Time remaining is 2h:13m
2024-10-07 23:42:29 INFO Epoch 17/120	Training Loss: 1.0538	Time remaining is 2h:12m
2024-10-07 23:43:46 INFO Epoch 18/120	Training Loss: 1.0555	Time remaining is 2h:10m
2024-10-07 23:45:01 INFO Epoch 19/120	Training Loss: 1.0610	Time remaining is 2h:9m
2024-10-07 23:46:17 INFO Epoch 20/120	Training Loss: 1.0512	Time remaining is 2h:8m
2024-10-07 23:47:34 INFO Epoch 21/120	Training Loss: 1.0415	Time remaining is 2h:7m
2024-10-07 23:48:50 INFO Epoch 22/120	Training Loss: 1.0413	Time remaining is 2h:5m
2024-10-07 23:50:06 INFO Epoch 23/120	Training Loss: 1.0336	Time remaining is 2h:4m
2024-10-07 23:51:22 INFO Epoch 24/120	Training Loss: 1.0343	Time remaining is 2h:3m
2024-10-07 23:52:37 INFO Epoch 25/120	Training Loss: 1.0251	Time remaining is 2h:1m
2024-10-07 23:53:54 INFO Epoch 26/120	Training Loss: 1.0308	Time remaining is 2h:0m
2024-10-07 23:55:10 INFO Epoch 27/120	Training Loss: 1.0197	Time remaining is 1h:59m
2024-10-07 23:56:26 INFO Epoch 28/120	Training Loss: 1.0099	Time remaining is 1h:58m
2024-10-07 23:57:42 INFO Epoch 29/120	Training Loss: 1.0096	Time remaining is 1h:56m
2024-10-07 23:58:57 INFO Epoch 30/120	Training Loss: 1.0085	Time remaining is 1h:55m
2024-10-08 00:00:13 INFO Epoch 31/120	Training Loss: 1.0030	Time remaining is 1h:54m
2024-10-08 00:01:29 INFO Epoch 32/120	Training Loss: 0.9998	Time remaining is 1h:53m
2024-10-08 00:02:45 INFO Epoch 33/120	Training Loss: 1.0094	Time remaining is 1h:51m
2024-10-08 00:04:00 INFO Epoch 34/120	Training Loss: 1.0023	Time remaining is 1h:50m
2024-10-08 00:05:16 INFO Epoch 35/120	Training Loss: 1.0021	Time remaining is 1h:49m
2024-10-08 00:06:32 INFO Epoch 36/120	Training Loss: 1.0007	Time remaining is 1h:48m
2024-10-08 00:07:48 INFO Epoch 37/120	Training Loss: 0.9891	Time remaining is 1h:46m
2024-10-08 00:09:04 INFO Epoch 38/120	Training Loss: 0.9940	Time remaining is 1h:45m
2024-10-08 00:10:19 INFO Epoch 39/120	Training Loss: 0.9868	Time remaining is 1h:44m
2024-10-08 00:11:35 INFO Epoch 40/120	Training Loss: 0.9668	Time remaining is 1h:42m
2024-10-08 00:12:51 INFO Epoch 41/120	Training Loss: 0.9380	Time remaining is 1h:41m
2024-10-08 00:14:06 INFO Epoch 42/120	Training Loss: 0.9300	Time remaining is 1h:40m
2024-10-08 00:15:22 INFO Epoch 43/120	Training Loss: 0.9307	Time remaining is 1h:39m
2024-10-08 00:16:38 INFO Epoch 44/120	Training Loss: 0.9191	Time remaining is 1h:37m
2024-10-08 00:17:54 INFO Epoch 45/120	Training Loss: 0.9201	Time remaining is 1h:36m
2024-10-08 00:19:09 INFO Epoch 46/120	Training Loss: 0.9149	Time remaining is 1h:35m
2024-10-08 00:20:26 INFO Epoch 47/120	Training Loss: 0.9245	Time remaining is 1h:34m
2024-10-08 00:21:42 INFO Epoch 48/120	Training Loss: 0.9205	Time remaining is 1h:32m
2024-10-08 00:22:58 INFO Epoch 49/120	Training Loss: 0.9152	Time remaining is 1h:31m
2024-10-08 00:24:13 INFO Epoch 50/120	Training Loss: 0.9145	Time remaining is 1h:30m
2024-10-08 00:25:29 INFO Epoch 51/120	Training Loss: 0.9123	Time remaining is 1h:29m
2024-10-08 00:26:45 INFO Epoch 52/120	Training Loss: 0.9134	Time remaining is 1h:27m
2024-10-08 00:28:01 INFO Epoch 53/120	Training Loss: 0.9162	Time remaining is 1h:26m
2024-10-08 00:29:16 INFO Epoch 54/120	Training Loss: 0.9068	Time remaining is 1h:25m
2024-10-08 00:30:33 INFO Epoch 55/120	Training Loss: 0.9140	Time remaining is 1h:23m
2024-10-08 00:31:49 INFO Epoch 56/120	Training Loss: 0.9138	Time remaining is 1h:22m
2024-10-08 00:33:05 INFO Epoch 57/120	Training Loss: 0.9140	Time remaining is 1h:21m
2024-10-08 00:34:21 INFO Epoch 58/120	Training Loss: 0.9162	Time remaining is 1h:20m
2024-10-08 00:35:37 INFO Epoch 59/120	Training Loss: 0.9162	Time remaining is 1h:18m
2024-10-08 00:36:53 INFO Epoch 60/120	Training Loss: 0.9121	Time remaining is 1h:17m
2024-10-08 00:38:09 INFO Epoch 61/120	Training Loss: 0.9034	Time remaining is 1h:16m
2024-10-08 00:39:25 INFO Epoch 62/120	Training Loss: 0.9116	Time remaining is 1h:15m
2024-10-08 00:40:41 INFO Epoch 63/120	Training Loss: 0.9070	Time remaining is 1h:13m
2024-10-08 00:41:56 INFO Epoch 64/120	Training Loss: 0.9078	Time remaining is 1h:12m
2024-10-08 00:43:12 INFO Epoch 65/120	Training Loss: 0.9054	Time remaining is 1h:11m
2024-10-08 00:44:29 INFO Epoch 66/120	Training Loss: 0.9132	Time remaining is 1h:10m
2024-10-08 00:45:44 INFO Epoch 67/120	Training Loss: 0.9048	Time remaining is 1h:8m
2024-10-08 00:47:00 INFO Epoch 68/120	Training Loss: 0.9052	Time remaining is 1h:7m
2024-10-08 00:48:16 INFO Epoch 69/120	Training Loss: 0.9083	Time remaining is 1h:6m
2024-10-08 00:49:32 INFO Epoch 70/120	Training Loss: 0.8988	Time remaining is 1h:5m
2024-10-08 00:50:48 INFO Epoch 71/120	Training Loss: 0.9082	Time remaining is 1h:3m
2024-10-08 00:52:04 INFO Epoch 72/120	Training Loss: 0.9038	Time remaining is 1h:2m
2024-10-08 00:53:21 INFO Epoch 73/120	Training Loss: 0.9026	Time remaining is 1h:1m
2024-10-08 00:54:36 INFO Epoch 74/120	Training Loss: 0.8937	Time remaining is 0h:59m
2024-10-08 00:55:52 INFO Epoch 75/120	Training Loss: 0.8986	Time remaining is 0h:58m
2024-10-08 00:57:07 INFO Epoch 76/120	Training Loss: 0.8977	Time remaining is 0h:57m
2024-10-08 00:58:23 INFO Epoch 77/120	Training Loss: 0.8970	Time remaining is 0h:56m
2024-10-08 00:59:39 INFO Epoch 78/120	Training Loss: 0.9023	Time remaining is 0h:54m
2024-10-08 01:00:55 INFO Epoch 79/120	Training Loss: 0.9017	Time remaining is 0h:53m
2024-10-08 01:02:10 INFO Epoch 80/120	Training Loss: 0.8931	Time remaining is 0h:52m
2024-10-08 01:03:26 INFO Epoch 81/120	Training Loss: 0.8984	Time remaining is 0h:51m
2024-10-08 01:04:43 INFO Epoch 82/120	Training Loss: 0.9048	Time remaining is 0h:49m
2024-10-08 01:05:59 INFO Epoch 83/120	Training Loss: 0.9051	Time remaining is 0h:48m
2024-10-08 01:07:15 INFO Epoch 84/120	Training Loss: 0.9028	Time remaining is 0h:47m
2024-10-08 01:08:31 INFO Epoch 85/120	Training Loss: 0.9006	Time remaining is 0h:46m
2024-10-08 01:09:47 INFO Epoch 86/120	Training Loss: 0.8974	Time remaining is 0h:44m
2024-10-08 01:11:03 INFO Epoch 87/120	Training Loss: 0.9013	Time remaining is 0h:43m
2024-10-08 01:12:19 INFO Epoch 88/120	Training Loss: 0.9055	Time remaining is 0h:42m
2024-10-08 01:13:35 INFO Epoch 89/120	Training Loss: 0.8968	Time remaining is 0h:40m
2024-10-08 01:14:51 INFO Epoch 90/120	Training Loss: 0.8930	Time remaining is 0h:39m
2024-10-08 01:15:55 INFO Epoch 90/120	Testing: dataset_name: Occluded_Duke top1: 58.778 top5: 72.715 top10: 77.783 mAP: 50.130
2024-10-08 01:17:11 INFO Epoch 91/120	Training Loss: 0.9020	Time remaining is 0h:38m
2024-10-08 01:18:27 INFO Epoch 92/120	Training Loss: 0.8965	Time remaining is 0h:37m
2024-10-08 01:19:43 INFO Epoch 93/120	Training Loss: 0.8966	Time remaining is 0h:36m
2024-10-08 01:20:59 INFO Epoch 94/120	Training Loss: 0.8999	Time remaining is 0h:34m
2024-10-08 01:22:15 INFO Epoch 95/120	Training Loss: 0.9050	Time remaining is 0h:33m
2024-10-08 01:23:20 INFO Epoch 95/120	Testing: dataset_name: Occluded_Duke top1: 58.462 top5: 72.624 top10: 77.330 mAP: 50.013
2024-10-08 01:24:36 INFO Epoch 96/120	Training Loss: 0.8969	Time remaining is 0h:32m
2024-10-08 01:25:52 INFO Epoch 97/120	Training Loss: 0.8963	Time remaining is 0h:31m
2024-10-08 01:27:07 INFO Epoch 98/120	Training Loss: 0.8923	Time remaining is 0h:30m
2024-10-08 01:28:23 INFO Epoch 99/120	Training Loss: 0.8972	Time remaining is 0h:28m
2024-10-08 01:29:39 INFO Epoch 100/120	Training Loss: 0.8997	Time remaining is 0h:27m
2024-10-08 01:30:44 INFO Epoch 100/120	Testing: dataset_name: Occluded_Duke top1: 59.005 top5: 72.760 top10: 77.692 mAP: 50.283
2024-10-08 01:31:59 INFO Epoch 101/120	Training Loss: 0.8974	Time remaining is 0h:26m
2024-10-08 01:33:15 INFO Epoch 102/120	Training Loss: 0.8910	Time remaining is 0h:25m
2024-10-08 01:34:31 INFO Epoch 103/120	Training Loss: 0.8964	Time remaining is 0h:23m
2024-10-08 01:35:47 INFO Epoch 104/120	Training Loss: 0.9002	Time remaining is 0h:22m
2024-10-08 01:37:02 INFO Epoch 105/120	Training Loss: 0.8952	Time remaining is 0h:21m
2024-10-08 01:38:07 INFO Epoch 105/120	Testing: dataset_name: Occluded_Duke top1: 58.959 top5: 72.896 top10: 77.828 mAP: 50.407
2024-10-08 01:39:22 INFO Epoch 106/120	Training Loss: 0.8873	Time remaining is 0h:20m
2024-10-08 01:40:38 INFO Epoch 107/120	Training Loss: 0.8946	Time remaining is 0h:18m
2024-10-08 01:41:54 INFO Epoch 108/120	Training Loss: 0.8967	Time remaining is 0h:17m
2024-10-08 01:43:10 INFO Epoch 109/120	Training Loss: 0.8983	Time remaining is 0h:16m
2024-10-08 01:44:26 INFO Epoch 110/120	Training Loss: 0.8954	Time remaining is 0h:14m
2024-10-08 01:45:30 INFO Epoch 110/120	Testing: dataset_name: Occluded_Duke top1: 58.552 top5: 72.579 top10: 77.240 mAP: 50.024
2024-10-08 01:46:46 INFO Epoch 111/120	Training Loss: 0.8950	Time remaining is 0h:13m
2024-10-08 01:48:02 INFO Epoch 112/120	Training Loss: 0.8911	Time remaining is 0h:12m
2024-10-08 01:49:18 INFO Epoch 113/120	Training Loss: 0.8958	Time remaining is 0h:10m
2024-10-08 01:50:34 INFO Epoch 114/120	Training Loss: 0.8992	Time remaining is 0h:9m
2024-10-08 01:51:50 INFO Epoch 115/120	Training Loss: 0.8956	Time remaining is 0h:8m
2024-10-08 01:52:54 INFO Epoch 115/120	Testing: dataset_name: Occluded_Duke top1: 59.140 top5: 73.032 top10: 78.145 mAP: 50.622
2024-10-08 01:54:10 INFO Epoch 116/120	Training Loss: 0.8984	Time remaining is 0h:7m
2024-10-08 01:55:26 INFO Epoch 117/120	Training Loss: 0.8950	Time remaining is 0h:5m
2024-10-08 01:56:42 INFO Epoch 118/120	Training Loss: 0.8989	Time remaining is 0h:4m
2024-10-08 01:57:59 INFO Epoch 119/120	Training Loss: 0.9036	Time remaining is 0h:3m
2024-10-08 01:59:15 INFO Epoch 120/120	Training Loss: 0.8947	Time remaining is 0h:1m
2024-10-08 02:00:19 INFO Epoch 120/120	Testing: dataset_name: Occluded_Duke top1: 59.638 top5: 73.348 top10: 77.602 mAP: 50.759
2024-10-08 02:00:20 INFO The running time of training: 2.66 h
