2024-03-19 09:32:15 INFO ##################################################
2024-03-19 09:32:15 INFO Config values: batch_size: 60	current_directory: /home/hy/project/reid/ex_main	dataset_name: market1501	dataset_path: /home/hy/project/data/Market-1501-v15.09.15	device: cuda	dtype: torch.float32	epoch_start_test: 90	epochs: 120	img_height: 256	img_width: 128	logs_outputs_path: /home/hy/project/reid/ex_main/./outputs/logs	models_outputs_path: /home/hy/project/reid/ex_main/./outputs/models	np: <module 'numpy' from '/home/hy/anaconda3/envs/py396/lib/python3.9/site-packages/numpy/__init__.py'>	os: <module 'os' from '/home/hy/anaconda3/envs/py396/lib/python3.9/os.py'>	outputs_dir: ./outputs/	outputs_path: /home/hy/project/reid/ex_main/./outputs/	print_every: 1	seed: 1	taskname: ReID_Task	temps_outputs_path: /home/hy/project/reid/ex_main/./outputs/temps	test_batch_size: 256	test_every: 5	torch: <module 'torch' from '/home/hy/anaconda3/envs/py396/lib/python3.9/site-packages/torch/__init__.py'>
2024-03-19 09:32:15 INFO Task: ReID_Task
2024-03-19 09:32:15 INFO Using device: cuda
2024-03-19 09:32:15 INFO Using data type: torch.float32
2024-03-19 09:32:15 INFO Number of GPUs: 1
2024-03-19 09:32:15 INFO GPU is_available: True
2024-03-19 09:32:15 INFO GPU name: NVIDIA GeForce RTX 3060
2024-03-19 09:32:15 INFO CUDA version: 12.1
2024-03-19 09:32:15 INFO Current device id: 0
2024-03-19 09:32:15 INFO ##################################################
2024-03-19 09:33:47 INFO Epoch 1/120	Training Loss: 10.4980	Time remaining is 3h:3m
2024-03-19 09:35:17 INFO Epoch 2/120	Training Loss: 8.7707	Time remaining is 2h:60m
2024-03-19 09:36:48 INFO Epoch 3/120	Training Loss: 6.7612	Time remaining is 2h:58m
2024-03-19 09:38:18 INFO Epoch 4/120	Training Loss: 5.1300	Time remaining is 2h:57m
2024-03-19 09:39:48 INFO Epoch 5/120	Training Loss: 3.9327	Time remaining is 2h:55m
2024-03-19 09:41:18 INFO Epoch 6/120	Training Loss: 3.1951	Time remaining is 2h:53m
2024-03-19 09:42:48 INFO Epoch 7/120	Training Loss: 2.7994	Time remaining is 2h:51m
2024-03-19 09:44:17 INFO Epoch 8/120	Training Loss: 2.6056	Time remaining is 2h:50m
2024-03-19 09:45:47 INFO Epoch 9/120	Training Loss: 2.5027	Time remaining is 2h:48m
2024-03-19 09:47:17 INFO Epoch 10/120	Training Loss: 2.4356	Time remaining is 2h:47m
2024-03-19 09:48:47 INFO Epoch 11/120	Training Loss: 2.4016	Time remaining is 2h:45m
2024-03-19 09:50:17 INFO Epoch 12/120	Training Loss: 2.3480	Time remaining is 2h:44m
2024-03-19 09:51:48 INFO Epoch 13/120	Training Loss: 2.2982	Time remaining is 2h:42m
2024-03-19 09:53:18 INFO Epoch 14/120	Training Loss: 2.2864	Time remaining is 2h:41m
2024-03-19 09:54:49 INFO Epoch 15/120	Training Loss: 2.2604	Time remaining is 2h:39m
2024-03-19 09:56:19 INFO Epoch 16/120	Training Loss: 2.2461	Time remaining is 2h:38m
2024-03-19 09:57:49 INFO Epoch 17/120	Training Loss: 2.2276	Time remaining is 2h:36m
2024-03-19 09:59:19 INFO Epoch 18/120	Training Loss: 2.2264	Time remaining is 2h:35m
2024-03-19 10:00:49 INFO Epoch 19/120	Training Loss: 2.2272	Time remaining is 2h:33m
2024-03-19 10:02:19 INFO Epoch 20/120	Training Loss: 2.2215	Time remaining is 2h:32m
2024-03-19 10:03:49 INFO Epoch 21/120	Training Loss: 2.2221	Time remaining is 2h:30m
2024-03-19 10:05:19 INFO Epoch 22/120	Training Loss: 2.2160	Time remaining is 2h:29m
2024-03-19 10:06:49 INFO Epoch 23/120	Training Loss: 2.2047	Time remaining is 2h:27m
2024-03-19 10:08:19 INFO Epoch 24/120	Training Loss: 2.2331	Time remaining is 2h:26m
2024-03-19 10:09:50 INFO Epoch 25/120	Training Loss: 2.2247	Time remaining is 2h:24m
2024-03-19 10:11:20 INFO Epoch 26/120	Training Loss: 2.2423	Time remaining is 2h:23m
2024-03-19 10:12:50 INFO Epoch 27/120	Training Loss: 2.2304	Time remaining is 2h:21m
2024-03-19 10:14:20 INFO Epoch 28/120	Training Loss: 2.2158	Time remaining is 2h:20m
2024-03-19 10:15:50 INFO Epoch 29/120	Training Loss: 2.2127	Time remaining is 2h:18m
2024-03-19 10:17:20 INFO Epoch 30/120	Training Loss: 2.2105	Time remaining is 2h:17m
2024-03-19 10:18:49 INFO Epoch 31/120	Training Loss: 2.2083	Time remaining is 2h:15m
2024-03-19 10:20:20 INFO Epoch 32/120	Training Loss: 2.2205	Time remaining is 2h:14m
2024-03-19 10:21:50 INFO Epoch 33/120	Training Loss: 2.2149	Time remaining is 2h:12m
2024-03-19 10:23:20 INFO Epoch 34/120	Training Loss: 2.2187	Time remaining is 2h:11m
2024-03-19 10:24:50 INFO Epoch 35/120	Training Loss: 2.2104	Time remaining is 2h:9m
2024-03-19 10:26:21 INFO Epoch 36/120	Training Loss: 2.2059	Time remaining is 2h:8m
2024-03-19 10:27:51 INFO Epoch 37/120	Training Loss: 2.2084	Time remaining is 2h:6m
2024-03-19 10:29:21 INFO Epoch 38/120	Training Loss: 2.2113	Time remaining is 2h:5m
2024-03-19 10:30:51 INFO Epoch 39/120	Training Loss: 2.2163	Time remaining is 2h:3m
2024-03-19 10:32:21 INFO Epoch 40/120	Training Loss: 2.2119	Time remaining is 2h:2m
2024-03-19 10:33:51 INFO Epoch 41/120	Training Loss: 2.1393	Time remaining is 2h:0m
2024-03-19 10:35:21 INFO Epoch 42/120	Training Loss: 2.0682	Time remaining is 1h:59m
2024-03-19 10:36:52 INFO Epoch 43/120	Training Loss: 2.0603	Time remaining is 1h:57m
2024-03-19 10:38:22 INFO Epoch 44/120	Training Loss: 2.0535	Time remaining is 1h:56m
2024-03-19 10:39:52 INFO Epoch 45/120	Training Loss: 2.0477	Time remaining is 1h:54m
2024-03-19 10:41:23 INFO Epoch 46/120	Training Loss: 2.0436	Time remaining is 1h:53m
2024-03-19 10:42:52 INFO Epoch 47/120	Training Loss: 2.0283	Time remaining is 1h:51m
2024-03-19 10:44:22 INFO Epoch 48/120	Training Loss: 2.0376	Time remaining is 1h:50m
2024-03-19 10:45:52 INFO Epoch 49/120	Training Loss: 2.0243	Time remaining is 1h:48m
2024-03-19 10:47:22 INFO Epoch 50/120	Training Loss: 2.0290	Time remaining is 1h:47m
2024-03-19 10:48:52 INFO Epoch 51/120	Training Loss: 2.0177	Time remaining is 1h:45m
2024-03-19 10:50:22 INFO Epoch 52/120	Training Loss: 2.0262	Time remaining is 1h:44m
2024-03-19 10:51:53 INFO Epoch 53/120	Training Loss: 2.0234	Time remaining is 1h:42m
2024-03-19 10:53:23 INFO Epoch 54/120	Training Loss: 2.0217	Time remaining is 1h:41m
2024-03-19 10:54:53 INFO Epoch 55/120	Training Loss: 2.0229	Time remaining is 1h:39m
2024-03-19 10:56:24 INFO Epoch 56/120	Training Loss: 2.0196	Time remaining is 1h:38m
2024-03-19 10:57:53 INFO Epoch 57/120	Training Loss: 2.0073	Time remaining is 1h:36m
2024-03-19 10:59:24 INFO Epoch 58/120	Training Loss: 2.0170	Time remaining is 1h:35m
2024-03-19 11:00:54 INFO Epoch 59/120	Training Loss: 2.0149	Time remaining is 1h:33m
2024-03-19 11:02:24 INFO Epoch 60/120	Training Loss: 2.0127	Time remaining is 1h:32m
2024-03-19 11:03:54 INFO Epoch 61/120	Training Loss: 2.0146	Time remaining is 1h:30m
2024-03-19 11:05:25 INFO Epoch 62/120	Training Loss: 2.0108	Time remaining is 1h:29m
2024-03-19 11:06:55 INFO Epoch 63/120	Training Loss: 2.0102	Time remaining is 1h:27m
2024-03-19 11:08:26 INFO Epoch 64/120	Training Loss: 2.0099	Time remaining is 1h:26m
2024-03-19 11:09:56 INFO Epoch 65/120	Training Loss: 2.0069	Time remaining is 1h:24m
2024-03-19 11:11:27 INFO Epoch 66/120	Training Loss: 2.0060	Time remaining is 1h:23m
2024-03-19 11:12:57 INFO Epoch 67/120	Training Loss: 2.0147	Time remaining is 1h:21m
2024-03-19 11:14:28 INFO Epoch 68/120	Training Loss: 2.0061	Time remaining is 1h:20m
2024-03-19 11:15:57 INFO Epoch 69/120	Training Loss: 1.9974	Time remaining is 1h:18m
2024-03-19 11:17:28 INFO Epoch 70/120	Training Loss: 2.0026	Time remaining is 1h:17m
2024-03-19 11:18:58 INFO Epoch 71/120	Training Loss: 1.9998	Time remaining is 1h:15m
2024-03-19 11:20:28 INFO Epoch 72/120	Training Loss: 1.9951	Time remaining is 1h:14m
2024-03-19 11:21:59 INFO Epoch 73/120	Training Loss: 1.9932	Time remaining is 1h:12m
2024-03-19 11:23:29 INFO Epoch 74/120	Training Loss: 1.9833	Time remaining is 1h:11m
2024-03-19 11:24:59 INFO Epoch 75/120	Training Loss: 1.9814	Time remaining is 1h:9m
2024-03-19 11:26:28 INFO Epoch 76/120	Training Loss: 1.9787	Time remaining is 1h:8m
2024-03-19 11:27:59 INFO Epoch 77/120	Training Loss: 1.9907	Time remaining is 1h:6m
2024-03-19 11:29:29 INFO Epoch 78/120	Training Loss: 1.9794	Time remaining is 1h:5m
2024-03-19 11:30:59 INFO Epoch 79/120	Training Loss: 1.9899	Time remaining is 1h:3m
2024-03-19 11:32:29 INFO Epoch 80/120	Training Loss: 1.9884	Time remaining is 1h:2m
2024-03-19 11:33:59 INFO Epoch 81/120	Training Loss: 1.9882	Time remaining is 1h:0m
2024-03-19 11:35:30 INFO Epoch 82/120	Training Loss: 1.9881	Time remaining is 0h:59m
2024-03-19 11:37:00 INFO Epoch 83/120	Training Loss: 1.9871	Time remaining is 0h:57m
2024-03-19 11:38:30 INFO Epoch 84/120	Training Loss: 1.9869	Time remaining is 0h:56m
2024-03-19 11:40:00 INFO Epoch 85/120	Training Loss: 1.9898	Time remaining is 0h:54m
2024-03-19 11:41:31 INFO Epoch 86/120	Training Loss: 1.9881	Time remaining is 0h:53m
2024-03-19 11:43:01 INFO Epoch 87/120	Training Loss: 1.9864	Time remaining is 0h:51m
2024-03-19 11:44:31 INFO Epoch 88/120	Training Loss: 1.9751	Time remaining is 0h:50m
2024-03-19 11:46:01 INFO Epoch 89/120	Training Loss: 1.9855	Time remaining is 0h:48m
2024-03-19 11:47:31 INFO Epoch 90/120	Training Loss: 1.9846	Time remaining is 0h:47m
2024-03-19 11:48:18 INFO Testing: dataset_name: market1501 top1:0.9492 top5:0.9822 top10:0.9881 mAP:0.8764
2024-03-19 11:49:48 INFO Epoch 91/120	Training Loss: 1.9870	Time remaining is 0h:45m
2024-03-19 11:51:18 INFO Epoch 92/120	Training Loss: 1.9760	Time remaining is 0h:44m
2024-03-19 11:52:48 INFO Epoch 93/120	Training Loss: 1.9870	Time remaining is 0h:42m
2024-03-19 11:54:19 INFO Epoch 94/120	Training Loss: 1.9846	Time remaining is 0h:41m
2024-03-19 11:55:48 INFO Epoch 95/120	Training Loss: 1.9752	Time remaining is 0h:39m
2024-03-19 11:56:35 INFO Testing: dataset_name: market1501 top1:0.9495 top5:0.9816 top10:0.9878 mAP:0.8776
2024-03-19 11:58:05 INFO Epoch 96/120	Training Loss: 1.9871	Time remaining is 0h:38m
2024-03-19 11:59:35 INFO Epoch 97/120	Training Loss: 1.9730	Time remaining is 0h:36m
2024-03-19 12:01:06 INFO Epoch 98/120	Training Loss: 1.9855	Time remaining is 0h:35m
2024-03-19 12:02:36 INFO Epoch 99/120	Training Loss: 1.9861	Time remaining is 0h:33m
2024-03-19 12:04:06 INFO Epoch 100/120	Training Loss: 1.9828	Time remaining is 0h:32m
2024-03-19 12:04:53 INFO Testing: dataset_name: market1501 top1:0.9474 top5:0.9819 top10:0.9875 mAP:0.8760
2024-03-19 12:06:23 INFO Epoch 101/120	Training Loss: 1.9864	Time remaining is 0h:31m
2024-03-19 12:07:53 INFO Epoch 102/120	Training Loss: 1.9831	Time remaining is 0h:29m
2024-03-19 12:09:23 INFO Epoch 103/120	Training Loss: 1.9829	Time remaining is 0h:27m
2024-03-19 12:10:54 INFO Epoch 104/120	Training Loss: 1.9821	Time remaining is 0h:26m
2024-03-19 12:12:24 INFO Epoch 105/120	Training Loss: 1.9932	Time remaining is 0h:24m
2024-03-19 12:13:11 INFO Testing: dataset_name: market1501 top1:0.9495 top5:0.9825 top10:0.9884 mAP:0.8763
2024-03-19 12:14:41 INFO Epoch 106/120	Training Loss: 1.9829	Time remaining is 0h:23m
2024-03-19 12:16:11 INFO Epoch 107/120	Training Loss: 1.9722	Time remaining is 0h:21m
2024-03-19 12:17:41 INFO Epoch 108/120	Training Loss: 1.9836	Time remaining is 0h:20m
2024-03-19 12:19:11 INFO Epoch 109/120	Training Loss: 1.9820	Time remaining is 0h:18m
2024-03-19 12:20:41 INFO Epoch 110/120	Training Loss: 1.9820	Time remaining is 0h:17m
2024-03-19 12:21:28 INFO Testing: dataset_name: market1501 top1:0.9492 top5:0.9810 top10:0.9887 mAP:0.8775
2024-03-19 12:22:58 INFO Epoch 111/120	Training Loss: 1.9710	Time remaining is 0h:15m
2024-03-19 12:24:28 INFO Epoch 112/120	Training Loss: 1.9821	Time remaining is 0h:14m
2024-03-19 12:25:58 INFO Epoch 113/120	Training Loss: 1.9816	Time remaining is 0h:12m
2024-03-19 12:27:28 INFO Epoch 114/120	Training Loss: 1.9728	Time remaining is 0h:11m
2024-03-19 12:28:59 INFO Epoch 115/120	Training Loss: 1.9915	Time remaining is 0h:9m
2024-03-19 12:29:45 INFO Testing: dataset_name: market1501 top1:0.9486 top5:0.9819 top10:0.9884 mAP:0.8773
2024-03-19 12:31:16 INFO Epoch 116/120	Training Loss: 1.9815	Time remaining is 0h:8m
2024-03-19 12:32:46 INFO Epoch 117/120	Training Loss: 1.9842	Time remaining is 0h:6m
2024-03-19 12:34:16 INFO Epoch 118/120	Training Loss: 1.9809	Time remaining is 0h:5m
2024-03-19 12:35:47 INFO Epoch 119/120	Training Loss: 1.9906	Time remaining is 0h:3m
2024-03-19 12:37:16 INFO Epoch 120/120	Training Loss: 1.9707	Time remaining is 0h:2m
2024-03-19 12:38:03 INFO Testing: dataset_name: market1501 top1:0.9492 top5:0.9813 top10:0.9884 mAP:0.8780
2024-03-19 12:38:03 INFO The running time of training: 1.11481e+04 s
