2024-06-10 17:17:26 INFO ##################################################
2024-06-10 17:17:26 INFO Config values: batch_size: 60	current_directory: /home/hy/project/reid_task/ex_main1	dataset_name: market1501	dataset_path: /home/hy/project/data/Market-1501-v15.09.15	device: cuda	dtype: torch.float32	epoch_start_test: 90	epochs: 500	img_height: 384	img_width: 128	logs_outputs_path: /home/hy/project/reid_task/ex_main1/./outputs/logs	models_outputs_path: /home/hy/project/reid_task/ex_main1/./outputs/models	np: <module 'numpy' from '/home/hy/anaconda3/envs/py396/lib/python3.9/site-packages/numpy/__init__.py'>	os: <module 'os' from '/home/hy/anaconda3/envs/py396/lib/python3.9/os.py'>	outputs_dir: ./outputs/	outputs_path: /home/hy/project/reid_task/ex_main1/./outputs/	print_every: 1	seed: 1	taskname: ReID_Task	temps_outputs_path: /home/hy/project/reid_task/ex_main1/./outputs/temps	test_batch_size: 256	test_every: 5	torch: <module 'torch' from '/home/hy/anaconda3/envs/py396/lib/python3.9/site-packages/torch/__init__.py'>
2024-06-10 17:17:26 INFO Task: ReID_Task
2024-06-10 17:17:26 INFO Using device: cuda
2024-06-10 17:17:26 INFO Using data type: torch.float32
2024-06-10 17:17:26 INFO Number of GPUs: 1
2024-06-10 17:17:26 INFO GPU is_available: True
2024-06-10 17:17:26 INFO GPU name: NVIDIA GeForce RTX 3060
2024-06-10 17:17:26 INFO CUDA version: 12.1
2024-06-10 17:17:26 INFO Current device id: 0
2024-06-10 17:17:26 INFO ##################################################
2024-06-10 17:19:02 INFO Epoch 1/500	Training Loss: 9.5834	Time remaining is 13h:16m
2024-06-10 17:20:36 INFO Epoch 2/500	Training Loss: 7.3437	Time remaining is 13h:8m
2024-06-10 17:22:12 INFO Epoch 3/500	Training Loss: 5.7753	Time remaining is 13h:8m
2024-06-10 17:23:46 INFO Epoch 4/500	Training Loss: 4.2051	Time remaining is 13h:5m
2024-06-10 17:25:21 INFO Epoch 5/500	Training Loss: 2.9849	Time remaining is 13h:3m
2024-06-10 17:26:55 INFO Epoch 6/500	Training Loss: 2.1901	Time remaining is 13h:2m
2024-06-10 17:28:30 INFO Epoch 7/500	Training Loss: 1.7633	Time remaining is 13h:0m
2024-06-10 17:30:05 INFO Epoch 8/500	Training Loss: 1.5234	Time remaining is 12h:58m
2024-06-10 17:31:40 INFO Epoch 9/500	Training Loss: 1.4138	Time remaining is 12h:57m
2024-06-10 17:33:15 INFO Epoch 10/500	Training Loss: 1.3645	Time remaining is 12h:56m
2024-06-10 17:34:49 INFO Epoch 11/500	Training Loss: 1.3147	Time remaining is 12h:54m
2024-06-10 17:36:24 INFO Epoch 12/500	Training Loss: 1.2894	Time remaining is 12h:52m
2024-06-10 17:37:58 INFO Epoch 13/500	Training Loss: 1.2394	Time remaining is 12h:51m
2024-06-10 17:39:33 INFO Epoch 14/500	Training Loss: 1.1940	Time remaining is 12h:49m
2024-06-10 17:41:07 INFO Epoch 15/500	Training Loss: 1.1882	Time remaining is 12h:47m
2024-06-10 17:42:43 INFO Epoch 16/500	Training Loss: 1.1925	Time remaining is 12h:46m
2024-06-10 17:44:18 INFO Epoch 17/500	Training Loss: 1.1546	Time remaining is 12h:44m
2024-06-10 17:45:53 INFO Epoch 18/500	Training Loss: 1.1684	Time remaining is 12h:43m
2024-06-10 17:47:27 INFO Epoch 19/500	Training Loss: 1.1569	Time remaining is 12h:41m
2024-06-10 17:49:02 INFO Epoch 20/500	Training Loss: 1.1472	Time remaining is 12h:40m
2024-06-10 17:50:37 INFO Epoch 21/500	Training Loss: 1.1391	Time remaining is 12h:38m
2024-06-10 17:52:12 INFO Epoch 22/500	Training Loss: 1.1314	Time remaining is 12h:37m
2024-06-10 17:53:47 INFO Epoch 23/500	Training Loss: 1.1385	Time remaining is 12h:35m
2024-06-10 17:55:22 INFO Epoch 24/500	Training Loss: 1.1347	Time remaining is 12h:34m
2024-06-10 17:56:57 INFO Epoch 25/500	Training Loss: 1.1387	Time remaining is 12h:32m
2024-06-10 17:58:32 INFO Epoch 26/500	Training Loss: 1.1349	Time remaining is 12h:31m
2024-06-10 18:00:07 INFO Epoch 27/500	Training Loss: 1.1336	Time remaining is 12h:29m
2024-06-10 18:01:43 INFO Epoch 28/500	Training Loss: 1.1442	Time remaining is 12h:28m
2024-06-10 18:03:18 INFO Epoch 29/500	Training Loss: 1.1391	Time remaining is 12h:26m
2024-06-10 18:04:52 INFO Epoch 30/500	Training Loss: 1.1326	Time remaining is 12h:24m
2024-06-10 18:06:27 INFO Epoch 31/500	Training Loss: 1.1386	Time remaining is 12h:23m
2024-06-10 18:08:02 INFO Epoch 32/500	Training Loss: 1.1318	Time remaining is 12h:22m
2024-06-10 18:09:38 INFO Epoch 33/500	Training Loss: 1.1366	Time remaining is 12h:20m
2024-06-10 18:11:13 INFO Epoch 34/500	Training Loss: 1.1255	Time remaining is 12h:18m
2024-06-10 18:12:48 INFO Epoch 35/500	Training Loss: 1.1226	Time remaining is 12h:17m
2024-06-10 18:14:23 INFO Epoch 36/500	Training Loss: 1.1320	Time remaining is 12h:15m
2024-06-10 18:15:58 INFO Epoch 37/500	Training Loss: 1.1298	Time remaining is 12h:14m
2024-06-10 18:17:33 INFO Epoch 38/500	Training Loss: 1.1371	Time remaining is 12h:12m
2024-06-10 18:19:08 INFO Epoch 39/500	Training Loss: 1.1322	Time remaining is 12h:11m
2024-06-10 18:20:43 INFO Epoch 40/500	Training Loss: 1.1180	Time remaining is 12h:9m
2024-06-10 18:22:19 INFO Epoch 41/500	Training Loss: 1.0864	Time remaining is 12h:8m
2024-06-10 18:23:55 INFO Epoch 42/500	Training Loss: 1.0318	Time remaining is 12h:6m
2024-06-10 18:25:31 INFO Epoch 43/500	Training Loss: 1.0119	Time remaining is 12h:5m
2024-06-10 18:27:05 INFO Epoch 44/500	Training Loss: 0.9968	Time remaining is 12h:3m
2024-06-10 18:28:39 INFO Epoch 45/500	Training Loss: 0.9943	Time remaining is 12h:2m
2024-06-10 18:30:14 INFO Epoch 46/500	Training Loss: 0.9934	Time remaining is 12h:0m
2024-06-10 18:31:50 INFO Epoch 47/500	Training Loss: 0.9947	Time remaining is 11h:59m
2024-06-10 18:33:25 INFO Epoch 48/500	Training Loss: 0.9822	Time remaining is 11h:57m
2024-06-10 18:35:00 INFO Epoch 49/500	Training Loss: 0.9807	Time remaining is 11h:55m
2024-06-10 18:36:34 INFO Epoch 50/500	Training Loss: 0.9797	Time remaining is 11h:54m
2024-06-10 18:38:09 INFO Epoch 51/500	Training Loss: 0.9817	Time remaining is 11h:52m
2024-06-10 18:39:44 INFO Epoch 52/500	Training Loss: 0.9765	Time remaining is 11h:51m
2024-06-10 18:41:19 INFO Epoch 53/500	Training Loss: 0.9728	Time remaining is 11h:49m
2024-06-10 18:42:54 INFO Epoch 54/500	Training Loss: 0.9787	Time remaining is 11h:47m
2024-06-10 18:44:29 INFO Epoch 55/500	Training Loss: 0.9759	Time remaining is 11h:46m
2024-06-10 18:46:04 INFO Epoch 56/500	Training Loss: 0.9783	Time remaining is 11h:44m
2024-06-10 18:47:39 INFO Epoch 57/500	Training Loss: 0.9699	Time remaining is 11h:43m
2024-06-10 18:49:14 INFO Epoch 58/500	Training Loss: 0.9736	Time remaining is 11h:41m
2024-06-10 18:50:48 INFO Epoch 59/500	Training Loss: 0.9717	Time remaining is 11h:39m
2024-06-10 18:52:23 INFO Epoch 60/500	Training Loss: 0.9748	Time remaining is 11h:38m
2024-06-10 18:53:58 INFO Epoch 61/500	Training Loss: 0.9680	Time remaining is 11h:36m
2024-06-10 18:55:33 INFO Epoch 62/500	Training Loss: 0.9705	Time remaining is 11h:35m
2024-06-10 18:57:09 INFO Epoch 63/500	Training Loss: 0.9771	Time remaining is 11h:33m
2024-06-10 18:58:44 INFO Epoch 64/500	Training Loss: 0.9672	Time remaining is 11h:32m
2024-06-10 19:00:18 INFO Epoch 65/500	Training Loss: 0.9618	Time remaining is 11h:30m
2024-06-10 19:01:53 INFO Epoch 66/500	Training Loss: 0.9693	Time remaining is 11h:28m
2024-06-10 19:03:28 INFO Epoch 67/500	Training Loss: 0.9691	Time remaining is 11h:27m
2024-06-10 19:05:03 INFO Epoch 68/500	Training Loss: 0.9632	Time remaining is 11h:25m
2024-06-10 19:06:39 INFO Epoch 69/500	Training Loss: 0.9679	Time remaining is 11h:24m
2024-06-10 19:08:14 INFO Epoch 70/500	Training Loss: 0.9627	Time remaining is 11h:22m
2024-06-10 19:09:48 INFO Epoch 71/500	Training Loss: 0.9606	Time remaining is 11h:20m
2024-06-10 19:11:23 INFO Epoch 72/500	Training Loss: 0.9590	Time remaining is 11h:19m
2024-06-10 19:12:59 INFO Epoch 73/500	Training Loss: 0.9563	Time remaining is 11h:17m
2024-06-10 19:14:33 INFO Epoch 74/500	Training Loss: 0.9554	Time remaining is 11h:16m
2024-06-10 19:16:08 INFO Epoch 75/500	Training Loss: 0.9570	Time remaining is 11h:14m
2024-06-10 19:17:43 INFO Epoch 76/500	Training Loss: 0.9489	Time remaining is 11h:13m
2024-06-10 19:19:17 INFO Epoch 77/500	Training Loss: 0.9497	Time remaining is 11h:11m
2024-06-10 19:20:52 INFO Epoch 78/500	Training Loss: 0.9493	Time remaining is 11h:9m
2024-06-10 19:22:27 INFO Epoch 79/500	Training Loss: 0.9539	Time remaining is 11h:8m
2024-06-10 19:24:02 INFO Epoch 80/500	Training Loss: 0.9492	Time remaining is 11h:6m
2024-06-10 19:25:37 INFO Epoch 81/500	Training Loss: 0.9536	Time remaining is 11h:5m
2024-06-10 19:27:12 INFO Epoch 82/500	Training Loss: 0.9521	Time remaining is 11h:3m
2024-06-10 19:28:47 INFO Epoch 83/500	Training Loss: 0.9511	Time remaining is 11h:1m
2024-06-10 19:30:22 INFO Epoch 84/500	Training Loss: 0.9504	Time remaining is 10h:60m
2024-06-10 19:31:57 INFO Epoch 85/500	Training Loss: 0.9509	Time remaining is 10h:58m
2024-06-10 19:33:33 INFO Epoch 86/500	Training Loss: 0.9555	Time remaining is 10h:57m
2024-06-10 19:35:07 INFO Epoch 87/500	Training Loss: 0.9473	Time remaining is 10h:55m
2024-06-10 19:36:43 INFO Epoch 88/500	Training Loss: 0.9516	Time remaining is 10h:54m
2024-06-10 19:38:18 INFO Epoch 89/500	Training Loss: 0.9512	Time remaining is 10h:52m
2024-06-10 19:39:53 INFO Epoch 90/500	Training Loss: 0.9523	Time remaining is 10h:50m
2024-06-10 19:41:36 INFO Testing: dataset_name: market1501 top1:0.9463 top5:0.9843 top10:0.9896 mAP:0.8715
2024-06-10 19:43:11 INFO Epoch 91/500	Training Loss: 0.9503	Time remaining is 10h:57m
2024-06-10 19:44:45 INFO Epoch 92/500	Training Loss: 0.9507	Time remaining is 10h:55m
2024-06-10 19:46:20 INFO Epoch 93/500	Training Loss: 0.9495	Time remaining is 10h:53m
2024-06-10 19:47:54 INFO Epoch 94/500	Training Loss: 0.9469	Time remaining is 10h:51m
2024-06-10 19:49:28 INFO Epoch 95/500	Training Loss: 0.9511	Time remaining is 10h:50m
2024-06-10 19:51:12 INFO Testing: dataset_name: market1501 top1:0.9486 top5:0.9843 top10:0.9890 mAP:0.8730
2024-06-10 19:52:47 INFO Epoch 96/500	Training Loss: 0.9516	Time remaining is 10h:55m
2024-06-10 19:54:22 INFO Epoch 97/500	Training Loss: 0.9504	Time remaining is 10h:54m
2024-06-10 19:55:56 INFO Epoch 98/500	Training Loss: 0.9497	Time remaining is 10h:52m
2024-06-10 19:57:31 INFO Epoch 99/500	Training Loss: 0.9485	Time remaining is 10h:50m
2024-06-10 19:59:06 INFO Epoch 100/500	Training Loss: 0.9505	Time remaining is 10h:48m
2024-06-10 20:00:49 INFO Testing: dataset_name: market1501 top1:0.9471 top5:0.9840 top10:0.9902 mAP:0.8732
2024-06-10 20:02:24 INFO Epoch 101/500	Training Loss: 0.9483	Time remaining is 10h:53m
2024-06-10 20:03:59 INFO Epoch 102/500	Training Loss: 0.9499	Time remaining is 10h:51m
2024-06-10 20:05:34 INFO Epoch 103/500	Training Loss: 0.9487	Time remaining is 10h:50m
2024-06-10 20:07:08 INFO Epoch 104/500	Training Loss: 0.9483	Time remaining is 10h:48m
2024-06-10 20:08:43 INFO Epoch 105/500	Training Loss: 0.9484	Time remaining is 10h:46m
2024-06-10 20:10:26 INFO Testing: dataset_name: market1501 top1:0.9498 top5:0.9843 top10:0.9902 mAP:0.8754
2024-06-10 20:12:01 INFO Epoch 106/500	Training Loss: 0.9484	Time remaining is 10h:51m
2024-06-10 20:13:35 INFO Epoch 107/500	Training Loss: 0.9429	Time remaining is 10h:49m
2024-06-10 20:15:10 INFO Epoch 108/500	Training Loss: 0.9479	Time remaining is 10h:47m
2024-06-10 20:16:45 INFO Epoch 109/500	Training Loss: 0.9488	Time remaining is 10h:45m
2024-06-10 20:18:19 INFO Epoch 110/500	Training Loss: 0.9485	Time remaining is 10h:43m
2024-06-10 20:20:03 INFO Testing: dataset_name: market1501 top1:0.9495 top5:0.9852 top10:0.9899 mAP:0.8765
2024-06-10 20:21:37 INFO Epoch 111/500	Training Loss: 0.9473	Time remaining is 10h:47m
2024-06-10 20:23:12 INFO Epoch 112/500	Training Loss: 0.9472	Time remaining is 10h:45m
2024-06-10 20:24:46 INFO Epoch 113/500	Training Loss: 0.9482	Time remaining is 10h:43m
2024-06-10 20:26:21 INFO Epoch 114/500	Training Loss: 0.9482	Time remaining is 10h:41m
2024-06-10 20:27:56 INFO Epoch 115/500	Training Loss: 0.9497	Time remaining is 10h:39m
2024-06-10 20:29:39 INFO Testing: dataset_name: market1501 top1:0.9492 top5:0.9846 top10:0.9896 mAP:0.8761
2024-06-10 20:31:14 INFO Epoch 116/500	Training Loss: 0.9421	Time remaining is 10h:43m
2024-06-10 20:32:49 INFO Epoch 117/500	Training Loss: 0.9514	Time remaining is 10h:41m
2024-06-10 20:34:23 INFO Epoch 118/500	Training Loss: 0.9467	Time remaining is 10h:39m
2024-06-10 20:35:58 INFO Epoch 119/500	Training Loss: 0.9473	Time remaining is 10h:37m
2024-06-10 20:37:33 INFO Epoch 120/500	Training Loss: 0.9475	Time remaining is 10h:35m
2024-06-10 20:39:17 INFO Testing: dataset_name: market1501 top1:0.9531 top5:0.9846 top10:0.9902 mAP:0.8775
2024-06-10 20:40:51 INFO Epoch 121/500	Training Loss: 0.9432	Time remaining is 10h:39m
2024-06-10 20:42:25 INFO Epoch 122/500	Training Loss: 0.9460	Time remaining is 10h:37m
2024-06-10 20:44:01 INFO Epoch 123/500	Training Loss: 0.9531	Time remaining is 10h:35m
2024-06-10 20:45:36 INFO Epoch 124/500	Training Loss: 0.9507	Time remaining is 10h:33m
2024-06-10 20:47:10 INFO Epoch 125/500	Training Loss: 0.9477	Time remaining is 10h:31m
2024-06-10 20:48:54 INFO Testing: dataset_name: market1501 top1:0.9501 top5:0.9846 top10:0.9902 mAP:0.8772
2024-06-10 20:50:29 INFO Epoch 126/500	Training Loss: 0.9460	Time remaining is 10h:34m
2024-06-10 20:52:03 INFO Epoch 127/500	Training Loss: 0.9463	Time remaining is 10h:32m
2024-06-10 20:53:38 INFO Epoch 128/500	Training Loss: 0.9449	Time remaining is 10h:30m
2024-06-10 20:55:13 INFO Epoch 129/500	Training Loss: 0.9456	Time remaining is 10h:28m
2024-06-10 20:56:48 INFO Epoch 130/500	Training Loss: 0.9474	Time remaining is 10h:26m
2024-06-10 20:58:31 INFO Testing: dataset_name: market1501 top1:0.9522 top5:0.9849 top10:0.9899 mAP:0.8784
2024-06-10 21:00:06 INFO Epoch 131/500	Training Loss: 0.9453	Time remaining is 10h:29m
2024-06-10 21:01:41 INFO Epoch 132/500	Training Loss: 0.9462	Time remaining is 10h:27m
2024-06-10 21:03:16 INFO Epoch 133/500	Training Loss: 0.9495	Time remaining is 10h:25m
2024-06-10 21:04:50 INFO Epoch 134/500	Training Loss: 0.9447	Time remaining is 10h:23m
2024-06-10 21:06:25 INFO Epoch 135/500	Training Loss: 0.9468	Time remaining is 10h:21m
2024-06-10 21:08:08 INFO Testing: dataset_name: market1501 top1:0.9534 top5:0.9843 top10:0.9908 mAP:0.8797
2024-06-10 21:09:42 INFO Epoch 136/500	Training Loss: 0.9415	Time remaining is 10h:23m
2024-06-10 21:11:17 INFO Epoch 137/500	Training Loss: 0.9458	Time remaining is 10h:21m
2024-06-10 21:12:52 INFO Epoch 138/500	Training Loss: 0.9464	Time remaining is 10h:19m
2024-06-10 21:14:27 INFO Epoch 139/500	Training Loss: 0.9458	Time remaining is 10h:17m
2024-06-10 21:16:02 INFO Epoch 140/500	Training Loss: 0.9445	Time remaining is 10h:15m
2024-06-10 21:17:45 INFO Testing: dataset_name: market1501 top1:0.9510 top5:0.9852 top10:0.9902 mAP:0.8794
2024-06-10 21:19:21 INFO Epoch 141/500	Training Loss: 0.9493	Time remaining is 10h:18m
2024-06-10 21:20:56 INFO Epoch 142/500	Training Loss: 0.9437	Time remaining is 10h:16m
2024-06-10 21:22:30 INFO Epoch 143/500	Training Loss: 0.9439	Time remaining is 10h:14m
2024-06-10 21:24:05 INFO Epoch 144/500	Training Loss: 0.9452	Time remaining is 10h:11m
2024-06-10 21:25:40 INFO Epoch 145/500	Training Loss: 0.9456	Time remaining is 10h:9m
2024-06-10 21:27:23 INFO Testing: dataset_name: market1501 top1:0.9504 top5:0.9834 top10:0.9902 mAP:0.8788
2024-06-10 21:28:58 INFO Epoch 146/500	Training Loss: 0.9445	Time remaining is 10h:12m
2024-06-10 21:30:32 INFO Epoch 147/500	Training Loss: 0.9467	Time remaining is 10h:9m
2024-06-10 21:32:07 INFO Epoch 148/500	Training Loss: 0.9442	Time remaining is 10h:7m
2024-06-10 21:33:41 INFO Epoch 149/500	Training Loss: 0.9399	Time remaining is 10h:5m
2024-06-10 21:35:15 INFO Epoch 150/500	Training Loss: 0.9436	Time remaining is 10h:3m
2024-06-10 21:36:59 INFO Testing: dataset_name: market1501 top1:0.9513 top5:0.9846 top10:0.9902 mAP:0.8797
2024-06-10 21:38:34 INFO Epoch 151/500	Training Loss: 0.9443	Time remaining is 10h:5m
2024-06-10 21:40:08 INFO Epoch 152/500	Training Loss: 0.9456	Time remaining is 10h:3m
2024-06-10 21:41:43 INFO Epoch 153/500	Training Loss: 0.9447	Time remaining is 10h:1m
2024-06-10 21:43:18 INFO Epoch 154/500	Training Loss: 0.9428	Time remaining is 9h:59m
2024-06-10 21:44:52 INFO Epoch 155/500	Training Loss: 0.9439	Time remaining is 9h:57m
2024-06-10 21:46:36 INFO Testing: dataset_name: market1501 top1:0.9528 top5:0.9843 top10:0.9905 mAP:0.8805
2024-06-10 21:48:10 INFO Epoch 156/500	Training Loss: 0.9386	Time remaining is 9h:59m
2024-06-10 21:49:45 INFO Epoch 157/500	Training Loss: 0.9428	Time remaining is 9h:57m
2024-06-10 21:51:19 INFO Epoch 158/500	Training Loss: 0.9424	Time remaining is 9h:55m
2024-06-10 21:52:54 INFO Epoch 159/500	Training Loss: 0.9424	Time remaining is 9h:52m
2024-06-10 21:54:29 INFO Epoch 160/500	Training Loss: 0.9431	Time remaining is 9h:50m
2024-06-10 21:56:12 INFO Testing: dataset_name: market1501 top1:0.9522 top5:0.9852 top10:0.9908 mAP:0.8806
2024-06-10 21:57:46 INFO Epoch 161/500	Training Loss: 0.9330	Time remaining is 9h:52m
2024-06-10 21:59:21 INFO Epoch 162/500	Training Loss: 0.9421	Time remaining is 9h:50m
2024-06-10 22:00:55 INFO Epoch 163/500	Training Loss: 0.9431	Time remaining is 9h:48m
2024-06-10 22:02:30 INFO Epoch 164/500	Training Loss: 0.9381	Time remaining is 9h:46m
2024-06-10 22:04:04 INFO Epoch 165/500	Training Loss: 0.9421	Time remaining is 9h:44m
2024-06-10 22:05:48 INFO Testing: dataset_name: market1501 top1:0.9528 top5:0.9840 top10:0.9902 mAP:0.8813
2024-06-10 22:07:22 INFO Epoch 166/500	Training Loss: 0.9424	Time remaining is 9h:45m
2024-06-10 22:08:57 INFO Epoch 167/500	Training Loss: 0.9469	Time remaining is 9h:43m
2024-06-10 22:10:32 INFO Epoch 168/500	Training Loss: 0.9425	Time remaining is 9h:41m
2024-06-10 22:12:07 INFO Epoch 169/500	Training Loss: 0.9430	Time remaining is 9h:39m
2024-06-10 22:13:42 INFO Epoch 170/500	Training Loss: 0.9414	Time remaining is 9h:37m
2024-06-10 22:15:25 INFO Testing: dataset_name: market1501 top1:0.9513 top5:0.9846 top10:0.9899 mAP:0.8807
2024-06-10 22:16:59 INFO Epoch 171/500	Training Loss: 0.9374	Time remaining is 9h:38m
2024-06-10 22:18:34 INFO Epoch 172/500	Training Loss: 0.9418	Time remaining is 9h:36m
2024-06-10 22:20:08 INFO Epoch 173/500	Training Loss: 0.9379	Time remaining is 9h:34m
2024-06-10 22:21:42 INFO Epoch 174/500	Training Loss: 0.9383	Time remaining is 9h:32m
2024-06-10 22:23:17 INFO Epoch 175/500	Training Loss: 0.9403	Time remaining is 9h:30m
2024-06-10 22:25:01 INFO Testing: dataset_name: market1501 top1:0.9531 top5:0.9840 top10:0.9902 mAP:0.8807
2024-06-10 22:26:35 INFO Epoch 176/500	Training Loss: 0.9386	Time remaining is 9h:31m
2024-06-10 22:28:10 INFO Epoch 177/500	Training Loss: 0.9433	Time remaining is 9h:29m
2024-06-10 22:29:44 INFO Epoch 178/500	Training Loss: 0.9423	Time remaining is 9h:27m
2024-06-10 22:31:19 INFO Epoch 179/500	Training Loss: 0.9408	Time remaining is 9h:25m
2024-06-10 22:32:54 INFO Epoch 180/500	Training Loss: 0.9360	Time remaining is 9h:23m
2024-06-10 22:34:37 INFO Testing: dataset_name: market1501 top1:0.9522 top5:0.9840 top10:0.9905 mAP:0.8813
2024-06-10 22:36:11 INFO Epoch 181/500	Training Loss: 0.9372	Time remaining is 9h:24m
2024-06-10 22:37:46 INFO Epoch 182/500	Training Loss: 0.9417	Time remaining is 9h:21m
2024-06-10 22:39:20 INFO Epoch 183/500	Training Loss: 0.9356	Time remaining is 9h:19m
2024-06-10 22:40:55 INFO Epoch 184/500	Training Loss: 0.9353	Time remaining is 9h:17m
2024-06-10 22:42:29 INFO Epoch 185/500	Training Loss: 0.9405	Time remaining is 9h:15m
2024-06-10 22:44:13 INFO Testing: dataset_name: market1501 top1:0.9531 top5:0.9846 top10:0.9902 mAP:0.8815
2024-06-10 22:45:47 INFO Epoch 186/500	Training Loss: 0.9354	Time remaining is 9h:16m
2024-06-10 22:47:21 INFO Epoch 187/500	Training Loss: 0.9358	Time remaining is 9h:14m
2024-06-10 22:48:55 INFO Epoch 188/500	Training Loss: 0.9355	Time remaining is 9h:12m
2024-06-10 22:50:29 INFO Epoch 189/500	Training Loss: 0.9361	Time remaining is 9h:10m
2024-06-10 22:52:04 INFO Epoch 190/500	Training Loss: 0.9413	Time remaining is 9h:8m
2024-06-10 22:53:47 INFO Testing: dataset_name: market1501 top1:0.9516 top5:0.9849 top10:0.9908 mAP:0.8810
2024-06-10 22:55:21 INFO Epoch 191/500	Training Loss: 0.9357	Time remaining is 9h:8m
2024-06-10 22:56:55 INFO Epoch 192/500	Training Loss: 0.9356	Time remaining is 9h:6m
2024-06-10 22:58:30 INFO Epoch 193/500	Training Loss: 0.9401	Time remaining is 9h:4m
2024-06-10 23:00:05 INFO Epoch 194/500	Training Loss: 0.9414	Time remaining is 9h:2m
2024-06-10 23:01:40 INFO Epoch 195/500	Training Loss: 0.9399	Time remaining is 9h:0m
2024-06-10 23:03:23 INFO Testing: dataset_name: market1501 top1:0.9519 top5:0.9852 top10:0.9905 mAP:0.8821
2024-06-10 23:04:58 INFO Epoch 196/500	Training Loss: 0.9394	Time remaining is 9h:1m
2024-06-10 23:06:33 INFO Epoch 197/500	Training Loss: 0.9393	Time remaining is 8h:59m
2024-06-10 23:08:08 INFO Epoch 198/500	Training Loss: 0.9436	Time remaining is 8h:57m
2024-06-10 23:09:43 INFO Epoch 199/500	Training Loss: 0.9388	Time remaining is 8h:55m
2024-06-10 23:11:18 INFO Epoch 200/500	Training Loss: 0.9395	Time remaining is 8h:53m
2024-06-10 23:13:01 INFO Testing: dataset_name: market1501 top1:0.9516 top5:0.9849 top10:0.9905 mAP:0.8830
2024-06-10 23:14:36 INFO Epoch 201/500	Training Loss: 0.9397	Time remaining is 8h:53m
2024-06-10 23:16:11 INFO Epoch 202/500	Training Loss: 0.9404	Time remaining is 8h:51m
2024-06-10 23:17:45 INFO Epoch 203/500	Training Loss: 0.9348	Time remaining is 8h:49m
2024-06-10 23:19:20 INFO Epoch 204/500	Training Loss: 0.9346	Time remaining is 8h:47m
2024-06-10 23:20:55 INFO Epoch 205/500	Training Loss: 0.9391	Time remaining is 8h:45m
2024-06-10 23:22:38 INFO Testing: dataset_name: market1501 top1:0.9534 top5:0.9849 top10:0.9905 mAP:0.8828
2024-06-10 23:24:13 INFO Epoch 206/500	Training Loss: 0.9391	Time remaining is 8h:45m
2024-06-10 23:25:47 INFO Epoch 207/500	Training Loss: 0.9385	Time remaining is 8h:43m
2024-06-10 23:27:22 INFO Epoch 208/500	Training Loss: 0.9387	Time remaining is 8h:41m
2024-06-10 23:28:56 INFO Epoch 209/500	Training Loss: 0.9390	Time remaining is 8h:39m
2024-06-10 23:30:31 INFO Epoch 210/500	Training Loss: 0.9387	Time remaining is 8h:37m
2024-06-10 23:32:15 INFO Testing: dataset_name: market1501 top1:0.9528 top5:0.9843 top10:0.9914 mAP:0.8818
2024-06-10 23:33:49 INFO Epoch 211/500	Training Loss: 0.9395	Time remaining is 8h:37m
2024-06-10 23:35:24 INFO Epoch 212/500	Training Loss: 0.9387	Time remaining is 8h:35m
2024-06-10 23:36:59 INFO Epoch 213/500	Training Loss: 0.9374	Time remaining is 8h:33m
2024-06-10 23:38:33 INFO Epoch 214/500	Training Loss: 0.9391	Time remaining is 8h:31m
2024-06-10 23:40:08 INFO Epoch 215/500	Training Loss: 0.9382	Time remaining is 8h:29m
2024-06-10 23:41:52 INFO Testing: dataset_name: market1501 top1:0.9516 top5:0.9843 top10:0.9905 mAP:0.8831
2024-06-10 23:43:26 INFO Epoch 216/500	Training Loss: 0.9329	Time remaining is 8h:29m
2024-06-10 23:45:00 INFO Epoch 217/500	Training Loss: 0.9329	Time remaining is 8h:27m
2024-06-10 23:46:34 INFO Epoch 218/500	Training Loss: 0.9330	Time remaining is 8h:25m
2024-06-10 23:48:09 INFO Epoch 219/500	Training Loss: 0.9390	Time remaining is 8h:23m
2024-06-10 23:49:44 INFO Epoch 220/500	Training Loss: 0.9322	Time remaining is 8h:21m
2024-06-10 23:51:27 INFO Testing: dataset_name: market1501 top1:0.9546 top5:0.9849 top10:0.9896 mAP:0.8844
2024-06-10 23:53:01 INFO Epoch 221/500	Training Loss: 0.9323	Time remaining is 8h:21m
2024-06-10 23:54:36 INFO Epoch 222/500	Training Loss: 0.9379	Time remaining is 8h:19m
2024-06-10 23:56:11 INFO Epoch 223/500	Training Loss: 0.9378	Time remaining is 8h:17m
2024-06-10 23:57:46 INFO Epoch 224/500	Training Loss: 0.9375	Time remaining is 8h:15m
2024-06-10 23:59:21 INFO Epoch 225/500	Training Loss: 0.9383	Time remaining is 8h:13m
2024-06-11 00:01:04 INFO Testing: dataset_name: market1501 top1:0.9531 top5:0.9843 top10:0.9908 mAP:0.8837
2024-06-11 00:02:39 INFO Epoch 226/500	Training Loss: 0.9370	Time remaining is 8h:13m
2024-06-11 00:04:13 INFO Epoch 227/500	Training Loss: 0.9320	Time remaining is 8h:11m
2024-06-11 00:05:48 INFO Epoch 228/500	Training Loss: 0.9311	Time remaining is 8h:9m
2024-06-11 00:07:22 INFO Epoch 229/500	Training Loss: 0.9325	Time remaining is 8h:7m
2024-06-11 00:08:56 INFO Epoch 230/500	Training Loss: 0.9308	Time remaining is 8h:5m
2024-06-11 00:10:39 INFO Testing: dataset_name: market1501 top1:0.9528 top5:0.9843 top10:0.9908 mAP:0.8838
2024-06-11 00:12:14 INFO Epoch 231/500	Training Loss: 0.9370	Time remaining is 8h:5m
2024-06-11 00:13:49 INFO Epoch 232/500	Training Loss: 0.9379	Time remaining is 8h:3m
2024-06-11 00:15:23 INFO Epoch 233/500	Training Loss: 0.9318	Time remaining is 8h:1m
2024-06-11 00:16:57 INFO Epoch 234/500	Training Loss: 0.9330	Time remaining is 7h:59m
2024-06-11 00:18:31 INFO Epoch 235/500	Training Loss: 0.9317	Time remaining is 7h:57m
2024-06-11 00:20:15 INFO Testing: dataset_name: market1501 top1:0.9528 top5:0.9843 top10:0.9905 mAP:0.8836
2024-06-11 00:21:50 INFO Epoch 236/500	Training Loss: 0.9316	Time remaining is 7h:57m
2024-06-11 00:23:24 INFO Epoch 237/500	Training Loss: 0.9352	Time remaining is 7h:54m
2024-06-11 00:24:59 INFO Epoch 238/500	Training Loss: 0.9368	Time remaining is 7h:52m
2024-06-11 00:26:34 INFO Epoch 239/500	Training Loss: 0.9360	Time remaining is 7h:50m
2024-06-11 00:28:08 INFO Epoch 240/500	Training Loss: 0.9367	Time remaining is 7h:48m
2024-06-11 00:29:52 INFO Testing: dataset_name: market1501 top1:0.9543 top5:0.9843 top10:0.9902 mAP:0.8845
2024-06-11 00:31:26 INFO Epoch 241/500	Training Loss: 0.9368	Time remaining is 7h:48m
2024-06-11 00:33:01 INFO Epoch 242/500	Training Loss: 0.9365	Time remaining is 7h:46m
2024-06-11 00:34:35 INFO Epoch 243/500	Training Loss: 0.9321	Time remaining is 7h:44m
2024-06-11 00:36:10 INFO Epoch 244/500	Training Loss: 0.9365	Time remaining is 7h:42m
2024-06-11 00:37:44 INFO Epoch 245/500	Training Loss: 0.9357	Time remaining is 7h:40m
2024-06-11 00:39:28 INFO Testing: dataset_name: market1501 top1:0.9549 top5:0.9837 top10:0.9893 mAP:0.8836
2024-06-11 00:41:02 INFO Epoch 246/500	Training Loss: 0.9356	Time remaining is 7h:40m
2024-06-11 00:42:37 INFO Epoch 247/500	Training Loss: 0.9354	Time remaining is 7h:38m
2024-06-11 00:44:12 INFO Epoch 248/500	Training Loss: 0.9348	Time remaining is 7h:36m
2024-06-11 00:45:47 INFO Epoch 249/500	Training Loss: 0.9360	Time remaining is 7h:34m
2024-06-11 00:47:22 INFO Epoch 250/500	Training Loss: 0.9400	Time remaining is 7h:32m
2024-06-11 00:49:05 INFO Testing: dataset_name: market1501 top1:0.9528 top5:0.9857 top10:0.9908 mAP:0.8841
2024-06-11 00:50:39 INFO Epoch 251/500	Training Loss: 0.9319	Time remaining is 7h:31m
2024-06-11 00:52:14 INFO Epoch 252/500	Training Loss: 0.9345	Time remaining is 7h:29m
2024-06-11 00:53:48 INFO Epoch 253/500	Training Loss: 0.9302	Time remaining is 7h:27m
2024-06-11 00:55:22 INFO Epoch 254/500	Training Loss: 0.9311	Time remaining is 7h:25m
2024-06-11 00:56:57 INFO Epoch 255/500	Training Loss: 0.9344	Time remaining is 7h:23m
2024-06-11 00:58:41 INFO Testing: dataset_name: market1501 top1:0.9537 top5:0.9849 top10:0.9908 mAP:0.8844
2024-06-11 01:00:16 INFO Epoch 256/500	Training Loss: 0.9347	Time remaining is 7h:23m
2024-06-11 01:01:50 INFO Epoch 257/500	Training Loss: 0.9305	Time remaining is 7h:21m
2024-06-11 01:03:25 INFO Epoch 258/500	Training Loss: 0.9403	Time remaining is 7h:19m
2024-06-11 01:04:59 INFO Epoch 259/500	Training Loss: 0.9298	Time remaining is 7h:17m
2024-06-11 01:06:34 INFO Epoch 260/500	Training Loss: 0.9335	Time remaining is 7h:15m
2024-06-11 01:08:17 INFO Testing: dataset_name: market1501 top1:0.9540 top5:0.9849 top10:0.9902 mAP:0.8842
2024-06-11 01:09:51 INFO Epoch 261/500	Training Loss: 0.9299	Time remaining is 7h:14m
2024-06-11 01:11:26 INFO Epoch 262/500	Training Loss: 0.9336	Time remaining is 7h:12m
2024-06-11 01:13:01 INFO Epoch 263/500	Training Loss: 0.9334	Time remaining is 7h:10m
2024-06-11 01:14:36 INFO Epoch 264/500	Training Loss: 0.9344	Time remaining is 7h:8m
2024-06-11 01:16:10 INFO Epoch 265/500	Training Loss: 0.9298	Time remaining is 7h:6m
2024-06-11 01:17:53 INFO Testing: dataset_name: market1501 top1:0.9531 top5:0.9857 top10:0.9902 mAP:0.8856
2024-06-11 01:19:27 INFO Epoch 266/500	Training Loss: 0.9292	Time remaining is 7h:6m
2024-06-11 01:21:02 INFO Epoch 267/500	Training Loss: 0.9345	Time remaining is 7h:4m
2024-06-11 01:22:37 INFO Epoch 268/500	Training Loss: 0.9347	Time remaining is 7h:2m
2024-06-11 01:24:11 INFO Epoch 269/500	Training Loss: 0.9345	Time remaining is 6h:60m
2024-06-11 01:25:46 INFO Epoch 270/500	Training Loss: 0.9295	Time remaining is 6h:58m
2024-06-11 01:27:29 INFO Testing: dataset_name: market1501 top1:0.9555 top5:0.9846 top10:0.9911 mAP:0.8853
2024-06-11 01:29:03 INFO Epoch 271/500	Training Loss: 0.9347	Time remaining is 6h:57m
2024-06-11 01:30:38 INFO Epoch 272/500	Training Loss: 0.9345	Time remaining is 6h:55m
2024-06-11 01:32:12 INFO Epoch 273/500	Training Loss: 0.9295	Time remaining is 6h:53m
2024-06-11 01:33:47 INFO Epoch 274/500	Training Loss: 0.9340	Time remaining is 6h:51m
2024-06-11 01:35:21 INFO Epoch 275/500	Training Loss: 0.9287	Time remaining is 6h:49m
2024-06-11 01:37:04 INFO Testing: dataset_name: market1501 top1:0.9531 top5:0.9852 top10:0.9902 mAP:0.8844
2024-06-11 01:38:39 INFO Epoch 276/500	Training Loss: 0.9329	Time remaining is 6h:49m
2024-06-11 01:40:13 INFO Epoch 277/500	Training Loss: 0.9289	Time remaining is 6h:47m
2024-06-11 01:41:47 INFO Epoch 278/500	Training Loss: 0.9293	Time remaining is 6h:45m
2024-06-11 01:43:22 INFO Epoch 279/500	Training Loss: 0.9339	Time remaining is 6h:43m
2024-06-11 01:44:56 INFO Epoch 280/500	Training Loss: 0.9337	Time remaining is 6h:41m
2024-06-11 01:46:40 INFO Testing: dataset_name: market1501 top1:0.9561 top5:0.9840 top10:0.9911 mAP:0.8853
2024-06-11 01:48:14 INFO Epoch 281/500	Training Loss: 0.9277	Time remaining is 6h:40m
2024-06-11 01:49:48 INFO Epoch 282/500	Training Loss: 0.9287	Time remaining is 6h:38m
2024-06-11 01:51:22 INFO Epoch 283/500	Training Loss: 0.9321	Time remaining is 6h:36m
2024-06-11 01:52:56 INFO Epoch 284/500	Training Loss: 0.9323	Time remaining is 6h:34m
2024-06-11 01:54:31 INFO Epoch 285/500	Training Loss: 0.9337	Time remaining is 6h:32m
2024-06-11 01:56:14 INFO Testing: dataset_name: market1501 top1:0.9552 top5:0.9849 top10:0.9911 mAP:0.8849
2024-06-11 01:57:49 INFO Epoch 286/500	Training Loss: 0.9328	Time remaining is 6h:31m
2024-06-11 01:59:23 INFO Epoch 287/500	Training Loss: 0.9332	Time remaining is 6h:29m
2024-06-11 02:00:58 INFO Epoch 288/500	Training Loss: 0.9325	Time remaining is 6h:27m
2024-06-11 02:02:32 INFO Epoch 289/500	Training Loss: 0.9275	Time remaining is 6h:25m
2024-06-11 02:04:06 INFO Epoch 290/500	Training Loss: 0.9320	Time remaining is 6h:23m
2024-06-11 02:05:50 INFO Testing: dataset_name: market1501 top1:0.9540 top5:0.9852 top10:0.9905 mAP:0.8839
2024-06-11 02:07:24 INFO Epoch 291/500	Training Loss: 0.9271	Time remaining is 6h:22m
2024-06-11 02:08:58 INFO Epoch 292/500	Training Loss: 0.9324	Time remaining is 6h:20m
2024-06-11 02:10:33 INFO Epoch 293/500	Training Loss: 0.9281	Time remaining is 6h:18m
2024-06-11 02:12:07 INFO Epoch 294/500	Training Loss: 0.9320	Time remaining is 6h:16m
2024-06-11 02:13:41 INFO Epoch 295/500	Training Loss: 0.9331	Time remaining is 6h:14m
2024-06-11 02:15:25 INFO Testing: dataset_name: market1501 top1:0.9528 top5:0.9852 top10:0.9911 mAP:0.8845
2024-06-11 02:16:59 INFO Epoch 296/500	Training Loss: 0.9322	Time remaining is 6h:14m
2024-06-11 02:18:34 INFO Epoch 297/500	Training Loss: 0.9327	Time remaining is 6h:12m
2024-06-11 02:20:08 INFO Epoch 298/500	Training Loss: 0.9320	Time remaining is 6h:10m
2024-06-11 02:21:42 INFO Epoch 299/500	Training Loss: 0.9279	Time remaining is 6h:8m
2024-06-11 02:23:16 INFO Epoch 300/500	Training Loss: 0.9279	Time remaining is 6h:6m
2024-06-11 02:25:00 INFO Testing: dataset_name: market1501 top1:0.9546 top5:0.9857 top10:0.9911 mAP:0.8855
2024-06-11 02:26:34 INFO Epoch 301/500	Training Loss: 0.9323	Time remaining is 6h:5m
2024-06-11 02:28:09 INFO Epoch 302/500	Training Loss: 0.9316	Time remaining is 6h:3m
2024-06-11 02:29:43 INFO Epoch 303/500	Training Loss: 0.9317	Time remaining is 6h:1m
2024-06-11 02:31:18 INFO Epoch 304/500	Training Loss: 0.9310	Time remaining is 5h:59m
2024-06-11 02:32:52 INFO Epoch 305/500	Training Loss: 0.9312	Time remaining is 5h:57m
2024-06-11 02:34:35 INFO Testing: dataset_name: market1501 top1:0.9546 top5:0.9857 top10:0.9920 mAP:0.8865
2024-06-11 02:36:10 INFO Epoch 306/500	Training Loss: 0.9314	Time remaining is 5h:56m
2024-06-11 02:37:44 INFO Epoch 307/500	Training Loss: 0.9281	Time remaining is 5h:54m
2024-06-11 02:39:19 INFO Epoch 308/500	Training Loss: 0.9255	Time remaining is 5h:52m
2024-06-11 02:40:53 INFO Epoch 309/500	Training Loss: 0.9308	Time remaining is 5h:50m
2024-06-11 02:42:28 INFO Epoch 310/500	Training Loss: 0.9318	Time remaining is 5h:48m
2024-06-11 02:44:11 INFO Testing: dataset_name: market1501 top1:0.9525 top5:0.9846 top10:0.9905 mAP:0.8855
2024-06-11 02:45:46 INFO Epoch 311/500	Training Loss: 0.9299	Time remaining is 5h:47m
2024-06-11 02:47:20 INFO Epoch 312/500	Training Loss: 0.9263	Time remaining is 5h:45m
2024-06-11 02:48:54 INFO Epoch 313/500	Training Loss: 0.9256	Time remaining is 5h:43m
2024-06-11 02:50:29 INFO Epoch 314/500	Training Loss: 0.9354	Time remaining is 5h:41m
2024-06-11 02:52:04 INFO Epoch 315/500	Training Loss: 0.9317	Time remaining is 5h:39m
2024-06-11 02:53:47 INFO Testing: dataset_name: market1501 top1:0.9543 top5:0.9855 top10:0.9917 mAP:0.8855
2024-06-11 02:55:21 INFO Epoch 316/500	Training Loss: 0.9268	Time remaining is 5h:38m
2024-06-11 02:56:55 INFO Epoch 317/500	Training Loss: 0.9311	Time remaining is 5h:36m
2024-06-11 02:58:29 INFO Epoch 318/500	Training Loss: 0.9262	Time remaining is 5h:34m
2024-06-11 03:00:04 INFO Epoch 319/500	Training Loss: 0.9312	Time remaining is 5h:32m
2024-06-11 03:01:38 INFO Epoch 320/500	Training Loss: 0.9311	Time remaining is 5h:30m
2024-06-11 03:03:21 INFO Testing: dataset_name: market1501 top1:0.9540 top5:0.9860 top10:0.9911 mAP:0.8860
2024-06-11 03:04:56 INFO Epoch 321/500	Training Loss: 0.9295	Time remaining is 5h:29m
2024-06-11 03:06:30 INFO Epoch 322/500	Training Loss: 0.9265	Time remaining is 5h:27m
2024-06-11 03:08:05 INFO Epoch 323/500	Training Loss: 0.9306	Time remaining is 5h:25m
2024-06-11 03:09:40 INFO Epoch 324/500	Training Loss: 0.9299	Time remaining is 5h:24m
2024-06-11 03:11:14 INFO Epoch 325/500	Training Loss: 0.9254	Time remaining is 5h:22m
2024-06-11 03:12:57 INFO Testing: dataset_name: market1501 top1:0.9540 top5:0.9837 top10:0.9917 mAP:0.8839
2024-06-11 03:14:31 INFO Epoch 326/500	Training Loss: 0.9313	Time remaining is 5h:21m
2024-06-11 03:16:06 INFO Epoch 327/500	Training Loss: 0.9298	Time remaining is 5h:19m
2024-06-11 03:17:40 INFO Epoch 328/500	Training Loss: 0.9295	Time remaining is 5h:17m
2024-06-11 03:19:14 INFO Epoch 329/500	Training Loss: 0.9291	Time remaining is 5h:15m
2024-06-11 03:20:49 INFO Epoch 330/500	Training Loss: 0.9297	Time remaining is 5h:13m
2024-06-11 03:22:32 INFO Testing: dataset_name: market1501 top1:0.9516 top5:0.9852 top10:0.9908 mAP:0.8853
2024-06-11 03:24:07 INFO Epoch 331/500	Training Loss: 0.9242	Time remaining is 5h:12m
2024-06-11 03:25:41 INFO Epoch 332/500	Training Loss: 0.9246	Time remaining is 5h:10m
2024-06-11 03:27:15 INFO Epoch 333/500	Training Loss: 0.9301	Time remaining is 5h:8m
2024-06-11 03:28:50 INFO Epoch 334/500	Training Loss: 0.9294	Time remaining is 5h:6m
2024-06-11 03:30:24 INFO Epoch 335/500	Training Loss: 0.9343	Time remaining is 5h:4m
2024-06-11 03:32:08 INFO Testing: dataset_name: market1501 top1:0.9528 top5:0.9849 top10:0.9911 mAP:0.8856
2024-06-11 03:33:42 INFO Epoch 336/500	Training Loss: 0.9292	Time remaining is 5h:3m
2024-06-11 03:35:17 INFO Epoch 337/500	Training Loss: 0.9332	Time remaining is 5h:1m
2024-06-11 03:36:51 INFO Epoch 338/500	Training Loss: 0.9256	Time remaining is 4h:59m
2024-06-11 03:38:25 INFO Epoch 339/500	Training Loss: 0.9289	Time remaining is 4h:57m
2024-06-11 03:40:00 INFO Epoch 340/500	Training Loss: 0.9300	Time remaining is 4h:55m
2024-06-11 03:41:43 INFO Testing: dataset_name: market1501 top1:0.9537 top5:0.9852 top10:0.9914 mAP:0.8840
2024-06-11 03:43:18 INFO Epoch 341/500	Training Loss: 0.9342	Time remaining is 4h:54m
2024-06-11 03:44:52 INFO Epoch 342/500	Training Loss: 0.9283	Time remaining is 4h:52m
2024-06-11 03:46:27 INFO Epoch 343/500	Training Loss: 0.9296	Time remaining is 4h:50m
2024-06-11 03:48:01 INFO Epoch 344/500	Training Loss: 0.9300	Time remaining is 4h:48m
2024-06-11 03:49:36 INFO Epoch 345/500	Training Loss: 0.9296	Time remaining is 4h:46m
2024-06-11 03:51:19 INFO Testing: dataset_name: market1501 top1:0.9522 top5:0.9857 top10:0.9917 mAP:0.8840
2024-06-11 03:52:53 INFO Epoch 346/500	Training Loss: 0.9238	Time remaining is 4h:45m
2024-06-11 03:54:28 INFO Epoch 347/500	Training Loss: 0.9287	Time remaining is 4h:43m
2024-06-11 03:56:03 INFO Epoch 348/500	Training Loss: 0.9307	Time remaining is 4h:41m
2024-06-11 03:57:36 INFO Epoch 349/500	Training Loss: 0.9245	Time remaining is 4h:39m
2024-06-11 03:59:11 INFO Epoch 350/500	Training Loss: 0.9276	Time remaining is 4h:37m
2024-06-11 04:00:54 INFO Testing: dataset_name: market1501 top1:0.9516 top5:0.9849 top10:0.9914 mAP:0.8858
2024-06-11 04:02:29 INFO Epoch 351/500	Training Loss: 0.9278	Time remaining is 4h:36m
2024-06-11 04:04:03 INFO Epoch 352/500	Training Loss: 0.9277	Time remaining is 4h:34m
2024-06-11 04:05:37 INFO Epoch 353/500	Training Loss: 0.9241	Time remaining is 4h:32m
2024-06-11 04:07:12 INFO Epoch 354/500	Training Loss: 0.9283	Time remaining is 4h:30m
2024-06-11 04:08:46 INFO Epoch 355/500	Training Loss: 0.9274	Time remaining is 4h:28m
2024-06-11 04:10:29 INFO Testing: dataset_name: market1501 top1:0.9543 top5:0.9840 top10:0.9905 mAP:0.8848
2024-06-11 04:12:04 INFO Epoch 356/500	Training Loss: 0.9288	Time remaining is 4h:27m
2024-06-11 04:13:38 INFO Epoch 357/500	Training Loss: 0.9239	Time remaining is 4h:25m
2024-06-11 04:15:12 INFO Epoch 358/500	Training Loss: 0.9275	Time remaining is 4h:23m
2024-06-11 04:16:47 INFO Epoch 359/500	Training Loss: 0.9271	Time remaining is 4h:21m
2024-06-11 04:18:21 INFO Epoch 360/500	Training Loss: 0.9270	Time remaining is 4h:19m
2024-06-11 04:20:04 INFO Testing: dataset_name: market1501 top1:0.9522 top5:0.9840 top10:0.9908 mAP:0.8847
2024-06-11 04:21:39 INFO Epoch 361/500	Training Loss: 0.9286	Time remaining is 4h:18m
2024-06-11 04:23:13 INFO Epoch 362/500	Training Loss: 0.9274	Time remaining is 4h:16m
2024-06-11 04:24:48 INFO Epoch 363/500	Training Loss: 0.9238	Time remaining is 4h:14m
2024-06-11 04:26:22 INFO Epoch 364/500	Training Loss: 0.9275	Time remaining is 4h:12m
2024-06-11 04:27:57 INFO Epoch 365/500	Training Loss: 0.9332	Time remaining is 4h:10m
2024-06-11 04:29:41 INFO Testing: dataset_name: market1501 top1:0.9552 top5:0.9843 top10:0.9905 mAP:0.8863
2024-06-11 04:31:15 INFO Epoch 366/500	Training Loss: 0.9237	Time remaining is 4h:9m
2024-06-11 04:32:49 INFO Epoch 367/500	Training Loss: 0.9269	Time remaining is 4h:7m
2024-06-11 04:34:23 INFO Epoch 368/500	Training Loss: 0.9236	Time remaining is 4h:5m
2024-06-11 04:35:58 INFO Epoch 369/500	Training Loss: 0.9276	Time remaining is 4h:3m
2024-06-11 04:37:32 INFO Epoch 370/500	Training Loss: 0.9279	Time remaining is 4h:1m
2024-06-11 04:39:15 INFO Testing: dataset_name: market1501 top1:0.9513 top5:0.9837 top10:0.9908 mAP:0.8833
2024-06-11 04:40:49 INFO Epoch 371/500	Training Loss: 0.9223	Time remaining is 3h:59m
2024-06-11 04:42:23 INFO Epoch 372/500	Training Loss: 0.9219	Time remaining is 3h:58m
2024-06-11 04:43:58 INFO Epoch 373/500	Training Loss: 0.9272	Time remaining is 3h:56m
2024-06-11 04:45:32 INFO Epoch 374/500	Training Loss: 0.9227	Time remaining is 3h:54m
2024-06-11 04:47:07 INFO Epoch 375/500	Training Loss: 0.9269	Time remaining is 3h:52m
2024-06-11 04:48:50 INFO Testing: dataset_name: market1501 top1:0.9528 top5:0.9852 top10:0.9911 mAP:0.8852
2024-06-11 04:50:24 INFO Epoch 376/500	Training Loss: 0.9267	Time remaining is 3h:50m
2024-06-11 04:51:58 INFO Epoch 377/500	Training Loss: 0.9219	Time remaining is 3h:48m
2024-06-11 04:53:32 INFO Epoch 378/500	Training Loss: 0.9220	Time remaining is 3h:47m
2024-06-11 04:55:06 INFO Epoch 379/500	Training Loss: 0.9222	Time remaining is 3h:45m
2024-06-11 04:56:40 INFO Epoch 380/500	Training Loss: 0.9278	Time remaining is 3h:43m
2024-06-11 04:58:24 INFO Testing: dataset_name: market1501 top1:0.9528 top5:0.9849 top10:0.9911 mAP:0.8833
2024-06-11 04:59:59 INFO Epoch 381/500	Training Loss: 0.9259	Time remaining is 3h:41m
2024-06-11 05:01:33 INFO Epoch 382/500	Training Loss: 0.9275	Time remaining is 3h:39m
2024-06-11 05:03:08 INFO Epoch 383/500	Training Loss: 0.9266	Time remaining is 3h:37m
2024-06-11 05:04:43 INFO Epoch 384/500	Training Loss: 0.9281	Time remaining is 3h:35m
2024-06-11 05:06:17 INFO Epoch 385/500	Training Loss: 0.9228	Time remaining is 3h:34m
2024-06-11 05:08:00 INFO Testing: dataset_name: market1501 top1:0.9540 top5:0.9852 top10:0.9908 mAP:0.8850
2024-06-11 05:09:35 INFO Epoch 386/500	Training Loss: 0.9311	Time remaining is 3h:32m
2024-06-11 05:11:09 INFO Epoch 387/500	Training Loss: 0.9214	Time remaining is 3h:30m
2024-06-11 05:12:44 INFO Epoch 388/500	Training Loss: 0.9319	Time remaining is 3h:28m
2024-06-11 05:14:18 INFO Epoch 389/500	Training Loss: 0.9266	Time remaining is 3h:26m
2024-06-11 05:15:52 INFO Epoch 390/500	Training Loss: 0.9214	Time remaining is 3h:24m
2024-06-11 05:17:36 INFO Testing: dataset_name: market1501 top1:0.9534 top5:0.9852 top10:0.9899 mAP:0.8843
2024-06-11 05:19:11 INFO Epoch 391/500	Training Loss: 0.9268	Time remaining is 3h:23m
2024-06-11 05:20:45 INFO Epoch 392/500	Training Loss: 0.9214	Time remaining is 3h:21m
2024-06-11 05:22:19 INFO Epoch 393/500	Training Loss: 0.9224	Time remaining is 3h:19m
2024-06-11 05:23:54 INFO Epoch 394/500	Training Loss: 0.9256	Time remaining is 3h:17m
2024-06-11 05:25:28 INFO Epoch 395/500	Training Loss: 0.9222	Time remaining is 3h:15m
2024-06-11 05:27:11 INFO Testing: dataset_name: market1501 top1:0.9525 top5:0.9840 top10:0.9902 mAP:0.8838
2024-06-11 05:28:45 INFO Epoch 396/500	Training Loss: 0.9220	Time remaining is 3h:14m
2024-06-11 05:30:19 INFO Epoch 397/500	Training Loss: 0.9218	Time remaining is 3h:12m
2024-06-11 05:31:53 INFO Epoch 398/500	Training Loss: 0.9257	Time remaining is 3h:10m
2024-06-11 05:33:28 INFO Epoch 399/500	Training Loss: 0.9212	Time remaining is 3h:8m
2024-06-11 05:35:02 INFO Epoch 400/500	Training Loss: 0.9209	Time remaining is 3h:6m
2024-06-11 05:36:45 INFO Testing: dataset_name: market1501 top1:0.9534 top5:0.9831 top10:0.9905 mAP:0.8854
2024-06-11 05:38:20 INFO Epoch 401/500	Training Loss: 0.9258	Time remaining is 3h:5m
2024-06-11 05:39:55 INFO Epoch 402/500	Training Loss: 0.9258	Time remaining is 3h:3m
2024-06-11 05:41:29 INFO Epoch 403/500	Training Loss: 0.9193	Time remaining is 3h:1m
2024-06-11 05:43:03 INFO Epoch 404/500	Training Loss: 0.9257	Time remaining is 2h:59m
2024-06-11 05:44:38 INFO Epoch 405/500	Training Loss: 0.9262	Time remaining is 2h:57m
2024-06-11 05:46:21 INFO Testing: dataset_name: market1501 top1:0.9537 top5:0.9840 top10:0.9911 mAP:0.8841
2024-06-11 05:47:56 INFO Epoch 406/500	Training Loss: 0.9264	Time remaining is 2h:56m
2024-06-11 05:49:30 INFO Epoch 407/500	Training Loss: 0.9255	Time remaining is 2h:54m
2024-06-11 05:51:05 INFO Epoch 408/500	Training Loss: 0.9255	Time remaining is 2h:52m
2024-06-11 05:52:39 INFO Epoch 409/500	Training Loss: 0.9263	Time remaining is 2h:50m
2024-06-11 05:54:14 INFO Epoch 410/500	Training Loss: 0.9274	Time remaining is 2h:48m
2024-06-11 05:55:57 INFO Testing: dataset_name: market1501 top1:0.9534 top5:0.9825 top10:0.9917 mAP:0.8848
2024-06-11 05:57:31 INFO Epoch 411/500	Training Loss: 0.9208	Time remaining is 2h:46m
2024-06-11 05:59:06 INFO Epoch 412/500	Training Loss: 0.9247	Time remaining is 2h:45m
2024-06-11 06:00:40 INFO Epoch 413/500	Training Loss: 0.9195	Time remaining is 2h:43m
2024-06-11 06:02:15 INFO Epoch 414/500	Training Loss: 0.9255	Time remaining is 2h:41m
2024-06-11 06:03:49 INFO Epoch 415/500	Training Loss: 0.9243	Time remaining is 2h:39m
2024-06-11 06:05:33 INFO Testing: dataset_name: market1501 top1:0.9531 top5:0.9846 top10:0.9905 mAP:0.8840
2024-06-11 06:07:07 INFO Epoch 416/500	Training Loss: 0.9209	Time remaining is 2h:37m
2024-06-11 06:08:41 INFO Epoch 417/500	Training Loss: 0.9260	Time remaining is 2h:35m
2024-06-11 06:10:16 INFO Epoch 418/500	Training Loss: 0.9250	Time remaining is 2h:33m
2024-06-11 06:11:51 INFO Epoch 419/500	Training Loss: 0.9255	Time remaining is 2h:32m
2024-06-11 06:13:25 INFO Epoch 420/500	Training Loss: 0.9254	Time remaining is 2h:30m
2024-06-11 06:15:09 INFO Testing: dataset_name: market1501 top1:0.9561 top5:0.9849 top10:0.9914 mAP:0.8839
2024-06-11 06:16:43 INFO Epoch 421/500	Training Loss: 0.9249	Time remaining is 2h:28m
2024-06-11 06:18:17 INFO Epoch 422/500	Training Loss: 0.9241	Time remaining is 2h:26m
2024-06-11 06:19:51 INFO Epoch 423/500	Training Loss: 0.9210	Time remaining is 2h:24m
2024-06-11 06:21:26 INFO Epoch 424/500	Training Loss: 0.9199	Time remaining is 2h:22m
2024-06-11 06:23:00 INFO Epoch 425/500	Training Loss: 0.9242	Time remaining is 2h:20m
2024-06-11 06:24:44 INFO Testing: dataset_name: market1501 top1:0.9540 top5:0.9849 top10:0.9914 mAP:0.8836
2024-06-11 06:26:18 INFO Epoch 426/500	Training Loss: 0.9196	Time remaining is 2h:19m
2024-06-11 06:27:52 INFO Epoch 427/500	Training Loss: 0.9256	Time remaining is 2h:17m
2024-06-11 06:29:27 INFO Epoch 428/500	Training Loss: 0.9245	Time remaining is 2h:15m
2024-06-11 06:31:01 INFO Epoch 429/500	Training Loss: 0.9250	Time remaining is 2h:13m
2024-06-11 06:32:36 INFO Epoch 430/500	Training Loss: 0.9254	Time remaining is 2h:11m
2024-06-11 06:34:20 INFO Testing: dataset_name: market1501 top1:0.9546 top5:0.9849 top10:0.9908 mAP:0.8833
2024-06-11 06:35:54 INFO Epoch 431/500	Training Loss: 0.9244	Time remaining is 2h:10m
2024-06-11 06:37:29 INFO Epoch 432/500	Training Loss: 0.9239	Time remaining is 2h:8m
2024-06-11 06:39:03 INFO Epoch 433/500	Training Loss: 0.9198	Time remaining is 2h:6m
2024-06-11 06:40:37 INFO Epoch 434/500	Training Loss: 0.9258	Time remaining is 2h:4m
2024-06-11 06:42:12 INFO Epoch 435/500	Training Loss: 0.9241	Time remaining is 2h:2m
2024-06-11 06:43:55 INFO Testing: dataset_name: market1501 top1:0.9540 top5:0.9840 top10:0.9917 mAP:0.8847
2024-06-11 06:45:30 INFO Epoch 436/500	Training Loss: 0.9240	Time remaining is 2h:0m
2024-06-11 06:47:04 INFO Epoch 437/500	Training Loss: 0.9249	Time remaining is 1h:59m
2024-06-11 06:48:38 INFO Epoch 438/500	Training Loss: 0.9194	Time remaining is 1h:57m
2024-06-11 06:50:13 INFO Epoch 439/500	Training Loss: 0.9234	Time remaining is 1h:55m
2024-06-11 06:51:47 INFO Epoch 440/500	Training Loss: 0.9234	Time remaining is 1h:53m
2024-06-11 06:53:33 INFO Testing: dataset_name: market1501 top1:0.9549 top5:0.9860 top10:0.9923 mAP:0.8852
2024-06-11 06:55:07 INFO Epoch 441/500	Training Loss: 0.9248	Time remaining is 1h:51m
2024-06-11 06:56:42 INFO Epoch 442/500	Training Loss: 0.9235	Time remaining is 1h:49m
2024-06-11 06:58:16 INFO Epoch 443/500	Training Loss: 0.9242	Time remaining is 1h:47m
2024-06-11 06:59:50 INFO Epoch 444/500	Training Loss: 0.9183	Time remaining is 1h:46m
2024-06-11 07:01:25 INFO Epoch 445/500	Training Loss: 0.9228	Time remaining is 1h:44m
2024-06-11 07:03:08 INFO Testing: dataset_name: market1501 top1:0.9549 top5:0.9840 top10:0.9917 mAP:0.8844
2024-06-11 07:04:43 INFO Epoch 446/500	Training Loss: 0.9236	Time remaining is 1h:42m
2024-06-11 07:06:17 INFO Epoch 447/500	Training Loss: 0.9187	Time remaining is 1h:40m
2024-06-11 07:07:51 INFO Epoch 448/500	Training Loss: 0.9193	Time remaining is 1h:38m
2024-06-11 07:09:26 INFO Epoch 449/500	Training Loss: 0.9239	Time remaining is 1h:36m
2024-06-11 07:11:00 INFO Epoch 450/500	Training Loss: 0.9230	Time remaining is 1h:34m
2024-06-11 07:12:44 INFO Testing: dataset_name: market1501 top1:0.9537 top5:0.9843 top10:0.9917 mAP:0.8832
2024-06-11 07:14:19 INFO Epoch 451/500	Training Loss: 0.9229	Time remaining is 1h:33m
2024-06-11 07:15:53 INFO Epoch 452/500	Training Loss: 0.9228	Time remaining is 1h:31m
2024-06-11 07:17:28 INFO Epoch 453/500	Training Loss: 0.9236	Time remaining is 1h:29m
2024-06-11 07:19:02 INFO Epoch 454/500	Training Loss: 0.9182	Time remaining is 1h:27m
2024-06-11 07:20:36 INFO Epoch 455/500	Training Loss: 0.9183	Time remaining is 1h:25m
2024-06-11 07:22:19 INFO Testing: dataset_name: market1501 top1:0.9546 top5:0.9843 top10:0.9917 mAP:0.8838
2024-06-11 07:23:54 INFO Epoch 456/500	Training Loss: 0.9236	Time remaining is 1h:24m
2024-06-11 07:25:28 INFO Epoch 457/500	Training Loss: 0.9231	Time remaining is 1h:22m
2024-06-11 07:27:03 INFO Epoch 458/500	Training Loss: 0.9230	Time remaining is 1h:20m
2024-06-11 07:28:37 INFO Epoch 459/500	Training Loss: 0.9179	Time remaining is 1h:18m
2024-06-11 07:30:11 INFO Epoch 460/500	Training Loss: 0.9230	Time remaining is 1h:16m
2024-06-11 07:31:55 INFO Testing: dataset_name: market1501 top1:0.9528 top5:0.9840 top10:0.9926 mAP:0.8829
2024-06-11 07:33:29 INFO Epoch 461/500	Training Loss: 0.9190	Time remaining is 1h:14m
2024-06-11 07:35:03 INFO Epoch 462/500	Training Loss: 0.9219	Time remaining is 1h:12m
2024-06-11 07:36:38 INFO Epoch 463/500	Training Loss: 0.9232	Time remaining is 1h:11m
2024-06-11 07:38:13 INFO Epoch 464/500	Training Loss: 0.9236	Time remaining is 1h:9m
2024-06-11 07:39:47 INFO Epoch 465/500	Training Loss: 0.9185	Time remaining is 1h:7m
2024-06-11 07:41:30 INFO Testing: dataset_name: market1501 top1:0.9537 top5:0.9834 top10:0.9908 mAP:0.8825
2024-06-11 07:43:05 INFO Epoch 466/500	Training Loss: 0.9236	Time remaining is 1h:5m
2024-06-11 07:44:39 INFO Epoch 467/500	Training Loss: 0.9219	Time remaining is 1h:3m
2024-06-11 07:46:14 INFO Epoch 468/500	Training Loss: 0.9280	Time remaining is 1h:1m
2024-06-11 07:47:49 INFO Epoch 469/500	Training Loss: 0.9225	Time remaining is 0h:59m
2024-06-11 07:49:23 INFO Epoch 470/500	Training Loss: 0.9228	Time remaining is 0h:58m
2024-06-11 07:51:06 INFO Testing: dataset_name: market1501 top1:0.9549 top5:0.9834 top10:0.9905 mAP:0.8820
2024-06-11 07:52:41 INFO Epoch 471/500	Training Loss: 0.9226	Time remaining is 0h:56m
2024-06-11 07:54:15 INFO Epoch 472/500	Training Loss: 0.9175	Time remaining is 0h:54m
2024-06-11 07:55:50 INFO Epoch 473/500	Training Loss: 0.9285	Time remaining is 0h:52m
2024-06-11 07:57:24 INFO Epoch 474/500	Training Loss: 0.9231	Time remaining is 0h:50m
2024-06-11 07:58:59 INFO Epoch 475/500	Training Loss: 0.9185	Time remaining is 0h:48m
2024-06-11 08:00:42 INFO Testing: dataset_name: market1501 top1:0.9531 top5:0.9819 top10:0.9914 mAP:0.8816
2024-06-11 08:02:17 INFO Epoch 476/500	Training Loss: 0.9211	Time remaining is 0h:46m
2024-06-11 08:03:51 INFO Epoch 477/500	Training Loss: 0.9180	Time remaining is 0h:45m
2024-06-11 08:05:25 INFO Epoch 478/500	Training Loss: 0.9226	Time remaining is 0h:43m
2024-06-11 08:06:59 INFO Epoch 479/500	Training Loss: 0.9166	Time remaining is 0h:41m
2024-06-11 08:08:34 INFO Epoch 480/500	Training Loss: 0.9225	Time remaining is 0h:39m
2024-06-11 08:10:17 INFO Testing: dataset_name: market1501 top1:0.9525 top5:0.9840 top10:0.9902 mAP:0.8808
2024-06-11 08:11:52 INFO Epoch 481/500	Training Loss: 0.9216	Time remaining is 0h:37m
2024-06-11 08:13:26 INFO Epoch 482/500	Training Loss: 0.9172	Time remaining is 0h:35m
2024-06-11 08:15:01 INFO Epoch 483/500	Training Loss: 0.9227	Time remaining is 0h:33m
2024-06-11 08:16:36 INFO Epoch 484/500	Training Loss: 0.9268	Time remaining is 0h:32m
2024-06-11 08:18:10 INFO Epoch 485/500	Training Loss: 0.9223	Time remaining is 0h:30m
2024-06-11 08:19:54 INFO Testing: dataset_name: market1501 top1:0.9525 top5:0.9843 top10:0.9908 mAP:0.8812
2024-06-11 08:21:28 INFO Epoch 486/500	Training Loss: 0.9223	Time remaining is 0h:28m
2024-06-11 08:23:03 INFO Epoch 487/500	Training Loss: 0.9264	Time remaining is 0h:26m
2024-06-11 08:24:37 INFO Epoch 488/500	Training Loss: 0.9174	Time remaining is 0h:24m
2024-06-11 08:26:12 INFO Epoch 489/500	Training Loss: 0.9220	Time remaining is 0h:22m
2024-06-11 08:27:46 INFO Epoch 490/500	Training Loss: 0.9227	Time remaining is 0h:20m
2024-06-11 08:29:30 INFO Testing: dataset_name: market1501 top1:0.9528 top5:0.9828 top10:0.9920 mAP:0.8818
2024-06-11 08:31:04 INFO Epoch 491/500	Training Loss: 0.9177	Time remaining is 0h:19m
2024-06-11 08:32:39 INFO Epoch 492/500	Training Loss: 0.9222	Time remaining is 0h:17m
2024-06-11 08:34:13 INFO Epoch 493/500	Training Loss: 0.9174	Time remaining is 0h:15m
2024-06-11 08:35:47 INFO Epoch 494/500	Training Loss: 0.9166	Time remaining is 0h:13m
2024-06-11 08:37:21 INFO Epoch 495/500	Training Loss: 0.9223	Time remaining is 0h:11m
2024-06-11 08:39:05 INFO Testing: dataset_name: market1501 top1:0.9534 top5:0.9816 top10:0.9905 mAP:0.8811
2024-06-11 08:40:40 INFO Epoch 496/500	Training Loss: 0.9220	Time remaining is 0h:9m
2024-06-11 08:42:14 INFO Epoch 497/500	Training Loss: 0.9169	Time remaining is 0h:7m
2024-06-11 08:43:48 INFO Epoch 498/500	Training Loss: 0.9220	Time remaining is 0h:6m
2024-06-11 08:45:22 INFO Epoch 499/500	Training Loss: 0.9166	Time remaining is 0h:4m
2024-06-11 08:46:57 INFO Epoch 500/500	Training Loss: 0.9220	Time remaining is 0h:2m
2024-06-11 08:48:40 INFO Testing: dataset_name: market1501 top1:0.9522 top5:0.9840 top10:0.9902 mAP:0.8815
2024-06-11 08:48:40 INFO The running time of training: 5.58749e+04 s
