2024-04-18 12:07:48 INFO ##################################################
2024-04-18 12:07:48 INFO Config values: batch_size: 60	current_directory: /home/hy/project/reid_task/ex_main-n4	dataset_name: DukeMTMC-reID	dataset_path: /home/hy/project/data/DukeMTMC-reID	device: cuda	dtype: torch.float32	epoch_start_test: 90	epochs: 160	img_height: 256	img_width: 128	logs_outputs_path: /home/hy/project/reid_task/ex_main-n4/./outputs/logs	models_outputs_path: /home/hy/project/reid_task/ex_main-n4/./outputs/models	np: <module 'numpy' from '/home/hy/anaconda3/envs/py396/lib/python3.9/site-packages/numpy/__init__.py'>	os: <module 'os' from '/home/hy/anaconda3/envs/py396/lib/python3.9/os.py'>	outputs_dir: ./outputs/	outputs_path: /home/hy/project/reid_task/ex_main-n4/./outputs/	print_every: 1	seed: 3	taskname: ReID_Task	temps_outputs_path: /home/hy/project/reid_task/ex_main-n4/./outputs/temps	test_batch_size: 256	test_every: 5	torch: <module 'torch' from '/home/hy/anaconda3/envs/py396/lib/python3.9/site-packages/torch/__init__.py'>
2024-04-18 12:07:48 INFO Task: ReID_Task
2024-04-18 12:07:48 INFO Using device: cuda
2024-04-18 12:07:48 INFO Using data type: torch.float32
2024-04-18 12:07:48 INFO Number of GPUs: 1
2024-04-18 12:07:48 INFO GPU is_available: True
2024-04-18 12:07:48 INFO GPU name: NVIDIA GeForce RTX 3060
2024-04-18 12:07:48 INFO CUDA version: 12.1
2024-04-18 12:07:48 INFO Current device id: 0
2024-04-18 12:07:48 INFO ##################################################
2024-04-18 12:09:32 INFO Epoch 1/160	Training Loss: 9.2698	Time remaining is 4h:35m
2024-04-18 12:11:14 INFO Epoch 2/160	Training Loss: 7.7403	Time remaining is 4h:31m
2024-04-18 12:12:56 INFO Epoch 3/160	Training Loss: 5.9135	Time remaining is 4h:29m
2024-04-18 12:14:37 INFO Epoch 4/160	Training Loss: 4.3007	Time remaining is 4h:27m
2024-04-18 12:16:20 INFO Epoch 5/160	Training Loss: 3.2517	Time remaining is 4h:25m
2024-04-18 12:18:01 INFO Epoch 6/160	Training Loss: 2.6930	Time remaining is 4h:23m
2024-04-18 12:19:44 INFO Epoch 7/160	Training Loss: 2.4693	Time remaining is 4h:22m
2024-04-18 12:21:26 INFO Epoch 8/160	Training Loss: 2.3480	Time remaining is 4h:20m
2024-04-18 12:23:08 INFO Epoch 9/160	Training Loss: 2.2996	Time remaining is 4h:19m
2024-04-18 12:24:51 INFO Epoch 10/160	Training Loss: 2.2523	Time remaining is 4h:17m
2024-04-18 12:26:33 INFO Epoch 11/160	Training Loss: 2.2320	Time remaining is 4h:15m
2024-04-18 12:28:15 INFO Epoch 12/160	Training Loss: 2.1836	Time remaining is 4h:14m
2024-04-18 12:29:57 INFO Epoch 13/160	Training Loss: 2.1398	Time remaining is 4h:12m
2024-04-18 12:31:40 INFO Epoch 14/160	Training Loss: 2.1406	Time remaining is 4h:10m
2024-04-18 12:33:21 INFO Epoch 15/160	Training Loss: 2.1026	Time remaining is 4h:8m
2024-04-18 12:35:03 INFO Epoch 16/160	Training Loss: 2.0909	Time remaining is 4h:7m
2024-04-18 12:36:45 INFO Epoch 17/160	Training Loss: 2.0903	Time remaining is 4h:5m
2024-04-18 12:38:27 INFO Epoch 18/160	Training Loss: 2.0952	Time remaining is 4h:3m
2024-04-18 12:40:08 INFO Epoch 19/160	Training Loss: 2.0598	Time remaining is 4h:1m
2024-04-18 12:41:50 INFO Epoch 20/160	Training Loss: 2.0734	Time remaining is 3h:60m
2024-04-18 12:43:32 INFO Epoch 21/160	Training Loss: 2.0751	Time remaining is 3h:58m
2024-04-18 12:45:13 INFO Epoch 22/160	Training Loss: 2.0519	Time remaining is 3h:56m
2024-04-18 12:46:55 INFO Epoch 23/160	Training Loss: 2.0704	Time remaining is 3h:55m
2024-04-18 12:48:37 INFO Epoch 24/160	Training Loss: 2.0697	Time remaining is 3h:53m
2024-04-18 12:50:19 INFO Epoch 25/160	Training Loss: 2.0582	Time remaining is 3h:51m
2024-04-18 12:52:01 INFO Epoch 26/160	Training Loss: 2.0530	Time remaining is 3h:49m
2024-04-18 12:53:43 INFO Epoch 27/160	Training Loss: 2.0563	Time remaining is 3h:48m
2024-04-18 12:55:25 INFO Epoch 28/160	Training Loss: 2.0475	Time remaining is 3h:46m
2024-04-18 12:57:07 INFO Epoch 29/160	Training Loss: 2.0610	Time remaining is 3h:44m
2024-04-18 12:58:49 INFO Epoch 30/160	Training Loss: 2.0488	Time remaining is 3h:43m
2024-04-18 13:00:31 INFO Epoch 31/160	Training Loss: 2.0571	Time remaining is 3h:41m
2024-04-18 13:02:13 INFO Epoch 32/160	Training Loss: 2.0345	Time remaining is 3h:39m
2024-04-18 13:03:55 INFO Epoch 33/160	Training Loss: 2.0452	Time remaining is 3h:38m
2024-04-18 13:05:36 INFO Epoch 34/160	Training Loss: 2.0379	Time remaining is 3h:36m
2024-04-18 13:07:18 INFO Epoch 35/160	Training Loss: 2.0357	Time remaining is 3h:34m
2024-04-18 13:09:00 INFO Epoch 36/160	Training Loss: 2.0241	Time remaining is 3h:32m
2024-04-18 13:10:42 INFO Epoch 37/160	Training Loss: 2.0230	Time remaining is 3h:31m
2024-04-18 13:12:24 INFO Epoch 38/160	Training Loss: 2.0153	Time remaining is 3h:29m
2024-04-18 13:14:06 INFO Epoch 39/160	Training Loss: 2.0226	Time remaining is 3h:27m
2024-04-18 13:15:48 INFO Epoch 40/160	Training Loss: 2.0176	Time remaining is 3h:26m
2024-04-18 13:17:30 INFO Epoch 41/160	Training Loss: 1.9541	Time remaining is 3h:24m
2024-04-18 13:19:12 INFO Epoch 42/160	Training Loss: 1.9040	Time remaining is 3h:22m
2024-04-18 13:20:53 INFO Epoch 43/160	Training Loss: 1.8781	Time remaining is 3h:21m
2024-04-18 13:22:35 INFO Epoch 44/160	Training Loss: 1.8751	Time remaining is 3h:19m
2024-04-18 13:24:17 INFO Epoch 45/160	Training Loss: 1.8745	Time remaining is 3h:17m
2024-04-18 13:26:00 INFO Epoch 46/160	Training Loss: 1.8756	Time remaining is 3h:15m
2024-04-18 13:27:42 INFO Epoch 47/160	Training Loss: 1.8686	Time remaining is 3h:14m
2024-04-18 13:29:24 INFO Epoch 48/160	Training Loss: 1.8581	Time remaining is 3h:12m
2024-04-18 13:31:06 INFO Epoch 49/160	Training Loss: 1.8541	Time remaining is 3h:10m
2024-04-18 13:32:48 INFO Epoch 50/160	Training Loss: 1.8601	Time remaining is 3h:9m
2024-04-18 13:34:31 INFO Epoch 51/160	Training Loss: 1.8559	Time remaining is 3h:7m
2024-04-18 13:36:12 INFO Epoch 52/160	Training Loss: 1.8555	Time remaining is 3h:5m
2024-04-18 13:37:55 INFO Epoch 53/160	Training Loss: 1.8554	Time remaining is 3h:4m
2024-04-18 13:39:36 INFO Epoch 54/160	Training Loss: 1.8429	Time remaining is 3h:2m
2024-04-18 13:41:18 INFO Epoch 55/160	Training Loss: 1.8501	Time remaining is 3h:0m
2024-04-18 13:43:00 INFO Epoch 56/160	Training Loss: 1.8454	Time remaining is 2h:58m
2024-04-18 13:44:42 INFO Epoch 57/160	Training Loss: 1.8419	Time remaining is 2h:57m
2024-04-18 13:46:24 INFO Epoch 58/160	Training Loss: 1.8409	Time remaining is 2h:55m
2024-04-18 13:48:04 INFO Epoch 59/160	Training Loss: 1.8246	Time remaining is 2h:53m
2024-04-18 13:49:47 INFO Epoch 60/160	Training Loss: 1.8466	Time remaining is 2h:52m
2024-04-18 13:51:29 INFO Epoch 61/160	Training Loss: 1.8428	Time remaining is 2h:50m
2024-04-18 13:53:11 INFO Epoch 62/160	Training Loss: 1.8440	Time remaining is 2h:48m
2024-04-18 13:54:54 INFO Epoch 63/160	Training Loss: 1.8458	Time remaining is 2h:47m
2024-04-18 13:56:36 INFO Epoch 64/160	Training Loss: 1.8395	Time remaining is 2h:45m
2024-04-18 13:58:19 INFO Epoch 65/160	Training Loss: 1.8496	Time remaining is 2h:43m
2024-04-18 14:00:01 INFO Epoch 66/160	Training Loss: 1.8348	Time remaining is 2h:41m
2024-04-18 14:01:42 INFO Epoch 67/160	Training Loss: 1.8274	Time remaining is 2h:40m
2024-04-18 14:03:24 INFO Epoch 68/160	Training Loss: 1.8396	Time remaining is 2h:38m
2024-04-18 14:05:06 INFO Epoch 69/160	Training Loss: 1.8318	Time remaining is 2h:36m
2024-04-18 14:06:48 INFO Epoch 70/160	Training Loss: 1.8451	Time remaining is 2h:35m
2024-04-18 14:08:31 INFO Epoch 71/160	Training Loss: 1.8433	Time remaining is 2h:33m
2024-04-18 14:10:12 INFO Epoch 72/160	Training Loss: 1.8172	Time remaining is 2h:31m
2024-04-18 14:11:55 INFO Epoch 73/160	Training Loss: 1.8288	Time remaining is 2h:30m
2024-04-18 14:13:39 INFO Epoch 74/160	Training Loss: 1.8268	Time remaining is 2h:28m
2024-04-18 14:15:22 INFO Epoch 75/160	Training Loss: 1.8117	Time remaining is 2h:26m
2024-04-18 14:17:06 INFO Epoch 76/160	Training Loss: 1.8141	Time remaining is 2h:25m
2024-04-18 14:18:48 INFO Epoch 77/160	Training Loss: 1.8255	Time remaining is 2h:23m
2024-04-18 14:20:30 INFO Epoch 78/160	Training Loss: 1.8114	Time remaining is 2h:21m
2024-04-18 14:22:12 INFO Epoch 79/160	Training Loss: 1.8181	Time remaining is 2h:19m
2024-04-18 14:23:54 INFO Epoch 80/160	Training Loss: 1.8276	Time remaining is 2h:18m
2024-04-18 14:25:36 INFO Epoch 81/160	Training Loss: 1.8183	Time remaining is 2h:16m
2024-04-18 14:27:18 INFO Epoch 82/160	Training Loss: 1.8179	Time remaining is 2h:14m
2024-04-18 14:29:02 INFO Epoch 83/160	Training Loss: 1.8391	Time remaining is 2h:13m
2024-04-18 14:30:43 INFO Epoch 84/160	Training Loss: 1.8068	Time remaining is 2h:11m
2024-04-18 14:32:25 INFO Epoch 85/160	Training Loss: 1.8156	Time remaining is 2h:9m
2024-04-18 14:34:07 INFO Epoch 86/160	Training Loss: 1.8235	Time remaining is 2h:8m
2024-04-18 14:35:49 INFO Epoch 87/160	Training Loss: 1.8237	Time remaining is 2h:6m
2024-04-18 14:37:31 INFO Epoch 88/160	Training Loss: 1.8169	Time remaining is 2h:4m
2024-04-18 14:39:13 INFO Epoch 89/160	Training Loss: 1.8218	Time remaining is 2h:2m
2024-04-18 14:40:55 INFO Epoch 90/160	Training Loss: 1.8147	Time remaining is 2h:1m
2024-04-18 14:42:14 INFO Testing: dataset_name: DukeMTMC-reID top1:0.8829 top5:0.9506 top10:0.9686 mAP:0.7849
2024-04-18 14:43:56 INFO Epoch 91/160	Training Loss: 1.8153	Time remaining is 2h:0m
2024-04-18 14:45:38 INFO Epoch 92/160	Training Loss: 1.8302	Time remaining is 1h:58m
2024-04-18 14:47:20 INFO Epoch 93/160	Training Loss: 1.8076	Time remaining is 1h:57m
2024-04-18 14:49:02 INFO Epoch 94/160	Training Loss: 1.8075	Time remaining is 1h:55m
2024-04-18 14:50:44 INFO Epoch 95/160	Training Loss: 1.8161	Time remaining is 1h:53m
2024-04-18 14:52:04 INFO Testing: dataset_name: DukeMTMC-reID top1:0.8860 top5:0.9484 top10:0.9690 mAP:0.7866
2024-04-18 14:53:46 INFO Epoch 96/160	Training Loss: 1.8221	Time remaining is 1h:52m
2024-04-18 14:55:28 INFO Epoch 97/160	Training Loss: 1.8059	Time remaining is 1h:51m
2024-04-18 14:57:11 INFO Epoch 98/160	Training Loss: 1.8217	Time remaining is 1h:49m
2024-04-18 14:58:54 INFO Epoch 99/160	Training Loss: 1.8212	Time remaining is 1h:47m
2024-04-18 15:00:40 INFO Epoch 100/160	Training Loss: 1.8209	Time remaining is 1h:45m
2024-04-18 15:01:59 INFO Testing: dataset_name: DukeMTMC-reID top1:0.8864 top5:0.9506 top10:0.9686 mAP:0.7866
2024-04-18 15:03:41 INFO Epoch 101/160	Training Loss: 1.8144	Time remaining is 1h:44m
2024-04-18 15:05:23 INFO Epoch 102/160	Training Loss: 1.8130	Time remaining is 1h:43m
2024-04-18 15:07:05 INFO Epoch 103/160	Training Loss: 1.8118	Time remaining is 1h:41m
2024-04-18 15:08:47 INFO Epoch 104/160	Training Loss: 1.8206	Time remaining is 1h:39m
2024-04-18 15:10:29 INFO Epoch 105/160	Training Loss: 1.8131	Time remaining is 1h:37m
2024-04-18 15:11:48 INFO Testing: dataset_name: DukeMTMC-reID top1:0.8869 top5:0.9520 top10:0.9690 mAP:0.7896
2024-04-18 15:13:30 INFO Epoch 106/160	Training Loss: 1.8215	Time remaining is 1h:36m
2024-04-18 15:15:13 INFO Epoch 107/160	Training Loss: 1.8118	Time remaining is 1h:35m
2024-04-18 15:16:55 INFO Epoch 108/160	Training Loss: 1.8201	Time remaining is 1h:33m
2024-04-18 15:18:37 INFO Epoch 109/160	Training Loss: 1.8127	Time remaining is 1h:31m
2024-04-18 15:20:18 INFO Epoch 110/160	Training Loss: 1.8125	Time remaining is 1h:29m
2024-04-18 15:21:38 INFO Testing: dataset_name: DukeMTMC-reID top1:0.8846 top5:0.9506 top10:0.9690 mAP:0.7878
2024-04-18 15:23:20 INFO Epoch 111/160	Training Loss: 1.8112	Time remaining is 1h:28m
2024-04-18 15:25:02 INFO Epoch 112/160	Training Loss: 1.8208	Time remaining is 1h:26m
2024-04-18 15:26:45 INFO Epoch 113/160	Training Loss: 1.8266	Time remaining is 1h:24m
2024-04-18 15:28:27 INFO Epoch 114/160	Training Loss: 1.8183	Time remaining is 1h:23m
2024-04-18 15:30:09 INFO Epoch 115/160	Training Loss: 1.8111	Time remaining is 1h:21m
2024-04-18 15:31:28 INFO Testing: dataset_name: DukeMTMC-reID top1:0.8869 top5:0.9493 top10:0.9699 mAP:0.7884
2024-04-18 15:33:10 INFO Epoch 116/160	Training Loss: 1.8181	Time remaining is 1h:20m
2024-04-18 15:34:52 INFO Epoch 117/160	Training Loss: 1.8177	Time remaining is 1h:18m
2024-04-18 15:36:34 INFO Epoch 118/160	Training Loss: 1.8204	Time remaining is 1h:16m
2024-04-18 15:38:16 INFO Epoch 119/160	Training Loss: 1.8189	Time remaining is 1h:14m
2024-04-18 15:39:58 INFO Epoch 120/160	Training Loss: 1.8103	Time remaining is 1h:12m
2024-04-18 15:41:18 INFO Testing: dataset_name: DukeMTMC-reID top1:0.8882 top5:0.9502 top10:0.9690 mAP:0.7904
2024-04-18 15:42:59 INFO Epoch 121/160	Training Loss: 1.8097	Time remaining is 1h:11m
2024-04-18 15:44:42 INFO Epoch 122/160	Training Loss: 1.8341	Time remaining is 1h:9m
2024-04-18 15:46:24 INFO Epoch 123/160	Training Loss: 1.8178	Time remaining is 1h:8m
2024-04-18 15:48:06 INFO Epoch 124/160	Training Loss: 1.8098	Time remaining is 1h:6m
2024-04-18 15:49:48 INFO Epoch 125/160	Training Loss: 1.8107	Time remaining is 1h:4m
2024-04-18 15:51:06 INFO Testing: dataset_name: DukeMTMC-reID top1:0.8864 top5:0.9515 top10:0.9681 mAP:0.7876
2024-04-18 15:52:49 INFO Epoch 126/160	Training Loss: 1.8244	Time remaining is 1h:2m
2024-04-18 15:54:31 INFO Epoch 127/160	Training Loss: 1.8181	Time remaining is 1h:1m
2024-04-18 15:56:12 INFO Epoch 128/160	Training Loss: 1.8102	Time remaining is 0h:59m
2024-04-18 15:57:54 INFO Epoch 129/160	Training Loss: 1.8089	Time remaining is 0h:57m
2024-04-18 15:59:37 INFO Epoch 130/160	Training Loss: 1.8168	Time remaining is 0h:55m
2024-04-18 16:00:56 INFO Testing: dataset_name: DukeMTMC-reID top1:0.8882 top5:0.9524 top10:0.9690 mAP:0.7899
2024-04-18 16:02:38 INFO Epoch 131/160	Training Loss: 1.8174	Time remaining is 0h:54m
2024-04-18 16:04:20 INFO Epoch 132/160	Training Loss: 1.8178	Time remaining is 0h:52m
2024-04-18 16:06:03 INFO Epoch 133/160	Training Loss: 1.8094	Time remaining is 0h:50m
2024-04-18 16:07:44 INFO Epoch 134/160	Training Loss: 1.8092	Time remaining is 0h:48m
2024-04-18 16:09:27 INFO Epoch 135/160	Training Loss: 1.8242	Time remaining is 0h:47m
2024-04-18 16:10:46 INFO Testing: dataset_name: DukeMTMC-reID top1:0.8882 top5:0.9533 top10:0.9686 mAP:0.7904
2024-04-18 16:12:28 INFO Epoch 136/160	Training Loss: 1.8168	Time remaining is 0h:45m
2024-04-18 16:14:10 INFO Epoch 137/160	Training Loss: 1.8074	Time remaining is 0h:43m
2024-04-18 16:15:53 INFO Epoch 138/160	Training Loss: 1.8222	Time remaining is 0h:41m
2024-04-18 16:17:34 INFO Epoch 139/160	Training Loss: 1.8091	Time remaining is 0h:40m
2024-04-18 16:19:16 INFO Epoch 140/160	Training Loss: 1.8160	Time remaining is 0h:38m
2024-04-18 16:20:35 INFO Testing: dataset_name: DukeMTMC-reID top1:0.8900 top5:0.9520 top10:0.9690 mAP:0.7917
2024-04-18 16:22:18 INFO Epoch 141/160	Training Loss: 1.8231	Time remaining is 0h:36m
2024-04-18 16:24:00 INFO Epoch 142/160	Training Loss: 1.8154	Time remaining is 0h:34m
2024-04-18 16:25:42 INFO Epoch 143/160	Training Loss: 1.8142	Time remaining is 0h:32m
2024-04-18 16:27:24 INFO Epoch 144/160	Training Loss: 1.8074	Time remaining is 0h:31m
2024-04-18 16:29:06 INFO Epoch 145/160	Training Loss: 1.8152	Time remaining is 0h:29m
2024-04-18 16:30:25 INFO Testing: dataset_name: DukeMTMC-reID top1:0.8914 top5:0.9538 top10:0.9704 mAP:0.7926
2024-04-18 16:32:07 INFO Epoch 146/160	Training Loss: 1.8163	Time remaining is 0h:27m
2024-04-18 16:33:50 INFO Epoch 147/160	Training Loss: 1.8223	Time remaining is 0h:25m
2024-04-18 16:35:33 INFO Epoch 148/160	Training Loss: 1.8239	Time remaining is 0h:24m
2024-04-18 16:37:15 INFO Epoch 149/160	Training Loss: 1.8228	Time remaining is 0h:22m
2024-04-18 16:38:58 INFO Epoch 150/160	Training Loss: 1.8227	Time remaining is 0h:20m
2024-04-18 16:40:17 INFO Testing: dataset_name: DukeMTMC-reID top1:0.8896 top5:0.9511 top10:0.9699 mAP:0.7912
2024-04-18 16:41:59 INFO Epoch 151/160	Training Loss: 1.8213	Time remaining is 0h:18m
2024-04-18 16:43:41 INFO Epoch 152/160	Training Loss: 1.7981	Time remaining is 0h:16m
2024-04-18 16:45:23 INFO Epoch 153/160	Training Loss: 1.8207	Time remaining is 0h:15m
2024-04-18 16:47:06 INFO Epoch 154/160	Training Loss: 1.8279	Time remaining is 0h:13m
2024-04-18 16:48:48 INFO Epoch 155/160	Training Loss: 1.8132	Time remaining is 0h:11m
2024-04-18 16:50:07 INFO Testing: dataset_name: DukeMTMC-reID top1:0.8882 top5:0.9506 top10:0.9690 mAP:0.7927
2024-04-18 16:51:49 INFO Epoch 156/160	Training Loss: 1.8134	Time remaining is 0h:9m
2024-04-18 16:53:32 INFO Epoch 157/160	Training Loss: 1.8195	Time remaining is 0h:7m
2024-04-18 16:55:14 INFO Epoch 158/160	Training Loss: 1.8068	Time remaining is 0h:5m
2024-04-18 16:56:55 INFO Epoch 159/160	Training Loss: 1.8062	Time remaining is 0h:4m
2024-04-18 16:58:37 INFO Epoch 160/160	Training Loss: 1.8068	Time remaining is 0h:2m
2024-04-18 16:59:56 INFO Testing: dataset_name: DukeMTMC-reID top1:0.8918 top5:0.9515 top10:0.9690 mAP:0.7929
2024-04-18 16:59:56 INFO The running time of training: 1.75278e+04 s
