2024-04-14 09:33:32 INFO ##################################################
2024-04-14 09:33:32 INFO Config values: batch_size: 60	current_directory: /home/hy/project/reid_task/ex_main-n2	dataset_name: market1501	dataset_path: /home/hy/project/data/Market-1501-v15.09.15	device: cuda	dtype: torch.float32	epoch_start_test: 90	epochs: 160	img_height: 256	img_width: 128	logs_outputs_path: /home/hy/project/reid_task/ex_main-n2/./outputs/logs	models_outputs_path: /home/hy/project/reid_task/ex_main-n2/./outputs/models	np: <module 'numpy' from '/home/hy/anaconda3/envs/py396/lib/python3.9/site-packages/numpy/__init__.py'>	os: <module 'os' from '/home/hy/anaconda3/envs/py396/lib/python3.9/os.py'>	outputs_dir: ./outputs/	outputs_path: /home/hy/project/reid_task/ex_main-n2/./outputs/	print_every: 1	seed: 1	taskname: ReID_Task	temps_outputs_path: /home/hy/project/reid_task/ex_main-n2/./outputs/temps	test_batch_size: 256	test_every: 5	torch: <module 'torch' from '/home/hy/anaconda3/envs/py396/lib/python3.9/site-packages/torch/__init__.py'>
2024-04-14 09:33:32 INFO Task: ReID_Task
2024-04-14 09:33:32 INFO Using device: cuda
2024-04-14 09:33:32 INFO Using data type: torch.float32
2024-04-14 09:33:32 INFO Number of GPUs: 1
2024-04-14 09:33:32 INFO GPU is_available: True
2024-04-14 09:33:32 INFO GPU name: NVIDIA GeForce RTX 3060
2024-04-14 09:33:32 INFO CUDA version: 12.1
2024-04-14 09:33:32 INFO Current device id: 0
2024-04-14 09:33:32 INFO ##################################################
2024-04-14 09:34:50 INFO Epoch 1/160	Training Loss: 9.6301	Time remaining is 3h:25m
2024-04-14 09:36:06 INFO Epoch 2/160	Training Loss: 8.1556	Time remaining is 3h:23m
2024-04-14 09:37:22 INFO Epoch 3/160	Training Loss: 6.3080	Time remaining is 3h:21m
2024-04-14 09:38:38 INFO Epoch 4/160	Training Loss: 4.8408	Time remaining is 3h:20m
2024-04-14 09:39:54 INFO Epoch 5/160	Training Loss: 3.7771	Time remaining is 3h:18m
2024-04-14 09:41:10 INFO Epoch 6/160	Training Loss: 3.0858	Time remaining is 3h:17m
2024-04-14 09:42:26 INFO Epoch 7/160	Training Loss: 2.7324	Time remaining is 3h:15m
2024-04-14 09:43:41 INFO Epoch 8/160	Training Loss: 2.5339	Time remaining is 3h:14m
2024-04-14 09:44:57 INFO Epoch 9/160	Training Loss: 2.4375	Time remaining is 3h:13m
2024-04-14 09:46:13 INFO Epoch 10/160	Training Loss: 2.3543	Time remaining is 3h:11m
2024-04-14 09:47:29 INFO Epoch 11/160	Training Loss: 2.3133	Time remaining is 3h:10m
2024-04-14 09:48:45 INFO Epoch 12/160	Training Loss: 2.2627	Time remaining is 3h:9m
2024-04-14 09:50:01 INFO Epoch 13/160	Training Loss: 2.2171	Time remaining is 3h:7m
2024-04-14 09:51:17 INFO Epoch 14/160	Training Loss: 2.1977	Time remaining is 3h:6m
2024-04-14 09:52:33 INFO Epoch 15/160	Training Loss: 2.1732	Time remaining is 3h:5m
2024-04-14 09:53:50 INFO Epoch 16/160	Training Loss: 2.1556	Time remaining is 3h:4m
2024-04-14 09:55:05 INFO Epoch 17/160	Training Loss: 2.1390	Time remaining is 3h:2m
2024-04-14 09:56:21 INFO Epoch 18/160	Training Loss: 2.1222	Time remaining is 3h:1m
2024-04-14 09:57:37 INFO Epoch 19/160	Training Loss: 2.1314	Time remaining is 2h:60m
2024-04-14 09:58:53 INFO Epoch 20/160	Training Loss: 2.1261	Time remaining is 2h:59m
2024-04-14 10:00:09 INFO Epoch 21/160	Training Loss: 2.1204	Time remaining is 2h:57m
2024-04-14 10:01:24 INFO Epoch 22/160	Training Loss: 2.1138	Time remaining is 2h:56m
2024-04-14 10:02:40 INFO Epoch 23/160	Training Loss: 2.1028	Time remaining is 2h:55m
2024-04-14 10:03:57 INFO Epoch 24/160	Training Loss: 2.1231	Time remaining is 2h:54m
2024-04-14 10:05:13 INFO Epoch 25/160	Training Loss: 2.1116	Time remaining is 2h:52m
2024-04-14 10:06:30 INFO Epoch 26/160	Training Loss: 2.1291	Time remaining is 2h:51m
2024-04-14 10:07:46 INFO Epoch 27/160	Training Loss: 2.1171	Time remaining is 2h:50m
2024-04-14 10:09:02 INFO Epoch 28/160	Training Loss: 2.1012	Time remaining is 2h:49m
2024-04-14 10:10:18 INFO Epoch 29/160	Training Loss: 2.1065	Time remaining is 2h:47m
2024-04-14 10:11:33 INFO Epoch 30/160	Training Loss: 2.0924	Time remaining is 2h:46m
2024-04-14 10:12:49 INFO Epoch 31/160	Training Loss: 2.0971	Time remaining is 2h:45m
2024-04-14 10:14:05 INFO Epoch 32/160	Training Loss: 2.1018	Time remaining is 2h:43m
2024-04-14 10:15:21 INFO Epoch 33/160	Training Loss: 2.1007	Time remaining is 2h:42m
2024-04-14 10:16:37 INFO Epoch 34/160	Training Loss: 2.1110	Time remaining is 2h:41m
2024-04-14 10:17:53 INFO Epoch 35/160	Training Loss: 2.1085	Time remaining is 2h:40m
2024-04-14 10:19:09 INFO Epoch 36/160	Training Loss: 2.0901	Time remaining is 2h:38m
2024-04-14 10:20:25 INFO Epoch 37/160	Training Loss: 2.0969	Time remaining is 2h:37m
2024-04-14 10:21:41 INFO Epoch 38/160	Training Loss: 2.1005	Time remaining is 2h:36m
2024-04-14 10:22:57 INFO Epoch 39/160	Training Loss: 2.1026	Time remaining is 2h:35m
2024-04-14 10:24:13 INFO Epoch 40/160	Training Loss: 2.0864	Time remaining is 2h:33m
2024-04-14 10:25:28 INFO Epoch 41/160	Training Loss: 2.0306	Time remaining is 2h:32m
2024-04-14 10:26:44 INFO Epoch 42/160	Training Loss: 1.9616	Time remaining is 2h:31m
2024-04-14 10:28:00 INFO Epoch 43/160	Training Loss: 1.9592	Time remaining is 2h:29m
2024-04-14 10:29:16 INFO Epoch 44/160	Training Loss: 1.9505	Time remaining is 2h:28m
2024-04-14 10:30:32 INFO Epoch 45/160	Training Loss: 1.9428	Time remaining is 2h:27m
2024-04-14 10:31:49 INFO Epoch 46/160	Training Loss: 1.9414	Time remaining is 2h:26m
2024-04-14 10:33:04 INFO Epoch 47/160	Training Loss: 1.9272	Time remaining is 2h:24m
2024-04-14 10:34:20 INFO Epoch 48/160	Training Loss: 1.9363	Time remaining is 2h:23m
2024-04-14 10:35:36 INFO Epoch 49/160	Training Loss: 1.9222	Time remaining is 2h:22m
2024-04-14 10:36:52 INFO Epoch 50/160	Training Loss: 1.9298	Time remaining is 2h:21m
2024-04-14 10:38:08 INFO Epoch 51/160	Training Loss: 1.9166	Time remaining is 2h:19m
2024-04-14 10:39:24 INFO Epoch 52/160	Training Loss: 1.9237	Time remaining is 2h:18m
2024-04-14 10:40:40 INFO Epoch 53/160	Training Loss: 1.9243	Time remaining is 2h:17m
2024-04-14 10:41:56 INFO Epoch 54/160	Training Loss: 1.9199	Time remaining is 2h:16m
2024-04-14 10:43:12 INFO Epoch 55/160	Training Loss: 1.9214	Time remaining is 2h:14m
2024-04-14 10:44:28 INFO Epoch 56/160	Training Loss: 1.9190	Time remaining is 2h:13m
2024-04-14 10:45:44 INFO Epoch 57/160	Training Loss: 1.9083	Time remaining is 2h:12m
2024-04-14 10:47:00 INFO Epoch 58/160	Training Loss: 1.9180	Time remaining is 2h:10m
2024-04-14 10:48:16 INFO Epoch 59/160	Training Loss: 1.9183	Time remaining is 2h:9m
2024-04-14 10:49:32 INFO Epoch 60/160	Training Loss: 1.9143	Time remaining is 2h:8m
2024-04-14 10:50:48 INFO Epoch 61/160	Training Loss: 1.9144	Time remaining is 2h:7m
2024-04-14 10:52:04 INFO Epoch 62/160	Training Loss: 1.9128	Time remaining is 2h:5m
2024-04-14 10:53:20 INFO Epoch 63/160	Training Loss: 1.9125	Time remaining is 2h:4m
2024-04-14 10:54:36 INFO Epoch 64/160	Training Loss: 1.9111	Time remaining is 2h:3m
2024-04-14 10:55:53 INFO Epoch 65/160	Training Loss: 1.9079	Time remaining is 2h:2m
2024-04-14 10:57:09 INFO Epoch 66/160	Training Loss: 1.9087	Time remaining is 2h:0m
2024-04-14 10:58:25 INFO Epoch 67/160	Training Loss: 1.9169	Time remaining is 1h:59m
2024-04-14 10:59:41 INFO Epoch 68/160	Training Loss: 1.9071	Time remaining is 1h:58m
2024-04-14 11:00:57 INFO Epoch 69/160	Training Loss: 1.9000	Time remaining is 1h:57m
2024-04-14 11:02:13 INFO Epoch 70/160	Training Loss: 1.9053	Time remaining is 1h:55m
2024-04-14 11:03:29 INFO Epoch 71/160	Training Loss: 1.9040	Time remaining is 1h:54m
2024-04-14 11:04:44 INFO Epoch 72/160	Training Loss: 1.8990	Time remaining is 1h:53m
2024-04-14 11:06:01 INFO Epoch 73/160	Training Loss: 1.8966	Time remaining is 1h:51m
2024-04-14 11:07:16 INFO Epoch 74/160	Training Loss: 1.8861	Time remaining is 1h:50m
2024-04-14 11:08:32 INFO Epoch 75/160	Training Loss: 1.8859	Time remaining is 1h:49m
2024-04-14 11:09:48 INFO Epoch 76/160	Training Loss: 1.8831	Time remaining is 1h:48m
2024-04-14 11:11:04 INFO Epoch 77/160	Training Loss: 1.8942	Time remaining is 1h:46m
2024-04-14 11:12:20 INFO Epoch 78/160	Training Loss: 1.8852	Time remaining is 1h:45m
2024-04-14 11:13:36 INFO Epoch 79/160	Training Loss: 1.8930	Time remaining is 1h:44m
2024-04-14 11:14:52 INFO Epoch 80/160	Training Loss: 1.8934	Time remaining is 1h:43m
2024-04-14 11:16:08 INFO Epoch 81/160	Training Loss: 1.8923	Time remaining is 1h:41m
2024-04-14 11:17:25 INFO Epoch 82/160	Training Loss: 1.8922	Time remaining is 1h:40m
2024-04-14 11:18:41 INFO Epoch 83/160	Training Loss: 1.8925	Time remaining is 1h:39m
2024-04-14 11:19:57 INFO Epoch 84/160	Training Loss: 1.8906	Time remaining is 1h:38m
2024-04-14 11:21:12 INFO Epoch 85/160	Training Loss: 1.8937	Time remaining is 1h:36m
2024-04-14 11:22:28 INFO Epoch 86/160	Training Loss: 1.8924	Time remaining is 1h:35m
2024-04-14 11:23:44 INFO Epoch 87/160	Training Loss: 1.8908	Time remaining is 1h:34m
2024-04-14 11:25:00 INFO Epoch 88/160	Training Loss: 1.8805	Time remaining is 1h:32m
2024-04-14 11:26:16 INFO Epoch 89/160	Training Loss: 1.8905	Time remaining is 1h:31m
2024-04-14 11:27:32 INFO Epoch 90/160	Training Loss: 1.8917	Time remaining is 1h:30m
2024-04-14 11:28:59 INFO Testing: dataset_name: market1501 top1:0.9457 top5:0.9843 top10:0.9908 mAP:0.8706
2024-04-14 11:30:15 INFO Epoch 91/160	Training Loss: 1.8920	Time remaining is 1h:30m
2024-04-14 11:31:31 INFO Epoch 92/160	Training Loss: 1.8796	Time remaining is 1h:28m
2024-04-14 11:32:46 INFO Epoch 93/160	Training Loss: 1.8923	Time remaining is 1h:27m
2024-04-14 11:34:02 INFO Epoch 94/160	Training Loss: 1.8896	Time remaining is 1h:26m
2024-04-14 11:35:18 INFO Epoch 95/160	Training Loss: 1.8795	Time remaining is 1h:25m
2024-04-14 11:36:45 INFO Testing: dataset_name: market1501 top1:0.9463 top5:0.9849 top10:0.9911 mAP:0.8717
2024-04-14 11:38:01 INFO Epoch 96/160	Training Loss: 1.8907	Time remaining is 1h:24m
2024-04-14 11:39:16 INFO Epoch 97/160	Training Loss: 1.8783	Time remaining is 1h:23m
2024-04-14 11:40:32 INFO Epoch 98/160	Training Loss: 1.8915	Time remaining is 1h:22m
2024-04-14 11:41:48 INFO Epoch 99/160	Training Loss: 1.8897	Time remaining is 1h:20m
2024-04-14 11:43:05 INFO Epoch 100/160	Training Loss: 1.8875	Time remaining is 1h:19m
2024-04-14 11:44:32 INFO Testing: dataset_name: market1501 top1:0.9439 top5:0.9837 top10:0.9914 mAP:0.8713
2024-04-14 11:45:48 INFO Epoch 101/160	Training Loss: 1.8900	Time remaining is 1h:19m
2024-04-14 11:47:03 INFO Epoch 102/160	Training Loss: 1.8879	Time remaining is 1h:17m
2024-04-14 11:48:20 INFO Epoch 103/160	Training Loss: 1.8869	Time remaining is 1h:16m
2024-04-14 11:49:35 INFO Epoch 104/160	Training Loss: 1.8871	Time remaining is 1h:15m
2024-04-14 11:50:52 INFO Epoch 105/160	Training Loss: 1.8981	Time remaining is 1h:13m
2024-04-14 11:52:19 INFO Testing: dataset_name: market1501 top1:0.9445 top5:0.9837 top10:0.9908 mAP:0.8716
2024-04-14 11:53:35 INFO Epoch 106/160	Training Loss: 1.8891	Time remaining is 1h:13m
2024-04-14 11:54:50 INFO Epoch 107/160	Training Loss: 1.8785	Time remaining is 1h:11m
2024-04-14 11:56:06 INFO Epoch 108/160	Training Loss: 1.8885	Time remaining is 1h:10m
2024-04-14 11:57:22 INFO Epoch 109/160	Training Loss: 1.8876	Time remaining is 1h:9m
2024-04-14 11:58:38 INFO Epoch 110/160	Training Loss: 1.8864	Time remaining is 1h:7m
2024-04-14 12:00:05 INFO Testing: dataset_name: market1501 top1:0.9448 top5:0.9849 top10:0.9905 mAP:0.8729
2024-04-14 12:01:21 INFO Epoch 111/160	Training Loss: 1.8765	Time remaining is 1h:7m
2024-04-14 12:02:37 INFO Epoch 112/160	Training Loss: 1.8865	Time remaining is 1h:5m
2024-04-14 12:03:53 INFO Epoch 113/160	Training Loss: 1.8865	Time remaining is 1h:4m
2024-04-14 12:05:08 INFO Epoch 114/160	Training Loss: 1.8789	Time remaining is 1h:2m
2024-04-14 12:06:25 INFO Epoch 115/160	Training Loss: 1.8942	Time remaining is 1h:1m
2024-04-14 12:07:52 INFO Testing: dataset_name: market1501 top1:0.9463 top5:0.9840 top10:0.9905 mAP:0.8736
2024-04-14 12:09:07 INFO Epoch 116/160	Training Loss: 1.8859	Time remaining is 1h:0m
2024-04-14 12:10:23 INFO Epoch 117/160	Training Loss: 1.8883	Time remaining is 0h:59m
2024-04-14 12:11:39 INFO Epoch 118/160	Training Loss: 1.8856	Time remaining is 0h:58m
2024-04-14 12:12:55 INFO Epoch 119/160	Training Loss: 1.8955	Time remaining is 0h:56m
2024-04-14 12:14:11 INFO Epoch 120/160	Training Loss: 1.8749	Time remaining is 0h:55m
2024-04-14 12:15:38 INFO Testing: dataset_name: market1501 top1:0.9483 top5:0.9837 top10:0.9905 mAP:0.8746
2024-04-14 12:16:54 INFO Epoch 121/160	Training Loss: 1.8846	Time remaining is 0h:54m
2024-04-14 12:18:09 INFO Epoch 122/160	Training Loss: 1.8844	Time remaining is 0h:53m
2024-04-14 12:19:25 INFO Epoch 123/160	Training Loss: 1.8839	Time remaining is 0h:51m
2024-04-14 12:20:41 INFO Epoch 124/160	Training Loss: 1.8766	Time remaining is 0h:50m
2024-04-14 12:21:57 INFO Epoch 125/160	Training Loss: 1.8856	Time remaining is 0h:48m
2024-04-14 12:23:24 INFO Testing: dataset_name: market1501 top1:0.9477 top5:0.9840 top10:0.9905 mAP:0.8747
2024-04-14 12:24:40 INFO Epoch 126/160	Training Loss: 1.8855	Time remaining is 0h:48m
2024-04-14 12:25:56 INFO Epoch 127/160	Training Loss: 1.8840	Time remaining is 0h:46m
2024-04-14 12:27:11 INFO Epoch 128/160	Training Loss: 1.8838	Time remaining is 0h:45m
2024-04-14 12:28:27 INFO Epoch 129/160	Training Loss: 1.8854	Time remaining is 0h:43m
2024-04-14 12:29:43 INFO Epoch 130/160	Training Loss: 1.8861	Time remaining is 0h:42m
2024-04-14 12:31:10 INFO Testing: dataset_name: market1501 top1:0.9457 top5:0.9840 top10:0.9902 mAP:0.8754
2024-04-14 12:32:26 INFO Epoch 131/160	Training Loss: 1.8760	Time remaining is 0h:41m
2024-04-14 12:33:42 INFO Epoch 132/160	Training Loss: 1.8827	Time remaining is 0h:40m
2024-04-14 12:34:57 INFO Epoch 133/160	Training Loss: 1.8745	Time remaining is 0h:38m
2024-04-14 12:36:13 INFO Epoch 134/160	Training Loss: 1.8845	Time remaining is 0h:37m
2024-04-14 12:37:29 INFO Epoch 135/160	Training Loss: 1.8756	Time remaining is 0h:35m
2024-04-14 12:38:56 INFO Testing: dataset_name: market1501 top1:0.9474 top5:0.9834 top10:0.9905 mAP:0.8762
2024-04-14 12:40:12 INFO Epoch 136/160	Training Loss: 1.8745	Time remaining is 0h:34m
2024-04-14 12:41:28 INFO Epoch 137/160	Training Loss: 1.8840	Time remaining is 0h:33m
2024-04-14 12:42:44 INFO Epoch 138/160	Training Loss: 1.8840	Time remaining is 0h:32m
2024-04-14 12:44:00 INFO Epoch 139/160	Training Loss: 1.8734	Time remaining is 0h:30m
2024-04-14 12:45:16 INFO Epoch 140/160	Training Loss: 1.8822	Time remaining is 0h:29m
2024-04-14 12:46:43 INFO Testing: dataset_name: market1501 top1:0.9495 top5:0.9840 top10:0.9911 mAP:0.8762
2024-04-14 12:47:59 INFO Epoch 141/160	Training Loss: 1.8838	Time remaining is 0h:28m
2024-04-14 12:49:15 INFO Epoch 142/160	Training Loss: 1.8818	Time remaining is 0h:26m
2024-04-14 12:50:31 INFO Epoch 143/160	Training Loss: 1.8834	Time remaining is 0h:25m
2024-04-14 12:51:47 INFO Epoch 144/160	Training Loss: 1.8810	Time remaining is 0h:23m
2024-04-14 12:53:03 INFO Epoch 145/160	Training Loss: 1.8835	Time remaining is 0h:22m
2024-04-14 12:54:30 INFO Testing: dataset_name: market1501 top1:0.9489 top5:0.9837 top10:0.9908 mAP:0.8771
2024-04-14 12:55:46 INFO Epoch 146/160	Training Loss: 1.8819	Time remaining is 0h:21m
2024-04-14 12:57:02 INFO Epoch 147/160	Training Loss: 1.8820	Time remaining is 0h:19m
2024-04-14 12:58:18 INFO Epoch 148/160	Training Loss: 1.8825	Time remaining is 0h:18m
2024-04-14 12:59:34 INFO Epoch 149/160	Training Loss: 1.8914	Time remaining is 0h:17m
2024-04-14 13:00:50 INFO Epoch 150/160	Training Loss: 1.8716	Time remaining is 0h:15m
2024-04-14 13:02:17 INFO Testing: dataset_name: market1501 top1:0.9480 top5:0.9831 top10:0.9911 mAP:0.8768
2024-04-14 13:03:33 INFO Epoch 151/160	Training Loss: 1.8816	Time remaining is 0h:14m
2024-04-14 13:04:49 INFO Epoch 152/160	Training Loss: 1.8801	Time remaining is 0h:13m
2024-04-14 13:06:05 INFO Epoch 153/160	Training Loss: 1.8806	Time remaining is 0h:11m
2024-04-14 13:07:21 INFO Epoch 154/160	Training Loss: 1.8814	Time remaining is 0h:10m
2024-04-14 13:08:37 INFO Epoch 155/160	Training Loss: 1.8824	Time remaining is 0h:8m
2024-04-14 13:10:04 INFO Testing: dataset_name: market1501 top1:0.9480 top5:0.9840 top10:0.9911 mAP:0.8777
2024-04-14 13:11:20 INFO Epoch 156/160	Training Loss: 1.8724	Time remaining is 0h:7m
2024-04-14 13:12:36 INFO Epoch 157/160	Training Loss: 1.8814	Time remaining is 0h:6m
2024-04-14 13:13:51 INFO Epoch 158/160	Training Loss: 1.8724	Time remaining is 0h:4m
2024-04-14 13:15:07 INFO Epoch 159/160	Training Loss: 1.8803	Time remaining is 0h:3m
2024-04-14 13:16:23 INFO Epoch 160/160	Training Loss: 1.8699	Time remaining is 0h:1m
2024-04-14 13:17:50 INFO Testing: dataset_name: market1501 top1:0.9471 top5:0.9831 top10:0.9911 mAP:0.8773
2024-04-14 13:17:51 INFO The running time of training: 1.34586e+04 s
