2024-05-04 00:08:26 INFO ##################################################
2024-05-04 00:08:26 INFO Config values: batch_size: 60	current_directory: /home/hy/project/reid_task/ex_main1	dataset_name: DukeMTMC-reID	dataset_path: /home/hy/project/data/DukeMTMC-reID	device: cuda	dtype: torch.float32	epoch_start_test: 90	epochs: 160	img_height: 256	img_width: 128	logs_outputs_path: /home/hy/project/reid_task/ex_main1/./outputs/logs	models_outputs_path: /home/hy/project/reid_task/ex_main1/./outputs/models	np: <module 'numpy' from '/home/hy/anaconda3/envs/py396/lib/python3.9/site-packages/numpy/__init__.py'>	os: <module 'os' from '/home/hy/anaconda3/envs/py396/lib/python3.9/os.py'>	outputs_dir: ./outputs/	outputs_path: /home/hy/project/reid_task/ex_main1/./outputs/	print_every: 1	seed: 3	taskname: ReID_Task	temps_outputs_path: /home/hy/project/reid_task/ex_main1/./outputs/temps	test_batch_size: 256	test_every: 5	torch: <module 'torch' from '/home/hy/anaconda3/envs/py396/lib/python3.9/site-packages/torch/__init__.py'>
2024-05-04 00:08:26 INFO Task: ReID_Task
2024-05-04 00:08:26 INFO Using device: cuda
2024-05-04 00:08:26 INFO Using data type: torch.float32
2024-05-04 00:08:26 INFO Number of GPUs: 1
2024-05-04 00:08:26 INFO GPU is_available: True
2024-05-04 00:08:26 INFO GPU name: NVIDIA GeForce RTX 3060
2024-05-04 00:08:26 INFO CUDA version: 12.1
2024-05-04 00:08:26 INFO Current device id: 0
2024-05-04 00:08:26 INFO ##################################################
2024-05-04 00:10:04 INFO Epoch 1/160	Training Loss: 11.0700	Time remaining is 4h:19m
2024-05-04 00:11:39 INFO Epoch 2/160	Training Loss: 7.1532	Time remaining is 4h:14m
2024-05-04 00:13:14 INFO Epoch 3/160	Training Loss: 6.5998	Time remaining is 4h:12m
2024-05-04 00:14:49 INFO Epoch 4/160	Training Loss: 6.0007	Time remaining is 4h:10m
2024-05-04 00:16:25 INFO Epoch 5/160	Training Loss: 5.3647	Time remaining is 4h:8m
2024-05-04 00:18:00 INFO Epoch 6/160	Training Loss: 4.6572	Time remaining is 4h:6m
2024-05-04 00:19:36 INFO Epoch 7/160	Training Loss: 4.0285	Time remaining is 4h:5m
2024-05-04 00:21:11 INFO Epoch 8/160	Training Loss: 3.5369	Time remaining is 4h:3m
2024-05-04 00:22:46 INFO Epoch 9/160	Training Loss: 3.2108	Time remaining is 4h:2m
2024-05-04 00:24:22 INFO Epoch 10/160	Training Loss: 3.1585	Time remaining is 4h:0m
2024-05-04 00:25:58 INFO Epoch 11/160	Training Loss: 2.7680	Time remaining is 3h:59m
2024-05-04 00:27:32 INFO Epoch 12/160	Training Loss: 2.5274	Time remaining is 3h:57m
2024-05-04 00:29:08 INFO Epoch 13/160	Training Loss: 2.3596	Time remaining is 3h:55m
2024-05-04 00:30:44 INFO Epoch 14/160	Training Loss: 2.4712	Time remaining is 3h:54m
2024-05-04 00:32:18 INFO Epoch 15/160	Training Loss: 2.2303	Time remaining is 3h:52m
2024-05-04 00:33:54 INFO Epoch 16/160	Training Loss: 2.1572	Time remaining is 3h:51m
2024-05-04 00:35:29 INFO Epoch 17/160	Training Loss: 2.1307	Time remaining is 3h:49m
2024-05-04 00:37:04 INFO Epoch 18/160	Training Loss: 2.1225	Time remaining is 3h:47m
2024-05-04 00:38:38 INFO Epoch 19/160	Training Loss: 2.1130	Time remaining is 3h:46m
2024-05-04 00:40:14 INFO Epoch 20/160	Training Loss: 2.2085	Time remaining is 3h:44m
2024-05-04 00:41:48 INFO Epoch 21/160	Training Loss: 2.0919	Time remaining is 3h:42m
2024-05-04 00:43:23 INFO Epoch 22/160	Training Loss: 2.0603	Time remaining is 3h:41m
2024-05-04 00:44:58 INFO Epoch 23/160	Training Loss: 2.0782	Time remaining is 3h:39m
2024-05-04 00:46:33 INFO Epoch 24/160	Training Loss: 2.0210	Time remaining is 3h:37m
2024-05-04 00:48:08 INFO Epoch 25/160	Training Loss: 1.9976	Time remaining is 3h:36m
2024-05-04 00:49:43 INFO Epoch 26/160	Training Loss: 1.9932	Time remaining is 3h:34m
2024-05-04 00:51:18 INFO Epoch 27/160	Training Loss: 2.0709	Time remaining is 3h:33m
2024-05-04 00:52:53 INFO Epoch 28/160	Training Loss: 2.0096	Time remaining is 3h:31m
2024-05-04 00:54:28 INFO Epoch 29/160	Training Loss: 2.0921	Time remaining is 3h:29m
2024-05-04 00:56:02 INFO Epoch 30/160	Training Loss: 2.0905	Time remaining is 3h:28m
2024-05-04 00:57:38 INFO Epoch 31/160	Training Loss: 2.0088	Time remaining is 3h:26m
2024-05-04 00:59:13 INFO Epoch 32/160	Training Loss: 1.9519	Time remaining is 3h:25m
2024-05-04 01:00:48 INFO Epoch 33/160	Training Loss: 1.9159	Time remaining is 3h:23m
2024-05-04 01:02:23 INFO Epoch 34/160	Training Loss: 2.0080	Time remaining is 3h:21m
2024-05-04 01:03:58 INFO Epoch 35/160	Training Loss: 1.9775	Time remaining is 3h:20m
2024-05-04 01:05:33 INFO Epoch 36/160	Training Loss: 1.9422	Time remaining is 3h:18m
2024-05-04 01:07:08 INFO Epoch 37/160	Training Loss: 1.9046	Time remaining is 3h:17m
2024-05-04 01:08:43 INFO Epoch 38/160	Training Loss: 1.9208	Time remaining is 3h:15m
2024-05-04 01:10:19 INFO Epoch 39/160	Training Loss: 2.1204	Time remaining is 3h:14m
2024-05-04 01:11:54 INFO Epoch 40/160	Training Loss: 2.0887	Time remaining is 3h:12m
2024-05-04 01:13:30 INFO Epoch 41/160	Training Loss: 1.9540	Time remaining is 3h:10m
2024-05-04 01:15:05 INFO Epoch 42/160	Training Loss: 1.8367	Time remaining is 3h:9m
2024-05-04 01:16:40 INFO Epoch 43/160	Training Loss: 1.7907	Time remaining is 3h:7m
2024-05-04 01:18:15 INFO Epoch 44/160	Training Loss: 1.7756	Time remaining is 3h:6m
2024-05-04 01:19:51 INFO Epoch 45/160	Training Loss: 1.7597	Time remaining is 3h:4m
2024-05-04 01:21:26 INFO Epoch 46/160	Training Loss: 1.7530	Time remaining is 3h:2m
2024-05-04 01:23:01 INFO Epoch 47/160	Training Loss: 1.7529	Time remaining is 3h:1m
2024-05-04 01:24:36 INFO Epoch 48/160	Training Loss: 1.7319	Time remaining is 2h:59m
2024-05-04 01:26:12 INFO Epoch 49/160	Training Loss: 1.7246	Time remaining is 2h:58m
2024-05-04 01:27:47 INFO Epoch 50/160	Training Loss: 1.7302	Time remaining is 2h:56m
2024-05-04 01:29:22 INFO Epoch 51/160	Training Loss: 1.7237	Time remaining is 2h:55m
2024-05-04 01:30:58 INFO Epoch 52/160	Training Loss: 1.7147	Time remaining is 2h:53m
2024-05-04 01:32:33 INFO Epoch 53/160	Training Loss: 1.7099	Time remaining is 2h:51m
2024-05-04 01:34:08 INFO Epoch 54/160	Training Loss: 1.6968	Time remaining is 2h:50m
2024-05-04 01:35:43 INFO Epoch 55/160	Training Loss: 1.7001	Time remaining is 2h:48m
2024-05-04 01:37:18 INFO Epoch 56/160	Training Loss: 1.6983	Time remaining is 2h:47m
2024-05-04 01:38:53 INFO Epoch 57/160	Training Loss: 1.6874	Time remaining is 2h:45m
2024-05-04 01:40:28 INFO Epoch 58/160	Training Loss: 1.6832	Time remaining is 2h:43m
2024-05-04 01:42:02 INFO Epoch 59/160	Training Loss: 1.6710	Time remaining is 2h:42m
2024-05-04 01:43:37 INFO Epoch 60/160	Training Loss: 1.6901	Time remaining is 2h:40m
2024-05-04 01:45:12 INFO Epoch 61/160	Training Loss: 1.6810	Time remaining is 2h:39m
2024-05-04 01:46:47 INFO Epoch 62/160	Training Loss: 1.6813	Time remaining is 2h:37m
2024-05-04 01:48:23 INFO Epoch 63/160	Training Loss: 1.6846	Time remaining is 2h:35m
2024-05-04 01:49:58 INFO Epoch 64/160	Training Loss: 1.6785	Time remaining is 2h:34m
2024-05-04 01:51:33 INFO Epoch 65/160	Training Loss: 1.6861	Time remaining is 2h:32m
2024-05-04 01:53:08 INFO Epoch 66/160	Training Loss: 1.6746	Time remaining is 2h:31m
2024-05-04 01:54:43 INFO Epoch 67/160	Training Loss: 1.6675	Time remaining is 2h:29m
2024-05-04 01:56:18 INFO Epoch 68/160	Training Loss: 1.6765	Time remaining is 2h:28m
2024-05-04 01:57:54 INFO Epoch 69/160	Training Loss: 1.6735	Time remaining is 2h:26m
2024-05-04 01:59:29 INFO Epoch 70/160	Training Loss: 1.6884	Time remaining is 2h:24m
2024-05-04 02:01:05 INFO Epoch 71/160	Training Loss: 1.6839	Time remaining is 2h:23m
2024-05-04 02:02:39 INFO Epoch 72/160	Training Loss: 1.6556	Time remaining is 2h:21m
2024-05-04 02:04:15 INFO Epoch 73/160	Training Loss: 1.6696	Time remaining is 2h:20m
2024-05-04 02:05:50 INFO Epoch 74/160	Training Loss: 1.6632	Time remaining is 2h:18m
2024-05-04 02:07:24 INFO Epoch 75/160	Training Loss: 1.6477	Time remaining is 2h:16m
2024-05-04 02:08:59 INFO Epoch 76/160	Training Loss: 1.6500	Time remaining is 2h:15m
2024-05-04 02:10:34 INFO Epoch 77/160	Training Loss: 1.6584	Time remaining is 2h:13m
2024-05-04 02:12:09 INFO Epoch 78/160	Training Loss: 1.6477	Time remaining is 2h:12m
2024-05-04 02:13:44 INFO Epoch 79/160	Training Loss: 1.6521	Time remaining is 2h:10m
2024-05-04 02:15:19 INFO Epoch 80/160	Training Loss: 1.6593	Time remaining is 2h:8m
2024-05-04 02:16:54 INFO Epoch 81/160	Training Loss: 1.6523	Time remaining is 2h:7m
2024-05-04 02:18:29 INFO Epoch 82/160	Training Loss: 1.6492	Time remaining is 2h:5m
2024-05-04 02:20:05 INFO Epoch 83/160	Training Loss: 1.6689	Time remaining is 2h:4m
2024-05-04 02:21:39 INFO Epoch 84/160	Training Loss: 1.6380	Time remaining is 2h:2m
2024-05-04 02:23:14 INFO Epoch 85/160	Training Loss: 1.6503	Time remaining is 2h:1m
2024-05-04 02:24:49 INFO Epoch 86/160	Training Loss: 1.6547	Time remaining is 1h:59m
2024-05-04 02:26:24 INFO Epoch 87/160	Training Loss: 1.6552	Time remaining is 1h:57m
2024-05-04 02:28:00 INFO Epoch 88/160	Training Loss: 1.6476	Time remaining is 1h:56m
2024-05-04 02:29:35 INFO Epoch 89/160	Training Loss: 1.6529	Time remaining is 1h:54m
2024-05-04 02:31:09 INFO Epoch 90/160	Training Loss: 1.6481	Time remaining is 1h:53m
2024-05-04 02:32:30 INFO Testing: dataset_name: DukeMTMC-reID top1:0.7729 top5:0.8757 top10:0.9039 mAP:0.5896
2024-05-04 02:34:04 INFO Epoch 91/160	Training Loss: 1.6485	Time remaining is 1h:52m
2024-05-04 02:35:40 INFO Epoch 92/160	Training Loss: 1.6581	Time remaining is 1h:50m
2024-05-04 02:37:14 INFO Epoch 93/160	Training Loss: 1.6371	Time remaining is 1h:49m
2024-05-04 02:38:48 INFO Epoch 94/160	Training Loss: 1.6402	Time remaining is 1h:47m
2024-05-04 02:40:23 INFO Epoch 95/160	Training Loss: 1.6491	Time remaining is 1h:46m
2024-05-04 02:41:40 INFO Testing: dataset_name: DukeMTMC-reID top1:0.7882 top5:0.8932 top10:0.9170 mAP:0.6072
2024-05-04 02:43:16 INFO Epoch 96/160	Training Loss: 1.6493	Time remaining is 1h:45m
2024-05-04 02:44:50 INFO Epoch 97/160	Training Loss: 1.6335	Time remaining is 1h:43m
2024-05-04 02:46:26 INFO Epoch 98/160	Training Loss: 1.6488	Time remaining is 1h:42m
2024-05-04 02:48:01 INFO Epoch 99/160	Training Loss: 1.6507	Time remaining is 1h:40m
2024-05-04 02:49:36 INFO Epoch 100/160	Training Loss: 1.6489	Time remaining is 1h:38m
2024-05-04 02:50:53 INFO Testing: dataset_name: DukeMTMC-reID top1:0.7949 top5:0.8896 top10:0.9165 mAP:0.6114
2024-05-04 02:52:28 INFO Epoch 101/160	Training Loss: 1.6451	Time remaining is 1h:37m
2024-05-04 02:54:03 INFO Epoch 102/160	Training Loss: 1.6434	Time remaining is 1h:36m
2024-05-04 02:55:38 INFO Epoch 103/160	Training Loss: 1.6411	Time remaining is 1h:34m
2024-05-04 02:57:13 INFO Epoch 104/160	Training Loss: 1.6498	Time remaining is 1h:32m
2024-05-04 02:58:48 INFO Epoch 105/160	Training Loss: 1.6391	Time remaining is 1h:31m
2024-05-04 03:00:06 INFO Testing: dataset_name: DukeMTMC-reID top1:0.7886 top5:0.8824 top10:0.9116 mAP:0.6034
2024-05-04 03:01:41 INFO Epoch 106/160	Training Loss: 1.6503	Time remaining is 1h:30m
2024-05-04 03:03:16 INFO Epoch 107/160	Training Loss: 1.6411	Time remaining is 1h:28m
2024-05-04 03:04:51 INFO Epoch 108/160	Training Loss: 1.6461	Time remaining is 1h:27m
2024-05-04 03:06:26 INFO Epoch 109/160	Training Loss: 1.6415	Time remaining is 1h:25m
2024-05-04 03:08:01 INFO Epoch 110/160	Training Loss: 1.6426	Time remaining is 1h:23m
2024-05-04 03:09:18 INFO Testing: dataset_name: DukeMTMC-reID top1:0.8016 top5:0.8936 top10:0.9192 mAP:0.6178
2024-05-04 03:10:53 INFO Epoch 111/160	Training Loss: 1.6402	Time remaining is 1h:22m
2024-05-04 03:12:28 INFO Epoch 112/160	Training Loss: 1.6496	Time remaining is 1h:21m
2024-05-04 03:14:04 INFO Epoch 113/160	Training Loss: 1.6512	Time remaining is 1h:19m
2024-05-04 03:15:39 INFO Epoch 114/160	Training Loss: 1.6453	Time remaining is 1h:17m
2024-05-04 03:17:14 INFO Epoch 115/160	Training Loss: 1.6392	Time remaining is 1h:16m
2024-05-04 03:18:31 INFO Testing: dataset_name: DukeMTMC-reID top1:0.7949 top5:0.8950 top10:0.9197 mAP:0.6154
2024-05-04 03:20:06 INFO Epoch 116/160	Training Loss: 1.6434	Time remaining is 1h:14m
2024-05-04 03:21:41 INFO Epoch 117/160	Training Loss: 1.6458	Time remaining is 1h:13m
2024-05-04 03:23:17 INFO Epoch 118/160	Training Loss: 1.6479	Time remaining is 1h:11m
2024-05-04 03:24:52 INFO Epoch 119/160	Training Loss: 1.6464	Time remaining is 1h:9m
2024-05-04 03:26:26 INFO Epoch 120/160	Training Loss: 1.6373	Time remaining is 1h:8m
2024-05-04 03:27:44 INFO Testing: dataset_name: DukeMTMC-reID top1:0.7913 top5:0.8855 top10:0.9147 mAP:0.6095
2024-05-04 03:29:18 INFO Epoch 121/160	Training Loss: 1.6364	Time remaining is 1h:6m
2024-05-04 03:30:54 INFO Epoch 122/160	Training Loss: 1.6596	Time remaining is 1h:5m
2024-05-04 03:32:30 INFO Epoch 123/160	Training Loss: 1.6456	Time remaining is 1h:3m
2024-05-04 03:34:05 INFO Epoch 124/160	Training Loss: 1.6372	Time remaining is 1h:1m
2024-05-04 03:35:40 INFO Epoch 125/160	Training Loss: 1.6379	Time remaining is 0h:60m
2024-05-04 03:36:57 INFO Testing: dataset_name: DukeMTMC-reID top1:0.7868 top5:0.8842 top10:0.9071 mAP:0.6012
2024-05-04 03:38:33 INFO Epoch 126/160	Training Loss: 1.6497	Time remaining is 0h:58m
2024-05-04 03:40:08 INFO Epoch 127/160	Training Loss: 1.6445	Time remaining is 0h:57m
2024-05-04 03:41:43 INFO Epoch 128/160	Training Loss: 1.6347	Time remaining is 0h:55m
2024-05-04 03:43:18 INFO Epoch 129/160	Training Loss: 1.6363	Time remaining is 0h:53m
2024-05-04 03:44:53 INFO Epoch 130/160	Training Loss: 1.6423	Time remaining is 0h:52m
2024-05-04 03:46:11 INFO Testing: dataset_name: DukeMTMC-reID top1:0.7837 top5:0.8730 top10:0.9013 mAP:0.5905
2024-05-04 03:47:46 INFO Epoch 131/160	Training Loss: 1.6456	Time remaining is 0h:50m
2024-05-04 03:49:21 INFO Epoch 132/160	Training Loss: 1.6443	Time remaining is 0h:49m
2024-05-04 03:50:56 INFO Epoch 133/160	Training Loss: 1.6352	Time remaining is 0h:47m
2024-05-04 03:52:31 INFO Epoch 134/160	Training Loss: 1.6356	Time remaining is 0h:45m
2024-05-04 03:54:07 INFO Epoch 135/160	Training Loss: 1.6479	Time remaining is 0h:43m
2024-05-04 03:55:24 INFO Testing: dataset_name: DukeMTMC-reID top1:0.7940 top5:0.8891 top10:0.9156 mAP:0.6093
2024-05-04 03:57:00 INFO Epoch 136/160	Training Loss: 1.6432	Time remaining is 0h:42m
2024-05-04 03:58:34 INFO Epoch 137/160	Training Loss: 1.6336	Time remaining is 0h:40m
2024-05-04 04:00:10 INFO Epoch 138/160	Training Loss: 1.6458	Time remaining is 0h:39m
2024-05-04 04:01:45 INFO Epoch 139/160	Training Loss: 1.6379	Time remaining is 0h:37m
2024-05-04 04:03:21 INFO Epoch 140/160	Training Loss: 1.6391	Time remaining is 0h:35m
2024-05-04 04:04:38 INFO Testing: dataset_name: DukeMTMC-reID top1:0.7949 top5:0.8963 top10:0.9197 mAP:0.6190
2024-05-04 04:06:13 INFO Epoch 141/160	Training Loss: 1.6470	Time remaining is 0h:34m
2024-05-04 04:07:49 INFO Epoch 142/160	Training Loss: 1.6384	Time remaining is 0h:32m
2024-05-04 04:09:24 INFO Epoch 143/160	Training Loss: 1.6384	Time remaining is 0h:30m
2024-05-04 04:10:59 INFO Epoch 144/160	Training Loss: 1.6348	Time remaining is 0h:29m
2024-05-04 04:12:35 INFO Epoch 145/160	Training Loss: 1.6391	Time remaining is 0h:27m
2024-05-04 04:13:52 INFO Testing: dataset_name: DukeMTMC-reID top1:0.7935 top5:0.8909 top10:0.9143 mAP:0.6131
2024-05-04 04:15:27 INFO Epoch 146/160	Training Loss: 1.6423	Time remaining is 0h:25m
2024-05-04 04:17:03 INFO Epoch 147/160	Training Loss: 1.6458	Time remaining is 0h:24m
2024-05-04 04:18:39 INFO Epoch 148/160	Training Loss: 1.6458	Time remaining is 0h:22m
2024-05-04 04:20:14 INFO Epoch 149/160	Training Loss: 1.6475	Time remaining is 0h:20m
2024-05-04 04:21:50 INFO Epoch 150/160	Training Loss: 1.6487	Time remaining is 0h:19m
2024-05-04 04:23:07 INFO Testing: dataset_name: DukeMTMC-reID top1:0.7899 top5:0.8829 top10:0.9093 mAP:0.6036
2024-05-04 04:24:42 INFO Epoch 151/160	Training Loss: 1.6492	Time remaining is 0h:17m
2024-05-04 04:26:17 INFO Epoch 152/160	Training Loss: 1.6241	Time remaining is 0h:15m
2024-05-04 04:27:53 INFO Epoch 153/160	Training Loss: 1.6457	Time remaining is 0h:14m
2024-05-04 04:29:29 INFO Epoch 154/160	Training Loss: 1.6521	Time remaining is 0h:12m
2024-05-04 04:31:04 INFO Epoch 155/160	Training Loss: 1.6357	Time remaining is 0h:10m
2024-05-04 04:32:21 INFO Testing: dataset_name: DukeMTMC-reID top1:0.7859 top5:0.8806 top10:0.9017 mAP:0.5971
2024-05-04 04:33:57 INFO Epoch 156/160	Training Loss: 1.6392	Time remaining is 0h:9m
2024-05-04 04:35:32 INFO Epoch 157/160	Training Loss: 1.6418	Time remaining is 0h:7m
2024-05-04 04:37:07 INFO Epoch 158/160	Training Loss: 1.6306	Time remaining is 0h:5m
2024-05-04 04:38:42 INFO Epoch 159/160	Training Loss: 1.6306	Time remaining is 0h:3m
2024-05-04 04:40:17 INFO Epoch 160/160	Training Loss: 1.6303	Time remaining is 0h:2m
2024-05-04 04:41:34 INFO Testing: dataset_name: DukeMTMC-reID top1:0.7805 top5:0.8694 top10:0.8950 mAP:0.5887
2024-05-04 04:41:34 INFO The running time of training: 1.63881e+04 s
