2024-04-23 20:22:57 INFO ##################################################
2024-04-23 20:22:57 INFO Config values: batch_size: 60	current_directory: /home/hy/project/reid_task/ex_main1	dataset_name: market1501	dataset_path: /home/hy/project/data/Market-1501-v15.09.15	device: cuda	dtype: torch.float32	epoch_start_test: 90	epochs: 160	img_height: 256	img_width: 128	logs_outputs_path: /home/hy/project/reid_task/ex_main1/./outputs/logs	models_outputs_path: /home/hy/project/reid_task/ex_main1/./outputs/models	np: <module 'numpy' from '/home/hy/anaconda3/envs/py396/lib/python3.9/site-packages/numpy/__init__.py'>	os: <module 'os' from '/home/hy/anaconda3/envs/py396/lib/python3.9/os.py'>	outputs_dir: ./outputs/	outputs_path: /home/hy/project/reid_task/ex_main1/./outputs/	print_every: 1	seed: 1	taskname: ReID_Task	temps_outputs_path: /home/hy/project/reid_task/ex_main1/./outputs/temps	test_batch_size: 256	test_every: 5	torch: <module 'torch' from '/home/hy/anaconda3/envs/py396/lib/python3.9/site-packages/torch/__init__.py'>
2024-04-23 20:22:57 INFO Task: ReID_Task
2024-04-23 20:22:57 INFO Using device: cuda
2024-04-23 20:22:57 INFO Using data type: torch.float32
2024-04-23 20:22:57 INFO Number of GPUs: 1
2024-04-23 20:22:57 INFO GPU is_available: True
2024-04-23 20:22:57 INFO GPU name: NVIDIA GeForce RTX 3060
2024-04-23 20:22:57 INFO CUDA version: 12.1
2024-04-23 20:22:57 INFO Current device id: 0
2024-04-23 20:22:57 INFO ##################################################
2024-04-23 20:24:28 INFO Epoch 1/160	Training Loss: 9.6504	Time remaining is 3h:59m
2024-04-23 20:25:55 INFO Epoch 2/160	Training Loss: 8.1704	Time remaining is 3h:55m
2024-04-23 20:27:23 INFO Epoch 3/160	Training Loss: 6.3506	Time remaining is 3h:52m
2024-04-23 20:28:50 INFO Epoch 4/160	Training Loss: 4.8919	Time remaining is 3h:50m
2024-04-23 20:30:16 INFO Epoch 5/160	Training Loss: 3.8157	Time remaining is 3h:48m
2024-04-23 20:31:43 INFO Epoch 6/160	Training Loss: 3.1100	Time remaining is 3h:46m
2024-04-23 20:33:09 INFO Epoch 7/160	Training Loss: 2.7344	Time remaining is 3h:44m
2024-04-23 20:34:35 INFO Epoch 8/160	Training Loss: 2.5355	Time remaining is 3h:42m
2024-04-23 20:36:01 INFO Epoch 9/160	Training Loss: 2.4279	Time remaining is 3h:40m
2024-04-23 20:37:28 INFO Epoch 10/160	Training Loss: 2.3532	Time remaining is 3h:39m
2024-04-23 20:38:54 INFO Epoch 11/160	Training Loss: 2.3122	Time remaining is 3h:37m
2024-04-23 20:40:21 INFO Epoch 12/160	Training Loss: 2.2575	Time remaining is 3h:36m
2024-04-23 20:41:48 INFO Epoch 13/160	Training Loss: 2.2108	Time remaining is 3h:34m
2024-04-23 20:43:15 INFO Epoch 14/160	Training Loss: 2.1867	Time remaining is 3h:33m
2024-04-23 20:44:41 INFO Epoch 15/160	Training Loss: 2.1652	Time remaining is 3h:31m
2024-04-23 20:46:08 INFO Epoch 16/160	Training Loss: 2.1521	Time remaining is 3h:30m
2024-04-23 20:47:34 INFO Epoch 17/160	Training Loss: 2.1389	Time remaining is 3h:28m
2024-04-23 20:49:00 INFO Epoch 18/160	Training Loss: 2.1270	Time remaining is 3h:27m
2024-04-23 20:50:26 INFO Epoch 19/160	Training Loss: 2.1302	Time remaining is 3h:25m
2024-04-23 20:51:53 INFO Epoch 20/160	Training Loss: 2.1206	Time remaining is 3h:24m
2024-04-23 20:53:20 INFO Epoch 21/160	Training Loss: 2.1109	Time remaining is 3h:22m
2024-04-23 20:54:46 INFO Epoch 22/160	Training Loss: 2.1114	Time remaining is 3h:21m
2024-04-23 20:56:13 INFO Epoch 23/160	Training Loss: 2.1069	Time remaining is 3h:19m
2024-04-23 20:57:39 INFO Epoch 24/160	Training Loss: 2.1211	Time remaining is 3h:18m
2024-04-23 20:59:06 INFO Epoch 25/160	Training Loss: 2.1136	Time remaining is 3h:17m
2024-04-23 21:00:32 INFO Epoch 26/160	Training Loss: 2.1344	Time remaining is 3h:15m
2024-04-23 21:01:59 INFO Epoch 27/160	Training Loss: 2.1255	Time remaining is 3h:14m
2024-04-23 21:03:25 INFO Epoch 28/160	Training Loss: 2.1080	Time remaining is 3h:12m
2024-04-23 21:04:51 INFO Epoch 29/160	Training Loss: 2.1079	Time remaining is 3h:11m
2024-04-23 21:06:17 INFO Epoch 30/160	Training Loss: 2.1083	Time remaining is 3h:9m
2024-04-23 21:07:44 INFO Epoch 31/160	Training Loss: 2.0979	Time remaining is 3h:8m
2024-04-23 21:09:10 INFO Epoch 32/160	Training Loss: 2.1153	Time remaining is 3h:6m
2024-04-23 21:10:36 INFO Epoch 33/160	Training Loss: 2.1029	Time remaining is 3h:5m
2024-04-23 21:12:03 INFO Epoch 34/160	Training Loss: 2.0970	Time remaining is 3h:3m
2024-04-23 21:13:29 INFO Epoch 35/160	Training Loss: 2.1047	Time remaining is 3h:2m
2024-04-23 21:14:56 INFO Epoch 36/160	Training Loss: 2.0950	Time remaining is 3h:0m
2024-04-23 21:16:22 INFO Epoch 37/160	Training Loss: 2.0913	Time remaining is 2h:59m
2024-04-23 21:17:48 INFO Epoch 38/160	Training Loss: 2.1073	Time remaining is 2h:57m
2024-04-23 21:19:15 INFO Epoch 39/160	Training Loss: 2.1014	Time remaining is 2h:56m
2024-04-23 21:20:41 INFO Epoch 40/160	Training Loss: 2.0947	Time remaining is 2h:55m
2024-04-23 21:22:08 INFO Epoch 41/160	Training Loss: 2.0361	Time remaining is 2h:53m
2024-04-23 21:23:34 INFO Epoch 42/160	Training Loss: 1.9659	Time remaining is 2h:52m
2024-04-23 21:25:00 INFO Epoch 43/160	Training Loss: 1.9606	Time remaining is 2h:50m
2024-04-23 21:26:26 INFO Epoch 44/160	Training Loss: 1.9513	Time remaining is 2h:49m
2024-04-23 21:27:53 INFO Epoch 45/160	Training Loss: 1.9473	Time remaining is 2h:47m
2024-04-23 21:29:19 INFO Epoch 46/160	Training Loss: 1.9447	Time remaining is 2h:46m
2024-04-23 21:30:46 INFO Epoch 47/160	Training Loss: 1.9295	Time remaining is 2h:44m
2024-04-23 21:32:12 INFO Epoch 48/160	Training Loss: 1.9358	Time remaining is 2h:43m
2024-04-23 21:33:38 INFO Epoch 49/160	Training Loss: 1.9231	Time remaining is 2h:42m
2024-04-23 21:35:05 INFO Epoch 50/160	Training Loss: 1.9304	Time remaining is 2h:40m
2024-04-23 21:36:31 INFO Epoch 51/160	Training Loss: 1.9183	Time remaining is 2h:39m
2024-04-23 21:37:58 INFO Epoch 52/160	Training Loss: 1.9249	Time remaining is 2h:37m
2024-04-23 21:39:24 INFO Epoch 53/160	Training Loss: 1.9254	Time remaining is 2h:36m
2024-04-23 21:40:51 INFO Epoch 54/160	Training Loss: 1.9223	Time remaining is 2h:34m
2024-04-23 21:42:17 INFO Epoch 55/160	Training Loss: 1.9232	Time remaining is 2h:33m
2024-04-23 21:43:44 INFO Epoch 56/160	Training Loss: 1.9214	Time remaining is 2h:31m
2024-04-23 21:45:10 INFO Epoch 57/160	Training Loss: 1.9099	Time remaining is 2h:30m
2024-04-23 21:46:36 INFO Epoch 58/160	Training Loss: 1.9206	Time remaining is 2h:29m
2024-04-23 21:48:03 INFO Epoch 59/160	Training Loss: 1.9192	Time remaining is 2h:27m
2024-04-23 21:49:29 INFO Epoch 60/160	Training Loss: 1.9133	Time remaining is 2h:26m
2024-04-23 21:50:56 INFO Epoch 61/160	Training Loss: 1.9173	Time remaining is 2h:24m
2024-04-23 21:52:22 INFO Epoch 62/160	Training Loss: 1.9137	Time remaining is 2h:23m
2024-04-23 21:53:49 INFO Epoch 63/160	Training Loss: 1.9131	Time remaining is 2h:21m
2024-04-23 21:55:16 INFO Epoch 64/160	Training Loss: 1.9129	Time remaining is 2h:20m
2024-04-23 21:56:43 INFO Epoch 65/160	Training Loss: 1.9099	Time remaining is 2h:18m
2024-04-23 21:58:09 INFO Epoch 66/160	Training Loss: 1.9105	Time remaining is 2h:17m
2024-04-23 21:59:37 INFO Epoch 67/160	Training Loss: 1.9193	Time remaining is 2h:16m
2024-04-23 22:01:03 INFO Epoch 68/160	Training Loss: 1.9080	Time remaining is 2h:14m
2024-04-23 22:02:29 INFO Epoch 69/160	Training Loss: 1.9022	Time remaining is 2h:13m
2024-04-23 22:03:55 INFO Epoch 70/160	Training Loss: 1.9105	Time remaining is 2h:11m
2024-04-23 22:05:22 INFO Epoch 71/160	Training Loss: 1.9071	Time remaining is 2h:10m
2024-04-23 22:06:49 INFO Epoch 72/160	Training Loss: 1.9002	Time remaining is 2h:8m
2024-04-23 22:08:15 INFO Epoch 73/160	Training Loss: 1.8981	Time remaining is 2h:7m
2024-04-23 22:09:41 INFO Epoch 74/160	Training Loss: 1.8883	Time remaining is 2h:5m
2024-04-23 22:11:07 INFO Epoch 75/160	Training Loss: 1.8900	Time remaining is 2h:4m
2024-04-23 22:12:33 INFO Epoch 76/160	Training Loss: 1.8861	Time remaining is 2h:3m
2024-04-23 22:14:00 INFO Epoch 77/160	Training Loss: 1.8973	Time remaining is 2h:1m
2024-04-23 22:15:26 INFO Epoch 78/160	Training Loss: 1.8862	Time remaining is 1h:60m
2024-04-23 22:16:52 INFO Epoch 79/160	Training Loss: 1.8941	Time remaining is 1h:58m
2024-04-23 22:18:19 INFO Epoch 80/160	Training Loss: 1.8955	Time remaining is 1h:57m
2024-04-23 22:19:45 INFO Epoch 81/160	Training Loss: 1.8949	Time remaining is 1h:55m
2024-04-23 22:21:12 INFO Epoch 82/160	Training Loss: 1.8949	Time remaining is 1h:54m
2024-04-23 22:22:38 INFO Epoch 83/160	Training Loss: 1.8936	Time remaining is 1h:52m
2024-04-23 22:24:05 INFO Epoch 84/160	Training Loss: 1.8930	Time remaining is 1h:51m
2024-04-23 22:25:31 INFO Epoch 85/160	Training Loss: 1.8950	Time remaining is 1h:50m
2024-04-23 22:26:58 INFO Epoch 86/160	Training Loss: 1.8930	Time remaining is 1h:48m
2024-04-23 22:28:24 INFO Epoch 87/160	Training Loss: 1.8927	Time remaining is 1h:47m
2024-04-23 22:29:50 INFO Epoch 88/160	Training Loss: 1.8820	Time remaining is 1h:45m
2024-04-23 22:31:17 INFO Epoch 89/160	Training Loss: 1.8926	Time remaining is 1h:44m
2024-04-23 22:32:43 INFO Epoch 90/160	Training Loss: 1.8925	Time remaining is 1h:42m
2024-04-23 22:34:13 INFO Testing: dataset_name: market1501 top1:0.9507 top5:0.9840 top10:0.9914 mAP:0.8700
2024-04-23 22:35:39 INFO Epoch 91/160	Training Loss: 1.8926	Time remaining is 1h:42m
2024-04-23 22:37:05 INFO Epoch 92/160	Training Loss: 1.8817	Time remaining is 1h:41m
2024-04-23 22:38:32 INFO Epoch 93/160	Training Loss: 1.8931	Time remaining is 1h:39m
2024-04-23 22:39:58 INFO Epoch 94/160	Training Loss: 1.8907	Time remaining is 1h:38m
2024-04-23 22:41:24 INFO Epoch 95/160	Training Loss: 1.8809	Time remaining is 1h:36m
2024-04-23 22:42:51 INFO Testing: dataset_name: market1501 top1:0.9525 top5:0.9822 top10:0.9911 mAP:0.8713
2024-04-23 22:44:18 INFO Epoch 96/160	Training Loss: 1.8919	Time remaining is 1h:36m
2024-04-23 22:45:44 INFO Epoch 97/160	Training Loss: 1.8805	Time remaining is 1h:34m
2024-04-23 22:47:10 INFO Epoch 98/160	Training Loss: 1.8921	Time remaining is 1h:33m
2024-04-23 22:48:37 INFO Epoch 99/160	Training Loss: 1.8916	Time remaining is 1h:31m
2024-04-23 22:50:03 INFO Epoch 100/160	Training Loss: 1.8892	Time remaining is 1h:30m
2024-04-23 22:51:30 INFO Testing: dataset_name: market1501 top1:0.9531 top5:0.9837 top10:0.9914 mAP:0.8711
2024-04-23 22:52:57 INFO Epoch 101/160	Training Loss: 1.8927	Time remaining is 1h:29m
2024-04-23 22:54:23 INFO Epoch 102/160	Training Loss: 1.8908	Time remaining is 1h:28m
2024-04-23 22:55:50 INFO Epoch 103/160	Training Loss: 1.8895	Time remaining is 1h:26m
2024-04-23 22:57:17 INFO Epoch 104/160	Training Loss: 1.8883	Time remaining is 1h:25m
2024-04-23 22:58:44 INFO Epoch 105/160	Training Loss: 1.8993	Time remaining is 1h:23m
2024-04-23 23:00:11 INFO Testing: dataset_name: market1501 top1:0.9507 top5:0.9846 top10:0.9920 mAP:0.8711
2024-04-23 23:01:37 INFO Epoch 106/160	Training Loss: 1.8890	Time remaining is 1h:22m
2024-04-23 23:03:03 INFO Epoch 107/160	Training Loss: 1.8794	Time remaining is 1h:21m
2024-04-23 23:04:30 INFO Epoch 108/160	Training Loss: 1.8913	Time remaining is 1h:19m
2024-04-23 23:05:56 INFO Epoch 109/160	Training Loss: 1.8894	Time remaining is 1h:18m
2024-04-23 23:07:22 INFO Epoch 110/160	Training Loss: 1.8878	Time remaining is 1h:16m
2024-04-23 23:08:50 INFO Testing: dataset_name: market1501 top1:0.9516 top5:0.9831 top10:0.9920 mAP:0.8725
2024-04-23 23:10:16 INFO Epoch 111/160	Training Loss: 1.8782	Time remaining is 1h:15m
2024-04-23 23:11:43 INFO Epoch 112/160	Training Loss: 1.8881	Time remaining is 1h:14m
2024-04-23 23:13:10 INFO Epoch 113/160	Training Loss: 1.8875	Time remaining is 1h:12m
2024-04-23 23:14:36 INFO Epoch 114/160	Training Loss: 1.8812	Time remaining is 1h:11m
2024-04-23 23:16:03 INFO Epoch 115/160	Training Loss: 1.8967	Time remaining is 1h:9m
2024-04-23 23:17:30 INFO Testing: dataset_name: market1501 top1:0.9510 top5:0.9822 top10:0.9917 mAP:0.8727
2024-04-23 23:18:57 INFO Epoch 116/160	Training Loss: 1.8885	Time remaining is 1h:8m
2024-04-23 23:20:23 INFO Epoch 117/160	Training Loss: 1.8890	Time remaining is 1h:7m
2024-04-23 23:21:50 INFO Epoch 118/160	Training Loss: 1.8876	Time remaining is 1h:5m
2024-04-23 23:23:17 INFO Epoch 119/160	Training Loss: 1.8970	Time remaining is 1h:4m
2024-04-23 23:24:43 INFO Epoch 120/160	Training Loss: 1.8770	Time remaining is 1h:2m
2024-04-23 23:26:10 INFO Testing: dataset_name: market1501 top1:0.9516 top5:0.9840 top10:0.9917 mAP:0.8739
2024-04-23 23:27:36 INFO Epoch 121/160	Training Loss: 1.8878	Time remaining is 1h:1m
2024-04-23 23:29:03 INFO Epoch 122/160	Training Loss: 1.8856	Time remaining is 0h:59m
2024-04-23 23:30:29 INFO Epoch 123/160	Training Loss: 1.8858	Time remaining is 0h:58m
2024-04-23 23:31:55 INFO Epoch 124/160	Training Loss: 1.8772	Time remaining is 0h:56m
2024-04-23 23:33:22 INFO Epoch 125/160	Training Loss: 1.8870	Time remaining is 0h:55m
2024-04-23 23:34:49 INFO Testing: dataset_name: market1501 top1:0.9519 top5:0.9831 top10:0.9905 mAP:0.8740
2024-04-23 23:36:15 INFO Epoch 126/160	Training Loss: 1.8865	Time remaining is 0h:54m
2024-04-23 23:37:42 INFO Epoch 127/160	Training Loss: 1.8868	Time remaining is 0h:52m
2024-04-23 23:39:08 INFO Epoch 128/160	Training Loss: 1.8853	Time remaining is 0h:51m
2024-04-23 23:40:35 INFO Epoch 129/160	Training Loss: 1.8866	Time remaining is 0h:49m
2024-04-23 23:42:01 INFO Epoch 130/160	Training Loss: 1.8869	Time remaining is 0h:47m
2024-04-23 23:43:28 INFO Testing: dataset_name: market1501 top1:0.9519 top5:0.9831 top10:0.9896 mAP:0.8749
2024-04-23 23:44:54 INFO Epoch 131/160	Training Loss: 1.8771	Time remaining is 0h:46m
2024-04-23 23:46:21 INFO Epoch 132/160	Training Loss: 1.8850	Time remaining is 0h:45m
2024-04-23 23:47:47 INFO Epoch 133/160	Training Loss: 1.8771	Time remaining is 0h:43m
2024-04-23 23:49:14 INFO Epoch 134/160	Training Loss: 1.8847	Time remaining is 0h:42m
2024-04-23 23:50:40 INFO Epoch 135/160	Training Loss: 1.8747	Time remaining is 0h:40m
2024-04-23 23:52:07 INFO Testing: dataset_name: market1501 top1:0.9534 top5:0.9843 top10:0.9914 mAP:0.8769
2024-04-23 23:53:33 INFO Epoch 136/160	Training Loss: 1.8753	Time remaining is 0h:39m
2024-04-23 23:55:00 INFO Epoch 137/160	Training Loss: 1.8859	Time remaining is 0h:37m
2024-04-23 23:56:26 INFO Epoch 138/160	Training Loss: 1.8847	Time remaining is 0h:36m
2024-04-23 23:57:52 INFO Epoch 139/160	Training Loss: 1.8751	Time remaining is 0h:34m
2024-04-23 23:59:18 INFO Epoch 140/160	Training Loss: 1.8835	Time remaining is 0h:32m
2024-04-24 00:00:45 INFO Testing: dataset_name: market1501 top1:0.9528 top5:0.9828 top10:0.9917 mAP:0.8757
2024-04-24 00:02:12 INFO Epoch 141/160	Training Loss: 1.8854	Time remaining is 0h:31m
2024-04-24 00:03:39 INFO Epoch 142/160	Training Loss: 1.8845	Time remaining is 0h:30m
2024-04-24 00:05:06 INFO Epoch 143/160	Training Loss: 1.8851	Time remaining is 0h:28m
2024-04-24 00:06:32 INFO Epoch 144/160	Training Loss: 1.8836	Time remaining is 0h:26m
2024-04-24 00:07:59 INFO Epoch 145/160	Training Loss: 1.8855	Time remaining is 0h:25m
2024-04-24 00:09:26 INFO Testing: dataset_name: market1501 top1:0.9528 top5:0.9834 top10:0.9914 mAP:0.8764
2024-04-24 00:10:53 INFO Epoch 146/160	Training Loss: 1.8832	Time remaining is 0h:23m
2024-04-24 00:12:19 INFO Epoch 147/160	Training Loss: 1.8854	Time remaining is 0h:22m
2024-04-24 00:13:46 INFO Epoch 148/160	Training Loss: 1.8829	Time remaining is 0h:20m
2024-04-24 00:15:13 INFO Epoch 149/160	Training Loss: 1.8947	Time remaining is 0h:19m
2024-04-24 00:16:39 INFO Epoch 150/160	Training Loss: 1.8732	Time remaining is 0h:17m
2024-04-24 00:18:06 INFO Testing: dataset_name: market1501 top1:0.9537 top5:0.9828 top10:0.9914 mAP:0.8767
2024-04-24 00:19:33 INFO Epoch 151/160	Training Loss: 1.8848	Time remaining is 0h:16m
2024-04-24 00:20:59 INFO Epoch 152/160	Training Loss: 1.8827	Time remaining is 0h:14m
2024-04-24 00:22:26 INFO Epoch 153/160	Training Loss: 1.8828	Time remaining is 0h:13m
2024-04-24 00:23:52 INFO Epoch 154/160	Training Loss: 1.8833	Time remaining is 0h:11m
2024-04-24 00:25:19 INFO Epoch 155/160	Training Loss: 1.8823	Time remaining is 0h:9m
2024-04-24 00:26:46 INFO Testing: dataset_name: market1501 top1:0.9522 top5:0.9843 top10:0.9905 mAP:0.8770
2024-04-24 00:28:12 INFO Epoch 156/160	Training Loss: 1.8726	Time remaining is 0h:8m
2024-04-24 00:29:38 INFO Epoch 157/160	Training Loss: 1.8824	Time remaining is 0h:6m
2024-04-24 00:31:04 INFO Epoch 158/160	Training Loss: 1.8746	Time remaining is 0h:5m
2024-04-24 00:32:31 INFO Epoch 159/160	Training Loss: 1.8824	Time remaining is 0h:3m
2024-04-24 00:33:57 INFO Epoch 160/160	Training Loss: 1.8720	Time remaining is 0h:2m
2024-04-24 00:35:24 INFO Testing: dataset_name: market1501 top1:0.9528 top5:0.9837 top10:0.9914 mAP:0.8768
2024-04-24 00:35:24 INFO The running time of training: 1.51469e+04 s
