2024-04-05 16:55:17 INFO ##################################################
2024-04-05 16:55:17 INFO Config values: batch_size: 60	current_directory: /home/hy/project/reid_task/ex_main1	dataset_name: cuhk03-np-detected	dataset_path: /home/hy/project/data/cuhk03-np/detected	device: cuda	dtype: torch.float32	epoch_start_test: 90	epochs: 120	img_height: 256	img_width: 128	logs_outputs_path: /home/hy/project/reid_task/ex_main1/./outputs/logs	models_outputs_path: /home/hy/project/reid_task/ex_main1/./outputs/models	np: <module 'numpy' from '/home/hy/anaconda3/envs/py396/lib/python3.9/site-packages/numpy/__init__.py'>	os: <module 'os' from '/home/hy/anaconda3/envs/py396/lib/python3.9/os.py'>	outputs_dir: ./outputs/	outputs_path: /home/hy/project/reid_task/ex_main1/./outputs/	print_every: 1	seed: 1	taskname: ReID_Task	temps_outputs_path: /home/hy/project/reid_task/ex_main1/./outputs/temps	test_batch_size: 256	test_every: 5	torch: <module 'torch' from '/home/hy/anaconda3/envs/py396/lib/python3.9/site-packages/torch/__init__.py'>
2024-04-05 16:55:17 INFO Task: ReID_Task
2024-04-05 16:55:17 INFO Using device: cuda
2024-04-05 16:55:17 INFO Using data type: torch.float32
2024-04-05 16:55:17 INFO Number of GPUs: 1
2024-04-05 16:55:17 INFO GPU is_available: True
2024-04-05 16:55:17 INFO GPU name: NVIDIA GeForce RTX 3060
2024-04-05 16:55:17 INFO CUDA version: 12.1
2024-04-05 16:55:17 INFO Current device id: 0
2024-04-05 16:55:17 INFO ##################################################
2024-04-05 16:56:03 INFO Epoch 1/120	Training Loss: 8.7092	Time remaining is 1h:30m
2024-04-05 16:56:46 INFO Epoch 2/120	Training Loss: 7.8002	Time remaining is 1h:27m
2024-04-05 16:57:28 INFO Epoch 3/120	Training Loss: 6.8658	Time remaining is 1h:25m
2024-04-05 16:58:11 INFO Epoch 4/120	Training Loss: 5.8530	Time remaining is 1h:24m
2024-04-05 16:58:53 INFO Epoch 5/120	Training Loss: 4.8990	Time remaining is 1h:23m
2024-04-05 16:59:35 INFO Epoch 6/120	Training Loss: 3.9727	Time remaining is 1h:22m
2024-04-05 17:00:17 INFO Epoch 7/120	Training Loss: 3.1947	Time remaining is 1h:21m
2024-04-05 17:00:59 INFO Epoch 8/120	Training Loss: 2.6196	Time remaining is 1h:20m
2024-04-05 17:01:41 INFO Epoch 9/120	Training Loss: 2.3209	Time remaining is 1h:19m
2024-04-05 17:02:23 INFO Epoch 10/120	Training Loss: 2.1754	Time remaining is 1h:19m
2024-04-05 17:03:05 INFO Epoch 11/120	Training Loss: 2.0964	Time remaining is 1h:18m
2024-04-05 17:03:47 INFO Epoch 12/120	Training Loss: 2.0400	Time remaining is 1h:17m
2024-04-05 17:04:29 INFO Epoch 13/120	Training Loss: 1.9852	Time remaining is 1h:16m
2024-04-05 17:05:11 INFO Epoch 14/120	Training Loss: 1.9403	Time remaining is 1h:15m
2024-04-05 17:05:53 INFO Epoch 15/120	Training Loss: 1.9195	Time remaining is 1h:15m
2024-04-05 17:06:35 INFO Epoch 16/120	Training Loss: 1.9218	Time remaining is 1h:14m
2024-04-05 17:07:17 INFO Epoch 17/120	Training Loss: 1.8992	Time remaining is 1h:13m
2024-04-05 17:07:59 INFO Epoch 18/120	Training Loss: 1.8861	Time remaining is 1h:13m
2024-04-05 17:08:41 INFO Epoch 19/120	Training Loss: 1.8725	Time remaining is 1h:12m
2024-04-05 17:09:23 INFO Epoch 20/120	Training Loss: 1.8570	Time remaining is 1h:11m
2024-04-05 17:10:05 INFO Epoch 21/120	Training Loss: 1.8640	Time remaining is 1h:10m
2024-04-05 17:10:47 INFO Epoch 22/120	Training Loss: 1.8591	Time remaining is 1h:10m
2024-04-05 17:11:29 INFO Epoch 23/120	Training Loss: 1.8391	Time remaining is 1h:9m
2024-04-05 17:12:11 INFO Epoch 24/120	Training Loss: 1.8442	Time remaining is 1h:8m
2024-04-05 17:12:53 INFO Epoch 25/120	Training Loss: 1.8331	Time remaining is 1h:7m
2024-04-05 17:13:35 INFO Epoch 26/120	Training Loss: 1.8298	Time remaining is 1h:7m
2024-04-05 17:14:17 INFO Epoch 27/120	Training Loss: 1.8293	Time remaining is 1h:6m
2024-04-05 17:14:59 INFO Epoch 28/120	Training Loss: 1.8234	Time remaining is 1h:5m
2024-04-05 17:15:41 INFO Epoch 29/120	Training Loss: 1.8250	Time remaining is 1h:5m
2024-04-05 17:16:23 INFO Epoch 30/120	Training Loss: 1.8200	Time remaining is 1h:4m
2024-04-05 17:17:05 INFO Epoch 31/120	Training Loss: 1.8292	Time remaining is 1h:3m
2024-04-05 17:17:47 INFO Epoch 32/120	Training Loss: 1.8334	Time remaining is 1h:3m
2024-04-05 17:18:29 INFO Epoch 33/120	Training Loss: 1.8370	Time remaining is 1h:2m
2024-04-05 17:19:11 INFO Epoch 34/120	Training Loss: 1.8266	Time remaining is 1h:1m
2024-04-05 17:19:53 INFO Epoch 35/120	Training Loss: 1.8224	Time remaining is 1h:0m
2024-04-05 17:20:35 INFO Epoch 36/120	Training Loss: 1.8236	Time remaining is 0h:60m
2024-04-05 17:21:17 INFO Epoch 37/120	Training Loss: 1.8194	Time remaining is 0h:59m
2024-04-05 17:21:59 INFO Epoch 38/120	Training Loss: 1.8183	Time remaining is 0h:58m
2024-04-05 17:22:41 INFO Epoch 39/120	Training Loss: 1.8242	Time remaining is 0h:58m
2024-04-05 17:23:23 INFO Epoch 40/120	Training Loss: 1.8265	Time remaining is 0h:57m
2024-04-05 17:24:05 INFO Epoch 41/120	Training Loss: 1.7867	Time remaining is 0h:56m
2024-04-05 17:24:47 INFO Epoch 42/120	Training Loss: 1.7594	Time remaining is 0h:55m
2024-04-05 17:25:29 INFO Epoch 43/120	Training Loss: 1.7411	Time remaining is 0h:55m
2024-04-05 17:26:11 INFO Epoch 44/120	Training Loss: 1.7377	Time remaining is 0h:54m
2024-04-05 17:26:53 INFO Epoch 45/120	Training Loss: 1.7316	Time remaining is 0h:53m
2024-04-05 17:27:35 INFO Epoch 46/120	Training Loss: 1.7284	Time remaining is 0h:53m
2024-04-05 17:28:17 INFO Epoch 47/120	Training Loss: 1.7215	Time remaining is 0h:52m
2024-04-05 17:28:59 INFO Epoch 48/120	Training Loss: 1.7195	Time remaining is 0h:51m
2024-04-05 17:29:41 INFO Epoch 49/120	Training Loss: 1.7167	Time remaining is 0h:51m
2024-04-05 17:30:23 INFO Epoch 50/120	Training Loss: 1.7144	Time remaining is 0h:50m
2024-04-05 17:31:05 INFO Epoch 51/120	Training Loss: 1.7100	Time remaining is 0h:49m
2024-04-05 17:31:47 INFO Epoch 52/120	Training Loss: 1.7090	Time remaining is 0h:48m
2024-04-05 17:32:29 INFO Epoch 53/120	Training Loss: 1.7073	Time remaining is 0h:48m
2024-04-05 17:33:11 INFO Epoch 54/120	Training Loss: 1.7066	Time remaining is 0h:47m
2024-04-05 17:33:53 INFO Epoch 55/120	Training Loss: 1.7055	Time remaining is 0h:46m
2024-04-05 17:34:35 INFO Epoch 56/120	Training Loss: 1.7042	Time remaining is 0h:46m
2024-04-05 17:35:17 INFO Epoch 57/120	Training Loss: 1.7015	Time remaining is 0h:45m
2024-04-05 17:35:59 INFO Epoch 58/120	Training Loss: 1.7014	Time remaining is 0h:44m
2024-04-05 17:36:41 INFO Epoch 59/120	Training Loss: 1.7015	Time remaining is 0h:43m
2024-04-05 17:37:23 INFO Epoch 60/120	Training Loss: 1.7017	Time remaining is 0h:43m
2024-04-05 17:38:05 INFO Epoch 61/120	Training Loss: 1.6986	Time remaining is 0h:42m
2024-04-05 17:38:47 INFO Epoch 62/120	Training Loss: 1.6978	Time remaining is 0h:41m
2024-04-05 17:39:29 INFO Epoch 63/120	Training Loss: 1.6958	Time remaining is 0h:41m
2024-04-05 17:40:11 INFO Epoch 64/120	Training Loss: 1.6971	Time remaining is 0h:40m
2024-04-05 17:40:53 INFO Epoch 65/120	Training Loss: 1.6959	Time remaining is 0h:39m
2024-04-05 17:41:35 INFO Epoch 66/120	Training Loss: 1.6972	Time remaining is 0h:39m
2024-04-05 17:42:17 INFO Epoch 67/120	Training Loss: 1.6934	Time remaining is 0h:38m
2024-04-05 17:42:59 INFO Epoch 68/120	Training Loss: 1.6925	Time remaining is 0h:37m
2024-04-05 17:43:41 INFO Epoch 69/120	Training Loss: 1.6933	Time remaining is 0h:36m
2024-04-05 17:44:23 INFO Epoch 70/120	Training Loss: 1.6925	Time remaining is 0h:36m
2024-04-05 17:45:05 INFO Epoch 71/120	Training Loss: 1.6901	Time remaining is 0h:35m
2024-04-05 17:45:47 INFO Epoch 72/120	Training Loss: 1.6884	Time remaining is 0h:34m
2024-04-05 17:46:29 INFO Epoch 73/120	Training Loss: 1.6873	Time remaining is 0h:34m
2024-04-05 17:47:11 INFO Epoch 74/120	Training Loss: 1.6859	Time remaining is 0h:33m
2024-04-05 17:47:53 INFO Epoch 75/120	Training Loss: 1.6845	Time remaining is 0h:32m
2024-04-05 17:48:35 INFO Epoch 76/120	Training Loss: 1.6839	Time remaining is 0h:32m
2024-04-05 17:49:17 INFO Epoch 77/120	Training Loss: 1.6840	Time remaining is 0h:31m
2024-04-05 17:49:59 INFO Epoch 78/120	Training Loss: 1.6845	Time remaining is 0h:30m
2024-04-05 17:50:41 INFO Epoch 79/120	Training Loss: 1.6837	Time remaining is 0h:29m
2024-04-05 17:51:23 INFO Epoch 80/120	Training Loss: 1.6836	Time remaining is 0h:29m
2024-04-05 17:52:05 INFO Epoch 81/120	Training Loss: 1.6829	Time remaining is 0h:28m
2024-04-05 17:52:47 INFO Epoch 82/120	Training Loss: 1.6815	Time remaining is 0h:27m
2024-04-05 17:53:30 INFO Epoch 83/120	Training Loss: 1.6824	Time remaining is 0h:27m
2024-04-05 17:54:12 INFO Epoch 84/120	Training Loss: 1.6813	Time remaining is 0h:26m
2024-04-05 17:54:54 INFO Epoch 85/120	Training Loss: 1.6819	Time remaining is 0h:25m
2024-04-05 17:55:36 INFO Epoch 86/120	Training Loss: 1.6808	Time remaining is 0h:25m
2024-04-05 17:56:18 INFO Epoch 87/120	Training Loss: 1.6807	Time remaining is 0h:24m
2024-04-05 17:57:00 INFO Epoch 88/120	Training Loss: 1.6822	Time remaining is 0h:23m
2024-04-05 17:57:42 INFO Epoch 89/120	Training Loss: 1.6793	Time remaining is 0h:22m
2024-04-05 17:58:24 INFO Epoch 90/120	Training Loss: 1.6811	Time remaining is 0h:22m
2024-04-05 17:58:50 INFO Testing: dataset_name: cuhk03-np-detected top1:0.6393 top5:0.8100 top10:0.8829 mAP:0.6187
2024-04-05 17:59:33 INFO Epoch 91/120	Training Loss: 1.6814	Time remaining is 0h:21m
2024-04-05 18:00:15 INFO Epoch 92/120	Training Loss: 1.6808	Time remaining is 0h:20m
2024-04-05 18:00:57 INFO Epoch 93/120	Training Loss: 1.6792	Time remaining is 0h:20m
2024-04-05 18:01:39 INFO Epoch 94/120	Training Loss: 1.6811	Time remaining is 0h:19m
2024-04-05 18:02:21 INFO Epoch 95/120	Training Loss: 1.6795	Time remaining is 0h:18m
2024-04-05 18:02:46 INFO Testing: dataset_name: cuhk03-np-detected top1:0.6357 top5:0.8193 top10:0.8850 mAP:0.6188
2024-04-05 18:03:28 INFO Epoch 96/120	Training Loss: 1.6799	Time remaining is 0h:18m
2024-04-05 18:04:10 INFO Epoch 97/120	Training Loss: 1.6803	Time remaining is 0h:17m
2024-04-05 18:04:52 INFO Epoch 98/120	Training Loss: 1.6788	Time remaining is 0h:16m
2024-04-05 18:05:34 INFO Epoch 99/120	Training Loss: 1.6793	Time remaining is 0h:16m
2024-04-05 18:06:16 INFO Epoch 100/120	Training Loss: 1.6794	Time remaining is 0h:15m
2024-04-05 18:06:42 INFO Testing: dataset_name: cuhk03-np-detected top1:0.6429 top5:0.8214 top10:0.8800 mAP:0.6216
2024-04-05 18:07:24 INFO Epoch 101/120	Training Loss: 1.6789	Time remaining is 0h:14m
2024-04-05 18:08:06 INFO Epoch 102/120	Training Loss: 1.6787	Time remaining is 0h:14m
2024-04-05 18:08:48 INFO Epoch 103/120	Training Loss: 1.6783	Time remaining is 0h:13m
2024-04-05 18:09:30 INFO Epoch 104/120	Training Loss: 1.6774	Time remaining is 0h:12m
2024-04-05 18:10:12 INFO Epoch 105/120	Training Loss: 1.6790	Time remaining is 0h:11m
2024-04-05 18:10:37 INFO Testing: dataset_name: cuhk03-np-detected top1:0.6436 top5:0.8221 top10:0.8857 mAP:0.6269
2024-04-05 18:11:19 INFO Epoch 106/120	Training Loss: 1.6773	Time remaining is 0h:11m
2024-04-05 18:12:01 INFO Epoch 107/120	Training Loss: 1.6769	Time remaining is 0h:10m
2024-04-05 18:12:43 INFO Epoch 108/120	Training Loss: 1.6791	Time remaining is 0h:9m
2024-04-05 18:13:25 INFO Epoch 109/120	Training Loss: 1.6761	Time remaining is 0h:9m
2024-04-05 18:14:07 INFO Epoch 110/120	Training Loss: 1.6785	Time remaining is 0h:8m
2024-04-05 18:14:32 INFO Testing: dataset_name: cuhk03-np-detected top1:0.6464 top5:0.8214 top10:0.8850 mAP:0.6275
2024-04-05 18:15:14 INFO Epoch 111/120	Training Loss: 1.6775	Time remaining is 0h:7m
2024-04-05 18:15:56 INFO Epoch 112/120	Training Loss: 1.6776	Time remaining is 0h:6m
2024-04-05 18:16:39 INFO Epoch 113/120	Training Loss: 1.6765	Time remaining is 0h:6m
2024-04-05 18:17:21 INFO Epoch 114/120	Training Loss: 1.6776	Time remaining is 0h:5m
2024-04-05 18:18:03 INFO Epoch 115/120	Training Loss: 1.6766	Time remaining is 0h:4m
2024-04-05 18:18:28 INFO Testing: dataset_name: cuhk03-np-detected top1:0.6464 top5:0.8264 top10:0.8900 mAP:0.6321
2024-04-05 18:19:10 INFO Epoch 116/120	Training Loss: 1.6764	Time remaining is 0h:4m
2024-04-05 18:19:52 INFO Epoch 117/120	Training Loss: 1.6766	Time remaining is 0h:3m
2024-04-05 18:20:34 INFO Epoch 118/120	Training Loss: 1.6759	Time remaining is 0h:2m
2024-04-05 18:21:16 INFO Epoch 119/120	Training Loss: 1.6745	Time remaining is 0h:1m
2024-04-05 18:21:58 INFO Epoch 120/120	Training Loss: 1.6773	Time remaining is 0h:1m
2024-04-05 18:22:23 INFO Testing: dataset_name: cuhk03-np-detected top1:0.6457 top5:0.8250 top10:0.8843 mAP:0.6283
2024-04-05 18:22:24 INFO The running time of training: 5.22613e+03 s
