2024-04-08 22:39:36 INFO ##################################################
2024-04-08 22:39:36 INFO Config values: batch_size: 60	current_directory: /home/hy/project/reid_task/ex_main2	dataset_name: market1501	dataset_path: /home/hy/project/data/Market-1501-v15.09.15	device: cuda	dtype: torch.float32	epoch_start_test: 90	epochs: 120	img_height: 256	img_width: 128	logs_outputs_path: /home/hy/project/reid_task/ex_main2/outputs_numconv1/logs	models_outputs_path: /home/hy/project/reid_task/ex_main2/outputs_numconv1/models	np: <module 'numpy' from '/home/hy/anaconda3/envs/py396/lib/python3.9/site-packages/numpy/__init__.py'>	num_conv: 0	os: <module 'os' from '/home/hy/anaconda3/envs/py396/lib/python3.9/os.py'>	outputs_dir: ./outputs/	outputs_path: /home/hy/project/reid_task/ex_main2/outputs_numconv1/	print_every: 1	seed: 1	taskname: ReID_Task	temps_outputs_path: /home/hy/project/reid_task/ex_main2/outputs_numconv1/temps	test_batch_size: 256	test_every: 5	torch: <module 'torch' from '/home/hy/anaconda3/envs/py396/lib/python3.9/site-packages/torch/__init__.py'>
2024-04-08 22:39:36 INFO Task: ReID_Task
2024-04-08 22:39:36 INFO Using device: cuda
2024-04-08 22:39:36 INFO Using data type: torch.float32
2024-04-08 22:39:36 INFO Number of GPUs: 1
2024-04-08 22:39:36 INFO GPU is_available: True
2024-04-08 22:39:36 INFO GPU name: NVIDIA GeForce RTX 3060
2024-04-08 22:39:36 INFO CUDA version: 12.1
2024-04-08 22:39:36 INFO Current device id: 0
2024-04-08 22:39:36 INFO ##################################################
2024-04-08 22:40:49 INFO Epoch 1/120	Training Loss: 9.6506	Time remaining is 2h:24m
2024-04-08 22:42:00 INFO Epoch 2/120	Training Loss: 8.1666	Time remaining is 2h:22m
2024-04-08 22:43:12 INFO Epoch 3/120	Training Loss: 6.3329	Time remaining is 2h:21m
2024-04-08 22:44:24 INFO Epoch 4/120	Training Loss: 4.8603	Time remaining is 2h:20m
2024-04-08 22:45:35 INFO Epoch 5/120	Training Loss: 3.7764	Time remaining is 2h:18m
2024-04-08 22:46:46 INFO Epoch 6/120	Training Loss: 3.0793	Time remaining is 2h:17m
2024-04-08 22:47:57 INFO Epoch 7/120	Training Loss: 2.7182	Time remaining is 2h:16m
2024-04-08 22:49:08 INFO Epoch 8/120	Training Loss: 2.5336	Time remaining is 2h:15m
2024-04-08 22:50:20 INFO Epoch 9/120	Training Loss: 2.4267	Time remaining is 2h:13m
2024-04-08 22:51:31 INFO Epoch 10/120	Training Loss: 2.3567	Time remaining is 2h:12m
2024-04-08 22:52:42 INFO Epoch 11/120	Training Loss: 2.3310	Time remaining is 2h:11m
2024-04-08 22:53:54 INFO Epoch 12/120	Training Loss: 2.2703	Time remaining is 2h:10m
2024-04-08 22:55:05 INFO Epoch 13/120	Training Loss: 2.2209	Time remaining is 2h:9m
2024-04-08 22:56:17 INFO Epoch 14/120	Training Loss: 2.1988	Time remaining is 2h:7m
2024-04-08 22:57:28 INFO Epoch 15/120	Training Loss: 2.1730	Time remaining is 2h:6m
2024-04-08 22:58:40 INFO Epoch 16/120	Training Loss: 2.1539	Time remaining is 2h:5m
2024-04-08 22:59:51 INFO Epoch 17/120	Training Loss: 2.1333	Time remaining is 2h:4m
2024-04-08 23:01:02 INFO Epoch 18/120	Training Loss: 2.1357	Time remaining is 2h:3m
2024-04-08 23:02:13 INFO Epoch 19/120	Training Loss: 2.1329	Time remaining is 2h:1m
2024-04-08 23:03:25 INFO Epoch 20/120	Training Loss: 2.1229	Time remaining is 2h:0m
2024-04-08 23:04:36 INFO Epoch 21/120	Training Loss: 2.1185	Time remaining is 1h:59m
2024-04-08 23:05:47 INFO Epoch 22/120	Training Loss: 2.1086	Time remaining is 1h:58m
2024-04-08 23:06:58 INFO Epoch 23/120	Training Loss: 2.1061	Time remaining is 1h:57m
2024-04-08 23:08:10 INFO Epoch 24/120	Training Loss: 2.1115	Time remaining is 1h:55m
2024-04-08 23:09:21 INFO Epoch 25/120	Training Loss: 2.1144	Time remaining is 1h:54m
2024-04-08 23:10:33 INFO Epoch 26/120	Training Loss: 2.1289	Time remaining is 1h:53m
2024-04-08 23:11:45 INFO Epoch 27/120	Training Loss: 2.1166	Time remaining is 1h:52m
2024-04-08 23:12:56 INFO Epoch 28/120	Training Loss: 2.1139	Time remaining is 1h:51m
2024-04-08 23:14:07 INFO Epoch 29/120	Training Loss: 2.1074	Time remaining is 1h:49m
2024-04-08 23:15:18 INFO Epoch 30/120	Training Loss: 2.1006	Time remaining is 1h:48m
2024-04-08 23:16:29 INFO Epoch 31/120	Training Loss: 2.0986	Time remaining is 1h:47m
2024-04-08 23:17:40 INFO Epoch 32/120	Training Loss: 2.1038	Time remaining is 1h:46m
2024-04-08 23:18:52 INFO Epoch 33/120	Training Loss: 2.0954	Time remaining is 1h:45m
2024-04-08 23:20:03 INFO Epoch 34/120	Training Loss: 2.1102	Time remaining is 1h:43m
2024-04-08 23:21:15 INFO Epoch 35/120	Training Loss: 2.1147	Time remaining is 1h:42m
2024-04-08 23:22:26 INFO Epoch 36/120	Training Loss: 2.0961	Time remaining is 1h:41m
2024-04-08 23:23:38 INFO Epoch 37/120	Training Loss: 2.0900	Time remaining is 1h:40m
2024-04-08 23:24:49 INFO Epoch 38/120	Training Loss: 2.1026	Time remaining is 1h:39m
2024-04-08 23:26:00 INFO Epoch 39/120	Training Loss: 2.1031	Time remaining is 1h:38m
2024-04-08 23:27:11 INFO Epoch 40/120	Training Loss: 2.0939	Time remaining is 1h:36m
2024-04-08 23:28:23 INFO Epoch 41/120	Training Loss: 2.0310	Time remaining is 1h:35m
2024-04-08 23:29:34 INFO Epoch 42/120	Training Loss: 1.9662	Time remaining is 1h:34m
2024-04-08 23:30:45 INFO Epoch 43/120	Training Loss: 1.9603	Time remaining is 1h:33m
2024-04-08 23:31:56 INFO Epoch 44/120	Training Loss: 1.9537	Time remaining is 1h:32m
2024-04-08 23:33:08 INFO Epoch 45/120	Training Loss: 1.9461	Time remaining is 1h:30m
2024-04-08 23:34:19 INFO Epoch 46/120	Training Loss: 1.9439	Time remaining is 1h:29m
2024-04-08 23:35:30 INFO Epoch 47/120	Training Loss: 1.9283	Time remaining is 1h:28m
2024-04-08 23:36:41 INFO Epoch 48/120	Training Loss: 1.9345	Time remaining is 1h:27m
2024-04-08 23:37:52 INFO Epoch 49/120	Training Loss: 1.9247	Time remaining is 1h:26m
2024-04-08 23:39:04 INFO Epoch 50/120	Training Loss: 1.9307	Time remaining is 1h:24m
2024-04-08 23:40:15 INFO Epoch 51/120	Training Loss: 1.9179	Time remaining is 1h:23m
2024-04-08 23:41:26 INFO Epoch 52/120	Training Loss: 1.9278	Time remaining is 1h:22m
2024-04-08 23:42:38 INFO Epoch 53/120	Training Loss: 1.9250	Time remaining is 1h:21m
2024-04-08 23:43:49 INFO Epoch 54/120	Training Loss: 1.9219	Time remaining is 1h:20m
2024-04-08 23:45:01 INFO Epoch 55/120	Training Loss: 1.9237	Time remaining is 1h:18m
2024-04-08 23:46:12 INFO Epoch 56/120	Training Loss: 1.9223	Time remaining is 1h:17m
2024-04-08 23:47:23 INFO Epoch 57/120	Training Loss: 1.9105	Time remaining is 1h:16m
2024-04-08 23:48:34 INFO Epoch 58/120	Training Loss: 1.9198	Time remaining is 1h:15m
2024-04-08 23:49:46 INFO Epoch 59/120	Training Loss: 1.9192	Time remaining is 1h:14m
2024-04-08 23:50:57 INFO Epoch 60/120	Training Loss: 1.9158	Time remaining is 1h:13m
2024-04-08 23:52:09 INFO Epoch 61/120	Training Loss: 1.9161	Time remaining is 1h:11m
2024-04-08 23:53:20 INFO Epoch 62/120	Training Loss: 1.9146	Time remaining is 1h:10m
2024-04-08 23:54:32 INFO Epoch 63/120	Training Loss: 1.9130	Time remaining is 1h:9m
2024-04-08 23:55:43 INFO Epoch 64/120	Training Loss: 1.9128	Time remaining is 1h:8m
2024-04-08 23:56:55 INFO Epoch 65/120	Training Loss: 1.9093	Time remaining is 1h:7m
2024-04-08 23:58:06 INFO Epoch 66/120	Training Loss: 1.9082	Time remaining is 1h:5m
2024-04-08 23:59:18 INFO Epoch 67/120	Training Loss: 1.9182	Time remaining is 1h:4m
2024-04-09 00:00:29 INFO Epoch 68/120	Training Loss: 1.9099	Time remaining is 1h:3m
2024-04-09 00:01:41 INFO Epoch 69/120	Training Loss: 1.9001	Time remaining is 1h:2m
2024-04-09 00:02:52 INFO Epoch 70/120	Training Loss: 1.9087	Time remaining is 1h:1m
2024-04-09 00:04:03 INFO Epoch 71/120	Training Loss: 1.9047	Time remaining is 0h:59m
2024-04-09 00:05:15 INFO Epoch 72/120	Training Loss: 1.9001	Time remaining is 0h:58m
2024-04-09 00:06:26 INFO Epoch 73/120	Training Loss: 1.8991	Time remaining is 0h:57m
2024-04-09 00:07:38 INFO Epoch 74/120	Training Loss: 1.8890	Time remaining is 0h:56m
2024-04-09 00:08:49 INFO Epoch 75/120	Training Loss: 1.8894	Time remaining is 0h:55m
2024-04-09 00:10:00 INFO Epoch 76/120	Training Loss: 1.8858	Time remaining is 0h:54m
2024-04-09 00:11:11 INFO Epoch 77/120	Training Loss: 1.8979	Time remaining is 0h:52m
2024-04-09 00:12:22 INFO Epoch 78/120	Training Loss: 1.8860	Time remaining is 0h:51m
2024-04-09 00:13:33 INFO Epoch 79/120	Training Loss: 1.8957	Time remaining is 0h:50m
2024-04-09 00:14:44 INFO Epoch 80/120	Training Loss: 1.8942	Time remaining is 0h:49m
2024-04-09 00:15:56 INFO Epoch 81/120	Training Loss: 1.8946	Time remaining is 0h:48m
2024-04-09 00:17:07 INFO Epoch 82/120	Training Loss: 1.8948	Time remaining is 0h:46m
2024-04-09 00:18:18 INFO Epoch 83/120	Training Loss: 1.8927	Time remaining is 0h:45m
2024-04-09 00:19:30 INFO Epoch 84/120	Training Loss: 1.8934	Time remaining is 0h:44m
2024-04-09 00:20:41 INFO Epoch 85/120	Training Loss: 1.8951	Time remaining is 0h:43m
2024-04-09 00:21:53 INFO Epoch 86/120	Training Loss: 1.8961	Time remaining is 0h:42m
2024-04-09 00:23:04 INFO Epoch 87/120	Training Loss: 1.8913	Time remaining is 0h:40m
2024-04-09 00:24:15 INFO Epoch 88/120	Training Loss: 1.8812	Time remaining is 0h:39m
2024-04-09 00:25:27 INFO Epoch 89/120	Training Loss: 1.8914	Time remaining is 0h:38m
2024-04-09 00:26:38 INFO Epoch 90/120	Training Loss: 1.8907	Time remaining is 0h:37m
2024-04-09 00:28:05 INFO Testing: dataset_name: market1501 top1:0.9480 top5:0.9846 top10:0.9917 mAP:0.8704
2024-04-09 00:29:16 INFO Epoch 91/120	Training Loss: 1.8924	Time remaining is 0h:36m
2024-04-09 00:30:27 INFO Epoch 92/120	Training Loss: 1.8828	Time remaining is 0h:35m
2024-04-09 00:31:38 INFO Epoch 93/120	Training Loss: 1.8928	Time remaining is 0h:34m
2024-04-09 00:32:49 INFO Epoch 94/120	Training Loss: 1.8916	Time remaining is 0h:33m
2024-04-09 00:34:00 INFO Epoch 95/120	Training Loss: 1.8812	Time remaining is 0h:31m
2024-04-09 00:35:27 INFO Testing: dataset_name: market1501 top1:0.9516 top5:0.9840 top10:0.9911 mAP:0.8723
2024-04-09 00:36:38 INFO Epoch 96/120	Training Loss: 1.8915	Time remaining is 0h:30m
2024-04-09 00:37:49 INFO Epoch 97/120	Training Loss: 1.8799	Time remaining is 0h:29m
2024-04-09 00:39:00 INFO Epoch 98/120	Training Loss: 1.8931	Time remaining is 0h:28m
2024-04-09 00:40:11 INFO Epoch 99/120	Training Loss: 1.8926	Time remaining is 0h:27m
2024-04-09 00:41:23 INFO Epoch 100/120	Training Loss: 1.8882	Time remaining is 0h:26m
2024-04-09 00:42:49 INFO Testing: dataset_name: market1501 top1:0.9489 top5:0.9852 top10:0.9911 mAP:0.8724
2024-04-09 00:44:01 INFO Epoch 101/120	Training Loss: 1.8918	Time remaining is 0h:25m
2024-04-09 00:45:12 INFO Epoch 102/120	Training Loss: 1.8905	Time remaining is 0h:23m
2024-04-09 00:46:23 INFO Epoch 103/120	Training Loss: 1.8884	Time remaining is 0h:22m
2024-04-09 00:47:35 INFO Epoch 104/120	Training Loss: 1.8892	Time remaining is 0h:21m
2024-04-09 00:48:46 INFO Epoch 105/120	Training Loss: 1.8990	Time remaining is 0h:20m
2024-04-09 00:50:13 INFO Testing: dataset_name: market1501 top1:0.9507 top5:0.9837 top10:0.9923 mAP:0.8728
2024-04-09 00:51:24 INFO Epoch 106/120	Training Loss: 1.8897	Time remaining is 0h:19m
2024-04-09 00:52:35 INFO Epoch 107/120	Training Loss: 1.8783	Time remaining is 0h:17m
2024-04-09 00:53:46 INFO Epoch 108/120	Training Loss: 1.8906	Time remaining is 0h:16m
2024-04-09 00:54:57 INFO Epoch 109/120	Training Loss: 1.8887	Time remaining is 0h:15m
2024-04-09 00:56:09 INFO Epoch 110/120	Training Loss: 1.8876	Time remaining is 0h:14m
2024-04-09 00:57:35 INFO Testing: dataset_name: market1501 top1:0.9525 top5:0.9840 top10:0.9914 mAP:0.8740
2024-04-09 00:58:46 INFO Epoch 111/120	Training Loss: 1.8774	Time remaining is 0h:13m
2024-04-09 00:59:57 INFO Epoch 112/120	Training Loss: 1.8870	Time remaining is 0h:11m
2024-04-09 01:01:08 INFO Epoch 113/120	Training Loss: 1.8885	Time remaining is 0h:10m
2024-04-09 01:02:19 INFO Epoch 114/120	Training Loss: 1.8791	Time remaining is 0h:9m
2024-04-09 01:03:31 INFO Epoch 115/120	Training Loss: 1.8977	Time remaining is 0h:8m
2024-04-09 01:04:58 INFO Testing: dataset_name: market1501 top1:0.9519 top5:0.9828 top10:0.9920 mAP:0.8737
2024-04-09 01:06:09 INFO Epoch 116/120	Training Loss: 1.8880	Time remaining is 0h:6m
2024-04-09 01:07:20 INFO Epoch 117/120	Training Loss: 1.8887	Time remaining is 0h:5m
2024-04-09 01:08:31 INFO Epoch 118/120	Training Loss: 1.8874	Time remaining is 0h:4m
2024-04-09 01:09:43 INFO Epoch 119/120	Training Loss: 1.8979	Time remaining is 0h:3m
2024-04-09 01:10:54 INFO Epoch 120/120	Training Loss: 1.8776	Time remaining is 0h:1m
2024-04-09 01:12:20 INFO Testing: dataset_name: market1501 top1:0.9501 top5:0.9843 top10:0.9917 mAP:0.8746
2024-04-09 01:12:20 INFO The running time of training: 9.16453e+03 s
