2024-03-27 19:14:04 INFO ##################################################
2024-03-27 19:14:04 INFO Config values: batch_size: 64	current_directory: /home/hy/project/reid_task/ex_main	dataset_name: market1501	dataset_path: /home/hy/project/data/Market-1501-v15.09.15	device: cuda	dtype: torch.float32	epoch_start_test: 90	epochs: 120	img_height: 256	img_width: 128	logs_outputs_path: /home/hy/project/reid_task/ex_main/./outputs/logs	models_outputs_path: /home/hy/project/reid_task/ex_main/./outputs/models	np: <module 'numpy' from '/home/hy/anaconda3/envs/py396/lib/python3.9/site-packages/numpy/__init__.py'>	os: <module 'os' from '/home/hy/anaconda3/envs/py396/lib/python3.9/os.py'>	outputs_dir: ./outputs/	outputs_path: /home/hy/project/reid_task/ex_main/./outputs/	print_every: 1	seed: 1	taskname: ReID_Task	temps_outputs_path: /home/hy/project/reid_task/ex_main/./outputs/temps	test_batch_size: 256	test_every: 5	torch: <module 'torch' from '/home/hy/anaconda3/envs/py396/lib/python3.9/site-packages/torch/__init__.py'>
2024-03-27 19:14:04 INFO Task: ReID_Task
2024-03-27 19:14:04 INFO Using device: cuda
2024-03-27 19:14:04 INFO Using data type: torch.float32
2024-03-27 19:14:04 INFO Number of GPUs: 1
2024-03-27 19:14:04 INFO GPU is_available: True
2024-03-27 19:14:04 INFO GPU name: NVIDIA GeForce RTX 3060
2024-03-27 19:14:04 INFO CUDA version: 12.1
2024-03-27 19:14:04 INFO Current device id: 0
2024-03-27 19:14:04 INFO ##################################################
2024-03-27 19:15:50 INFO Epoch 1/120	Training Loss: 9.7670	Time remaining is 3h:30m
2024-03-27 19:17:33 INFO Epoch 2/120	Training Loss: 8.1774	Time remaining is 3h:26m
2024-03-27 19:19:16 INFO Epoch 3/120	Training Loss: 6.7178	Time remaining is 3h:24m
2024-03-27 19:20:59 INFO Epoch 4/120	Training Loss: 5.6396	Time remaining is 3h:22m
2024-03-27 19:22:43 INFO Epoch 5/120	Training Loss: 4.7904	Time remaining is 3h:20m
2024-03-27 19:24:26 INFO Epoch 6/120	Training Loss: 4.0790	Time remaining is 3h:19m
2024-03-27 19:26:10 INFO Epoch 7/120	Training Loss: 3.5234	Time remaining is 3h:17m
2024-03-27 19:27:53 INFO Epoch 8/120	Training Loss: 3.1028	Time remaining is 3h:15m
2024-03-27 19:29:37 INFO Epoch 9/120	Training Loss: 2.8388	Time remaining is 3h:13m
2024-03-27 19:31:20 INFO Epoch 10/120	Training Loss: 2.6274	Time remaining is 3h:11m
2024-03-27 19:33:03 INFO Epoch 11/120	Training Loss: 2.4975	Time remaining is 3h:10m
2024-03-27 19:34:47 INFO Epoch 12/120	Training Loss: 2.3859	Time remaining is 3h:8m
2024-03-27 19:36:31 INFO Epoch 13/120	Training Loss: 2.3155	Time remaining is 3h:6m
2024-03-27 19:38:15 INFO Epoch 14/120	Training Loss: 2.2686	Time remaining is 3h:5m
2024-03-27 19:39:58 INFO Epoch 15/120	Training Loss: 2.1941	Time remaining is 3h:3m
2024-03-27 19:41:42 INFO Epoch 16/120	Training Loss: 2.1683	Time remaining is 3h:1m
2024-03-27 19:43:25 INFO Epoch 17/120	Training Loss: 2.1352	Time remaining is 2h:59m
2024-03-27 19:45:08 INFO Epoch 18/120	Training Loss: 2.1250	Time remaining is 2h:58m
2024-03-27 19:46:52 INFO Epoch 19/120	Training Loss: 2.1297	Time remaining is 2h:56m
2024-03-27 19:48:36 INFO Epoch 20/120	Training Loss: 2.1092	Time remaining is 2h:54m
2024-03-27 19:50:20 INFO Epoch 21/120	Training Loss: 2.1122	Time remaining is 2h:53m
2024-03-27 19:52:04 INFO Epoch 22/120	Training Loss: 2.1251	Time remaining is 2h:51m
2024-03-27 19:53:47 INFO Epoch 23/120	Training Loss: 2.0848	Time remaining is 2h:49m
2024-03-27 19:55:30 INFO Epoch 24/120	Training Loss: 2.0739	Time remaining is 2h:47m
2024-03-27 19:57:14 INFO Epoch 25/120	Training Loss: 2.0875	Time remaining is 2h:46m
2024-03-27 19:58:58 INFO Epoch 26/120	Training Loss: 2.1079	Time remaining is 2h:44m
2024-03-27 20:00:41 INFO Epoch 27/120	Training Loss: 2.0855	Time remaining is 2h:42m
2024-03-27 20:02:25 INFO Epoch 28/120	Training Loss: 2.0621	Time remaining is 2h:41m
2024-03-27 20:04:08 INFO Epoch 29/120	Training Loss: 2.0629	Time remaining is 2h:39m
2024-03-27 20:05:52 INFO Epoch 30/120	Training Loss: 2.0943	Time remaining is 2h:37m
2024-03-27 20:07:35 INFO Epoch 31/120	Training Loss: 2.0839	Time remaining is 2h:35m
2024-03-27 20:09:19 INFO Epoch 32/120	Training Loss: 2.0887	Time remaining is 2h:34m
2024-03-27 20:11:03 INFO Epoch 33/120	Training Loss: 2.0796	Time remaining is 2h:32m
2024-03-27 20:12:46 INFO Epoch 34/120	Training Loss: 2.0590	Time remaining is 2h:30m
2024-03-27 20:14:30 INFO Epoch 35/120	Training Loss: 2.0491	Time remaining is 2h:28m
2024-03-27 20:16:13 INFO Epoch 36/120	Training Loss: 2.0588	Time remaining is 2h:27m
2024-03-27 20:17:57 INFO Epoch 37/120	Training Loss: 2.0620	Time remaining is 2h:25m
2024-03-27 20:19:40 INFO Epoch 38/120	Training Loss: 2.0630	Time remaining is 2h:23m
2024-03-27 20:21:23 INFO Epoch 39/120	Training Loss: 2.0538	Time remaining is 2h:22m
2024-03-27 20:23:07 INFO Epoch 40/120	Training Loss: 2.0501	Time remaining is 2h:20m
2024-03-27 20:24:50 INFO Epoch 41/120	Training Loss: 1.9859	Time remaining is 2h:18m
2024-03-27 20:26:34 INFO Epoch 42/120	Training Loss: 1.9242	Time remaining is 2h:16m
2024-03-27 20:28:18 INFO Epoch 43/120	Training Loss: 1.9137	Time remaining is 2h:15m
2024-03-27 20:30:02 INFO Epoch 44/120	Training Loss: 1.9004	Time remaining is 2h:13m
2024-03-27 20:31:45 INFO Epoch 45/120	Training Loss: 1.8792	Time remaining is 2h:11m
2024-03-27 20:33:29 INFO Epoch 46/120	Training Loss: 1.8804	Time remaining is 2h:9m
2024-03-27 20:35:13 INFO Epoch 47/120	Training Loss: 1.8815	Time remaining is 2h:8m
2024-03-27 20:36:56 INFO Epoch 48/120	Training Loss: 1.8661	Time remaining is 2h:6m
2024-03-27 20:38:40 INFO Epoch 49/120	Training Loss: 1.8617	Time remaining is 2h:4m
2024-03-27 20:40:23 INFO Epoch 50/120	Training Loss: 1.8659	Time remaining is 2h:3m
2024-03-27 20:42:06 INFO Epoch 51/120	Training Loss: 1.8569	Time remaining is 2h:1m
2024-03-27 20:43:50 INFO Epoch 52/120	Training Loss: 1.8538	Time remaining is 1h:59m
2024-03-27 20:45:33 INFO Epoch 53/120	Training Loss: 1.8531	Time remaining is 1h:57m
2024-03-27 20:47:17 INFO Epoch 54/120	Training Loss: 1.8523	Time remaining is 1h:56m
2024-03-27 20:49:01 INFO Epoch 55/120	Training Loss: 1.8578	Time remaining is 1h:54m
2024-03-27 20:50:44 INFO Epoch 56/120	Training Loss: 1.8454	Time remaining is 1h:52m
2024-03-27 20:52:28 INFO Epoch 57/120	Training Loss: 1.8483	Time remaining is 1h:50m
2024-03-27 20:54:11 INFO Epoch 58/120	Training Loss: 1.8488	Time remaining is 1h:49m
2024-03-27 20:55:54 INFO Epoch 59/120	Training Loss: 1.8459	Time remaining is 1h:47m
2024-03-27 20:57:38 INFO Epoch 60/120	Training Loss: 1.8424	Time remaining is 1h:45m
2024-03-27 20:59:21 INFO Epoch 61/120	Training Loss: 1.8427	Time remaining is 1h:44m
2024-03-27 21:01:05 INFO Epoch 62/120	Training Loss: 1.8407	Time remaining is 1h:42m
2024-03-27 21:02:49 INFO Epoch 63/120	Training Loss: 1.8520	Time remaining is 1h:40m
2024-03-27 21:04:32 INFO Epoch 64/120	Training Loss: 1.8419	Time remaining is 1h:38m
2024-03-27 21:06:16 INFO Epoch 65/120	Training Loss: 1.8408	Time remaining is 1h:37m
2024-03-27 21:07:59 INFO Epoch 66/120	Training Loss: 1.8376	Time remaining is 1h:35m
2024-03-27 21:09:43 INFO Epoch 67/120	Training Loss: 1.8496	Time remaining is 1h:33m
2024-03-27 21:11:27 INFO Epoch 68/120	Training Loss: 1.8338	Time remaining is 1h:31m
2024-03-27 21:13:11 INFO Epoch 69/120	Training Loss: 1.8455	Time remaining is 1h:30m
2024-03-27 21:14:55 INFO Epoch 70/120	Training Loss: 1.8357	Time remaining is 1h:28m
2024-03-27 21:16:38 INFO Epoch 71/120	Training Loss: 1.8291	Time remaining is 1h:26m
2024-03-27 21:18:21 INFO Epoch 72/120	Training Loss: 1.8264	Time remaining is 1h:25m
2024-03-27 21:20:05 INFO Epoch 73/120	Training Loss: 1.8363	Time remaining is 1h:23m
2024-03-27 21:21:49 INFO Epoch 74/120	Training Loss: 1.8233	Time remaining is 1h:21m
2024-03-27 21:23:33 INFO Epoch 75/120	Training Loss: 1.8328	Time remaining is 1h:19m
2024-03-27 21:25:16 INFO Epoch 76/120	Training Loss: 1.8225	Time remaining is 1h:18m
2024-03-27 21:27:00 INFO Epoch 77/120	Training Loss: 1.8239	Time remaining is 1h:16m
2024-03-27 21:28:43 INFO Epoch 78/120	Training Loss: 1.8203	Time remaining is 1h:14m
2024-03-27 21:30:27 INFO Epoch 79/120	Training Loss: 1.8211	Time remaining is 1h:12m
