2024-04-15 04:14:24 INFO ##################################################
2024-04-15 04:14:24 INFO Config values: batch_size: 60	current_directory: /home/hy/project/reid_task/ex_main-n7	dataset_name: market1501	dataset_path: /home/hy/project/data/Market-1501-v15.09.15	device: cuda	dtype: torch.float32	epoch_start_test: 90	epochs: 160	img_height: 256	img_width: 128	logs_outputs_path: /home/hy/project/reid_task/ex_main-n7/./outputs/logs	models_outputs_path: /home/hy/project/reid_task/ex_main-n7/./outputs/models	np: <module 'numpy' from '/home/hy/anaconda3/envs/py396/lib/python3.9/site-packages/numpy/__init__.py'>	os: <module 'os' from '/home/hy/anaconda3/envs/py396/lib/python3.9/os.py'>	outputs_dir: ./outputs/	outputs_path: /home/hy/project/reid_task/ex_main-n7/./outputs/	print_every: 1	seed: 1	taskname: ReID_Task	temps_outputs_path: /home/hy/project/reid_task/ex_main-n7/./outputs/temps	test_batch_size: 256	test_every: 5	torch: <module 'torch' from '/home/hy/anaconda3/envs/py396/lib/python3.9/site-packages/torch/__init__.py'>
2024-04-15 04:14:24 INFO Task: ReID_Task
2024-04-15 04:14:24 INFO Using device: cuda
2024-04-15 04:14:24 INFO Using data type: torch.float32
2024-04-15 04:14:24 INFO Number of GPUs: 1
2024-04-15 04:14:24 INFO GPU is_available: True
2024-04-15 04:14:24 INFO GPU name: NVIDIA GeForce RTX 3060
2024-04-15 04:14:24 INFO CUDA version: 12.1
2024-04-15 04:14:24 INFO Current device id: 0
2024-04-15 04:14:24 INFO ##################################################
2024-04-15 04:15:42 INFO Epoch 1/160	Training Loss: 9.6368	Time remaining is 3h:25m
2024-04-15 04:16:58 INFO Epoch 2/160	Training Loss: 8.1702	Time remaining is 3h:22m
2024-04-15 04:18:14 INFO Epoch 3/160	Training Loss: 6.3151	Time remaining is 3h:21m
2024-04-15 04:19:30 INFO Epoch 4/160	Training Loss: 4.8529	Time remaining is 3h:20m
2024-04-15 04:20:46 INFO Epoch 5/160	Training Loss: 3.7923	Time remaining is 3h:18m
2024-04-15 04:22:02 INFO Epoch 6/160	Training Loss: 3.0997	Time remaining is 3h:17m
2024-04-15 04:23:17 INFO Epoch 7/160	Training Loss: 2.7416	Time remaining is 3h:15m
2024-04-15 04:24:33 INFO Epoch 8/160	Training Loss: 2.5494	Time remaining is 3h:14m
2024-04-15 04:25:49 INFO Epoch 9/160	Training Loss: 2.4424	Time remaining is 3h:12m
2024-04-15 04:27:04 INFO Epoch 10/160	Training Loss: 2.3610	Time remaining is 3h:11m
2024-04-15 04:28:20 INFO Epoch 11/160	Training Loss: 2.3175	Time remaining is 3h:10m
2024-04-15 04:29:36 INFO Epoch 12/160	Training Loss: 2.2717	Time remaining is 3h:9m
2024-04-15 04:30:53 INFO Epoch 13/160	Training Loss: 2.2233	Time remaining is 3h:7m
2024-04-15 04:32:09 INFO Epoch 14/160	Training Loss: 2.2076	Time remaining is 3h:6m
2024-04-15 04:33:25 INFO Epoch 15/160	Training Loss: 2.1814	Time remaining is 3h:5m
2024-04-15 04:34:41 INFO Epoch 16/160	Training Loss: 2.1629	Time remaining is 3h:4m
2024-04-15 04:35:57 INFO Epoch 17/160	Training Loss: 2.1420	Time remaining is 3h:2m
2024-04-15 04:37:12 INFO Epoch 18/160	Training Loss: 2.1330	Time remaining is 3h:1m
2024-04-15 04:38:28 INFO Epoch 19/160	Training Loss: 2.1369	Time remaining is 2h:60m
2024-04-15 04:39:44 INFO Epoch 20/160	Training Loss: 2.1359	Time remaining is 2h:59m
2024-04-15 04:41:01 INFO Epoch 21/160	Training Loss: 2.1254	Time remaining is 2h:57m
2024-04-15 04:42:16 INFO Epoch 22/160	Training Loss: 2.1202	Time remaining is 2h:56m
2024-04-15 04:43:32 INFO Epoch 23/160	Training Loss: 2.1169	Time remaining is 2h:55m
2024-04-15 04:44:48 INFO Epoch 24/160	Training Loss: 2.1295	Time remaining is 2h:53m
2024-04-15 04:46:04 INFO Epoch 25/160	Training Loss: 2.1170	Time remaining is 2h:52m
2024-04-15 04:47:21 INFO Epoch 26/160	Training Loss: 2.1361	Time remaining is 2h:51m
2024-04-15 04:48:37 INFO Epoch 27/160	Training Loss: 2.1179	Time remaining is 2h:50m
2024-04-15 04:49:52 INFO Epoch 28/160	Training Loss: 2.1133	Time remaining is 2h:48m
2024-04-15 04:51:08 INFO Epoch 29/160	Training Loss: 2.1141	Time remaining is 2h:47m
2024-04-15 04:52:24 INFO Epoch 30/160	Training Loss: 2.1074	Time remaining is 2h:46m
2024-04-15 04:53:39 INFO Epoch 31/160	Training Loss: 2.1077	Time remaining is 2h:45m
2024-04-15 04:54:56 INFO Epoch 32/160	Training Loss: 2.1158	Time remaining is 2h:43m
2024-04-15 04:56:12 INFO Epoch 33/160	Training Loss: 2.1055	Time remaining is 2h:42m
2024-04-15 04:57:28 INFO Epoch 34/160	Training Loss: 2.1118	Time remaining is 2h:41m
2024-04-15 04:58:44 INFO Epoch 35/160	Training Loss: 2.1138	Time remaining is 2h:40m
2024-04-15 05:00:00 INFO Epoch 36/160	Training Loss: 2.0977	Time remaining is 2h:38m
2024-04-15 05:01:16 INFO Epoch 37/160	Training Loss: 2.0954	Time remaining is 2h:37m
2024-04-15 05:02:32 INFO Epoch 38/160	Training Loss: 2.1081	Time remaining is 2h:36m
2024-04-15 05:03:49 INFO Epoch 39/160	Training Loss: 2.1084	Time remaining is 2h:35m
2024-04-15 05:05:04 INFO Epoch 40/160	Training Loss: 2.0916	Time remaining is 2h:33m
2024-04-15 05:06:20 INFO Epoch 41/160	Training Loss: 2.0372	Time remaining is 2h:32m
2024-04-15 05:07:36 INFO Epoch 42/160	Training Loss: 1.9694	Time remaining is 2h:31m
2024-04-15 05:08:52 INFO Epoch 43/160	Training Loss: 1.9655	Time remaining is 2h:29m
2024-04-15 05:10:07 INFO Epoch 44/160	Training Loss: 1.9563	Time remaining is 2h:28m
2024-04-15 05:11:23 INFO Epoch 45/160	Training Loss: 1.9500	Time remaining is 2h:27m
2024-04-15 05:12:39 INFO Epoch 46/160	Training Loss: 1.9476	Time remaining is 2h:26m
2024-04-15 05:13:55 INFO Epoch 47/160	Training Loss: 1.9323	Time remaining is 2h:24m
2024-04-15 05:15:11 INFO Epoch 48/160	Training Loss: 1.9412	Time remaining is 2h:23m
2024-04-15 05:16:27 INFO Epoch 49/160	Training Loss: 1.9278	Time remaining is 2h:22m
2024-04-15 05:17:43 INFO Epoch 50/160	Training Loss: 1.9362	Time remaining is 2h:21m
2024-04-15 05:18:58 INFO Epoch 51/160	Training Loss: 1.9236	Time remaining is 2h:19m
2024-04-15 05:20:14 INFO Epoch 52/160	Training Loss: 1.9305	Time remaining is 2h:18m
2024-04-15 05:21:30 INFO Epoch 53/160	Training Loss: 1.9289	Time remaining is 2h:17m
2024-04-15 05:22:46 INFO Epoch 54/160	Training Loss: 1.9271	Time remaining is 2h:15m
2024-04-15 05:24:02 INFO Epoch 55/160	Training Loss: 1.9267	Time remaining is 2h:14m
2024-04-15 05:25:18 INFO Epoch 56/160	Training Loss: 1.9246	Time remaining is 2h:13m
2024-04-15 05:26:34 INFO Epoch 57/160	Training Loss: 1.9143	Time remaining is 2h:12m
2024-04-15 05:27:50 INFO Epoch 58/160	Training Loss: 1.9230	Time remaining is 2h:10m
2024-04-15 05:29:06 INFO Epoch 59/160	Training Loss: 1.9245	Time remaining is 2h:9m
2024-04-15 05:30:21 INFO Epoch 60/160	Training Loss: 1.9204	Time remaining is 2h:8m
2024-04-15 05:31:37 INFO Epoch 61/160	Training Loss: 1.9211	Time remaining is 2h:7m
2024-04-15 05:32:53 INFO Epoch 62/160	Training Loss: 1.9194	Time remaining is 2h:5m
2024-04-15 05:34:09 INFO Epoch 63/160	Training Loss: 1.9178	Time remaining is 2h:4m
2024-04-15 05:35:25 INFO Epoch 64/160	Training Loss: 1.9182	Time remaining is 2h:3m
2024-04-15 05:36:41 INFO Epoch 65/160	Training Loss: 1.9149	Time remaining is 2h:2m
2024-04-15 05:37:57 INFO Epoch 66/160	Training Loss: 1.9147	Time remaining is 2h:0m
2024-04-15 05:39:13 INFO Epoch 67/160	Training Loss: 1.9234	Time remaining is 1h:59m
2024-04-15 05:40:29 INFO Epoch 68/160	Training Loss: 1.9133	Time remaining is 1h:58m
2024-04-15 05:41:44 INFO Epoch 69/160	Training Loss: 1.9062	Time remaining is 1h:56m
2024-04-15 05:43:01 INFO Epoch 70/160	Training Loss: 1.9125	Time remaining is 1h:55m
2024-04-15 05:44:17 INFO Epoch 71/160	Training Loss: 1.9095	Time remaining is 1h:54m
2024-04-15 05:45:33 INFO Epoch 72/160	Training Loss: 1.9057	Time remaining is 1h:53m
2024-04-15 05:46:49 INFO Epoch 73/160	Training Loss: 1.9030	Time remaining is 1h:51m
2024-04-15 05:48:05 INFO Epoch 74/160	Training Loss: 1.8926	Time remaining is 1h:50m
2024-04-15 05:49:21 INFO Epoch 75/160	Training Loss: 1.8919	Time remaining is 1h:49m
2024-04-15 05:50:36 INFO Epoch 76/160	Training Loss: 1.8893	Time remaining is 1h:48m
2024-04-15 05:51:52 INFO Epoch 77/160	Training Loss: 1.9004	Time remaining is 1h:46m
2024-04-15 05:53:08 INFO Epoch 78/160	Training Loss: 1.8917	Time remaining is 1h:45m
2024-04-15 05:54:24 INFO Epoch 79/160	Training Loss: 1.8990	Time remaining is 1h:44m
2024-04-15 05:55:40 INFO Epoch 80/160	Training Loss: 1.9003	Time remaining is 1h:43m
2024-04-15 05:56:56 INFO Epoch 81/160	Training Loss: 1.8983	Time remaining is 1h:41m
2024-04-15 05:58:12 INFO Epoch 82/160	Training Loss: 1.8986	Time remaining is 1h:40m
2024-04-15 05:59:28 INFO Epoch 83/160	Training Loss: 1.8987	Time remaining is 1h:39m
2024-04-15 06:00:44 INFO Epoch 84/160	Training Loss: 1.8960	Time remaining is 1h:37m
2024-04-15 06:02:00 INFO Epoch 85/160	Training Loss: 1.8996	Time remaining is 1h:36m
2024-04-15 06:03:16 INFO Epoch 86/160	Training Loss: 1.8988	Time remaining is 1h:35m
2024-04-15 06:04:32 INFO Epoch 87/160	Training Loss: 1.8972	Time remaining is 1h:34m
2024-04-15 06:05:48 INFO Epoch 88/160	Training Loss: 1.8867	Time remaining is 1h:32m
2024-04-15 06:07:04 INFO Epoch 89/160	Training Loss: 1.8966	Time remaining is 1h:31m
2024-04-15 06:08:20 INFO Epoch 90/160	Training Loss: 1.8974	Time remaining is 1h:30m
2024-04-15 06:09:47 INFO Testing: dataset_name: market1501 top1:0.9483 top5:0.9840 top10:0.9908 mAP:0.8703
2024-04-15 06:11:03 INFO Epoch 91/160	Training Loss: 1.8973	Time remaining is 1h:30m
2024-04-15 06:12:18 INFO Epoch 92/160	Training Loss: 1.8861	Time remaining is 1h:28m
2024-04-15 06:13:34 INFO Epoch 93/160	Training Loss: 1.8988	Time remaining is 1h:27m
2024-04-15 06:14:50 INFO Epoch 94/160	Training Loss: 1.8956	Time remaining is 1h:26m
2024-04-15 06:16:06 INFO Epoch 95/160	Training Loss: 1.8855	Time remaining is 1h:25m
2024-04-15 06:17:32 INFO Testing: dataset_name: market1501 top1:0.9474 top5:0.9843 top10:0.9920 mAP:0.8723
2024-04-15 06:18:48 INFO Epoch 96/160	Training Loss: 1.8962	Time remaining is 1h:24m
2024-04-15 06:20:04 INFO Epoch 97/160	Training Loss: 1.8843	Time remaining is 1h:23m
2024-04-15 06:21:19 INFO Epoch 98/160	Training Loss: 1.8980	Time remaining is 1h:22m
2024-04-15 06:22:35 INFO Epoch 99/160	Training Loss: 1.8956	Time remaining is 1h:20m
2024-04-15 06:23:51 INFO Epoch 100/160	Training Loss: 1.8937	Time remaining is 1h:19m
2024-04-15 06:25:18 INFO Testing: dataset_name: market1501 top1:0.9471 top5:0.9834 top10:0.9914 mAP:0.8713
2024-04-15 06:26:35 INFO Epoch 101/160	Training Loss: 1.8963	Time remaining is 1h:19m
2024-04-15 06:27:51 INFO Epoch 102/160	Training Loss: 1.8939	Time remaining is 1h:17m
2024-04-15 06:29:07 INFO Epoch 103/160	Training Loss: 1.8931	Time remaining is 1h:16m
2024-04-15 06:30:22 INFO Epoch 104/160	Training Loss: 1.8929	Time remaining is 1h:15m
2024-04-15 06:31:39 INFO Epoch 105/160	Training Loss: 1.9041	Time remaining is 1h:13m
2024-04-15 06:33:05 INFO Testing: dataset_name: market1501 top1:0.9492 top5:0.9857 top10:0.9911 mAP:0.8718
2024-04-15 06:34:21 INFO Epoch 106/160	Training Loss: 1.8954	Time remaining is 1h:13m
2024-04-15 06:35:36 INFO Epoch 107/160	Training Loss: 1.8843	Time remaining is 1h:11m
2024-04-15 06:36:52 INFO Epoch 108/160	Training Loss: 1.8943	Time remaining is 1h:10m
2024-04-15 06:38:08 INFO Epoch 109/160	Training Loss: 1.8936	Time remaining is 1h:9m
2024-04-15 06:39:24 INFO Epoch 110/160	Training Loss: 1.8927	Time remaining is 1h:7m
2024-04-15 06:40:51 INFO Testing: dataset_name: market1501 top1:0.9486 top5:0.9852 top10:0.9908 mAP:0.8729
2024-04-15 06:42:06 INFO Epoch 111/160	Training Loss: 1.8821	Time remaining is 1h:7m
2024-04-15 06:43:22 INFO Epoch 112/160	Training Loss: 1.8919	Time remaining is 1h:5m
2024-04-15 06:44:38 INFO Epoch 113/160	Training Loss: 1.8925	Time remaining is 1h:4m
2024-04-15 06:45:53 INFO Epoch 114/160	Training Loss: 1.8846	Time remaining is 1h:2m
2024-04-15 06:47:09 INFO Epoch 115/160	Training Loss: 1.9001	Time remaining is 1h:1m
2024-04-15 06:48:36 INFO Testing: dataset_name: market1501 top1:0.9477 top5:0.9846 top10:0.9917 mAP:0.8734
2024-04-15 06:49:52 INFO Epoch 116/160	Training Loss: 1.8924	Time remaining is 1h:0m
2024-04-15 06:51:08 INFO Epoch 117/160	Training Loss: 1.8942	Time remaining is 0h:59m
2024-04-15 06:52:24 INFO Epoch 118/160	Training Loss: 1.8919	Time remaining is 0h:58m
2024-04-15 06:53:40 INFO Epoch 119/160	Training Loss: 1.9017	Time remaining is 0h:56m
2024-04-15 06:54:56 INFO Epoch 120/160	Training Loss: 1.8810	Time remaining is 0h:55m
2024-04-15 06:56:22 INFO Testing: dataset_name: market1501 top1:0.9510 top5:0.9840 top10:0.9911 mAP:0.8750
2024-04-15 06:57:38 INFO Epoch 121/160	Training Loss: 1.8906	Time remaining is 0h:54m
2024-04-15 06:58:54 INFO Epoch 122/160	Training Loss: 1.8904	Time remaining is 0h:53m
2024-04-15 07:00:10 INFO Epoch 123/160	Training Loss: 1.8906	Time remaining is 0h:51m
2024-04-15 07:01:26 INFO Epoch 124/160	Training Loss: 1.8824	Time remaining is 0h:50m
2024-04-15 07:02:42 INFO Epoch 125/160	Training Loss: 1.8916	Time remaining is 0h:48m
2024-04-15 07:04:09 INFO Testing: dataset_name: market1501 top1:0.9477 top5:0.9831 top10:0.9917 mAP:0.8747
2024-04-15 07:05:25 INFO Epoch 126/160	Training Loss: 1.8917	Time remaining is 0h:47m
2024-04-15 07:06:41 INFO Epoch 127/160	Training Loss: 1.8904	Time remaining is 0h:46m
2024-04-15 07:07:57 INFO Epoch 128/160	Training Loss: 1.8895	Time remaining is 0h:45m
2024-04-15 07:09:13 INFO Epoch 129/160	Training Loss: 1.8912	Time remaining is 0h:43m
2024-04-15 07:10:29 INFO Epoch 130/160	Training Loss: 1.8915	Time remaining is 0h:42m
2024-04-15 07:11:55 INFO Testing: dataset_name: market1501 top1:0.9477 top5:0.9852 top10:0.9914 mAP:0.8754
2024-04-15 07:13:11 INFO Epoch 131/160	Training Loss: 1.8818	Time remaining is 0h:41m
2024-04-15 07:14:27 INFO Epoch 132/160	Training Loss: 1.8890	Time remaining is 0h:40m
2024-04-15 07:15:42 INFO Epoch 133/160	Training Loss: 1.8802	Time remaining is 0h:38m
2024-04-15 07:16:58 INFO Epoch 134/160	Training Loss: 1.8901	Time remaining is 0h:37m
2024-04-15 07:18:14 INFO Epoch 135/160	Training Loss: 1.8817	Time remaining is 0h:35m
2024-04-15 07:19:41 INFO Testing: dataset_name: market1501 top1:0.9486 top5:0.9840 top10:0.9914 mAP:0.8774
2024-04-15 07:20:56 INFO Epoch 136/160	Training Loss: 1.8806	Time remaining is 0h:34m
2024-04-15 07:22:12 INFO Epoch 137/160	Training Loss: 1.8900	Time remaining is 0h:33m
2024-04-15 07:23:28 INFO Epoch 138/160	Training Loss: 1.8898	Time remaining is 0h:32m
2024-04-15 07:24:44 INFO Epoch 139/160	Training Loss: 1.8790	Time remaining is 0h:30m
2024-04-15 07:25:59 INFO Epoch 140/160	Training Loss: 1.8886	Time remaining is 0h:29m
2024-04-15 07:27:26 INFO Testing: dataset_name: market1501 top1:0.9489 top5:0.9849 top10:0.9920 mAP:0.8763
2024-04-15 07:28:42 INFO Epoch 141/160	Training Loss: 1.8894	Time remaining is 0h:28m
2024-04-15 07:29:58 INFO Epoch 142/160	Training Loss: 1.8880	Time remaining is 0h:26m
2024-04-15 07:31:14 INFO Epoch 143/160	Training Loss: 1.8895	Time remaining is 0h:25m
2024-04-15 07:32:30 INFO Epoch 144/160	Training Loss: 1.8872	Time remaining is 0h:23m
2024-04-15 07:33:46 INFO Epoch 145/160	Training Loss: 1.8897	Time remaining is 0h:22m
2024-04-15 07:35:13 INFO Testing: dataset_name: market1501 top1:0.9477 top5:0.9855 top10:0.9917 mAP:0.8773
2024-04-15 07:36:29 INFO Epoch 146/160	Training Loss: 1.8876	Time remaining is 0h:21m
2024-04-15 07:37:45 INFO Epoch 147/160	Training Loss: 1.8879	Time remaining is 0h:19m
2024-04-15 07:39:01 INFO Epoch 148/160	Training Loss: 1.8882	Time remaining is 0h:18m
2024-04-15 07:40:17 INFO Epoch 149/160	Training Loss: 1.8977	Time remaining is 0h:17m
2024-04-15 07:41:33 INFO Epoch 150/160	Training Loss: 1.8775	Time remaining is 0h:15m
2024-04-15 07:43:00 INFO Testing: dataset_name: market1501 top1:0.9495 top5:0.9837 top10:0.9914 mAP:0.8771
2024-04-15 07:44:16 INFO Epoch 151/160	Training Loss: 1.8873	Time remaining is 0h:14m
2024-04-15 07:45:31 INFO Epoch 152/160	Training Loss: 1.8862	Time remaining is 0h:12m
2024-04-15 07:46:47 INFO Epoch 153/160	Training Loss: 1.8866	Time remaining is 0h:11m
2024-04-15 07:48:03 INFO Epoch 154/160	Training Loss: 1.8873	Time remaining is 0h:10m
2024-04-15 07:49:19 INFO Epoch 155/160	Training Loss: 1.8884	Time remaining is 0h:8m
2024-04-15 07:50:46 INFO Testing: dataset_name: market1501 top1:0.9492 top5:0.9860 top10:0.9914 mAP:0.8789
2024-04-15 07:52:01 INFO Epoch 156/160	Training Loss: 1.8785	Time remaining is 0h:7m
2024-04-15 07:53:17 INFO Epoch 157/160	Training Loss: 1.8874	Time remaining is 0h:6m
2024-04-15 07:54:33 INFO Epoch 158/160	Training Loss: 1.8780	Time remaining is 0h:4m
2024-04-15 07:55:49 INFO Epoch 159/160	Training Loss: 1.8858	Time remaining is 0h:3m
2024-04-15 07:57:04 INFO Epoch 160/160	Training Loss: 1.8760	Time remaining is 0h:1m
2024-04-15 07:58:31 INFO Testing: dataset_name: market1501 top1:0.9489 top5:0.9857 top10:0.9917 mAP:0.8778
2024-04-15 07:58:31 INFO The running time of training: 1.34470e+04 s
