2024-03-05 22:19:33 INFO ##################################################
2024-03-05 22:19:33 INFO Task: reid
2024-03-05 22:19:33 INFO Using device: cuda
2024-03-05 22:19:33 INFO Using data type: torch.float32
2024-03-05 22:19:33 INFO Number of GPUs: 1
2024-03-05 22:19:33 INFO GPU is_available: True
2024-03-05 22:19:33 INFO GPU name: NVIDIA GeForce RTX 3060
2024-03-05 22:19:33 INFO CUDA version: 12.1
2024-03-05 22:19:33 INFO Current device id: 0
2024-03-05 22:19:33 INFO ##################################################
2024-03-05 22:21:12 INFO Epoch 1/60	Training Loss: 30.4004	Time remaining is 1h:38m
2024-03-05 22:22:49 INFO Epoch 2/60	Training Loss: 18.8347	Time remaining is 1h:36m
2024-03-05 22:24:26 INFO Epoch 3/60	Training Loss: 13.8680	Time remaining is 1h:34m
2024-03-05 22:26:03 INFO Epoch 4/60	Training Loss: 11.1742	Time remaining is 1h:32m
2024-03-05 22:27:39 INFO Epoch 5/60	Training Loss: 9.5530	Time remaining is 1h:31m
2024-03-05 22:29:20 INFO Epoch 6/60	Training Loss: 8.5234	Time remaining is 1h:30m
2024-03-05 22:31:08 INFO Epoch 7/60	Training Loss: 7.8826	Time remaining is 1h:29m
2024-03-05 22:32:49 INFO Epoch 8/60	Training Loss: 7.4303	Time remaining is 1h:28m
2024-03-05 22:34:29 INFO Epoch 9/60	Training Loss: 7.1266	Time remaining is 1h:26m
2024-03-05 22:36:14 INFO Epoch 10/60	Training Loss: 6.9135	Time remaining is 1h:25m
2024-03-05 22:38:01 INFO Epoch 11/60	Training Loss: 6.7621	Time remaining is 1h:24m
2024-03-05 22:39:47 INFO Epoch 12/60	Training Loss: 6.6643	Time remaining is 1h:23m
2024-03-05 22:41:28 INFO Epoch 13/60	Training Loss: 6.5865	Time remaining is 1h:21m
2024-03-05 22:43:06 INFO Epoch 14/60	Training Loss: 6.5314	Time remaining is 1h:19m
2024-03-05 22:44:43 INFO Epoch 15/60	Training Loss: 6.4966	Time remaining is 1h:17m
2024-03-05 22:46:25 INFO Epoch 16/60	Training Loss: 6.4735	Time remaining is 1h:16m
2024-03-05 22:48:02 INFO Epoch 17/60	Training Loss: 6.4685	Time remaining is 1h:14m
2024-03-05 22:49:39 INFO Epoch 18/60	Training Loss: 6.4649	Time remaining is 1h:12m
2024-03-05 22:51:16 INFO Epoch 19/60	Training Loss: 6.4525	Time remaining is 1h:10m
2024-03-05 22:52:52 INFO Epoch 20/60	Training Loss: 6.3790	Time remaining is 1h:8m
2024-03-05 22:54:29 INFO Epoch 21/60	Training Loss: 6.2803	Time remaining is 1h:7m
2024-03-05 22:56:09 INFO Epoch 22/60	Training Loss: 6.2518	Time remaining is 1h:5m
2024-03-05 22:57:52 INFO Epoch 23/60	Training Loss: 6.2350	Time remaining is 1h:3m
2024-03-05 22:59:32 INFO Epoch 24/60	Training Loss: 6.2225	Time remaining is 1h:2m
2024-03-05 23:01:09 INFO Epoch 25/60	Training Loss: 6.2131	Time remaining is 0h:60m
2024-03-05 23:02:45 INFO Epoch 26/60	Training Loss: 6.2057	Time remaining is 0h:58m
2024-03-05 23:04:30 INFO Epoch 27/60	Training Loss: 6.1991	Time remaining is 0h:57m
2024-03-05 23:06:16 INFO Epoch 28/60	Training Loss: 6.1937	Time remaining is 0h:55m
2024-03-05 23:08:03 INFO Epoch 29/60	Training Loss: 6.1887	Time remaining is 0h:53m
2024-03-05 23:09:46 INFO Epoch 30/60	Training Loss: 6.1842	Time remaining is 0h:52m
2024-03-05 23:11:33 INFO Epoch 31/60	Training Loss: 6.1798	Time remaining is 0h:50m
2024-03-05 23:13:19 INFO Epoch 32/60	Training Loss: 6.1762	Time remaining is 0h:49m
2024-03-05 23:15:06 INFO Epoch 33/60	Training Loss: 6.1721	Time remaining is 0h:47m
2024-03-05 23:16:52 INFO Epoch 34/60	Training Loss: 6.1688	Time remaining is 0h:46m
2024-03-05 23:18:40 INFO Epoch 35/60	Training Loss: 6.1655	Time remaining is 0h:44m
2024-03-05 23:20:26 INFO Epoch 36/60	Training Loss: 6.1620	Time remaining is 0h:42m
2024-03-05 23:22:13 INFO Epoch 37/60	Training Loss: 6.1593	Time remaining is 0h:41m
2024-03-05 23:24:00 INFO Epoch 38/60	Training Loss: 6.1565	Time remaining is 0h:39m
2024-03-05 23:25:49 INFO Epoch 39/60	Training Loss: 6.1534	Time remaining is 0h:37m
2024-03-05 23:27:28 INFO Epoch 40/60	Training Loss: 6.1487	Time remaining is 0h:36m
2024-03-05 23:28:15 INFO Testing: dataset_name: Market-1501 top1:0.9183 top5:0.9679 top10:0.9760 mAP:0.7726
2024-03-05 23:29:56 INFO Epoch 41/60	Training Loss: 6.1475	Time remaining is 0h:34m
2024-03-05 23:31:39 INFO Epoch 42/60	Training Loss: 6.1469	Time remaining is 0h:33m
2024-03-05 23:33:19 INFO Epoch 43/60	Training Loss: 6.1464	Time remaining is 0h:31m
2024-03-05 23:34:56 INFO Epoch 44/60	Training Loss: 6.1464	Time remaining is 0h:29m
2024-03-05 23:36:33 INFO Epoch 45/60	Training Loss: 6.1462	Time remaining is 0h:27m
2024-03-05 23:38:09 INFO Epoch 46/60	Training Loss: 6.1459	Time remaining is 0h:26m
2024-03-05 23:39:46 INFO Epoch 47/60	Training Loss: 6.1458	Time remaining is 0h:24m
2024-03-05 23:41:22 INFO Epoch 48/60	Training Loss: 6.1455	Time remaining is 0h:22m
2024-03-05 23:42:59 INFO Epoch 49/60	Training Loss: 6.1452	Time remaining is 0h:20m
2024-03-05 23:44:36 INFO Epoch 50/60	Training Loss: 6.1452	Time remaining is 0h:19m
2024-03-05 23:46:12 INFO Epoch 51/60	Training Loss: 6.1449	Time remaining is 0h:17m
2024-03-05 23:47:49 INFO Epoch 52/60	Training Loss: 6.1446	Time remaining is 0h:15m
2024-03-05 23:49:26 INFO Epoch 53/60	Training Loss: 6.1445	Time remaining is 0h:14m
2024-03-05 23:51:03 INFO Epoch 54/60	Training Loss: 6.1444	Time remaining is 0h:12m
2024-03-05 23:52:40 INFO Epoch 55/60	Training Loss: 6.1442	Time remaining is 0h:10m
2024-03-05 23:54:16 INFO Epoch 56/60	Training Loss: 6.1440	Time remaining is 0h:8m
2024-03-05 23:55:53 INFO Epoch 57/60	Training Loss: 6.1437	Time remaining is 0h:7m
2024-03-05 23:57:30 INFO Epoch 58/60	Training Loss: 6.1435	Time remaining is 0h:5m
2024-03-05 23:59:06 INFO Epoch 59/60	Training Loss: 6.1434	Time remaining is 0h:3m
2024-03-06 00:00:42 INFO Epoch 60/60	Training Loss: 6.1425	Time remaining is 0h:2m
2024-03-06 00:01:28 INFO Testing: dataset_name: Market-1501 top1:0.9183 top5:0.9682 top10:0.9757 mAP:0.7724
2024-03-06 00:01:28 INFO The running time of training: 6.11491e+03 s
