2024-04-27 16:56:31 INFO ##################################################
2024-04-27 16:56:31 INFO Config values: batch_size: 60	current_directory: /home/hy/project/reid_task/ex_main1	dataset_name: DukeMTMC-reID	dataset_path: /home/hy/project/data/DukeMTMC-reID	device: cuda	dtype: torch.float32	epoch_start_test: 90	epochs: 160	img_height: 256	img_width: 128	logs_outputs_path: /home/hy/project/reid_task/ex_main1/./outputs/logs	models_outputs_path: /home/hy/project/reid_task/ex_main1/./outputs/models	np: <module 'numpy' from '/home/hy/anaconda3/envs/py396/lib/python3.9/site-packages/numpy/__init__.py'>	os: <module 'os' from '/home/hy/anaconda3/envs/py396/lib/python3.9/os.py'>	outputs_dir: ./outputs/	outputs_path: /home/hy/project/reid_task/ex_main1/./outputs/	print_every: 1	seed: 3	taskname: ReID_Task	temps_outputs_path: /home/hy/project/reid_task/ex_main1/./outputs/temps	test_batch_size: 256	test_every: 5	torch: <module 'torch' from '/home/hy/anaconda3/envs/py396/lib/python3.9/site-packages/torch/__init__.py'>
2024-04-27 16:56:31 INFO Task: ReID_Task
2024-04-27 16:56:31 INFO Using device: cuda
2024-04-27 16:56:31 INFO Using data type: torch.float32
2024-04-27 16:56:31 INFO Number of GPUs: 1
2024-04-27 16:56:31 INFO GPU is_available: True
2024-04-27 16:56:31 INFO GPU name: NVIDIA GeForce RTX 3060
2024-04-27 16:56:31 INFO CUDA version: 12.1
2024-04-27 16:56:31 INFO Current device id: 0
2024-04-27 16:56:31 INFO ##################################################
2024-04-27 16:58:07 INFO Epoch 1/160	Training Loss: 9.2231	Time remaining is 4h:14m
2024-04-27 16:59:42 INFO Epoch 2/160	Training Loss: 7.6516	Time remaining is 4h:12m
2024-04-27 17:01:18 INFO Epoch 3/160	Training Loss: 5.7819	Time remaining is 4h:11m
2024-04-27 17:02:52 INFO Epoch 4/160	Training Loss: 4.1687	Time remaining is 4h:9m
2024-04-27 17:04:26 INFO Epoch 5/160	Training Loss: 3.1073	Time remaining is 4h:7m
2024-04-27 17:06:00 INFO Epoch 6/160	Training Loss: 2.5687	Time remaining is 4h:5m
2024-04-27 17:07:36 INFO Epoch 7/160	Training Loss: 2.3730	Time remaining is 4h:3m
2024-04-27 17:09:10 INFO Epoch 8/160	Training Loss: 2.2698	Time remaining is 4h:2m
2024-04-27 17:10:45 INFO Epoch 9/160	Training Loss: 2.2327	Time remaining is 4h:0m
2024-04-27 17:12:21 INFO Epoch 10/160	Training Loss: 2.1946	Time remaining is 3h:59m
2024-04-27 17:13:56 INFO Epoch 11/160	Training Loss: 2.1887	Time remaining is 3h:57m
2024-04-27 17:15:31 INFO Epoch 12/160	Training Loss: 2.1512	Time remaining is 3h:56m
2024-04-27 17:17:06 INFO Epoch 13/160	Training Loss: 2.1050	Time remaining is 3h:54m
2024-04-27 17:18:42 INFO Epoch 14/160	Training Loss: 2.0992	Time remaining is 3h:53m
2024-04-27 17:20:16 INFO Epoch 15/160	Training Loss: 2.0635	Time remaining is 3h:51m
2024-04-27 17:21:51 INFO Epoch 16/160	Training Loss: 2.0681	Time remaining is 3h:49m
2024-04-27 17:23:25 INFO Epoch 17/160	Training Loss: 2.0594	Time remaining is 3h:48m
2024-04-27 17:25:00 INFO Epoch 18/160	Training Loss: 2.0642	Time remaining is 3h:46m
2024-04-27 17:26:35 INFO Epoch 19/160	Training Loss: 2.0470	Time remaining is 3h:45m
2024-04-27 17:28:09 INFO Epoch 20/160	Training Loss: 2.0558	Time remaining is 3h:43m
2024-04-27 17:29:44 INFO Epoch 21/160	Training Loss: 2.0499	Time remaining is 3h:41m
2024-04-27 17:31:18 INFO Epoch 22/160	Training Loss: 2.0373	Time remaining is 3h:40m
2024-04-27 17:32:53 INFO Epoch 23/160	Training Loss: 2.0570	Time remaining is 3h:38m
2024-04-27 17:34:28 INFO Epoch 24/160	Training Loss: 2.0487	Time remaining is 3h:37m
2024-04-27 17:36:02 INFO Epoch 25/160	Training Loss: 2.0419	Time remaining is 3h:35m
2024-04-27 17:37:37 INFO Epoch 26/160	Training Loss: 2.0353	Time remaining is 3h:33m
2024-04-27 17:39:12 INFO Epoch 27/160	Training Loss: 2.0279	Time remaining is 3h:32m
2024-04-27 17:40:47 INFO Epoch 28/160	Training Loss: 2.0357	Time remaining is 3h:30m
2024-04-27 17:42:22 INFO Epoch 29/160	Training Loss: 2.0453	Time remaining is 3h:29m
2024-04-27 17:43:57 INFO Epoch 30/160	Training Loss: 2.0316	Time remaining is 3h:27m
2024-04-27 17:45:32 INFO Epoch 31/160	Training Loss: 2.0433	Time remaining is 3h:26m
2024-04-27 17:47:07 INFO Epoch 32/160	Training Loss: 2.0177	Time remaining is 3h:24m
2024-04-27 17:48:42 INFO Epoch 33/160	Training Loss: 2.0580	Time remaining is 3h:22m
2024-04-27 17:50:16 INFO Epoch 34/160	Training Loss: 2.0158	Time remaining is 3h:21m
2024-04-27 17:51:51 INFO Epoch 35/160	Training Loss: 2.0127	Time remaining is 3h:19m
2024-04-27 17:53:26 INFO Epoch 36/160	Training Loss: 2.0122	Time remaining is 3h:18m
2024-04-27 17:55:00 INFO Epoch 37/160	Training Loss: 2.0075	Time remaining is 3h:16m
2024-04-27 17:56:35 INFO Epoch 38/160	Training Loss: 2.0023	Time remaining is 3h:14m
2024-04-27 17:58:10 INFO Epoch 39/160	Training Loss: 1.9979	Time remaining is 3h:13m
2024-04-27 17:59:44 INFO Epoch 40/160	Training Loss: 1.9967	Time remaining is 3h:11m
2024-04-27 18:01:19 INFO Epoch 41/160	Training Loss: 1.9420	Time remaining is 3h:10m
2024-04-27 18:02:54 INFO Epoch 42/160	Training Loss: 1.8945	Time remaining is 3h:8m
2024-04-27 18:04:29 INFO Epoch 43/160	Training Loss: 1.8730	Time remaining is 3h:6m
2024-04-27 18:06:03 INFO Epoch 44/160	Training Loss: 1.8676	Time remaining is 3h:5m
2024-04-27 18:07:38 INFO Epoch 45/160	Training Loss: 1.8684	Time remaining is 3h:3m
2024-04-27 18:09:14 INFO Epoch 46/160	Training Loss: 1.8719	Time remaining is 3h:2m
2024-04-27 18:10:49 INFO Epoch 47/160	Training Loss: 1.8622	Time remaining is 3h:0m
2024-04-27 18:12:23 INFO Epoch 48/160	Training Loss: 1.8512	Time remaining is 2h:59m
2024-04-27 18:13:58 INFO Epoch 49/160	Training Loss: 1.8474	Time remaining is 2h:57m
2024-04-27 18:15:33 INFO Epoch 50/160	Training Loss: 1.8551	Time remaining is 2h:55m
2024-04-27 18:17:08 INFO Epoch 51/160	Training Loss: 1.8503	Time remaining is 2h:54m
2024-04-27 18:18:43 INFO Epoch 52/160	Training Loss: 1.8511	Time remaining is 2h:52m
2024-04-27 18:20:18 INFO Epoch 53/160	Training Loss: 1.8473	Time remaining is 2h:51m
2024-04-27 18:21:52 INFO Epoch 54/160	Training Loss: 1.8389	Time remaining is 2h:49m
2024-04-27 18:23:27 INFO Epoch 55/160	Training Loss: 1.8449	Time remaining is 2h:48m
2024-04-27 18:25:01 INFO Epoch 56/160	Training Loss: 1.8397	Time remaining is 2h:46m
2024-04-27 18:26:36 INFO Epoch 57/160	Training Loss: 1.8367	Time remaining is 2h:44m
2024-04-27 18:28:10 INFO Epoch 58/160	Training Loss: 1.8368	Time remaining is 2h:43m
2024-04-27 18:29:44 INFO Epoch 59/160	Training Loss: 1.8174	Time remaining is 2h:41m
2024-04-27 18:31:19 INFO Epoch 60/160	Training Loss: 1.8427	Time remaining is 2h:40m
2024-04-27 18:32:54 INFO Epoch 61/160	Training Loss: 1.8395	Time remaining is 2h:38m
2024-04-27 18:34:30 INFO Epoch 62/160	Training Loss: 1.8394	Time remaining is 2h:36m
2024-04-27 18:36:05 INFO Epoch 63/160	Training Loss: 1.8406	Time remaining is 2h:35m
2024-04-27 18:37:40 INFO Epoch 64/160	Training Loss: 1.8364	Time remaining is 2h:33m
2024-04-27 18:39:15 INFO Epoch 65/160	Training Loss: 1.8452	Time remaining is 2h:32m
2024-04-27 18:40:49 INFO Epoch 66/160	Training Loss: 1.8311	Time remaining is 2h:30m
2024-04-27 18:42:23 INFO Epoch 67/160	Training Loss: 1.8225	Time remaining is 2h:29m
2024-04-27 18:43:58 INFO Epoch 68/160	Training Loss: 1.8342	Time remaining is 2h:27m
2024-04-27 18:45:33 INFO Epoch 69/160	Training Loss: 1.8273	Time remaining is 2h:25m
2024-04-27 18:47:08 INFO Epoch 70/160	Training Loss: 1.8402	Time remaining is 2h:24m
2024-04-27 18:48:44 INFO Epoch 71/160	Training Loss: 1.8395	Time remaining is 2h:22m
2024-04-27 18:50:18 INFO Epoch 72/160	Training Loss: 1.8130	Time remaining is 2h:21m
2024-04-27 18:51:53 INFO Epoch 73/160	Training Loss: 1.8256	Time remaining is 2h:19m
2024-04-27 18:53:28 INFO Epoch 74/160	Training Loss: 1.8230	Time remaining is 2h:17m
2024-04-27 18:55:02 INFO Epoch 75/160	Training Loss: 1.8074	Time remaining is 2h:16m
2024-04-27 18:56:35 INFO Epoch 76/160	Training Loss: 1.8084	Time remaining is 2h:14m
2024-04-27 18:58:10 INFO Epoch 77/160	Training Loss: 1.8210	Time remaining is 2h:13m
2024-04-27 18:59:45 INFO Epoch 78/160	Training Loss: 1.8077	Time remaining is 2h:11m
2024-04-27 19:01:19 INFO Epoch 79/160	Training Loss: 1.8146	Time remaining is 2h:10m
2024-04-27 19:02:54 INFO Epoch 80/160	Training Loss: 1.8232	Time remaining is 2h:8m
2024-04-27 19:04:29 INFO Epoch 81/160	Training Loss: 1.8147	Time remaining is 2h:6m
2024-04-27 19:06:03 INFO Epoch 82/160	Training Loss: 1.8139	Time remaining is 2h:5m
2024-04-27 19:07:39 INFO Epoch 83/160	Training Loss: 1.8354	Time remaining is 2h:3m
2024-04-27 19:09:13 INFO Epoch 84/160	Training Loss: 1.8039	Time remaining is 2h:2m
2024-04-27 19:10:47 INFO Epoch 85/160	Training Loss: 1.8115	Time remaining is 2h:0m
2024-04-27 19:12:22 INFO Epoch 86/160	Training Loss: 1.8203	Time remaining is 1h:58m
2024-04-27 19:13:57 INFO Epoch 87/160	Training Loss: 1.8208	Time remaining is 1h:57m
2024-04-27 19:15:32 INFO Epoch 88/160	Training Loss: 1.8134	Time remaining is 1h:55m
2024-04-27 19:17:07 INFO Epoch 89/160	Training Loss: 1.8200	Time remaining is 1h:54m
2024-04-27 19:18:42 INFO Epoch 90/160	Training Loss: 1.8121	Time remaining is 1h:52m
2024-04-27 19:20:01 INFO Testing: dataset_name: DukeMTMC-reID top1:0.8887 top5:0.9511 top10:0.9650 mAP:0.7847
2024-04-27 19:21:35 INFO Epoch 91/160	Training Loss: 1.8123	Time remaining is 1h:52m
2024-04-27 19:23:11 INFO Epoch 92/160	Training Loss: 1.8264	Time remaining is 1h:50m
2024-04-27 19:24:45 INFO Epoch 93/160	Training Loss: 1.8036	Time remaining is 1h:48m
2024-04-27 19:26:19 INFO Epoch 94/160	Training Loss: 1.8051	Time remaining is 1h:47m
2024-04-27 19:27:54 INFO Epoch 95/160	Training Loss: 1.8119	Time remaining is 1h:45m
2024-04-27 19:29:12 INFO Testing: dataset_name: DukeMTMC-reID top1:0.8891 top5:0.9529 top10:0.9663 mAP:0.7868
2024-04-27 19:30:47 INFO Epoch 96/160	Training Loss: 1.8176	Time remaining is 1h:44m
2024-04-27 19:32:21 INFO Epoch 97/160	Training Loss: 1.8025	Time remaining is 1h:43m
2024-04-27 19:33:56 INFO Epoch 98/160	Training Loss: 1.8183	Time remaining is 1h:41m
2024-04-27 19:35:31 INFO Epoch 99/160	Training Loss: 1.8177	Time remaining is 1h:40m
2024-04-27 19:37:06 INFO Epoch 100/160	Training Loss: 1.8176	Time remaining is 1h:38m
2024-04-27 19:38:24 INFO Testing: dataset_name: DukeMTMC-reID top1:0.8900 top5:0.9506 top10:0.9659 mAP:0.7857
2024-04-27 19:39:58 INFO Epoch 101/160	Training Loss: 1.8102	Time remaining is 1h:37m
2024-04-27 19:41:33 INFO Epoch 102/160	Training Loss: 1.8102	Time remaining is 1h:35m
2024-04-27 19:43:07 INFO Epoch 103/160	Training Loss: 1.8085	Time remaining is 1h:34m
2024-04-27 19:44:42 INFO Epoch 104/160	Training Loss: 1.8165	Time remaining is 1h:32m
2024-04-27 19:46:16 INFO Epoch 105/160	Training Loss: 1.8094	Time remaining is 1h:31m
2024-04-27 19:47:35 INFO Testing: dataset_name: DukeMTMC-reID top1:0.8950 top5:0.9511 top10:0.9641 mAP:0.7872
2024-04-27 19:49:09 INFO Epoch 106/160	Training Loss: 1.8174	Time remaining is 1h:30m
2024-04-27 19:50:44 INFO Epoch 107/160	Training Loss: 1.8092	Time remaining is 1h:28m
2024-04-27 19:52:19 INFO Epoch 108/160	Training Loss: 1.8162	Time remaining is 1h:26m
2024-04-27 19:53:54 INFO Epoch 109/160	Training Loss: 1.8089	Time remaining is 1h:25m
2024-04-27 19:55:28 INFO Epoch 110/160	Training Loss: 1.8095	Time remaining is 1h:23m
2024-04-27 19:56:47 INFO Testing: dataset_name: DukeMTMC-reID top1:0.8959 top5:0.9533 top10:0.9650 mAP:0.7878
2024-04-27 19:58:21 INFO Epoch 111/160	Training Loss: 1.8079	Time remaining is 1h:22m
2024-04-27 19:59:56 INFO Epoch 112/160	Training Loss: 1.8176	Time remaining is 1h:20m
2024-04-27 20:01:32 INFO Epoch 113/160	Training Loss: 1.8236	Time remaining is 1h:19m
2024-04-27 20:03:06 INFO Epoch 114/160	Training Loss: 1.8157	Time remaining is 1h:17m
2024-04-27 20:04:41 INFO Epoch 115/160	Training Loss: 1.8093	Time remaining is 1h:15m
2024-04-27 20:06:00 INFO Testing: dataset_name: DukeMTMC-reID top1:0.8918 top5:0.9529 top10:0.9659 mAP:0.7861
2024-04-27 20:07:35 INFO Epoch 116/160	Training Loss: 1.8149	Time remaining is 1h:14m
2024-04-27 20:09:10 INFO Epoch 117/160	Training Loss: 1.8155	Time remaining is 1h:12m
2024-04-27 20:10:46 INFO Epoch 118/160	Training Loss: 1.8159	Time remaining is 1h:11m
2024-04-27 20:12:21 INFO Epoch 119/160	Training Loss: 1.8154	Time remaining is 1h:9m
2024-04-27 20:13:55 INFO Epoch 120/160	Training Loss: 1.8069	Time remaining is 1h:7m
2024-04-27 20:15:14 INFO Testing: dataset_name: DukeMTMC-reID top1:0.8900 top5:0.9515 top10:0.9663 mAP:0.7866
2024-04-27 20:16:48 INFO Epoch 121/160	Training Loss: 1.8077	Time remaining is 1h:6m
2024-04-27 20:18:24 INFO Epoch 122/160	Training Loss: 1.8301	Time remaining is 1h:5m
2024-04-27 20:19:59 INFO Epoch 123/160	Training Loss: 1.8152	Time remaining is 1h:3m
2024-04-27 20:21:33 INFO Epoch 124/160	Training Loss: 1.8069	Time remaining is 1h:1m
2024-04-27 20:23:08 INFO Epoch 125/160	Training Loss: 1.8075	Time remaining is 0h:60m
2024-04-27 20:24:26 INFO Testing: dataset_name: DukeMTMC-reID top1:0.8936 top5:0.9547 top10:0.9668 mAP:0.7881
2024-04-27 20:26:01 INFO Epoch 126/160	Training Loss: 1.8208	Time remaining is 0h:58m
2024-04-27 20:27:36 INFO Epoch 127/160	Training Loss: 1.8146	Time remaining is 0h:57m
2024-04-27 20:29:11 INFO Epoch 128/160	Training Loss: 1.8074	Time remaining is 0h:55m
2024-04-27 20:30:45 INFO Epoch 129/160	Training Loss: 1.8064	Time remaining is 0h:53m
2024-04-27 20:32:20 INFO Epoch 130/160	Training Loss: 1.8148	Time remaining is 0h:51m
2024-04-27 20:33:39 INFO Testing: dataset_name: DukeMTMC-reID top1:0.8936 top5:0.9511 top10:0.9668 mAP:0.7882
2024-04-27 20:35:14 INFO Epoch 131/160	Training Loss: 1.8146	Time remaining is 0h:50m
2024-04-27 20:36:49 INFO Epoch 132/160	Training Loss: 1.8130	Time remaining is 0h:48m
2024-04-27 20:38:24 INFO Epoch 133/160	Training Loss: 1.8062	Time remaining is 0h:47m
2024-04-27 20:39:58 INFO Epoch 134/160	Training Loss: 1.8064	Time remaining is 0h:45m
2024-04-27 20:41:34 INFO Epoch 135/160	Training Loss: 1.8211	Time remaining is 0h:43m
2024-04-27 20:42:52 INFO Testing: dataset_name: DukeMTMC-reID top1:0.8941 top5:0.9538 top10:0.9668 mAP:0.7886
2024-04-27 20:44:27 INFO Epoch 136/160	Training Loss: 1.8135	Time remaining is 0h:42m
2024-04-27 20:46:01 INFO Epoch 137/160	Training Loss: 1.8053	Time remaining is 0h:40m
2024-04-27 20:47:37 INFO Epoch 138/160	Training Loss: 1.8188	Time remaining is 0h:39m
2024-04-27 20:49:11 INFO Epoch 139/160	Training Loss: 1.8071	Time remaining is 0h:37m
2024-04-27 20:50:46 INFO Epoch 140/160	Training Loss: 1.8121	Time remaining is 0h:35m
2024-04-27 20:52:05 INFO Testing: dataset_name: DukeMTMC-reID top1:0.8932 top5:0.9524 top10:0.9668 mAP:0.7899
2024-04-27 20:53:40 INFO Epoch 141/160	Training Loss: 1.8195	Time remaining is 0h:34m
2024-04-27 20:55:14 INFO Epoch 142/160	Training Loss: 1.8120	Time remaining is 0h:32m
2024-04-27 20:56:49 INFO Epoch 143/160	Training Loss: 1.8113	Time remaining is 0h:30m
2024-04-27 20:58:24 INFO Epoch 144/160	Training Loss: 1.8049	Time remaining is 0h:29m
2024-04-27 20:59:59 INFO Epoch 145/160	Training Loss: 1.8112	Time remaining is 0h:27m
2024-04-27 21:01:18 INFO Testing: dataset_name: DukeMTMC-reID top1:0.8963 top5:0.9515 top10:0.9672 mAP:0.7899
2024-04-27 21:02:53 INFO Epoch 146/160	Training Loss: 1.8136	Time remaining is 0h:25m
2024-04-27 21:04:28 INFO Epoch 147/160	Training Loss: 1.8191	Time remaining is 0h:24m
2024-04-27 21:06:04 INFO Epoch 148/160	Training Loss: 1.8204	Time remaining is 0h:22m
2024-04-27 21:07:40 INFO Epoch 149/160	Training Loss: 1.8195	Time remaining is 0h:20m
2024-04-27 21:09:16 INFO Epoch 150/160	Training Loss: 1.8183	Time remaining is 0h:19m
2024-04-27 21:10:37 INFO Testing: dataset_name: DukeMTMC-reID top1:0.8986 top5:0.9529 top10:0.9645 mAP:0.7896
2024-04-27 21:12:13 INFO Epoch 151/160	Training Loss: 1.8184	Time remaining is 0h:17m
2024-04-27 21:13:47 INFO Epoch 152/160	Training Loss: 1.7957	Time remaining is 0h:15m
2024-04-27 21:15:22 INFO Epoch 153/160	Training Loss: 1.8181	Time remaining is 0h:14m
2024-04-27 21:16:58 INFO Epoch 154/160	Training Loss: 1.8261	Time remaining is 0h:12m
2024-04-27 21:18:33 INFO Epoch 155/160	Training Loss: 1.8099	Time remaining is 0h:10m
2024-04-27 21:19:51 INFO Testing: dataset_name: DukeMTMC-reID top1:0.8950 top5:0.9529 top10:0.9659 mAP:0.7908
2024-04-27 21:21:26 INFO Epoch 156/160	Training Loss: 1.8105	Time remaining is 0h:8m
2024-04-27 21:23:01 INFO Epoch 157/160	Training Loss: 1.8175	Time remaining is 0h:7m
2024-04-27 21:24:36 INFO Epoch 158/160	Training Loss: 1.8035	Time remaining is 0h:5m
2024-04-27 21:26:11 INFO Epoch 159/160	Training Loss: 1.8026	Time remaining is 0h:3m
2024-04-27 21:27:45 INFO Epoch 160/160	Training Loss: 1.8032	Time remaining is 0h:2m
2024-04-27 21:29:03 INFO Testing: dataset_name: DukeMTMC-reID top1:0.8972 top5:0.9520 top10:0.9663 mAP:0.7915
2024-04-27 21:29:04 INFO The running time of training: 1.63526e+04 s
