2024-07-06 09:02:58 INFO ##################################################
2024-07-06 09:02:58 INFO Config values: batch_size: 60	current_directory: /home/hy/project/reid_task/ex_main1	dataset_name: market1501	dataset_path: /home/hy/project/data/Market-1501-v15.09.15	device: cuda	dtype: torch.float32	epoch_start_test: 90	epochs: 300	img_height: 256	img_width: 128	logs_outputs_path: /home/hy/project/reid_task/ex_main1/./outputs/logs	models_outputs_path: /home/hy/project/reid_task/ex_main1/./outputs/models	np: <module 'numpy' from '/home/hy/anaconda3/envs/py396/lib/python3.9/site-packages/numpy/__init__.py'>	os: <module 'os' from '/home/hy/anaconda3/envs/py396/lib/python3.9/os.py'>	outputs_dir: ./outputs/	outputs_path: /home/hy/project/reid_task/ex_main1/./outputs/	print_every: 1	seed: 1	taskname: ReID_Task	temps_outputs_path: /home/hy/project/reid_task/ex_main1/./outputs/temps	test_batch_size: 256	test_every: 5	torch: <module 'torch' from '/home/hy/anaconda3/envs/py396/lib/python3.9/site-packages/torch/__init__.py'>
2024-07-06 09:02:58 INFO Task: ReID_Task
2024-07-06 09:02:58 INFO Using device: cuda
2024-07-06 09:02:58 INFO Using data type: torch.float32
2024-07-06 09:02:58 INFO Number of GPUs: 1
2024-07-06 09:02:58 INFO GPU is_available: True
2024-07-06 09:02:58 INFO GPU name: NVIDIA GeForce RTX 3060
2024-07-06 09:02:58 INFO CUDA version: 12.1
2024-07-06 09:02:58 INFO Current device id: 0
2024-07-06 09:02:58 INFO ##################################################
2024-07-06 09:04:00 INFO Epoch 1/300	Training Loss: 8.8480	Time remaining is 5h:8m
2024-07-06 09:05:01 INFO Epoch 2/300	Training Loss: 7.5960	Time remaining is 5h:7m
2024-07-06 09:06:03 INFO Epoch 3/300	Training Loss: 5.8936	Time remaining is 5h:5m
2024-07-06 09:07:04 INFO Epoch 4/300	Training Loss: 4.4375	Time remaining is 5h:5m
2024-07-06 09:08:06 INFO Epoch 5/300	Training Loss: 3.2872	Time remaining is 5h:4m
2024-07-06 09:09:07 INFO Epoch 6/300	Training Loss: 2.5007	Time remaining is 5h:2m
2024-07-06 09:10:08 INFO Epoch 7/300	Training Loss: 2.0836	Time remaining is 5h:1m
2024-07-06 09:11:10 INFO Epoch 8/300	Training Loss: 1.8503	Time remaining is 5h:0m
2024-07-06 09:12:11 INFO Epoch 9/300	Training Loss: 1.7186	Time remaining is 4h:59m
2024-07-06 09:13:13 INFO Epoch 10/300	Training Loss: 1.6507	Time remaining is 4h:58m
2024-07-06 09:14:14 INFO Epoch 11/300	Training Loss: 1.5984	Time remaining is 4h:57m
2024-07-06 09:15:16 INFO Epoch 12/300	Training Loss: 1.5311	Time remaining is 4h:56m
2024-07-06 09:16:17 INFO Epoch 13/300	Training Loss: 1.4708	Time remaining is 4h:55m
2024-07-06 09:17:19 INFO Epoch 14/300	Training Loss: 1.4475	Time remaining is 4h:54m
2024-07-06 09:18:21 INFO Epoch 15/300	Training Loss: 1.4252	Time remaining is 4h:53m
2024-07-06 09:19:22 INFO Epoch 16/300	Training Loss: 1.4019	Time remaining is 4h:52m
2024-07-06 09:20:23 INFO Epoch 17/300	Training Loss: 1.3963	Time remaining is 4h:51m
2024-07-06 09:21:25 INFO Epoch 18/300	Training Loss: 1.3837	Time remaining is 4h:50m
2024-07-06 09:22:27 INFO Epoch 19/300	Training Loss: 1.3808	Time remaining is 4h:49m
2024-07-06 09:23:28 INFO Epoch 20/300	Training Loss: 1.3720	Time remaining is 4h:48m
2024-07-06 09:24:30 INFO Epoch 21/300	Training Loss: 1.3802	Time remaining is 4h:47m
2024-07-06 09:25:32 INFO Epoch 22/300	Training Loss: 1.3703	Time remaining is 4h:46m
2024-07-06 09:26:33 INFO Epoch 23/300	Training Loss: 1.3536	Time remaining is 4h:45m
2024-07-06 09:27:35 INFO Epoch 24/300	Training Loss: 1.3614	Time remaining is 4h:44m
2024-07-06 09:28:36 INFO Epoch 25/300	Training Loss: 1.3634	Time remaining is 4h:43m
2024-07-06 09:29:38 INFO Epoch 26/300	Training Loss: 1.3790	Time remaining is 4h:42m
2024-07-06 09:30:40 INFO Epoch 27/300	Training Loss: 1.3672	Time remaining is 4h:41m
2024-07-06 09:31:42 INFO Epoch 28/300	Training Loss: 1.3660	Time remaining is 4h:40m
2024-07-06 09:32:43 INFO Epoch 29/300	Training Loss: 1.3601	Time remaining is 4h:39m
2024-07-06 09:33:44 INFO Epoch 30/300	Training Loss: 1.3456	Time remaining is 4h:38m
2024-07-06 09:34:46 INFO Epoch 31/300	Training Loss: 1.3620	Time remaining is 4h:37m
2024-07-06 09:35:48 INFO Epoch 32/300	Training Loss: 1.3558	Time remaining is 4h:36m
2024-07-06 09:36:49 INFO Epoch 33/300	Training Loss: 1.3451	Time remaining is 4h:35m
2024-07-06 09:37:51 INFO Epoch 34/300	Training Loss: 1.3664	Time remaining is 4h:34m
2024-07-06 09:38:53 INFO Epoch 35/300	Training Loss: 1.3564	Time remaining is 4h:33m
2024-07-06 09:39:55 INFO Epoch 36/300	Training Loss: 1.3408	Time remaining is 4h:32m
2024-07-06 09:40:57 INFO Epoch 37/300	Training Loss: 1.3528	Time remaining is 4h:31m
2024-07-06 09:41:58 INFO Epoch 38/300	Training Loss: 1.3520	Time remaining is 4h:30m
2024-07-06 09:43:00 INFO Epoch 39/300	Training Loss: 1.3497	Time remaining is 4h:29m
2024-07-06 09:44:02 INFO Epoch 40/300	Training Loss: 1.3385	Time remaining is 4h:28m
2024-07-06 09:45:03 INFO Epoch 41/300	Training Loss: 1.2591	Time remaining is 4h:27m
2024-07-06 09:46:05 INFO Epoch 42/300	Training Loss: 1.1830	Time remaining is 4h:26m
2024-07-06 09:47:07 INFO Epoch 43/300	Training Loss: 1.1695	Time remaining is 4h:25m
2024-07-06 09:48:08 INFO Epoch 44/300	Training Loss: 1.1567	Time remaining is 4h:24m
2024-07-06 09:49:10 INFO Epoch 45/300	Training Loss: 1.1525	Time remaining is 4h:23m
2024-07-06 09:50:12 INFO Epoch 46/300	Training Loss: 1.1451	Time remaining is 4h:22m
2024-07-06 09:51:13 INFO Epoch 47/300	Training Loss: 1.1357	Time remaining is 4h:21m
2024-07-06 09:52:15 INFO Epoch 48/300	Training Loss: 1.1401	Time remaining is 4h:20m
2024-07-06 09:53:16 INFO Epoch 49/300	Training Loss: 1.1335	Time remaining is 4h:19m
2024-07-06 09:54:18 INFO Epoch 50/300	Training Loss: 1.1332	Time remaining is 4h:18m
2024-07-06 09:55:20 INFO Epoch 51/300	Training Loss: 1.1240	Time remaining is 4h:17m
2024-07-06 09:56:21 INFO Epoch 52/300	Training Loss: 1.1262	Time remaining is 4h:16m
2024-07-06 09:57:23 INFO Epoch 53/300	Training Loss: 1.1258	Time remaining is 4h:15m
2024-07-06 09:58:25 INFO Epoch 54/300	Training Loss: 1.1212	Time remaining is 4h:14m
2024-07-06 09:59:27 INFO Epoch 55/300	Training Loss: 1.1229	Time remaining is 4h:13m
2024-07-06 10:00:28 INFO Epoch 56/300	Training Loss: 1.1197	Time remaining is 4h:12m
2024-07-06 10:01:29 INFO Epoch 57/300	Training Loss: 1.1107	Time remaining is 4h:11m
2024-07-06 10:02:31 INFO Epoch 58/300	Training Loss: 1.1189	Time remaining is 4h:9m
2024-07-06 10:03:33 INFO Epoch 59/300	Training Loss: 1.1165	Time remaining is 4h:8m
2024-07-06 10:04:34 INFO Epoch 60/300	Training Loss: 1.1123	Time remaining is 4h:7m
2024-07-06 10:05:36 INFO Epoch 61/300	Training Loss: 1.1142	Time remaining is 4h:6m
2024-07-06 10:06:37 INFO Epoch 62/300	Training Loss: 1.1099	Time remaining is 4h:5m
2024-07-06 10:07:39 INFO Epoch 63/300	Training Loss: 1.1100	Time remaining is 4h:4m
2024-07-06 10:08:41 INFO Epoch 64/300	Training Loss: 1.1084	Time remaining is 4h:3m
2024-07-06 10:09:43 INFO Epoch 65/300	Training Loss: 1.1051	Time remaining is 4h:2m
2024-07-06 10:10:45 INFO Epoch 66/300	Training Loss: 1.1075	Time remaining is 4h:1m
2024-07-06 10:11:48 INFO Epoch 67/300	Training Loss: 1.1116	Time remaining is 4h:0m
2024-07-06 10:12:50 INFO Epoch 68/300	Training Loss: 1.1038	Time remaining is 3h:59m
2024-07-06 10:13:51 INFO Epoch 69/300	Training Loss: 1.1018	Time remaining is 3h:58m
2024-07-06 10:14:53 INFO Epoch 70/300	Training Loss: 1.1033	Time remaining is 3h:57m
2024-07-06 10:15:55 INFO Epoch 71/300	Training Loss: 1.0972	Time remaining is 3h:56m
2024-07-06 10:16:57 INFO Epoch 72/300	Training Loss: 1.0926	Time remaining is 3h:55m
2024-07-06 10:17:59 INFO Epoch 73/300	Training Loss: 1.0904	Time remaining is 3h:54m
2024-07-06 10:19:01 INFO Epoch 74/300	Training Loss: 1.0857	Time remaining is 3h:53m
2024-07-06 10:20:02 INFO Epoch 75/300	Training Loss: 1.0834	Time remaining is 3h:52m
2024-07-06 10:21:04 INFO Epoch 76/300	Training Loss: 1.0813	Time remaining is 3h:51m
2024-07-06 10:22:06 INFO Epoch 77/300	Training Loss: 1.0883	Time remaining is 3h:50m
2024-07-06 10:23:07 INFO Epoch 78/300	Training Loss: 1.0807	Time remaining is 3h:49m
2024-07-06 10:24:09 INFO Epoch 79/300	Training Loss: 1.0866	Time remaining is 3h:48m
2024-07-06 10:25:11 INFO Epoch 80/300	Training Loss: 1.0860	Time remaining is 3h:47m
2024-07-06 10:26:13 INFO Epoch 81/300	Training Loss: 1.0849	Time remaining is 3h:46m
2024-07-06 10:27:14 INFO Epoch 82/300	Training Loss: 1.0850	Time remaining is 3h:45m
2024-07-06 10:28:16 INFO Epoch 83/300	Training Loss: 1.0841	Time remaining is 3h:44m
2024-07-06 10:29:18 INFO Epoch 84/300	Training Loss: 1.0835	Time remaining is 3h:43m
2024-07-06 10:30:20 INFO Epoch 85/300	Training Loss: 1.0876	Time remaining is 3h:42m
2024-07-06 10:31:22 INFO Epoch 86/300	Training Loss: 1.0844	Time remaining is 3h:41m
2024-07-06 10:32:24 INFO Epoch 87/300	Training Loss: 1.0832	Time remaining is 3h:40m
2024-07-06 10:33:25 INFO Epoch 88/300	Training Loss: 1.0762	Time remaining is 3h:39m
2024-07-06 10:34:27 INFO Epoch 89/300	Training Loss: 1.0802	Time remaining is 3h:38m
2024-07-06 10:35:29 INFO Epoch 90/300	Training Loss: 1.0816	Time remaining is 3h:37m
2024-07-06 10:36:41 INFO Testing: dataset_name: market1501 top1:0.9394 top5:0.9801 top10:0.9884 mAP:0.8481
2024-07-06 10:37:43 INFO Epoch 91/300	Training Loss: 1.0828	Time remaining is 3h:39m
2024-07-06 10:38:44 INFO Epoch 92/300	Training Loss: 1.0758	Time remaining is 3h:38m
2024-07-06 10:39:46 INFO Epoch 93/300	Training Loss: 1.0846	Time remaining is 3h:37m
2024-07-06 10:40:48 INFO Epoch 94/300	Training Loss: 1.0815	Time remaining is 3h:35m
2024-07-06 10:41:49 INFO Epoch 95/300	Training Loss: 1.0740	Time remaining is 3h:34m
2024-07-06 10:43:02 INFO Testing: dataset_name: market1501 top1:0.9347 top5:0.9804 top10:0.9881 mAP:0.8480
2024-07-06 10:44:03 INFO Epoch 96/300	Training Loss: 1.0820	Time remaining is 3h:36m
2024-07-06 10:45:05 INFO Epoch 97/300	Training Loss: 1.0737	Time remaining is 3h:35m
2024-07-06 10:46:07 INFO Epoch 98/300	Training Loss: 1.0829	Time remaining is 3h:34m
2024-07-06 10:47:08 INFO Epoch 99/300	Training Loss: 1.0808	Time remaining is 3h:33m
2024-07-06 10:48:10 INFO Epoch 100/300	Training Loss: 1.0795	Time remaining is 3h:31m
2024-07-06 10:49:22 INFO Testing: dataset_name: market1501 top1:0.9350 top5:0.9792 top10:0.9884 mAP:0.8467
2024-07-06 10:50:24 INFO Epoch 101/300	Training Loss: 1.0812	Time remaining is 3h:33m
2024-07-06 10:51:26 INFO Epoch 102/300	Training Loss: 1.0809	Time remaining is 3h:32m
2024-07-06 10:52:28 INFO Epoch 103/300	Training Loss: 1.0788	Time remaining is 3h:30m
2024-07-06 10:53:29 INFO Epoch 104/300	Training Loss: 1.0790	Time remaining is 3h:29m
2024-07-06 10:54:32 INFO Epoch 105/300	Training Loss: 1.0847	Time remaining is 3h:28m
2024-07-06 10:55:44 INFO Testing: dataset_name: market1501 top1:0.9376 top5:0.9813 top10:0.9884 mAP:0.8490
2024-07-06 10:56:46 INFO Epoch 106/300	Training Loss: 1.0799	Time remaining is 3h:29m
2024-07-06 10:57:47 INFO Epoch 107/300	Training Loss: 1.0721	Time remaining is 3h:28m
2024-07-06 10:58:49 INFO Epoch 108/300	Training Loss: 1.0800	Time remaining is 3h:27m
2024-07-06 10:59:50 INFO Epoch 109/300	Training Loss: 1.0791	Time remaining is 3h:26m
2024-07-06 11:00:52 INFO Epoch 110/300	Training Loss: 1.0774	Time remaining is 3h:25m
2024-07-06 11:02:04 INFO Testing: dataset_name: market1501 top1:0.9368 top5:0.9813 top10:0.9884 mAP:0.8505
2024-07-06 11:03:06 INFO Epoch 111/300	Training Loss: 1.0715	Time remaining is 3h:26m
2024-07-06 11:04:07 INFO Epoch 112/300	Training Loss: 1.0780	Time remaining is 3h:24m
2024-07-06 11:05:09 INFO Epoch 113/300	Training Loss: 1.0749	Time remaining is 3h:23m
2024-07-06 11:06:10 INFO Epoch 114/300	Training Loss: 1.0737	Time remaining is 3h:22m
2024-07-06 11:07:12 INFO Epoch 115/300	Training Loss: 1.0828	Time remaining is 3h:21m
2024-07-06 11:08:24 INFO Testing: dataset_name: market1501 top1:0.9362 top5:0.9807 top10:0.9884 mAP:0.8497
2024-07-06 11:09:26 INFO Epoch 116/300	Training Loss: 1.0774	Time remaining is 3h:22m
2024-07-06 11:10:28 INFO Epoch 117/300	Training Loss: 1.0796	Time remaining is 3h:20m
2024-07-06 11:11:29 INFO Epoch 118/300	Training Loss: 1.0784	Time remaining is 3h:19m
2024-07-06 11:12:31 INFO Epoch 119/300	Training Loss: 1.0831	Time remaining is 3h:18m
2024-07-06 11:13:33 INFO Epoch 120/300	Training Loss: 1.0700	Time remaining is 3h:17m
2024-07-06 11:14:45 INFO Testing: dataset_name: market1501 top1:0.9397 top5:0.9810 top10:0.9890 mAP:0.8516
2024-07-06 11:15:47 INFO Epoch 121/300	Training Loss: 1.0766	Time remaining is 3h:18m
2024-07-06 11:16:48 INFO Epoch 122/300	Training Loss: 1.0749	Time remaining is 3h:16m
2024-07-06 11:17:50 INFO Epoch 123/300	Training Loss: 1.0759	Time remaining is 3h:15m
2024-07-06 11:18:52 INFO Epoch 124/300	Training Loss: 1.0722	Time remaining is 3h:14m
2024-07-06 11:19:53 INFO Epoch 125/300	Training Loss: 1.0776	Time remaining is 3h:13m
2024-07-06 11:21:06 INFO Testing: dataset_name: market1501 top1:0.9368 top5:0.9816 top10:0.9890 mAP:0.8510
2024-07-06 11:22:17 INFO Epoch 126/300	Training Loss: 1.0763	Time remaining is 3h:13m
2024-07-06 11:23:19 INFO Epoch 127/300	Training Loss: 1.0759	Time remaining is 3h:12m
2024-07-06 11:24:21 INFO Epoch 128/300	Training Loss: 1.0753	Time remaining is 3h:11m
2024-07-06 11:25:23 INFO Epoch 129/300	Training Loss: 1.0764	Time remaining is 3h:10m
2024-07-06 11:26:25 INFO Epoch 130/300	Training Loss: 1.0753	Time remaining is 3h:9m
2024-07-06 11:27:37 INFO Testing: dataset_name: market1501 top1:0.9376 top5:0.9807 top10:0.9884 mAP:0.8518
2024-07-06 11:28:39 INFO Epoch 131/300	Training Loss: 1.0717	Time remaining is 3h:9m
2024-07-06 11:29:40 INFO Epoch 132/300	Training Loss: 1.0757	Time remaining is 3h:8m
2024-07-06 11:30:41 INFO Epoch 133/300	Training Loss: 1.0705	Time remaining is 3h:7m
2024-07-06 11:31:43 INFO Epoch 134/300	Training Loss: 1.0749	Time remaining is 3h:5m
2024-07-06 11:32:44 INFO Epoch 135/300	Training Loss: 1.0705	Time remaining is 3h:4m
2024-07-06 11:33:56 INFO Testing: dataset_name: market1501 top1:0.9382 top5:0.9807 top10:0.9884 mAP:0.8540
2024-07-06 11:34:57 INFO Epoch 136/300	Training Loss: 1.0682	Time remaining is 3h:4m
2024-07-06 11:35:59 INFO Epoch 137/300	Training Loss: 1.0737	Time remaining is 3h:3m
2024-07-06 11:37:00 INFO Epoch 138/300	Training Loss: 1.0752	Time remaining is 3h:2m
2024-07-06 11:38:02 INFO Epoch 139/300	Training Loss: 1.0689	Time remaining is 3h:1m
2024-07-06 11:39:03 INFO Epoch 140/300	Training Loss: 1.0743	Time remaining is 2h:59m
2024-07-06 11:40:15 INFO Testing: dataset_name: market1501 top1:0.9362 top5:0.9801 top10:0.9884 mAP:0.8524
2024-07-06 11:41:17 INFO Epoch 141/300	Training Loss: 1.0749	Time remaining is 2h:60m
2024-07-06 11:42:18 INFO Epoch 142/300	Training Loss: 1.0743	Time remaining is 2h:58m
2024-07-06 11:43:20 INFO Epoch 143/300	Training Loss: 1.0719	Time remaining is 2h:57m
2024-07-06 11:44:21 INFO Epoch 144/300	Training Loss: 1.0718	Time remaining is 2h:56m
2024-07-06 11:45:22 INFO Epoch 145/300	Training Loss: 1.0755	Time remaining is 2h:55m
2024-07-06 11:46:35 INFO Testing: dataset_name: market1501 top1:0.9368 top5:0.9810 top10:0.9881 mAP:0.8534
2024-07-06 11:47:36 INFO Epoch 146/300	Training Loss: 1.0723	Time remaining is 2h:55m
2024-07-06 11:48:38 INFO Epoch 147/300	Training Loss: 1.0721	Time remaining is 2h:54m
2024-07-06 11:49:40 INFO Epoch 148/300	Training Loss: 1.0729	Time remaining is 2h:52m
2024-07-06 11:50:42 INFO Epoch 149/300	Training Loss: 1.0795	Time remaining is 2h:51m
2024-07-06 11:51:43 INFO Epoch 150/300	Training Loss: 1.0671	Time remaining is 2h:50m
2024-07-06 11:52:55 INFO Testing: dataset_name: market1501 top1:0.9376 top5:0.9804 top10:0.9884 mAP:0.8537
2024-07-06 11:53:57 INFO Epoch 151/300	Training Loss: 1.0747	Time remaining is 2h:50m
2024-07-06 11:54:58 INFO Epoch 152/300	Training Loss: 1.0708	Time remaining is 2h:49m
2024-07-06 11:56:00 INFO Epoch 153/300	Training Loss: 1.0694	Time remaining is 2h:47m
2024-07-06 11:57:02 INFO Epoch 154/300	Training Loss: 1.0728	Time remaining is 2h:46m
2024-07-06 11:58:04 INFO Epoch 155/300	Training Loss: 1.0730	Time remaining is 2h:45m
2024-07-06 11:59:16 INFO Testing: dataset_name: market1501 top1:0.9394 top5:0.9810 top10:0.9884 mAP:0.8559
2024-07-06 12:00:17 INFO Epoch 156/300	Training Loss: 1.0654	Time remaining is 2h:45m
2024-07-06 12:01:19 INFO Epoch 157/300	Training Loss: 1.0713	Time remaining is 2h:44m
2024-07-06 12:02:20 INFO Epoch 158/300	Training Loss: 1.0685	Time remaining is 2h:42m
2024-07-06 12:03:21 INFO Epoch 159/300	Training Loss: 1.0715	Time remaining is 2h:41m
2024-07-06 12:04:23 INFO Epoch 160/300	Training Loss: 1.0644	Time remaining is 2h:40m
2024-07-06 12:05:35 INFO Testing: dataset_name: market1501 top1:0.9400 top5:0.9807 top10:0.9896 mAP:0.8552
2024-07-06 12:06:36 INFO Epoch 161/300	Training Loss: 1.0703	Time remaining is 2h:40m
2024-07-06 12:07:38 INFO Epoch 162/300	Training Loss: 1.0692	Time remaining is 2h:38m
2024-07-06 12:08:39 INFO Epoch 163/300	Training Loss: 1.0657	Time remaining is 2h:37m
2024-07-06 12:09:41 INFO Epoch 164/300	Training Loss: 1.0706	Time remaining is 2h:36m
2024-07-06 12:10:42 INFO Epoch 165/300	Training Loss: 1.0643	Time remaining is 2h:35m
2024-07-06 12:11:54 INFO Testing: dataset_name: market1501 top1:0.9397 top5:0.9816 top10:0.9884 mAP:0.8568
2024-07-06 12:12:55 INFO Epoch 166/300	Training Loss: 1.0644	Time remaining is 2h:34m
2024-07-06 12:13:57 INFO Epoch 167/300	Training Loss: 1.0677	Time remaining is 2h:33m
2024-07-06 12:14:58 INFO Epoch 168/300	Training Loss: 1.0647	Time remaining is 2h:32m
2024-07-06 12:16:00 INFO Epoch 169/300	Training Loss: 1.0754	Time remaining is 2h:31m
2024-07-06 12:17:02 INFO Epoch 170/300	Training Loss: 1.0680	Time remaining is 2h:30m
2024-07-06 12:18:14 INFO Testing: dataset_name: market1501 top1:0.9379 top5:0.9804 top10:0.9887 mAP:0.8554
2024-07-06 12:19:15 INFO Epoch 171/300	Training Loss: 1.0691	Time remaining is 2h:29m
2024-07-06 12:20:17 INFO Epoch 172/300	Training Loss: 1.0702	Time remaining is 2h:28m
2024-07-06 12:21:18 INFO Epoch 173/300	Training Loss: 1.0687	Time remaining is 2h:27m
2024-07-06 12:22:20 INFO Epoch 174/300	Training Loss: 1.0657	Time remaining is 2h:26m
2024-07-06 12:23:22 INFO Epoch 175/300	Training Loss: 1.0692	Time remaining is 2h:24m
2024-07-06 12:24:34 INFO Testing: dataset_name: market1501 top1:0.9365 top5:0.9816 top10:0.9887 mAP:0.8557
2024-07-06 12:25:36 INFO Epoch 176/300	Training Loss: 1.0686	Time remaining is 2h:24m
2024-07-06 12:26:37 INFO Epoch 177/300	Training Loss: 1.0636	Time remaining is 2h:23m
2024-07-06 12:27:39 INFO Epoch 178/300	Training Loss: 1.0664	Time remaining is 2h:21m
2024-07-06 12:28:41 INFO Epoch 179/300	Training Loss: 1.0667	Time remaining is 2h:20m
2024-07-06 12:29:42 INFO Epoch 180/300	Training Loss: 1.0634	Time remaining is 2h:19m
2024-07-06 12:30:54 INFO Testing: dataset_name: market1501 top1:0.9382 top5:0.9813 top10:0.9887 mAP:0.8577
2024-07-06 12:31:56 INFO Epoch 181/300	Training Loss: 1.0687	Time remaining is 2h:19m
2024-07-06 12:32:58 INFO Epoch 182/300	Training Loss: 1.0684	Time remaining is 2h:17m
2024-07-06 12:33:59 INFO Epoch 183/300	Training Loss: 1.0625	Time remaining is 2h:16m
2024-07-06 12:35:01 INFO Epoch 184/300	Training Loss: 1.0628	Time remaining is 2h:15m
2024-07-06 12:36:03 INFO Epoch 185/300	Training Loss: 1.0684	Time remaining is 2h:14m
2024-07-06 12:37:15 INFO Testing: dataset_name: market1501 top1:0.9359 top5:0.9810 top10:0.9899 mAP:0.8561
2024-07-06 12:38:16 INFO Epoch 186/300	Training Loss: 1.0628	Time remaining is 2h:13m
2024-07-06 12:39:18 INFO Epoch 187/300	Training Loss: 1.0674	Time remaining is 2h:12m
2024-07-06 12:40:19 INFO Epoch 188/300	Training Loss: 1.0659	Time remaining is 2h:11m
2024-07-06 12:41:21 INFO Epoch 189/300	Training Loss: 1.0677	Time remaining is 2h:9m
2024-07-06 12:42:22 INFO Epoch 190/300	Training Loss: 1.0666	Time remaining is 2h:8m
2024-07-06 12:43:34 INFO Testing: dataset_name: market1501 top1:0.9362 top5:0.9819 top10:0.9887 mAP:0.8569
2024-07-06 12:44:36 INFO Epoch 191/300	Training Loss: 1.0669	Time remaining is 2h:8m
2024-07-06 12:45:37 INFO Epoch 192/300	Training Loss: 1.0667	Time remaining is 2h:6m
2024-07-06 12:46:39 INFO Epoch 193/300	Training Loss: 1.0599	Time remaining is 2h:5m
2024-07-06 12:47:40 INFO Epoch 194/300	Training Loss: 1.0673	Time remaining is 2h:4m
2024-07-06 12:48:42 INFO Epoch 195/300	Training Loss: 1.0594	Time remaining is 2h:3m
2024-07-06 12:49:54 INFO Testing: dataset_name: market1501 top1:0.9385 top5:0.9813 top10:0.9875 mAP:0.8576
2024-07-06 12:50:56 INFO Epoch 196/300	Training Loss: 1.0674	Time remaining is 2h:2m
2024-07-06 12:51:57 INFO Epoch 197/300	Training Loss: 1.0614	Time remaining is 2h:1m
2024-07-06 12:52:59 INFO Epoch 198/300	Training Loss: 1.0595	Time remaining is 1h:60m
2024-07-06 12:54:00 INFO Epoch 199/300	Training Loss: 1.0650	Time remaining is 1h:58m
2024-07-06 12:55:02 INFO Epoch 200/300	Training Loss: 1.0673	Time remaining is 1h:57m
2024-07-06 12:56:14 INFO Testing: dataset_name: market1501 top1:0.9385 top5:0.9822 top10:0.9896 mAP:0.8573
2024-07-06 12:57:15 INFO Epoch 201/300	Training Loss: 1.0581	Time remaining is 1h:57m
2024-07-06 12:58:17 INFO Epoch 202/300	Training Loss: 1.0656	Time remaining is 1h:55m
2024-07-06 12:59:18 INFO Epoch 203/300	Training Loss: 1.0695	Time remaining is 1h:54m
2024-07-06 13:00:20 INFO Epoch 204/300	Training Loss: 1.0591	Time remaining is 1h:53m
2024-07-06 13:01:22 INFO Epoch 205/300	Training Loss: 1.0649	Time remaining is 1h:52m
2024-07-06 13:02:34 INFO Testing: dataset_name: market1501 top1:0.9365 top5:0.9798 top10:0.9887 mAP:0.8576
2024-07-06 13:03:35 INFO Epoch 206/300	Training Loss: 1.0654	Time remaining is 1h:51m
2024-07-06 13:04:37 INFO Epoch 207/300	Training Loss: 1.0697	Time remaining is 1h:50m
2024-07-06 13:05:39 INFO Epoch 208/300	Training Loss: 1.0656	Time remaining is 1h:49m
2024-07-06 13:06:41 INFO Epoch 209/300	Training Loss: 1.0650	Time remaining is 1h:47m
2024-07-06 13:07:42 INFO Epoch 210/300	Training Loss: 1.0600	Time remaining is 1h:46m
2024-07-06 13:08:54 INFO Testing: dataset_name: market1501 top1:0.9385 top5:0.9807 top10:0.9890 mAP:0.8580
2024-07-06 13:09:56 INFO Epoch 211/300	Training Loss: 1.0643	Time remaining is 1h:45m
2024-07-06 13:10:58 INFO Epoch 212/300	Training Loss: 1.0623	Time remaining is 1h:44m
2024-07-06 13:11:59 INFO Epoch 213/300	Training Loss: 1.0581	Time remaining is 1h:43m
2024-07-06 13:13:01 INFO Epoch 214/300	Training Loss: 1.0634	Time remaining is 1h:42m
2024-07-06 13:14:02 INFO Epoch 215/300	Training Loss: 1.0601	Time remaining is 1h:40m
2024-07-06 13:15:14 INFO Testing: dataset_name: market1501 top1:0.9379 top5:0.9819 top10:0.9884 mAP:0.8582
2024-07-06 13:16:15 INFO Epoch 216/300	Training Loss: 1.0579	Time remaining is 1h:40m
2024-07-06 13:17:17 INFO Epoch 217/300	Training Loss: 1.0631	Time remaining is 1h:38m
2024-07-06 13:18:19 INFO Epoch 218/300	Training Loss: 1.0704	Time remaining is 1h:37m
2024-07-06 13:19:20 INFO Epoch 219/300	Training Loss: 1.0621	Time remaining is 1h:36m
2024-07-06 13:20:22 INFO Epoch 220/300	Training Loss: 1.0629	Time remaining is 1h:35m
2024-07-06 13:21:34 INFO Testing: dataset_name: market1501 top1:0.9388 top5:0.9810 top10:0.9893 mAP:0.8587
2024-07-06 13:22:35 INFO Epoch 221/300	Training Loss: 1.0606	Time remaining is 1h:34m
2024-07-06 13:23:37 INFO Epoch 222/300	Training Loss: 1.0613	Time remaining is 1h:33m
2024-07-06 13:24:39 INFO Epoch 223/300	Training Loss: 1.0617	Time remaining is 1h:32m
2024-07-06 13:25:40 INFO Epoch 224/300	Training Loss: 1.0559	Time remaining is 1h:30m
2024-07-06 13:26:42 INFO Epoch 225/300	Training Loss: 1.0656	Time remaining is 1h:29m
2024-07-06 13:27:54 INFO Testing: dataset_name: market1501 top1:0.9391 top5:0.9816 top10:0.9896 mAP:0.8589
2024-07-06 13:28:56 INFO Epoch 226/300	Training Loss: 1.0622	Time remaining is 1h:28m
2024-07-06 13:29:57 INFO Epoch 227/300	Training Loss: 1.0622	Time remaining is 1h:27m
2024-07-06 13:30:59 INFO Epoch 228/300	Training Loss: 1.0620	Time remaining is 1h:26m
2024-07-06 13:32:01 INFO Epoch 229/300	Training Loss: 1.0680	Time remaining is 1h:25m
2024-07-06 13:33:02 INFO Epoch 230/300	Training Loss: 1.0621	Time remaining is 1h:23m
2024-07-06 13:34:15 INFO Testing: dataset_name: market1501 top1:0.9368 top5:0.9813 top10:0.9890 mAP:0.8585
2024-07-06 13:35:16 INFO Epoch 231/300	Training Loss: 1.0572	Time remaining is 1h:23m
2024-07-06 13:36:18 INFO Epoch 232/300	Training Loss: 1.0550	Time remaining is 1h:21m
2024-07-06 13:37:19 INFO Epoch 233/300	Training Loss: 1.0624	Time remaining is 1h:20m
2024-07-06 13:38:21 INFO Epoch 234/300	Training Loss: 1.0553	Time remaining is 1h:19m
2024-07-06 13:39:22 INFO Epoch 235/300	Training Loss: 1.0578	Time remaining is 1h:18m
2024-07-06 13:40:34 INFO Testing: dataset_name: market1501 top1:0.9376 top5:0.9819 top10:0.9878 mAP:0.8589
2024-07-06 13:41:36 INFO Epoch 236/300	Training Loss: 1.0670	Time remaining is 1h:17m
2024-07-06 13:42:38 INFO Epoch 237/300	Training Loss: 1.0603	Time remaining is 1h:16m
2024-07-06 13:43:39 INFO Epoch 238/300	Training Loss: 1.0560	Time remaining is 1h:14m
2024-07-06 13:44:40 INFO Epoch 239/300	Training Loss: 1.0563	Time remaining is 1h:13m
2024-07-06 13:45:42 INFO Epoch 240/300	Training Loss: 1.0589	Time remaining is 1h:12m
2024-07-06 13:46:54 INFO Testing: dataset_name: market1501 top1:0.9382 top5:0.9792 top10:0.9887 mAP:0.8597
2024-07-06 13:47:56 INFO Epoch 241/300	Training Loss: 1.0615	Time remaining is 1h:11m
2024-07-06 13:48:58 INFO Epoch 242/300	Training Loss: 1.0612	Time remaining is 1h:10m
2024-07-06 13:49:59 INFO Epoch 243/300	Training Loss: 1.0542	Time remaining is 1h:9m
2024-07-06 13:51:00 INFO Epoch 244/300	Training Loss: 1.0552	Time remaining is 1h:7m
2024-07-06 13:52:02 INFO Epoch 245/300	Training Loss: 1.0608	Time remaining is 1h:6m
2024-07-06 13:53:14 INFO Testing: dataset_name: market1501 top1:0.9391 top5:0.9801 top10:0.9881 mAP:0.8585
2024-07-06 13:54:16 INFO Epoch 246/300	Training Loss: 1.0580	Time remaining is 1h:5m
2024-07-06 13:55:18 INFO Epoch 247/300	Training Loss: 1.0596	Time remaining is 1h:4m
2024-07-06 13:56:19 INFO Epoch 248/300	Training Loss: 1.0586	Time remaining is 1h:3m
2024-07-06 13:57:20 INFO Epoch 249/300	Training Loss: 1.0542	Time remaining is 1h:1m
2024-07-06 13:58:22 INFO Epoch 250/300	Training Loss: 1.0516	Time remaining is 1h:0m
2024-07-06 13:59:34 INFO Testing: dataset_name: market1501 top1:0.9382 top5:0.9807 top10:0.9878 mAP:0.8589
2024-07-06 14:00:35 INFO Epoch 251/300	Training Loss: 1.0511	Time remaining is 0h:59m
2024-07-06 14:01:37 INFO Epoch 252/300	Training Loss: 1.0572	Time remaining is 0h:58m
2024-07-06 14:02:38 INFO Epoch 253/300	Training Loss: 1.0580	Time remaining is 0h:57m
2024-07-06 14:03:40 INFO Epoch 254/300	Training Loss: 1.0571	Time remaining is 0h:56m
2024-07-06 14:04:41 INFO Epoch 255/300	Training Loss: 1.0543	Time remaining is 0h:54m
2024-07-06 14:05:53 INFO Testing: dataset_name: market1501 top1:0.9391 top5:0.9807 top10:0.9878 mAP:0.8587
2024-07-06 14:06:55 INFO Epoch 256/300	Training Loss: 1.0580	Time remaining is 0h:53m
2024-07-06 14:07:56 INFO Epoch 257/300	Training Loss: 1.0535	Time remaining is 0h:52m
2024-07-06 14:08:57 INFO Epoch 258/300	Training Loss: 1.0580	Time remaining is 0h:51m
2024-07-06 14:09:59 INFO Epoch 259/300	Training Loss: 1.0589	Time remaining is 0h:50m
2024-07-06 14:11:01 INFO Epoch 260/300	Training Loss: 1.0574	Time remaining is 0h:49m
2024-07-06 14:12:13 INFO Testing: dataset_name: market1501 top1:0.9382 top5:0.9804 top10:0.9881 mAP:0.8607
2024-07-06 14:13:14 INFO Epoch 261/300	Training Loss: 1.0574	Time remaining is 0h:48m
2024-07-06 14:14:16 INFO Epoch 262/300	Training Loss: 1.0643	Time remaining is 0h:46m
2024-07-06 14:15:18 INFO Epoch 263/300	Training Loss: 1.0571	Time remaining is 0h:45m
2024-07-06 14:16:19 INFO Epoch 264/300	Training Loss: 1.0569	Time remaining is 0h:44m
2024-07-06 14:17:21 INFO Epoch 265/300	Training Loss: 1.0570	Time remaining is 0h:43m
2024-07-06 14:18:33 INFO Testing: dataset_name: market1501 top1:0.9379 top5:0.9801 top10:0.9881 mAP:0.8591
2024-07-06 14:19:34 INFO Epoch 266/300	Training Loss: 1.0575	Time remaining is 0h:42m
2024-07-06 14:20:36 INFO Epoch 267/300	Training Loss: 1.0583	Time remaining is 0h:40m
2024-07-06 14:21:37 INFO Epoch 268/300	Training Loss: 1.0520	Time remaining is 0h:39m
2024-07-06 14:22:39 INFO Epoch 269/300	Training Loss: 1.0581	Time remaining is 0h:38m
2024-07-06 14:23:41 INFO Epoch 270/300	Training Loss: 1.0618	Time remaining is 0h:37m
2024-07-06 14:24:53 INFO Testing: dataset_name: market1501 top1:0.9368 top5:0.9807 top10:0.9887 mAP:0.8587
2024-07-06 14:25:54 INFO Epoch 271/300	Training Loss: 1.0577	Time remaining is 0h:36m
2024-07-06 14:26:56 INFO Epoch 272/300	Training Loss: 1.0569	Time remaining is 0h:35m
2024-07-06 14:27:58 INFO Epoch 273/300	Training Loss: 1.0612	Time remaining is 0h:33m
2024-07-06 14:28:59 INFO Epoch 274/300	Training Loss: 1.0552	Time remaining is 0h:32m
2024-07-06 14:30:01 INFO Epoch 275/300	Training Loss: 1.0541	Time remaining is 0h:31m
2024-07-06 14:31:13 INFO Testing: dataset_name: market1501 top1:0.9356 top5:0.9795 top10:0.9878 mAP:0.8588
2024-07-06 14:32:14 INFO Epoch 276/300	Training Loss: 1.0511	Time remaining is 0h:30m
2024-07-06 14:33:15 INFO Epoch 277/300	Training Loss: 1.0559	Time remaining is 0h:29m
2024-07-06 14:34:17 INFO Epoch 278/300	Training Loss: 1.0573	Time remaining is 0h:27m
2024-07-06 14:35:19 INFO Epoch 279/300	Training Loss: 1.0552	Time remaining is 0h:26m
2024-07-06 14:36:20 INFO Epoch 280/300	Training Loss: 1.0570	Time remaining is 0h:25m
2024-07-06 14:37:32 INFO Testing: dataset_name: market1501 top1:0.9356 top5:0.9807 top10:0.9890 mAP:0.8586
2024-07-06 14:38:34 INFO Epoch 281/300	Training Loss: 1.0552	Time remaining is 0h:24m
2024-07-06 14:39:35 INFO Epoch 282/300	Training Loss: 1.0511	Time remaining is 0h:23m
2024-07-06 14:40:37 INFO Epoch 283/300	Training Loss: 1.0564	Time remaining is 0h:21m
2024-07-06 14:41:38 INFO Epoch 284/300	Training Loss: 1.0495	Time remaining is 0h:20m
2024-07-06 14:42:39 INFO Epoch 285/300	Training Loss: 1.0507	Time remaining is 0h:19m
2024-07-06 14:43:51 INFO Testing: dataset_name: market1501 top1:0.9371 top5:0.9792 top10:0.9878 mAP:0.8572
2024-07-06 14:44:53 INFO Epoch 286/300	Training Loss: 1.0539	Time remaining is 0h:18m
2024-07-06 14:45:54 INFO Epoch 287/300	Training Loss: 1.0552	Time remaining is 0h:17m
2024-07-06 14:46:56 INFO Epoch 288/300	Training Loss: 1.0496	Time remaining is 0h:16m
2024-07-06 14:47:57 INFO Epoch 289/300	Training Loss: 1.0546	Time remaining is 0h:14m
2024-07-06 14:48:59 INFO Epoch 290/300	Training Loss: 1.0535	Time remaining is 0h:13m
2024-07-06 14:50:11 INFO Testing: dataset_name: market1501 top1:0.9382 top5:0.9792 top10:0.9887 mAP:0.8581
2024-07-06 14:51:13 INFO Epoch 291/300	Training Loss: 1.0506	Time remaining is 0h:12m
2024-07-06 14:52:14 INFO Epoch 292/300	Training Loss: 1.0536	Time remaining is 0h:11m
2024-07-06 14:53:16 INFO Epoch 293/300	Training Loss: 1.0541	Time remaining is 0h:10m
2024-07-06 14:54:18 INFO Epoch 294/300	Training Loss: 1.0492	Time remaining is 0h:8m
2024-07-06 14:55:19 INFO Epoch 295/300	Training Loss: 1.0540	Time remaining is 0h:7m
2024-07-06 14:56:31 INFO Testing: dataset_name: market1501 top1:0.9385 top5:0.9801 top10:0.9893 mAP:0.8576
2024-07-06 14:57:32 INFO Epoch 296/300	Training Loss: 1.0477	Time remaining is 0h:6m
2024-07-06 14:58:34 INFO Epoch 297/300	Training Loss: 1.0550	Time remaining is 0h:5m
2024-07-06 14:59:35 INFO Epoch 298/300	Training Loss: 1.0493	Time remaining is 0h:4m
2024-07-06 15:00:37 INFO Epoch 299/300	Training Loss: 1.0496	Time remaining is 0h:2m
2024-07-06 15:01:38 INFO Epoch 300/300	Training Loss: 1.0537	Time remaining is 0h:1m
2024-07-06 15:02:51 INFO Testing: dataset_name: market1501 top1:0.9376 top5:0.9804 top10:0.9875 mAP:0.8585
2024-07-06 15:02:51 INFO The running time of training: 2.15929e+04 s
