2024-03-10 16:49:57 INFO ##################################################
2024-03-10 16:49:57 INFO Task: ReID_Task
2024-03-10 16:49:57 INFO Using device: cuda
2024-03-10 16:49:57 INFO Using data type: torch.float32
2024-03-10 16:49:57 INFO Number of GPUs: 1
2024-03-10 16:49:57 INFO GPU is_available: True
2024-03-10 16:49:57 INFO GPU name: NVIDIA GeForce RTX 3060
2024-03-10 16:49:57 INFO CUDA version: 12.1
2024-03-10 16:49:57 INFO Current device id: 0
2024-03-10 16:49:57 INFO ##################################################
2024-03-10 16:51:12 INFO Epoch 1/120	Training Loss: 7.7926	Time remaining is 2h:29m
2024-03-10 16:52:25 INFO Epoch 2/120	Training Loss: 7.0231	Time remaining is 2h:26m
2024-03-10 16:53:38 INFO Epoch 3/120	Training Loss: 5.6442	Time remaining is 2h:25m
2024-03-10 16:54:52 INFO Epoch 4/120	Training Loss: 4.1397	Time remaining is 2h:23m
2024-03-10 16:56:05 INFO Epoch 5/120	Training Loss: 2.9375	Time remaining is 2h:22m
2024-03-10 16:57:18 INFO Epoch 6/120	Training Loss: 2.1824	Time remaining is 2h:21m
2024-03-10 16:58:31 INFO Epoch 7/120	Training Loss: 1.7916	Time remaining is 2h:19m
2024-03-10 16:59:44 INFO Epoch 8/120	Training Loss: 1.5977	Time remaining is 2h:18m
2024-03-10 17:00:57 INFO Epoch 9/120	Training Loss: 1.5091	Time remaining is 2h:17m
2024-03-10 17:02:10 INFO Epoch 10/120	Training Loss: 1.4571	Time remaining is 2h:15m
2024-03-10 17:03:24 INFO Epoch 11/120	Training Loss: 1.4125	Time remaining is 2h:14m
2024-03-10 17:04:37 INFO Epoch 12/120	Training Loss: 1.3542	Time remaining is 2h:13m
2024-03-10 17:05:51 INFO Epoch 13/120	Training Loss: 1.2782	Time remaining is 2h:12m
2024-03-10 17:07:04 INFO Epoch 14/120	Training Loss: 1.2373	Time remaining is 2h:11m
2024-03-10 17:08:18 INFO Epoch 15/120	Training Loss: 1.1990	Time remaining is 2h:10m
2024-03-10 17:09:31 INFO Epoch 16/120	Training Loss: 1.1892	Time remaining is 2h:8m
2024-03-10 17:10:44 INFO Epoch 17/120	Training Loss: 1.1739	Time remaining is 2h:7m
2024-03-10 17:11:57 INFO Epoch 18/120	Training Loss: 1.1701	Time remaining is 2h:6m
2024-03-10 17:13:10 INFO Epoch 19/120	Training Loss: 1.1635	Time remaining is 2h:5m
2024-03-10 17:14:23 INFO Epoch 20/120	Training Loss: 1.1488	Time remaining is 2h:3m
2024-03-10 17:15:37 INFO Epoch 21/120	Training Loss: 1.1659	Time remaining is 2h:2m
2024-03-10 17:16:50 INFO Epoch 22/120	Training Loss: 1.1681	Time remaining is 2h:1m
2024-03-10 17:18:03 INFO Epoch 23/120	Training Loss: 1.1554	Time remaining is 1h:60m
2024-03-10 17:19:16 INFO Epoch 24/120	Training Loss: 1.1746	Time remaining is 1h:58m
2024-03-10 17:20:30 INFO Epoch 25/120	Training Loss: 1.1780	Time remaining is 1h:57m
2024-03-10 17:21:44 INFO Epoch 26/120	Training Loss: 1.1779	Time remaining is 1h:56m
2024-03-10 17:22:57 INFO Epoch 27/120	Training Loss: 1.1686	Time remaining is 1h:55m
2024-03-10 17:24:10 INFO Epoch 28/120	Training Loss: 1.1644	Time remaining is 1h:54m
2024-03-10 17:25:23 INFO Epoch 29/120	Training Loss: 1.1647	Time remaining is 1h:52m
2024-03-10 17:26:36 INFO Epoch 30/120	Training Loss: 1.1532	Time remaining is 1h:51m
2024-03-10 17:27:49 INFO Epoch 31/120	Training Loss: 1.1503	Time remaining is 1h:50m
2024-03-10 17:29:03 INFO Epoch 32/120	Training Loss: 1.1602	Time remaining is 1h:49m
2024-03-10 17:30:16 INFO Epoch 33/120	Training Loss: 1.1515	Time remaining is 1h:47m
2024-03-10 17:31:30 INFO Epoch 34/120	Training Loss: 1.1631	Time remaining is 1h:46m
2024-03-10 17:32:43 INFO Epoch 35/120	Training Loss: 1.1524	Time remaining is 1h:45m
2024-03-10 17:33:56 INFO Epoch 36/120	Training Loss: 1.1455	Time remaining is 1h:44m
2024-03-10 17:35:10 INFO Epoch 37/120	Training Loss: 1.1523	Time remaining is 1h:43m
2024-03-10 17:36:23 INFO Epoch 38/120	Training Loss: 1.1600	Time remaining is 1h:41m
2024-03-10 17:37:37 INFO Epoch 39/120	Training Loss: 1.1529	Time remaining is 1h:40m
2024-03-10 17:38:50 INFO Epoch 40/120	Training Loss: 1.1417	Time remaining is 1h:39m
2024-03-10 17:40:03 INFO Epoch 41/120	Training Loss: 1.0800	Time remaining is 1h:38m
2024-03-10 17:41:16 INFO Epoch 42/120	Training Loss: 1.0235	Time remaining is 1h:36m
2024-03-10 17:42:29 INFO Epoch 43/120	Training Loss: 1.0141	Time remaining is 1h:35m
2024-03-10 17:43:43 INFO Epoch 44/120	Training Loss: 1.0083	Time remaining is 1h:34m
2024-03-10 17:44:56 INFO Epoch 45/120	Training Loss: 1.0003	Time remaining is 1h:33m
2024-03-10 17:46:09 INFO Epoch 46/120	Training Loss: 0.9982	Time remaining is 1h:32m
2024-03-10 17:47:22 INFO Epoch 47/120	Training Loss: 0.9885	Time remaining is 1h:30m
2024-03-10 17:48:35 INFO Epoch 48/120	Training Loss: 0.9921	Time remaining is 1h:29m
2024-03-10 17:49:48 INFO Epoch 49/120	Training Loss: 0.9851	Time remaining is 1h:28m
2024-03-10 17:51:02 INFO Epoch 50/120	Training Loss: 0.9862	Time remaining is 1h:27m
2024-03-10 17:52:15 INFO Epoch 51/120	Training Loss: 0.9785	Time remaining is 1h:25m
2024-03-10 17:53:28 INFO Epoch 52/120	Training Loss: 0.9836	Time remaining is 1h:24m
2024-03-10 17:54:41 INFO Epoch 53/120	Training Loss: 0.9830	Time remaining is 1h:23m
2024-03-10 17:55:55 INFO Epoch 54/120	Training Loss: 0.9791	Time remaining is 1h:22m
2024-03-10 17:57:08 INFO Epoch 55/120	Training Loss: 0.9807	Time remaining is 1h:21m
2024-03-10 17:58:21 INFO Epoch 56/120	Training Loss: 0.9792	Time remaining is 1h:19m
2024-03-10 17:59:34 INFO Epoch 57/120	Training Loss: 0.9713	Time remaining is 1h:18m
2024-03-10 18:00:48 INFO Epoch 58/120	Training Loss: 0.9758	Time remaining is 1h:17m
2024-03-10 18:02:01 INFO Epoch 59/120	Training Loss: 0.9762	Time remaining is 1h:16m
2024-03-10 18:03:15 INFO Epoch 60/120	Training Loss: 0.9743	Time remaining is 1h:15m
2024-03-10 18:04:28 INFO Epoch 61/120	Training Loss: 0.9736	Time remaining is 1h:13m
2024-03-10 18:05:41 INFO Epoch 62/120	Training Loss: 0.9730	Time remaining is 1h:12m
2024-03-10 18:06:55 INFO Epoch 63/120	Training Loss: 0.9715	Time remaining is 1h:11m
2024-03-10 18:08:08 INFO Epoch 64/120	Training Loss: 0.9716	Time remaining is 1h:10m
2024-03-10 18:09:22 INFO Epoch 65/120	Training Loss: 0.9694	Time remaining is 1h:8m
2024-03-10 18:10:35 INFO Epoch 66/120	Training Loss: 0.9680	Time remaining is 1h:7m
2024-03-10 18:11:49 INFO Epoch 67/120	Training Loss: 0.9757	Time remaining is 1h:6m
2024-03-10 18:13:02 INFO Epoch 68/120	Training Loss: 0.9702	Time remaining is 1h:5m
2024-03-10 18:14:15 INFO Epoch 69/120	Training Loss: 0.9664	Time remaining is 1h:4m
2024-03-10 18:15:29 INFO Epoch 70/120	Training Loss: 0.9668	Time remaining is 1h:2m
2024-03-10 18:16:42 INFO Epoch 71/120	Training Loss: 0.9642	Time remaining is 1h:1m
2024-03-10 18:17:56 INFO Epoch 72/120	Training Loss: 0.9601	Time remaining is 0h:60m
2024-03-10 18:19:09 INFO Epoch 73/120	Training Loss: 0.9576	Time remaining is 0h:59m
2024-03-10 18:20:22 INFO Epoch 74/120	Training Loss: 0.9524	Time remaining is 0h:57m
2024-03-10 18:21:36 INFO Epoch 75/120	Training Loss: 0.9522	Time remaining is 0h:56m
2024-03-10 18:22:48 INFO Epoch 76/120	Training Loss: 0.9490	Time remaining is 0h:55m
2024-03-10 18:24:02 INFO Epoch 77/120	Training Loss: 0.9555	Time remaining is 0h:54m
2024-03-10 18:25:15 INFO Epoch 78/120	Training Loss: 0.9502	Time remaining is 0h:53m
2024-03-10 18:26:28 INFO Epoch 79/120	Training Loss: 0.9550	Time remaining is 0h:51m
2024-03-10 18:27:42 INFO Epoch 80/120	Training Loss: 0.9543	Time remaining is 0h:50m
2024-03-10 18:28:55 INFO Epoch 81/120	Training Loss: 0.9542	Time remaining is 0h:49m
2024-03-10 18:30:08 INFO Epoch 82/120	Training Loss: 0.9545	Time remaining is 0h:48m
2024-03-10 18:31:21 INFO Epoch 83/120	Training Loss: 0.9526	Time remaining is 0h:46m
2024-03-10 18:32:35 INFO Epoch 84/120	Training Loss: 0.9528	Time remaining is 0h:45m
2024-03-10 18:33:48 INFO Epoch 85/120	Training Loss: 0.9539	Time remaining is 0h:44m
2024-03-10 18:35:01 INFO Epoch 86/120	Training Loss: 0.9536	Time remaining is 0h:43m
2024-03-10 18:36:15 INFO Epoch 87/120	Training Loss: 0.9517	Time remaining is 0h:42m
2024-03-10 18:37:28 INFO Epoch 88/120	Training Loss: 0.9465	Time remaining is 0h:40m
2024-03-10 18:38:41 INFO Epoch 89/120	Training Loss: 0.9518	Time remaining is 0h:39m
2024-03-10 18:39:55 INFO Epoch 90/120	Training Loss: 0.9507	Time remaining is 0h:38m
2024-03-10 18:40:32 INFO Testing: dataset_name: market1501 top1:0.9495 top5:0.9831 top10:0.9899 mAP:0.8700
2024-03-10 18:41:45 INFO Epoch 91/120	Training Loss: 0.9523	Time remaining is 0h:37m
2024-03-10 18:42:58 INFO Epoch 92/120	Training Loss: 0.9477	Time remaining is 0h:36m
2024-03-10 18:44:11 INFO Epoch 93/120	Training Loss: 0.9524	Time remaining is 0h:34m
2024-03-10 18:45:24 INFO Epoch 94/120	Training Loss: 0.9507	Time remaining is 0h:33m
2024-03-10 18:46:37 INFO Epoch 95/120	Training Loss: 0.9455	Time remaining is 0h:32m
2024-03-10 18:47:51 INFO Epoch 96/120	Training Loss: 0.9519	Time remaining is 0h:31m
2024-03-10 18:49:03 INFO Epoch 97/120	Training Loss: 0.9451	Time remaining is 0h:29m
2024-03-10 18:50:17 INFO Epoch 98/120	Training Loss: 0.9519	Time remaining is 0h:28m
2024-03-10 18:51:30 INFO Epoch 99/120	Training Loss: 0.9503	Time remaining is 0h:27m
2024-03-10 18:52:44 INFO Epoch 100/120	Training Loss: 0.9483	Time remaining is 0h:26m
2024-03-10 18:53:21 INFO Testing: dataset_name: market1501 top1:0.9483 top5:0.9843 top10:0.9899 mAP:0.8697
2024-03-10 18:54:34 INFO Epoch 101/120	Training Loss: 0.9516	Time remaining is 0h:25m
2024-03-10 18:55:48 INFO Epoch 102/120	Training Loss: 0.9492	Time remaining is 0h:23m
2024-03-10 18:57:01 INFO Epoch 103/120	Training Loss: 0.9478	Time remaining is 0h:22m
2024-03-10 18:58:14 INFO Epoch 104/120	Training Loss: 0.9481	Time remaining is 0h:21m
2024-03-10 18:59:27 INFO Epoch 105/120	Training Loss: 0.9536	Time remaining is 0h:20m
2024-03-10 19:00:41 INFO Epoch 106/120	Training Loss: 0.9490	Time remaining is 0h:18m
2024-03-10 19:01:54 INFO Epoch 107/120	Training Loss: 0.9447	Time remaining is 0h:17m
2024-03-10 19:03:07 INFO Epoch 108/120	Training Loss: 0.9501	Time remaining is 0h:16m
2024-03-10 19:04:20 INFO Epoch 109/120	Training Loss: 0.9479	Time remaining is 0h:15m
2024-03-10 19:05:33 INFO Epoch 110/120	Training Loss: 0.9490	Time remaining is 0h:14m
2024-03-10 19:06:11 INFO Testing: dataset_name: market1501 top1:0.9504 top5:0.9834 top10:0.9902 mAP:0.8724
2024-03-10 19:07:24 INFO Epoch 111/120	Training Loss: 0.9430	Time remaining is 0h:12m
2024-03-10 19:08:37 INFO Epoch 112/120	Training Loss: 0.9480	Time remaining is 0h:11m
2024-03-10 19:09:50 INFO Epoch 113/120	Training Loss: 0.9478	Time remaining is 0h:10m
2024-03-10 19:11:03 INFO Epoch 114/120	Training Loss: 0.9430	Time remaining is 0h:9m
2024-03-10 19:12:17 INFO Epoch 115/120	Training Loss: 0.9531	Time remaining is 0h:7m
2024-03-10 19:13:30 INFO Epoch 116/120	Training Loss: 0.9473	Time remaining is 0h:6m
2024-03-10 19:14:43 INFO Epoch 117/120	Training Loss: 0.9485	Time remaining is 0h:5m
2024-03-10 19:15:56 INFO Epoch 118/120	Training Loss: 0.9472	Time remaining is 0h:4m
2024-03-10 19:17:10 INFO Epoch 119/120	Training Loss: 0.9523	Time remaining is 0h:2m
2024-03-10 19:18:23 INFO Epoch 120/120	Training Loss: 0.9414	Time remaining is 0h:1m
2024-03-10 19:19:00 INFO Testing: dataset_name: market1501 top1:0.9486 top5:0.9843 top10:0.9890 mAP:0.8723
2024-03-10 19:19:00 INFO The running time of training: 8.94346e+03 s
2024-03-10 19:19:00 DEBUG Config values:
batch_size: 60
current_directory: /home/hy/project/reid/ex_main
dataset_name: market1501
dataset_path: /home/hy/project/reid/data/Market-1501-v15.09.15
device: cuda
dtype: torch.float32
epoch_start_test: 90
epochs: 120
img_height: 256
img_width: 128
np: <module 'numpy' from '/home/hy/anaconda3/envs/py396/lib/python3.9/site-packages/numpy/__init__.py'>
os: <module 'os' from '/home/hy/anaconda3/envs/py396/lib/python3.9/os.py'>
outputs_dir: ./outputs/
outputs_path: /home/hy/project/reid/ex_main/./outputs/
print_every: 1
seed: 1
taskname: ReID_Task
test_batch_size: 256
test_every: 10
torch: <module 'torch' from '/home/hy/anaconda3/envs/py396/lib/python3.9/site-packages/torch/__init__.py'>
2024-03-10 19:34:44 INFO ##################################################
2024-03-10 19:34:44 INFO Task: ReID_Task
2024-03-10 19:34:44 INFO Using device: cuda
2024-03-10 19:34:44 INFO Using data type: torch.float32
