2024-07-14 12:07:40 INFO ##################################################
2024-07-14 12:07:40 INFO Config values: batch_size: 60	current_directory: /home/hy/project/reid_task/ex_main11	dataset_name: market1501	dataset_path: /home/hy/project/data/Market-1501-v15.09.15	device: cuda	dtype: torch.float32	epoch_start_test: 90	epochs: 300	img_height: 256	img_width: 128	logs_outputs_path: /home/hy/project/reid_task/ex_main11/./outputs/logs	models_outputs_path: /home/hy/project/reid_task/ex_main11/./outputs/models	np: <module 'numpy' from '/home/hy/anaconda3/envs/py396/lib/python3.9/site-packages/numpy/__init__.py'>	os: <module 'os' from '/home/hy/anaconda3/envs/py396/lib/python3.9/os.py'>	outputs_dir: ./outputs/	outputs_path: /home/hy/project/reid_task/ex_main11/./outputs/	print_every: 1	seed: 1	taskname: ReID_Task	temps_outputs_path: /home/hy/project/reid_task/ex_main11/./outputs/temps	test_batch_size: 256	test_every: 5	torch: <module 'torch' from '/home/hy/anaconda3/envs/py396/lib/python3.9/site-packages/torch/__init__.py'>
2024-07-14 12:07:40 INFO Task: ReID_Task
2024-07-14 12:07:40 INFO Using device: cuda
2024-07-14 12:07:40 INFO Using data type: torch.float32
2024-07-14 12:07:40 INFO Number of GPUs: 1
2024-07-14 12:07:40 INFO GPU is_available: True
2024-07-14 12:07:40 INFO GPU name: NVIDIA GeForce RTX 3060
2024-07-14 12:07:40 INFO CUDA version: 12.1
2024-07-14 12:07:40 INFO Current device id: 0
2024-07-14 12:07:40 INFO ##################################################
2024-07-14 12:08:48 INFO Epoch 1/300	Training Loss: 11.2231	Time remaining is 5h:36m
2024-07-14 12:09:55 INFO Epoch 2/300	Training Loss: 8.5478	Time remaining is 5h:35m
2024-07-14 12:11:02 INFO Epoch 3/300	Training Loss: 5.7899	Time remaining is 5h:34m
2024-07-14 12:12:10 INFO Epoch 4/300	Training Loss: 4.5135	Time remaining is 5h:33m
2024-07-14 12:13:17 INFO Epoch 5/300	Training Loss: 3.4219	Time remaining is 5h:32m
2024-07-14 12:14:23 INFO Epoch 6/300	Training Loss: 2.6007	Time remaining is 5h:30m
2024-07-14 12:15:30 INFO Epoch 7/300	Training Loss: 2.0945	Time remaining is 5h:29m
2024-07-14 12:16:37 INFO Epoch 8/300	Training Loss: 1.8149	Time remaining is 5h:27m
2024-07-14 12:17:44 INFO Epoch 9/300	Training Loss: 1.6435	Time remaining is 5h:26m
2024-07-14 12:18:50 INFO Epoch 10/300	Training Loss: 1.5564	Time remaining is 5h:25m
2024-07-14 12:19:57 INFO Epoch 11/300	Training Loss: 1.4945	Time remaining is 5h:24m
2024-07-14 12:21:05 INFO Epoch 12/300	Training Loss: 1.4377	Time remaining is 5h:23m
2024-07-14 12:22:12 INFO Epoch 13/300	Training Loss: 1.3739	Time remaining is 5h:22m
2024-07-14 12:23:19 INFO Epoch 14/300	Training Loss: 1.3513	Time remaining is 5h:21m
2024-07-14 12:24:26 INFO Epoch 15/300	Training Loss: 1.3330	Time remaining is 5h:20m
2024-07-14 12:25:33 INFO Epoch 16/300	Training Loss: 1.3222	Time remaining is 5h:19m
2024-07-14 12:26:40 INFO Epoch 17/300	Training Loss: 1.3029	Time remaining is 5h:17m
2024-07-14 12:27:47 INFO Epoch 18/300	Training Loss: 1.2888	Time remaining is 5h:16m
2024-07-14 12:28:54 INFO Epoch 19/300	Training Loss: 1.2838	Time remaining is 5h:15m
2024-07-14 12:30:01 INFO Epoch 20/300	Training Loss: 1.2881	Time remaining is 5h:14m
2024-07-14 12:31:09 INFO Epoch 21/300	Training Loss: 1.2792	Time remaining is 5h:13m
2024-07-14 12:32:15 INFO Epoch 22/300	Training Loss: 1.2745	Time remaining is 5h:12m
2024-07-14 12:33:22 INFO Epoch 23/300	Training Loss: 1.2684	Time remaining is 5h:11m
2024-07-14 12:34:29 INFO Epoch 24/300	Training Loss: 1.2805	Time remaining is 5h:9m
2024-07-14 12:35:36 INFO Epoch 25/300	Training Loss: 1.2746	Time remaining is 5h:8m
2024-07-14 12:36:43 INFO Epoch 26/300	Training Loss: 1.2809	Time remaining is 5h:7m
2024-07-14 12:37:51 INFO Epoch 27/300	Training Loss: 1.2801	Time remaining is 5h:6m
2024-07-14 12:38:57 INFO Epoch 28/300	Training Loss: 1.2755	Time remaining is 5h:5m
2024-07-14 12:40:04 INFO Epoch 29/300	Training Loss: 1.2655	Time remaining is 5h:4m
2024-07-14 12:41:11 INFO Epoch 30/300	Training Loss: 1.2548	Time remaining is 5h:3m
2024-07-14 12:42:18 INFO Epoch 31/300	Training Loss: 1.2594	Time remaining is 5h:2m
2024-07-14 12:43:25 INFO Epoch 32/300	Training Loss: 1.2671	Time remaining is 5h:0m
2024-07-14 12:44:32 INFO Epoch 33/300	Training Loss: 1.2683	Time remaining is 4h:59m
2024-07-14 12:45:39 INFO Epoch 34/300	Training Loss: 1.2710	Time remaining is 4h:58m
2024-07-14 12:46:46 INFO Epoch 35/300	Training Loss: 1.2649	Time remaining is 4h:57m
2024-07-14 12:47:54 INFO Epoch 36/300	Training Loss: 1.2598	Time remaining is 4h:56m
2024-07-14 12:49:01 INFO Epoch 37/300	Training Loss: 1.2535	Time remaining is 4h:55m
2024-07-14 12:50:08 INFO Epoch 38/300	Training Loss: 1.2602	Time remaining is 4h:54m
2024-07-14 12:51:15 INFO Epoch 39/300	Training Loss: 1.2554	Time remaining is 4h:53m
2024-07-14 12:52:21 INFO Epoch 40/300	Training Loss: 1.2555	Time remaining is 4h:52m
2024-07-14 12:53:28 INFO Epoch 41/300	Training Loss: 1.1849	Time remaining is 4h:50m
2024-07-14 12:54:35 INFO Epoch 42/300	Training Loss: 1.1139	Time remaining is 4h:49m
2024-07-14 12:55:42 INFO Epoch 43/300	Training Loss: 1.1053	Time remaining is 4h:48m
2024-07-14 12:56:49 INFO Epoch 44/300	Training Loss: 1.0945	Time remaining is 4h:47m
2024-07-14 12:57:56 INFO Epoch 45/300	Training Loss: 1.0890	Time remaining is 4h:46m
2024-07-14 12:59:04 INFO Epoch 46/300	Training Loss: 1.0842	Time remaining is 4h:45m
2024-07-14 13:00:10 INFO Epoch 47/300	Training Loss: 1.0748	Time remaining is 4h:44m
2024-07-14 13:01:17 INFO Epoch 48/300	Training Loss: 1.0770	Time remaining is 4h:43m
2024-07-14 13:02:24 INFO Epoch 49/300	Training Loss: 1.0679	Time remaining is 4h:41m
2024-07-14 13:03:31 INFO Epoch 50/300	Training Loss: 1.0703	Time remaining is 4h:40m
2024-07-14 13:04:38 INFO Epoch 51/300	Training Loss: 1.0632	Time remaining is 4h:39m
2024-07-14 13:05:45 INFO Epoch 52/300	Training Loss: 1.0647	Time remaining is 4h:38m
2024-07-14 13:06:52 INFO Epoch 53/300	Training Loss: 1.0658	Time remaining is 4h:37m
2024-07-14 13:07:59 INFO Epoch 54/300	Training Loss: 1.0624	Time remaining is 4h:36m
2024-07-14 13:09:06 INFO Epoch 55/300	Training Loss: 1.0645	Time remaining is 4h:35m
2024-07-14 13:10:13 INFO Epoch 56/300	Training Loss: 1.0587	Time remaining is 4h:34m
2024-07-14 13:11:19 INFO Epoch 57/300	Training Loss: 1.0515	Time remaining is 4h:32m
2024-07-14 13:12:26 INFO Epoch 58/300	Training Loss: 1.0592	Time remaining is 4h:31m
2024-07-14 13:13:34 INFO Epoch 59/300	Training Loss: 1.0574	Time remaining is 4h:30m
2024-07-14 13:14:41 INFO Epoch 60/300	Training Loss: 1.0541	Time remaining is 4h:29m
2024-07-14 13:15:48 INFO Epoch 61/300	Training Loss: 1.0563	Time remaining is 4h:28m
2024-07-14 13:16:55 INFO Epoch 62/300	Training Loss: 1.0543	Time remaining is 4h:27m
2024-07-14 13:18:02 INFO Epoch 63/300	Training Loss: 1.0514	Time remaining is 4h:26m
2024-07-14 13:19:09 INFO Epoch 64/300	Training Loss: 1.0522	Time remaining is 4h:25m
2024-07-14 13:20:16 INFO Epoch 65/300	Training Loss: 1.0488	Time remaining is 4h:24m
2024-07-14 13:21:23 INFO Epoch 66/300	Training Loss: 1.0482	Time remaining is 4h:22m
2024-07-14 13:22:31 INFO Epoch 67/300	Training Loss: 1.0556	Time remaining is 4h:21m
2024-07-14 13:23:38 INFO Epoch 68/300	Training Loss: 1.0478	Time remaining is 4h:20m
2024-07-14 13:24:45 INFO Epoch 69/300	Training Loss: 1.0433	Time remaining is 4h:19m
2024-07-14 13:25:52 INFO Epoch 70/300	Training Loss: 1.0474	Time remaining is 4h:18m
2024-07-14 13:26:59 INFO Epoch 71/300	Training Loss: 1.0432	Time remaining is 4h:17m
2024-07-14 13:28:06 INFO Epoch 72/300	Training Loss: 1.0400	Time remaining is 4h:16m
2024-07-14 13:29:13 INFO Epoch 73/300	Training Loss: 1.0374	Time remaining is 4h:15m
2024-07-14 13:30:20 INFO Epoch 74/300	Training Loss: 1.0324	Time remaining is 4h:14m
2024-07-14 13:31:26 INFO Epoch 75/300	Training Loss: 1.0309	Time remaining is 4h:12m
2024-07-14 13:32:33 INFO Epoch 76/300	Training Loss: 1.0281	Time remaining is 4h:11m
2024-07-14 13:33:40 INFO Epoch 77/300	Training Loss: 1.0343	Time remaining is 4h:10m
2024-07-14 13:34:47 INFO Epoch 78/300	Training Loss: 1.0292	Time remaining is 4h:9m
2024-07-14 13:35:54 INFO Epoch 79/300	Training Loss: 1.0330	Time remaining is 4h:8m
2024-07-14 13:37:01 INFO Epoch 80/300	Training Loss: 1.0325	Time remaining is 4h:7m
2024-07-14 13:38:08 INFO Epoch 81/300	Training Loss: 1.0300	Time remaining is 4h:6m
2024-07-14 13:39:15 INFO Epoch 82/300	Training Loss: 1.0328	Time remaining is 4h:5m
2024-07-14 13:40:22 INFO Epoch 83/300	Training Loss: 1.0317	Time remaining is 4h:3m
2024-07-14 13:41:29 INFO Epoch 84/300	Training Loss: 1.0298	Time remaining is 4h:2m
2024-07-14 13:42:36 INFO Epoch 85/300	Training Loss: 1.0335	Time remaining is 4h:1m
2024-07-14 13:43:43 INFO Epoch 86/300	Training Loss: 1.0324	Time remaining is 4h:0m
2024-07-14 13:44:50 INFO Epoch 87/300	Training Loss: 1.0295	Time remaining is 3h:59m
2024-07-14 13:45:57 INFO Epoch 88/300	Training Loss: 1.0232	Time remaining is 3h:58m
2024-07-14 13:47:04 INFO Epoch 89/300	Training Loss: 1.0289	Time remaining is 3h:57m
2024-07-14 13:48:11 INFO Epoch 90/300	Training Loss: 1.0296	Time remaining is 3h:56m
2024-07-14 13:49:25 INFO Testing: dataset_name: market1501 top1: 93.795 top5: 98.367 top10: 99.080 mAP: 84.763
2024-07-14 13:50:33 INFO Epoch 91/300	Training Loss: 1.0308	Time remaining is 3h:57m
2024-07-14 13:51:40 INFO Epoch 92/300	Training Loss: 1.0233	Time remaining is 3h:56m
2024-07-14 13:52:47 INFO Epoch 93/300	Training Loss: 1.0297	Time remaining is 3h:55m
2024-07-14 13:53:54 INFO Epoch 94/300	Training Loss: 1.0296	Time remaining is 3h:54m
2024-07-14 13:55:01 INFO Epoch 95/300	Training Loss: 1.0225	Time remaining is 3h:53m
2024-07-14 13:56:15 INFO Testing: dataset_name: market1501 top1: 93.705 top5: 98.219 top10: 98.990 mAP: 84.872
2024-07-14 13:57:23 INFO Epoch 96/300	Training Loss: 1.0287	Time remaining is 3h:54m
2024-07-14 13:58:30 INFO Epoch 97/300	Training Loss: 1.0213	Time remaining is 3h:53m
2024-07-14 13:59:37 INFO Epoch 98/300	Training Loss: 1.0294	Time remaining is 3h:52m
2024-07-14 14:00:45 INFO Epoch 99/300	Training Loss: 1.0289	Time remaining is 3h:51m
2024-07-14 14:01:52 INFO Epoch 100/300	Training Loss: 1.0252	Time remaining is 3h:50m
2024-07-14 14:03:06 INFO Testing: dataset_name: market1501 top1: 93.468 top5: 98.308 top10: 99.050 mAP: 84.838
2024-07-14 14:04:14 INFO Epoch 101/300	Training Loss: 1.0277	Time remaining is 3h:51m
2024-07-14 14:05:21 INFO Epoch 102/300	Training Loss: 1.0289	Time remaining is 3h:50m
2024-07-14 14:06:28 INFO Epoch 103/300	Training Loss: 1.0259	Time remaining is 3h:48m
2024-07-14 14:07:36 INFO Epoch 104/300	Training Loss: 1.0251	Time remaining is 3h:47m
2024-07-14 14:08:43 INFO Epoch 105/300	Training Loss: 1.0315	Time remaining is 3h:46m
2024-07-14 14:09:58 INFO Testing: dataset_name: market1501 top1: 93.616 top5: 98.367 top10: 99.020 mAP: 85.083
2024-07-14 14:11:05 INFO Epoch 106/300	Training Loss: 1.0269	Time remaining is 3h:47m
2024-07-14 14:12:12 INFO Epoch 107/300	Training Loss: 1.0203	Time remaining is 3h:46m
2024-07-14 14:13:19 INFO Epoch 108/300	Training Loss: 1.0281	Time remaining is 3h:45m
2024-07-14 14:14:27 INFO Epoch 109/300	Training Loss: 1.0260	Time remaining is 3h:43m
2024-07-14 14:15:35 INFO Epoch 110/300	Training Loss: 1.0258	Time remaining is 3h:42m
2024-07-14 14:16:49 INFO Testing: dataset_name: market1501 top1: 93.557 top5: 98.337 top10: 99.080 mAP: 85.211
2024-07-14 14:17:56 INFO Epoch 111/300	Training Loss: 1.0208	Time remaining is 3h:43m
2024-07-14 14:19:03 INFO Epoch 112/300	Training Loss: 1.0241	Time remaining is 3h:42m
2024-07-14 14:20:10 INFO Epoch 113/300	Training Loss: 1.0241	Time remaining is 3h:40m
2024-07-14 14:21:17 INFO Epoch 114/300	Training Loss: 1.0218	Time remaining is 3h:39m
2024-07-14 14:22:25 INFO Epoch 115/300	Training Loss: 1.0296	Time remaining is 3h:38m
2024-07-14 14:23:39 INFO Testing: dataset_name: market1501 top1: 93.705 top5: 98.248 top10: 99.080 mAP: 85.262
2024-07-14 14:24:46 INFO Epoch 116/300	Training Loss: 1.0239	Time remaining is 3h:39m
2024-07-14 14:25:54 INFO Epoch 117/300	Training Loss: 1.0263	Time remaining is 3h:37m
2024-07-14 14:27:01 INFO Epoch 118/300	Training Loss: 1.0249	Time remaining is 3h:36m
2024-07-14 14:28:09 INFO Epoch 119/300	Training Loss: 1.0307	Time remaining is 3h:35m
2024-07-14 14:29:15 INFO Epoch 120/300	Training Loss: 1.0196	Time remaining is 3h:34m
2024-07-14 14:30:29 INFO Testing: dataset_name: market1501 top1: 93.646 top5: 98.397 top10: 99.080 mAP: 85.481
2024-07-14 14:31:37 INFO Epoch 121/300	Training Loss: 1.0240	Time remaining is 3h:34m
2024-07-14 14:32:44 INFO Epoch 122/300	Training Loss: 1.0223	Time remaining is 3h:33m
2024-07-14 14:33:51 INFO Epoch 123/300	Training Loss: 1.0233	Time remaining is 3h:32m
2024-07-14 14:34:58 INFO Epoch 124/300	Training Loss: 1.0200	Time remaining is 3h:30m
2024-07-14 14:36:05 INFO Epoch 125/300	Training Loss: 1.0237	Time remaining is 3h:29m
2024-07-14 14:37:20 INFO Testing: dataset_name: market1501 top1: 93.765 top5: 98.426 top10: 99.080 mAP: 85.560
2024-07-14 14:38:27 INFO Epoch 126/300	Training Loss: 1.0235	Time remaining is 3h:29m
2024-07-14 14:39:34 INFO Epoch 127/300	Training Loss: 1.0236	Time remaining is 3h:28m
2024-07-14 14:40:41 INFO Epoch 128/300	Training Loss: 1.0231	Time remaining is 3h:27m
2024-07-14 14:41:48 INFO Epoch 129/300	Training Loss: 1.0238	Time remaining is 3h:26m
2024-07-14 14:42:56 INFO Epoch 130/300	Training Loss: 1.0242	Time remaining is 3h:24m
2024-07-14 14:44:10 INFO Testing: dataset_name: market1501 top1: 93.943 top5: 98.278 top10: 99.139 mAP: 85.528
2024-07-14 14:45:17 INFO Epoch 131/300	Training Loss: 1.0189	Time remaining is 3h:25m
2024-07-14 14:46:24 INFO Epoch 132/300	Training Loss: 1.0222	Time remaining is 3h:23m
2024-07-14 14:47:31 INFO Epoch 133/300	Training Loss: 1.0172	Time remaining is 3h:22m
2024-07-14 14:48:38 INFO Epoch 134/300	Training Loss: 1.0228	Time remaining is 3h:21m
2024-07-14 14:49:45 INFO Epoch 135/300	Training Loss: 1.0188	Time remaining is 3h:19m
2024-07-14 14:50:59 INFO Testing: dataset_name: market1501 top1: 93.943 top5: 98.486 top10: 99.198 mAP: 85.811
2024-07-14 14:52:06 INFO Epoch 136/300	Training Loss: 1.0173	Time remaining is 3h:19m
2024-07-14 14:53:13 INFO Epoch 137/300	Training Loss: 1.0225	Time remaining is 3h:18m
2024-07-14 14:54:21 INFO Epoch 138/300	Training Loss: 1.0229	Time remaining is 3h:17m
2024-07-14 14:55:28 INFO Epoch 139/300	Training Loss: 1.0171	Time remaining is 3h:16m
2024-07-14 14:56:35 INFO Epoch 140/300	Training Loss: 1.0222	Time remaining is 3h:14m
2024-07-14 14:57:49 INFO Testing: dataset_name: market1501 top1: 93.854 top5: 98.367 top10: 99.169 mAP: 85.661
2024-07-14 14:58:57 INFO Epoch 141/300	Training Loss: 1.0216	Time remaining is 3h:14m
2024-07-14 15:00:04 INFO Epoch 142/300	Training Loss: 1.0214	Time remaining is 3h:13m
2024-07-14 15:01:12 INFO Epoch 143/300	Training Loss: 1.0228	Time remaining is 3h:12m
2024-07-14 15:02:19 INFO Epoch 144/300	Training Loss: 1.0201	Time remaining is 3h:10m
2024-07-14 15:03:26 INFO Epoch 145/300	Training Loss: 1.0226	Time remaining is 3h:9m
2024-07-14 15:04:40 INFO Testing: dataset_name: market1501 top1: 93.943 top5: 98.456 top10: 99.169 mAP: 85.860
2024-07-14 15:05:47 INFO Epoch 146/300	Training Loss: 1.0204	Time remaining is 3h:9m
2024-07-14 15:06:54 INFO Epoch 147/300	Training Loss: 1.0209	Time remaining is 3h:8m
2024-07-14 15:08:02 INFO Epoch 148/300	Training Loss: 1.0189	Time remaining is 3h:6m
2024-07-14 15:09:09 INFO Epoch 149/300	Training Loss: 1.0270	Time remaining is 3h:5m
2024-07-14 15:10:17 INFO Epoch 150/300	Training Loss: 1.0146	Time remaining is 3h:4m
2024-07-14 15:11:31 INFO Testing: dataset_name: market1501 top1: 94.002 top5: 98.219 top10: 99.080 mAP: 85.857
2024-07-14 15:12:38 INFO Epoch 151/300	Training Loss: 1.0214	Time remaining is 3h:4m
2024-07-14 15:13:45 INFO Epoch 152/300	Training Loss: 1.0188	Time remaining is 3h:2m
2024-07-14 15:14:52 INFO Epoch 153/300	Training Loss: 1.0181	Time remaining is 3h:1m
2024-07-14 15:15:59 INFO Epoch 154/300	Training Loss: 1.0221	Time remaining is 2h:60m
2024-07-14 15:17:07 INFO Epoch 155/300	Training Loss: 1.0209	Time remaining is 2h:58m
2024-07-14 15:18:21 INFO Testing: dataset_name: market1501 top1: 93.973 top5: 98.308 top10: 99.080 mAP: 86.033
2024-07-14 15:19:28 INFO Epoch 156/300	Training Loss: 1.0145	Time remaining is 2h:58m
2024-07-14 15:20:35 INFO Epoch 157/300	Training Loss: 1.0195	Time remaining is 2h:57m
2024-07-14 15:21:42 INFO Epoch 158/300	Training Loss: 1.0163	Time remaining is 2h:56m
2024-07-14 15:22:50 INFO Epoch 159/300	Training Loss: 1.0187	Time remaining is 2h:54m
2024-07-14 15:23:57 INFO Epoch 160/300	Training Loss: 1.0127	Time remaining is 2h:53m
2024-07-14 15:25:11 INFO Testing: dataset_name: market1501 top1: 94.181 top5: 98.486 top10: 99.050 mAP: 86.036
2024-07-14 15:26:19 INFO Epoch 161/300	Training Loss: 1.0179	Time remaining is 2h:53m
2024-07-14 15:27:26 INFO Epoch 162/300	Training Loss: 1.0187	Time remaining is 2h:51m
2024-07-14 15:28:33 INFO Epoch 163/300	Training Loss: 1.0134	Time remaining is 2h:50m
2024-07-14 15:29:40 INFO Epoch 164/300	Training Loss: 1.0182	Time remaining is 2h:49m
2024-07-14 15:30:47 INFO Epoch 165/300	Training Loss: 1.0141	Time remaining is 2h:47m
2024-07-14 15:32:01 INFO Testing: dataset_name: market1501 top1: 94.181 top5: 98.426 top10: 99.080 mAP: 86.218
2024-07-14 15:33:08 INFO Epoch 166/300	Training Loss: 1.0129	Time remaining is 2h:47m
2024-07-14 15:34:16 INFO Epoch 167/300	Training Loss: 1.0170	Time remaining is 2h:46m
2024-07-14 15:35:23 INFO Epoch 168/300	Training Loss: 1.0134	Time remaining is 2h:44m
2024-07-14 15:36:30 INFO Epoch 169/300	Training Loss: 1.0230	Time remaining is 2h:43m
2024-07-14 15:37:38 INFO Epoch 170/300	Training Loss: 1.0155	Time remaining is 2h:42m
2024-07-14 15:38:52 INFO Testing: dataset_name: market1501 top1: 93.973 top5: 98.337 top10: 99.139 mAP: 86.106
2024-07-14 15:39:59 INFO Epoch 171/300	Training Loss: 1.0165	Time remaining is 2h:41m
2024-07-14 15:41:06 INFO Epoch 172/300	Training Loss: 1.0184	Time remaining is 2h:40m
2024-07-14 15:42:14 INFO Epoch 173/300	Training Loss: 1.0162	Time remaining is 2h:39m
2024-07-14 15:43:20 INFO Epoch 174/300	Training Loss: 1.0140	Time remaining is 2h:37m
2024-07-14 15:44:28 INFO Epoch 175/300	Training Loss: 1.0166	Time remaining is 2h:36m
2024-07-14 15:45:42 INFO Testing: dataset_name: market1501 top1: 94.270 top5: 98.456 top10: 99.109 mAP: 86.223
2024-07-14 15:46:49 INFO Epoch 176/300	Training Loss: 1.0181	Time remaining is 2h:36m
2024-07-14 15:47:56 INFO Epoch 177/300	Training Loss: 1.0108	Time remaining is 2h:34m
2024-07-14 15:49:03 INFO Epoch 178/300	Training Loss: 1.0147	Time remaining is 2h:33m
2024-07-14 15:50:10 INFO Epoch 179/300	Training Loss: 1.0154	Time remaining is 2h:32m
2024-07-14 15:51:17 INFO Epoch 180/300	Training Loss: 1.0114	Time remaining is 2h:30m
2024-07-14 15:52:31 INFO Testing: dataset_name: market1501 top1: 94.062 top5: 98.337 top10: 99.228 mAP: 86.303
2024-07-14 15:53:38 INFO Epoch 181/300	Training Loss: 1.0166	Time remaining is 2h:30m
2024-07-14 15:54:45 INFO Epoch 182/300	Training Loss: 1.0162	Time remaining is 2h:28m
2024-07-14 15:55:52 INFO Epoch 183/300	Training Loss: 1.0106	Time remaining is 2h:27m
2024-07-14 15:56:59 INFO Epoch 184/300	Training Loss: 1.0107	Time remaining is 2h:26m
2024-07-14 15:58:06 INFO Epoch 185/300	Training Loss: 1.0169	Time remaining is 2h:24m
2024-07-14 15:59:20 INFO Testing: dataset_name: market1501 top1: 93.973 top5: 98.486 top10: 99.169 mAP: 86.263
2024-07-14 16:00:27 INFO Epoch 186/300	Training Loss: 1.0112	Time remaining is 2h:24m
2024-07-14 16:01:35 INFO Epoch 187/300	Training Loss: 1.0156	Time remaining is 2h:23m
2024-07-14 16:02:42 INFO Epoch 188/300	Training Loss: 1.0154	Time remaining is 2h:21m
2024-07-14 16:03:49 INFO Epoch 189/300	Training Loss: 1.0173	Time remaining is 2h:20m
2024-07-14 16:04:56 INFO Epoch 190/300	Training Loss: 1.0155	Time remaining is 2h:19m
2024-07-14 16:06:10 INFO Testing: dataset_name: market1501 top1: 94.210 top5: 98.397 top10: 99.080 mAP: 86.362
2024-07-14 16:07:18 INFO Epoch 191/300	Training Loss: 1.0149	Time remaining is 2h:18m
2024-07-14 16:08:25 INFO Epoch 192/300	Training Loss: 1.0171	Time remaining is 2h:17m
2024-07-14 16:09:32 INFO Epoch 193/300	Training Loss: 1.0094	Time remaining is 2h:15m
2024-07-14 16:10:39 INFO Epoch 194/300	Training Loss: 1.0146	Time remaining is 2h:14m
2024-07-14 16:11:46 INFO Epoch 195/300	Training Loss: 1.0096	Time remaining is 2h:13m
2024-07-14 16:13:00 INFO Testing: dataset_name: market1501 top1: 93.913 top5: 98.367 top10: 99.228 mAP: 86.322
2024-07-14 16:14:08 INFO Epoch 196/300	Training Loss: 1.0142	Time remaining is 2h:12m
2024-07-14 16:15:15 INFO Epoch 197/300	Training Loss: 1.0097	Time remaining is 2h:11m
2024-07-14 16:16:22 INFO Epoch 198/300	Training Loss: 1.0081	Time remaining is 2h:9m
2024-07-14 16:17:29 INFO Epoch 199/300	Training Loss: 1.0144	Time remaining is 2h:8m
2024-07-14 16:18:36 INFO Epoch 200/300	Training Loss: 1.0141	Time remaining is 2h:7m
2024-07-14 16:19:50 INFO Testing: dataset_name: market1501 top1: 93.913 top5: 98.248 top10: 99.169 mAP: 86.276
2024-07-14 16:20:57 INFO Epoch 201/300	Training Loss: 1.0073	Time remaining is 2h:6m
2024-07-14 16:22:05 INFO Epoch 202/300	Training Loss: 1.0151	Time remaining is 2h:5m
2024-07-14 16:23:12 INFO Epoch 203/300	Training Loss: 1.0187	Time remaining is 2h:3m
2024-07-14 16:24:19 INFO Epoch 204/300	Training Loss: 1.0082	Time remaining is 2h:2m
2024-07-14 16:25:26 INFO Epoch 205/300	Training Loss: 1.0129	Time remaining is 2h:1m
2024-07-14 16:26:41 INFO Testing: dataset_name: market1501 top1: 94.121 top5: 98.308 top10: 99.050 mAP: 86.393
2024-07-14 16:27:48 INFO Epoch 206/300	Training Loss: 1.0152	Time remaining is 1h:60m
2024-07-14 16:28:55 INFO Epoch 207/300	Training Loss: 1.0178	Time remaining is 1h:59m
2024-07-14 16:30:03 INFO Epoch 208/300	Training Loss: 1.0142	Time remaining is 1h:57m
2024-07-14 16:31:10 INFO Epoch 209/300	Training Loss: 1.0134	Time remaining is 1h:56m
2024-07-14 16:32:17 INFO Epoch 210/300	Training Loss: 1.0076	Time remaining is 1h:55m
2024-07-14 16:33:31 INFO Testing: dataset_name: market1501 top1: 94.240 top5: 98.308 top10: 99.139 mAP: 86.429
2024-07-14 16:34:38 INFO Epoch 211/300	Training Loss: 1.0120	Time remaining is 1h:54m
2024-07-14 16:35:45 INFO Epoch 212/300	Training Loss: 1.0119	Time remaining is 1h:53m
2024-07-14 16:36:52 INFO Epoch 213/300	Training Loss: 1.0061	Time remaining is 1h:51m
2024-07-14 16:37:59 INFO Epoch 214/300	Training Loss: 1.0119	Time remaining is 1h:50m
2024-07-14 16:39:06 INFO Epoch 215/300	Training Loss: 1.0070	Time remaining is 1h:49m
2024-07-14 16:40:20 INFO Testing: dataset_name: market1501 top1: 94.062 top5: 98.367 top10: 99.169 mAP: 86.498
2024-07-14 16:41:27 INFO Epoch 216/300	Training Loss: 1.0073	Time remaining is 1h:48m
2024-07-14 16:42:35 INFO Epoch 217/300	Training Loss: 1.0127	Time remaining is 1h:46m
2024-07-14 16:43:43 INFO Epoch 218/300	Training Loss: 1.0188	Time remaining is 1h:45m
2024-07-14 16:44:50 INFO Epoch 219/300	Training Loss: 1.0109	Time remaining is 1h:44m
2024-07-14 16:45:57 INFO Epoch 220/300	Training Loss: 1.0120	Time remaining is 1h:42m
2024-07-14 16:47:11 INFO Testing: dataset_name: market1501 top1: 94.299 top5: 98.397 top10: 99.139 mAP: 86.574
2024-07-14 16:48:19 INFO Epoch 221/300	Training Loss: 1.0100	Time remaining is 1h:42m
2024-07-14 16:49:26 INFO Epoch 222/300	Training Loss: 1.0102	Time remaining is 1h:40m
2024-07-14 16:50:33 INFO Epoch 223/300	Training Loss: 1.0116	Time remaining is 1h:39m
2024-07-14 16:51:40 INFO Epoch 224/300	Training Loss: 1.0044	Time remaining is 1h:38m
2024-07-14 16:52:48 INFO Epoch 225/300	Training Loss: 1.0156	Time remaining is 1h:36m
2024-07-14 16:54:02 INFO Testing: dataset_name: market1501 top1: 94.091 top5: 98.456 top10: 99.169 mAP: 86.537
2024-07-14 16:55:09 INFO Epoch 226/300	Training Loss: 1.0116	Time remaining is 1h:35m
2024-07-14 16:56:16 INFO Epoch 227/300	Training Loss: 1.0099	Time remaining is 1h:34m
2024-07-14 16:57:23 INFO Epoch 228/300	Training Loss: 1.0102	Time remaining is 1h:33m
2024-07-14 16:58:31 INFO Epoch 229/300	Training Loss: 1.0165	Time remaining is 1h:31m
2024-07-14 16:59:38 INFO Epoch 230/300	Training Loss: 1.0100	Time remaining is 1h:30m
2024-07-14 17:00:52 INFO Testing: dataset_name: market1501 top1: 93.973 top5: 98.367 top10: 99.169 mAP: 86.622
2024-07-14 17:01:59 INFO Epoch 231/300	Training Loss: 1.0062	Time remaining is 1h:29m
2024-07-14 17:03:06 INFO Epoch 232/300	Training Loss: 1.0031	Time remaining is 1h:28m
2024-07-14 17:04:13 INFO Epoch 233/300	Training Loss: 1.0088	Time remaining is 1h:27m
2024-07-14 17:05:20 INFO Epoch 234/300	Training Loss: 1.0051	Time remaining is 1h:25m
2024-07-14 17:06:27 INFO Epoch 235/300	Training Loss: 1.0063	Time remaining is 1h:24m
2024-07-14 17:07:41 INFO Testing: dataset_name: market1501 top1: 94.121 top5: 98.426 top10: 99.228 mAP: 86.633
2024-07-14 17:08:49 INFO Epoch 236/300	Training Loss: 1.0154	Time remaining is 1h:23m
2024-07-14 17:09:56 INFO Epoch 237/300	Training Loss: 1.0090	Time remaining is 1h:22m
2024-07-14 17:11:03 INFO Epoch 238/300	Training Loss: 1.0050	Time remaining is 1h:20m
2024-07-14 17:12:10 INFO Epoch 239/300	Training Loss: 1.0034	Time remaining is 1h:19m
2024-07-14 17:13:18 INFO Epoch 240/300	Training Loss: 1.0082	Time remaining is 1h:18m
2024-07-14 17:14:32 INFO Testing: dataset_name: market1501 top1: 94.121 top5: 98.515 top10: 99.258 mAP: 86.632
2024-07-14 17:15:39 INFO Epoch 241/300	Training Loss: 1.0100	Time remaining is 1h:17m
2024-07-14 17:16:46 INFO Epoch 242/300	Training Loss: 1.0096	Time remaining is 1h:15m
2024-07-14 17:17:53 INFO Epoch 243/300	Training Loss: 1.0044	Time remaining is 1h:14m
2024-07-14 17:19:00 INFO Epoch 244/300	Training Loss: 1.0041	Time remaining is 1h:13m
2024-07-14 17:20:07 INFO Epoch 245/300	Training Loss: 1.0094	Time remaining is 1h:11m
2024-07-14 17:21:21 INFO Testing: dataset_name: market1501 top1: 94.240 top5: 98.426 top10: 99.109 mAP: 86.644
2024-07-14 17:22:29 INFO Epoch 246/300	Training Loss: 1.0069	Time remaining is 1h:10m
2024-07-14 17:23:36 INFO Epoch 247/300	Training Loss: 1.0101	Time remaining is 1h:9m
2024-07-14 17:24:43 INFO Epoch 248/300	Training Loss: 1.0074	Time remaining is 1h:8m
2024-07-14 17:25:51 INFO Epoch 249/300	Training Loss: 1.0041	Time remaining is 1h:6m
2024-07-14 17:26:58 INFO Epoch 250/300	Training Loss: 1.0012	Time remaining is 1h:5m
2024-07-14 17:28:12 INFO Testing: dataset_name: market1501 top1: 94.359 top5: 98.337 top10: 99.228 mAP: 86.726
2024-07-14 17:29:19 INFO Epoch 251/300	Training Loss: 1.0004	Time remaining is 1h:4m
2024-07-14 17:30:26 INFO Epoch 252/300	Training Loss: 1.0077	Time remaining is 1h:3m
2024-07-14 17:31:34 INFO Epoch 253/300	Training Loss: 1.0068	Time remaining is 1h:1m
2024-07-14 17:32:41 INFO Epoch 254/300	Training Loss: 1.0060	Time remaining is 1h:0m
2024-07-14 17:33:49 INFO Epoch 255/300	Training Loss: 1.0037	Time remaining is 0h:59m
2024-07-14 17:35:03 INFO Testing: dataset_name: market1501 top1: 94.091 top5: 98.486 top10: 99.228 mAP: 86.618
2024-07-14 17:36:10 INFO Epoch 256/300	Training Loss: 1.0073	Time remaining is 0h:58m
2024-07-14 17:37:17 INFO Epoch 257/300	Training Loss: 1.0037	Time remaining is 0h:56m
2024-07-14 17:38:25 INFO Epoch 258/300	Training Loss: 1.0071	Time remaining is 0h:55m
2024-07-14 17:39:33 INFO Epoch 259/300	Training Loss: 1.0076	Time remaining is 0h:54m
2024-07-14 17:40:40 INFO Epoch 260/300	Training Loss: 1.0079	Time remaining is 0h:53m
2024-07-14 17:41:54 INFO Testing: dataset_name: market1501 top1: 94.091 top5: 98.426 top10: 99.139 mAP: 86.861
2024-07-14 17:43:02 INFO Epoch 261/300	Training Loss: 1.0066	Time remaining is 0h:51m
2024-07-14 17:44:10 INFO Epoch 262/300	Training Loss: 1.0140	Time remaining is 0h:50m
2024-07-14 17:45:17 INFO Epoch 263/300	Training Loss: 1.0058	Time remaining is 0h:49m
2024-07-14 17:46:25 INFO Epoch 264/300	Training Loss: 1.0052	Time remaining is 0h:47m
2024-07-14 17:47:32 INFO Epoch 265/300	Training Loss: 1.0053	Time remaining is 0h:46m
2024-07-14 17:48:46 INFO Testing: dataset_name: market1501 top1: 94.329 top5: 98.129 top10: 99.169 mAP: 86.659
2024-07-14 17:49:54 INFO Epoch 266/300	Training Loss: 1.0075	Time remaining is 0h:45m
2024-07-14 17:51:02 INFO Epoch 267/300	Training Loss: 1.0071	Time remaining is 0h:44m
2024-07-14 17:52:09 INFO Epoch 268/300	Training Loss: 1.0017	Time remaining is 0h:42m
2024-07-14 17:53:16 INFO Epoch 269/300	Training Loss: 1.0067	Time remaining is 0h:41m
2024-07-14 17:54:25 INFO Epoch 270/300	Training Loss: 1.0097	Time remaining is 0h:40m
2024-07-14 17:55:39 INFO Testing: dataset_name: market1501 top1: 94.418 top5: 98.486 top10: 99.198 mAP: 86.732
2024-07-14 17:56:46 INFO Epoch 271/300	Training Loss: 1.0057	Time remaining is 0h:39m
2024-07-14 17:57:54 INFO Epoch 272/300	Training Loss: 1.0052	Time remaining is 0h:37m
2024-07-14 17:59:02 INFO Epoch 273/300	Training Loss: 1.0095	Time remaining is 0h:36m
2024-07-14 18:00:09 INFO Epoch 274/300	Training Loss: 1.0047	Time remaining is 0h:35m
2024-07-14 18:01:16 INFO Epoch 275/300	Training Loss: 1.0049	Time remaining is 0h:33m
2024-07-14 18:02:30 INFO Testing: dataset_name: market1501 top1: 94.477 top5: 98.337 top10: 99.169 mAP: 86.716
2024-07-14 18:03:37 INFO Epoch 276/300	Training Loss: 1.0011	Time remaining is 0h:32m
2024-07-14 18:04:45 INFO Epoch 277/300	Training Loss: 1.0055	Time remaining is 0h:31m
2024-07-14 18:05:52 INFO Epoch 278/300	Training Loss: 1.0051	Time remaining is 0h:30m
2024-07-14 18:06:59 INFO Epoch 279/300	Training Loss: 1.0056	Time remaining is 0h:28m
2024-07-14 18:08:07 INFO Epoch 280/300	Training Loss: 1.0060	Time remaining is 0h:27m
2024-07-14 18:09:21 INFO Testing: dataset_name: market1501 top1: 94.448 top5: 98.219 top10: 99.139 mAP: 86.680
2024-07-14 18:10:28 INFO Epoch 281/300	Training Loss: 1.0052	Time remaining is 0h:26m
2024-07-14 18:11:35 INFO Epoch 282/300	Training Loss: 1.0002	Time remaining is 0h:25m
2024-07-14 18:12:43 INFO Epoch 283/300	Training Loss: 1.0068	Time remaining is 0h:23m
2024-07-14 18:13:50 INFO Epoch 284/300	Training Loss: 0.9988	Time remaining is 0h:22m
2024-07-14 18:14:57 INFO Epoch 285/300	Training Loss: 1.0008	Time remaining is 0h:21m
2024-07-14 18:16:11 INFO Testing: dataset_name: market1501 top1: 94.270 top5: 98.337 top10: 99.198 mAP: 86.505
2024-07-14 18:17:19 INFO Epoch 286/300	Training Loss: 1.0040	Time remaining is 0h:19m
2024-07-14 18:18:26 INFO Epoch 287/300	Training Loss: 1.0043	Time remaining is 0h:18m
2024-07-14 18:19:33 INFO Epoch 288/300	Training Loss: 0.9991	Time remaining is 0h:17m
2024-07-14 18:20:40 INFO Epoch 289/300	Training Loss: 1.0038	Time remaining is 0h:15m
2024-07-14 18:21:48 INFO Epoch 290/300	Training Loss: 1.0043	Time remaining is 0h:14m
2024-07-14 18:23:02 INFO Testing: dataset_name: market1501 top1: 94.388 top5: 98.219 top10: 99.139 mAP: 86.669
2024-07-14 18:24:09 INFO Epoch 291/300	Training Loss: 1.0004	Time remaining is 0h:13m
2024-07-14 18:25:16 INFO Epoch 292/300	Training Loss: 1.0043	Time remaining is 0h:12m
2024-07-14 18:26:24 INFO Epoch 293/300	Training Loss: 1.0036	Time remaining is 0h:10m
2024-07-14 18:27:31 INFO Epoch 294/300	Training Loss: 0.9996	Time remaining is 0h:9m
2024-07-14 18:28:38 INFO Epoch 295/300	Training Loss: 1.0035	Time remaining is 0h:8m
2024-07-14 18:29:52 INFO Testing: dataset_name: market1501 top1: 94.359 top5: 98.337 top10: 99.139 mAP: 86.636
2024-07-14 18:30:59 INFO Epoch 296/300	Training Loss: 0.9980	Time remaining is 0h:6m
2024-07-14 18:32:07 INFO Epoch 297/300	Training Loss: 1.0036	Time remaining is 0h:5m
2024-07-14 18:33:14 INFO Epoch 298/300	Training Loss: 0.9992	Time remaining is 0h:4m
2024-07-14 18:34:21 INFO Epoch 299/300	Training Loss: 0.9983	Time remaining is 0h:3m
2024-07-14 18:35:28 INFO Epoch 300/300	Training Loss: 1.0019	Time remaining is 0h:1m
2024-07-14 18:36:42 INFO Testing: dataset_name: market1501 top1: 94.507 top5: 98.248 top10: 99.139 mAP: 86.840
2024-07-14 18:36:43 INFO The running time of training: 6.48 h
