2024-03-16 15:55:27 INFO ##################################################
2024-03-16 15:55:27 INFO Config values: batch_size: 60	current_directory: /home/hy/project/reid/ex_main	dataset_name: market1501	dataset_path: /home/hy/project/data/Market-1501-v15.09.15	device: cuda	dtype: torch.float32	epoch_start_test: 90	epochs: 120	img_height: 256	img_width: 128	logs_outputs_path: /home/hy/project/reid/ex_main/./outputs/logs	models_outputs_path: /home/hy/project/reid/ex_main/./outputs/models	np: <module 'numpy' from '/home/hy/anaconda3/envs/py396/lib/python3.9/site-packages/numpy/__init__.py'>	os: <module 'os' from '/home/hy/anaconda3/envs/py396/lib/python3.9/os.py'>	outputs_dir: ./outputs/	outputs_path: /home/hy/project/reid/ex_main/./outputs/	print_every: 1	seed: 1	taskname: ReID_Task	temps_outputs_path: /home/hy/project/reid/ex_main/./outputs/temps	test_batch_size: 256	test_every: 10	torch: <module 'torch' from '/home/hy/anaconda3/envs/py396/lib/python3.9/site-packages/torch/__init__.py'>
2024-03-16 15:55:27 INFO Task: ReID_Task
2024-03-16 15:55:27 INFO Using device: cuda
2024-03-16 15:55:27 INFO Using data type: torch.float32
2024-03-16 15:55:27 INFO Number of GPUs: 1
2024-03-16 15:55:27 INFO GPU is_available: True
2024-03-16 15:55:27 INFO GPU name: NVIDIA GeForce RTX 3060
2024-03-16 15:55:27 INFO CUDA version: 12.1
2024-03-16 15:55:27 INFO Current device id: 0
2024-03-16 15:55:27 INFO ##################################################
2024-03-16 15:56:30 INFO Epoch 1/120	Training Loss: 9.4309	Time remaining is 2h:4m
2024-03-16 15:57:31 INFO Epoch 2/120	Training Loss: 8.0767	Time remaining is 2h:2m
2024-03-16 15:58:31 INFO Epoch 3/120	Training Loss: 6.2628	Time remaining is 2h:0m
2024-03-16 15:59:32 INFO Epoch 4/120	Training Loss: 4.8927	Time remaining is 1h:59m
2024-03-16 16:00:33 INFO Epoch 5/120	Training Loss: 3.8063	Time remaining is 1h:58m
2024-03-16 16:01:33 INFO Epoch 6/120	Training Loss: 3.0844	Time remaining is 1h:57m
2024-03-16 16:02:34 INFO Epoch 7/120	Training Loss: 2.7166	Time remaining is 1h:55m
2024-03-16 16:03:34 INFO Epoch 8/120	Training Loss: 2.5194	Time remaining is 1h:54m
2024-03-16 16:04:35 INFO Epoch 9/120	Training Loss: 2.4084	Time remaining is 1h:53m
2024-03-16 16:05:35 INFO Epoch 10/120	Training Loss: 2.3450	Time remaining is 1h:52m
2024-03-16 16:06:36 INFO Epoch 11/120	Training Loss: 2.3174	Time remaining is 1h:51m
2024-03-16 16:07:37 INFO Epoch 12/120	Training Loss: 2.2557	Time remaining is 1h:50m
2024-03-16 16:08:37 INFO Epoch 13/120	Training Loss: 2.2078	Time remaining is 1h:49m
2024-03-16 16:09:38 INFO Epoch 14/120	Training Loss: 2.1897	Time remaining is 1h:48m
2024-03-16 16:10:39 INFO Epoch 15/120	Training Loss: 2.1647	Time remaining is 1h:47m
2024-03-16 16:11:40 INFO Epoch 16/120	Training Loss: 2.1519	Time remaining is 1h:46m
2024-03-16 16:12:40 INFO Epoch 17/120	Training Loss: 2.1437	Time remaining is 1h:45m
2024-03-16 16:13:41 INFO Epoch 18/120	Training Loss: 2.1345	Time remaining is 1h:44m
2024-03-16 16:14:42 INFO Epoch 19/120	Training Loss: 2.1362	Time remaining is 1h:43m
2024-03-16 16:15:43 INFO Epoch 20/120	Training Loss: 2.1377	Time remaining is 1h:42m
2024-03-16 16:16:44 INFO Epoch 21/120	Training Loss: 2.1303	Time remaining is 1h:41m
2024-03-16 16:17:44 INFO Epoch 22/120	Training Loss: 2.1209	Time remaining is 1h:40m
2024-03-16 16:18:45 INFO Epoch 23/120	Training Loss: 2.1200	Time remaining is 1h:39m
2024-03-16 16:19:45 INFO Epoch 24/120	Training Loss: 2.1298	Time remaining is 1h:38m
2024-03-16 16:20:46 INFO Epoch 25/120	Training Loss: 2.1299	Time remaining is 1h:37m
2024-03-16 16:21:48 INFO Epoch 26/120	Training Loss: 2.1483	Time remaining is 1h:36m
2024-03-16 16:22:48 INFO Epoch 27/120	Training Loss: 2.1401	Time remaining is 1h:35m
2024-03-16 16:23:49 INFO Epoch 28/120	Training Loss: 2.1341	Time remaining is 1h:34m
2024-03-16 16:24:50 INFO Epoch 29/120	Training Loss: 2.1124	Time remaining is 1h:33m
2024-03-16 16:25:50 INFO Epoch 30/120	Training Loss: 2.0985	Time remaining is 1h:32m
2024-03-16 16:26:51 INFO Epoch 31/120	Training Loss: 2.1109	Time remaining is 1h:31m
2024-03-16 16:27:52 INFO Epoch 32/120	Training Loss: 2.1263	Time remaining is 1h:30m
2024-03-16 16:28:53 INFO Epoch 33/120	Training Loss: 2.1165	Time remaining is 1h:29m
2024-03-16 16:29:53 INFO Epoch 34/120	Training Loss: 2.1274	Time remaining is 1h:28m
2024-03-16 16:30:54 INFO Epoch 35/120	Training Loss: 2.1143	Time remaining is 1h:27m
2024-03-16 16:31:55 INFO Epoch 36/120	Training Loss: 2.1088	Time remaining is 1h:26m
2024-03-16 16:32:56 INFO Epoch 37/120	Training Loss: 2.1028	Time remaining is 1h:25m
2024-03-16 16:33:57 INFO Epoch 38/120	Training Loss: 2.1123	Time remaining is 1h:24m
2024-03-16 16:34:58 INFO Epoch 39/120	Training Loss: 2.1029	Time remaining is 1h:23m
2024-03-16 16:35:58 INFO Epoch 40/120	Training Loss: 2.0907	Time remaining is 1h:22m
2024-03-16 16:36:59 INFO Epoch 41/120	Training Loss: 2.0423	Time remaining is 1h:21m
2024-03-16 16:38:00 INFO Epoch 42/120	Training Loss: 1.9692	Time remaining is 1h:20m
2024-03-16 16:39:01 INFO Epoch 43/120	Training Loss: 1.9630	Time remaining is 1h:19m
2024-03-16 16:40:02 INFO Epoch 44/120	Training Loss: 1.9540	Time remaining is 1h:18m
2024-03-16 16:41:02 INFO Epoch 45/120	Training Loss: 1.9460	Time remaining is 1h:17m
2024-03-16 16:42:03 INFO Epoch 46/120	Training Loss: 1.9400	Time remaining is 1h:16m
2024-03-16 16:43:03 INFO Epoch 47/120	Training Loss: 1.9272	Time remaining is 1h:15m
2024-03-16 16:44:04 INFO Epoch 48/120	Training Loss: 1.9349	Time remaining is 1h:14m
2024-03-16 16:45:05 INFO Epoch 49/120	Training Loss: 1.9247	Time remaining is 1h:13m
2024-03-16 16:46:06 INFO Epoch 50/120	Training Loss: 1.9284	Time remaining is 1h:12m
2024-03-16 16:47:06 INFO Epoch 51/120	Training Loss: 1.9172	Time remaining is 1h:11m
2024-03-16 16:48:07 INFO Epoch 52/120	Training Loss: 1.9238	Time remaining is 1h:10m
2024-03-16 16:49:08 INFO Epoch 53/120	Training Loss: 1.9229	Time remaining is 1h:9m
2024-03-16 16:50:09 INFO Epoch 54/120	Training Loss: 1.9188	Time remaining is 1h:8m
2024-03-16 16:51:09 INFO Epoch 55/120	Training Loss: 1.9207	Time remaining is 1h:7m
2024-03-16 16:52:10 INFO Epoch 56/120	Training Loss: 1.9200	Time remaining is 1h:6m
2024-03-16 16:53:11 INFO Epoch 57/120	Training Loss: 1.9063	Time remaining is 1h:5m
2024-03-16 16:54:12 INFO Epoch 58/120	Training Loss: 1.9162	Time remaining is 1h:4m
2024-03-16 16:55:13 INFO Epoch 59/120	Training Loss: 1.9174	Time remaining is 1h:3m
2024-03-16 16:56:14 INFO Epoch 60/120	Training Loss: 1.9139	Time remaining is 1h:2m
2024-03-16 16:57:15 INFO Epoch 61/120	Training Loss: 1.9148	Time remaining is 1h:1m
2024-03-16 16:58:16 INFO Epoch 62/120	Training Loss: 1.9128	Time remaining is 0h:60m
2024-03-16 16:59:16 INFO Epoch 63/120	Training Loss: 1.9111	Time remaining is 0h:59m
2024-03-16 17:00:17 INFO Epoch 64/120	Training Loss: 1.9098	Time remaining is 0h:58m
2024-03-16 17:01:18 INFO Epoch 65/120	Training Loss: 1.9075	Time remaining is 0h:57m
2024-03-16 17:02:19 INFO Epoch 66/120	Training Loss: 1.9072	Time remaining is 0h:56m
2024-03-16 17:03:21 INFO Epoch 67/120	Training Loss: 1.9173	Time remaining is 0h:55m
2024-03-16 17:04:22 INFO Epoch 68/120	Training Loss: 1.9095	Time remaining is 0h:54m
2024-03-16 17:05:23 INFO Epoch 69/120	Training Loss: 1.8981	Time remaining is 0h:53m
2024-03-16 17:06:23 INFO Epoch 70/120	Training Loss: 1.9054	Time remaining is 0h:52m
2024-03-16 17:07:24 INFO Epoch 71/120	Training Loss: 1.9022	Time remaining is 0h:51m
2024-03-16 17:08:25 INFO Epoch 72/120	Training Loss: 1.8979	Time remaining is 0h:50m
2024-03-16 17:09:26 INFO Epoch 73/120	Training Loss: 1.8965	Time remaining is 0h:49m
2024-03-16 17:10:27 INFO Epoch 74/120	Training Loss: 1.8858	Time remaining is 0h:48m
2024-03-16 17:11:28 INFO Epoch 75/120	Training Loss: 1.8851	Time remaining is 0h:47m
2024-03-16 17:12:28 INFO Epoch 76/120	Training Loss: 1.8830	Time remaining is 0h:46m
2024-03-16 17:13:29 INFO Epoch 77/120	Training Loss: 1.8939	Time remaining is 0h:45m
2024-03-16 17:14:29 INFO Epoch 78/120	Training Loss: 1.8817	Time remaining is 0h:44m
2024-03-16 17:15:30 INFO Epoch 79/120	Training Loss: 1.8921	Time remaining is 0h:43m
2024-03-16 17:16:31 INFO Epoch 80/120	Training Loss: 1.8925	Time remaining is 0h:42m
2024-03-16 17:17:32 INFO Epoch 81/120	Training Loss: 1.8915	Time remaining is 0h:41m
2024-03-16 17:18:32 INFO Epoch 82/120	Training Loss: 1.8924	Time remaining is 0h:40m
2024-03-16 17:19:33 INFO Epoch 83/120	Training Loss: 1.8897	Time remaining is 0h:38m
2024-03-16 17:20:34 INFO Epoch 84/120	Training Loss: 1.8894	Time remaining is 0h:37m
2024-03-16 17:21:35 INFO Epoch 85/120	Training Loss: 1.8917	Time remaining is 0h:36m
2024-03-16 17:22:35 INFO Epoch 86/120	Training Loss: 1.8907	Time remaining is 0h:35m
2024-03-16 17:23:36 INFO Epoch 87/120	Training Loss: 1.8893	Time remaining is 0h:34m
2024-03-16 17:24:36 INFO Epoch 88/120	Training Loss: 1.8792	Time remaining is 0h:33m
2024-03-16 17:25:37 INFO Epoch 89/120	Training Loss: 1.8889	Time remaining is 0h:32m
2024-03-16 17:26:38 INFO Epoch 90/120	Training Loss: 1.8871	Time remaining is 0h:31m
2024-03-16 17:27:09 INFO Testing: dataset_name: market1501 top1:0.9409 top5:0.9786 top10:0.9893 mAP:0.8517
2024-03-16 17:28:10 INFO Epoch 91/120	Training Loss: 1.8895	Time remaining is 0h:31m
2024-03-16 17:29:10 INFO Epoch 92/120	Training Loss: 1.8787	Time remaining is 0h:30m
2024-03-16 17:30:11 INFO Epoch 93/120	Training Loss: 1.8904	Time remaining is 0h:29m
2024-03-16 17:31:12 INFO Epoch 94/120	Training Loss: 1.8883	Time remaining is 0h:27m
2024-03-16 17:32:13 INFO Epoch 95/120	Training Loss: 1.8771	Time remaining is 0h:26m
2024-03-16 17:33:13 INFO Epoch 96/120	Training Loss: 1.8886	Time remaining is 0h:25m
2024-03-16 17:34:14 INFO Epoch 97/120	Training Loss: 1.8776	Time remaining is 0h:24m
2024-03-16 17:35:15 INFO Epoch 98/120	Training Loss: 1.8894	Time remaining is 0h:23m
2024-03-16 17:36:15 INFO Epoch 99/120	Training Loss: 1.8880	Time remaining is 0h:22m
2024-03-16 17:37:16 INFO Epoch 100/120	Training Loss: 1.8853	Time remaining is 0h:21m
2024-03-16 17:37:47 INFO Testing: dataset_name: market1501 top1:0.9400 top5:0.9780 top10:0.9896 mAP:0.8515
2024-03-16 17:38:48 INFO Epoch 101/120	Training Loss: 1.8879	Time remaining is 0h:20m
2024-03-16 17:39:49 INFO Epoch 102/120	Training Loss: 1.8867	Time remaining is 0h:19m
2024-03-16 17:40:50 INFO Epoch 103/120	Training Loss: 1.8849	Time remaining is 0h:18m
2024-03-16 17:41:50 INFO Epoch 104/120	Training Loss: 1.8843	Time remaining is 0h:17m
2024-03-16 17:42:51 INFO Epoch 105/120	Training Loss: 1.8943	Time remaining is 0h:16m
2024-03-16 17:43:52 INFO Epoch 106/120	Training Loss: 1.8860	Time remaining is 0h:15m
2024-03-16 17:44:52 INFO Epoch 107/120	Training Loss: 1.8771	Time remaining is 0h:14m
2024-03-16 17:45:53 INFO Epoch 108/120	Training Loss: 1.8865	Time remaining is 0h:13m
2024-03-16 17:46:53 INFO Epoch 109/120	Training Loss: 1.8845	Time remaining is 0h:12m
2024-03-16 17:47:54 INFO Epoch 110/120	Training Loss: 1.8836	Time remaining is 0h:11m
2024-03-16 17:48:25 INFO Testing: dataset_name: market1501 top1:0.9436 top5:0.9792 top10:0.9893 mAP:0.8542
2024-03-16 17:49:25 INFO Epoch 111/120	Training Loss: 1.8747	Time remaining is 0h:10m
2024-03-16 17:50:26 INFO Epoch 112/120	Training Loss: 1.8838	Time remaining is 0h:9m
2024-03-16 17:51:26 INFO Epoch 113/120	Training Loss: 1.8832	Time remaining is 0h:8m
2024-03-16 17:52:27 INFO Epoch 114/120	Training Loss: 1.8749	Time remaining is 0h:7m
2024-03-16 17:53:28 INFO Epoch 115/120	Training Loss: 1.8931	Time remaining is 0h:6m
2024-03-16 17:54:29 INFO Epoch 116/120	Training Loss: 1.8834	Time remaining is 0h:5m
2024-03-16 17:55:29 INFO Epoch 117/120	Training Loss: 1.8853	Time remaining is 0h:4m
2024-03-16 17:56:30 INFO Epoch 118/120	Training Loss: 1.8835	Time remaining is 0h:3m
2024-03-16 17:57:31 INFO Epoch 119/120	Training Loss: 1.8933	Time remaining is 0h:2m
2024-03-16 17:58:32 INFO Epoch 120/120	Training Loss: 1.8736	Time remaining is 0h:1m
2024-03-16 17:59:03 INFO Testing: dataset_name: market1501 top1:0.9448 top5:0.9804 top10:0.9893 mAP:0.8564
2024-03-16 17:59:03 INFO The running time of training: 7.41560e+03 s
