2024-04-15 07:58:33 INFO ##################################################
2024-04-15 07:58:33 INFO Config values: batch_size: 60	current_directory: /home/hy/project/reid_task/ex_main-n8	dataset_name: market1501	dataset_path: /home/hy/project/data/Market-1501-v15.09.15	device: cuda	dtype: torch.float32	epoch_start_test: 90	epochs: 160	img_height: 256	img_width: 128	logs_outputs_path: /home/hy/project/reid_task/ex_main-n8/./outputs/logs	models_outputs_path: /home/hy/project/reid_task/ex_main-n8/./outputs/models	np: <module 'numpy' from '/home/hy/anaconda3/envs/py396/lib/python3.9/site-packages/numpy/__init__.py'>	os: <module 'os' from '/home/hy/anaconda3/envs/py396/lib/python3.9/os.py'>	outputs_dir: ./outputs/	outputs_path: /home/hy/project/reid_task/ex_main-n8/./outputs/	print_every: 1	seed: 1	taskname: ReID_Task	temps_outputs_path: /home/hy/project/reid_task/ex_main-n8/./outputs/temps	test_batch_size: 256	test_every: 5	torch: <module 'torch' from '/home/hy/anaconda3/envs/py396/lib/python3.9/site-packages/torch/__init__.py'>
2024-04-15 07:58:33 INFO Task: ReID_Task
2024-04-15 07:58:33 INFO Using device: cuda
2024-04-15 07:58:33 INFO Using data type: torch.float32
2024-04-15 07:58:33 INFO Number of GPUs: 1
2024-04-15 07:58:33 INFO GPU is_available: True
2024-04-15 07:58:33 INFO GPU name: NVIDIA GeForce RTX 3060
2024-04-15 07:58:33 INFO CUDA version: 12.1
2024-04-15 07:58:33 INFO Current device id: 0
2024-04-15 07:58:33 INFO ##################################################
2024-04-15 07:59:51 INFO Epoch 1/160	Training Loss: 9.6381	Time remaining is 3h:25m
2024-04-15 08:01:07 INFO Epoch 2/160	Training Loss: 8.1638	Time remaining is 3h:22m
2024-04-15 08:02:23 INFO Epoch 3/160	Training Loss: 6.3111	Time remaining is 3h:21m
2024-04-15 08:03:39 INFO Epoch 4/160	Training Loss: 4.8498	Time remaining is 3h:20m
2024-04-15 08:04:55 INFO Epoch 5/160	Training Loss: 3.7912	Time remaining is 3h:18m
2024-04-15 08:06:11 INFO Epoch 6/160	Training Loss: 3.0982	Time remaining is 3h:17m
2024-04-15 08:07:26 INFO Epoch 7/160	Training Loss: 2.7456	Time remaining is 3h:15m
2024-04-15 08:08:42 INFO Epoch 8/160	Training Loss: 2.5475	Time remaining is 3h:14m
2024-04-15 08:09:58 INFO Epoch 9/160	Training Loss: 2.4449	Time remaining is 3h:12m
2024-04-15 08:11:14 INFO Epoch 10/160	Training Loss: 2.3652	Time remaining is 3h:11m
2024-04-15 08:12:30 INFO Epoch 11/160	Training Loss: 2.3217	Time remaining is 3h:10m
2024-04-15 08:13:45 INFO Epoch 12/160	Training Loss: 2.2746	Time remaining is 3h:9m
2024-04-15 08:15:01 INFO Epoch 13/160	Training Loss: 2.2217	Time remaining is 3h:7m
2024-04-15 08:16:18 INFO Epoch 14/160	Training Loss: 2.2010	Time remaining is 3h:6m
2024-04-15 08:17:34 INFO Epoch 15/160	Training Loss: 2.1791	Time remaining is 3h:5m
2024-04-15 08:18:50 INFO Epoch 16/160	Training Loss: 2.1622	Time remaining is 3h:4m
2024-04-15 08:20:05 INFO Epoch 17/160	Training Loss: 2.1478	Time remaining is 3h:2m
2024-04-15 08:21:20 INFO Epoch 18/160	Training Loss: 2.1321	Time remaining is 3h:1m
2024-04-15 08:22:36 INFO Epoch 19/160	Training Loss: 2.1347	Time remaining is 2h:60m
2024-04-15 08:23:52 INFO Epoch 20/160	Training Loss: 2.1357	Time remaining is 2h:58m
2024-04-15 08:25:08 INFO Epoch 21/160	Training Loss: 2.1260	Time remaining is 2h:57m
2024-04-15 08:26:23 INFO Epoch 22/160	Training Loss: 2.1174	Time remaining is 2h:56m
2024-04-15 08:27:39 INFO Epoch 23/160	Training Loss: 2.1123	Time remaining is 2h:54m
2024-04-15 08:28:55 INFO Epoch 24/160	Training Loss: 2.1271	Time remaining is 2h:53m
2024-04-15 08:30:10 INFO Epoch 25/160	Training Loss: 2.1202	Time remaining is 2h:52m
2024-04-15 08:31:27 INFO Epoch 26/160	Training Loss: 2.1418	Time remaining is 2h:51m
2024-04-15 08:32:43 INFO Epoch 27/160	Training Loss: 2.1208	Time remaining is 2h:49m
2024-04-15 08:33:59 INFO Epoch 28/160	Training Loss: 2.1188	Time remaining is 2h:48m
2024-04-15 08:35:14 INFO Epoch 29/160	Training Loss: 2.1274	Time remaining is 2h:47m
2024-04-15 08:36:30 INFO Epoch 30/160	Training Loss: 2.1002	Time remaining is 2h:46m
2024-04-15 08:37:45 INFO Epoch 31/160	Training Loss: 2.1031	Time remaining is 2h:44m
2024-04-15 08:39:01 INFO Epoch 32/160	Training Loss: 2.1125	Time remaining is 2h:43m
2024-04-15 08:40:17 INFO Epoch 33/160	Training Loss: 2.1077	Time remaining is 2h:42m
2024-04-15 08:41:33 INFO Epoch 34/160	Training Loss: 2.1130	Time remaining is 2h:41m
2024-04-15 08:42:49 INFO Epoch 35/160	Training Loss: 2.1106	Time remaining is 2h:39m
2024-04-15 08:44:05 INFO Epoch 36/160	Training Loss: 2.1021	Time remaining is 2h:38m
2024-04-15 08:45:20 INFO Epoch 37/160	Training Loss: 2.0978	Time remaining is 2h:37m
2024-04-15 08:46:36 INFO Epoch 38/160	Training Loss: 2.1021	Time remaining is 2h:35m
2024-04-15 08:47:52 INFO Epoch 39/160	Training Loss: 2.1129	Time remaining is 2h:34m
2024-04-15 08:49:08 INFO Epoch 40/160	Training Loss: 2.1032	Time remaining is 2h:33m
2024-04-15 08:50:24 INFO Epoch 41/160	Training Loss: 2.0460	Time remaining is 2h:32m
2024-04-15 08:51:40 INFO Epoch 42/160	Training Loss: 1.9710	Time remaining is 2h:30m
2024-04-15 08:52:56 INFO Epoch 43/160	Training Loss: 1.9692	Time remaining is 2h:29m
2024-04-15 08:54:11 INFO Epoch 44/160	Training Loss: 1.9590	Time remaining is 2h:28m
2024-04-15 08:55:27 INFO Epoch 45/160	Training Loss: 1.9521	Time remaining is 2h:27m
2024-04-15 08:56:43 INFO Epoch 46/160	Training Loss: 1.9504	Time remaining is 2h:25m
2024-04-15 08:57:59 INFO Epoch 47/160	Training Loss: 1.9343	Time remaining is 2h:24m
2024-04-15 08:59:15 INFO Epoch 48/160	Training Loss: 1.9436	Time remaining is 2h:23m
2024-04-15 09:00:30 INFO Epoch 49/160	Training Loss: 1.9298	Time remaining is 2h:22m
2024-04-15 09:01:46 INFO Epoch 50/160	Training Loss: 1.9388	Time remaining is 2h:20m
2024-04-15 09:03:02 INFO Epoch 51/160	Training Loss: 1.9240	Time remaining is 2h:19m
2024-04-15 09:04:18 INFO Epoch 52/160	Training Loss: 1.9327	Time remaining is 2h:18m
2024-04-15 09:05:34 INFO Epoch 53/160	Training Loss: 1.9308	Time remaining is 2h:17m
2024-04-15 09:06:49 INFO Epoch 54/160	Training Loss: 1.9282	Time remaining is 2h:15m
2024-04-15 09:08:05 INFO Epoch 55/160	Training Loss: 1.9287	Time remaining is 2h:14m
2024-04-15 09:09:21 INFO Epoch 56/160	Training Loss: 1.9272	Time remaining is 2h:13m
2024-04-15 09:10:37 INFO Epoch 57/160	Training Loss: 1.9159	Time remaining is 2h:11m
2024-04-15 09:11:53 INFO Epoch 58/160	Training Loss: 1.9251	Time remaining is 2h:10m
2024-04-15 09:13:09 INFO Epoch 59/160	Training Loss: 1.9266	Time remaining is 2h:9m
2024-04-15 09:14:25 INFO Epoch 60/160	Training Loss: 1.9219	Time remaining is 2h:8m
2024-04-15 09:15:41 INFO Epoch 61/160	Training Loss: 1.9226	Time remaining is 2h:6m
2024-04-15 09:16:56 INFO Epoch 62/160	Training Loss: 1.9215	Time remaining is 2h:5m
2024-04-15 09:18:12 INFO Epoch 63/160	Training Loss: 1.9193	Time remaining is 2h:4m
2024-04-15 09:19:28 INFO Epoch 64/160	Training Loss: 1.9184	Time remaining is 2h:3m
2024-04-15 09:20:44 INFO Epoch 65/160	Training Loss: 1.9161	Time remaining is 2h:1m
2024-04-15 09:22:00 INFO Epoch 66/160	Training Loss: 1.9150	Time remaining is 2h:0m
2024-04-15 09:23:16 INFO Epoch 67/160	Training Loss: 1.9254	Time remaining is 1h:59m
2024-04-15 09:24:32 INFO Epoch 68/160	Training Loss: 1.9147	Time remaining is 1h:58m
2024-04-15 09:25:47 INFO Epoch 69/160	Training Loss: 1.9065	Time remaining is 1h:56m
2024-04-15 09:27:04 INFO Epoch 70/160	Training Loss: 1.9128	Time remaining is 1h:55m
2024-04-15 09:28:19 INFO Epoch 71/160	Training Loss: 1.9104	Time remaining is 1h:54m
2024-04-15 09:29:35 INFO Epoch 72/160	Training Loss: 1.9062	Time remaining is 1h:53m
2024-04-15 09:30:51 INFO Epoch 73/160	Training Loss: 1.9039	Time remaining is 1h:51m
2024-04-15 09:32:07 INFO Epoch 74/160	Training Loss: 1.8934	Time remaining is 1h:50m
2024-04-15 09:33:22 INFO Epoch 75/160	Training Loss: 1.8938	Time remaining is 1h:49m
2024-04-15 09:34:38 INFO Epoch 76/160	Training Loss: 1.8910	Time remaining is 1h:47m
2024-04-15 09:35:53 INFO Epoch 77/160	Training Loss: 1.9019	Time remaining is 1h:46m
2024-04-15 09:37:09 INFO Epoch 78/160	Training Loss: 1.8927	Time remaining is 1h:45m
2024-04-15 09:38:25 INFO Epoch 79/160	Training Loss: 1.9006	Time remaining is 1h:44m
2024-04-15 09:39:41 INFO Epoch 80/160	Training Loss: 1.9013	Time remaining is 1h:42m
2024-04-15 09:40:57 INFO Epoch 81/160	Training Loss: 1.8997	Time remaining is 1h:41m
2024-04-15 09:42:13 INFO Epoch 82/160	Training Loss: 1.8994	Time remaining is 1h:40m
2024-04-15 09:43:28 INFO Epoch 83/160	Training Loss: 1.8997	Time remaining is 1h:39m
2024-04-15 09:44:44 INFO Epoch 84/160	Training Loss: 1.8979	Time remaining is 1h:37m
2024-04-15 09:46:00 INFO Epoch 85/160	Training Loss: 1.9009	Time remaining is 1h:36m
2024-04-15 09:47:16 INFO Epoch 86/160	Training Loss: 1.9001	Time remaining is 1h:35m
2024-04-15 09:48:32 INFO Epoch 87/160	Training Loss: 1.8984	Time remaining is 1h:34m
2024-04-15 09:49:48 INFO Epoch 88/160	Training Loss: 1.8880	Time remaining is 1h:32m
2024-04-15 09:51:04 INFO Epoch 89/160	Training Loss: 1.8980	Time remaining is 1h:31m
2024-04-15 09:52:20 INFO Epoch 90/160	Training Loss: 1.8990	Time remaining is 1h:30m
2024-04-15 09:53:48 INFO Testing: dataset_name: market1501 top1:0.9474 top5:0.9852 top10:0.9902 mAP:0.8704
2024-04-15 09:55:04 INFO Epoch 91/160	Training Loss: 1.8987	Time remaining is 1h:30m
2024-04-15 09:56:20 INFO Epoch 92/160	Training Loss: 1.8870	Time remaining is 1h:28m
2024-04-15 09:57:36 INFO Epoch 93/160	Training Loss: 1.8999	Time remaining is 1h:27m
2024-04-15 09:58:52 INFO Epoch 94/160	Training Loss: 1.8970	Time remaining is 1h:26m
2024-04-15 10:00:07 INFO Epoch 95/160	Training Loss: 1.8866	Time remaining is 1h:24m
2024-04-15 10:01:35 INFO Testing: dataset_name: market1501 top1:0.9489 top5:0.9837 top10:0.9908 mAP:0.8720
2024-04-15 10:02:52 INFO Epoch 96/160	Training Loss: 1.8984	Time remaining is 1h:24m
2024-04-15 10:04:08 INFO Epoch 97/160	Training Loss: 1.8862	Time remaining is 1h:23m
2024-04-15 10:05:24 INFO Epoch 98/160	Training Loss: 1.8996	Time remaining is 1h:22m
2024-04-15 10:06:40 INFO Epoch 99/160	Training Loss: 1.8969	Time remaining is 1h:20m
2024-04-15 10:07:55 INFO Epoch 100/160	Training Loss: 1.8949	Time remaining is 1h:19m
2024-04-15 10:09:25 INFO Testing: dataset_name: market1501 top1:0.9492 top5:0.9825 top10:0.9905 mAP:0.8714
2024-04-15 10:10:40 INFO Epoch 101/160	Training Loss: 1.8975	Time remaining is 1h:18m
2024-04-15 10:11:56 INFO Epoch 102/160	Training Loss: 1.8958	Time remaining is 1h:17m
2024-04-15 10:13:12 INFO Epoch 103/160	Training Loss: 1.8951	Time remaining is 1h:16m
2024-04-15 10:14:28 INFO Epoch 104/160	Training Loss: 1.8945	Time remaining is 1h:14m
2024-04-15 10:15:44 INFO Epoch 105/160	Training Loss: 1.9054	Time remaining is 1h:13m
2024-04-15 10:17:11 INFO Testing: dataset_name: market1501 top1:0.9486 top5:0.9846 top10:0.9911 mAP:0.8713
2024-04-15 10:18:27 INFO Epoch 106/160	Training Loss: 1.8964	Time remaining is 1h:13m
2024-04-15 10:19:43 INFO Epoch 107/160	Training Loss: 1.8859	Time remaining is 1h:11m
2024-04-15 10:20:58 INFO Epoch 108/160	Training Loss: 1.8959	Time remaining is 1h:10m
2024-04-15 10:22:14 INFO Epoch 109/160	Training Loss: 1.8950	Time remaining is 1h:9m
2024-04-15 10:23:30 INFO Epoch 110/160	Training Loss: 1.8943	Time remaining is 1h:7m
2024-04-15 10:24:57 INFO Testing: dataset_name: market1501 top1:0.9489 top5:0.9840 top10:0.9911 mAP:0.8730
2024-04-15 10:26:12 INFO Epoch 111/160	Training Loss: 1.8834	Time remaining is 1h:7m
2024-04-15 10:27:28 INFO Epoch 112/160	Training Loss: 1.8940	Time remaining is 1h:5m
2024-04-15 10:28:44 INFO Epoch 113/160	Training Loss: 1.8939	Time remaining is 1h:4m
2024-04-15 10:30:00 INFO Epoch 114/160	Training Loss: 1.8857	Time remaining is 1h:2m
2024-04-15 10:31:16 INFO Epoch 115/160	Training Loss: 1.9017	Time remaining is 1h:1m
2024-04-15 10:32:43 INFO Testing: dataset_name: market1501 top1:0.9495 top5:0.9840 top10:0.9902 mAP:0.8735
2024-04-15 10:33:59 INFO Epoch 116/160	Training Loss: 1.8935	Time remaining is 1h:0m
2024-04-15 10:35:15 INFO Epoch 117/160	Training Loss: 1.8948	Time remaining is 0h:59m
2024-04-15 10:36:31 INFO Epoch 118/160	Training Loss: 1.8935	Time remaining is 0h:58m
2024-04-15 10:37:47 INFO Epoch 119/160	Training Loss: 1.9030	Time remaining is 0h:56m
2024-04-15 10:39:03 INFO Epoch 120/160	Training Loss: 1.8829	Time remaining is 0h:55m
2024-04-15 10:40:30 INFO Testing: dataset_name: market1501 top1:0.9522 top5:0.9837 top10:0.9917 mAP:0.8752
2024-04-15 10:41:46 INFO Epoch 121/160	Training Loss: 1.8919	Time remaining is 0h:54m
2024-04-15 10:43:02 INFO Epoch 122/160	Training Loss: 1.8913	Time remaining is 0h:53m
2024-04-15 10:44:18 INFO Epoch 123/160	Training Loss: 1.8917	Time remaining is 0h:51m
2024-04-15 10:45:34 INFO Epoch 124/160	Training Loss: 1.8835	Time remaining is 0h:50m
2024-04-15 10:46:49 INFO Epoch 125/160	Training Loss: 1.8931	Time remaining is 0h:48m
2024-04-15 10:48:16 INFO Testing: dataset_name: market1501 top1:0.9498 top5:0.9840 top10:0.9917 mAP:0.8755
2024-04-15 10:49:32 INFO Epoch 126/160	Training Loss: 1.8929	Time remaining is 0h:47m
2024-04-15 10:50:48 INFO Epoch 127/160	Training Loss: 1.8920	Time remaining is 0h:46m
2024-04-15 10:52:04 INFO Epoch 128/160	Training Loss: 1.8911	Time remaining is 0h:45m
2024-04-15 10:53:20 INFO Epoch 129/160	Training Loss: 1.8930	Time remaining is 0h:43m
2024-04-15 10:54:36 INFO Epoch 130/160	Training Loss: 1.8935	Time remaining is 0h:42m
2024-04-15 10:56:03 INFO Testing: dataset_name: market1501 top1:0.9516 top5:0.9834 top10:0.9905 mAP:0.8757
2024-04-15 10:57:18 INFO Epoch 131/160	Training Loss: 1.8833	Time remaining is 0h:41m
2024-04-15 10:58:34 INFO Epoch 132/160	Training Loss: 1.8906	Time remaining is 0h:40m
2024-04-15 10:59:50 INFO Epoch 133/160	Training Loss: 1.8818	Time remaining is 0h:38m
2024-04-15 11:01:06 INFO Epoch 134/160	Training Loss: 1.8916	Time remaining is 0h:37m
2024-04-15 11:02:21 INFO Epoch 135/160	Training Loss: 1.8825	Time remaining is 0h:35m
2024-04-15 11:03:48 INFO Testing: dataset_name: market1501 top1:0.9501 top5:0.9846 top10:0.9902 mAP:0.8764
2024-04-15 11:05:03 INFO Epoch 136/160	Training Loss: 1.8820	Time remaining is 0h:34m
2024-04-15 11:06:19 INFO Epoch 137/160	Training Loss: 1.8913	Time remaining is 0h:33m
2024-04-15 11:07:35 INFO Epoch 138/160	Training Loss: 1.8911	Time remaining is 0h:32m
2024-04-15 11:08:50 INFO Epoch 139/160	Training Loss: 1.8808	Time remaining is 0h:30m
2024-04-15 11:10:06 INFO Epoch 140/160	Training Loss: 1.8904	Time remaining is 0h:29m
2024-04-15 11:11:33 INFO Testing: dataset_name: market1501 top1:0.9513 top5:0.9843 top10:0.9908 mAP:0.8761
2024-04-15 11:12:49 INFO Epoch 141/160	Training Loss: 1.8909	Time remaining is 0h:28m
2024-04-15 11:14:05 INFO Epoch 142/160	Training Loss: 1.8893	Time remaining is 0h:26m
2024-04-15 11:15:21 INFO Epoch 143/160	Training Loss: 1.8906	Time remaining is 0h:25m
2024-04-15 11:16:37 INFO Epoch 144/160	Training Loss: 1.8888	Time remaining is 0h:23m
2024-04-15 11:17:52 INFO Epoch 145/160	Training Loss: 1.8910	Time remaining is 0h:22m
2024-04-15 11:19:19 INFO Testing: dataset_name: market1501 top1:0.9504 top5:0.9828 top10:0.9911 mAP:0.8770
2024-04-15 11:20:35 INFO Epoch 146/160	Training Loss: 1.8891	Time remaining is 0h:21m
2024-04-15 11:21:50 INFO Epoch 147/160	Training Loss: 1.8893	Time remaining is 0h:19m
2024-04-15 11:23:06 INFO Epoch 148/160	Training Loss: 1.8900	Time remaining is 0h:18m
2024-04-15 11:24:22 INFO Epoch 149/160	Training Loss: 1.8991	Time remaining is 0h:17m
2024-04-15 11:25:37 INFO Epoch 150/160	Training Loss: 1.8792	Time remaining is 0h:15m
2024-04-15 11:27:04 INFO Testing: dataset_name: market1501 top1:0.9510 top5:0.9822 top10:0.9917 mAP:0.8772
2024-04-15 11:28:20 INFO Epoch 151/160	Training Loss: 1.8887	Time remaining is 0h:14m
2024-04-15 11:29:36 INFO Epoch 152/160	Training Loss: 1.8880	Time remaining is 0h:12m
2024-04-15 11:30:52 INFO Epoch 153/160	Training Loss: 1.8880	Time remaining is 0h:11m
2024-04-15 11:32:07 INFO Epoch 154/160	Training Loss: 1.8885	Time remaining is 0h:10m
2024-04-15 11:33:23 INFO Epoch 155/160	Training Loss: 1.8895	Time remaining is 0h:8m
2024-04-15 11:34:50 INFO Testing: dataset_name: market1501 top1:0.9537 top5:0.9834 top10:0.9905 mAP:0.8788
2024-04-15 11:36:06 INFO Epoch 156/160	Training Loss: 1.8799	Time remaining is 0h:7m
2024-04-15 11:37:22 INFO Epoch 157/160	Training Loss: 1.8885	Time remaining is 0h:6m
2024-04-15 11:38:37 INFO Epoch 158/160	Training Loss: 1.8796	Time remaining is 0h:4m
2024-04-15 11:39:52 INFO Epoch 159/160	Training Loss: 1.8877	Time remaining is 0h:3m
2024-04-15 11:41:08 INFO Epoch 160/160	Training Loss: 1.8775	Time remaining is 0h:1m
2024-04-15 11:42:35 INFO Testing: dataset_name: market1501 top1:0.9519 top5:0.9837 top10:0.9914 mAP:0.8779
2024-04-15 11:42:35 INFO The running time of training: 1.34417e+04 s
