2024-03-29 13:56:46 INFO ##################################################
2024-03-29 13:56:46 INFO Config values: batch_size: 60	current_directory: /home/hy/project/reid_task/ex_main2	dataset_name: market1501	dataset_path: /home/hy/project/data/Market-1501-v15.09.15	device: cuda	dtype: torch.float32	epoch_start_test: 90	epochs: 120	img_height: 256	img_width: 128	logs_outputs_path: /home/hy/project/reid_task/ex_main2/./outputs/logs	models_outputs_path: /home/hy/project/reid_task/ex_main2/./outputs/models	np: <module 'numpy' from '/home/hy/anaconda3/envs/py396/lib/python3.9/site-packages/numpy/__init__.py'>	os: <module 'os' from '/home/hy/anaconda3/envs/py396/lib/python3.9/os.py'>	outputs_dir: ./outputs/	outputs_path: /home/hy/project/reid_task/ex_main2/./outputs/	print_every: 1	seed: 1	taskname: ReID_Task	temps_outputs_path: /home/hy/project/reid_task/ex_main2/./outputs/temps	test_batch_size: 256	test_every: 5	torch: <module 'torch' from '/home/hy/anaconda3/envs/py396/lib/python3.9/site-packages/torch/__init__.py'>
2024-03-29 13:56:46 INFO Task: ReID_Task
2024-03-29 13:56:46 INFO Using device: cuda
2024-03-29 13:56:46 INFO Using data type: torch.float32
2024-03-29 13:56:46 INFO Number of GPUs: 1
2024-03-29 13:56:46 INFO GPU is_available: True
2024-03-29 13:56:46 INFO GPU name: NVIDIA GeForce RTX 3060
2024-03-29 13:56:46 INFO CUDA version: 12.1
2024-03-29 13:56:46 INFO Current device id: 0
2024-03-29 13:56:46 INFO ##################################################
2024-03-29 13:57:57 INFO Epoch 1/120	Training Loss: 9.6353	Time remaining is 2h:20m
2024-03-29 13:59:06 INFO Epoch 2/120	Training Loss: 8.1722	Time remaining is 2h:18m
2024-03-29 14:00:15 INFO Epoch 3/120	Training Loss: 6.3166	Time remaining is 2h:17m
2024-03-29 14:01:25 INFO Epoch 4/120	Training Loss: 4.8379	Time remaining is 2h:16m
2024-03-29 14:02:34 INFO Epoch 5/120	Training Loss: 3.7670	Time remaining is 2h:14m
2024-03-29 14:03:43 INFO Epoch 6/120	Training Loss: 3.0760	Time remaining is 2h:13m
2024-03-29 14:04:51 INFO Epoch 7/120	Training Loss: 2.7217	Time remaining is 2h:12m
2024-03-29 14:06:00 INFO Epoch 8/120	Training Loss: 2.5276	Time remaining is 2h:10m
2024-03-29 14:07:09 INFO Epoch 9/120	Training Loss: 2.4253	Time remaining is 2h:9m
2024-03-29 14:08:18 INFO Epoch 10/120	Training Loss: 2.3501	Time remaining is 2h:8m
2024-03-29 14:09:27 INFO Epoch 11/120	Training Loss: 2.3075	Time remaining is 2h:7m
2024-03-29 14:10:36 INFO Epoch 12/120	Training Loss: 2.2592	Time remaining is 2h:6m
2024-03-29 14:11:45 INFO Epoch 13/120	Training Loss: 2.2071	Time remaining is 2h:4m
2024-03-29 14:12:55 INFO Epoch 14/120	Training Loss: 2.1954	Time remaining is 2h:3m
2024-03-29 14:14:04 INFO Epoch 15/120	Training Loss: 2.1647	Time remaining is 2h:2m
2024-03-29 14:15:13 INFO Epoch 16/120	Training Loss: 2.1481	Time remaining is 2h:1m
2024-03-29 14:16:22 INFO Epoch 17/120	Training Loss: 2.1290	Time remaining is 1h:60m
2024-03-29 14:17:31 INFO Epoch 18/120	Training Loss: 2.1170	Time remaining is 1h:59m
2024-03-29 14:18:40 INFO Epoch 19/120	Training Loss: 2.1224	Time remaining is 1h:58m
2024-03-29 14:19:49 INFO Epoch 20/120	Training Loss: 2.1193	Time remaining is 1h:56m
2024-03-29 14:20:58 INFO Epoch 21/120	Training Loss: 2.1131	Time remaining is 1h:55m
2024-03-29 14:22:07 INFO Epoch 22/120	Training Loss: 2.1109	Time remaining is 1h:54m
2024-03-29 14:23:16 INFO Epoch 23/120	Training Loss: 2.1106	Time remaining is 1h:53m
2024-03-29 14:24:25 INFO Epoch 24/120	Training Loss: 2.1203	Time remaining is 1h:52m
2024-03-29 14:25:34 INFO Epoch 25/120	Training Loss: 2.1096	Time remaining is 1h:51m
2024-03-29 14:26:44 INFO Epoch 26/120	Training Loss: 2.1261	Time remaining is 1h:49m
2024-03-29 14:27:53 INFO Epoch 27/120	Training Loss: 2.1093	Time remaining is 1h:48m
2024-03-29 14:29:02 INFO Epoch 28/120	Training Loss: 2.0991	Time remaining is 1h:47m
2024-03-29 14:30:11 INFO Epoch 29/120	Training Loss: 2.1025	Time remaining is 1h:46m
2024-03-29 14:31:19 INFO Epoch 30/120	Training Loss: 2.0972	Time remaining is 1h:45m
2024-03-29 14:32:28 INFO Epoch 31/120	Training Loss: 2.0943	Time remaining is 1h:44m
2024-03-29 14:33:38 INFO Epoch 32/120	Training Loss: 2.1041	Time remaining is 1h:42m
2024-03-29 14:34:47 INFO Epoch 33/120	Training Loss: 2.1000	Time remaining is 1h:41m
2024-03-29 14:35:56 INFO Epoch 34/120	Training Loss: 2.1057	Time remaining is 1h:40m
2024-03-29 14:37:05 INFO Epoch 35/120	Training Loss: 2.1033	Time remaining is 1h:39m
2024-03-29 14:38:14 INFO Epoch 36/120	Training Loss: 2.0859	Time remaining is 1h:38m
2024-03-29 14:39:23 INFO Epoch 37/120	Training Loss: 2.0913	Time remaining is 1h:37m
2024-03-29 14:40:33 INFO Epoch 38/120	Training Loss: 2.0908	Time remaining is 1h:36m
2024-03-29 14:41:42 INFO Epoch 39/120	Training Loss: 2.0968	Time remaining is 1h:34m
2024-03-29 14:42:51 INFO Epoch 40/120	Training Loss: 2.0896	Time remaining is 1h:33m
2024-03-29 14:44:00 INFO Epoch 41/120	Training Loss: 2.0294	Time remaining is 1h:32m
2024-03-29 14:45:09 INFO Epoch 42/120	Training Loss: 1.9597	Time remaining is 1h:31m
2024-03-29 14:46:19 INFO Epoch 43/120	Training Loss: 1.9568	Time remaining is 1h:30m
2024-03-29 14:47:28 INFO Epoch 44/120	Training Loss: 1.9491	Time remaining is 1h:29m
2024-03-29 14:48:37 INFO Epoch 45/120	Training Loss: 1.9405	Time remaining is 1h:28m
2024-03-29 14:49:46 INFO Epoch 46/120	Training Loss: 1.9400	Time remaining is 1h:26m
2024-03-29 14:50:55 INFO Epoch 47/120	Training Loss: 1.9241	Time remaining is 1h:25m
2024-03-29 14:52:04 INFO Epoch 48/120	Training Loss: 1.9320	Time remaining is 1h:24m
2024-03-29 14:53:13 INFO Epoch 49/120	Training Loss: 1.9201	Time remaining is 1h:23m
2024-03-29 14:54:22 INFO Epoch 50/120	Training Loss: 1.9281	Time remaining is 1h:22m
2024-03-29 14:55:31 INFO Epoch 51/120	Training Loss: 1.9146	Time remaining is 1h:21m
2024-03-29 14:56:40 INFO Epoch 52/120	Training Loss: 1.9220	Time remaining is 1h:19m
2024-03-29 14:57:49 INFO Epoch 53/120	Training Loss: 1.9204	Time remaining is 1h:18m
2024-03-29 14:58:59 INFO Epoch 54/120	Training Loss: 1.9178	Time remaining is 1h:17m
2024-03-29 15:00:08 INFO Epoch 55/120	Training Loss: 1.9186	Time remaining is 1h:16m
2024-03-29 15:01:17 INFO Epoch 56/120	Training Loss: 1.9164	Time remaining is 1h:15m
2024-03-29 15:02:26 INFO Epoch 57/120	Training Loss: 1.9052	Time remaining is 1h:14m
2024-03-29 15:03:35 INFO Epoch 58/120	Training Loss: 1.9152	Time remaining is 1h:13m
2024-03-29 15:04:45 INFO Epoch 59/120	Training Loss: 1.9149	Time remaining is 1h:11m
2024-03-29 15:05:54 INFO Epoch 60/120	Training Loss: 1.9114	Time remaining is 1h:10m
2024-03-29 15:07:03 INFO Epoch 61/120	Training Loss: 1.9123	Time remaining is 1h:9m
2024-03-29 15:08:12 INFO Epoch 62/120	Training Loss: 1.9110	Time remaining is 1h:8m
2024-03-29 15:09:22 INFO Epoch 63/120	Training Loss: 1.9097	Time remaining is 1h:7m
2024-03-29 15:10:31 INFO Epoch 64/120	Training Loss: 1.9094	Time remaining is 1h:6m
2024-03-29 15:11:40 INFO Epoch 65/120	Training Loss: 1.9063	Time remaining is 1h:5m
2024-03-29 15:12:49 INFO Epoch 66/120	Training Loss: 1.9062	Time remaining is 1h:3m
2024-03-29 15:13:59 INFO Epoch 67/120	Training Loss: 1.9141	Time remaining is 1h:2m
2024-03-29 15:15:08 INFO Epoch 68/120	Training Loss: 1.9045	Time remaining is 1h:1m
2024-03-29 15:16:17 INFO Epoch 69/120	Training Loss: 1.8973	Time remaining is 0h:60m
2024-03-29 15:17:26 INFO Epoch 70/120	Training Loss: 1.9031	Time remaining is 0h:59m
2024-03-29 15:18:35 INFO Epoch 71/120	Training Loss: 1.9003	Time remaining is 0h:58m
2024-03-29 15:19:44 INFO Epoch 72/120	Training Loss: 1.8967	Time remaining is 0h:56m
2024-03-29 15:20:54 INFO Epoch 73/120	Training Loss: 1.8941	Time remaining is 0h:55m
2024-03-29 15:22:03 INFO Epoch 74/120	Training Loss: 1.8838	Time remaining is 0h:54m
2024-03-29 15:23:12 INFO Epoch 75/120	Training Loss: 1.8831	Time remaining is 0h:53m
2024-03-29 15:24:21 INFO Epoch 76/120	Training Loss: 1.8803	Time remaining is 0h:52m
2024-03-29 15:25:30 INFO Epoch 77/120	Training Loss: 1.8910	Time remaining is 0h:51m
2024-03-29 15:26:39 INFO Epoch 78/120	Training Loss: 1.8823	Time remaining is 0h:50m
2024-03-29 15:27:48 INFO Epoch 79/120	Training Loss: 1.8900	Time remaining is 0h:48m
2024-03-29 15:28:58 INFO Epoch 80/120	Training Loss: 1.8911	Time remaining is 0h:47m
2024-03-29 15:30:07 INFO Epoch 81/120	Training Loss: 1.8896	Time remaining is 0h:46m
2024-03-29 15:31:16 INFO Epoch 82/120	Training Loss: 1.8893	Time remaining is 0h:45m
2024-03-29 15:32:26 INFO Epoch 83/120	Training Loss: 1.8898	Time remaining is 0h:44m
2024-03-29 15:33:35 INFO Epoch 84/120	Training Loss: 1.8879	Time remaining is 0h:43m
2024-03-29 15:34:44 INFO Epoch 85/120	Training Loss: 1.8907	Time remaining is 0h:41m
2024-03-29 15:35:53 INFO Epoch 86/120	Training Loss: 1.8898	Time remaining is 0h:40m
2024-03-29 15:37:02 INFO Epoch 87/120	Training Loss: 1.8882	Time remaining is 0h:39m
2024-03-29 15:38:11 INFO Epoch 88/120	Training Loss: 1.8785	Time remaining is 0h:38m
2024-03-29 15:39:20 INFO Epoch 89/120	Training Loss: 1.8876	Time remaining is 0h:37m
2024-03-29 15:40:29 INFO Epoch 90/120	Training Loss: 1.8888	Time remaining is 0h:36m
2024-03-29 15:41:14 INFO Testing: dataset_name: market1501 top1:0.9492 top5:0.9837 top10:0.9911 mAP:0.8708
2024-03-29 15:42:23 INFO Epoch 91/120	Training Loss: 1.8892	Time remaining is 0h:35m
2024-03-29 15:43:32 INFO Epoch 92/120	Training Loss: 1.8773	Time remaining is 0h:34m
2024-03-29 15:44:41 INFO Epoch 93/120	Training Loss: 1.8899	Time remaining is 0h:32m
2024-03-29 15:45:50 INFO Epoch 94/120	Training Loss: 1.8869	Time remaining is 0h:31m
2024-03-29 15:46:59 INFO Epoch 95/120	Training Loss: 1.8770	Time remaining is 0h:30m
2024-03-29 15:47:44 INFO Testing: dataset_name: market1501 top1:0.9498 top5:0.9834 top10:0.9905 mAP:0.8722
2024-03-29 15:48:53 INFO Epoch 96/120	Training Loss: 1.8879	Time remaining is 0h:29m
2024-03-29 15:50:02 INFO Epoch 97/120	Training Loss: 1.8755	Time remaining is 0h:28m
2024-03-29 15:51:11 INFO Epoch 98/120	Training Loss: 1.8891	Time remaining is 0h:27m
2024-03-29 15:52:20 INFO Epoch 99/120	Training Loss: 1.8862	Time remaining is 0h:26m
2024-03-29 15:53:29 INFO Epoch 100/120	Training Loss: 1.8846	Time remaining is 0h:25m
2024-03-29 15:54:14 INFO Testing: dataset_name: market1501 top1:0.9486 top5:0.9834 top10:0.9911 mAP:0.8719
2024-03-29 15:55:23 INFO Epoch 101/120	Training Loss: 1.8876	Time remaining is 0h:23m
2024-03-29 15:56:32 INFO Epoch 102/120	Training Loss: 1.8853	Time remaining is 0h:22m
2024-03-29 15:57:41 INFO Epoch 103/120	Training Loss: 1.8849	Time remaining is 0h:21m
2024-03-29 15:58:50 INFO Epoch 104/120	Training Loss: 1.8841	Time remaining is 0h:20m
2024-03-29 16:00:00 INFO Epoch 105/120	Training Loss: 1.8953	Time remaining is 0h:19m
2024-03-29 16:00:44 INFO Testing: dataset_name: market1501 top1:0.9480 top5:0.9834 top10:0.9905 mAP:0.8720
2024-03-29 16:01:54 INFO Epoch 106/120	Training Loss: 1.8869	Time remaining is 0h:18m
2024-03-29 16:03:02 INFO Epoch 107/120	Training Loss: 1.8757	Time remaining is 0h:17m
2024-03-29 16:04:11 INFO Epoch 108/120	Training Loss: 1.8859	Time remaining is 0h:15m
2024-03-29 16:05:20 INFO Epoch 109/120	Training Loss: 1.8848	Time remaining is 0h:14m
2024-03-29 16:06:29 INFO Epoch 110/120	Training Loss: 1.8837	Time remaining is 0h:13m
2024-03-29 16:07:14 INFO Testing: dataset_name: market1501 top1:0.9492 top5:0.9831 top10:0.9908 mAP:0.8728
2024-03-29 16:08:23 INFO Epoch 111/120	Training Loss: 1.8736	Time remaining is 0h:12m
2024-03-29 16:09:32 INFO Epoch 112/120	Training Loss: 1.8839	Time remaining is 0h:11m
2024-03-29 16:10:41 INFO Epoch 113/120	Training Loss: 1.8838	Time remaining is 0h:9m
2024-03-29 16:11:50 INFO Epoch 114/120	Training Loss: 1.8758	Time remaining is 0h:8m
2024-03-29 16:12:59 INFO Epoch 115/120	Training Loss: 1.8916	Time remaining is 0h:7m
2024-03-29 16:13:44 INFO Testing: dataset_name: market1501 top1:0.9507 top5:0.9828 top10:0.9917 mAP:0.8740
2024-03-29 16:14:53 INFO Epoch 116/120	Training Loss: 1.8840	Time remaining is 0h:6m
2024-03-29 16:16:03 INFO Epoch 117/120	Training Loss: 1.8850	Time remaining is 0h:5m
2024-03-29 16:17:12 INFO Epoch 118/120	Training Loss: 1.8833	Time remaining is 0h:4m
2024-03-29 16:18:21 INFO Epoch 119/120	Training Loss: 1.8925	Time remaining is 0h:2m
2024-03-29 16:19:30 INFO Epoch 120/120	Training Loss: 1.8721	Time remaining is 0h:1m
2024-03-29 16:20:14 INFO Testing: dataset_name: market1501 top1:0.9513 top5:0.9840 top10:0.9902 mAP:0.8749
2024-03-29 16:20:14 INFO The running time of training: 8.60873e+03 s
