2024-04-06 16:54:26 INFO ##################################################
2024-04-06 16:54:26 INFO Config values: batch_size: 60	current_directory: /home/hy/project/reid_task/ex_main3	dataset_name: cuhk03-np-labeled	dataset_path: /home/hy/project/data/cuhk03-np/labeled	device: cuda	dtype: torch.float32	epoch_start_test: 100	epochs: 120	img_height: 256	img_width: 128	logs_outputs_path: /home/hy/project/reid_task/ex_main3/./outputs/logs	models_outputs_path: /home/hy/project/reid_task/ex_main3/./outputs/models	np: <module 'numpy' from '/home/hy/anaconda3/envs/py396/lib/python3.9/site-packages/numpy/__init__.py'>	os: <module 'os' from '/home/hy/anaconda3/envs/py396/lib/python3.9/os.py'>	outputs_dir: ./outputs/	outputs_path: /home/hy/project/reid_task/ex_main3/./outputs/	print_every: 1	seed: 1	taskname: ReID_Task	temps_outputs_path: /home/hy/project/reid_task/ex_main3/./outputs/temps	test_batch_size: 256	test_every: 1	torch: <module 'torch' from '/home/hy/anaconda3/envs/py396/lib/python3.9/site-packages/torch/__init__.py'>
2024-04-06 16:54:26 INFO Task: ReID_Task
2024-04-06 16:54:26 INFO Using device: cuda
2024-04-06 16:54:26 INFO Using data type: torch.float32
2024-04-06 16:54:26 INFO Number of GPUs: 1
2024-04-06 16:54:26 INFO GPU is_available: True
2024-04-06 16:54:26 INFO GPU name: NVIDIA GeForce RTX 3060
2024-04-06 16:54:26 INFO CUDA version: 12.1
2024-04-06 16:54:26 INFO Current device id: 0
2024-04-06 16:54:26 INFO ##################################################
2024-04-06 16:55:11 INFO Epoch 1/120	Training Loss: 8.6900	Time remaining is 1h:29m
2024-04-06 16:55:55 INFO Epoch 2/120	Training Loss: 7.7298	Time remaining is 1h:27m
2024-04-06 16:56:38 INFO Epoch 3/120	Training Loss: 6.7772	Time remaining is 1h:26m
2024-04-06 16:57:21 INFO Epoch 4/120	Training Loss: 5.7925	Time remaining is 1h:25m
2024-04-06 16:58:05 INFO Epoch 5/120	Training Loss: 4.8514	Time remaining is 1h:24m
2024-04-06 16:58:48 INFO Epoch 6/120	Training Loss: 3.9555	Time remaining is 1h:23m
2024-04-06 16:59:31 INFO Epoch 7/120	Training Loss: 3.1459	Time remaining is 1h:22m
2024-04-06 17:00:14 INFO Epoch 8/120	Training Loss: 2.5743	Time remaining is 1h:22m
2024-04-06 17:00:57 INFO Epoch 9/120	Training Loss: 2.2849	Time remaining is 1h:21m
2024-04-06 17:01:40 INFO Epoch 10/120	Training Loss: 2.1620	Time remaining is 1h:20m
2024-04-06 17:02:23 INFO Epoch 11/120	Training Loss: 2.0637	Time remaining is 1h:19m
2024-04-06 17:03:07 INFO Epoch 12/120	Training Loss: 2.0171	Time remaining is 1h:19m
2024-04-06 17:03:50 INFO Epoch 13/120	Training Loss: 1.9757	Time remaining is 1h:18m
2024-04-06 17:04:33 INFO Epoch 14/120	Training Loss: 1.9384	Time remaining is 1h:17m
2024-04-06 17:05:16 INFO Epoch 15/120	Training Loss: 1.9177	Time remaining is 1h:16m
2024-04-06 17:05:59 INFO Epoch 16/120	Training Loss: 1.9019	Time remaining is 1h:16m
2024-04-06 17:06:42 INFO Epoch 17/120	Training Loss: 1.8843	Time remaining is 1h:15m
2024-04-06 17:07:25 INFO Epoch 18/120	Training Loss: 1.8762	Time remaining is 1h:14m
2024-04-06 17:08:08 INFO Epoch 19/120	Training Loss: 1.8586	Time remaining is 1h:13m
2024-04-06 17:08:52 INFO Epoch 20/120	Training Loss: 1.8495	Time remaining is 1h:13m
2024-04-06 17:09:35 INFO Epoch 21/120	Training Loss: 1.8474	Time remaining is 1h:12m
2024-04-06 17:10:18 INFO Epoch 22/120	Training Loss: 1.8315	Time remaining is 1h:11m
2024-04-06 17:11:01 INFO Epoch 23/120	Training Loss: 1.8323	Time remaining is 1h:11m
2024-04-06 17:11:44 INFO Epoch 24/120	Training Loss: 1.8279	Time remaining is 1h:10m
2024-04-06 17:12:27 INFO Epoch 25/120	Training Loss: 1.8318	Time remaining is 1h:9m
2024-04-06 17:13:10 INFO Epoch 26/120	Training Loss: 1.8157	Time remaining is 1h:8m
2024-04-06 17:13:54 INFO Epoch 27/120	Training Loss: 1.8197	Time remaining is 1h:8m
2024-04-06 17:14:37 INFO Epoch 28/120	Training Loss: 1.8201	Time remaining is 1h:7m
2024-04-06 17:15:20 INFO Epoch 29/120	Training Loss: 1.8111	Time remaining is 1h:6m
2024-04-06 17:16:03 INFO Epoch 30/120	Training Loss: 1.8204	Time remaining is 1h:6m
2024-04-06 17:16:46 INFO Epoch 31/120	Training Loss: 1.8192	Time remaining is 1h:5m
2024-04-06 17:17:29 INFO Epoch 32/120	Training Loss: 1.8086	Time remaining is 1h:4m
2024-04-06 17:18:12 INFO Epoch 33/120	Training Loss: 1.8121	Time remaining is 1h:3m
2024-04-06 17:18:55 INFO Epoch 34/120	Training Loss: 1.8031	Time remaining is 1h:3m
2024-04-06 17:19:38 INFO Epoch 35/120	Training Loss: 1.8068	Time remaining is 1h:2m
2024-04-06 17:20:21 INFO Epoch 36/120	Training Loss: 1.8167	Time remaining is 1h:1m
2024-04-06 17:21:04 INFO Epoch 37/120	Training Loss: 1.8093	Time remaining is 1h:0m
2024-04-06 17:21:47 INFO Epoch 38/120	Training Loss: 1.8102	Time remaining is 0h:60m
2024-04-06 17:22:30 INFO Epoch 39/120	Training Loss: 1.8159	Time remaining is 0h:59m
2024-04-06 17:23:13 INFO Epoch 40/120	Training Loss: 1.8225	Time remaining is 0h:58m
2024-04-06 17:23:57 INFO Epoch 41/120	Training Loss: 1.7820	Time remaining is 0h:58m
2024-04-06 17:24:40 INFO Epoch 42/120	Training Loss: 1.7545	Time remaining is 0h:57m
2024-04-06 17:25:23 INFO Epoch 43/120	Training Loss: 1.7385	Time remaining is 0h:56m
2024-04-06 17:26:06 INFO Epoch 44/120	Training Loss: 1.7325	Time remaining is 0h:55m
2024-04-06 17:26:49 INFO Epoch 45/120	Training Loss: 1.7279	Time remaining is 0h:55m
2024-04-06 17:27:32 INFO Epoch 46/120	Training Loss: 1.7215	Time remaining is 0h:54m
2024-04-06 17:28:15 INFO Epoch 47/120	Training Loss: 1.7152	Time remaining is 0h:53m
2024-04-06 17:28:58 INFO Epoch 48/120	Training Loss: 1.7167	Time remaining is 0h:52m
2024-04-06 17:29:41 INFO Epoch 49/120	Training Loss: 1.7105	Time remaining is 0h:52m
2024-04-06 17:30:25 INFO Epoch 50/120	Training Loss: 1.7086	Time remaining is 0h:51m
2024-04-06 17:31:08 INFO Epoch 51/120	Training Loss: 1.7077	Time remaining is 0h:50m
2024-04-06 17:31:51 INFO Epoch 52/120	Training Loss: 1.7056	Time remaining is 0h:50m
2024-04-06 17:32:34 INFO Epoch 53/120	Training Loss: 1.7044	Time remaining is 0h:49m
2024-04-06 17:33:17 INFO Epoch 54/120	Training Loss: 1.7000	Time remaining is 0h:48m
2024-04-06 17:34:00 INFO Epoch 55/120	Training Loss: 1.6977	Time remaining is 0h:47m
2024-04-06 17:34:43 INFO Epoch 56/120	Training Loss: 1.7018	Time remaining is 0h:47m
2024-04-06 17:35:26 INFO Epoch 57/120	Training Loss: 1.6970	Time remaining is 0h:46m
2024-04-06 17:36:10 INFO Epoch 58/120	Training Loss: 1.6983	Time remaining is 0h:45m
2024-04-06 17:36:53 INFO Epoch 59/120	Training Loss: 1.6978	Time remaining is 0h:45m
2024-04-06 17:37:36 INFO Epoch 60/120	Training Loss: 1.6943	Time remaining is 0h:44m
2024-04-06 17:38:19 INFO Epoch 61/120	Training Loss: 1.6955	Time remaining is 0h:43m
2024-04-06 17:39:02 INFO Epoch 62/120	Training Loss: 1.6941	Time remaining is 0h:42m
2024-04-06 17:39:45 INFO Epoch 63/120	Training Loss: 1.6917	Time remaining is 0h:42m
2024-04-06 17:40:28 INFO Epoch 64/120	Training Loss: 1.6921	Time remaining is 0h:41m
2024-04-06 17:41:11 INFO Epoch 65/120	Training Loss: 1.6931	Time remaining is 0h:40m
2024-04-06 17:41:55 INFO Epoch 66/120	Training Loss: 1.6914	Time remaining is 0h:40m
2024-04-06 17:42:38 INFO Epoch 67/120	Training Loss: 1.6907	Time remaining is 0h:39m
2024-04-06 17:43:21 INFO Epoch 68/120	Training Loss: 1.6888	Time remaining is 0h:38m
2024-04-06 17:44:04 INFO Epoch 69/120	Training Loss: 1.6889	Time remaining is 0h:37m
2024-04-06 17:44:47 INFO Epoch 70/120	Training Loss: 1.6869	Time remaining is 0h:37m
2024-04-06 17:45:30 INFO Epoch 71/120	Training Loss: 1.6859	Time remaining is 0h:36m
2024-04-06 17:46:13 INFO Epoch 72/120	Training Loss: 1.6823	Time remaining is 0h:35m
2024-04-06 17:46:56 INFO Epoch 73/120	Training Loss: 1.6833	Time remaining is 0h:35m
2024-04-06 17:47:40 INFO Epoch 74/120	Training Loss: 1.6825	Time remaining is 0h:34m
2024-04-06 17:48:23 INFO Epoch 75/120	Training Loss: 1.6793	Time remaining is 0h:33m
2024-04-06 17:49:06 INFO Epoch 76/120	Training Loss: 1.6797	Time remaining is 0h:32m
2024-04-06 17:49:49 INFO Epoch 77/120	Training Loss: 1.6814	Time remaining is 0h:32m
2024-04-06 17:50:32 INFO Epoch 78/120	Training Loss: 1.6792	Time remaining is 0h:31m
2024-04-06 17:51:15 INFO Epoch 79/120	Training Loss: 1.6795	Time remaining is 0h:30m
2024-04-06 17:51:59 INFO Epoch 80/120	Training Loss: 1.6789	Time remaining is 0h:29m
2024-04-06 17:52:42 INFO Epoch 81/120	Training Loss: 1.6784	Time remaining is 0h:29m
2024-04-06 17:53:25 INFO Epoch 82/120	Training Loss: 1.6777	Time remaining is 0h:28m
2024-04-06 17:54:08 INFO Epoch 83/120	Training Loss: 1.6772	Time remaining is 0h:27m
2024-04-06 17:54:51 INFO Epoch 84/120	Training Loss: 1.6784	Time remaining is 0h:27m
2024-04-06 17:55:34 INFO Epoch 85/120	Training Loss: 1.6778	Time remaining is 0h:26m
2024-04-06 17:56:17 INFO Epoch 86/120	Training Loss: 1.6784	Time remaining is 0h:25m
2024-04-06 17:57:00 INFO Epoch 87/120	Training Loss: 1.6770	Time remaining is 0h:24m
2024-04-06 17:57:43 INFO Epoch 88/120	Training Loss: 1.6772	Time remaining is 0h:24m
2024-04-06 17:58:26 INFO Epoch 89/120	Training Loss: 1.6762	Time remaining is 0h:23m
2024-04-06 17:59:09 INFO Epoch 90/120	Training Loss: 1.6767	Time remaining is 0h:22m
2024-04-06 17:59:52 INFO Epoch 91/120	Training Loss: 1.6779	Time remaining is 0h:22m
2024-04-06 18:00:35 INFO Epoch 92/120	Training Loss: 1.6767	Time remaining is 0h:21m
2024-04-06 18:01:18 INFO Epoch 93/120	Training Loss: 1.6760	Time remaining is 0h:20m
2024-04-06 18:02:01 INFO Epoch 94/120	Training Loss: 1.6756	Time remaining is 0h:19m
2024-04-06 18:02:44 INFO Epoch 95/120	Training Loss: 1.6764	Time remaining is 0h:19m
2024-04-06 18:03:27 INFO Epoch 96/120	Training Loss: 1.6765	Time remaining is 0h:18m
2024-04-06 18:04:11 INFO Epoch 97/120	Training Loss: 1.6751	Time remaining is 0h:17m
2024-04-06 18:04:54 INFO Epoch 98/120	Training Loss: 1.6750	Time remaining is 0h:17m
2024-04-06 18:05:37 INFO Epoch 99/120	Training Loss: 1.6756	Time remaining is 0h:16m
2024-04-06 18:06:20 INFO Epoch 100/120	Training Loss: 1.6753	Time remaining is 0h:15m
2024-04-06 18:06:48 INFO Testing: dataset_name: cuhk03-np-labeled top1:0.6821 top5:0.8429 top10:0.9014 mAP:0.6607
2024-04-06 18:07:31 INFO Epoch 101/120	Training Loss: 1.6738	Time remaining is 0h:14m
2024-04-06 18:07:57 INFO Testing: dataset_name: cuhk03-np-labeled top1:0.6879 top5:0.8479 top10:0.9036 mAP:0.6626
2024-04-06 18:08:40 INFO Epoch 102/120	Training Loss: 1.6759	Time remaining is 0h:14m
2024-04-06 18:09:07 INFO Testing: dataset_name: cuhk03-np-labeled top1:0.6829 top5:0.8493 top10:0.9021 mAP:0.6625
2024-04-06 18:09:50 INFO Epoch 103/120	Training Loss: 1.6744	Time remaining is 0h:13m
2024-04-06 18:10:16 INFO Testing: dataset_name: cuhk03-np-labeled top1:0.6886 top5:0.8471 top10:0.9071 mAP:0.6638
2024-04-06 18:10:59 INFO Epoch 104/120	Training Loss: 1.6743	Time remaining is 0h:13m
2024-04-06 18:11:25 INFO Testing: dataset_name: cuhk03-np-labeled top1:0.6871 top5:0.8521 top10:0.9043 mAP:0.6650
2024-04-06 18:12:09 INFO Epoch 105/120	Training Loss: 1.6748	Time remaining is 0h:12m
2024-04-06 18:12:35 INFO Testing: dataset_name: cuhk03-np-labeled top1:0.6836 top5:0.8471 top10:0.9057 mAP:0.6647
2024-04-06 18:13:18 INFO Epoch 106/120	Training Loss: 1.6737	Time remaining is 0h:11m
2024-04-06 18:13:44 INFO Testing: dataset_name: cuhk03-np-labeled top1:0.6793 top5:0.8493 top10:0.9071 mAP:0.6645
2024-04-06 18:14:27 INFO Epoch 107/120	Training Loss: 1.6749	Time remaining is 0h:10m
2024-04-06 18:14:54 INFO Testing: dataset_name: cuhk03-np-labeled top1:0.6929 top5:0.8507 top10:0.9064 mAP:0.6683
2024-04-06 18:15:37 INFO Epoch 108/120	Training Loss: 1.6736	Time remaining is 0h:10m
2024-04-06 18:16:03 INFO Testing: dataset_name: cuhk03-np-labeled top1:0.6764 top5:0.8507 top10:0.9100 mAP:0.6636
2024-04-06 18:16:46 INFO Epoch 109/120	Training Loss: 1.6738	Time remaining is 0h:9m
2024-04-06 18:17:12 INFO Testing: dataset_name: cuhk03-np-labeled top1:0.6879 top5:0.8507 top10:0.9057 mAP:0.6665
2024-04-06 18:17:55 INFO Epoch 110/120	Training Loss: 1.6738	Time remaining is 0h:8m
2024-04-06 18:18:22 INFO Testing: dataset_name: cuhk03-np-labeled top1:0.6879 top5:0.8493 top10:0.9029 mAP:0.6670
2024-04-06 18:19:05 INFO Epoch 111/120	Training Loss: 1.6738	Time remaining is 0h:8m
2024-04-06 18:19:31 INFO Testing: dataset_name: cuhk03-np-labeled top1:0.6850 top5:0.8493 top10:0.9057 mAP:0.6651
2024-04-06 18:20:14 INFO Epoch 112/120	Training Loss: 1.6725	Time remaining is 0h:7m
2024-04-06 18:20:40 INFO Testing: dataset_name: cuhk03-np-labeled top1:0.6900 top5:0.8479 top10:0.9036 mAP:0.6656
2024-04-06 18:21:23 INFO Epoch 113/120	Training Loss: 1.6720	Time remaining is 0h:6m
2024-04-06 18:21:50 INFO Testing: dataset_name: cuhk03-np-labeled top1:0.6893 top5:0.8536 top10:0.9071 mAP:0.6670
2024-04-06 18:22:33 INFO Epoch 114/120	Training Loss: 1.6712	Time remaining is 0h:5m
2024-04-06 18:22:59 INFO Testing: dataset_name: cuhk03-np-labeled top1:0.6921 top5:0.8521 top10:0.9057 mAP:0.6664
2024-04-06 18:23:42 INFO Epoch 115/120	Training Loss: 1.6724	Time remaining is 0h:5m
2024-04-06 18:24:08 INFO Testing: dataset_name: cuhk03-np-labeled top1:0.6907 top5:0.8507 top10:0.9086 mAP:0.6679
2024-04-06 18:24:51 INFO Epoch 116/120	Training Loss: 1.6722	Time remaining is 0h:4m
2024-04-06 18:25:17 INFO Testing: dataset_name: cuhk03-np-labeled top1:0.6893 top5:0.8507 top10:0.9050 mAP:0.6685
2024-04-06 18:26:00 INFO Epoch 117/120	Training Loss: 1.6725	Time remaining is 0h:3m
2024-04-06 18:26:27 INFO Testing: dataset_name: cuhk03-np-labeled top1:0.6900 top5:0.8514 top10:0.9093 mAP:0.6674
2024-04-06 18:27:10 INFO Epoch 118/120	Training Loss: 1.6721	Time remaining is 0h:2m
2024-04-06 18:27:36 INFO Testing: dataset_name: cuhk03-np-labeled top1:0.6864 top5:0.8536 top10:0.9093 mAP:0.6680
2024-04-06 18:28:19 INFO Epoch 119/120	Training Loss: 1.6720	Time remaining is 0h:2m
2024-04-06 18:28:45 INFO Testing: dataset_name: cuhk03-np-labeled top1:0.6871 top5:0.8450 top10:0.9043 mAP:0.6668
2024-04-06 18:29:28 INFO Epoch 120/120	Training Loss: 1.6734	Time remaining is 0h:1m
2024-04-06 18:29:55 INFO Testing: dataset_name: cuhk03-np-labeled top1:0.6914 top5:0.8500 top10:0.9079 mAP:0.6700
2024-04-06 18:29:55 INFO The running time of training: 5.72850e+03 s
