2024-07-15 10:50:59 INFO ##################################################
2024-07-15 10:50:59 INFO Config values: batch_size: 60	current_directory: /home/hy/project/reid_task/ex_000	dataset_name: market1501	dataset_path: /home/hy/project/data/Market-1501-v15.09.15	device: cuda	dtype: torch.float32	epoch_start_test: 90	epochs: 300	img_height: 256	img_width: 128	logs_outputs_path: /home/hy/project/reid_task/ex_000/./outputs/logs	models_outputs_path: /home/hy/project/reid_task/ex_000/./outputs/models	np: <module 'numpy' from '/home/hy/anaconda3/envs/py396/lib/python3.9/site-packages/numpy/__init__.py'>	os: <module 'os' from '/home/hy/anaconda3/envs/py396/lib/python3.9/os.py'>	outputs_dir: ./outputs/	outputs_path: /home/hy/project/reid_task/ex_000/./outputs/	print_every: 1	seed: 1	taskname: ReID_Task	temps_outputs_path: /home/hy/project/reid_task/ex_000/./outputs/temps	test_batch_size: 256	test_every: 5	torch: <module 'torch' from '/home/hy/anaconda3/envs/py396/lib/python3.9/site-packages/torch/__init__.py'>
2024-07-15 10:50:59 INFO Task: ReID_Task
2024-07-15 10:50:59 INFO Using device: cuda
2024-07-15 10:50:59 INFO Using data type: torch.float32
2024-07-15 10:50:59 INFO Number of GPUs: 1
2024-07-15 10:50:59 INFO GPU is_available: True
2024-07-15 10:50:59 INFO GPU name: NVIDIA GeForce RTX 3060
2024-07-15 10:50:59 INFO CUDA version: 12.1
2024-07-15 10:50:59 INFO Current device id: 0
2024-07-15 10:50:59 INFO ##################################################
2024-07-15 10:52:01 INFO Epoch 1/300	Training Loss: 8.2505	Time remaining is 5h:6m
2024-07-15 10:53:02 INFO Epoch 2/300	Training Loss: 7.0177	Time remaining is 5h:4m
2024-07-15 10:54:03 INFO Epoch 3/300	Training Loss: 5.3604	Time remaining is 5h:4m
2024-07-15 10:55:05 INFO Epoch 4/300	Training Loss: 4.0013	Time remaining is 5h:4m
2024-07-15 10:56:06 INFO Epoch 5/300	Training Loss: 2.9461	Time remaining is 5h:3m
2024-07-15 10:57:07 INFO Epoch 6/300	Training Loss: 2.2339	Time remaining is 5h:1m
2024-07-15 10:58:08 INFO Epoch 7/300	Training Loss: 1.8659	Time remaining is 5h:0m
2024-07-15 10:59:09 INFO Epoch 8/300	Training Loss: 1.6637	Time remaining is 4h:59m
2024-07-15 11:00:10 INFO Epoch 9/300	Training Loss: 1.5517	Time remaining is 4h:58m
2024-07-15 11:01:12 INFO Epoch 10/300	Training Loss: 1.4938	Time remaining is 4h:57m
2024-07-15 11:02:13 INFO Epoch 11/300	Training Loss: 1.4583	Time remaining is 4h:56m
2024-07-15 11:03:14 INFO Epoch 12/300	Training Loss: 1.3933	Time remaining is 4h:55m
2024-07-15 11:04:16 INFO Epoch 13/300	Training Loss: 1.3380	Time remaining is 4h:54m
2024-07-15 11:05:17 INFO Epoch 14/300	Training Loss: 1.3096	Time remaining is 4h:53m
2024-07-15 11:06:18 INFO Epoch 15/300	Training Loss: 1.2908	Time remaining is 4h:52m
2024-07-15 11:07:20 INFO Epoch 16/300	Training Loss: 1.2754	Time remaining is 4h:51m
2024-07-15 11:08:20 INFO Epoch 17/300	Training Loss: 1.2644	Time remaining is 4h:50m
2024-07-15 11:09:21 INFO Epoch 18/300	Training Loss: 1.2490	Time remaining is 4h:49m
2024-07-15 11:10:22 INFO Epoch 19/300	Training Loss: 1.2506	Time remaining is 4h:48m
2024-07-15 11:11:24 INFO Epoch 20/300	Training Loss: 1.2361	Time remaining is 4h:47m
2024-07-15 11:12:25 INFO Epoch 21/300	Training Loss: 1.2347	Time remaining is 4h:46m
2024-07-15 11:13:26 INFO Epoch 22/300	Training Loss: 1.2459	Time remaining is 4h:45m
2024-07-15 11:14:27 INFO Epoch 23/300	Training Loss: 1.2315	Time remaining is 4h:43m
2024-07-15 11:15:28 INFO Epoch 24/300	Training Loss: 1.2316	Time remaining is 4h:42m
2024-07-15 11:16:29 INFO Epoch 25/300	Training Loss: 1.2306	Time remaining is 4h:41m
2024-07-15 11:17:30 INFO Epoch 26/300	Training Loss: 1.2464	Time remaining is 4h:40m
2024-07-15 11:18:31 INFO Epoch 27/300	Training Loss: 1.2352	Time remaining is 4h:39m
2024-07-15 11:19:32 INFO Epoch 28/300	Training Loss: 1.2334	Time remaining is 4h:38m
2024-07-15 11:20:33 INFO Epoch 29/300	Training Loss: 1.2251	Time remaining is 4h:37m
2024-07-15 11:21:34 INFO Epoch 30/300	Training Loss: 1.2118	Time remaining is 4h:36m
2024-07-15 11:22:35 INFO Epoch 31/300	Training Loss: 1.2175	Time remaining is 4h:35m
2024-07-15 11:23:36 INFO Epoch 32/300	Training Loss: 1.2207	Time remaining is 4h:34m
2024-07-15 11:24:37 INFO Epoch 33/300	Training Loss: 1.2102	Time remaining is 4h:33m
2024-07-15 11:25:38 INFO Epoch 34/300	Training Loss: 1.2276	Time remaining is 4h:32m
2024-07-15 11:26:39 INFO Epoch 35/300	Training Loss: 1.2177	Time remaining is 4h:31m
2024-07-15 11:27:40 INFO Epoch 36/300	Training Loss: 1.2164	Time remaining is 4h:30m
2024-07-15 11:28:41 INFO Epoch 37/300	Training Loss: 1.2050	Time remaining is 4h:29m
2024-07-15 11:29:42 INFO Epoch 38/300	Training Loss: 1.2173	Time remaining is 4h:28m
2024-07-15 11:30:43 INFO Epoch 39/300	Training Loss: 1.2084	Time remaining is 4h:27m
2024-07-15 11:31:44 INFO Epoch 40/300	Training Loss: 1.1966	Time remaining is 4h:26m
2024-07-15 11:32:45 INFO Epoch 41/300	Training Loss: 1.1288	Time remaining is 4h:25m
2024-07-15 11:33:46 INFO Epoch 42/300	Training Loss: 1.0619	Time remaining is 4h:24m
2024-07-15 11:34:47 INFO Epoch 43/300	Training Loss: 1.0472	Time remaining is 4h:23m
2024-07-15 11:35:48 INFO Epoch 44/300	Training Loss: 1.0389	Time remaining is 4h:22m
2024-07-15 11:36:49 INFO Epoch 45/300	Training Loss: 1.0315	Time remaining is 4h:21m
2024-07-15 11:37:50 INFO Epoch 46/300	Training Loss: 1.0280	Time remaining is 4h:20m
2024-07-15 11:38:51 INFO Epoch 47/300	Training Loss: 1.0190	Time remaining is 4h:19m
2024-07-15 11:39:52 INFO Epoch 48/300	Training Loss: 1.0201	Time remaining is 4h:18m
2024-07-15 11:40:53 INFO Epoch 49/300	Training Loss: 1.0146	Time remaining is 4h:17m
2024-07-15 11:41:54 INFO Epoch 50/300	Training Loss: 1.0145	Time remaining is 4h:16m
2024-07-15 11:42:54 INFO Epoch 51/300	Training Loss: 1.0063	Time remaining is 4h:14m
2024-07-15 11:43:55 INFO Epoch 52/300	Training Loss: 1.0101	Time remaining is 4h:13m
2024-07-15 11:44:57 INFO Epoch 53/300	Training Loss: 1.0081	Time remaining is 4h:12m
2024-07-15 11:46:11 INFO Epoch 54/300	Training Loss: 1.0033	Time remaining is 4h:12m
2024-07-15 11:47:47 INFO Epoch 55/300	Training Loss: 1.0063	Time remaining is 4h:14m
2024-07-15 11:48:48 INFO Epoch 56/300	Training Loss: 1.0027	Time remaining is 4h:13m
2024-07-15 11:49:49 INFO Epoch 57/300	Training Loss: 0.9961	Time remaining is 4h:12m
2024-07-15 11:50:50 INFO Epoch 58/300	Training Loss: 1.0005	Time remaining is 4h:11m
2024-07-15 11:51:51 INFO Epoch 59/300	Training Loss: 1.0001	Time remaining is 4h:10m
2024-07-15 11:52:52 INFO Epoch 60/300	Training Loss: 0.9957	Time remaining is 4h:9m
2024-07-15 11:53:53 INFO Epoch 61/300	Training Loss: 0.9970	Time remaining is 4h:7m
2024-07-15 11:54:54 INFO Epoch 62/300	Training Loss: 0.9965	Time remaining is 4h:6m
2024-07-15 11:55:56 INFO Epoch 63/300	Training Loss: 0.9939	Time remaining is 4h:5m
2024-07-15 11:56:57 INFO Epoch 64/300	Training Loss: 0.9922	Time remaining is 4h:4m
2024-07-15 11:57:58 INFO Epoch 65/300	Training Loss: 0.9894	Time remaining is 4h:3m
2024-07-15 11:58:59 INFO Epoch 66/300	Training Loss: 0.9897	Time remaining is 4h:2m
2024-07-15 12:00:00 INFO Epoch 67/300	Training Loss: 0.9953	Time remaining is 4h:1m
2024-07-15 12:01:01 INFO Epoch 68/300	Training Loss: 0.9897	Time remaining is 3h:60m
2024-07-15 12:02:02 INFO Epoch 69/300	Training Loss: 0.9848	Time remaining is 3h:59m
2024-07-15 12:03:04 INFO Epoch 70/300	Training Loss: 0.9874	Time remaining is 3h:58m
2024-07-15 12:04:05 INFO Epoch 71/300	Training Loss: 0.9833	Time remaining is 3h:57m
2024-07-15 12:05:06 INFO Epoch 72/300	Training Loss: 0.9802	Time remaining is 3h:56m
2024-07-15 12:06:07 INFO Epoch 73/300	Training Loss: 0.9777	Time remaining is 3h:55m
2024-07-15 12:07:08 INFO Epoch 74/300	Training Loss: 0.9727	Time remaining is 3h:54m
2024-07-15 12:08:09 INFO Epoch 75/300	Training Loss: 0.9696	Time remaining is 3h:52m
2024-07-15 12:09:09 INFO Epoch 76/300	Training Loss: 0.9673	Time remaining is 3h:51m
2024-07-15 12:10:11 INFO Epoch 77/300	Training Loss: 0.9746	Time remaining is 3h:50m
2024-07-15 12:11:11 INFO Epoch 78/300	Training Loss: 0.9703	Time remaining is 3h:49m
2024-07-15 12:12:13 INFO Epoch 79/300	Training Loss: 0.9751	Time remaining is 3h:48m
2024-07-15 12:13:14 INFO Epoch 80/300	Training Loss: 0.9739	Time remaining is 3h:47m
2024-07-15 12:14:15 INFO Epoch 81/300	Training Loss: 0.9718	Time remaining is 3h:46m
2024-07-15 12:15:16 INFO Epoch 82/300	Training Loss: 0.9724	Time remaining is 3h:45m
2024-07-15 12:16:17 INFO Epoch 83/300	Training Loss: 0.9719	Time remaining is 3h:44m
2024-07-15 12:17:19 INFO Epoch 84/300	Training Loss: 0.9706	Time remaining is 3h:43m
2024-07-15 12:18:20 INFO Epoch 85/300	Training Loss: 0.9736	Time remaining is 3h:42m
2024-07-15 12:19:21 INFO Epoch 86/300	Training Loss: 0.9728	Time remaining is 3h:41m
2024-07-15 12:20:22 INFO Epoch 87/300	Training Loss: 0.9699	Time remaining is 3h:40m
2024-07-15 12:21:23 INFO Epoch 88/300	Training Loss: 0.9650	Time remaining is 3h:39m
2024-07-15 12:22:24 INFO Epoch 89/300	Training Loss: 0.9696	Time remaining is 3h:38m
2024-07-15 12:23:25 INFO Epoch 90/300	Training Loss: 0.9692	Time remaining is 3h:37m
2024-07-15 12:24:37 INFO Testing: dataset_name: market1501 top1: 93.913 top5: 98.189 top10: 99.080 mAP: 84.980
2024-07-15 12:25:39 INFO Epoch 91/300	Training Loss: 0.9705	Time remaining is 3h:38m
2024-07-15 12:26:40 INFO Epoch 92/300	Training Loss: 0.9625	Time remaining is 3h:37m
2024-07-15 12:27:41 INFO Epoch 93/300	Training Loss: 0.9710	Time remaining is 3h:36m
2024-07-15 12:28:42 INFO Epoch 94/300	Training Loss: 0.9701	Time remaining is 3h:35m
2024-07-15 12:29:43 INFO Epoch 95/300	Training Loss: 0.9631	Time remaining is 3h:34m
2024-07-15 12:30:55 INFO Testing: dataset_name: market1501 top1: 93.854 top5: 98.278 top10: 99.109 mAP: 85.022
2024-07-15 12:31:56 INFO Epoch 96/300	Training Loss: 0.9679	Time remaining is 3h:36m
2024-07-15 12:32:57 INFO Epoch 97/300	Training Loss: 0.9622	Time remaining is 3h:34m
2024-07-15 12:33:58 INFO Epoch 98/300	Training Loss: 0.9705	Time remaining is 3h:33m
2024-07-15 12:34:59 INFO Epoch 99/300	Training Loss: 0.9679	Time remaining is 3h:32m
2024-07-15 12:36:01 INFO Epoch 100/300	Training Loss: 0.9662	Time remaining is 3h:31m
2024-07-15 12:37:13 INFO Testing: dataset_name: market1501 top1: 93.973 top5: 98.248 top10: 99.109 mAP: 85.097
2024-07-15 12:38:14 INFO Epoch 101/300	Training Loss: 0.9694	Time remaining is 3h:32m
2024-07-15 12:39:15 INFO Epoch 102/300	Training Loss: 0.9679	Time remaining is 3h:31m
2024-07-15 12:40:16 INFO Epoch 103/300	Training Loss: 0.9661	Time remaining is 3h:30m
2024-07-15 12:41:17 INFO Epoch 104/300	Training Loss: 0.9648	Time remaining is 3h:29m
2024-07-15 12:42:19 INFO Epoch 105/300	Training Loss: 0.9712	Time remaining is 3h:28m
2024-07-15 12:43:32 INFO Testing: dataset_name: market1501 top1: 93.943 top5: 98.219 top10: 99.020 mAP: 85.119
2024-07-15 12:44:33 INFO Epoch 106/300	Training Loss: 0.9674	Time remaining is 3h:29m
2024-07-15 12:45:33 INFO Epoch 107/300	Training Loss: 0.9621	Time remaining is 3h:28m
2024-07-15 12:46:34 INFO Epoch 108/300	Training Loss: 0.9668	Time remaining is 3h:27m
2024-07-15 12:47:35 INFO Epoch 109/300	Training Loss: 0.9654	Time remaining is 3h:25m
2024-07-15 12:48:37 INFO Epoch 110/300	Training Loss: 0.9643	Time remaining is 3h:24m
2024-07-15 12:49:49 INFO Testing: dataset_name: market1501 top1: 93.973 top5: 98.070 top10: 99.109 mAP: 85.388
2024-07-15 12:50:50 INFO Epoch 111/300	Training Loss: 0.9603	Time remaining is 3h:25m
2024-07-15 12:51:51 INFO Epoch 112/300	Training Loss: 0.9640	Time remaining is 3h:24m
2024-07-15 12:52:52 INFO Epoch 113/300	Training Loss: 0.9647	Time remaining is 3h:23m
2024-07-15 12:53:53 INFO Epoch 114/300	Training Loss: 0.9610	Time remaining is 3h:22m
2024-07-15 12:54:54 INFO Epoch 115/300	Training Loss: 0.9698	Time remaining is 3h:20m
2024-07-15 12:56:07 INFO Testing: dataset_name: market1501 top1: 93.913 top5: 98.367 top10: 99.020 mAP: 85.445
2024-07-15 12:57:08 INFO Epoch 116/300	Training Loss: 0.9649	Time remaining is 3h:21m
2024-07-15 12:58:09 INFO Epoch 117/300	Training Loss: 0.9674	Time remaining is 3h:20m
2024-07-15 12:59:10 INFO Epoch 118/300	Training Loss: 0.9652	Time remaining is 3h:19m
2024-07-15 13:00:12 INFO Epoch 119/300	Training Loss: 0.9695	Time remaining is 3h:18m
2024-07-15 13:01:12 INFO Epoch 120/300	Training Loss: 0.9589	Time remaining is 3h:16m
2024-07-15 13:02:25 INFO Testing: dataset_name: market1501 top1: 93.973 top5: 98.219 top10: 99.020 mAP: 85.525
2024-07-15 13:03:26 INFO Epoch 121/300	Training Loss: 0.9644	Time remaining is 3h:17m
2024-07-15 13:04:27 INFO Epoch 122/300	Training Loss: 0.9626	Time remaining is 3h:16m
2024-07-15 13:05:28 INFO Epoch 123/300	Training Loss: 0.9644	Time remaining is 3h:15m
2024-07-15 13:06:29 INFO Epoch 124/300	Training Loss: 0.9592	Time remaining is 3h:13m
2024-07-15 13:07:30 INFO Epoch 125/300	Training Loss: 0.9649	Time remaining is 3h:12m
2024-07-15 13:08:43 INFO Testing: dataset_name: market1501 top1: 93.705 top5: 98.219 top10: 99.020 mAP: 85.594
2024-07-15 13:09:44 INFO Epoch 126/300	Training Loss: 0.9646	Time remaining is 3h:13m
2024-07-15 13:10:45 INFO Epoch 127/300	Training Loss: 0.9629	Time remaining is 3h:11m
2024-07-15 13:11:46 INFO Epoch 128/300	Training Loss: 0.9623	Time remaining is 3h:10m
2024-07-15 13:12:47 INFO Epoch 129/300	Training Loss: 0.9646	Time remaining is 3h:9m
2024-07-15 13:13:48 INFO Epoch 130/300	Training Loss: 0.9629	Time remaining is 3h:8m
2024-07-15 13:15:01 INFO Testing: dataset_name: market1501 top1: 94.032 top5: 98.159 top10: 99.109 mAP: 85.635
2024-07-15 13:16:02 INFO Epoch 131/300	Training Loss: 0.9596	Time remaining is 3h:8m
2024-07-15 13:17:03 INFO Epoch 132/300	Training Loss: 0.9622	Time remaining is 3h:7m
2024-07-15 13:18:04 INFO Epoch 133/300	Training Loss: 0.9561	Time remaining is 3h:6m
2024-07-15 13:19:05 INFO Epoch 134/300	Training Loss: 0.9613	Time remaining is 3h:5m
2024-07-15 13:20:06 INFO Epoch 135/300	Training Loss: 0.9579	Time remaining is 3h:3m
2024-07-15 13:21:19 INFO Testing: dataset_name: market1501 top1: 94.240 top5: 98.426 top10: 99.080 mAP: 85.796
2024-07-15 13:22:20 INFO Epoch 136/300	Training Loss: 0.9566	Time remaining is 3h:4m
2024-07-15 13:23:21 INFO Epoch 137/300	Training Loss: 0.9622	Time remaining is 3h:2m
2024-07-15 13:24:22 INFO Epoch 138/300	Training Loss: 0.9629	Time remaining is 3h:1m
2024-07-15 13:25:23 INFO Epoch 139/300	Training Loss: 0.9575	Time remaining is 2h:60m
2024-07-15 13:26:24 INFO Epoch 140/300	Training Loss: 0.9624	Time remaining is 2h:59m
2024-07-15 13:27:37 INFO Testing: dataset_name: market1501 top1: 93.884 top5: 98.337 top10: 99.080 mAP: 85.727
2024-07-15 13:28:38 INFO Epoch 141/300	Training Loss: 0.9618	Time remaining is 2h:59m
2024-07-15 13:29:40 INFO Epoch 142/300	Training Loss: 0.9612	Time remaining is 2h:58m
2024-07-15 13:30:41 INFO Epoch 143/300	Training Loss: 0.9620	Time remaining is 2h:56m
2024-07-15 13:31:42 INFO Epoch 144/300	Training Loss: 0.9605	Time remaining is 2h:55m
2024-07-15 13:32:43 INFO Epoch 145/300	Training Loss: 0.9632	Time remaining is 2h:54m
2024-07-15 13:33:56 INFO Testing: dataset_name: market1501 top1: 94.151 top5: 98.278 top10: 99.109 mAP: 85.914
2024-07-15 13:34:57 INFO Epoch 146/300	Training Loss: 0.9604	Time remaining is 2h:54m
2024-07-15 13:35:58 INFO Epoch 147/300	Training Loss: 0.9606	Time remaining is 2h:53m
2024-07-15 13:37:00 INFO Epoch 148/300	Training Loss: 0.9604	Time remaining is 2h:52m
2024-07-15 13:38:01 INFO Epoch 149/300	Training Loss: 0.9657	Time remaining is 2h:50m
2024-07-15 13:39:02 INFO Epoch 150/300	Training Loss: 0.9557	Time remaining is 2h:49m
2024-07-15 13:40:14 INFO Testing: dataset_name: market1501 top1: 94.032 top5: 98.337 top10: 99.109 mAP: 85.881
2024-07-15 13:41:16 INFO Epoch 151/300	Training Loss: 0.9613	Time remaining is 2h:49m
2024-07-15 13:42:17 INFO Epoch 152/300	Training Loss: 0.9588	Time remaining is 2h:48m
2024-07-15 13:43:18 INFO Epoch 153/300	Training Loss: 0.9590	Time remaining is 2h:47m
2024-07-15 13:44:19 INFO Epoch 154/300	Training Loss: 0.9618	Time remaining is 2h:45m
2024-07-15 13:45:20 INFO Epoch 155/300	Training Loss: 0.9600	Time remaining is 2h:44m
2024-07-15 13:46:33 INFO Testing: dataset_name: market1501 top1: 94.329 top5: 98.367 top10: 99.080 mAP: 85.934
2024-07-15 13:47:34 INFO Epoch 156/300	Training Loss: 0.9550	Time remaining is 2h:44m
2024-07-15 13:48:35 INFO Epoch 157/300	Training Loss: 0.9594	Time remaining is 2h:43m
2024-07-15 13:49:36 INFO Epoch 158/300	Training Loss: 0.9562	Time remaining is 2h:42m
2024-07-15 13:50:37 INFO Epoch 159/300	Training Loss: 0.9593	Time remaining is 2h:40m
2024-07-15 13:51:37 INFO Epoch 160/300	Training Loss: 0.9534	Time remaining is 2h:39m
2024-07-15 13:52:50 INFO Testing: dataset_name: market1501 top1: 94.270 top5: 98.337 top10: 99.139 mAP: 86.020
2024-07-15 13:53:51 INFO Epoch 161/300	Training Loss: 0.9585	Time remaining is 2h:39m
2024-07-15 13:54:52 INFO Epoch 162/300	Training Loss: 0.9584	Time remaining is 2h:38m
2024-07-15 13:55:53 INFO Epoch 163/300	Training Loss: 0.9548	Time remaining is 2h:37m
2024-07-15 13:56:54 INFO Epoch 164/300	Training Loss: 0.9578	Time remaining is 2h:35m
2024-07-15 13:57:54 INFO Epoch 165/300	Training Loss: 0.9540	Time remaining is 2h:34m
2024-07-15 13:59:07 INFO Testing: dataset_name: market1501 top1: 94.329 top5: 98.278 top10: 99.080 mAP: 86.095
2024-07-15 14:00:08 INFO Epoch 166/300	Training Loss: 0.9523	Time remaining is 2h:34m
2024-07-15 14:01:09 INFO Epoch 167/300	Training Loss: 0.9570	Time remaining is 2h:33m
2024-07-15 14:02:10 INFO Epoch 168/300	Training Loss: 0.9533	Time remaining is 2h:31m
2024-07-15 14:03:11 INFO Epoch 169/300	Training Loss: 0.9623	Time remaining is 2h:30m
2024-07-15 14:04:12 INFO Epoch 170/300	Training Loss: 0.9563	Time remaining is 2h:29m
2024-07-15 14:05:25 INFO Testing: dataset_name: market1501 top1: 94.240 top5: 98.397 top10: 99.139 mAP: 86.064
2024-07-15 14:06:26 INFO Epoch 171/300	Training Loss: 0.9573	Time remaining is 2h:29m
2024-07-15 14:07:27 INFO Epoch 172/300	Training Loss: 0.9582	Time remaining is 2h:27m
2024-07-15 14:08:28 INFO Epoch 173/300	Training Loss: 0.9568	Time remaining is 2h:26m
2024-07-15 14:09:28 INFO Epoch 174/300	Training Loss: 0.9546	Time remaining is 2h:25m
2024-07-15 14:10:29 INFO Epoch 175/300	Training Loss: 0.9570	Time remaining is 2h:24m
2024-07-15 14:11:42 INFO Testing: dataset_name: market1501 top1: 94.359 top5: 98.426 top10: 99.139 mAP: 86.150
2024-07-15 14:12:43 INFO Epoch 176/300	Training Loss: 0.9577	Time remaining is 2h:23m
2024-07-15 14:13:44 INFO Epoch 177/300	Training Loss: 0.9528	Time remaining is 2h:22m
2024-07-15 14:14:45 INFO Epoch 178/300	Training Loss: 0.9551	Time remaining is 2h:21m
2024-07-15 14:15:46 INFO Epoch 179/300	Training Loss: 0.9545	Time remaining is 2h:20m
2024-07-15 14:16:47 INFO Epoch 180/300	Training Loss: 0.9517	Time remaining is 2h:18m
2024-07-15 14:17:59 INFO Testing: dataset_name: market1501 top1: 94.329 top5: 98.426 top10: 99.198 mAP: 86.337
2024-07-15 14:19:00 INFO Epoch 181/300	Training Loss: 0.9576	Time remaining is 2h:18m
2024-07-15 14:20:01 INFO Epoch 182/300	Training Loss: 0.9568	Time remaining is 2h:17m
2024-07-15 14:21:02 INFO Epoch 183/300	Training Loss: 0.9512	Time remaining is 2h:15m
2024-07-15 14:22:03 INFO Epoch 184/300	Training Loss: 0.9522	Time remaining is 2h:14m
2024-07-15 14:23:04 INFO Epoch 185/300	Training Loss: 0.9568	Time remaining is 2h:13m
2024-07-15 14:24:16 INFO Testing: dataset_name: market1501 top1: 94.270 top5: 98.248 top10: 99.109 mAP: 86.166
2024-07-15 14:25:17 INFO Epoch 186/300	Training Loss: 0.9528	Time remaining is 2h:12m
2024-07-15 14:26:18 INFO Epoch 187/300	Training Loss: 0.9557	Time remaining is 2h:11m
2024-07-15 14:27:19 INFO Epoch 188/300	Training Loss: 0.9555	Time remaining is 2h:10m
2024-07-15 14:28:20 INFO Epoch 189/300	Training Loss: 0.9569	Time remaining is 2h:9m
2024-07-15 14:29:21 INFO Epoch 190/300	Training Loss: 0.9556	Time remaining is 2h:8m
2024-07-15 14:30:34 INFO Testing: dataset_name: market1501 top1: 94.210 top5: 98.486 top10: 99.080 mAP: 86.217
2024-07-15 14:31:35 INFO Epoch 191/300	Training Loss: 0.9551	Time remaining is 2h:7m
2024-07-15 14:32:36 INFO Epoch 192/300	Training Loss: 0.9565	Time remaining is 2h:6m
2024-07-15 14:33:37 INFO Epoch 193/300	Training Loss: 0.9486	Time remaining is 2h:5m
2024-07-15 14:34:38 INFO Epoch 194/300	Training Loss: 0.9552	Time remaining is 2h:3m
2024-07-15 14:35:39 INFO Epoch 195/300	Training Loss: 0.9499	Time remaining is 2h:2m
2024-07-15 14:36:52 INFO Testing: dataset_name: market1501 top1: 94.151 top5: 98.515 top10: 99.139 mAP: 86.236
2024-07-15 14:37:53 INFO Epoch 196/300	Training Loss: 0.9546	Time remaining is 2h:2m
2024-07-15 14:38:54 INFO Epoch 197/300	Training Loss: 0.9506	Time remaining is 2h:0m
2024-07-15 14:39:55 INFO Epoch 198/300	Training Loss: 0.9494	Time remaining is 1h:59m
2024-07-15 14:40:56 INFO Epoch 199/300	Training Loss: 0.9541	Time remaining is 1h:58m
2024-07-15 14:41:57 INFO Epoch 200/300	Training Loss: 0.9556	Time remaining is 1h:57m
2024-07-15 14:43:09 INFO Testing: dataset_name: market1501 top1: 94.388 top5: 98.515 top10: 99.139 mAP: 86.288
2024-07-15 14:44:10 INFO Epoch 201/300	Training Loss: 0.9486	Time remaining is 1h:56m
2024-07-15 14:45:11 INFO Epoch 202/300	Training Loss: 0.9547	Time remaining is 1h:55m
2024-07-15 14:46:13 INFO Epoch 203/300	Training Loss: 0.9587	Time remaining is 1h:54m
2024-07-15 14:47:14 INFO Epoch 204/300	Training Loss: 0.9486	Time remaining is 1h:52m
2024-07-15 14:48:15 INFO Epoch 205/300	Training Loss: 0.9527	Time remaining is 1h:51m
2024-07-15 14:49:27 INFO Testing: dataset_name: market1501 top1: 94.567 top5: 98.426 top10: 99.169 mAP: 86.440
2024-07-15 14:50:28 INFO Epoch 206/300	Training Loss: 0.9542	Time remaining is 1h:50m
2024-07-15 14:51:30 INFO Epoch 207/300	Training Loss: 0.9591	Time remaining is 1h:49m
2024-07-15 14:52:31 INFO Epoch 208/300	Training Loss: 0.9532	Time remaining is 1h:48m
2024-07-15 14:53:32 INFO Epoch 209/300	Training Loss: 0.9542	Time remaining is 1h:47m
2024-07-15 14:54:33 INFO Epoch 210/300	Training Loss: 0.9487	Time remaining is 1h:46m
2024-07-15 14:55:46 INFO Testing: dataset_name: market1501 top1: 94.329 top5: 98.308 top10: 99.139 mAP: 86.340
2024-07-15 14:56:47 INFO Epoch 211/300	Training Loss: 0.9517	Time remaining is 1h:45m
2024-07-15 14:57:48 INFO Epoch 212/300	Training Loss: 0.9520	Time remaining is 1h:44m
2024-07-15 14:58:49 INFO Epoch 213/300	Training Loss: 0.9467	Time remaining is 1h:42m
2024-07-15 14:59:50 INFO Epoch 214/300	Training Loss: 0.9522	Time remaining is 1h:41m
2024-07-15 15:00:51 INFO Epoch 215/300	Training Loss: 0.9477	Time remaining is 1h:40m
2024-07-15 15:02:04 INFO Testing: dataset_name: market1501 top1: 94.388 top5: 98.426 top10: 99.109 mAP: 86.419
2024-07-15 15:03:05 INFO Epoch 216/300	Training Loss: 0.9472	Time remaining is 1h:39m
2024-07-15 15:04:06 INFO Epoch 217/300	Training Loss: 0.9530	Time remaining is 1h:38m
2024-07-15 15:05:07 INFO Epoch 218/300	Training Loss: 0.9576	Time remaining is 1h:37m
2024-07-15 15:06:09 INFO Epoch 219/300	Training Loss: 0.9520	Time remaining is 1h:36m
2024-07-15 15:07:10 INFO Epoch 220/300	Training Loss: 0.9514	Time remaining is 1h:34m
2024-07-15 15:08:22 INFO Testing: dataset_name: market1501 top1: 94.329 top5: 98.426 top10: 99.169 mAP: 86.475
2024-07-15 15:09:23 INFO Epoch 221/300	Training Loss: 0.9496	Time remaining is 1h:34m
2024-07-15 15:10:24 INFO Epoch 222/300	Training Loss: 0.9512	Time remaining is 1h:32m
2024-07-15 15:11:25 INFO Epoch 223/300	Training Loss: 0.9528	Time remaining is 1h:31m
2024-07-15 15:12:26 INFO Epoch 224/300	Training Loss: 0.9464	Time remaining is 1h:30m
2024-07-15 15:13:27 INFO Epoch 225/300	Training Loss: 0.9560	Time remaining is 1h:29m
2024-07-15 15:14:41 INFO Testing: dataset_name: market1501 top1: 94.091 top5: 98.278 top10: 99.080 mAP: 86.463
2024-07-15 15:15:42 INFO Epoch 226/300	Training Loss: 0.9512	Time remaining is 1h:28m
2024-07-15 15:16:43 INFO Epoch 227/300	Training Loss: 0.9512	Time remaining is 1h:27m
2024-07-15 15:17:45 INFO Epoch 228/300	Training Loss: 0.9503	Time remaining is 1h:25m
2024-07-15 15:18:46 INFO Epoch 229/300	Training Loss: 0.9552	Time remaining is 1h:24m
2024-07-15 15:19:48 INFO Epoch 230/300	Training Loss: 0.9512	Time remaining is 1h:23m
2024-07-15 15:21:00 INFO Testing: dataset_name: market1501 top1: 94.299 top5: 98.189 top10: 99.080 mAP: 86.461
2024-07-15 15:22:01 INFO Epoch 231/300	Training Loss: 0.9467	Time remaining is 1h:22m
2024-07-15 15:23:02 INFO Epoch 232/300	Training Loss: 0.9453	Time remaining is 1h:21m
2024-07-15 15:24:03 INFO Epoch 233/300	Training Loss: 0.9498	Time remaining is 1h:20m
2024-07-15 15:25:04 INFO Epoch 234/300	Training Loss: 0.9449	Time remaining is 1h:18m
2024-07-15 15:26:05 INFO Epoch 235/300	Training Loss: 0.9479	Time remaining is 1h:17m
2024-07-15 15:27:18 INFO Testing: dataset_name: market1501 top1: 94.448 top5: 98.248 top10: 99.139 mAP: 86.568
2024-07-15 15:28:19 INFO Epoch 236/300	Training Loss: 0.9560	Time remaining is 1h:16m
2024-07-15 15:29:21 INFO Epoch 237/300	Training Loss: 0.9506	Time remaining is 1h:15m
2024-07-15 15:30:22 INFO Epoch 238/300	Training Loss: 0.9453	Time remaining is 1h:14m
2024-07-15 15:31:23 INFO Epoch 239/300	Training Loss: 0.9452	Time remaining is 1h:13m
2024-07-15 15:32:24 INFO Epoch 240/300	Training Loss: 0.9496	Time remaining is 1h:12m
2024-07-15 15:33:37 INFO Testing: dataset_name: market1501 top1: 94.210 top5: 98.397 top10: 99.169 mAP: 86.644
2024-07-15 15:34:38 INFO Epoch 241/300	Training Loss: 0.9498	Time remaining is 1h:11m
2024-07-15 15:35:39 INFO Epoch 242/300	Training Loss: 0.9499	Time remaining is 1h:9m
2024-07-15 15:36:40 INFO Epoch 243/300	Training Loss: 0.9439	Time remaining is 1h:8m
2024-07-15 15:37:41 INFO Epoch 244/300	Training Loss: 0.9453	Time remaining is 1h:7m
2024-07-15 15:38:42 INFO Epoch 245/300	Training Loss: 0.9506	Time remaining is 1h:6m
2024-07-15 15:39:55 INFO Testing: dataset_name: market1501 top1: 94.448 top5: 98.367 top10: 99.080 mAP: 86.555
2024-07-15 15:40:56 INFO Epoch 246/300	Training Loss: 0.9486	Time remaining is 1h:5m
2024-07-15 15:41:57 INFO Epoch 247/300	Training Loss: 0.9486	Time remaining is 1h:4m
2024-07-15 15:42:58 INFO Epoch 248/300	Training Loss: 0.9475	Time remaining is 1h:2m
2024-07-15 15:43:59 INFO Epoch 249/300	Training Loss: 0.9442	Time remaining is 1h:1m
2024-07-15 15:45:00 INFO Epoch 250/300	Training Loss: 0.9425	Time remaining is 0h:60m
2024-07-15 15:46:13 INFO Testing: dataset_name: market1501 top1: 94.329 top5: 98.426 top10: 99.050 mAP: 86.623
2024-07-15 15:47:14 INFO Epoch 251/300	Training Loss: 0.9412	Time remaining is 0h:59m
2024-07-15 15:48:15 INFO Epoch 252/300	Training Loss: 0.9475	Time remaining is 0h:58m
2024-07-15 15:49:17 INFO Epoch 253/300	Training Loss: 0.9481	Time remaining is 0h:57m
2024-07-15 15:50:18 INFO Epoch 254/300	Training Loss: 0.9470	Time remaining is 0h:55m
2024-07-15 15:51:18 INFO Epoch 255/300	Training Loss: 0.9441	Time remaining is 0h:54m
2024-07-15 15:52:31 INFO Testing: dataset_name: market1501 top1: 94.388 top5: 98.308 top10: 99.080 mAP: 86.600
2024-07-15 15:53:32 INFO Epoch 256/300	Training Loss: 0.9482	Time remaining is 0h:53m
2024-07-15 15:54:33 INFO Epoch 257/300	Training Loss: 0.9452	Time remaining is 0h:52m
2024-07-15 15:55:34 INFO Epoch 258/300	Training Loss: 0.9467	Time remaining is 0h:51m
2024-07-15 15:56:36 INFO Epoch 259/300	Training Loss: 0.9494	Time remaining is 0h:50m
2024-07-15 15:57:37 INFO Epoch 260/300	Training Loss: 0.9475	Time remaining is 0h:48m
2024-07-15 15:58:50 INFO Testing: dataset_name: market1501 top1: 94.388 top5: 98.397 top10: 99.139 mAP: 86.680
2024-07-15 15:59:51 INFO Epoch 261/300	Training Loss: 0.9467	Time remaining is 0h:47m
2024-07-15 16:00:53 INFO Epoch 262/300	Training Loss: 0.9534	Time remaining is 0h:46m
2024-07-15 16:01:54 INFO Epoch 263/300	Training Loss: 0.9459	Time remaining is 0h:45m
2024-07-15 16:02:55 INFO Epoch 264/300	Training Loss: 0.9463	Time remaining is 0h:44m
2024-07-15 16:03:57 INFO Epoch 265/300	Training Loss: 0.9460	Time remaining is 0h:43m
2024-07-15 16:05:09 INFO Testing: dataset_name: market1501 top1: 94.388 top5: 98.367 top10: 98.961 mAP: 86.649
2024-07-15 16:06:10 INFO Epoch 266/300	Training Loss: 0.9474	Time remaining is 0h:41m
2024-07-15 16:07:12 INFO Epoch 267/300	Training Loss: 0.9479	Time remaining is 0h:40m
2024-07-15 16:08:12 INFO Epoch 268/300	Training Loss: 0.9432	Time remaining is 0h:39m
2024-07-15 16:09:13 INFO Epoch 269/300	Training Loss: 0.9461	Time remaining is 0h:38m
2024-07-15 16:10:15 INFO Epoch 270/300	Training Loss: 0.9507	Time remaining is 0h:37m
2024-07-15 16:11:28 INFO Testing: dataset_name: market1501 top1: 94.270 top5: 98.308 top10: 99.020 mAP: 86.451
2024-07-15 16:12:29 INFO Epoch 271/300	Training Loss: 0.9475	Time remaining is 0h:36m
2024-07-15 16:13:30 INFO Epoch 272/300	Training Loss: 0.9456	Time remaining is 0h:34m
2024-07-15 16:14:31 INFO Epoch 273/300	Training Loss: 0.9503	Time remaining is 0h:33m
2024-07-15 16:15:33 INFO Epoch 274/300	Training Loss: 0.9453	Time remaining is 0h:32m
2024-07-15 16:16:34 INFO Epoch 275/300	Training Loss: 0.9455	Time remaining is 0h:31m
2024-07-15 16:17:47 INFO Testing: dataset_name: market1501 top1: 94.477 top5: 98.248 top10: 99.020 mAP: 86.561
2024-07-15 16:18:47 INFO Epoch 276/300	Training Loss: 0.9422	Time remaining is 0h:30m
2024-07-15 16:19:49 INFO Epoch 277/300	Training Loss: 0.9464	Time remaining is 0h:28m
2024-07-15 16:20:50 INFO Epoch 278/300	Training Loss: 0.9453	Time remaining is 0h:27m
2024-07-15 16:21:51 INFO Epoch 279/300	Training Loss: 0.9458	Time remaining is 0h:26m
2024-07-15 16:22:52 INFO Epoch 280/300	Training Loss: 0.9467	Time remaining is 0h:25m
2024-07-15 16:24:05 INFO Testing: dataset_name: market1501 top1: 94.329 top5: 98.308 top10: 99.050 mAP: 86.709
2024-07-15 16:25:06 INFO Epoch 281/300	Training Loss: 0.9453	Time remaining is 0h:24m
2024-07-15 16:26:07 INFO Epoch 282/300	Training Loss: 0.9409	Time remaining is 0h:23m
2024-07-15 16:27:09 INFO Epoch 283/300	Training Loss: 0.9460	Time remaining is 0h:21m
2024-07-15 16:28:09 INFO Epoch 284/300	Training Loss: 0.9397	Time remaining is 0h:20m
2024-07-15 16:29:10 INFO Epoch 285/300	Training Loss: 0.9407	Time remaining is 0h:19m
2024-07-15 16:30:23 INFO Testing: dataset_name: market1501 top1: 94.388 top5: 98.248 top10: 99.109 mAP: 86.569
2024-07-15 16:31:24 INFO Epoch 286/300	Training Loss: 0.9446	Time remaining is 0h:18m
2024-07-15 16:32:25 INFO Epoch 287/300	Training Loss: 0.9447	Time remaining is 0h:17m
2024-07-15 16:33:26 INFO Epoch 288/300	Training Loss: 0.9402	Time remaining is 0h:15m
2024-07-15 16:34:27 INFO Epoch 289/300	Training Loss: 0.9440	Time remaining is 0h:14m
2024-07-15 16:35:28 INFO Epoch 290/300	Training Loss: 0.9440	Time remaining is 0h:13m
2024-07-15 16:36:41 INFO Testing: dataset_name: market1501 top1: 94.210 top5: 98.248 top10: 99.109 mAP: 86.664
2024-07-15 16:37:42 INFO Epoch 291/300	Training Loss: 0.9413	Time remaining is 0h:12m
2024-07-15 16:38:43 INFO Epoch 292/300	Training Loss: 0.9441	Time remaining is 0h:11m
2024-07-15 16:39:44 INFO Epoch 293/300	Training Loss: 0.9447	Time remaining is 0h:10m
2024-07-15 16:40:45 INFO Epoch 294/300	Training Loss: 0.9396	Time remaining is 0h:8m
2024-07-15 16:41:47 INFO Epoch 295/300	Training Loss: 0.9449	Time remaining is 0h:7m
2024-07-15 16:43:00 INFO Testing: dataset_name: market1501 top1: 94.240 top5: 98.367 top10: 99.169 mAP: 86.607
2024-07-15 16:44:00 INFO Epoch 296/300	Training Loss: 0.9387	Time remaining is 0h:6m
2024-07-15 16:45:01 INFO Epoch 297/300	Training Loss: 0.9448	Time remaining is 0h:5m
2024-07-15 16:46:02 INFO Epoch 298/300	Training Loss: 0.9406	Time remaining is 0h:4m
2024-07-15 16:47:03 INFO Epoch 299/300	Training Loss: 0.9392	Time remaining is 0h:2m
2024-07-15 16:48:04 INFO Epoch 300/300	Training Loss: 0.9429	Time remaining is 0h:1m
2024-07-15 16:49:17 INFO Testing: dataset_name: market1501 top1: 94.567 top5: 98.308 top10: 99.139 mAP: 86.811
2024-07-15 16:49:17 INFO The running time of training: 5.97 h
