2024-04-11 16:47:41 INFO ##################################################
2024-04-11 16:47:41 INFO Config values: batch_size: 60	current_directory: /home/hy/project/reid_task/ex_main5	dataset_name: market1501	dataset_path: /home/hy/project/data/Market-1501-v15.09.15	device: cuda	dtype: torch.float32	epoch_start_test: 90	epochs: 160	img_height: 256	img_width: 128	logs_outputs_path: /home/hy/project/reid_task/ex_main5/./outputs/logs	models_outputs_path: /home/hy/project/reid_task/ex_main5/./outputs/models	np: <module 'numpy' from '/home/hy/anaconda3/envs/py396/lib/python3.9/site-packages/numpy/__init__.py'>	os: <module 'os' from '/home/hy/anaconda3/envs/py396/lib/python3.9/os.py'>	outputs_dir: ./outputs/	outputs_path: /home/hy/project/reid_task/ex_main5/./outputs/	print_every: 1	seed: 1	taskname: ReID_Task	temps_outputs_path: /home/hy/project/reid_task/ex_main5/./outputs/temps	test_batch_size: 256	test_every: 5	torch: <module 'torch' from '/home/hy/anaconda3/envs/py396/lib/python3.9/site-packages/torch/__init__.py'>
2024-04-11 16:47:41 INFO Task: ReID_Task
2024-04-11 16:47:41 INFO Using device: cuda
2024-04-11 16:47:41 INFO Using data type: torch.float32
2024-04-11 16:47:41 INFO Number of GPUs: 1
2024-04-11 16:47:41 INFO GPU is_available: True
2024-04-11 16:47:41 INFO GPU name: NVIDIA GeForce RTX 3060
2024-04-11 16:47:41 INFO CUDA version: 12.1
2024-04-11 16:47:41 INFO Current device id: 0
2024-04-11 16:47:41 INFO ##################################################
2024-04-11 16:48:59 INFO Epoch 1/160	Training Loss: 9.6314	Time remaining is 3h:25m
2024-04-11 16:50:15 INFO Epoch 2/160	Training Loss: 8.1579	Time remaining is 3h:23m
2024-04-11 16:51:32 INFO Epoch 3/160	Training Loss: 6.2990	Time remaining is 3h:21m
2024-04-11 16:52:48 INFO Epoch 4/160	Training Loss: 4.8340	Time remaining is 3h:20m
2024-04-11 16:54:05 INFO Epoch 5/160	Training Loss: 3.7789	Time remaining is 3h:19m
2024-04-11 16:55:20 INFO Epoch 6/160	Training Loss: 3.0861	Time remaining is 3h:17m
2024-04-11 16:56:36 INFO Epoch 7/160	Training Loss: 2.7344	Time remaining is 3h:16m
2024-04-11 16:57:52 INFO Epoch 8/160	Training Loss: 2.5387	Time remaining is 3h:14m
2024-04-11 16:59:08 INFO Epoch 9/160	Training Loss: 2.4366	Time remaining is 3h:13m
2024-04-11 17:00:24 INFO Epoch 10/160	Training Loss: 2.3546	Time remaining is 3h:12m
2024-04-11 17:01:40 INFO Epoch 11/160	Training Loss: 2.3141	Time remaining is 3h:10m
2024-04-11 17:02:56 INFO Epoch 12/160	Training Loss: 2.2658	Time remaining is 3h:9m
2024-04-11 17:04:12 INFO Epoch 13/160	Training Loss: 2.2128	Time remaining is 3h:8m
2024-04-11 17:05:28 INFO Epoch 14/160	Training Loss: 2.1977	Time remaining is 3h:7m
2024-04-11 17:06:44 INFO Epoch 15/160	Training Loss: 2.1763	Time remaining is 3h:5m
2024-04-11 17:08:01 INFO Epoch 16/160	Training Loss: 2.1566	Time remaining is 3h:4m
2024-04-11 17:09:17 INFO Epoch 17/160	Training Loss: 2.1357	Time remaining is 3h:3m
2024-04-11 17:10:32 INFO Epoch 18/160	Training Loss: 2.1243	Time remaining is 3h:1m
2024-04-11 17:11:48 INFO Epoch 19/160	Training Loss: 2.1317	Time remaining is 3h:0m
2024-04-11 17:13:05 INFO Epoch 20/160	Training Loss: 2.1261	Time remaining is 2h:59m
2024-04-11 17:14:21 INFO Epoch 21/160	Training Loss: 2.1222	Time remaining is 2h:58m
2024-04-11 17:15:37 INFO Epoch 22/160	Training Loss: 2.1135	Time remaining is 2h:56m
2024-04-11 17:16:53 INFO Epoch 23/160	Training Loss: 2.1070	Time remaining is 2h:55m
2024-04-11 17:18:09 INFO Epoch 24/160	Training Loss: 2.1207	Time remaining is 2h:54m
2024-04-11 17:19:26 INFO Epoch 25/160	Training Loss: 2.1146	Time remaining is 2h:53m
2024-04-11 17:20:42 INFO Epoch 26/160	Training Loss: 2.1309	Time remaining is 2h:51m
2024-04-11 17:21:58 INFO Epoch 27/160	Training Loss: 2.1158	Time remaining is 2h:50m
2024-04-11 17:23:14 INFO Epoch 28/160	Training Loss: 2.1078	Time remaining is 2h:49m
2024-04-11 17:24:30 INFO Epoch 29/160	Training Loss: 2.1045	Time remaining is 2h:47m
2024-04-11 17:25:45 INFO Epoch 30/160	Training Loss: 2.0981	Time remaining is 2h:46m
2024-04-11 17:27:01 INFO Epoch 31/160	Training Loss: 2.0978	Time remaining is 2h:45m
2024-04-11 17:28:17 INFO Epoch 32/160	Training Loss: 2.1064	Time remaining is 2h:44m
2024-04-11 17:29:34 INFO Epoch 33/160	Training Loss: 2.1047	Time remaining is 2h:42m
2024-04-11 17:30:50 INFO Epoch 34/160	Training Loss: 2.1053	Time remaining is 2h:41m
2024-04-11 17:32:06 INFO Epoch 35/160	Training Loss: 2.1081	Time remaining is 2h:40m
2024-04-11 17:33:23 INFO Epoch 36/160	Training Loss: 2.0951	Time remaining is 2h:39m
2024-04-11 17:34:39 INFO Epoch 37/160	Training Loss: 2.0932	Time remaining is 2h:37m
2024-04-11 17:35:55 INFO Epoch 38/160	Training Loss: 2.0962	Time remaining is 2h:36m
2024-04-11 17:37:11 INFO Epoch 39/160	Training Loss: 2.1027	Time remaining is 2h:35m
2024-04-11 17:38:27 INFO Epoch 40/160	Training Loss: 2.0914	Time remaining is 2h:34m
2024-04-11 17:39:43 INFO Epoch 41/160	Training Loss: 2.0320	Time remaining is 2h:32m
2024-04-11 17:40:59 INFO Epoch 42/160	Training Loss: 1.9623	Time remaining is 2h:31m
2024-04-11 17:42:15 INFO Epoch 43/160	Training Loss: 1.9589	Time remaining is 2h:30m
2024-04-11 17:43:31 INFO Epoch 44/160	Training Loss: 1.9513	Time remaining is 2h:28m
2024-04-11 17:44:47 INFO Epoch 45/160	Training Loss: 1.9447	Time remaining is 2h:27m
2024-04-11 17:46:04 INFO Epoch 46/160	Training Loss: 1.9431	Time remaining is 2h:26m
2024-04-11 17:47:19 INFO Epoch 47/160	Training Loss: 1.9271	Time remaining is 2h:25m
2024-04-11 17:48:35 INFO Epoch 48/160	Training Loss: 1.9356	Time remaining is 2h:23m
2024-04-11 17:49:51 INFO Epoch 49/160	Training Loss: 1.9224	Time remaining is 2h:22m
2024-04-11 17:51:07 INFO Epoch 50/160	Training Loss: 1.9318	Time remaining is 2h:21m
2024-04-11 17:52:23 INFO Epoch 51/160	Training Loss: 1.9182	Time remaining is 2h:19m
2024-04-11 17:53:39 INFO Epoch 52/160	Training Loss: 1.9256	Time remaining is 2h:18m
2024-04-11 17:54:55 INFO Epoch 53/160	Training Loss: 1.9243	Time remaining is 2h:17m
2024-04-11 17:56:11 INFO Epoch 54/160	Training Loss: 1.9222	Time remaining is 2h:16m
2024-04-11 17:57:27 INFO Epoch 55/160	Training Loss: 1.9228	Time remaining is 2h:14m
2024-04-11 17:58:43 INFO Epoch 56/160	Training Loss: 1.9197	Time remaining is 2h:13m
2024-04-11 17:59:59 INFO Epoch 57/160	Training Loss: 1.9096	Time remaining is 2h:12m
2024-04-11 18:01:15 INFO Epoch 58/160	Training Loss: 1.9179	Time remaining is 2h:11m
2024-04-11 18:02:31 INFO Epoch 59/160	Training Loss: 1.9196	Time remaining is 2h:9m
2024-04-11 18:03:47 INFO Epoch 60/160	Training Loss: 1.9147	Time remaining is 2h:8m
2024-04-11 18:05:03 INFO Epoch 61/160	Training Loss: 1.9156	Time remaining is 2h:7m
2024-04-11 18:06:19 INFO Epoch 62/160	Training Loss: 1.9142	Time remaining is 2h:6m
2024-04-11 18:07:35 INFO Epoch 63/160	Training Loss: 1.9125	Time remaining is 2h:4m
2024-04-11 18:08:51 INFO Epoch 64/160	Training Loss: 1.9131	Time remaining is 2h:3m
2024-04-11 18:10:08 INFO Epoch 65/160	Training Loss: 1.9093	Time remaining is 2h:2m
2024-04-11 18:11:24 INFO Epoch 66/160	Training Loss: 1.9096	Time remaining is 2h:0m
2024-04-11 18:12:40 INFO Epoch 67/160	Training Loss: 1.9177	Time remaining is 1h:59m
2024-04-11 18:13:56 INFO Epoch 68/160	Training Loss: 1.9088	Time remaining is 1h:58m
2024-04-11 18:15:12 INFO Epoch 69/160	Training Loss: 1.9002	Time remaining is 1h:57m
2024-04-11 18:16:28 INFO Epoch 70/160	Training Loss: 1.9064	Time remaining is 1h:55m
2024-04-11 18:17:44 INFO Epoch 71/160	Training Loss: 1.9049	Time remaining is 1h:54m
2024-04-11 18:19:00 INFO Epoch 72/160	Training Loss: 1.9004	Time remaining is 1h:53m
2024-04-11 18:20:16 INFO Epoch 73/160	Training Loss: 1.8980	Time remaining is 1h:52m
2024-04-11 18:21:32 INFO Epoch 74/160	Training Loss: 1.8874	Time remaining is 1h:50m
2024-04-11 18:22:48 INFO Epoch 75/160	Training Loss: 1.8873	Time remaining is 1h:49m
2024-04-11 18:24:04 INFO Epoch 76/160	Training Loss: 1.8838	Time remaining is 1h:48m
2024-04-11 18:25:20 INFO Epoch 77/160	Training Loss: 1.8955	Time remaining is 1h:47m
2024-04-11 18:26:36 INFO Epoch 78/160	Training Loss: 1.8866	Time remaining is 1h:45m
2024-04-11 18:27:53 INFO Epoch 79/160	Training Loss: 1.8944	Time remaining is 1h:44m
2024-04-11 18:29:09 INFO Epoch 80/160	Training Loss: 1.8951	Time remaining is 1h:43m
2024-04-11 18:30:25 INFO Epoch 81/160	Training Loss: 1.8931	Time remaining is 1h:41m
2024-04-11 18:31:41 INFO Epoch 82/160	Training Loss: 1.8937	Time remaining is 1h:40m
2024-04-11 18:32:57 INFO Epoch 83/160	Training Loss: 1.8935	Time remaining is 1h:39m
2024-04-11 18:34:13 INFO Epoch 84/160	Training Loss: 1.8917	Time remaining is 1h:38m
2024-04-11 18:35:29 INFO Epoch 85/160	Training Loss: 1.8945	Time remaining is 1h:36m
2024-04-11 18:36:45 INFO Epoch 86/160	Training Loss: 1.8936	Time remaining is 1h:35m
2024-04-11 18:38:01 INFO Epoch 87/160	Training Loss: 1.8923	Time remaining is 1h:34m
2024-04-11 18:39:17 INFO Epoch 88/160	Training Loss: 1.8816	Time remaining is 1h:33m
2024-04-11 18:40:33 INFO Epoch 89/160	Training Loss: 1.8920	Time remaining is 1h:31m
2024-04-11 18:41:49 INFO Epoch 90/160	Training Loss: 1.8925	Time remaining is 1h:30m
2024-04-11 18:43:16 INFO Testing: dataset_name: market1501 top1:0.9507 top5:0.9834 top10:0.9899 mAP:0.8721
2024-04-11 18:44:32 INFO Epoch 91/160	Training Loss: 1.8920	Time remaining is 1h:30m
2024-04-11 18:45:48 INFO Epoch 92/160	Training Loss: 1.8808	Time remaining is 1h:29m
2024-04-11 18:47:04 INFO Epoch 93/160	Training Loss: 1.8934	Time remaining is 1h:27m
2024-04-11 18:48:20 INFO Epoch 94/160	Training Loss: 1.8909	Time remaining is 1h:26m
2024-04-11 18:49:35 INFO Epoch 95/160	Training Loss: 1.8806	Time remaining is 1h:25m
2024-04-11 18:51:03 INFO Testing: dataset_name: market1501 top1:0.9516 top5:0.9831 top10:0.9893 mAP:0.8736
2024-04-11 18:52:19 INFO Epoch 96/160	Training Loss: 1.8919	Time remaining is 1h:24m
2024-04-11 18:53:34 INFO Epoch 97/160	Training Loss: 1.8794	Time remaining is 1h:23m
2024-04-11 18:54:51 INFO Epoch 98/160	Training Loss: 1.8931	Time remaining is 1h:22m
2024-04-11 18:56:07 INFO Epoch 99/160	Training Loss: 1.8904	Time remaining is 1h:20m
2024-04-11 18:57:23 INFO Epoch 100/160	Training Loss: 1.8888	Time remaining is 1h:19m
2024-04-11 18:58:50 INFO Testing: dataset_name: market1501 top1:0.9498 top5:0.9840 top10:0.9899 mAP:0.8730
2024-04-11 19:00:06 INFO Epoch 101/160	Training Loss: 1.8914	Time remaining is 1h:19m
2024-04-11 19:01:22 INFO Epoch 102/160	Training Loss: 1.8892	Time remaining is 1h:17m
2024-04-11 19:02:38 INFO Epoch 103/160	Training Loss: 1.8887	Time remaining is 1h:16m
2024-04-11 19:03:54 INFO Epoch 104/160	Training Loss: 1.8882	Time remaining is 1h:15m
2024-04-11 19:05:10 INFO Epoch 105/160	Training Loss: 1.8991	Time remaining is 1h:13m
2024-04-11 19:06:37 INFO Testing: dataset_name: market1501 top1:0.9507 top5:0.9846 top10:0.9902 mAP:0.8735
2024-04-11 19:07:54 INFO Epoch 106/160	Training Loss: 1.8902	Time remaining is 1h:13m
2024-04-11 19:09:09 INFO Epoch 107/160	Training Loss: 1.8793	Time remaining is 1h:11m
2024-04-11 19:10:25 INFO Epoch 108/160	Training Loss: 1.8899	Time remaining is 1h:10m
2024-04-11 19:11:41 INFO Epoch 109/160	Training Loss: 1.8886	Time remaining is 1h:9m
2024-04-11 19:12:57 INFO Epoch 110/160	Training Loss: 1.8876	Time remaining is 1h:7m
2024-04-11 19:14:24 INFO Testing: dataset_name: market1501 top1:0.9519 top5:0.9843 top10:0.9908 mAP:0.8742
2024-04-11 19:15:40 INFO Epoch 111/160	Training Loss: 1.8777	Time remaining is 1h:7m
2024-04-11 19:16:56 INFO Epoch 112/160	Training Loss: 1.8875	Time remaining is 1h:5m
2024-04-11 19:18:12 INFO Epoch 113/160	Training Loss: 1.8880	Time remaining is 1h:4m
2024-04-11 19:19:28 INFO Epoch 114/160	Training Loss: 1.8795	Time remaining is 1h:3m
2024-04-11 19:20:44 INFO Epoch 115/160	Training Loss: 1.8954	Time remaining is 1h:1m
2024-04-11 19:22:11 INFO Testing: dataset_name: market1501 top1:0.9519 top5:0.9834 top10:0.9905 mAP:0.8741
2024-04-11 19:23:27 INFO Epoch 116/160	Training Loss: 1.8874	Time remaining is 1h:0m
2024-04-11 19:24:43 INFO Epoch 117/160	Training Loss: 1.8890	Time remaining is 0h:59m
2024-04-11 19:25:59 INFO Epoch 118/160	Training Loss: 1.8869	Time remaining is 0h:58m
2024-04-11 19:27:16 INFO Epoch 119/160	Training Loss: 1.8969	Time remaining is 0h:56m
2024-04-11 19:28:31 INFO Epoch 120/160	Training Loss: 1.8760	Time remaining is 0h:55m
2024-04-11 19:29:58 INFO Testing: dataset_name: market1501 top1:0.9525 top5:0.9840 top10:0.9896 mAP:0.8759
2024-04-11 19:31:14 INFO Epoch 121/160	Training Loss: 1.8857	Time remaining is 0h:54m
2024-04-11 19:32:30 INFO Epoch 122/160	Training Loss: 1.8852	Time remaining is 0h:53m
2024-04-11 19:33:47 INFO Epoch 123/160	Training Loss: 1.8850	Time remaining is 0h:51m
2024-04-11 19:35:02 INFO Epoch 124/160	Training Loss: 1.8775	Time remaining is 0h:50m
2024-04-11 19:36:18 INFO Epoch 125/160	Training Loss: 1.8869	Time remaining is 0h:49m
2024-04-11 19:37:46 INFO Testing: dataset_name: market1501 top1:0.9516 top5:0.9840 top10:0.9908 mAP:0.8759
2024-04-11 19:39:02 INFO Epoch 126/160	Training Loss: 1.8869	Time remaining is 0h:48m
2024-04-11 19:40:18 INFO Epoch 127/160	Training Loss: 1.8855	Time remaining is 0h:46m
2024-04-11 19:41:34 INFO Epoch 128/160	Training Loss: 1.8848	Time remaining is 0h:45m
2024-04-11 19:42:50 INFO Epoch 129/160	Training Loss: 1.8865	Time remaining is 0h:43m
2024-04-11 19:44:06 INFO Epoch 130/160	Training Loss: 1.8868	Time remaining is 0h:42m
2024-04-11 19:45:33 INFO Testing: dataset_name: market1501 top1:0.9522 top5:0.9831 top10:0.9893 mAP:0.8765
2024-04-11 19:46:48 INFO Epoch 131/160	Training Loss: 1.8770	Time remaining is 0h:41m
2024-04-11 19:48:04 INFO Epoch 132/160	Training Loss: 1.8841	Time remaining is 0h:40m
2024-04-11 19:49:20 INFO Epoch 133/160	Training Loss: 1.8754	Time remaining is 0h:38m
2024-04-11 19:50:36 INFO Epoch 134/160	Training Loss: 1.8855	Time remaining is 0h:37m
2024-04-11 19:51:52 INFO Epoch 135/160	Training Loss: 1.8761	Time remaining is 0h:35m
2024-04-11 19:53:19 INFO Testing: dataset_name: market1501 top1:0.9519 top5:0.9837 top10:0.9908 mAP:0.8779
2024-04-11 19:54:34 INFO Epoch 136/160	Training Loss: 1.8758	Time remaining is 0h:34m
2024-04-11 19:55:50 INFO Epoch 137/160	Training Loss: 1.8850	Time remaining is 0h:33m
2024-04-11 19:57:06 INFO Epoch 138/160	Training Loss: 1.8845	Time remaining is 0h:32m
2024-04-11 19:58:22 INFO Epoch 139/160	Training Loss: 1.8741	Time remaining is 0h:30m
2024-04-11 19:59:38 INFO Epoch 140/160	Training Loss: 1.8836	Time remaining is 0h:29m
2024-04-11 20:01:05 INFO Testing: dataset_name: market1501 top1:0.9528 top5:0.9837 top10:0.9908 mAP:0.8775
2024-04-11 20:02:21 INFO Epoch 141/160	Training Loss: 1.8843	Time remaining is 0h:28m
2024-04-11 20:03:37 INFO Epoch 142/160	Training Loss: 1.8828	Time remaining is 0h:26m
2024-04-11 20:04:53 INFO Epoch 143/160	Training Loss: 1.8843	Time remaining is 0h:25m
2024-04-11 20:06:09 INFO Epoch 144/160	Training Loss: 1.8825	Time remaining is 0h:23m
2024-04-11 20:07:25 INFO Epoch 145/160	Training Loss: 1.8853	Time remaining is 0h:22m
2024-04-11 20:08:52 INFO Testing: dataset_name: market1501 top1:0.9522 top5:0.9834 top10:0.9902 mAP:0.8780
2024-04-11 20:10:08 INFO Epoch 146/160	Training Loss: 1.8824	Time remaining is 0h:21m
2024-04-11 20:11:24 INFO Epoch 147/160	Training Loss: 1.8834	Time remaining is 0h:19m
2024-04-11 20:12:40 INFO Epoch 148/160	Training Loss: 1.8833	Time remaining is 0h:18m
2024-04-11 20:13:57 INFO Epoch 149/160	Training Loss: 1.8925	Time remaining is 0h:17m
2024-04-11 20:15:12 INFO Epoch 150/160	Training Loss: 1.8724	Time remaining is 0h:15m
2024-04-11 20:16:39 INFO Testing: dataset_name: market1501 top1:0.9516 top5:0.9837 top10:0.9905 mAP:0.8774
2024-04-11 20:17:55 INFO Epoch 151/160	Training Loss: 1.8823	Time remaining is 0h:14m
2024-04-11 20:19:11 INFO Epoch 152/160	Training Loss: 1.8816	Time remaining is 0h:13m
2024-04-11 20:20:27 INFO Epoch 153/160	Training Loss: 1.8817	Time remaining is 0h:11m
2024-04-11 20:21:43 INFO Epoch 154/160	Training Loss: 1.8827	Time remaining is 0h:10m
2024-04-11 20:22:59 INFO Epoch 155/160	Training Loss: 1.8830	Time remaining is 0h:8m
2024-04-11 20:24:26 INFO Testing: dataset_name: market1501 top1:0.9546 top5:0.9849 top10:0.9905 mAP:0.8789
2024-04-11 20:25:42 INFO Epoch 156/160	Training Loss: 1.8735	Time remaining is 0h:7m
2024-04-11 20:26:58 INFO Epoch 157/160	Training Loss: 1.8824	Time remaining is 0h:6m
2024-04-11 20:28:14 INFO Epoch 158/160	Training Loss: 1.8730	Time remaining is 0h:4m
2024-04-11 20:29:30 INFO Epoch 159/160	Training Loss: 1.8811	Time remaining is 0h:3m
2024-04-11 20:30:46 INFO Epoch 160/160	Training Loss: 1.8706	Time remaining is 0h:1m
2024-04-11 20:32:13 INFO Testing: dataset_name: market1501 top1:0.9531 top5:0.9834 top10:0.9902 mAP:0.8775
2024-04-11 20:32:13 INFO The running time of training: 1.34715e+04 s
