2024-04-12 15:59:13 INFO ##################################################
2024-04-12 15:59:13 INFO Config values: batch_size: 60	current_directory: /home/hy/project/reid_task/ex_main6	dataset_name: market1501	dataset_path: /home/hy/project/data/Market-1501-v15.09.15	device: cuda	dtype: torch.float32	epoch_start_test: 90	epochs: 160	img_height: 256	img_width: 128	logs_outputs_path: /home/hy/project/reid_task/ex_main6/./outputs/logs	models_outputs_path: /home/hy/project/reid_task/ex_main6/./outputs/models	np: <module 'numpy' from '/home/hy/anaconda3/envs/py396/lib/python3.9/site-packages/numpy/__init__.py'>	os: <module 'os' from '/home/hy/anaconda3/envs/py396/lib/python3.9/os.py'>	outputs_dir: ./outputs/	outputs_path: /home/hy/project/reid_task/ex_main6/./outputs/	print_every: 1	seed: 1	taskname: ReID_Task	temps_outputs_path: /home/hy/project/reid_task/ex_main6/./outputs/temps	test_batch_size: 256	test_every: 5	torch: <module 'torch' from '/home/hy/anaconda3/envs/py396/lib/python3.9/site-packages/torch/__init__.py'>
2024-04-12 15:59:13 INFO Task: ReID_Task
2024-04-12 15:59:13 INFO Using device: cuda
2024-04-12 15:59:13 INFO Using data type: torch.float32
2024-04-12 15:59:13 INFO Number of GPUs: 1
2024-04-12 15:59:13 INFO GPU is_available: True
2024-04-12 15:59:13 INFO GPU name: NVIDIA GeForce RTX 3060
2024-04-12 15:59:13 INFO CUDA version: 12.1
2024-04-12 15:59:13 INFO Current device id: 0
2024-04-12 15:59:13 INFO ##################################################
2024-04-12 16:00:31 INFO Epoch 1/160	Training Loss: 9.6287	Time remaining is 3h:25m
2024-04-12 16:01:47 INFO Epoch 2/160	Training Loss: 8.1578	Time remaining is 3h:23m
2024-04-12 16:03:02 INFO Epoch 3/160	Training Loss: 6.3031	Time remaining is 3h:21m
2024-04-12 16:04:19 INFO Epoch 4/160	Training Loss: 4.8380	Time remaining is 3h:20m
2024-04-12 16:05:35 INFO Epoch 5/160	Training Loss: 3.7792	Time remaining is 3h:18m
2024-04-12 16:06:50 INFO Epoch 6/160	Training Loss: 3.0849	Time remaining is 3h:17m
2024-04-12 16:08:06 INFO Epoch 7/160	Training Loss: 2.7335	Time remaining is 3h:15m
2024-04-12 16:09:22 INFO Epoch 8/160	Training Loss: 2.5387	Time remaining is 3h:14m
2024-04-12 16:10:38 INFO Epoch 9/160	Training Loss: 2.4323	Time remaining is 3h:13m
2024-04-12 16:11:54 INFO Epoch 10/160	Training Loss: 2.3540	Time remaining is 3h:11m
2024-04-12 16:13:10 INFO Epoch 11/160	Training Loss: 2.3129	Time remaining is 3h:10m
2024-04-12 16:14:26 INFO Epoch 12/160	Training Loss: 2.2652	Time remaining is 3h:9m
2024-04-12 16:15:42 INFO Epoch 13/160	Training Loss: 2.2094	Time remaining is 3h:8m
2024-04-12 16:16:58 INFO Epoch 14/160	Training Loss: 2.1975	Time remaining is 3h:6m
2024-04-12 16:18:14 INFO Epoch 15/160	Training Loss: 2.1707	Time remaining is 3h:5m
2024-04-12 16:19:30 INFO Epoch 16/160	Training Loss: 2.1565	Time remaining is 3h:4m
2024-04-12 16:20:46 INFO Epoch 17/160	Training Loss: 2.1344	Time remaining is 3h:3m
2024-04-12 16:22:02 INFO Epoch 18/160	Training Loss: 2.1207	Time remaining is 3h:1m
2024-04-12 16:23:18 INFO Epoch 19/160	Training Loss: 2.1286	Time remaining is 2h:60m
2024-04-12 16:24:34 INFO Epoch 20/160	Training Loss: 2.1256	Time remaining is 2h:59m
2024-04-12 16:25:50 INFO Epoch 21/160	Training Loss: 2.1145	Time remaining is 2h:57m
2024-04-12 16:27:06 INFO Epoch 22/160	Training Loss: 2.1142	Time remaining is 2h:56m
2024-04-12 16:28:21 INFO Epoch 23/160	Training Loss: 2.1075	Time remaining is 2h:55m
2024-04-12 16:29:37 INFO Epoch 24/160	Training Loss: 2.1203	Time remaining is 2h:53m
2024-04-12 16:30:53 INFO Epoch 25/160	Training Loss: 2.1145	Time remaining is 2h:52m
2024-04-12 16:32:10 INFO Epoch 26/160	Training Loss: 2.1244	Time remaining is 2h:51m
2024-04-12 16:33:26 INFO Epoch 27/160	Training Loss: 2.1070	Time remaining is 2h:50m
2024-04-12 16:34:42 INFO Epoch 28/160	Training Loss: 2.1055	Time remaining is 2h:48m
2024-04-12 16:35:57 INFO Epoch 29/160	Training Loss: 2.1065	Time remaining is 2h:47m
2024-04-12 16:37:13 INFO Epoch 30/160	Training Loss: 2.0953	Time remaining is 2h:46m
2024-04-12 16:38:29 INFO Epoch 31/160	Training Loss: 2.0984	Time remaining is 2h:45m
2024-04-12 16:39:45 INFO Epoch 32/160	Training Loss: 2.1082	Time remaining is 2h:43m
2024-04-12 16:41:01 INFO Epoch 33/160	Training Loss: 2.1005	Time remaining is 2h:42m
2024-04-12 16:42:17 INFO Epoch 34/160	Training Loss: 2.1048	Time remaining is 2h:41m
2024-04-12 16:43:33 INFO Epoch 35/160	Training Loss: 2.1045	Time remaining is 2h:40m
2024-04-12 16:44:49 INFO Epoch 36/160	Training Loss: 2.0926	Time remaining is 2h:38m
2024-04-12 16:46:06 INFO Epoch 37/160	Training Loss: 2.0889	Time remaining is 2h:37m
2024-04-12 16:47:22 INFO Epoch 38/160	Training Loss: 2.0999	Time remaining is 2h:36m
2024-04-12 16:48:38 INFO Epoch 39/160	Training Loss: 2.0945	Time remaining is 2h:35m
2024-04-12 16:49:54 INFO Epoch 40/160	Training Loss: 2.0881	Time remaining is 2h:33m
2024-04-12 16:51:10 INFO Epoch 41/160	Training Loss: 2.0301	Time remaining is 2h:32m
2024-04-12 16:52:25 INFO Epoch 42/160	Training Loss: 1.9610	Time remaining is 2h:31m
2024-04-12 16:53:41 INFO Epoch 43/160	Training Loss: 1.9571	Time remaining is 2h:29m
2024-04-12 16:54:58 INFO Epoch 44/160	Training Loss: 1.9495	Time remaining is 2h:28m
2024-04-12 16:56:14 INFO Epoch 45/160	Training Loss: 1.9423	Time remaining is 2h:27m
2024-04-12 16:57:30 INFO Epoch 46/160	Training Loss: 1.9412	Time remaining is 2h:26m
2024-04-12 16:58:46 INFO Epoch 47/160	Training Loss: 1.9253	Time remaining is 2h:24m
2024-04-12 17:00:02 INFO Epoch 48/160	Training Loss: 1.9347	Time remaining is 2h:23m
2024-04-12 17:01:18 INFO Epoch 49/160	Training Loss: 1.9212	Time remaining is 2h:22m
2024-04-12 17:02:34 INFO Epoch 50/160	Training Loss: 1.9291	Time remaining is 2h:21m
2024-04-12 17:03:50 INFO Epoch 51/160	Training Loss: 1.9157	Time remaining is 2h:19m
2024-04-12 17:05:06 INFO Epoch 52/160	Training Loss: 1.9228	Time remaining is 2h:18m
2024-04-12 17:06:22 INFO Epoch 53/160	Training Loss: 1.9215	Time remaining is 2h:17m
2024-04-12 17:07:38 INFO Epoch 54/160	Training Loss: 1.9189	Time remaining is 2h:16m
2024-04-12 17:08:54 INFO Epoch 55/160	Training Loss: 1.9204	Time remaining is 2h:14m
2024-04-12 17:10:10 INFO Epoch 56/160	Training Loss: 1.9174	Time remaining is 2h:13m
2024-04-12 17:11:25 INFO Epoch 57/160	Training Loss: 1.9062	Time remaining is 2h:12m
2024-04-12 17:12:42 INFO Epoch 58/160	Training Loss: 1.9166	Time remaining is 2h:10m
2024-04-12 17:13:58 INFO Epoch 59/160	Training Loss: 1.9173	Time remaining is 2h:9m
2024-04-12 17:15:14 INFO Epoch 60/160	Training Loss: 1.9125	Time remaining is 2h:8m
2024-04-12 17:16:30 INFO Epoch 61/160	Training Loss: 1.9138	Time remaining is 2h:7m
2024-04-12 17:17:46 INFO Epoch 62/160	Training Loss: 1.9119	Time remaining is 2h:5m
2024-04-12 17:19:02 INFO Epoch 63/160	Training Loss: 1.9107	Time remaining is 2h:4m
2024-04-12 17:20:18 INFO Epoch 64/160	Training Loss: 1.9097	Time remaining is 2h:3m
2024-04-12 17:21:34 INFO Epoch 65/160	Training Loss: 1.9065	Time remaining is 2h:2m
2024-04-12 17:22:50 INFO Epoch 66/160	Training Loss: 1.9064	Time remaining is 2h:0m
2024-04-12 17:24:06 INFO Epoch 67/160	Training Loss: 1.9151	Time remaining is 1h:59m
2024-04-12 17:25:22 INFO Epoch 68/160	Training Loss: 1.9059	Time remaining is 1h:58m
2024-04-12 17:26:38 INFO Epoch 69/160	Training Loss: 1.8988	Time remaining is 1h:57m
2024-04-12 17:27:54 INFO Epoch 70/160	Training Loss: 1.9044	Time remaining is 1h:55m
2024-04-12 17:29:10 INFO Epoch 71/160	Training Loss: 1.9025	Time remaining is 1h:54m
2024-04-12 17:30:26 INFO Epoch 72/160	Training Loss: 1.8980	Time remaining is 1h:53m
2024-04-12 17:31:42 INFO Epoch 73/160	Training Loss: 1.8954	Time remaining is 1h:51m
2024-04-12 17:32:58 INFO Epoch 74/160	Training Loss: 1.8849	Time remaining is 1h:50m
2024-04-12 17:34:13 INFO Epoch 75/160	Training Loss: 1.8846	Time remaining is 1h:49m
2024-04-12 17:35:29 INFO Epoch 76/160	Training Loss: 1.8815	Time remaining is 1h:48m
2024-04-12 17:36:45 INFO Epoch 77/160	Training Loss: 1.8926	Time remaining is 1h:46m
2024-04-12 17:38:01 INFO Epoch 78/160	Training Loss: 1.8835	Time remaining is 1h:45m
2024-04-12 17:39:17 INFO Epoch 79/160	Training Loss: 1.8919	Time remaining is 1h:44m
2024-04-12 17:40:33 INFO Epoch 80/160	Training Loss: 1.8923	Time remaining is 1h:43m
2024-04-12 17:41:50 INFO Epoch 81/160	Training Loss: 1.8909	Time remaining is 1h:41m
2024-04-12 17:43:06 INFO Epoch 82/160	Training Loss: 1.8911	Time remaining is 1h:40m
2024-04-12 17:44:22 INFO Epoch 83/160	Training Loss: 1.8910	Time remaining is 1h:39m
2024-04-12 17:45:38 INFO Epoch 84/160	Training Loss: 1.8887	Time remaining is 1h:38m
2024-04-12 17:46:54 INFO Epoch 85/160	Training Loss: 1.8920	Time remaining is 1h:36m
2024-04-12 17:48:10 INFO Epoch 86/160	Training Loss: 1.8909	Time remaining is 1h:35m
2024-04-12 17:49:27 INFO Epoch 87/160	Training Loss: 1.8894	Time remaining is 1h:34m
2024-04-12 17:50:42 INFO Epoch 88/160	Training Loss: 1.8795	Time remaining is 1h:32m
2024-04-12 17:51:59 INFO Epoch 89/160	Training Loss: 1.8891	Time remaining is 1h:31m
2024-04-12 17:53:15 INFO Epoch 90/160	Training Loss: 1.8901	Time remaining is 1h:30m
2024-04-12 17:54:42 INFO Testing: dataset_name: market1501 top1:0.9519 top5:0.9857 top10:0.9917 mAP:0.8718
2024-04-12 17:55:58 INFO Epoch 91/160	Training Loss: 1.8900	Time remaining is 1h:30m
2024-04-12 17:57:13 INFO Epoch 92/160	Training Loss: 1.8788	Time remaining is 1h:28m
2024-04-12 17:58:29 INFO Epoch 93/160	Training Loss: 1.8911	Time remaining is 1h:27m
2024-04-12 17:59:46 INFO Epoch 94/160	Training Loss: 1.8884	Time remaining is 1h:26m
2024-04-12 18:01:01 INFO Epoch 95/160	Training Loss: 1.8785	Time remaining is 1h:25m
2024-04-12 18:02:28 INFO Testing: dataset_name: market1501 top1:0.9513 top5:0.9872 top10:0.9917 mAP:0.8728
2024-04-12 18:03:44 INFO Epoch 96/160	Training Loss: 1.8891	Time remaining is 1h:24m
2024-04-12 18:05:00 INFO Epoch 97/160	Training Loss: 1.8773	Time remaining is 1h:23m
2024-04-12 18:06:16 INFO Epoch 98/160	Training Loss: 1.8903	Time remaining is 1h:22m
2024-04-12 18:07:32 INFO Epoch 99/160	Training Loss: 1.8876	Time remaining is 1h:20m
2024-04-12 18:08:48 INFO Epoch 100/160	Training Loss: 1.8857	Time remaining is 1h:19m
2024-04-12 18:10:15 INFO Testing: dataset_name: market1501 top1:0.9510 top5:0.9863 top10:0.9923 mAP:0.8726
2024-04-12 18:11:31 INFO Epoch 101/160	Training Loss: 1.8889	Time remaining is 1h:19m
2024-04-12 18:12:47 INFO Epoch 102/160	Training Loss: 1.8866	Time remaining is 1h:17m
2024-04-12 18:14:03 INFO Epoch 103/160	Training Loss: 1.8861	Time remaining is 1h:16m
2024-04-12 18:15:19 INFO Epoch 104/160	Training Loss: 1.8855	Time remaining is 1h:15m
2024-04-12 18:16:35 INFO Epoch 105/160	Training Loss: 1.8966	Time remaining is 1h:13m
2024-04-12 18:18:02 INFO Testing: dataset_name: market1501 top1:0.9516 top5:0.9866 top10:0.9920 mAP:0.8728
2024-04-12 18:19:18 INFO Epoch 106/160	Training Loss: 1.8878	Time remaining is 1h:13m
2024-04-12 18:20:33 INFO Epoch 107/160	Training Loss: 1.8770	Time remaining is 1h:11m
2024-04-12 18:21:49 INFO Epoch 108/160	Training Loss: 1.8868	Time remaining is 1h:10m
2024-04-12 18:23:05 INFO Epoch 109/160	Training Loss: 1.8859	Time remaining is 1h:9m
2024-04-12 18:24:21 INFO Epoch 110/160	Training Loss: 1.8850	Time remaining is 1h:7m
2024-04-12 18:25:48 INFO Testing: dataset_name: market1501 top1:0.9519 top5:0.9855 top10:0.9929 mAP:0.8734
2024-04-12 18:27:04 INFO Epoch 111/160	Training Loss: 1.8741	Time remaining is 1h:7m
2024-04-12 18:28:20 INFO Epoch 112/160	Training Loss: 1.8848	Time remaining is 1h:5m
2024-04-12 18:29:36 INFO Epoch 113/160	Training Loss: 1.8855	Time remaining is 1h:4m
2024-04-12 18:30:51 INFO Epoch 114/160	Training Loss: 1.8770	Time remaining is 1h:3m
2024-04-12 18:32:08 INFO Epoch 115/160	Training Loss: 1.8931	Time remaining is 1h:1m
2024-04-12 18:33:35 INFO Testing: dataset_name: market1501 top1:0.9495 top5:0.9852 top10:0.9929 mAP:0.8739
2024-04-12 18:34:51 INFO Epoch 116/160	Training Loss: 1.8848	Time remaining is 1h:0m
2024-04-12 18:36:07 INFO Epoch 117/160	Training Loss: 1.8864	Time remaining is 0h:59m
2024-04-12 18:37:23 INFO Epoch 118/160	Training Loss: 1.8843	Time remaining is 0h:58m
2024-04-12 18:38:39 INFO Epoch 119/160	Training Loss: 1.8942	Time remaining is 0h:56m
2024-04-12 18:39:55 INFO Epoch 120/160	Training Loss: 1.8736	Time remaining is 0h:55m
2024-04-12 18:41:22 INFO Testing: dataset_name: market1501 top1:0.9519 top5:0.9857 top10:0.9923 mAP:0.8755
2024-04-12 18:42:38 INFO Epoch 121/160	Training Loss: 1.8831	Time remaining is 0h:54m
2024-04-12 18:43:54 INFO Epoch 122/160	Training Loss: 1.8823	Time remaining is 0h:53m
2024-04-12 18:45:10 INFO Epoch 123/160	Training Loss: 1.8829	Time remaining is 0h:51m
2024-04-12 18:46:26 INFO Epoch 124/160	Training Loss: 1.8749	Time remaining is 0h:50m
2024-04-12 18:47:42 INFO Epoch 125/160	Training Loss: 1.8841	Time remaining is 0h:49m
2024-04-12 18:49:09 INFO Testing: dataset_name: market1501 top1:0.9516 top5:0.9860 top10:0.9929 mAP:0.8762
2024-04-12 18:50:24 INFO Epoch 126/160	Training Loss: 1.8842	Time remaining is 0h:48m
2024-04-12 18:51:40 INFO Epoch 127/160	Training Loss: 1.8826	Time remaining is 0h:46m
2024-04-12 18:52:56 INFO Epoch 128/160	Training Loss: 1.8822	Time remaining is 0h:45m
2024-04-12 18:54:12 INFO Epoch 129/160	Training Loss: 1.8837	Time remaining is 0h:43m
2024-04-12 18:55:28 INFO Epoch 130/160	Training Loss: 1.8841	Time remaining is 0h:42m
2024-04-12 18:56:55 INFO Testing: dataset_name: market1501 top1:0.9519 top5:0.9872 top10:0.9932 mAP:0.8760
2024-04-12 18:58:10 INFO Epoch 131/160	Training Loss: 1.8746	Time remaining is 0h:41m
2024-04-12 18:59:26 INFO Epoch 132/160	Training Loss: 1.8812	Time remaining is 0h:40m
2024-04-12 19:00:42 INFO Epoch 133/160	Training Loss: 1.8728	Time remaining is 0h:38m
2024-04-12 19:01:58 INFO Epoch 134/160	Training Loss: 1.8828	Time remaining is 0h:37m
2024-04-12 19:03:13 INFO Epoch 135/160	Training Loss: 1.8743	Time remaining is 0h:35m
2024-04-12 19:04:40 INFO Testing: dataset_name: market1501 top1:0.9531 top5:0.9863 top10:0.9929 mAP:0.8768
2024-04-12 19:05:56 INFO Epoch 136/160	Training Loss: 1.8729	Time remaining is 0h:34m
2024-04-12 19:07:12 INFO Epoch 137/160	Training Loss: 1.8822	Time remaining is 0h:33m
2024-04-12 19:08:28 INFO Epoch 138/160	Training Loss: 1.8821	Time remaining is 0h:32m
2024-04-12 19:09:44 INFO Epoch 139/160	Training Loss: 1.8715	Time remaining is 0h:30m
2024-04-12 19:11:00 INFO Epoch 140/160	Training Loss: 1.8810	Time remaining is 0h:29m
2024-04-12 19:12:27 INFO Testing: dataset_name: market1501 top1:0.9531 top5:0.9863 top10:0.9932 mAP:0.8762
2024-04-12 19:13:43 INFO Epoch 141/160	Training Loss: 1.8816	Time remaining is 0h:28m
2024-04-12 19:14:59 INFO Epoch 142/160	Training Loss: 1.8807	Time remaining is 0h:26m
2024-04-12 19:16:15 INFO Epoch 143/160	Training Loss: 1.8820	Time remaining is 0h:25m
2024-04-12 19:17:31 INFO Epoch 144/160	Training Loss: 1.8795	Time remaining is 0h:23m
2024-04-12 19:18:47 INFO Epoch 145/160	Training Loss: 1.8818	Time remaining is 0h:22m
2024-04-12 19:20:14 INFO Testing: dataset_name: market1501 top1:0.9534 top5:0.9869 top10:0.9926 mAP:0.8781
2024-04-12 19:21:30 INFO Epoch 146/160	Training Loss: 1.8800	Time remaining is 0h:21m
2024-04-12 19:22:46 INFO Epoch 147/160	Training Loss: 1.8803	Time remaining is 0h:19m
2024-04-12 19:24:03 INFO Epoch 148/160	Training Loss: 1.8811	Time remaining is 0h:18m
2024-04-12 19:25:19 INFO Epoch 149/160	Training Loss: 1.8898	Time remaining is 0h:17m
2024-04-12 19:26:35 INFO Epoch 150/160	Training Loss: 1.8704	Time remaining is 0h:15m
2024-04-12 19:28:02 INFO Testing: dataset_name: market1501 top1:0.9528 top5:0.9866 top10:0.9920 mAP:0.8783
2024-04-12 19:29:18 INFO Epoch 151/160	Training Loss: 1.8794	Time remaining is 0h:14m
2024-04-12 19:30:34 INFO Epoch 152/160	Training Loss: 1.8787	Time remaining is 0h:13m
2024-04-12 19:31:49 INFO Epoch 153/160	Training Loss: 1.8790	Time remaining is 0h:11m
2024-04-12 19:33:05 INFO Epoch 154/160	Training Loss: 1.8797	Time remaining is 0h:10m
2024-04-12 19:34:21 INFO Epoch 155/160	Training Loss: 1.8812	Time remaining is 0h:8m
2024-04-12 19:35:48 INFO Testing: dataset_name: market1501 top1:0.9552 top5:0.9863 top10:0.9926 mAP:0.8791
2024-04-12 19:37:04 INFO Epoch 156/160	Training Loss: 1.8709	Time remaining is 0h:7m
2024-04-12 19:38:20 INFO Epoch 157/160	Training Loss: 1.8800	Time remaining is 0h:6m
2024-04-12 19:39:36 INFO Epoch 158/160	Training Loss: 1.8709	Time remaining is 0h:4m
2024-04-12 19:40:52 INFO Epoch 159/160	Training Loss: 1.8785	Time remaining is 0h:3m
2024-04-12 19:42:08 INFO Epoch 160/160	Training Loss: 1.8685	Time remaining is 0h:1m
2024-04-12 19:43:36 INFO Testing: dataset_name: market1501 top1:0.9525 top5:0.9860 top10:0.9926 mAP:0.8779
2024-04-12 19:43:36 INFO The running time of training: 1.34633e+04 s
