2024-04-10 05:35:36 INFO ##################################################
2024-04-10 05:35:36 INFO Config values: batch_size: 60	current_directory: /home/hy/project/reid_task/ex_main4	dataset_name: market1501	dataset_path: /home/hy/project/data/Market-1501-v15.09.15	device: cuda	dtype: torch.float32	epoch_start_test: 90	epochs: 120	img_height: 256	img_width: 128	logs_outputs_path: /home/hy/project/reid_task/ex_main4/./outputs/logs	models_outputs_path: /home/hy/project/reid_task/ex_main4/./outputs/models	np: <module 'numpy' from '/home/hy/anaconda3/envs/py396/lib/python3.9/site-packages/numpy/__init__.py'>	os: <module 'os' from '/home/hy/anaconda3/envs/py396/lib/python3.9/os.py'>	outputs_dir: ./outputs/	outputs_path: /home/hy/project/reid_task/ex_main4/./outputs/	print_every: 1	seed: 1	taskname: ReID_Task	temps_outputs_path: /home/hy/project/reid_task/ex_main4/./outputs/temps	test_batch_size: 256	test_every: 5	torch: <module 'torch' from '/home/hy/anaconda3/envs/py396/lib/python3.9/site-packages/torch/__init__.py'>
2024-04-10 05:35:36 INFO Task: ReID_Task
2024-04-10 05:35:36 INFO Using device: cuda
2024-04-10 05:35:36 INFO Using data type: torch.float32
2024-04-10 05:35:36 INFO Number of GPUs: 1
2024-04-10 05:35:36 INFO GPU is_available: True
2024-04-10 05:35:36 INFO GPU name: NVIDIA GeForce RTX 3060
2024-04-10 05:35:36 INFO CUDA version: 12.1
2024-04-10 05:35:36 INFO Current device id: 0
2024-04-10 05:35:36 INFO ##################################################
2024-04-10 05:36:54 INFO Epoch 1/120	Training Loss: 9.6290	Time remaining is 2h:34m
2024-04-10 05:38:10 INFO Epoch 2/120	Training Loss: 8.1491	Time remaining is 2h:32m
2024-04-10 05:39:26 INFO Epoch 3/120	Training Loss: 6.2951	Time remaining is 2h:30m
2024-04-10 05:40:43 INFO Epoch 4/120	Training Loss: 4.8273	Time remaining is 2h:29m
2024-04-10 05:41:59 INFO Epoch 5/120	Training Loss: 3.7725	Time remaining is 2h:27m
2024-04-10 05:43:14 INFO Epoch 6/120	Training Loss: 3.0829	Time remaining is 2h:26m
2024-04-10 05:44:30 INFO Epoch 7/120	Training Loss: 2.7275	Time remaining is 2h:25m
2024-04-10 05:45:46 INFO Epoch 8/120	Training Loss: 2.5317	Time remaining is 2h:23m
2024-04-10 05:47:02 INFO Epoch 9/120	Training Loss: 2.4346	Time remaining is 2h:22m
2024-04-10 05:48:18 INFO Epoch 10/120	Training Loss: 2.3503	Time remaining is 2h:21m
2024-04-10 05:49:34 INFO Epoch 11/120	Training Loss: 2.3113	Time remaining is 2h:19m
2024-04-10 05:50:50 INFO Epoch 12/120	Training Loss: 2.2666	Time remaining is 2h:18m
2024-04-10 05:52:06 INFO Epoch 13/120	Training Loss: 2.2132	Time remaining is 2h:17m
2024-04-10 05:53:22 INFO Epoch 14/120	Training Loss: 2.1982	Time remaining is 2h:16m
2024-04-10 05:54:38 INFO Epoch 15/120	Training Loss: 2.1695	Time remaining is 2h:14m
2024-04-10 05:55:55 INFO Epoch 16/120	Training Loss: 2.1541	Time remaining is 2h:13m
2024-04-10 05:57:10 INFO Epoch 17/120	Training Loss: 2.1350	Time remaining is 2h:12m
2024-04-10 05:58:26 INFO Epoch 18/120	Training Loss: 2.1202	Time remaining is 2h:11m
2024-04-10 05:59:42 INFO Epoch 19/120	Training Loss: 2.1256	Time remaining is 2h:9m
2024-04-10 06:00:58 INFO Epoch 20/120	Training Loss: 2.1190	Time remaining is 2h:8m
2024-04-10 06:02:14 INFO Epoch 21/120	Training Loss: 2.1180	Time remaining is 2h:7m
2024-04-10 06:03:30 INFO Epoch 22/120	Training Loss: 2.1171	Time remaining is 2h:5m
2024-04-10 06:04:46 INFO Epoch 23/120	Training Loss: 2.1074	Time remaining is 2h:4m
2024-04-10 06:06:01 INFO Epoch 24/120	Training Loss: 2.1202	Time remaining is 2h:3m
2024-04-10 06:07:17 INFO Epoch 25/120	Training Loss: 2.1167	Time remaining is 2h:2m
2024-04-10 06:08:34 INFO Epoch 26/120	Training Loss: 2.1237	Time remaining is 2h:0m
2024-04-10 06:09:50 INFO Epoch 27/120	Training Loss: 2.1096	Time remaining is 1h:59m
2024-04-10 06:11:06 INFO Epoch 28/120	Training Loss: 2.1068	Time remaining is 1h:58m
2024-04-10 06:12:21 INFO Epoch 29/120	Training Loss: 2.1023	Time remaining is 1h:57m
2024-04-10 06:13:37 INFO Epoch 30/120	Training Loss: 2.0945	Time remaining is 1h:55m
2024-04-10 06:14:53 INFO Epoch 31/120	Training Loss: 2.0952	Time remaining is 1h:54m
2024-04-10 06:16:08 INFO Epoch 32/120	Training Loss: 2.1006	Time remaining is 1h:53m
2024-04-10 06:17:25 INFO Epoch 33/120	Training Loss: 2.0999	Time remaining is 1h:51m
2024-04-10 06:18:41 INFO Epoch 34/120	Training Loss: 2.1112	Time remaining is 1h:50m
2024-04-10 06:19:57 INFO Epoch 35/120	Training Loss: 2.1067	Time remaining is 1h:49m
2024-04-10 06:21:13 INFO Epoch 36/120	Training Loss: 2.0911	Time remaining is 1h:48m
2024-04-10 06:22:29 INFO Epoch 37/120	Training Loss: 2.0882	Time remaining is 1h:46m
2024-04-10 06:23:45 INFO Epoch 38/120	Training Loss: 2.0983	Time remaining is 1h:45m
2024-04-10 06:25:01 INFO Epoch 39/120	Training Loss: 2.0999	Time remaining is 1h:44m
2024-04-10 06:26:16 INFO Epoch 40/120	Training Loss: 2.0877	Time remaining is 1h:43m
2024-04-10 06:27:33 INFO Epoch 41/120	Training Loss: 2.0335	Time remaining is 1h:41m
2024-04-10 06:28:49 INFO Epoch 42/120	Training Loss: 1.9615	Time remaining is 1h:40m
2024-04-10 06:30:04 INFO Epoch 43/120	Training Loss: 1.9579	Time remaining is 1h:39m
2024-04-10 06:31:20 INFO Epoch 44/120	Training Loss: 1.9497	Time remaining is 1h:38m
2024-04-10 06:32:36 INFO Epoch 45/120	Training Loss: 1.9426	Time remaining is 1h:36m
2024-04-10 06:33:52 INFO Epoch 46/120	Training Loss: 1.9403	Time remaining is 1h:35m
2024-04-10 06:35:08 INFO Epoch 47/120	Training Loss: 1.9261	Time remaining is 1h:34m
2024-04-10 06:36:24 INFO Epoch 48/120	Training Loss: 1.9343	Time remaining is 1h:32m
2024-04-10 06:37:40 INFO Epoch 49/120	Training Loss: 1.9200	Time remaining is 1h:31m
2024-04-10 06:38:56 INFO Epoch 50/120	Training Loss: 1.9299	Time remaining is 1h:30m
2024-04-10 06:40:12 INFO Epoch 51/120	Training Loss: 1.9163	Time remaining is 1h:29m
2024-04-10 06:41:28 INFO Epoch 52/120	Training Loss: 1.9232	Time remaining is 1h:27m
2024-04-10 06:42:44 INFO Epoch 53/120	Training Loss: 1.9219	Time remaining is 1h:26m
2024-04-10 06:44:00 INFO Epoch 54/120	Training Loss: 1.9199	Time remaining is 1h:25m
2024-04-10 06:45:16 INFO Epoch 55/120	Training Loss: 1.9192	Time remaining is 1h:24m
2024-04-10 06:46:32 INFO Epoch 56/120	Training Loss: 1.9176	Time remaining is 1h:22m
2024-04-10 06:47:48 INFO Epoch 57/120	Training Loss: 1.9067	Time remaining is 1h:21m
2024-04-10 06:49:03 INFO Epoch 58/120	Training Loss: 1.9166	Time remaining is 1h:20m
2024-04-10 06:50:19 INFO Epoch 59/120	Training Loss: 1.9177	Time remaining is 1h:19m
2024-04-10 06:51:35 INFO Epoch 60/120	Training Loss: 1.9131	Time remaining is 1h:17m
2024-04-10 06:52:51 INFO Epoch 61/120	Training Loss: 1.9135	Time remaining is 1h:16m
2024-04-10 06:54:07 INFO Epoch 62/120	Training Loss: 1.9127	Time remaining is 1h:15m
2024-04-10 06:55:23 INFO Epoch 63/120	Training Loss: 1.9108	Time remaining is 1h:13m
2024-04-10 06:56:39 INFO Epoch 64/120	Training Loss: 1.9098	Time remaining is 1h:12m
2024-04-10 06:57:57 INFO Epoch 65/120	Training Loss: 1.9068	Time remaining is 1h:11m
2024-04-10 06:59:16 INFO Epoch 66/120	Training Loss: 1.9069	Time remaining is 1h:10m
2024-04-10 07:00:32 INFO Epoch 67/120	Training Loss: 1.9150	Time remaining is 1h:8m
2024-04-10 07:01:48 INFO Epoch 68/120	Training Loss: 1.9052	Time remaining is 1h:7m
2024-04-10 07:03:04 INFO Epoch 69/120	Training Loss: 1.8978	Time remaining is 1h:6m
2024-04-10 07:04:20 INFO Epoch 70/120	Training Loss: 1.9050	Time remaining is 1h:5m
2024-04-10 07:05:36 INFO Epoch 71/120	Training Loss: 1.9017	Time remaining is 1h:3m
2024-04-10 07:06:52 INFO Epoch 72/120	Training Loss: 1.8979	Time remaining is 1h:2m
2024-04-10 07:08:08 INFO Epoch 73/120	Training Loss: 1.8953	Time remaining is 1h:1m
2024-04-10 07:09:23 INFO Epoch 74/120	Training Loss: 1.8850	Time remaining is 0h:60m
2024-04-10 07:10:39 INFO Epoch 75/120	Training Loss: 1.8846	Time remaining is 0h:58m
2024-04-10 07:11:55 INFO Epoch 76/120	Training Loss: 1.8817	Time remaining is 0h:57m
2024-04-10 07:13:11 INFO Epoch 77/120	Training Loss: 1.8928	Time remaining is 0h:56m
2024-04-10 07:14:26 INFO Epoch 78/120	Training Loss: 1.8840	Time remaining is 0h:54m
2024-04-10 07:15:42 INFO Epoch 79/120	Training Loss: 1.8916	Time remaining is 0h:53m
2024-04-10 07:16:58 INFO Epoch 80/120	Training Loss: 1.8926	Time remaining is 0h:52m
2024-04-10 07:18:14 INFO Epoch 81/120	Training Loss: 1.8912	Time remaining is 0h:51m
2024-04-10 07:19:30 INFO Epoch 82/120	Training Loss: 1.8915	Time remaining is 0h:49m
2024-04-10 07:20:46 INFO Epoch 83/120	Training Loss: 1.8915	Time remaining is 0h:48m
2024-04-10 07:22:02 INFO Epoch 84/120	Training Loss: 1.8891	Time remaining is 0h:47m
2024-04-10 07:23:18 INFO Epoch 85/120	Training Loss: 1.8922	Time remaining is 0h:46m
2024-04-10 07:24:34 INFO Epoch 86/120	Training Loss: 1.8907	Time remaining is 0h:44m
2024-04-10 07:25:50 INFO Epoch 87/120	Training Loss: 1.8896	Time remaining is 0h:43m
2024-04-10 07:27:06 INFO Epoch 88/120	Training Loss: 1.8798	Time remaining is 0h:42m
2024-04-10 07:28:22 INFO Epoch 89/120	Training Loss: 1.8887	Time remaining is 0h:41m
2024-04-10 07:29:38 INFO Epoch 90/120	Training Loss: 1.8902	Time remaining is 0h:39m
2024-04-10 07:31:05 INFO Testing: dataset_name: market1501 top1:0.9507 top5:0.9843 top10:0.9911 mAP:0.8728
2024-04-10 07:32:21 INFO Epoch 91/120	Training Loss: 1.8905	Time remaining is 0h:38m
2024-04-10 07:33:37 INFO Epoch 92/120	Training Loss: 1.8787	Time remaining is 0h:37m
2024-04-10 07:34:52 INFO Epoch 93/120	Training Loss: 1.8911	Time remaining is 0h:36m
2024-04-10 07:36:09 INFO Epoch 94/120	Training Loss: 1.8881	Time remaining is 0h:35m
2024-04-10 07:37:24 INFO Epoch 95/120	Training Loss: 1.8785	Time remaining is 0h:33m
2024-04-10 07:38:51 INFO Testing: dataset_name: market1501 top1:0.9498 top5:0.9840 top10:0.9908 mAP:0.8742
2024-04-10 07:40:07 INFO Epoch 96/120	Training Loss: 1.8893	Time remaining is 0h:32m
2024-04-10 07:41:23 INFO Epoch 97/120	Training Loss: 1.8770	Time remaining is 0h:31m
2024-04-10 07:42:39 INFO Epoch 98/120	Training Loss: 1.8899	Time remaining is 0h:30m
2024-04-10 07:43:55 INFO Epoch 99/120	Training Loss: 1.8881	Time remaining is 0h:29m
2024-04-10 07:45:11 INFO Epoch 100/120	Training Loss: 1.8859	Time remaining is 0h:27m
2024-04-10 07:46:38 INFO Testing: dataset_name: market1501 top1:0.9495 top5:0.9843 top10:0.9911 mAP:0.8735
2024-04-10 07:47:53 INFO Epoch 101/120	Training Loss: 1.8890	Time remaining is 0h:26m
2024-04-10 07:49:09 INFO Epoch 102/120	Training Loss: 1.8869	Time remaining is 0h:25m
2024-04-10 07:50:25 INFO Epoch 103/120	Training Loss: 1.8862	Time remaining is 0h:24m
2024-04-10 07:51:41 INFO Epoch 104/120	Training Loss: 1.8860	Time remaining is 0h:22m
2024-04-10 07:52:58 INFO Epoch 105/120	Training Loss: 1.8967	Time remaining is 0h:21m
2024-04-10 07:54:24 INFO Testing: dataset_name: market1501 top1:0.9492 top5:0.9840 top10:0.9911 mAP:0.8738
2024-04-10 07:55:40 INFO Epoch 106/120	Training Loss: 1.8879	Time remaining is 0h:20m
2024-04-10 07:56:56 INFO Epoch 107/120	Training Loss: 1.8769	Time remaining is 0h:18m
2024-04-10 07:58:12 INFO Epoch 108/120	Training Loss: 1.8875	Time remaining is 0h:17m
2024-04-10 07:59:28 INFO Epoch 109/120	Training Loss: 1.8858	Time remaining is 0h:16m
2024-04-10 08:00:44 INFO Epoch 110/120	Training Loss: 1.8852	Time remaining is 0h:15m
2024-04-10 08:02:11 INFO Testing: dataset_name: market1501 top1:0.9492 top5:0.9837 top10:0.9911 mAP:0.8752
2024-04-10 08:03:26 INFO Epoch 111/120	Training Loss: 1.8747	Time remaining is 0h:13m
2024-04-10 08:04:42 INFO Epoch 112/120	Training Loss: 1.8846	Time remaining is 0h:12m
2024-04-10 08:05:58 INFO Epoch 113/120	Training Loss: 1.8849	Time remaining is 0h:11m
2024-04-10 08:07:14 INFO Epoch 114/120	Training Loss: 1.8774	Time remaining is 0h:9m
2024-04-10 08:08:30 INFO Epoch 115/120	Training Loss: 1.8932	Time remaining is 0h:8m
2024-04-10 08:09:57 INFO Testing: dataset_name: market1501 top1:0.9501 top5:0.9834 top10:0.9902 mAP:0.8760
2024-04-10 08:11:13 INFO Epoch 116/120	Training Loss: 1.8851	Time remaining is 0h:7m
2024-04-10 08:12:29 INFO Epoch 117/120	Training Loss: 1.8863	Time remaining is 0h:5m
2024-04-10 08:13:45 INFO Epoch 118/120	Training Loss: 1.8845	Time remaining is 0h:4m
2024-04-10 08:15:01 INFO Epoch 119/120	Training Loss: 1.8945	Time remaining is 0h:3m
2024-04-10 08:16:17 INFO Epoch 120/120	Training Loss: 1.8741	Time remaining is 0h:1m
2024-04-10 08:17:43 INFO Testing: dataset_name: market1501 top1:0.9510 top5:0.9834 top10:0.9908 mAP:0.8770
2024-04-10 08:17:44 INFO The running time of training: 9.72729e+03 s
