2024-06-04 08:56:42 INFO ##################################################
2024-06-04 08:56:42 INFO Config values: batch_size: 60	current_directory: /home/hy/project/reid_task/ex_main1	dataset_name: market1501	dataset_path: /home/hy/project/data/Market-1501-v15.09.15	device: cuda	dtype: torch.float32	epoch_start_test: 90	epochs: 16000	img_height: 384	img_width: 128	logs_outputs_path: /home/hy/project/reid_task/ex_main1/./outputs/logs	models_outputs_path: /home/hy/project/reid_task/ex_main1/./outputs/models	np: <module 'numpy' from '/home/hy/anaconda3/envs/py396/lib/python3.9/site-packages/numpy/__init__.py'>	os: <module 'os' from '/home/hy/anaconda3/envs/py396/lib/python3.9/os.py'>	outputs_dir: ./outputs/	outputs_path: /home/hy/project/reid_task/ex_main1/./outputs/	print_every: 1	seed: 1	taskname: ReID_Task	temps_outputs_path: /home/hy/project/reid_task/ex_main1/./outputs/temps	test_batch_size: 256	test_every: 5	torch: <module 'torch' from '/home/hy/anaconda3/envs/py396/lib/python3.9/site-packages/torch/__init__.py'>
2024-06-04 08:56:42 INFO Task: ReID_Task
2024-06-04 08:56:42 INFO Using device: cuda
2024-06-04 08:56:42 INFO Using data type: torch.float32
2024-06-04 08:56:42 INFO Number of GPUs: 1
2024-06-04 08:56:42 INFO GPU is_available: True
2024-06-04 08:56:42 INFO GPU name: NVIDIA GeForce RTX 3060
2024-06-04 08:56:42 INFO CUDA version: 12.1
2024-06-04 08:56:42 INFO Current device id: 0
2024-06-04 08:56:42 INFO ##################################################
2024-06-04 08:58:24 INFO Epoch 1/16000	Training Loss: 9.5737	Time remaining is 447h:27m
2024-06-04 09:00:02 INFO Epoch 2/16000	Training Loss: 7.3229	Time remaining is 440h:57m
2024-06-04 09:01:40 INFO Epoch 3/16000	Training Loss: 5.7707	Time remaining is 439h:45m
2024-06-04 09:03:17 INFO Epoch 4/16000	Training Loss: 4.2201	Time remaining is 437h:52m
2024-06-04 09:04:55 INFO Epoch 5/16000	Training Loss: 3.0315	Time remaining is 436h:56m
2024-06-04 09:06:32 INFO Epoch 6/16000	Training Loss: 2.2290	Time remaining is 436h:14m
2024-06-04 09:08:10 INFO Epoch 7/16000	Training Loss: 1.7828	Time remaining is 435h:52m
2024-06-04 09:09:47 INFO Epoch 8/16000	Training Loss: 1.5354	Time remaining is 435h:24m
2024-06-04 09:11:26 INFO Epoch 9/16000	Training Loss: 1.4275	Time remaining is 435h:31m
2024-06-04 09:13:03 INFO Epoch 10/16000	Training Loss: 1.3582	Time remaining is 435h:22m
2024-06-04 09:14:41 INFO Epoch 11/16000	Training Loss: 1.3243	Time remaining is 434h:59m
2024-06-04 09:16:18 INFO Epoch 12/16000	Training Loss: 1.2887	Time remaining is 434h:54m
2024-06-04 09:17:56 INFO Epoch 13/16000	Training Loss: 1.2456	Time remaining is 434h:46m
2024-06-04 09:19:33 INFO Epoch 14/16000	Training Loss: 1.1916	Time remaining is 434h:31m
2024-06-04 09:21:10 INFO Epoch 15/16000	Training Loss: 1.1895	Time remaining is 434h:19m
2024-06-04 09:22:48 INFO Epoch 16/16000	Training Loss: 1.1915	Time remaining is 434h:20m
2024-06-04 09:24:26 INFO Epoch 17/16000	Training Loss: 1.1595	Time remaining is 434h:19m
2024-06-04 09:26:04 INFO Epoch 18/16000	Training Loss: 1.1616	Time remaining is 434h:20m
2024-06-04 09:27:42 INFO Epoch 19/16000	Training Loss: 1.1540	Time remaining is 434h:12m
2024-06-04 09:29:19 INFO Epoch 20/16000	Training Loss: 1.1426	Time remaining is 434h:10m
2024-06-04 09:30:57 INFO Epoch 21/16000	Training Loss: 1.1544	Time remaining is 434h:4m
2024-06-04 09:32:35 INFO Epoch 22/16000	Training Loss: 1.1392	Time remaining is 434h:5m
2024-06-04 09:34:12 INFO Epoch 23/16000	Training Loss: 1.1326	Time remaining is 433h:55m
2024-06-04 09:35:49 INFO Epoch 24/16000	Training Loss: 1.1289	Time remaining is 433h:48m
2024-06-04 09:37:27 INFO Epoch 25/16000	Training Loss: 1.1407	Time remaining is 433h:46m
2024-06-04 09:39:05 INFO Epoch 26/16000	Training Loss: 1.1427	Time remaining is 433h:44m
2024-06-04 09:40:42 INFO Epoch 27/16000	Training Loss: 1.1266	Time remaining is 433h:42m
2024-06-04 09:42:20 INFO Epoch 28/16000	Training Loss: 1.1467	Time remaining is 433h:41m
2024-06-04 09:43:58 INFO Epoch 29/16000	Training Loss: 1.1388	Time remaining is 433h:40m
2024-06-04 09:45:35 INFO Epoch 30/16000	Training Loss: 1.1329	Time remaining is 433h:35m
2024-06-04 09:47:13 INFO Epoch 31/16000	Training Loss: 1.1468	Time remaining is 433h:36m
2024-06-04 09:48:51 INFO Epoch 32/16000	Training Loss: 1.1259	Time remaining is 433h:33m
2024-06-04 09:50:29 INFO Epoch 33/16000	Training Loss: 1.1462	Time remaining is 433h:34m
2024-06-04 09:52:07 INFO Epoch 34/16000	Training Loss: 1.1262	Time remaining is 433h:33m
2024-06-04 09:53:44 INFO Epoch 35/16000	Training Loss: 1.1263	Time remaining is 433h:30m
2024-06-04 09:55:22 INFO Epoch 36/16000	Training Loss: 1.1367	Time remaining is 433h:27m
2024-06-04 09:57:00 INFO Epoch 37/16000	Training Loss: 1.1324	Time remaining is 433h:26m
2024-06-04 09:58:38 INFO Epoch 38/16000	Training Loss: 1.1298	Time remaining is 433h:26m
2024-06-04 10:00:16 INFO Epoch 39/16000	Training Loss: 1.1222	Time remaining is 433h:28m
2024-06-04 10:01:54 INFO Epoch 40/16000	Training Loss: 1.1281	Time remaining is 433h:25m
2024-06-04 10:03:32 INFO Epoch 41/16000	Training Loss: 1.0881	Time remaining is 433h:25m
2024-06-04 10:05:10 INFO Epoch 42/16000	Training Loss: 1.0335	Time remaining is 433h:26m
2024-06-04 10:06:48 INFO Epoch 43/16000	Training Loss: 1.0112	Time remaining is 433h:26m
2024-06-04 10:08:24 INFO Epoch 44/16000	Training Loss: 0.9981	Time remaining is 433h:18m
2024-06-04 10:10:02 INFO Epoch 45/16000	Training Loss: 0.9956	Time remaining is 433h:13m
2024-06-04 10:11:39 INFO Epoch 46/16000	Training Loss: 0.9947	Time remaining is 433h:10m
2024-06-04 10:13:18 INFO Epoch 47/16000	Training Loss: 0.9964	Time remaining is 433h:13m
2024-06-04 10:14:55 INFO Epoch 48/16000	Training Loss: 0.9808	Time remaining is 433h:10m
2024-06-04 10:16:33 INFO Epoch 49/16000	Training Loss: 0.9795	Time remaining is 433h:6m
2024-06-04 10:18:10 INFO Epoch 50/16000	Training Loss: 0.9812	Time remaining is 433h:2m
2024-06-04 10:19:48 INFO Epoch 51/16000	Training Loss: 0.9822	Time remaining is 432h:60m
2024-06-04 10:21:25 INFO Epoch 52/16000	Training Loss: 0.9767	Time remaining is 432h:55m
2024-06-04 10:23:02 INFO Epoch 53/16000	Training Loss: 0.9728	Time remaining is 432h:50m
2024-06-04 10:24:40 INFO Epoch 54/16000	Training Loss: 0.9793	Time remaining is 432h:49m
2024-06-04 10:26:17 INFO Epoch 55/16000	Training Loss: 0.9770	Time remaining is 432h:48m
2024-06-04 10:27:55 INFO Epoch 56/16000	Training Loss: 0.9788	Time remaining is 432h:46m
2024-06-04 10:29:32 INFO Epoch 57/16000	Training Loss: 0.9694	Time remaining is 432h:43m
2024-06-04 10:31:10 INFO Epoch 58/16000	Training Loss: 0.9745	Time remaining is 432h:41m
2024-06-04 10:32:48 INFO Epoch 59/16000	Training Loss: 0.9712	Time remaining is 432h:39m
2024-06-04 10:34:25 INFO Epoch 60/16000	Training Loss: 0.9732	Time remaining is 432h:36m
2024-06-04 10:36:03 INFO Epoch 61/16000	Training Loss: 0.9668	Time remaining is 432h:34m
2024-06-04 10:37:41 INFO Epoch 62/16000	Training Loss: 0.9714	Time remaining is 432h:34m
2024-06-04 10:39:19 INFO Epoch 63/16000	Training Loss: 0.9785	Time remaining is 432h:35m
2024-06-04 10:40:57 INFO Epoch 64/16000	Training Loss: 0.9678	Time remaining is 432h:34m
2024-06-04 10:42:34 INFO Epoch 65/16000	Training Loss: 0.9616	Time remaining is 432h:31m
2024-06-04 10:44:12 INFO Epoch 66/16000	Training Loss: 0.9694	Time remaining is 432h:31m
2024-06-04 10:45:50 INFO Epoch 67/16000	Training Loss: 0.9702	Time remaining is 432h:29m
2024-06-04 10:47:27 INFO Epoch 68/16000	Training Loss: 0.9628	Time remaining is 432h:26m
2024-06-04 10:49:05 INFO Epoch 69/16000	Training Loss: 0.9680	Time remaining is 432h:24m
2024-06-04 10:50:43 INFO Epoch 70/16000	Training Loss: 0.9647	Time remaining is 432h:23m
2024-06-04 10:52:21 INFO Epoch 71/16000	Training Loss: 0.9615	Time remaining is 432h:22m
2024-06-04 10:53:59 INFO Epoch 72/16000	Training Loss: 0.9603	Time remaining is 432h:21m
2024-06-04 10:55:36 INFO Epoch 73/16000	Training Loss: 0.9571	Time remaining is 432h:19m
2024-06-04 10:57:14 INFO Epoch 74/16000	Training Loss: 0.9568	Time remaining is 432h:17m
2024-06-04 10:58:51 INFO Epoch 75/16000	Training Loss: 0.9576	Time remaining is 432h:15m
2024-06-04 11:00:29 INFO Epoch 76/16000	Training Loss: 0.9500	Time remaining is 432h:12m
2024-06-04 11:02:06 INFO Epoch 77/16000	Training Loss: 0.9504	Time remaining is 432h:9m
2024-06-04 11:03:43 INFO Epoch 78/16000	Training Loss: 0.9491	Time remaining is 432h:6m
2024-06-04 11:05:21 INFO Epoch 79/16000	Training Loss: 0.9528	Time remaining is 432h:5m
2024-06-04 11:06:59 INFO Epoch 80/16000	Training Loss: 0.9480	Time remaining is 432h:3m
2024-06-04 11:08:36 INFO Epoch 81/16000	Training Loss: 0.9535	Time remaining is 432h:1m
2024-06-04 11:10:14 INFO Epoch 82/16000	Training Loss: 0.9517	Time remaining is 432h:0m
2024-06-04 11:11:52 INFO Epoch 83/16000	Training Loss: 0.9523	Time remaining is 431h:58m
2024-06-04 11:13:29 INFO Epoch 84/16000	Training Loss: 0.9500	Time remaining is 431h:56m
2024-06-04 11:15:07 INFO Epoch 85/16000	Training Loss: 0.9512	Time remaining is 431h:54m
2024-06-04 11:16:45 INFO Epoch 86/16000	Training Loss: 0.9558	Time remaining is 431h:54m
2024-06-04 11:18:22 INFO Epoch 87/16000	Training Loss: 0.9463	Time remaining is 431h:51m
2024-06-04 11:20:00 INFO Epoch 88/16000	Training Loss: 0.9513	Time remaining is 431h:49m
2024-06-04 11:21:38 INFO Epoch 89/16000	Training Loss: 0.9507	Time remaining is 431h:48m
2024-06-04 11:23:16 INFO Epoch 90/16000	Training Loss: 0.9534	Time remaining is 431h:47m
2024-06-04 11:25:05 INFO Testing: dataset_name: market1501 top1:0.9516 top5:0.9846 top10:0.9911 mAP:0.8758
2024-06-04 11:26:42 INFO Epoch 91/16000	Training Loss: 0.9506	Time remaining is 437h:3m
2024-06-04 11:28:20 INFO Epoch 92/16000	Training Loss: 0.9512	Time remaining is 436h:58m
2024-06-04 11:29:58 INFO Epoch 93/16000	Training Loss: 0.9494	Time remaining is 436h:53m
2024-06-04 11:31:35 INFO Epoch 94/16000	Training Loss: 0.9477	Time remaining is 436h:46m
2024-06-04 11:33:13 INFO Epoch 95/16000	Training Loss: 0.9518	Time remaining is 436h:41m
2024-06-04 11:34:59 INFO Testing: dataset_name: market1501 top1:0.9513 top5:0.9834 top10:0.9917 mAP:0.8768
2024-06-04 11:36:37 INFO Epoch 96/16000	Training Loss: 0.9533	Time remaining is 441h:32m
2024-06-04 11:38:15 INFO Epoch 97/16000	Training Loss: 0.9512	Time remaining is 441h:24m
2024-06-04 11:39:53 INFO Epoch 98/16000	Training Loss: 0.9503	Time remaining is 441h:16m
2024-06-04 11:41:30 INFO Epoch 99/16000	Training Loss: 0.9495	Time remaining is 441h:8m
2024-06-04 11:43:08 INFO Epoch 100/16000	Training Loss: 0.9510	Time remaining is 441h:1m
2024-06-04 11:44:55 INFO Testing: dataset_name: market1501 top1:0.9537 top5:0.9837 top10:0.9920 mAP:0.8776
2024-06-04 11:46:32 INFO Epoch 101/16000	Training Loss: 0.9492	Time remaining is 445h:34m
2024-06-04 11:48:10 INFO Epoch 102/16000	Training Loss: 0.9500	Time remaining is 445h:24m
2024-06-04 11:49:48 INFO Epoch 103/16000	Training Loss: 0.9497	Time remaining is 445h:14m
2024-06-04 11:51:26 INFO Epoch 104/16000	Training Loss: 0.9494	Time remaining is 445h:5m
2024-06-04 11:53:03 INFO Epoch 105/16000	Training Loss: 0.9490	Time remaining is 444h:55m
2024-06-04 11:54:50 INFO Testing: dataset_name: market1501 top1:0.9525 top5:0.9843 top10:0.9920 mAP:0.8783
2024-06-04 11:56:28 INFO Epoch 106/16000	Training Loss: 0.9490	Time remaining is 449h:12m
2024-06-04 11:58:05 INFO Epoch 107/16000	Training Loss: 0.9440	Time remaining is 448h:59m
2024-06-04 11:59:42 INFO Epoch 108/16000	Training Loss: 0.9497	Time remaining is 448h:48m
2024-06-04 12:01:20 INFO Epoch 109/16000	Training Loss: 0.9486	Time remaining is 448h:36m
2024-06-04 12:02:58 INFO Epoch 110/16000	Training Loss: 0.9474	Time remaining is 448h:25m
2024-06-04 12:04:44 INFO Testing: dataset_name: market1501 top1:0.9531 top5:0.9843 top10:0.9923 mAP:0.8792
2024-06-04 12:06:22 INFO Epoch 111/16000	Training Loss: 0.9480	Time remaining is 452h:28m
2024-06-04 12:08:00 INFO Epoch 112/16000	Training Loss: 0.9473	Time remaining is 452h:16m
2024-06-04 12:09:37 INFO Epoch 113/16000	Training Loss: 0.9481	Time remaining is 452h:2m
2024-06-04 12:11:15 INFO Epoch 114/16000	Training Loss: 0.9489	Time remaining is 451h:49m
2024-06-04 12:12:53 INFO Epoch 115/16000	Training Loss: 0.9507	Time remaining is 451h:37m
2024-06-04 12:14:39 INFO Testing: dataset_name: market1501 top1:0.9528 top5:0.9837 top10:0.9920 mAP:0.8795
2024-06-04 12:16:16 INFO Epoch 116/16000	Training Loss: 0.9428	Time remaining is 455h:27m
2024-06-04 12:17:54 INFO Epoch 117/16000	Training Loss: 0.9530	Time remaining is 455h:13m
2024-06-04 12:19:32 INFO Epoch 118/16000	Training Loss: 0.9475	Time remaining is 454h:59m
2024-06-04 12:21:10 INFO Epoch 119/16000	Training Loss: 0.9474	Time remaining is 454h:45m
2024-06-04 12:22:47 INFO Epoch 120/16000	Training Loss: 0.9484	Time remaining is 454h:31m
2024-06-04 12:24:34 INFO Testing: dataset_name: market1501 top1:0.9531 top5:0.9849 top10:0.9914 mAP:0.8811
2024-06-04 12:26:11 INFO Epoch 121/16000	Training Loss: 0.9439	Time remaining is 458h:10m
2024-06-04 12:27:49 INFO Epoch 122/16000	Training Loss: 0.9464	Time remaining is 457h:54m
2024-06-04 12:29:27 INFO Epoch 123/16000	Training Loss: 0.9523	Time remaining is 457h:40m
2024-06-04 12:31:05 INFO Epoch 124/16000	Training Loss: 0.9511	Time remaining is 457h:26m
2024-06-04 12:32:43 INFO Epoch 125/16000	Training Loss: 0.9484	Time remaining is 457h:12m
2024-06-04 12:34:29 INFO Testing: dataset_name: market1501 top1:0.9522 top5:0.9840 top10:0.9911 mAP:0.8802
2024-06-04 12:36:07 INFO Epoch 126/16000	Training Loss: 0.9464	Time remaining is 460h:42m
2024-06-04 12:37:45 INFO Epoch 127/16000	Training Loss: 0.9463	Time remaining is 460h:27m
2024-06-04 12:39:22 INFO Epoch 128/16000	Training Loss: 0.9457	Time remaining is 460h:11m
2024-06-04 12:41:00 INFO Epoch 129/16000	Training Loss: 0.9458	Time remaining is 459h:55m
2024-06-04 12:42:38 INFO Epoch 130/16000	Training Loss: 0.9471	Time remaining is 459h:40m
2024-06-04 12:44:24 INFO Testing: dataset_name: market1501 top1:0.9528 top5:0.9837 top10:0.9920 mAP:0.8810
2024-06-04 12:46:02 INFO Epoch 131/16000	Training Loss: 0.9466	Time remaining is 462h:60m
2024-06-04 12:47:40 INFO Epoch 132/16000	Training Loss: 0.9470	Time remaining is 462h:43m
2024-06-04 12:49:18 INFO Epoch 133/16000	Training Loss: 0.9503	Time remaining is 462h:28m
2024-06-04 12:50:55 INFO Epoch 134/16000	Training Loss: 0.9456	Time remaining is 462h:12m
2024-06-04 12:52:33 INFO Epoch 135/16000	Training Loss: 0.9471	Time remaining is 461h:57m
2024-06-04 12:54:20 INFO Testing: dataset_name: market1501 top1:0.9546 top5:0.9849 top10:0.9920 mAP:0.8831
2024-06-04 12:55:57 INFO Epoch 136/16000	Training Loss: 0.9425	Time remaining is 465h:8m
2024-06-04 12:57:35 INFO Epoch 137/16000	Training Loss: 0.9454	Time remaining is 464h:51m
2024-06-04 12:59:13 INFO Epoch 138/16000	Training Loss: 0.9462	Time remaining is 464h:34m
2024-06-04 13:00:51 INFO Epoch 139/16000	Training Loss: 0.9449	Time remaining is 464h:18m
2024-06-04 13:02:29 INFO Epoch 140/16000	Training Loss: 0.9448	Time remaining is 464h:2m
2024-06-04 13:04:15 INFO Testing: dataset_name: market1501 top1:0.9537 top5:0.9843 top10:0.9920 mAP:0.8834
2024-06-04 13:05:54 INFO Epoch 141/16000	Training Loss: 0.9489	Time remaining is 467h:7m
2024-06-04 13:07:31 INFO Epoch 142/16000	Training Loss: 0.9432	Time remaining is 466h:50m
2024-06-04 13:09:09 INFO Epoch 143/16000	Training Loss: 0.9432	Time remaining is 466h:33m
2024-06-04 13:10:46 INFO Epoch 144/16000	Training Loss: 0.9456	Time remaining is 466h:16m
2024-06-04 13:12:24 INFO Epoch 145/16000	Training Loss: 0.9458	Time remaining is 465h:59m
2024-06-04 13:14:11 INFO Testing: dataset_name: market1501 top1:0.9546 top5:0.9837 top10:0.9911 mAP:0.8819
2024-06-04 13:15:49 INFO Epoch 146/16000	Training Loss: 0.9455	Time remaining is 468h:56m
2024-06-04 13:17:26 INFO Epoch 147/16000	Training Loss: 0.9467	Time remaining is 468h:38m
2024-06-04 13:19:04 INFO Epoch 148/16000	Training Loss: 0.9450	Time remaining is 468h:21m
2024-06-04 13:20:41 INFO Epoch 149/16000	Training Loss: 0.9415	Time remaining is 468h:3m
2024-06-04 13:22:19 INFO Epoch 150/16000	Training Loss: 0.9446	Time remaining is 467h:46m
2024-06-04 13:24:05 INFO Testing: dataset_name: market1501 top1:0.9555 top5:0.9840 top10:0.9914 mAP:0.8829
2024-06-04 13:25:43 INFO Epoch 151/16000	Training Loss: 0.9453	Time remaining is 470h:36m
2024-06-04 13:27:21 INFO Epoch 152/16000	Training Loss: 0.9455	Time remaining is 470h:18m
2024-06-04 13:28:58 INFO Epoch 153/16000	Training Loss: 0.9439	Time remaining is 470h:0m
2024-06-04 13:30:36 INFO Epoch 154/16000	Training Loss: 0.9430	Time remaining is 469h:43m
2024-06-04 13:32:14 INFO Epoch 155/16000	Training Loss: 0.9446	Time remaining is 469h:26m
2024-06-04 13:34:01 INFO Testing: dataset_name: market1501 top1:0.9537 top5:0.9837 top10:0.9917 mAP:0.8834
2024-06-04 13:35:38 INFO Epoch 156/16000	Training Loss: 0.9386	Time remaining is 472h:9m
2024-06-04 13:37:16 INFO Epoch 157/16000	Training Loss: 0.9423	Time remaining is 471h:52m
2024-06-04 13:38:53 INFO Epoch 158/16000	Training Loss: 0.9437	Time remaining is 471h:34m
2024-06-04 13:40:31 INFO Epoch 159/16000	Training Loss: 0.9417	Time remaining is 471h:16m
2024-06-04 13:42:09 INFO Epoch 160/16000	Training Loss: 0.9428	Time remaining is 470h:59m
2024-06-04 13:43:56 INFO Testing: dataset_name: market1501 top1:0.9555 top5:0.9834 top10:0.9917 mAP:0.8830
2024-06-04 13:45:33 INFO Epoch 161/16000	Training Loss: 0.9325	Time remaining is 473h:36m
2024-06-04 13:47:10 INFO Epoch 162/16000	Training Loss: 0.9427	Time remaining is 473h:18m
2024-06-04 13:48:48 INFO Epoch 163/16000	Training Loss: 0.9429	Time remaining is 473h:0m
2024-06-04 13:50:25 INFO Epoch 164/16000	Training Loss: 0.9385	Time remaining is 472h:42m
2024-06-04 13:52:03 INFO Epoch 165/16000	Training Loss: 0.9420	Time remaining is 472h:24m
2024-06-04 13:53:49 INFO Testing: dataset_name: market1501 top1:0.9543 top5:0.9834 top10:0.9914 mAP:0.8838
2024-06-04 13:55:27 INFO Epoch 166/16000	Training Loss: 0.9428	Time remaining is 474h:56m
2024-06-04 13:57:05 INFO Epoch 167/16000	Training Loss: 0.9464	Time remaining is 474h:39m
2024-06-04 13:58:43 INFO Epoch 168/16000	Training Loss: 0.9432	Time remaining is 474h:22m
2024-06-04 14:00:21 INFO Epoch 169/16000	Training Loss: 0.9429	Time remaining is 474h:4m
2024-06-04 14:01:59 INFO Epoch 170/16000	Training Loss: 0.9417	Time remaining is 473h:47m
2024-06-04 14:03:45 INFO Testing: dataset_name: market1501 top1:0.9558 top5:0.9837 top10:0.9914 mAP:0.8843
2024-06-04 14:05:23 INFO Epoch 171/16000	Training Loss: 0.9377	Time remaining is 476h:13m
2024-06-04 14:07:00 INFO Epoch 172/16000	Training Loss: 0.9419	Time remaining is 475h:55m
2024-06-04 14:08:37 INFO Epoch 173/16000	Training Loss: 0.9393	Time remaining is 475h:36m
2024-06-04 14:10:15 INFO Epoch 174/16000	Training Loss: 0.9371	Time remaining is 475h:18m
2024-06-04 14:11:52 INFO Epoch 175/16000	Training Loss: 0.9414	Time remaining is 475h:0m
2024-06-04 14:13:39 INFO Testing: dataset_name: market1501 top1:0.9543 top5:0.9840 top10:0.9917 mAP:0.8834
2024-06-04 14:15:16 INFO Epoch 176/16000	Training Loss: 0.9379	Time remaining is 477h:22m
2024-06-04 14:16:53 INFO Epoch 177/16000	Training Loss: 0.9433	Time remaining is 477h:3m
2024-06-04 14:18:31 INFO Epoch 178/16000	Training Loss: 0.9420	Time remaining is 476h:45m
2024-06-04 14:20:08 INFO Epoch 179/16000	Training Loss: 0.9426	Time remaining is 476h:27m
2024-06-04 14:21:46 INFO Epoch 180/16000	Training Loss: 0.9374	Time remaining is 476h:9m
2024-06-04 14:23:32 INFO Testing: dataset_name: market1501 top1:0.9543 top5:0.9837 top10:0.9911 mAP:0.8850
2024-06-04 14:25:09 INFO Epoch 181/16000	Training Loss: 0.9378	Time remaining is 478h:26m
2024-06-04 14:26:47 INFO Epoch 182/16000	Training Loss: 0.9421	Time remaining is 478h:8m
2024-06-04 14:28:24 INFO Epoch 183/16000	Training Loss: 0.9366	Time remaining is 477h:49m
2024-06-04 14:30:01 INFO Epoch 184/16000	Training Loss: 0.9360	Time remaining is 477h:31m
2024-06-04 14:31:39 INFO Epoch 185/16000	Training Loss: 0.9407	Time remaining is 477h:13m
2024-06-04 14:33:25 INFO Testing: dataset_name: market1501 top1:0.9537 top5:0.9840 top10:0.9917 mAP:0.8846
2024-06-04 14:35:02 INFO Epoch 186/16000	Training Loss: 0.9356	Time remaining is 479h:26m
2024-06-04 14:36:40 INFO Epoch 187/16000	Training Loss: 0.9349	Time remaining is 479h:7m
2024-06-04 14:38:16 INFO Epoch 188/16000	Training Loss: 0.9364	Time remaining is 478h:49m
2024-06-04 14:39:54 INFO Epoch 189/16000	Training Loss: 0.9358	Time remaining is 478h:30m
2024-06-04 14:41:31 INFO Epoch 190/16000	Training Loss: 0.9409	Time remaining is 478h:13m
2024-06-04 14:43:18 INFO Testing: dataset_name: market1501 top1:0.9558 top5:0.9852 top10:0.9914 mAP:0.8844
2024-06-04 14:44:55 INFO Epoch 191/16000	Training Loss: 0.9363	Time remaining is 480h:22m
2024-06-04 14:46:32 INFO Epoch 192/16000	Training Loss: 0.9347	Time remaining is 480h:3m
2024-06-04 14:48:10 INFO Epoch 193/16000	Training Loss: 0.9404	Time remaining is 479h:45m
2024-06-04 14:49:47 INFO Epoch 194/16000	Training Loss: 0.9408	Time remaining is 479h:28m
2024-06-04 14:51:25 INFO Epoch 195/16000	Training Loss: 0.9402	Time remaining is 479h:10m
2024-06-04 14:53:12 INFO Testing: dataset_name: market1501 top1:0.9546 top5:0.9840 top10:0.9917 mAP:0.8858
2024-06-04 14:54:49 INFO Epoch 196/16000	Training Loss: 0.9401	Time remaining is 481h:16m
2024-06-04 14:56:27 INFO Epoch 197/16000	Training Loss: 0.9399	Time remaining is 480h:58m
2024-06-04 14:58:05 INFO Epoch 198/16000	Training Loss: 0.9444	Time remaining is 480h:41m
2024-06-04 14:59:42 INFO Epoch 199/16000	Training Loss: 0.9396	Time remaining is 480h:23m
2024-06-04 15:01:20 INFO Epoch 200/16000	Training Loss: 0.9391	Time remaining is 480h:6m
2024-06-04 15:03:08 INFO Testing: dataset_name: market1501 top1:0.9537 top5:0.9837 top10:0.9914 mAP:0.8852
2024-06-04 15:04:45 INFO Epoch 201/16000	Training Loss: 0.9405	Time remaining is 482h:10m
2024-06-04 15:06:23 INFO Epoch 202/16000	Training Loss: 0.9393	Time remaining is 481h:52m
2024-06-04 15:08:00 INFO Epoch 203/16000	Training Loss: 0.9347	Time remaining is 481h:34m
2024-06-04 15:09:37 INFO Epoch 204/16000	Training Loss: 0.9355	Time remaining is 481h:16m
2024-06-04 15:11:15 INFO Epoch 205/16000	Training Loss: 0.9394	Time remaining is 480h:58m
2024-06-04 15:13:01 INFO Testing: dataset_name: market1501 top1:0.9543 top5:0.9852 top10:0.9920 mAP:0.8860
2024-06-04 15:14:39 INFO Epoch 206/16000	Training Loss: 0.9390	Time remaining is 482h:57m
2024-06-04 15:16:17 INFO Epoch 207/16000	Training Loss: 0.9388	Time remaining is 482h:40m
2024-06-04 15:17:54 INFO Epoch 208/16000	Training Loss: 0.9390	Time remaining is 482h:22m
2024-06-04 15:19:32 INFO Epoch 209/16000	Training Loss: 0.9374	Time remaining is 482h:5m
2024-06-04 15:21:09 INFO Epoch 210/16000	Training Loss: 0.9379	Time remaining is 481h:47m
2024-06-04 15:22:56 INFO Testing: dataset_name: market1501 top1:0.9537 top5:0.9831 top10:0.9923 mAP:0.8852
2024-06-04 15:24:33 INFO Epoch 211/16000	Training Loss: 0.9398	Time remaining is 483h:43m
2024-06-04 15:26:11 INFO Epoch 212/16000	Training Loss: 0.9392	Time remaining is 483h:25m
2024-06-04 15:27:48 INFO Epoch 213/16000	Training Loss: 0.9378	Time remaining is 483h:8m
2024-06-04 15:29:26 INFO Epoch 214/16000	Training Loss: 0.9388	Time remaining is 482h:50m
2024-06-04 15:31:03 INFO Epoch 215/16000	Training Loss: 0.9371	Time remaining is 482h:33m
2024-06-04 15:32:50 INFO Testing: dataset_name: market1501 top1:0.9540 top5:0.9837 top10:0.9914 mAP:0.8864
2024-06-04 15:34:27 INFO Epoch 216/16000	Training Loss: 0.9319	Time remaining is 484h:25m
2024-06-04 15:36:04 INFO Epoch 217/16000	Training Loss: 0.9336	Time remaining is 484h:8m
2024-06-04 15:37:41 INFO Epoch 218/16000	Training Loss: 0.9344	Time remaining is 483h:50m
2024-06-04 15:39:19 INFO Epoch 219/16000	Training Loss: 0.9383	Time remaining is 483h:32m
2024-06-04 15:40:56 INFO Epoch 220/16000	Training Loss: 0.9337	Time remaining is 483h:15m
2024-06-04 15:42:42 INFO Testing: dataset_name: market1501 top1:0.9552 top5:0.9840 top10:0.9917 mAP:0.8876
2024-06-04 15:44:19 INFO Epoch 221/16000	Training Loss: 0.9327	Time remaining is 485h:4m
2024-06-04 15:45:57 INFO Epoch 222/16000	Training Loss: 0.9386	Time remaining is 484h:46m
2024-06-04 15:47:35 INFO Epoch 223/16000	Training Loss: 0.9372	Time remaining is 484h:29m
2024-06-04 15:49:12 INFO Epoch 224/16000	Training Loss: 0.9375	Time remaining is 484h:12m
2024-06-04 15:50:50 INFO Epoch 225/16000	Training Loss: 0.9383	Time remaining is 483h:56m
2024-06-04 15:52:37 INFO Testing: dataset_name: market1501 top1:0.9546 top5:0.9840 top10:0.9905 mAP:0.8863
2024-06-04 15:54:14 INFO Epoch 226/16000	Training Loss: 0.9375	Time remaining is 485h:43m
2024-06-04 15:55:51 INFO Epoch 227/16000	Training Loss: 0.9321	Time remaining is 485h:25m
2024-06-04 15:57:28 INFO Epoch 228/16000	Training Loss: 0.9320	Time remaining is 485h:7m
2024-06-04 15:59:05 INFO Epoch 229/16000	Training Loss: 0.9321	Time remaining is 484h:50m
2024-06-04 16:00:42 INFO Epoch 230/16000	Training Loss: 0.9314	Time remaining is 484h:32m
2024-06-04 16:02:29 INFO Testing: dataset_name: market1501 top1:0.9558 top5:0.9843 top10:0.9911 mAP:0.8871
2024-06-04 16:04:06 INFO Epoch 231/16000	Training Loss: 0.9380	Time remaining is 486h:17m
2024-06-04 16:05:44 INFO Epoch 232/16000	Training Loss: 0.9379	Time remaining is 485h:60m
2024-06-04 16:07:21 INFO Epoch 233/16000	Training Loss: 0.9312	Time remaining is 485h:42m
2024-06-04 16:08:58 INFO Epoch 234/16000	Training Loss: 0.9322	Time remaining is 485h:25m
2024-06-04 16:10:35 INFO Epoch 235/16000	Training Loss: 0.9325	Time remaining is 485h:8m
2024-06-04 16:12:23 INFO Testing: dataset_name: market1501 top1:0.9516 top5:0.9843 top10:0.9908 mAP:0.8864
2024-06-04 16:14:00 INFO Epoch 236/16000	Training Loss: 0.9324	Time remaining is 486h:50m
2024-06-04 16:15:37 INFO Epoch 237/16000	Training Loss: 0.9365	Time remaining is 486h:34m
2024-06-04 16:17:15 INFO Epoch 238/16000	Training Loss: 0.9363	Time remaining is 486h:17m
2024-06-04 16:18:53 INFO Epoch 239/16000	Training Loss: 0.9367	Time remaining is 486h:0m
2024-06-04 16:20:30 INFO Epoch 240/16000	Training Loss: 0.9365	Time remaining is 485h:44m
2024-06-04 16:22:17 INFO Testing: dataset_name: market1501 top1:0.9549 top5:0.9843 top10:0.9908 mAP:0.8862
2024-06-04 16:23:55 INFO Epoch 241/16000	Training Loss: 0.9367	Time remaining is 487h:24m
2024-06-04 16:25:32 INFO Epoch 242/16000	Training Loss: 0.9358	Time remaining is 487h:7m
2024-06-04 16:27:09 INFO Epoch 243/16000	Training Loss: 0.9317	Time remaining is 486h:49m
2024-06-04 16:28:47 INFO Epoch 244/16000	Training Loss: 0.9369	Time remaining is 486h:33m
2024-06-04 16:30:24 INFO Epoch 245/16000	Training Loss: 0.9357	Time remaining is 486h:17m
2024-06-04 16:32:11 INFO Testing: dataset_name: market1501 top1:0.9534 top5:0.9834 top10:0.9914 mAP:0.8860
2024-06-04 16:33:49 INFO Epoch 246/16000	Training Loss: 0.9359	Time remaining is 487h:54m
2024-06-04 16:35:26 INFO Epoch 247/16000	Training Loss: 0.9356	Time remaining is 487h:38m
2024-06-04 16:37:04 INFO Epoch 248/16000	Training Loss: 0.9351	Time remaining is 487h:22m
2024-06-04 16:38:42 INFO Epoch 249/16000	Training Loss: 0.9358	Time remaining is 487h:5m
2024-06-04 16:40:20 INFO Epoch 250/16000	Training Loss: 0.9401	Time remaining is 486h:49m
2024-06-04 16:42:07 INFO Testing: dataset_name: market1501 top1:0.9543 top5:0.9834 top10:0.9905 mAP:0.8867
2024-06-04 16:43:44 INFO Epoch 251/16000	Training Loss: 0.9310	Time remaining is 488h:24m
2024-06-04 16:45:22 INFO Epoch 252/16000	Training Loss: 0.9347	Time remaining is 488h:8m
2024-06-04 16:46:59 INFO Epoch 253/16000	Training Loss: 0.9302	Time remaining is 487h:52m
2024-06-04 16:48:36 INFO Epoch 254/16000	Training Loss: 0.9308	Time remaining is 487h:35m
2024-06-04 16:50:14 INFO Epoch 255/16000	Training Loss: 0.9342	Time remaining is 487h:19m
2024-06-04 16:52:00 INFO Testing: dataset_name: market1501 top1:0.9537 top5:0.9843 top10:0.9908 mAP:0.8866
2024-06-04 16:53:38 INFO Epoch 256/16000	Training Loss: 0.9349	Time remaining is 488h:52m
2024-06-04 16:55:15 INFO Epoch 257/16000	Training Loss: 0.9309	Time remaining is 488h:35m
2024-06-04 16:56:53 INFO Epoch 258/16000	Training Loss: 0.9393	Time remaining is 488h:20m
2024-06-04 16:58:31 INFO Epoch 259/16000	Training Loss: 0.9309	Time remaining is 488h:3m
2024-06-04 17:00:08 INFO Epoch 260/16000	Training Loss: 0.9335	Time remaining is 487h:47m
2024-06-04 17:01:55 INFO Testing: dataset_name: market1501 top1:0.9531 top5:0.9849 top10:0.9908 mAP:0.8862
2024-06-04 17:03:32 INFO Epoch 261/16000	Training Loss: 0.9294	Time remaining is 489h:18m
2024-06-04 17:05:10 INFO Epoch 262/16000	Training Loss: 0.9334	Time remaining is 489h:2m
2024-06-04 17:06:47 INFO Epoch 263/16000	Training Loss: 0.9338	Time remaining is 488h:46m
2024-06-04 17:08:25 INFO Epoch 264/16000	Training Loss: 0.9348	Time remaining is 488h:29m
2024-06-04 17:10:02 INFO Epoch 265/16000	Training Loss: 0.9303	Time remaining is 488h:13m
2024-06-04 17:11:48 INFO Testing: dataset_name: market1501 top1:0.9537 top5:0.9849 top10:0.9917 mAP:0.8881
2024-06-04 17:13:26 INFO Epoch 266/16000	Training Loss: 0.9283	Time remaining is 489h:42m
2024-06-04 17:15:03 INFO Epoch 267/16000	Training Loss: 0.9351	Time remaining is 489h:26m
2024-06-04 17:16:41 INFO Epoch 268/16000	Training Loss: 0.9346	Time remaining is 489h:10m
2024-06-04 17:18:18 INFO Epoch 269/16000	Training Loss: 0.9344	Time remaining is 488h:54m
2024-06-04 17:19:55 INFO Epoch 270/16000	Training Loss: 0.9296	Time remaining is 488h:38m
2024-06-04 17:21:42 INFO Testing: dataset_name: market1501 top1:0.9546 top5:0.9840 top10:0.9914 mAP:0.8882
2024-06-04 17:23:20 INFO Epoch 271/16000	Training Loss: 0.9358	Time remaining is 490h:6m
2024-06-04 17:24:58 INFO Epoch 272/16000	Training Loss: 0.9349	Time remaining is 489h:50m
2024-06-04 17:26:35 INFO Epoch 273/16000	Training Loss: 0.9292	Time remaining is 489h:34m
2024-06-04 17:28:13 INFO Epoch 274/16000	Training Loss: 0.9333	Time remaining is 489h:19m
2024-06-04 17:29:50 INFO Epoch 275/16000	Training Loss: 0.9289	Time remaining is 489h:3m
2024-06-04 17:31:37 INFO Testing: dataset_name: market1501 top1:0.9528 top5:0.9846 top10:0.9905 mAP:0.8858
2024-06-04 17:33:15 INFO Epoch 276/16000	Training Loss: 0.9326	Time remaining is 490h:29m
2024-06-04 17:34:52 INFO Epoch 277/16000	Training Loss: 0.9284	Time remaining is 490h:12m
2024-06-04 17:36:29 INFO Epoch 278/16000	Training Loss: 0.9290	Time remaining is 489h:56m
2024-06-04 17:38:06 INFO Epoch 279/16000	Training Loss: 0.9342	Time remaining is 489h:41m
2024-06-04 17:39:44 INFO Epoch 280/16000	Training Loss: 0.9342	Time remaining is 489h:25m
2024-06-04 17:41:30 INFO Testing: dataset_name: market1501 top1:0.9546 top5:0.9849 top10:0.9908 mAP:0.8885
2024-06-04 17:43:07 INFO Epoch 281/16000	Training Loss: 0.9273	Time remaining is 490h:49m
2024-06-04 17:44:44 INFO Epoch 282/16000	Training Loss: 0.9287	Time remaining is 490h:32m
2024-06-04 17:46:22 INFO Epoch 283/16000	Training Loss: 0.9325	Time remaining is 490h:17m
2024-06-04 17:47:59 INFO Epoch 284/16000	Training Loss: 0.9328	Time remaining is 490h:1m
2024-06-04 17:49:37 INFO Epoch 285/16000	Training Loss: 0.9333	Time remaining is 489h:46m
2024-06-04 17:51:23 INFO Testing: dataset_name: market1501 top1:0.9555 top5:0.9855 top10:0.9908 mAP:0.8871
2024-06-04 17:53:01 INFO Epoch 286/16000	Training Loss: 0.9325	Time remaining is 491h:8m
2024-06-04 17:54:38 INFO Epoch 287/16000	Training Loss: 0.9337	Time remaining is 490h:52m
2024-06-04 17:56:16 INFO Epoch 288/16000	Training Loss: 0.9321	Time remaining is 490h:37m
2024-06-04 17:57:53 INFO Epoch 289/16000	Training Loss: 0.9279	Time remaining is 490h:21m
2024-06-04 17:59:30 INFO Epoch 290/16000	Training Loss: 0.9317	Time remaining is 490h:6m
2024-06-04 18:01:17 INFO Testing: dataset_name: market1501 top1:0.9528 top5:0.9852 top10:0.9908 mAP:0.8863
2024-06-04 18:02:54 INFO Epoch 291/16000	Training Loss: 0.9276	Time remaining is 491h:26m
2024-06-04 18:04:32 INFO Epoch 292/16000	Training Loss: 0.9315	Time remaining is 491h:11m
2024-06-04 18:06:09 INFO Epoch 293/16000	Training Loss: 0.9278	Time remaining is 490h:55m
2024-06-04 18:07:46 INFO Epoch 294/16000	Training Loss: 0.9320	Time remaining is 490h:40m
2024-06-04 18:09:24 INFO Epoch 295/16000	Training Loss: 0.9323	Time remaining is 490h:25m
2024-06-04 18:11:10 INFO Testing: dataset_name: market1501 top1:0.9537 top5:0.9846 top10:0.9914 mAP:0.8868
2024-06-04 18:12:48 INFO Epoch 296/16000	Training Loss: 0.9325	Time remaining is 491h:44m
2024-06-04 18:14:25 INFO Epoch 297/16000	Training Loss: 0.9329	Time remaining is 491h:29m
2024-06-04 18:16:03 INFO Epoch 298/16000	Training Loss: 0.9321	Time remaining is 491h:14m
2024-06-04 18:17:40 INFO Epoch 299/16000	Training Loss: 0.9276	Time remaining is 490h:58m
2024-06-04 18:19:17 INFO Epoch 300/16000	Training Loss: 0.9276	Time remaining is 490h:42m
2024-06-04 18:21:03 INFO Testing: dataset_name: market1501 top1:0.9549 top5:0.9843 top10:0.9908 mAP:0.8876
2024-06-04 18:22:41 INFO Epoch 301/16000	Training Loss: 0.9315	Time remaining is 492h:0m
2024-06-04 18:24:19 INFO Epoch 302/16000	Training Loss: 0.9318	Time remaining is 491h:45m
2024-06-04 18:25:56 INFO Epoch 303/16000	Training Loss: 0.9319	Time remaining is 491h:30m
2024-06-04 18:27:34 INFO Epoch 304/16000	Training Loss: 0.9320	Time remaining is 491h:15m
2024-06-04 18:29:11 INFO Epoch 305/16000	Training Loss: 0.9322	Time remaining is 491h:1m
2024-06-04 18:30:58 INFO Testing: dataset_name: market1501 top1:0.9537 top5:0.9843 top10:0.9914 mAP:0.8881
2024-06-04 18:32:35 INFO Epoch 306/16000	Training Loss: 0.9317	Time remaining is 492h:17m
2024-06-04 18:34:12 INFO Epoch 307/16000	Training Loss: 0.9276	Time remaining is 492h:1m
2024-06-04 18:35:49 INFO Epoch 308/16000	Training Loss: 0.9253	Time remaining is 491h:46m
2024-06-04 18:37:27 INFO Epoch 309/16000	Training Loss: 0.9309	Time remaining is 491h:31m
2024-06-04 18:39:05 INFO Epoch 310/16000	Training Loss: 0.9311	Time remaining is 491h:16m
2024-06-04 18:40:51 INFO Testing: dataset_name: market1501 top1:0.9534 top5:0.9843 top10:0.9902 mAP:0.8881
2024-06-04 18:42:28 INFO Epoch 311/16000	Training Loss: 0.9309	Time remaining is 492h:31m
2024-06-04 18:44:06 INFO Epoch 312/16000	Training Loss: 0.9261	Time remaining is 492h:16m
2024-06-04 18:45:43 INFO Epoch 313/16000	Training Loss: 0.9257	Time remaining is 492h:1m
2024-06-04 18:47:21 INFO Epoch 314/16000	Training Loss: 0.9346	Time remaining is 491h:47m
2024-06-04 18:48:58 INFO Epoch 315/16000	Training Loss: 0.9314	Time remaining is 491h:32m
2024-06-04 18:50:45 INFO Testing: dataset_name: market1501 top1:0.9546 top5:0.9834 top10:0.9908 mAP:0.8873
2024-06-04 18:52:22 INFO Epoch 316/16000	Training Loss: 0.9257	Time remaining is 492h:45m
2024-06-04 18:53:59 INFO Epoch 317/16000	Training Loss: 0.9315	Time remaining is 492h:31m
2024-06-04 18:55:37 INFO Epoch 318/16000	Training Loss: 0.9255	Time remaining is 492h:16m
2024-06-04 18:57:14 INFO Epoch 319/16000	Training Loss: 0.9308	Time remaining is 492h:1m
2024-06-04 18:58:52 INFO Epoch 320/16000	Training Loss: 0.9311	Time remaining is 491h:47m
2024-06-04 19:00:38 INFO Testing: dataset_name: market1501 top1:0.9543 top5:0.9840 top10:0.9911 mAP:0.8878
2024-06-04 19:02:16 INFO Epoch 321/16000	Training Loss: 0.9306	Time remaining is 492h:59m
2024-06-04 19:03:52 INFO Epoch 322/16000	Training Loss: 0.9256	Time remaining is 492h:44m
2024-06-04 19:05:30 INFO Epoch 323/16000	Training Loss: 0.9303	Time remaining is 492h:29m
2024-06-04 19:07:08 INFO Epoch 324/16000	Training Loss: 0.9297	Time remaining is 492h:15m
2024-06-04 19:08:45 INFO Epoch 325/16000	Training Loss: 0.9264	Time remaining is 492h:0m
2024-06-04 19:10:31 INFO Testing: dataset_name: market1501 top1:0.9525 top5:0.9840 top10:0.9917 mAP:0.8871
2024-06-04 19:12:09 INFO Epoch 326/16000	Training Loss: 0.9307	Time remaining is 493h:11m
2024-06-04 19:13:46 INFO Epoch 327/16000	Training Loss: 0.9294	Time remaining is 492h:57m
2024-06-04 19:15:24 INFO Epoch 328/16000	Training Loss: 0.9294	Time remaining is 492h:42m
2024-06-04 19:17:01 INFO Epoch 329/16000	Training Loss: 0.9289	Time remaining is 492h:28m
2024-06-04 19:18:39 INFO Epoch 330/16000	Training Loss: 0.9295	Time remaining is 492h:14m
2024-06-04 19:20:25 INFO Testing: dataset_name: market1501 top1:0.9537 top5:0.9840 top10:0.9908 mAP:0.8866
2024-06-04 19:22:03 INFO Epoch 331/16000	Training Loss: 0.9243	Time remaining is 493h:24m
2024-06-04 19:23:39 INFO Epoch 332/16000	Training Loss: 0.9248	Time remaining is 493h:9m
2024-06-04 19:25:17 INFO Epoch 333/16000	Training Loss: 0.9301	Time remaining is 492h:55m
2024-06-04 19:26:55 INFO Epoch 334/16000	Training Loss: 0.9302	Time remaining is 492h:41m
2024-06-04 19:28:33 INFO Epoch 335/16000	Training Loss: 0.9348	Time remaining is 492h:27m
2024-06-04 19:30:20 INFO Testing: dataset_name: market1501 top1:0.9552 top5:0.9852 top10:0.9902 mAP:0.8872
2024-06-04 19:31:57 INFO Epoch 336/16000	Training Loss: 0.9301	Time remaining is 493h:36m
2024-06-04 19:33:35 INFO Epoch 337/16000	Training Loss: 0.9336	Time remaining is 493h:22m
2024-06-04 19:35:12 INFO Epoch 338/16000	Training Loss: 0.9255	Time remaining is 493h:8m
2024-06-04 19:36:50 INFO Epoch 339/16000	Training Loss: 0.9286	Time remaining is 492h:53m
2024-06-04 19:38:27 INFO Epoch 340/16000	Training Loss: 0.9289	Time remaining is 492h:40m
2024-06-04 19:40:14 INFO Testing: dataset_name: market1501 top1:0.9540 top5:0.9843 top10:0.9917 mAP:0.8857
2024-06-04 19:41:52 INFO Epoch 341/16000	Training Loss: 0.9334	Time remaining is 493h:47m
2024-06-04 19:43:29 INFO Epoch 342/16000	Training Loss: 0.9287	Time remaining is 493h:33m
2024-06-04 19:45:07 INFO Epoch 343/16000	Training Loss: 0.9289	Time remaining is 493h:19m
2024-06-04 19:46:44 INFO Epoch 344/16000	Training Loss: 0.9294	Time remaining is 493h:5m
2024-06-04 19:48:22 INFO Epoch 345/16000	Training Loss: 0.9304	Time remaining is 492h:52m
2024-06-04 19:50:09 INFO Testing: dataset_name: market1501 top1:0.9531 top5:0.9849 top10:0.9914 mAP:0.8870
2024-06-04 19:51:46 INFO Epoch 346/16000	Training Loss: 0.9242	Time remaining is 493h:58m
2024-06-04 19:53:24 INFO Epoch 347/16000	Training Loss: 0.9286	Time remaining is 493h:44m
2024-06-04 19:55:01 INFO Epoch 348/16000	Training Loss: 0.9309	Time remaining is 493h:30m
2024-06-04 19:56:38 INFO Epoch 349/16000	Training Loss: 0.9245	Time remaining is 493h:16m
2024-06-04 19:58:16 INFO Epoch 350/16000	Training Loss: 0.9284	Time remaining is 493h:2m
2024-06-04 20:00:02 INFO Testing: dataset_name: market1501 top1:0.9543 top5:0.9855 top10:0.9911 mAP:0.8873
2024-06-04 20:01:40 INFO Epoch 351/16000	Training Loss: 0.9277	Time remaining is 494h:8m
2024-06-04 20:03:17 INFO Epoch 352/16000	Training Loss: 0.9279	Time remaining is 493h:54m
2024-06-04 20:04:55 INFO Epoch 353/16000	Training Loss: 0.9233	Time remaining is 493h:40m
2024-06-04 20:06:33 INFO Epoch 354/16000	Training Loss: 0.9284	Time remaining is 493h:27m
2024-06-04 20:08:11 INFO Epoch 355/16000	Training Loss: 0.9290	Time remaining is 493h:13m
2024-06-04 20:09:57 INFO Testing: dataset_name: market1501 top1:0.9525 top5:0.9828 top10:0.9911 mAP:0.8874
2024-06-04 20:11:34 INFO Epoch 356/16000	Training Loss: 0.9277	Time remaining is 494h:18m
2024-06-04 20:13:11 INFO Epoch 357/16000	Training Loss: 0.9238	Time remaining is 494h:3m
2024-06-04 20:14:49 INFO Epoch 358/16000	Training Loss: 0.9275	Time remaining is 493h:50m
2024-06-04 20:16:26 INFO Epoch 359/16000	Training Loss: 0.9269	Time remaining is 493h:36m
2024-06-04 20:18:04 INFO Epoch 360/16000	Training Loss: 0.9274	Time remaining is 493h:23m
2024-06-04 20:19:50 INFO Testing: dataset_name: market1501 top1:0.9519 top5:0.9843 top10:0.9920 mAP:0.8872
2024-06-04 20:21:28 INFO Epoch 361/16000	Training Loss: 0.9285	Time remaining is 494h:26m
2024-06-04 20:23:06 INFO Epoch 362/16000	Training Loss: 0.9270	Time remaining is 494h:12m
2024-06-04 20:24:42 INFO Epoch 363/16000	Training Loss: 0.9228	Time remaining is 493h:58m
2024-06-04 20:26:20 INFO Epoch 364/16000	Training Loss: 0.9275	Time remaining is 493h:45m
2024-06-04 20:27:58 INFO Epoch 365/16000	Training Loss: 0.9325	Time remaining is 493h:32m
2024-06-04 20:29:45 INFO Testing: dataset_name: market1501 top1:0.9543 top5:0.9834 top10:0.9920 mAP:0.8867
2024-06-04 20:31:22 INFO Epoch 366/16000	Training Loss: 0.9240	Time remaining is 494h:34m
2024-06-04 20:32:59 INFO Epoch 367/16000	Training Loss: 0.9263	Time remaining is 494h:20m
2024-06-04 20:34:36 INFO Epoch 368/16000	Training Loss: 0.9234	Time remaining is 494h:7m
2024-06-04 20:36:13 INFO Epoch 369/16000	Training Loss: 0.9279	Time remaining is 493h:53m
2024-06-04 20:37:51 INFO Epoch 370/16000	Training Loss: 0.9273	Time remaining is 493h:40m
2024-06-04 20:39:38 INFO Testing: dataset_name: market1501 top1:0.9525 top5:0.9855 top10:0.9917 mAP:0.8867
2024-06-04 20:41:15 INFO Epoch 371/16000	Training Loss: 0.9220	Time remaining is 494h:41m
2024-06-04 20:42:52 INFO Epoch 372/16000	Training Loss: 0.9222	Time remaining is 494h:27m
2024-06-04 20:44:29 INFO Epoch 373/16000	Training Loss: 0.9275	Time remaining is 494h:14m
2024-06-04 20:46:06 INFO Epoch 374/16000	Training Loss: 0.9217	Time remaining is 494h:0m
2024-06-04 20:47:44 INFO Epoch 375/16000	Training Loss: 0.9274	Time remaining is 493h:47m
2024-06-04 20:49:30 INFO Testing: dataset_name: market1501 top1:0.9528 top5:0.9840 top10:0.9917 mAP:0.8864
2024-06-04 20:51:08 INFO Epoch 376/16000	Training Loss: 0.9268	Time remaining is 494h:48m
2024-06-04 20:52:45 INFO Epoch 377/16000	Training Loss: 0.9222	Time remaining is 494h:34m
2024-06-04 20:54:21 INFO Epoch 378/16000	Training Loss: 0.9222	Time remaining is 494h:20m
2024-06-04 20:55:59 INFO Epoch 379/16000	Training Loss: 0.9230	Time remaining is 494h:7m
2024-06-04 20:57:36 INFO Epoch 380/16000	Training Loss: 0.9276	Time remaining is 493h:54m
2024-06-04 20:59:23 INFO Testing: dataset_name: market1501 top1:0.9558 top5:0.9846 top10:0.9911 mAP:0.8855
2024-06-04 21:01:00 INFO Epoch 381/16000	Training Loss: 0.9267	Time remaining is 494h:54m
2024-06-04 21:02:38 INFO Epoch 382/16000	Training Loss: 0.9273	Time remaining is 494h:41m
2024-06-04 21:04:16 INFO Epoch 383/16000	Training Loss: 0.9269	Time remaining is 494h:28m
2024-06-04 21:05:54 INFO Epoch 384/16000	Training Loss: 0.9263	Time remaining is 494h:15m
2024-06-04 21:07:31 INFO Epoch 385/16000	Training Loss: 0.9212	Time remaining is 494h:2m
2024-06-04 21:09:17 INFO Testing: dataset_name: market1501 top1:0.9540 top5:0.9834 top10:0.9920 mAP:0.8865
2024-06-04 21:10:55 INFO Epoch 386/16000	Training Loss: 0.9313	Time remaining is 495h:1m
2024-06-04 21:12:32 INFO Epoch 387/16000	Training Loss: 0.9213	Time remaining is 494h:48m
2024-06-04 21:14:10 INFO Epoch 388/16000	Training Loss: 0.9306	Time remaining is 494h:35m
2024-06-04 21:15:48 INFO Epoch 389/16000	Training Loss: 0.9269	Time remaining is 494h:22m
2024-06-04 21:17:25 INFO Epoch 390/16000	Training Loss: 0.9215	Time remaining is 494h:8m
2024-06-04 21:19:11 INFO Testing: dataset_name: market1501 top1:0.9528 top5:0.9843 top10:0.9908 mAP:0.8851
2024-06-04 21:20:49 INFO Epoch 391/16000	Training Loss: 0.9268	Time remaining is 495h:7m
2024-06-04 21:22:27 INFO Epoch 392/16000	Training Loss: 0.9214	Time remaining is 494h:54m
2024-06-04 21:24:03 INFO Epoch 393/16000	Training Loss: 0.9216	Time remaining is 494h:40m
2024-06-04 21:25:41 INFO Epoch 394/16000	Training Loss: 0.9260	Time remaining is 494h:27m
2024-06-04 21:27:18 INFO Epoch 395/16000	Training Loss: 0.9214	Time remaining is 494h:14m
2024-06-04 21:29:04 INFO Testing: dataset_name: market1501 top1:0.9525 top5:0.9846 top10:0.9905 mAP:0.8855
2024-06-04 21:30:41 INFO Epoch 396/16000	Training Loss: 0.9215	Time remaining is 495h:11m
2024-06-04 21:32:18 INFO Epoch 397/16000	Training Loss: 0.9214	Time remaining is 494h:58m
2024-06-04 21:33:55 INFO Epoch 398/16000	Training Loss: 0.9258	Time remaining is 494h:45m
2024-06-04 21:35:33 INFO Epoch 399/16000	Training Loss: 0.9210	Time remaining is 494h:32m
2024-06-04 21:37:10 INFO Epoch 400/16000	Training Loss: 0.9215	Time remaining is 494h:19m
2024-06-04 21:38:56 INFO Testing: dataset_name: market1501 top1:0.9540 top5:0.9834 top10:0.9905 mAP:0.8856
2024-06-04 21:40:34 INFO Epoch 401/16000	Training Loss: 0.9252	Time remaining is 495h:16m
2024-06-04 21:42:11 INFO Epoch 402/16000	Training Loss: 0.9258	Time remaining is 495h:3m
2024-06-04 21:43:48 INFO Epoch 403/16000	Training Loss: 0.9197	Time remaining is 494h:50m
2024-06-04 21:45:26 INFO Epoch 404/16000	Training Loss: 0.9260	Time remaining is 494h:37m
2024-06-04 21:47:03 INFO Epoch 405/16000	Training Loss: 0.9265	Time remaining is 494h:24m
2024-06-04 21:48:50 INFO Testing: dataset_name: market1501 top1:0.9546 top5:0.9837 top10:0.9908 mAP:0.8856
2024-06-04 21:50:27 INFO Epoch 406/16000	Training Loss: 0.9260	Time remaining is 495h:20m
2024-06-04 21:52:05 INFO Epoch 407/16000	Training Loss: 0.9257	Time remaining is 495h:7m
2024-06-04 21:53:42 INFO Epoch 408/16000	Training Loss: 0.9252	Time remaining is 494h:55m
2024-06-04 21:55:19 INFO Epoch 409/16000	Training Loss: 0.9266	Time remaining is 494h:42m
2024-06-04 21:56:57 INFO Epoch 410/16000	Training Loss: 0.9268	Time remaining is 494h:30m
2024-06-04 21:58:44 INFO Testing: dataset_name: market1501 top1:0.9540 top5:0.9849 top10:0.9914 mAP:0.8850
2024-06-04 22:00:21 INFO Epoch 411/16000	Training Loss: 0.9202	Time remaining is 495h:24m
2024-06-04 22:01:58 INFO Epoch 412/16000	Training Loss: 0.9243	Time remaining is 495h:12m
2024-06-04 22:03:35 INFO Epoch 413/16000	Training Loss: 0.9198	Time remaining is 494h:59m
2024-06-04 22:05:13 INFO Epoch 414/16000	Training Loss: 0.9253	Time remaining is 494h:46m
2024-06-04 22:06:50 INFO Epoch 415/16000	Training Loss: 0.9245	Time remaining is 494h:34m
2024-06-04 22:08:37 INFO Testing: dataset_name: market1501 top1:0.9522 top5:0.9834 top10:0.9902 mAP:0.8853
2024-06-04 22:10:13 INFO Epoch 416/16000	Training Loss: 0.9199	Time remaining is 495h:28m
2024-06-04 22:11:51 INFO Epoch 417/16000	Training Loss: 0.9250	Time remaining is 495h:15m
2024-06-04 22:13:28 INFO Epoch 418/16000	Training Loss: 0.9248	Time remaining is 495h:3m
2024-06-04 22:15:06 INFO Epoch 419/16000	Training Loss: 0.9256	Time remaining is 494h:51m
2024-06-04 22:16:44 INFO Epoch 420/16000	Training Loss: 0.9253	Time remaining is 494h:38m
2024-06-04 22:18:30 INFO Testing: dataset_name: market1501 top1:0.9537 top5:0.9837 top10:0.9905 mAP:0.8850
2024-06-04 22:20:08 INFO Epoch 421/16000	Training Loss: 0.9253	Time remaining is 495h:32m
2024-06-04 22:21:45 INFO Epoch 422/16000	Training Loss: 0.9242	Time remaining is 495h:19m
2024-06-04 22:23:22 INFO Epoch 423/16000	Training Loss: 0.9211	Time remaining is 495h:7m
2024-06-04 22:24:59 INFO Epoch 424/16000	Training Loss: 0.9196	Time remaining is 494h:54m
2024-06-04 22:26:37 INFO Epoch 425/16000	Training Loss: 0.9239	Time remaining is 494h:42m
2024-06-04 22:28:23 INFO Testing: dataset_name: market1501 top1:0.9537 top5:0.9855 top10:0.9911 mAP:0.8863
2024-06-04 22:30:01 INFO Epoch 426/16000	Training Loss: 0.9198	Time remaining is 495h:35m
2024-06-04 22:31:38 INFO Epoch 427/16000	Training Loss: 0.9247	Time remaining is 495h:22m
2024-06-04 22:33:16 INFO Epoch 428/16000	Training Loss: 0.9242	Time remaining is 495h:10m
2024-06-04 22:34:53 INFO Epoch 429/16000	Training Loss: 0.9245	Time remaining is 494h:58m
2024-06-04 22:36:30 INFO Epoch 430/16000	Training Loss: 0.9254	Time remaining is 494h:46m
2024-06-04 22:38:17 INFO Testing: dataset_name: market1501 top1:0.9549 top5:0.9837 top10:0.9914 mAP:0.8851
2024-06-04 22:39:55 INFO Epoch 431/16000	Training Loss: 0.9251	Time remaining is 495h:38m
2024-06-04 22:41:33 INFO Epoch 432/16000	Training Loss: 0.9234	Time remaining is 495h:26m
2024-06-04 22:43:10 INFO Epoch 433/16000	Training Loss: 0.9200	Time remaining is 495h:14m
2024-06-04 22:44:47 INFO Epoch 434/16000	Training Loss: 0.9258	Time remaining is 495h:2m
2024-06-04 22:46:25 INFO Epoch 435/16000	Training Loss: 0.9239	Time remaining is 494h:50m
2024-06-04 22:48:11 INFO Testing: dataset_name: market1501 top1:0.9531 top5:0.9831 top10:0.9914 mAP:0.8863
2024-06-04 22:49:49 INFO Epoch 436/16000	Training Loss: 0.9244	Time remaining is 495h:41m
2024-06-04 22:51:27 INFO Epoch 437/16000	Training Loss: 0.9243	Time remaining is 495h:29m
2024-06-04 22:53:04 INFO Epoch 438/16000	Training Loss: 0.9192	Time remaining is 495h:17m
2024-06-04 22:54:41 INFO Epoch 439/16000	Training Loss: 0.9238	Time remaining is 495h:5m
2024-06-04 22:56:19 INFO Epoch 440/16000	Training Loss: 0.9236	Time remaining is 494h:53m
2024-06-04 22:58:06 INFO Testing: dataset_name: market1501 top1:0.9522 top5:0.9834 top10:0.9908 mAP:0.8851
2024-06-04 22:59:43 INFO Epoch 441/16000	Training Loss: 0.9246	Time remaining is 495h:44m
2024-06-04 23:01:20 INFO Epoch 442/16000	Training Loss: 0.9227	Time remaining is 495h:32m
2024-06-04 23:02:58 INFO Epoch 443/16000	Training Loss: 0.9239	Time remaining is 495h:20m
2024-06-04 23:04:34 INFO Epoch 444/16000	Training Loss: 0.9187	Time remaining is 495h:7m
2024-06-04 23:06:12 INFO Epoch 445/16000	Training Loss: 0.9233	Time remaining is 494h:56m
2024-06-04 23:07:59 INFO Testing: dataset_name: market1501 top1:0.9519 top5:0.9843 top10:0.9914 mAP:0.8847
2024-06-04 23:09:36 INFO Epoch 446/16000	Training Loss: 0.9237	Time remaining is 495h:46m
2024-06-04 23:11:13 INFO Epoch 447/16000	Training Loss: 0.9189	Time remaining is 495h:34m
2024-06-04 23:12:50 INFO Epoch 448/16000	Training Loss: 0.9196	Time remaining is 495h:21m
2024-06-04 23:14:28 INFO Epoch 449/16000	Training Loss: 0.9245	Time remaining is 495h:9m
2024-06-04 23:16:05 INFO Epoch 450/16000	Training Loss: 0.9232	Time remaining is 494h:58m
2024-06-04 23:17:52 INFO Testing: dataset_name: market1501 top1:0.9534 top5:0.9846 top10:0.9914 mAP:0.8827
2024-06-04 23:19:29 INFO Epoch 451/16000	Training Loss: 0.9238	Time remaining is 495h:47m
2024-06-04 23:21:07 INFO Epoch 452/16000	Training Loss: 0.9223	Time remaining is 495h:35m
2024-06-04 23:22:44 INFO Epoch 453/16000	Training Loss: 0.9228	Time remaining is 495h:24m
2024-06-04 23:24:21 INFO Epoch 454/16000	Training Loss: 0.9185	Time remaining is 495h:12m
2024-06-04 23:25:58 INFO Epoch 455/16000	Training Loss: 0.9186	Time remaining is 494h:59m
2024-06-04 23:27:44 INFO Testing: dataset_name: market1501 top1:0.9534 top5:0.9837 top10:0.9899 mAP:0.8833
2024-06-04 23:29:22 INFO Epoch 456/16000	Training Loss: 0.9233	Time remaining is 495h:48m
2024-06-04 23:30:59 INFO Epoch 457/16000	Training Loss: 0.9235	Time remaining is 495h:37m
2024-06-04 23:32:37 INFO Epoch 458/16000	Training Loss: 0.9232	Time remaining is 495h:25m
2024-06-04 23:34:14 INFO Epoch 459/16000	Training Loss: 0.9183	Time remaining is 495h:13m
2024-06-04 23:35:52 INFO Epoch 460/16000	Training Loss: 0.9234	Time remaining is 495h:2m
2024-06-04 23:37:38 INFO Testing: dataset_name: market1501 top1:0.9531 top5:0.9840 top10:0.9920 mAP:0.8850
2024-06-04 23:39:15 INFO Epoch 461/16000	Training Loss: 0.9194	Time remaining is 495h:50m
2024-06-04 23:40:53 INFO Epoch 462/16000	Training Loss: 0.9222	Time remaining is 495h:38m
2024-06-04 23:42:30 INFO Epoch 463/16000	Training Loss: 0.9235	Time remaining is 495h:26m
2024-06-04 23:44:08 INFO Epoch 464/16000	Training Loss: 0.9235	Time remaining is 495h:15m
2024-06-04 23:45:44 INFO Epoch 465/16000	Training Loss: 0.9176	Time remaining is 495h:3m
2024-06-04 23:47:31 INFO Testing: dataset_name: market1501 top1:0.9528 top5:0.9828 top10:0.9905 mAP:0.8826
2024-06-04 23:49:09 INFO Epoch 466/16000	Training Loss: 0.9234	Time remaining is 495h:51m
2024-06-04 23:50:46 INFO Epoch 467/16000	Training Loss: 0.9224	Time remaining is 495h:39m
2024-06-04 23:52:24 INFO Epoch 468/16000	Training Loss: 0.9277	Time remaining is 495h:28m
2024-06-04 23:54:01 INFO Epoch 469/16000	Training Loss: 0.9227	Time remaining is 495h:16m
2024-06-04 23:55:39 INFO Epoch 470/16000	Training Loss: 0.9233	Time remaining is 495h:5m
2024-06-04 23:57:25 INFO Testing: dataset_name: market1501 top1:0.9522 top5:0.9822 top10:0.9896 mAP:0.8820
2024-06-04 23:59:03 INFO Epoch 471/16000	Training Loss: 0.9218	Time remaining is 495h:52m
2024-06-05 00:00:40 INFO Epoch 472/16000	Training Loss: 0.9177	Time remaining is 495h:40m
2024-06-05 00:02:19 INFO Epoch 473/16000	Training Loss: 0.9282	Time remaining is 495h:29m
2024-06-05 00:03:56 INFO Epoch 474/16000	Training Loss: 0.9236	Time remaining is 495h:18m
2024-06-05 00:05:33 INFO Epoch 475/16000	Training Loss: 0.9180	Time remaining is 495h:6m
2024-06-05 00:07:20 INFO Testing: dataset_name: market1501 top1:0.9522 top5:0.9837 top10:0.9914 mAP:0.8827
2024-06-05 00:08:57 INFO Epoch 476/16000	Training Loss: 0.9213	Time remaining is 495h:53m
2024-06-05 00:10:34 INFO Epoch 477/16000	Training Loss: 0.9173	Time remaining is 495h:41m
2024-06-05 00:12:11 INFO Epoch 478/16000	Training Loss: 0.9225	Time remaining is 495h:30m
2024-06-05 00:13:48 INFO Epoch 479/16000	Training Loss: 0.9162	Time remaining is 495h:18m
2024-06-05 00:15:26 INFO Epoch 480/16000	Training Loss: 0.9224	Time remaining is 495h:7m
2024-06-05 00:17:12 INFO Testing: dataset_name: market1501 top1:0.9495 top5:0.9822 top10:0.9902 mAP:0.8790
2024-06-05 00:18:50 INFO Epoch 481/16000	Training Loss: 0.9224	Time remaining is 495h:53m
2024-06-05 00:20:27 INFO Epoch 482/16000	Training Loss: 0.9174	Time remaining is 495h:41m
2024-06-05 00:22:04 INFO Epoch 483/16000	Training Loss: 0.9223	Time remaining is 495h:30m
2024-06-05 00:23:42 INFO Epoch 484/16000	Training Loss: 0.9271	Time remaining is 495h:19m
2024-06-05 00:25:19 INFO Epoch 485/16000	Training Loss: 0.9227	Time remaining is 495h:7m
2024-06-05 00:27:06 INFO Testing: dataset_name: market1501 top1:0.9501 top5:0.9819 top10:0.9905 mAP:0.8808
2024-06-05 00:28:43 INFO Epoch 486/16000	Training Loss: 0.9221	Time remaining is 495h:53m
2024-06-05 00:30:21 INFO Epoch 487/16000	Training Loss: 0.9262	Time remaining is 495h:42m
2024-06-05 00:31:58 INFO Epoch 488/16000	Training Loss: 0.9167	Time remaining is 495h:30m
2024-06-05 00:33:35 INFO Epoch 489/16000	Training Loss: 0.9221	Time remaining is 495h:19m
2024-06-05 00:35:12 INFO Epoch 490/16000	Training Loss: 0.9229	Time remaining is 495h:8m
2024-06-05 00:36:59 INFO Testing: dataset_name: market1501 top1:0.9528 top5:0.9828 top10:0.9905 mAP:0.8825
2024-06-05 00:38:36 INFO Epoch 491/16000	Training Loss: 0.9171	Time remaining is 495h:53m
2024-06-05 00:40:13 INFO Epoch 492/16000	Training Loss: 0.9216	Time remaining is 495h:41m
2024-06-05 00:41:50 INFO Epoch 493/16000	Training Loss: 0.9179	Time remaining is 495h:30m
2024-06-05 00:43:27 INFO Epoch 494/16000	Training Loss: 0.9176	Time remaining is 495h:19m
2024-06-05 00:45:05 INFO Epoch 495/16000	Training Loss: 0.9219	Time remaining is 495h:7m
2024-06-05 00:46:51 INFO Testing: dataset_name: market1501 top1:0.9546 top5:0.9846 top10:0.9896 mAP:0.8833
2024-06-05 00:48:29 INFO Epoch 496/16000	Training Loss: 0.9213	Time remaining is 495h:52m
2024-06-05 00:50:06 INFO Epoch 497/16000	Training Loss: 0.9169	Time remaining is 495h:41m
2024-06-05 00:51:43 INFO Epoch 498/16000	Training Loss: 0.9218	Time remaining is 495h:30m
2024-06-05 00:53:20 INFO Epoch 499/16000	Training Loss: 0.9166	Time remaining is 495h:18m
2024-06-05 00:54:58 INFO Epoch 500/16000	Training Loss: 0.9223	Time remaining is 495h:7m
2024-06-05 00:56:44 INFO Testing: dataset_name: market1501 top1:0.9522 top5:0.9831 top10:0.9896 mAP:0.8821
2024-06-05 00:58:22 INFO Epoch 501/16000	Training Loss: 0.9210	Time remaining is 495h:51m
2024-06-05 00:59:59 INFO Epoch 502/16000	Training Loss: 0.9210	Time remaining is 495h:40m
2024-06-05 01:01:36 INFO Epoch 503/16000	Training Loss: 0.9167	Time remaining is 495h:29m
2024-06-05 01:03:14 INFO Epoch 504/16000	Training Loss: 0.9205	Time remaining is 495h:18m
2024-06-05 01:04:51 INFO Epoch 505/16000	Training Loss: 0.9214	Time remaining is 495h:7m
2024-06-05 01:06:38 INFO Testing: dataset_name: market1501 top1:0.9516 top5:0.9828 top10:0.9893 mAP:0.8813
2024-06-05 01:08:15 INFO Epoch 506/16000	Training Loss: 0.9218	Time remaining is 495h:51m
2024-06-05 01:09:53 INFO Epoch 507/16000	Training Loss: 0.9213	Time remaining is 495h:40m
2024-06-05 01:11:30 INFO Epoch 508/16000	Training Loss: 0.9167	Time remaining is 495h:29m
2024-06-05 01:13:08 INFO Epoch 509/16000	Training Loss: 0.9266	Time remaining is 495h:18m
2024-06-05 01:14:45 INFO Epoch 510/16000	Training Loss: 0.9214	Time remaining is 495h:7m
2024-06-05 01:16:32 INFO Testing: dataset_name: market1501 top1:0.9543 top5:0.9819 top10:0.9899 mAP:0.8814
2024-06-05 01:18:09 INFO Epoch 511/16000	Training Loss: 0.9206	Time remaining is 495h:50m
2024-06-05 01:19:46 INFO Epoch 512/16000	Training Loss: 0.9171	Time remaining is 495h:39m
2024-06-05 01:21:24 INFO Epoch 513/16000	Training Loss: 0.9208	Time remaining is 495h:28m
2024-06-05 01:23:01 INFO Epoch 514/16000	Training Loss: 0.9166	Time remaining is 495h:17m
2024-06-05 01:24:38 INFO Epoch 515/16000	Training Loss: 0.9220	Time remaining is 495h:7m
2024-06-05 01:26:25 INFO Testing: dataset_name: market1501 top1:0.9507 top5:0.9831 top10:0.9896 mAP:0.8807
2024-06-05 01:28:03 INFO Epoch 516/16000	Training Loss: 0.9206	Time remaining is 495h:49m
2024-06-05 01:29:40 INFO Epoch 517/16000	Training Loss: 0.9206	Time remaining is 495h:39m
2024-06-05 01:31:18 INFO Epoch 518/16000	Training Loss: 0.9254	Time remaining is 495h:28m
2024-06-05 01:32:55 INFO Epoch 519/16000	Training Loss: 0.9162	Time remaining is 495h:17m
2024-06-05 01:34:33 INFO Epoch 520/16000	Training Loss: 0.9255	Time remaining is 495h:6m
2024-06-05 01:36:19 INFO Testing: dataset_name: market1501 top1:0.9537 top5:0.9819 top10:0.9905 mAP:0.8796
2024-06-05 01:37:57 INFO Epoch 521/16000	Training Loss: 0.9221	Time remaining is 495h:48m
2024-06-05 01:39:34 INFO Epoch 522/16000	Training Loss: 0.9215	Time remaining is 495h:38m
2024-06-05 01:41:12 INFO Epoch 523/16000	Training Loss: 0.9209	Time remaining is 495h:27m
2024-06-05 01:42:49 INFO Epoch 524/16000	Training Loss: 0.9163	Time remaining is 495h:16m
2024-06-05 01:44:26 INFO Epoch 525/16000	Training Loss: 0.9207	Time remaining is 495h:6m
2024-06-05 01:46:13 INFO Testing: dataset_name: market1501 top1:0.9513 top5:0.9819 top10:0.9896 mAP:0.8796
2024-06-05 01:47:50 INFO Epoch 526/16000	Training Loss: 0.9204	Time remaining is 495h:47m
2024-06-05 01:49:27 INFO Epoch 527/16000	Training Loss: 0.9159	Time remaining is 495h:36m
2024-06-05 01:51:05 INFO Epoch 528/16000	Training Loss: 0.9201	Time remaining is 495h:26m
2024-06-05 01:52:43 INFO Epoch 529/16000	Training Loss: 0.9207	Time remaining is 495h:15m
2024-06-05 01:54:19 INFO Epoch 530/16000	Training Loss: 0.9161	Time remaining is 495h:4m
2024-06-05 01:56:06 INFO Testing: dataset_name: market1501 top1:0.9525 top5:0.9813 top10:0.9884 mAP:0.8790
2024-06-05 01:57:43 INFO Epoch 531/16000	Training Loss: 0.9160	Time remaining is 495h:46m
2024-06-05 01:59:21 INFO Epoch 532/16000	Training Loss: 0.9157	Time remaining is 495h:35m
2024-06-05 02:00:58 INFO Epoch 533/16000	Training Loss: 0.9201	Time remaining is 495h:24m
2024-06-05 02:02:35 INFO Epoch 534/16000	Training Loss: 0.9157	Time remaining is 495h:13m
2024-06-05 02:04:12 INFO Epoch 535/16000	Training Loss: 0.9207	Time remaining is 495h:3m
2024-06-05 02:05:59 INFO Testing: dataset_name: market1501 top1:0.9504 top5:0.9819 top10:0.9884 mAP:0.8791
2024-06-05 02:07:37 INFO Epoch 536/16000	Training Loss: 0.9197	Time remaining is 495h:44m
2024-06-05 02:09:14 INFO Epoch 537/16000	Training Loss: 0.9197	Time remaining is 495h:33m
2024-06-05 02:10:52 INFO Epoch 538/16000	Training Loss: 0.9206	Time remaining is 495h:23m
2024-06-05 02:12:29 INFO Epoch 539/16000	Training Loss: 0.9201	Time remaining is 495h:13m
2024-06-05 02:14:06 INFO Epoch 540/16000	Training Loss: 0.9151	Time remaining is 495h:2m
2024-06-05 02:15:53 INFO Testing: dataset_name: market1501 top1:0.9525 top5:0.9819 top10:0.9884 mAP:0.8771
2024-06-05 02:17:30 INFO Epoch 541/16000	Training Loss: 0.9154	Time remaining is 495h:42m
2024-06-05 02:19:07 INFO Epoch 542/16000	Training Loss: 0.9163	Time remaining is 495h:31m
2024-06-05 02:20:45 INFO Epoch 543/16000	Training Loss: 0.9209	Time remaining is 495h:21m
2024-06-05 02:22:22 INFO Epoch 544/16000	Training Loss: 0.9197	Time remaining is 495h:11m
2024-06-05 02:24:00 INFO Epoch 545/16000	Training Loss: 0.9197	Time remaining is 495h:0m
2024-06-05 02:25:46 INFO Testing: dataset_name: market1501 top1:0.9522 top5:0.9816 top10:0.9884 mAP:0.8796
2024-06-05 02:27:24 INFO Epoch 546/16000	Training Loss: 0.9196	Time remaining is 495h:40m
2024-06-05 02:29:01 INFO Epoch 547/16000	Training Loss: 0.9212	Time remaining is 495h:30m
2024-06-05 02:30:38 INFO Epoch 548/16000	Training Loss: 0.9146	Time remaining is 495h:19m
2024-06-05 02:32:16 INFO Epoch 549/16000	Training Loss: 0.9198	Time remaining is 495h:9m
2024-06-05 02:33:53 INFO Epoch 550/16000	Training Loss: 0.9162	Time remaining is 494h:59m
2024-06-05 02:35:39 INFO Testing: dataset_name: market1501 top1:0.9513 top5:0.9819 top10:0.9884 mAP:0.8781
2024-06-05 02:37:17 INFO Epoch 551/16000	Training Loss: 0.9200	Time remaining is 495h:38m
2024-06-05 02:38:54 INFO Epoch 552/16000	Training Loss: 0.9151	Time remaining is 495h:27m
2024-06-05 02:40:31 INFO Epoch 553/16000	Training Loss: 0.9198	Time remaining is 495h:17m
2024-06-05 02:42:09 INFO Epoch 554/16000	Training Loss: 0.9195	Time remaining is 495h:7m
2024-06-05 02:43:46 INFO Epoch 555/16000	Training Loss: 0.9194	Time remaining is 494h:57m
2024-06-05 02:45:33 INFO Testing: dataset_name: market1501 top1:0.9510 top5:0.9825 top10:0.9881 mAP:0.8772
2024-06-05 02:47:11 INFO Epoch 556/16000	Training Loss: 0.9236	Time remaining is 495h:36m
2024-06-05 02:48:47 INFO Epoch 557/16000	Training Loss: 0.9157	Time remaining is 495h:25m
2024-06-05 02:50:25 INFO Epoch 558/16000	Training Loss: 0.9195	Time remaining is 495h:15m
2024-06-05 02:52:01 INFO Epoch 559/16000	Training Loss: 0.9152	Time remaining is 495h:5m
2024-06-05 02:53:38 INFO Epoch 560/16000	Training Loss: 0.9154	Time remaining is 494h:54m
2024-06-05 02:55:25 INFO Testing: dataset_name: market1501 top1:0.9489 top5:0.9804 top10:0.9887 mAP:0.8767
2024-06-05 02:57:03 INFO Epoch 561/16000	Training Loss: 0.9205	Time remaining is 495h:33m
2024-06-05 02:58:40 INFO Epoch 562/16000	Training Loss: 0.9203	Time remaining is 495h:23m
2024-06-05 03:00:18 INFO Epoch 563/16000	Training Loss: 0.9203	Time remaining is 495h:13m
2024-06-05 03:01:55 INFO Epoch 564/16000	Training Loss: 0.9156	Time remaining is 495h:2m
2024-06-05 03:03:32 INFO Epoch 565/16000	Training Loss: 0.9193	Time remaining is 494h:52m
2024-06-05 03:05:19 INFO Testing: dataset_name: market1501 top1:0.9510 top5:0.9822 top10:0.9911 mAP:0.8782
2024-06-05 03:06:57 INFO Epoch 566/16000	Training Loss: 0.9143	Time remaining is 495h:31m
2024-06-05 03:08:34 INFO Epoch 567/16000	Training Loss: 0.9142	Time remaining is 495h:20m
2024-06-05 03:10:11 INFO Epoch 568/16000	Training Loss: 0.9197	Time remaining is 495h:10m
2024-06-05 03:11:48 INFO Epoch 569/16000	Training Loss: 0.9205	Time remaining is 495h:0m
2024-06-05 03:13:26 INFO Epoch 570/16000	Training Loss: 0.9194	Time remaining is 494h:50m
2024-06-05 03:15:12 INFO Testing: dataset_name: market1501 top1:0.9504 top5:0.9801 top10:0.9887 mAP:0.8755
2024-06-05 03:16:50 INFO Epoch 571/16000	Training Loss: 0.9199	Time remaining is 495h:28m
2024-06-05 03:18:27 INFO Epoch 572/16000	Training Loss: 0.9154	Time remaining is 495h:18m
2024-06-05 03:20:05 INFO Epoch 573/16000	Training Loss: 0.9185	Time remaining is 495h:8m
2024-06-05 03:21:42 INFO Epoch 574/16000	Training Loss: 0.9145	Time remaining is 494h:58m
2024-06-05 03:23:19 INFO Epoch 575/16000	Training Loss: 0.9195	Time remaining is 494h:48m
2024-06-05 03:25:06 INFO Testing: dataset_name: market1501 top1:0.9480 top5:0.9813 top10:0.9896 mAP:0.8741
2024-06-05 03:26:43 INFO Epoch 576/16000	Training Loss: 0.9193	Time remaining is 495h:25m
2024-06-05 03:28:20 INFO Epoch 577/16000	Training Loss: 0.9144	Time remaining is 495h:15m
2024-06-05 03:29:58 INFO Epoch 578/16000	Training Loss: 0.9191	Time remaining is 495h:5m
2024-06-05 03:31:35 INFO Epoch 579/16000	Training Loss: 0.9197	Time remaining is 494h:55m
2024-06-05 03:33:12 INFO Epoch 580/16000	Training Loss: 0.9192	Time remaining is 494h:45m
2024-06-05 03:34:59 INFO Testing: dataset_name: market1501 top1:0.9460 top5:0.9804 top10:0.9887 mAP:0.8716
2024-06-05 03:36:36 INFO Epoch 581/16000	Training Loss: 0.9140	Time remaining is 495h:22m
2024-06-05 03:38:14 INFO Epoch 582/16000	Training Loss: 0.9189	Time remaining is 495h:12m
2024-06-05 03:39:51 INFO Epoch 583/16000	Training Loss: 0.9193	Time remaining is 495h:2m
2024-06-05 03:41:28 INFO Epoch 584/16000	Training Loss: 0.9189	Time remaining is 494h:52m
2024-06-05 03:43:06 INFO Epoch 585/16000	Training Loss: 0.9180	Time remaining is 494h:42m
2024-06-05 03:44:52 INFO Testing: dataset_name: market1501 top1:0.9486 top5:0.9816 top10:0.9887 mAP:0.8745
2024-06-05 03:46:29 INFO Epoch 586/16000	Training Loss: 0.9130	Time remaining is 495h:19m
2024-06-05 03:48:06 INFO Epoch 587/16000	Training Loss: 0.9137	Time remaining is 495h:9m
2024-06-05 03:49:44 INFO Epoch 588/16000	Training Loss: 0.9189	Time remaining is 494h:59m
2024-06-05 03:51:21 INFO Epoch 589/16000	Training Loss: 0.9136	Time remaining is 494h:49m
2024-06-05 03:52:58 INFO Epoch 590/16000	Training Loss: 0.9142	Time remaining is 494h:39m
2024-06-05 03:54:45 INFO Testing: dataset_name: market1501 top1:0.9480 top5:0.9819 top10:0.9896 mAP:0.8739
2024-06-05 03:56:22 INFO Epoch 591/16000	Training Loss: 0.9176	Time remaining is 495h:16m
2024-06-05 03:58:00 INFO Epoch 592/16000	Training Loss: 0.9182	Time remaining is 495h:6m
2024-06-05 03:59:37 INFO Epoch 593/16000	Training Loss: 0.9194	Time remaining is 494h:56m
2024-06-05 04:01:15 INFO Epoch 594/16000	Training Loss: 0.9234	Time remaining is 494h:46m
2024-06-05 04:02:52 INFO Epoch 595/16000	Training Loss: 0.9184	Time remaining is 494h:37m
2024-06-05 04:04:39 INFO Testing: dataset_name: market1501 top1:0.9492 top5:0.9831 top10:0.9908 mAP:0.8740
2024-06-05 04:06:16 INFO Epoch 596/16000	Training Loss: 0.9140	Time remaining is 495h:13m
2024-06-05 04:07:54 INFO Epoch 597/16000	Training Loss: 0.9189	Time remaining is 495h:3m
2024-06-05 04:09:31 INFO Epoch 598/16000	Training Loss: 0.9196	Time remaining is 494h:53m
2024-06-05 04:11:08 INFO Epoch 599/16000	Training Loss: 0.9139	Time remaining is 494h:43m
2024-06-05 04:12:45 INFO Epoch 600/16000	Training Loss: 0.9142	Time remaining is 494h:33m
2024-06-05 04:14:32 INFO Testing: dataset_name: market1501 top1:0.9495 top5:0.9807 top10:0.9881 mAP:0.8736
2024-06-05 04:16:09 INFO Epoch 601/16000	Training Loss: 0.9153	Time remaining is 495h:9m
2024-06-05 04:17:46 INFO Epoch 602/16000	Training Loss: 0.9178	Time remaining is 494h:59m
2024-06-05 04:19:23 INFO Epoch 603/16000	Training Loss: 0.9179	Time remaining is 494h:49m
2024-06-05 04:21:00 INFO Epoch 604/16000	Training Loss: 0.9181	Time remaining is 494h:40m
2024-06-05 04:22:38 INFO Epoch 605/16000	Training Loss: 0.9185	Time remaining is 494h:30m
2024-06-05 04:24:24 INFO Testing: dataset_name: market1501 top1:0.9448 top5:0.9798 top10:0.9884 mAP:0.8705
2024-06-05 04:26:02 INFO Epoch 606/16000	Training Loss: 0.9177	Time remaining is 495h:5m
2024-06-05 04:27:39 INFO Epoch 607/16000	Training Loss: 0.9180	Time remaining is 494h:56m
2024-06-05 04:29:16 INFO Epoch 608/16000	Training Loss: 0.9176	Time remaining is 494h:46m
2024-06-05 04:30:53 INFO Epoch 609/16000	Training Loss: 0.9124	Time remaining is 494h:36m
2024-06-05 04:32:31 INFO Epoch 610/16000	Training Loss: 0.9222	Time remaining is 494h:27m
2024-06-05 04:34:18 INFO Testing: dataset_name: market1501 top1:0.9466 top5:0.9816 top10:0.9884 mAP:0.8699
2024-06-05 04:35:55 INFO Epoch 611/16000	Training Loss: 0.9178	Time remaining is 495h:2m
2024-06-05 04:37:32 INFO Epoch 612/16000	Training Loss: 0.9126	Time remaining is 494h:52m
2024-06-05 04:39:09 INFO Epoch 613/16000	Training Loss: 0.9184	Time remaining is 494h:42m
2024-06-05 04:40:46 INFO Epoch 614/16000	Training Loss: 0.9133	Time remaining is 494h:32m
2024-06-05 04:42:24 INFO Epoch 615/16000	Training Loss: 0.9230	Time remaining is 494h:23m
2024-06-05 04:44:11 INFO Testing: dataset_name: market1501 top1:0.9457 top5:0.9810 top10:0.9875 mAP:0.8683
2024-06-05 04:45:49 INFO Epoch 616/16000	Training Loss: 0.9186	Time remaining is 494h:58m
2024-06-05 04:47:26 INFO Epoch 617/16000	Training Loss: 0.9177	Time remaining is 494h:49m
2024-06-05 04:49:04 INFO Epoch 618/16000	Training Loss: 0.9178	Time remaining is 494h:39m
2024-06-05 04:50:41 INFO Epoch 619/16000	Training Loss: 0.9179	Time remaining is 494h:30m
2024-06-05 04:52:18 INFO Epoch 620/16000	Training Loss: 0.9130	Time remaining is 494h:20m
2024-06-05 04:54:04 INFO Testing: dataset_name: market1501 top1:0.9469 top5:0.9831 top10:0.9878 mAP:0.8709
2024-06-05 04:55:42 INFO Epoch 621/16000	Training Loss: 0.9178	Time remaining is 494h:55m
2024-06-05 04:57:19 INFO Epoch 622/16000	Training Loss: 0.9129	Time remaining is 494h:45m
2024-06-05 04:58:56 INFO Epoch 623/16000	Training Loss: 0.9131	Time remaining is 494h:35m
2024-06-05 05:00:33 INFO Epoch 624/16000	Training Loss: 0.9137	Time remaining is 494h:26m
2024-06-05 05:02:10 INFO Epoch 625/16000	Training Loss: 0.9184	Time remaining is 494h:16m
2024-06-05 05:03:57 INFO Testing: dataset_name: market1501 top1:0.9454 top5:0.9798 top10:0.9893 mAP:0.8678
2024-06-05 05:05:34 INFO Epoch 626/16000	Training Loss: 0.9188	Time remaining is 494h:50m
2024-06-05 05:07:12 INFO Epoch 627/16000	Training Loss: 0.9177	Time remaining is 494h:41m
2024-06-05 05:08:49 INFO Epoch 628/16000	Training Loss: 0.9181	Time remaining is 494h:31m
2024-06-05 05:10:26 INFO Epoch 629/16000	Training Loss: 0.9118	Time remaining is 494h:22m
2024-06-05 05:12:03 INFO Epoch 630/16000	Training Loss: 0.9132	Time remaining is 494h:12m
2024-06-05 05:13:49 INFO Testing: dataset_name: market1501 top1:0.9498 top5:0.9819 top10:0.9887 mAP:0.8714
2024-06-05 05:15:27 INFO Epoch 631/16000	Training Loss: 0.9125	Time remaining is 494h:46m
2024-06-05 05:17:04 INFO Epoch 632/16000	Training Loss: 0.9174	Time remaining is 494h:36m
2024-06-05 05:18:42 INFO Epoch 633/16000	Training Loss: 0.9167	Time remaining is 494h:27m
2024-06-05 05:20:20 INFO Epoch 634/16000	Training Loss: 0.9221	Time remaining is 494h:18m
2024-06-05 05:21:57 INFO Epoch 635/16000	Training Loss: 0.9173	Time remaining is 494h:9m
2024-06-05 05:23:43 INFO Testing: dataset_name: market1501 top1:0.9483 top5:0.9804 top10:0.9890 mAP:0.8703
2024-06-05 05:25:21 INFO Epoch 636/16000	Training Loss: 0.9185	Time remaining is 494h:42m
2024-06-05 05:26:58 INFO Epoch 637/16000	Training Loss: 0.9182	Time remaining is 494h:33m
2024-06-05 05:28:36 INFO Epoch 638/16000	Training Loss: 0.9173	Time remaining is 494h:23m
2024-06-05 05:30:13 INFO Epoch 639/16000	Training Loss: 0.9176	Time remaining is 494h:14m
2024-06-05 05:31:50 INFO Epoch 640/16000	Training Loss: 0.9166	Time remaining is 494h:5m
2024-06-05 05:33:37 INFO Testing: dataset_name: market1501 top1:0.9474 top5:0.9807 top10:0.9893 mAP:0.8665
2024-06-05 05:35:14 INFO Epoch 641/16000	Training Loss: 0.9182	Time remaining is 494h:38m
2024-06-05 05:36:51 INFO Epoch 642/16000	Training Loss: 0.9133	Time remaining is 494h:28m
2024-06-05 05:38:28 INFO Epoch 643/16000	Training Loss: 0.9119	Time remaining is 494h:19m
2024-06-05 05:40:05 INFO Epoch 644/16000	Training Loss: 0.9180	Time remaining is 494h:10m
2024-06-05 05:41:42 INFO Epoch 645/16000	Training Loss: 0.9122	Time remaining is 494h:0m
2024-06-05 05:43:29 INFO Testing: dataset_name: market1501 top1:0.9463 top5:0.9795 top10:0.9881 mAP:0.8680
2024-06-05 05:45:06 INFO Epoch 646/16000	Training Loss: 0.9175	Time remaining is 494h:33m
2024-06-05 05:46:44 INFO Epoch 647/16000	Training Loss: 0.9218	Time remaining is 494h:24m
2024-06-05 05:48:22 INFO Epoch 648/16000	Training Loss: 0.9167	Time remaining is 494h:15m
2024-06-05 05:49:59 INFO Epoch 649/16000	Training Loss: 0.9122	Time remaining is 494h:6m
2024-06-05 05:51:37 INFO Epoch 650/16000	Training Loss: 0.9179	Time remaining is 493h:57m
2024-06-05 05:53:23 INFO Testing: dataset_name: market1501 top1:0.9460 top5:0.9804 top10:0.9896 mAP:0.8696
2024-06-05 05:55:01 INFO Epoch 651/16000	Training Loss: 0.9179	Time remaining is 494h:29m
2024-06-05 05:56:38 INFO Epoch 652/16000	Training Loss: 0.9124	Time remaining is 494h:20m
2024-06-05 05:58:15 INFO Epoch 653/16000	Training Loss: 0.9129	Time remaining is 494h:11m
2024-06-05 05:59:53 INFO Epoch 654/16000	Training Loss: 0.9171	Time remaining is 494h:2m
2024-06-05 06:01:30 INFO Epoch 655/16000	Training Loss: 0.9128	Time remaining is 493h:52m
2024-06-05 06:03:16 INFO Testing: dataset_name: market1501 top1:0.9433 top5:0.9792 top10:0.9863 mAP:0.8643
2024-06-05 06:04:54 INFO Epoch 656/16000	Training Loss: 0.9177	Time remaining is 494h:25m
2024-06-05 06:06:31 INFO Epoch 657/16000	Training Loss: 0.9122	Time remaining is 494h:16m
2024-06-05 06:08:09 INFO Epoch 658/16000	Training Loss: 0.9167	Time remaining is 494h:7m
2024-06-05 06:09:47 INFO Epoch 659/16000	Training Loss: 0.9168	Time remaining is 493h:58m
2024-06-05 06:11:25 INFO Epoch 660/16000	Training Loss: 0.9172	Time remaining is 493h:49m
2024-06-05 06:13:11 INFO Testing: dataset_name: market1501 top1:0.9454 top5:0.9798 top10:0.9884 mAP:0.8679
2024-06-05 06:14:48 INFO Epoch 661/16000	Training Loss: 0.9123	Time remaining is 494h:21m
2024-06-05 06:16:26 INFO Epoch 662/16000	Training Loss: 0.9167	Time remaining is 494h:12m
2024-06-05 06:18:03 INFO Epoch 663/16000	Training Loss: 0.9208	Time remaining is 494h:3m
2024-06-05 06:19:41 INFO Epoch 664/16000	Training Loss: 0.9162	Time remaining is 493h:54m
2024-06-05 06:21:18 INFO Epoch 665/16000	Training Loss: 0.9166	Time remaining is 493h:45m
2024-06-05 06:23:04 INFO Testing: dataset_name: market1501 top1:0.9448 top5:0.9828 top10:0.9896 mAP:0.8674
2024-06-05 06:24:42 INFO Epoch 666/16000	Training Loss: 0.9177	Time remaining is 494h:16m
2024-06-05 06:26:19 INFO Epoch 667/16000	Training Loss: 0.9169	Time remaining is 494h:7m
2024-06-05 06:27:57 INFO Epoch 668/16000	Training Loss: 0.9168	Time remaining is 493h:58m
2024-06-05 06:29:34 INFO Epoch 669/16000	Training Loss: 0.9162	Time remaining is 493h:49m
2024-06-05 06:31:11 INFO Epoch 670/16000	Training Loss: 0.9125	Time remaining is 493h:40m
2024-06-05 06:32:57 INFO Testing: dataset_name: market1501 top1:0.9436 top5:0.9810 top10:0.9881 mAP:0.8647
2024-06-05 06:34:34 INFO Epoch 671/16000	Training Loss: 0.9124	Time remaining is 494h:11m
2024-06-05 06:36:12 INFO Epoch 672/16000	Training Loss: 0.9158	Time remaining is 494h:2m
2024-06-05 06:37:49 INFO Epoch 673/16000	Training Loss: 0.9158	Time remaining is 493h:53m
2024-06-05 06:39:26 INFO Epoch 674/16000	Training Loss: 0.9140	Time remaining is 493h:44m
2024-06-05 06:41:03 INFO Epoch 675/16000	Training Loss: 0.9115	Time remaining is 493h:35m
2024-06-05 06:42:50 INFO Testing: dataset_name: market1501 top1:0.9460 top5:0.9795 top10:0.9884 mAP:0.8630
2024-06-05 06:44:26 INFO Epoch 676/16000	Training Loss: 0.9130	Time remaining is 494h:6m
2024-06-05 06:46:04 INFO Epoch 677/16000	Training Loss: 0.9162	Time remaining is 493h:57m
2024-06-05 06:47:41 INFO Epoch 678/16000	Training Loss: 0.9122	Time remaining is 493h:48m
2024-06-05 06:49:18 INFO Epoch 679/16000	Training Loss: 0.9170	Time remaining is 493h:39m
2024-06-05 06:50:56 INFO Epoch 680/16000	Training Loss: 0.9118	Time remaining is 493h:30m
2024-06-05 06:52:42 INFO Testing: dataset_name: market1501 top1:0.9463 top5:0.9822 top10:0.9896 mAP:0.8641
2024-06-05 06:54:20 INFO Epoch 681/16000	Training Loss: 0.9160	Time remaining is 494h:1m
2024-06-05 06:55:57 INFO Epoch 682/16000	Training Loss: 0.9161	Time remaining is 493h:52m
2024-06-05 06:57:35 INFO Epoch 683/16000	Training Loss: 0.9170	Time remaining is 493h:44m
2024-06-05 06:59:12 INFO Epoch 684/16000	Training Loss: 0.9172	Time remaining is 493h:35m
2024-06-05 07:00:50 INFO Epoch 685/16000	Training Loss: 0.9158	Time remaining is 493h:26m
2024-06-05 07:02:36 INFO Testing: dataset_name: market1501 top1:0.9439 top5:0.9792 top10:0.9872 mAP:0.8601
2024-06-05 07:04:14 INFO Epoch 686/16000	Training Loss: 0.9164	Time remaining is 493h:57m
2024-06-05 07:05:51 INFO Epoch 687/16000	Training Loss: 0.9116	Time remaining is 493h:48m
2024-06-05 07:07:28 INFO Epoch 688/16000	Training Loss: 0.9164	Time remaining is 493h:39m
2024-06-05 07:09:05 INFO Epoch 689/16000	Training Loss: 0.9159	Time remaining is 493h:30m
2024-06-05 07:10:43 INFO Epoch 690/16000	Training Loss: 0.9164	Time remaining is 493h:21m
2024-06-05 07:12:29 INFO Testing: dataset_name: market1501 top1:0.9436 top5:0.9786 top10:0.9860 mAP:0.8605
2024-06-05 07:14:06 INFO Epoch 691/16000	Training Loss: 0.9119	Time remaining is 493h:51m
2024-06-05 07:15:43 INFO Epoch 692/16000	Training Loss: 0.9122	Time remaining is 493h:42m
2024-06-05 07:17:21 INFO Epoch 693/16000	Training Loss: 0.9160	Time remaining is 493h:34m
2024-06-05 07:18:58 INFO Epoch 694/16000	Training Loss: 0.9156	Time remaining is 493h:25m
2024-06-05 07:20:36 INFO Epoch 695/16000	Training Loss: 0.9157	Time remaining is 493h:16m
2024-06-05 07:22:22 INFO Testing: dataset_name: market1501 top1:0.9457 top5:0.9792 top10:0.9872 mAP:0.8618
2024-06-05 07:24:00 INFO Epoch 696/16000	Training Loss: 0.9208	Time remaining is 493h:47m
2024-06-05 07:25:38 INFO Epoch 697/16000	Training Loss: 0.9169	Time remaining is 493h:38m
2024-06-05 07:27:15 INFO Epoch 698/16000	Training Loss: 0.9117	Time remaining is 493h:29m
2024-06-05 07:28:52 INFO Epoch 699/16000	Training Loss: 0.9155	Time remaining is 493h:20m
2024-06-05 07:30:29 INFO Epoch 700/16000	Training Loss: 0.9172	Time remaining is 493h:11m
2024-06-05 07:32:16 INFO Testing: dataset_name: market1501 top1:0.9454 top5:0.9798 top10:0.9869 mAP:0.8620
2024-06-05 07:33:53 INFO Epoch 701/16000	Training Loss: 0.9108	Time remaining is 493h:41m
2024-06-05 07:35:30 INFO Epoch 702/16000	Training Loss: 0.9161	Time remaining is 493h:33m
2024-06-05 07:37:08 INFO Epoch 703/16000	Training Loss: 0.9156	Time remaining is 493h:24m
2024-06-05 07:38:45 INFO Epoch 704/16000	Training Loss: 0.9153	Time remaining is 493h:15m
2024-06-05 07:40:22 INFO Epoch 705/16000	Training Loss: 0.9171	Time remaining is 493h:6m
2024-06-05 07:42:09 INFO Testing: dataset_name: market1501 top1:0.9460 top5:0.9810 top10:0.9881 mAP:0.8658
2024-06-05 07:43:47 INFO Epoch 706/16000	Training Loss: 0.9162	Time remaining is 493h:36m
2024-06-05 07:45:24 INFO Epoch 707/16000	Training Loss: 0.9155	Time remaining is 493h:28m
2024-06-05 07:47:02 INFO Epoch 708/16000	Training Loss: 0.9148	Time remaining is 493h:19m
2024-06-05 07:48:39 INFO Epoch 709/16000	Training Loss: 0.9160	Time remaining is 493h:10m
2024-06-05 07:50:16 INFO Epoch 710/16000	Training Loss: 0.9161	Time remaining is 493h:2m
2024-06-05 07:52:03 INFO Testing: dataset_name: market1501 top1:0.9421 top5:0.9792 top10:0.9869 mAP:0.8553
2024-06-05 07:53:40 INFO Epoch 711/16000	Training Loss: 0.9154	Time remaining is 493h:31m
2024-06-05 07:55:17 INFO Epoch 712/16000	Training Loss: 0.9154	Time remaining is 493h:22m
2024-06-05 07:56:55 INFO Epoch 713/16000	Training Loss: 0.9147	Time remaining is 493h:14m
2024-06-05 07:58:32 INFO Epoch 714/16000	Training Loss: 0.9111	Time remaining is 493h:5m
2024-06-05 08:00:09 INFO Epoch 715/16000	Training Loss: 0.9154	Time remaining is 492h:56m
2024-06-05 08:01:55 INFO Testing: dataset_name: market1501 top1:0.9430 top5:0.9795 top10:0.9878 mAP:0.8627
2024-06-05 08:03:32 INFO Epoch 716/16000	Training Loss: 0.9105	Time remaining is 493h:25m
2024-06-05 08:05:10 INFO Epoch 717/16000	Training Loss: 0.9165	Time remaining is 493h:17m
2024-06-05 08:06:47 INFO Epoch 718/16000	Training Loss: 0.9162	Time remaining is 493h:8m
2024-06-05 08:08:24 INFO Epoch 719/16000	Training Loss: 0.9108	Time remaining is 492h:60m
2024-06-05 08:10:02 INFO Epoch 720/16000	Training Loss: 0.9163	Time remaining is 492h:51m
2024-06-05 08:11:48 INFO Testing: dataset_name: market1501 top1:0.9433 top5:0.9786 top10:0.9881 mAP:0.8602
2024-06-05 08:13:26 INFO Epoch 721/16000	Training Loss: 0.9121	Time remaining is 493h:20m
2024-06-05 08:15:03 INFO Epoch 722/16000	Training Loss: 0.9159	Time remaining is 493h:12m
2024-06-05 08:16:40 INFO Epoch 723/16000	Training Loss: 0.9156	Time remaining is 493h:3m
2024-06-05 08:18:18 INFO Epoch 724/16000	Training Loss: 0.9147	Time remaining is 492h:54m
2024-06-05 08:19:55 INFO Epoch 725/16000	Training Loss: 0.9147	Time remaining is 492h:46m
2024-06-05 08:21:42 INFO Testing: dataset_name: market1501 top1:0.9427 top5:0.9810 top10:0.9875 mAP:0.8610
2024-06-05 08:23:19 INFO Epoch 726/16000	Training Loss: 0.9164	Time remaining is 493h:15m
2024-06-05 08:24:57 INFO Epoch 727/16000	Training Loss: 0.9157	Time remaining is 493h:6m
2024-06-05 08:26:34 INFO Epoch 728/16000	Training Loss: 0.9106	Time remaining is 492h:58m
2024-06-05 08:28:11 INFO Epoch 729/16000	Training Loss: 0.9172	Time remaining is 492h:49m
2024-06-05 08:29:48 INFO Epoch 730/16000	Training Loss: 0.9108	Time remaining is 492h:40m
2024-06-05 08:31:34 INFO Testing: dataset_name: market1501 top1:0.9400 top5:0.9786 top10:0.9869 mAP:0.8533
2024-06-05 08:33:12 INFO Epoch 731/16000	Training Loss: 0.9144	Time remaining is 493h:9m
2024-06-05 08:34:49 INFO Epoch 732/16000	Training Loss: 0.9058	Time remaining is 493h:0m
2024-06-05 08:36:26 INFO Epoch 733/16000	Training Loss: 0.9106	Time remaining is 492h:52m
2024-06-05 08:38:04 INFO Epoch 734/16000	Training Loss: 0.9149	Time remaining is 492h:44m
2024-06-05 08:39:41 INFO Epoch 735/16000	Training Loss: 0.9119	Time remaining is 492h:35m
2024-06-05 08:41:28 INFO Testing: dataset_name: market1501 top1:0.9430 top5:0.9801 top10:0.9884 mAP:0.8617
2024-06-05 08:43:05 INFO Epoch 736/16000	Training Loss: 0.9109	Time remaining is 493h:3m
2024-06-05 08:44:43 INFO Epoch 737/16000	Training Loss: 0.9201	Time remaining is 492h:55m
2024-06-05 08:46:20 INFO Epoch 738/16000	Training Loss: 0.9105	Time remaining is 492h:47m
2024-06-05 08:47:57 INFO Epoch 739/16000	Training Loss: 0.9112	Time remaining is 492h:38m
2024-06-05 08:49:34 INFO Epoch 740/16000	Training Loss: 0.9151	Time remaining is 492h:30m
2024-06-05 08:51:21 INFO Testing: dataset_name: market1501 top1:0.9391 top5:0.9786 top10:0.9857 mAP:0.8525
2024-06-05 08:52:58 INFO Epoch 741/16000	Training Loss: 0.9109	Time remaining is 492h:58m
2024-06-05 08:54:35 INFO Epoch 742/16000	Training Loss: 0.9158	Time remaining is 492h:49m
2024-06-05 08:56:12 INFO Epoch 743/16000	Training Loss: 0.9102	Time remaining is 492h:41m
2024-06-05 08:57:49 INFO Epoch 744/16000	Training Loss: 0.9144	Time remaining is 492h:32m
2024-06-05 08:59:26 INFO Epoch 745/16000	Training Loss: 0.9155	Time remaining is 492h:24m
2024-06-05 09:01:13 INFO Testing: dataset_name: market1501 top1:0.9436 top5:0.9795 top10:0.9863 mAP:0.8557
2024-06-05 09:02:51 INFO Epoch 746/16000	Training Loss: 0.9150	Time remaining is 492h:52m
2024-06-05 09:04:28 INFO Epoch 747/16000	Training Loss: 0.9114	Time remaining is 492h:44m
2024-06-05 09:06:06 INFO Epoch 748/16000	Training Loss: 0.9158	Time remaining is 492h:35m
2024-06-05 09:07:43 INFO Epoch 749/16000	Training Loss: 0.9104	Time remaining is 492h:27m
2024-06-05 09:09:21 INFO Epoch 750/16000	Training Loss: 0.9191	Time remaining is 492h:19m
2024-06-05 09:11:07 INFO Testing: dataset_name: market1501 top1:0.9394 top5:0.9783 top10:0.9875 mAP:0.8536
2024-06-05 09:12:44 INFO Epoch 751/16000	Training Loss: 0.9092	Time remaining is 492h:46m
2024-06-05 09:14:22 INFO Epoch 752/16000	Training Loss: 0.9149	Time remaining is 492h:38m
2024-06-05 09:15:59 INFO Epoch 753/16000	Training Loss: 0.9144	Time remaining is 492h:30m
2024-06-05 09:17:37 INFO Epoch 754/16000	Training Loss: 0.9148	Time remaining is 492h:21m
2024-06-05 09:19:15 INFO Epoch 755/16000	Training Loss: 0.9152	Time remaining is 492h:13m
2024-06-05 09:21:01 INFO Testing: dataset_name: market1501 top1:0.9445 top5:0.9783 top10:0.9860 mAP:0.8589
2024-06-05 09:22:39 INFO Epoch 756/16000	Training Loss: 0.9150	Time remaining is 492h:41m
2024-06-05 09:24:16 INFO Epoch 757/16000	Training Loss: 0.9151	Time remaining is 492h:33m
2024-06-05 09:25:54 INFO Epoch 758/16000	Training Loss: 0.9146	Time remaining is 492h:25m
2024-06-05 09:27:32 INFO Epoch 759/16000	Training Loss: 0.9143	Time remaining is 492h:16m
2024-06-05 09:29:08 INFO Epoch 760/16000	Training Loss: 0.9095	Time remaining is 492h:8m
2024-06-05 09:30:55 INFO Testing: dataset_name: market1501 top1:0.9394 top5:0.9765 top10:0.9840 mAP:0.8538
2024-06-05 09:32:32 INFO Epoch 761/16000	Training Loss: 0.9105	Time remaining is 492h:35m
2024-06-05 09:34:10 INFO Epoch 762/16000	Training Loss: 0.9164	Time remaining is 492h:27m
2024-06-05 09:35:47 INFO Epoch 763/16000	Training Loss: 0.9149	Time remaining is 492h:19m
2024-06-05 09:37:25 INFO Epoch 764/16000	Training Loss: 0.9146	Time remaining is 492h:11m
2024-06-05 09:39:03 INFO Epoch 765/16000	Training Loss: 0.9134	Time remaining is 492h:2m
2024-06-05 09:40:49 INFO Testing: dataset_name: market1501 top1:0.9382 top5:0.9760 top10:0.9860 mAP:0.8493
2024-06-05 09:42:27 INFO Epoch 766/16000	Training Loss: 0.9143	Time remaining is 492h:30m
2024-06-05 09:44:04 INFO Epoch 767/16000	Training Loss: 0.9141	Time remaining is 492h:21m
2024-06-05 09:45:42 INFO Epoch 768/16000	Training Loss: 0.9138	Time remaining is 492h:13m
2024-06-05 09:47:19 INFO Epoch 769/16000	Training Loss: 0.9097	Time remaining is 492h:5m
2024-06-05 09:48:56 INFO Epoch 770/16000	Training Loss: 0.9150	Time remaining is 491h:57m
2024-06-05 09:50:43 INFO Testing: dataset_name: market1501 top1:0.9406 top5:0.9771 top10:0.9878 mAP:0.8537
2024-06-05 09:52:20 INFO Epoch 771/16000	Training Loss: 0.9099	Time remaining is 492h:24m
2024-06-05 09:53:57 INFO Epoch 772/16000	Training Loss: 0.9153	Time remaining is 492h:15m
2024-06-05 09:55:34 INFO Epoch 773/16000	Training Loss: 0.9145	Time remaining is 492h:7m
2024-06-05 09:57:12 INFO Epoch 774/16000	Training Loss: 0.9149	Time remaining is 491h:59m
2024-06-05 09:58:49 INFO Epoch 775/16000	Training Loss: 0.9099	Time remaining is 491h:51m
2024-06-05 10:00:36 INFO Testing: dataset_name: market1501 top1:0.9403 top5:0.9789 top10:0.9866 mAP:0.8517
2024-06-05 10:02:13 INFO Epoch 776/16000	Training Loss: 0.9152	Time remaining is 492h:18m
2024-06-05 10:03:51 INFO Epoch 777/16000	Training Loss: 0.9146	Time remaining is 492h:10m
2024-06-05 10:05:28 INFO Epoch 778/16000	Training Loss: 0.9110	Time remaining is 492h:1m
2024-06-05 10:07:05 INFO Epoch 779/16000	Training Loss: 0.9155	Time remaining is 491h:53m
2024-06-05 10:08:42 INFO Epoch 780/16000	Training Loss: 0.9095	Time remaining is 491h:45m
2024-06-05 10:10:29 INFO Testing: dataset_name: market1501 top1:0.9403 top5:0.9777 top10:0.9843 mAP:0.8506
2024-06-05 10:12:06 INFO Epoch 781/16000	Training Loss: 0.9147	Time remaining is 492h:12m
2024-06-05 10:13:43 INFO Epoch 782/16000	Training Loss: 0.9097	Time remaining is 492h:3m
2024-06-05 10:15:20 INFO Epoch 783/16000	Training Loss: 0.9145	Time remaining is 491h:55m
2024-06-05 10:16:58 INFO Epoch 784/16000	Training Loss: 0.9145	Time remaining is 491h:47m
2024-06-05 10:18:35 INFO Epoch 785/16000	Training Loss: 0.9091	Time remaining is 491h:39m
2024-06-05 10:20:22 INFO Testing: dataset_name: market1501 top1:0.9379 top5:0.9757 top10:0.9866 mAP:0.8476
2024-06-05 10:21:59 INFO Epoch 786/16000	Training Loss: 0.9147	Time remaining is 492h:5m
2024-06-05 10:23:36 INFO Epoch 787/16000	Training Loss: 0.9049	Time remaining is 491h:57m
2024-06-05 10:25:13 INFO Epoch 788/16000	Training Loss: 0.9150	Time remaining is 491h:49m
2024-06-05 10:26:50 INFO Epoch 789/16000	Training Loss: 0.9148	Time remaining is 491h:41m
2024-06-05 10:28:27 INFO Epoch 790/16000	Training Loss: 0.9137	Time remaining is 491h:33m
2024-06-05 10:30:14 INFO Testing: dataset_name: market1501 top1:0.9403 top5:0.9786 top10:0.9843 mAP:0.8547
2024-06-05 10:31:51 INFO Epoch 791/16000	Training Loss: 0.9101	Time remaining is 491h:59m
2024-06-05 10:33:28 INFO Epoch 792/16000	Training Loss: 0.9098	Time remaining is 491h:51m
2024-06-05 10:35:06 INFO Epoch 793/16000	Training Loss: 0.9137	Time remaining is 491h:43m
2024-06-05 10:36:43 INFO Epoch 794/16000	Training Loss: 0.9145	Time remaining is 491h:35m
2024-06-05 10:38:21 INFO Epoch 795/16000	Training Loss: 0.9140	Time remaining is 491h:27m
2024-06-05 10:40:07 INFO Testing: dataset_name: market1501 top1:0.9409 top5:0.9783 top10:0.9846 mAP:0.8538
2024-06-05 10:41:45 INFO Epoch 796/16000	Training Loss: 0.9149	Time remaining is 491h:53m
2024-06-05 10:43:22 INFO Epoch 797/16000	Training Loss: 0.9149	Time remaining is 491h:45m
2024-06-05 10:45:00 INFO Epoch 798/16000	Training Loss: 0.9187	Time remaining is 491h:37m
2024-06-05 10:46:38 INFO Epoch 799/16000	Training Loss: 0.9138	Time remaining is 491h:29m
2024-06-05 10:48:15 INFO Epoch 800/16000	Training Loss: 0.9091	Time remaining is 491h:21m
2024-06-05 10:50:01 INFO Testing: dataset_name: market1501 top1:0.9388 top5:0.9765 top10:0.9852 mAP:0.8471
2024-06-05 10:51:39 INFO Epoch 801/16000	Training Loss: 0.9134	Time remaining is 491h:47m
2024-06-05 10:53:16 INFO Epoch 802/16000	Training Loss: 0.9136	Time remaining is 491h:39m
2024-06-05 10:54:54 INFO Epoch 803/16000	Training Loss: 0.9146	Time remaining is 491h:31m
2024-06-05 10:56:31 INFO Epoch 804/16000	Training Loss: 0.9096	Time remaining is 491h:23m
2024-06-05 10:58:08 INFO Epoch 805/16000	Training Loss: 0.9137	Time remaining is 491h:15m
2024-06-05 10:59:55 INFO Testing: dataset_name: market1501 top1:0.9385 top5:0.9757 top10:0.9846 mAP:0.8514
2024-06-05 11:01:32 INFO Epoch 806/16000	Training Loss: 0.9147	Time remaining is 491h:41m
2024-06-05 11:03:10 INFO Epoch 807/16000	Training Loss: 0.9143	Time remaining is 491h:33m
2024-06-05 11:04:48 INFO Epoch 808/16000	Training Loss: 0.9186	Time remaining is 491h:25m
2024-06-05 11:06:26 INFO Epoch 809/16000	Training Loss: 0.9137	Time remaining is 491h:17m
2024-06-05 11:08:03 INFO Epoch 810/16000	Training Loss: 0.9134	Time remaining is 491h:9m
2024-06-05 11:09:50 INFO Testing: dataset_name: market1501 top1:0.9353 top5:0.9751 top10:0.9846 mAP:0.8421
2024-06-05 11:11:27 INFO Epoch 811/16000	Training Loss: 0.9091	Time remaining is 491h:35m
2024-06-05 11:13:04 INFO Epoch 812/16000	Training Loss: 0.9137	Time remaining is 491h:27m
2024-06-05 11:14:42 INFO Epoch 813/16000	Training Loss: 0.9100	Time remaining is 491h:19m
2024-06-05 11:16:19 INFO Epoch 814/16000	Training Loss: 0.9137	Time remaining is 491h:11m
2024-06-05 11:17:57 INFO Epoch 815/16000	Training Loss: 0.9134	Time remaining is 491h:3m
2024-06-05 11:19:43 INFO Testing: dataset_name: market1501 top1:0.9374 top5:0.9768 top10:0.9857 mAP:0.8492
2024-06-05 11:21:21 INFO Epoch 816/16000	Training Loss: 0.9136	Time remaining is 491h:28m
2024-06-05 11:22:58 INFO Epoch 817/16000	Training Loss: 0.9137	Time remaining is 491h:20m
2024-06-05 11:24:35 INFO Epoch 818/16000	Training Loss: 0.9093	Time remaining is 491h:12m
2024-06-05 11:26:12 INFO Epoch 819/16000	Training Loss: 0.9134	Time remaining is 491h:5m
2024-06-05 11:27:50 INFO Epoch 820/16000	Training Loss: 0.9137	Time remaining is 490h:57m
