2024-07-23 07:13:47 INFO ##################################################
2024-07-23 07:13:47 INFO Config values: batch_size: 60	current_directory: /home/hy/project/reid_task/ex_002_7	dataset_name: market1501	dataset_path: /home/hy/project/data/Market-1501-v15.09.15	device: cuda	dtype: torch.float32	epoch_start_test: 90	epochs: 300	img_height: 256	img_width: 128	logs_outputs_path: /home/hy/project/reid_task/ex_002_7/./outputs/logs	models_outputs_path: /home/hy/project/reid_task/ex_002_7/./outputs/models	np: <module 'numpy' from '/home/hy/anaconda3/envs/py396/lib/python3.9/site-packages/numpy/__init__.py'>	os: <module 'os' from '/home/hy/anaconda3/envs/py396/lib/python3.9/os.py'>	outputs_dir: ./outputs/	outputs_path: /home/hy/project/reid_task/ex_002_7/./outputs/	print_every: 1	seed: 1	taskname: ReID_Task	temps_outputs_path: /home/hy/project/reid_task/ex_002_7/./outputs/temps	test_batch_size: 256	test_every: 5	torch: <module 'torch' from '/home/hy/anaconda3/envs/py396/lib/python3.9/site-packages/torch/__init__.py'>
2024-07-23 07:13:47 INFO Task: ReID_Task
2024-07-23 07:13:47 INFO Using device: cuda
2024-07-23 07:13:47 INFO Using data type: torch.float32
2024-07-23 07:13:47 INFO Number of GPUs: 1
2024-07-23 07:13:47 INFO GPU is_available: True
2024-07-23 07:13:47 INFO GPU name: NVIDIA GeForce RTX 3060
2024-07-23 07:13:47 INFO CUDA version: 12.1
2024-07-23 07:13:47 INFO Current device id: 0
2024-07-23 07:13:47 INFO ##################################################
2024-07-23 07:15:04 INFO Epoch 1/300	Training Loss: 7.8769	Time remaining is 6h:22m
2024-07-23 07:16:20 INFO Epoch 2/300	Training Loss: 7.0304	Time remaining is 6h:20m
2024-07-23 07:17:36 INFO Epoch 3/300	Training Loss: 5.5687	Time remaining is 6h:18m
2024-07-23 07:18:53 INFO Epoch 4/300	Training Loss: 4.1109	Time remaining is 6h:18m
2024-07-23 07:20:09 INFO Epoch 5/300	Training Loss: 3.0539	Time remaining is 6h:16m
2024-07-23 07:21:25 INFO Epoch 6/300	Training Loss: 2.3312	Time remaining is 6h:14m
2024-07-23 07:22:40 INFO Epoch 7/300	Training Loss: 1.9619	Time remaining is 6h:13m
2024-07-23 07:23:56 INFO Epoch 8/300	Training Loss: 1.7456	Time remaining is 6h:11m
2024-07-23 07:25:12 INFO Epoch 9/300	Training Loss: 1.6295	Time remaining is 6h:10m
2024-07-23 07:26:28 INFO Epoch 10/300	Training Loss: 1.5516	Time remaining is 6h:9m
2024-07-23 07:27:44 INFO Epoch 11/300	Training Loss: 1.4958	Time remaining is 6h:7m
2024-07-23 07:29:00 INFO Epoch 12/300	Training Loss: 1.4348	Time remaining is 6h:6m
2024-07-23 07:30:16 INFO Epoch 13/300	Training Loss: 1.3626	Time remaining is 6h:5m
2024-07-23 07:31:33 INFO Epoch 14/300	Training Loss: 1.3214	Time remaining is 6h:4m
2024-07-23 07:32:49 INFO Epoch 15/300	Training Loss: 1.2977	Time remaining is 6h:3m
2024-07-23 07:34:06 INFO Epoch 16/300	Training Loss: 1.2936	Time remaining is 6h:2m
2024-07-23 07:35:21 INFO Epoch 17/300	Training Loss: 1.2833	Time remaining is 6h:0m
2024-07-23 07:36:37 INFO Epoch 18/300	Training Loss: 1.2771	Time remaining is 5h:59m
2024-07-23 07:37:53 INFO Epoch 19/300	Training Loss: 1.2660	Time remaining is 5h:57m
2024-07-23 07:39:09 INFO Epoch 20/300	Training Loss: 1.2682	Time remaining is 5h:56m
2024-07-23 07:40:25 INFO Epoch 21/300	Training Loss: 1.2607	Time remaining is 5h:55m
2024-07-23 07:41:41 INFO Epoch 22/300	Training Loss: 1.2594	Time remaining is 5h:54m
2024-07-23 07:42:56 INFO Epoch 23/300	Training Loss: 1.2582	Time remaining is 5h:52m
2024-07-23 07:44:12 INFO Epoch 24/300	Training Loss: 1.2770	Time remaining is 5h:51m
2024-07-23 07:45:28 INFO Epoch 25/300	Training Loss: 1.2699	Time remaining is 5h:50m
2024-07-23 07:46:45 INFO Epoch 26/300	Training Loss: 1.3063	Time remaining is 5h:49m
2024-07-23 07:48:01 INFO Epoch 27/300	Training Loss: 1.2853	Time remaining is 5h:47m
2024-07-23 07:49:17 INFO Epoch 28/300	Training Loss: 1.2821	Time remaining is 5h:46m
2024-07-23 07:50:33 INFO Epoch 29/300	Training Loss: 1.2723	Time remaining is 5h:45m
2024-07-23 07:51:48 INFO Epoch 30/300	Training Loss: 1.2738	Time remaining is 5h:43m
2024-07-23 07:53:04 INFO Epoch 31/300	Training Loss: 1.2826	Time remaining is 5h:42m
2024-07-23 07:54:20 INFO Epoch 32/300	Training Loss: 1.2786	Time remaining is 5h:41m
2024-07-23 07:55:36 INFO Epoch 33/300	Training Loss: 1.2749	Time remaining is 5h:39m
2024-07-23 07:56:52 INFO Epoch 34/300	Training Loss: 1.2862	Time remaining is 5h:38m
2024-07-23 07:58:08 INFO Epoch 35/300	Training Loss: 1.2761	Time remaining is 5h:37m
2024-07-23 07:59:24 INFO Epoch 36/300	Training Loss: 1.2691	Time remaining is 5h:36m
2024-07-23 08:00:40 INFO Epoch 37/300	Training Loss: 1.2597	Time remaining is 5h:34m
2024-07-23 08:01:56 INFO Epoch 38/300	Training Loss: 1.2811	Time remaining is 5h:33m
2024-07-23 08:03:12 INFO Epoch 39/300	Training Loss: 1.2693	Time remaining is 5h:32m
2024-07-23 08:04:28 INFO Epoch 40/300	Training Loss: 1.2615	Time remaining is 5h:31m
2024-07-23 08:05:44 INFO Epoch 41/300	Training Loss: 1.1852	Time remaining is 5h:29m
2024-07-23 08:07:00 INFO Epoch 42/300	Training Loss: 1.1082	Time remaining is 5h:28m
2024-07-23 08:08:16 INFO Epoch 43/300	Training Loss: 1.0979	Time remaining is 5h:27m
2024-07-23 08:09:33 INFO Epoch 44/300	Training Loss: 1.0870	Time remaining is 5h:26m
2024-07-23 08:10:49 INFO Epoch 45/300	Training Loss: 1.0806	Time remaining is 5h:24m
2024-07-23 08:12:05 INFO Epoch 46/300	Training Loss: 1.0742	Time remaining is 5h:23m
2024-07-23 08:13:21 INFO Epoch 47/300	Training Loss: 1.0665	Time remaining is 5h:22m
2024-07-23 08:14:37 INFO Epoch 48/300	Training Loss: 1.0681	Time remaining is 5h:21m
2024-07-23 08:15:52 INFO Epoch 49/300	Training Loss: 1.0611	Time remaining is 5h:19m
2024-07-23 08:17:08 INFO Epoch 50/300	Training Loss: 1.0644	Time remaining is 5h:18m
2024-07-23 08:18:24 INFO Epoch 51/300	Training Loss: 1.0540	Time remaining is 5h:17m
2024-07-23 08:19:40 INFO Epoch 52/300	Training Loss: 1.0575	Time remaining is 5h:15m
2024-07-23 08:20:56 INFO Epoch 53/300	Training Loss: 1.0602	Time remaining is 5h:14m
2024-07-23 08:22:12 INFO Epoch 54/300	Training Loss: 1.0539	Time remaining is 5h:13m
2024-07-23 08:23:29 INFO Epoch 55/300	Training Loss: 1.0539	Time remaining is 5h:12m
2024-07-23 08:24:45 INFO Epoch 56/300	Training Loss: 1.0537	Time remaining is 5h:10m
2024-07-23 08:26:01 INFO Epoch 57/300	Training Loss: 1.0437	Time remaining is 5h:9m
2024-07-23 08:27:17 INFO Epoch 58/300	Training Loss: 1.0518	Time remaining is 5h:8m
2024-07-23 08:28:33 INFO Epoch 59/300	Training Loss: 1.0525	Time remaining is 5h:7m
2024-07-23 08:29:49 INFO Epoch 60/300	Training Loss: 1.0487	Time remaining is 5h:5m
2024-07-23 08:31:05 INFO Epoch 61/300	Training Loss: 1.0518	Time remaining is 5h:4m
2024-07-23 08:32:21 INFO Epoch 62/300	Training Loss: 1.0475	Time remaining is 5h:3m
2024-07-23 08:33:38 INFO Epoch 63/300	Training Loss: 1.0463	Time remaining is 5h:2m
2024-07-23 08:34:54 INFO Epoch 64/300	Training Loss: 1.0459	Time remaining is 5h:0m
2024-07-23 08:36:10 INFO Epoch 65/300	Training Loss: 1.0429	Time remaining is 4h:59m
2024-07-23 08:37:26 INFO Epoch 66/300	Training Loss: 1.0425	Time remaining is 4h:58m
2024-07-23 08:38:43 INFO Epoch 67/300	Training Loss: 1.0492	Time remaining is 4h:57m
2024-07-23 08:39:59 INFO Epoch 68/300	Training Loss: 1.0445	Time remaining is 4h:55m
2024-07-23 08:41:15 INFO Epoch 69/300	Training Loss: 1.0390	Time remaining is 4h:54m
2024-07-23 08:42:31 INFO Epoch 70/300	Training Loss: 1.0419	Time remaining is 4h:53m
2024-07-23 08:43:47 INFO Epoch 71/300	Training Loss: 1.0373	Time remaining is 4h:52m
2024-07-23 08:45:04 INFO Epoch 72/300	Training Loss: 1.0310	Time remaining is 4h:50m
2024-07-23 08:46:20 INFO Epoch 73/300	Training Loss: 1.0283	Time remaining is 4h:49m
2024-07-23 08:47:36 INFO Epoch 74/300	Training Loss: 1.0244	Time remaining is 4h:48m
2024-07-23 08:48:51 INFO Epoch 75/300	Training Loss: 1.0223	Time remaining is 4h:46m
2024-07-23 08:50:07 INFO Epoch 76/300	Training Loss: 1.0178	Time remaining is 4h:45m
2024-07-23 08:51:23 INFO Epoch 77/300	Training Loss: 1.0252	Time remaining is 4h:44m
2024-07-23 08:52:39 INFO Epoch 78/300	Training Loss: 1.0204	Time remaining is 4h:43m
2024-07-23 08:53:55 INFO Epoch 79/300	Training Loss: 1.0241	Time remaining is 4h:41m
2024-07-23 08:55:11 INFO Epoch 80/300	Training Loss: 1.0253	Time remaining is 4h:40m
2024-07-23 08:56:27 INFO Epoch 81/300	Training Loss: 1.0235	Time remaining is 4h:39m
2024-07-23 08:57:43 INFO Epoch 82/300	Training Loss: 1.0238	Time remaining is 4h:38m
2024-07-23 08:58:59 INFO Epoch 83/300	Training Loss: 1.0240	Time remaining is 4h:36m
2024-07-23 09:00:16 INFO Epoch 84/300	Training Loss: 1.0212	Time remaining is 4h:35m
2024-07-23 09:01:32 INFO Epoch 85/300	Training Loss: 1.0249	Time remaining is 4h:34m
2024-07-23 09:02:48 INFO Epoch 86/300	Training Loss: 1.0231	Time remaining is 4h:33m
2024-07-23 09:04:04 INFO Epoch 87/300	Training Loss: 1.0216	Time remaining is 4h:31m
2024-07-23 09:05:20 INFO Epoch 88/300	Training Loss: 1.0163	Time remaining is 4h:30m
2024-07-23 09:06:36 INFO Epoch 89/300	Training Loss: 1.0198	Time remaining is 4h:29m
2024-07-23 09:07:52 INFO Epoch 90/300	Training Loss: 1.0197	Time remaining is 4h:27m
2024-07-23 09:09:11 INFO Testing: dataset_name: market1501 top1: 94.299 top5: 98.278 top10: 98.961 mAP: 85.861
2024-07-23 09:10:28 INFO Epoch 91/300	Training Loss: 1.0211	Time remaining is 4h:29m
2024-07-23 09:11:43 INFO Epoch 92/300	Training Loss: 1.0154	Time remaining is 4h:28m
2024-07-23 09:12:59 INFO Epoch 93/300	Training Loss: 1.0214	Time remaining is 4h:27m
2024-07-23 09:14:16 INFO Epoch 94/300	Training Loss: 1.0197	Time remaining is 4h:25m
2024-07-23 09:15:32 INFO Epoch 95/300	Training Loss: 1.0141	Time remaining is 4h:24m
2024-07-23 09:16:51 INFO Testing: dataset_name: market1501 top1: 94.270 top5: 98.248 top10: 98.872 mAP: 85.962
2024-07-23 09:18:07 INFO Epoch 96/300	Training Loss: 1.0223	Time remaining is 4h:25m
2024-07-23 09:19:23 INFO Epoch 97/300	Training Loss: 1.0128	Time remaining is 4h:24m
2024-07-23 09:20:39 INFO Epoch 98/300	Training Loss: 1.0232	Time remaining is 4h:23m
2024-07-23 09:21:55 INFO Epoch 99/300	Training Loss: 1.0210	Time remaining is 4h:21m
2024-07-23 09:23:11 INFO Epoch 100/300	Training Loss: 1.0171	Time remaining is 4h:20m
2024-07-23 09:24:31 INFO Testing: dataset_name: market1501 top1: 94.210 top5: 98.248 top10: 98.931 mAP: 86.025
2024-07-23 09:25:47 INFO Epoch 101/300	Training Loss: 1.0209	Time remaining is 4h:21m
2024-07-23 09:27:03 INFO Epoch 102/300	Training Loss: 1.0187	Time remaining is 4h:20m
2024-07-23 09:28:19 INFO Epoch 103/300	Training Loss: 1.0187	Time remaining is 4h:19m
2024-07-23 09:29:35 INFO Epoch 104/300	Training Loss: 1.0171	Time remaining is 4h:17m
2024-07-23 09:30:52 INFO Epoch 105/300	Training Loss: 1.0243	Time remaining is 4h:16m
2024-07-23 09:32:11 INFO Testing: dataset_name: market1501 top1: 94.388 top5: 98.278 top10: 98.990 mAP: 86.174
2024-07-23 09:33:27 INFO Epoch 106/300	Training Loss: 1.0197	Time remaining is 4h:17m
2024-07-23 09:34:43 INFO Epoch 107/300	Training Loss: 1.0138	Time remaining is 4h:15m
2024-07-23 09:35:59 INFO Epoch 108/300	Training Loss: 1.0206	Time remaining is 4h:14m
2024-07-23 09:37:15 INFO Epoch 109/300	Training Loss: 1.0174	Time remaining is 4h:13m
2024-07-23 09:38:31 INFO Epoch 110/300	Training Loss: 1.0171	Time remaining is 4h:11m
2024-07-23 09:39:50 INFO Testing: dataset_name: market1501 top1: 94.477 top5: 98.219 top10: 98.990 mAP: 86.245
2024-07-23 09:41:06 INFO Epoch 111/300	Training Loss: 1.0105	Time remaining is 4h:12m
2024-07-23 09:42:22 INFO Epoch 112/300	Training Loss: 1.0156	Time remaining is 4h:11m
2024-07-23 09:43:39 INFO Epoch 113/300	Training Loss: 1.0158	Time remaining is 4h:9m
2024-07-23 09:44:54 INFO Epoch 114/300	Training Loss: 1.0126	Time remaining is 4h:8m
2024-07-23 09:46:11 INFO Epoch 115/300	Training Loss: 1.0216	Time remaining is 4h:6m
2024-07-23 09:47:30 INFO Testing: dataset_name: market1501 top1: 94.240 top5: 98.219 top10: 99.020 mAP: 86.277
2024-07-23 09:48:46 INFO Epoch 116/300	Training Loss: 1.0168	Time remaining is 4h:7m
2024-07-23 09:50:02 INFO Epoch 117/300	Training Loss: 1.0171	Time remaining is 4h:6m
2024-07-23 09:51:18 INFO Epoch 118/300	Training Loss: 1.0163	Time remaining is 4h:4m
2024-07-23 09:52:35 INFO Epoch 119/300	Training Loss: 1.0222	Time remaining is 4h:3m
2024-07-23 09:53:51 INFO Epoch 120/300	Training Loss: 1.0099	Time remaining is 4h:1m
2024-07-23 09:55:10 INFO Testing: dataset_name: market1501 top1: 94.448 top5: 98.248 top10: 99.020 mAP: 86.373
2024-07-23 09:56:26 INFO Epoch 121/300	Training Loss: 1.0147	Time remaining is 4h:2m
2024-07-23 09:57:42 INFO Epoch 122/300	Training Loss: 1.0139	Time remaining is 4h:0m
2024-07-23 09:58:59 INFO Epoch 123/300	Training Loss: 1.0155	Time remaining is 3h:59m
2024-07-23 10:00:15 INFO Epoch 124/300	Training Loss: 1.0095	Time remaining is 3h:58m
2024-07-23 10:01:31 INFO Epoch 125/300	Training Loss: 1.0153	Time remaining is 3h:56m
2024-07-23 10:02:50 INFO Testing: dataset_name: market1501 top1: 94.507 top5: 98.248 top10: 98.901 mAP: 86.497
2024-07-23 10:04:06 INFO Epoch 126/300	Training Loss: 1.0156	Time remaining is 3h:57m
2024-07-23 10:05:23 INFO Epoch 127/300	Training Loss: 1.0153	Time remaining is 3h:55m
2024-07-23 10:06:39 INFO Epoch 128/300	Training Loss: 1.0153	Time remaining is 3h:54m
2024-07-23 10:07:55 INFO Epoch 129/300	Training Loss: 1.0161	Time remaining is 3h:52m
2024-07-23 10:09:12 INFO Epoch 130/300	Training Loss: 1.0147	Time remaining is 3h:51m
2024-07-23 10:10:31 INFO Testing: dataset_name: market1501 top1: 94.656 top5: 98.248 top10: 98.961 mAP: 86.560
2024-07-23 10:11:46 INFO Epoch 131/300	Training Loss: 1.0106	Time remaining is 3h:51m
2024-07-23 10:13:02 INFO Epoch 132/300	Training Loss: 1.0143	Time remaining is 3h:49m
2024-07-23 10:14:18 INFO Epoch 133/300	Training Loss: 1.0089	Time remaining is 3h:48m
2024-07-23 10:15:34 INFO Epoch 134/300	Training Loss: 1.0135	Time remaining is 3h:47m
2024-07-23 10:16:50 INFO Epoch 135/300	Training Loss: 1.0095	Time remaining is 3h:45m
2024-07-23 10:18:09 INFO Testing: dataset_name: market1501 top1: 94.715 top5: 98.367 top10: 99.050 mAP: 86.750
2024-07-23 10:19:25 INFO Epoch 136/300	Training Loss: 1.0091	Time remaining is 3h:45m
2024-07-23 10:20:41 INFO Epoch 137/300	Training Loss: 1.0133	Time remaining is 3h:44m
2024-07-23 10:21:57 INFO Epoch 138/300	Training Loss: 1.0138	Time remaining is 3h:42m
2024-07-23 10:23:13 INFO Epoch 139/300	Training Loss: 1.0084	Time remaining is 3h:41m
2024-07-23 10:24:29 INFO Epoch 140/300	Training Loss: 1.0138	Time remaining is 3h:39m
2024-07-23 10:25:48 INFO Testing: dataset_name: market1501 top1: 94.567 top5: 98.367 top10: 99.050 mAP: 86.632
2024-07-23 10:27:05 INFO Epoch 141/300	Training Loss: 1.0133	Time remaining is 3h:39m
2024-07-23 10:28:21 INFO Epoch 142/300	Training Loss: 1.0139	Time remaining is 3h:38m
2024-07-23 10:29:37 INFO Epoch 143/300	Training Loss: 1.0135	Time remaining is 3h:36m
2024-07-23 10:30:53 INFO Epoch 144/300	Training Loss: 1.0125	Time remaining is 3h:35m
2024-07-23 10:32:10 INFO Epoch 145/300	Training Loss: 1.0143	Time remaining is 3h:33m
2024-07-23 10:33:29 INFO Testing: dataset_name: market1501 top1: 94.685 top5: 98.337 top10: 98.990 mAP: 86.786
2024-07-23 10:34:46 INFO Epoch 146/300	Training Loss: 1.0124	Time remaining is 3h:33m
2024-07-23 10:36:02 INFO Epoch 147/300	Training Loss: 1.0141	Time remaining is 3h:32m
2024-07-23 10:37:18 INFO Epoch 148/300	Training Loss: 1.0128	Time remaining is 3h:30m
2024-07-23 10:38:35 INFO Epoch 149/300	Training Loss: 1.0189	Time remaining is 3h:29m
2024-07-23 10:39:51 INFO Epoch 150/300	Training Loss: 1.0074	Time remaining is 3h:27m
2024-07-23 10:41:10 INFO Testing: dataset_name: market1501 top1: 94.626 top5: 98.278 top10: 98.990 mAP: 86.767
2024-07-23 10:42:26 INFO Epoch 151/300	Training Loss: 1.0136	Time remaining is 3h:27m
2024-07-23 10:43:43 INFO Epoch 152/300	Training Loss: 1.0105	Time remaining is 3h:26m
2024-07-23 10:44:59 INFO Epoch 153/300	Training Loss: 1.0112	Time remaining is 3h:24m
2024-07-23 10:46:15 INFO Epoch 154/300	Training Loss: 1.0129	Time remaining is 3h:23m
2024-07-23 10:47:31 INFO Epoch 155/300	Training Loss: 1.0112	Time remaining is 3h:21m
2024-07-23 10:48:50 INFO Testing: dataset_name: market1501 top1: 94.656 top5: 98.308 top10: 99.050 mAP: 86.952
2024-07-23 10:50:06 INFO Epoch 156/300	Training Loss: 1.0069	Time remaining is 3h:21m
2024-07-23 10:51:23 INFO Epoch 157/300	Training Loss: 1.0115	Time remaining is 3h:20m
2024-07-23 10:52:39 INFO Epoch 158/300	Training Loss: 1.0086	Time remaining is 3h:18m
2024-07-23 10:53:55 INFO Epoch 159/300	Training Loss: 1.0109	Time remaining is 3h:17m
2024-07-23 10:55:11 INFO Epoch 160/300	Training Loss: 1.0055	Time remaining is 3h:15m
2024-07-23 10:56:30 INFO Testing: dataset_name: market1501 top1: 94.626 top5: 98.397 top10: 99.080 mAP: 86.878
2024-07-23 10:57:47 INFO Epoch 161/300	Training Loss: 1.0101	Time remaining is 3h:15m
2024-07-23 10:59:03 INFO Epoch 162/300	Training Loss: 1.0100	Time remaining is 3h:13m
2024-07-23 11:00:18 INFO Epoch 163/300	Training Loss: 1.0058	Time remaining is 3h:12m
2024-07-23 11:01:35 INFO Epoch 164/300	Training Loss: 1.0109	Time remaining is 3h:10m
2024-07-23 11:02:51 INFO Epoch 165/300	Training Loss: 1.0058	Time remaining is 3h:9m
2024-07-23 11:04:10 INFO Testing: dataset_name: market1501 top1: 94.804 top5: 98.248 top10: 99.109 mAP: 87.092
2024-07-23 11:05:26 INFO Epoch 166/300	Training Loss: 1.0054	Time remaining is 3h:8m
2024-07-23 11:06:42 INFO Epoch 167/300	Training Loss: 1.0099	Time remaining is 3h:7m
2024-07-23 11:07:58 INFO Epoch 168/300	Training Loss: 1.0064	Time remaining is 3h:5m
2024-07-23 11:09:15 INFO Epoch 169/300	Training Loss: 1.0156	Time remaining is 3h:4m
2024-07-23 11:10:31 INFO Epoch 170/300	Training Loss: 1.0086	Time remaining is 3h:2m
2024-07-23 11:11:50 INFO Testing: dataset_name: market1501 top1: 94.685 top5: 98.426 top10: 99.109 mAP: 87.060
2024-07-23 11:13:06 INFO Epoch 171/300	Training Loss: 1.0088	Time remaining is 3h:2m
2024-07-23 11:14:22 INFO Epoch 172/300	Training Loss: 1.0098	Time remaining is 3h:0m
2024-07-23 11:15:38 INFO Epoch 173/300	Training Loss: 1.0088	Time remaining is 2h:59m
2024-07-23 11:16:54 INFO Epoch 174/300	Training Loss: 1.0061	Time remaining is 2h:57m
2024-07-23 11:18:11 INFO Epoch 175/300	Training Loss: 1.0093	Time remaining is 2h:56m
2024-07-23 11:19:30 INFO Testing: dataset_name: market1501 top1: 94.626 top5: 98.367 top10: 99.020 mAP: 87.134
2024-07-23 11:20:46 INFO Epoch 176/300	Training Loss: 1.0092	Time remaining is 2h:55m
2024-07-23 11:22:02 INFO Epoch 177/300	Training Loss: 1.0050	Time remaining is 2h:54m
2024-07-23 11:23:18 INFO Epoch 178/300	Training Loss: 1.0073	Time remaining is 2h:52m
2024-07-23 11:24:34 INFO Epoch 179/300	Training Loss: 1.0078	Time remaining is 2h:51m
2024-07-23 11:25:50 INFO Epoch 180/300	Training Loss: 1.0041	Time remaining is 2h:49m
2024-07-23 11:27:09 INFO Testing: dataset_name: market1501 top1: 94.774 top5: 98.426 top10: 99.139 mAP: 87.155
2024-07-23 11:28:25 INFO Epoch 181/300	Training Loss: 1.0104	Time remaining is 2h:49m
2024-07-23 11:29:41 INFO Epoch 182/300	Training Loss: 1.0079	Time remaining is 2h:47m
2024-07-23 11:30:57 INFO Epoch 183/300	Training Loss: 1.0047	Time remaining is 2h:46m
2024-07-23 11:32:13 INFO Epoch 184/300	Training Loss: 1.0050	Time remaining is 2h:44m
2024-07-23 11:33:30 INFO Epoch 185/300	Training Loss: 1.0099	Time remaining is 2h:43m
2024-07-23 11:34:49 INFO Testing: dataset_name: market1501 top1: 94.982 top5: 98.426 top10: 99.050 mAP: 87.136
2024-07-23 11:36:04 INFO Epoch 186/300	Training Loss: 1.0034	Time remaining is 2h:42m
2024-07-23 11:37:21 INFO Epoch 187/300	Training Loss: 1.0085	Time remaining is 2h:41m
2024-07-23 11:38:37 INFO Epoch 188/300	Training Loss: 1.0072	Time remaining is 2h:39m
2024-07-23 11:39:53 INFO Epoch 189/300	Training Loss: 1.0100	Time remaining is 2h:38m
2024-07-23 11:41:09 INFO Epoch 190/300	Training Loss: 1.0068	Time remaining is 2h:36m
2024-07-23 11:42:28 INFO Testing: dataset_name: market1501 top1: 94.952 top5: 98.486 top10: 99.169 mAP: 87.258
2024-07-23 11:43:44 INFO Epoch 191/300	Training Loss: 1.0072	Time remaining is 2h:35m
2024-07-23 11:45:00 INFO Epoch 192/300	Training Loss: 1.0088	Time remaining is 2h:34m
2024-07-23 11:46:16 INFO Epoch 193/300	Training Loss: 1.0014	Time remaining is 2h:32m
2024-07-23 11:47:32 INFO Epoch 194/300	Training Loss: 1.0076	Time remaining is 2h:31m
2024-07-23 11:48:48 INFO Epoch 195/300	Training Loss: 1.0024	Time remaining is 2h:29m
2024-07-23 11:50:08 INFO Testing: dataset_name: market1501 top1: 94.656 top5: 98.545 top10: 99.169 mAP: 87.250
2024-07-23 11:51:24 INFO Epoch 196/300	Training Loss: 1.0079	Time remaining is 2h:29m
2024-07-23 11:52:40 INFO Epoch 197/300	Training Loss: 1.0048	Time remaining is 2h:27m
2024-07-23 11:53:55 INFO Epoch 198/300	Training Loss: 1.0023	Time remaining is 2h:26m
2024-07-23 11:55:12 INFO Epoch 199/300	Training Loss: 1.0076	Time remaining is 2h:24m
2024-07-23 11:56:28 INFO Epoch 200/300	Training Loss: 1.0073	Time remaining is 2h:23m
2024-07-23 11:57:47 INFO Testing: dataset_name: market1501 top1: 94.626 top5: 98.456 top10: 99.050 mAP: 87.073
2024-07-23 11:59:03 INFO Epoch 201/300	Training Loss: 1.0007	Time remaining is 2h:22m
2024-07-23 12:00:19 INFO Epoch 202/300	Training Loss: 1.0081	Time remaining is 2h:20m
2024-07-23 12:01:36 INFO Epoch 203/300	Training Loss: 1.0114	Time remaining is 2h:19m
2024-07-23 12:02:52 INFO Epoch 204/300	Training Loss: 1.0014	Time remaining is 2h:17m
2024-07-23 12:04:08 INFO Epoch 205/300	Training Loss: 1.0063	Time remaining is 2h:16m
2024-07-23 12:05:27 INFO Testing: dataset_name: market1501 top1: 94.804 top5: 98.515 top10: 99.139 mAP: 87.183
2024-07-23 12:06:43 INFO Epoch 206/300	Training Loss: 1.0069	Time remaining is 2h:15m
2024-07-23 12:08:00 INFO Epoch 207/300	Training Loss: 1.0118	Time remaining is 2h:14m
2024-07-23 12:09:16 INFO Epoch 208/300	Training Loss: 1.0065	Time remaining is 2h:12m
2024-07-23 12:10:33 INFO Epoch 209/300	Training Loss: 1.0066	Time remaining is 2h:11m
2024-07-23 12:11:49 INFO Epoch 210/300	Training Loss: 1.0004	Time remaining is 2h:9m
2024-07-23 12:13:08 INFO Testing: dataset_name: market1501 top1: 94.982 top5: 98.486 top10: 99.080 mAP: 87.360
2024-07-23 12:14:24 INFO Epoch 211/300	Training Loss: 1.0059	Time remaining is 2h:8m
2024-07-23 12:15:40 INFO Epoch 212/300	Training Loss: 1.0044	Time remaining is 2h:7m
2024-07-23 12:16:56 INFO Epoch 213/300	Training Loss: 1.0003	Time remaining is 2h:5m
2024-07-23 12:18:12 INFO Epoch 214/300	Training Loss: 1.0051	Time remaining is 2h:4m
2024-07-23 12:19:28 INFO Epoch 215/300	Training Loss: 1.0011	Time remaining is 2h:2m
2024-07-23 12:20:47 INFO Testing: dataset_name: market1501 top1: 94.834 top5: 98.456 top10: 99.169 mAP: 87.338
2024-07-23 12:22:03 INFO Epoch 216/300	Training Loss: 0.9996	Time remaining is 2h:1m
2024-07-23 12:23:19 INFO Epoch 217/300	Training Loss: 1.0062	Time remaining is 1h:60m
2024-07-23 12:24:36 INFO Epoch 218/300	Training Loss: 1.0115	Time remaining is 1h:58m
2024-07-23 12:25:52 INFO Epoch 219/300	Training Loss: 1.0033	Time remaining is 1h:57m
2024-07-23 12:27:09 INFO Epoch 220/300	Training Loss: 1.0041	Time remaining is 1h:55m
2024-07-23 12:28:28 INFO Testing: dataset_name: market1501 top1: 95.042 top5: 98.397 top10: 99.228 mAP: 87.453
2024-07-23 12:29:44 INFO Epoch 221/300	Training Loss: 1.0026	Time remaining is 1h:54m
2024-07-23 12:31:00 INFO Epoch 222/300	Training Loss: 1.0044	Time remaining is 1h:53m
2024-07-23 12:32:16 INFO Epoch 223/300	Training Loss: 1.0047	Time remaining is 1h:51m
2024-07-23 12:33:32 INFO Epoch 224/300	Training Loss: 0.9989	Time remaining is 1h:50m
2024-07-23 12:34:49 INFO Epoch 225/300	Training Loss: 1.0085	Time remaining is 1h:48m
2024-07-23 12:36:08 INFO Testing: dataset_name: market1501 top1: 94.952 top5: 98.486 top10: 99.080 mAP: 87.394
2024-07-23 12:37:24 INFO Epoch 226/300	Training Loss: 1.0045	Time remaining is 1h:47m
2024-07-23 12:38:41 INFO Epoch 227/300	Training Loss: 1.0035	Time remaining is 1h:46m
2024-07-23 12:39:57 INFO Epoch 228/300	Training Loss: 1.0039	Time remaining is 1h:44m
2024-07-23 12:41:13 INFO Epoch 229/300	Training Loss: 1.0098	Time remaining is 1h:43m
2024-07-23 12:42:30 INFO Epoch 230/300	Training Loss: 1.0049	Time remaining is 1h:41m
2024-07-23 12:43:49 INFO Testing: dataset_name: market1501 top1: 94.626 top5: 98.367 top10: 99.198 mAP: 87.347
2024-07-23 12:45:05 INFO Epoch 231/300	Training Loss: 1.0012	Time remaining is 1h:40m
2024-07-23 12:46:20 INFO Epoch 232/300	Training Loss: 0.9986	Time remaining is 1h:39m
2024-07-23 12:47:36 INFO Epoch 233/300	Training Loss: 1.0037	Time remaining is 1h:37m
2024-07-23 12:48:52 INFO Epoch 234/300	Training Loss: 0.9982	Time remaining is 1h:36m
2024-07-23 12:50:08 INFO Epoch 235/300	Training Loss: 1.0006	Time remaining is 1h:34m
2024-07-23 12:51:27 INFO Testing: dataset_name: market1501 top1: 94.804 top5: 98.456 top10: 99.109 mAP: 87.549
2024-07-23 12:52:44 INFO Epoch 236/300	Training Loss: 1.0086	Time remaining is 1h:33m
2024-07-23 12:54:00 INFO Epoch 237/300	Training Loss: 1.0031	Time remaining is 1h:32m
2024-07-23 12:55:16 INFO Epoch 238/300	Training Loss: 0.9997	Time remaining is 1h:30m
2024-07-23 12:56:32 INFO Epoch 239/300	Training Loss: 0.9982	Time remaining is 1h:29m
2024-07-23 12:57:48 INFO Epoch 240/300	Training Loss: 1.0018	Time remaining is 1h:27m
2024-07-23 12:59:07 INFO Testing: dataset_name: market1501 top1: 94.804 top5: 98.515 top10: 99.169 mAP: 87.487
2024-07-23 13:00:23 INFO Epoch 241/300	Training Loss: 1.0036	Time remaining is 1h:26m
2024-07-23 13:01:39 INFO Epoch 242/300	Training Loss: 1.0030	Time remaining is 1h:25m
2024-07-23 13:02:55 INFO Epoch 243/300	Training Loss: 0.9975	Time remaining is 1h:23m
2024-07-23 13:04:11 INFO Epoch 244/300	Training Loss: 0.9975	Time remaining is 1h:22m
2024-07-23 13:05:28 INFO Epoch 245/300	Training Loss: 1.0036	Time remaining is 1h:20m
2024-07-23 13:06:47 INFO Testing: dataset_name: market1501 top1: 95.012 top5: 98.219 top10: 98.961 mAP: 87.379
2024-07-23 13:08:03 INFO Epoch 246/300	Training Loss: 1.0014	Time remaining is 1h:19m
2024-07-23 13:09:19 INFO Epoch 247/300	Training Loss: 1.0025	Time remaining is 1h:18m
2024-07-23 13:10:36 INFO Epoch 248/300	Training Loss: 1.0013	Time remaining is 1h:16m
2024-07-23 13:11:52 INFO Epoch 249/300	Training Loss: 0.9975	Time remaining is 1h:15m
2024-07-23 13:13:08 INFO Epoch 250/300	Training Loss: 0.9958	Time remaining is 1h:13m
2024-07-23 13:14:26 INFO Testing: dataset_name: market1501 top1: 94.537 top5: 98.397 top10: 99.050 mAP: 87.496
2024-07-23 13:15:42 INFO Epoch 251/300	Training Loss: 0.9951	Time remaining is 1h:12m
2024-07-23 13:16:59 INFO Epoch 252/300	Training Loss: 1.0013	Time remaining is 1h:11m
2024-07-23 13:18:15 INFO Epoch 253/300	Training Loss: 1.0020	Time remaining is 1h:9m
2024-07-23 13:19:31 INFO Epoch 254/300	Training Loss: 1.0006	Time remaining is 1h:8m
2024-07-23 13:20:47 INFO Epoch 255/300	Training Loss: 0.9963	Time remaining is 1h:6m
2024-07-23 13:22:06 INFO Testing: dataset_name: market1501 top1: 94.893 top5: 98.456 top10: 99.139 mAP: 87.518
2024-07-23 13:23:22 INFO Epoch 256/300	Training Loss: 1.0017	Time remaining is 1h:5m
2024-07-23 13:24:38 INFO Epoch 257/300	Training Loss: 0.9981	Time remaining is 1h:3m
2024-07-23 13:25:55 INFO Epoch 258/300	Training Loss: 1.0013	Time remaining is 1h:2m
2024-07-23 13:27:11 INFO Epoch 259/300	Training Loss: 1.0026	Time remaining is 1h:1m
2024-07-23 13:28:27 INFO Epoch 260/300	Training Loss: 1.0013	Time remaining is 0h:59m
2024-07-23 13:29:46 INFO Testing: dataset_name: market1501 top1: 94.923 top5: 98.426 top10: 99.109 mAP: 87.562
2024-07-23 13:31:02 INFO Epoch 261/300	Training Loss: 1.0012	Time remaining is 0h:58m
2024-07-23 13:32:19 INFO Epoch 262/300	Training Loss: 1.0075	Time remaining is 0h:56m
2024-07-23 13:33:35 INFO Epoch 263/300	Training Loss: 0.9995	Time remaining is 0h:55m
2024-07-23 13:34:51 INFO Epoch 264/300	Training Loss: 0.9999	Time remaining is 0h:53m
2024-07-23 13:36:07 INFO Epoch 265/300	Training Loss: 1.0005	Time remaining is 0h:52m
2024-07-23 13:37:27 INFO Testing: dataset_name: market1501 top1: 94.685 top5: 98.397 top10: 99.139 mAP: 87.456
2024-07-23 13:38:43 INFO Epoch 266/300	Training Loss: 1.0011	Time remaining is 0h:51m
2024-07-23 13:40:00 INFO Epoch 267/300	Training Loss: 1.0012	Time remaining is 0h:49m
2024-07-23 13:41:16 INFO Epoch 268/300	Training Loss: 0.9957	Time remaining is 0h:48m
2024-07-23 13:42:32 INFO Epoch 269/300	Training Loss: 1.0010	Time remaining is 0h:46m
2024-07-23 13:43:49 INFO Epoch 270/300	Training Loss: 1.0038	Time remaining is 0h:45m
2024-07-23 13:45:08 INFO Testing: dataset_name: market1501 top1: 94.685 top5: 98.426 top10: 99.139 mAP: 87.407
2024-07-23 13:46:24 INFO Epoch 271/300	Training Loss: 1.0002	Time remaining is 0h:43m
2024-07-23 13:47:40 INFO Epoch 272/300	Training Loss: 0.9999	Time remaining is 0h:42m
2024-07-23 13:48:57 INFO Epoch 273/300	Training Loss: 1.0042	Time remaining is 0h:41m
2024-07-23 13:50:13 INFO Epoch 274/300	Training Loss: 0.9990	Time remaining is 0h:39m
2024-07-23 13:51:30 INFO Epoch 275/300	Training Loss: 0.9987	Time remaining is 0h:38m
2024-07-23 13:52:49 INFO Testing: dataset_name: market1501 top1: 94.804 top5: 98.456 top10: 99.169 mAP: 87.468
2024-07-23 13:54:04 INFO Epoch 276/300	Training Loss: 0.9960	Time remaining is 0h:36m
2024-07-23 13:55:21 INFO Epoch 277/300	Training Loss: 1.0007	Time remaining is 0h:35m
2024-07-23 13:56:37 INFO Epoch 278/300	Training Loss: 1.0001	Time remaining is 0h:33m
2024-07-23 13:57:53 INFO Epoch 279/300	Training Loss: 0.9989	Time remaining is 0h:32m
2024-07-23 13:59:09 INFO Epoch 280/300	Training Loss: 1.0005	Time remaining is 0h:30m
2024-07-23 14:00:29 INFO Testing: dataset_name: market1501 top1: 94.685 top5: 98.367 top10: 99.020 mAP: 87.566
2024-07-23 14:01:45 INFO Epoch 281/300	Training Loss: 0.9987	Time remaining is 0h:29m
2024-07-23 14:03:02 INFO Epoch 282/300	Training Loss: 0.9941	Time remaining is 0h:28m
2024-07-23 14:04:18 INFO Epoch 283/300	Training Loss: 1.0007	Time remaining is 0h:26m
2024-07-23 14:05:34 INFO Epoch 284/300	Training Loss: 0.9927	Time remaining is 0h:25m
2024-07-23 14:06:49 INFO Epoch 285/300	Training Loss: 0.9939	Time remaining is 0h:23m
2024-07-23 14:08:09 INFO Testing: dataset_name: market1501 top1: 94.685 top5: 98.367 top10: 99.080 mAP: 87.468
2024-07-23 14:09:25 INFO Epoch 286/300	Training Loss: 0.9987	Time remaining is 0h:22m
2024-07-23 14:10:42 INFO Epoch 287/300	Training Loss: 0.9998	Time remaining is 0h:20m
2024-07-23 14:11:58 INFO Epoch 288/300	Training Loss: 0.9943	Time remaining is 0h:19m
2024-07-23 14:13:14 INFO Epoch 289/300	Training Loss: 0.9985	Time remaining is 0h:17m
2024-07-23 14:14:30 INFO Epoch 290/300	Training Loss: 0.9978	Time remaining is 0h:16m
2024-07-23 14:15:49 INFO Testing: dataset_name: market1501 top1: 94.507 top5: 98.545 top10: 99.050 mAP: 87.499
2024-07-23 14:17:05 INFO Epoch 291/300	Training Loss: 0.9946	Time remaining is 0h:15m
2024-07-23 14:18:21 INFO Epoch 292/300	Training Loss: 0.9984	Time remaining is 0h:13m
2024-07-23 14:19:38 INFO Epoch 293/300	Training Loss: 0.9987	Time remaining is 0h:12m
2024-07-23 14:20:54 INFO Epoch 294/300	Training Loss: 0.9930	Time remaining is 0h:10m
2024-07-23 14:22:10 INFO Epoch 295/300	Training Loss: 0.9986	Time remaining is 0h:9m
2024-07-23 14:23:29 INFO Testing: dataset_name: market1501 top1: 94.863 top5: 98.456 top10: 99.169 mAP: 87.492
2024-07-23 14:24:45 INFO Epoch 296/300	Training Loss: 0.9926	Time remaining is 0h:7m
2024-07-23 14:26:01 INFO Epoch 297/300	Training Loss: 0.9987	Time remaining is 0h:6m
2024-07-23 14:27:17 INFO Epoch 298/300	Training Loss: 0.9937	Time remaining is 0h:4m
2024-07-23 14:28:33 INFO Epoch 299/300	Training Loss: 0.9938	Time remaining is 0h:3m
2024-07-23 14:29:50 INFO Epoch 300/300	Training Loss: 0.9979	Time remaining is 0h:1m
2024-07-23 14:31:09 INFO Testing: dataset_name: market1501 top1: 94.804 top5: 98.367 top10: 99.109 mAP: 87.589
2024-07-23 14:31:10 INFO The running time of training: 7.29 h
