2024-09-22 23:30:01 INFO ##################################################
2024-09-22 23:30:01 INFO Config values: batch_size: 60	current_directory: /home/hy/project/reid_task/ex_001_23	dataset_name: Occluded_Duke	dataset_path: /home/hy/project/data/Occluded_Duke	device: cuda	dtype: torch.float32	epoch_start_test: 90	epochs: 120	img_height: 256	img_width: 128	logs_outputs_path: /home/hy/project/reid_task/ex_001_23/./outputs/logs	models_outputs_path: /home/hy/project/reid_task/ex_001_23/./outputs/models	np: <module 'numpy' from '/home/hy/anaconda3/envs/py396/lib/python3.9/site-packages/numpy/__init__.py'>	os: <module 'os' from '/home/hy/anaconda3/envs/py396/lib/python3.9/os.py'>	outputs_dir: ./outputs/	outputs_path: /home/hy/project/reid_task/ex_001_23/./outputs/	print_every: 1	seed: 1	taskname: ReID_Task	temps_outputs_path: /home/hy/project/reid_task/ex_001_23/./outputs/temps	test_batch_size: 256	test_every: 5	torch: <module 'torch' from '/home/hy/anaconda3/envs/py396/lib/python3.9/site-packages/torch/__init__.py'>
2024-09-22 23:30:01 INFO Task: ReID_Task
2024-09-22 23:30:01 INFO Using device: cuda
2024-09-22 23:30:01 INFO Using data type: torch.float32
2024-09-22 23:30:01 INFO Number of GPUs: 1
2024-09-22 23:30:01 INFO GPU is_available: True
2024-09-22 23:30:01 INFO GPU name: NVIDIA GeForce RTX 3060
2024-09-22 23:30:01 INFO CUDA version: 12.1
2024-09-22 23:30:01 INFO Current device id: 0
2024-09-22 23:30:01 INFO ##################################################
2024-09-22 23:31:19 INFO Epoch 1/120	Training Loss: 6.0249	Time remaining is 2h:33m
2024-09-22 23:32:34 INFO Epoch 2/120	Training Loss: 4.9444	Time remaining is 2h:31m
2024-09-22 23:33:51 INFO Epoch 3/120	Training Loss: 3.6145	Time remaining is 2h:30m
2024-09-22 23:35:08 INFO Epoch 4/120	Training Loss: 2.4909	Time remaining is 2h:29m
2024-09-22 23:36:24 INFO Epoch 5/120	Training Loss: 1.7968	Time remaining is 2h:28m
2024-09-22 23:37:40 INFO Epoch 6/120	Training Loss: 1.4823	Time remaining is 2h:26m
2024-09-22 23:38:56 INFO Epoch 7/120	Training Loss: 1.3429	Time remaining is 2h:25m
2024-09-22 23:40:13 INFO Epoch 8/120	Training Loss: 1.2809	Time remaining is 2h:24m
2024-09-22 23:41:30 INFO Epoch 9/120	Training Loss: 1.2622	Time remaining is 2h:23m
2024-09-22 23:42:47 INFO Epoch 10/120	Training Loss: 1.2389	Time remaining is 2h:22m
2024-09-22 23:44:03 INFO Epoch 11/120	Training Loss: 1.1812	Time remaining is 2h:20m
2024-09-22 23:45:19 INFO Epoch 12/120	Training Loss: 1.1556	Time remaining is 2h:19m
2024-09-22 23:46:36 INFO Epoch 13/120	Training Loss: 1.1437	Time remaining is 2h:18m
2024-09-22 23:47:52 INFO Epoch 14/120	Training Loss: 1.1262	Time remaining is 2h:16m
2024-09-22 23:49:09 INFO Epoch 15/120	Training Loss: 1.1196	Time remaining is 2h:15m
2024-09-22 23:50:26 INFO Epoch 16/120	Training Loss: 1.1081	Time remaining is 2h:14m
2024-09-22 23:51:42 INFO Epoch 17/120	Training Loss: 1.0976	Time remaining is 2h:13m
2024-09-22 23:52:59 INFO Epoch 18/120	Training Loss: 1.1027	Time remaining is 2h:11m
2024-09-22 23:54:15 INFO Epoch 19/120	Training Loss: 1.0909	Time remaining is 2h:10m
2024-09-22 23:55:31 INFO Epoch 20/120	Training Loss: 1.0884	Time remaining is 2h:9m
2024-09-22 23:56:48 INFO Epoch 21/120	Training Loss: 1.0887	Time remaining is 2h:7m
2024-09-22 23:58:04 INFO Epoch 22/120	Training Loss: 1.0858	Time remaining is 2h:6m
2024-09-22 23:59:21 INFO Epoch 23/120	Training Loss: 1.0754	Time remaining is 2h:5m
2024-09-23 00:00:37 INFO Epoch 24/120	Training Loss: 1.0729	Time remaining is 2h:4m
2024-09-23 00:01:54 INFO Epoch 25/120	Training Loss: 1.0695	Time remaining is 2h:2m
2024-09-23 00:03:11 INFO Epoch 26/120	Training Loss: 1.0763	Time remaining is 2h:1m
2024-09-23 00:04:27 INFO Epoch 27/120	Training Loss: 1.0683	Time remaining is 1h:60m
2024-09-23 00:05:43 INFO Epoch 28/120	Training Loss: 1.0546	Time remaining is 1h:59m
2024-09-23 00:07:00 INFO Epoch 29/120	Training Loss: 1.0595	Time remaining is 1h:57m
2024-09-23 00:08:16 INFO Epoch 30/120	Training Loss: 1.0530	Time remaining is 1h:56m
2024-09-23 00:09:32 INFO Epoch 31/120	Training Loss: 1.0470	Time remaining is 1h:55m
2024-09-23 00:10:49 INFO Epoch 32/120	Training Loss: 1.0431	Time remaining is 1h:53m
2024-09-23 00:12:06 INFO Epoch 33/120	Training Loss: 1.0507	Time remaining is 1h:52m
2024-09-23 00:13:22 INFO Epoch 34/120	Training Loss: 1.0401	Time remaining is 1h:51m
2024-09-23 00:14:38 INFO Epoch 35/120	Training Loss: 1.0456	Time remaining is 1h:50m
2024-09-23 00:15:55 INFO Epoch 36/120	Training Loss: 1.0465	Time remaining is 1h:48m
2024-09-23 00:17:11 INFO Epoch 37/120	Training Loss: 1.0381	Time remaining is 1h:47m
2024-09-23 00:18:28 INFO Epoch 38/120	Training Loss: 1.0395	Time remaining is 1h:46m
2024-09-23 00:19:44 INFO Epoch 39/120	Training Loss: 1.0310	Time remaining is 1h:44m
2024-09-23 00:21:00 INFO Epoch 40/120	Training Loss: 1.0070	Time remaining is 1h:43m
2024-09-23 00:22:16 INFO Epoch 41/120	Training Loss: 0.9734	Time remaining is 1h:42m
2024-09-23 00:23:33 INFO Epoch 42/120	Training Loss: 0.9624	Time remaining is 1h:41m
2024-09-23 00:24:49 INFO Epoch 43/120	Training Loss: 0.9612	Time remaining is 1h:39m
2024-09-23 00:26:05 INFO Epoch 44/120	Training Loss: 0.9488	Time remaining is 1h:38m
2024-09-23 00:27:22 INFO Epoch 45/120	Training Loss: 0.9514	Time remaining is 1h:37m
2024-09-23 00:28:38 INFO Epoch 46/120	Training Loss: 0.9450	Time remaining is 1h:36m
2024-09-23 00:29:55 INFO Epoch 47/120	Training Loss: 0.9542	Time remaining is 1h:34m
2024-09-23 00:31:11 INFO Epoch 48/120	Training Loss: 0.9526	Time remaining is 1h:33m
2024-09-23 00:32:28 INFO Epoch 49/120	Training Loss: 0.9457	Time remaining is 1h:32m
2024-09-23 00:33:44 INFO Epoch 50/120	Training Loss: 0.9451	Time remaining is 1h:30m
2024-09-23 00:35:00 INFO Epoch 51/120	Training Loss: 0.9425	Time remaining is 1h:29m
2024-09-23 00:36:17 INFO Epoch 52/120	Training Loss: 0.9428	Time remaining is 1h:28m
2024-09-23 00:37:33 INFO Epoch 53/120	Training Loss: 0.9461	Time remaining is 1h:27m
2024-09-23 00:38:49 INFO Epoch 54/120	Training Loss: 0.9346	Time remaining is 1h:25m
2024-09-23 00:40:06 INFO Epoch 55/120	Training Loss: 0.9441	Time remaining is 1h:24m
2024-09-23 00:41:23 INFO Epoch 56/120	Training Loss: 0.9449	Time remaining is 1h:23m
2024-09-23 00:42:39 INFO Epoch 57/120	Training Loss: 0.9433	Time remaining is 1h:22m
2024-09-23 00:43:57 INFO Epoch 58/120	Training Loss: 0.9455	Time remaining is 1h:20m
2024-09-23 00:45:14 INFO Epoch 59/120	Training Loss: 0.9455	Time remaining is 1h:19m
2024-09-23 00:46:30 INFO Epoch 60/120	Training Loss: 0.9411	Time remaining is 1h:18m
2024-09-23 00:47:46 INFO Epoch 61/120	Training Loss: 0.9314	Time remaining is 1h:16m
2024-09-23 00:49:03 INFO Epoch 62/120	Training Loss: 0.9397	Time remaining is 1h:15m
2024-09-23 00:50:20 INFO Epoch 63/120	Training Loss: 0.9344	Time remaining is 1h:14m
2024-09-23 00:51:36 INFO Epoch 64/120	Training Loss: 0.9353	Time remaining is 1h:13m
2024-09-23 00:52:52 INFO Epoch 65/120	Training Loss: 0.9333	Time remaining is 1h:11m
2024-09-23 00:54:09 INFO Epoch 66/120	Training Loss: 0.9407	Time remaining is 1h:10m
2024-09-23 00:55:26 INFO Epoch 67/120	Training Loss: 0.9342	Time remaining is 1h:9m
2024-09-23 00:56:42 INFO Epoch 68/120	Training Loss: 0.9338	Time remaining is 1h:8m
2024-09-23 00:57:59 INFO Epoch 69/120	Training Loss: 0.9359	Time remaining is 1h:6m
2024-09-23 00:59:15 INFO Epoch 70/120	Training Loss: 0.9262	Time remaining is 1h:5m
2024-09-23 01:00:32 INFO Epoch 71/120	Training Loss: 0.9349	Time remaining is 1h:4m
2024-09-23 01:01:48 INFO Epoch 72/120	Training Loss: 0.9302	Time remaining is 1h:2m
2024-09-23 01:03:05 INFO Epoch 73/120	Training Loss: 0.9289	Time remaining is 1h:1m
2024-09-23 01:04:21 INFO Epoch 74/120	Training Loss: 0.9203	Time remaining is 0h:60m
2024-09-23 01:05:37 INFO Epoch 75/120	Training Loss: 0.9258	Time remaining is 0h:59m
2024-09-23 01:06:53 INFO Epoch 76/120	Training Loss: 0.9242	Time remaining is 0h:57m
2024-09-23 01:08:10 INFO Epoch 77/120	Training Loss: 0.9241	Time remaining is 0h:56m
2024-09-23 01:09:26 INFO Epoch 78/120	Training Loss: 0.9283	Time remaining is 0h:55m
2024-09-23 01:10:43 INFO Epoch 79/120	Training Loss: 0.9274	Time remaining is 0h:54m
2024-09-23 01:11:59 INFO Epoch 80/120	Training Loss: 0.9178	Time remaining is 0h:52m
2024-09-23 01:13:15 INFO Epoch 81/120	Training Loss: 0.9244	Time remaining is 0h:51m
2024-09-23 01:14:32 INFO Epoch 82/120	Training Loss: 0.9313	Time remaining is 0h:50m
2024-09-23 01:15:49 INFO Epoch 83/120	Training Loss: 0.9314	Time remaining is 0h:48m
2024-09-23 01:17:06 INFO Epoch 84/120	Training Loss: 0.9284	Time remaining is 0h:47m
2024-09-23 01:18:22 INFO Epoch 85/120	Training Loss: 0.9265	Time remaining is 0h:46m
2024-09-23 01:19:39 INFO Epoch 86/120	Training Loss: 0.9240	Time remaining is 0h:45m
2024-09-23 01:20:55 INFO Epoch 87/120	Training Loss: 0.9273	Time remaining is 0h:43m
2024-09-23 01:22:12 INFO Epoch 88/120	Training Loss: 0.9310	Time remaining is 0h:42m
2024-09-23 01:23:29 INFO Epoch 89/120	Training Loss: 0.9225	Time remaining is 0h:41m
2024-09-23 01:24:45 INFO Epoch 90/120	Training Loss: 0.9198	Time remaining is 0h:40m
2024-09-23 01:25:48 INFO Epoch 90/120	Testing: dataset_name: Occluded_Duke top1: 59.276 top5: 73.258 top10: 78.778 mAP: 50.927
2024-09-23 01:27:05 INFO Epoch 91/120	Training Loss: 0.9281	Time remaining is 0h:39m
2024-09-23 01:28:22 INFO Epoch 92/120	Training Loss: 0.9221	Time remaining is 0h:37m
2024-09-23 01:29:38 INFO Epoch 93/120	Training Loss: 0.9237	Time remaining is 0h:36m
2024-09-23 01:30:55 INFO Epoch 94/120	Training Loss: 0.9254	Time remaining is 0h:35m
2024-09-23 01:32:12 INFO Epoch 95/120	Training Loss: 0.9305	Time remaining is 0h:33m
2024-09-23 01:33:16 INFO Epoch 95/120	Testing: dataset_name: Occluded_Duke top1: 59.321 top5: 73.213 top10: 78.824 mAP: 50.906
2024-09-23 01:34:32 INFO Epoch 96/120	Training Loss: 0.9236	Time remaining is 0h:32m
2024-09-23 01:35:49 INFO Epoch 97/120	Training Loss: 0.9215	Time remaining is 0h:31m
2024-09-23 01:37:05 INFO Epoch 98/120	Training Loss: 0.9179	Time remaining is 0h:30m
2024-09-23 01:38:22 INFO Epoch 99/120	Training Loss: 0.9226	Time remaining is 0h:29m
2024-09-23 01:39:39 INFO Epoch 100/120	Training Loss: 0.9256	Time remaining is 0h:27m
2024-09-23 01:40:42 INFO Epoch 100/120	Testing: dataset_name: Occluded_Duke top1: 59.819 top5: 73.756 top10: 79.005 mAP: 51.172
2024-09-23 01:41:59 INFO Epoch 101/120	Training Loss: 0.9229	Time remaining is 0h:26m
2024-09-23 01:43:15 INFO Epoch 102/120	Training Loss: 0.9169	Time remaining is 0h:25m
2024-09-23 01:44:31 INFO Epoch 103/120	Training Loss: 0.9221	Time remaining is 0h:24m
2024-09-23 01:45:48 INFO Epoch 104/120	Training Loss: 0.9253	Time remaining is 0h:22m
2024-09-23 01:47:05 INFO Epoch 105/120	Training Loss: 0.9213	Time remaining is 0h:21m
2024-09-23 01:48:08 INFO Epoch 105/120	Testing: dataset_name: Occluded_Duke top1: 59.683 top5: 73.891 top10: 79.502 mAP: 51.395
2024-09-23 01:49:24 INFO Epoch 106/120	Training Loss: 0.9128	Time remaining is 0h:20m
2024-09-23 01:50:40 INFO Epoch 107/120	Training Loss: 0.9207	Time remaining is 0h:18m
2024-09-23 01:51:57 INFO Epoch 108/120	Training Loss: 0.9219	Time remaining is 0h:17m
2024-09-23 01:53:14 INFO Epoch 109/120	Training Loss: 0.9242	Time remaining is 0h:16m
2024-09-23 01:54:30 INFO Epoch 110/120	Training Loss: 0.9216	Time remaining is 0h:14m
2024-09-23 01:55:33 INFO Epoch 110/120	Testing: dataset_name: Occluded_Duke top1: 59.321 top5: 73.529 top10: 78.507 mAP: 51.008
2024-09-23 01:56:50 INFO Epoch 111/120	Training Loss: 0.9204	Time remaining is 0h:13m
2024-09-23 01:58:06 INFO Epoch 112/120	Training Loss: 0.9178	Time remaining is 0h:12m
2024-09-23 01:59:22 INFO Epoch 113/120	Training Loss: 0.9212	Time remaining is 0h:11m
2024-09-23 02:00:39 INFO Epoch 114/120	Training Loss: 0.9252	Time remaining is 0h:9m
2024-09-23 02:01:56 INFO Epoch 115/120	Training Loss: 0.9202	Time remaining is 0h:8m
2024-09-23 02:02:59 INFO Epoch 115/120	Testing: dataset_name: Occluded_Duke top1: 60.543 top5: 74.389 top10: 79.683 mAP: 51.735
2024-09-23 02:04:16 INFO Epoch 116/120	Training Loss: 0.9245	Time remaining is 0h:7m
2024-09-23 02:05:33 INFO Epoch 117/120	Training Loss: 0.9205	Time remaining is 0h:5m
2024-09-23 02:06:50 INFO Epoch 118/120	Training Loss: 0.9250	Time remaining is 0h:4m
2024-09-23 02:08:07 INFO Epoch 119/120	Training Loss: 0.9284	Time remaining is 0h:3m
2024-09-23 02:09:23 INFO Epoch 120/120	Training Loss: 0.9203	Time remaining is 0h:1m
2024-09-23 02:10:27 INFO Epoch 120/120	Testing: dataset_name: Occluded_Duke top1: 60.814 top5: 74.208 top10: 79.095 mAP: 51.631
2024-09-23 02:10:27 INFO The running time of training: 2.67 h
