2024-04-10 00:11:23 INFO ##################################################
2024-04-10 00:11:23 INFO Config values: batch_size: 60	current_directory: /home/hy/project/reid_task/ex_main2	dataset_name: market1501	dataset_path: /home/hy/project/data/Market-1501-v15.09.15	device: cuda	dtype: torch.float32	epoch_start_test: 90	epochs: 120	img_height: 256	img_width: 128	logs_outputs_path: /home/hy/project/reid_task/ex_main2/./outputs/logs	models_outputs_path: /home/hy/project/reid_task/ex_main2/./outputs/models	np: <module 'numpy' from '/home/hy/anaconda3/envs/py396/lib/python3.9/site-packages/numpy/__init__.py'>	os: <module 'os' from '/home/hy/anaconda3/envs/py396/lib/python3.9/os.py'>	outputs_dir: ./outputs/	outputs_path: /home/hy/project/reid_task/ex_main2/./outputs/	print_every: 1	seed: 1	taskname: ReID_Task	temps_outputs_path: /home/hy/project/reid_task/ex_main2/./outputs/temps	test_batch_size: 256	test_every: 5	torch: <module 'torch' from '/home/hy/anaconda3/envs/py396/lib/python3.9/site-packages/torch/__init__.py'>
2024-04-10 00:11:23 INFO Task: ReID_Task
2024-04-10 00:11:23 INFO Using device: cuda
2024-04-10 00:11:23 INFO Using data type: torch.float32
2024-04-10 00:11:23 INFO Number of GPUs: 1
2024-04-10 00:11:23 INFO GPU is_available: True
2024-04-10 00:11:23 INFO GPU name: NVIDIA GeForce RTX 3060
2024-04-10 00:11:23 INFO CUDA version: 12.1
2024-04-10 00:11:23 INFO Current device id: 0
2024-04-10 00:11:23 INFO ##################################################
2024-04-10 00:12:41 INFO Epoch 1/120	Training Loss: 9.6288	Time remaining is 2h:34m
2024-04-10 00:13:57 INFO Epoch 2/120	Training Loss: 8.1496	Time remaining is 2h:32m
2024-04-10 00:15:12 INFO Epoch 3/120	Training Loss: 6.3023	Time remaining is 2h:30m
2024-04-10 00:16:29 INFO Epoch 4/120	Training Loss: 4.8419	Time remaining is 2h:29m
2024-04-10 00:17:45 INFO Epoch 5/120	Training Loss: 3.7773	Time remaining is 2h:27m
2024-04-10 00:19:01 INFO Epoch 6/120	Training Loss: 3.0813	Time remaining is 2h:26m
2024-04-10 00:20:16 INFO Epoch 7/120	Training Loss: 2.7267	Time remaining is 2h:25m
2024-04-10 00:21:32 INFO Epoch 8/120	Training Loss: 2.5311	Time remaining is 2h:23m
2024-04-10 00:22:48 INFO Epoch 9/120	Training Loss: 2.4304	Time remaining is 2h:22m
2024-04-10 00:24:04 INFO Epoch 10/120	Training Loss: 2.3476	Time remaining is 2h:21m
2024-04-10 00:25:20 INFO Epoch 11/120	Training Loss: 2.3102	Time remaining is 2h:19m
2024-04-10 00:26:36 INFO Epoch 12/120	Training Loss: 2.2700	Time remaining is 2h:18m
2024-04-10 00:27:52 INFO Epoch 13/120	Training Loss: 2.2119	Time remaining is 2h:17m
2024-04-10 00:29:08 INFO Epoch 14/120	Training Loss: 2.1977	Time remaining is 2h:16m
2024-04-10 00:30:24 INFO Epoch 15/120	Training Loss: 2.1685	Time remaining is 2h:14m
2024-04-10 00:31:40 INFO Epoch 16/120	Training Loss: 2.1491	Time remaining is 2h:13m
2024-04-10 00:32:56 INFO Epoch 17/120	Training Loss: 2.1316	Time remaining is 2h:12m
2024-04-10 00:34:12 INFO Epoch 18/120	Training Loss: 2.1186	Time remaining is 2h:10m
2024-04-10 00:35:28 INFO Epoch 19/120	Training Loss: 2.1274	Time remaining is 2h:9m
2024-04-10 00:36:44 INFO Epoch 20/120	Training Loss: 2.1264	Time remaining is 2h:8m
2024-04-10 00:38:00 INFO Epoch 21/120	Training Loss: 2.1169	Time remaining is 2h:7m
2024-04-10 00:39:16 INFO Epoch 22/120	Training Loss: 2.1151	Time remaining is 2h:5m
2024-04-10 00:40:31 INFO Epoch 23/120	Training Loss: 2.1029	Time remaining is 2h:4m
2024-04-10 00:41:47 INFO Epoch 24/120	Training Loss: 2.1153	Time remaining is 2h:3m
2024-04-10 00:43:03 INFO Epoch 25/120	Training Loss: 2.1211	Time remaining is 2h:2m
2024-04-10 00:44:20 INFO Epoch 26/120	Training Loss: 2.1230	Time remaining is 2h:0m
2024-04-10 00:45:36 INFO Epoch 27/120	Training Loss: 2.1071	Time remaining is 1h:59m
2024-04-10 00:46:52 INFO Epoch 28/120	Training Loss: 2.1114	Time remaining is 1h:58m
2024-04-10 00:48:07 INFO Epoch 29/120	Training Loss: 2.1061	Time remaining is 1h:57m
2024-04-10 00:49:23 INFO Epoch 30/120	Training Loss: 2.0954	Time remaining is 1h:55m
2024-04-10 00:50:39 INFO Epoch 31/120	Training Loss: 2.0955	Time remaining is 1h:54m
2024-04-10 00:51:55 INFO Epoch 32/120	Training Loss: 2.1022	Time remaining is 1h:53m
2024-04-10 00:53:11 INFO Epoch 33/120	Training Loss: 2.0991	Time remaining is 1h:51m
2024-04-10 00:54:27 INFO Epoch 34/120	Training Loss: 2.1024	Time remaining is 1h:50m
2024-04-10 00:55:43 INFO Epoch 35/120	Training Loss: 2.1037	Time remaining is 1h:49m
2024-04-10 00:56:59 INFO Epoch 36/120	Training Loss: 2.0932	Time remaining is 1h:48m
2024-04-10 00:58:15 INFO Epoch 37/120	Training Loss: 2.0938	Time remaining is 1h:46m
2024-04-10 00:59:31 INFO Epoch 38/120	Training Loss: 2.0942	Time remaining is 1h:45m
2024-04-10 01:00:47 INFO Epoch 39/120	Training Loss: 2.1017	Time remaining is 1h:44m
2024-04-10 01:02:03 INFO Epoch 40/120	Training Loss: 2.0920	Time remaining is 1h:43m
2024-04-10 01:03:19 INFO Epoch 41/120	Training Loss: 2.0330	Time remaining is 1h:41m
2024-04-10 01:04:35 INFO Epoch 42/120	Training Loss: 1.9625	Time remaining is 1h:40m
2024-04-10 01:05:51 INFO Epoch 43/120	Training Loss: 1.9593	Time remaining is 1h:39m
2024-04-10 01:07:07 INFO Epoch 44/120	Training Loss: 1.9494	Time remaining is 1h:38m
2024-04-10 01:08:23 INFO Epoch 45/120	Training Loss: 1.9415	Time remaining is 1h:36m
2024-04-10 01:09:39 INFO Epoch 46/120	Training Loss: 1.9414	Time remaining is 1h:35m
2024-04-10 01:10:55 INFO Epoch 47/120	Training Loss: 1.9253	Time remaining is 1h:34m
2024-04-10 01:12:11 INFO Epoch 48/120	Training Loss: 1.9349	Time remaining is 1h:32m
2024-04-10 01:13:26 INFO Epoch 49/120	Training Loss: 1.9204	Time remaining is 1h:31m
2024-04-10 01:14:42 INFO Epoch 50/120	Training Loss: 1.9295	Time remaining is 1h:30m
2024-04-10 01:15:58 INFO Epoch 51/120	Training Loss: 1.9154	Time remaining is 1h:29m
2024-04-10 01:17:14 INFO Epoch 52/120	Training Loss: 1.9228	Time remaining is 1h:27m
2024-04-10 01:18:30 INFO Epoch 53/120	Training Loss: 1.9221	Time remaining is 1h:26m
2024-04-10 01:19:46 INFO Epoch 54/120	Training Loss: 1.9191	Time remaining is 1h:25m
2024-04-10 01:21:03 INFO Epoch 55/120	Training Loss: 1.9193	Time remaining is 1h:24m
2024-04-10 01:22:19 INFO Epoch 56/120	Training Loss: 1.9178	Time remaining is 1h:22m
2024-04-10 01:23:34 INFO Epoch 57/120	Training Loss: 1.9068	Time remaining is 1h:21m
2024-04-10 01:24:51 INFO Epoch 58/120	Training Loss: 1.9155	Time remaining is 1h:20m
2024-04-10 01:26:07 INFO Epoch 59/120	Training Loss: 1.9174	Time remaining is 1h:19m
2024-04-10 01:27:23 INFO Epoch 60/120	Training Loss: 1.9124	Time remaining is 1h:17m
2024-04-10 01:28:39 INFO Epoch 61/120	Training Loss: 1.9137	Time remaining is 1h:16m
2024-04-10 01:29:55 INFO Epoch 62/120	Training Loss: 1.9115	Time remaining is 1h:15m
2024-04-10 01:31:11 INFO Epoch 63/120	Training Loss: 1.9105	Time remaining is 1h:13m
2024-04-10 01:32:27 INFO Epoch 64/120	Training Loss: 1.9111	Time remaining is 1h:12m
2024-04-10 01:33:43 INFO Epoch 65/120	Training Loss: 1.9068	Time remaining is 1h:11m
2024-04-10 01:34:59 INFO Epoch 66/120	Training Loss: 1.9073	Time remaining is 1h:10m
2024-04-10 01:36:15 INFO Epoch 67/120	Training Loss: 1.9154	Time remaining is 1h:8m
2024-04-10 01:37:32 INFO Epoch 68/120	Training Loss: 1.9053	Time remaining is 1h:7m
2024-04-10 01:38:47 INFO Epoch 69/120	Training Loss: 1.8975	Time remaining is 1h:6m
2024-04-10 01:40:03 INFO Epoch 70/120	Training Loss: 1.9039	Time remaining is 1h:5m
2024-04-10 01:41:19 INFO Epoch 71/120	Training Loss: 1.9025	Time remaining is 1h:3m
2024-04-10 01:42:35 INFO Epoch 72/120	Training Loss: 1.8977	Time remaining is 1h:2m
2024-04-10 01:43:51 INFO Epoch 73/120	Training Loss: 1.8949	Time remaining is 1h:1m
2024-04-10 01:45:07 INFO Epoch 74/120	Training Loss: 1.8848	Time remaining is 0h:60m
2024-04-10 01:46:23 INFO Epoch 75/120	Training Loss: 1.8848	Time remaining is 0h:58m
2024-04-10 01:47:39 INFO Epoch 76/120	Training Loss: 1.8815	Time remaining is 0h:57m
2024-04-10 01:48:55 INFO Epoch 77/120	Training Loss: 1.8925	Time remaining is 0h:56m
2024-04-10 01:50:11 INFO Epoch 78/120	Training Loss: 1.8839	Time remaining is 0h:54m
2024-04-10 01:51:27 INFO Epoch 79/120	Training Loss: 1.8912	Time remaining is 0h:53m
2024-04-10 01:52:43 INFO Epoch 80/120	Training Loss: 1.8923	Time remaining is 0h:52m
2024-04-10 01:53:59 INFO Epoch 81/120	Training Loss: 1.8909	Time remaining is 0h:51m
2024-04-10 01:55:15 INFO Epoch 82/120	Training Loss: 1.8910	Time remaining is 0h:49m
2024-04-10 01:56:31 INFO Epoch 83/120	Training Loss: 1.8907	Time remaining is 0h:48m
2024-04-10 01:57:47 INFO Epoch 84/120	Training Loss: 1.8890	Time remaining is 0h:47m
2024-04-10 01:59:03 INFO Epoch 85/120	Training Loss: 1.8918	Time remaining is 0h:46m
2024-04-10 02:00:20 INFO Epoch 86/120	Training Loss: 1.8910	Time remaining is 0h:44m
2024-04-10 02:01:36 INFO Epoch 87/120	Training Loss: 1.8899	Time remaining is 0h:43m
2024-04-10 02:02:51 INFO Epoch 88/120	Training Loss: 1.8791	Time remaining is 0h:42m
2024-04-10 02:04:07 INFO Epoch 89/120	Training Loss: 1.8890	Time remaining is 0h:41m
2024-04-10 02:05:23 INFO Epoch 90/120	Training Loss: 1.8895	Time remaining is 0h:39m
2024-04-10 02:06:50 INFO Testing: dataset_name: market1501 top1:0.9492 top5:0.9837 top10:0.9905 mAP:0.8706
2024-04-10 02:08:06 INFO Epoch 91/120	Training Loss: 1.8897	Time remaining is 0h:38m
2024-04-10 02:09:22 INFO Epoch 92/120	Training Loss: 1.8785	Time remaining is 0h:37m
2024-04-10 02:10:38 INFO Epoch 93/120	Training Loss: 1.8911	Time remaining is 0h:36m
2024-04-10 02:11:54 INFO Epoch 94/120	Training Loss: 1.8881	Time remaining is 0h:35m
2024-04-10 02:13:09 INFO Epoch 95/120	Training Loss: 1.8781	Time remaining is 0h:33m
2024-04-10 02:14:36 INFO Testing: dataset_name: market1501 top1:0.9492 top5:0.9840 top10:0.9902 mAP:0.8727
2024-04-10 02:15:52 INFO Epoch 96/120	Training Loss: 1.8891	Time remaining is 0h:32m
2024-04-10 02:17:08 INFO Epoch 97/120	Training Loss: 1.8769	Time remaining is 0h:31m
2024-04-10 02:18:24 INFO Epoch 98/120	Training Loss: 1.8902	Time remaining is 0h:30m
2024-04-10 02:19:40 INFO Epoch 99/120	Training Loss: 1.8878	Time remaining is 0h:29m
2024-04-10 02:20:56 INFO Epoch 100/120	Training Loss: 1.8862	Time remaining is 0h:27m
2024-04-10 02:22:22 INFO Testing: dataset_name: market1501 top1:0.9495 top5:0.9828 top10:0.9905 mAP:0.8727
2024-04-10 02:23:38 INFO Epoch 101/120	Training Loss: 1.8886	Time remaining is 0h:26m
2024-04-10 02:24:54 INFO Epoch 102/120	Training Loss: 1.8867	Time remaining is 0h:25m
2024-04-10 02:26:10 INFO Epoch 103/120	Training Loss: 1.8858	Time remaining is 0h:24m
2024-04-10 02:27:27 INFO Epoch 104/120	Training Loss: 1.8856	Time remaining is 0h:22m
2024-04-10 02:28:43 INFO Epoch 105/120	Training Loss: 1.8968	Time remaining is 0h:21m
2024-04-10 02:30:10 INFO Testing: dataset_name: market1501 top1:0.9498 top5:0.9846 top10:0.9905 mAP:0.8721
2024-04-10 02:31:26 INFO Epoch 106/120	Training Loss: 1.8878	Time remaining is 0h:20m
2024-04-10 02:32:42 INFO Epoch 107/120	Training Loss: 1.8763	Time remaining is 0h:18m
2024-04-10 02:33:58 INFO Epoch 108/120	Training Loss: 1.8868	Time remaining is 0h:17m
2024-04-10 02:35:14 INFO Epoch 109/120	Training Loss: 1.8854	Time remaining is 0h:16m
2024-04-10 02:36:30 INFO Epoch 110/120	Training Loss: 1.8847	Time remaining is 0h:15m
2024-04-10 02:37:56 INFO Testing: dataset_name: market1501 top1:0.9492 top5:0.9828 top10:0.9911 mAP:0.8733
2024-04-10 02:39:12 INFO Epoch 111/120	Training Loss: 1.8747	Time remaining is 0h:13m
2024-04-10 02:40:28 INFO Epoch 112/120	Training Loss: 1.8843	Time remaining is 0h:12m
2024-04-10 02:41:44 INFO Epoch 113/120	Training Loss: 1.8854	Time remaining is 0h:11m
2024-04-10 02:43:00 INFO Epoch 114/120	Training Loss: 1.8767	Time remaining is 0h:9m
2024-04-10 02:44:16 INFO Epoch 115/120	Training Loss: 1.8932	Time remaining is 0h:8m
2024-04-10 02:45:43 INFO Testing: dataset_name: market1501 top1:0.9469 top5:0.9828 top10:0.9911 mAP:0.8735
2024-04-10 02:46:59 INFO Epoch 116/120	Training Loss: 1.8846	Time remaining is 0h:7m
2024-04-10 02:48:15 INFO Epoch 117/120	Training Loss: 1.8859	Time remaining is 0h:5m
2024-04-10 02:49:31 INFO Epoch 118/120	Training Loss: 1.8844	Time remaining is 0h:4m
2024-04-10 02:50:47 INFO Epoch 119/120	Training Loss: 1.8940	Time remaining is 0h:3m
2024-04-10 02:52:03 INFO Epoch 120/120	Training Loss: 1.8731	Time remaining is 0h:1m
2024-04-10 02:53:29 INFO Testing: dataset_name: market1501 top1:0.9498 top5:0.9828 top10:0.9908 mAP:0.8756
2024-04-10 02:53:29 INFO The running time of training: 9.72694e+03 s
