2024-06-11 10:32:32 INFO ##################################################
2024-06-11 10:32:32 INFO Config values: batch_size: 60	current_directory: /home/hy/project/reid_task/ex_main1	dataset_name: market1501	dataset_path: /home/hy/project/data/Market-1501-v15.09.15	device: cuda	dtype: torch.float32	epoch_start_test: 90	epochs: 500	img_height: 384	img_width: 128	logs_outputs_path: /home/hy/project/reid_task/ex_main1/./outputs/logs	models_outputs_path: /home/hy/project/reid_task/ex_main1/./outputs/models	np: <module 'numpy' from '/home/hy/anaconda3/envs/py396/lib/python3.9/site-packages/numpy/__init__.py'>	os: <module 'os' from '/home/hy/anaconda3/envs/py396/lib/python3.9/os.py'>	outputs_dir: ./outputs/	outputs_path: /home/hy/project/reid_task/ex_main1/./outputs/	print_every: 1	seed: 1	taskname: ReID_Task	temps_outputs_path: /home/hy/project/reid_task/ex_main1/./outputs/temps	test_batch_size: 256	test_every: 5	torch: <module 'torch' from '/home/hy/anaconda3/envs/py396/lib/python3.9/site-packages/torch/__init__.py'>
2024-06-11 10:32:32 INFO Task: ReID_Task
2024-06-11 10:32:32 INFO Using device: cuda
2024-06-11 10:32:32 INFO Using data type: torch.float32
2024-06-11 10:32:32 INFO Number of GPUs: 1
2024-06-11 10:32:32 INFO GPU is_available: True
2024-06-11 10:32:32 INFO GPU name: NVIDIA GeForce RTX 3060
2024-06-11 10:32:32 INFO CUDA version: 12.1
2024-06-11 10:32:32 INFO Current device id: 0
2024-06-11 10:32:32 INFO ##################################################
2024-06-11 10:34:09 INFO Epoch 1/500	Training Loss: 10.0807	Time remaining is 13h:22m
2024-06-11 10:35:44 INFO Epoch 2/500	Training Loss: 7.8902	Time remaining is 13h:14m
2024-06-11 10:37:20 INFO Epoch 3/500	Training Loss: 6.2646	Time remaining is 13h:13m
2024-06-11 10:38:55 INFO Epoch 4/500	Training Loss: 4.7099	Time remaining is 13h:10m
2024-06-11 10:40:30 INFO Epoch 5/500	Training Loss: 3.5713	Time remaining is 13h:8m
2024-06-11 10:42:05 INFO Epoch 6/500	Training Loss: 2.8298	Time remaining is 13h:7m
2024-06-11 10:43:40 INFO Epoch 7/500	Training Loss: 2.3896	Time remaining is 13h:5m
2024-06-11 10:45:16 INFO Epoch 8/500	Training Loss: 2.1283	Time remaining is 13h:3m
2024-06-11 10:46:51 INFO Epoch 9/500	Training Loss: 2.0337	Time remaining is 13h:2m
2024-06-11 10:48:27 INFO Epoch 10/500	Training Loss: 1.9840	Time remaining is 13h:0m
2024-06-11 10:50:02 INFO Epoch 11/500	Training Loss: 1.8863	Time remaining is 12h:59m
2024-06-11 10:51:38 INFO Epoch 12/500	Training Loss: 1.7887	Time remaining is 12h:57m
2024-06-11 10:53:13 INFO Epoch 13/500	Training Loss: 1.6657	Time remaining is 12h:56m
2024-06-11 10:54:48 INFO Epoch 14/500	Training Loss: 1.5258	Time remaining is 12h:54m
2024-06-11 10:56:23 INFO Epoch 15/500	Training Loss: 1.5072	Time remaining is 12h:52m
2024-06-11 10:57:58 INFO Epoch 16/500	Training Loss: 1.4946	Time remaining is 12h:51m
2024-06-11 10:59:34 INFO Epoch 17/500	Training Loss: 1.4235	Time remaining is 12h:49m
2024-06-11 11:01:09 INFO Epoch 18/500	Training Loss: 1.4176	Time remaining is 12h:48m
2024-06-11 11:02:45 INFO Epoch 19/500	Training Loss: 1.3848	Time remaining is 12h:46m
2024-06-11 11:04:20 INFO Epoch 20/500	Training Loss: 1.3867	Time remaining is 12h:44m
2024-06-11 11:05:56 INFO Epoch 21/500	Training Loss: 1.3742	Time remaining is 12h:43m
2024-06-11 11:07:31 INFO Epoch 22/500	Training Loss: 1.3337	Time remaining is 12h:41m
2024-06-11 11:09:06 INFO Epoch 23/500	Training Loss: 1.3326	Time remaining is 12h:40m
2024-06-11 11:10:41 INFO Epoch 24/500	Training Loss: 1.3069	Time remaining is 12h:38m
2024-06-11 11:12:16 INFO Epoch 25/500	Training Loss: 1.3153	Time remaining is 12h:36m
2024-06-11 11:13:52 INFO Epoch 26/500	Training Loss: 1.3196	Time remaining is 12h:35m
2024-06-11 11:15:27 INFO Epoch 27/500	Training Loss: 1.2964	Time remaining is 12h:33m
2024-06-11 11:17:03 INFO Epoch 28/500	Training Loss: 1.3280	Time remaining is 12h:32m
2024-06-11 11:18:38 INFO Epoch 29/500	Training Loss: 1.3126	Time remaining is 12h:30m
2024-06-11 11:20:13 INFO Epoch 30/500	Training Loss: 1.2994	Time remaining is 12h:28m
2024-06-11 11:21:49 INFO Epoch 31/500	Training Loss: 1.3075	Time remaining is 12h:27m
2024-06-11 11:23:25 INFO Epoch 32/500	Training Loss: 1.2851	Time remaining is 12h:25m
2024-06-11 11:25:00 INFO Epoch 33/500	Training Loss: 1.2814	Time remaining is 12h:24m
2024-06-11 11:26:36 INFO Epoch 34/500	Training Loss: 1.2624	Time remaining is 12h:22m
2024-06-11 11:28:12 INFO Epoch 35/500	Training Loss: 1.2514	Time remaining is 12h:21m
2024-06-11 11:29:47 INFO Epoch 36/500	Training Loss: 1.2960	Time remaining is 12h:19m
2024-06-11 11:31:23 INFO Epoch 37/500	Training Loss: 1.2647	Time remaining is 12h:18m
2024-06-11 11:32:58 INFO Epoch 38/500	Training Loss: 1.2687	Time remaining is 12h:16m
2024-06-11 11:34:34 INFO Epoch 39/500	Training Loss: 1.2431	Time remaining is 12h:15m
2024-06-11 11:36:10 INFO Epoch 40/500	Training Loss: 1.2593	Time remaining is 12h:13m
2024-06-11 11:37:45 INFO Epoch 41/500	Training Loss: 1.1905	Time remaining is 12h:12m
2024-06-11 11:39:22 INFO Epoch 42/500	Training Loss: 1.1062	Time remaining is 12h:10m
2024-06-11 11:40:57 INFO Epoch 43/500	Training Loss: 1.0834	Time remaining is 12h:9m
2024-06-11 11:42:32 INFO Epoch 44/500	Training Loss: 1.0640	Time remaining is 12h:7m
2024-06-11 11:44:08 INFO Epoch 45/500	Training Loss: 1.0602	Time remaining is 12h:5m
2024-06-11 11:45:43 INFO Epoch 46/500	Training Loss: 1.0555	Time remaining is 12h:4m
2024-06-11 11:47:19 INFO Epoch 47/500	Training Loss: 1.0488	Time remaining is 12h:2m
2024-06-11 11:48:54 INFO Epoch 48/500	Training Loss: 1.0390	Time remaining is 12h:1m
2024-06-11 11:50:29 INFO Epoch 49/500	Training Loss: 1.0328	Time remaining is 11h:59m
2024-06-11 11:52:04 INFO Epoch 50/500	Training Loss: 1.0325	Time remaining is 11h:57m
2024-06-11 11:53:39 INFO Epoch 51/500	Training Loss: 1.0326	Time remaining is 11h:56m
2024-06-11 11:55:15 INFO Epoch 52/500	Training Loss: 1.0272	Time remaining is 11h:54m
2024-06-11 11:56:50 INFO Epoch 53/500	Training Loss: 1.0230	Time remaining is 11h:52m
2024-06-11 11:58:25 INFO Epoch 54/500	Training Loss: 1.0269	Time remaining is 11h:51m
2024-06-11 12:00:01 INFO Epoch 55/500	Training Loss: 1.0189	Time remaining is 11h:49m
2024-06-11 12:01:36 INFO Epoch 56/500	Training Loss: 1.0257	Time remaining is 11h:48m
2024-06-11 12:03:12 INFO Epoch 57/500	Training Loss: 1.0138	Time remaining is 11h:46m
2024-06-11 12:04:47 INFO Epoch 58/500	Training Loss: 1.0143	Time remaining is 11h:44m
2024-06-11 12:06:22 INFO Epoch 59/500	Training Loss: 1.0136	Time remaining is 11h:43m
2024-06-11 12:07:58 INFO Epoch 60/500	Training Loss: 1.0164	Time remaining is 11h:41m
2024-06-11 12:09:33 INFO Epoch 61/500	Training Loss: 1.0076	Time remaining is 11h:40m
2024-06-11 12:11:09 INFO Epoch 62/500	Training Loss: 1.0089	Time remaining is 11h:38m
2024-06-11 12:12:45 INFO Epoch 63/500	Training Loss: 1.0183	Time remaining is 11h:37m
2024-06-11 12:14:21 INFO Epoch 64/500	Training Loss: 1.0058	Time remaining is 11h:35m
2024-06-11 12:15:56 INFO Epoch 65/500	Training Loss: 0.9975	Time remaining is 11h:33m
2024-06-11 12:17:31 INFO Epoch 66/500	Training Loss: 1.0058	Time remaining is 11h:32m
2024-06-11 12:19:07 INFO Epoch 67/500	Training Loss: 1.0063	Time remaining is 11h:30m
2024-06-11 12:20:42 INFO Epoch 68/500	Training Loss: 1.0013	Time remaining is 11h:29m
2024-06-11 12:22:17 INFO Epoch 69/500	Training Loss: 1.0068	Time remaining is 11h:27m
2024-06-11 12:23:53 INFO Epoch 70/500	Training Loss: 1.0004	Time remaining is 11h:25m
2024-06-11 12:25:29 INFO Epoch 71/500	Training Loss: 0.9940	Time remaining is 11h:24m
2024-06-11 12:27:04 INFO Epoch 72/500	Training Loss: 0.9952	Time remaining is 11h:22m
2024-06-11 12:28:40 INFO Epoch 73/500	Training Loss: 0.9911	Time remaining is 11h:21m
2024-06-11 12:30:15 INFO Epoch 74/500	Training Loss: 0.9919	Time remaining is 11h:19m
2024-06-11 12:31:51 INFO Epoch 75/500	Training Loss: 0.9902	Time remaining is 11h:18m
2024-06-11 12:33:26 INFO Epoch 76/500	Training Loss: 0.9821	Time remaining is 11h:16m
2024-06-11 12:35:01 INFO Epoch 77/500	Training Loss: 0.9837	Time remaining is 11h:14m
2024-06-11 12:36:36 INFO Epoch 78/500	Training Loss: 0.9802	Time remaining is 11h:13m
2024-06-11 12:38:12 INFO Epoch 79/500	Training Loss: 0.9875	Time remaining is 11h:11m
2024-06-11 12:39:47 INFO Epoch 80/500	Training Loss: 0.9777	Time remaining is 11h:10m
2024-06-11 12:41:22 INFO Epoch 81/500	Training Loss: 0.9854	Time remaining is 11h:8m
2024-06-11 12:42:58 INFO Epoch 82/500	Training Loss: 0.9826	Time remaining is 11h:6m
2024-06-11 12:44:33 INFO Epoch 83/500	Training Loss: 0.9825	Time remaining is 11h:5m
2024-06-11 12:46:09 INFO Epoch 84/500	Training Loss: 0.9807	Time remaining is 11h:3m
2024-06-11 12:47:45 INFO Epoch 85/500	Training Loss: 0.9816	Time remaining is 11h:2m
2024-06-11 12:49:21 INFO Epoch 86/500	Training Loss: 0.9892	Time remaining is 11h:0m
2024-06-11 12:50:55 INFO Epoch 87/500	Training Loss: 0.9774	Time remaining is 10h:58m
2024-06-11 12:52:31 INFO Epoch 88/500	Training Loss: 0.9794	Time remaining is 10h:57m
2024-06-11 12:54:06 INFO Epoch 89/500	Training Loss: 0.9815	Time remaining is 10h:55m
2024-06-11 12:55:41 INFO Epoch 90/500	Training Loss: 0.9815	Time remaining is 10h:54m
2024-06-11 12:57:25 INFO Testing: dataset_name: market1501 top1:0.9409 top5:0.9825 top10:0.9884 mAP:0.8526
2024-06-11 12:59:01 INFO Epoch 91/500	Training Loss: 0.9776	Time remaining is 10h:60m
2024-06-11 13:00:36 INFO Epoch 92/500	Training Loss: 0.9823	Time remaining is 10h:58m
2024-06-11 13:02:11 INFO Epoch 93/500	Training Loss: 0.9795	Time remaining is 10h:56m
2024-06-11 13:03:46 INFO Epoch 94/500	Training Loss: 0.9779	Time remaining is 10h:55m
2024-06-11 13:05:21 INFO Epoch 95/500	Training Loss: 0.9818	Time remaining is 10h:53m
2024-06-11 13:07:05 INFO Testing: dataset_name: market1501 top1:0.9412 top5:0.9819 top10:0.9896 mAP:0.8534
2024-06-11 13:08:40 INFO Epoch 96/500	Training Loss: 0.9826	Time remaining is 10h:59m
2024-06-11 13:10:15 INFO Epoch 97/500	Training Loss: 0.9827	Time remaining is 10h:57m
2024-06-11 13:11:51 INFO Epoch 98/500	Training Loss: 0.9777	Time remaining is 10h:55m
2024-06-11 13:13:26 INFO Epoch 99/500	Training Loss: 0.9791	Time remaining is 10h:53m
2024-06-11 13:15:01 INFO Epoch 100/500	Training Loss: 0.9808	Time remaining is 10h:51m
2024-06-11 13:16:45 INFO Testing: dataset_name: market1501 top1:0.9424 top5:0.9816 top10:0.9893 mAP:0.8542
2024-06-11 13:18:20 INFO Epoch 101/500	Training Loss: 0.9776	Time remaining is 10h:57m
2024-06-11 13:19:56 INFO Epoch 102/500	Training Loss: 0.9797	Time remaining is 10h:55m
2024-06-11 13:21:31 INFO Epoch 103/500	Training Loss: 0.9790	Time remaining is 10h:53m
2024-06-11 13:23:06 INFO Epoch 104/500	Training Loss: 0.9784	Time remaining is 10h:51m
2024-06-11 13:24:41 INFO Epoch 105/500	Training Loss: 0.9770	Time remaining is 10h:49m
2024-06-11 13:26:25 INFO Testing: dataset_name: market1501 top1:0.9442 top5:0.9828 top10:0.9896 mAP:0.8562
2024-06-11 13:28:01 INFO Epoch 106/500	Training Loss: 0.9770	Time remaining is 10h:54m
2024-06-11 13:29:35 INFO Epoch 107/500	Training Loss: 0.9708	Time remaining is 10h:52m
2024-06-11 13:31:10 INFO Epoch 108/500	Training Loss: 0.9754	Time remaining is 10h:50m
2024-06-11 13:32:45 INFO Epoch 109/500	Training Loss: 0.9765	Time remaining is 10h:48m
2024-06-11 13:34:20 INFO Epoch 110/500	Training Loss: 0.9761	Time remaining is 10h:46m
2024-06-11 13:36:04 INFO Testing: dataset_name: market1501 top1:0.9430 top5:0.9819 top10:0.9905 mAP:0.8575
2024-06-11 13:37:39 INFO Epoch 111/500	Training Loss: 0.9767	Time remaining is 10h:50m
2024-06-11 13:39:14 INFO Epoch 112/500	Training Loss: 0.9761	Time remaining is 10h:48m
2024-06-11 13:40:50 INFO Epoch 113/500	Training Loss: 0.9758	Time remaining is 10h:46m
2024-06-11 13:42:25 INFO Epoch 114/500	Training Loss: 0.9779	Time remaining is 10h:45m
2024-06-11 13:44:00 INFO Epoch 115/500	Training Loss: 0.9770	Time remaining is 10h:43m
2024-06-11 13:45:44 INFO Testing: dataset_name: market1501 top1:0.9421 top5:0.9825 top10:0.9908 mAP:0.8570
2024-06-11 13:47:19 INFO Epoch 116/500	Training Loss: 0.9694	Time remaining is 10h:46m
2024-06-11 13:48:54 INFO Epoch 117/500	Training Loss: 0.9799	Time remaining is 10h:44m
2024-06-11 13:50:30 INFO Epoch 118/500	Training Loss: 0.9756	Time remaining is 10h:42m
2024-06-11 13:52:05 INFO Epoch 119/500	Training Loss: 0.9769	Time remaining is 10h:41m
2024-06-11 13:53:41 INFO Epoch 120/500	Training Loss: 0.9757	Time remaining is 10h:39m
2024-06-11 13:55:25 INFO Testing: dataset_name: market1501 top1:0.9454 top5:0.9819 top10:0.9902 mAP:0.8580
2024-06-11 13:57:00 INFO Epoch 121/500	Training Loss: 0.9730	Time remaining is 10h:42m
2024-06-11 13:58:35 INFO Epoch 122/500	Training Loss: 0.9737	Time remaining is 10h:40m
2024-06-11 14:00:10 INFO Epoch 123/500	Training Loss: 0.9795	Time remaining is 10h:38m
2024-06-11 14:01:46 INFO Epoch 124/500	Training Loss: 0.9778	Time remaining is 10h:36m
2024-06-11 14:03:21 INFO Epoch 125/500	Training Loss: 0.9775	Time remaining is 10h:34m
2024-06-11 14:05:05 INFO Testing: dataset_name: market1501 top1:0.9433 top5:0.9822 top10:0.9893 mAP:0.8579
2024-06-11 14:06:40 INFO Epoch 126/500	Training Loss: 0.9721	Time remaining is 10h:37m
2024-06-11 14:08:15 INFO Epoch 127/500	Training Loss: 0.9744	Time remaining is 10h:35m
2024-06-11 14:09:50 INFO Epoch 128/500	Training Loss: 0.9712	Time remaining is 10h:33m
2024-06-11 14:11:26 INFO Epoch 129/500	Training Loss: 0.9732	Time remaining is 10h:31m
2024-06-11 14:13:01 INFO Epoch 130/500	Training Loss: 0.9736	Time remaining is 10h:29m
2024-06-11 14:14:45 INFO Testing: dataset_name: market1501 top1:0.9430 top5:0.9831 top10:0.9899 mAP:0.8595
2024-06-11 14:16:20 INFO Epoch 131/500	Training Loss: 0.9716	Time remaining is 10h:32m
2024-06-11 14:17:55 INFO Epoch 132/500	Training Loss: 0.9740	Time remaining is 10h:30m
2024-06-11 14:19:30 INFO Epoch 133/500	Training Loss: 0.9761	Time remaining is 10h:28m
2024-06-11 14:21:06 INFO Epoch 134/500	Training Loss: 0.9702	Time remaining is 10h:26m
2024-06-11 14:22:41 INFO Epoch 135/500	Training Loss: 0.9740	Time remaining is 10h:24m
2024-06-11 14:24:25 INFO Testing: dataset_name: market1501 top1:0.9442 top5:0.9831 top10:0.9899 mAP:0.8607
2024-06-11 14:25:59 INFO Epoch 136/500	Training Loss: 0.9693	Time remaining is 10h:26m
2024-06-11 14:27:34 INFO Epoch 137/500	Training Loss: 0.9711	Time remaining is 10h:24m
2024-06-11 14:29:09 INFO Epoch 138/500	Training Loss: 0.9718	Time remaining is 10h:22m
2024-06-11 14:30:45 INFO Epoch 139/500	Training Loss: 0.9712	Time remaining is 10h:20m
2024-06-11 14:32:20 INFO Epoch 140/500	Training Loss: 0.9726	Time remaining is 10h:18m
2024-06-11 14:34:03 INFO Testing: dataset_name: market1501 top1:0.9445 top5:0.9825 top10:0.9899 mAP:0.8613
2024-06-11 14:35:39 INFO Epoch 141/500	Training Loss: 0.9758	Time remaining is 10h:21m
2024-06-11 14:37:14 INFO Epoch 142/500	Training Loss: 0.9684	Time remaining is 10h:19m
2024-06-11 14:38:49 INFO Epoch 143/500	Training Loss: 0.9687	Time remaining is 10h:17m
2024-06-11 14:40:24 INFO Epoch 144/500	Training Loss: 0.9700	Time remaining is 10h:14m
2024-06-11 14:42:00 INFO Epoch 145/500	Training Loss: 0.9707	Time remaining is 10h:12m
2024-06-11 14:43:43 INFO Testing: dataset_name: market1501 top1:0.9448 top5:0.9822 top10:0.9896 mAP:0.8612
2024-06-11 14:45:18 INFO Epoch 146/500	Training Loss: 0.9715	Time remaining is 10h:15m
2024-06-11 14:46:53 INFO Epoch 147/500	Training Loss: 0.9711	Time remaining is 10h:12m
2024-06-11 14:48:28 INFO Epoch 148/500	Training Loss: 0.9708	Time remaining is 10h:10m
2024-06-11 14:50:03 INFO Epoch 149/500	Training Loss: 0.9686	Time remaining is 10h:8m
2024-06-11 14:51:38 INFO Epoch 150/500	Training Loss: 0.9689	Time remaining is 10h:6m
2024-06-11 14:53:21 INFO Testing: dataset_name: market1501 top1:0.9445 top5:0.9828 top10:0.9899 mAP:0.8609
2024-06-11 14:54:57 INFO Epoch 151/500	Training Loss: 0.9704	Time remaining is 10h:8m
2024-06-11 14:56:32 INFO Epoch 152/500	Training Loss: 0.9710	Time remaining is 10h:6m
2024-06-11 14:58:07 INFO Epoch 153/500	Training Loss: 0.9697	Time remaining is 10h:4m
2024-06-11 14:59:42 INFO Epoch 154/500	Training Loss: 0.9662	Time remaining is 10h:2m
2024-06-11 15:01:18 INFO Epoch 155/500	Training Loss: 0.9706	Time remaining is 9h:60m
2024-06-11 15:03:02 INFO Testing: dataset_name: market1501 top1:0.9469 top5:0.9828 top10:0.9902 mAP:0.8627
2024-06-11 15:04:36 INFO Epoch 156/500	Training Loss: 0.9631	Time remaining is 10h:2m
2024-06-11 15:06:11 INFO Epoch 157/500	Training Loss: 0.9679	Time remaining is 9h:60m
2024-06-11 15:07:46 INFO Epoch 158/500	Training Loss: 0.9686	Time remaining is 9h:57m
2024-06-11 15:09:21 INFO Epoch 159/500	Training Loss: 0.9662	Time remaining is 9h:55m
2024-06-11 15:10:56 INFO Epoch 160/500	Training Loss: 0.9676	Time remaining is 9h:53m
2024-06-11 15:12:40 INFO Testing: dataset_name: market1501 top1:0.9454 top5:0.9822 top10:0.9905 mAP:0.8638
2024-06-11 15:14:14 INFO Epoch 161/500	Training Loss: 0.9576	Time remaining is 9h:55m
2024-06-11 15:15:49 INFO Epoch 162/500	Training Loss: 0.9708	Time remaining is 9h:53m
2024-06-11 15:17:24 INFO Epoch 163/500	Training Loss: 0.9669	Time remaining is 9h:51m
2024-06-11 15:18:59 INFO Epoch 164/500	Training Loss: 0.9639	Time remaining is 9h:49m
2024-06-11 15:20:34 INFO Epoch 165/500	Training Loss: 0.9667	Time remaining is 9h:46m
2024-06-11 15:22:17 INFO Testing: dataset_name: market1501 top1:0.9451 top5:0.9819 top10:0.9893 mAP:0.8638
2024-06-11 15:23:52 INFO Epoch 166/500	Training Loss: 0.9691	Time remaining is 9h:48m
2024-06-11 15:25:29 INFO Epoch 167/500	Training Loss: 0.9699	Time remaining is 9h:46m
2024-06-11 15:27:04 INFO Epoch 168/500	Training Loss: 0.9673	Time remaining is 9h:44m
2024-06-11 15:28:39 INFO Epoch 169/500	Training Loss: 0.9662	Time remaining is 9h:42m
2024-06-11 15:30:15 INFO Epoch 170/500	Training Loss: 0.9668	Time remaining is 9h:40m
2024-06-11 15:31:59 INFO Testing: dataset_name: market1501 top1:0.9480 top5:0.9828 top10:0.9902 mAP:0.8649
2024-06-11 15:33:34 INFO Epoch 171/500	Training Loss: 0.9612	Time remaining is 9h:41m
2024-06-11 15:35:09 INFO Epoch 172/500	Training Loss: 0.9679	Time remaining is 9h:39m
2024-06-11 15:36:43 INFO Epoch 173/500	Training Loss: 0.9633	Time remaining is 9h:37m
2024-06-11 15:38:18 INFO Epoch 174/500	Training Loss: 0.9626	Time remaining is 9h:35m
2024-06-11 15:39:53 INFO Epoch 175/500	Training Loss: 0.9645	Time remaining is 9h:33m
2024-06-11 15:41:37 INFO Testing: dataset_name: market1501 top1:0.9474 top5:0.9828 top10:0.9896 mAP:0.8648
2024-06-11 15:43:12 INFO Epoch 176/500	Training Loss: 0.9625	Time remaining is 9h:34m
2024-06-11 15:44:47 INFO Epoch 177/500	Training Loss: 0.9679	Time remaining is 9h:32m
2024-06-11 15:46:22 INFO Epoch 178/500	Training Loss: 0.9672	Time remaining is 9h:29m
2024-06-11 15:47:57 INFO Epoch 179/500	Training Loss: 0.9667	Time remaining is 9h:27m
2024-06-11 15:49:32 INFO Epoch 180/500	Training Loss: 0.9617	Time remaining is 9h:25m
2024-06-11 15:51:15 INFO Testing: dataset_name: market1501 top1:0.9451 top5:0.9822 top10:0.9902 mAP:0.8666
2024-06-11 15:52:50 INFO Epoch 181/500	Training Loss: 0.9604	Time remaining is 9h:26m
2024-06-11 15:54:25 INFO Epoch 182/500	Training Loss: 0.9664	Time remaining is 9h:24m
2024-06-11 15:56:00 INFO Epoch 183/500	Training Loss: 0.9604	Time remaining is 9h:22m
2024-06-11 15:57:35 INFO Epoch 184/500	Training Loss: 0.9593	Time remaining is 9h:20m
2024-06-11 15:59:10 INFO Epoch 185/500	Training Loss: 0.9652	Time remaining is 9h:18m
2024-06-11 16:00:54 INFO Testing: dataset_name: market1501 top1:0.9469 top5:0.9831 top10:0.9899 mAP:0.8664
2024-06-11 16:02:28 INFO Epoch 186/500	Training Loss: 0.9596	Time remaining is 9h:19m
2024-06-11 16:04:03 INFO Epoch 187/500	Training Loss: 0.9598	Time remaining is 9h:17m
2024-06-11 16:05:37 INFO Epoch 188/500	Training Loss: 0.9605	Time remaining is 9h:15m
2024-06-11 16:07:12 INFO Epoch 189/500	Training Loss: 0.9600	Time remaining is 9h:12m
2024-06-11 16:08:47 INFO Epoch 190/500	Training Loss: 0.9655	Time remaining is 9h:10m
2024-06-11 16:10:31 INFO Testing: dataset_name: market1501 top1:0.9451 top5:0.9828 top10:0.9899 mAP:0.8657
2024-06-11 16:12:05 INFO Epoch 191/500	Training Loss: 0.9617	Time remaining is 9h:11m
2024-06-11 16:13:40 INFO Epoch 192/500	Training Loss: 0.9590	Time remaining is 9h:9m
2024-06-11 16:15:15 INFO Epoch 193/500	Training Loss: 0.9643	Time remaining is 9h:7m
2024-06-11 16:16:50 INFO Epoch 194/500	Training Loss: 0.9643	Time remaining is 9h:5m
2024-06-11 16:18:25 INFO Epoch 195/500	Training Loss: 0.9636	Time remaining is 9h:3m
2024-06-11 16:20:08 INFO Testing: dataset_name: market1501 top1:0.9466 top5:0.9822 top10:0.9890 mAP:0.8661
2024-06-11 16:21:43 INFO Epoch 196/500	Training Loss: 0.9616	Time remaining is 9h:3m
2024-06-11 16:23:18 INFO Epoch 197/500	Training Loss: 0.9638	Time remaining is 9h:1m
2024-06-11 16:24:54 INFO Epoch 198/500	Training Loss: 0.9675	Time remaining is 8h:59m
2024-06-11 16:26:29 INFO Epoch 199/500	Training Loss: 0.9623	Time remaining is 8h:57m
2024-06-11 16:28:04 INFO Epoch 200/500	Training Loss: 0.9634	Time remaining is 8h:55m
2024-06-11 16:29:47 INFO Testing: dataset_name: market1501 top1:0.9460 top5:0.9828 top10:0.9896 mAP:0.8668
2024-06-11 16:31:23 INFO Epoch 201/500	Training Loss: 0.9639	Time remaining is 8h:56m
2024-06-11 16:32:58 INFO Epoch 202/500	Training Loss: 0.9650	Time remaining is 8h:53m
2024-06-11 16:34:32 INFO Epoch 203/500	Training Loss: 0.9580	Time remaining is 8h:51m
2024-06-11 16:36:07 INFO Epoch 204/500	Training Loss: 0.9578	Time remaining is 8h:49m
2024-06-11 16:37:42 INFO Epoch 205/500	Training Loss: 0.9622	Time remaining is 8h:47m
2024-06-11 16:39:26 INFO Testing: dataset_name: market1501 top1:0.9466 top5:0.9825 top10:0.9899 mAP:0.8682
2024-06-11 16:41:01 INFO Epoch 206/500	Training Loss: 0.9618	Time remaining is 8h:48m
2024-06-11 16:42:36 INFO Epoch 207/500	Training Loss: 0.9613	Time remaining is 8h:46m
2024-06-11 16:44:11 INFO Epoch 208/500	Training Loss: 0.9622	Time remaining is 8h:44m
2024-06-11 16:45:47 INFO Epoch 209/500	Training Loss: 0.9614	Time remaining is 8h:41m
2024-06-11 16:47:22 INFO Epoch 210/500	Training Loss: 0.9611	Time remaining is 8h:39m
2024-06-11 16:49:06 INFO Testing: dataset_name: market1501 top1:0.9469 top5:0.9831 top10:0.9896 mAP:0.8687
2024-06-11 16:50:41 INFO Epoch 211/500	Training Loss: 0.9623	Time remaining is 8h:40m
2024-06-11 16:52:16 INFO Epoch 212/500	Training Loss: 0.9609	Time remaining is 8h:38m
2024-06-11 16:53:51 INFO Epoch 213/500	Training Loss: 0.9610	Time remaining is 8h:36m
2024-06-11 16:55:26 INFO Epoch 214/500	Training Loss: 0.9618	Time remaining is 8h:33m
2024-06-11 16:57:01 INFO Epoch 215/500	Training Loss: 0.9614	Time remaining is 8h:31m
2024-06-11 16:58:45 INFO Testing: dataset_name: market1501 top1:0.9471 top5:0.9819 top10:0.9899 mAP:0.8686
2024-06-11 17:00:19 INFO Epoch 216/500	Training Loss: 0.9542	Time remaining is 8h:32m
2024-06-11 17:01:54 INFO Epoch 217/500	Training Loss: 0.9570	Time remaining is 8h:30m
2024-06-11 17:03:29 INFO Epoch 218/500	Training Loss: 0.9562	Time remaining is 8h:27m
2024-06-11 17:05:04 INFO Epoch 219/500	Training Loss: 0.9631	Time remaining is 8h:25m
2024-06-11 17:06:39 INFO Epoch 220/500	Training Loss: 0.9546	Time remaining is 8h:23m
2024-06-11 17:08:22 INFO Testing: dataset_name: market1501 top1:0.9477 top5:0.9819 top10:0.9899 mAP:0.8694
2024-06-11 17:09:57 INFO Epoch 221/500	Training Loss: 0.9544	Time remaining is 8h:23m
2024-06-11 17:11:32 INFO Epoch 222/500	Training Loss: 0.9613	Time remaining is 8h:21m
2024-06-11 17:13:07 INFO Epoch 223/500	Training Loss: 0.9628	Time remaining is 8h:19m
2024-06-11 17:14:42 INFO Epoch 224/500	Training Loss: 0.9615	Time remaining is 8h:17m
2024-06-11 17:16:17 INFO Epoch 225/500	Training Loss: 0.9618	Time remaining is 8h:15m
2024-06-11 17:18:01 INFO Testing: dataset_name: market1501 top1:0.9477 top5:0.9828 top10:0.9902 mAP:0.8691
2024-06-11 17:19:36 INFO Epoch 226/500	Training Loss: 0.9597	Time remaining is 8h:15m
2024-06-11 17:21:11 INFO Epoch 227/500	Training Loss: 0.9551	Time remaining is 8h:13m
2024-06-11 17:22:45 INFO Epoch 228/500	Training Loss: 0.9539	Time remaining is 8h:11m
2024-06-11 17:24:19 INFO Epoch 229/500	Training Loss: 0.9538	Time remaining is 8h:9m
2024-06-11 17:25:54 INFO Epoch 230/500	Training Loss: 0.9531	Time remaining is 8h:7m
2024-06-11 17:27:37 INFO Testing: dataset_name: market1501 top1:0.9463 top5:0.9822 top10:0.9902 mAP:0.8691
2024-06-11 17:29:13 INFO Epoch 231/500	Training Loss: 0.9619	Time remaining is 8h:7m
2024-06-11 17:30:48 INFO Epoch 232/500	Training Loss: 0.9610	Time remaining is 8h:5m
2024-06-11 17:32:23 INFO Epoch 233/500	Training Loss: 0.9552	Time remaining is 8h:3m
2024-06-11 17:33:58 INFO Epoch 234/500	Training Loss: 0.9559	Time remaining is 8h:1m
2024-06-11 17:35:32 INFO Epoch 235/500	Training Loss: 0.9532	Time remaining is 7h:59m
2024-06-11 17:37:16 INFO Testing: dataset_name: market1501 top1:0.9471 top5:0.9825 top10:0.9893 mAP:0.8689
2024-06-11 17:38:51 INFO Epoch 236/500	Training Loss: 0.9557	Time remaining is 7h:59m
2024-06-11 17:40:26 INFO Epoch 237/500	Training Loss: 0.9580	Time remaining is 7h:57m
2024-06-11 17:42:01 INFO Epoch 238/500	Training Loss: 0.9591	Time remaining is 7h:55m
2024-06-11 17:43:36 INFO Epoch 239/500	Training Loss: 0.9584	Time remaining is 7h:53m
2024-06-11 17:45:11 INFO Epoch 240/500	Training Loss: 0.9598	Time remaining is 7h:50m
2024-06-11 17:46:54 INFO Testing: dataset_name: market1501 top1:0.9483 top5:0.9834 top10:0.9905 mAP:0.8715
2024-06-11 17:48:29 INFO Epoch 241/500	Training Loss: 0.9589	Time remaining is 7h:50m
2024-06-11 17:50:05 INFO Epoch 242/500	Training Loss: 0.9600	Time remaining is 7h:48m
2024-06-11 17:51:39 INFO Epoch 243/500	Training Loss: 0.9556	Time remaining is 7h:46m
2024-06-11 17:53:14 INFO Epoch 244/500	Training Loss: 0.9593	Time remaining is 7h:44m
2024-06-11 17:54:49 INFO Epoch 245/500	Training Loss: 0.9579	Time remaining is 7h:42m
2024-06-11 17:56:33 INFO Testing: dataset_name: market1501 top1:0.9466 top5:0.9825 top10:0.9893 mAP:0.8699
2024-06-11 17:58:08 INFO Epoch 246/500	Training Loss: 0.9577	Time remaining is 7h:42m
2024-06-11 17:59:43 INFO Epoch 247/500	Training Loss: 0.9584	Time remaining is 7h:40m
2024-06-11 18:01:18 INFO Epoch 248/500	Training Loss: 0.9559	Time remaining is 7h:38m
2024-06-11 18:02:53 INFO Epoch 249/500	Training Loss: 0.9586	Time remaining is 7h:36m
2024-06-11 18:04:30 INFO Epoch 250/500	Training Loss: 0.9629	Time remaining is 7h:34m
2024-06-11 18:06:13 INFO Testing: dataset_name: market1501 top1:0.9480 top5:0.9831 top10:0.9899 mAP:0.8696
2024-06-11 18:07:48 INFO Epoch 251/500	Training Loss: 0.9535	Time remaining is 7h:33m
2024-06-11 18:09:23 INFO Epoch 252/500	Training Loss: 0.9563	Time remaining is 7h:31m
2024-06-11 18:10:57 INFO Epoch 253/500	Training Loss: 0.9524	Time remaining is 7h:29m
2024-06-11 18:12:32 INFO Epoch 254/500	Training Loss: 0.9523	Time remaining is 7h:27m
2024-06-11 18:14:07 INFO Epoch 255/500	Training Loss: 0.9554	Time remaining is 7h:25m
2024-06-11 18:15:50 INFO Testing: dataset_name: market1501 top1:0.9504 top5:0.9819 top10:0.9905 mAP:0.8718
2024-06-11 18:17:25 INFO Epoch 256/500	Training Loss: 0.9564	Time remaining is 7h:25m
2024-06-11 18:19:00 INFO Epoch 257/500	Training Loss: 0.9537	Time remaining is 7h:23m
2024-06-11 18:20:35 INFO Epoch 258/500	Training Loss: 0.9624	Time remaining is 7h:21m
2024-06-11 18:22:09 INFO Epoch 259/500	Training Loss: 0.9513	Time remaining is 7h:19m
2024-06-11 18:23:44 INFO Epoch 260/500	Training Loss: 0.9549	Time remaining is 7h:17m
2024-06-11 18:25:28 INFO Testing: dataset_name: market1501 top1:0.9471 top5:0.9825 top10:0.9893 mAP:0.8703
2024-06-11 18:27:03 INFO Epoch 261/500	Training Loss: 0.9519	Time remaining is 7h:16m
2024-06-11 18:28:38 INFO Epoch 262/500	Training Loss: 0.9545	Time remaining is 7h:14m
2024-06-11 18:30:13 INFO Epoch 263/500	Training Loss: 0.9568	Time remaining is 7h:12m
2024-06-11 18:31:48 INFO Epoch 264/500	Training Loss: 0.9571	Time remaining is 7h:10m
2024-06-11 18:33:23 INFO Epoch 265/500	Training Loss: 0.9518	Time remaining is 7h:8m
2024-06-11 18:35:07 INFO Testing: dataset_name: market1501 top1:0.9477 top5:0.9816 top10:0.9887 mAP:0.8721
2024-06-11 18:36:41 INFO Epoch 266/500	Training Loss: 0.9509	Time remaining is 7h:8m
2024-06-11 18:38:16 INFO Epoch 267/500	Training Loss: 0.9560	Time remaining is 7h:6m
2024-06-11 18:39:51 INFO Epoch 268/500	Training Loss: 0.9561	Time remaining is 7h:4m
2024-06-11 18:41:26 INFO Epoch 269/500	Training Loss: 0.9561	Time remaining is 7h:2m
2024-06-11 18:43:01 INFO Epoch 270/500	Training Loss: 0.9517	Time remaining is 6h:60m
2024-06-11 18:44:44 INFO Testing: dataset_name: market1501 top1:0.9474 top5:0.9819 top10:0.9899 mAP:0.8722
2024-06-11 18:46:19 INFO Epoch 271/500	Training Loss: 0.9558	Time remaining is 6h:59m
2024-06-11 18:47:54 INFO Epoch 272/500	Training Loss: 0.9566	Time remaining is 6h:57m
2024-06-11 18:49:28 INFO Epoch 273/500	Training Loss: 0.9495	Time remaining is 6h:55m
2024-06-11 18:51:03 INFO Epoch 274/500	Training Loss: 0.9545	Time remaining is 6h:53m
2024-06-11 18:52:38 INFO Epoch 275/500	Training Loss: 0.9507	Time remaining is 6h:51m
2024-06-11 18:54:21 INFO Testing: dataset_name: market1501 top1:0.9477 top5:0.9822 top10:0.9890 mAP:0.8718
2024-06-11 18:55:57 INFO Epoch 276/500	Training Loss: 0.9542	Time remaining is 6h:50m
2024-06-11 18:57:31 INFO Epoch 277/500	Training Loss: 0.9506	Time remaining is 6h:48m
2024-06-11 18:59:06 INFO Epoch 278/500	Training Loss: 0.9500	Time remaining is 6h:46m
2024-06-11 19:00:41 INFO Epoch 279/500	Training Loss: 0.9555	Time remaining is 6h:44m
2024-06-11 19:02:16 INFO Epoch 280/500	Training Loss: 0.9554	Time remaining is 6h:42m
2024-06-11 19:03:59 INFO Testing: dataset_name: market1501 top1:0.9471 top5:0.9828 top10:0.9887 mAP:0.8725
2024-06-11 19:05:34 INFO Epoch 281/500	Training Loss: 0.9484	Time remaining is 6h:42m
2024-06-11 19:07:09 INFO Epoch 282/500	Training Loss: 0.9510	Time remaining is 6h:40m
2024-06-11 19:08:44 INFO Epoch 283/500	Training Loss: 0.9527	Time remaining is 6h:38m
2024-06-11 19:10:19 INFO Epoch 284/500	Training Loss: 0.9550	Time remaining is 6h:36m
2024-06-11 19:11:54 INFO Epoch 285/500	Training Loss: 0.9538	Time remaining is 6h:34m
2024-06-11 19:13:37 INFO Testing: dataset_name: market1501 top1:0.9469 top5:0.9828 top10:0.9893 mAP:0.8706
2024-06-11 19:15:12 INFO Epoch 286/500	Training Loss: 0.9533	Time remaining is 6h:33m
2024-06-11 19:16:47 INFO Epoch 287/500	Training Loss: 0.9539	Time remaining is 6h:31m
2024-06-11 19:18:23 INFO Epoch 288/500	Training Loss: 0.9535	Time remaining is 6h:29m
2024-06-11 19:19:57 INFO Epoch 289/500	Training Loss: 0.9496	Time remaining is 6h:27m
2024-06-11 19:21:32 INFO Epoch 290/500	Training Loss: 0.9519	Time remaining is 6h:25m
2024-06-11 19:23:16 INFO Testing: dataset_name: market1501 top1:0.9483 top5:0.9807 top10:0.9896 mAP:0.8723
2024-06-11 19:24:51 INFO Epoch 291/500	Training Loss: 0.9476	Time remaining is 6h:24m
2024-06-11 19:26:26 INFO Epoch 292/500	Training Loss: 0.9535	Time remaining is 6h:22m
2024-06-11 19:28:00 INFO Epoch 293/500	Training Loss: 0.9490	Time remaining is 6h:20m
2024-06-11 19:29:35 INFO Epoch 294/500	Training Loss: 0.9540	Time remaining is 6h:18m
2024-06-11 19:31:11 INFO Epoch 295/500	Training Loss: 0.9530	Time remaining is 6h:16m
2024-06-11 19:32:54 INFO Testing: dataset_name: market1501 top1:0.9483 top5:0.9825 top10:0.9896 mAP:0.8730
2024-06-11 19:34:29 INFO Epoch 296/500	Training Loss: 0.9537	Time remaining is 6h:15m
2024-06-11 19:36:04 INFO Epoch 297/500	Training Loss: 0.9526	Time remaining is 6h:13m
2024-06-11 19:37:40 INFO Epoch 298/500	Training Loss: 0.9535	Time remaining is 6h:11m
2024-06-11 19:39:14 INFO Epoch 299/500	Training Loss: 0.9482	Time remaining is 6h:9m
2024-06-11 19:40:49 INFO Epoch 300/500	Training Loss: 0.9496	Time remaining is 6h:7m
2024-06-11 19:42:32 INFO Testing: dataset_name: market1501 top1:0.9483 top5:0.9822 top10:0.9887 mAP:0.8735
2024-06-11 19:44:07 INFO Epoch 301/500	Training Loss: 0.9522	Time remaining is 6h:6m
2024-06-11 19:45:42 INFO Epoch 302/500	Training Loss: 0.9518	Time remaining is 6h:4m
2024-06-11 19:47:17 INFO Epoch 303/500	Training Loss: 0.9520	Time remaining is 6h:3m
2024-06-11 19:48:52 INFO Epoch 304/500	Training Loss: 0.9526	Time remaining is 6h:1m
2024-06-11 19:50:28 INFO Epoch 305/500	Training Loss: 0.9526	Time remaining is 5h:59m
2024-06-11 19:52:11 INFO Testing: dataset_name: market1501 top1:0.9492 top5:0.9819 top10:0.9899 mAP:0.8743
2024-06-11 19:53:46 INFO Epoch 306/500	Training Loss: 0.9521	Time remaining is 5h:58m
2024-06-11 19:55:21 INFO Epoch 307/500	Training Loss: 0.9492	Time remaining is 5h:56m
2024-06-11 19:56:55 INFO Epoch 308/500	Training Loss: 0.9451	Time remaining is 5h:54m
2024-06-11 19:58:31 INFO Epoch 309/500	Training Loss: 0.9505	Time remaining is 5h:52m
2024-06-11 20:00:06 INFO Epoch 310/500	Training Loss: 0.9518	Time remaining is 5h:50m
2024-06-11 20:01:49 INFO Testing: dataset_name: market1501 top1:0.9495 top5:0.9825 top10:0.9899 mAP:0.8758
2024-06-11 20:03:24 INFO Epoch 311/500	Training Loss: 0.9510	Time remaining is 5h:49m
2024-06-11 20:04:59 INFO Epoch 312/500	Training Loss: 0.9464	Time remaining is 5h:47m
2024-06-11 20:06:33 INFO Epoch 313/500	Training Loss: 0.9458	Time remaining is 5h:45m
2024-06-11 20:08:09 INFO Epoch 314/500	Training Loss: 0.9551	Time remaining is 5h:43m
2024-06-11 20:09:44 INFO Epoch 315/500	Training Loss: 0.9508	Time remaining is 5h:41m
2024-06-11 20:11:28 INFO Testing: dataset_name: market1501 top1:0.9492 top5:0.9822 top10:0.9902 mAP:0.8751
2024-06-11 20:13:03 INFO Epoch 316/500	Training Loss: 0.9463	Time remaining is 5h:40m
2024-06-11 20:14:38 INFO Epoch 317/500	Training Loss: 0.9523	Time remaining is 5h:38m
2024-06-11 20:16:13 INFO Epoch 318/500	Training Loss: 0.9453	Time remaining is 5h:36m
2024-06-11 20:17:48 INFO Epoch 319/500	Training Loss: 0.9511	Time remaining is 5h:34m
2024-06-11 20:19:23 INFO Epoch 320/500	Training Loss: 0.9516	Time remaining is 5h:32m
2024-06-11 20:21:06 INFO Testing: dataset_name: market1501 top1:0.9504 top5:0.9831 top10:0.9896 mAP:0.8745
2024-06-11 20:22:42 INFO Epoch 321/500	Training Loss: 0.9496	Time remaining is 5h:31m
2024-06-11 20:24:17 INFO Epoch 322/500	Training Loss: 0.9460	Time remaining is 5h:29m
2024-06-11 20:25:52 INFO Epoch 323/500	Training Loss: 0.9507	Time remaining is 5h:27m
2024-06-11 20:27:27 INFO Epoch 324/500	Training Loss: 0.9486	Time remaining is 5h:25m
2024-06-11 20:29:01 INFO Epoch 325/500	Training Loss: 0.9452	Time remaining is 5h:23m
2024-06-11 20:30:45 INFO Testing: dataset_name: market1501 top1:0.9483 top5:0.9825 top10:0.9890 mAP:0.8734
2024-06-11 20:32:20 INFO Epoch 326/500	Training Loss: 0.9511	Time remaining is 5h:22m
2024-06-11 20:33:55 INFO Epoch 327/500	Training Loss: 0.9503	Time remaining is 5h:20m
2024-06-11 20:35:30 INFO Epoch 328/500	Training Loss: 0.9495	Time remaining is 5h:18m
2024-06-11 20:37:05 INFO Epoch 329/500	Training Loss: 0.9486	Time remaining is 5h:16m
2024-06-11 20:38:40 INFO Epoch 330/500	Training Loss: 0.9486	Time remaining is 5h:14m
2024-06-11 20:40:24 INFO Testing: dataset_name: market1501 top1:0.9477 top5:0.9816 top10:0.9902 mAP:0.8754
2024-06-11 20:41:59 INFO Epoch 331/500	Training Loss: 0.9437	Time remaining is 5h:13m
2024-06-11 20:43:33 INFO Epoch 332/500	Training Loss: 0.9446	Time remaining is 5h:11m
2024-06-11 20:45:09 INFO Epoch 333/500	Training Loss: 0.9489	Time remaining is 5h:9m
2024-06-11 20:46:44 INFO Epoch 334/500	Training Loss: 0.9498	Time remaining is 5h:7m
2024-06-11 20:48:19 INFO Epoch 335/500	Training Loss: 0.9561	Time remaining is 5h:5m
2024-06-11 20:50:03 INFO Testing: dataset_name: market1501 top1:0.9477 top5:0.9810 top10:0.9905 mAP:0.8750
2024-06-11 20:51:38 INFO Epoch 336/500	Training Loss: 0.9499	Time remaining is 5h:4m
2024-06-11 20:53:13 INFO Epoch 337/500	Training Loss: 0.9535	Time remaining is 5h:2m
2024-06-11 20:54:48 INFO Epoch 338/500	Training Loss: 0.9439	Time remaining is 5h:0m
2024-06-11 20:56:23 INFO Epoch 339/500	Training Loss: 0.9483	Time remaining is 4h:58m
2024-06-11 20:57:58 INFO Epoch 340/500	Training Loss: 0.9505	Time remaining is 4h:56m
2024-06-11 20:59:42 INFO Testing: dataset_name: market1501 top1:0.9474 top5:0.9822 top10:0.9893 mAP:0.8740
2024-06-11 21:01:17 INFO Epoch 341/500	Training Loss: 0.9536	Time remaining is 4h:55m
2024-06-11 21:02:52 INFO Epoch 342/500	Training Loss: 0.9473	Time remaining is 4h:53m
2024-06-11 21:04:28 INFO Epoch 343/500	Training Loss: 0.9490	Time remaining is 4h:51m
2024-06-11 21:06:03 INFO Epoch 344/500	Training Loss: 0.9496	Time remaining is 4h:49m
2024-06-11 21:07:38 INFO Epoch 345/500	Training Loss: 0.9480	Time remaining is 4h:47m
2024-06-11 21:09:21 INFO Testing: dataset_name: market1501 top1:0.9471 top5:0.9825 top10:0.9890 mAP:0.8746
2024-06-11 21:10:56 INFO Epoch 346/500	Training Loss: 0.9433	Time remaining is 4h:46m
2024-06-11 21:12:31 INFO Epoch 347/500	Training Loss: 0.9487	Time remaining is 4h:44m
2024-06-11 21:14:06 INFO Epoch 348/500	Training Loss: 0.9513	Time remaining is 4h:42m
2024-06-11 21:15:40 INFO Epoch 349/500	Training Loss: 0.9432	Time remaining is 4h:40m
2024-06-11 21:17:16 INFO Epoch 350/500	Training Loss: 0.9475	Time remaining is 4h:38m
2024-06-11 21:18:59 INFO Testing: dataset_name: market1501 top1:0.9474 top5:0.9807 top10:0.9902 mAP:0.8754
2024-06-11 21:20:34 INFO Epoch 351/500	Training Loss: 0.9460	Time remaining is 4h:37m
2024-06-11 21:22:09 INFO Epoch 352/500	Training Loss: 0.9459	Time remaining is 4h:35m
2024-06-11 21:23:44 INFO Epoch 353/500	Training Loss: 0.9420	Time remaining is 4h:33m
2024-06-11 21:25:19 INFO Epoch 354/500	Training Loss: 0.9482	Time remaining is 4h:31m
2024-06-11 21:26:55 INFO Epoch 355/500	Training Loss: 0.9489	Time remaining is 4h:29m
2024-06-11 21:28:39 INFO Testing: dataset_name: market1501 top1:0.9486 top5:0.9816 top10:0.9893 mAP:0.8759
2024-06-11 21:30:14 INFO Epoch 356/500	Training Loss: 0.9472	Time remaining is 4h:28m
2024-06-11 21:31:49 INFO Epoch 357/500	Training Loss: 0.9424	Time remaining is 4h:26m
2024-06-11 21:33:24 INFO Epoch 358/500	Training Loss: 0.9455	Time remaining is 4h:24m
2024-06-11 21:34:59 INFO Epoch 359/500	Training Loss: 0.9464	Time remaining is 4h:22m
2024-06-11 21:36:34 INFO Epoch 360/500	Training Loss: 0.9458	Time remaining is 4h:20m
2024-06-11 21:38:17 INFO Testing: dataset_name: market1501 top1:0.9492 top5:0.9810 top10:0.9893 mAP:0.8772
2024-06-11 21:39:53 INFO Epoch 361/500	Training Loss: 0.9470	Time remaining is 4h:19m
2024-06-11 21:41:28 INFO Epoch 362/500	Training Loss: 0.9456	Time remaining is 4h:17m
2024-06-11 21:43:02 INFO Epoch 363/500	Training Loss: 0.9416	Time remaining is 4h:15m
2024-06-11 21:44:37 INFO Epoch 364/500	Training Loss: 0.9455	Time remaining is 4h:13m
2024-06-11 21:46:13 INFO Epoch 365/500	Training Loss: 0.9524	Time remaining is 4h:11m
2024-06-11 21:47:56 INFO Testing: dataset_name: market1501 top1:0.9501 top5:0.9819 top10:0.9899 mAP:0.8766
2024-06-11 21:49:31 INFO Epoch 366/500	Training Loss: 0.9427	Time remaining is 4h:10m
2024-06-11 21:51:06 INFO Epoch 367/500	Training Loss: 0.9452	Time remaining is 4h:8m
2024-06-11 21:52:41 INFO Epoch 368/500	Training Loss: 0.9430	Time remaining is 4h:6m
2024-06-11 21:54:16 INFO Epoch 369/500	Training Loss: 0.9464	Time remaining is 4h:4m
2024-06-11 21:55:52 INFO Epoch 370/500	Training Loss: 0.9463	Time remaining is 4h:2m
2024-06-11 21:57:35 INFO Testing: dataset_name: market1501 top1:0.9507 top5:0.9813 top10:0.9890 mAP:0.8763
2024-06-11 21:59:10 INFO Epoch 371/500	Training Loss: 0.9401	Time remaining is 4h:1m
2024-06-11 22:00:45 INFO Epoch 372/500	Training Loss: 0.9399	Time remaining is 3h:59m
2024-06-11 22:02:20 INFO Epoch 373/500	Training Loss: 0.9460	Time remaining is 3h:57m
2024-06-11 22:03:55 INFO Epoch 374/500	Training Loss: 0.9408	Time remaining is 3h:55m
2024-06-11 22:05:30 INFO Epoch 375/500	Training Loss: 0.9469	Time remaining is 3h:53m
2024-06-11 22:07:13 INFO Testing: dataset_name: market1501 top1:0.9507 top5:0.9822 top10:0.9911 mAP:0.8764
2024-06-11 22:08:49 INFO Epoch 376/500	Training Loss: 0.9441	Time remaining is 3h:51m
2024-06-11 22:10:23 INFO Epoch 377/500	Training Loss: 0.9400	Time remaining is 3h:50m
2024-06-11 22:11:58 INFO Epoch 378/500	Training Loss: 0.9413	Time remaining is 3h:48m
2024-06-11 22:13:33 INFO Epoch 379/500	Training Loss: 0.9397	Time remaining is 3h:46m
2024-06-11 22:15:08 INFO Epoch 380/500	Training Loss: 0.9463	Time remaining is 3h:44m
2024-06-11 22:16:52 INFO Testing: dataset_name: market1501 top1:0.9495 top5:0.9807 top10:0.9908 mAP:0.8753
2024-06-11 22:18:27 INFO Epoch 381/500	Training Loss: 0.9448	Time remaining is 3h:42m
2024-06-11 22:20:02 INFO Epoch 382/500	Training Loss: 0.9461	Time remaining is 3h:40m
2024-06-11 22:21:37 INFO Epoch 383/500	Training Loss: 0.9453	Time remaining is 3h:38m
2024-06-11 22:23:13 INFO Epoch 384/500	Training Loss: 0.9460	Time remaining is 3h:37m
2024-06-11 22:24:48 INFO Epoch 385/500	Training Loss: 0.9393	Time remaining is 3h:35m
2024-06-11 22:26:32 INFO Testing: dataset_name: market1501 top1:0.9498 top5:0.9819 top10:0.9902 mAP:0.8777
2024-06-11 22:28:08 INFO Epoch 386/500	Training Loss: 0.9495	Time remaining is 3h:33m
2024-06-11 22:29:42 INFO Epoch 387/500	Training Loss: 0.9393	Time remaining is 3h:31m
2024-06-11 22:31:18 INFO Epoch 388/500	Training Loss: 0.9496	Time remaining is 3h:29m
2024-06-11 22:32:53 INFO Epoch 389/500	Training Loss: 0.9445	Time remaining is 3h:27m
2024-06-11 22:34:27 INFO Epoch 390/500	Training Loss: 0.9398	Time remaining is 3h:25m
2024-06-11 22:36:11 INFO Testing: dataset_name: market1501 top1:0.9480 top5:0.9804 top10:0.9899 mAP:0.8757
2024-06-11 22:37:46 INFO Epoch 391/500	Training Loss: 0.9439	Time remaining is 3h:24m
2024-06-11 22:39:21 INFO Epoch 392/500	Training Loss: 0.9389	Time remaining is 3h:22m
2024-06-11 22:40:55 INFO Epoch 393/500	Training Loss: 0.9392	Time remaining is 3h:20m
2024-06-11 22:42:30 INFO Epoch 394/500	Training Loss: 0.9434	Time remaining is 3h:18m
2024-06-11 22:44:05 INFO Epoch 395/500	Training Loss: 0.9404	Time remaining is 3h:16m
2024-06-11 22:45:48 INFO Testing: dataset_name: market1501 top1:0.9519 top5:0.9807 top10:0.9899 mAP:0.8791
2024-06-11 22:47:23 INFO Epoch 396/500	Training Loss: 0.9395	Time remaining is 3h:15m
2024-06-11 22:48:57 INFO Epoch 397/500	Training Loss: 0.9392	Time remaining is 3h:13m
2024-06-11 22:50:33 INFO Epoch 398/500	Training Loss: 0.9441	Time remaining is 3h:11m
2024-06-11 22:52:08 INFO Epoch 399/500	Training Loss: 0.9391	Time remaining is 3h:9m
2024-06-11 22:53:42 INFO Epoch 400/500	Training Loss: 0.9393	Time remaining is 3h:7m
2024-06-11 22:55:26 INFO Testing: dataset_name: market1501 top1:0.9501 top5:0.9831 top10:0.9902 mAP:0.8794
2024-06-11 22:57:01 INFO Epoch 401/500	Training Loss: 0.9439	Time remaining is 3h:6m
2024-06-11 22:58:36 INFO Epoch 402/500	Training Loss: 0.9443	Time remaining is 3h:4m
2024-06-11 23:00:11 INFO Epoch 403/500	Training Loss: 0.9359	Time remaining is 3h:2m
2024-06-11 23:01:46 INFO Epoch 404/500	Training Loss: 0.9431	Time remaining is 2h:60m
2024-06-11 23:03:21 INFO Epoch 405/500	Training Loss: 0.9431	Time remaining is 2h:58m
2024-06-11 23:05:05 INFO Testing: dataset_name: market1501 top1:0.9492 top5:0.9813 top10:0.9905 mAP:0.8757
2024-06-11 23:06:41 INFO Epoch 406/500	Training Loss: 0.9435	Time remaining is 2h:56m
2024-06-11 23:08:16 INFO Epoch 407/500	Training Loss: 0.9441	Time remaining is 2h:55m
2024-06-11 23:09:52 INFO Epoch 408/500	Training Loss: 0.9433	Time remaining is 2h:53m
2024-06-11 23:11:27 INFO Epoch 409/500	Training Loss: 0.9439	Time remaining is 2h:51m
2024-06-11 23:13:02 INFO Epoch 410/500	Training Loss: 0.9445	Time remaining is 2h:49m
2024-06-11 23:14:46 INFO Testing: dataset_name: market1501 top1:0.9498 top5:0.9798 top10:0.9893 mAP:0.8767
2024-06-11 23:16:20 INFO Epoch 411/500	Training Loss: 0.9383	Time remaining is 2h:47m
2024-06-11 23:17:55 INFO Epoch 412/500	Training Loss: 0.9413	Time remaining is 2h:45m
2024-06-11 23:19:30 INFO Epoch 413/500	Training Loss: 0.9370	Time remaining is 2h:43m
2024-06-11 23:21:05 INFO Epoch 414/500	Training Loss: 0.9436	Time remaining is 2h:42m
2024-06-11 23:22:40 INFO Epoch 415/500	Training Loss: 0.9416	Time remaining is 2h:40m
2024-06-11 23:24:24 INFO Testing: dataset_name: market1501 top1:0.9474 top5:0.9813 top10:0.9908 mAP:0.8765
2024-06-11 23:25:58 INFO Epoch 416/500	Training Loss: 0.9391	Time remaining is 2h:38m
2024-06-11 23:27:33 INFO Epoch 417/500	Training Loss: 0.9430	Time remaining is 2h:36m
2024-06-11 23:29:08 INFO Epoch 418/500	Training Loss: 0.9432	Time remaining is 2h:34m
2024-06-11 23:30:43 INFO Epoch 419/500	Training Loss: 0.9429	Time remaining is 2h:32m
2024-06-11 23:32:18 INFO Epoch 420/500	Training Loss: 0.9423	Time remaining is 2h:30m
2024-06-11 23:34:02 INFO Testing: dataset_name: market1501 top1:0.9486 top5:0.9816 top10:0.9893 mAP:0.8781
2024-06-11 23:35:37 INFO Epoch 421/500	Training Loss: 0.9425	Time remaining is 2h:29m
2024-06-11 23:37:12 INFO Epoch 422/500	Training Loss: 0.9417	Time remaining is 2h:27m
2024-06-11 23:38:47 INFO Epoch 423/500	Training Loss: 0.9373	Time remaining is 2h:25m
2024-06-11 23:40:22 INFO Epoch 424/500	Training Loss: 0.9370	Time remaining is 2h:23m
2024-06-11 23:41:57 INFO Epoch 425/500	Training Loss: 0.9412	Time remaining is 2h:21m
2024-06-11 23:43:40 INFO Testing: dataset_name: market1501 top1:0.9486 top5:0.9807 top10:0.9902 mAP:0.8800
2024-06-11 23:45:15 INFO Epoch 426/500	Training Loss: 0.9370	Time remaining is 2h:20m
2024-06-11 23:46:51 INFO Epoch 427/500	Training Loss: 0.9430	Time remaining is 2h:18m
2024-06-11 23:48:27 INFO Epoch 428/500	Training Loss: 0.9422	Time remaining is 2h:16m
2024-06-11 23:50:02 INFO Epoch 429/500	Training Loss: 0.9415	Time remaining is 2h:14m
2024-06-11 23:51:37 INFO Epoch 430/500	Training Loss: 0.9412	Time remaining is 2h:12m
2024-06-11 23:53:21 INFO Testing: dataset_name: market1501 top1:0.9522 top5:0.9831 top10:0.9899 mAP:0.8781
2024-06-11 23:54:57 INFO Epoch 431/500	Training Loss: 0.9413	Time remaining is 2h:10m
2024-06-11 23:56:32 INFO Epoch 432/500	Training Loss: 0.9406	Time remaining is 2h:8m
2024-06-11 23:58:07 INFO Epoch 433/500	Training Loss: 0.9365	Time remaining is 2h:7m
2024-06-11 23:59:42 INFO Epoch 434/500	Training Loss: 0.9428	Time remaining is 2h:5m
2024-06-12 00:01:17 INFO Epoch 435/500	Training Loss: 0.9407	Time remaining is 2h:3m
2024-06-12 00:03:00 INFO Testing: dataset_name: market1501 top1:0.9504 top5:0.9813 top10:0.9902 mAP:0.8779
2024-06-12 00:04:36 INFO Epoch 436/500	Training Loss: 0.9408	Time remaining is 2h:1m
2024-06-12 00:06:11 INFO Epoch 437/500	Training Loss: 0.9413	Time remaining is 1h:59m
2024-06-12 00:07:45 INFO Epoch 438/500	Training Loss: 0.9360	Time remaining is 1h:57m
2024-06-12 00:09:20 INFO Epoch 439/500	Training Loss: 0.9391	Time remaining is 1h:55m
2024-06-12 00:10:55 INFO Epoch 440/500	Training Loss: 0.9398	Time remaining is 1h:53m
2024-06-12 00:12:39 INFO Testing: dataset_name: market1501 top1:0.9480 top5:0.9825 top10:0.9908 mAP:0.8767
2024-06-12 00:14:14 INFO Epoch 441/500	Training Loss: 0.9412	Time remaining is 1h:52m
2024-06-12 00:15:49 INFO Epoch 442/500	Training Loss: 0.9399	Time remaining is 1h:50m
2024-06-12 00:17:24 INFO Epoch 443/500	Training Loss: 0.9405	Time remaining is 1h:48m
2024-06-12 00:18:59 INFO Epoch 444/500	Training Loss: 0.9360	Time remaining is 1h:46m
2024-06-12 00:20:34 INFO Epoch 445/500	Training Loss: 0.9400	Time remaining is 1h:44m
2024-06-12 00:22:18 INFO Testing: dataset_name: market1501 top1:0.9510 top5:0.9804 top10:0.9896 mAP:0.8785
2024-06-12 00:23:54 INFO Epoch 446/500	Training Loss: 0.9408	Time remaining is 1h:43m
2024-06-12 00:25:28 INFO Epoch 447/500	Training Loss: 0.9353	Time remaining is 1h:41m
2024-06-12 00:27:03 INFO Epoch 448/500	Training Loss: 0.9356	Time remaining is 1h:39m
2024-06-12 00:28:39 INFO Epoch 449/500	Training Loss: 0.9406	Time remaining is 1h:37m
2024-06-12 00:30:14 INFO Epoch 450/500	Training Loss: 0.9391	Time remaining is 1h:35m
2024-06-12 00:31:58 INFO Testing: dataset_name: market1501 top1:0.9495 top5:0.9810 top10:0.9902 mAP:0.8773
2024-06-12 00:33:33 INFO Epoch 451/500	Training Loss: 0.9408	Time remaining is 1h:33m
2024-06-12 00:35:08 INFO Epoch 452/500	Training Loss: 0.9389	Time remaining is 1h:31m
2024-06-12 00:36:43 INFO Epoch 453/500	Training Loss: 0.9396	Time remaining is 1h:29m
2024-06-12 00:38:18 INFO Epoch 454/500	Training Loss: 0.9354	Time remaining is 1h:28m
2024-06-12 00:39:52 INFO Epoch 455/500	Training Loss: 0.9345	Time remaining is 1h:26m
2024-06-12 00:41:36 INFO Testing: dataset_name: market1501 top1:0.9489 top5:0.9813 top10:0.9902 mAP:0.8776
2024-06-12 00:43:11 INFO Epoch 456/500	Training Loss: 0.9385	Time remaining is 1h:24m
2024-06-12 00:44:46 INFO Epoch 457/500	Training Loss: 0.9409	Time remaining is 1h:22m
2024-06-12 00:46:21 INFO Epoch 458/500	Training Loss: 0.9385	Time remaining is 1h:20m
2024-06-12 00:47:56 INFO Epoch 459/500	Training Loss: 0.9350	Time remaining is 1h:18m
2024-06-12 00:49:31 INFO Epoch 460/500	Training Loss: 0.9394	Time remaining is 1h:16m
2024-06-12 00:51:15 INFO Testing: dataset_name: market1501 top1:0.9498 top5:0.9822 top10:0.9902 mAP:0.8770
2024-06-12 00:52:49 INFO Epoch 461/500	Training Loss: 0.9349	Time remaining is 1h:15m
2024-06-12 00:54:24 INFO Epoch 462/500	Training Loss: 0.9398	Time remaining is 1h:13m
2024-06-12 00:56:00 INFO Epoch 463/500	Training Loss: 0.9410	Time remaining is 1h:11m
2024-06-12 00:57:35 INFO Epoch 464/500	Training Loss: 0.9391	Time remaining is 1h:9m
2024-06-12 00:59:09 INFO Epoch 465/500	Training Loss: 0.9341	Time remaining is 1h:7m
2024-06-12 01:00:53 INFO Testing: dataset_name: market1501 top1:0.9489 top5:0.9822 top10:0.9902 mAP:0.8766
2024-06-12 01:02:29 INFO Epoch 466/500	Training Loss: 0.9401	Time remaining is 1h:5m
2024-06-12 01:04:04 INFO Epoch 467/500	Training Loss: 0.9374	Time remaining is 1h:3m
2024-06-12 01:05:39 INFO Epoch 468/500	Training Loss: 0.9438	Time remaining is 1h:2m
2024-06-12 01:07:15 INFO Epoch 469/500	Training Loss: 0.9382	Time remaining is 0h:60m
2024-06-12 01:08:49 INFO Epoch 470/500	Training Loss: 0.9393	Time remaining is 0h:58m
2024-06-12 01:10:33 INFO Testing: dataset_name: market1501 top1:0.9483 top5:0.9819 top10:0.9884 mAP:0.8774
2024-06-12 01:12:09 INFO Epoch 471/500	Training Loss: 0.9379	Time remaining is 0h:56m
2024-06-12 01:13:43 INFO Epoch 472/500	Training Loss: 0.9332	Time remaining is 0h:54m
2024-06-12 01:15:19 INFO Epoch 473/500	Training Loss: 0.9438	Time remaining is 0h:52m
2024-06-12 01:16:54 INFO Epoch 474/500	Training Loss: 0.9390	Time remaining is 0h:50m
2024-06-12 01:18:28 INFO Epoch 475/500	Training Loss: 0.9353	Time remaining is 0h:48m
2024-06-12 01:20:12 INFO Testing: dataset_name: market1501 top1:0.9498 top5:0.9822 top10:0.9896 mAP:0.8783
2024-06-12 01:21:47 INFO Epoch 476/500	Training Loss: 0.9375	Time remaining is 0h:47m
2024-06-12 01:23:22 INFO Epoch 477/500	Training Loss: 0.9339	Time remaining is 0h:45m
2024-06-12 01:24:57 INFO Epoch 478/500	Training Loss: 0.9390	Time remaining is 0h:43m
2024-06-12 01:26:32 INFO Epoch 479/500	Training Loss: 0.9323	Time remaining is 0h:41m
2024-06-12 01:28:07 INFO Epoch 480/500	Training Loss: 0.9394	Time remaining is 0h:39m
2024-06-12 01:29:50 INFO Testing: dataset_name: market1501 top1:0.9507 top5:0.9819 top10:0.9893 mAP:0.8783
2024-06-12 01:31:26 INFO Epoch 481/500	Training Loss: 0.9376	Time remaining is 0h:37m
2024-06-12 01:33:00 INFO Epoch 482/500	Training Loss: 0.9329	Time remaining is 0h:35m
2024-06-12 01:34:36 INFO Epoch 483/500	Training Loss: 0.9381	Time remaining is 0h:34m
2024-06-12 01:36:12 INFO Epoch 484/500	Training Loss: 0.9428	Time remaining is 0h:32m
2024-06-12 01:37:47 INFO Epoch 485/500	Training Loss: 0.9376	Time remaining is 0h:30m
2024-06-12 01:39:31 INFO Testing: dataset_name: market1501 top1:0.9504 top5:0.9828 top10:0.9887 mAP:0.8766
2024-06-12 01:41:06 INFO Epoch 486/500	Training Loss: 0.9375	Time remaining is 0h:28m
2024-06-12 01:42:42 INFO Epoch 487/500	Training Loss: 0.9422	Time remaining is 0h:26m
2024-06-12 01:44:16 INFO Epoch 488/500	Training Loss: 0.9327	Time remaining is 0h:24m
2024-06-12 01:45:52 INFO Epoch 489/500	Training Loss: 0.9380	Time remaining is 0h:22m
2024-06-12 01:47:27 INFO Epoch 490/500	Training Loss: 0.9390	Time remaining is 0h:21m
2024-06-12 01:49:11 INFO Testing: dataset_name: market1501 top1:0.9516 top5:0.9810 top10:0.9905 mAP:0.8791
2024-06-12 01:50:46 INFO Epoch 491/500	Training Loss: 0.9329	Time remaining is 0h:19m
2024-06-12 01:52:21 INFO Epoch 492/500	Training Loss: 0.9366	Time remaining is 0h:17m
2024-06-12 01:53:55 INFO Epoch 493/500	Training Loss: 0.9338	Time remaining is 0h:15m
2024-06-12 01:55:30 INFO Epoch 494/500	Training Loss: 0.9324	Time remaining is 0h:13m
2024-06-12 01:57:05 INFO Epoch 495/500	Training Loss: 0.9374	Time remaining is 0h:11m
2024-06-12 01:58:49 INFO Testing: dataset_name: market1501 top1:0.9510 top5:0.9825 top10:0.9896 mAP:0.8776
2024-06-12 02:00:24 INFO Epoch 496/500	Training Loss: 0.9365	Time remaining is 0h:9m
2024-06-12 02:01:58 INFO Epoch 497/500	Training Loss: 0.9321	Time remaining is 0h:7m
2024-06-12 02:03:33 INFO Epoch 498/500	Training Loss: 0.9366	Time remaining is 0h:6m
2024-06-12 02:05:08 INFO Epoch 499/500	Training Loss: 0.9322	Time remaining is 0h:4m
2024-06-12 02:06:43 INFO Epoch 500/500	Training Loss: 0.9377	Time remaining is 0h:2m
2024-06-12 02:08:27 INFO Testing: dataset_name: market1501 top1:0.9495 top5:0.9813 top10:0.9893 mAP:0.8784
2024-06-12 02:08:27 INFO The running time of training: 5.61555e+04 s
