2024-07-31 10:02:11 INFO ##################################################
2024-07-31 10:02:11 INFO Config values: batch_size: 60	current_directory: /kaggle/working/reid_task/ex_001_8	dataset_name: market1501	dataset_path: /kaggle/input/market1501/Market-1501-v15.09.15	device: cuda	dtype: torch.float32	epoch_start_test: 90	epochs: 120	img_height: 256	img_width: 128	logs_outputs_path: /kaggle/working/reid_task/ex_001_8/./outputs/logs	models_outputs_path: /kaggle/working/reid_task/ex_001_8/./outputs/models	np: <module 'numpy' from '/opt/conda/lib/python3.10/site-packages/numpy/__init__.py'>	os: <module 'os' from '/opt/conda/lib/python3.10/os.py'>	outputs_dir: ./outputs/	outputs_path: /kaggle/working/reid_task/ex_001_8/./outputs/	print_every: 1	seed: 3407	taskname: ReID_Task	temps_outputs_path: /kaggle/working/reid_task/ex_001_8/./outputs/temps	test_batch_size: 256	test_every: 5	torch: <module 'torch' from '/opt/conda/lib/python3.10/site-packages/torch/__init__.py'>
2024-07-31 10:02:11 INFO Task: ReID_Task
2024-07-31 10:02:11 INFO Using device: cuda
2024-07-31 10:02:11 INFO Using data type: torch.float32
2024-07-31 10:02:11 INFO Number of GPUs: 1
2024-07-31 10:02:11 INFO GPU is_available: True
2024-07-31 10:02:11 INFO GPU name: Tesla P100-PCIE-16GB
2024-07-31 10:02:11 INFO CUDA version: 12.1
2024-07-31 10:02:11 INFO Current device id: 0
2024-07-31 10:02:11 INFO ##################################################
2024-07-31 10:05:00 INFO Epoch 1/120	Training Loss: 8.8582	Time remaining is 5h:29m
2024-07-31 10:06:42 INFO Epoch 2/120	Training Loss: 7.5801	Time remaining is 4h:24m
2024-07-31 10:08:18 INFO Epoch 3/120	Training Loss: 5.9664	Time remaining is 3h:58m
2024-07-31 10:09:54 INFO Epoch 4/120	Training Loss: 4.4863	Time remaining is 3h:44m
2024-07-31 10:11:29 INFO Epoch 5/120	Training Loss: 3.3265	Time remaining is 3h:34m
2024-07-31 10:13:03 INFO Epoch 6/120	Training Loss: 2.5375	Time remaining is 3h:27m
2024-07-31 10:14:37 INFO Epoch 7/120	Training Loss: 2.0552	Time remaining is 3h:21m
2024-07-31 10:16:11 INFO Epoch 8/120	Training Loss: 1.7708	Time remaining is 3h:17m
2024-07-31 10:17:45 INFO Epoch 9/120	Training Loss: 1.6300	Time remaining is 3h:13m
2024-07-31 10:19:19 INFO Epoch 10/120	Training Loss: 1.5422	Time remaining is 3h:9m
2024-07-31 10:20:53 INFO Epoch 11/120	Training Loss: 1.4930	Time remaining is 3h:6m
2024-07-31 10:22:27 INFO Epoch 12/120	Training Loss: 1.4331	Time remaining is 3h:4m
2024-07-31 10:24:02 INFO Epoch 13/120	Training Loss: 1.3672	Time remaining is 3h:1m
2024-07-31 10:25:37 INFO Epoch 14/120	Training Loss: 1.3419	Time remaining is 2h:59m
2024-07-31 10:27:12 INFO Epoch 15/120	Training Loss: 1.2977	Time remaining is 2h:56m
2024-07-31 10:28:47 INFO Epoch 16/120	Training Loss: 1.3096	Time remaining is 2h:54m
2024-07-31 10:30:22 INFO Epoch 17/120	Training Loss: 1.2982	Time remaining is 2h:52m
2024-07-31 10:31:56 INFO Epoch 18/120	Training Loss: 1.2648	Time remaining is 2h:50m
2024-07-31 10:33:30 INFO Epoch 19/120	Training Loss: 1.2767	Time remaining is 2h:48m
2024-07-31 10:35:04 INFO Epoch 20/120	Training Loss: 1.2543	Time remaining is 2h:46m
2024-07-31 10:36:38 INFO Epoch 21/120	Training Loss: 1.2677	Time remaining is 2h:44m
2024-07-31 10:38:12 INFO Epoch 22/120	Training Loss: 1.2694	Time remaining is 2h:42m
2024-07-31 10:39:45 INFO Epoch 23/120	Training Loss: 1.2497	Time remaining is 2h:40m
2024-07-31 10:41:19 INFO Epoch 24/120	Training Loss: 1.2742	Time remaining is 2h:38m
2024-07-31 10:42:53 INFO Epoch 25/120	Training Loss: 1.2573	Time remaining is 2h:36m
2024-07-31 10:44:28 INFO Epoch 26/120	Training Loss: 1.2635	Time remaining is 2h:34m
2024-07-31 10:46:03 INFO Epoch 27/120	Training Loss: 1.2513	Time remaining is 2h:32m
2024-07-31 10:47:38 INFO Epoch 28/120	Training Loss: 1.2546	Time remaining is 2h:31m
2024-07-31 10:49:13 INFO Epoch 29/120	Training Loss: 1.2609	Time remaining is 2h:29m
2024-07-31 10:50:49 INFO Epoch 30/120	Training Loss: 1.2503	Time remaining is 2h:27m
2024-07-31 10:52:27 INFO Epoch 31/120	Training Loss: 1.2477	Time remaining is 2h:26m
2024-07-31 10:54:03 INFO Epoch 32/120	Training Loss: 1.2396	Time remaining is 2h:24m
2024-07-31 10:55:38 INFO Epoch 33/120	Training Loss: 1.2369	Time remaining is 2h:22m
2024-07-31 10:57:13 INFO Epoch 34/120	Training Loss: 1.2465	Time remaining is 2h:21m
2024-07-31 10:58:48 INFO Epoch 35/120	Training Loss: 1.2431	Time remaining is 2h:19m
2024-07-31 11:00:23 INFO Epoch 36/120	Training Loss: 1.2401	Time remaining is 2h:17m
2024-07-31 11:01:57 INFO Epoch 37/120	Training Loss: 1.2303	Time remaining is 2h:16m
2024-07-31 11:03:32 INFO Epoch 38/120	Training Loss: 1.2167	Time remaining is 2h:14m
2024-07-31 11:05:07 INFO Epoch 39/120	Training Loss: 1.2379	Time remaining is 2h:12m
2024-07-31 11:06:41 INFO Epoch 40/120	Training Loss: 1.2325	Time remaining is 2h:10m
2024-07-31 11:08:17 INFO Epoch 41/120	Training Loss: 1.1550	Time remaining is 2h:9m
2024-07-31 11:09:52 INFO Epoch 42/120	Training Loss: 1.0788	Time remaining is 2h:7m
2024-07-31 11:11:27 INFO Epoch 43/120	Training Loss: 1.0653	Time remaining is 2h:6m
2024-07-31 11:13:03 INFO Epoch 44/120	Training Loss: 1.0593	Time remaining is 2h:4m
2024-07-31 11:14:38 INFO Epoch 45/120	Training Loss: 1.0463	Time remaining is 2h:2m
2024-07-31 11:16:15 INFO Epoch 46/120	Training Loss: 1.0442	Time remaining is 2h:1m
2024-07-31 11:17:53 INFO Epoch 47/120	Training Loss: 1.0484	Time remaining is 1h:59m
2024-07-31 11:19:30 INFO Epoch 48/120	Training Loss: 1.0389	Time remaining is 1h:57m
2024-07-31 11:21:05 INFO Epoch 49/120	Training Loss: 1.0339	Time remaining is 1h:56m
2024-07-31 11:22:40 INFO Epoch 50/120	Training Loss: 1.0262	Time remaining is 1h:54m
2024-07-31 11:24:15 INFO Epoch 51/120	Training Loss: 1.0324	Time remaining is 1h:53m
2024-07-31 11:25:49 INFO Epoch 52/120	Training Loss: 1.0290	Time remaining is 1h:51m
2024-07-31 11:27:25 INFO Epoch 53/120	Training Loss: 1.0257	Time remaining is 1h:49m
2024-07-31 11:29:00 INFO Epoch 54/120	Training Loss: 1.0239	Time remaining is 1h:48m
2024-07-31 11:30:34 INFO Epoch 55/120	Training Loss: 1.0231	Time remaining is 1h:46m
2024-07-31 11:32:09 INFO Epoch 56/120	Training Loss: 1.0290	Time remaining is 1h:44m
2024-07-31 11:33:44 INFO Epoch 57/120	Training Loss: 1.0230	Time remaining is 1h:43m
2024-07-31 11:35:17 INFO Epoch 58/120	Training Loss: 1.0129	Time remaining is 1h:41m
2024-07-31 11:36:51 INFO Epoch 59/120	Training Loss: 1.0126	Time remaining is 1h:39m
2024-07-31 11:38:26 INFO Epoch 60/120	Training Loss: 1.0192	Time remaining is 1h:38m
2024-07-31 11:40:01 INFO Epoch 61/120	Training Loss: 1.0168	Time remaining is 1h:36m
2024-07-31 11:41:37 INFO Epoch 62/120	Training Loss: 1.0144	Time remaining is 1h:35m
2024-07-31 11:43:11 INFO Epoch 63/120	Training Loss: 1.0134	Time remaining is 1h:33m
2024-07-31 11:44:45 INFO Epoch 64/120	Training Loss: 1.0084	Time remaining is 1h:31m
2024-07-31 11:46:20 INFO Epoch 65/120	Training Loss: 1.0124	Time remaining is 1h:30m
2024-07-31 11:47:55 INFO Epoch 66/120	Training Loss: 1.0095	Time remaining is 1h:28m
2024-07-31 11:49:35 INFO Epoch 67/120	Training Loss: 1.0110	Time remaining is 1h:26m
2024-07-31 11:51:15 INFO Epoch 68/120	Training Loss: 1.0096	Time remaining is 1h:25m
2024-07-31 11:52:49 INFO Epoch 69/120	Training Loss: 1.0056	Time remaining is 1h:23m
2024-07-31 11:54:25 INFO Epoch 70/120	Training Loss: 1.0140	Time remaining is 1h:22m
2024-07-31 11:56:00 INFO Epoch 71/120	Training Loss: 0.9985	Time remaining is 1h:20m
2024-07-31 11:57:35 INFO Epoch 72/120	Training Loss: 0.9986	Time remaining is 1h:18m
2024-07-31 11:59:10 INFO Epoch 73/120	Training Loss: 0.9965	Time remaining is 1h:17m
2024-07-31 12:00:44 INFO Epoch 74/120	Training Loss: 0.9960	Time remaining is 1h:15m
2024-07-31 12:02:19 INFO Epoch 75/120	Training Loss: 0.9962	Time remaining is 1h:14m
2024-07-31 12:03:56 INFO Epoch 76/120	Training Loss: 0.9916	Time remaining is 1h:12m
2024-07-31 12:05:35 INFO Epoch 77/120	Training Loss: 0.9941	Time remaining is 1h:10m
2024-07-31 12:07:09 INFO Epoch 78/120	Training Loss: 0.9887	Time remaining is 1h:9m
2024-07-31 12:08:44 INFO Epoch 79/120	Training Loss: 0.9944	Time remaining is 1h:7m
2024-07-31 12:10:19 INFO Epoch 80/120	Training Loss: 0.9914	Time remaining is 1h:6m
2024-07-31 12:11:53 INFO Epoch 81/120	Training Loss: 0.9924	Time remaining is 1h:4m
2024-07-31 12:13:28 INFO Epoch 82/120	Training Loss: 0.9926	Time remaining is 1h:2m
2024-07-31 12:15:06 INFO Epoch 83/120	Training Loss: 0.9888	Time remaining is 1h:1m
2024-07-31 12:16:41 INFO Epoch 84/120	Training Loss: 0.9914	Time remaining is 0h:59m
2024-07-31 12:18:16 INFO Epoch 85/120	Training Loss: 0.9842	Time remaining is 0h:58m
2024-07-31 12:19:51 INFO Epoch 86/120	Training Loss: 0.9854	Time remaining is 0h:56m
2024-07-31 12:21:25 INFO Epoch 87/120	Training Loss: 0.9911	Time remaining is 0h:54m
2024-07-31 12:23:00 INFO Epoch 88/120	Training Loss: 0.9900	Time remaining is 0h:53m
2024-07-31 12:24:35 INFO Epoch 89/120	Training Loss: 0.9922	Time remaining is 0h:51m
2024-07-31 12:26:08 INFO Epoch 90/120	Training Loss: 0.9847	Time remaining is 0h:50m
2024-07-31 12:31:48 INFO Epoch 90/120	Testing: dataset_name: market1501 top1: 94.091 top5: 98.159 top10: 98.961 mAP: 85.302
2024-07-31 12:33:24 INFO Epoch 91/120	Training Loss: 0.9941	Time remaining is 0h:50m
2024-07-31 12:35:00 INFO Epoch 92/120	Training Loss: 0.9944	Time remaining is 0h:48m
2024-07-31 12:36:34 INFO Epoch 93/120	Training Loss: 0.9870	Time remaining is 0h:46m
2024-07-31 12:38:10 INFO Epoch 94/120	Training Loss: 0.9882	Time remaining is 0h:45m
2024-07-31 12:39:45 INFO Epoch 95/120	Training Loss: 0.9884	Time remaining is 0h:43m
2024-07-31 12:43:03 INFO Epoch 95/120	Testing: dataset_name: market1501 top1: 93.943 top5: 98.278 top10: 99.020 mAP: 85.336
2024-07-31 12:44:39 INFO Epoch 96/120	Training Loss: 0.9870	Time remaining is 0h:42m
2024-07-31 12:46:14 INFO Epoch 97/120	Training Loss: 0.9876	Time remaining is 0h:41m
2024-07-31 12:47:50 INFO Epoch 98/120	Training Loss: 0.9827	Time remaining is 0h:39m
2024-07-31 12:49:26 INFO Epoch 99/120	Training Loss: 0.9859	Time remaining is 0h:37m
2024-07-31 12:51:00 INFO Epoch 100/120	Training Loss: 0.9881	Time remaining is 0h:35m
2024-07-31 12:54:21 INFO Epoch 100/120	Testing: dataset_name: market1501 top1: 93.765 top5: 98.308 top10: 98.931 mAP: 85.441
2024-07-31 12:55:56 INFO Epoch 101/120	Training Loss: 0.9885	Time remaining is 0h:34m
2024-07-31 12:57:31 INFO Epoch 102/120	Training Loss: 0.9811	Time remaining is 0h:33m
2024-07-31 12:59:05 INFO Epoch 103/120	Training Loss: 0.9820	Time remaining is 0h:31m
2024-07-31 13:00:40 INFO Epoch 104/120	Training Loss: 0.9849	Time remaining is 0h:29m
2024-07-31 13:02:15 INFO Epoch 105/120	Training Loss: 0.9868	Time remaining is 0h:27m
2024-07-31 13:05:37 INFO Epoch 105/120	Testing: dataset_name: market1501 top1: 94.091 top5: 98.278 top10: 98.931 mAP: 85.561
2024-07-31 13:07:12 INFO Epoch 106/120	Training Loss: 0.9819	Time remaining is 0h:26m
2024-07-31 13:08:47 INFO Epoch 107/120	Training Loss: 0.9865	Time remaining is 0h:24m
2024-07-31 13:10:22 INFO Epoch 108/120	Training Loss: 0.9853	Time remaining is 0h:23m
2024-07-31 13:11:57 INFO Epoch 109/120	Training Loss: 0.9862	Time remaining is 0h:21m
2024-07-31 13:13:32 INFO Epoch 110/120	Training Loss: 0.9852	Time remaining is 0h:19m
2024-07-31 13:16:52 INFO Epoch 110/120	Testing: dataset_name: market1501 top1: 93.913 top5: 98.278 top10: 98.931 mAP: 85.597
2024-07-31 13:18:27 INFO Epoch 111/120	Training Loss: 0.9805	Time remaining is 0h:18m
2024-07-31 13:20:03 INFO Epoch 112/120	Training Loss: 0.9872	Time remaining is 0h:16m
2024-07-31 13:21:38 INFO Epoch 113/120	Training Loss: 0.9839	Time remaining is 0h:14m
2024-07-31 13:23:15 INFO Epoch 114/120	Training Loss: 0.9854	Time remaining is 0h:12m
2024-07-31 13:24:51 INFO Epoch 115/120	Training Loss: 0.9856	Time remaining is 0h:11m
2024-07-31 13:28:13 INFO Epoch 115/120	Testing: dataset_name: market1501 top1: 94.002 top5: 98.367 top10: 99.020 mAP: 85.695
2024-07-31 13:29:50 INFO Epoch 116/120	Training Loss: 0.9837	Time remaining is 0h:9m
2024-07-31 13:31:25 INFO Epoch 117/120	Training Loss: 0.9845	Time remaining is 0h:7m
2024-07-31 13:33:00 INFO Epoch 118/120	Training Loss: 0.9803	Time remaining is 0h:5m
2024-07-31 13:34:35 INFO Epoch 119/120	Training Loss: 0.9839	Time remaining is 0h:4m
2024-07-31 13:36:10 INFO Epoch 120/120	Training Loss: 0.9806	Time remaining is 0h:2m
2024-07-31 13:39:30 INFO Epoch 120/120	Testing: dataset_name: market1501 top1: 94.062 top5: 98.278 top10: 99.109 mAP: 85.780
2024-07-31 13:39:31 INFO The running time of training: 3.62 h
