2024-10-04 18:25:14 INFO ##################################################
2024-10-04 18:25:14 INFO Config values: batch_size: 60	current_directory: /home/hy/project/reid_task/ex_003_10	dataset_name: Occluded_Duke	dataset_path: /home/hy/project/data/Occluded_Duke	device: cuda	dtype: torch.float32	epoch_start_test: 90	epochs: 120	img_height: 256	img_width: 128	logs_outputs_path: /home/hy/project/reid_task/ex_003_10/./outputs/logs	models_outputs_path: /home/hy/project/reid_task/ex_003_10/./outputs/models	np: <module 'numpy' from '/home/hy/anaconda3/envs/py396/lib/python3.9/site-packages/numpy/__init__.py'>	os: <module 'os' from '/home/hy/anaconda3/envs/py396/lib/python3.9/os.py'>	outputs_dir: ./outputs/	outputs_path: /home/hy/project/reid_task/ex_003_10/./outputs/	print_every: 1	seed: 1	taskname: ReID_Task	temps_outputs_path: /home/hy/project/reid_task/ex_003_10/./outputs/temps	test_batch_size: 256	test_every: 5	torch: <module 'torch' from '/home/hy/anaconda3/envs/py396/lib/python3.9/site-packages/torch/__init__.py'>
2024-10-04 18:25:14 INFO Task: ReID_Task
2024-10-04 18:25:14 INFO Using device: cuda
2024-10-04 18:25:14 INFO Using data type: torch.float32
2024-10-04 18:25:14 INFO Number of GPUs: 1
2024-10-04 18:25:14 INFO GPU is_available: True
2024-10-04 18:25:14 INFO GPU name: NVIDIA GeForce RTX 3060
2024-10-04 18:25:14 INFO CUDA version: 12.1
2024-10-04 18:25:14 INFO Current device id: 0
2024-10-04 18:25:14 INFO ##################################################
2024-10-04 18:26:41 INFO Epoch 1/120	Training Loss: 7.7117	Time remaining is 2h:52m
2024-10-04 18:28:06 INFO Epoch 2/120	Training Loss: 6.5539	Time remaining is 2h:49m
2024-10-04 18:29:32 INFO Epoch 3/120	Training Loss: 5.0991	Time remaining is 2h:48m
2024-10-04 18:30:57 INFO Epoch 4/120	Training Loss: 3.7900	Time remaining is 2h:47m
2024-10-04 18:32:22 INFO Epoch 5/120	Training Loss: 2.8953	Time remaining is 2h:45m
2024-10-04 18:33:47 INFO Epoch 6/120	Training Loss: 2.4157	Time remaining is 2h:44m
2024-10-04 18:35:13 INFO Epoch 7/120	Training Loss: 2.1394	Time remaining is 2h:42m
2024-10-04 18:36:39 INFO Epoch 8/120	Training Loss: 1.9703	Time remaining is 2h:41m
2024-10-04 18:38:05 INFO Epoch 9/120	Training Loss: 1.8376	Time remaining is 2h:40m
2024-10-04 18:39:31 INFO Epoch 10/120	Training Loss: 1.7458	Time remaining is 2h:38m
2024-10-04 18:40:56 INFO Epoch 11/120	Training Loss: 1.6349	Time remaining is 2h:37m
2024-10-04 18:42:21 INFO Epoch 12/120	Training Loss: 1.5590	Time remaining is 2h:35m
2024-10-04 18:43:47 INFO Epoch 13/120	Training Loss: 1.5158	Time remaining is 2h:34m
2024-10-04 18:45:13 INFO Epoch 14/120	Training Loss: 1.4690	Time remaining is 2h:33m
2024-10-04 18:46:39 INFO Epoch 15/120	Training Loss: 1.4280	Time remaining is 2h:31m
2024-10-04 18:48:04 INFO Epoch 16/120	Training Loss: 1.3985	Time remaining is 2h:30m
2024-10-04 18:49:30 INFO Epoch 17/120	Training Loss: 1.3553	Time remaining is 2h:28m
2024-10-04 18:50:56 INFO Epoch 18/120	Training Loss: 1.3629	Time remaining is 2h:27m
2024-10-04 18:52:21 INFO Epoch 19/120	Training Loss: 1.3391	Time remaining is 2h:26m
2024-10-04 18:53:46 INFO Epoch 20/120	Training Loss: 1.3252	Time remaining is 2h:24m
2024-10-04 18:55:12 INFO Epoch 21/120	Training Loss: 1.3001	Time remaining is 2h:23m
2024-10-04 18:56:38 INFO Epoch 22/120	Training Loss: 1.2883	Time remaining is 2h:21m
2024-10-04 18:58:04 INFO Epoch 23/120	Training Loss: 1.2743	Time remaining is 2h:20m
2024-10-04 18:59:29 INFO Epoch 24/120	Training Loss: 1.2746	Time remaining is 2h:18m
2024-10-04 19:00:55 INFO Epoch 25/120	Training Loss: 1.2482	Time remaining is 2h:17m
2024-10-04 19:02:21 INFO Epoch 26/120	Training Loss: 1.2571	Time remaining is 2h:16m
2024-10-04 19:03:47 INFO Epoch 27/120	Training Loss: 1.2479	Time remaining is 2h:14m
2024-10-04 19:05:12 INFO Epoch 28/120	Training Loss: 1.2370	Time remaining is 2h:13m
2024-10-04 19:06:38 INFO Epoch 29/120	Training Loss: 1.2286	Time remaining is 2h:11m
2024-10-04 19:08:04 INFO Epoch 30/120	Training Loss: 1.2248	Time remaining is 2h:10m
2024-10-04 19:09:29 INFO Epoch 31/120	Training Loss: 1.2171	Time remaining is 2h:8m
2024-10-04 19:10:55 INFO Epoch 32/120	Training Loss: 1.2198	Time remaining is 2h:7m
2024-10-04 19:12:21 INFO Epoch 33/120	Training Loss: 1.2243	Time remaining is 2h:6m
2024-10-04 19:13:46 INFO Epoch 34/120	Training Loss: 1.2056	Time remaining is 2h:4m
2024-10-04 19:15:12 INFO Epoch 35/120	Training Loss: 1.2036	Time remaining is 2h:3m
2024-10-04 19:16:37 INFO Epoch 36/120	Training Loss: 1.1961	Time remaining is 2h:1m
2024-10-04 19:18:03 INFO Epoch 37/120	Training Loss: 1.1897	Time remaining is 1h:60m
2024-10-04 19:19:28 INFO Epoch 38/120	Training Loss: 1.1985	Time remaining is 1h:58m
2024-10-04 19:20:53 INFO Epoch 39/120	Training Loss: 1.1891	Time remaining is 1h:57m
2024-10-04 19:22:19 INFO Epoch 40/120	Training Loss: 1.1341	Time remaining is 1h:56m
2024-10-04 19:23:44 INFO Epoch 41/120	Training Loss: 1.0899	Time remaining is 1h:54m
2024-10-04 19:25:10 INFO Epoch 42/120	Training Loss: 1.0762	Time remaining is 1h:53m
2024-10-04 19:26:35 INFO Epoch 43/120	Training Loss: 1.0759	Time remaining is 1h:51m
2024-10-04 19:28:00 INFO Epoch 44/120	Training Loss: 1.0597	Time remaining is 1h:50m
2024-10-04 19:29:26 INFO Epoch 45/120	Training Loss: 1.0663	Time remaining is 1h:48m
2024-10-04 19:30:51 INFO Epoch 46/120	Training Loss: 1.0607	Time remaining is 1h:47m
2024-10-04 19:32:17 INFO Epoch 47/120	Training Loss: 1.0713	Time remaining is 1h:46m
2024-10-04 19:33:43 INFO Epoch 48/120	Training Loss: 1.0708	Time remaining is 1h:44m
2024-10-04 19:35:09 INFO Epoch 49/120	Training Loss: 1.0634	Time remaining is 1h:43m
2024-10-04 19:36:34 INFO Epoch 50/120	Training Loss: 1.0623	Time remaining is 1h:41m
2024-10-04 19:38:00 INFO Epoch 51/120	Training Loss: 1.0595	Time remaining is 1h:40m
2024-10-04 19:39:25 INFO Epoch 52/120	Training Loss: 1.0606	Time remaining is 1h:38m
2024-10-04 19:40:51 INFO Epoch 53/120	Training Loss: 1.0634	Time remaining is 1h:37m
2024-10-04 19:42:16 INFO Epoch 54/120	Training Loss: 1.0495	Time remaining is 1h:36m
2024-10-04 19:43:42 INFO Epoch 55/120	Training Loss: 1.0580	Time remaining is 1h:34m
2024-10-04 19:45:08 INFO Epoch 56/120	Training Loss: 1.0609	Time remaining is 1h:33m
2024-10-04 19:46:34 INFO Epoch 57/120	Training Loss: 1.0573	Time remaining is 1h:31m
2024-10-04 19:48:00 INFO Epoch 58/120	Training Loss: 1.0614	Time remaining is 1h:30m
2024-10-04 19:49:26 INFO Epoch 59/120	Training Loss: 1.0607	Time remaining is 1h:28m
2024-10-04 19:50:52 INFO Epoch 60/120	Training Loss: 1.0567	Time remaining is 1h:27m
2024-10-04 19:52:17 INFO Epoch 61/120	Training Loss: 1.0477	Time remaining is 1h:26m
2024-10-04 19:53:43 INFO Epoch 62/120	Training Loss: 1.0558	Time remaining is 1h:24m
2024-10-04 19:55:09 INFO Epoch 63/120	Training Loss: 1.0490	Time remaining is 1h:23m
2024-10-04 19:56:34 INFO Epoch 64/120	Training Loss: 1.0515	Time remaining is 1h:21m
2024-10-04 19:58:00 INFO Epoch 65/120	Training Loss: 1.0482	Time remaining is 1h:20m
2024-10-04 19:59:26 INFO Epoch 66/120	Training Loss: 1.0570	Time remaining is 1h:18m
2024-10-04 20:00:51 INFO Epoch 67/120	Training Loss: 1.0479	Time remaining is 1h:17m
2024-10-04 20:02:17 INFO Epoch 68/120	Training Loss: 1.0474	Time remaining is 1h:16m
2024-10-04 20:03:43 INFO Epoch 69/120	Training Loss: 1.0504	Time remaining is 1h:14m
2024-10-04 20:05:08 INFO Epoch 70/120	Training Loss: 1.0371	Time remaining is 1h:13m
2024-10-04 20:06:34 INFO Epoch 71/120	Training Loss: 1.0418	Time remaining is 1h:11m
2024-10-04 20:08:00 INFO Epoch 72/120	Training Loss: 1.0391	Time remaining is 1h:10m
2024-10-04 20:09:26 INFO Epoch 73/120	Training Loss: 1.0363	Time remaining is 1h:9m
2024-10-04 20:10:51 INFO Epoch 74/120	Training Loss: 1.0279	Time remaining is 1h:7m
2024-10-04 20:12:17 INFO Epoch 75/120	Training Loss: 1.0357	Time remaining is 1h:6m
2024-10-04 20:13:42 INFO Epoch 76/120	Training Loss: 1.0329	Time remaining is 1h:4m
2024-10-04 20:15:08 INFO Epoch 77/120	Training Loss: 1.0313	Time remaining is 1h:3m
2024-10-04 20:16:34 INFO Epoch 78/120	Training Loss: 1.0363	Time remaining is 1h:1m
2024-10-04 20:18:00 INFO Epoch 79/120	Training Loss: 1.0352	Time remaining is 0h:60m
2024-10-04 20:19:25 INFO Epoch 80/120	Training Loss: 1.0252	Time remaining is 0h:59m
2024-10-04 20:20:50 INFO Epoch 81/120	Training Loss: 1.0315	Time remaining is 0h:57m
2024-10-04 20:22:16 INFO Epoch 82/120	Training Loss: 1.0383	Time remaining is 0h:56m
2024-10-04 20:23:42 INFO Epoch 83/120	Training Loss: 1.0405	Time remaining is 0h:54m
2024-10-04 20:25:08 INFO Epoch 84/120	Training Loss: 1.0392	Time remaining is 0h:53m
2024-10-04 20:26:34 INFO Epoch 85/120	Training Loss: 1.0346	Time remaining is 0h:51m
2024-10-04 20:28:00 INFO Epoch 86/120	Training Loss: 1.0320	Time remaining is 0h:50m
2024-10-04 20:29:25 INFO Epoch 87/120	Training Loss: 1.0364	Time remaining is 0h:49m
2024-10-04 20:30:52 INFO Epoch 88/120	Training Loss: 1.0397	Time remaining is 0h:47m
2024-10-04 20:32:17 INFO Epoch 89/120	Training Loss: 1.0313	Time remaining is 0h:46m
2024-10-04 20:33:42 INFO Epoch 90/120	Training Loss: 1.0272	Time remaining is 0h:44m
2024-10-04 20:34:46 INFO Epoch 90/120	Testing: dataset_name: Occluded_Duke top1: 63.348 top5: 77.557 top10: 81.674 mAP: 54.615
2024-10-04 20:36:12 INFO Epoch 91/120	Training Loss: 1.0378	Time remaining is 0h:43m
2024-10-04 20:37:37 INFO Epoch 92/120	Training Loss: 1.0304	Time remaining is 0h:42m
2024-10-04 20:39:03 INFO Epoch 93/120	Training Loss: 1.0320	Time remaining is 0h:40m
2024-10-04 20:40:29 INFO Epoch 94/120	Training Loss: 1.0330	Time remaining is 0h:39m
2024-10-04 20:41:55 INFO Epoch 95/120	Training Loss: 1.0384	Time remaining is 0h:37m
2024-10-04 20:42:59 INFO Epoch 95/120	Testing: dataset_name: Occluded_Duke top1: 63.348 top5: 76.923 top10: 81.448 mAP: 54.449
2024-10-04 20:44:25 INFO Epoch 96/120	Training Loss: 1.0329	Time remaining is 0h:36m
2024-10-04 20:45:50 INFO Epoch 97/120	Training Loss: 1.0290	Time remaining is 0h:35m
2024-10-04 20:47:16 INFO Epoch 98/120	Training Loss: 1.0263	Time remaining is 0h:33m
2024-10-04 20:48:41 INFO Epoch 99/120	Training Loss: 1.0321	Time remaining is 0h:32m
2024-10-04 20:50:07 INFO Epoch 100/120	Training Loss: 1.0336	Time remaining is 0h:30m
2024-10-04 20:51:11 INFO Epoch 100/120	Testing: dataset_name: Occluded_Duke top1: 63.258 top5: 77.511 top10: 81.810 mAP: 54.665
2024-10-04 20:52:36 INFO Epoch 101/120	Training Loss: 1.0331	Time remaining is 0h:29m
2024-10-04 20:54:01 INFO Epoch 102/120	Training Loss: 1.0248	Time remaining is 0h:28m
2024-10-04 20:55:27 INFO Epoch 103/120	Training Loss: 1.0299	Time remaining is 0h:26m
2024-10-04 20:56:53 INFO Epoch 104/120	Training Loss: 1.0354	Time remaining is 0h:25m
2024-10-04 20:58:18 INFO Epoch 105/120	Training Loss: 1.0306	Time remaining is 0h:23m
2024-10-04 20:59:22 INFO Epoch 105/120	Testing: dataset_name: Occluded_Duke top1: 63.937 top5: 77.557 top10: 81.765 mAP: 54.814
2024-10-04 21:00:47 INFO Epoch 106/120	Training Loss: 1.0192	Time remaining is 0h:22m
2024-10-04 21:02:12 INFO Epoch 107/120	Training Loss: 1.0278	Time remaining is 0h:21m
2024-10-04 21:03:38 INFO Epoch 108/120	Training Loss: 1.0306	Time remaining is 0h:19m
2024-10-04 21:05:04 INFO Epoch 109/120	Training Loss: 1.0312	Time remaining is 0h:18m
2024-10-04 21:06:30 INFO Epoch 110/120	Training Loss: 1.0308	Time remaining is 0h:16m
2024-10-04 21:07:33 INFO Epoch 110/120	Testing: dataset_name: Occluded_Duke top1: 63.439 top5: 77.330 top10: 81.403 mAP: 54.515
2024-10-04 21:08:59 INFO Epoch 111/120	Training Loss: 1.0286	Time remaining is 0h:15m
2024-10-04 21:10:24 INFO Epoch 112/120	Training Loss: 1.0243	Time remaining is 0h:13m
2024-10-04 21:11:50 INFO Epoch 113/120	Training Loss: 1.0292	Time remaining is 0h:12m
2024-10-04 21:13:16 INFO Epoch 114/120	Training Loss: 1.0332	Time remaining is 0h:10m
2024-10-04 21:14:41 INFO Epoch 115/120	Training Loss: 1.0279	Time remaining is 0h:9m
2024-10-04 21:15:45 INFO Epoch 115/120	Testing: dataset_name: Occluded_Duke top1: 63.484 top5: 78.145 top10: 82.217 mAP: 55.033
2024-10-04 21:17:11 INFO Epoch 116/120	Training Loss: 1.0336	Time remaining is 0h:7m
2024-10-04 21:18:37 INFO Epoch 117/120	Training Loss: 1.0278	Time remaining is 0h:6m
2024-10-04 21:20:03 INFO Epoch 118/120	Training Loss: 1.0327	Time remaining is 0h:4m
2024-10-04 21:21:29 INFO Epoch 119/120	Training Loss: 1.0370	Time remaining is 0h:3m
2024-10-04 21:22:55 INFO Epoch 120/120	Training Loss: 1.0278	Time remaining is 0h:1m
2024-10-04 21:23:59 INFO Epoch 120/120	Testing: dataset_name: Occluded_Duke top1: 64.208 top5: 78.235 top10: 81.855 mAP: 55.220
2024-10-04 21:23:59 INFO The running time of training: 2.98 h
