2024-10-05 07:34:24 INFO ##################################################
2024-10-05 07:34:24 INFO Config values: batch_size: 60	current_directory: /home/hy/project/reid_task/ex_003_14	dataset_name: Occluded_Duke	dataset_path: /home/hy/project/data/Occluded_Duke	device: cuda	dtype: torch.float32	epoch_start_test: 90	epochs: 120	img_height: 256	img_width: 128	logs_outputs_path: /home/hy/project/reid_task/ex_003_14/./outputs/logs	models_outputs_path: /home/hy/project/reid_task/ex_003_14/./outputs/models	np: <module 'numpy' from '/home/hy/anaconda3/envs/py396/lib/python3.9/site-packages/numpy/__init__.py'>	os: <module 'os' from '/home/hy/anaconda3/envs/py396/lib/python3.9/os.py'>	outputs_dir: ./outputs/	outputs_path: /home/hy/project/reid_task/ex_003_14/./outputs/	print_every: 1	seed: 1	taskname: ReID_Task	temps_outputs_path: /home/hy/project/reid_task/ex_003_14/./outputs/temps	test_batch_size: 256	test_every: 5	torch: <module 'torch' from '/home/hy/anaconda3/envs/py396/lib/python3.9/site-packages/torch/__init__.py'>
2024-10-05 07:34:24 INFO Task: ReID_Task
2024-10-05 07:34:24 INFO Using device: cuda
2024-10-05 07:34:24 INFO Using data type: torch.float32
2024-10-05 07:34:24 INFO Number of GPUs: 1
2024-10-05 07:34:24 INFO GPU is_available: True
2024-10-05 07:34:24 INFO GPU name: NVIDIA GeForce RTX 3060
2024-10-05 07:34:24 INFO CUDA version: 12.1
2024-10-05 07:34:24 INFO Current device id: 0
2024-10-05 07:34:24 INFO ##################################################
2024-10-05 07:35:46 INFO Epoch 1/120	Training Loss: 6.0522	Time remaining is 2h:42m
2024-10-05 07:37:06 INFO Epoch 2/120	Training Loss: 5.0061	Time remaining is 2h:40m
2024-10-05 07:38:27 INFO Epoch 3/120	Training Loss: 3.6728	Time remaining is 2h:39m
2024-10-05 07:39:48 INFO Epoch 4/120	Training Loss: 2.5328	Time remaining is 2h:37m
2024-10-05 07:41:08 INFO Epoch 5/120	Training Loss: 1.8155	Time remaining is 2h:36m
2024-10-05 07:42:29 INFO Epoch 6/120	Training Loss: 1.4814	Time remaining is 2h:35m
2024-10-05 07:43:50 INFO Epoch 7/120	Training Loss: 1.3449	Time remaining is 2h:33m
2024-10-05 07:45:11 INFO Epoch 8/120	Training Loss: 1.2764	Time remaining is 2h:32m
2024-10-05 07:46:32 INFO Epoch 9/120	Training Loss: 1.2478	Time remaining is 2h:31m
2024-10-05 07:47:53 INFO Epoch 10/120	Training Loss: 1.2204	Time remaining is 2h:30m
2024-10-05 07:49:13 INFO Epoch 11/120	Training Loss: 1.1673	Time remaining is 2h:28m
2024-10-05 07:50:34 INFO Epoch 12/120	Training Loss: 1.1429	Time remaining is 2h:27m
2024-10-05 07:51:55 INFO Epoch 13/120	Training Loss: 1.1340	Time remaining is 2h:25m
2024-10-05 07:53:15 INFO Epoch 14/120	Training Loss: 1.1197	Time remaining is 2h:24m
2024-10-05 07:54:36 INFO Epoch 15/120	Training Loss: 1.1098	Time remaining is 2h:23m
2024-10-05 07:55:56 INFO Epoch 16/120	Training Loss: 1.0928	Time remaining is 2h:21m
2024-10-05 07:57:17 INFO Epoch 17/120	Training Loss: 1.0838	Time remaining is 2h:20m
2024-10-05 07:58:38 INFO Epoch 18/120	Training Loss: 1.0929	Time remaining is 2h:19m
2024-10-05 07:59:58 INFO Epoch 19/120	Training Loss: 1.0931	Time remaining is 2h:17m
2024-10-05 08:01:19 INFO Epoch 20/120	Training Loss: 1.0892	Time remaining is 2h:16m
2024-10-05 08:02:40 INFO Epoch 21/120	Training Loss: 1.0771	Time remaining is 2h:15m
2024-10-05 08:04:00 INFO Epoch 22/120	Training Loss: 1.0700	Time remaining is 2h:13m
2024-10-05 08:05:21 INFO Epoch 23/120	Training Loss: 1.0665	Time remaining is 2h:12m
2024-10-05 08:06:42 INFO Epoch 24/120	Training Loss: 1.0627	Time remaining is 2h:10m
2024-10-05 08:08:02 INFO Epoch 25/120	Training Loss: 1.0544	Time remaining is 2h:9m
2024-10-05 08:09:23 INFO Epoch 26/120	Training Loss: 1.0621	Time remaining is 2h:8m
2024-10-05 08:10:44 INFO Epoch 27/120	Training Loss: 1.0524	Time remaining is 2h:6m
2024-10-05 08:12:04 INFO Epoch 28/120	Training Loss: 1.0470	Time remaining is 2h:5m
2024-10-05 08:13:25 INFO Epoch 29/120	Training Loss: 1.0452	Time remaining is 2h:4m
2024-10-05 08:14:46 INFO Epoch 30/120	Training Loss: 1.0492	Time remaining is 2h:2m
2024-10-05 08:16:06 INFO Epoch 31/120	Training Loss: 1.0364	Time remaining is 2h:1m
2024-10-05 08:17:27 INFO Epoch 32/120	Training Loss: 1.0357	Time remaining is 1h:60m
2024-10-05 08:18:48 INFO Epoch 33/120	Training Loss: 1.0465	Time remaining is 1h:58m
2024-10-05 08:20:08 INFO Epoch 34/120	Training Loss: 1.0363	Time remaining is 1h:57m
2024-10-05 08:21:29 INFO Epoch 35/120	Training Loss: 1.0394	Time remaining is 1h:56m
2024-10-05 08:22:50 INFO Epoch 36/120	Training Loss: 1.0350	Time remaining is 1h:54m
2024-10-05 08:24:10 INFO Epoch 37/120	Training Loss: 1.0181	Time remaining is 1h:53m
2024-10-05 08:25:30 INFO Epoch 38/120	Training Loss: 1.0313	Time remaining is 1h:52m
2024-10-05 08:26:51 INFO Epoch 39/120	Training Loss: 1.0244	Time remaining is 1h:50m
2024-10-05 08:28:11 INFO Epoch 40/120	Training Loss: 1.0014	Time remaining is 1h:49m
2024-10-05 08:29:32 INFO Epoch 41/120	Training Loss: 0.9651	Time remaining is 1h:48m
2024-10-05 08:30:52 INFO Epoch 42/120	Training Loss: 0.9549	Time remaining is 1h:46m
2024-10-05 08:32:13 INFO Epoch 43/120	Training Loss: 0.9535	Time remaining is 1h:45m
2024-10-05 08:33:33 INFO Epoch 44/120	Training Loss: 0.9401	Time remaining is 1h:43m
2024-10-05 08:34:53 INFO Epoch 45/120	Training Loss: 0.9436	Time remaining is 1h:42m
2024-10-05 08:36:13 INFO Epoch 46/120	Training Loss: 0.9390	Time remaining is 1h:41m
2024-10-05 08:37:35 INFO Epoch 47/120	Training Loss: 0.9488	Time remaining is 1h:39m
2024-10-05 08:38:55 INFO Epoch 48/120	Training Loss: 0.9458	Time remaining is 1h:38m
2024-10-05 08:40:16 INFO Epoch 49/120	Training Loss: 0.9396	Time remaining is 1h:37m
2024-10-05 08:41:37 INFO Epoch 50/120	Training Loss: 0.9393	Time remaining is 1h:35m
2024-10-05 08:42:57 INFO Epoch 51/120	Training Loss: 0.9372	Time remaining is 1h:34m
2024-10-05 08:44:17 INFO Epoch 52/120	Training Loss: 0.9376	Time remaining is 1h:33m
2024-10-05 08:45:38 INFO Epoch 53/120	Training Loss: 0.9399	Time remaining is 1h:31m
2024-10-05 08:46:58 INFO Epoch 54/120	Training Loss: 0.9297	Time remaining is 1h:30m
2024-10-05 08:48:19 INFO Epoch 55/120	Training Loss: 0.9374	Time remaining is 1h:29m
2024-10-05 08:49:40 INFO Epoch 56/120	Training Loss: 0.9382	Time remaining is 1h:27m
2024-10-05 08:51:01 INFO Epoch 57/120	Training Loss: 0.9373	Time remaining is 1h:26m
2024-10-05 08:52:22 INFO Epoch 58/120	Training Loss: 0.9403	Time remaining is 1h:25m
2024-10-05 08:53:43 INFO Epoch 59/120	Training Loss: 0.9399	Time remaining is 1h:23m
2024-10-05 08:55:04 INFO Epoch 60/120	Training Loss: 0.9356	Time remaining is 1h:22m
2024-10-05 08:56:24 INFO Epoch 61/120	Training Loss: 0.9280	Time remaining is 1h:21m
2024-10-05 08:57:45 INFO Epoch 62/120	Training Loss: 0.9356	Time remaining is 1h:19m
2024-10-05 08:59:06 INFO Epoch 63/120	Training Loss: 0.9292	Time remaining is 1h:18m
2024-10-05 09:00:26 INFO Epoch 64/120	Training Loss: 0.9290	Time remaining is 1h:17m
2024-10-05 09:01:47 INFO Epoch 65/120	Training Loss: 0.9280	Time remaining is 1h:15m
2024-10-05 09:03:08 INFO Epoch 66/120	Training Loss: 0.9365	Time remaining is 1h:14m
2024-10-05 09:04:28 INFO Epoch 67/120	Training Loss: 0.9278	Time remaining is 1h:13m
2024-10-05 09:05:49 INFO Epoch 68/120	Training Loss: 0.9269	Time remaining is 1h:11m
2024-10-05 09:07:10 INFO Epoch 69/120	Training Loss: 0.9317	Time remaining is 1h:10m
2024-10-05 09:08:30 INFO Epoch 70/120	Training Loss: 0.9223	Time remaining is 1h:9m
2024-10-05 09:09:51 INFO Epoch 71/120	Training Loss: 0.9295	Time remaining is 1h:7m
2024-10-05 09:11:12 INFO Epoch 72/120	Training Loss: 0.9256	Time remaining is 1h:6m
2024-10-05 09:12:32 INFO Epoch 73/120	Training Loss: 0.9234	Time remaining is 1h:5m
2024-10-05 09:13:52 INFO Epoch 74/120	Training Loss: 0.9153	Time remaining is 1h:3m
2024-10-05 09:15:13 INFO Epoch 75/120	Training Loss: 0.9209	Time remaining is 1h:2m
2024-10-05 09:16:33 INFO Epoch 76/120	Training Loss: 0.9192	Time remaining is 1h:0m
2024-10-05 09:17:54 INFO Epoch 77/120	Training Loss: 0.9184	Time remaining is 0h:59m
2024-10-05 09:19:14 INFO Epoch 78/120	Training Loss: 0.9236	Time remaining is 0h:58m
2024-10-05 09:20:35 INFO Epoch 79/120	Training Loss: 0.9228	Time remaining is 0h:56m
2024-10-05 09:21:55 INFO Epoch 80/120	Training Loss: 0.9139	Time remaining is 0h:55m
2024-10-05 09:23:16 INFO Epoch 81/120	Training Loss: 0.9193	Time remaining is 0h:54m
2024-10-05 09:24:37 INFO Epoch 82/120	Training Loss: 0.9265	Time remaining is 0h:52m
2024-10-05 09:25:58 INFO Epoch 83/120	Training Loss: 0.9267	Time remaining is 0h:51m
2024-10-05 09:27:19 INFO Epoch 84/120	Training Loss: 0.9237	Time remaining is 0h:50m
2024-10-05 09:28:40 INFO Epoch 85/120	Training Loss: 0.9218	Time remaining is 0h:48m
2024-10-05 09:30:01 INFO Epoch 86/120	Training Loss: 0.9186	Time remaining is 0h:47m
2024-10-05 09:31:21 INFO Epoch 87/120	Training Loss: 0.9228	Time remaining is 0h:46m
2024-10-05 09:32:42 INFO Epoch 88/120	Training Loss: 0.9256	Time remaining is 0h:44m
2024-10-05 09:34:03 INFO Epoch 89/120	Training Loss: 0.9182	Time remaining is 0h:43m
2024-10-05 09:35:23 INFO Epoch 90/120	Training Loss: 0.9139	Time remaining is 0h:42m
2024-10-05 09:36:27 INFO Epoch 90/120	Testing: dataset_name: Occluded_Duke top1: 60.226 top5: 74.842 top10: 80.271 mAP: 51.707
2024-10-05 09:37:49 INFO Epoch 91/120	Training Loss: 0.9240	Time remaining is 0h:41m
2024-10-05 09:39:09 INFO Epoch 92/120	Training Loss: 0.9180	Time remaining is 0h:39m
2024-10-05 09:40:30 INFO Epoch 93/120	Training Loss: 0.9186	Time remaining is 0h:38m
2024-10-05 09:41:51 INFO Epoch 94/120	Training Loss: 0.9210	Time remaining is 0h:37m
2024-10-05 09:43:12 INFO Epoch 95/120	Training Loss: 0.9257	Time remaining is 0h:35m
2024-10-05 09:44:17 INFO Epoch 95/120	Testing: dataset_name: Occluded_Duke top1: 60.452 top5: 74.661 top10: 80.407 mAP: 51.770
2024-10-05 09:45:38 INFO Epoch 96/120	Training Loss: 0.9187	Time remaining is 0h:34m
2024-10-05 09:46:58 INFO Epoch 97/120	Training Loss: 0.9170	Time remaining is 0h:33m
2024-10-05 09:48:18 INFO Epoch 98/120	Training Loss: 0.9134	Time remaining is 0h:31m
2024-10-05 09:49:39 INFO Epoch 99/120	Training Loss: 0.9178	Time remaining is 0h:30m
2024-10-05 09:51:00 INFO Epoch 100/120	Training Loss: 0.9209	Time remaining is 0h:29m
2024-10-05 09:52:05 INFO Epoch 100/120	Testing: dataset_name: Occluded_Duke top1: 60.181 top5: 74.887 top10: 80.136 mAP: 51.734
2024-10-05 09:53:25 INFO Epoch 101/120	Training Loss: 0.9185	Time remaining is 0h:28m
2024-10-05 09:54:46 INFO Epoch 102/120	Training Loss: 0.9125	Time remaining is 0h:26m
2024-10-05 09:56:07 INFO Epoch 103/120	Training Loss: 0.9167	Time remaining is 0h:25m
2024-10-05 09:57:28 INFO Epoch 104/120	Training Loss: 0.9214	Time remaining is 0h:23m
2024-10-05 09:58:48 INFO Epoch 105/120	Training Loss: 0.9168	Time remaining is 0h:22m
2024-10-05 09:59:53 INFO Epoch 105/120	Testing: dataset_name: Occluded_Duke top1: 60.769 top5: 75.023 top10: 80.407 mAP: 52.112
2024-10-05 10:01:13 INFO Epoch 106/120	Training Loss: 0.9089	Time remaining is 0h:21m
2024-10-05 10:02:34 INFO Epoch 107/120	Training Loss: 0.9169	Time remaining is 0h:19m
2024-10-05 10:03:54 INFO Epoch 108/120	Training Loss: 0.9175	Time remaining is 0h:18m
2024-10-05 10:05:15 INFO Epoch 109/120	Training Loss: 0.9197	Time remaining is 0h:17m
2024-10-05 10:06:36 INFO Epoch 110/120	Training Loss: 0.9173	Time remaining is 0h:15m
2024-10-05 10:07:41 INFO Epoch 110/120	Testing: dataset_name: Occluded_Duke top1: 60.000 top5: 74.751 top10: 79.593 mAP: 51.725
2024-10-05 10:09:01 INFO Epoch 111/120	Training Loss: 0.9161	Time remaining is 0h:14m
2024-10-05 10:10:22 INFO Epoch 112/120	Training Loss: 0.9131	Time remaining is 0h:13m
2024-10-05 10:11:42 INFO Epoch 113/120	Training Loss: 0.9169	Time remaining is 0h:11m
2024-10-05 10:13:03 INFO Epoch 114/120	Training Loss: 0.9210	Time remaining is 0h:10m
2024-10-05 10:14:24 INFO Epoch 115/120	Training Loss: 0.9160	Time remaining is 0h:8m
2024-10-05 10:15:29 INFO Epoch 115/120	Testing: dataset_name: Occluded_Duke top1: 60.769 top5: 74.796 top10: 80.317 mAP: 52.176
2024-10-05 10:16:50 INFO Epoch 116/120	Training Loss: 0.9197	Time remaining is 0h:7m
2024-10-05 10:18:10 INFO Epoch 117/120	Training Loss: 0.9170	Time remaining is 0h:6m
2024-10-05 10:19:31 INFO Epoch 118/120	Training Loss: 0.9206	Time remaining is 0h:4m
2024-10-05 10:20:53 INFO Epoch 119/120	Training Loss: 0.9245	Time remaining is 0h:3m
2024-10-05 10:22:13 INFO Epoch 120/120	Training Loss: 0.9165	Time remaining is 0h:1m
2024-10-05 10:23:18 INFO Epoch 120/120	Testing: dataset_name: Occluded_Duke top1: 61.312 top5: 75.294 top10: 80.679 mAP: 52.361
2024-10-05 10:23:18 INFO The running time of training: 2.82 h
