2024-07-24 09:47:06 INFO ##################################################
2024-07-24 09:47:06 INFO Config values: batch_size: 60	current_directory: /home/hy/project/reid_task/ex_002_11	dataset_name: market1501	dataset_path: /home/hy/project/data/Market-1501-v15.09.15	device: cuda	dtype: torch.float32	epoch_start_test: 90	epochs: 300	img_height: 256	img_width: 128	logs_outputs_path: /home/hy/project/reid_task/ex_002_11/./outputs/logs	models_outputs_path: /home/hy/project/reid_task/ex_002_11/./outputs/models	np: <module 'numpy' from '/home/hy/anaconda3/envs/py396/lib/python3.9/site-packages/numpy/__init__.py'>	os: <module 'os' from '/home/hy/anaconda3/envs/py396/lib/python3.9/os.py'>	outputs_dir: ./outputs/	outputs_path: /home/hy/project/reid_task/ex_002_11/./outputs/	print_every: 1	seed: 1	taskname: ReID_Task	temps_outputs_path: /home/hy/project/reid_task/ex_002_11/./outputs/temps	test_batch_size: 256	test_every: 5	torch: <module 'torch' from '/home/hy/anaconda3/envs/py396/lib/python3.9/site-packages/torch/__init__.py'>
2024-07-24 09:47:06 INFO Task: ReID_Task
2024-07-24 09:47:06 INFO Using device: cuda
2024-07-24 09:47:06 INFO Using data type: torch.float32
2024-07-24 09:47:06 INFO Number of GPUs: 1
2024-07-24 09:47:06 INFO GPU is_available: True
2024-07-24 09:47:06 INFO GPU name: NVIDIA GeForce RTX 3060
2024-07-24 09:47:06 INFO CUDA version: 12.1
2024-07-24 09:47:06 INFO Current device id: 0
2024-07-24 09:47:06 INFO ##################################################
2024-07-24 09:48:09 INFO Epoch 1/300	Training Loss: 7.3145	Time remaining is 5h:13m
2024-07-24 09:49:11 INFO Epoch 2/300	Training Loss: 6.5792	Time remaining is 5h:12m
2024-07-24 09:50:14 INFO Epoch 3/300	Training Loss: 5.1691	Time remaining is 5h:11m
2024-07-24 09:51:17 INFO Epoch 4/300	Training Loss: 3.8592	Time remaining is 5h:11m
2024-07-24 09:52:20 INFO Epoch 5/300	Training Loss: 2.8425	Time remaining is 5h:9m
2024-07-24 09:53:22 INFO Epoch 6/300	Training Loss: 2.1900	Time remaining is 5h:8m
2024-07-24 09:54:24 INFO Epoch 7/300	Training Loss: 1.8504	Time remaining is 5h:7m
2024-07-24 09:55:26 INFO Epoch 8/300	Training Loss: 1.6750	Time remaining is 5h:5m
2024-07-24 09:56:29 INFO Epoch 9/300	Training Loss: 1.5752	Time remaining is 5h:4m
2024-07-24 09:57:32 INFO Epoch 10/300	Training Loss: 1.5229	Time remaining is 5h:3m
2024-07-24 09:58:35 INFO Epoch 11/300	Training Loss: 1.4923	Time remaining is 5h:2m
2024-07-24 09:59:37 INFO Epoch 12/300	Training Loss: 1.4305	Time remaining is 5h:1m
2024-07-24 10:00:40 INFO Epoch 13/300	Training Loss: 1.3835	Time remaining is 5h:0m
2024-07-24 10:01:42 INFO Epoch 14/300	Training Loss: 1.3500	Time remaining is 4h:59m
2024-07-24 10:02:45 INFO Epoch 15/300	Training Loss: 1.3363	Time remaining is 4h:58m
2024-07-24 10:03:47 INFO Epoch 16/300	Training Loss: 1.3233	Time remaining is 4h:57m
2024-07-24 10:04:50 INFO Epoch 17/300	Training Loss: 1.3113	Time remaining is 4h:56m
2024-07-24 10:05:52 INFO Epoch 18/300	Training Loss: 1.3058	Time remaining is 4h:55m
2024-07-24 10:06:54 INFO Epoch 19/300	Training Loss: 1.2978	Time remaining is 4h:54m
2024-07-24 10:07:57 INFO Epoch 20/300	Training Loss: 1.3001	Time remaining is 4h:53m
2024-07-24 10:09:00 INFO Epoch 21/300	Training Loss: 1.2949	Time remaining is 4h:52m
2024-07-24 10:10:02 INFO Epoch 22/300	Training Loss: 1.2941	Time remaining is 4h:51m
2024-07-24 10:11:05 INFO Epoch 23/300	Training Loss: 1.2968	Time remaining is 4h:50m
2024-07-24 10:12:08 INFO Epoch 24/300	Training Loss: 1.3019	Time remaining is 4h:49m
2024-07-24 10:13:11 INFO Epoch 25/300	Training Loss: 1.3036	Time remaining is 4h:48m
2024-07-24 10:14:13 INFO Epoch 26/300	Training Loss: 1.3017	Time remaining is 4h:47m
2024-07-24 10:15:16 INFO Epoch 27/300	Training Loss: 1.2985	Time remaining is 4h:46m
2024-07-24 10:16:19 INFO Epoch 28/300	Training Loss: 1.2901	Time remaining is 4h:45m
2024-07-24 10:17:21 INFO Epoch 29/300	Training Loss: 1.2912	Time remaining is 4h:44m
2024-07-24 10:18:23 INFO Epoch 30/300	Training Loss: 1.2865	Time remaining is 4h:43m
2024-07-24 10:19:26 INFO Epoch 31/300	Training Loss: 1.2910	Time remaining is 4h:42m
2024-07-24 10:20:28 INFO Epoch 32/300	Training Loss: 1.2842	Time remaining is 4h:40m
2024-07-24 10:21:31 INFO Epoch 33/300	Training Loss: 1.2723	Time remaining is 4h:39m
2024-07-24 10:22:34 INFO Epoch 34/300	Training Loss: 1.2838	Time remaining is 4h:38m
2024-07-24 10:23:37 INFO Epoch 35/300	Training Loss: 1.2776	Time remaining is 4h:37m
2024-07-24 10:24:39 INFO Epoch 36/300	Training Loss: 1.2808	Time remaining is 4h:36m
2024-07-24 10:25:42 INFO Epoch 37/300	Training Loss: 1.2642	Time remaining is 4h:35m
2024-07-24 10:26:45 INFO Epoch 38/300	Training Loss: 1.2674	Time remaining is 4h:34m
2024-07-24 10:27:47 INFO Epoch 39/300	Training Loss: 1.2745	Time remaining is 4h:33m
2024-07-24 10:28:50 INFO Epoch 40/300	Training Loss: 1.2612	Time remaining is 4h:32m
2024-07-24 10:29:52 INFO Epoch 41/300	Training Loss: 1.1920	Time remaining is 4h:31m
2024-07-24 10:30:55 INFO Epoch 42/300	Training Loss: 1.1244	Time remaining is 4h:30m
2024-07-24 10:31:57 INFO Epoch 43/300	Training Loss: 1.1079	Time remaining is 4h:29m
2024-07-24 10:33:00 INFO Epoch 44/300	Training Loss: 1.0997	Time remaining is 4h:28m
2024-07-24 10:34:03 INFO Epoch 45/300	Training Loss: 1.0959	Time remaining is 4h:27m
2024-07-24 10:35:05 INFO Epoch 46/300	Training Loss: 1.0903	Time remaining is 4h:26m
2024-07-24 10:36:07 INFO Epoch 47/300	Training Loss: 1.0792	Time remaining is 4h:25m
2024-07-24 10:37:10 INFO Epoch 48/300	Training Loss: 1.0845	Time remaining is 4h:24m
2024-07-24 10:38:12 INFO Epoch 49/300	Training Loss: 1.0756	Time remaining is 4h:23m
2024-07-24 10:39:15 INFO Epoch 50/300	Training Loss: 1.0761	Time remaining is 4h:22m
2024-07-24 10:40:17 INFO Epoch 51/300	Training Loss: 1.0706	Time remaining is 4h:21m
2024-07-24 10:41:20 INFO Epoch 52/300	Training Loss: 1.0713	Time remaining is 4h:20m
2024-07-24 10:42:23 INFO Epoch 53/300	Training Loss: 1.0692	Time remaining is 4h:19m
2024-07-24 10:43:26 INFO Epoch 54/300	Training Loss: 1.0655	Time remaining is 4h:18m
2024-07-24 10:44:29 INFO Epoch 55/300	Training Loss: 1.0671	Time remaining is 4h:17m
2024-07-24 10:45:32 INFO Epoch 56/300	Training Loss: 1.0698	Time remaining is 4h:16m
2024-07-24 10:46:34 INFO Epoch 57/300	Training Loss: 1.0588	Time remaining is 4h:15m
2024-07-24 10:47:36 INFO Epoch 58/300	Training Loss: 1.0650	Time remaining is 4h:13m
2024-07-24 10:48:39 INFO Epoch 59/300	Training Loss: 1.0639	Time remaining is 4h:12m
2024-07-24 10:49:42 INFO Epoch 60/300	Training Loss: 1.0605	Time remaining is 4h:11m
2024-07-24 10:50:45 INFO Epoch 61/300	Training Loss: 1.0632	Time remaining is 4h:10m
2024-07-24 10:51:47 INFO Epoch 62/300	Training Loss: 1.0578	Time remaining is 4h:9m
2024-07-24 10:52:50 INFO Epoch 63/300	Training Loss: 1.0575	Time remaining is 4h:8m
2024-07-24 10:53:53 INFO Epoch 64/300	Training Loss: 1.0545	Time remaining is 4h:7m
2024-07-24 10:54:56 INFO Epoch 65/300	Training Loss: 1.0519	Time remaining is 4h:6m
2024-07-24 10:55:59 INFO Epoch 66/300	Training Loss: 1.0540	Time remaining is 4h:5m
2024-07-24 10:57:02 INFO Epoch 67/300	Training Loss: 1.0579	Time remaining is 4h:4m
2024-07-24 10:58:05 INFO Epoch 68/300	Training Loss: 1.0519	Time remaining is 4h:3m
2024-07-24 10:59:07 INFO Epoch 69/300	Training Loss: 1.0457	Time remaining is 4h:2m
2024-07-24 11:00:10 INFO Epoch 70/300	Training Loss: 1.0504	Time remaining is 4h:1m
2024-07-24 11:01:12 INFO Epoch 71/300	Training Loss: 1.0480	Time remaining is 4h:0m
2024-07-24 11:02:15 INFO Epoch 72/300	Training Loss: 1.0439	Time remaining is 3h:59m
2024-07-24 11:03:17 INFO Epoch 73/300	Training Loss: 1.0400	Time remaining is 3h:58m
2024-07-24 11:04:20 INFO Epoch 74/300	Training Loss: 1.0364	Time remaining is 3h:57m
2024-07-24 11:05:22 INFO Epoch 75/300	Training Loss: 1.0357	Time remaining is 3h:56m
2024-07-24 11:06:24 INFO Epoch 76/300	Training Loss: 1.0312	Time remaining is 3h:55m
2024-07-24 11:07:27 INFO Epoch 77/300	Training Loss: 1.0391	Time remaining is 3h:54m
2024-07-24 11:08:30 INFO Epoch 78/300	Training Loss: 1.0314	Time remaining is 3h:53m
2024-07-24 11:09:33 INFO Epoch 79/300	Training Loss: 1.0379	Time remaining is 3h:52m
2024-07-24 11:10:35 INFO Epoch 80/300	Training Loss: 1.0367	Time remaining is 3h:51m
2024-07-24 11:11:38 INFO Epoch 81/300	Training Loss: 1.0364	Time remaining is 3h:50m
2024-07-24 11:12:40 INFO Epoch 82/300	Training Loss: 1.0357	Time remaining is 3h:49m
2024-07-24 11:13:43 INFO Epoch 83/300	Training Loss: 1.0347	Time remaining is 3h:47m
2024-07-24 11:14:46 INFO Epoch 84/300	Training Loss: 1.0340	Time remaining is 3h:46m
2024-07-24 11:15:49 INFO Epoch 85/300	Training Loss: 1.0372	Time remaining is 3h:45m
2024-07-24 11:16:52 INFO Epoch 86/300	Training Loss: 1.0365	Time remaining is 3h:44m
2024-07-24 11:17:54 INFO Epoch 87/300	Training Loss: 1.0348	Time remaining is 3h:43m
2024-07-24 11:18:57 INFO Epoch 88/300	Training Loss: 1.0282	Time remaining is 3h:42m
2024-07-24 11:19:59 INFO Epoch 89/300	Training Loss: 1.0345	Time remaining is 3h:41m
2024-07-24 11:21:02 INFO Epoch 90/300	Training Loss: 1.0336	Time remaining is 3h:40m
2024-07-24 11:22:14 INFO Testing: dataset_name: market1501 top1: 93.735 top5: 97.922 top10: 98.694 mAP: 85.292
2024-07-24 11:23:16 INFO Epoch 91/300	Training Loss: 1.0339	Time remaining is 3h:42m
2024-07-24 11:24:19 INFO Epoch 92/300	Training Loss: 1.0270	Time remaining is 3h:41m
2024-07-24 11:25:21 INFO Epoch 93/300	Training Loss: 1.0348	Time remaining is 3h:40m
2024-07-24 11:26:24 INFO Epoch 94/300	Training Loss: 1.0322	Time remaining is 3h:39m
2024-07-24 11:27:26 INFO Epoch 95/300	Training Loss: 1.0279	Time remaining is 3h:38m
2024-07-24 11:28:38 INFO Testing: dataset_name: market1501 top1: 93.884 top5: 97.981 top10: 98.634 mAP: 85.259
2024-07-24 11:29:41 INFO Epoch 96/300	Training Loss: 1.0330	Time remaining is 3h:39m
2024-07-24 11:30:43 INFO Epoch 97/300	Training Loss: 1.0254	Time remaining is 3h:38m
2024-07-24 11:31:46 INFO Epoch 98/300	Training Loss: 1.0342	Time remaining is 3h:37m
2024-07-24 11:32:49 INFO Epoch 99/300	Training Loss: 1.0328	Time remaining is 3h:36m
2024-07-24 11:33:51 INFO Epoch 100/300	Training Loss: 1.0288	Time remaining is 3h:35m
2024-07-24 11:35:03 INFO Testing: dataset_name: market1501 top1: 93.705 top5: 98.011 top10: 98.664 mAP: 85.298
2024-07-24 11:36:06 INFO Epoch 101/300	Training Loss: 1.0334	Time remaining is 3h:36m
2024-07-24 11:37:09 INFO Epoch 102/300	Training Loss: 1.0321	Time remaining is 3h:35m
2024-07-24 11:38:11 INFO Epoch 103/300	Training Loss: 1.0293	Time remaining is 3h:34m
2024-07-24 11:39:14 INFO Epoch 104/300	Training Loss: 1.0301	Time remaining is 3h:32m
2024-07-24 11:40:17 INFO Epoch 105/300	Training Loss: 1.0369	Time remaining is 3h:31m
2024-07-24 11:41:29 INFO Testing: dataset_name: market1501 top1: 93.884 top5: 98.129 top10: 98.812 mAP: 85.461
2024-07-24 11:42:32 INFO Epoch 106/300	Training Loss: 1.0308	Time remaining is 3h:32m
2024-07-24 11:43:34 INFO Epoch 107/300	Training Loss: 1.0253	Time remaining is 3h:31m
2024-07-24 11:44:37 INFO Epoch 108/300	Training Loss: 1.0331	Time remaining is 3h:30m
2024-07-24 11:45:39 INFO Epoch 109/300	Training Loss: 1.0294	Time remaining is 3h:29m
2024-07-24 11:46:42 INFO Epoch 110/300	Training Loss: 1.0289	Time remaining is 3h:28m
2024-07-24 11:47:54 INFO Testing: dataset_name: market1501 top1: 93.854 top5: 98.070 top10: 98.783 mAP: 85.541
2024-07-24 11:48:56 INFO Epoch 111/300	Training Loss: 1.0231	Time remaining is 3h:29m
2024-07-24 11:49:59 INFO Epoch 112/300	Training Loss: 1.0281	Time remaining is 3h:27m
2024-07-24 11:51:02 INFO Epoch 113/300	Training Loss: 1.0280	Time remaining is 3h:26m
2024-07-24 11:52:04 INFO Epoch 114/300	Training Loss: 1.0247	Time remaining is 3h:25m
2024-07-24 11:53:08 INFO Epoch 115/300	Training Loss: 1.0342	Time remaining is 3h:24m
2024-07-24 11:54:20 INFO Testing: dataset_name: market1501 top1: 93.913 top5: 98.100 top10: 98.783 mAP: 85.603
2024-07-24 11:55:22 INFO Epoch 116/300	Training Loss: 1.0290	Time remaining is 3h:25m
2024-07-24 11:56:25 INFO Epoch 117/300	Training Loss: 1.0291	Time remaining is 3h:23m
2024-07-24 11:57:28 INFO Epoch 118/300	Training Loss: 1.0281	Time remaining is 3h:22m
2024-07-24 11:58:31 INFO Epoch 119/300	Training Loss: 1.0352	Time remaining is 3h:21m
2024-07-24 11:59:33 INFO Epoch 120/300	Training Loss: 1.0231	Time remaining is 3h:20m
2024-07-24 12:00:45 INFO Testing: dataset_name: market1501 top1: 94.032 top5: 98.159 top10: 98.783 mAP: 85.732
2024-07-24 12:01:48 INFO Epoch 121/300	Training Loss: 1.0283	Time remaining is 3h:20m
2024-07-24 12:02:51 INFO Epoch 122/300	Training Loss: 1.0259	Time remaining is 3h:19m
2024-07-24 12:03:53 INFO Epoch 123/300	Training Loss: 1.0281	Time remaining is 3h:18m
2024-07-24 12:04:56 INFO Epoch 124/300	Training Loss: 1.0230	Time remaining is 3h:17m
2024-07-24 12:05:59 INFO Epoch 125/300	Training Loss: 1.0274	Time remaining is 3h:16m
2024-07-24 12:07:11 INFO Testing: dataset_name: market1501 top1: 94.121 top5: 98.219 top10: 98.842 mAP: 85.870
2024-07-24 12:08:13 INFO Epoch 126/300	Training Loss: 1.0263	Time remaining is 3h:16m
2024-07-24 12:09:16 INFO Epoch 127/300	Training Loss: 1.0273	Time remaining is 3h:15m
2024-07-24 12:10:19 INFO Epoch 128/300	Training Loss: 1.0272	Time remaining is 3h:14m
2024-07-24 12:11:22 INFO Epoch 129/300	Training Loss: 1.0282	Time remaining is 3h:12m
2024-07-24 12:12:25 INFO Epoch 130/300	Training Loss: 1.0281	Time remaining is 3h:11m
2024-07-24 12:13:37 INFO Testing: dataset_name: market1501 top1: 93.884 top5: 98.219 top10: 98.812 mAP: 85.865
2024-07-24 12:14:39 INFO Epoch 131/300	Training Loss: 1.0232	Time remaining is 3h:11m
2024-07-24 12:15:42 INFO Epoch 132/300	Training Loss: 1.0265	Time remaining is 3h:10m
2024-07-24 12:16:44 INFO Epoch 133/300	Training Loss: 1.0212	Time remaining is 3h:9m
2024-07-24 12:17:47 INFO Epoch 134/300	Training Loss: 1.0272	Time remaining is 3h:8m
2024-07-24 12:18:49 INFO Epoch 135/300	Training Loss: 1.0212	Time remaining is 3h:7m
2024-07-24 12:20:01 INFO Testing: dataset_name: market1501 top1: 94.091 top5: 98.189 top10: 98.783 mAP: 86.020
2024-07-24 12:21:04 INFO Epoch 136/300	Training Loss: 1.0217	Time remaining is 3h:7m
2024-07-24 12:22:06 INFO Epoch 137/300	Training Loss: 1.0263	Time remaining is 3h:6m
2024-07-24 12:23:09 INFO Epoch 138/300	Training Loss: 1.0277	Time remaining is 3h:4m
2024-07-24 12:24:12 INFO Epoch 139/300	Training Loss: 1.0208	Time remaining is 3h:3m
2024-07-24 12:25:14 INFO Epoch 140/300	Training Loss: 1.0255	Time remaining is 3h:2m
2024-07-24 12:26:27 INFO Testing: dataset_name: market1501 top1: 94.210 top5: 98.189 top10: 98.872 mAP: 85.996
2024-07-24 12:27:29 INFO Epoch 141/300	Training Loss: 1.0246	Time remaining is 3h:2m
2024-07-24 12:28:32 INFO Epoch 142/300	Training Loss: 1.0257	Time remaining is 3h:1m
2024-07-24 12:29:35 INFO Epoch 143/300	Training Loss: 1.0258	Time remaining is 2h:60m
2024-07-24 12:30:37 INFO Epoch 144/300	Training Loss: 1.0249	Time remaining is 2h:58m
2024-07-24 12:31:40 INFO Epoch 145/300	Training Loss: 1.0271	Time remaining is 2h:57m
2024-07-24 12:32:52 INFO Testing: dataset_name: market1501 top1: 94.240 top5: 98.189 top10: 98.753 mAP: 86.128
2024-07-24 12:33:55 INFO Epoch 146/300	Training Loss: 1.0254	Time remaining is 2h:57m
2024-07-24 12:34:58 INFO Epoch 147/300	Training Loss: 1.0252	Time remaining is 2h:56m
2024-07-24 12:36:01 INFO Epoch 148/300	Training Loss: 1.0242	Time remaining is 2h:55m
2024-07-24 12:37:04 INFO Epoch 149/300	Training Loss: 1.0309	Time remaining is 2h:53m
2024-07-24 12:38:07 INFO Epoch 150/300	Training Loss: 1.0192	Time remaining is 2h:52m
2024-07-24 12:39:19 INFO Testing: dataset_name: market1501 top1: 94.151 top5: 98.189 top10: 98.812 mAP: 86.087
2024-07-24 12:40:21 INFO Epoch 151/300	Training Loss: 1.0250	Time remaining is 2h:52m
2024-07-24 12:41:24 INFO Epoch 152/300	Training Loss: 1.0233	Time remaining is 2h:51m
2024-07-24 12:42:27 INFO Epoch 153/300	Training Loss: 1.0229	Time remaining is 2h:50m
2024-07-24 12:43:30 INFO Epoch 154/300	Training Loss: 1.0249	Time remaining is 2h:48m
2024-07-24 12:44:32 INFO Epoch 155/300	Training Loss: 1.0250	Time remaining is 2h:47m
2024-07-24 12:45:44 INFO Testing: dataset_name: market1501 top1: 94.240 top5: 98.189 top10: 98.901 mAP: 86.339
2024-07-24 12:46:47 INFO Epoch 156/300	Training Loss: 1.0188	Time remaining is 2h:47m
2024-07-24 12:47:50 INFO Epoch 157/300	Training Loss: 1.0248	Time remaining is 2h:46m
2024-07-24 12:48:52 INFO Epoch 158/300	Training Loss: 1.0202	Time remaining is 2h:45m
2024-07-24 12:49:55 INFO Epoch 159/300	Training Loss: 1.0229	Time remaining is 2h:43m
2024-07-24 12:50:57 INFO Epoch 160/300	Training Loss: 1.0163	Time remaining is 2h:42m
2024-07-24 12:52:09 INFO Testing: dataset_name: market1501 top1: 94.270 top5: 98.278 top10: 98.872 mAP: 86.293
2024-07-24 12:53:12 INFO Epoch 161/300	Training Loss: 1.0233	Time remaining is 2h:42m
2024-07-24 12:54:14 INFO Epoch 162/300	Training Loss: 1.0228	Time remaining is 2h:41m
2024-07-24 12:55:17 INFO Epoch 163/300	Training Loss: 1.0184	Time remaining is 2h:39m
2024-07-24 12:56:20 INFO Epoch 164/300	Training Loss: 1.0221	Time remaining is 2h:38m
2024-07-24 12:57:22 INFO Epoch 165/300	Training Loss: 1.0186	Time remaining is 2h:37m
2024-07-24 12:58:34 INFO Testing: dataset_name: market1501 top1: 94.359 top5: 98.219 top10: 98.931 mAP: 86.458
2024-07-24 12:59:36 INFO Epoch 166/300	Training Loss: 1.0183	Time remaining is 2h:37m
2024-07-24 13:00:39 INFO Epoch 167/300	Training Loss: 1.0219	Time remaining is 2h:35m
2024-07-24 13:01:41 INFO Epoch 168/300	Training Loss: 1.0170	Time remaining is 2h:34m
2024-07-24 13:02:44 INFO Epoch 169/300	Training Loss: 1.0280	Time remaining is 2h:33m
2024-07-24 13:03:47 INFO Epoch 170/300	Training Loss: 1.0210	Time remaining is 2h:32m
2024-07-24 13:04:59 INFO Testing: dataset_name: market1501 top1: 94.240 top5: 98.278 top10: 98.990 mAP: 86.363
2024-07-24 13:06:02 INFO Epoch 171/300	Training Loss: 1.0207	Time remaining is 2h:31m
2024-07-24 13:07:05 INFO Epoch 172/300	Training Loss: 1.0215	Time remaining is 2h:30m
2024-07-24 13:08:07 INFO Epoch 173/300	Training Loss: 1.0211	Time remaining is 2h:29m
2024-07-24 13:09:10 INFO Epoch 174/300	Training Loss: 1.0173	Time remaining is 2h:27m
2024-07-24 13:10:13 INFO Epoch 175/300	Training Loss: 1.0202	Time remaining is 2h:26m
2024-07-24 13:11:25 INFO Testing: dataset_name: market1501 top1: 94.270 top5: 98.278 top10: 98.872 mAP: 86.464
2024-07-24 13:12:27 INFO Epoch 176/300	Training Loss: 1.0220	Time remaining is 2h:26m
2024-07-24 13:13:30 INFO Epoch 177/300	Training Loss: 1.0166	Time remaining is 2h:25m
2024-07-24 13:14:32 INFO Epoch 178/300	Training Loss: 1.0196	Time remaining is 2h:23m
2024-07-24 13:15:35 INFO Epoch 179/300	Training Loss: 1.0179	Time remaining is 2h:22m
2024-07-24 13:16:37 INFO Epoch 180/300	Training Loss: 1.0160	Time remaining is 2h:21m
2024-07-24 13:17:50 INFO Testing: dataset_name: market1501 top1: 94.240 top5: 98.219 top10: 98.931 mAP: 86.535
2024-07-24 13:18:52 INFO Epoch 181/300	Training Loss: 1.0231	Time remaining is 2h:20m
2024-07-24 13:19:55 INFO Epoch 182/300	Training Loss: 1.0208	Time remaining is 2h:19m
2024-07-24 13:20:57 INFO Epoch 183/300	Training Loss: 1.0163	Time remaining is 2h:18m
2024-07-24 13:22:00 INFO Epoch 184/300	Training Loss: 1.0169	Time remaining is 2h:17m
2024-07-24 13:23:02 INFO Epoch 185/300	Training Loss: 1.0215	Time remaining is 2h:15m
2024-07-24 13:24:14 INFO Testing: dataset_name: market1501 top1: 94.477 top5: 98.248 top10: 98.901 mAP: 86.499
2024-07-24 13:25:17 INFO Epoch 186/300	Training Loss: 1.0151	Time remaining is 2h:15m
2024-07-24 13:26:19 INFO Epoch 187/300	Training Loss: 1.0196	Time remaining is 2h:14m
2024-07-24 13:27:22 INFO Epoch 188/300	Training Loss: 1.0199	Time remaining is 2h:12m
2024-07-24 13:28:25 INFO Epoch 189/300	Training Loss: 1.0224	Time remaining is 2h:11m
2024-07-24 13:29:28 INFO Epoch 190/300	Training Loss: 1.0196	Time remaining is 2h:10m
2024-07-24 13:30:40 INFO Testing: dataset_name: market1501 top1: 94.685 top5: 98.367 top10: 99.020 mAP: 86.662
2024-07-24 13:31:43 INFO Epoch 191/300	Training Loss: 1.0200	Time remaining is 2h:9m
2024-07-24 13:32:46 INFO Epoch 192/300	Training Loss: 1.0214	Time remaining is 2h:8m
2024-07-24 13:33:48 INFO Epoch 193/300	Training Loss: 1.0133	Time remaining is 2h:7m
2024-07-24 13:34:51 INFO Epoch 194/300	Training Loss: 1.0193	Time remaining is 2h:6m
2024-07-24 13:35:54 INFO Epoch 195/300	Training Loss: 1.0143	Time remaining is 2h:4m
2024-07-24 13:37:06 INFO Testing: dataset_name: market1501 top1: 94.448 top5: 98.278 top10: 98.901 mAP: 86.678
2024-07-24 13:38:09 INFO Epoch 196/300	Training Loss: 1.0202	Time remaining is 2h:4m
2024-07-24 13:39:11 INFO Epoch 197/300	Training Loss: 1.0163	Time remaining is 2h:3m
2024-07-24 13:40:14 INFO Epoch 198/300	Training Loss: 1.0137	Time remaining is 2h:1m
2024-07-24 13:41:17 INFO Epoch 199/300	Training Loss: 1.0192	Time remaining is 2h:0m
2024-07-24 13:42:20 INFO Epoch 200/300	Training Loss: 1.0187	Time remaining is 1h:59m
2024-07-24 13:43:32 INFO Testing: dataset_name: market1501 top1: 94.477 top5: 98.337 top10: 98.961 mAP: 86.524
2024-07-24 13:44:34 INFO Epoch 201/300	Training Loss: 1.0115	Time remaining is 1h:58m
2024-07-24 13:45:37 INFO Epoch 202/300	Training Loss: 1.0189	Time remaining is 1h:57m
2024-07-24 13:46:41 INFO Epoch 203/300	Training Loss: 1.0226	Time remaining is 1h:56m
2024-07-24 13:47:43 INFO Epoch 204/300	Training Loss: 1.0130	Time remaining is 1h:54m
2024-07-24 13:48:46 INFO Epoch 205/300	Training Loss: 1.0179	Time remaining is 1h:53m
2024-07-24 13:49:58 INFO Testing: dataset_name: market1501 top1: 94.329 top5: 98.337 top10: 98.901 mAP: 86.610
2024-07-24 13:51:01 INFO Epoch 206/300	Training Loss: 1.0186	Time remaining is 1h:52m
2024-07-24 13:52:04 INFO Epoch 207/300	Training Loss: 1.0238	Time remaining is 1h:51m
2024-07-24 13:53:07 INFO Epoch 208/300	Training Loss: 1.0189	Time remaining is 1h:50m
2024-07-24 13:54:10 INFO Epoch 209/300	Training Loss: 1.0185	Time remaining is 1h:49m
2024-07-24 13:55:13 INFO Epoch 210/300	Training Loss: 1.0126	Time remaining is 1h:48m
2024-07-24 13:56:25 INFO Testing: dataset_name: market1501 top1: 94.507 top5: 98.397 top10: 98.901 mAP: 86.664
2024-07-24 13:57:28 INFO Epoch 211/300	Training Loss: 1.0164	Time remaining is 1h:47m
2024-07-24 13:58:31 INFO Epoch 212/300	Training Loss: 1.0160	Time remaining is 1h:46m
2024-07-24 13:59:33 INFO Epoch 213/300	Training Loss: 1.0106	Time remaining is 1h:44m
2024-07-24 14:00:36 INFO Epoch 214/300	Training Loss: 1.0183	Time remaining is 1h:43m
2024-07-24 14:01:39 INFO Epoch 215/300	Training Loss: 1.0121	Time remaining is 1h:42m
2024-07-24 14:02:51 INFO Testing: dataset_name: market1501 top1: 94.388 top5: 98.337 top10: 98.901 mAP: 86.694
2024-07-24 14:03:53 INFO Epoch 216/300	Training Loss: 1.0106	Time remaining is 1h:41m
2024-07-24 14:04:56 INFO Epoch 217/300	Training Loss: 1.0172	Time remaining is 1h:40m
2024-07-24 14:05:59 INFO Epoch 218/300	Training Loss: 1.0226	Time remaining is 1h:39m
2024-07-24 14:07:02 INFO Epoch 219/300	Training Loss: 1.0161	Time remaining is 1h:37m
2024-07-24 14:08:04 INFO Epoch 220/300	Training Loss: 1.0169	Time remaining is 1h:36m
2024-07-24 14:09:16 INFO Testing: dataset_name: market1501 top1: 94.567 top5: 98.397 top10: 98.931 mAP: 86.797
2024-07-24 14:10:19 INFO Epoch 221/300	Training Loss: 1.0132	Time remaining is 1h:35m
2024-07-24 14:11:22 INFO Epoch 222/300	Training Loss: 1.0168	Time remaining is 1h:34m
2024-07-24 14:12:25 INFO Epoch 223/300	Training Loss: 1.0167	Time remaining is 1h:33m
2024-07-24 14:13:27 INFO Epoch 224/300	Training Loss: 1.0094	Time remaining is 1h:32m
2024-07-24 14:14:30 INFO Epoch 225/300	Training Loss: 1.0201	Time remaining is 1h:30m
2024-07-24 14:15:42 INFO Testing: dataset_name: market1501 top1: 94.804 top5: 98.337 top10: 98.901 mAP: 86.816
2024-07-24 14:16:45 INFO Epoch 226/300	Training Loss: 1.0161	Time remaining is 1h:29m
2024-07-24 14:17:48 INFO Epoch 227/300	Training Loss: 1.0154	Time remaining is 1h:28m
2024-07-24 14:18:50 INFO Epoch 228/300	Training Loss: 1.0155	Time remaining is 1h:27m
2024-07-24 14:19:54 INFO Epoch 229/300	Training Loss: 1.0204	Time remaining is 1h:26m
2024-07-24 14:20:56 INFO Epoch 230/300	Training Loss: 1.0143	Time remaining is 1h:25m
2024-07-24 14:22:09 INFO Testing: dataset_name: market1501 top1: 94.359 top5: 98.367 top10: 98.961 mAP: 86.882
2024-07-24 14:23:11 INFO Epoch 231/300	Training Loss: 1.0120	Time remaining is 1h:24m
2024-07-24 14:24:14 INFO Epoch 232/300	Training Loss: 1.0086	Time remaining is 1h:22m
2024-07-24 14:25:16 INFO Epoch 233/300	Training Loss: 1.0144	Time remaining is 1h:21m
2024-07-24 14:26:19 INFO Epoch 234/300	Training Loss: 1.0104	Time remaining is 1h:20m
2024-07-24 14:27:21 INFO Epoch 235/300	Training Loss: 1.0112	Time remaining is 1h:19m
2024-07-24 14:28:34 INFO Testing: dataset_name: market1501 top1: 94.299 top5: 98.367 top10: 98.961 mAP: 86.801
2024-07-24 14:29:37 INFO Epoch 236/300	Training Loss: 1.0198	Time remaining is 1h:18m
2024-07-24 14:30:40 INFO Epoch 237/300	Training Loss: 1.0139	Time remaining is 1h:17m
2024-07-24 14:31:42 INFO Epoch 238/300	Training Loss: 1.0088	Time remaining is 1h:15m
2024-07-24 14:32:45 INFO Epoch 239/300	Training Loss: 1.0089	Time remaining is 1h:14m
2024-07-24 14:33:47 INFO Epoch 240/300	Training Loss: 1.0128	Time remaining is 1h:13m
2024-07-24 14:34:59 INFO Testing: dataset_name: market1501 top1: 94.715 top5: 98.456 top10: 98.931 mAP: 86.875
2024-07-24 14:36:02 INFO Epoch 241/300	Training Loss: 1.0161	Time remaining is 1h:12m
2024-07-24 14:37:05 INFO Epoch 242/300	Training Loss: 1.0145	Time remaining is 1h:11m
2024-07-24 14:38:07 INFO Epoch 243/300	Training Loss: 1.0086	Time remaining is 1h:9m
2024-07-24 14:39:10 INFO Epoch 244/300	Training Loss: 1.0092	Time remaining is 1h:8m
2024-07-24 14:40:12 INFO Epoch 245/300	Training Loss: 1.0141	Time remaining is 1h:7m
2024-07-24 14:41:24 INFO Testing: dataset_name: market1501 top1: 94.685 top5: 98.397 top10: 98.961 mAP: 86.757
2024-07-24 14:42:27 INFO Epoch 246/300	Training Loss: 1.0125	Time remaining is 1h:6m
2024-07-24 14:43:30 INFO Epoch 247/300	Training Loss: 1.0137	Time remaining is 1h:5m
2024-07-24 14:44:33 INFO Epoch 248/300	Training Loss: 1.0128	Time remaining is 1h:4m
2024-07-24 14:45:35 INFO Epoch 249/300	Training Loss: 1.0086	Time remaining is 1h:2m
2024-07-24 14:46:37 INFO Epoch 250/300	Training Loss: 1.0069	Time remaining is 1h:1m
2024-07-24 14:47:50 INFO Testing: dataset_name: market1501 top1: 94.418 top5: 98.367 top10: 98.990 mAP: 86.879
2024-07-24 14:48:52 INFO Epoch 251/300	Training Loss: 1.0050	Time remaining is 1h:0m
2024-07-24 14:49:55 INFO Epoch 252/300	Training Loss: 1.0129	Time remaining is 0h:59m
2024-07-24 14:50:58 INFO Epoch 253/300	Training Loss: 1.0127	Time remaining is 0h:58m
2024-07-24 14:52:00 INFO Epoch 254/300	Training Loss: 1.0108	Time remaining is 0h:56m
2024-07-24 14:53:03 INFO Epoch 255/300	Training Loss: 1.0085	Time remaining is 0h:55m
2024-07-24 14:54:15 INFO Testing: dataset_name: market1501 top1: 94.626 top5: 98.426 top10: 98.931 mAP: 86.840
2024-07-24 14:55:17 INFO Epoch 256/300	Training Loss: 1.0130	Time remaining is 0h:54m
2024-07-24 14:56:20 INFO Epoch 257/300	Training Loss: 1.0079	Time remaining is 0h:53m
2024-07-24 14:57:23 INFO Epoch 258/300	Training Loss: 1.0119	Time remaining is 0h:52m
2024-07-24 14:58:26 INFO Epoch 259/300	Training Loss: 1.0135	Time remaining is 0h:50m
2024-07-24 14:59:29 INFO Epoch 260/300	Training Loss: 1.0121	Time remaining is 0h:49m
2024-07-24 15:00:41 INFO Testing: dataset_name: market1501 top1: 94.715 top5: 98.308 top10: 98.990 mAP: 87.008
2024-07-24 15:01:44 INFO Epoch 261/300	Training Loss: 1.0109	Time remaining is 0h:48m
2024-07-24 15:02:47 INFO Epoch 262/300	Training Loss: 1.0186	Time remaining is 0h:47m
2024-07-24 15:03:50 INFO Epoch 263/300	Training Loss: 1.0111	Time remaining is 0h:46m
2024-07-24 15:04:53 INFO Epoch 264/300	Training Loss: 1.0107	Time remaining is 0h:45m
2024-07-24 15:05:56 INFO Epoch 265/300	Training Loss: 1.0112	Time remaining is 0h:43m
2024-07-24 15:07:08 INFO Testing: dataset_name: market1501 top1: 94.656 top5: 98.278 top10: 98.901 mAP: 86.902
2024-07-24 15:08:10 INFO Epoch 266/300	Training Loss: 1.0120	Time remaining is 0h:42m
2024-07-24 15:09:13 INFO Epoch 267/300	Training Loss: 1.0127	Time remaining is 0h:41m
2024-07-24 15:10:16 INFO Epoch 268/300	Training Loss: 1.0079	Time remaining is 0h:40m
2024-07-24 15:11:18 INFO Epoch 269/300	Training Loss: 1.0128	Time remaining is 0h:39m
2024-07-24 15:12:21 INFO Epoch 270/300	Training Loss: 1.0145	Time remaining is 0h:37m
2024-07-24 15:13:33 INFO Testing: dataset_name: market1501 top1: 94.507 top5: 98.278 top10: 98.901 mAP: 86.789
2024-07-24 15:14:36 INFO Epoch 271/300	Training Loss: 1.0120	Time remaining is 0h:36m
2024-07-24 15:15:39 INFO Epoch 272/300	Training Loss: 1.0094	Time remaining is 0h:35m
2024-07-24 15:16:42 INFO Epoch 273/300	Training Loss: 1.0150	Time remaining is 0h:34m
2024-07-24 15:17:45 INFO Epoch 274/300	Training Loss: 1.0101	Time remaining is 0h:33m
2024-07-24 15:18:48 INFO Epoch 275/300	Training Loss: 1.0103	Time remaining is 0h:31m
2024-07-24 15:20:00 INFO Testing: dataset_name: market1501 top1: 94.567 top5: 98.456 top10: 98.872 mAP: 86.970
2024-07-24 15:21:03 INFO Epoch 276/300	Training Loss: 1.0052	Time remaining is 0h:30m
2024-07-24 15:22:05 INFO Epoch 277/300	Training Loss: 1.0105	Time remaining is 0h:29m
2024-07-24 15:23:08 INFO Epoch 278/300	Training Loss: 1.0104	Time remaining is 0h:28m
2024-07-24 15:24:11 INFO Epoch 279/300	Training Loss: 1.0098	Time remaining is 0h:27m
2024-07-24 15:25:14 INFO Epoch 280/300	Training Loss: 1.0120	Time remaining is 0h:25m
2024-07-24 15:26:26 INFO Testing: dataset_name: market1501 top1: 94.537 top5: 98.397 top10: 99.020 mAP: 87.060
2024-07-24 15:27:29 INFO Epoch 281/300	Training Loss: 1.0087	Time remaining is 0h:24m
2024-07-24 15:28:31 INFO Epoch 282/300	Training Loss: 1.0055	Time remaining is 0h:23m
2024-07-24 15:29:34 INFO Epoch 283/300	Training Loss: 1.0106	Time remaining is 0h:22m
2024-07-24 15:30:37 INFO Epoch 284/300	Training Loss: 1.0037	Time remaining is 0h:21m
2024-07-24 15:31:39 INFO Epoch 285/300	Training Loss: 1.0060	Time remaining is 0h:19m
2024-07-24 15:32:51 INFO Testing: dataset_name: market1501 top1: 94.745 top5: 98.337 top10: 98.931 mAP: 86.873
2024-07-24 15:33:54 INFO Epoch 286/300	Training Loss: 1.0086	Time remaining is 0h:18m
2024-07-24 15:34:57 INFO Epoch 287/300	Training Loss: 1.0099	Time remaining is 0h:17m
2024-07-24 15:36:00 INFO Epoch 288/300	Training Loss: 1.0049	Time remaining is 0h:16m
2024-07-24 15:37:02 INFO Epoch 289/300	Training Loss: 1.0099	Time remaining is 0h:15m
2024-07-24 15:38:05 INFO Epoch 290/300	Training Loss: 1.0093	Time remaining is 0h:13m
2024-07-24 15:39:17 INFO Testing: dataset_name: market1501 top1: 94.745 top5: 98.456 top10: 98.961 mAP: 87.079
2024-07-24 15:40:19 INFO Epoch 291/300	Training Loss: 1.0041	Time remaining is 0h:12m
2024-07-24 15:41:22 INFO Epoch 292/300	Training Loss: 1.0092	Time remaining is 0h:11m
2024-07-24 15:42:25 INFO Epoch 293/300	Training Loss: 1.0098	Time remaining is 0h:10m
2024-07-24 15:43:27 INFO Epoch 294/300	Training Loss: 1.0028	Time remaining is 0h:8m
2024-07-24 15:44:30 INFO Epoch 295/300	Training Loss: 1.0097	Time remaining is 0h:7m
2024-07-24 15:45:42 INFO Testing: dataset_name: market1501 top1: 94.685 top5: 98.397 top10: 98.872 mAP: 86.966
2024-07-24 15:46:45 INFO Epoch 296/300	Training Loss: 1.0026	Time remaining is 0h:6m
2024-07-24 15:47:48 INFO Epoch 297/300	Training Loss: 1.0085	Time remaining is 0h:5m
2024-07-24 15:48:50 INFO Epoch 298/300	Training Loss: 1.0038	Time remaining is 0h:4m
2024-07-24 15:49:53 INFO Epoch 299/300	Training Loss: 1.0038	Time remaining is 0h:2m
2024-07-24 15:50:56 INFO Epoch 300/300	Training Loss: 1.0079	Time remaining is 0h:1m
2024-07-24 15:52:08 INFO Testing: dataset_name: market1501 top1: 94.596 top5: 98.337 top10: 98.931 mAP: 87.105
2024-07-24 15:52:09 INFO The running time of training: 6.08 h
