2024-07-25 07:31:28 INFO ##################################################
2024-07-25 07:31:28 INFO Config values: batch_size: 60	current_directory: /home/hy/project/reid_task/ex_001_5	dataset_name: market1501	dataset_path: /home/hy/project/data/Market-1501-v15.09.15	device: cuda	dtype: torch.float32	epoch_start_test: 90	epochs: 300	img_height: 256	img_width: 128	logs_outputs_path: /home/hy/project/reid_task/ex_001_5/./outputs/logs	models_outputs_path: /home/hy/project/reid_task/ex_001_5/./outputs/models	np: <module 'numpy' from '/home/hy/anaconda3/envs/py396/lib/python3.9/site-packages/numpy/__init__.py'>	os: <module 'os' from '/home/hy/anaconda3/envs/py396/lib/python3.9/os.py'>	outputs_dir: ./outputs/	outputs_path: /home/hy/project/reid_task/ex_001_5/./outputs/	print_every: 1	seed: 1	taskname: ReID_Task	temps_outputs_path: /home/hy/project/reid_task/ex_001_5/./outputs/temps	test_batch_size: 256	test_every: 5	torch: <module 'torch' from '/home/hy/anaconda3/envs/py396/lib/python3.9/site-packages/torch/__init__.py'>
2024-07-25 07:31:28 INFO Task: ReID_Task
2024-07-25 07:31:28 INFO Using device: cuda
2024-07-25 07:31:28 INFO Using data type: torch.float32
2024-07-25 07:31:28 INFO Number of GPUs: 1
2024-07-25 07:31:28 INFO GPU is_available: True
2024-07-25 07:31:28 INFO GPU name: NVIDIA GeForce RTX 3060
2024-07-25 07:31:28 INFO CUDA version: 12.1
2024-07-25 07:31:28 INFO Current device id: 0
2024-07-25 07:31:28 INFO ##################################################
2024-07-25 07:32:30 INFO Epoch 1/300	Training Loss: 14.2133	Time remaining is 5h:9m
2024-07-25 07:33:32 INFO Epoch 2/300	Training Loss: 13.0246	Time remaining is 5h:7m
2024-07-25 07:34:33 INFO Epoch 3/300	Training Loss: 11.2782	Time remaining is 5h:6m
2024-07-25 07:35:35 INFO Epoch 4/300	Training Loss: 9.7806	Time remaining is 5h:5m
2024-07-25 07:36:37 INFO Epoch 5/300	Training Loss: 8.4865	Time remaining is 5h:4m
2024-07-25 07:37:38 INFO Epoch 6/300	Training Loss: 7.5119	Time remaining is 5h:3m
2024-07-25 07:38:39 INFO Epoch 7/300	Training Loss: 6.8146	Time remaining is 5h:2m
2024-07-25 07:39:41 INFO Epoch 8/300	Training Loss: 6.2316	Time remaining is 5h:0m
2024-07-25 07:40:42 INFO Epoch 9/300	Training Loss: 5.7005	Time remaining is 4h:59m
2024-07-25 07:41:43 INFO Epoch 10/300	Training Loss: 5.0860	Time remaining is 4h:58m
2024-07-25 07:42:45 INFO Epoch 11/300	Training Loss: 4.4489	Time remaining is 4h:57m
2024-07-25 07:43:47 INFO Epoch 12/300	Training Loss: 3.7712	Time remaining is 4h:56m
2024-07-25 07:44:48 INFO Epoch 13/300	Training Loss: 3.1391	Time remaining is 4h:55m
2024-07-25 07:45:50 INFO Epoch 14/300	Training Loss: 2.6494	Time remaining is 4h:55m
2024-07-25 07:46:52 INFO Epoch 15/300	Training Loss: 2.2918	Time remaining is 4h:53m
2024-07-25 07:47:53 INFO Epoch 16/300	Training Loss: 2.0107	Time remaining is 4h:52m
2024-07-25 07:48:55 INFO Epoch 17/300	Training Loss: 1.8107	Time remaining is 4h:51m
2024-07-25 07:49:56 INFO Epoch 18/300	Training Loss: 1.6843	Time remaining is 4h:50m
2024-07-25 07:50:57 INFO Epoch 19/300	Training Loss: 1.6072	Time remaining is 4h:49m
2024-07-25 07:51:59 INFO Epoch 20/300	Training Loss: 1.5374	Time remaining is 4h:48m
2024-07-25 07:53:01 INFO Epoch 21/300	Training Loss: 1.4836	Time remaining is 4h:47m
2024-07-25 07:54:02 INFO Epoch 22/300	Training Loss: 1.4337	Time remaining is 4h:46m
2024-07-25 07:55:04 INFO Epoch 23/300	Training Loss: 1.3718	Time remaining is 4h:45m
2024-07-25 07:56:05 INFO Epoch 24/300	Training Loss: 1.3449	Time remaining is 4h:44m
2024-07-25 07:57:07 INFO Epoch 25/300	Training Loss: 1.3022	Time remaining is 4h:43m
2024-07-25 07:58:09 INFO Epoch 26/300	Training Loss: 1.3047	Time remaining is 4h:42m
2024-07-25 07:59:11 INFO Epoch 27/300	Training Loss: 1.2843	Time remaining is 4h:41m
2024-07-25 08:00:12 INFO Epoch 28/300	Training Loss: 1.2695	Time remaining is 4h:40m
2024-07-25 08:01:14 INFO Epoch 29/300	Training Loss: 1.2657	Time remaining is 4h:39m
2024-07-25 08:02:15 INFO Epoch 30/300	Training Loss: 1.2567	Time remaining is 4h:38m
2024-07-25 08:03:16 INFO Epoch 31/300	Training Loss: 1.2549	Time remaining is 4h:37m
2024-07-25 08:04:17 INFO Epoch 32/300	Training Loss: 1.2553	Time remaining is 4h:36m
2024-07-25 08:05:19 INFO Epoch 33/300	Training Loss: 1.2442	Time remaining is 4h:35m
2024-07-25 08:06:20 INFO Epoch 34/300	Training Loss: 1.2634	Time remaining is 4h:34m
2024-07-25 08:07:22 INFO Epoch 35/300	Training Loss: 1.2468	Time remaining is 4h:33m
2024-07-25 08:08:23 INFO Epoch 36/300	Training Loss: 1.2348	Time remaining is 4h:32m
2024-07-25 08:09:25 INFO Epoch 37/300	Training Loss: 1.2378	Time remaining is 4h:31m
2024-07-25 08:10:26 INFO Epoch 38/300	Training Loss: 1.2507	Time remaining is 4h:30m
2024-07-25 08:11:28 INFO Epoch 39/300	Training Loss: 1.2369	Time remaining is 4h:29m
2024-07-25 08:12:29 INFO Epoch 40/300	Training Loss: 1.2241	Time remaining is 4h:28m
2024-07-25 08:13:31 INFO Epoch 41/300	Training Loss: 1.1491	Time remaining is 4h:27m
2024-07-25 08:14:32 INFO Epoch 42/300	Training Loss: 1.0759	Time remaining is 4h:26m
2024-07-25 08:15:33 INFO Epoch 43/300	Training Loss: 1.0624	Time remaining is 4h:24m
2024-07-25 08:16:35 INFO Epoch 44/300	Training Loss: 1.0526	Time remaining is 4h:23m
2024-07-25 08:17:36 INFO Epoch 45/300	Training Loss: 1.0460	Time remaining is 4h:22m
2024-07-25 08:18:38 INFO Epoch 46/300	Training Loss: 1.0403	Time remaining is 4h:21m
2024-07-25 08:19:39 INFO Epoch 47/300	Training Loss: 1.0317	Time remaining is 4h:20m
2024-07-25 08:20:41 INFO Epoch 48/300	Training Loss: 1.0356	Time remaining is 4h:19m
2024-07-25 08:21:42 INFO Epoch 49/300	Training Loss: 1.0262	Time remaining is 4h:18m
2024-07-25 08:22:43 INFO Epoch 50/300	Training Loss: 1.0299	Time remaining is 4h:17m
2024-07-25 08:23:45 INFO Epoch 51/300	Training Loss: 1.0190	Time remaining is 4h:16m
2024-07-25 08:24:46 INFO Epoch 52/300	Training Loss: 1.0242	Time remaining is 4h:15m
2024-07-25 08:25:48 INFO Epoch 53/300	Training Loss: 1.0214	Time remaining is 4h:14m
2024-07-25 08:26:49 INFO Epoch 54/300	Training Loss: 1.0191	Time remaining is 4h:13m
2024-07-25 08:27:51 INFO Epoch 55/300	Training Loss: 1.0207	Time remaining is 4h:12m
2024-07-25 08:28:52 INFO Epoch 56/300	Training Loss: 1.0189	Time remaining is 4h:11m
2024-07-25 08:29:54 INFO Epoch 57/300	Training Loss: 1.0121	Time remaining is 4h:10m
2024-07-25 08:30:55 INFO Epoch 58/300	Training Loss: 1.0172	Time remaining is 4h:9m
2024-07-25 08:31:57 INFO Epoch 59/300	Training Loss: 1.0163	Time remaining is 4h:8m
2024-07-25 08:32:58 INFO Epoch 60/300	Training Loss: 1.0128	Time remaining is 4h:7m
2024-07-25 08:34:00 INFO Epoch 61/300	Training Loss: 1.0153	Time remaining is 4h:6m
2024-07-25 08:35:01 INFO Epoch 62/300	Training Loss: 1.0116	Time remaining is 4h:5m
2024-07-25 08:36:03 INFO Epoch 63/300	Training Loss: 1.0110	Time remaining is 4h:4m
2024-07-25 08:37:04 INFO Epoch 64/300	Training Loss: 1.0114	Time remaining is 4h:3m
2024-07-25 08:38:06 INFO Epoch 65/300	Training Loss: 1.0091	Time remaining is 4h:2m
2024-07-25 08:39:07 INFO Epoch 66/300	Training Loss: 1.0109	Time remaining is 4h:1m
2024-07-25 08:40:09 INFO Epoch 67/300	Training Loss: 1.0135	Time remaining is 3h:60m
2024-07-25 08:41:10 INFO Epoch 68/300	Training Loss: 1.0062	Time remaining is 3h:59m
2024-07-25 08:42:11 INFO Epoch 69/300	Training Loss: 1.0039	Time remaining is 3h:58m
2024-07-25 08:43:13 INFO Epoch 70/300	Training Loss: 1.0057	Time remaining is 3h:57m
2024-07-25 08:44:15 INFO Epoch 71/300	Training Loss: 1.0031	Time remaining is 3h:56m
2024-07-25 08:45:16 INFO Epoch 72/300	Training Loss: 0.9986	Time remaining is 3h:55m
2024-07-25 08:46:18 INFO Epoch 73/300	Training Loss: 0.9948	Time remaining is 3h:54m
2024-07-25 08:47:19 INFO Epoch 74/300	Training Loss: 0.9923	Time remaining is 3h:53m
2024-07-25 08:48:20 INFO Epoch 75/300	Training Loss: 0.9885	Time remaining is 3h:52m
2024-07-25 08:49:22 INFO Epoch 76/300	Training Loss: 0.9866	Time remaining is 3h:51m
2024-07-25 08:50:23 INFO Epoch 77/300	Training Loss: 0.9941	Time remaining is 3h:50m
2024-07-25 08:51:25 INFO Epoch 78/300	Training Loss: 0.9883	Time remaining is 3h:49m
2024-07-25 08:52:27 INFO Epoch 79/300	Training Loss: 0.9924	Time remaining is 3h:48m
2024-07-25 08:53:28 INFO Epoch 80/300	Training Loss: 0.9921	Time remaining is 3h:47m
2024-07-25 08:54:30 INFO Epoch 81/300	Training Loss: 0.9900	Time remaining is 3h:46m
2024-07-25 08:55:32 INFO Epoch 82/300	Training Loss: 0.9908	Time remaining is 3h:45m
2024-07-25 08:56:34 INFO Epoch 83/300	Training Loss: 0.9887	Time remaining is 3h:43m
2024-07-25 08:57:35 INFO Epoch 84/300	Training Loss: 0.9881	Time remaining is 3h:42m
2024-07-25 08:58:37 INFO Epoch 85/300	Training Loss: 0.9896	Time remaining is 3h:41m
2024-07-25 08:59:38 INFO Epoch 86/300	Training Loss: 0.9897	Time remaining is 3h:40m
2024-07-25 09:00:40 INFO Epoch 87/300	Training Loss: 0.9882	Time remaining is 3h:39m
2024-07-25 09:01:41 INFO Epoch 88/300	Training Loss: 0.9813	Time remaining is 3h:38m
2024-07-25 09:02:43 INFO Epoch 89/300	Training Loss: 0.9867	Time remaining is 3h:37m
2024-07-25 09:03:44 INFO Epoch 90/300	Training Loss: 0.9869	Time remaining is 3h:36m
2024-07-25 09:04:57 INFO Testing: dataset_name: market1501 top1: 93.884 top5: 98.100 top10: 98.990 mAP: 84.649
2024-07-25 09:05:59 INFO Epoch 91/300	Training Loss: 0.9890	Time remaining is 3h:38m
2024-07-25 09:07:00 INFO Epoch 92/300	Training Loss: 0.9819	Time remaining is 3h:37m
2024-07-25 09:08:02 INFO Epoch 93/300	Training Loss: 0.9871	Time remaining is 3h:36m
2024-07-25 09:09:03 INFO Epoch 94/300	Training Loss: 0.9875	Time remaining is 3h:35m
2024-07-25 09:10:05 INFO Epoch 95/300	Training Loss: 0.9799	Time remaining is 3h:34m
2024-07-25 09:11:18 INFO Testing: dataset_name: market1501 top1: 94.002 top5: 98.040 top10: 98.931 mAP: 84.812
2024-07-25 09:12:19 INFO Epoch 96/300	Training Loss: 0.9889	Time remaining is 3h:35m
2024-07-25 09:13:21 INFO Epoch 97/300	Training Loss: 0.9796	Time remaining is 3h:34m
2024-07-25 09:14:23 INFO Epoch 98/300	Training Loss: 0.9877	Time remaining is 3h:33m
2024-07-25 09:15:24 INFO Epoch 99/300	Training Loss: 0.9872	Time remaining is 3h:32m
2024-07-25 09:16:26 INFO Epoch 100/300	Training Loss: 0.9839	Time remaining is 3h:31m
2024-07-25 09:17:39 INFO Testing: dataset_name: market1501 top1: 94.032 top5: 98.040 top10: 98.901 mAP: 84.830
2024-07-25 09:18:41 INFO Epoch 101/300	Training Loss: 0.9870	Time remaining is 3h:32m
2024-07-25 09:19:42 INFO Epoch 102/300	Training Loss: 0.9855	Time remaining is 3h:31m
2024-07-25 09:20:44 INFO Epoch 103/300	Training Loss: 0.9841	Time remaining is 3h:30m
2024-07-25 09:21:45 INFO Epoch 104/300	Training Loss: 0.9831	Time remaining is 3h:29m
2024-07-25 09:22:48 INFO Epoch 105/300	Training Loss: 0.9878	Time remaining is 3h:28m
2024-07-25 09:24:00 INFO Testing: dataset_name: market1501 top1: 94.121 top5: 98.129 top10: 98.901 mAP: 84.967
2024-07-25 09:25:02 INFO Epoch 106/300	Training Loss: 0.9852	Time remaining is 3h:29m
2024-07-25 09:26:03 INFO Epoch 107/300	Training Loss: 0.9793	Time remaining is 3h:28m
2024-07-25 09:27:04 INFO Epoch 108/300	Training Loss: 0.9864	Time remaining is 3h:27m
2024-07-25 09:28:06 INFO Epoch 109/300	Training Loss: 0.9831	Time remaining is 3h:25m
2024-07-25 09:29:08 INFO Epoch 110/300	Training Loss: 0.9821	Time remaining is 3h:24m
2024-07-25 09:30:20 INFO Testing: dataset_name: market1501 top1: 94.121 top5: 98.070 top10: 98.931 mAP: 85.122
2024-07-25 09:31:22 INFO Epoch 111/300	Training Loss: 0.9785	Time remaining is 3h:25m
2024-07-25 09:32:23 INFO Epoch 112/300	Training Loss: 0.9816	Time remaining is 3h:24m
2024-07-25 09:33:25 INFO Epoch 113/300	Training Loss: 0.9825	Time remaining is 3h:23m
2024-07-25 09:34:27 INFO Epoch 114/300	Training Loss: 0.9798	Time remaining is 3h:22m
2024-07-25 09:35:29 INFO Epoch 115/300	Training Loss: 0.9866	Time remaining is 3h:21m
2024-07-25 09:36:42 INFO Testing: dataset_name: market1501 top1: 94.270 top5: 98.100 top10: 98.872 mAP: 85.182
2024-07-25 09:37:43 INFO Epoch 116/300	Training Loss: 0.9826	Time remaining is 3h:21m
2024-07-25 09:38:45 INFO Epoch 117/300	Training Loss: 0.9841	Time remaining is 3h:20m
2024-07-25 09:39:46 INFO Epoch 118/300	Training Loss: 0.9837	Time remaining is 3h:19m
2024-07-25 09:40:48 INFO Epoch 119/300	Training Loss: 0.9885	Time remaining is 3h:18m
2024-07-25 09:41:50 INFO Epoch 120/300	Training Loss: 0.9775	Time remaining is 3h:17m
2024-07-25 09:43:03 INFO Testing: dataset_name: market1501 top1: 94.181 top5: 98.040 top10: 99.020 mAP: 85.239
2024-07-25 09:44:04 INFO Epoch 121/300	Training Loss: 0.9823	Time remaining is 3h:17m
2024-07-25 09:45:06 INFO Epoch 122/300	Training Loss: 0.9812	Time remaining is 3h:16m
2024-07-25 09:46:08 INFO Epoch 123/300	Training Loss: 0.9805	Time remaining is 3h:15m
2024-07-25 09:47:09 INFO Epoch 124/300	Training Loss: 0.9769	Time remaining is 3h:14m
2024-07-25 09:48:11 INFO Epoch 125/300	Training Loss: 0.9821	Time remaining is 3h:12m
2024-07-25 09:49:24 INFO Testing: dataset_name: market1501 top1: 94.062 top5: 98.011 top10: 98.931 mAP: 85.253
2024-07-25 09:50:25 INFO Epoch 126/300	Training Loss: 0.9821	Time remaining is 3h:13m
2024-07-25 09:51:27 INFO Epoch 127/300	Training Loss: 0.9820	Time remaining is 3h:12m
2024-07-25 09:52:28 INFO Epoch 128/300	Training Loss: 0.9799	Time remaining is 3h:11m
2024-07-25 09:53:30 INFO Epoch 129/300	Training Loss: 0.9826	Time remaining is 3h:9m
2024-07-25 09:54:32 INFO Epoch 130/300	Training Loss: 0.9820	Time remaining is 3h:8m
2024-07-25 09:55:45 INFO Testing: dataset_name: market1501 top1: 94.329 top5: 98.011 top10: 98.990 mAP: 85.422
2024-07-25 09:56:46 INFO Epoch 131/300	Training Loss: 0.9762	Time remaining is 3h:9m
2024-07-25 09:57:48 INFO Epoch 132/300	Training Loss: 0.9815	Time remaining is 3h:7m
2024-07-25 09:58:49 INFO Epoch 133/300	Training Loss: 0.9756	Time remaining is 3h:6m
2024-07-25 09:59:51 INFO Epoch 134/300	Training Loss: 0.9808	Time remaining is 3h:5m
2024-07-25 10:00:52 INFO Epoch 135/300	Training Loss: 0.9762	Time remaining is 3h:4m
2024-07-25 10:02:05 INFO Testing: dataset_name: market1501 top1: 94.388 top5: 98.129 top10: 98.990 mAP: 85.640
2024-07-25 10:03:06 INFO Epoch 136/300	Training Loss: 0.9748	Time remaining is 3h:4m
2024-07-25 10:04:08 INFO Epoch 137/300	Training Loss: 0.9800	Time remaining is 3h:3m
2024-07-25 10:05:10 INFO Epoch 138/300	Training Loss: 0.9801	Time remaining is 3h:2m
2024-07-25 10:06:12 INFO Epoch 139/300	Training Loss: 0.9755	Time remaining is 3h:0m
2024-07-25 10:07:13 INFO Epoch 140/300	Training Loss: 0.9795	Time remaining is 2h:59m
2024-07-25 10:08:26 INFO Testing: dataset_name: market1501 top1: 94.359 top5: 98.100 top10: 98.961 mAP: 85.579
2024-07-25 10:09:28 INFO Epoch 141/300	Training Loss: 0.9803	Time remaining is 2h:59m
2024-07-25 10:10:29 INFO Epoch 142/300	Training Loss: 0.9795	Time remaining is 2h:58m
2024-07-25 10:11:31 INFO Epoch 143/300	Training Loss: 0.9794	Time remaining is 2h:57m
2024-07-25 10:12:33 INFO Epoch 144/300	Training Loss: 0.9778	Time remaining is 2h:56m
2024-07-25 10:13:34 INFO Epoch 145/300	Training Loss: 0.9803	Time remaining is 2h:54m
2024-07-25 10:14:47 INFO Testing: dataset_name: market1501 top1: 94.240 top5: 98.070 top10: 98.961 mAP: 85.708
2024-07-25 10:15:49 INFO Epoch 146/300	Training Loss: 0.9795	Time remaining is 2h:54m
2024-07-25 10:16:50 INFO Epoch 147/300	Training Loss: 0.9787	Time remaining is 2h:53m
2024-07-25 10:17:52 INFO Epoch 148/300	Training Loss: 0.9777	Time remaining is 2h:52m
2024-07-25 10:18:54 INFO Epoch 149/300	Training Loss: 0.9861	Time remaining is 2h:51m
2024-07-25 10:19:56 INFO Epoch 150/300	Training Loss: 0.9735	Time remaining is 2h:50m
2024-07-25 10:21:08 INFO Testing: dataset_name: market1501 top1: 94.270 top5: 98.070 top10: 99.050 mAP: 85.657
2024-07-25 10:22:10 INFO Epoch 151/300	Training Loss: 0.9783	Time remaining is 2h:50m
2024-07-25 10:23:12 INFO Epoch 152/300	Training Loss: 0.9774	Time remaining is 2h:48m
2024-07-25 10:24:14 INFO Epoch 153/300	Training Loss: 0.9775	Time remaining is 2h:47m
2024-07-25 10:25:15 INFO Epoch 154/300	Training Loss: 0.9795	Time remaining is 2h:46m
2024-07-25 10:26:17 INFO Epoch 155/300	Training Loss: 0.9781	Time remaining is 2h:45m
2024-07-25 10:27:30 INFO Testing: dataset_name: market1501 top1: 94.507 top5: 98.070 top10: 98.961 mAP: 85.771
2024-07-25 10:28:31 INFO Epoch 156/300	Training Loss: 0.9725	Time remaining is 2h:45m
2024-07-25 10:29:32 INFO Epoch 157/300	Training Loss: 0.9772	Time remaining is 2h:43m
2024-07-25 10:30:34 INFO Epoch 158/300	Training Loss: 0.9746	Time remaining is 2h:42m
2024-07-25 10:31:36 INFO Epoch 159/300	Training Loss: 0.9767	Time remaining is 2h:41m
2024-07-25 10:32:37 INFO Epoch 160/300	Training Loss: 0.9719	Time remaining is 2h:40m
2024-07-25 10:33:50 INFO Testing: dataset_name: market1501 top1: 94.210 top5: 98.159 top10: 99.020 mAP: 85.700
2024-07-25 10:34:52 INFO Epoch 161/300	Training Loss: 0.9773	Time remaining is 2h:39m
2024-07-25 10:35:53 INFO Epoch 162/300	Training Loss: 0.9766	Time remaining is 2h:38m
2024-07-25 10:36:55 INFO Epoch 163/300	Training Loss: 0.9707	Time remaining is 2h:37m
2024-07-25 10:37:56 INFO Epoch 164/300	Training Loss: 0.9767	Time remaining is 2h:36m
2024-07-25 10:38:58 INFO Epoch 165/300	Training Loss: 0.9719	Time remaining is 2h:35m
2024-07-25 10:40:10 INFO Testing: dataset_name: market1501 top1: 94.418 top5: 98.129 top10: 98.990 mAP: 85.947
2024-07-25 10:41:11 INFO Epoch 166/300	Training Loss: 0.9707	Time remaining is 2h:34m
2024-07-25 10:42:13 INFO Epoch 167/300	Training Loss: 0.9741	Time remaining is 2h:33m
2024-07-25 10:43:14 INFO Epoch 168/300	Training Loss: 0.9710	Time remaining is 2h:32m
2024-07-25 10:44:16 INFO Epoch 169/300	Training Loss: 0.9823	Time remaining is 2h:31m
2024-07-25 10:45:18 INFO Epoch 170/300	Training Loss: 0.9744	Time remaining is 2h:29m
2024-07-25 10:46:30 INFO Testing: dataset_name: market1501 top1: 94.418 top5: 98.129 top10: 98.990 mAP: 85.849
2024-07-25 10:47:31 INFO Epoch 171/300	Training Loss: 0.9749	Time remaining is 2h:29m
2024-07-25 10:48:34 INFO Epoch 172/300	Training Loss: 0.9762	Time remaining is 2h:28m
2024-07-25 10:49:36 INFO Epoch 173/300	Training Loss: 0.9756	Time remaining is 2h:27m
2024-07-25 10:50:37 INFO Epoch 174/300	Training Loss: 0.9723	Time remaining is 2h:25m
2024-07-25 10:51:39 INFO Epoch 175/300	Training Loss: 0.9755	Time remaining is 2h:24m
2024-07-25 10:52:52 INFO Testing: dataset_name: market1501 top1: 94.477 top5: 98.040 top10: 98.961 mAP: 85.966
2024-07-25 10:53:54 INFO Epoch 176/300	Training Loss: 0.9755	Time remaining is 2h:24m
2024-07-25 10:54:55 INFO Epoch 177/300	Training Loss: 0.9701	Time remaining is 2h:23m
2024-07-25 10:55:57 INFO Epoch 178/300	Training Loss: 0.9735	Time remaining is 2h:21m
2024-07-25 10:56:58 INFO Epoch 179/300	Training Loss: 0.9735	Time remaining is 2h:20m
2024-07-25 10:58:00 INFO Epoch 180/300	Training Loss: 0.9707	Time remaining is 2h:19m
2024-07-25 10:59:12 INFO Testing: dataset_name: market1501 top1: 94.299 top5: 98.129 top10: 99.020 mAP: 85.942
2024-07-25 11:00:14 INFO Epoch 181/300	Training Loss: 0.9768	Time remaining is 2h:18m
2024-07-25 11:01:16 INFO Epoch 182/300	Training Loss: 0.9735	Time remaining is 2h:17m
2024-07-25 11:02:17 INFO Epoch 183/300	Training Loss: 0.9714	Time remaining is 2h:16m
2024-07-25 11:03:18 INFO Epoch 184/300	Training Loss: 0.9703	Time remaining is 2h:15m
2024-07-25 11:04:20 INFO Epoch 185/300	Training Loss: 0.9763	Time remaining is 2h:13m
2024-07-25 11:05:33 INFO Testing: dataset_name: market1501 top1: 94.329 top5: 98.189 top10: 99.020 mAP: 85.964
2024-07-25 11:06:34 INFO Epoch 186/300	Training Loss: 0.9698	Time remaining is 2h:13m
2024-07-25 11:07:36 INFO Epoch 187/300	Training Loss: 0.9733	Time remaining is 2h:12m
2024-07-25 11:08:38 INFO Epoch 188/300	Training Loss: 0.9733	Time remaining is 2h:11m
2024-07-25 11:09:39 INFO Epoch 189/300	Training Loss: 0.9756	Time remaining is 2h:9m
2024-07-25 11:10:41 INFO Epoch 190/300	Training Loss: 0.9739	Time remaining is 2h:8m
2024-07-25 11:11:54 INFO Testing: dataset_name: market1501 top1: 94.329 top5: 98.219 top10: 99.109 mAP: 86.003
2024-07-25 11:12:55 INFO Epoch 191/300	Training Loss: 0.9737	Time remaining is 2h:8m
2024-07-25 11:13:57 INFO Epoch 192/300	Training Loss: 0.9753	Time remaining is 2h:6m
2024-07-25 11:14:58 INFO Epoch 193/300	Training Loss: 0.9674	Time remaining is 2h:5m
2024-07-25 11:16:00 INFO Epoch 194/300	Training Loss: 0.9720	Time remaining is 2h:4m
2024-07-25 11:17:01 INFO Epoch 195/300	Training Loss: 0.9687	Time remaining is 2h:3m
2024-07-25 11:18:14 INFO Testing: dataset_name: market1501 top1: 94.477 top5: 98.159 top10: 99.109 mAP: 86.183
2024-07-25 11:19:16 INFO Epoch 196/300	Training Loss: 0.9744	Time remaining is 2h:2m
2024-07-25 11:20:17 INFO Epoch 197/300	Training Loss: 0.9694	Time remaining is 2h:1m
2024-07-25 11:21:18 INFO Epoch 198/300	Training Loss: 0.9676	Time remaining is 1h:60m
2024-07-25 11:22:20 INFO Epoch 199/300	Training Loss: 0.9724	Time remaining is 1h:58m
2024-07-25 11:23:22 INFO Epoch 200/300	Training Loss: 0.9746	Time remaining is 1h:57m
2024-07-25 11:24:34 INFO Testing: dataset_name: market1501 top1: 94.448 top5: 98.189 top10: 98.931 mAP: 86.042
2024-07-25 11:25:36 INFO Epoch 201/300	Training Loss: 0.9665	Time remaining is 1h:56m
2024-07-25 11:26:38 INFO Epoch 202/300	Training Loss: 0.9719	Time remaining is 1h:55m
2024-07-25 11:27:40 INFO Epoch 203/300	Training Loss: 0.9759	Time remaining is 1h:54m
2024-07-25 11:28:41 INFO Epoch 204/300	Training Loss: 0.9669	Time remaining is 1h:53m
2024-07-25 11:29:43 INFO Epoch 205/300	Training Loss: 0.9725	Time remaining is 1h:52m
2024-07-25 11:30:56 INFO Testing: dataset_name: market1501 top1: 94.359 top5: 98.219 top10: 99.080 mAP: 86.120
2024-07-25 11:31:57 INFO Epoch 206/300	Training Loss: 0.9731	Time remaining is 1h:51m
2024-07-25 11:33:00 INFO Epoch 207/300	Training Loss: 0.9779	Time remaining is 1h:50m
2024-07-25 11:34:01 INFO Epoch 208/300	Training Loss: 0.9725	Time remaining is 1h:48m
2024-07-25 11:35:03 INFO Epoch 209/300	Training Loss: 0.9724	Time remaining is 1h:47m
2024-07-25 11:36:04 INFO Epoch 210/300	Training Loss: 0.9690	Time remaining is 1h:46m
2024-07-25 11:37:17 INFO Testing: dataset_name: market1501 top1: 94.477 top5: 98.189 top10: 99.109 mAP: 86.234
2024-07-25 11:38:19 INFO Epoch 211/300	Training Loss: 0.9706	Time remaining is 1h:45m
2024-07-25 11:39:21 INFO Epoch 212/300	Training Loss: 0.9697	Time remaining is 1h:44m
2024-07-25 11:40:22 INFO Epoch 213/300	Training Loss: 0.9647	Time remaining is 1h:43m
2024-07-25 11:41:24 INFO Epoch 214/300	Training Loss: 0.9699	Time remaining is 1h:42m
2024-07-25 11:42:25 INFO Epoch 215/300	Training Loss: 0.9679	Time remaining is 1h:40m
2024-07-25 11:43:38 INFO Testing: dataset_name: market1501 top1: 94.418 top5: 98.189 top10: 98.990 mAP: 86.220
2024-07-25 11:44:39 INFO Epoch 216/300	Training Loss: 0.9660	Time remaining is 1h:40m
2024-07-25 11:45:41 INFO Epoch 217/300	Training Loss: 0.9713	Time remaining is 1h:38m
2024-07-25 11:46:43 INFO Epoch 218/300	Training Loss: 0.9767	Time remaining is 1h:37m
2024-07-25 11:47:45 INFO Epoch 219/300	Training Loss: 0.9689	Time remaining is 1h:36m
2024-07-25 11:48:46 INFO Epoch 220/300	Training Loss: 0.9715	Time remaining is 1h:35m
2024-07-25 11:49:59 INFO Testing: dataset_name: market1501 top1: 94.537 top5: 98.278 top10: 98.990 mAP: 86.206
2024-07-25 11:51:01 INFO Epoch 221/300	Training Loss: 0.9687	Time remaining is 1h:34m
2024-07-25 11:52:02 INFO Epoch 222/300	Training Loss: 0.9686	Time remaining is 1h:33m
2024-07-25 11:53:04 INFO Epoch 223/300	Training Loss: 0.9698	Time remaining is 1h:31m
2024-07-25 11:54:05 INFO Epoch 224/300	Training Loss: 0.9648	Time remaining is 1h:30m
2024-07-25 11:55:07 INFO Epoch 225/300	Training Loss: 0.9758	Time remaining is 1h:29m
2024-07-25 11:56:20 INFO Testing: dataset_name: market1501 top1: 94.388 top5: 98.308 top10: 99.080 mAP: 86.212
2024-07-25 11:57:22 INFO Epoch 226/300	Training Loss: 0.9703	Time remaining is 1h:28m
2024-07-25 11:58:24 INFO Epoch 227/300	Training Loss: 0.9690	Time remaining is 1h:27m
2024-07-25 11:59:25 INFO Epoch 228/300	Training Loss: 0.9685	Time remaining is 1h:26m
2024-07-25 12:00:27 INFO Epoch 229/300	Training Loss: 0.9753	Time remaining is 1h:25m
2024-07-25 12:01:29 INFO Epoch 230/300	Training Loss: 0.9700	Time remaining is 1h:23m
2024-07-25 12:02:42 INFO Testing: dataset_name: market1501 top1: 94.596 top5: 98.248 top10: 99.109 mAP: 86.349
2024-07-25 12:03:43 INFO Epoch 231/300	Training Loss: 0.9652	Time remaining is 1h:22m
2024-07-25 12:04:44 INFO Epoch 232/300	Training Loss: 0.9633	Time remaining is 1h:21m
2024-07-25 12:05:46 INFO Epoch 233/300	Training Loss: 0.9677	Time remaining is 1h:20m
2024-07-25 12:06:47 INFO Epoch 234/300	Training Loss: 0.9627	Time remaining is 1h:19m
2024-07-25 12:07:48 INFO Epoch 235/300	Training Loss: 0.9659	Time remaining is 1h:18m
2024-07-25 12:09:01 INFO Testing: dataset_name: market1501 top1: 94.834 top5: 98.070 top10: 99.050 mAP: 86.395
2024-07-25 12:10:03 INFO Epoch 236/300	Training Loss: 0.9747	Time remaining is 1h:17m
2024-07-25 12:11:04 INFO Epoch 237/300	Training Loss: 0.9696	Time remaining is 1h:16m
2024-07-25 12:12:06 INFO Epoch 238/300	Training Loss: 0.9649	Time remaining is 1h:14m
2024-07-25 12:13:07 INFO Epoch 239/300	Training Loss: 0.9636	Time remaining is 1h:13m
2024-07-25 12:14:09 INFO Epoch 240/300	Training Loss: 0.9666	Time remaining is 1h:12m
2024-07-25 12:15:22 INFO Testing: dataset_name: market1501 top1: 94.477 top5: 98.308 top10: 99.080 mAP: 86.337
2024-07-25 12:16:23 INFO Epoch 241/300	Training Loss: 0.9695	Time remaining is 1h:11m
2024-07-25 12:17:25 INFO Epoch 242/300	Training Loss: 0.9693	Time remaining is 1h:10m
2024-07-25 12:18:27 INFO Epoch 243/300	Training Loss: 0.9626	Time remaining is 1h:8m
2024-07-25 12:19:28 INFO Epoch 244/300	Training Loss: 0.9643	Time remaining is 1h:7m
2024-07-25 12:20:30 INFO Epoch 245/300	Training Loss: 0.9668	Time remaining is 1h:6m
2024-07-25 12:21:43 INFO Testing: dataset_name: market1501 top1: 94.537 top5: 98.159 top10: 99.020 mAP: 86.336
2024-07-25 12:22:44 INFO Epoch 246/300	Training Loss: 0.9663	Time remaining is 1h:5m
2024-07-25 12:23:46 INFO Epoch 247/300	Training Loss: 0.9674	Time remaining is 1h:4m
2024-07-25 12:24:48 INFO Epoch 248/300	Training Loss: 0.9660	Time remaining is 1h:3m
2024-07-25 12:25:50 INFO Epoch 249/300	Training Loss: 0.9632	Time remaining is 1h:1m
2024-07-25 12:26:51 INFO Epoch 250/300	Training Loss: 0.9623	Time remaining is 1h:0m
2024-07-25 12:28:04 INFO Testing: dataset_name: market1501 top1: 94.626 top5: 98.219 top10: 99.050 mAP: 86.464
2024-07-25 12:29:05 INFO Epoch 251/300	Training Loss: 0.9595	Time remaining is 0h:59m
2024-07-25 12:30:07 INFO Epoch 252/300	Training Loss: 0.9669	Time remaining is 0h:58m
2024-07-25 12:31:08 INFO Epoch 253/300	Training Loss: 0.9665	Time remaining is 0h:57m
2024-07-25 12:32:10 INFO Epoch 254/300	Training Loss: 0.9655	Time remaining is 0h:56m
2024-07-25 12:33:12 INFO Epoch 255/300	Training Loss: 0.9612	Time remaining is 0h:54m
2024-07-25 12:34:24 INFO Testing: dataset_name: market1501 top1: 94.507 top5: 98.219 top10: 99.020 mAP: 86.412
2024-07-25 12:35:26 INFO Epoch 256/300	Training Loss: 0.9654	Time remaining is 0h:53m
2024-07-25 12:36:27 INFO Epoch 257/300	Training Loss: 0.9640	Time remaining is 0h:52m
2024-07-25 12:37:29 INFO Epoch 258/300	Training Loss: 0.9668	Time remaining is 0h:51m
2024-07-25 12:38:31 INFO Epoch 259/300	Training Loss: 0.9682	Time remaining is 0h:50m
2024-07-25 12:39:33 INFO Epoch 260/300	Training Loss: 0.9675	Time remaining is 0h:49m
2024-07-25 12:40:45 INFO Testing: dataset_name: market1501 top1: 94.656 top5: 98.367 top10: 99.050 mAP: 86.515
2024-07-25 12:41:47 INFO Epoch 261/300	Training Loss: 0.9655	Time remaining is 0h:48m
2024-07-25 12:42:49 INFO Epoch 262/300	Training Loss: 0.9726	Time remaining is 0h:46m
2024-07-25 12:43:50 INFO Epoch 263/300	Training Loss: 0.9651	Time remaining is 0h:45m
2024-07-25 12:44:52 INFO Epoch 264/300	Training Loss: 0.9648	Time remaining is 0h:44m
2024-07-25 12:45:54 INFO Epoch 265/300	Training Loss: 0.9637	Time remaining is 0h:43m
2024-07-25 12:47:07 INFO Testing: dataset_name: market1501 top1: 94.834 top5: 98.219 top10: 99.020 mAP: 86.467
2024-07-25 12:48:08 INFO Epoch 266/300	Training Loss: 0.9667	Time remaining is 0h:42m
2024-07-25 12:49:10 INFO Epoch 267/300	Training Loss: 0.9658	Time remaining is 0h:40m
2024-07-25 12:50:11 INFO Epoch 268/300	Training Loss: 0.9621	Time remaining is 0h:39m
2024-07-25 12:51:13 INFO Epoch 269/300	Training Loss: 0.9663	Time remaining is 0h:38m
2024-07-25 12:52:15 INFO Epoch 270/300	Training Loss: 0.9695	Time remaining is 0h:37m
2024-07-25 12:53:28 INFO Testing: dataset_name: market1501 top1: 94.804 top5: 98.337 top10: 99.020 mAP: 86.347
2024-07-25 12:54:29 INFO Epoch 271/300	Training Loss: 0.9649	Time remaining is 0h:36m
2024-07-25 12:55:31 INFO Epoch 272/300	Training Loss: 0.9649	Time remaining is 0h:35m
2024-07-25 12:56:33 INFO Epoch 273/300	Training Loss: 0.9691	Time remaining is 0h:33m
2024-07-25 12:57:35 INFO Epoch 274/300	Training Loss: 0.9640	Time remaining is 0h:32m
2024-07-25 12:58:37 INFO Epoch 275/300	Training Loss: 0.9640	Time remaining is 0h:31m
2024-07-25 12:59:49 INFO Testing: dataset_name: market1501 top1: 94.745 top5: 98.189 top10: 98.961 mAP: 86.482
2024-07-25 13:00:51 INFO Epoch 276/300	Training Loss: 0.9607	Time remaining is 0h:30m
2024-07-25 13:01:52 INFO Epoch 277/300	Training Loss: 0.9640	Time remaining is 0h:29m
2024-07-25 13:02:54 INFO Epoch 278/300	Training Loss: 0.9647	Time remaining is 0h:27m
2024-07-25 13:03:56 INFO Epoch 279/300	Training Loss: 0.9641	Time remaining is 0h:26m
2024-07-25 13:04:57 INFO Epoch 280/300	Training Loss: 0.9654	Time remaining is 0h:25m
2024-07-25 13:06:10 INFO Testing: dataset_name: market1501 top1: 94.774 top5: 98.337 top10: 99.080 mAP: 86.520
2024-07-25 13:07:12 INFO Epoch 281/300	Training Loss: 0.9640	Time remaining is 0h:24m
2024-07-25 13:08:13 INFO Epoch 282/300	Training Loss: 0.9597	Time remaining is 0h:23m
2024-07-25 13:09:15 INFO Epoch 283/300	Training Loss: 0.9653	Time remaining is 0h:21m
2024-07-25 13:10:16 INFO Epoch 284/300	Training Loss: 0.9582	Time remaining is 0h:20m
2024-07-25 13:11:18 INFO Epoch 285/300	Training Loss: 0.9596	Time remaining is 0h:19m
2024-07-25 13:12:30 INFO Testing: dataset_name: market1501 top1: 94.893 top5: 98.308 top10: 99.139 mAP: 86.444
2024-07-25 13:13:32 INFO Epoch 286/300	Training Loss: 0.9631	Time remaining is 0h:18m
2024-07-25 13:14:34 INFO Epoch 287/300	Training Loss: 0.9636	Time remaining is 0h:17m
2024-07-25 13:15:35 INFO Epoch 288/300	Training Loss: 0.9591	Time remaining is 0h:16m
2024-07-25 13:16:37 INFO Epoch 289/300	Training Loss: 0.9638	Time remaining is 0h:14m
2024-07-25 13:17:39 INFO Epoch 290/300	Training Loss: 0.9626	Time remaining is 0h:13m
2024-07-25 13:18:52 INFO Testing: dataset_name: market1501 top1: 94.834 top5: 98.397 top10: 99.020 mAP: 86.438
2024-07-25 13:19:53 INFO Epoch 291/300	Training Loss: 0.9596	Time remaining is 0h:12m
2024-07-25 13:20:54 INFO Epoch 292/300	Training Loss: 0.9627	Time remaining is 0h:11m
2024-07-25 13:21:56 INFO Epoch 293/300	Training Loss: 0.9634	Time remaining is 0h:10m
2024-07-25 13:22:57 INFO Epoch 294/300	Training Loss: 0.9586	Time remaining is 0h:8m
2024-07-25 13:23:59 INFO Epoch 295/300	Training Loss: 0.9639	Time remaining is 0h:7m
2024-07-25 13:25:12 INFO Testing: dataset_name: market1501 top1: 94.715 top5: 98.278 top10: 99.080 mAP: 86.473
2024-07-25 13:26:13 INFO Epoch 296/300	Training Loss: 0.9582	Time remaining is 0h:6m
2024-07-25 13:27:15 INFO Epoch 297/300	Training Loss: 0.9637	Time remaining is 0h:5m
2024-07-25 13:28:16 INFO Epoch 298/300	Training Loss: 0.9582	Time remaining is 0h:4m
2024-07-25 13:29:17 INFO Epoch 299/300	Training Loss: 0.9596	Time remaining is 0h:2m
2024-07-25 13:30:19 INFO Epoch 300/300	Training Loss: 0.9634	Time remaining is 0h:1m
2024-07-25 13:31:32 INFO Testing: dataset_name: market1501 top1: 94.804 top5: 98.308 top10: 99.050 mAP: 86.594
2024-07-25 13:31:32 INFO The running time of training: 6.0 h
