2024-03-29 11:33:39 INFO ##################################################
2024-03-29 11:33:39 INFO Config values: batch_size: 60	current_directory: /home/hy/project/reid_task/ex_main1	dataset_name: market1501	dataset_path: /home/hy/project/data/Market-1501-v15.09.15	device: cuda	dtype: torch.float32	epoch_start_test: 90	epochs: 120	img_height: 256	img_width: 128	logs_outputs_path: /home/hy/project/reid_task/ex_main1/./outputs/logs	models_outputs_path: /home/hy/project/reid_task/ex_main1/./outputs/models	np: <module 'numpy' from '/home/hy/anaconda3/envs/py396/lib/python3.9/site-packages/numpy/__init__.py'>	os: <module 'os' from '/home/hy/anaconda3/envs/py396/lib/python3.9/os.py'>	outputs_dir: ./outputs/	outputs_path: /home/hy/project/reid_task/ex_main1/./outputs/	print_every: 1	seed: 1	taskname: ReID_Task	temps_outputs_path: /home/hy/project/reid_task/ex_main1/./outputs/temps	test_batch_size: 256	test_every: 5	torch: <module 'torch' from '/home/hy/anaconda3/envs/py396/lib/python3.9/site-packages/torch/__init__.py'>
2024-03-29 11:33:39 INFO Task: ReID_Task
2024-03-29 11:33:39 INFO Using device: cuda
2024-03-29 11:33:39 INFO Using data type: torch.float32
2024-03-29 11:33:39 INFO Number of GPUs: 1
2024-03-29 11:33:39 INFO GPU is_available: True
2024-03-29 11:33:39 INFO GPU name: NVIDIA GeForce RTX 3060
2024-03-29 11:33:39 INFO CUDA version: 12.1
2024-03-29 11:33:39 INFO Current device id: 0
2024-03-29 11:33:39 INFO ##################################################
2024-03-29 11:34:49 INFO Epoch 1/120	Training Loss: 9.6284	Time remaining is 2h:19m
2024-03-29 11:35:58 INFO Epoch 2/120	Training Loss: 8.1521	Time remaining is 2h:17m
2024-03-29 11:37:07 INFO Epoch 3/120	Training Loss: 6.3083	Time remaining is 2h:16m
2024-03-29 11:38:16 INFO Epoch 4/120	Training Loss: 4.8373	Time remaining is 2h:15m
2024-03-29 11:39:24 INFO Epoch 5/120	Training Loss: 3.7735	Time remaining is 2h:13m
2024-03-29 11:40:33 INFO Epoch 6/120	Training Loss: 3.0774	Time remaining is 2h:12m
2024-03-29 11:41:41 INFO Epoch 7/120	Training Loss: 2.7269	Time remaining is 2h:11m
2024-03-29 11:42:50 INFO Epoch 8/120	Training Loss: 2.5348	Time remaining is 2h:10m
2024-03-29 11:43:59 INFO Epoch 9/120	Training Loss: 2.4354	Time remaining is 2h:8m
2024-03-29 11:45:07 INFO Epoch 10/120	Training Loss: 2.3498	Time remaining is 2h:7m
2024-03-29 11:46:16 INFO Epoch 11/120	Training Loss: 2.3082	Time remaining is 2h:6m
2024-03-29 11:47:25 INFO Epoch 12/120	Training Loss: 2.2632	Time remaining is 2h:5m
2024-03-29 11:48:33 INFO Epoch 13/120	Training Loss: 2.2104	Time remaining is 2h:4m
2024-03-29 11:49:43 INFO Epoch 14/120	Training Loss: 2.1935	Time remaining is 2h:3m
2024-03-29 11:50:52 INFO Epoch 15/120	Training Loss: 2.1701	Time remaining is 2h:2m
2024-03-29 11:52:01 INFO Epoch 16/120	Training Loss: 2.1542	Time remaining is 2h:0m
2024-03-29 11:53:09 INFO Epoch 17/120	Training Loss: 2.1321	Time remaining is 1h:59m
2024-03-29 11:54:18 INFO Epoch 18/120	Training Loss: 2.1199	Time remaining is 1h:58m
2024-03-29 11:55:27 INFO Epoch 19/120	Training Loss: 2.1265	Time remaining is 1h:57m
2024-03-29 11:56:36 INFO Epoch 20/120	Training Loss: 2.1243	Time remaining is 1h:56m
2024-03-29 11:57:45 INFO Epoch 21/120	Training Loss: 2.1164	Time remaining is 1h:55m
2024-03-29 11:58:54 INFO Epoch 22/120	Training Loss: 2.1131	Time remaining is 1h:54m
2024-03-29 12:00:03 INFO Epoch 23/120	Training Loss: 2.1020	Time remaining is 1h:52m
2024-03-29 12:01:11 INFO Epoch 24/120	Training Loss: 2.1178	Time remaining is 1h:51m
2024-03-29 12:02:21 INFO Epoch 25/120	Training Loss: 2.1107	Time remaining is 1h:50m
2024-03-29 12:03:30 INFO Epoch 26/120	Training Loss: 2.1245	Time remaining is 1h:49m
2024-03-29 12:04:39 INFO Epoch 27/120	Training Loss: 2.1150	Time remaining is 1h:48m
2024-03-29 12:05:48 INFO Epoch 28/120	Training Loss: 2.1154	Time remaining is 1h:47m
2024-03-29 12:06:57 INFO Epoch 29/120	Training Loss: 2.1045	Time remaining is 1h:46m
2024-03-29 12:08:05 INFO Epoch 30/120	Training Loss: 2.0944	Time remaining is 1h:44m
2024-03-29 12:09:14 INFO Epoch 31/120	Training Loss: 2.0986	Time remaining is 1h:43m
2024-03-29 12:10:23 INFO Epoch 32/120	Training Loss: 2.1018	Time remaining is 1h:42m
2024-03-29 12:11:32 INFO Epoch 33/120	Training Loss: 2.0994	Time remaining is 1h:41m
2024-03-29 12:12:41 INFO Epoch 34/120	Training Loss: 2.1037	Time remaining is 1h:40m
2024-03-29 12:13:50 INFO Epoch 35/120	Training Loss: 2.1039	Time remaining is 1h:39m
2024-03-29 12:14:59 INFO Epoch 36/120	Training Loss: 2.0870	Time remaining is 1h:38m
2024-03-29 12:16:08 INFO Epoch 37/120	Training Loss: 2.0897	Time remaining is 1h:36m
2024-03-29 12:17:17 INFO Epoch 38/120	Training Loss: 2.0973	Time remaining is 1h:35m
2024-03-29 12:18:26 INFO Epoch 39/120	Training Loss: 2.0960	Time remaining is 1h:34m
2024-03-29 12:19:35 INFO Epoch 40/120	Training Loss: 2.0937	Time remaining is 1h:33m
2024-03-29 12:20:44 INFO Epoch 41/120	Training Loss: 2.0306	Time remaining is 1h:32m
2024-03-29 12:21:53 INFO Epoch 42/120	Training Loss: 1.9602	Time remaining is 1h:31m
2024-03-29 12:23:02 INFO Epoch 43/120	Training Loss: 1.9586	Time remaining is 1h:30m
2024-03-29 12:24:11 INFO Epoch 44/120	Training Loss: 1.9493	Time remaining is 1h:28m
2024-03-29 12:25:20 INFO Epoch 45/120	Training Loss: 1.9409	Time remaining is 1h:27m
2024-03-29 12:26:29 INFO Epoch 46/120	Training Loss: 1.9398	Time remaining is 1h:26m
2024-03-29 12:27:37 INFO Epoch 47/120	Training Loss: 1.9248	Time remaining is 1h:25m
2024-03-29 12:28:46 INFO Epoch 48/120	Training Loss: 1.9331	Time remaining is 1h:24m
2024-03-29 12:29:55 INFO Epoch 49/120	Training Loss: 1.9197	Time remaining is 1h:23m
2024-03-29 12:31:04 INFO Epoch 50/120	Training Loss: 1.9281	Time remaining is 1h:22m
2024-03-29 12:32:12 INFO Epoch 51/120	Training Loss: 1.9147	Time remaining is 1h:20m
2024-03-29 12:33:21 INFO Epoch 52/120	Training Loss: 1.9219	Time remaining is 1h:19m
2024-03-29 12:34:30 INFO Epoch 53/120	Training Loss: 1.9207	Time remaining is 1h:18m
2024-03-29 12:35:39 INFO Epoch 54/120	Training Loss: 1.9180	Time remaining is 1h:17m
2024-03-29 12:36:48 INFO Epoch 55/120	Training Loss: 1.9191	Time remaining is 1h:16m
2024-03-29 12:37:57 INFO Epoch 56/120	Training Loss: 1.9169	Time remaining is 1h:15m
2024-03-29 12:39:06 INFO Epoch 57/120	Training Loss: 1.9062	Time remaining is 1h:13m
2024-03-29 12:40:15 INFO Epoch 58/120	Training Loss: 1.9154	Time remaining is 1h:12m
2024-03-29 12:41:24 INFO Epoch 59/120	Training Loss: 1.9163	Time remaining is 1h:11m
2024-03-29 12:42:33 INFO Epoch 60/120	Training Loss: 1.9116	Time remaining is 1h:10m
2024-03-29 12:43:41 INFO Epoch 61/120	Training Loss: 1.9121	Time remaining is 1h:9m
2024-03-29 12:44:50 INFO Epoch 62/120	Training Loss: 1.9106	Time remaining is 1h:8m
2024-03-29 12:45:59 INFO Epoch 63/120	Training Loss: 1.9101	Time remaining is 1h:7m
2024-03-29 12:47:08 INFO Epoch 64/120	Training Loss: 1.9085	Time remaining is 1h:5m
2024-03-29 12:48:17 INFO Epoch 65/120	Training Loss: 1.9054	Time remaining is 1h:4m
2024-03-29 12:49:26 INFO Epoch 66/120	Training Loss: 1.9062	Time remaining is 1h:3m
2024-03-29 12:50:36 INFO Epoch 67/120	Training Loss: 1.9143	Time remaining is 1h:2m
2024-03-29 12:51:45 INFO Epoch 68/120	Training Loss: 1.9049	Time remaining is 1h:1m
2024-03-29 12:52:53 INFO Epoch 69/120	Training Loss: 1.8968	Time remaining is 0h:60m
2024-03-29 12:54:02 INFO Epoch 70/120	Training Loss: 1.9035	Time remaining is 0h:59m
2024-03-29 12:55:11 INFO Epoch 71/120	Training Loss: 1.9013	Time remaining is 0h:57m
2024-03-29 12:56:20 INFO Epoch 72/120	Training Loss: 1.8963	Time remaining is 0h:56m
2024-03-29 12:57:29 INFO Epoch 73/120	Training Loss: 1.8949	Time remaining is 0h:55m
2024-03-29 12:58:38 INFO Epoch 74/120	Training Loss: 1.8842	Time remaining is 0h:54m
2024-03-29 12:59:46 INFO Epoch 75/120	Training Loss: 1.8842	Time remaining is 0h:53m
2024-03-29 13:00:55 INFO Epoch 76/120	Training Loss: 1.8811	Time remaining is 0h:52m
2024-03-29 13:02:04 INFO Epoch 77/120	Training Loss: 1.8914	Time remaining is 0h:51m
2024-03-29 13:03:13 INFO Epoch 78/120	Training Loss: 1.8832	Time remaining is 0h:49m
2024-03-29 13:04:22 INFO Epoch 79/120	Training Loss: 1.8914	Time remaining is 0h:48m
2024-03-29 13:05:31 INFO Epoch 80/120	Training Loss: 1.8921	Time remaining is 0h:47m
2024-03-29 13:06:40 INFO Epoch 81/120	Training Loss: 1.8900	Time remaining is 0h:46m
2024-03-29 13:07:49 INFO Epoch 82/120	Training Loss: 1.8900	Time remaining is 0h:45m
2024-03-29 13:08:58 INFO Epoch 83/120	Training Loss: 1.8903	Time remaining is 0h:44m
2024-03-29 13:10:07 INFO Epoch 84/120	Training Loss: 1.8882	Time remaining is 0h:42m
2024-03-29 13:11:16 INFO Epoch 85/120	Training Loss: 1.8911	Time remaining is 0h:41m
2024-03-29 13:12:25 INFO Epoch 86/120	Training Loss: 1.8903	Time remaining is 0h:40m
2024-03-29 13:13:34 INFO Epoch 87/120	Training Loss: 1.8888	Time remaining is 0h:39m
2024-03-29 13:14:43 INFO Epoch 88/120	Training Loss: 1.8787	Time remaining is 0h:38m
2024-03-29 13:15:51 INFO Epoch 89/120	Training Loss: 1.8885	Time remaining is 0h:37m
2024-03-29 13:17:00 INFO Epoch 90/120	Training Loss: 1.8891	Time remaining is 0h:36m
2024-03-29 13:17:45 INFO Testing: dataset_name: market1501 top1:0.9501 top5:0.9846 top10:0.9902 mAP:0.8696
2024-03-29 13:18:54 INFO Epoch 91/120	Training Loss: 1.8892	Time remaining is 0h:35m
2024-03-29 13:20:03 INFO Epoch 92/120	Training Loss: 1.8777	Time remaining is 0h:34m
2024-03-29 13:21:12 INFO Epoch 93/120	Training Loss: 1.8903	Time remaining is 0h:32m
2024-03-29 13:22:21 INFO Epoch 94/120	Training Loss: 1.8869	Time remaining is 0h:31m
2024-03-29 13:23:30 INFO Epoch 95/120	Training Loss: 1.8774	Time remaining is 0h:30m
2024-03-29 13:24:14 INFO Testing: dataset_name: market1501 top1:0.9495 top5:0.9857 top10:0.9917 mAP:0.8715
2024-03-29 13:25:24 INFO Epoch 96/120	Training Loss: 1.8886	Time remaining is 0h:29m
2024-03-29 13:26:32 INFO Epoch 97/120	Training Loss: 1.8764	Time remaining is 0h:28m
2024-03-29 13:27:42 INFO Epoch 98/120	Training Loss: 1.8889	Time remaining is 0h:27m
2024-03-29 13:28:51 INFO Epoch 99/120	Training Loss: 1.8877	Time remaining is 0h:26m
2024-03-29 13:30:00 INFO Epoch 100/120	Training Loss: 1.8854	Time remaining is 0h:24m
2024-03-29 13:30:45 INFO Testing: dataset_name: market1501 top1:0.9495 top5:0.9855 top10:0.9917 mAP:0.8700
2024-03-29 13:31:54 INFO Epoch 101/120	Training Loss: 1.8881	Time remaining is 0h:23m
2024-03-29 13:33:03 INFO Epoch 102/120	Training Loss: 1.8859	Time remaining is 0h:22m
2024-03-29 13:34:12 INFO Epoch 103/120	Training Loss: 1.8855	Time remaining is 0h:21m
2024-03-29 13:35:21 INFO Epoch 104/120	Training Loss: 1.8843	Time remaining is 0h:20m
2024-03-29 13:36:30 INFO Epoch 105/120	Training Loss: 1.8962	Time remaining is 0h:19m
2024-03-29 13:37:15 INFO Testing: dataset_name: market1501 top1:0.9480 top5:0.9846 top10:0.9914 mAP:0.8710
2024-03-29 13:38:24 INFO Epoch 106/120	Training Loss: 1.8868	Time remaining is 0h:18m
2024-03-29 13:39:33 INFO Epoch 107/120	Training Loss: 1.8762	Time remaining is 0h:16m
2024-03-29 13:40:42 INFO Epoch 108/120	Training Loss: 1.8862	Time remaining is 0h:15m
2024-03-29 13:41:51 INFO Epoch 109/120	Training Loss: 1.8853	Time remaining is 0h:14m
2024-03-29 13:43:00 INFO Epoch 110/120	Training Loss: 1.8843	Time remaining is 0h:13m
2024-03-29 13:43:44 INFO Testing: dataset_name: market1501 top1:0.9474 top5:0.9852 top10:0.9914 mAP:0.8721
2024-03-29 13:44:53 INFO Epoch 111/120	Training Loss: 1.8743	Time remaining is 0h:12m
2024-03-29 13:46:02 INFO Epoch 112/120	Training Loss: 1.8840	Time remaining is 0h:11m
2024-03-29 13:47:11 INFO Epoch 113/120	Training Loss: 1.8844	Time remaining is 0h:9m
2024-03-29 13:48:19 INFO Epoch 114/120	Training Loss: 1.8765	Time remaining is 0h:8m
2024-03-29 13:49:29 INFO Epoch 115/120	Training Loss: 1.8917	Time remaining is 0h:7m
2024-03-29 13:50:13 INFO Testing: dataset_name: market1501 top1:0.9498 top5:0.9857 top10:0.9917 mAP:0.8724
2024-03-29 13:51:22 INFO Epoch 116/120	Training Loss: 1.8841	Time remaining is 0h:6m
2024-03-29 13:52:31 INFO Epoch 117/120	Training Loss: 1.8851	Time remaining is 0h:5m
2024-03-29 13:53:41 INFO Epoch 118/120	Training Loss: 1.8838	Time remaining is 0h:4m
2024-03-29 13:54:50 INFO Epoch 119/120	Training Loss: 1.8933	Time remaining is 0h:2m
2024-03-29 13:55:59 INFO Epoch 120/120	Training Loss: 1.8726	Time remaining is 0h:1m
2024-03-29 13:56:44 INFO Testing: dataset_name: market1501 top1:0.9510 top5:0.9857 top10:0.9917 mAP:0.8736
2024-03-29 13:56:44 INFO The running time of training: 8.58485e+03 s
