2024-04-11 21:26:40 INFO ##################################################
2024-04-11 21:26:40 INFO Config values: batch_size: 60	current_directory: /home/hy/project/reid_task/ex_main1	dataset_name: market1501	dataset_path: /home/hy/project/data/Market-1501-v15.09.15	device: cuda	dtype: torch.float32	epoch_start_test: 90	epochs: 160	img_height: 256	img_width: 128	logs_outputs_path: /home/hy/project/reid_task/ex_main1/./outputs/logs	models_outputs_path: /home/hy/project/reid_task/ex_main1/./outputs/models	np: <module 'numpy' from '/home/hy/anaconda3/envs/py396/lib/python3.9/site-packages/numpy/__init__.py'>	os: <module 'os' from '/home/hy/anaconda3/envs/py396/lib/python3.9/os.py'>	outputs_dir: ./outputs/	outputs_path: /home/hy/project/reid_task/ex_main1/./outputs/	print_every: 1	seed: 1	taskname: ReID_Task	temps_outputs_path: /home/hy/project/reid_task/ex_main1/./outputs/temps	test_batch_size: 256	test_every: 5	torch: <module 'torch' from '/home/hy/anaconda3/envs/py396/lib/python3.9/site-packages/torch/__init__.py'>
2024-04-11 21:26:40 INFO Task: ReID_Task
2024-04-11 21:26:40 INFO Using device: cuda
2024-04-11 21:26:40 INFO Using data type: torch.float32
2024-04-11 21:26:40 INFO Number of GPUs: 1
2024-04-11 21:26:40 INFO GPU is_available: True
2024-04-11 21:26:40 INFO GPU name: NVIDIA GeForce RTX 3060
2024-04-11 21:26:40 INFO CUDA version: 12.1
2024-04-11 21:26:40 INFO Current device id: 0
2024-04-11 21:26:40 INFO ##################################################
2024-04-11 21:27:57 INFO Epoch 1/160	Training Loss: 9.6322	Time remaining is 3h:23m
2024-04-11 21:29:13 INFO Epoch 2/160	Training Loss: 8.1564	Time remaining is 3h:21m
2024-04-11 21:30:28 INFO Epoch 3/160	Training Loss: 6.3038	Time remaining is 3h:19m
2024-04-11 21:31:44 INFO Epoch 4/160	Training Loss: 4.8461	Time remaining is 3h:18m
2024-04-11 21:33:00 INFO Epoch 5/160	Training Loss: 3.7863	Time remaining is 3h:17m
2024-04-11 21:34:15 INFO Epoch 6/160	Training Loss: 3.0917	Time remaining is 3h:16m
2024-04-11 21:35:31 INFO Epoch 7/160	Training Loss: 2.7373	Time remaining is 3h:14m
2024-04-11 21:36:46 INFO Epoch 8/160	Training Loss: 2.5376	Time remaining is 3h:13m
2024-04-11 21:38:02 INFO Epoch 9/160	Training Loss: 2.4348	Time remaining is 3h:12m
2024-04-11 21:39:18 INFO Epoch 10/160	Training Loss: 2.3570	Time remaining is 3h:10m
2024-04-11 21:40:34 INFO Epoch 11/160	Training Loss: 2.3186	Time remaining is 3h:9m
2024-04-11 21:41:49 INFO Epoch 12/160	Training Loss: 2.2660	Time remaining is 3h:8m
2024-04-11 21:43:05 INFO Epoch 13/160	Training Loss: 2.2114	Time remaining is 3h:7m
2024-04-11 21:44:21 INFO Epoch 14/160	Training Loss: 2.2020	Time remaining is 3h:6m
2024-04-11 21:45:37 INFO Epoch 15/160	Training Loss: 2.1733	Time remaining is 3h:4m
2024-04-11 21:46:53 INFO Epoch 16/160	Training Loss: 2.1574	Time remaining is 3h:3m
2024-04-11 21:48:08 INFO Epoch 17/160	Training Loss: 2.1333	Time remaining is 3h:2m
2024-04-11 21:49:23 INFO Epoch 18/160	Training Loss: 2.1215	Time remaining is 3h:0m
2024-04-11 21:50:39 INFO Epoch 19/160	Training Loss: 2.1313	Time remaining is 2h:59m
2024-04-11 21:51:55 INFO Epoch 20/160	Training Loss: 2.1282	Time remaining is 2h:58m
2024-04-11 21:53:10 INFO Epoch 21/160	Training Loss: 2.1230	Time remaining is 2h:57m
2024-04-11 21:54:26 INFO Epoch 22/160	Training Loss: 2.1164	Time remaining is 2h:55m
2024-04-11 21:55:41 INFO Epoch 23/160	Training Loss: 2.1075	Time remaining is 2h:54m
2024-04-11 21:56:57 INFO Epoch 24/160	Training Loss: 2.1222	Time remaining is 2h:53m
2024-04-11 21:58:13 INFO Epoch 25/160	Training Loss: 2.1222	Time remaining is 2h:52m
2024-04-11 21:59:30 INFO Epoch 26/160	Training Loss: 2.1306	Time remaining is 2h:50m
2024-04-11 22:00:46 INFO Epoch 27/160	Training Loss: 2.1106	Time remaining is 2h:49m
2024-04-11 22:02:01 INFO Epoch 28/160	Training Loss: 2.1122	Time remaining is 2h:48m
2024-04-11 22:03:16 INFO Epoch 29/160	Training Loss: 2.1061	Time remaining is 2h:47m
2024-04-11 22:04:31 INFO Epoch 30/160	Training Loss: 2.0981	Time remaining is 2h:45m
2024-04-11 22:05:47 INFO Epoch 31/160	Training Loss: 2.0987	Time remaining is 2h:44m
2024-04-11 22:07:03 INFO Epoch 32/160	Training Loss: 2.1043	Time remaining is 2h:43m
2024-04-11 22:08:19 INFO Epoch 33/160	Training Loss: 2.1051	Time remaining is 2h:41m
2024-04-11 22:09:34 INFO Epoch 34/160	Training Loss: 2.1058	Time remaining is 2h:40m
2024-04-11 22:10:50 INFO Epoch 35/160	Training Loss: 2.1062	Time remaining is 2h:39m
2024-04-11 22:12:06 INFO Epoch 36/160	Training Loss: 2.0979	Time remaining is 2h:38m
2024-04-11 22:13:22 INFO Epoch 37/160	Training Loss: 2.0944	Time remaining is 2h:36m
2024-04-11 22:14:37 INFO Epoch 38/160	Training Loss: 2.1032	Time remaining is 2h:35m
2024-04-11 22:15:53 INFO Epoch 39/160	Training Loss: 2.1059	Time remaining is 2h:34m
2024-04-11 22:17:09 INFO Epoch 40/160	Training Loss: 2.0861	Time remaining is 2h:33m
2024-04-11 22:18:25 INFO Epoch 41/160	Training Loss: 2.0319	Time remaining is 2h:31m
2024-04-11 22:19:40 INFO Epoch 42/160	Training Loss: 1.9630	Time remaining is 2h:30m
2024-04-11 22:20:56 INFO Epoch 43/160	Training Loss: 1.9604	Time remaining is 2h:29m
2024-04-11 22:22:12 INFO Epoch 44/160	Training Loss: 1.9527	Time remaining is 2h:28m
2024-04-11 22:23:29 INFO Epoch 45/160	Training Loss: 1.9449	Time remaining is 2h:26m
2024-04-11 22:24:44 INFO Epoch 46/160	Training Loss: 1.9439	Time remaining is 2h:25m
2024-04-11 22:26:00 INFO Epoch 47/160	Training Loss: 1.9282	Time remaining is 2h:24m
2024-04-11 22:27:16 INFO Epoch 48/160	Training Loss: 1.9369	Time remaining is 2h:23m
2024-04-11 22:28:31 INFO Epoch 49/160	Training Loss: 1.9233	Time remaining is 2h:21m
2024-04-11 22:29:47 INFO Epoch 50/160	Training Loss: 1.9325	Time remaining is 2h:20m
2024-04-11 22:31:03 INFO Epoch 51/160	Training Loss: 1.9183	Time remaining is 2h:19m
2024-04-11 22:32:18 INFO Epoch 52/160	Training Loss: 1.9252	Time remaining is 2h:18m
2024-04-11 22:33:34 INFO Epoch 53/160	Training Loss: 1.9260	Time remaining is 2h:16m
2024-04-11 22:34:50 INFO Epoch 54/160	Training Loss: 1.9219	Time remaining is 2h:15m
2024-04-11 22:36:06 INFO Epoch 55/160	Training Loss: 1.9233	Time remaining is 2h:14m
2024-04-11 22:37:22 INFO Epoch 56/160	Training Loss: 1.9204	Time remaining is 2h:13m
2024-04-11 22:38:37 INFO Epoch 57/160	Training Loss: 1.9100	Time remaining is 2h:11m
2024-04-11 22:39:53 INFO Epoch 58/160	Training Loss: 1.9186	Time remaining is 2h:10m
2024-04-11 22:41:09 INFO Epoch 59/160	Training Loss: 1.9201	Time remaining is 2h:9m
2024-04-11 22:42:25 INFO Epoch 60/160	Training Loss: 1.9155	Time remaining is 2h:7m
2024-04-11 22:43:40 INFO Epoch 61/160	Training Loss: 1.9161	Time remaining is 2h:6m
2024-04-11 22:44:56 INFO Epoch 62/160	Training Loss: 1.9151	Time remaining is 2h:5m
2024-04-11 22:46:12 INFO Epoch 63/160	Training Loss: 1.9138	Time remaining is 2h:4m
2024-04-11 22:47:27 INFO Epoch 64/160	Training Loss: 1.9129	Time remaining is 2h:2m
2024-04-11 22:48:43 INFO Epoch 65/160	Training Loss: 1.9099	Time remaining is 2h:1m
2024-04-11 22:49:59 INFO Epoch 66/160	Training Loss: 1.9095	Time remaining is 1h:60m
2024-04-11 22:51:16 INFO Epoch 67/160	Training Loss: 1.9177	Time remaining is 1h:59m
2024-04-11 22:52:31 INFO Epoch 68/160	Training Loss: 1.9082	Time remaining is 1h:57m
2024-04-11 22:53:47 INFO Epoch 69/160	Training Loss: 1.9006	Time remaining is 1h:56m
2024-04-11 22:55:03 INFO Epoch 70/160	Training Loss: 1.9069	Time remaining is 1h:55m
2024-04-11 22:56:18 INFO Epoch 71/160	Training Loss: 1.9049	Time remaining is 1h:54m
2024-04-11 22:57:34 INFO Epoch 72/160	Training Loss: 1.9004	Time remaining is 1h:52m
2024-04-11 22:58:50 INFO Epoch 73/160	Training Loss: 1.8983	Time remaining is 1h:51m
2024-04-11 23:00:05 INFO Epoch 74/160	Training Loss: 1.8876	Time remaining is 1h:50m
2024-04-11 23:01:20 INFO Epoch 75/160	Training Loss: 1.8871	Time remaining is 1h:49m
2024-04-11 23:02:36 INFO Epoch 76/160	Training Loss: 1.8843	Time remaining is 1h:47m
2024-04-11 23:03:52 INFO Epoch 77/160	Training Loss: 1.8958	Time remaining is 1h:46m
2024-04-11 23:05:07 INFO Epoch 78/160	Training Loss: 1.8865	Time remaining is 1h:45m
2024-04-11 23:06:23 INFO Epoch 79/160	Training Loss: 1.8946	Time remaining is 1h:43m
2024-04-11 23:07:39 INFO Epoch 80/160	Training Loss: 1.8958	Time remaining is 1h:42m
2024-04-11 23:08:55 INFO Epoch 81/160	Training Loss: 1.8934	Time remaining is 1h:41m
2024-04-11 23:10:11 INFO Epoch 82/160	Training Loss: 1.8937	Time remaining is 1h:40m
2024-04-11 23:11:27 INFO Epoch 83/160	Training Loss: 1.8939	Time remaining is 1h:38m
2024-04-11 23:12:43 INFO Epoch 84/160	Training Loss: 1.8918	Time remaining is 1h:37m
2024-04-11 23:13:58 INFO Epoch 85/160	Training Loss: 1.8950	Time remaining is 1h:36m
2024-04-11 23:15:14 INFO Epoch 86/160	Training Loss: 1.8938	Time remaining is 1h:35m
2024-04-11 23:16:30 INFO Epoch 87/160	Training Loss: 1.8924	Time remaining is 1h:33m
2024-04-11 23:17:45 INFO Epoch 88/160	Training Loss: 1.8826	Time remaining is 1h:32m
2024-04-11 23:19:01 INFO Epoch 89/160	Training Loss: 1.8920	Time remaining is 1h:31m
2024-04-11 23:20:17 INFO Epoch 90/160	Training Loss: 1.8928	Time remaining is 1h:30m
2024-04-11 23:21:45 INFO Testing: dataset_name: market1501 top1:0.9510 top5:0.9843 top10:0.9908 mAP:0.8710
2024-04-11 23:23:02 INFO Epoch 91/160	Training Loss: 1.8928	Time remaining is 1h:29m
2024-04-11 23:24:17 INFO Epoch 92/160	Training Loss: 1.8809	Time remaining is 1h:28m
2024-04-11 23:25:33 INFO Epoch 93/160	Training Loss: 1.8937	Time remaining is 1h:27m
2024-04-11 23:26:49 INFO Epoch 94/160	Training Loss: 1.8909	Time remaining is 1h:26m
2024-04-11 23:28:05 INFO Epoch 95/160	Training Loss: 1.8808	Time remaining is 1h:24m
2024-04-11 23:29:32 INFO Testing: dataset_name: market1501 top1:0.9492 top5:0.9846 top10:0.9911 mAP:0.8725
2024-04-11 23:30:48 INFO Epoch 96/160	Training Loss: 1.8923	Time remaining is 1h:24m
2024-04-11 23:32:04 INFO Epoch 97/160	Training Loss: 1.8795	Time remaining is 1h:23m
2024-04-11 23:33:20 INFO Epoch 98/160	Training Loss: 1.8934	Time remaining is 1h:21m
2024-04-11 23:34:37 INFO Epoch 99/160	Training Loss: 1.8910	Time remaining is 1h:20m
2024-04-11 23:35:53 INFO Epoch 100/160	Training Loss: 1.8887	Time remaining is 1h:19m
2024-04-11 23:37:20 INFO Testing: dataset_name: market1501 top1:0.9498 top5:0.9840 top10:0.9902 mAP:0.8713
2024-04-11 23:38:36 INFO Epoch 101/160	Training Loss: 1.8919	Time remaining is 1h:18m
2024-04-11 23:39:52 INFO Epoch 102/160	Training Loss: 1.8894	Time remaining is 1h:17m
2024-04-11 23:41:08 INFO Epoch 103/160	Training Loss: 1.8889	Time remaining is 1h:16m
2024-04-11 23:42:24 INFO Epoch 104/160	Training Loss: 1.8880	Time remaining is 1h:14m
2024-04-11 23:43:41 INFO Epoch 105/160	Training Loss: 1.8992	Time remaining is 1h:13m
2024-04-11 23:45:08 INFO Testing: dataset_name: market1501 top1:0.9525 top5:0.9846 top10:0.9908 mAP:0.8718
2024-04-11 23:46:24 INFO Epoch 106/160	Training Loss: 1.8908	Time remaining is 1h:12m
2024-04-11 23:47:39 INFO Epoch 107/160	Training Loss: 1.8794	Time remaining is 1h:11m
2024-04-11 23:48:56 INFO Epoch 108/160	Training Loss: 1.8903	Time remaining is 1h:10m
2024-04-11 23:50:12 INFO Epoch 109/160	Training Loss: 1.8884	Time remaining is 1h:8m
2024-04-11 23:51:28 INFO Epoch 110/160	Training Loss: 1.8875	Time remaining is 1h:7m
2024-04-11 23:52:55 INFO Testing: dataset_name: market1501 top1:0.9543 top5:0.9834 top10:0.9905 mAP:0.8734
2024-04-11 23:54:10 INFO Epoch 111/160	Training Loss: 1.8776	Time remaining is 1h:6m
2024-04-11 23:55:26 INFO Epoch 112/160	Training Loss: 1.8877	Time remaining is 1h:5m
2024-04-11 23:56:42 INFO Epoch 113/160	Training Loss: 1.8880	Time remaining is 1h:4m
2024-04-11 23:57:58 INFO Epoch 114/160	Training Loss: 1.8798	Time remaining is 1h:2m
2024-04-11 23:59:15 INFO Epoch 115/160	Training Loss: 1.8952	Time remaining is 1h:1m
2024-04-12 00:00:42 INFO Testing: dataset_name: market1501 top1:0.9519 top5:0.9846 top10:0.9908 mAP:0.8740
2024-04-12 00:01:58 INFO Epoch 116/160	Training Loss: 1.8876	Time remaining is 1h:0m
2024-04-12 00:03:14 INFO Epoch 117/160	Training Loss: 1.8894	Time remaining is 0h:59m
2024-04-12 00:04:30 INFO Epoch 118/160	Training Loss: 1.8876	Time remaining is 0h:58m
2024-04-12 00:05:47 INFO Epoch 119/160	Training Loss: 1.8968	Time remaining is 0h:56m
2024-04-12 00:07:02 INFO Epoch 120/160	Training Loss: 1.8765	Time remaining is 0h:55m
2024-04-12 00:08:30 INFO Testing: dataset_name: market1501 top1:0.9537 top5:0.9846 top10:0.9911 mAP:0.8755
2024-04-12 00:09:46 INFO Epoch 121/160	Training Loss: 1.8860	Time remaining is 0h:54m
2024-04-12 00:11:02 INFO Epoch 122/160	Training Loss: 1.8857	Time remaining is 0h:53m
2024-04-12 00:12:18 INFO Epoch 123/160	Training Loss: 1.8854	Time remaining is 0h:51m
2024-04-12 00:13:33 INFO Epoch 124/160	Training Loss: 1.8779	Time remaining is 0h:50m
2024-04-12 00:14:49 INFO Epoch 125/160	Training Loss: 1.8869	Time remaining is 0h:48m
2024-04-12 00:16:16 INFO Testing: dataset_name: market1501 top1:0.9531 top5:0.9834 top10:0.9911 mAP:0.8751
2024-04-12 00:17:32 INFO Epoch 126/160	Training Loss: 1.8870	Time remaining is 0h:47m
2024-04-12 00:18:48 INFO Epoch 127/160	Training Loss: 1.8852	Time remaining is 0h:46m
2024-04-12 00:20:04 INFO Epoch 128/160	Training Loss: 1.8851	Time remaining is 0h:45m
2024-04-12 00:21:20 INFO Epoch 129/160	Training Loss: 1.8872	Time remaining is 0h:43m
2024-04-12 00:22:36 INFO Epoch 130/160	Training Loss: 1.8868	Time remaining is 0h:42m
2024-04-12 00:24:03 INFO Testing: dataset_name: market1501 top1:0.9534 top5:0.9846 top10:0.9908 mAP:0.8761
2024-04-12 00:25:19 INFO Epoch 131/160	Training Loss: 1.8775	Time remaining is 0h:41m
2024-04-12 00:26:35 INFO Epoch 132/160	Training Loss: 1.8840	Time remaining is 0h:40m
2024-04-12 00:27:51 INFO Epoch 133/160	Training Loss: 1.8754	Time remaining is 0h:38m
2024-04-12 00:29:07 INFO Epoch 134/160	Training Loss: 1.8856	Time remaining is 0h:37m
2024-04-12 00:30:22 INFO Epoch 135/160	Training Loss: 1.8768	Time remaining is 0h:35m
2024-04-12 00:31:50 INFO Testing: dataset_name: market1501 top1:0.9528 top5:0.9849 top10:0.9908 mAP:0.8768
2024-04-12 00:33:05 INFO Epoch 136/160	Training Loss: 1.8761	Time remaining is 0h:34m
2024-04-12 00:34:21 INFO Epoch 137/160	Training Loss: 1.8853	Time remaining is 0h:33m
2024-04-12 00:35:37 INFO Epoch 138/160	Training Loss: 1.8853	Time remaining is 0h:31m
2024-04-12 00:36:53 INFO Epoch 139/160	Training Loss: 1.8741	Time remaining is 0h:30m
2024-04-12 00:38:09 INFO Epoch 140/160	Training Loss: 1.8839	Time remaining is 0h:29m
2024-04-12 00:39:36 INFO Testing: dataset_name: market1501 top1:0.9543 top5:0.9843 top10:0.9905 mAP:0.8765
2024-04-12 00:40:52 INFO Epoch 141/160	Training Loss: 1.8849	Time remaining is 0h:28m
2024-04-12 00:42:08 INFO Epoch 142/160	Training Loss: 1.8837	Time remaining is 0h:26m
2024-04-12 00:43:24 INFO Epoch 143/160	Training Loss: 1.8847	Time remaining is 0h:25m
2024-04-12 00:44:40 INFO Epoch 144/160	Training Loss: 1.8823	Time remaining is 0h:23m
2024-04-12 00:45:56 INFO Epoch 145/160	Training Loss: 1.8850	Time remaining is 0h:22m
2024-04-12 00:47:24 INFO Testing: dataset_name: market1501 top1:0.9516 top5:0.9843 top10:0.9917 mAP:0.8771
2024-04-12 00:48:40 INFO Epoch 146/160	Training Loss: 1.8829	Time remaining is 0h:21m
2024-04-12 00:49:56 INFO Epoch 147/160	Training Loss: 1.8833	Time remaining is 0h:19m
2024-04-12 00:51:12 INFO Epoch 148/160	Training Loss: 1.8837	Time remaining is 0h:18m
2024-04-12 00:52:28 INFO Epoch 149/160	Training Loss: 1.8928	Time remaining is 0h:17m
2024-04-12 00:53:44 INFO Epoch 150/160	Training Loss: 1.8731	Time remaining is 0h:15m
2024-04-12 00:55:11 INFO Testing: dataset_name: market1501 top1:0.9537 top5:0.9849 top10:0.9908 mAP:0.8777
2024-04-12 00:56:27 INFO Epoch 151/160	Training Loss: 1.8828	Time remaining is 0h:14m
2024-04-12 00:57:43 INFO Epoch 152/160	Training Loss: 1.8818	Time remaining is 0h:12m
2024-04-12 00:58:59 INFO Epoch 153/160	Training Loss: 1.8820	Time remaining is 0h:11m
2024-04-12 01:00:15 INFO Epoch 154/160	Training Loss: 1.8826	Time remaining is 0h:10m
2024-04-12 01:01:31 INFO Epoch 155/160	Training Loss: 1.8836	Time remaining is 0h:8m
2024-04-12 01:02:59 INFO Testing: dataset_name: market1501 top1:0.9531 top5:0.9846 top10:0.9923 mAP:0.8788
2024-04-12 01:04:14 INFO Epoch 156/160	Training Loss: 1.8737	Time remaining is 0h:7m
2024-04-12 01:05:30 INFO Epoch 157/160	Training Loss: 1.8829	Time remaining is 0h:6m
2024-04-12 01:06:46 INFO Epoch 158/160	Training Loss: 1.8732	Time remaining is 0h:4m
2024-04-12 01:08:02 INFO Epoch 159/160	Training Loss: 1.8817	Time remaining is 0h:3m
2024-04-12 01:09:18 INFO Epoch 160/160	Training Loss: 1.8712	Time remaining is 0h:1m
2024-04-12 01:10:45 INFO Testing: dataset_name: market1501 top1:0.9498 top5:0.9852 top10:0.9917 mAP:0.8766
2024-04-12 01:10:45 INFO The running time of training: 1.34450e+04 s
