2024-10-05 12:08:44 INFO ##################################################
2024-10-05 12:08:44 INFO Config values: batch_size: 60	current_directory: /home/hy/project/reid_task/ex_003_14	dataset_name: Occluded_Duke	dataset_path: /home/hy/project/data/Occluded_Duke	device: cuda	dtype: torch.float32	epoch_start_test: 90	epochs: 120	img_height: 256	img_width: 128	logs_outputs_path: /home/hy/project/reid_task/ex_003_14/./outputs/logs	models_outputs_path: /home/hy/project/reid_task/ex_003_14/./outputs/models	np: <module 'numpy' from '/home/hy/anaconda3/envs/py396/lib/python3.9/site-packages/numpy/__init__.py'>	os: <module 'os' from '/home/hy/anaconda3/envs/py396/lib/python3.9/os.py'>	outputs_dir: ./outputs/	outputs_path: /home/hy/project/reid_task/ex_003_14/./outputs/	print_every: 1	seed: 1	taskname: ReID_Task	temps_outputs_path: /home/hy/project/reid_task/ex_003_14/./outputs/temps	test_batch_size: 256	test_every: 5	torch: <module 'torch' from '/home/hy/anaconda3/envs/py396/lib/python3.9/site-packages/torch/__init__.py'>
2024-10-05 12:08:44 INFO Task: ReID_Task
2024-10-05 12:08:44 INFO Using device: cuda
2024-10-05 12:08:44 INFO Using data type: torch.float32
2024-10-05 12:08:44 INFO Number of GPUs: 1
2024-10-05 12:08:44 INFO GPU is_available: True
2024-10-05 12:08:44 INFO GPU name: NVIDIA GeForce RTX 3060
2024-10-05 12:08:44 INFO CUDA version: 12.1
2024-10-05 12:08:44 INFO Current device id: 0
2024-10-05 12:08:44 INFO ##################################################
2024-10-05 12:10:03 INFO Epoch 1/120	Training Loss: 10.8980	Time remaining is 2h:36m
2024-10-05 12:11:19 INFO Epoch 2/120	Training Loss: 8.7281	Time remaining is 2h:34m
2024-10-05 12:12:37 INFO Epoch 3/120	Training Loss: 5.9129	Time remaining is 2h:33m
2024-10-05 12:13:55 INFO Epoch 4/120	Training Loss: 3.4954	Time remaining is 2h:31m
2024-10-05 12:15:12 INFO Epoch 5/120	Training Loss: 2.1350	Time remaining is 2h:30m
2024-10-05 12:16:29 INFO Epoch 6/120	Training Loss: 1.5892	Time remaining is 2h:29m
2024-10-05 12:17:47 INFO Epoch 7/120	Training Loss: 1.4018	Time remaining is 2h:27m
2024-10-05 12:19:05 INFO Epoch 8/120	Training Loss: 1.3393	Time remaining is 2h:26m
2024-10-05 12:20:23 INFO Epoch 9/120	Training Loss: 1.2934	Time remaining is 2h:25m
2024-10-05 12:21:40 INFO Epoch 10/120	Training Loss: 1.2689	Time remaining is 2h:24m
2024-10-05 12:22:57 INFO Epoch 11/120	Training Loss: 1.2047	Time remaining is 2h:22m
2024-10-05 12:24:15 INFO Epoch 12/120	Training Loss: 1.1853	Time remaining is 2h:21m
2024-10-05 12:25:33 INFO Epoch 13/120	Training Loss: 1.1861	Time remaining is 2h:20m
2024-10-05 12:26:50 INFO Epoch 14/120	Training Loss: 1.1477	Time remaining is 2h:18m
2024-10-05 12:28:08 INFO Epoch 15/120	Training Loss: 1.1312	Time remaining is 2h:17m
2024-10-05 12:29:26 INFO Epoch 16/120	Training Loss: 1.1179	Time remaining is 2h:16m
2024-10-05 12:30:43 INFO Epoch 17/120	Training Loss: 1.0972	Time remaining is 2h:14m
2024-10-05 12:32:01 INFO Epoch 18/120	Training Loss: 1.1121	Time remaining is 2h:13m
2024-10-05 12:33:18 INFO Epoch 19/120	Training Loss: 1.1346	Time remaining is 2h:12m
2024-10-05 12:34:36 INFO Epoch 20/120	Training Loss: 1.1177	Time remaining is 2h:11m
2024-10-05 12:35:53 INFO Epoch 21/120	Training Loss: 1.0899	Time remaining is 2h:9m
2024-10-05 12:37:11 INFO Epoch 22/120	Training Loss: 1.0785	Time remaining is 2h:8m
2024-10-05 12:38:29 INFO Epoch 23/120	Training Loss: 1.0679	Time remaining is 2h:7m
2024-10-05 12:39:47 INFO Epoch 24/120	Training Loss: 1.0739	Time remaining is 2h:5m
2024-10-05 12:41:04 INFO Epoch 25/120	Training Loss: 1.0745	Time remaining is 2h:4m
2024-10-05 12:42:22 INFO Epoch 26/120	Training Loss: 1.1027	Time remaining is 2h:3m
2024-10-05 12:43:39 INFO Epoch 27/120	Training Loss: 1.0648	Time remaining is 2h:2m
2024-10-05 12:44:57 INFO Epoch 28/120	Training Loss: 1.0473	Time remaining is 2h:0m
2024-10-05 12:46:15 INFO Epoch 29/120	Training Loss: 1.0563	Time remaining is 1h:59m
2024-10-05 12:47:32 INFO Epoch 30/120	Training Loss: 1.0564	Time remaining is 1h:58m
2024-10-05 12:48:50 INFO Epoch 31/120	Training Loss: 1.0499	Time remaining is 1h:56m
2024-10-05 12:50:08 INFO Epoch 32/120	Training Loss: 1.0514	Time remaining is 1h:55m
2024-10-05 12:51:26 INFO Epoch 33/120	Training Loss: 1.0661	Time remaining is 1h:54m
2024-10-05 12:52:43 INFO Epoch 34/120	Training Loss: 1.0431	Time remaining is 1h:53m
2024-10-05 12:54:01 INFO Epoch 35/120	Training Loss: 1.0339	Time remaining is 1h:51m
2024-10-05 12:55:18 INFO Epoch 36/120	Training Loss: 1.0282	Time remaining is 1h:50m
2024-10-05 12:56:35 INFO Epoch 37/120	Training Loss: 1.0222	Time remaining is 1h:49m
2024-10-05 12:57:53 INFO Epoch 38/120	Training Loss: 1.0295	Time remaining is 1h:47m
2024-10-05 12:59:10 INFO Epoch 39/120	Training Loss: 1.0394	Time remaining is 1h:46m
2024-10-05 13:00:28 INFO Epoch 40/120	Training Loss: 1.0141	Time remaining is 1h:45m
2024-10-05 13:01:45 INFO Epoch 41/120	Training Loss: 0.9698	Time remaining is 1h:43m
2024-10-05 13:03:03 INFO Epoch 42/120	Training Loss: 0.9571	Time remaining is 1h:42m
2024-10-05 13:04:20 INFO Epoch 43/120	Training Loss: 0.9544	Time remaining is 1h:41m
2024-10-05 13:05:38 INFO Epoch 44/120	Training Loss: 0.9410	Time remaining is 1h:40m
2024-10-05 13:06:55 INFO Epoch 45/120	Training Loss: 0.9443	Time remaining is 1h:38m
2024-10-05 13:08:12 INFO Epoch 46/120	Training Loss: 0.9383	Time remaining is 1h:37m
2024-10-05 13:09:31 INFO Epoch 47/120	Training Loss: 0.9472	Time remaining is 1h:36m
2024-10-05 13:10:49 INFO Epoch 48/120	Training Loss: 0.9449	Time remaining is 1h:34m
2024-10-05 13:12:06 INFO Epoch 49/120	Training Loss: 0.9378	Time remaining is 1h:33m
2024-10-05 13:13:23 INFO Epoch 50/120	Training Loss: 0.9386	Time remaining is 1h:32m
2024-10-05 13:14:41 INFO Epoch 51/120	Training Loss: 0.9357	Time remaining is 1h:31m
2024-10-05 13:15:58 INFO Epoch 52/120	Training Loss: 0.9368	Time remaining is 1h:29m
2024-10-05 13:17:16 INFO Epoch 53/120	Training Loss: 0.9397	Time remaining is 1h:28m
2024-10-05 13:18:33 INFO Epoch 54/120	Training Loss: 0.9288	Time remaining is 1h:27m
2024-10-05 13:19:51 INFO Epoch 55/120	Training Loss: 0.9377	Time remaining is 1h:25m
2024-10-05 13:21:09 INFO Epoch 56/120	Training Loss: 0.9384	Time remaining is 1h:24m
2024-10-05 13:22:27 INFO Epoch 57/120	Training Loss: 0.9363	Time remaining is 1h:23m
2024-10-05 13:23:45 INFO Epoch 58/120	Training Loss: 0.9388	Time remaining is 1h:21m
2024-10-05 13:25:03 INFO Epoch 59/120	Training Loss: 0.9389	Time remaining is 1h:20m
2024-10-05 13:26:21 INFO Epoch 60/120	Training Loss: 0.9354	Time remaining is 1h:19m
2024-10-05 13:27:38 INFO Epoch 61/120	Training Loss: 0.9252	Time remaining is 1h:18m
2024-10-05 13:28:55 INFO Epoch 62/120	Training Loss: 0.9333	Time remaining is 1h:16m
2024-10-05 13:30:13 INFO Epoch 63/120	Training Loss: 0.9285	Time remaining is 1h:15m
2024-10-05 13:31:30 INFO Epoch 64/120	Training Loss: 0.9286	Time remaining is 1h:14m
2024-10-05 13:32:48 INFO Epoch 65/120	Training Loss: 0.9274	Time remaining is 1h:12m
2024-10-05 13:34:06 INFO Epoch 66/120	Training Loss: 0.9345	Time remaining is 1h:11m
2024-10-05 13:35:23 INFO Epoch 67/120	Training Loss: 0.9264	Time remaining is 1h:10m
2024-10-05 13:36:41 INFO Epoch 68/120	Training Loss: 0.9269	Time remaining is 1h:9m
2024-10-05 13:37:59 INFO Epoch 69/120	Training Loss: 0.9289	Time remaining is 1h:7m
2024-10-05 13:39:16 INFO Epoch 70/120	Training Loss: 0.9188	Time remaining is 1h:6m
2024-10-05 13:40:34 INFO Epoch 71/120	Training Loss: 0.9273	Time remaining is 1h:5m
2024-10-05 13:41:52 INFO Epoch 72/120	Training Loss: 0.9224	Time remaining is 1h:3m
2024-10-05 13:43:10 INFO Epoch 73/120	Training Loss: 0.9213	Time remaining is 1h:2m
2024-10-05 13:44:27 INFO Epoch 74/120	Training Loss: 0.9125	Time remaining is 1h:1m
2024-10-05 13:45:45 INFO Epoch 75/120	Training Loss: 0.9176	Time remaining is 0h:59m
2024-10-05 13:47:02 INFO Epoch 76/120	Training Loss: 0.9164	Time remaining is 0h:58m
2024-10-05 13:48:19 INFO Epoch 77/120	Training Loss: 0.9161	Time remaining is 0h:57m
2024-10-05 13:49:37 INFO Epoch 78/120	Training Loss: 0.9205	Time remaining is 0h:56m
2024-10-05 13:50:55 INFO Epoch 79/120	Training Loss: 0.9201	Time remaining is 0h:54m
2024-10-05 13:52:12 INFO Epoch 80/120	Training Loss: 0.9108	Time remaining is 0h:53m
2024-10-05 13:53:30 INFO Epoch 81/120	Training Loss: 0.9167	Time remaining is 0h:52m
2024-10-05 13:54:48 INFO Epoch 82/120	Training Loss: 0.9237	Time remaining is 0h:50m
2024-10-05 13:56:06 INFO Epoch 83/120	Training Loss: 0.9238	Time remaining is 0h:49m
2024-10-05 13:57:24 INFO Epoch 84/120	Training Loss: 0.9210	Time remaining is 0h:48m
2024-10-05 13:58:41 INFO Epoch 85/120	Training Loss: 0.9187	Time remaining is 0h:47m
2024-10-05 13:59:59 INFO Epoch 86/120	Training Loss: 0.9165	Time remaining is 0h:45m
2024-10-05 14:01:16 INFO Epoch 87/120	Training Loss: 0.9200	Time remaining is 0h:44m
2024-10-05 14:02:34 INFO Epoch 88/120	Training Loss: 0.9238	Time remaining is 0h:43m
2024-10-05 14:03:52 INFO Epoch 89/120	Training Loss: 0.9156	Time remaining is 0h:41m
2024-10-05 14:05:09 INFO Epoch 90/120	Training Loss: 0.9127	Time remaining is 0h:40m
2024-10-05 14:06:13 INFO Epoch 90/120	Testing: dataset_name: Occluded_Duke top1: 59.276 top5: 74.661 top10: 79.548 mAP: 50.631
2024-10-05 14:07:31 INFO Epoch 91/120	Training Loss: 0.9208	Time remaining is 0h:39m
2024-10-05 14:08:49 INFO Epoch 92/120	Training Loss: 0.9152	Time remaining is 0h:38m
2024-10-05 14:10:06 INFO Epoch 93/120	Training Loss: 0.9163	Time remaining is 0h:37m
2024-10-05 14:11:24 INFO Epoch 94/120	Training Loss: 0.9185	Time remaining is 0h:35m
2024-10-05 14:12:42 INFO Epoch 95/120	Training Loss: 0.9228	Time remaining is 0h:34m
2024-10-05 14:13:46 INFO Epoch 95/120	Testing: dataset_name: Occluded_Duke top1: 59.457 top5: 74.615 top10: 79.548 mAP: 50.598
2024-10-05 14:15:04 INFO Epoch 96/120	Training Loss: 0.9164	Time remaining is 0h:33m
2024-10-05 14:16:22 INFO Epoch 97/120	Training Loss: 0.9145	Time remaining is 0h:32m
2024-10-05 14:17:39 INFO Epoch 98/120	Training Loss: 0.9110	Time remaining is 0h:30m
2024-10-05 14:18:57 INFO Epoch 99/120	Training Loss: 0.9154	Time remaining is 0h:29m
2024-10-05 14:20:15 INFO Epoch 100/120	Training Loss: 0.9182	Time remaining is 0h:28m
2024-10-05 14:21:19 INFO Epoch 100/120	Testing: dataset_name: Occluded_Duke top1: 59.819 top5: 74.887 top10: 79.774 mAP: 50.780
2024-10-05 14:22:36 INFO Epoch 101/120	Training Loss: 0.9156	Time remaining is 0h:27m
2024-10-05 14:23:54 INFO Epoch 102/120	Training Loss: 0.9095	Time remaining is 0h:25m
2024-10-05 14:25:11 INFO Epoch 103/120	Training Loss: 0.9152	Time remaining is 0h:24m
2024-10-05 14:26:29 INFO Epoch 104/120	Training Loss: 0.9181	Time remaining is 0h:23m
2024-10-05 14:27:47 INFO Epoch 105/120	Training Loss: 0.9139	Time remaining is 0h:21m
2024-10-05 14:28:51 INFO Epoch 105/120	Testing: dataset_name: Occluded_Duke top1: 60.181 top5: 75.249 top10: 79.910 mAP: 51.105
2024-10-05 14:30:08 INFO Epoch 106/120	Training Loss: 0.9055	Time remaining is 0h:20m
2024-10-05 14:31:26 INFO Epoch 107/120	Training Loss: 0.9140	Time remaining is 0h:19m
2024-10-05 14:32:44 INFO Epoch 108/120	Training Loss: 0.9146	Time remaining is 0h:17m
2024-10-05 14:34:02 INFO Epoch 109/120	Training Loss: 0.9169	Time remaining is 0h:16m
2024-10-05 14:35:20 INFO Epoch 110/120	Training Loss: 0.9144	Time remaining is 0h:15m
2024-10-05 14:36:23 INFO Epoch 110/120	Testing: dataset_name: Occluded_Duke top1: 59.774 top5: 75.068 top10: 80.045 mAP: 51.029
2024-10-05 14:37:41 INFO Epoch 111/120	Training Loss: 0.9130	Time remaining is 0h:13m
2024-10-05 14:38:59 INFO Epoch 112/120	Training Loss: 0.9106	Time remaining is 0h:12m
2024-10-05 14:40:17 INFO Epoch 113/120	Training Loss: 0.9140	Time remaining is 0h:11m
2024-10-05 14:41:35 INFO Epoch 114/120	Training Loss: 0.9183	Time remaining is 0h:9m
2024-10-05 14:42:53 INFO Epoch 115/120	Training Loss: 0.9131	Time remaining is 0h:8m
2024-10-05 14:43:56 INFO Epoch 115/120	Testing: dataset_name: Occluded_Duke top1: 60.136 top5: 75.068 top10: 80.407 mAP: 51.410
2024-10-05 14:45:14 INFO Epoch 116/120	Training Loss: 0.9170	Time remaining is 0h:7m
2024-10-05 14:46:32 INFO Epoch 117/120	Training Loss: 0.9135	Time remaining is 0h:5m
2024-10-05 14:47:51 INFO Epoch 118/120	Training Loss: 0.9172	Time remaining is 0h:4m
2024-10-05 14:49:09 INFO Epoch 119/120	Training Loss: 0.9212	Time remaining is 0h:3m
2024-10-05 14:50:27 INFO Epoch 120/120	Training Loss: 0.9135	Time remaining is 0h:1m
2024-10-05 14:51:31 INFO Epoch 120/120	Testing: dataset_name: Occluded_Duke top1: 61.267 top5: 75.792 top10: 80.362 mAP: 51.644
2024-10-05 14:51:31 INFO The running time of training: 2.71 h
