2024-09-27 19:43:08 INFO ##################################################
2024-09-27 19:43:08 INFO Config values: batch_size: 60	current_directory: /home/hy/project/reid_task/ex_001_35	dataset_name: Occluded_Duke	dataset_path: /home/hy/project/data/Occluded_Duke	device: cuda	dtype: torch.float32	epoch_start_test: 90	epochs: 120	img_height: 256	img_width: 128	logs_outputs_path: /home/hy/project/reid_task/ex_001_35/./outputs/logs	models_outputs_path: /home/hy/project/reid_task/ex_001_35/./outputs/models	np: <module 'numpy' from '/home/hy/anaconda3/envs/py396/lib/python3.9/site-packages/numpy/__init__.py'>	os: <module 'os' from '/home/hy/anaconda3/envs/py396/lib/python3.9/os.py'>	outputs_dir: ./outputs/	outputs_path: /home/hy/project/reid_task/ex_001_35/./outputs/	print_every: 1	seed: 1	taskname: ReID_Task	temps_outputs_path: /home/hy/project/reid_task/ex_001_35/./outputs/temps	test_batch_size: 256	test_every: 5	torch: <module 'torch' from '/home/hy/anaconda3/envs/py396/lib/python3.9/site-packages/torch/__init__.py'>
2024-09-27 19:43:08 INFO Task: ReID_Task
2024-09-27 19:43:08 INFO Using device: cuda
2024-09-27 19:43:08 INFO Using data type: torch.float32
2024-09-27 19:43:08 INFO Number of GPUs: 1
2024-09-27 19:43:08 INFO GPU is_available: True
2024-09-27 19:43:08 INFO GPU name: NVIDIA GeForce RTX 3060
2024-09-27 19:43:08 INFO CUDA version: 12.1
2024-09-27 19:43:08 INFO Current device id: 0
2024-09-27 19:43:08 INFO ##################################################
2024-09-27 19:44:33 INFO Epoch 1/120	Training Loss: 7.1723	Time remaining is 2h:50m
2024-09-27 19:45:57 INFO Epoch 2/120	Training Loss: 6.0866	Time remaining is 2h:48m
2024-09-27 19:47:23 INFO Epoch 3/120	Training Loss: 4.7389	Time remaining is 2h:47m
2024-09-27 19:48:48 INFO Epoch 4/120	Training Loss: 3.5436	Time remaining is 2h:46m
2024-09-27 19:50:12 INFO Epoch 5/120	Training Loss: 2.7515	Time remaining is 2h:44m
2024-09-27 19:51:38 INFO Epoch 6/120	Training Loss: 2.3221	Time remaining is 2h:43m
2024-09-27 19:53:03 INFO Epoch 7/120	Training Loss: 2.0848	Time remaining is 2h:41m
2024-09-27 19:54:28 INFO Epoch 8/120	Training Loss: 1.9298	Time remaining is 2h:40m
2024-09-27 19:55:54 INFO Epoch 9/120	Training Loss: 1.8205	Time remaining is 2h:39m
2024-09-27 19:57:19 INFO Epoch 10/120	Training Loss: 1.7273	Time remaining is 2h:37m
2024-09-27 19:58:43 INFO Epoch 11/120	Training Loss: 1.6114	Time remaining is 2h:36m
2024-09-27 20:00:08 INFO Epoch 12/120	Training Loss: 1.5360	Time remaining is 2h:34m
2024-09-27 20:01:33 INFO Epoch 13/120	Training Loss: 1.4907	Time remaining is 2h:33m
2024-09-27 20:02:59 INFO Epoch 14/120	Training Loss: 1.4471	Time remaining is 2h:32m
2024-09-27 20:04:24 INFO Epoch 15/120	Training Loss: 1.4055	Time remaining is 2h:30m
2024-09-27 20:05:49 INFO Epoch 16/120	Training Loss: 1.3684	Time remaining is 2h:29m
2024-09-27 20:07:14 INFO Epoch 17/120	Training Loss: 1.3262	Time remaining is 2h:27m
2024-09-27 20:08:48 INFO Epoch 18/120	Training Loss: 1.3231	Time remaining is 2h:27m
2024-09-27 20:10:14 INFO Epoch 19/120	Training Loss: 1.3074	Time remaining is 2h:25m
2024-09-27 20:11:39 INFO Epoch 20/120	Training Loss: 1.2991	Time remaining is 2h:24m
2024-09-27 20:13:04 INFO Epoch 21/120	Training Loss: 1.2763	Time remaining is 2h:23m
2024-09-27 20:14:30 INFO Epoch 22/120	Training Loss: 1.2665	Time remaining is 2h:21m
2024-09-27 20:15:55 INFO Epoch 23/120	Training Loss: 1.2547	Time remaining is 2h:20m
2024-09-27 20:17:21 INFO Epoch 24/120	Training Loss: 1.2369	Time remaining is 2h:18m
2024-09-27 20:18:45 INFO Epoch 25/120	Training Loss: 1.2303	Time remaining is 2h:17m
2024-09-27 20:20:11 INFO Epoch 26/120	Training Loss: 1.2353	Time remaining is 2h:15m
2024-09-27 20:21:36 INFO Epoch 27/120	Training Loss: 1.2222	Time remaining is 2h:14m
2024-09-27 20:23:00 INFO Epoch 28/120	Training Loss: 1.2040	Time remaining is 2h:12m
2024-09-27 20:24:26 INFO Epoch 29/120	Training Loss: 1.2020	Time remaining is 2h:11m
