2024-07-28 15:46:50 INFO ##################################################
2024-07-28 15:46:50 INFO Config values: batch_size: 60	current_directory: /home/hy/project/reid_task/ex_001_12	dataset_name: market1501	dataset_path: /home/hy/project/data/Market-1501-v15.09.15	device: cuda	dtype: torch.float32	epoch_start_test: 90	epochs: 300	img_height: 256	img_width: 128	logs_outputs_path: /home/hy/project/reid_task/ex_001_12/./outputs/logs	models_outputs_path: /home/hy/project/reid_task/ex_001_12/./outputs/models	np: <module 'numpy' from '/home/hy/anaconda3/envs/py396/lib/python3.9/site-packages/numpy/__init__.py'>	os: <module 'os' from '/home/hy/anaconda3/envs/py396/lib/python3.9/os.py'>	outputs_dir: ./outputs/	outputs_path: /home/hy/project/reid_task/ex_001_12/./outputs/	print_every: 1	seed: 1	taskname: ReID_Task	temps_outputs_path: /home/hy/project/reid_task/ex_001_12/./outputs/temps	test_batch_size: 256	test_every: 5	torch: <module 'torch' from '/home/hy/anaconda3/envs/py396/lib/python3.9/site-packages/torch/__init__.py'>
2024-07-28 15:46:50 INFO Task: ReID_Task
2024-07-28 15:46:50 INFO Using device: cuda
2024-07-28 15:46:50 INFO Using data type: torch.float32
2024-07-28 15:46:50 INFO Number of GPUs: 1
2024-07-28 15:46:50 INFO GPU is_available: True
2024-07-28 15:46:50 INFO GPU name: NVIDIA GeForce RTX 3060
2024-07-28 15:46:50 INFO CUDA version: 12.1
2024-07-28 15:46:50 INFO Current device id: 0
2024-07-28 15:46:50 INFO ##################################################
2024-07-28 15:47:53 INFO Epoch 1/300	Training Loss: 14.2360	Time remaining is 5h:10m
2024-07-28 15:48:54 INFO Epoch 2/300	Training Loss: 13.0348	Time remaining is 5h:8m
2024-07-28 15:49:56 INFO Epoch 3/300	Training Loss: 11.3160	Time remaining is 5h:6m
2024-07-28 15:50:57 INFO Epoch 4/300	Training Loss: 9.7996	Time remaining is 5h:6m
2024-07-28 15:51:59 INFO Epoch 5/300	Training Loss: 8.5208	Time remaining is 5h:4m
2024-07-28 15:53:00 INFO Epoch 6/300	Training Loss: 7.5747	Time remaining is 5h:3m
2024-07-28 15:54:02 INFO Epoch 7/300	Training Loss: 6.9278	Time remaining is 5h:2m
2024-07-28 15:55:03 INFO Epoch 8/300	Training Loss: 6.3857	Time remaining is 5h:1m
2024-07-28 15:56:05 INFO Epoch 9/300	Training Loss: 5.9084	Time remaining is 4h:60m
2024-07-28 15:57:06 INFO Epoch 10/300	Training Loss: 5.3343	Time remaining is 4h:59m
2024-07-28 15:58:08 INFO Epoch 11/300	Training Loss: 4.7161	Time remaining is 4h:58m
2024-07-28 15:59:09 INFO Epoch 12/300	Training Loss: 3.9965	Time remaining is 4h:57m
2024-07-28 16:00:11 INFO Epoch 13/300	Training Loss: 3.2980	Time remaining is 4h:56m
2024-07-28 16:01:13 INFO Epoch 14/300	Training Loss: 2.7412	Time remaining is 4h:55m
2024-07-28 16:02:14 INFO Epoch 15/300	Training Loss: 2.3360	Time remaining is 4h:54m
2024-07-28 16:03:16 INFO Epoch 16/300	Training Loss: 2.0146	Time remaining is 4h:52m
2024-07-28 16:04:17 INFO Epoch 17/300	Training Loss: 1.7961	Time remaining is 4h:51m
2024-07-28 16:05:18 INFO Epoch 18/300	Training Loss: 1.6664	Time remaining is 4h:50m
2024-07-28 16:06:19 INFO Epoch 19/300	Training Loss: 1.5684	Time remaining is 4h:49m
2024-07-28 16:07:21 INFO Epoch 20/300	Training Loss: 1.4919	Time remaining is 4h:48m
2024-07-28 16:08:22 INFO Epoch 21/300	Training Loss: 1.4371	Time remaining is 4h:47m
2024-07-28 16:09:23 INFO Epoch 22/300	Training Loss: 1.3797	Time remaining is 4h:46m
2024-07-28 16:10:24 INFO Epoch 23/300	Training Loss: 1.3201	Time remaining is 4h:45m
2024-07-28 16:11:25 INFO Epoch 24/300	Training Loss: 1.3088	Time remaining is 4h:44m
2024-07-28 16:12:27 INFO Epoch 25/300	Training Loss: 1.2872	Time remaining is 4h:43m
2024-07-28 16:13:29 INFO Epoch 26/300	Training Loss: 1.2964	Time remaining is 4h:42m
2024-07-28 16:14:30 INFO Epoch 27/300	Training Loss: 1.2799	Time remaining is 4h:41m
2024-07-28 16:15:31 INFO Epoch 28/300	Training Loss: 1.2767	Time remaining is 4h:40m
2024-07-28 16:16:32 INFO Epoch 29/300	Training Loss: 1.2614	Time remaining is 4h:38m
2024-07-28 16:17:34 INFO Epoch 30/300	Training Loss: 1.2501	Time remaining is 4h:38m
2024-07-28 16:18:35 INFO Epoch 31/300	Training Loss: 1.2534	Time remaining is 4h:36m
2024-07-28 16:19:37 INFO Epoch 32/300	Training Loss: 1.2566	Time remaining is 4h:35m
2024-07-28 16:20:38 INFO Epoch 33/300	Training Loss: 1.2444	Time remaining is 4h:34m
2024-07-28 16:21:40 INFO Epoch 34/300	Training Loss: 1.2587	Time remaining is 4h:33m
2024-07-28 16:22:41 INFO Epoch 35/300	Training Loss: 1.2489	Time remaining is 4h:32m
2024-07-28 16:23:42 INFO Epoch 36/300	Training Loss: 1.2357	Time remaining is 4h:31m
2024-07-28 16:24:44 INFO Epoch 37/300	Training Loss: 1.2358	Time remaining is 4h:30m
2024-07-28 16:25:46 INFO Epoch 38/300	Training Loss: 1.2437	Time remaining is 4h:29m
2024-07-28 16:26:47 INFO Epoch 39/300	Training Loss: 1.2376	Time remaining is 4h:28m
2024-07-28 16:27:48 INFO Epoch 40/300	Training Loss: 1.2218	Time remaining is 4h:27m
2024-07-28 16:28:50 INFO Epoch 41/300	Training Loss: 1.1498	Time remaining is 4h:26m
2024-07-28 16:29:51 INFO Epoch 42/300	Training Loss: 1.0744	Time remaining is 4h:25m
2024-07-28 16:30:52 INFO Epoch 43/300	Training Loss: 1.0617	Time remaining is 4h:24m
2024-07-28 16:31:54 INFO Epoch 44/300	Training Loss: 1.0502	Time remaining is 4h:23m
2024-07-28 16:32:55 INFO Epoch 45/300	Training Loss: 1.0456	Time remaining is 4h:22m
2024-07-28 16:33:57 INFO Epoch 46/300	Training Loss: 1.0395	Time remaining is 4h:21m
2024-07-28 16:34:58 INFO Epoch 47/300	Training Loss: 1.0311	Time remaining is 4h:20m
2024-07-28 16:36:00 INFO Epoch 48/300	Training Loss: 1.0362	Time remaining is 4h:19m
2024-07-28 16:37:01 INFO Epoch 49/300	Training Loss: 1.0236	Time remaining is 4h:18m
2024-07-28 16:38:02 INFO Epoch 50/300	Training Loss: 1.0268	Time remaining is 4h:17m
2024-07-28 16:39:04 INFO Epoch 51/300	Training Loss: 1.0195	Time remaining is 4h:16m
2024-07-28 16:40:05 INFO Epoch 52/300	Training Loss: 1.0226	Time remaining is 4h:15m
2024-07-28 16:41:06 INFO Epoch 53/300	Training Loss: 1.0203	Time remaining is 4h:14m
2024-07-28 16:42:08 INFO Epoch 54/300	Training Loss: 1.0177	Time remaining is 4h:13m
2024-07-28 16:43:10 INFO Epoch 55/300	Training Loss: 1.0198	Time remaining is 4h:12m
2024-07-28 16:44:11 INFO Epoch 56/300	Training Loss: 1.0187	Time remaining is 4h:11m
2024-07-28 16:45:12 INFO Epoch 57/300	Training Loss: 1.0107	Time remaining is 4h:10m
2024-07-28 16:46:14 INFO Epoch 58/300	Training Loss: 1.0182	Time remaining is 4h:9m
2024-07-28 16:47:15 INFO Epoch 59/300	Training Loss: 1.0172	Time remaining is 4h:8m
2024-07-28 16:48:17 INFO Epoch 60/300	Training Loss: 1.0136	Time remaining is 4h:7m
2024-07-28 16:49:18 INFO Epoch 61/300	Training Loss: 1.0146	Time remaining is 4h:6m
2024-07-28 16:50:20 INFO Epoch 62/300	Training Loss: 1.0129	Time remaining is 4h:5m
2024-07-28 16:51:21 INFO Epoch 63/300	Training Loss: 1.0124	Time remaining is 4h:4m
2024-07-28 16:52:23 INFO Epoch 64/300	Training Loss: 1.0116	Time remaining is 4h:3m
2024-07-28 16:53:25 INFO Epoch 65/300	Training Loss: 1.0048	Time remaining is 4h:2m
2024-07-28 16:54:26 INFO Epoch 66/300	Training Loss: 1.0072	Time remaining is 4h:1m
2024-07-28 16:55:28 INFO Epoch 67/300	Training Loss: 1.0133	Time remaining is 3h:60m
2024-07-28 16:56:29 INFO Epoch 68/300	Training Loss: 1.0070	Time remaining is 3h:59m
2024-07-28 16:57:31 INFO Epoch 69/300	Training Loss: 1.0021	Time remaining is 3h:58m
2024-07-28 16:58:32 INFO Epoch 70/300	Training Loss: 1.0052	Time remaining is 3h:57m
2024-07-28 16:59:33 INFO Epoch 71/300	Training Loss: 1.0037	Time remaining is 3h:56m
2024-07-28 17:00:35 INFO Epoch 72/300	Training Loss: 0.9965	Time remaining is 3h:55m
2024-07-28 17:01:36 INFO Epoch 73/300	Training Loss: 0.9950	Time remaining is 3h:53m
2024-07-28 17:02:37 INFO Epoch 74/300	Training Loss: 0.9908	Time remaining is 3h:52m
2024-07-28 17:03:38 INFO Epoch 75/300	Training Loss: 0.9888	Time remaining is 3h:51m
2024-07-28 17:04:39 INFO Epoch 76/300	Training Loss: 0.9840	Time remaining is 3h:50m
2024-07-28 17:05:40 INFO Epoch 77/300	Training Loss: 0.9929	Time remaining is 3h:49m
2024-07-28 17:06:41 INFO Epoch 78/300	Training Loss: 0.9857	Time remaining is 3h:48m
2024-07-28 17:07:42 INFO Epoch 79/300	Training Loss: 0.9900	Time remaining is 3h:47m
2024-07-28 17:08:44 INFO Epoch 80/300	Training Loss: 0.9891	Time remaining is 3h:46m
2024-07-28 17:09:46 INFO Epoch 81/300	Training Loss: 0.9891	Time remaining is 3h:45m
2024-07-28 17:10:47 INFO Epoch 82/300	Training Loss: 0.9910	Time remaining is 3h:44m
2024-07-28 17:11:49 INFO Epoch 83/300	Training Loss: 0.9887	Time remaining is 3h:43m
2024-07-28 17:12:50 INFO Epoch 84/300	Training Loss: 0.9883	Time remaining is 3h:42m
2024-07-28 17:13:52 INFO Epoch 85/300	Training Loss: 0.9896	Time remaining is 3h:41m
2024-07-28 17:14:53 INFO Epoch 86/300	Training Loss: 0.9870	Time remaining is 3h:40m
2024-07-28 17:15:55 INFO Epoch 87/300	Training Loss: 0.9873	Time remaining is 3h:39m
2024-07-28 17:16:56 INFO Epoch 88/300	Training Loss: 0.9806	Time remaining is 3h:38m
2024-07-28 17:17:57 INFO Epoch 89/300	Training Loss: 0.9870	Time remaining is 3h:37m
2024-07-28 17:18:58 INFO Epoch 90/300	Training Loss: 0.9857	Time remaining is 3h:36m
2024-07-28 17:20:10 INFO Epoch 90/300	Testing: dataset_name: market1501 top1: 93.557 top5: 98.248 top10: 99.050 mAP: 84.775
2024-07-28 17:21:12 INFO Epoch 91/300	Training Loss: 0.9868	Time remaining is 3h:38m
2024-07-28 17:22:13 INFO Epoch 92/300	Training Loss: 0.9805	Time remaining is 3h:37m
2024-07-28 17:23:15 INFO Epoch 93/300	Training Loss: 0.9877	Time remaining is 3h:36m
2024-07-28 17:24:17 INFO Epoch 94/300	Training Loss: 0.9862	Time remaining is 3h:35m
2024-07-28 17:25:19 INFO Epoch 95/300	Training Loss: 0.9795	Time remaining is 3h:34m
2024-07-28 17:26:31 INFO Epoch 95/300	Testing: dataset_name: market1501 top1: 93.616 top5: 98.248 top10: 98.990 mAP: 84.714
2024-07-28 17:27:32 INFO Epoch 96/300	Training Loss: 0.9869	Time remaining is 3h:35m
2024-07-28 17:28:34 INFO Epoch 97/300	Training Loss: 0.9789	Time remaining is 3h:34m
2024-07-28 17:29:36 INFO Epoch 98/300	Training Loss: 0.9888	Time remaining is 3h:33m
2024-07-28 17:30:38 INFO Epoch 99/300	Training Loss: 0.9859	Time remaining is 3h:32m
2024-07-28 17:31:40 INFO Epoch 100/300	Training Loss: 0.9832	Time remaining is 3h:31m
2024-07-28 17:32:52 INFO Epoch 100/300	Testing: dataset_name: market1501 top1: 93.705 top5: 98.278 top10: 98.990 mAP: 84.759
2024-07-28 17:33:54 INFO Epoch 101/300	Training Loss: 0.9863	Time remaining is 3h:32m
2024-07-28 17:34:56 INFO Epoch 102/300	Training Loss: 0.9838	Time remaining is 3h:31m
2024-07-28 17:35:57 INFO Epoch 103/300	Training Loss: 0.9824	Time remaining is 3h:30m
2024-07-28 17:36:59 INFO Epoch 104/300	Training Loss: 0.9838	Time remaining is 3h:29m
2024-07-28 17:38:01 INFO Epoch 105/300	Training Loss: 0.9875	Time remaining is 3h:28m
2024-07-28 17:39:13 INFO Epoch 105/300	Testing: dataset_name: market1501 top1: 93.765 top5: 98.189 top10: 99.020 mAP: 84.928
2024-07-28 17:40:15 INFO Epoch 106/300	Training Loss: 0.9836	Time remaining is 3h:29m
2024-07-28 17:41:16 INFO Epoch 107/300	Training Loss: 0.9793	Time remaining is 3h:27m
2024-07-28 17:42:18 INFO Epoch 108/300	Training Loss: 0.9859	Time remaining is 3h:26m
2024-07-28 17:43:20 INFO Epoch 109/300	Training Loss: 0.9829	Time remaining is 3h:25m
2024-07-28 17:44:22 INFO Epoch 110/300	Training Loss: 0.9818	Time remaining is 3h:24m
2024-07-28 17:45:34 INFO Epoch 110/300	Testing: dataset_name: market1501 top1: 93.616 top5: 98.278 top10: 99.109 mAP: 85.048
2024-07-28 17:46:35 INFO Epoch 111/300	Training Loss: 0.9772	Time remaining is 3h:25m
2024-07-28 17:47:37 INFO Epoch 112/300	Training Loss: 0.9805	Time remaining is 3h:24m
2024-07-28 17:48:38 INFO Epoch 113/300	Training Loss: 0.9818	Time remaining is 3h:23m
2024-07-28 17:49:40 INFO Epoch 114/300	Training Loss: 0.9773	Time remaining is 3h:21m
2024-07-28 17:50:42 INFO Epoch 115/300	Training Loss: 0.9862	Time remaining is 3h:20m
2024-07-28 17:51:54 INFO Epoch 115/300	Testing: dataset_name: market1501 top1: 93.587 top5: 98.159 top10: 99.080 mAP: 85.033
2024-07-28 17:52:56 INFO Epoch 116/300	Training Loss: 0.9812	Time remaining is 3h:21m
2024-07-28 17:53:58 INFO Epoch 117/300	Training Loss: 0.9817	Time remaining is 3h:20m
2024-07-28 17:54:59 INFO Epoch 118/300	Training Loss: 0.9822	Time remaining is 3h:19m
2024-07-28 17:56:02 INFO Epoch 119/300	Training Loss: 0.9871	Time remaining is 3h:18m
2024-07-28 17:57:04 INFO Epoch 120/300	Training Loss: 0.9776	Time remaining is 3h:16m
2024-07-28 17:58:16 INFO Epoch 120/300	Testing: dataset_name: market1501 top1: 93.795 top5: 98.337 top10: 98.990 mAP: 85.200
2024-07-28 17:59:18 INFO Epoch 121/300	Training Loss: 0.9818	Time remaining is 3h:17m
2024-07-28 18:00:19 INFO Epoch 122/300	Training Loss: 0.9798	Time remaining is 3h:16m
2024-07-28 18:01:21 INFO Epoch 123/300	Training Loss: 0.9806	Time remaining is 3h:15m
2024-07-28 18:02:23 INFO Epoch 124/300	Training Loss: 0.9753	Time remaining is 3h:13m
2024-07-28 18:03:25 INFO Epoch 125/300	Training Loss: 0.9801	Time remaining is 3h:12m
2024-07-28 18:04:37 INFO Epoch 125/300	Testing: dataset_name: market1501 top1: 93.913 top5: 98.248 top10: 99.020 mAP: 85.235
2024-07-28 18:05:39 INFO Epoch 126/300	Training Loss: 0.9804	Time remaining is 3h:13m
2024-07-28 18:06:40 INFO Epoch 127/300	Training Loss: 0.9812	Time remaining is 3h:12m
2024-07-28 18:07:42 INFO Epoch 128/300	Training Loss: 0.9806	Time remaining is 3h:10m
2024-07-28 18:08:44 INFO Epoch 129/300	Training Loss: 0.9807	Time remaining is 3h:9m
2024-07-28 18:09:46 INFO Epoch 130/300	Training Loss: 0.9806	Time remaining is 3h:8m
2024-07-28 18:10:58 INFO Epoch 130/300	Testing: dataset_name: market1501 top1: 93.943 top5: 98.159 top10: 99.020 mAP: 85.192
2024-07-28 18:11:59 INFO Epoch 131/300	Training Loss: 0.9763	Time remaining is 3h:8m
2024-07-28 18:13:01 INFO Epoch 132/300	Training Loss: 0.9803	Time remaining is 3h:7m
2024-07-28 18:14:03 INFO Epoch 133/300	Training Loss: 0.9758	Time remaining is 3h:6m
2024-07-28 18:15:04 INFO Epoch 134/300	Training Loss: 0.9794	Time remaining is 3h:5m
2024-07-28 18:16:06 INFO Epoch 135/300	Training Loss: 0.9747	Time remaining is 3h:4m
2024-07-28 18:17:19 INFO Epoch 135/300	Testing: dataset_name: market1501 top1: 93.854 top5: 98.337 top10: 99.050 mAP: 85.465
2024-07-28 18:18:20 INFO Epoch 136/300	Training Loss: 0.9753	Time remaining is 3h:4m
2024-07-28 18:19:21 INFO Epoch 137/300	Training Loss: 0.9778	Time remaining is 3h:3m
2024-07-28 18:20:23 INFO Epoch 138/300	Training Loss: 0.9792	Time remaining is 3h:1m
2024-07-28 18:21:25 INFO Epoch 139/300	Training Loss: 0.9743	Time remaining is 3h:0m
2024-07-28 18:22:27 INFO Epoch 140/300	Training Loss: 0.9799	Time remaining is 2h:59m
2024-07-28 18:23:39 INFO Epoch 140/300	Testing: dataset_name: market1501 top1: 93.824 top5: 98.248 top10: 99.050 mAP: 85.392
2024-07-28 18:24:41 INFO Epoch 141/300	Training Loss: 0.9775	Time remaining is 2h:59m
2024-07-28 18:25:42 INFO Epoch 142/300	Training Loss: 0.9789	Time remaining is 2h:58m
2024-07-28 18:26:44 INFO Epoch 143/300	Training Loss: 0.9780	Time remaining is 2h:57m
2024-07-28 18:27:46 INFO Epoch 144/300	Training Loss: 0.9784	Time remaining is 2h:55m
2024-07-28 18:28:47 INFO Epoch 145/300	Training Loss: 0.9803	Time remaining is 2h:54m
2024-07-28 18:30:00 INFO Epoch 145/300	Testing: dataset_name: market1501 top1: 93.973 top5: 98.278 top10: 99.080 mAP: 85.520
2024-07-28 18:31:01 INFO Epoch 146/300	Training Loss: 0.9778	Time remaining is 2h:54m
2024-07-28 18:32:03 INFO Epoch 147/300	Training Loss: 0.9769	Time remaining is 2h:53m
2024-07-28 18:33:05 INFO Epoch 148/300	Training Loss: 0.9759	Time remaining is 2h:52m
2024-07-28 18:34:07 INFO Epoch 149/300	Training Loss: 0.9840	Time remaining is 2h:51m
2024-07-28 18:35:09 INFO Epoch 150/300	Training Loss: 0.9728	Time remaining is 2h:49m
2024-07-28 18:36:21 INFO Epoch 150/300	Testing: dataset_name: market1501 top1: 93.824 top5: 98.397 top10: 99.080 mAP: 85.476
2024-07-28 18:37:23 INFO Epoch 151/300	Training Loss: 0.9790	Time remaining is 2h:49m
2024-07-28 18:38:24 INFO Epoch 152/300	Training Loss: 0.9778	Time remaining is 2h:48m
2024-07-28 18:39:26 INFO Epoch 153/300	Training Loss: 0.9759	Time remaining is 2h:47m
2024-07-28 18:40:28 INFO Epoch 154/300	Training Loss: 0.9786	Time remaining is 2h:46m
2024-07-28 18:41:30 INFO Epoch 155/300	Training Loss: 0.9777	Time remaining is 2h:45m
2024-07-28 18:42:42 INFO Epoch 155/300	Testing: dataset_name: market1501 top1: 93.884 top5: 98.367 top10: 99.050 mAP: 85.616
2024-07-28 18:43:43 INFO Epoch 156/300	Training Loss: 0.9724	Time remaining is 2h:44m
2024-07-28 18:44:45 INFO Epoch 157/300	Training Loss: 0.9768	Time remaining is 2h:43m
2024-07-28 18:45:47 INFO Epoch 158/300	Training Loss: 0.9740	Time remaining is 2h:42m
2024-07-28 18:46:48 INFO Epoch 159/300	Training Loss: 0.9747	Time remaining is 2h:41m
2024-07-28 18:47:50 INFO Epoch 160/300	Training Loss: 0.9708	Time remaining is 2h:39m
2024-07-28 18:49:02 INFO Epoch 160/300	Testing: dataset_name: market1501 top1: 94.091 top5: 98.456 top10: 99.020 mAP: 85.579
2024-07-28 18:50:04 INFO Epoch 161/300	Training Loss: 0.9768	Time remaining is 2h:39m
2024-07-28 18:51:05 INFO Epoch 162/300	Training Loss: 0.9749	Time remaining is 2h:38m
2024-07-28 18:52:07 INFO Epoch 163/300	Training Loss: 0.9706	Time remaining is 2h:37m
2024-07-28 18:53:09 INFO Epoch 164/300	Training Loss: 0.9748	Time remaining is 2h:36m
2024-07-28 18:54:11 INFO Epoch 165/300	Training Loss: 0.9722	Time remaining is 2h:34m
2024-07-28 18:55:23 INFO Epoch 165/300	Testing: dataset_name: market1501 top1: 94.091 top5: 98.426 top10: 99.020 mAP: 85.855
2024-07-28 18:56:25 INFO Epoch 166/300	Training Loss: 0.9713	Time remaining is 2h:34m
2024-07-28 18:57:26 INFO Epoch 167/300	Training Loss: 0.9749	Time remaining is 2h:33m
2024-07-28 18:58:28 INFO Epoch 168/300	Training Loss: 0.9706	Time remaining is 2h:32m
2024-07-28 18:59:30 INFO Epoch 169/300	Training Loss: 0.9799	Time remaining is 2h:30m
2024-07-28 19:00:32 INFO Epoch 170/300	Training Loss: 0.9738	Time remaining is 2h:29m
2024-07-28 19:01:44 INFO Epoch 170/300	Testing: dataset_name: market1501 top1: 94.032 top5: 98.456 top10: 99.080 mAP: 85.732
2024-07-28 19:02:46 INFO Epoch 171/300	Training Loss: 0.9746	Time remaining is 2h:29m
2024-07-28 19:03:48 INFO Epoch 172/300	Training Loss: 0.9758	Time remaining is 2h:28m
2024-07-28 19:04:50 INFO Epoch 173/300	Training Loss: 0.9742	Time remaining is 2h:26m
2024-07-28 19:05:52 INFO Epoch 174/300	Training Loss: 0.9713	Time remaining is 2h:25m
2024-07-28 19:06:54 INFO Epoch 175/300	Training Loss: 0.9751	Time remaining is 2h:24m
2024-07-28 19:08:06 INFO Epoch 175/300	Testing: dataset_name: market1501 top1: 93.854 top5: 98.367 top10: 99.169 mAP: 85.894
2024-07-28 19:09:07 INFO Epoch 176/300	Training Loss: 0.9748	Time remaining is 2h:24m
2024-07-28 19:10:09 INFO Epoch 177/300	Training Loss: 0.9700	Time remaining is 2h:22m
2024-07-28 19:11:11 INFO Epoch 178/300	Training Loss: 0.9731	Time remaining is 2h:21m
2024-07-28 19:12:13 INFO Epoch 179/300	Training Loss: 0.9721	Time remaining is 2h:20m
2024-07-28 19:13:15 INFO Epoch 180/300	Training Loss: 0.9702	Time remaining is 2h:19m
2024-07-28 19:14:27 INFO Epoch 180/300	Testing: dataset_name: market1501 top1: 94.121 top5: 98.367 top10: 99.198 mAP: 85.937
2024-07-28 19:15:29 INFO Epoch 181/300	Training Loss: 0.9758	Time remaining is 2h:18m
2024-07-28 19:16:31 INFO Epoch 182/300	Training Loss: 0.9750	Time remaining is 2h:17m
2024-07-28 19:17:32 INFO Epoch 183/300	Training Loss: 0.9693	Time remaining is 2h:16m
2024-07-28 19:18:34 INFO Epoch 184/300	Training Loss: 0.9706	Time remaining is 2h:15m
2024-07-28 19:19:35 INFO Epoch 185/300	Training Loss: 0.9761	Time remaining is 2h:13m
2024-07-28 19:20:47 INFO Epoch 185/300	Testing: dataset_name: market1501 top1: 94.240 top5: 98.426 top10: 99.139 mAP: 85.890
2024-07-28 19:21:49 INFO Epoch 186/300	Training Loss: 0.9695	Time remaining is 2h:13m
2024-07-28 19:22:50 INFO Epoch 187/300	Training Loss: 0.9720	Time remaining is 2h:12m
2024-07-28 19:23:53 INFO Epoch 188/300	Training Loss: 0.9729	Time remaining is 2h:10m
2024-07-28 19:24:55 INFO Epoch 189/300	Training Loss: 0.9746	Time remaining is 2h:9m
2024-07-28 19:25:57 INFO Epoch 190/300	Training Loss: 0.9724	Time remaining is 2h:8m
2024-07-28 19:27:09 INFO Epoch 190/300	Testing: dataset_name: market1501 top1: 94.062 top5: 98.367 top10: 99.109 mAP: 85.919
2024-07-28 19:28:11 INFO Epoch 191/300	Training Loss: 0.9734	Time remaining is 2h:7m
2024-07-28 19:29:13 INFO Epoch 192/300	Training Loss: 0.9755	Time remaining is 2h:6m
2024-07-28 19:30:15 INFO Epoch 193/300	Training Loss: 0.9677	Time remaining is 2h:5m
2024-07-28 19:31:17 INFO Epoch 194/300	Training Loss: 0.9724	Time remaining is 2h:4m
2024-07-28 19:32:19 INFO Epoch 195/300	Training Loss: 0.9672	Time remaining is 2h:3m
2024-07-28 19:33:31 INFO Epoch 195/300	Testing: dataset_name: market1501 top1: 94.091 top5: 98.397 top10: 99.080 mAP: 86.034
2024-07-28 19:34:32 INFO Epoch 196/300	Training Loss: 0.9728	Time remaining is 2h:2m
2024-07-28 19:35:34 INFO Epoch 197/300	Training Loss: 0.9673	Time remaining is 2h:1m
2024-07-28 19:36:35 INFO Epoch 198/300	Training Loss: 0.9672	Time remaining is 1h:60m
2024-07-28 19:37:37 INFO Epoch 199/300	Training Loss: 0.9716	Time remaining is 1h:58m
2024-07-28 19:38:39 INFO Epoch 200/300	Training Loss: 0.9734	Time remaining is 1h:57m
2024-07-28 19:39:51 INFO Epoch 200/300	Testing: dataset_name: market1501 top1: 93.973 top5: 98.308 top10: 99.109 mAP: 85.924
2024-07-28 19:40:52 INFO Epoch 201/300	Training Loss: 0.9664	Time remaining is 1h:56m
2024-07-28 19:41:53 INFO Epoch 202/300	Training Loss: 0.9718	Time remaining is 1h:55m
2024-07-28 19:42:56 INFO Epoch 203/300	Training Loss: 0.9758	Time remaining is 1h:54m
2024-07-28 19:43:58 INFO Epoch 204/300	Training Loss: 0.9674	Time remaining is 1h:53m
2024-07-28 19:44:59 INFO Epoch 205/300	Training Loss: 0.9701	Time remaining is 1h:52m
2024-07-28 19:46:11 INFO Epoch 205/300	Testing: dataset_name: market1501 top1: 94.181 top5: 98.397 top10: 99.109 mAP: 86.015
2024-07-28 19:47:13 INFO Epoch 206/300	Training Loss: 0.9707	Time remaining is 1h:51m
2024-07-28 19:48:15 INFO Epoch 207/300	Training Loss: 0.9762	Time remaining is 1h:50m
2024-07-28 19:49:17 INFO Epoch 208/300	Training Loss: 0.9718	Time remaining is 1h:48m
2024-07-28 19:50:19 INFO Epoch 209/300	Training Loss: 0.9707	Time remaining is 1h:47m
2024-07-28 19:51:21 INFO Epoch 210/300	Training Loss: 0.9677	Time remaining is 1h:46m
2024-07-28 19:52:33 INFO Epoch 210/300	Testing: dataset_name: market1501 top1: 94.151 top5: 98.337 top10: 99.080 mAP: 86.098
2024-07-28 19:53:35 INFO Epoch 211/300	Training Loss: 0.9710	Time remaining is 1h:45m
2024-07-28 19:54:37 INFO Epoch 212/300	Training Loss: 0.9699	Time remaining is 1h:44m
2024-07-28 19:55:38 INFO Epoch 213/300	Training Loss: 0.9638	Time remaining is 1h:43m
2024-07-28 19:56:40 INFO Epoch 214/300	Training Loss: 0.9707	Time remaining is 1h:42m
2024-07-28 19:57:42 INFO Epoch 215/300	Training Loss: 0.9667	Time remaining is 1h:40m
2024-07-28 19:58:54 INFO Epoch 215/300	Testing: dataset_name: market1501 top1: 94.121 top5: 98.337 top10: 99.020 mAP: 86.111
2024-07-28 19:59:56 INFO Epoch 216/300	Training Loss: 0.9652	Time remaining is 1h:40m
2024-07-28 20:00:58 INFO Epoch 217/300	Training Loss: 0.9710	Time remaining is 1h:38m
2024-07-28 20:02:00 INFO Epoch 218/300	Training Loss: 0.9753	Time remaining is 1h:37m
2024-07-28 20:03:02 INFO Epoch 219/300	Training Loss: 0.9689	Time remaining is 1h:36m
2024-07-28 20:04:04 INFO Epoch 220/300	Training Loss: 0.9699	Time remaining is 1h:35m
2024-07-28 20:05:16 INFO Epoch 220/300	Testing: dataset_name: market1501 top1: 93.973 top5: 98.397 top10: 99.109 mAP: 86.109
2024-07-28 20:06:17 INFO Epoch 221/300	Training Loss: 0.9674	Time remaining is 1h:34m
2024-07-28 20:07:19 INFO Epoch 222/300	Training Loss: 0.9701	Time remaining is 1h:33m
2024-07-28 20:08:21 INFO Epoch 223/300	Training Loss: 0.9711	Time remaining is 1h:31m
2024-07-28 20:09:22 INFO Epoch 224/300	Training Loss: 0.9630	Time remaining is 1h:30m
2024-07-28 20:10:25 INFO Epoch 225/300	Training Loss: 0.9735	Time remaining is 1h:29m
2024-07-28 20:11:37 INFO Epoch 225/300	Testing: dataset_name: market1501 top1: 93.913 top5: 98.367 top10: 99.050 mAP: 86.131
2024-07-28 20:12:38 INFO Epoch 226/300	Training Loss: 0.9704	Time remaining is 1h:28m
2024-07-28 20:13:40 INFO Epoch 227/300	Training Loss: 0.9695	Time remaining is 1h:27m
2024-07-28 20:14:42 INFO Epoch 228/300	Training Loss: 0.9683	Time remaining is 1h:26m
2024-07-28 20:15:44 INFO Epoch 229/300	Training Loss: 0.9734	Time remaining is 1h:25m
2024-07-28 20:16:46 INFO Epoch 230/300	Training Loss: 0.9689	Time remaining is 1h:23m
2024-07-28 20:17:58 INFO Epoch 230/300	Testing: dataset_name: market1501 top1: 94.121 top5: 98.337 top10: 99.109 mAP: 86.141
2024-07-28 20:18:59 INFO Epoch 231/300	Training Loss: 0.9641	Time remaining is 1h:22m
2024-07-28 20:20:00 INFO Epoch 232/300	Training Loss: 0.9620	Time remaining is 1h:21m
2024-07-28 20:21:03 INFO Epoch 233/300	Training Loss: 0.9681	Time remaining is 1h:20m
2024-07-28 20:22:05 INFO Epoch 234/300	Training Loss: 0.9626	Time remaining is 1h:19m
2024-07-28 20:23:06 INFO Epoch 235/300	Training Loss: 0.9663	Time remaining is 1h:18m
2024-07-28 20:24:18 INFO Epoch 235/300	Testing: dataset_name: market1501 top1: 93.973 top5: 98.397 top10: 99.020 mAP: 86.170
2024-07-28 20:25:20 INFO Epoch 236/300	Training Loss: 0.9740	Time remaining is 1h:17m
2024-07-28 20:26:22 INFO Epoch 237/300	Training Loss: 0.9684	Time remaining is 1h:15m
2024-07-28 20:27:23 INFO Epoch 238/300	Training Loss: 0.9632	Time remaining is 1h:14m
2024-07-28 20:28:25 INFO Epoch 239/300	Training Loss: 0.9634	Time remaining is 1h:13m
2024-07-28 20:29:27 INFO Epoch 240/300	Training Loss: 0.9668	Time remaining is 1h:12m
2024-07-28 20:30:39 INFO Epoch 240/300	Testing: dataset_name: market1501 top1: 94.210 top5: 98.397 top10: 99.080 mAP: 86.145
2024-07-28 20:31:40 INFO Epoch 241/300	Training Loss: 0.9682	Time remaining is 1h:11m
2024-07-28 20:32:42 INFO Epoch 242/300	Training Loss: 0.9674	Time remaining is 1h:10m
2024-07-28 20:33:43 INFO Epoch 243/300	Training Loss: 0.9606	Time remaining is 1h:8m
2024-07-28 20:34:45 INFO Epoch 244/300	Training Loss: 0.9637	Time remaining is 1h:7m
2024-07-28 20:35:47 INFO Epoch 245/300	Training Loss: 0.9675	Time remaining is 1h:6m
2024-07-28 20:36:59 INFO Epoch 245/300	Testing: dataset_name: market1501 top1: 93.913 top5: 98.308 top10: 99.080 mAP: 86.145
2024-07-28 20:38:01 INFO Epoch 246/300	Training Loss: 0.9659	Time remaining is 1h:5m
2024-07-28 20:39:02 INFO Epoch 247/300	Training Loss: 0.9660	Time remaining is 1h:4m
2024-07-28 20:40:04 INFO Epoch 248/300	Training Loss: 0.9662	Time remaining is 1h:3m
2024-07-28 20:41:06 INFO Epoch 249/300	Training Loss: 0.9637	Time remaining is 1h:1m
2024-07-28 20:42:07 INFO Epoch 250/300	Training Loss: 0.9604	Time remaining is 1h:0m
2024-07-28 20:43:19 INFO Epoch 250/300	Testing: dataset_name: market1501 top1: 94.181 top5: 98.397 top10: 99.020 mAP: 86.277
2024-07-28 20:44:20 INFO Epoch 251/300	Training Loss: 0.9591	Time remaining is 0h:59m
2024-07-28 20:45:22 INFO Epoch 252/300	Training Loss: 0.9653	Time remaining is 0h:58m
2024-07-28 20:46:24 INFO Epoch 253/300	Training Loss: 0.9658	Time remaining is 0h:57m
2024-07-28 20:47:26 INFO Epoch 254/300	Training Loss: 0.9657	Time remaining is 0h:56m
2024-07-28 20:48:27 INFO Epoch 255/300	Training Loss: 0.9606	Time remaining is 0h:54m
2024-07-28 20:49:39 INFO Epoch 255/300	Testing: dataset_name: market1501 top1: 94.329 top5: 98.367 top10: 99.109 mAP: 86.247
2024-07-28 20:50:41 INFO Epoch 256/300	Training Loss: 0.9658	Time remaining is 0h:53m
2024-07-28 20:51:42 INFO Epoch 257/300	Training Loss: 0.9626	Time remaining is 0h:52m
2024-07-28 20:52:45 INFO Epoch 258/300	Training Loss: 0.9650	Time remaining is 0h:51m
2024-07-28 20:53:46 INFO Epoch 259/300	Training Loss: 0.9667	Time remaining is 0h:50m
2024-07-28 20:54:48 INFO Epoch 260/300	Training Loss: 0.9641	Time remaining is 0h:49m
2024-07-28 20:56:00 INFO Epoch 260/300	Testing: dataset_name: market1501 top1: 94.181 top5: 98.397 top10: 99.080 mAP: 86.422
2024-07-28 20:57:02 INFO Epoch 261/300	Training Loss: 0.9647	Time remaining is 0h:48m
2024-07-28 20:58:04 INFO Epoch 262/300	Training Loss: 0.9713	Time remaining is 0h:46m
2024-07-28 20:59:06 INFO Epoch 263/300	Training Loss: 0.9637	Time remaining is 0h:45m
2024-07-28 21:00:08 INFO Epoch 264/300	Training Loss: 0.9642	Time remaining is 0h:44m
2024-07-28 21:01:10 INFO Epoch 265/300	Training Loss: 0.9639	Time remaining is 0h:43m
2024-07-28 21:02:22 INFO Epoch 265/300	Testing: dataset_name: market1501 top1: 94.062 top5: 98.397 top10: 99.109 mAP: 86.343
2024-07-28 21:03:23 INFO Epoch 266/300	Training Loss: 0.9657	Time remaining is 0h:42m
2024-07-28 21:04:25 INFO Epoch 267/300	Training Loss: 0.9658	Time remaining is 0h:40m
2024-07-28 21:05:27 INFO Epoch 268/300	Training Loss: 0.9611	Time remaining is 0h:39m
2024-07-28 21:06:29 INFO Epoch 269/300	Training Loss: 0.9650	Time remaining is 0h:38m
2024-07-28 21:07:31 INFO Epoch 270/300	Training Loss: 0.9682	Time remaining is 0h:37m
2024-07-28 21:08:43 INFO Epoch 270/300	Testing: dataset_name: market1501 top1: 94.032 top5: 98.397 top10: 99.080 mAP: 86.186
2024-07-28 21:09:45 INFO Epoch 271/300	Training Loss: 0.9645	Time remaining is 0h:36m
2024-07-28 21:10:46 INFO Epoch 272/300	Training Loss: 0.9648	Time remaining is 0h:35m
2024-07-28 21:11:48 INFO Epoch 273/300	Training Loss: 0.9685	Time remaining is 0h:33m
2024-07-28 21:12:50 INFO Epoch 274/300	Training Loss: 0.9641	Time remaining is 0h:32m
2024-07-28 21:13:52 INFO Epoch 275/300	Training Loss: 0.9649	Time remaining is 0h:31m
2024-07-28 21:15:04 INFO Epoch 275/300	Testing: dataset_name: market1501 top1: 94.032 top5: 98.278 top10: 99.080 mAP: 86.165
2024-07-28 21:16:06 INFO Epoch 276/300	Training Loss: 0.9593	Time remaining is 0h:30m
2024-07-28 21:17:07 INFO Epoch 277/300	Training Loss: 0.9646	Time remaining is 0h:29m
2024-07-28 21:18:09 INFO Epoch 278/300	Training Loss: 0.9644	Time remaining is 0h:27m
2024-07-28 21:19:11 INFO Epoch 279/300	Training Loss: 0.9639	Time remaining is 0h:26m
2024-07-28 21:20:13 INFO Epoch 280/300	Training Loss: 0.9654	Time remaining is 0h:25m
2024-07-28 21:21:25 INFO Epoch 280/300	Testing: dataset_name: market1501 top1: 93.973 top5: 98.337 top10: 99.020 mAP: 86.173
2024-07-28 21:22:27 INFO Epoch 281/300	Training Loss: 0.9637	Time remaining is 0h:24m
2024-07-28 21:23:28 INFO Epoch 282/300	Training Loss: 0.9601	Time remaining is 0h:23m
2024-07-28 21:24:30 INFO Epoch 283/300	Training Loss: 0.9645	Time remaining is 0h:21m
2024-07-28 21:25:31 INFO Epoch 284/300	Training Loss: 0.9562	Time remaining is 0h:20m
2024-07-28 21:26:33 INFO Epoch 285/300	Training Loss: 0.9585	Time remaining is 0h:19m
2024-07-28 21:27:45 INFO Epoch 285/300	Testing: dataset_name: market1501 top1: 94.210 top5: 98.219 top10: 99.109 mAP: 86.013
2024-07-28 21:28:46 INFO Epoch 286/300	Training Loss: 0.9621	Time remaining is 0h:18m
2024-07-28 21:29:48 INFO Epoch 287/300	Training Loss: 0.9632	Time remaining is 0h:17m
2024-07-28 21:30:50 INFO Epoch 288/300	Training Loss: 0.9579	Time remaining is 0h:16m
2024-07-28 21:31:51 INFO Epoch 289/300	Training Loss: 0.9642	Time remaining is 0h:14m
2024-07-28 21:32:53 INFO Epoch 290/300	Training Loss: 0.9615	Time remaining is 0h:13m
2024-07-28 21:34:05 INFO Epoch 290/300	Testing: dataset_name: market1501 top1: 93.884 top5: 98.397 top10: 99.050 mAP: 86.221
2024-07-28 21:35:06 INFO Epoch 291/300	Training Loss: 0.9587	Time remaining is 0h:12m
2024-07-28 21:36:08 INFO Epoch 292/300	Training Loss: 0.9623	Time remaining is 0h:11m
2024-07-28 21:37:10 INFO Epoch 293/300	Training Loss: 0.9627	Time remaining is 0h:10m
2024-07-28 21:38:11 INFO Epoch 294/300	Training Loss: 0.9570	Time remaining is 0h:8m
2024-07-28 21:39:13 INFO Epoch 295/300	Training Loss: 0.9631	Time remaining is 0h:7m
2024-07-28 21:40:25 INFO Epoch 295/300	Testing: dataset_name: market1501 top1: 94.062 top5: 98.397 top10: 99.139 mAP: 86.222
2024-07-28 21:41:26 INFO Epoch 296/300	Training Loss: 0.9573	Time remaining is 0h:6m
2024-07-28 21:42:28 INFO Epoch 297/300	Training Loss: 0.9628	Time remaining is 0h:5m
2024-07-28 21:43:30 INFO Epoch 298/300	Training Loss: 0.9575	Time remaining is 0h:4m
2024-07-28 21:44:31 INFO Epoch 299/300	Training Loss: 0.9583	Time remaining is 0h:2m
2024-07-28 21:45:34 INFO Epoch 300/300	Training Loss: 0.9616	Time remaining is 0h:1m
2024-07-28 21:46:46 INFO Epoch 300/300	Testing: dataset_name: market1501 top1: 93.913 top5: 98.397 top10: 99.050 mAP: 86.276
2024-07-28 21:46:47 INFO The running time of training: 6.0 h
