2024-06-21 21:17:18 INFO ##################################################
2024-06-21 21:17:18 INFO Config values: batch_size: 60	current_directory: /home/hy/project/reid_task/ex_main1	dataset_name: market1501	dataset_path: /home/hy/project/data/Market-1501-v15.09.15	device: cuda	dtype: torch.float32	epoch_start_test: 90	epochs: 16000	img_height: 384	img_width: 128	logs_outputs_path: /home/hy/project/reid_task/ex_main1/./outputs/logs	models_outputs_path: /home/hy/project/reid_task/ex_main1/./outputs/models	np: <module 'numpy' from '/home/hy/anaconda3/envs/py396/lib/python3.9/site-packages/numpy/__init__.py'>	os: <module 'os' from '/home/hy/anaconda3/envs/py396/lib/python3.9/os.py'>	outputs_dir: ./outputs/	outputs_path: /home/hy/project/reid_task/ex_main1/./outputs/	print_every: 1	seed: 1	taskname: ReID_Task	temps_outputs_path: /home/hy/project/reid_task/ex_main1/./outputs/temps	test_batch_size: 256	test_every: 5	torch: <module 'torch' from '/home/hy/anaconda3/envs/py396/lib/python3.9/site-packages/torch/__init__.py'>
2024-06-21 21:17:18 INFO Task: ReID_Task
2024-06-21 21:17:18 INFO Using device: cuda
2024-06-21 21:17:18 INFO Using data type: torch.float32
2024-06-21 21:17:18 INFO Number of GPUs: 1
2024-06-21 21:17:18 INFO GPU is_available: True
2024-06-21 21:17:18 INFO GPU name: NVIDIA GeForce RTX 3060
2024-06-21 21:17:18 INFO CUDA version: 12.1
2024-06-21 21:17:18 INFO Current device id: 0
2024-06-21 21:17:18 INFO ##################################################
2024-06-21 21:18:54 INFO Epoch 1/16000	Training Loss: 15.5315	Time remaining is 424h:37m
2024-06-21 21:20:28 INFO Epoch 2/16000	Training Loss: 13.1535	Time remaining is 421h:49m
2024-06-21 21:22:04 INFO Epoch 3/16000	Training Loss: 10.6582	Time remaining is 422h:37m
2024-06-21 21:23:39 INFO Epoch 4/16000	Training Loss: 7.8239	Time remaining is 422h:40m
2024-06-21 21:25:14 INFO Epoch 5/16000	Training Loss: 5.6107	Time remaining is 422h:46m
2024-06-21 21:26:49 INFO Epoch 6/16000	Training Loss: 4.1745	Time remaining is 422h:47m
2024-06-21 21:28:25 INFO Epoch 7/16000	Training Loss: 3.3748	Time remaining is 422h:45m
2024-06-21 21:29:59 INFO Epoch 8/16000	Training Loss: 2.9091	Time remaining is 422h:31m
2024-06-21 21:31:35 INFO Epoch 9/16000	Training Loss: 2.7140	Time remaining is 422h:32m
2024-06-21 21:33:10 INFO Epoch 10/16000	Training Loss: 2.6169	Time remaining is 422h:35m
2024-06-21 21:34:45 INFO Epoch 11/16000	Training Loss: 2.5273	Time remaining is 422h:24m
2024-06-21 21:36:20 INFO Epoch 12/16000	Training Loss: 2.4651	Time remaining is 422h:24m
2024-06-21 21:37:54 INFO Epoch 13/16000	Training Loss: 2.3697	Time remaining is 422h:13m
2024-06-21 21:39:29 INFO Epoch 14/16000	Training Loss: 2.3009	Time remaining is 422h:4m
2024-06-21 21:41:04 INFO Epoch 15/16000	Training Loss: 2.2854	Time remaining is 421h:55m
2024-06-21 21:42:39 INFO Epoch 16/16000	Training Loss: 2.2913	Time remaining is 421h:58m
2024-06-21 21:44:14 INFO Epoch 17/16000	Training Loss: 2.2381	Time remaining is 421h:60m
2024-06-21 21:45:49 INFO Epoch 18/16000	Training Loss: 2.2447	Time remaining is 421h:59m
2024-06-21 21:47:24 INFO Epoch 19/16000	Training Loss: 2.2303	Time remaining is 421h:52m
2024-06-21 21:48:59 INFO Epoch 20/16000	Training Loss: 2.2330	Time remaining is 421h:51m
2024-06-21 21:50:34 INFO Epoch 21/16000	Training Loss: 2.2223	Time remaining is 421h:52m
2024-06-21 21:52:09 INFO Epoch 22/16000	Training Loss: 2.2115	Time remaining is 421h:52m
2024-06-21 21:53:44 INFO Epoch 23/16000	Training Loss: 2.1906	Time remaining is 421h:50m
2024-06-21 21:55:19 INFO Epoch 24/16000	Training Loss: 2.1893	Time remaining is 421h:46m
2024-06-21 21:56:55 INFO Epoch 25/16000	Training Loss: 2.2003	Time remaining is 421h:48m
2024-06-21 21:58:30 INFO Epoch 26/16000	Training Loss: 2.2111	Time remaining is 421h:48m
2024-06-21 22:00:05 INFO Epoch 27/16000	Training Loss: 2.1912	Time remaining is 421h:48m
2024-06-21 22:01:41 INFO Epoch 28/16000	Training Loss: 2.2190	Time remaining is 421h:50m
2024-06-21 22:03:16 INFO Epoch 29/16000	Training Loss: 2.1870	Time remaining is 421h:50m
2024-06-21 22:04:51 INFO Epoch 30/16000	Training Loss: 2.1756	Time remaining is 421h:45m
2024-06-21 22:06:26 INFO Epoch 31/16000	Training Loss: 2.1817	Time remaining is 421h:45m
2024-06-21 22:08:01 INFO Epoch 32/16000	Training Loss: 2.1759	Time remaining is 421h:45m
2024-06-21 22:09:36 INFO Epoch 33/16000	Training Loss: 2.1757	Time remaining is 421h:44m
2024-06-21 22:11:11 INFO Epoch 34/16000	Training Loss: 2.1656	Time remaining is 421h:43m
2024-06-21 22:12:47 INFO Epoch 35/16000	Training Loss: 2.1459	Time remaining is 421h:43m
2024-06-21 22:14:22 INFO Epoch 36/16000	Training Loss: 2.1686	Time remaining is 421h:42m
2024-06-21 22:15:57 INFO Epoch 37/16000	Training Loss: 2.1719	Time remaining is 421h:42m
2024-06-21 22:17:32 INFO Epoch 38/16000	Training Loss: 2.1555	Time remaining is 421h:42m
2024-06-21 22:19:08 INFO Epoch 39/16000	Training Loss: 2.1558	Time remaining is 421h:42m
2024-06-21 22:20:43 INFO Epoch 40/16000	Training Loss: 2.1634	Time remaining is 421h:40m
2024-06-21 22:22:18 INFO Epoch 41/16000	Training Loss: 2.0954	Time remaining is 421h:40m
2024-06-21 22:23:54 INFO Epoch 42/16000	Training Loss: 2.0160	Time remaining is 421h:42m
2024-06-21 22:25:30 INFO Epoch 43/16000	Training Loss: 1.9821	Time remaining is 421h:47m
2024-06-21 22:27:04 INFO Epoch 44/16000	Training Loss: 1.9538	Time remaining is 421h:41m
2024-06-21 22:28:39 INFO Epoch 45/16000	Training Loss: 1.9511	Time remaining is 421h:36m
2024-06-21 22:30:14 INFO Epoch 46/16000	Training Loss: 1.9549	Time remaining is 421h:34m
2024-06-21 22:31:50 INFO Epoch 47/16000	Training Loss: 1.9566	Time remaining is 421h:37m
2024-06-21 22:33:25 INFO Epoch 48/16000	Training Loss: 1.9299	Time remaining is 421h:33m
2024-06-21 22:34:59 INFO Epoch 49/16000	Training Loss: 1.9278	Time remaining is 421h:30m
2024-06-21 22:36:34 INFO Epoch 50/16000	Training Loss: 1.9265	Time remaining is 421h:25m
2024-06-21 22:38:09 INFO Epoch 51/16000	Training Loss: 1.9312	Time remaining is 421h:24m
2024-06-21 22:39:44 INFO Epoch 52/16000	Training Loss: 1.9188	Time remaining is 421h:19m
2024-06-21 22:41:18 INFO Epoch 53/16000	Training Loss: 1.9150	Time remaining is 421h:15m
2024-06-21 22:42:53 INFO Epoch 54/16000	Training Loss: 1.9248	Time remaining is 421h:14m
2024-06-21 22:44:29 INFO Epoch 55/16000	Training Loss: 1.9193	Time remaining is 421h:13m
2024-06-21 22:46:04 INFO Epoch 56/16000	Training Loss: 1.9207	Time remaining is 421h:11m
2024-06-21 22:47:39 INFO Epoch 57/16000	Training Loss: 1.9085	Time remaining is 421h:9m
2024-06-21 22:49:14 INFO Epoch 58/16000	Training Loss: 1.9155	Time remaining is 421h:8m
2024-06-21 22:50:49 INFO Epoch 59/16000	Training Loss: 1.9155	Time remaining is 421h:7m
2024-06-21 22:52:24 INFO Epoch 60/16000	Training Loss: 1.9155	Time remaining is 421h:6m
2024-06-21 22:53:59 INFO Epoch 61/16000	Training Loss: 1.9045	Time remaining is 421h:2m
2024-06-21 22:55:34 INFO Epoch 62/16000	Training Loss: 1.9119	Time remaining is 421h:1m
2024-06-21 22:57:10 INFO Epoch 63/16000	Training Loss: 1.9230	Time remaining is 421h:2m
2024-06-21 22:58:45 INFO Epoch 64/16000	Training Loss: 1.9107	Time remaining is 421h:0m
2024-06-21 23:00:20 INFO Epoch 65/16000	Training Loss: 1.8961	Time remaining is 420h:58m
2024-06-21 23:01:55 INFO Epoch 66/16000	Training Loss: 1.9066	Time remaining is 420h:57m
2024-06-21 23:03:30 INFO Epoch 67/16000	Training Loss: 1.9096	Time remaining is 420h:56m
2024-06-21 23:05:05 INFO Epoch 68/16000	Training Loss: 1.8980	Time remaining is 420h:54m
2024-06-21 23:06:41 INFO Epoch 69/16000	Training Loss: 1.9086	Time remaining is 420h:54m
2024-06-21 23:08:16 INFO Epoch 70/16000	Training Loss: 1.9014	Time remaining is 420h:53m
2024-06-21 23:09:51 INFO Epoch 71/16000	Training Loss: 1.8966	Time remaining is 420h:52m
2024-06-21 23:11:26 INFO Epoch 72/16000	Training Loss: 1.8936	Time remaining is 420h:50m
2024-06-21 23:13:02 INFO Epoch 73/16000	Training Loss: 1.8898	Time remaining is 420h:50m
2024-06-21 23:14:37 INFO Epoch 74/16000	Training Loss: 1.8915	Time remaining is 420h:49m
2024-06-21 23:16:12 INFO Epoch 75/16000	Training Loss: 1.8921	Time remaining is 420h:47m
2024-06-21 23:17:47 INFO Epoch 76/16000	Training Loss: 1.8785	Time remaining is 420h:43m
2024-06-21 23:19:21 INFO Epoch 77/16000	Training Loss: 1.8795	Time remaining is 420h:39m
2024-06-21 23:20:56 INFO Epoch 78/16000	Training Loss: 1.8769	Time remaining is 420h:36m
2024-06-21 23:22:31 INFO Epoch 79/16000	Training Loss: 1.8875	Time remaining is 420h:33m
2024-06-21 23:24:05 INFO Epoch 80/16000	Training Loss: 1.8750	Time remaining is 420h:30m
2024-06-21 23:25:40 INFO Epoch 81/16000	Training Loss: 1.8874	Time remaining is 420h:28m
2024-06-21 23:27:15 INFO Epoch 82/16000	Training Loss: 1.8844	Time remaining is 420h:26m
2024-06-21 23:28:50 INFO Epoch 83/16000	Training Loss: 1.8847	Time remaining is 420h:25m
2024-06-21 23:30:26 INFO Epoch 84/16000	Training Loss: 1.8824	Time remaining is 420h:25m
2024-06-21 23:32:01 INFO Epoch 85/16000	Training Loss: 1.8834	Time remaining is 420h:24m
2024-06-21 23:33:37 INFO Epoch 86/16000	Training Loss: 1.8934	Time remaining is 420h:24m
2024-06-21 23:35:11 INFO Epoch 87/16000	Training Loss: 1.8744	Time remaining is 420h:21m
2024-06-21 23:36:47 INFO Epoch 88/16000	Training Loss: 1.8826	Time remaining is 420h:20m
2024-06-21 23:38:22 INFO Epoch 89/16000	Training Loss: 1.8835	Time remaining is 420h:18m
2024-06-21 23:39:57 INFO Epoch 90/16000	Training Loss: 1.8845	Time remaining is 420h:17m
2024-06-21 23:41:25 INFO Testing: dataset_name: market1501 top1:0.9504 top5:0.9849 top10:0.9911 mAP:0.8690
2024-06-21 23:43:00 INFO Epoch 91/16000	Training Loss: 1.8806	Time remaining is 424h:31m
2024-06-21 23:44:34 INFO Epoch 92/16000	Training Loss: 1.8818	Time remaining is 424h:26m
2024-06-21 23:46:09 INFO Epoch 93/16000	Training Loss: 1.8797	Time remaining is 424h:20m
2024-06-21 23:47:43 INFO Epoch 94/16000	Training Loss: 1.8739	Time remaining is 424h:13m
2024-06-21 23:49:18 INFO Epoch 95/16000	Training Loss: 1.8816	Time remaining is 424h:8m
2024-06-21 23:50:46 INFO Testing: dataset_name: market1501 top1:0.9510 top5:0.9840 top10:0.9908 mAP:0.8711
2024-06-21 23:52:20 INFO Epoch 96/16000	Training Loss: 1.8847	Time remaining is 428h:5m
2024-06-21 23:53:55 INFO Epoch 97/16000	Training Loss: 1.8832	Time remaining is 427h:58m
2024-06-21 23:55:30 INFO Epoch 98/16000	Training Loss: 1.8816	Time remaining is 427h:50m
2024-06-21 23:57:04 INFO Epoch 99/16000	Training Loss: 1.8794	Time remaining is 427h:42m
2024-06-21 23:58:39 INFO Epoch 100/16000	Training Loss: 1.8822	Time remaining is 427h:35m
2024-06-22 00:00:07 INFO Testing: dataset_name: market1501 top1:0.9501 top5:0.9837 top10:0.9908 mAP:0.8713
2024-06-22 00:01:41 INFO Epoch 101/16000	Training Loss: 1.8770	Time remaining is 431h:18m
2024-06-22 00:03:16 INFO Epoch 102/16000	Training Loss: 1.8800	Time remaining is 431h:9m
2024-06-22 00:04:51 INFO Epoch 103/16000	Training Loss: 1.8796	Time remaining is 430h:60m
2024-06-22 00:06:26 INFO Epoch 104/16000	Training Loss: 1.8778	Time remaining is 430h:51m
2024-06-22 00:08:00 INFO Epoch 105/16000	Training Loss: 1.8784	Time remaining is 430h:42m
2024-06-22 00:09:28 INFO Testing: dataset_name: market1501 top1:0.9516 top5:0.9837 top10:0.9908 mAP:0.8728
2024-06-22 00:11:03 INFO Epoch 106/16000	Training Loss: 1.8800	Time remaining is 434h:13m
2024-06-22 00:12:37 INFO Epoch 107/16000	Training Loss: 1.8677	Time remaining is 434h:1m
2024-06-22 00:14:12 INFO Epoch 108/16000	Training Loss: 1.8785	Time remaining is 433h:51m
2024-06-22 00:15:47 INFO Epoch 109/16000	Training Loss: 1.8787	Time remaining is 433h:41m
2024-06-22 00:17:22 INFO Epoch 110/16000	Training Loss: 1.8772	Time remaining is 433h:32m
2024-06-22 00:18:50 INFO Testing: dataset_name: market1501 top1:0.9522 top5:0.9852 top10:0.9908 mAP:0.8745
2024-06-22 00:20:25 INFO Epoch 111/16000	Training Loss: 1.8770	Time remaining is 436h:52m
2024-06-22 00:21:59 INFO Epoch 112/16000	Training Loss: 1.8762	Time remaining is 436h:40m
2024-06-22 00:23:34 INFO Epoch 113/16000	Training Loss: 1.8784	Time remaining is 436h:28m
2024-06-22 00:25:09 INFO Epoch 114/16000	Training Loss: 1.8790	Time remaining is 436h:17m
2024-06-22 00:26:44 INFO Epoch 115/16000	Training Loss: 1.8804	Time remaining is 436h:6m
2024-06-22 00:28:11 INFO Testing: dataset_name: market1501 top1:0.9531 top5:0.9852 top10:0.9908 mAP:0.8740
2024-06-22 00:29:46 INFO Epoch 116/16000	Training Loss: 1.8671	Time remaining is 439h:14m
2024-06-22 00:31:21 INFO Epoch 117/16000	Training Loss: 1.8851	Time remaining is 439h:3m
2024-06-22 00:32:55 INFO Epoch 118/16000	Training Loss: 1.8769	Time remaining is 438h:50m
2024-06-22 00:34:30 INFO Epoch 119/16000	Training Loss: 1.8761	Time remaining is 438h:38m
2024-06-22 00:36:05 INFO Epoch 120/16000	Training Loss: 1.8767	Time remaining is 438h:26m
2024-06-22 00:37:33 INFO Testing: dataset_name: market1501 top1:0.9522 top5:0.9849 top10:0.9908 mAP:0.8748
2024-06-22 00:39:07 INFO Epoch 121/16000	Training Loss: 1.8696	Time remaining is 441h:25m
2024-06-22 00:40:42 INFO Epoch 122/16000	Training Loss: 1.8750	Time remaining is 441h:12m
2024-06-22 00:42:17 INFO Epoch 123/16000	Training Loss: 1.8867	Time remaining is 441h:1m
2024-06-22 00:43:53 INFO Epoch 124/16000	Training Loss: 1.8839	Time remaining is 440h:50m
2024-06-22 00:45:28 INFO Epoch 125/16000	Training Loss: 1.8764	Time remaining is 440h:37m
2024-06-22 00:46:56 INFO Testing: dataset_name: market1501 top1:0.9528 top5:0.9855 top10:0.9902 mAP:0.8741
2024-06-22 00:48:30 INFO Epoch 126/16000	Training Loss: 1.8743	Time remaining is 443h:29m
2024-06-22 00:50:05 INFO Epoch 127/16000	Training Loss: 1.8759	Time remaining is 443h:15m
2024-06-22 00:51:40 INFO Epoch 128/16000	Training Loss: 1.8739	Time remaining is 443h:1m
2024-06-22 00:53:14 INFO Epoch 129/16000	Training Loss: 1.8753	Time remaining is 442h:47m
2024-06-22 00:54:49 INFO Epoch 130/16000	Training Loss: 1.8764	Time remaining is 442h:34m
2024-06-22 00:56:17 INFO Testing: dataset_name: market1501 top1:0.9537 top5:0.9843 top10:0.9905 mAP:0.8751
2024-06-22 00:57:51 INFO Epoch 131/16000	Training Loss: 1.8740	Time remaining is 445h:18m
2024-06-22 00:59:26 INFO Epoch 132/16000	Training Loss: 1.8751	Time remaining is 445h:3m
2024-06-22 01:01:01 INFO Epoch 133/16000	Training Loss: 1.8821	Time remaining is 444h:51m
2024-06-22 01:02:36 INFO Epoch 134/16000	Training Loss: 1.8736	Time remaining is 444h:37m
2024-06-22 01:04:11 INFO Epoch 135/16000	Training Loss: 1.8761	Time remaining is 444h:24m
2024-06-22 01:05:39 INFO Testing: dataset_name: market1501 top1:0.9528 top5:0.9849 top10:0.9905 mAP:0.8763
2024-06-22 01:07:13 INFO Epoch 136/16000	Training Loss: 1.8655	Time remaining is 446h:60m
2024-06-22 01:08:48 INFO Epoch 137/16000	Training Loss: 1.8730	Time remaining is 446h:45m
2024-06-22 01:10:23 INFO Epoch 138/16000	Training Loss: 1.8766	Time remaining is 446h:31m
2024-06-22 01:11:58 INFO Epoch 139/16000	Training Loss: 1.8733	Time remaining is 446h:17m
2024-06-22 01:13:33 INFO Epoch 140/16000	Training Loss: 1.8729	Time remaining is 446h:4m
2024-06-22 01:15:00 INFO Testing: dataset_name: market1501 top1:0.9534 top5:0.9849 top10:0.9908 mAP:0.8771
2024-06-22 01:16:36 INFO Epoch 141/16000	Training Loss: 1.8811	Time remaining is 448h:35m
2024-06-22 01:18:10 INFO Epoch 142/16000	Training Loss: 1.8703	Time remaining is 448h:20m
2024-06-22 01:19:45 INFO Epoch 143/16000	Training Loss: 1.8706	Time remaining is 448h:6m
2024-06-22 01:21:20 INFO Epoch 144/16000	Training Loss: 1.8748	Time remaining is 447h:52m
2024-06-22 01:22:55 INFO Epoch 145/16000	Training Loss: 1.8728	Time remaining is 447h:38m
2024-06-22 01:24:23 INFO Testing: dataset_name: market1501 top1:0.9531 top5:0.9860 top10:0.9908 mAP:0.8771
2024-06-22 01:25:58 INFO Epoch 146/16000	Training Loss: 1.8750	Time remaining is 450h:3m
2024-06-22 01:27:33 INFO Epoch 147/16000	Training Loss: 1.8745	Time remaining is 449h:48m
2024-06-22 01:29:07 INFO Epoch 148/16000	Training Loss: 1.8736	Time remaining is 449h:33m
2024-06-22 01:30:41 INFO Epoch 149/16000	Training Loss: 1.8636	Time remaining is 449h:17m
2024-06-22 01:32:16 INFO Epoch 150/16000	Training Loss: 1.8718	Time remaining is 449h:3m
2024-06-22 01:33:44 INFO Testing: dataset_name: market1501 top1:0.9534 top5:0.9852 top10:0.9911 mAP:0.8778
2024-06-22 01:35:19 INFO Epoch 151/16000	Training Loss: 1.8730	Time remaining is 451h:22m
2024-06-22 01:36:54 INFO Epoch 152/16000	Training Loss: 1.8741	Time remaining is 451h:8m
2024-06-22 01:38:29 INFO Epoch 153/16000	Training Loss: 1.8716	Time remaining is 450h:53m
2024-06-22 01:40:04 INFO Epoch 154/16000	Training Loss: 1.8697	Time remaining is 450h:38m
2024-06-22 01:41:38 INFO Epoch 155/16000	Training Loss: 1.8715	Time remaining is 450h:23m
2024-06-22 01:43:06 INFO Testing: dataset_name: market1501 top1:0.9543 top5:0.9860 top10:0.9914 mAP:0.8781
2024-06-22 01:44:41 INFO Epoch 156/16000	Training Loss: 1.8600	Time remaining is 452h:37m
2024-06-22 01:46:16 INFO Epoch 157/16000	Training Loss: 1.8686	Time remaining is 452h:22m
2024-06-22 01:47:50 INFO Epoch 158/16000	Training Loss: 1.8699	Time remaining is 452h:6m
2024-06-22 01:49:25 INFO Epoch 159/16000	Training Loss: 1.8681	Time remaining is 451h:51m
2024-06-22 01:51:00 INFO Epoch 160/16000	Training Loss: 1.8698	Time remaining is 451h:37m
2024-06-22 01:52:28 INFO Testing: dataset_name: market1501 top1:0.9522 top5:0.9857 top10:0.9914 mAP:0.8778
2024-06-22 01:54:01 INFO Epoch 161/16000	Training Loss: 1.8509	Time remaining is 453h:45m
2024-06-22 01:55:36 INFO Epoch 162/16000	Training Loss: 1.8707	Time remaining is 453h:29m
2024-06-22 01:57:11 INFO Epoch 163/16000	Training Loss: 1.8700	Time remaining is 453h:14m
2024-06-22 01:58:45 INFO Epoch 164/16000	Training Loss: 1.8596	Time remaining is 452h:58m
2024-06-22 02:00:20 INFO Epoch 165/16000	Training Loss: 1.8680	Time remaining is 452h:43m
2024-06-22 02:01:48 INFO Testing: dataset_name: market1501 top1:0.9534 top5:0.9857 top10:0.9911 mAP:0.8791
2024-06-22 02:03:22 INFO Epoch 166/16000	Training Loss: 1.8704	Time remaining is 454h:48m
2024-06-22 02:04:57 INFO Epoch 167/16000	Training Loss: 1.8770	Time remaining is 454h:33m
2024-06-22 02:06:32 INFO Epoch 168/16000	Training Loss: 1.8699	Time remaining is 454h:18m
2024-06-22 02:08:07 INFO Epoch 169/16000	Training Loss: 1.8702	Time remaining is 454h:3m
2024-06-22 02:09:42 INFO Epoch 170/16000	Training Loss: 1.8696	Time remaining is 453h:48m
2024-06-22 02:11:10 INFO Testing: dataset_name: market1501 top1:0.9534 top5:0.9855 top10:0.9914 mAP:0.8797
2024-06-22 02:12:44 INFO Epoch 171/16000	Training Loss: 1.8582	Time remaining is 455h:48m
2024-06-22 02:14:19 INFO Epoch 172/16000	Training Loss: 1.8679	Time remaining is 455h:33m
2024-06-22 02:15:53 INFO Epoch 173/16000	Training Loss: 1.8594	Time remaining is 455h:17m
2024-06-22 02:17:27 INFO Epoch 174/16000	Training Loss: 1.8604	Time remaining is 455h:1m
2024-06-22 02:19:02 INFO Epoch 175/16000	Training Loss: 1.8664	Time remaining is 454h:47m
2024-06-22 02:20:30 INFO Testing: dataset_name: market1501 top1:0.9564 top5:0.9852 top10:0.9911 mAP:0.8807
2024-06-22 02:22:04 INFO Epoch 176/16000	Training Loss: 1.8595	Time remaining is 456h:42m
2024-06-22 02:23:39 INFO Epoch 177/16000	Training Loss: 1.8707	Time remaining is 456h:27m
2024-06-22 02:25:14 INFO Epoch 178/16000	Training Loss: 1.8693	Time remaining is 456h:13m
2024-06-22 02:26:50 INFO Epoch 179/16000	Training Loss: 1.8679	Time remaining is 455h:59m
2024-06-22 02:28:24 INFO Epoch 180/16000	Training Loss: 1.8583	Time remaining is 455h:44m
2024-06-22 02:29:52 INFO Testing: dataset_name: market1501 top1:0.9546 top5:0.9855 top10:0.9914 mAP:0.8810
2024-06-22 02:31:26 INFO Epoch 181/16000	Training Loss: 1.8594	Time remaining is 457h:36m
2024-06-22 02:33:01 INFO Epoch 182/16000	Training Loss: 1.8676	Time remaining is 457h:21m
2024-06-22 02:34:36 INFO Epoch 183/16000	Training Loss: 1.8567	Time remaining is 457h:5m
2024-06-22 02:36:10 INFO Epoch 184/16000	Training Loss: 1.8564	Time remaining is 456h:50m
2024-06-22 02:37:45 INFO Epoch 185/16000	Training Loss: 1.8658	Time remaining is 456h:35m
2024-06-22 02:39:13 INFO Testing: dataset_name: market1501 top1:0.9543 top5:0.9849 top10:0.9908 mAP:0.8801
2024-06-22 02:40:47 INFO Epoch 186/16000	Training Loss: 1.8562	Time remaining is 458h:24m
2024-06-22 02:42:21 INFO Epoch 187/16000	Training Loss: 1.8558	Time remaining is 458h:8m
2024-06-22 02:43:55 INFO Epoch 188/16000	Training Loss: 1.8560	Time remaining is 457h:52m
2024-06-22 02:45:30 INFO Epoch 189/16000	Training Loss: 1.8609	Time remaining is 457h:36m
2024-06-22 02:47:04 INFO Epoch 190/16000	Training Loss: 1.8671	Time remaining is 457h:21m
2024-06-22 02:48:32 INFO Testing: dataset_name: market1501 top1:0.9549 top5:0.9852 top10:0.9911 mAP:0.8804
2024-06-22 02:50:06 INFO Epoch 191/16000	Training Loss: 1.8571	Time remaining is 459h:7m
2024-06-22 02:51:41 INFO Epoch 192/16000	Training Loss: 1.8538	Time remaining is 458h:52m
2024-06-22 02:53:16 INFO Epoch 193/16000	Training Loss: 1.8649	Time remaining is 458h:37m
2024-06-22 02:54:51 INFO Epoch 194/16000	Training Loss: 1.8658	Time remaining is 458h:23m
2024-06-22 02:56:26 INFO Epoch 195/16000	Training Loss: 1.8652	Time remaining is 458h:8m
2024-06-22 02:57:54 INFO Testing: dataset_name: market1501 top1:0.9531 top5:0.9840 top10:0.9911 mAP:0.8810
2024-06-22 02:59:28 INFO Epoch 196/16000	Training Loss: 1.8634	Time remaining is 459h:51m
2024-06-22 03:01:03 INFO Epoch 197/16000	Training Loss: 1.8643	Time remaining is 459h:36m
2024-06-22 03:02:38 INFO Epoch 198/16000	Training Loss: 1.8735	Time remaining is 459h:22m
2024-06-22 03:04:13 INFO Epoch 199/16000	Training Loss: 1.8632	Time remaining is 459h:7m
2024-06-22 03:05:48 INFO Epoch 200/16000	Training Loss: 1.8628	Time remaining is 458h:52m
2024-06-22 03:07:15 INFO Testing: dataset_name: market1501 top1:0.9546 top5:0.9846 top10:0.9908 mAP:0.8811
2024-06-22 03:08:50 INFO Epoch 201/16000	Training Loss: 1.8649	Time remaining is 460h:32m
2024-06-22 03:10:25 INFO Epoch 202/16000	Training Loss: 1.8646	Time remaining is 460h:17m
2024-06-22 03:11:59 INFO Epoch 203/16000	Training Loss: 1.8551	Time remaining is 460h:2m
2024-06-22 03:13:34 INFO Epoch 204/16000	Training Loss: 1.8563	Time remaining is 459h:47m
2024-06-22 03:15:09 INFO Epoch 205/16000	Training Loss: 1.8642	Time remaining is 459h:33m
2024-06-22 03:16:37 INFO Testing: dataset_name: market1501 top1:0.9546 top5:0.9846 top10:0.9908 mAP:0.8818
2024-06-22 03:18:12 INFO Epoch 206/16000	Training Loss: 1.8628	Time remaining is 461h:11m
2024-06-22 03:19:47 INFO Epoch 207/16000	Training Loss: 1.8618	Time remaining is 460h:56m
2024-06-22 03:21:22 INFO Epoch 208/16000	Training Loss: 1.8629	Time remaining is 460h:42m
2024-06-22 03:22:57 INFO Epoch 209/16000	Training Loss: 1.8617	Time remaining is 460h:28m
2024-06-22 03:24:32 INFO Epoch 210/16000	Training Loss: 1.8621	Time remaining is 460h:13m
2024-06-22 03:25:59 INFO Testing: dataset_name: market1501 top1:0.9558 top5:0.9857 top10:0.9911 mAP:0.8815
2024-06-22 03:27:34 INFO Epoch 211/16000	Training Loss: 1.8640	Time remaining is 461h:48m
2024-06-22 03:29:09 INFO Epoch 212/16000	Training Loss: 1.8616	Time remaining is 461h:33m
2024-06-22 03:30:44 INFO Epoch 213/16000	Training Loss: 1.8619	Time remaining is 461h:19m
2024-06-22 03:32:19 INFO Epoch 214/16000	Training Loss: 1.8630	Time remaining is 461h:4m
2024-06-22 03:33:53 INFO Epoch 215/16000	Training Loss: 1.8613	Time remaining is 460h:50m
2024-06-22 03:35:21 INFO Testing: dataset_name: market1501 top1:0.9540 top5:0.9857 top10:0.9911 mAP:0.8825
2024-06-22 03:36:55 INFO Epoch 216/16000	Training Loss: 1.8511	Time remaining is 462h:22m
2024-06-22 03:38:29 INFO Epoch 217/16000	Training Loss: 1.8523	Time remaining is 462h:6m
2024-06-22 03:40:03 INFO Epoch 218/16000	Training Loss: 1.8539	Time remaining is 461h:51m
2024-06-22 03:41:38 INFO Epoch 219/16000	Training Loss: 1.8632	Time remaining is 461h:36m
2024-06-22 03:43:13 INFO Epoch 220/16000	Training Loss: 1.8522	Time remaining is 461h:21m
2024-06-22 03:44:40 INFO Testing: dataset_name: market1501 top1:0.9564 top5:0.9857 top10:0.9902 mAP:0.8835
2024-06-22 03:46:15 INFO Epoch 221/16000	Training Loss: 1.8511	Time remaining is 462h:51m
2024-06-22 03:47:50 INFO Epoch 222/16000	Training Loss: 1.8615	Time remaining is 462h:37m
2024-06-22 03:49:25 INFO Epoch 223/16000	Training Loss: 1.8618	Time remaining is 462h:22m
2024-06-22 03:50:59 INFO Epoch 224/16000	Training Loss: 1.8600	Time remaining is 462h:8m
2024-06-22 03:52:34 INFO Epoch 225/16000	Training Loss: 1.8622	Time remaining is 461h:54m
2024-06-22 03:54:02 INFO Testing: dataset_name: market1501 top1:0.9546 top5:0.9852 top10:0.9911 mAP:0.8827
2024-06-22 03:55:37 INFO Epoch 226/16000	Training Loss: 1.8610	Time remaining is 463h:22m
2024-06-22 03:57:11 INFO Epoch 227/16000	Training Loss: 1.8498	Time remaining is 463h:7m
2024-06-22 03:58:45 INFO Epoch 228/16000	Training Loss: 1.8501	Time remaining is 462h:52m
2024-06-22 04:00:19 INFO Epoch 229/16000	Training Loss: 1.8495	Time remaining is 462h:37m
2024-06-22 04:01:54 INFO Epoch 230/16000	Training Loss: 1.8491	Time remaining is 462h:22m
2024-06-22 04:03:21 INFO Testing: dataset_name: market1501 top1:0.9558 top5:0.9852 top10:0.9908 mAP:0.8829
2024-06-22 04:04:56 INFO Epoch 231/16000	Training Loss: 1.8593	Time remaining is 463h:48m
2024-06-22 04:06:31 INFO Epoch 232/16000	Training Loss: 1.8619	Time remaining is 463h:33m
2024-06-22 04:08:05 INFO Epoch 233/16000	Training Loss: 1.8494	Time remaining is 463h:18m
2024-06-22 04:09:39 INFO Epoch 234/16000	Training Loss: 1.8507	Time remaining is 463h:3m
2024-06-22 04:11:13 INFO Epoch 235/16000	Training Loss: 1.8505	Time remaining is 462h:49m
2024-06-22 04:12:41 INFO Testing: dataset_name: market1501 top1:0.9555 top5:0.9846 top10:0.9908 mAP:0.8816
2024-06-22 04:14:16 INFO Epoch 236/16000	Training Loss: 1.8502	Time remaining is 464h:13m
2024-06-22 04:15:50 INFO Epoch 237/16000	Training Loss: 1.8583	Time remaining is 463h:59m
2024-06-22 04:17:25 INFO Epoch 238/16000	Training Loss: 1.8589	Time remaining is 463h:45m
2024-06-22 04:19:00 INFO Epoch 239/16000	Training Loss: 1.8582	Time remaining is 463h:31m
2024-06-22 04:20:35 INFO Epoch 240/16000	Training Loss: 1.8584	Time remaining is 463h:16m
2024-06-22 04:22:03 INFO Testing: dataset_name: market1501 top1:0.9575 top5:0.9843 top10:0.9911 mAP:0.8837
2024-06-22 04:23:37 INFO Epoch 241/16000	Training Loss: 1.8589	Time remaining is 464h:38m
2024-06-22 04:25:12 INFO Epoch 242/16000	Training Loss: 1.8601	Time remaining is 464h:24m
2024-06-22 04:26:46 INFO Epoch 243/16000	Training Loss: 1.8492	Time remaining is 464h:9m
2024-06-22 04:28:20 INFO Epoch 244/16000	Training Loss: 1.8586	Time remaining is 463h:55m
2024-06-22 04:29:55 INFO Epoch 245/16000	Training Loss: 1.8572	Time remaining is 463h:41m
2024-06-22 04:31:23 INFO Testing: dataset_name: market1501 top1:0.9558 top5:0.9843 top10:0.9914 mAP:0.8831
2024-06-22 04:32:57 INFO Epoch 246/16000	Training Loss: 1.8581	Time remaining is 465h:1m
2024-06-22 04:34:32 INFO Epoch 247/16000	Training Loss: 1.8577	Time remaining is 464h:47m
2024-06-22 04:36:07 INFO Epoch 248/16000	Training Loss: 1.8564	Time remaining is 464h:33m
2024-06-22 04:37:42 INFO Epoch 249/16000	Training Loss: 1.8579	Time remaining is 464h:19m
2024-06-22 04:39:17 INFO Epoch 250/16000	Training Loss: 1.8655	Time remaining is 464h:6m
2024-06-22 04:40:45 INFO Testing: dataset_name: market1501 top1:0.9593 top5:0.9852 top10:0.9911 mAP:0.8837
2024-06-22 04:42:19 INFO Epoch 251/16000	Training Loss: 1.8502	Time remaining is 465h:24m
2024-06-22 04:43:54 INFO Epoch 252/16000	Training Loss: 1.8562	Time remaining is 465h:11m
2024-06-22 04:45:29 INFO Epoch 253/16000	Training Loss: 1.8465	Time remaining is 464h:56m
2024-06-22 04:47:03 INFO Epoch 254/16000	Training Loss: 1.8484	Time remaining is 464h:42m
2024-06-22 04:48:38 INFO Epoch 255/16000	Training Loss: 1.8550	Time remaining is 464h:29m
2024-06-22 04:50:06 INFO Testing: dataset_name: market1501 top1:0.9567 top5:0.9846 top10:0.9911 mAP:0.8834
2024-06-22 04:51:40 INFO Epoch 256/16000	Training Loss: 1.8561	Time remaining is 465h:45m
2024-06-22 04:53:15 INFO Epoch 257/16000	Training Loss: 1.8478	Time remaining is 465h:31m
2024-06-22 04:54:50 INFO Epoch 258/16000	Training Loss: 1.8665	Time remaining is 465h:18m
2024-06-22 04:56:24 INFO Epoch 259/16000	Training Loss: 1.8475	Time remaining is 465h:4m
2024-06-22 04:57:59 INFO Epoch 260/16000	Training Loss: 1.8552	Time remaining is 464h:51m
2024-06-22 04:59:27 INFO Testing: dataset_name: market1501 top1:0.9558 top5:0.9852 top10:0.9905 mAP:0.8834
2024-06-22 05:01:01 INFO Epoch 261/16000	Training Loss: 1.8476	Time remaining is 466h:5m
2024-06-22 05:02:36 INFO Epoch 262/16000	Training Loss: 1.8543	Time remaining is 465h:52m
2024-06-22 05:04:11 INFO Epoch 263/16000	Training Loss: 1.8552	Time remaining is 465h:38m
2024-06-22 05:05:46 INFO Epoch 264/16000	Training Loss: 1.8560	Time remaining is 465h:25m
2024-06-22 05:07:21 INFO Epoch 265/16000	Training Loss: 1.8468	Time remaining is 465h:11m
2024-06-22 05:08:49 INFO Testing: dataset_name: market1501 top1:0.9546 top5:0.9855 top10:0.9905 mAP:0.8846
2024-06-22 05:10:23 INFO Epoch 266/16000	Training Loss: 1.8454	Time remaining is 466h:24m
2024-06-22 05:11:58 INFO Epoch 267/16000	Training Loss: 1.8556	Time remaining is 466h:11m
2024-06-22 05:13:33 INFO Epoch 268/16000	Training Loss: 1.8561	Time remaining is 465h:58m
2024-06-22 05:15:08 INFO Epoch 269/16000	Training Loss: 1.8567	Time remaining is 465h:45m
2024-06-22 05:16:42 INFO Epoch 270/16000	Training Loss: 1.8456	Time remaining is 465h:31m
2024-06-22 05:18:10 INFO Testing: dataset_name: market1501 top1:0.9567 top5:0.9846 top10:0.9908 mAP:0.8836
2024-06-22 05:19:44 INFO Epoch 271/16000	Training Loss: 1.8558	Time remaining is 466h:42m
2024-06-22 05:21:19 INFO Epoch 272/16000	Training Loss: 1.8548	Time remaining is 466h:29m
2024-06-22 05:22:54 INFO Epoch 273/16000	Training Loss: 1.8452	Time remaining is 466h:15m
2024-06-22 05:24:29 INFO Epoch 274/16000	Training Loss: 1.8529	Time remaining is 466h:2m
2024-06-22 05:26:03 INFO Epoch 275/16000	Training Loss: 1.8446	Time remaining is 465h:49m
2024-06-22 05:27:31 INFO Testing: dataset_name: market1501 top1:0.9555 top5:0.9855 top10:0.9911 mAP:0.8838
2024-06-22 05:29:05 INFO Epoch 276/16000	Training Loss: 1.8522	Time remaining is 466h:59m
2024-06-22 05:30:39 INFO Epoch 277/16000	Training Loss: 1.8448	Time remaining is 466h:45m
2024-06-22 05:32:14 INFO Epoch 278/16000	Training Loss: 1.8446	Time remaining is 466h:32m
2024-06-22 05:33:49 INFO Epoch 279/16000	Training Loss: 1.8553	Time remaining is 466h:19m
2024-06-22 05:35:24 INFO Epoch 280/16000	Training Loss: 1.8547	Time remaining is 466h:6m
2024-06-22 05:36:51 INFO Testing: dataset_name: market1501 top1:0.9567 top5:0.9852 top10:0.9914 mAP:0.8851
2024-06-22 05:38:25 INFO Epoch 281/16000	Training Loss: 1.8428	Time remaining is 467h:14m
2024-06-22 05:40:00 INFO Epoch 282/16000	Training Loss: 1.8457	Time remaining is 467h:0m
2024-06-22 05:41:34 INFO Epoch 283/16000	Training Loss: 1.8538	Time remaining is 466h:47m
2024-06-22 05:43:09 INFO Epoch 284/16000	Training Loss: 1.8519	Time remaining is 466h:34m
2024-06-22 05:44:44 INFO Epoch 285/16000	Training Loss: 1.8537	Time remaining is 466h:21m
2024-06-22 05:46:11 INFO Testing: dataset_name: market1501 top1:0.9584 top5:0.9852 top10:0.9914 mAP:0.8860
2024-06-22 05:47:46 INFO Epoch 286/16000	Training Loss: 1.8533	Time remaining is 467h:29m
2024-06-22 05:49:21 INFO Epoch 287/16000	Training Loss: 1.8536	Time remaining is 467h:15m
2024-06-22 05:50:56 INFO Epoch 288/16000	Training Loss: 1.8515	Time remaining is 467h:3m
2024-06-22 05:52:30 INFO Epoch 289/16000	Training Loss: 1.8436	Time remaining is 466h:49m
2024-06-22 05:54:04 INFO Epoch 290/16000	Training Loss: 1.8507	Time remaining is 466h:36m
2024-06-22 05:55:32 INFO Testing: dataset_name: market1501 top1:0.9569 top5:0.9855 top10:0.9911 mAP:0.8832
2024-06-22 05:57:06 INFO Epoch 291/16000	Training Loss: 1.8423	Time remaining is 467h:42m
2024-06-22 05:58:41 INFO Epoch 292/16000	Training Loss: 1.8518	Time remaining is 467h:29m
2024-06-22 06:00:15 INFO Epoch 293/16000	Training Loss: 1.8432	Time remaining is 467h:16m
2024-06-22 06:01:50 INFO Epoch 294/16000	Training Loss: 1.8515	Time remaining is 467h:3m
2024-06-22 06:03:25 INFO Epoch 295/16000	Training Loss: 1.8519	Time remaining is 466h:50m
2024-06-22 06:04:52 INFO Testing: dataset_name: market1501 top1:0.9561 top5:0.9857 top10:0.9917 mAP:0.8838
2024-06-22 06:06:27 INFO Epoch 296/16000	Training Loss: 1.8531	Time remaining is 467h:55m
2024-06-22 06:08:02 INFO Epoch 297/16000	Training Loss: 1.8513	Time remaining is 467h:42m
2024-06-22 06:09:37 INFO Epoch 298/16000	Training Loss: 1.8502	Time remaining is 467h:29m
2024-06-22 06:11:11 INFO Epoch 299/16000	Training Loss: 1.8421	Time remaining is 467h:16m
2024-06-22 06:12:45 INFO Epoch 300/16000	Training Loss: 1.8426	Time remaining is 467h:3m
2024-06-22 06:14:13 INFO Testing: dataset_name: market1501 top1:0.9558 top5:0.9849 top10:0.9905 mAP:0.8852
2024-06-22 06:15:47 INFO Epoch 301/16000	Training Loss: 1.8509	Time remaining is 468h:7m
2024-06-22 06:17:22 INFO Epoch 302/16000	Training Loss: 1.8503	Time remaining is 467h:54m
2024-06-22 06:18:57 INFO Epoch 303/16000	Training Loss: 1.8497	Time remaining is 467h:41m
2024-06-22 06:20:32 INFO Epoch 304/16000	Training Loss: 1.8503	Time remaining is 467h:29m
2024-06-22 06:22:06 INFO Epoch 305/16000	Training Loss: 1.8513	Time remaining is 467h:16m
2024-06-22 06:23:34 INFO Testing: dataset_name: market1501 top1:0.9558 top5:0.9846 top10:0.9908 mAP:0.8870
2024-06-22 06:25:09 INFO Epoch 306/16000	Training Loss: 1.8503	Time remaining is 468h:19m
2024-06-22 06:26:43 INFO Epoch 307/16000	Training Loss: 1.8415	Time remaining is 468h:6m
2024-06-22 06:28:17 INFO Epoch 308/16000	Training Loss: 1.8400	Time remaining is 467h:53m
2024-06-22 06:29:52 INFO Epoch 309/16000	Training Loss: 1.8507	Time remaining is 467h:41m
2024-06-22 06:31:27 INFO Epoch 310/16000	Training Loss: 1.8511	Time remaining is 467h:28m
2024-06-22 06:32:55 INFO Testing: dataset_name: market1501 top1:0.9552 top5:0.9855 top10:0.9914 mAP:0.8848
2024-06-22 06:34:30 INFO Epoch 311/16000	Training Loss: 1.8494	Time remaining is 468h:30m
2024-06-22 06:36:04 INFO Epoch 312/16000	Training Loss: 1.8405	Time remaining is 468h:17m
2024-06-22 06:37:39 INFO Epoch 313/16000	Training Loss: 1.8400	Time remaining is 468h:5m
2024-06-22 06:39:14 INFO Epoch 314/16000	Training Loss: 1.8595	Time remaining is 467h:53m
2024-06-22 06:40:49 INFO Epoch 315/16000	Training Loss: 1.8492	Time remaining is 467h:41m
2024-06-22 06:42:16 INFO Testing: dataset_name: market1501 top1:0.9569 top5:0.9866 top10:0.9908 mAP:0.8844
2024-06-22 06:43:51 INFO Epoch 316/16000	Training Loss: 1.8408	Time remaining is 468h:41m
2024-06-22 06:45:26 INFO Epoch 317/16000	Training Loss: 1.8499	Time remaining is 468h:29m
2024-06-22 06:47:00 INFO Epoch 318/16000	Training Loss: 1.8395	Time remaining is 468h:16m
2024-06-22 06:48:35 INFO Epoch 319/16000	Training Loss: 1.8484	Time remaining is 468h:3m
2024-06-22 06:50:09 INFO Epoch 320/16000	Training Loss: 1.8503	Time remaining is 467h:51m
2024-06-22 06:51:37 INFO Testing: dataset_name: market1501 top1:0.9561 top5:0.9849 top10:0.9917 mAP:0.8851
2024-06-22 06:53:11 INFO Epoch 321/16000	Training Loss: 1.8481	Time remaining is 468h:50m
2024-06-22 06:54:46 INFO Epoch 322/16000	Training Loss: 1.8401	Time remaining is 468h:38m
2024-06-22 06:56:21 INFO Epoch 323/16000	Training Loss: 1.8501	Time remaining is 468h:26m
2024-06-22 06:57:56 INFO Epoch 324/16000	Training Loss: 1.8482	Time remaining is 468h:14m
2024-06-22 06:59:30 INFO Epoch 325/16000	Training Loss: 1.8400	Time remaining is 468h:1m
2024-06-22 07:00:58 INFO Testing: dataset_name: market1501 top1:0.9549 top5:0.9857 top10:0.9911 mAP:0.8838
2024-06-22 07:02:32 INFO Epoch 326/16000	Training Loss: 1.8503	Time remaining is 468h:59m
2024-06-22 07:04:07 INFO Epoch 327/16000	Training Loss: 1.8491	Time remaining is 468h:47m
2024-06-22 07:05:42 INFO Epoch 328/16000	Training Loss: 1.8485	Time remaining is 468h:35m
2024-06-22 07:07:16 INFO Epoch 329/16000	Training Loss: 1.8475	Time remaining is 468h:23m
2024-06-22 07:08:51 INFO Epoch 330/16000	Training Loss: 1.8476	Time remaining is 468h:11m
2024-06-22 07:10:19 INFO Testing: dataset_name: market1501 top1:0.9561 top5:0.9849 top10:0.9917 mAP:0.8855
2024-06-22 07:11:53 INFO Epoch 331/16000	Training Loss: 1.8385	Time remaining is 469h:8m
2024-06-22 07:13:27 INFO Epoch 332/16000	Training Loss: 1.8376	Time remaining is 468h:55m
2024-06-22 07:15:01 INFO Epoch 333/16000	Training Loss: 1.8476	Time remaining is 468h:43m
2024-06-22 07:16:36 INFO Epoch 334/16000	Training Loss: 1.8470	Time remaining is 468h:31m
2024-06-22 07:18:11 INFO Epoch 335/16000	Training Loss: 1.8568	Time remaining is 468h:20m
2024-06-22 07:19:39 INFO Testing: dataset_name: market1501 top1:0.9561 top5:0.9846 top10:0.9908 mAP:0.8860
2024-06-22 07:21:13 INFO Epoch 336/16000	Training Loss: 1.8469	Time remaining is 469h:16m
2024-06-22 07:22:49 INFO Epoch 337/16000	Training Loss: 1.8559	Time remaining is 469h:4m
2024-06-22 07:24:23 INFO Epoch 338/16000	Training Loss: 1.8383	Time remaining is 468h:52m
2024-06-22 07:25:58 INFO Epoch 339/16000	Training Loss: 1.8458	Time remaining is 468h:41m
2024-06-22 07:27:33 INFO Epoch 340/16000	Training Loss: 1.8470	Time remaining is 468h:29m
2024-06-22 07:29:01 INFO Testing: dataset_name: market1501 top1:0.9561 top5:0.9857 top10:0.9917 mAP:0.8849
2024-06-22 07:30:36 INFO Epoch 341/16000	Training Loss: 1.8557	Time remaining is 469h:25m
2024-06-22 07:32:11 INFO Epoch 342/16000	Training Loss: 1.8451	Time remaining is 469h:13m
2024-06-22 07:33:45 INFO Epoch 343/16000	Training Loss: 1.8467	Time remaining is 469h:1m
2024-06-22 07:35:20 INFO Epoch 344/16000	Training Loss: 1.8475	Time remaining is 468h:49m
2024-06-22 07:36:55 INFO Epoch 345/16000	Training Loss: 1.8472	Time remaining is 468h:38m
2024-06-22 07:38:23 INFO Testing: dataset_name: market1501 top1:0.9564 top5:0.9855 top10:0.9908 mAP:0.8853
2024-06-22 07:39:57 INFO Epoch 346/16000	Training Loss: 1.8377	Time remaining is 469h:32m
2024-06-22 07:41:32 INFO Epoch 347/16000	Training Loss: 1.8464	Time remaining is 469h:20m
2024-06-22 07:43:07 INFO Epoch 348/16000	Training Loss: 1.8495	Time remaining is 469h:9m
2024-06-22 07:44:41 INFO Epoch 349/16000	Training Loss: 1.8370	Time remaining is 468h:57m
2024-06-22 07:46:16 INFO Epoch 350/16000	Training Loss: 1.8453	Time remaining is 468h:45m
2024-06-22 07:47:44 INFO Testing: dataset_name: market1501 top1:0.9552 top5:0.9857 top10:0.9917 mAP:0.8847
2024-06-22 07:49:19 INFO Epoch 351/16000	Training Loss: 1.8449	Time remaining is 469h:39m
2024-06-22 07:50:54 INFO Epoch 352/16000	Training Loss: 1.8446	Time remaining is 469h:28m
2024-06-22 07:52:28 INFO Epoch 353/16000	Training Loss: 1.8360	Time remaining is 469h:16m
2024-06-22 07:54:03 INFO Epoch 354/16000	Training Loss: 1.8444	Time remaining is 469h:4m
2024-06-22 07:55:37 INFO Epoch 355/16000	Training Loss: 1.8461	Time remaining is 468h:53m
2024-06-22 07:57:05 INFO Testing: dataset_name: market1501 top1:0.9543 top5:0.9857 top10:0.9911 mAP:0.8842
2024-06-22 07:58:40 INFO Epoch 356/16000	Training Loss: 1.8449	Time remaining is 469h:45m
2024-06-22 08:00:14 INFO Epoch 357/16000	Training Loss: 1.8351	Time remaining is 469h:34m
2024-06-22 08:01:49 INFO Epoch 358/16000	Training Loss: 1.8443	Time remaining is 469h:22m
2024-06-22 08:03:24 INFO Epoch 359/16000	Training Loss: 1.8422	Time remaining is 469h:11m
2024-06-22 08:04:59 INFO Epoch 360/16000	Training Loss: 1.8432	Time remaining is 468h:60m
2024-06-22 08:06:27 INFO Testing: dataset_name: market1501 top1:0.9561 top5:0.9849 top10:0.9908 mAP:0.8849
2024-06-22 08:08:02 INFO Epoch 361/16000	Training Loss: 1.8467	Time remaining is 469h:52m
2024-06-22 08:09:36 INFO Epoch 362/16000	Training Loss: 1.8440	Time remaining is 469h:40m
2024-06-22 08:11:11 INFO Epoch 363/16000	Training Loss: 1.8346	Time remaining is 469h:29m
2024-06-22 08:12:45 INFO Epoch 364/16000	Training Loss: 1.8430	Time remaining is 469h:17m
2024-06-22 08:14:21 INFO Epoch 365/16000	Training Loss: 1.8546	Time remaining is 469h:6m
2024-06-22 08:15:48 INFO Testing: dataset_name: market1501 top1:0.9561 top5:0.9840 top10:0.9914 mAP:0.8847
2024-06-22 08:17:22 INFO Epoch 366/16000	Training Loss: 1.8360	Time remaining is 469h:57m
2024-06-22 08:18:57 INFO Epoch 367/16000	Training Loss: 1.8438	Time remaining is 469h:46m
2024-06-22 08:20:32 INFO Epoch 368/16000	Training Loss: 1.8358	Time remaining is 469h:34m
2024-06-22 08:22:07 INFO Epoch 369/16000	Training Loss: 1.8439	Time remaining is 469h:23m
2024-06-22 08:23:42 INFO Epoch 370/16000	Training Loss: 1.8449	Time remaining is 469h:12m
2024-06-22 08:25:09 INFO Testing: dataset_name: market1501 top1:0.9540 top5:0.9852 top10:0.9911 mAP:0.8842
2024-06-22 08:26:44 INFO Epoch 371/16000	Training Loss: 1.8343	Time remaining is 470h:2m
2024-06-22 08:28:18 INFO Epoch 372/16000	Training Loss: 1.8334	Time remaining is 469h:51m
2024-06-22 08:29:54 INFO Epoch 373/16000	Training Loss: 1.8446	Time remaining is 469h:40m
2024-06-22 08:31:28 INFO Epoch 374/16000	Training Loss: 1.8343	Time remaining is 469h:29m
2024-06-22 08:33:03 INFO Epoch 375/16000	Training Loss: 1.8433	Time remaining is 469h:18m
2024-06-22 08:34:31 INFO Testing: dataset_name: market1501 top1:0.9549 top5:0.9840 top10:0.9914 mAP:0.8851
2024-06-22 08:36:06 INFO Epoch 376/16000	Training Loss: 1.8426	Time remaining is 470h:7m
2024-06-22 08:37:40 INFO Epoch 377/16000	Training Loss: 1.8352	Time remaining is 469h:56m
2024-06-22 08:39:14 INFO Epoch 378/16000	Training Loss: 1.8343	Time remaining is 469h:45m
2024-06-22 08:40:48 INFO Epoch 379/16000	Training Loss: 1.8341	Time remaining is 469h:33m
2024-06-22 08:42:23 INFO Epoch 380/16000	Training Loss: 1.8446	Time remaining is 469h:22m
2024-06-22 08:43:51 INFO Testing: dataset_name: market1501 top1:0.9567 top5:0.9857 top10:0.9923 mAP:0.8842
2024-06-22 08:45:26 INFO Epoch 381/16000	Training Loss: 1.8416	Time remaining is 470h:11m
2024-06-22 08:47:00 INFO Epoch 382/16000	Training Loss: 1.8442	Time remaining is 469h:60m
2024-06-22 08:48:35 INFO Epoch 383/16000	Training Loss: 1.8420	Time remaining is 469h:49m
2024-06-22 08:50:10 INFO Epoch 384/16000	Training Loss: 1.8432	Time remaining is 469h:38m
2024-06-22 08:51:45 INFO Epoch 385/16000	Training Loss: 1.8346	Time remaining is 469h:27m
2024-06-22 08:53:13 INFO Testing: dataset_name: market1501 top1:0.9581 top5:0.9855 top10:0.9920 mAP:0.8860
2024-06-22 08:54:48 INFO Epoch 386/16000	Training Loss: 1.8519	Time remaining is 470h:16m
2024-06-22 08:56:23 INFO Epoch 387/16000	Training Loss: 1.8326	Time remaining is 470h:5m
2024-06-22 08:57:58 INFO Epoch 388/16000	Training Loss: 1.8513	Time remaining is 469h:54m
2024-06-22 08:59:33 INFO Epoch 389/16000	Training Loss: 1.8432	Time remaining is 469h:43m
2024-06-22 09:01:07 INFO Epoch 390/16000	Training Loss: 1.8324	Time remaining is 469h:32m
2024-06-22 09:02:35 INFO Testing: dataset_name: market1501 top1:0.9552 top5:0.9846 top10:0.9905 mAP:0.8845
2024-06-22 09:04:09 INFO Epoch 391/16000	Training Loss: 1.8420	Time remaining is 470h:20m
2024-06-22 09:05:44 INFO Epoch 392/16000	Training Loss: 1.8318	Time remaining is 470h:8m
2024-06-22 09:07:18 INFO Epoch 393/16000	Training Loss: 1.8334	Time remaining is 469h:57m
2024-06-22 09:08:53 INFO Epoch 394/16000	Training Loss: 1.8416	Time remaining is 469h:46m
2024-06-22 09:10:27 INFO Epoch 395/16000	Training Loss: 1.8330	Time remaining is 469h:35m
2024-06-22 09:11:55 INFO Testing: dataset_name: market1501 top1:0.9558 top5:0.9843 top10:0.9914 mAP:0.8849
2024-06-22 09:13:29 INFO Epoch 396/16000	Training Loss: 1.8329	Time remaining is 470h:22m
2024-06-22 09:15:03 INFO Epoch 397/16000	Training Loss: 1.8340	Time remaining is 470h:11m
2024-06-22 09:16:38 INFO Epoch 398/16000	Training Loss: 1.8416	Time remaining is 470h:0m
2024-06-22 09:18:12 INFO Epoch 399/16000	Training Loss: 1.8318	Time remaining is 469h:49m
2024-06-22 09:19:47 INFO Epoch 400/16000	Training Loss: 1.8325	Time remaining is 469h:38m
2024-06-22 09:21:15 INFO Testing: dataset_name: market1501 top1:0.9555 top5:0.9837 top10:0.9911 mAP:0.8843
2024-06-22 09:22:49 INFO Epoch 401/16000	Training Loss: 1.8409	Time remaining is 470h:24m
2024-06-22 09:24:24 INFO Epoch 402/16000	Training Loss: 1.8399	Time remaining is 470h:14m
2024-06-22 09:25:59 INFO Epoch 403/16000	Training Loss: 1.8294	Time remaining is 470h:3m
2024-06-22 09:27:34 INFO Epoch 404/16000	Training Loss: 1.8417	Time remaining is 469h:53m
2024-06-22 09:29:09 INFO Epoch 405/16000	Training Loss: 1.8416	Time remaining is 469h:42m
2024-06-22 09:30:37 INFO Testing: dataset_name: market1501 top1:0.9555 top5:0.9843 top10:0.9914 mAP:0.8837
2024-06-22 09:32:11 INFO Epoch 406/16000	Training Loss: 1.8413	Time remaining is 470h:28m
2024-06-22 09:33:46 INFO Epoch 407/16000	Training Loss: 1.8405	Time remaining is 470h:17m
2024-06-22 09:35:21 INFO Epoch 408/16000	Training Loss: 1.8393	Time remaining is 470h:6m
2024-06-22 09:36:55 INFO Epoch 409/16000	Training Loss: 1.8417	Time remaining is 469h:56m
2024-06-22 09:38:30 INFO Epoch 410/16000	Training Loss: 1.8428	Time remaining is 469h:45m
2024-06-22 09:39:58 INFO Testing: dataset_name: market1501 top1:0.9587 top5:0.9849 top10:0.9914 mAP:0.8849
2024-06-22 09:41:32 INFO Epoch 411/16000	Training Loss: 1.8313	Time remaining is 470h:30m
2024-06-22 09:43:07 INFO Epoch 412/16000	Training Loss: 1.8385	Time remaining is 470h:19m
2024-06-22 09:44:41 INFO Epoch 413/16000	Training Loss: 1.8294	Time remaining is 470h:8m
2024-06-22 09:46:15 INFO Epoch 414/16000	Training Loss: 1.8413	Time remaining is 469h:58m
2024-06-22 09:47:50 INFO Epoch 415/16000	Training Loss: 1.8393	Time remaining is 469h:47m
2024-06-22 09:49:18 INFO Testing: dataset_name: market1501 top1:0.9558 top5:0.9840 top10:0.9911 mAP:0.8845
2024-06-22 09:50:52 INFO Epoch 416/16000	Training Loss: 1.8312	Time remaining is 470h:31m
2024-06-22 09:52:27 INFO Epoch 417/16000	Training Loss: 1.8414	Time remaining is 470h:21m
2024-06-22 09:54:02 INFO Epoch 418/16000	Training Loss: 1.8400	Time remaining is 470h:10m
2024-06-22 09:55:37 INFO Epoch 419/16000	Training Loss: 1.8397	Time remaining is 470h:0m
2024-06-22 09:57:11 INFO Epoch 420/16000	Training Loss: 1.8417	Time remaining is 469h:50m
2024-06-22 09:58:39 INFO Testing: dataset_name: market1501 top1:0.9558 top5:0.9831 top10:0.9917 mAP:0.8854
2024-06-22 10:00:14 INFO Epoch 421/16000	Training Loss: 1.8398	Time remaining is 470h:34m
2024-06-22 10:01:49 INFO Epoch 422/16000	Training Loss: 1.8381	Time remaining is 470h:23m
2024-06-22 10:03:23 INFO Epoch 423/16000	Training Loss: 1.8311	Time remaining is 470h:12m
2024-06-22 10:04:57 INFO Epoch 424/16000	Training Loss: 1.8300	Time remaining is 470h:2m
2024-06-22 10:06:32 INFO Epoch 425/16000	Training Loss: 1.8389	Time remaining is 469h:52m
2024-06-22 10:08:00 INFO Testing: dataset_name: market1501 top1:0.9575 top5:0.9852 top10:0.9911 mAP:0.8860
2024-06-22 10:09:34 INFO Epoch 426/16000	Training Loss: 1.8296	Time remaining is 470h:35m
2024-06-22 10:11:09 INFO Epoch 427/16000	Training Loss: 1.8411	Time remaining is 470h:24m
2024-06-22 10:12:44 INFO Epoch 428/16000	Training Loss: 1.8397	Time remaining is 470h:14m
2024-06-22 10:14:19 INFO Epoch 429/16000	Training Loss: 1.8393	Time remaining is 470h:4m
2024-06-22 10:15:54 INFO Epoch 430/16000	Training Loss: 1.8392	Time remaining is 469h:54m
2024-06-22 10:17:21 INFO Testing: dataset_name: market1501 top1:0.9555 top5:0.9855 top10:0.9920 mAP:0.8840
2024-06-22 10:18:56 INFO Epoch 431/16000	Training Loss: 1.8379	Time remaining is 470h:36m
2024-06-22 10:20:31 INFO Epoch 432/16000	Training Loss: 1.8381	Time remaining is 470h:26m
2024-06-22 10:22:05 INFO Epoch 433/16000	Training Loss: 1.8287	Time remaining is 470h:16m
2024-06-22 10:23:40 INFO Epoch 434/16000	Training Loss: 1.8393	Time remaining is 470h:5m
2024-06-22 10:25:15 INFO Epoch 435/16000	Training Loss: 1.8401	Time remaining is 469h:55m
2024-06-22 10:26:42 INFO Testing: dataset_name: market1501 top1:0.9564 top5:0.9846 top10:0.9914 mAP:0.8855
2024-06-22 10:28:17 INFO Epoch 436/16000	Training Loss: 1.8396	Time remaining is 470h:37m
2024-06-22 10:29:52 INFO Epoch 437/16000	Training Loss: 1.8392	Time remaining is 470h:27m
2024-06-22 10:31:26 INFO Epoch 438/16000	Training Loss: 1.8290	Time remaining is 470h:17m
2024-06-22 10:33:01 INFO Epoch 439/16000	Training Loss: 1.8377	Time remaining is 470h:7m
2024-06-22 10:34:35 INFO Epoch 440/16000	Training Loss: 1.8371	Time remaining is 469h:56m
2024-06-22 10:36:03 INFO Testing: dataset_name: market1501 top1:0.9569 top5:0.9840 top10:0.9905 mAP:0.8837
2024-06-22 10:37:38 INFO Epoch 441/16000	Training Loss: 1.8386	Time remaining is 470h:38m
2024-06-22 10:39:12 INFO Epoch 442/16000	Training Loss: 1.8376	Time remaining is 470h:28m
2024-06-22 10:40:47 INFO Epoch 443/16000	Training Loss: 1.8369	Time remaining is 470h:18m
2024-06-22 10:42:21 INFO Epoch 444/16000	Training Loss: 1.8291	Time remaining is 470h:7m
2024-06-22 10:43:56 INFO Epoch 445/16000	Training Loss: 1.8372	Time remaining is 469h:57m
2024-06-22 10:45:24 INFO Testing: dataset_name: market1501 top1:0.9540 top5:0.9831 top10:0.9914 mAP:0.8824
2024-06-22 10:46:59 INFO Epoch 446/16000	Training Loss: 1.8380	Time remaining is 470h:39m
2024-06-22 10:48:33 INFO Epoch 447/16000	Training Loss: 1.8288	Time remaining is 470h:28m
2024-06-22 10:50:07 INFO Epoch 448/16000	Training Loss: 1.8282	Time remaining is 470h:18m
2024-06-22 10:51:42 INFO Epoch 449/16000	Training Loss: 1.8389	Time remaining is 470h:8m
2024-06-22 10:53:17 INFO Epoch 450/16000	Training Loss: 1.8367	Time remaining is 469h:58m
2024-06-22 10:54:45 INFO Testing: dataset_name: market1501 top1:0.9558 top5:0.9843 top10:0.9914 mAP:0.8832
2024-06-22 10:56:19 INFO Epoch 451/16000	Training Loss: 1.8365	Time remaining is 470h:39m
2024-06-22 10:57:55 INFO Epoch 452/16000	Training Loss: 1.8358	Time remaining is 470h:29m
2024-06-22 10:59:30 INFO Epoch 453/16000	Training Loss: 1.8364	Time remaining is 470h:19m
2024-06-22 11:01:04 INFO Epoch 454/16000	Training Loss: 1.8266	Time remaining is 470h:9m
2024-06-22 11:02:39 INFO Epoch 455/16000	Training Loss: 1.8273	Time remaining is 469h:59m
2024-06-22 11:04:07 INFO Testing: dataset_name: market1501 top1:0.9558 top5:0.9855 top10:0.9914 mAP:0.8845
2024-06-22 11:05:41 INFO Epoch 456/16000	Training Loss: 1.8366	Time remaining is 470h:39m
2024-06-22 11:07:16 INFO Epoch 457/16000	Training Loss: 1.8378	Time remaining is 470h:30m
2024-06-22 11:08:51 INFO Epoch 458/16000	Training Loss: 1.8362	Time remaining is 470h:20m
2024-06-22 11:10:26 INFO Epoch 459/16000	Training Loss: 1.8276	Time remaining is 470h:10m
2024-06-22 11:12:01 INFO Epoch 460/16000	Training Loss: 1.8358	Time remaining is 470h:0m
2024-06-22 11:13:29 INFO Testing: dataset_name: market1501 top1:0.9546 top5:0.9843 top10:0.9917 mAP:0.8826
2024-06-22 11:15:03 INFO Epoch 461/16000	Training Loss: 1.8290	Time remaining is 470h:40m
2024-06-22 11:16:38 INFO Epoch 462/16000	Training Loss: 1.8364	Time remaining is 470h:30m
2024-06-22 11:18:13 INFO Epoch 463/16000	Training Loss: 1.8370	Time remaining is 470h:20m
2024-06-22 11:19:48 INFO Epoch 464/16000	Training Loss: 1.8367	Time remaining is 470h:11m
2024-06-22 11:21:22 INFO Epoch 465/16000	Training Loss: 1.8267	Time remaining is 470h:1m
2024-06-22 11:22:50 INFO Testing: dataset_name: market1501 top1:0.9549 top5:0.9849 top10:0.9911 mAP:0.8827
2024-06-22 11:24:25 INFO Epoch 466/16000	Training Loss: 1.8374	Time remaining is 470h:40m
2024-06-22 11:26:00 INFO Epoch 467/16000	Training Loss: 1.8356	Time remaining is 470h:30m
2024-06-22 11:27:36 INFO Epoch 468/16000	Training Loss: 1.8453	Time remaining is 470h:21m
2024-06-22 11:29:10 INFO Epoch 469/16000	Training Loss: 1.8352	Time remaining is 470h:11m
2024-06-22 11:30:45 INFO Epoch 470/16000	Training Loss: 1.8374	Time remaining is 470h:2m
2024-06-22 11:32:13 INFO Testing: dataset_name: market1501 top1:0.9546 top5:0.9816 top10:0.9899 mAP:0.8813
2024-06-22 11:33:48 INFO Epoch 471/16000	Training Loss: 1.8356	Time remaining is 470h:41m
2024-06-22 11:35:23 INFO Epoch 472/16000	Training Loss: 1.8266	Time remaining is 470h:31m
2024-06-22 11:36:58 INFO Epoch 473/16000	Training Loss: 1.8457	Time remaining is 470h:22m
2024-06-22 11:38:33 INFO Epoch 474/16000	Training Loss: 1.8379	Time remaining is 470h:12m
2024-06-22 11:40:07 INFO Epoch 475/16000	Training Loss: 1.8280	Time remaining is 470h:2m
2024-06-22 11:41:35 INFO Testing: dataset_name: market1501 top1:0.9540 top5:0.9840 top10:0.9911 mAP:0.8819
2024-06-22 11:43:10 INFO Epoch 476/16000	Training Loss: 1.8343	Time remaining is 470h:40m
2024-06-22 11:44:45 INFO Epoch 477/16000	Training Loss: 1.8249	Time remaining is 470h:31m
2024-06-22 11:46:20 INFO Epoch 478/16000	Training Loss: 1.8365	Time remaining is 470h:21m
2024-06-22 11:47:54 INFO Epoch 479/16000	Training Loss: 1.8240	Time remaining is 470h:12m
2024-06-22 11:49:29 INFO Epoch 480/16000	Training Loss: 1.8351	Time remaining is 470h:2m
2024-06-22 11:50:57 INFO Testing: dataset_name: market1501 top1:0.9534 top5:0.9831 top10:0.9914 mAP:0.8800
2024-06-22 11:52:32 INFO Epoch 481/16000	Training Loss: 1.8347	Time remaining is 470h:40m
2024-06-22 11:54:06 INFO Epoch 482/16000	Training Loss: 1.8252	Time remaining is 470h:30m
2024-06-22 11:55:41 INFO Epoch 483/16000	Training Loss: 1.8349	Time remaining is 470h:21m
2024-06-22 11:57:17 INFO Epoch 484/16000	Training Loss: 1.8450	Time remaining is 470h:12m
2024-06-22 11:58:52 INFO Epoch 485/16000	Training Loss: 1.8346	Time remaining is 470h:3m
2024-06-22 12:00:20 INFO Testing: dataset_name: market1501 top1:0.9540 top5:0.9840 top10:0.9920 mAP:0.8813
2024-06-22 12:01:55 INFO Epoch 486/16000	Training Loss: 1.8351	Time remaining is 470h:40m
2024-06-22 12:03:30 INFO Epoch 487/16000	Training Loss: 1.8430	Time remaining is 470h:31m
2024-06-22 12:05:05 INFO Epoch 488/16000	Training Loss: 1.8250	Time remaining is 470h:21m
2024-06-22 12:06:40 INFO Epoch 489/16000	Training Loss: 1.8353	Time remaining is 470h:12m
2024-06-22 12:08:15 INFO Epoch 490/16000	Training Loss: 1.8361	Time remaining is 470h:3m
2024-06-22 12:09:43 INFO Testing: dataset_name: market1501 top1:0.9546 top5:0.9846 top10:0.9905 mAP:0.8829
2024-06-22 12:11:17 INFO Epoch 491/16000	Training Loss: 1.8257	Time remaining is 470h:40m
2024-06-22 12:12:52 INFO Epoch 492/16000	Training Loss: 1.8339	Time remaining is 470h:30m
2024-06-22 12:14:27 INFO Epoch 493/16000	Training Loss: 1.8266	Time remaining is 470h:21m
2024-06-22 12:16:02 INFO Epoch 494/16000	Training Loss: 1.8247	Time remaining is 470h:11m
2024-06-22 12:17:37 INFO Epoch 495/16000	Training Loss: 1.8361	Time remaining is 470h:2m
2024-06-22 12:19:05 INFO Testing: dataset_name: market1501 top1:0.9534 top5:0.9825 top10:0.9908 mAP:0.8807
2024-06-22 12:20:39 INFO Epoch 496/16000	Training Loss: 1.8335	Time remaining is 470h:39m
2024-06-22 12:22:14 INFO Epoch 497/16000	Training Loss: 1.8254	Time remaining is 470h:29m
2024-06-22 12:23:50 INFO Epoch 498/16000	Training Loss: 1.8345	Time remaining is 470h:20m
2024-06-22 12:25:24 INFO Epoch 499/16000	Training Loss: 1.8242	Time remaining is 470h:11m
2024-06-22 12:27:00 INFO Epoch 500/16000	Training Loss: 1.8352	Time remaining is 470h:2m
2024-06-22 12:28:27 INFO Testing: dataset_name: market1501 top1:0.9513 top5:0.9825 top10:0.9920 mAP:0.8807
2024-06-22 12:30:02 INFO Epoch 501/16000	Training Loss: 1.8345	Time remaining is 470h:38m
2024-06-22 12:31:37 INFO Epoch 502/16000	Training Loss: 1.8334	Time remaining is 470h:29m
2024-06-22 12:33:11 INFO Epoch 503/16000	Training Loss: 1.8252	Time remaining is 470h:19m
2024-06-22 12:34:46 INFO Epoch 504/16000	Training Loss: 1.8325	Time remaining is 470h:10m
2024-06-22 12:36:22 INFO Epoch 505/16000	Training Loss: 1.8344	Time remaining is 470h:1m
2024-06-22 12:37:50 INFO Testing: dataset_name: market1501 top1:0.9555 top5:0.9837 top10:0.9911 mAP:0.8811
2024-06-22 12:39:24 INFO Epoch 506/16000	Training Loss: 1.8346	Time remaining is 470h:37m
2024-06-22 12:40:59 INFO Epoch 507/16000	Training Loss: 1.8345	Time remaining is 470h:28m
2024-06-22 12:42:34 INFO Epoch 508/16000	Training Loss: 1.8244	Time remaining is 470h:19m
2024-06-22 12:44:09 INFO Epoch 509/16000	Training Loss: 1.8440	Time remaining is 470h:10m
2024-06-22 12:45:45 INFO Epoch 510/16000	Training Loss: 1.8329	Time remaining is 470h:1m
2024-06-22 12:47:12 INFO Testing: dataset_name: market1501 top1:0.9561 top5:0.9840 top10:0.9908 mAP:0.8803
2024-06-22 12:48:47 INFO Epoch 511/16000	Training Loss: 1.8322	Time remaining is 470h:36m
2024-06-22 12:50:22 INFO Epoch 512/16000	Training Loss: 1.8241	Time remaining is 470h:27m
2024-06-22 12:51:57 INFO Epoch 513/16000	Training Loss: 1.8329	Time remaining is 470h:18m
2024-06-22 12:53:32 INFO Epoch 514/16000	Training Loss: 1.8250	Time remaining is 470h:9m
2024-06-22 12:55:07 INFO Epoch 515/16000	Training Loss: 1.8356	Time remaining is 469h:60m
2024-06-22 12:56:35 INFO Testing: dataset_name: market1501 top1:0.9567 top5:0.9831 top10:0.9908 mAP:0.8825
2024-06-22 12:58:10 INFO Epoch 516/16000	Training Loss: 1.8325	Time remaining is 470h:35m
