2024-07-31 01:38:24 INFO ##################################################
2024-07-31 01:38:24 INFO Config values: batch_size: 60	current_directory: /kaggle/working/reid_task/ex_001_5	dataset_name: market1501	dataset_path: /kaggle/input/market1501/Market-1501-v15.09.15	device: cuda	dtype: torch.float32	epoch_start_test: 90	epochs: 120	img_height: 256	img_width: 128	logs_outputs_path: /kaggle/working/reid_task/ex_001_5/./outputs/logs	models_outputs_path: /kaggle/working/reid_task/ex_001_5/./outputs/models	np: <module 'numpy' from '/opt/conda/lib/python3.10/site-packages/numpy/__init__.py'>	os: <module 'os' from '/opt/conda/lib/python3.10/os.py'>	outputs_dir: ./outputs/	outputs_path: /kaggle/working/reid_task/ex_001_5/./outputs/	print_every: 1	seed: 3407	taskname: ReID_Task	temps_outputs_path: /kaggle/working/reid_task/ex_001_5/./outputs/temps	test_batch_size: 256	test_every: 5	torch: <module 'torch' from '/opt/conda/lib/python3.10/site-packages/torch/__init__.py'>
2024-07-31 01:38:24 INFO Task: ReID_Task
2024-07-31 01:38:24 INFO Using device: cuda
2024-07-31 01:38:24 INFO Using data type: torch.float32
2024-07-31 01:38:24 INFO Number of GPUs: 1
2024-07-31 01:38:24 INFO GPU is_available: True
2024-07-31 01:38:24 INFO GPU name: Tesla P100-PCIE-16GB
2024-07-31 01:38:24 INFO CUDA version: 12.1
2024-07-31 01:38:24 INFO Current device id: 0
2024-07-31 01:38:24 INFO ##################################################
2024-07-31 01:40:31 INFO Epoch 1/120	Training Loss: 8.8629	Time remaining is 4h:8m
2024-07-31 01:42:20 INFO Epoch 2/120	Training Loss: 7.5940	Time remaining is 3h:51m
2024-07-31 01:44:03 INFO Epoch 3/120	Training Loss: 6.0136	Time remaining is 3h:40m
2024-07-31 01:45:40 INFO Epoch 4/120	Training Loss: 4.5977	Time remaining is 3h:31m
2024-07-31 01:47:16 INFO Epoch 5/120	Training Loss: 3.5289	Time remaining is 3h:24m
2024-07-31 01:48:58 INFO Epoch 6/120	Training Loss: 2.8140	Time remaining is 3h:22m
2024-07-31 01:50:32 INFO Epoch 7/120	Training Loss: 2.3832	Time remaining is 3h:17m
2024-07-31 01:52:07 INFO Epoch 8/120	Training Loss: 2.1102	Time remaining is 3h:13m
2024-07-31 01:53:43 INFO Epoch 9/120	Training Loss: 1.9655	Time remaining is 3h:10m
2024-07-31 01:55:25 INFO Epoch 10/120	Training Loss: 1.8520	Time remaining is 3h:8m
2024-07-31 01:57:27 INFO Epoch 11/120	Training Loss: 1.7631	Time remaining is 3h:10m
2024-07-31 01:59:02 INFO Epoch 12/120	Training Loss: 1.6709	Time remaining is 3h:7m
2024-07-31 02:00:37 INFO Epoch 13/120	Training Loss: 1.5756	Time remaining is 3h:4m
2024-07-31 02:02:13 INFO Epoch 14/120	Training Loss: 1.5161	Time remaining is 3h:2m
2024-07-31 02:03:50 INFO Epoch 15/120	Training Loss: 1.4579	Time remaining is 2h:59m
2024-07-31 02:05:26 INFO Epoch 16/120	Training Loss: 1.4268	Time remaining is 2h:57m
2024-07-31 02:07:09 INFO Epoch 17/120	Training Loss: 1.3859	Time remaining is 2h:56m
2024-07-31 02:08:46 INFO Epoch 18/120	Training Loss: 1.3529	Time remaining is 2h:53m
2024-07-31 02:10:24 INFO Epoch 19/120	Training Loss: 1.3401	Time remaining is 2h:52m
2024-07-31 02:12:05 INFO Epoch 20/120	Training Loss: 1.3019	Time remaining is 2h:50m
2024-07-31 02:13:45 INFO Epoch 21/120	Training Loss: 1.3080	Time remaining is 2h:48m
2024-07-31 02:15:26 INFO Epoch 22/120	Training Loss: 1.3196	Time remaining is 2h:46m
2024-07-31 02:17:14 INFO Epoch 23/120	Training Loss: 1.2866	Time remaining is 2h:45m
2024-07-31 02:19:01 INFO Epoch 24/120	Training Loss: 1.3009	Time remaining is 2h:44m
2024-07-31 02:20:42 INFO Epoch 25/120	Training Loss: 1.2793	Time remaining is 2h:42m
2024-07-31 02:22:23 INFO Epoch 26/120	Training Loss: 1.2863	Time remaining is 2h:41m
2024-07-31 02:24:02 INFO Epoch 27/120	Training Loss: 1.2831	Time remaining is 2h:39m
2024-07-31 02:25:43 INFO Epoch 28/120	Training Loss: 1.2931	Time remaining is 2h:37m
2024-07-31 02:27:23 INFO Epoch 29/120	Training Loss: 1.2897	Time remaining is 2h:35m
2024-07-31 02:29:15 INFO Epoch 30/120	Training Loss: 1.2610	Time remaining is 2h:34m
2024-07-31 02:31:01 INFO Epoch 31/120	Training Loss: 1.2604	Time remaining is 2h:33m
2024-07-31 02:32:56 INFO Epoch 32/120	Training Loss: 1.2637	Time remaining is 2h:32m
2024-07-31 02:34:37 INFO Epoch 33/120	Training Loss: 1.2539	Time remaining is 2h:30m
2024-07-31 02:36:16 INFO Epoch 34/120	Training Loss: 1.2624	Time remaining is 2h:28m
2024-07-31 02:38:05 INFO Epoch 35/120	Training Loss: 1.2542	Time remaining is 2h:27m
2024-07-31 02:39:56 INFO Epoch 36/120	Training Loss: 1.2485	Time remaining is 2h:25m
2024-07-31 02:41:48 INFO Epoch 37/120	Training Loss: 1.2420	Time remaining is 2h:24m
2024-07-31 02:43:27 INFO Epoch 38/120	Training Loss: 1.2268	Time remaining is 2h:22m
2024-07-31 02:45:06 INFO Epoch 39/120	Training Loss: 1.2518	Time remaining is 2h:20m
2024-07-31 02:46:45 INFO Epoch 40/120	Training Loss: 1.2448	Time remaining is 2h:18m
2024-07-31 02:48:27 INFO Epoch 41/120	Training Loss: 1.1661	Time remaining is 2h:17m
2024-07-31 02:51:04 INFO Epoch 42/120	Training Loss: 1.0944	Time remaining is 2h:17m
2024-07-31 02:52:48 INFO Epoch 43/120	Training Loss: 1.0746	Time remaining is 2h:15m
2024-07-31 02:54:29 INFO Epoch 44/120	Training Loss: 1.0678	Time remaining is 2h:13m
2024-07-31 02:56:10 INFO Epoch 45/120	Training Loss: 1.0581	Time remaining is 2h:11m
2024-07-31 02:57:55 INFO Epoch 46/120	Training Loss: 1.0524	Time remaining is 2h:10m
2024-07-31 02:59:57 INFO Epoch 47/120	Training Loss: 1.0560	Time remaining is 2h:8m
2024-07-31 03:02:00 INFO Epoch 48/120	Training Loss: 1.0462	Time remaining is 2h:7m
2024-07-31 03:03:44 INFO Epoch 49/120	Training Loss: 1.0384	Time remaining is 2h:5m
2024-07-31 03:05:26 INFO Epoch 50/120	Training Loss: 1.0312	Time remaining is 2h:4m
2024-07-31 03:07:05 INFO Epoch 51/120	Training Loss: 1.0380	Time remaining is 2h:2m
2024-07-31 03:08:52 INFO Epoch 52/120	Training Loss: 1.0344	Time remaining is 1h:60m
2024-07-31 03:10:39 INFO Epoch 53/120	Training Loss: 1.0325	Time remaining is 1h:58m
2024-07-31 03:12:18 INFO Epoch 54/120	Training Loss: 1.0296	Time remaining is 1h:56m
2024-07-31 03:13:57 INFO Epoch 55/120	Training Loss: 1.0304	Time remaining is 1h:55m
2024-07-31 03:15:36 INFO Epoch 56/120	Training Loss: 1.0335	Time remaining is 1h:53m
2024-07-31 03:17:15 INFO Epoch 57/120	Training Loss: 1.0260	Time remaining is 1h:51m
2024-07-31 03:19:14 INFO Epoch 58/120	Training Loss: 1.0194	Time remaining is 1h:49m
2024-07-31 03:20:56 INFO Epoch 59/120	Training Loss: 1.0180	Time remaining is 1h:48m
2024-07-31 03:22:36 INFO Epoch 60/120	Training Loss: 1.0215	Time remaining is 1h:46m
2024-07-31 03:24:15 INFO Epoch 61/120	Training Loss: 1.0207	Time remaining is 1h:44m
2024-07-31 03:25:55 INFO Epoch 62/120	Training Loss: 1.0211	Time remaining is 1h:42m
2024-07-31 03:27:34 INFO Epoch 63/120	Training Loss: 1.0199	Time remaining is 1h:40m
2024-07-31 03:29:14 INFO Epoch 64/120	Training Loss: 1.0118	Time remaining is 1h:39m
2024-07-31 03:30:55 INFO Epoch 65/120	Training Loss: 1.0198	Time remaining is 1h:37m
2024-07-31 03:32:34 INFO Epoch 66/120	Training Loss: 1.0158	Time remaining is 1h:35m
2024-07-31 03:34:14 INFO Epoch 67/120	Training Loss: 1.0161	Time remaining is 1h:33m
2024-07-31 03:35:54 INFO Epoch 68/120	Training Loss: 1.0156	Time remaining is 1h:32m
2024-07-31 03:37:40 INFO Epoch 69/120	Training Loss: 1.0119	Time remaining is 1h:30m
2024-07-31 03:39:24 INFO Epoch 70/120	Training Loss: 1.0180	Time remaining is 1h:28m
2024-07-31 03:41:04 INFO Epoch 71/120	Training Loss: 1.0035	Time remaining is 1h:26m
2024-07-31 03:42:47 INFO Epoch 72/120	Training Loss: 1.0040	Time remaining is 1h:25m
2024-07-31 03:44:30 INFO Epoch 73/120	Training Loss: 1.0037	Time remaining is 1h:23m
2024-07-31 03:46:29 INFO Epoch 74/120	Training Loss: 1.0010	Time remaining is 1h:21m
2024-07-31 03:48:20 INFO Epoch 75/120	Training Loss: 1.0005	Time remaining is 1h:20m
2024-07-31 03:50:08 INFO Epoch 76/120	Training Loss: 0.9992	Time remaining is 1h:18m
2024-07-31 03:51:57 INFO Epoch 77/120	Training Loss: 0.9984	Time remaining is 1h:16m
2024-07-31 03:53:35 INFO Epoch 78/120	Training Loss: 0.9934	Time remaining is 1h:15m
2024-07-31 03:55:17 INFO Epoch 79/120	Training Loss: 1.0010	Time remaining is 1h:13m
2024-07-31 03:56:59 INFO Epoch 80/120	Training Loss: 0.9974	Time remaining is 1h:11m
2024-07-31 03:58:39 INFO Epoch 81/120	Training Loss: 0.9967	Time remaining is 1h:9m
2024-07-31 04:00:19 INFO Epoch 82/120	Training Loss: 0.9987	Time remaining is 1h:7m
2024-07-31 04:02:12 INFO Epoch 83/120	Training Loss: 0.9938	Time remaining is 1h:6m
2024-07-31 04:03:56 INFO Epoch 84/120	Training Loss: 0.9958	Time remaining is 1h:4m
2024-07-31 04:05:36 INFO Epoch 85/120	Training Loss: 0.9908	Time remaining is 1h:2m
2024-07-31 04:07:16 INFO Epoch 86/120	Training Loss: 0.9914	Time remaining is 1h:1m
2024-07-31 04:08:56 INFO Epoch 87/120	Training Loss: 0.9966	Time remaining is 0h:59m
2024-07-31 04:10:36 INFO Epoch 88/120	Training Loss: 0.9939	Time remaining is 0h:57m
2024-07-31 04:12:38 INFO Epoch 89/120	Training Loss: 0.9967	Time remaining is 0h:55m
2024-07-31 04:15:00 INFO Epoch 90/120	Training Loss: 0.9901	Time remaining is 0h:54m
2024-07-31 04:21:45 INFO Epoch 90/120	Testing: dataset_name: market1501 top1: 94.062 top5: 98.219 top10: 99.139 mAP: 85.259
2024-07-31 04:24:21 INFO Epoch 91/120	Training Loss: 0.9978	Time remaining is 0h:55m
2024-07-31 04:26:07 INFO Epoch 92/120	Training Loss: 0.9974	Time remaining is 0h:53m
2024-07-31 04:28:15 INFO Epoch 93/120	Training Loss: 0.9938	Time remaining is 0h:51m
2024-07-31 04:29:56 INFO Epoch 94/120	Training Loss: 0.9935	Time remaining is 0h:49m
2024-07-31 04:31:38 INFO Epoch 95/120	Training Loss: 0.9945	Time remaining is 0h:47m
2024-07-31 04:35:20 INFO Epoch 95/120	Testing: dataset_name: market1501 top1: 94.002 top5: 98.129 top10: 99.198 mAP: 85.299
2024-07-31 04:36:59 INFO Epoch 96/120	Training Loss: 0.9926	Time remaining is 0h:46m
2024-07-31 04:38:43 INFO Epoch 97/120	Training Loss: 0.9931	Time remaining is 0h:45m
2024-07-31 04:40:21 INFO Epoch 98/120	Training Loss: 0.9878	Time remaining is 0h:43m
2024-07-31 04:42:03 INFO Epoch 99/120	Training Loss: 0.9935	Time remaining is 0h:41m
2024-07-31 04:43:55 INFO Epoch 100/120	Training Loss: 0.9925	Time remaining is 0h:39m
2024-07-31 04:47:52 INFO Epoch 100/120	Testing: dataset_name: market1501 top1: 93.973 top5: 98.189 top10: 99.139 mAP: 85.416
2024-07-31 04:50:09 INFO Epoch 101/120	Training Loss: 0.9923	Time remaining is 0h:38m
2024-07-31 04:51:47 INFO Epoch 102/120	Training Loss: 0.9866	Time remaining is 0h:36m
2024-07-31 04:53:24 INFO Epoch 103/120	Training Loss: 0.9875	Time remaining is 0h:34m
2024-07-31 04:55:02 INFO Epoch 104/120	Training Loss: 0.9894	Time remaining is 0h:32m
2024-07-31 04:56:46 INFO Epoch 105/120	Training Loss: 0.9916	Time remaining is 0h:30m
2024-07-31 05:00:39 INFO Epoch 105/120	Testing: dataset_name: market1501 top1: 94.240 top5: 98.248 top10: 99.169 mAP: 85.630
2024-07-31 05:02:18 INFO Epoch 106/120	Training Loss: 0.9867	Time remaining is 0h:29m
2024-07-31 05:03:56 INFO Epoch 107/120	Training Loss: 0.9917	Time remaining is 0h:27m
2024-07-31 05:05:43 INFO Epoch 108/120	Training Loss: 0.9898	Time remaining is 0h:25m
2024-07-31 05:08:10 INFO Epoch 109/120	Training Loss: 0.9914	Time remaining is 0h:23m
2024-07-31 05:10:27 INFO Epoch 110/120	Training Loss: 0.9912	Time remaining is 0h:21m
2024-07-31 05:15:36 INFO Epoch 110/120	Testing: dataset_name: market1501 top1: 94.210 top5: 98.159 top10: 99.139 mAP: 85.665
2024-07-31 05:17:29 INFO Epoch 111/120	Training Loss: 0.9859	Time remaining is 0h:20m
2024-07-31 05:19:20 INFO Epoch 112/120	Training Loss: 0.9910	Time remaining is 0h:18m
2024-07-31 05:21:07 INFO Epoch 113/120	Training Loss: 0.9901	Time remaining is 0h:16m
2024-07-31 05:22:45 INFO Epoch 114/120	Training Loss: 0.9923	Time remaining is 0h:14m
2024-07-31 05:24:24 INFO Epoch 115/120	Training Loss: 0.9901	Time remaining is 0h:12m
2024-07-31 05:28:03 INFO Epoch 115/120	Testing: dataset_name: market1501 top1: 94.121 top5: 98.219 top10: 99.139 mAP: 85.765
2024-07-31 05:29:50 INFO Epoch 116/120	Training Loss: 0.9897	Time remaining is 0h:10m
2024-07-31 05:31:31 INFO Epoch 117/120	Training Loss: 0.9869	Time remaining is 0h:8m
2024-07-31 05:33:14 INFO Epoch 118/120	Training Loss: 0.9843	Time remaining is 0h:6m
2024-07-31 05:34:51 INFO Epoch 119/120	Training Loss: 0.9891	Time remaining is 0h:4m
2024-07-31 05:36:28 INFO Epoch 120/120	Training Loss: 0.9846	Time remaining is 0h:2m
2024-07-31 05:40:10 INFO Epoch 120/120	Testing: dataset_name: market1501 top1: 94.240 top5: 98.278 top10: 99.139 mAP: 85.901
2024-07-31 05:40:11 INFO The running time of training: 4.03 h
