2024-03-19 19:35:42 INFO ##################################################
2024-03-19 19:35:42 INFO Config values: batch_size: 60	current_directory: /home/hy/project/reid/ex_main2	dataset_name: market1501	dataset_path: /home/hy/project/data/Market-1501-v15.09.15	device: cuda	dtype: torch.float32	epoch_start_test: 90	epochs: 120	img_height: 256	img_width: 128	logs_outputs_path: /home/hy/project/reid/ex_main2/./outputs/logs	models_outputs_path: /home/hy/project/reid/ex_main2/./outputs/models	np: <module 'numpy' from '/home/hy/anaconda3/envs/py396/lib/python3.9/site-packages/numpy/__init__.py'>	os: <module 'os' from '/home/hy/anaconda3/envs/py396/lib/python3.9/os.py'>	outputs_dir: ./outputs/	outputs_path: /home/hy/project/reid/ex_main2/./outputs/	print_every: 1	seed: 1	taskname: ReID_Task	temps_outputs_path: /home/hy/project/reid/ex_main2/./outputs/temps	test_batch_size: 256	test_every: 5	torch: <module 'torch' from '/home/hy/anaconda3/envs/py396/lib/python3.9/site-packages/torch/__init__.py'>
2024-03-19 19:35:42 INFO Task: ReID_Task
2024-03-19 19:35:42 INFO Using device: cuda
2024-03-19 19:35:42 INFO Using data type: torch.float32
2024-03-19 19:35:42 INFO Number of GPUs: 1
2024-03-19 19:35:42 INFO GPU is_available: True
2024-03-19 19:35:42 INFO GPU name: NVIDIA GeForce RTX 3060
2024-03-19 19:35:42 INFO CUDA version: 12.1
2024-03-19 19:35:42 INFO Current device id: 0
2024-03-19 19:35:42 INFO ##################################################
2024-03-19 19:37:55 INFO Epoch 1/120	Training Loss: 10.7816	Time remaining is 4h:24m
2024-03-19 19:40:06 INFO Epoch 2/120	Training Loss: 9.0714	Time remaining is 4h:21m
2024-03-19 19:42:17 INFO Epoch 3/120	Training Loss: 6.9971	Time remaining is 4h:18m
2024-03-19 19:44:27 INFO Epoch 4/120	Training Loss: 5.2711	Time remaining is 4h:15m
2024-03-19 19:46:38 INFO Epoch 5/120	Training Loss: 4.0520	Time remaining is 4h:13m
2024-03-19 19:48:48 INFO Epoch 6/120	Training Loss: 3.2951	Time remaining is 4h:11m
2024-03-19 19:50:59 INFO Epoch 7/120	Training Loss: 2.9001	Time remaining is 4h:8m
2024-03-19 19:53:10 INFO Epoch 8/120	Training Loss: 2.6812	Time remaining is 4h:6m
2024-03-19 19:55:20 INFO Epoch 9/120	Training Loss: 2.5638	Time remaining is 4h:4m
2024-03-19 19:57:31 INFO Epoch 10/120	Training Loss: 2.4853	Time remaining is 4h:2m
2024-03-19 19:59:41 INFO Epoch 11/120	Training Loss: 2.4400	Time remaining is 3h:60m
2024-03-19 20:01:52 INFO Epoch 12/120	Training Loss: 2.3962	Time remaining is 3h:58m
2024-03-19 20:04:03 INFO Epoch 13/120	Training Loss: 2.3467	Time remaining is 3h:55m
2024-03-19 20:06:13 INFO Epoch 14/120	Training Loss: 2.3148	Time remaining is 3h:53m
2024-03-19 20:08:23 INFO Epoch 15/120	Training Loss: 2.2916	Time remaining is 3h:51m
2024-03-19 20:10:34 INFO Epoch 16/120	Training Loss: 2.3015	Time remaining is 3h:49m
2024-03-19 20:12:45 INFO Epoch 17/120	Training Loss: 2.2872	Time remaining is 3h:47m
2024-03-19 20:14:56 INFO Epoch 18/120	Training Loss: 2.2968	Time remaining is 3h:44m
2024-03-19 20:17:06 INFO Epoch 19/120	Training Loss: 2.2725	Time remaining is 3h:42m
2024-03-19 20:19:17 INFO Epoch 20/120	Training Loss: 2.2701	Time remaining is 3h:40m
2024-03-19 20:21:28 INFO Epoch 21/120	Training Loss: 2.2642	Time remaining is 3h:38m
2024-03-19 20:23:38 INFO Epoch 22/120	Training Loss: 2.2664	Time remaining is 3h:36m
2024-03-19 20:25:49 INFO Epoch 23/120	Training Loss: 2.2922	Time remaining is 3h:33m
2024-03-19 20:28:00 INFO Epoch 24/120	Training Loss: 2.2988	Time remaining is 3h:31m
2024-03-19 20:30:10 INFO Epoch 25/120	Training Loss: 2.2759	Time remaining is 3h:29m
2024-03-19 20:32:20 INFO Epoch 26/120	Training Loss: 2.2692	Time remaining is 3h:27m
2024-03-19 20:34:31 INFO Epoch 27/120	Training Loss: 2.2844	Time remaining is 3h:25m
2024-03-19 20:36:43 INFO Epoch 28/120	Training Loss: 2.2717	Time remaining is 3h:23m
2024-03-19 20:38:53 INFO Epoch 29/120	Training Loss: 2.2727	Time remaining is 3h:20m
2024-03-19 20:41:04 INFO Epoch 30/120	Training Loss: 2.2864	Time remaining is 3h:18m
2024-03-19 20:43:15 INFO Epoch 31/120	Training Loss: 2.2858	Time remaining is 3h:16m
2024-03-19 20:45:26 INFO Epoch 32/120	Training Loss: 2.2643	Time remaining is 3h:14m
2024-03-19 20:47:37 INFO Epoch 33/120	Training Loss: 2.2573	Time remaining is 3h:12m
2024-03-19 20:49:48 INFO Epoch 34/120	Training Loss: 2.2575	Time remaining is 3h:10m
2024-03-19 20:51:59 INFO Epoch 35/120	Training Loss: 2.2642	Time remaining is 3h:7m
2024-03-19 20:54:11 INFO Epoch 36/120	Training Loss: 2.2743	Time remaining is 3h:5m
2024-03-19 20:56:21 INFO Epoch 37/120	Training Loss: 2.2570	Time remaining is 3h:3m
2024-03-19 20:58:32 INFO Epoch 38/120	Training Loss: 2.2634	Time remaining is 3h:1m
2024-03-19 21:00:43 INFO Epoch 39/120	Training Loss: 2.2518	Time remaining is 2h:59m
2024-03-19 21:02:53 INFO Epoch 40/120	Training Loss: 2.2402	Time remaining is 2h:57m
2024-03-19 21:05:04 INFO Epoch 41/120	Training Loss: 2.1826	Time remaining is 2h:54m
2024-03-19 21:07:15 INFO Epoch 42/120	Training Loss: 2.1299	Time remaining is 2h:52m
2024-03-19 21:09:26 INFO Epoch 43/120	Training Loss: 2.1125	Time remaining is 2h:50m
2024-03-19 21:11:37 INFO Epoch 44/120	Training Loss: 2.1037	Time remaining is 2h:48m
2024-03-19 21:13:48 INFO Epoch 45/120	Training Loss: 2.0981	Time remaining is 2h:46m
2024-03-19 21:16:00 INFO Epoch 46/120	Training Loss: 2.0894	Time remaining is 2h:43m
2024-03-19 21:18:11 INFO Epoch 47/120	Training Loss: 2.0862	Time remaining is 2h:41m
2024-03-19 21:20:22 INFO Epoch 48/120	Training Loss: 2.0828	Time remaining is 2h:39m
2024-03-19 21:22:33 INFO Epoch 49/120	Training Loss: 2.0694	Time remaining is 2h:37m
2024-03-19 21:24:43 INFO Epoch 50/120	Training Loss: 2.0686	Time remaining is 2h:35m
2024-03-19 21:26:54 INFO Epoch 51/120	Training Loss: 2.0744	Time remaining is 2h:33m
2024-03-19 21:29:05 INFO Epoch 52/120	Training Loss: 2.0704	Time remaining is 2h:30m
2024-03-19 21:31:17 INFO Epoch 53/120	Training Loss: 2.0691	Time remaining is 2h:28m
2024-03-19 21:33:28 INFO Epoch 54/120	Training Loss: 2.0728	Time remaining is 2h:26m
2024-03-19 21:35:39 INFO Epoch 55/120	Training Loss: 2.0703	Time remaining is 2h:24m
2024-03-19 21:37:50 INFO Epoch 56/120	Training Loss: 2.0675	Time remaining is 2h:22m
2024-03-19 21:40:02 INFO Epoch 57/120	Training Loss: 2.0650	Time remaining is 2h:20m
2024-03-19 21:42:13 INFO Epoch 58/120	Training Loss: 2.0650	Time remaining is 2h:17m
2024-03-19 21:44:24 INFO Epoch 59/120	Training Loss: 2.0625	Time remaining is 2h:15m
2024-03-19 21:46:35 INFO Epoch 60/120	Training Loss: 2.0615	Time remaining is 2h:13m
2024-03-19 21:48:46 INFO Epoch 61/120	Training Loss: 2.0510	Time remaining is 2h:11m
2024-03-19 21:50:57 INFO Epoch 62/120	Training Loss: 2.0728	Time remaining is 2h:9m
2024-03-19 21:53:09 INFO Epoch 63/120	Training Loss: 2.0697	Time remaining is 2h:7m
2024-03-19 21:55:20 INFO Epoch 64/120	Training Loss: 2.0588	Time remaining is 2h:4m
2024-03-19 21:57:31 INFO Epoch 65/120	Training Loss: 2.0449	Time remaining is 2h:2m
2024-03-19 21:59:41 INFO Epoch 66/120	Training Loss: 2.0455	Time remaining is 1h:60m
2024-03-19 22:01:53 INFO Epoch 67/120	Training Loss: 2.0664	Time remaining is 1h:58m
2024-03-19 22:04:04 INFO Epoch 68/120	Training Loss: 2.0659	Time remaining is 1h:56m
2024-03-19 22:06:15 INFO Epoch 69/120	Training Loss: 2.0524	Time remaining is 1h:53m
2024-03-19 22:08:27 INFO Epoch 70/120	Training Loss: 2.0525	Time remaining is 1h:51m
2024-03-19 22:10:38 INFO Epoch 71/120	Training Loss: 2.0488	Time remaining is 1h:49m
2024-03-19 22:12:49 INFO Epoch 72/120	Training Loss: 2.0449	Time remaining is 1h:47m
2024-03-19 22:15:00 INFO Epoch 73/120	Training Loss: 2.0412	Time remaining is 1h:45m
2024-03-19 22:17:10 INFO Epoch 74/120	Training Loss: 2.0282	Time remaining is 1h:43m
2024-03-19 22:19:21 INFO Epoch 75/120	Training Loss: 2.0284	Time remaining is 1h:40m
2024-03-19 22:21:32 INFO Epoch 76/120	Training Loss: 2.0384	Time remaining is 1h:38m
2024-03-19 22:23:42 INFO Epoch 77/120	Training Loss: 2.0258	Time remaining is 1h:36m
2024-03-19 22:25:54 INFO Epoch 78/120	Training Loss: 2.0374	Time remaining is 1h:34m
2024-03-19 22:28:05 INFO Epoch 79/120	Training Loss: 2.0366	Time remaining is 1h:32m
2024-03-19 22:30:15 INFO Epoch 80/120	Training Loss: 2.0282	Time remaining is 1h:29m
2024-03-19 22:32:27 INFO Epoch 81/120	Training Loss: 2.0455	Time remaining is 1h:27m
2024-03-19 22:34:37 INFO Epoch 82/120	Training Loss: 2.0256	Time remaining is 1h:25m
2024-03-19 22:36:49 INFO Epoch 83/120	Training Loss: 2.0367	Time remaining is 1h:23m
2024-03-19 22:39:00 INFO Epoch 84/120	Training Loss: 2.0347	Time remaining is 1h:21m
2024-03-19 22:41:11 INFO Epoch 85/120	Training Loss: 2.0332	Time remaining is 1h:19m
2024-03-19 22:43:22 INFO Epoch 86/120	Training Loss: 2.0337	Time remaining is 1h:16m
2024-03-19 22:45:33 INFO Epoch 87/120	Training Loss: 2.0362	Time remaining is 1h:14m
2024-03-19 22:47:44 INFO Epoch 88/120	Training Loss: 2.0337	Time remaining is 1h:12m
2024-03-19 22:49:54 INFO Epoch 89/120	Training Loss: 2.0234	Time remaining is 1h:10m
2024-03-19 22:52:05 INFO Epoch 90/120	Training Loss: 2.0354	Time remaining is 1h:8m
2024-03-19 22:52:56 INFO Testing: dataset_name: market1501 top1:0.9460 top5:0.9810 top10:0.9890 mAP:0.8773
2024-03-19 22:55:07 INFO Epoch 91/120	Training Loss: 2.0330	Time remaining is 1h:6m
2024-03-19 22:57:18 INFO Epoch 92/120	Training Loss: 2.0334	Time remaining is 1h:4m
2024-03-19 22:59:29 INFO Epoch 93/120	Training Loss: 2.0334	Time remaining is 1h:1m
2024-03-19 23:01:40 INFO Epoch 94/120	Training Loss: 2.0333	Time remaining is 0h:59m
2024-03-19 23:03:51 INFO Epoch 95/120	Training Loss: 2.0219	Time remaining is 0h:57m
2024-03-19 23:04:41 INFO Testing: dataset_name: market1501 top1:0.9471 top5:0.9813 top10:0.9896 mAP:0.8777
2024-03-19 23:06:51 INFO Epoch 96/120	Training Loss: 2.0225	Time remaining is 0h:55m
2024-03-19 23:09:02 INFO Epoch 97/120	Training Loss: 2.0338	Time remaining is 0h:53m
2024-03-19 23:11:13 INFO Epoch 98/120	Training Loss: 2.0313	Time remaining is 0h:51m
2024-03-19 23:13:24 INFO Epoch 99/120	Training Loss: 2.0320	Time remaining is 0h:48m
2024-03-19 23:15:36 INFO Epoch 100/120	Training Loss: 2.0321	Time remaining is 0h:46m
2024-03-19 23:16:26 INFO Testing: dataset_name: market1501 top1:0.9454 top5:0.9810 top10:0.9893 mAP:0.8775
2024-03-19 23:18:36 INFO Epoch 101/120	Training Loss: 2.0296	Time remaining is 0h:44m
2024-03-19 23:20:47 INFO Epoch 102/120	Training Loss: 2.0212	Time remaining is 0h:42m
2024-03-19 23:22:57 INFO Epoch 103/120	Training Loss: 2.0219	Time remaining is 0h:40m
2024-03-19 23:25:08 INFO Epoch 104/120	Training Loss: 2.0297	Time remaining is 0h:37m
2024-03-19 23:27:18 INFO Epoch 105/120	Training Loss: 2.0232	Time remaining is 0h:35m
2024-03-19 23:28:08 INFO Testing: dataset_name: market1501 top1:0.9454 top5:0.9795 top10:0.9887 mAP:0.8781
2024-03-19 23:30:19 INFO Epoch 106/120	Training Loss: 2.0298	Time remaining is 0h:33m
2024-03-19 23:32:30 INFO Epoch 107/120	Training Loss: 2.0305	Time remaining is 0h:31m
2024-03-19 23:34:41 INFO Epoch 108/120	Training Loss: 2.0295	Time remaining is 0h:29m
2024-03-19 23:36:51 INFO Epoch 109/120	Training Loss: 2.0193	Time remaining is 0h:27m
2024-03-19 23:39:02 INFO Epoch 110/120	Training Loss: 2.0206	Time remaining is 0h:24m
2024-03-19 23:39:52 INFO Testing: dataset_name: market1501 top1:0.9457 top5:0.9807 top10:0.9899 mAP:0.8779
2024-03-19 23:42:02 INFO Epoch 111/120	Training Loss: 2.0194	Time remaining is 0h:22m
2024-03-19 23:44:13 INFO Epoch 112/120	Training Loss: 2.0308	Time remaining is 0h:20m
2024-03-19 23:46:24 INFO Epoch 113/120	Training Loss: 2.0271	Time remaining is 0h:18m
2024-03-19 23:48:35 INFO Epoch 114/120	Training Loss: 2.0290	Time remaining is 0h:16m
2024-03-19 23:50:45 INFO Epoch 115/120	Training Loss: 2.0176	Time remaining is 0h:13m
2024-03-19 23:51:35 INFO Testing: dataset_name: market1501 top1:0.9439 top5:0.9807 top10:0.9890 mAP:0.8768
2024-03-19 23:53:45 INFO Epoch 116/120	Training Loss: 2.0200	Time remaining is 0h:11m
2024-03-19 23:55:56 INFO Epoch 117/120	Training Loss: 2.0288	Time remaining is 0h:9m
2024-03-19 23:58:07 INFO Epoch 118/120	Training Loss: 2.0284	Time remaining is 0h:7m
2024-03-20 00:00:18 INFO Epoch 119/120	Training Loss: 2.0270	Time remaining is 0h:4m
2024-03-20 00:02:29 INFO Epoch 120/120	Training Loss: 2.0365	Time remaining is 0h:2m
2024-03-20 00:03:19 INFO Testing: dataset_name: market1501 top1:0.9457 top5:0.9807 top10:0.9878 mAP:0.8771
2024-03-20 00:03:19 INFO The running time of training: 1.60570e+04 s
