2024-05-28 18:06:53 INFO ##################################################
2024-05-28 18:06:53 INFO Config values: batch_size: 60	current_directory: /home/hy/project/reid_task/ex_main1	dataset_name: market1501	dataset_path: /home/hy/project/data/Market-1501-v15.09.15	device: cuda	dtype: torch.float32	epoch_start_test: 90	epochs: 16000	img_height: 384	img_width: 128	logs_outputs_path: /home/hy/project/reid_task/ex_main1/./outputs/logs	models_outputs_path: /home/hy/project/reid_task/ex_main1/./outputs/models	np: <module 'numpy' from '/home/hy/anaconda3/envs/py396/lib/python3.9/site-packages/numpy/__init__.py'>	os: <module 'os' from '/home/hy/anaconda3/envs/py396/lib/python3.9/os.py'>	outputs_dir: ./outputs/	outputs_path: /home/hy/project/reid_task/ex_main1/./outputs/	print_every: 1	seed: 1	taskname: ReID_Task	temps_outputs_path: /home/hy/project/reid_task/ex_main1/./outputs/temps	test_batch_size: 256	test_every: 5	torch: <module 'torch' from '/home/hy/anaconda3/envs/py396/lib/python3.9/site-packages/torch/__init__.py'>
2024-05-28 18:06:53 INFO Task: ReID_Task
2024-05-28 18:06:53 INFO Using device: cuda
2024-05-28 18:06:53 INFO Using data type: torch.float32
2024-05-28 18:06:53 INFO Number of GPUs: 1
2024-05-28 18:06:53 INFO GPU is_available: True
2024-05-28 18:06:53 INFO GPU name: NVIDIA GeForce RTX 3060
2024-05-28 18:06:53 INFO CUDA version: 12.1
2024-05-28 18:06:53 INFO Current device id: 0
2024-05-28 18:06:53 INFO ##################################################
2024-05-28 18:08:31 INFO Epoch 1/16000	Training Loss: 8.1575	Time remaining is 429h:58m
2024-05-28 18:10:06 INFO Epoch 2/16000	Training Loss: 6.7925	Time remaining is 427h:2m
2024-05-28 18:11:42 INFO Epoch 3/16000	Training Loss: 5.2730	Time remaining is 427h:33m
2024-05-28 18:13:18 INFO Epoch 4/16000	Training Loss: 3.8453	Time remaining is 426h:41m
2024-05-28 18:14:54 INFO Epoch 5/16000	Training Loss: 2.7780	Time remaining is 426h:32m
2024-05-28 18:16:30 INFO Epoch 6/16000	Training Loss: 2.1045	Time remaining is 426h:17m
2024-05-28 18:18:05 INFO Epoch 7/16000	Training Loss: 1.7547	Time remaining is 426h:12m
2024-05-28 18:19:41 INFO Epoch 8/16000	Training Loss: 1.5430	Time remaining is 425h:59m
2024-05-28 18:21:17 INFO Epoch 9/16000	Training Loss: 1.4580	Time remaining is 426h:5m
2024-05-28 18:22:53 INFO Epoch 10/16000	Training Loss: 1.4065	Time remaining is 426h:6m
2024-05-28 18:24:29 INFO Epoch 11/16000	Training Loss: 1.3672	Time remaining is 425h:52m
2024-05-28 18:26:05 INFO Epoch 12/16000	Training Loss: 1.3347	Time remaining is 425h:56m
2024-05-28 18:27:40 INFO Epoch 13/16000	Training Loss: 1.2902	Time remaining is 425h:45m
2024-05-28 18:29:16 INFO Epoch 14/16000	Training Loss: 1.2331	Time remaining is 425h:37m
2024-05-28 18:30:51 INFO Epoch 15/16000	Training Loss: 1.2304	Time remaining is 425h:29m
2024-05-28 18:32:27 INFO Epoch 16/16000	Training Loss: 1.2336	Time remaining is 425h:33m
2024-05-28 18:34:03 INFO Epoch 17/16000	Training Loss: 1.2025	Time remaining is 425h:30m
2024-05-28 18:35:39 INFO Epoch 18/16000	Training Loss: 1.2170	Time remaining is 425h:31m
2024-05-28 18:37:15 INFO Epoch 19/16000	Training Loss: 1.2044	Time remaining is 425h:25m
2024-05-28 18:38:51 INFO Epoch 20/16000	Training Loss: 1.2034	Time remaining is 425h:26m
2024-05-28 18:40:26 INFO Epoch 21/16000	Training Loss: 1.1933	Time remaining is 425h:25m
2024-05-28 18:42:03 INFO Epoch 22/16000	Training Loss: 1.1843	Time remaining is 425h:27m
2024-05-28 18:43:38 INFO Epoch 23/16000	Training Loss: 1.1944	Time remaining is 425h:23m
2024-05-28 18:45:14 INFO Epoch 24/16000	Training Loss: 1.1817	Time remaining is 425h:17m
2024-05-28 18:46:50 INFO Epoch 25/16000	Training Loss: 1.2019	Time remaining is 425h:18m
2024-05-28 18:48:26 INFO Epoch 26/16000	Training Loss: 1.1987	Time remaining is 425h:20m
2024-05-28 18:50:02 INFO Epoch 27/16000	Training Loss: 1.1883	Time remaining is 425h:19m
2024-05-28 18:51:38 INFO Epoch 28/16000	Training Loss: 1.2070	Time remaining is 425h:19m
2024-05-28 18:53:14 INFO Epoch 29/16000	Training Loss: 1.2054	Time remaining is 425h:18m
2024-05-28 18:54:49 INFO Epoch 30/16000	Training Loss: 1.1819	Time remaining is 425h:14m
2024-05-28 18:56:25 INFO Epoch 31/16000	Training Loss: 1.1914	Time remaining is 425h:12m
2024-05-28 18:58:01 INFO Epoch 32/16000	Training Loss: 1.1781	Time remaining is 425h:11m
2024-05-28 18:59:37 INFO Epoch 33/16000	Training Loss: 1.1963	Time remaining is 425h:9m
2024-05-28 19:01:13 INFO Epoch 34/16000	Training Loss: 1.1734	Time remaining is 425h:9m
2024-05-28 19:02:49 INFO Epoch 35/16000	Training Loss: 1.1636	Time remaining is 425h:10m
2024-05-28 19:04:25 INFO Epoch 36/16000	Training Loss: 1.1872	Time remaining is 425h:10m
2024-05-28 19:06:01 INFO Epoch 37/16000	Training Loss: 1.1816	Time remaining is 425h:9m
2024-05-28 19:07:37 INFO Epoch 38/16000	Training Loss: 1.1743	Time remaining is 425h:8m
2024-05-28 19:09:13 INFO Epoch 39/16000	Training Loss: 1.1622	Time remaining is 425h:7m
2024-05-28 19:10:49 INFO Epoch 40/16000	Training Loss: 1.1585	Time remaining is 425h:7m
2024-05-28 19:12:25 INFO Epoch 41/16000	Training Loss: 1.1126	Time remaining is 425h:7m
2024-05-28 19:14:02 INFO Epoch 42/16000	Training Loss: 1.0507	Time remaining is 425h:9m
2024-05-28 19:15:38 INFO Epoch 43/16000	Training Loss: 1.0295	Time remaining is 425h:8m
2024-05-28 19:17:13 INFO Epoch 44/16000	Training Loss: 1.0111	Time remaining is 425h:1m
2024-05-28 19:18:48 INFO Epoch 45/16000	Training Loss: 1.0079	Time remaining is 424h:57m
2024-05-28 19:20:24 INFO Epoch 46/16000	Training Loss: 1.0089	Time remaining is 424h:57m
2024-05-28 19:22:01 INFO Epoch 47/16000	Training Loss: 1.0102	Time remaining is 424h:58m
2024-05-28 19:23:36 INFO Epoch 48/16000	Training Loss: 0.9957	Time remaining is 424h:54m
2024-05-28 19:25:12 INFO Epoch 49/16000	Training Loss: 0.9946	Time remaining is 424h:51m
2024-05-28 19:26:47 INFO Epoch 50/16000	Training Loss: 0.9939	Time remaining is 424h:48m
2024-05-28 19:28:23 INFO Epoch 51/16000	Training Loss: 0.9929	Time remaining is 424h:47m
2024-05-28 19:29:59 INFO Epoch 52/16000	Training Loss: 0.9890	Time remaining is 424h:44m
2024-05-28 19:31:35 INFO Epoch 53/16000	Training Loss: 0.9865	Time remaining is 424h:42m
2024-05-28 19:33:11 INFO Epoch 54/16000	Training Loss: 0.9901	Time remaining is 424h:41m
2024-05-28 19:34:47 INFO Epoch 55/16000	Training Loss: 0.9882	Time remaining is 424h:40m
2024-05-28 19:36:23 INFO Epoch 56/16000	Training Loss: 0.9906	Time remaining is 424h:40m
2024-05-28 19:37:59 INFO Epoch 57/16000	Training Loss: 0.9831	Time remaining is 424h:37m
2024-05-28 19:39:35 INFO Epoch 58/16000	Training Loss: 0.9850	Time remaining is 424h:36m
2024-05-28 19:41:11 INFO Epoch 59/16000	Training Loss: 0.9842	Time remaining is 424h:36m
2024-05-28 19:42:47 INFO Epoch 60/16000	Training Loss: 0.9849	Time remaining is 424h:34m
2024-05-28 19:44:22 INFO Epoch 61/16000	Training Loss: 0.9790	Time remaining is 424h:31m
2024-05-28 19:45:58 INFO Epoch 62/16000	Training Loss: 0.9811	Time remaining is 424h:30m
2024-05-28 19:47:35 INFO Epoch 63/16000	Training Loss: 0.9876	Time remaining is 424h:31m
2024-05-28 19:49:11 INFO Epoch 64/16000	Training Loss: 0.9802	Time remaining is 424h:30m
2024-05-28 19:50:46 INFO Epoch 65/16000	Training Loss: 0.9745	Time remaining is 424h:27m
2024-05-28 19:52:22 INFO Epoch 66/16000	Training Loss: 0.9795	Time remaining is 424h:26m
2024-05-28 19:53:59 INFO Epoch 67/16000	Training Loss: 0.9811	Time remaining is 424h:25m
2024-05-28 19:55:34 INFO Epoch 68/16000	Training Loss: 0.9746	Time remaining is 424h:22m
2024-05-28 19:57:10 INFO Epoch 69/16000	Training Loss: 0.9784	Time remaining is 424h:22m
2024-05-28 19:58:46 INFO Epoch 70/16000	Training Loss: 0.9748	Time remaining is 424h:21m
2024-05-28 20:00:22 INFO Epoch 71/16000	Training Loss: 0.9706	Time remaining is 424h:20m
2024-05-28 20:01:58 INFO Epoch 72/16000	Training Loss: 0.9693	Time remaining is 424h:19m
2024-05-28 20:03:34 INFO Epoch 73/16000	Training Loss: 0.9667	Time remaining is 424h:18m
2024-05-28 20:05:10 INFO Epoch 74/16000	Training Loss: 0.9674	Time remaining is 424h:16m
2024-05-28 20:06:46 INFO Epoch 75/16000	Training Loss: 0.9666	Time remaining is 424h:14m
2024-05-28 20:08:22 INFO Epoch 76/16000	Training Loss: 0.9595	Time remaining is 424h:11m
2024-05-28 20:09:57 INFO Epoch 77/16000	Training Loss: 0.9589	Time remaining is 424h:8m
2024-05-28 20:11:33 INFO Epoch 78/16000	Training Loss: 0.9564	Time remaining is 424h:5m
2024-05-28 20:13:09 INFO Epoch 79/16000	Training Loss: 0.9640	Time remaining is 424h:4m
2024-05-28 20:14:44 INFO Epoch 80/16000	Training Loss: 0.9581	Time remaining is 424h:1m
2024-05-28 20:16:20 INFO Epoch 81/16000	Training Loss: 0.9625	Time remaining is 423h:60m
2024-05-28 20:17:56 INFO Epoch 82/16000	Training Loss: 0.9609	Time remaining is 423h:59m
2024-05-28 20:19:32 INFO Epoch 83/16000	Training Loss: 0.9606	Time remaining is 423h:57m
2024-05-28 20:21:08 INFO Epoch 84/16000	Training Loss: 0.9597	Time remaining is 423h:56m
2024-05-28 20:22:44 INFO Epoch 85/16000	Training Loss: 0.9612	Time remaining is 423h:55m
2024-05-28 20:24:21 INFO Epoch 86/16000	Training Loss: 0.9651	Time remaining is 423h:55m
2024-05-28 20:25:56 INFO Epoch 87/16000	Training Loss: 0.9562	Time remaining is 423h:53m
2024-05-28 20:27:32 INFO Epoch 88/16000	Training Loss: 0.9598	Time remaining is 423h:52m
2024-05-28 20:29:08 INFO Epoch 89/16000	Training Loss: 0.9601	Time remaining is 423h:50m
2024-05-28 20:30:44 INFO Epoch 90/16000	Training Loss: 0.9605	Time remaining is 423h:49m
2024-05-28 20:32:30 INFO Testing: dataset_name: market1501 top1:0.9469 top5:0.9837 top10:0.9908 mAP:0.8703
2024-05-28 20:34:06 INFO Epoch 91/16000	Training Loss: 0.9580	Time remaining is 428h:55m
2024-05-28 20:35:41 INFO Epoch 92/16000	Training Loss: 0.9605	Time remaining is 428h:50m
2024-05-28 20:37:17 INFO Epoch 93/16000	Training Loss: 0.9572	Time remaining is 428h:44m
2024-05-28 20:38:52 INFO Epoch 94/16000	Training Loss: 0.9559	Time remaining is 428h:38m
2024-05-28 20:40:28 INFO Epoch 95/16000	Training Loss: 0.9585	Time remaining is 428h:33m
2024-05-28 20:42:14 INFO Testing: dataset_name: market1501 top1:0.9471 top5:0.9843 top10:0.9911 mAP:0.8713
2024-05-28 20:43:50 INFO Epoch 96/16000	Training Loss: 0.9610	Time remaining is 433h:20m
2024-05-28 20:45:25 INFO Epoch 97/16000	Training Loss: 0.9589	Time remaining is 433h:11m
2024-05-28 20:47:01 INFO Epoch 98/16000	Training Loss: 0.9595	Time remaining is 433h:3m
2024-05-28 20:48:37 INFO Epoch 99/16000	Training Loss: 0.9568	Time remaining is 432h:56m
2024-05-28 20:50:13 INFO Epoch 100/16000	Training Loss: 0.9582	Time remaining is 432h:48m
2024-05-28 20:51:59 INFO Testing: dataset_name: market1501 top1:0.9489 top5:0.9857 top10:0.9905 mAP:0.8725
2024-05-28 20:53:34 INFO Epoch 101/16000	Training Loss: 0.9580	Time remaining is 437h:19m
2024-05-28 20:55:10 INFO Epoch 102/16000	Training Loss: 0.9589	Time remaining is 437h:9m
2024-05-28 20:56:46 INFO Epoch 103/16000	Training Loss: 0.9584	Time remaining is 436h:59m
2024-05-28 20:58:22 INFO Epoch 104/16000	Training Loss: 0.9575	Time remaining is 436h:49m
2024-05-28 20:59:57 INFO Epoch 105/16000	Training Loss: 0.9575	Time remaining is 436h:39m
2024-05-28 21:01:43 INFO Testing: dataset_name: market1501 top1:0.9469 top5:0.9857 top10:0.9902 mAP:0.8734
2024-05-28 21:03:19 INFO Epoch 106/16000	Training Loss: 0.9566	Time remaining is 440h:54m
2024-05-28 21:04:54 INFO Epoch 107/16000	Training Loss: 0.9513	Time remaining is 440h:41m
2024-05-28 21:06:30 INFO Epoch 108/16000	Training Loss: 0.9577	Time remaining is 440h:29m
2024-05-28 21:08:05 INFO Epoch 109/16000	Training Loss: 0.9562	Time remaining is 440h:18m
2024-05-28 21:09:41 INFO Epoch 110/16000	Training Loss: 0.9555	Time remaining is 440h:6m
2024-05-28 21:11:27 INFO Testing: dataset_name: market1501 top1:0.9495 top5:0.9866 top10:0.9911 mAP:0.8746
2024-05-28 21:13:03 INFO Epoch 111/16000	Training Loss: 0.9553	Time remaining is 444h:7m
2024-05-28 21:14:38 INFO Epoch 112/16000	Training Loss: 0.9556	Time remaining is 443h:54m
2024-05-28 21:16:14 INFO Epoch 113/16000	Training Loss: 0.9560	Time remaining is 443h:41m
2024-05-28 21:17:49 INFO Epoch 114/16000	Training Loss: 0.9571	Time remaining is 443h:28m
2024-05-28 21:19:25 INFO Epoch 115/16000	Training Loss: 0.9578	Time remaining is 443h:15m
2024-05-28 21:21:11 INFO Testing: dataset_name: market1501 top1:0.9504 top5:0.9855 top10:0.9911 mAP:0.8745
2024-05-28 21:22:46 INFO Epoch 116/16000	Training Loss: 0.9507	Time remaining is 447h:3m
2024-05-28 21:24:23 INFO Epoch 117/16000	Training Loss: 0.9597	Time remaining is 446h:50m
2024-05-28 21:25:58 INFO Epoch 118/16000	Training Loss: 0.9552	Time remaining is 446h:36m
2024-05-28 21:27:34 INFO Epoch 119/16000	Training Loss: 0.9548	Time remaining is 446h:21m
2024-05-28 21:29:09 INFO Epoch 120/16000	Training Loss: 0.9568	Time remaining is 446h:8m
2024-05-28 21:30:56 INFO Testing: dataset_name: market1501 top1:0.9495 top5:0.9855 top10:0.9914 mAP:0.8748
2024-05-28 21:32:31 INFO Epoch 121/16000	Training Loss: 0.9516	Time remaining is 449h:45m
2024-05-28 21:34:06 INFO Epoch 122/16000	Training Loss: 0.9558	Time remaining is 449h:29m
2024-05-28 21:35:42 INFO Epoch 123/16000	Training Loss: 0.9605	Time remaining is 449h:15m
2024-05-28 21:37:19 INFO Epoch 124/16000	Training Loss: 0.9589	Time remaining is 449h:1m
2024-05-28 21:38:54 INFO Epoch 125/16000	Training Loss: 0.9551	Time remaining is 448h:47m
2024-05-28 21:40:40 INFO Testing: dataset_name: market1501 top1:0.9474 top5:0.9855 top10:0.9905 mAP:0.8755
2024-05-28 21:42:16 INFO Epoch 126/16000	Training Loss: 0.9529	Time remaining is 452h:14m
2024-05-28 21:43:51 INFO Epoch 127/16000	Training Loss: 0.9547	Time remaining is 451h:58m
2024-05-28 21:45:27 INFO Epoch 128/16000	Training Loss: 0.9540	Time remaining is 451h:42m
2024-05-28 21:47:03 INFO Epoch 129/16000	Training Loss: 0.9546	Time remaining is 451h:27m
2024-05-28 21:48:39 INFO Epoch 130/16000	Training Loss: 0.9545	Time remaining is 451h:12m
2024-05-28 21:50:25 INFO Testing: dataset_name: market1501 top1:0.9477 top5:0.9863 top10:0.9917 mAP:0.8764
2024-05-28 21:52:00 INFO Epoch 131/16000	Training Loss: 0.9535	Time remaining is 454h:31m
2024-05-28 21:53:36 INFO Epoch 132/16000	Training Loss: 0.9540	Time remaining is 454h:14m
2024-05-28 21:55:12 INFO Epoch 133/16000	Training Loss: 0.9576	Time remaining is 453h:59m
2024-05-28 21:56:48 INFO Epoch 134/16000	Training Loss: 0.9533	Time remaining is 453h:43m
2024-05-28 21:58:24 INFO Epoch 135/16000	Training Loss: 0.9543	Time remaining is 453h:27m
2024-05-28 22:00:09 INFO Testing: dataset_name: market1501 top1:0.9504 top5:0.9863 top10:0.9920 mAP:0.8777
2024-05-28 22:01:44 INFO Epoch 136/16000	Training Loss: 0.9494	Time remaining is 456h:35m
2024-05-28 22:03:20 INFO Epoch 137/16000	Training Loss: 0.9534	Time remaining is 456h:18m
2024-05-28 22:04:56 INFO Epoch 138/16000	Training Loss: 0.9524	Time remaining is 456h:2m
2024-05-28 22:06:32 INFO Epoch 139/16000	Training Loss: 0.9535	Time remaining is 455h:45m
2024-05-28 22:08:07 INFO Epoch 140/16000	Training Loss: 0.9529	Time remaining is 455h:29m
2024-05-28 22:09:53 INFO Testing: dataset_name: market1501 top1:0.9495 top5:0.9866 top10:0.9911 mAP:0.8787
2024-05-28 22:11:29 INFO Epoch 141/16000	Training Loss: 0.9565	Time remaining is 458h:32m
2024-05-28 22:13:05 INFO Epoch 142/16000	Training Loss: 0.9510	Time remaining is 458h:15m
2024-05-28 22:14:41 INFO Epoch 143/16000	Training Loss: 0.9509	Time remaining is 457h:58m
2024-05-28 22:16:16 INFO Epoch 144/16000	Training Loss: 0.9524	Time remaining is 457h:41m
2024-05-28 22:17:52 INFO Epoch 145/16000	Training Loss: 0.9533	Time remaining is 457h:24m
2024-05-28 22:19:38 INFO Testing: dataset_name: market1501 top1:0.9489 top5:0.9855 top10:0.9920 mAP:0.8784
2024-05-28 22:21:14 INFO Epoch 146/16000	Training Loss: 0.9518	Time remaining is 460h:19m
2024-05-28 22:22:49 INFO Epoch 147/16000	Training Loss: 0.9529	Time remaining is 460h:2m
2024-05-28 22:24:25 INFO Epoch 148/16000	Training Loss: 0.9515	Time remaining is 459h:44m
2024-05-28 22:26:00 INFO Epoch 149/16000	Training Loss: 0.9484	Time remaining is 459h:26m
2024-05-28 22:27:36 INFO Epoch 150/16000	Training Loss: 0.9521	Time remaining is 459h:9m
2024-05-28 22:29:22 INFO Testing: dataset_name: market1501 top1:0.9492 top5:0.9857 top10:0.9917 mAP:0.8774
2024-05-28 22:30:58 INFO Epoch 151/16000	Training Loss: 0.9519	Time remaining is 461h:58m
2024-05-28 22:32:33 INFO Epoch 152/16000	Training Loss: 0.9518	Time remaining is 461h:40m
2024-05-28 22:34:09 INFO Epoch 153/16000	Training Loss: 0.9517	Time remaining is 461h:22m
2024-05-28 22:35:45 INFO Epoch 154/16000	Training Loss: 0.9509	Time remaining is 461h:5m
2024-05-28 22:37:20 INFO Epoch 155/16000	Training Loss: 0.9521	Time remaining is 460h:48m
2024-05-28 22:39:06 INFO Testing: dataset_name: market1501 top1:0.9510 top5:0.9855 top10:0.9917 mAP:0.8785
2024-05-28 22:40:41 INFO Epoch 156/16000	Training Loss: 0.9454	Time remaining is 463h:29m
2024-05-28 22:42:17 INFO Epoch 157/16000	Training Loss: 0.9509	Time remaining is 463h:11m
2024-05-28 22:43:53 INFO Epoch 158/16000	Training Loss: 0.9508	Time remaining is 462h:53m
2024-05-28 22:45:28 INFO Epoch 159/16000	Training Loss: 0.9496	Time remaining is 462h:36m
2024-05-28 22:47:04 INFO Epoch 160/16000	Training Loss: 0.9501	Time remaining is 462h:19m
2024-05-28 22:48:50 INFO Testing: dataset_name: market1501 top1:0.9522 top5:0.9860 top10:0.9917 mAP:0.8797
2024-05-28 22:50:25 INFO Epoch 161/16000	Training Loss: 0.9398	Time remaining is 464h:54m
2024-05-28 22:52:00 INFO Epoch 162/16000	Training Loss: 0.9505	Time remaining is 464h:35m
2024-05-28 22:53:36 INFO Epoch 163/16000	Training Loss: 0.9494	Time remaining is 464h:18m
2024-05-28 22:55:11 INFO Epoch 164/16000	Training Loss: 0.9451	Time remaining is 463h:59m
2024-05-28 22:56:47 INFO Epoch 165/16000	Training Loss: 0.9493	Time remaining is 463h:41m
2024-05-28 22:58:32 INFO Testing: dataset_name: market1501 top1:0.9504 top5:0.9860 top10:0.9914 mAP:0.8792
2024-05-28 23:00:08 INFO Epoch 166/16000	Training Loss: 0.9511	Time remaining is 466h:12m
2024-05-28 23:01:44 INFO Epoch 167/16000	Training Loss: 0.9534	Time remaining is 465h:55m
2024-05-28 23:03:20 INFO Epoch 168/16000	Training Loss: 0.9499	Time remaining is 465h:37m
2024-05-28 23:04:56 INFO Epoch 169/16000	Training Loss: 0.9494	Time remaining is 465h:20m
2024-05-28 23:06:31 INFO Epoch 170/16000	Training Loss: 0.9494	Time remaining is 465h:2m
2024-05-28 23:08:17 INFO Testing: dataset_name: market1501 top1:0.9516 top5:0.9860 top10:0.9911 mAP:0.8804
2024-05-28 23:09:52 INFO Epoch 171/16000	Training Loss: 0.9450	Time remaining is 467h:27m
2024-05-28 23:11:28 INFO Epoch 172/16000	Training Loss: 0.9481	Time remaining is 467h:10m
2024-05-28 23:13:03 INFO Epoch 173/16000	Training Loss: 0.9455	Time remaining is 466h:51m
2024-05-28 23:14:38 INFO Epoch 174/16000	Training Loss: 0.9444	Time remaining is 466h:32m
2024-05-28 23:16:14 INFO Epoch 175/16000	Training Loss: 0.9481	Time remaining is 466h:14m
2024-05-28 23:18:00 INFO Testing: dataset_name: market1501 top1:0.9498 top5:0.9869 top10:0.9917 mAP:0.8806
2024-05-28 23:19:35 INFO Epoch 176/16000	Training Loss: 0.9449	Time remaining is 468h:35m
2024-05-28 23:21:10 INFO Epoch 177/16000	Training Loss: 0.9502	Time remaining is 468h:16m
2024-05-28 23:22:46 INFO Epoch 178/16000	Training Loss: 0.9491	Time remaining is 467h:59m
2024-05-28 23:24:22 INFO Epoch 179/16000	Training Loss: 0.9487	Time remaining is 467h:41m
2024-05-28 23:25:57 INFO Epoch 180/16000	Training Loss: 0.9433	Time remaining is 467h:23m
2024-05-28 23:27:43 INFO Testing: dataset_name: market1501 top1:0.9516 top5:0.9860 top10:0.9914 mAP:0.8807
2024-05-28 23:29:18 INFO Epoch 181/16000	Training Loss: 0.9439	Time remaining is 469h:39m
2024-05-28 23:30:54 INFO Epoch 182/16000	Training Loss: 0.9483	Time remaining is 469h:21m
2024-05-28 23:32:29 INFO Epoch 183/16000	Training Loss: 0.9439	Time remaining is 469h:3m
2024-05-28 23:34:04 INFO Epoch 184/16000	Training Loss: 0.9417	Time remaining is 468h:44m
2024-05-28 23:35:40 INFO Epoch 185/16000	Training Loss: 0.9477	Time remaining is 468h:27m
2024-05-28 23:37:26 INFO Testing: dataset_name: market1501 top1:0.9510 top5:0.9857 top10:0.9914 mAP:0.8809
2024-05-28 23:39:01 INFO Epoch 186/16000	Training Loss: 0.9420	Time remaining is 470h:39m
2024-05-28 23:40:36 INFO Epoch 187/16000	Training Loss: 0.9421	Time remaining is 470h:21m
2024-05-28 23:42:11 INFO Epoch 188/16000	Training Loss: 0.9428	Time remaining is 470h:2m
2024-05-28 23:43:46 INFO Epoch 189/16000	Training Loss: 0.9449	Time remaining is 469h:44m
2024-05-28 23:45:22 INFO Epoch 190/16000	Training Loss: 0.9479	Time remaining is 469h:26m
2024-05-28 23:47:08 INFO Testing: dataset_name: market1501 top1:0.9507 top5:0.9866 top10:0.9923 mAP:0.8804
2024-05-28 23:48:43 INFO Epoch 191/16000	Training Loss: 0.9433	Time remaining is 471h:34m
2024-05-28 23:50:18 INFO Epoch 192/16000	Training Loss: 0.9411	Time remaining is 471h:16m
2024-05-28 23:51:54 INFO Epoch 193/16000	Training Loss: 0.9468	Time remaining is 470h:58m
2024-05-28 23:53:30 INFO Epoch 194/16000	Training Loss: 0.9481	Time remaining is 470h:40m
2024-05-28 23:55:05 INFO Epoch 195/16000	Training Loss: 0.9477	Time remaining is 470h:23m
2024-05-28 23:56:51 INFO Testing: dataset_name: market1501 top1:0.9519 top5:0.9857 top10:0.9923 mAP:0.8813
2024-05-28 23:58:26 INFO Epoch 196/16000	Training Loss: 0.9458	Time remaining is 472h:27m
2024-05-29 00:00:02 INFO Epoch 197/16000	Training Loss: 0.9459	Time remaining is 472h:9m
2024-05-29 00:01:38 INFO Epoch 198/16000	Training Loss: 0.9504	Time remaining is 471h:52m
2024-05-29 00:03:14 INFO Epoch 199/16000	Training Loss: 0.9460	Time remaining is 471h:35m
2024-05-29 00:04:49 INFO Epoch 200/16000	Training Loss: 0.9454	Time remaining is 471h:17m
2024-05-29 00:06:35 INFO Testing: dataset_name: market1501 top1:0.9537 top5:0.9869 top10:0.9920 mAP:0.8819
2024-05-29 00:08:10 INFO Epoch 201/16000	Training Loss: 0.9458	Time remaining is 473h:19m
2024-05-29 00:09:46 INFO Epoch 202/16000	Training Loss: 0.9462	Time remaining is 473h:1m
2024-05-29 00:11:21 INFO Epoch 203/16000	Training Loss: 0.9414	Time remaining is 472h:42m
2024-05-29 00:12:56 INFO Epoch 204/16000	Training Loss: 0.9409	Time remaining is 472h:24m
2024-05-29 00:14:32 INFO Epoch 205/16000	Training Loss: 0.9465	Time remaining is 472h:7m
2024-05-29 00:16:17 INFO Testing: dataset_name: market1501 top1:0.9519 top5:0.9855 top10:0.9923 mAP:0.8821
2024-05-29 00:17:53 INFO Epoch 206/16000	Training Loss: 0.9446	Time remaining is 474h:5m
2024-05-29 00:19:29 INFO Epoch 207/16000	Training Loss: 0.9448	Time remaining is 473h:47m
2024-05-29 00:21:04 INFO Epoch 208/16000	Training Loss: 0.9454	Time remaining is 473h:30m
2024-05-29 00:22:40 INFO Epoch 209/16000	Training Loss: 0.9445	Time remaining is 473h:13m
2024-05-29 00:24:15 INFO Epoch 210/16000	Training Loss: 0.9451	Time remaining is 472h:56m
2024-05-29 00:26:01 INFO Testing: dataset_name: market1501 top1:0.9534 top5:0.9863 top10:0.9923 mAP:0.8812
2024-05-29 00:27:37 INFO Epoch 211/16000	Training Loss: 0.9462	Time remaining is 474h:50m
2024-05-29 00:29:12 INFO Epoch 212/16000	Training Loss: 0.9453	Time remaining is 474h:33m
2024-05-29 00:30:48 INFO Epoch 213/16000	Training Loss: 0.9441	Time remaining is 474h:16m
2024-05-29 00:32:24 INFO Epoch 214/16000	Training Loss: 0.9452	Time remaining is 473h:59m
2024-05-29 00:34:00 INFO Epoch 215/16000	Training Loss: 0.9440	Time remaining is 473h:42m
2024-05-29 00:35:45 INFO Testing: dataset_name: market1501 top1:0.9540 top5:0.9869 top10:0.9920 mAP:0.8828
2024-05-29 00:37:21 INFO Epoch 216/16000	Training Loss: 0.9389	Time remaining is 475h:33m
2024-05-29 00:38:56 INFO Epoch 217/16000	Training Loss: 0.9397	Time remaining is 475h:15m
2024-05-29 00:40:31 INFO Epoch 218/16000	Training Loss: 0.9402	Time remaining is 474h:57m
2024-05-29 00:42:07 INFO Epoch 219/16000	Training Loss: 0.9451	Time remaining is 474h:40m
2024-05-29 00:43:42 INFO Epoch 220/16000	Training Loss: 0.9395	Time remaining is 474h:23m
2024-05-29 00:45:28 INFO Testing: dataset_name: market1501 top1:0.9534 top5:0.9857 top10:0.9917 mAP:0.8834
2024-05-29 00:47:03 INFO Epoch 221/16000	Training Loss: 0.9387	Time remaining is 476h:12m
2024-05-29 00:48:38 INFO Epoch 222/16000	Training Loss: 0.9439	Time remaining is 475h:55m
2024-05-29 00:50:14 INFO Epoch 223/16000	Training Loss: 0.9439	Time remaining is 475h:37m
2024-05-29 00:51:50 INFO Epoch 224/16000	Training Loss: 0.9436	Time remaining is 475h:21m
2024-05-29 00:53:26 INFO Epoch 225/16000	Training Loss: 0.9445	Time remaining is 475h:4m
2024-05-29 00:55:12 INFO Testing: dataset_name: market1501 top1:0.9519 top5:0.9852 top10:0.9917 mAP:0.8821
2024-05-29 00:56:48 INFO Epoch 226/16000	Training Loss: 0.9437	Time remaining is 476h:52m
2024-05-29 00:58:23 INFO Epoch 227/16000	Training Loss: 0.9385	Time remaining is 476h:34m
2024-05-29 00:59:58 INFO Epoch 228/16000	Training Loss: 0.9380	Time remaining is 476h:16m
2024-05-29 01:01:33 INFO Epoch 229/16000	Training Loss: 0.9380	Time remaining is 475h:59m
2024-05-29 01:03:09 INFO Epoch 230/16000	Training Loss: 0.9369	Time remaining is 475h:42m
2024-05-29 01:04:54 INFO Testing: dataset_name: market1501 top1:0.9537 top5:0.9855 top10:0.9914 mAP:0.8827
2024-05-29 01:06:30 INFO Epoch 231/16000	Training Loss: 0.9439	Time remaining is 477h:26m
2024-05-29 01:08:06 INFO Epoch 232/16000	Training Loss: 0.9436	Time remaining is 477h:9m
2024-05-29 01:09:41 INFO Epoch 233/16000	Training Loss: 0.9374	Time remaining is 476h:52m
2024-05-29 01:11:16 INFO Epoch 234/16000	Training Loss: 0.9387	Time remaining is 476h:34m
2024-05-29 01:12:51 INFO Epoch 235/16000	Training Loss: 0.9379	Time remaining is 476h:17m
2024-05-29 01:14:37 INFO Testing: dataset_name: market1501 top1:0.9516 top5:0.9863 top10:0.9917 mAP:0.8815
2024-05-29 01:16:12 INFO Epoch 236/16000	Training Loss: 0.9384	Time remaining is 477h:58m
2024-05-29 01:17:48 INFO Epoch 237/16000	Training Loss: 0.9412	Time remaining is 477h:42m
2024-05-29 01:19:24 INFO Epoch 238/16000	Training Loss: 0.9429	Time remaining is 477h:25m
2024-05-29 01:21:00 INFO Epoch 239/16000	Training Loss: 0.9420	Time remaining is 477h:9m
2024-05-29 01:22:36 INFO Epoch 240/16000	Training Loss: 0.9425	Time remaining is 476h:53m
2024-05-29 01:24:21 INFO Testing: dataset_name: market1501 top1:0.9531 top5:0.9855 top10:0.9917 mAP:0.8829
2024-05-29 01:25:57 INFO Epoch 241/16000	Training Loss: 0.9419	Time remaining is 478h:31m
2024-05-29 01:27:32 INFO Epoch 242/16000	Training Loss: 0.9427	Time remaining is 478h:15m
2024-05-29 01:29:08 INFO Epoch 243/16000	Training Loss: 0.9375	Time remaining is 477h:58m
2024-05-29 01:30:43 INFO Epoch 244/16000	Training Loss: 0.9427	Time remaining is 477h:41m
2024-05-29 01:32:19 INFO Epoch 245/16000	Training Loss: 0.9412	Time remaining is 477h:25m
2024-05-29 01:34:05 INFO Testing: dataset_name: market1501 top1:0.9537 top5:0.9852 top10:0.9911 mAP:0.8820
2024-05-29 01:35:40 INFO Epoch 246/16000	Training Loss: 0.9415	Time remaining is 479h:2m
2024-05-29 01:37:16 INFO Epoch 247/16000	Training Loss: 0.9416	Time remaining is 478h:45m
2024-05-29 01:38:52 INFO Epoch 248/16000	Training Loss: 0.9403	Time remaining is 478h:29m
2024-05-29 01:40:27 INFO Epoch 249/16000	Training Loss: 0.9414	Time remaining is 478h:13m
2024-05-29 01:42:04 INFO Epoch 250/16000	Training Loss: 0.9460	Time remaining is 477h:57m
2024-05-29 01:43:49 INFO Testing: dataset_name: market1501 top1:0.9540 top5:0.9860 top10:0.9923 mAP:0.8825
2024-05-29 01:45:24 INFO Epoch 251/16000	Training Loss: 0.9367	Time remaining is 479h:31m
2024-05-29 01:47:00 INFO Epoch 252/16000	Training Loss: 0.9398	Time remaining is 479h:15m
2024-05-29 01:48:35 INFO Epoch 253/16000	Training Loss: 0.9360	Time remaining is 478h:58m
2024-05-29 01:50:10 INFO Epoch 254/16000	Training Loss: 0.9370	Time remaining is 478h:41m
2024-05-29 01:51:46 INFO Epoch 255/16000	Training Loss: 0.9396	Time remaining is 478h:25m
2024-05-29 01:53:32 INFO Testing: dataset_name: market1501 top1:0.9546 top5:0.9843 top10:0.9923 mAP:0.8824
2024-05-29 01:55:08 INFO Epoch 256/16000	Training Loss: 0.9404	Time remaining is 479h:58m
2024-05-29 01:56:43 INFO Epoch 257/16000	Training Loss: 0.9367	Time remaining is 479h:42m
2024-05-29 01:58:19 INFO Epoch 258/16000	Training Loss: 0.9455	Time remaining is 479h:26m
2024-05-29 01:59:54 INFO Epoch 259/16000	Training Loss: 0.9356	Time remaining is 479h:9m
2024-05-29 02:01:30 INFO Epoch 260/16000	Training Loss: 0.9393	Time remaining is 478h:53m
2024-05-29 02:03:16 INFO Testing: dataset_name: market1501 top1:0.9540 top5:0.9872 top10:0.9920 mAP:0.8821
2024-05-29 02:04:51 INFO Epoch 261/16000	Training Loss: 0.9355	Time remaining is 480h:24m
2024-05-29 02:06:27 INFO Epoch 262/16000	Training Loss: 0.9396	Time remaining is 480h:8m
2024-05-29 02:08:02 INFO Epoch 263/16000	Training Loss: 0.9391	Time remaining is 479h:51m
2024-05-29 02:09:38 INFO Epoch 264/16000	Training Loss: 0.9408	Time remaining is 479h:36m
2024-05-29 02:11:13 INFO Epoch 265/16000	Training Loss: 0.9358	Time remaining is 479h:20m
2024-05-29 02:12:59 INFO Testing: dataset_name: market1501 top1:0.9534 top5:0.9857 top10:0.9917 mAP:0.8831
2024-05-29 02:14:34 INFO Epoch 266/16000	Training Loss: 0.9346	Time remaining is 480h:48m
2024-05-29 02:16:10 INFO Epoch 267/16000	Training Loss: 0.9402	Time remaining is 480h:32m
2024-05-29 02:17:45 INFO Epoch 268/16000	Training Loss: 0.9395	Time remaining is 480h:16m
2024-05-29 02:19:21 INFO Epoch 269/16000	Training Loss: 0.9405	Time remaining is 480h:0m
2024-05-29 02:20:56 INFO Epoch 270/16000	Training Loss: 0.9352	Time remaining is 479h:44m
2024-05-29 02:22:42 INFO Testing: dataset_name: market1501 top1:0.9555 top5:0.9860 top10:0.9911 mAP:0.8832
2024-05-29 02:24:17 INFO Epoch 271/16000	Training Loss: 0.9408	Time remaining is 481h:11m
2024-05-29 02:25:53 INFO Epoch 272/16000	Training Loss: 0.9406	Time remaining is 480h:55m
2024-05-29 02:27:28 INFO Epoch 273/16000	Training Loss: 0.9355	Time remaining is 480h:39m
2024-05-29 02:29:04 INFO Epoch 274/16000	Training Loss: 0.9389	Time remaining is 480h:23m
2024-05-29 02:30:39 INFO Epoch 275/16000	Training Loss: 0.9340	Time remaining is 480h:7m
2024-05-29 02:32:25 INFO Testing: dataset_name: market1501 top1:0.9537 top5:0.9866 top10:0.9917 mAP:0.8817
2024-05-29 02:34:01 INFO Epoch 276/16000	Training Loss: 0.9390	Time remaining is 481h:33m
2024-05-29 02:35:36 INFO Epoch 277/16000	Training Loss: 0.9342	Time remaining is 481h:16m
2024-05-29 02:37:11 INFO Epoch 278/16000	Training Loss: 0.9347	Time remaining is 481h:0m
2024-05-29 02:38:46 INFO Epoch 279/16000	Training Loss: 0.9394	Time remaining is 480h:45m
2024-05-29 02:40:22 INFO Epoch 280/16000	Training Loss: 0.9399	Time remaining is 480h:30m
2024-05-29 02:42:08 INFO Testing: dataset_name: market1501 top1:0.9537 top5:0.9860 top10:0.9914 mAP:0.8838
2024-05-29 02:43:43 INFO Epoch 281/16000	Training Loss: 0.9331	Time remaining is 481h:52m
2024-05-29 02:45:18 INFO Epoch 282/16000	Training Loss: 0.9345	Time remaining is 481h:36m
2024-05-29 02:46:54 INFO Epoch 283/16000	Training Loss: 0.9384	Time remaining is 481h:21m
2024-05-29 02:48:29 INFO Epoch 284/16000	Training Loss: 0.9385	Time remaining is 481h:6m
2024-05-29 02:50:05 INFO Epoch 285/16000	Training Loss: 0.9391	Time remaining is 480h:50m
2024-05-29 02:51:51 INFO Testing: dataset_name: market1501 top1:0.9513 top5:0.9855 top10:0.9923 mAP:0.8827
2024-05-29 02:53:26 INFO Epoch 286/16000	Training Loss: 0.9383	Time remaining is 482h:12m
2024-05-29 02:55:02 INFO Epoch 287/16000	Training Loss: 0.9387	Time remaining is 481h:56m
2024-05-29 02:56:37 INFO Epoch 288/16000	Training Loss: 0.9371	Time remaining is 481h:41m
2024-05-29 02:58:13 INFO Epoch 289/16000	Training Loss: 0.9336	Time remaining is 481h:26m
2024-05-29 02:59:48 INFO Epoch 290/16000	Training Loss: 0.9365	Time remaining is 481h:11m
2024-05-29 03:01:34 INFO Testing: dataset_name: market1501 top1:0.9534 top5:0.9863 top10:0.9920 mAP:0.8821
2024-05-29 03:03:09 INFO Epoch 291/16000	Training Loss: 0.9327	Time remaining is 482h:30m
2024-05-29 03:04:45 INFO Epoch 292/16000	Training Loss: 0.9374	Time remaining is 482h:15m
2024-05-29 03:06:20 INFO Epoch 293/16000	Training Loss: 0.9327	Time remaining is 481h:60m
2024-05-29 03:07:56 INFO Epoch 294/16000	Training Loss: 0.9376	Time remaining is 481h:45m
2024-05-29 03:09:31 INFO Epoch 295/16000	Training Loss: 0.9377	Time remaining is 481h:30m
2024-05-29 03:11:17 INFO Testing: dataset_name: market1501 top1:0.9549 top5:0.9860 top10:0.9917 mAP:0.8833
2024-05-29 03:12:52 INFO Epoch 296/16000	Training Loss: 0.9376	Time remaining is 482h:48m
2024-05-29 03:14:28 INFO Epoch 297/16000	Training Loss: 0.9373	Time remaining is 482h:33m
2024-05-29 03:16:04 INFO Epoch 298/16000	Training Loss: 0.9369	Time remaining is 482h:18m
2024-05-29 03:17:39 INFO Epoch 299/16000	Training Loss: 0.9333	Time remaining is 482h:3m
2024-05-29 03:19:14 INFO Epoch 300/16000	Training Loss: 0.9327	Time remaining is 481h:48m
2024-05-29 03:21:00 INFO Testing: dataset_name: market1501 top1:0.9534 top5:0.9860 top10:0.9923 mAP:0.8829
2024-05-29 03:22:36 INFO Epoch 301/16000	Training Loss: 0.9371	Time remaining is 483h:5m
2024-05-29 03:24:11 INFO Epoch 302/16000	Training Loss: 0.9376	Time remaining is 482h:50m
2024-05-29 03:25:47 INFO Epoch 303/16000	Training Loss: 0.9375	Time remaining is 482h:35m
2024-05-29 03:27:23 INFO Epoch 304/16000	Training Loss: 0.9362	Time remaining is 482h:20m
2024-05-29 03:28:58 INFO Epoch 305/16000	Training Loss: 0.9367	Time remaining is 482h:6m
2024-05-29 03:30:44 INFO Testing: dataset_name: market1501 top1:0.9528 top5:0.9852 top10:0.9923 mAP:0.8835
2024-05-29 03:32:20 INFO Epoch 306/16000	Training Loss: 0.9366	Time remaining is 483h:21m
2024-05-29 03:33:55 INFO Epoch 307/16000	Training Loss: 0.9320	Time remaining is 483h:6m
2024-05-29 03:35:30 INFO Epoch 308/16000	Training Loss: 0.9306	Time remaining is 482h:51m
2024-05-29 03:37:06 INFO Epoch 309/16000	Training Loss: 0.9362	Time remaining is 482h:37m
2024-05-29 03:38:41 INFO Epoch 310/16000	Training Loss: 0.9367	Time remaining is 482h:22m
2024-05-29 03:40:27 INFO Testing: dataset_name: market1501 top1:0.9531 top5:0.9849 top10:0.9917 mAP:0.8822
2024-05-29 03:42:03 INFO Epoch 311/16000	Training Loss: 0.9359	Time remaining is 483h:36m
2024-05-29 03:43:38 INFO Epoch 312/16000	Training Loss: 0.9317	Time remaining is 483h:21m
2024-05-29 03:45:13 INFO Epoch 313/16000	Training Loss: 0.9308	Time remaining is 483h:6m
2024-05-29 03:46:49 INFO Epoch 314/16000	Training Loss: 0.9407	Time remaining is 482h:52m
2024-05-29 03:48:25 INFO Epoch 315/16000	Training Loss: 0.9362	Time remaining is 482h:38m
2024-05-29 03:50:11 INFO Testing: dataset_name: market1501 top1:0.9519 top5:0.9855 top10:0.9911 mAP:0.8814
2024-05-29 03:51:46 INFO Epoch 316/16000	Training Loss: 0.9308	Time remaining is 483h:50m
2024-05-29 03:53:21 INFO Epoch 317/16000	Training Loss: 0.9367	Time remaining is 483h:36m
2024-05-29 03:54:57 INFO Epoch 318/16000	Training Loss: 0.9313	Time remaining is 483h:21m
2024-05-29 03:56:32 INFO Epoch 319/16000	Training Loss: 0.9361	Time remaining is 483h:7m
2024-05-29 03:58:08 INFO Epoch 320/16000	Training Loss: 0.9361	Time remaining is 482h:53m
2024-05-29 03:59:54 INFO Testing: dataset_name: market1501 top1:0.9534 top5:0.9852 top10:0.9917 mAP:0.8824
2024-05-29 04:01:29 INFO Epoch 321/16000	Training Loss: 0.9353	Time remaining is 484h:4m
2024-05-29 04:03:04 INFO Epoch 322/16000	Training Loss: 0.9303	Time remaining is 483h:49m
2024-05-29 04:04:40 INFO Epoch 323/16000	Training Loss: 0.9358	Time remaining is 483h:35m
2024-05-29 04:06:16 INFO Epoch 324/16000	Training Loss: 0.9340	Time remaining is 483h:21m
2024-05-29 04:07:51 INFO Epoch 325/16000	Training Loss: 0.9309	Time remaining is 483h:6m
2024-05-29 04:09:37 INFO Testing: dataset_name: market1501 top1:0.9522 top5:0.9852 top10:0.9917 mAP:0.8819
2024-05-29 04:11:12 INFO Epoch 326/16000	Training Loss: 0.9361	Time remaining is 484h:17m
2024-05-29 04:12:48 INFO Epoch 327/16000	Training Loss: 0.9350	Time remaining is 484h:2m
2024-05-29 04:14:23 INFO Epoch 328/16000	Training Loss: 0.9347	Time remaining is 483h:48m
2024-05-29 04:15:59 INFO Epoch 329/16000	Training Loss: 0.9343	Time remaining is 483h:34m
2024-05-29 04:17:35 INFO Epoch 330/16000	Training Loss: 0.9348	Time remaining is 483h:20m
2024-05-29 04:19:20 INFO Testing: dataset_name: market1501 top1:0.9540 top5:0.9860 top10:0.9920 mAP:0.8824
2024-05-29 04:20:56 INFO Epoch 331/16000	Training Loss: 0.9298	Time remaining is 484h:29m
2024-05-29 04:22:31 INFO Epoch 332/16000	Training Loss: 0.9298	Time remaining is 484h:14m
2024-05-29 04:24:07 INFO Epoch 333/16000	Training Loss: 0.9336	Time remaining is 484h:0m
2024-05-29 04:25:42 INFO Epoch 334/16000	Training Loss: 0.9346	Time remaining is 483h:47m
2024-05-29 04:27:18 INFO Epoch 335/16000	Training Loss: 0.9400	Time remaining is 483h:33m
2024-05-29 04:29:04 INFO Testing: dataset_name: market1501 top1:0.9552 top5:0.9857 top10:0.9926 mAP:0.8831
2024-05-29 04:30:40 INFO Epoch 336/16000	Training Loss: 0.9355	Time remaining is 484h:41m
2024-05-29 04:32:16 INFO Epoch 337/16000	Training Loss: 0.9388	Time remaining is 484h:28m
2024-05-29 04:33:51 INFO Epoch 338/16000	Training Loss: 0.9298	Time remaining is 484h:13m
2024-05-29 04:35:27 INFO Epoch 339/16000	Training Loss: 0.9331	Time remaining is 483h:59m
2024-05-29 04:37:02 INFO Epoch 340/16000	Training Loss: 0.9345	Time remaining is 483h:45m
2024-05-29 04:38:48 INFO Testing: dataset_name: market1501 top1:0.9519 top5:0.9846 top10:0.9917 mAP:0.8812
2024-05-29 04:40:24 INFO Epoch 341/16000	Training Loss: 0.9394	Time remaining is 484h:53m
2024-05-29 04:42:00 INFO Epoch 342/16000	Training Loss: 0.9331	Time remaining is 484h:39m
2024-05-29 04:43:36 INFO Epoch 343/16000	Training Loss: 0.9337	Time remaining is 484h:25m
2024-05-29 04:45:11 INFO Epoch 344/16000	Training Loss: 0.9343	Time remaining is 484h:11m
2024-05-29 04:46:47 INFO Epoch 345/16000	Training Loss: 0.9352	Time remaining is 483h:58m
2024-05-29 04:48:32 INFO Testing: dataset_name: market1501 top1:0.9546 top5:0.9860 top10:0.9917 mAP:0.8827
2024-05-29 04:50:07 INFO Epoch 346/16000	Training Loss: 0.9293	Time remaining is 485h:3m
2024-05-29 04:51:43 INFO Epoch 347/16000	Training Loss: 0.9331	Time remaining is 484h:49m
2024-05-29 04:53:19 INFO Epoch 348/16000	Training Loss: 0.9360	Time remaining is 484h:36m
2024-05-29 04:54:54 INFO Epoch 349/16000	Training Loss: 0.9288	Time remaining is 484h:22m
2024-05-29 04:56:30 INFO Epoch 350/16000	Training Loss: 0.9331	Time remaining is 484h:8m
2024-05-29 04:58:15 INFO Testing: dataset_name: market1501 top1:0.9546 top5:0.9857 top10:0.9917 mAP:0.8821
2024-05-29 04:59:51 INFO Epoch 351/16000	Training Loss: 0.9329	Time remaining is 485h:13m
2024-05-29 05:01:26 INFO Epoch 352/16000	Training Loss: 0.9333	Time remaining is 484h:59m
2024-05-29 05:03:02 INFO Epoch 353/16000	Training Loss: 0.9287	Time remaining is 484h:45m
2024-05-29 05:04:37 INFO Epoch 354/16000	Training Loss: 0.9324	Time remaining is 484h:32m
2024-05-29 05:06:13 INFO Epoch 355/16000	Training Loss: 0.9331	Time remaining is 484h:18m
2024-05-29 05:07:59 INFO Testing: dataset_name: market1501 top1:0.9522 top5:0.9860 top10:0.9920 mAP:0.8823
2024-05-29 05:09:34 INFO Epoch 356/16000	Training Loss: 0.9326	Time remaining is 485h:22m
2024-05-29 05:11:09 INFO Epoch 357/16000	Training Loss: 0.9286	Time remaining is 485h:8m
2024-05-29 05:12:45 INFO Epoch 358/16000	Training Loss: 0.9324	Time remaining is 484h:55m
2024-05-29 05:14:21 INFO Epoch 359/16000	Training Loss: 0.9321	Time remaining is 484h:41m
2024-05-29 05:15:56 INFO Epoch 360/16000	Training Loss: 0.9327	Time remaining is 484h:28m
2024-05-29 05:17:42 INFO Testing: dataset_name: market1501 top1:0.9519 top5:0.9849 top10:0.9917 mAP:0.8822
2024-05-29 05:19:17 INFO Epoch 361/16000	Training Loss: 0.9334	Time remaining is 485h:31m
2024-05-29 05:20:53 INFO Epoch 362/16000	Training Loss: 0.9316	Time remaining is 485h:17m
2024-05-29 05:22:28 INFO Epoch 363/16000	Training Loss: 0.9276	Time remaining is 485h:3m
2024-05-29 05:24:03 INFO Epoch 364/16000	Training Loss: 0.9315	Time remaining is 484h:50m
2024-05-29 05:25:39 INFO Epoch 365/16000	Training Loss: 0.9376	Time remaining is 484h:37m
2024-05-29 05:27:25 INFO Testing: dataset_name: market1501 top1:0.9534 top5:0.9846 top10:0.9923 mAP:0.8813
2024-05-29 05:29:00 INFO Epoch 366/16000	Training Loss: 0.9281	Time remaining is 485h:38m
2024-05-29 05:30:36 INFO Epoch 367/16000	Training Loss: 0.9318	Time remaining is 485h:25m
2024-05-29 05:32:11 INFO Epoch 368/16000	Training Loss: 0.9277	Time remaining is 485h:12m
2024-05-29 05:33:47 INFO Epoch 369/16000	Training Loss: 0.9323	Time remaining is 484h:59m
2024-05-29 05:35:22 INFO Epoch 370/16000	Training Loss: 0.9329	Time remaining is 484h:45m
2024-05-29 05:37:08 INFO Testing: dataset_name: market1501 top1:0.9555 top5:0.9855 top10:0.9923 mAP:0.8810
2024-05-29 05:38:43 INFO Epoch 371/16000	Training Loss: 0.9277	Time remaining is 485h:46m
2024-05-29 05:40:19 INFO Epoch 372/16000	Training Loss: 0.9271	Time remaining is 485h:33m
2024-05-29 05:41:55 INFO Epoch 373/16000	Training Loss: 0.9319	Time remaining is 485h:20m
2024-05-29 05:43:30 INFO Epoch 374/16000	Training Loss: 0.9265	Time remaining is 485h:6m
2024-05-29 05:45:05 INFO Epoch 375/16000	Training Loss: 0.9316	Time remaining is 484h:53m
2024-05-29 05:46:51 INFO Testing: dataset_name: market1501 top1:0.9543 top5:0.9852 top10:0.9920 mAP:0.8815
2024-05-29 05:48:26 INFO Epoch 376/16000	Training Loss: 0.9307	Time remaining is 485h:53m
2024-05-29 05:50:02 INFO Epoch 377/16000	Training Loss: 0.9268	Time remaining is 485h:40m
2024-05-29 05:51:37 INFO Epoch 378/16000	Training Loss: 0.9275	Time remaining is 485h:26m
2024-05-29 05:53:12 INFO Epoch 379/16000	Training Loss: 0.9266	Time remaining is 485h:13m
2024-05-29 05:54:48 INFO Epoch 380/16000	Training Loss: 0.9329	Time remaining is 485h:0m
2024-05-29 05:56:33 INFO Testing: dataset_name: market1501 top1:0.9537 top5:0.9846 top10:0.9917 mAP:0.8811
2024-05-29 05:58:09 INFO Epoch 381/16000	Training Loss: 0.9319	Time remaining is 485h:60m
2024-05-29 05:59:45 INFO Epoch 382/16000	Training Loss: 0.9320	Time remaining is 485h:47m
2024-05-29 06:01:21 INFO Epoch 383/16000	Training Loss: 0.9313	Time remaining is 485h:34m
2024-05-29 06:02:56 INFO Epoch 384/16000	Training Loss: 0.9318	Time remaining is 485h:21m
2024-05-29 06:04:32 INFO Epoch 385/16000	Training Loss: 0.9277	Time remaining is 485h:8m
2024-05-29 06:06:18 INFO Testing: dataset_name: market1501 top1:0.9525 top5:0.9855 top10:0.9917 mAP:0.8823
2024-05-29 06:07:54 INFO Epoch 386/16000	Training Loss: 0.9365	Time remaining is 486h:7m
2024-05-29 06:09:30 INFO Epoch 387/16000	Training Loss: 0.9268	Time remaining is 485h:54m
2024-05-29 06:11:06 INFO Epoch 388/16000	Training Loss: 0.9352	Time remaining is 485h:42m
2024-05-29 06:12:42 INFO Epoch 389/16000	Training Loss: 0.9321	Time remaining is 485h:29m
2024-05-29 06:14:17 INFO Epoch 390/16000	Training Loss: 0.9261	Time remaining is 485h:16m
2024-05-29 06:16:06 INFO Testing: dataset_name: market1501 top1:0.9504 top5:0.9840 top10:0.9914 mAP:0.8794
2024-05-29 06:17:45 INFO Epoch 391/16000	Training Loss: 0.9307	Time remaining is 486h:18m
2024-05-29 06:19:21 INFO Epoch 392/16000	Training Loss: 0.9261	Time remaining is 486h:5m
2024-05-29 06:20:56 INFO Epoch 393/16000	Training Loss: 0.9268	Time remaining is 485h:52m
2024-05-29 06:22:32 INFO Epoch 394/16000	Training Loss: 0.9307	Time remaining is 485h:40m
2024-05-29 06:24:07 INFO Epoch 395/16000	Training Loss: 0.9260	Time remaining is 485h:27m
2024-05-29 06:25:53 INFO Testing: dataset_name: market1501 top1:0.9552 top5:0.9834 top10:0.9923 mAP:0.8806
2024-05-29 06:27:28 INFO Epoch 396/16000	Training Loss: 0.9259	Time remaining is 486h:23m
2024-05-29 06:29:03 INFO Epoch 397/16000	Training Loss: 0.9264	Time remaining is 486h:10m
2024-05-29 06:30:38 INFO Epoch 398/16000	Training Loss: 0.9306	Time remaining is 485h:57m
2024-05-29 06:32:14 INFO Epoch 399/16000	Training Loss: 0.9257	Time remaining is 485h:44m
2024-05-29 06:33:48 INFO Epoch 400/16000	Training Loss: 0.9263	Time remaining is 485h:31m
2024-05-29 06:35:34 INFO Testing: dataset_name: market1501 top1:0.9531 top5:0.9857 top10:0.9914 mAP:0.8811
2024-05-29 06:37:10 INFO Epoch 401/16000	Training Loss: 0.9297	Time remaining is 486h:28m
2024-05-29 06:38:46 INFO Epoch 402/16000	Training Loss: 0.9301	Time remaining is 486h:15m
2024-05-29 06:40:21 INFO Epoch 403/16000	Training Loss: 0.9241	Time remaining is 486h:2m
2024-05-29 06:41:57 INFO Epoch 404/16000	Training Loss: 0.9308	Time remaining is 485h:50m
2024-05-29 06:43:32 INFO Epoch 405/16000	Training Loss: 0.9303	Time remaining is 485h:37m
2024-05-29 06:45:18 INFO Testing: dataset_name: market1501 top1:0.9525 top5:0.9849 top10:0.9923 mAP:0.8809
2024-05-29 06:46:53 INFO Epoch 406/16000	Training Loss: 0.9309	Time remaining is 486h:32m
2024-05-29 06:48:29 INFO Epoch 407/16000	Training Loss: 0.9306	Time remaining is 486h:20m
2024-05-29 06:50:05 INFO Epoch 408/16000	Training Loss: 0.9302	Time remaining is 486h:7m
2024-05-29 06:51:40 INFO Epoch 409/16000	Training Loss: 0.9306	Time remaining is 485h:55m
2024-05-29 06:53:16 INFO Epoch 410/16000	Training Loss: 0.9305	Time remaining is 485h:42m
2024-05-29 06:55:01 INFO Testing: dataset_name: market1501 top1:0.9549 top5:0.9843 top10:0.9905 mAP:0.8807
2024-05-29 06:56:36 INFO Epoch 411/16000	Training Loss: 0.9256	Time remaining is 486h:36m
2024-05-29 06:58:12 INFO Epoch 412/16000	Training Loss: 0.9287	Time remaining is 486h:24m
2024-05-29 06:59:47 INFO Epoch 413/16000	Training Loss: 0.9247	Time remaining is 486h:11m
2024-05-29 07:01:23 INFO Epoch 414/16000	Training Loss: 0.9306	Time remaining is 485h:59m
2024-05-29 07:02:59 INFO Epoch 415/16000	Training Loss: 0.9283	Time remaining is 485h:47m
2024-05-29 07:04:45 INFO Testing: dataset_name: market1501 top1:0.9531 top5:0.9843 top10:0.9905 mAP:0.8801
2024-05-29 07:06:20 INFO Epoch 416/16000	Training Loss: 0.9250	Time remaining is 486h:41m
2024-05-29 07:07:55 INFO Epoch 417/16000	Training Loss: 0.9300	Time remaining is 486h:28m
2024-05-29 07:09:31 INFO Epoch 418/16000	Training Loss: 0.9294	Time remaining is 486h:16m
2024-05-29 07:11:07 INFO Epoch 419/16000	Training Loss: 0.9293	Time remaining is 486h:4m
2024-05-29 07:12:43 INFO Epoch 420/16000	Training Loss: 0.9302	Time remaining is 485h:52m
2024-05-29 07:14:28 INFO Testing: dataset_name: market1501 top1:0.9546 top5:0.9843 top10:0.9908 mAP:0.8804
2024-05-29 07:16:04 INFO Epoch 421/16000	Training Loss: 0.9299	Time remaining is 486h:45m
2024-05-29 07:17:40 INFO Epoch 422/16000	Training Loss: 0.9288	Time remaining is 486h:33m
2024-05-29 07:19:15 INFO Epoch 423/16000	Training Loss: 0.9250	Time remaining is 486h:20m
2024-05-29 07:20:50 INFO Epoch 424/16000	Training Loss: 0.9248	Time remaining is 486h:8m
2024-05-29 07:22:26 INFO Epoch 425/16000	Training Loss: 0.9286	Time remaining is 485h:56m
2024-05-29 07:24:12 INFO Testing: dataset_name: market1501 top1:0.9540 top5:0.9846 top10:0.9920 mAP:0.8810
2024-05-29 07:25:47 INFO Epoch 426/16000	Training Loss: 0.9245	Time remaining is 486h:48m
2024-05-29 07:27:22 INFO Epoch 427/16000	Training Loss: 0.9295	Time remaining is 486h:36m
2024-05-29 07:28:58 INFO Epoch 428/16000	Training Loss: 0.9287	Time remaining is 486h:24m
2024-05-29 07:30:34 INFO Epoch 429/16000	Training Loss: 0.9291	Time remaining is 486h:12m
2024-05-29 07:32:09 INFO Epoch 430/16000	Training Loss: 0.9295	Time remaining is 485h:60m
2024-05-29 07:33:55 INFO Testing: dataset_name: market1501 top1:0.9513 top5:0.9852 top10:0.9920 mAP:0.8790
2024-05-29 07:35:31 INFO Epoch 431/16000	Training Loss: 0.9288	Time remaining is 486h:51m
2024-05-29 07:37:06 INFO Epoch 432/16000	Training Loss: 0.9283	Time remaining is 486h:39m
2024-05-29 07:38:41 INFO Epoch 433/16000	Training Loss: 0.9243	Time remaining is 486h:27m
2024-05-29 07:40:17 INFO Epoch 434/16000	Training Loss: 0.9296	Time remaining is 486h:15m
2024-05-29 07:41:53 INFO Epoch 435/16000	Training Loss: 0.9287	Time remaining is 486h:3m
2024-05-29 07:43:38 INFO Testing: dataset_name: market1501 top1:0.9543 top5:0.9857 top10:0.9917 mAP:0.8809
2024-05-29 07:45:14 INFO Epoch 436/16000	Training Loss: 0.9294	Time remaining is 486h:54m
2024-05-29 07:46:50 INFO Epoch 437/16000	Training Loss: 0.9289	Time remaining is 486h:42m
2024-05-29 07:48:25 INFO Epoch 438/16000	Training Loss: 0.9240	Time remaining is 486h:30m
2024-05-29 07:50:01 INFO Epoch 439/16000	Training Loss: 0.9278	Time remaining is 486h:18m
2024-05-29 07:51:37 INFO Epoch 440/16000	Training Loss: 0.9284	Time remaining is 486h:7m
2024-05-29 07:53:22 INFO Testing: dataset_name: market1501 top1:0.9528 top5:0.9849 top10:0.9929 mAP:0.8807
2024-05-29 07:54:58 INFO Epoch 441/16000	Training Loss: 0.9293	Time remaining is 486h:57m
2024-05-29 07:56:34 INFO Epoch 442/16000	Training Loss: 0.9277	Time remaining is 486h:45m
2024-05-29 07:58:10 INFO Epoch 443/16000	Training Loss: 0.9277	Time remaining is 486h:34m
2024-05-29 07:59:45 INFO Epoch 444/16000	Training Loss: 0.9235	Time remaining is 486h:22m
2024-05-29 08:01:21 INFO Epoch 445/16000	Training Loss: 0.9275	Time remaining is 486h:10m
2024-05-29 08:03:07 INFO Testing: dataset_name: market1501 top1:0.9504 top5:0.9840 top10:0.9920 mAP:0.8791
2024-05-29 08:04:43 INFO Epoch 446/16000	Training Loss: 0.9284	Time remaining is 487h:0m
2024-05-29 08:06:18 INFO Epoch 447/16000	Training Loss: 0.9235	Time remaining is 486h:48m
2024-05-29 08:07:53 INFO Epoch 448/16000	Training Loss: 0.9230	Time remaining is 486h:36m
2024-05-29 08:09:29 INFO Epoch 449/16000	Training Loss: 0.9288	Time remaining is 486h:24m
2024-05-29 08:11:04 INFO Epoch 450/16000	Training Loss: 0.9280	Time remaining is 486h:13m
2024-05-29 08:12:50 INFO Testing: dataset_name: market1501 top1:0.9525 top5:0.9831 top10:0.9911 mAP:0.8786
2024-05-29 08:14:26 INFO Epoch 451/16000	Training Loss: 0.9281	Time remaining is 487h:2m
2024-05-29 08:16:01 INFO Epoch 452/16000	Training Loss: 0.9273	Time remaining is 486h:50m
2024-05-29 08:17:37 INFO Epoch 453/16000	Training Loss: 0.9279	Time remaining is 486h:39m
2024-05-29 08:19:12 INFO Epoch 454/16000	Training Loss: 0.9224	Time remaining is 486h:27m
2024-05-29 08:20:48 INFO Epoch 455/16000	Training Loss: 0.9226	Time remaining is 486h:15m
2024-05-29 08:22:33 INFO Testing: dataset_name: market1501 top1:0.9516 top5:0.9834 top10:0.9905 mAP:0.8786
2024-05-29 08:24:09 INFO Epoch 456/16000	Training Loss: 0.9274	Time remaining is 487h:4m
2024-05-29 08:25:45 INFO Epoch 457/16000	Training Loss: 0.9282	Time remaining is 486h:52m
2024-05-29 08:27:20 INFO Epoch 458/16000	Training Loss: 0.9276	Time remaining is 486h:40m
2024-05-29 08:28:55 INFO Epoch 459/16000	Training Loss: 0.9228	Time remaining is 486h:29m
2024-05-29 08:30:31 INFO Epoch 460/16000	Training Loss: 0.9267	Time remaining is 486h:17m
2024-05-29 08:32:17 INFO Testing: dataset_name: market1501 top1:0.9516 top5:0.9834 top10:0.9911 mAP:0.8772
2024-05-29 08:33:52 INFO Epoch 461/16000	Training Loss: 0.9234	Time remaining is 487h:5m
2024-05-29 08:35:28 INFO Epoch 462/16000	Training Loss: 0.9267	Time remaining is 486h:53m
2024-05-29 08:37:03 INFO Epoch 463/16000	Training Loss: 0.9284	Time remaining is 486h:42m
2024-05-29 08:38:39 INFO Epoch 464/16000	Training Loss: 0.9272	Time remaining is 486h:31m
2024-05-29 08:40:15 INFO Epoch 465/16000	Training Loss: 0.9228	Time remaining is 486h:19m
2024-05-29 08:42:01 INFO Testing: dataset_name: market1501 top1:0.9501 top5:0.9828 top10:0.9914 mAP:0.8789
2024-05-29 08:43:36 INFO Epoch 466/16000	Training Loss: 0.9278	Time remaining is 487h:7m
2024-05-29 08:45:12 INFO Epoch 467/16000	Training Loss: 0.9266	Time remaining is 486h:55m
2024-05-29 08:46:48 INFO Epoch 468/16000	Training Loss: 0.9317	Time remaining is 486h:44m
2024-05-29 08:48:24 INFO Epoch 469/16000	Training Loss: 0.9267	Time remaining is 486h:33m
2024-05-29 08:50:00 INFO Epoch 470/16000	Training Loss: 0.9279	Time remaining is 486h:22m
2024-05-29 08:51:46 INFO Testing: dataset_name: market1501 top1:0.9525 top5:0.9849 top10:0.9911 mAP:0.8791
2024-05-29 08:53:22 INFO Epoch 471/16000	Training Loss: 0.9273	Time remaining is 487h:9m
2024-05-29 08:54:57 INFO Epoch 472/16000	Training Loss: 0.9219	Time remaining is 486h:57m
2024-05-29 08:56:33 INFO Epoch 473/16000	Training Loss: 0.9326	Time remaining is 486h:46m
2024-05-29 08:58:09 INFO Epoch 474/16000	Training Loss: 0.9282	Time remaining is 486h:35m
2024-05-29 08:59:44 INFO Epoch 475/16000	Training Loss: 0.9224	Time remaining is 486h:24m
2024-05-29 09:01:30 INFO Testing: dataset_name: market1501 top1:0.9504 top5:0.9837 top10:0.9920 mAP:0.8779
2024-05-29 09:03:05 INFO Epoch 476/16000	Training Loss: 0.9261	Time remaining is 487h:10m
2024-05-29 09:04:41 INFO Epoch 477/16000	Training Loss: 0.9229	Time remaining is 486h:58m
2024-05-29 09:06:16 INFO Epoch 478/16000	Training Loss: 0.9271	Time remaining is 486h:47m
2024-05-29 09:07:51 INFO Epoch 479/16000	Training Loss: 0.9213	Time remaining is 486h:36m
2024-05-29 09:09:27 INFO Epoch 480/16000	Training Loss: 0.9268	Time remaining is 486h:25m
2024-05-29 09:11:15 INFO Testing: dataset_name: market1501 top1:0.9504 top5:0.9840 top10:0.9908 mAP:0.8781
2024-05-29 09:12:50 INFO Epoch 481/16000	Training Loss: 0.9269	Time remaining is 487h:11m
2024-05-29 09:14:26 INFO Epoch 482/16000	Training Loss: 0.9217	Time remaining is 486h:60m
2024-05-29 09:16:01 INFO Epoch 483/16000	Training Loss: 0.9270	Time remaining is 486h:49m
2024-05-29 09:17:37 INFO Epoch 484/16000	Training Loss: 0.9312	Time remaining is 486h:38m
2024-05-29 09:19:13 INFO Epoch 485/16000	Training Loss: 0.9263	Time remaining is 486h:27m
2024-05-29 09:20:59 INFO Testing: dataset_name: market1501 top1:0.9504 top5:0.9837 top10:0.9911 mAP:0.8758
2024-05-29 09:22:35 INFO Epoch 486/16000	Training Loss: 0.9260	Time remaining is 487h:12m
2024-05-29 09:24:11 INFO Epoch 487/16000	Training Loss: 0.9304	Time remaining is 487h:1m
2024-05-29 09:25:46 INFO Epoch 488/16000	Training Loss: 0.9212	Time remaining is 486h:50m
2024-05-29 09:27:22 INFO Epoch 489/16000	Training Loss: 0.9266	Time remaining is 486h:39m
2024-05-29 09:28:58 INFO Epoch 490/16000	Training Loss: 0.9262	Time remaining is 486h:28m
2024-05-29 09:30:44 INFO Testing: dataset_name: market1501 top1:0.9507 top5:0.9834 top10:0.9917 mAP:0.8771
2024-05-29 09:32:19 INFO Epoch 491/16000	Training Loss: 0.9217	Time remaining is 487h:13m
2024-05-29 09:33:55 INFO Epoch 492/16000	Training Loss: 0.9262	Time remaining is 487h:2m
2024-05-29 09:35:31 INFO Epoch 493/16000	Training Loss: 0.9230	Time remaining is 486h:51m
2024-05-29 09:37:06 INFO Epoch 494/16000	Training Loss: 0.9213	Time remaining is 486h:40m
2024-05-29 09:38:42 INFO Epoch 495/16000	Training Loss: 0.9265	Time remaining is 486h:29m
2024-05-29 09:40:28 INFO Testing: dataset_name: market1501 top1:0.9486 top5:0.9831 top10:0.9926 mAP:0.8758
2024-05-29 09:42:04 INFO Epoch 496/16000	Training Loss: 0.9253	Time remaining is 487h:13m
2024-05-29 09:43:40 INFO Epoch 497/16000	Training Loss: 0.9220	Time remaining is 487h:2m
2024-05-29 09:45:16 INFO Epoch 498/16000	Training Loss: 0.9263	Time remaining is 486h:52m
2024-05-29 09:46:51 INFO Epoch 499/16000	Training Loss: 0.9214	Time remaining is 486h:41m
2024-05-29 09:48:27 INFO Epoch 500/16000	Training Loss: 0.9260	Time remaining is 486h:30m
2024-05-29 09:50:13 INFO Testing: dataset_name: market1501 top1:0.9504 top5:0.9828 top10:0.9920 mAP:0.8790
2024-05-29 09:51:49 INFO Epoch 501/16000	Training Loss: 0.9258	Time remaining is 487h:14m
2024-05-29 09:53:25 INFO Epoch 502/16000	Training Loss: 0.9256	Time remaining is 487h:3m
2024-05-29 09:55:00 INFO Epoch 503/16000	Training Loss: 0.9216	Time remaining is 486h:52m
2024-05-29 09:56:36 INFO Epoch 504/16000	Training Loss: 0.9255	Time remaining is 486h:41m
2024-05-29 09:58:12 INFO Epoch 505/16000	Training Loss: 0.9262	Time remaining is 486h:31m
2024-05-29 09:59:58 INFO Testing: dataset_name: market1501 top1:0.9498 top5:0.9852 top10:0.9917 mAP:0.8771
2024-05-29 10:01:33 INFO Epoch 506/16000	Training Loss: 0.9269	Time remaining is 487h:14m
2024-05-29 10:03:10 INFO Epoch 507/16000	Training Loss: 0.9262	Time remaining is 487h:4m
2024-05-29 10:04:45 INFO Epoch 508/16000	Training Loss: 0.9207	Time remaining is 486h:53m
2024-05-29 10:06:22 INFO Epoch 509/16000	Training Loss: 0.9298	Time remaining is 486h:42m
2024-05-29 10:07:57 INFO Epoch 510/16000	Training Loss: 0.9254	Time remaining is 486h:32m
2024-05-29 10:09:43 INFO Testing: dataset_name: market1501 top1:0.9534 top5:0.9834 top10:0.9914 mAP:0.8765
2024-05-29 10:11:19 INFO Epoch 511/16000	Training Loss: 0.9256	Time remaining is 487h:15m
2024-05-29 10:12:54 INFO Epoch 512/16000	Training Loss: 0.9209	Time remaining is 487h:4m
2024-05-29 10:14:30 INFO Epoch 513/16000	Training Loss: 0.9248	Time remaining is 486h:53m
2024-05-29 10:16:05 INFO Epoch 514/16000	Training Loss: 0.9205	Time remaining is 486h:42m
2024-05-29 10:17:41 INFO Epoch 515/16000	Training Loss: 0.9253	Time remaining is 486h:32m
2024-05-29 10:19:27 INFO Testing: dataset_name: market1501 top1:0.9498 top5:0.9846 top10:0.9914 mAP:0.8767
2024-05-29 10:21:03 INFO Epoch 516/16000	Training Loss: 0.9245	Time remaining is 487h:14m
2024-05-29 10:22:38 INFO Epoch 517/16000	Training Loss: 0.9255	Time remaining is 487h:3m
2024-05-29 10:24:15 INFO Epoch 518/16000	Training Loss: 0.9301	Time remaining is 486h:53m
2024-05-29 10:25:50 INFO Epoch 519/16000	Training Loss: 0.9213	Time remaining is 486h:42m
2024-05-29 10:27:26 INFO Epoch 520/16000	Training Loss: 0.9297	Time remaining is 486h:32m
2024-05-29 10:29:12 INFO Testing: dataset_name: market1501 top1:0.9501 top5:0.9834 top10:0.9917 mAP:0.8754
2024-05-29 10:30:48 INFO Epoch 521/16000	Training Loss: 0.9253	Time remaining is 487h:14m
2024-05-29 10:32:24 INFO Epoch 522/16000	Training Loss: 0.9256	Time remaining is 487h:3m
2024-05-29 10:33:59 INFO Epoch 523/16000	Training Loss: 0.9257	Time remaining is 486h:53m
2024-05-29 10:35:35 INFO Epoch 524/16000	Training Loss: 0.9208	Time remaining is 486h:42m
2024-05-29 10:37:11 INFO Epoch 525/16000	Training Loss: 0.9248	Time remaining is 486h:32m
2024-05-29 10:38:57 INFO Testing: dataset_name: market1501 top1:0.9516 top5:0.9831 top10:0.9914 mAP:0.8763
2024-05-29 10:40:33 INFO Epoch 526/16000	Training Loss: 0.9245	Time remaining is 487h:13m
2024-05-29 10:42:08 INFO Epoch 527/16000	Training Loss: 0.9195	Time remaining is 487h:3m
2024-05-29 10:43:44 INFO Epoch 528/16000	Training Loss: 0.9245	Time remaining is 486h:52m
2024-05-29 10:45:20 INFO Epoch 529/16000	Training Loss: 0.9250	Time remaining is 486h:42m
2024-05-29 10:46:55 INFO Epoch 530/16000	Training Loss: 0.9199	Time remaining is 486h:31m
2024-05-29 10:48:41 INFO Testing: dataset_name: market1501 top1:0.9510 top5:0.9834 top10:0.9908 mAP:0.8759
2024-05-29 10:50:16 INFO Epoch 531/16000	Training Loss: 0.9201	Time remaining is 487h:12m
2024-05-29 10:51:52 INFO Epoch 532/16000	Training Loss: 0.9199	Time remaining is 487h:1m
2024-05-29 10:53:27 INFO Epoch 533/16000	Training Loss: 0.9246	Time remaining is 486h:51m
2024-05-29 10:55:03 INFO Epoch 534/16000	Training Loss: 0.9197	Time remaining is 486h:40m
2024-05-29 10:56:38 INFO Epoch 535/16000	Training Loss: 0.9252	Time remaining is 486h:30m
2024-05-29 10:58:24 INFO Testing: dataset_name: market1501 top1:0.9525 top5:0.9834 top10:0.9905 mAP:0.8770
2024-05-29 11:00:00 INFO Epoch 536/16000	Training Loss: 0.9246	Time remaining is 487h:10m
2024-05-29 11:01:35 INFO Epoch 537/16000	Training Loss: 0.9248	Time remaining is 487h:0m
2024-05-29 11:03:11 INFO Epoch 538/16000	Training Loss: 0.9244	Time remaining is 486h:50m
2024-05-29 11:04:47 INFO Epoch 539/16000	Training Loss: 0.9245	Time remaining is 486h:40m
2024-05-29 11:06:22 INFO Epoch 540/16000	Training Loss: 0.9195	Time remaining is 486h:29m
2024-05-29 11:08:08 INFO Testing: dataset_name: market1501 top1:0.9519 top5:0.9819 top10:0.9914 mAP:0.8764
2024-05-29 11:09:43 INFO Epoch 541/16000	Training Loss: 0.9197	Time remaining is 487h:9m
2024-05-29 11:11:18 INFO Epoch 542/16000	Training Loss: 0.9202	Time remaining is 486h:58m
2024-05-29 11:12:54 INFO Epoch 543/16000	Training Loss: 0.9250	Time remaining is 486h:48m
2024-05-29 11:14:30 INFO Epoch 544/16000	Training Loss: 0.9247	Time remaining is 486h:38m
2024-05-29 11:16:06 INFO Epoch 545/16000	Training Loss: 0.9242	Time remaining is 486h:28m
2024-05-29 11:17:52 INFO Testing: dataset_name: market1501 top1:0.9483 top5:0.9825 top10:0.9896 mAP:0.8741
2024-05-29 11:19:28 INFO Epoch 546/16000	Training Loss: 0.9238	Time remaining is 487h:8m
2024-05-29 11:21:04 INFO Epoch 547/16000	Training Loss: 0.9251	Time remaining is 486h:58m
2024-05-29 11:22:39 INFO Epoch 548/16000	Training Loss: 0.9197	Time remaining is 486h:47m
2024-05-29 11:24:15 INFO Epoch 549/16000	Training Loss: 0.9244	Time remaining is 486h:37m
2024-05-29 11:25:50 INFO Epoch 550/16000	Training Loss: 0.9198	Time remaining is 486h:27m
2024-05-29 11:27:36 INFO Testing: dataset_name: market1501 top1:0.9498 top5:0.9837 top10:0.9905 mAP:0.8760
2024-05-29 11:29:12 INFO Epoch 551/16000	Training Loss: 0.9243	Time remaining is 487h:6m
2024-05-29 11:30:47 INFO Epoch 552/16000	Training Loss: 0.9191	Time remaining is 486h:56m
2024-05-29 11:32:23 INFO Epoch 553/16000	Training Loss: 0.9237	Time remaining is 486h:45m
2024-05-29 11:33:58 INFO Epoch 554/16000	Training Loss: 0.9233	Time remaining is 486h:35m
2024-05-29 11:35:34 INFO Epoch 555/16000	Training Loss: 0.9240	Time remaining is 486h:25m
2024-05-29 11:37:20 INFO Testing: dataset_name: market1501 top1:0.9528 top5:0.9834 top10:0.9914 mAP:0.8742
2024-05-29 11:38:56 INFO Epoch 556/16000	Training Loss: 0.9277	Time remaining is 487h:4m
2024-05-29 11:40:31 INFO Epoch 557/16000	Training Loss: 0.9192	Time remaining is 486h:54m
2024-05-29 11:42:07 INFO Epoch 558/16000	Training Loss: 0.9241	Time remaining is 486h:44m
2024-05-29 11:43:42 INFO Epoch 559/16000	Training Loss: 0.9192	Time remaining is 486h:33m
2024-05-29 11:45:17 INFO Epoch 560/16000	Training Loss: 0.9202	Time remaining is 486h:23m
2024-05-29 11:47:03 INFO Testing: dataset_name: market1501 top1:0.9528 top5:0.9828 top10:0.9911 mAP:0.8745
2024-05-29 11:48:39 INFO Epoch 561/16000	Training Loss: 0.9241	Time remaining is 487h:2m
2024-05-29 11:50:15 INFO Epoch 562/16000	Training Loss: 0.9237	Time remaining is 486h:52m
2024-05-29 11:51:50 INFO Epoch 563/16000	Training Loss: 0.9242	Time remaining is 486h:42m
2024-05-29 11:53:25 INFO Epoch 564/16000	Training Loss: 0.9192	Time remaining is 486h:31m
2024-05-29 11:55:01 INFO Epoch 565/16000	Training Loss: 0.9235	Time remaining is 486h:21m
2024-05-29 11:56:47 INFO Testing: dataset_name: market1501 top1:0.9516 top5:0.9846 top10:0.9917 mAP:0.8749
2024-05-29 11:58:23 INFO Epoch 566/16000	Training Loss: 0.9188	Time remaining is 486h:60m
2024-05-29 11:59:58 INFO Epoch 567/16000	Training Loss: 0.9192	Time remaining is 486h:49m
2024-05-29 12:01:34 INFO Epoch 568/16000	Training Loss: 0.9238	Time remaining is 486h:40m
2024-05-29 12:03:10 INFO Epoch 569/16000	Training Loss: 0.9240	Time remaining is 486h:30m
2024-05-29 12:04:46 INFO Epoch 570/16000	Training Loss: 0.9234	Time remaining is 486h:20m
2024-05-29 12:06:31 INFO Testing: dataset_name: market1501 top1:0.9519 top5:0.9840 top10:0.9923 mAP:0.8750
2024-05-29 12:08:07 INFO Epoch 571/16000	Training Loss: 0.9238	Time remaining is 486h:58m
2024-05-29 12:09:42 INFO Epoch 572/16000	Training Loss: 0.9194	Time remaining is 486h:47m
2024-05-29 12:11:18 INFO Epoch 573/16000	Training Loss: 0.9232	Time remaining is 486h:38m
2024-05-29 12:12:54 INFO Epoch 574/16000	Training Loss: 0.9182	Time remaining is 486h:28m
2024-05-29 12:14:29 INFO Epoch 575/16000	Training Loss: 0.9230	Time remaining is 486h:18m
2024-05-29 12:16:15 INFO Testing: dataset_name: market1501 top1:0.9522 top5:0.9831 top10:0.9905 mAP:0.8723
2024-05-29 12:17:51 INFO Epoch 576/16000	Training Loss: 0.9234	Time remaining is 486h:55m
2024-05-29 12:19:26 INFO Epoch 577/16000	Training Loss: 0.9186	Time remaining is 486h:45m
2024-05-29 12:21:02 INFO Epoch 578/16000	Training Loss: 0.9244	Time remaining is 486h:35m
2024-05-29 12:22:38 INFO Epoch 579/16000	Training Loss: 0.9241	Time remaining is 486h:25m
2024-05-29 12:24:14 INFO Epoch 580/16000	Training Loss: 0.9234	Time remaining is 486h:16m
2024-05-29 12:25:59 INFO Testing: dataset_name: market1501 top1:0.9501 top5:0.9831 top10:0.9893 mAP:0.8734
2024-05-29 12:27:34 INFO Epoch 581/16000	Training Loss: 0.9183	Time remaining is 486h:52m
2024-05-29 12:29:10 INFO Epoch 582/16000	Training Loss: 0.9231	Time remaining is 486h:43m
2024-05-29 12:30:46 INFO Epoch 583/16000	Training Loss: 0.9237	Time remaining is 486h:33m
2024-05-29 12:32:22 INFO Epoch 584/16000	Training Loss: 0.9238	Time remaining is 486h:23m
2024-05-29 12:33:58 INFO Epoch 585/16000	Training Loss: 0.9229	Time remaining is 486h:14m
2024-05-29 12:35:44 INFO Testing: dataset_name: market1501 top1:0.9492 top5:0.9834 top10:0.9911 mAP:0.8739
2024-05-29 12:37:19 INFO Epoch 586/16000	Training Loss: 0.9169	Time remaining is 486h:50m
2024-05-29 12:38:54 INFO Epoch 587/16000	Training Loss: 0.9176	Time remaining is 486h:40m
2024-05-29 12:40:30 INFO Epoch 588/16000	Training Loss: 0.9224	Time remaining is 486h:30m
2024-05-29 12:42:06 INFO Epoch 589/16000	Training Loss: 0.9182	Time remaining is 486h:21m
2024-05-29 12:43:41 INFO Epoch 590/16000	Training Loss: 0.9183	Time remaining is 486h:11m
2024-05-29 12:45:27 INFO Testing: dataset_name: market1501 top1:0.9492 top5:0.9834 top10:0.9905 mAP:0.8693
2024-05-29 12:47:03 INFO Epoch 591/16000	Training Loss: 0.9228	Time remaining is 486h:47m
2024-05-29 12:48:39 INFO Epoch 592/16000	Training Loss: 0.9227	Time remaining is 486h:38m
2024-05-29 12:50:15 INFO Epoch 593/16000	Training Loss: 0.9229	Time remaining is 486h:28m
2024-05-29 12:51:51 INFO Epoch 594/16000	Training Loss: 0.9277	Time remaining is 486h:19m
2024-05-29 12:53:27 INFO Epoch 595/16000	Training Loss: 0.9228	Time remaining is 486h:9m
2024-05-29 12:55:13 INFO Testing: dataset_name: market1501 top1:0.9504 top5:0.9831 top10:0.9911 mAP:0.8723
2024-05-29 12:56:48 INFO Epoch 596/16000	Training Loss: 0.9188	Time remaining is 486h:45m
2024-05-29 12:58:24 INFO Epoch 597/16000	Training Loss: 0.9231	Time remaining is 486h:35m
2024-05-29 13:00:00 INFO Epoch 598/16000	Training Loss: 0.9228	Time remaining is 486h:26m
2024-05-29 13:01:35 INFO Epoch 599/16000	Training Loss: 0.9184	Time remaining is 486h:16m
2024-05-29 13:03:10 INFO Epoch 600/16000	Training Loss: 0.9185	Time remaining is 486h:6m
2024-05-29 13:04:56 INFO Testing: dataset_name: market1501 top1:0.9516 top5:0.9840 top10:0.9905 mAP:0.8746
2024-05-29 13:06:32 INFO Epoch 601/16000	Training Loss: 0.9194	Time remaining is 486h:42m
2024-05-29 13:08:08 INFO Epoch 602/16000	Training Loss: 0.9223	Time remaining is 486h:32m
2024-05-29 13:09:44 INFO Epoch 603/16000	Training Loss: 0.9226	Time remaining is 486h:23m
2024-05-29 13:11:20 INFO Epoch 604/16000	Training Loss: 0.9224	Time remaining is 486h:14m
2024-05-29 13:12:56 INFO Epoch 605/16000	Training Loss: 0.9237	Time remaining is 486h:4m
2024-05-29 13:14:41 INFO Testing: dataset_name: market1501 top1:0.9483 top5:0.9852 top10:0.9896 mAP:0.8718
2024-05-29 13:16:17 INFO Epoch 606/16000	Training Loss: 0.9218	Time remaining is 486h:39m
2024-05-29 13:17:53 INFO Epoch 607/16000	Training Loss: 0.9230	Time remaining is 486h:30m
2024-05-29 13:19:29 INFO Epoch 608/16000	Training Loss: 0.9223	Time remaining is 486h:20m
2024-05-29 13:21:04 INFO Epoch 609/16000	Training Loss: 0.9173	Time remaining is 486h:11m
2024-05-29 13:22:40 INFO Epoch 610/16000	Training Loss: 0.9263	Time remaining is 486h:1m
2024-05-29 13:24:26 INFO Testing: dataset_name: market1501 top1:0.9492 top5:0.9831 top10:0.9917 mAP:0.8700
2024-05-29 13:26:02 INFO Epoch 611/16000	Training Loss: 0.9218	Time remaining is 486h:36m
2024-05-29 13:27:37 INFO Epoch 612/16000	Training Loss: 0.9163	Time remaining is 486h:27m
2024-05-29 13:29:13 INFO Epoch 613/16000	Training Loss: 0.9223	Time remaining is 486h:17m
2024-05-29 13:30:48 INFO Epoch 614/16000	Training Loss: 0.9171	Time remaining is 486h:8m
2024-05-29 13:32:24 INFO Epoch 615/16000	Training Loss: 0.9274	Time remaining is 485h:59m
2024-05-29 13:34:10 INFO Testing: dataset_name: market1501 top1:0.9463 top5:0.9819 top10:0.9911 mAP:0.8700
2024-05-29 13:35:46 INFO Epoch 616/16000	Training Loss: 0.9229	Time remaining is 486h:33m
2024-05-29 13:37:22 INFO Epoch 617/16000	Training Loss: 0.9215	Time remaining is 486h:24m
2024-05-29 13:38:57 INFO Epoch 618/16000	Training Loss: 0.9213	Time remaining is 486h:14m
2024-05-29 13:40:33 INFO Epoch 619/16000	Training Loss: 0.9222	Time remaining is 486h:5m
2024-05-29 13:42:09 INFO Epoch 620/16000	Training Loss: 0.9180	Time remaining is 485h:56m
2024-05-29 13:43:54 INFO Testing: dataset_name: market1501 top1:0.9483 top5:0.9822 top10:0.9905 mAP:0.8705
2024-05-29 13:45:30 INFO Epoch 621/16000	Training Loss: 0.9227	Time remaining is 486h:30m
2024-05-29 13:47:06 INFO Epoch 622/16000	Training Loss: 0.9172	Time remaining is 486h:21m
2024-05-29 13:48:41 INFO Epoch 623/16000	Training Loss: 0.9171	Time remaining is 486h:11m
2024-05-29 13:50:16 INFO Epoch 624/16000	Training Loss: 0.9179	Time remaining is 486h:1m
2024-05-29 13:51:52 INFO Epoch 625/16000	Training Loss: 0.9222	Time remaining is 485h:52m
2024-05-29 13:53:38 INFO Testing: dataset_name: market1501 top1:0.9477 top5:0.9852 top10:0.9917 mAP:0.8710
2024-05-29 13:55:14 INFO Epoch 626/16000	Training Loss: 0.9222	Time remaining is 486h:26m
2024-05-29 13:56:50 INFO Epoch 627/16000	Training Loss: 0.9222	Time remaining is 486h:17m
2024-05-29 13:58:26 INFO Epoch 628/16000	Training Loss: 0.9225	Time remaining is 486h:8m
2024-05-29 14:00:01 INFO Epoch 629/16000	Training Loss: 0.9168	Time remaining is 485h:58m
2024-05-29 14:01:36 INFO Epoch 630/16000	Training Loss: 0.9168	Time remaining is 485h:49m
2024-05-29 14:03:22 INFO Testing: dataset_name: market1501 top1:0.9495 top5:0.9822 top10:0.9917 mAP:0.8708
2024-05-29 14:04:57 INFO Epoch 631/16000	Training Loss: 0.9173	Time remaining is 486h:22m
2024-05-29 14:06:33 INFO Epoch 632/16000	Training Loss: 0.9219	Time remaining is 486h:13m
2024-05-29 14:08:09 INFO Epoch 633/16000	Training Loss: 0.9206	Time remaining is 486h:4m
2024-05-29 14:09:46 INFO Epoch 634/16000	Training Loss: 0.9271	Time remaining is 485h:55m
2024-05-29 14:11:21 INFO Epoch 635/16000	Training Loss: 0.9228	Time remaining is 485h:46m
2024-05-29 14:13:07 INFO Testing: dataset_name: market1501 top1:0.9498 top5:0.9825 top10:0.9908 mAP:0.8713
2024-05-29 14:14:43 INFO Epoch 636/16000	Training Loss: 0.9222	Time remaining is 486h:19m
2024-05-29 14:16:19 INFO Epoch 637/16000	Training Loss: 0.9216	Time remaining is 486h:10m
2024-05-29 14:17:54 INFO Epoch 638/16000	Training Loss: 0.9218	Time remaining is 486h:1m
2024-05-29 14:19:30 INFO Epoch 639/16000	Training Loss: 0.9215	Time remaining is 485h:52m
2024-05-29 14:21:06 INFO Epoch 640/16000	Training Loss: 0.9208	Time remaining is 485h:43m
2024-05-29 14:22:52 INFO Testing: dataset_name: market1501 top1:0.9483 top5:0.9828 top10:0.9911 mAP:0.8674
2024-05-29 14:24:28 INFO Epoch 641/16000	Training Loss: 0.9222	Time remaining is 486h:16m
2024-05-29 14:26:03 INFO Epoch 642/16000	Training Loss: 0.9171	Time remaining is 486h:7m
2024-05-29 14:27:38 INFO Epoch 643/16000	Training Loss: 0.9164	Time remaining is 485h:57m
2024-05-29 14:29:14 INFO Epoch 644/16000	Training Loss: 0.9215	Time remaining is 485h:48m
2024-05-29 14:30:50 INFO Epoch 645/16000	Training Loss: 0.9161	Time remaining is 485h:39m
2024-05-29 14:32:35 INFO Testing: dataset_name: market1501 top1:0.9489 top5:0.9831 top10:0.9902 mAP:0.8684
