2024-07-30 04:47:38 INFO ##################################################
2024-07-30 04:47:38 INFO Config values: batch_size: 60	current_directory: /kaggle/working/reid_task/ex_000_1	dataset_name: market1501	dataset_path: /kaggle/input/market1501/Market-1501-v15.09.15	device: cuda	dtype: torch.float32	epoch_start_test: 90	epochs: 120	img_height: 256	img_width: 128	logs_outputs_path: /kaggle/working/reid_task/ex_000_1/./outputs/logs	models_outputs_path: /kaggle/working/reid_task/ex_000_1/./outputs/models	np: <module 'numpy' from '/opt/conda/lib/python3.10/site-packages/numpy/__init__.py'>	os: <module 'os' from '/opt/conda/lib/python3.10/os.py'>	outputs_dir: ./outputs/	outputs_path: /kaggle/working/reid_task/ex_000_1/./outputs/	print_every: 1	seed: 3407	taskname: ReID_Task	temps_outputs_path: /kaggle/working/reid_task/ex_000_1/./outputs/temps	test_batch_size: 256	test_every: 5	torch: <module 'torch' from '/opt/conda/lib/python3.10/site-packages/torch/__init__.py'>
2024-07-30 04:47:38 INFO Task: ReID_Task
2024-07-30 04:47:38 INFO Using device: cuda
2024-07-30 04:47:38 INFO Using data type: torch.float32
2024-07-30 04:47:38 INFO Number of GPUs: 1
2024-07-30 04:47:38 INFO GPU is_available: True
2024-07-30 04:47:38 INFO GPU name: Tesla P100-PCIE-16GB
2024-07-30 04:47:38 INFO CUDA version: 12.1
2024-07-30 04:47:38 INFO Current device id: 0
2024-07-30 04:47:38 INFO ##################################################
2024-07-30 04:49:46 INFO Epoch 1/120	Training Loss: 8.2652	Time remaining is 4h:10m
2024-07-30 04:51:23 INFO Epoch 2/120	Training Loss: 7.0099	Time remaining is 3h:41m
2024-07-30 04:53:00 INFO Epoch 3/120	Training Loss: 5.4245	Time remaining is 3h:29m
2024-07-30 04:54:36 INFO Epoch 4/120	Training Loss: 4.0292	Time remaining is 3h:23m
2024-07-30 04:56:11 INFO Epoch 5/120	Training Loss: 2.9674	Time remaining is 3h:17m
2024-07-30 04:57:46 INFO Epoch 6/120	Training Loss: 2.2875	Time remaining is 3h:14m
2024-07-30 04:59:21 INFO Epoch 7/120	Training Loss: 1.9010	Time remaining is 3h:10m
2024-07-30 05:00:56 INFO Epoch 8/120	Training Loss: 1.6579	Time remaining is 3h:7m
2024-07-30 05:02:32 INFO Epoch 9/120	Training Loss: 1.5496	Time remaining is 3h:5m
2024-07-30 05:04:06 INFO Epoch 10/120	Training Loss: 1.4723	Time remaining is 3h:2m
2024-07-30 05:05:41 INFO Epoch 11/120	Training Loss: 1.4515	Time remaining is 3h:0m
2024-07-30 05:07:15 INFO Epoch 12/120	Training Loss: 1.4005	Time remaining is 2h:58m
2024-07-30 05:08:52 INFO Epoch 13/120	Training Loss: 1.3360	Time remaining is 2h:56m
2024-07-30 05:10:27 INFO Epoch 14/120	Training Loss: 1.3112	Time remaining is 2h:54m
2024-07-30 05:12:01 INFO Epoch 15/120	Training Loss: 1.2834	Time remaining is 2h:52m
2024-07-30 05:13:37 INFO Epoch 16/120	Training Loss: 1.2794	Time remaining is 2h:50m
2024-07-30 05:15:11 INFO Epoch 17/120	Training Loss: 1.2750	Time remaining is 2h:48m
2024-07-30 05:16:46 INFO Epoch 18/120	Training Loss: 1.2424	Time remaining is 2h:46m
2024-07-30 05:18:20 INFO Epoch 19/120	Training Loss: 1.2480	Time remaining is 2h:45m
2024-07-30 05:19:55 INFO Epoch 20/120	Training Loss: 1.2259	Time remaining is 2h:43m
2024-07-30 05:21:30 INFO Epoch 21/120	Training Loss: 1.2354	Time remaining is 2h:41m
2024-07-30 05:23:05 INFO Epoch 22/120	Training Loss: 1.2470	Time remaining is 2h:39m
2024-07-30 05:24:40 INFO Epoch 23/120	Training Loss: 1.2278	Time remaining is 2h:38m
2024-07-30 05:26:14 INFO Epoch 24/120	Training Loss: 1.2529	Time remaining is 2h:36m
2024-07-30 05:27:50 INFO Epoch 25/120	Training Loss: 1.2375	Time remaining is 2h:34m
2024-07-30 05:29:25 INFO Epoch 26/120	Training Loss: 1.2380	Time remaining is 2h:33m
2024-07-30 05:31:00 INFO Epoch 27/120	Training Loss: 1.2311	Time remaining is 2h:31m
2024-07-30 05:32:35 INFO Epoch 28/120	Training Loss: 1.2304	Time remaining is 2h:29m
2024-07-30 05:34:10 INFO Epoch 29/120	Training Loss: 1.2489	Time remaining is 2h:27m
2024-07-30 05:35:45 INFO Epoch 30/120	Training Loss: 1.2349	Time remaining is 2h:26m
2024-07-30 05:37:19 INFO Epoch 31/120	Training Loss: 1.2189	Time remaining is 2h:24m
2024-07-30 05:38:54 INFO Epoch 32/120	Training Loss: 1.2118	Time remaining is 2h:22m
2024-07-30 05:40:29 INFO Epoch 33/120	Training Loss: 1.2174	Time remaining is 2h:21m
2024-07-30 05:42:03 INFO Epoch 34/120	Training Loss: 1.2256	Time remaining is 2h:19m
2024-07-30 05:43:38 INFO Epoch 35/120	Training Loss: 1.2189	Time remaining is 2h:17m
2024-07-30 05:45:13 INFO Epoch 36/120	Training Loss: 1.2182	Time remaining is 2h:16m
2024-07-30 05:46:49 INFO Epoch 37/120	Training Loss: 1.2045	Time remaining is 2h:14m
2024-07-30 05:48:24 INFO Epoch 38/120	Training Loss: 1.1872	Time remaining is 2h:13m
2024-07-30 05:49:59 INFO Epoch 39/120	Training Loss: 1.2125	Time remaining is 2h:11m
2024-07-30 05:51:33 INFO Epoch 40/120	Training Loss: 1.2141	Time remaining is 2h:9m
2024-07-30 05:53:08 INFO Epoch 41/120	Training Loss: 1.1439	Time remaining is 2h:8m
2024-07-30 05:54:42 INFO Epoch 42/120	Training Loss: 1.0662	Time remaining is 2h:6m
2024-07-30 05:56:16 INFO Epoch 43/120	Training Loss: 1.0483	Time remaining is 2h:4m
2024-07-30 05:57:51 INFO Epoch 44/120	Training Loss: 1.0427	Time remaining is 2h:3m
2024-07-30 05:59:25 INFO Epoch 45/120	Training Loss: 1.0338	Time remaining is 2h:1m
2024-07-30 06:00:59 INFO Epoch 46/120	Training Loss: 1.0297	Time remaining is 1h:60m
2024-07-30 06:02:34 INFO Epoch 47/120	Training Loss: 1.0305	Time remaining is 1h:58m
2024-07-30 06:04:08 INFO Epoch 48/120	Training Loss: 1.0201	Time remaining is 1h:56m
2024-07-30 06:05:43 INFO Epoch 49/120	Training Loss: 1.0152	Time remaining is 1h:55m
2024-07-30 06:07:17 INFO Epoch 50/120	Training Loss: 1.0091	Time remaining is 1h:53m
2024-07-30 06:08:52 INFO Epoch 51/120	Training Loss: 1.0132	Time remaining is 1h:51m
2024-07-30 06:10:28 INFO Epoch 52/120	Training Loss: 1.0086	Time remaining is 1h:50m
2024-07-30 06:12:02 INFO Epoch 53/120	Training Loss: 1.0083	Time remaining is 1h:48m
2024-07-30 06:13:37 INFO Epoch 54/120	Training Loss: 1.0051	Time remaining is 1h:47m
2024-07-30 06:15:12 INFO Epoch 55/120	Training Loss: 1.0058	Time remaining is 1h:45m
2024-07-30 06:16:48 INFO Epoch 56/120	Training Loss: 1.0073	Time remaining is 1h:43m
2024-07-30 06:18:23 INFO Epoch 57/120	Training Loss: 1.0029	Time remaining is 1h:42m
2024-07-30 06:19:59 INFO Epoch 58/120	Training Loss: 0.9951	Time remaining is 1h:40m
2024-07-30 06:21:33 INFO Epoch 59/120	Training Loss: 0.9912	Time remaining is 1h:39m
2024-07-30 06:23:09 INFO Epoch 60/120	Training Loss: 0.9967	Time remaining is 1h:37m
2024-07-30 06:24:44 INFO Epoch 61/120	Training Loss: 0.9966	Time remaining is 1h:35m
2024-07-30 06:26:20 INFO Epoch 62/120	Training Loss: 0.9954	Time remaining is 1h:34m
2024-07-30 06:27:54 INFO Epoch 63/120	Training Loss: 0.9925	Time remaining is 1h:32m
2024-07-30 06:29:29 INFO Epoch 64/120	Training Loss: 0.9887	Time remaining is 1h:31m
2024-07-30 06:31:06 INFO Epoch 65/120	Training Loss: 0.9946	Time remaining is 1h:29m
2024-07-30 06:32:41 INFO Epoch 66/120	Training Loss: 0.9897	Time remaining is 1h:28m
2024-07-30 06:34:16 INFO Epoch 67/120	Training Loss: 0.9901	Time remaining is 1h:26m
2024-07-30 06:35:51 INFO Epoch 68/120	Training Loss: 0.9916	Time remaining is 1h:24m
2024-07-30 06:37:26 INFO Epoch 69/120	Training Loss: 0.9853	Time remaining is 1h:23m
2024-07-30 06:39:01 INFO Epoch 70/120	Training Loss: 0.9920	Time remaining is 1h:21m
2024-07-30 06:40:35 INFO Epoch 71/120	Training Loss: 0.9782	Time remaining is 1h:20m
2024-07-30 06:42:09 INFO Epoch 72/120	Training Loss: 0.9819	Time remaining is 1h:18m
2024-07-30 06:43:44 INFO Epoch 73/120	Training Loss: 0.9780	Time remaining is 1h:16m
2024-07-30 06:45:19 INFO Epoch 74/120	Training Loss: 0.9762	Time remaining is 1h:15m
2024-07-30 06:46:53 INFO Epoch 75/120	Training Loss: 0.9752	Time remaining is 1h:13m
2024-07-30 06:48:27 INFO Epoch 76/120	Training Loss: 0.9746	Time remaining is 1h:12m
2024-07-30 06:50:01 INFO Epoch 77/120	Training Loss: 0.9717	Time remaining is 1h:10m
2024-07-30 06:51:35 INFO Epoch 78/120	Training Loss: 0.9677	Time remaining is 1h:8m
2024-07-30 06:53:10 INFO Epoch 79/120	Training Loss: 0.9759	Time remaining is 1h:7m
2024-07-30 06:54:43 INFO Epoch 80/120	Training Loss: 0.9732	Time remaining is 1h:5m
2024-07-30 06:56:17 INFO Epoch 81/120	Training Loss: 0.9718	Time remaining is 1h:4m
2024-07-30 06:57:51 INFO Epoch 82/120	Training Loss: 0.9742	Time remaining is 1h:2m
2024-07-30 06:59:25 INFO Epoch 83/120	Training Loss: 0.9683	Time remaining is 1h:0m
2024-07-30 07:01:00 INFO Epoch 84/120	Training Loss: 0.9726	Time remaining is 0h:59m
2024-07-30 07:02:34 INFO Epoch 85/120	Training Loss: 0.9664	Time remaining is 0h:57m
2024-07-30 07:04:08 INFO Epoch 86/120	Training Loss: 0.9647	Time remaining is 0h:56m
2024-07-30 07:05:42 INFO Epoch 87/120	Training Loss: 0.9716	Time remaining is 0h:54m
2024-07-30 07:07:16 INFO Epoch 88/120	Training Loss: 0.9696	Time remaining is 0h:52m
2024-07-30 07:08:50 INFO Epoch 89/120	Training Loss: 0.9714	Time remaining is 0h:51m
2024-07-30 07:10:26 INFO Epoch 90/120	Training Loss: 0.9655	Time remaining is 0h:49m
2024-07-30 07:15:24 INFO Testing: dataset_name: market1501 top1: 93.795 top5: 98.129 top10: 99.050 mAP: 85.239
2024-07-30 07:17:01 INFO Epoch 91/120	Training Loss: 0.9729	Time remaining is 0h:49m
2024-07-30 07:18:37 INFO Epoch 92/120	Training Loss: 0.9722	Time remaining is 0h:48m
2024-07-30 07:20:11 INFO Epoch 93/120	Training Loss: 0.9697	Time remaining is 0h:46m
2024-07-30 07:21:46 INFO Epoch 94/120	Training Loss: 0.9690	Time remaining is 0h:44m
2024-07-30 07:23:22 INFO Epoch 95/120	Training Loss: 0.9703	Time remaining is 0h:43m
2024-07-30 07:26:48 INFO Testing: dataset_name: market1501 top1: 94.002 top5: 98.100 top10: 98.961 mAP: 85.352
2024-07-30 07:28:24 INFO Epoch 96/120	Training Loss: 0.9680	Time remaining is 0h:42m
2024-07-30 07:29:58 INFO Epoch 97/120	Training Loss: 0.9680	Time remaining is 0h:40m
2024-07-30 07:31:32 INFO Epoch 98/120	Training Loss: 0.9639	Time remaining is 0h:38m
2024-07-30 07:33:07 INFO Epoch 99/120	Training Loss: 0.9680	Time remaining is 0h:37m
2024-07-30 07:34:41 INFO Epoch 100/120	Training Loss: 0.9687	Time remaining is 0h:35m
2024-07-30 07:38:08 INFO Testing: dataset_name: market1501 top1: 93.943 top5: 98.129 top10: 98.961 mAP: 85.408
2024-07-30 07:39:47 INFO Epoch 101/120	Training Loss: 0.9666	Time remaining is 0h:34m
2024-07-30 07:41:22 INFO Epoch 102/120	Training Loss: 0.9627	Time remaining is 0h:32m
2024-07-30 07:43:01 INFO Epoch 103/120	Training Loss: 0.9635	Time remaining is 0h:31m
2024-07-30 07:44:37 INFO Epoch 104/120	Training Loss: 0.9662	Time remaining is 0h:29m
2024-07-30 07:46:11 INFO Epoch 105/120	Training Loss: 0.9664	Time remaining is 0h:27m
2024-07-30 07:49:37 INFO Testing: dataset_name: market1501 top1: 94.151 top5: 98.248 top10: 98.931 mAP: 85.594
2024-07-30 07:51:12 INFO Epoch 106/120	Training Loss: 0.9629	Time remaining is 0h:26m
2024-07-30 07:52:47 INFO Epoch 107/120	Training Loss: 0.9674	Time remaining is 0h:24m
2024-07-30 07:54:24 INFO Epoch 108/120	Training Loss: 0.9655	Time remaining is 0h:22m
2024-07-30 07:56:02 INFO Epoch 109/120	Training Loss: 0.9676	Time remaining is 0h:21m
2024-07-30 07:57:37 INFO Epoch 110/120	Training Loss: 0.9662	Time remaining is 0h:19m
2024-07-30 08:01:05 INFO Testing: dataset_name: market1501 top1: 94.240 top5: 98.219 top10: 98.901 mAP: 85.632
2024-07-30 08:02:40 INFO Epoch 111/120	Training Loss: 0.9602	Time remaining is 0h:18m
2024-07-30 08:04:15 INFO Epoch 112/120	Training Loss: 0.9660	Time remaining is 0h:16m
2024-07-30 08:05:50 INFO Epoch 113/120	Training Loss: 0.9664	Time remaining is 0h:14m
2024-07-30 08:07:25 INFO Epoch 114/120	Training Loss: 0.9678	Time remaining is 0h:12m
2024-07-30 08:09:00 INFO Epoch 115/120	Training Loss: 0.9652	Time remaining is 0h:11m
2024-07-30 08:12:30 INFO Testing: dataset_name: market1501 top1: 94.062 top5: 98.308 top10: 98.990 mAP: 85.853
2024-07-30 08:14:06 INFO Epoch 116/120	Training Loss: 0.9656	Time remaining is 0h:9m
2024-07-30 08:15:42 INFO Epoch 117/120	Training Loss: 0.9644	Time remaining is 0h:7m
2024-07-30 08:17:16 INFO Epoch 118/120	Training Loss: 0.9613	Time remaining is 0h:5m
2024-07-30 08:18:55 INFO Epoch 119/120	Training Loss: 0.9631	Time remaining is 0h:4m
2024-07-30 08:20:37 INFO Epoch 120/120	Training Loss: 0.9601	Time remaining is 0h:2m
2024-07-30 08:24:23 INFO Testing: dataset_name: market1501 top1: 94.359 top5: 98.337 top10: 99.020 mAP: 85.856
2024-07-30 08:24:24 INFO The running time of training: 3.61 h
