2024-09-29 02:40:35 INFO ##################################################
2024-09-29 02:40:35 INFO Config values: batch_size: 60	current_directory: /home/hy/project/reid_task/ex_001_42	dataset_name: Occluded_Duke	dataset_path: /home/hy/project/data/Occluded_Duke	device: cuda	dtype: torch.float32	epoch_start_test: 90	epochs: 120	img_height: 256	img_width: 128	logs_outputs_path: /home/hy/project/reid_task/ex_001_42/./outputs/logs	models_outputs_path: /home/hy/project/reid_task/ex_001_42/./outputs/models	np: <module 'numpy' from '/home/hy/anaconda3/envs/py396/lib/python3.9/site-packages/numpy/__init__.py'>	os: <module 'os' from '/home/hy/anaconda3/envs/py396/lib/python3.9/os.py'>	outputs_dir: ./outputs/	outputs_path: /home/hy/project/reid_task/ex_001_42/./outputs/	print_every: 1	seed: 1	taskname: ReID_Task	temps_outputs_path: /home/hy/project/reid_task/ex_001_42/./outputs/temps	test_batch_size: 256	test_every: 5	torch: <module 'torch' from '/home/hy/anaconda3/envs/py396/lib/python3.9/site-packages/torch/__init__.py'>
2024-09-29 02:40:35 INFO Task: ReID_Task
2024-09-29 02:40:35 INFO Using device: cuda
2024-09-29 02:40:35 INFO Using data type: torch.float32
2024-09-29 02:40:35 INFO Number of GPUs: 1
2024-09-29 02:40:35 INFO GPU is_available: True
2024-09-29 02:40:35 INFO GPU name: NVIDIA GeForce RTX 3060
2024-09-29 02:40:35 INFO CUDA version: 12.1
2024-09-29 02:40:35 INFO Current device id: 0
2024-09-29 02:40:35 INFO ##################################################
2024-09-29 02:41:58 INFO Epoch 1/120	Training Loss: 7.7312	Time remaining is 2h:45m
2024-09-29 02:43:19 INFO Epoch 2/120	Training Loss: 6.6100	Time remaining is 2h:42m
2024-09-29 02:44:41 INFO Epoch 3/120	Training Loss: 5.1893	Time remaining is 2h:41m
2024-09-29 02:46:03 INFO Epoch 4/120	Training Loss: 3.9119	Time remaining is 2h:40m
2024-09-29 02:47:25 INFO Epoch 5/120	Training Loss: 3.0402	Time remaining is 2h:38m
2024-09-29 02:48:47 INFO Epoch 6/120	Training Loss: 2.5511	Time remaining is 2h:37m
2024-09-29 02:50:09 INFO Epoch 7/120	Training Loss: 2.2832	Time remaining is 2h:36m
2024-09-29 02:51:31 INFO Epoch 8/120	Training Loss: 2.1035	Time remaining is 2h:34m
2024-09-29 02:52:53 INFO Epoch 9/120	Training Loss: 1.9888	Time remaining is 2h:33m
2024-09-29 02:54:15 INFO Epoch 10/120	Training Loss: 1.8897	Time remaining is 2h:32m
2024-09-29 02:55:37 INFO Epoch 11/120	Training Loss: 1.7714	Time remaining is 2h:30m
2024-09-29 02:56:58 INFO Epoch 12/120	Training Loss: 1.6853	Time remaining is 2h:29m
2024-09-29 02:58:20 INFO Epoch 13/120	Training Loss: 1.6288	Time remaining is 2h:27m
2024-09-29 02:59:42 INFO Epoch 14/120	Training Loss: 1.5710	Time remaining is 2h:26m
2024-09-29 03:01:04 INFO Epoch 15/120	Training Loss: 1.5374	Time remaining is 2h:25m
2024-09-29 03:02:26 INFO Epoch 16/120	Training Loss: 1.4950	Time remaining is 2h:23m
2024-09-29 03:03:48 INFO Epoch 17/120	Training Loss: 1.4570	Time remaining is 2h:22m
2024-09-29 03:05:10 INFO Epoch 18/120	Training Loss: 1.4417	Time remaining is 2h:21m
2024-09-29 03:06:31 INFO Epoch 19/120	Training Loss: 1.4162	Time remaining is 2h:19m
2024-09-29 03:07:53 INFO Epoch 20/120	Training Loss: 1.3968	Time remaining is 2h:18m
2024-09-29 03:09:15 INFO Epoch 21/120	Training Loss: 1.3653	Time remaining is 2h:16m
2024-09-29 03:10:37 INFO Epoch 22/120	Training Loss: 1.3617	Time remaining is 2h:15m
2024-09-29 03:11:59 INFO Epoch 23/120	Training Loss: 1.3366	Time remaining is 2h:14m
2024-09-29 03:13:21 INFO Epoch 24/120	Training Loss: 1.3230	Time remaining is 2h:12m
2024-09-29 03:14:42 INFO Epoch 25/120	Training Loss: 1.3088	Time remaining is 2h:11m
2024-09-29 03:16:05 INFO Epoch 26/120	Training Loss: 1.3084	Time remaining is 2h:10m
2024-09-29 03:17:27 INFO Epoch 27/120	Training Loss: 1.2998	Time remaining is 2h:8m
2024-09-29 03:18:48 INFO Epoch 28/120	Training Loss: 1.2796	Time remaining is 2h:7m
2024-09-29 03:20:10 INFO Epoch 29/120	Training Loss: 1.2771	Time remaining is 2h:6m
2024-09-29 03:21:32 INFO Epoch 30/120	Training Loss: 1.2632	Time remaining is 2h:4m
2024-09-29 03:22:54 INFO Epoch 31/120	Training Loss: 1.2525	Time remaining is 2h:3m
2024-09-29 03:24:16 INFO Epoch 32/120	Training Loss: 1.2471	Time remaining is 2h:1m
2024-09-29 03:25:38 INFO Epoch 33/120	Training Loss: 1.2588	Time remaining is 2h:0m
2024-09-29 03:26:59 INFO Epoch 34/120	Training Loss: 1.2442	Time remaining is 1h:59m
2024-09-29 03:28:21 INFO Epoch 35/120	Training Loss: 1.2338	Time remaining is 1h:57m
2024-09-29 03:29:43 INFO Epoch 36/120	Training Loss: 1.2363	Time remaining is 1h:56m
2024-09-29 03:31:04 INFO Epoch 37/120	Training Loss: 1.2256	Time remaining is 1h:55m
2024-09-29 03:32:26 INFO Epoch 38/120	Training Loss: 1.2301	Time remaining is 1h:53m
2024-09-29 03:33:48 INFO Epoch 39/120	Training Loss: 1.2200	Time remaining is 1h:52m
2024-09-29 03:35:10 INFO Epoch 40/120	Training Loss: 1.1583	Time remaining is 1h:51m
2024-09-29 03:36:31 INFO Epoch 41/120	Training Loss: 1.1188	Time remaining is 1h:49m
2024-09-29 03:37:53 INFO Epoch 42/120	Training Loss: 1.1039	Time remaining is 1h:48m
2024-09-29 03:39:15 INFO Epoch 43/120	Training Loss: 1.1037	Time remaining is 1h:46m
2024-09-29 03:40:36 INFO Epoch 44/120	Training Loss: 1.0877	Time remaining is 1h:45m
2024-09-29 03:41:58 INFO Epoch 45/120	Training Loss: 1.0941	Time remaining is 1h:44m
2024-09-29 03:43:19 INFO Epoch 46/120	Training Loss: 1.0887	Time remaining is 1h:42m
2024-09-29 03:44:42 INFO Epoch 47/120	Training Loss: 1.0970	Time remaining is 1h:41m
2024-09-29 03:46:04 INFO Epoch 48/120	Training Loss: 1.0980	Time remaining is 1h:40m
2024-09-29 03:47:25 INFO Epoch 49/120	Training Loss: 1.0903	Time remaining is 1h:38m
2024-09-29 03:48:47 INFO Epoch 50/120	Training Loss: 1.0892	Time remaining is 1h:37m
2024-09-29 03:50:09 INFO Epoch 51/120	Training Loss: 1.0870	Time remaining is 1h:35m
2024-09-29 03:51:30 INFO Epoch 52/120	Training Loss: 1.0870	Time remaining is 1h:34m
2024-09-29 03:52:52 INFO Epoch 53/120	Training Loss: 1.0903	Time remaining is 1h:33m
2024-09-29 03:54:14 INFO Epoch 54/120	Training Loss: 1.0758	Time remaining is 1h:31m
2024-09-29 03:55:36 INFO Epoch 55/120	Training Loss: 1.0859	Time remaining is 1h:30m
2024-09-29 03:56:58 INFO Epoch 56/120	Training Loss: 1.0870	Time remaining is 1h:29m
2024-09-29 03:58:20 INFO Epoch 57/120	Training Loss: 1.0837	Time remaining is 1h:27m
2024-09-29 03:59:43 INFO Epoch 58/120	Training Loss: 1.0876	Time remaining is 1h:26m
2024-09-29 04:01:05 INFO Epoch 59/120	Training Loss: 1.0900	Time remaining is 1h:25m
2024-09-29 04:02:27 INFO Epoch 60/120	Training Loss: 1.0839	Time remaining is 1h:23m
2024-09-29 04:03:49 INFO Epoch 61/120	Training Loss: 1.0754	Time remaining is 1h:22m
2024-09-29 04:05:11 INFO Epoch 62/120	Training Loss: 1.0798	Time remaining is 1h:20m
2024-09-29 04:06:32 INFO Epoch 63/120	Training Loss: 1.0752	Time remaining is 1h:19m
2024-09-29 04:07:54 INFO Epoch 64/120	Training Loss: 1.0770	Time remaining is 1h:18m
2024-09-29 04:09:15 INFO Epoch 65/120	Training Loss: 1.0709	Time remaining is 1h:16m
2024-09-29 04:10:38 INFO Epoch 66/120	Training Loss: 1.0848	Time remaining is 1h:15m
2024-09-29 04:11:59 INFO Epoch 67/120	Training Loss: 1.0748	Time remaining is 1h:14m
2024-09-29 04:13:21 INFO Epoch 68/120	Training Loss: 1.0739	Time remaining is 1h:12m
2024-09-29 04:14:43 INFO Epoch 69/120	Training Loss: 1.0749	Time remaining is 1h:11m
2024-09-29 04:16:04 INFO Epoch 70/120	Training Loss: 1.0638	Time remaining is 1h:10m
2024-09-29 04:17:27 INFO Epoch 71/120	Training Loss: 1.0689	Time remaining is 1h:8m
2024-09-29 04:18:49 INFO Epoch 72/120	Training Loss: 1.0646	Time remaining is 1h:7m
2024-09-29 04:20:11 INFO Epoch 73/120	Training Loss: 1.0610	Time remaining is 1h:5m
2024-09-29 04:21:33 INFO Epoch 74/120	Training Loss: 1.0537	Time remaining is 1h:4m
2024-09-29 04:22:54 INFO Epoch 75/120	Training Loss: 1.0597	Time remaining is 1h:3m
2024-09-29 04:24:16 INFO Epoch 76/120	Training Loss: 1.0594	Time remaining is 1h:1m
2024-09-29 04:25:38 INFO Epoch 77/120	Training Loss: 1.0561	Time remaining is 1h:0m
2024-09-29 04:27:00 INFO Epoch 78/120	Training Loss: 1.0630	Time remaining is 0h:59m
2024-09-29 04:28:22 INFO Epoch 79/120	Training Loss: 1.0632	Time remaining is 0h:57m
2024-09-29 04:29:44 INFO Epoch 80/120	Training Loss: 1.0512	Time remaining is 0h:56m
2024-09-29 04:31:05 INFO Epoch 81/120	Training Loss: 1.0579	Time remaining is 0h:55m
2024-09-29 04:32:28 INFO Epoch 82/120	Training Loss: 1.0646	Time remaining is 0h:53m
2024-09-29 04:33:50 INFO Epoch 83/120	Training Loss: 1.0668	Time remaining is 0h:52m
2024-09-29 04:35:12 INFO Epoch 84/120	Training Loss: 1.0633	Time remaining is 0h:50m
2024-09-29 04:36:34 INFO Epoch 85/120	Training Loss: 1.0608	Time remaining is 0h:49m
2024-09-29 04:37:56 INFO Epoch 86/120	Training Loss: 1.0563	Time remaining is 0h:48m
2024-09-29 04:39:18 INFO Epoch 87/120	Training Loss: 1.0611	Time remaining is 0h:46m
2024-09-29 04:40:41 INFO Epoch 88/120	Training Loss: 1.0630	Time remaining is 0h:45m
2024-09-29 04:42:02 INFO Epoch 89/120	Training Loss: 1.0561	Time remaining is 0h:44m
2024-09-29 04:43:24 INFO Epoch 90/120	Training Loss: 1.0513	Time remaining is 0h:42m
2024-09-29 04:44:27 INFO Epoch 90/120	Testing: dataset_name: Occluded_Duke top1: 60.724 top5: 75.928 top10: 80.905 mAP: 52.194
2024-09-29 04:45:49 INFO Epoch 91/120	Training Loss: 1.0637	Time remaining is 0h:41m
2024-09-29 04:47:11 INFO Epoch 92/120	Training Loss: 1.0564	Time remaining is 0h:40m
2024-09-29 04:48:33 INFO Epoch 93/120	Training Loss: 1.0565	Time remaining is 0h:39m
2024-09-29 04:49:56 INFO Epoch 94/120	Training Loss: 1.0589	Time remaining is 0h:37m
2024-09-29 04:51:18 INFO Epoch 95/120	Training Loss: 1.0655	Time remaining is 0h:36m
2024-09-29 04:52:22 INFO Epoch 95/120	Testing: dataset_name: Occluded_Duke top1: 60.543 top5: 75.701 top10: 80.814 mAP: 52.071
2024-09-29 04:53:43 INFO Epoch 96/120	Training Loss: 1.0574	Time remaining is 0h:35m
2024-09-29 04:55:05 INFO Epoch 97/120	Training Loss: 1.0544	Time remaining is 0h:33m
2024-09-29 04:56:27 INFO Epoch 98/120	Training Loss: 1.0495	Time remaining is 0h:32m
2024-09-29 04:57:49 INFO Epoch 99/120	Training Loss: 1.0589	Time remaining is 0h:30m
2024-09-29 04:59:11 INFO Epoch 100/120	Training Loss: 1.0576	Time remaining is 0h:29m
2024-09-29 05:00:15 INFO Epoch 100/120	Testing: dataset_name: Occluded_Duke top1: 61.041 top5: 75.973 top10: 81.041 mAP: 52.299
2024-09-29 05:01:37 INFO Epoch 101/120	Training Loss: 1.0579	Time remaining is 0h:28m
2024-09-29 05:02:58 INFO Epoch 102/120	Training Loss: 1.0499	Time remaining is 0h:27m
2024-09-29 05:04:20 INFO Epoch 103/120	Training Loss: 1.0546	Time remaining is 0h:25m
2024-09-29 05:05:42 INFO Epoch 104/120	Training Loss: 1.0587	Time remaining is 0h:24m
2024-09-29 05:07:04 INFO Epoch 105/120	Training Loss: 1.0548	Time remaining is 0h:22m
2024-09-29 05:08:07 INFO Epoch 105/120	Testing: dataset_name: Occluded_Duke top1: 60.950 top5: 75.928 top10: 81.222 mAP: 52.499
2024-09-29 05:09:28 INFO Epoch 106/120	Training Loss: 1.0434	Time remaining is 0h:21m
2024-09-29 05:10:50 INFO Epoch 107/120	Training Loss: 1.0542	Time remaining is 0h:20m
2024-09-29 05:12:12 INFO Epoch 108/120	Training Loss: 1.0554	Time remaining is 0h:18m
2024-09-29 05:13:35 INFO Epoch 109/120	Training Loss: 1.0569	Time remaining is 0h:17m
2024-09-29 05:14:57 INFO Epoch 110/120	Training Loss: 1.0538	Time remaining is 0h:15m
2024-09-29 05:16:01 INFO Epoch 110/120	Testing: dataset_name: Occluded_Duke top1: 60.588 top5: 75.973 top10: 80.950 mAP: 52.301
2024-09-29 05:17:22 INFO Epoch 111/120	Training Loss: 1.0519	Time remaining is 0h:14m
2024-09-29 05:18:44 INFO Epoch 112/120	Training Loss: 1.0496	Time remaining is 0h:13m
2024-09-29 05:20:06 INFO Epoch 113/120	Training Loss: 1.0535	Time remaining is 0h:11m
2024-09-29 05:21:28 INFO Epoch 114/120	Training Loss: 1.0574	Time remaining is 0h:10m
2024-09-29 05:22:50 INFO Epoch 115/120	Training Loss: 1.0532	Time remaining is 0h:8m
2024-09-29 05:23:53 INFO Epoch 115/120	Testing: dataset_name: Occluded_Duke top1: 61.312 top5: 76.425 top10: 81.448 mAP: 52.704
2024-09-29 05:25:15 INFO Epoch 116/120	Training Loss: 1.0580	Time remaining is 0h:7m
2024-09-29 05:26:37 INFO Epoch 117/120	Training Loss: 1.0548	Time remaining is 0h:6m
2024-09-29 05:27:59 INFO Epoch 118/120	Training Loss: 1.0590	Time remaining is 0h:4m
2024-09-29 05:29:22 INFO Epoch 119/120	Training Loss: 1.0607	Time remaining is 0h:3m
2024-09-29 05:30:43 INFO Epoch 120/120	Training Loss: 1.0525	Time remaining is 0h:1m
2024-09-29 05:31:47 INFO Epoch 120/120	Testing: dataset_name: Occluded_Duke top1: 61.538 top5: 76.606 top10: 81.493 mAP: 52.812
2024-09-29 05:31:47 INFO The running time of training: 2.85 h
