2024-06-05 22:28:06 INFO ##################################################
2024-06-05 22:28:06 INFO Config values: batch_size: 60	current_directory: /home/hy/project/reid_task/ex_main1	dataset_name: market1501	dataset_path: /home/hy/project/data/Market-1501-v15.09.15	device: cuda	dtype: torch.float32	epoch_start_test: 90	epochs: 16000	img_height: 384	img_width: 128	logs_outputs_path: /home/hy/project/reid_task/ex_main1/./outputs/logs	models_outputs_path: /home/hy/project/reid_task/ex_main1/./outputs/models	np: <module 'numpy' from '/home/hy/anaconda3/envs/py396/lib/python3.9/site-packages/numpy/__init__.py'>	os: <module 'os' from '/home/hy/anaconda3/envs/py396/lib/python3.9/os.py'>	outputs_dir: ./outputs/	outputs_path: /home/hy/project/reid_task/ex_main1/./outputs/	print_every: 1	seed: 1	taskname: ReID_Task	temps_outputs_path: /home/hy/project/reid_task/ex_main1/./outputs/temps	test_batch_size: 256	test_every: 5	torch: <module 'torch' from '/home/hy/anaconda3/envs/py396/lib/python3.9/site-packages/torch/__init__.py'>
2024-06-05 22:28:06 INFO Task: ReID_Task
2024-06-05 22:28:06 INFO Using device: cuda
2024-06-05 22:28:06 INFO Using data type: torch.float32
2024-06-05 22:28:06 INFO Number of GPUs: 1
2024-06-05 22:28:06 INFO GPU is_available: True
2024-06-05 22:28:06 INFO GPU name: NVIDIA GeForce RTX 3060
2024-06-05 22:28:06 INFO CUDA version: 12.1
2024-06-05 22:28:06 INFO Current device id: 0
2024-06-05 22:28:06 INFO ##################################################
2024-06-05 22:30:14 INFO Epoch 1/16000	Training Loss: 9.5965	Time remaining is 563h:37m
2024-06-05 22:32:20 INFO Epoch 2/16000	Training Loss: 7.3566	Time remaining is 560h:24m
2024-06-05 22:34:26 INFO Epoch 3/16000	Training Loss: 5.8019	Time remaining is 560h:40m
2024-06-05 22:36:31 INFO Epoch 4/16000	Training Loss: 4.2474	Time remaining is 559h:33m
2024-06-05 22:38:37 INFO Epoch 5/16000	Training Loss: 3.0345	Time remaining is 559h:28m
2024-06-05 22:40:43 INFO Epoch 6/16000	Training Loss: 2.2174	Time remaining is 559h:33m
2024-06-05 22:42:49 INFO Epoch 7/16000	Training Loss: 1.7824	Time remaining is 559h:27m
2024-06-05 22:44:54 INFO Epoch 8/16000	Training Loss: 1.5340	Time remaining is 559h:6m
2024-06-05 22:47:00 INFO Epoch 9/16000	Training Loss: 1.4240	Time remaining is 559h:9m
2024-06-05 22:49:06 INFO Epoch 10/16000	Training Loss: 1.3691	Time remaining is 559h:12m
2024-06-05 22:51:11 INFO Epoch 11/16000	Training Loss: 1.3183	Time remaining is 558h:51m
2024-06-05 22:53:18 INFO Epoch 12/16000	Training Loss: 1.2856	Time remaining is 558h:55m
2024-06-05 22:55:23 INFO Epoch 13/16000	Training Loss: 1.2403	Time remaining is 558h:43m
2024-06-05 22:57:28 INFO Epoch 14/16000	Training Loss: 1.1978	Time remaining is 558h:32m
2024-06-05 22:59:33 INFO Epoch 15/16000	Training Loss: 1.1910	Time remaining is 558h:21m
2024-06-05 23:01:39 INFO Epoch 16/16000	Training Loss: 1.1960	Time remaining is 558h:20m
2024-06-05 23:03:45 INFO Epoch 17/16000	Training Loss: 1.1588	Time remaining is 558h:21m
2024-06-05 23:05:51 INFO Epoch 18/16000	Training Loss: 1.1587	Time remaining is 558h:23m
2024-06-05 23:07:56 INFO Epoch 19/16000	Training Loss: 1.1521	Time remaining is 558h:13m
2024-06-05 23:10:02 INFO Epoch 20/16000	Training Loss: 1.1497	Time remaining is 558h:14m
2024-06-05 23:12:08 INFO Epoch 21/16000	Training Loss: 1.1448	Time remaining is 558h:13m
2024-06-05 23:14:14 INFO Epoch 22/16000	Training Loss: 1.1309	Time remaining is 558h:16m
2024-06-05 23:16:20 INFO Epoch 23/16000	Training Loss: 1.1323	Time remaining is 558h:7m
2024-06-05 23:18:25 INFO Epoch 24/16000	Training Loss: 1.1334	Time remaining is 557h:57m
2024-06-05 23:20:30 INFO Epoch 25/16000	Training Loss: 1.1497	Time remaining is 557h:56m
2024-06-05 23:22:36 INFO Epoch 26/16000	Training Loss: 1.1476	Time remaining is 557h:55m
2024-06-05 23:24:43 INFO Epoch 27/16000	Training Loss: 1.1209	Time remaining is 557h:58m
2024-06-05 23:26:49 INFO Epoch 28/16000	Training Loss: 1.1396	Time remaining is 557h:58m
2024-06-05 23:28:54 INFO Epoch 29/16000	Training Loss: 1.1462	Time remaining is 557h:57m
2024-06-05 23:31:00 INFO Epoch 30/16000	Training Loss: 1.1253	Time remaining is 557h:50m
2024-06-05 23:33:05 INFO Epoch 31/16000	Training Loss: 1.1441	Time remaining is 557h:49m
2024-06-05 23:35:11 INFO Epoch 32/16000	Training Loss: 1.1272	Time remaining is 557h:48m
2024-06-05 23:37:17 INFO Epoch 33/16000	Training Loss: 1.1435	Time remaining is 557h:47m
2024-06-05 23:39:23 INFO Epoch 34/16000	Training Loss: 1.1193	Time remaining is 557h:45m
2024-06-05 23:41:29 INFO Epoch 35/16000	Training Loss: 1.1225	Time remaining is 557h:44m
2024-06-05 23:43:35 INFO Epoch 36/16000	Training Loss: 1.1378	Time remaining is 557h:45m
2024-06-05 23:45:41 INFO Epoch 37/16000	Training Loss: 1.1348	Time remaining is 557h:46m
2024-06-05 23:47:47 INFO Epoch 38/16000	Training Loss: 1.1324	Time remaining is 557h:45m
2024-06-05 23:49:53 INFO Epoch 39/16000	Training Loss: 1.1205	Time remaining is 557h:43m
2024-06-05 23:51:59 INFO Epoch 40/16000	Training Loss: 1.1277	Time remaining is 557h:40m
2024-06-05 23:54:05 INFO Epoch 41/16000	Training Loss: 1.0880	Time remaining is 557h:39m
2024-06-05 23:56:11 INFO Epoch 42/16000	Training Loss: 1.0325	Time remaining is 557h:42m
2024-06-05 23:58:17 INFO Epoch 43/16000	Training Loss: 1.0149	Time remaining is 557h:41m
2024-06-06 00:00:22 INFO Epoch 44/16000	Training Loss: 0.9940	Time remaining is 557h:32m
2024-06-06 00:02:27 INFO Epoch 45/16000	Training Loss: 0.9940	Time remaining is 557h:27m
2024-06-06 00:04:33 INFO Epoch 46/16000	Training Loss: 0.9944	Time remaining is 557h:27m
2024-06-06 00:06:40 INFO Epoch 47/16000	Training Loss: 0.9959	Time remaining is 557h:30m
2024-06-06 00:08:45 INFO Epoch 48/16000	Training Loss: 0.9812	Time remaining is 557h:25m
2024-06-06 00:10:51 INFO Epoch 49/16000	Training Loss: 0.9821	Time remaining is 557h:20m
2024-06-06 00:12:56 INFO Epoch 50/16000	Training Loss: 0.9800	Time remaining is 557h:14m
2024-06-06 00:15:02 INFO Epoch 51/16000	Training Loss: 0.9828	Time remaining is 557h:14m
2024-06-06 00:17:07 INFO Epoch 52/16000	Training Loss: 0.9759	Time remaining is 557h:10m
2024-06-06 00:19:13 INFO Epoch 53/16000	Training Loss: 0.9716	Time remaining is 557h:7m
2024-06-06 00:21:19 INFO Epoch 54/16000	Training Loss: 0.9786	Time remaining is 557h:6m
2024-06-06 00:23:25 INFO Epoch 55/16000	Training Loss: 0.9754	Time remaining is 557h:7m
2024-06-06 00:25:31 INFO Epoch 56/16000	Training Loss: 0.9768	Time remaining is 557h:5m
2024-06-06 00:27:36 INFO Epoch 57/16000	Training Loss: 0.9689	Time remaining is 557h:0m
2024-06-06 00:29:42 INFO Epoch 58/16000	Training Loss: 0.9729	Time remaining is 556h:59m
2024-06-06 00:31:48 INFO Epoch 59/16000	Training Loss: 0.9728	Time remaining is 556h:58m
2024-06-06 00:33:54 INFO Epoch 60/16000	Training Loss: 0.9726	Time remaining is 556h:56m
2024-06-06 00:35:59 INFO Epoch 61/16000	Training Loss: 0.9677	Time remaining is 556h:52m
2024-06-06 00:38:05 INFO Epoch 62/16000	Training Loss: 0.9717	Time remaining is 556h:50m
2024-06-06 00:40:11 INFO Epoch 63/16000	Training Loss: 0.9783	Time remaining is 556h:51m
2024-06-06 00:42:17 INFO Epoch 64/16000	Training Loss: 0.9672	Time remaining is 556h:49m
2024-06-06 00:44:22 INFO Epoch 65/16000	Training Loss: 0.9597	Time remaining is 556h:44m
2024-06-06 00:46:28 INFO Epoch 66/16000	Training Loss: 0.9696	Time remaining is 556h:42m
2024-06-06 00:48:34 INFO Epoch 67/16000	Training Loss: 0.9692	Time remaining is 556h:40m
2024-06-06 00:50:39 INFO Epoch 68/16000	Training Loss: 0.9640	Time remaining is 556h:36m
2024-06-06 00:52:45 INFO Epoch 69/16000	Training Loss: 0.9701	Time remaining is 556h:34m
2024-06-06 00:54:51 INFO Epoch 70/16000	Training Loss: 0.9651	Time remaining is 556h:32m
2024-06-06 00:56:57 INFO Epoch 71/16000	Training Loss: 0.9607	Time remaining is 556h:31m
2024-06-06 00:59:03 INFO Epoch 72/16000	Training Loss: 0.9592	Time remaining is 556h:29m
2024-06-06 01:01:09 INFO Epoch 73/16000	Training Loss: 0.9575	Time remaining is 556h:28m
2024-06-06 01:03:15 INFO Epoch 74/16000	Training Loss: 0.9559	Time remaining is 556h:27m
2024-06-06 01:05:21 INFO Epoch 75/16000	Training Loss: 0.9576	Time remaining is 556h:26m
2024-06-06 01:07:26 INFO Epoch 76/16000	Training Loss: 0.9500	Time remaining is 556h:21m
2024-06-06 01:09:31 INFO Epoch 77/16000	Training Loss: 0.9499	Time remaining is 556h:18m
2024-06-06 01:11:37 INFO Epoch 78/16000	Training Loss: 0.9475	Time remaining is 556h:14m
2024-06-06 01:13:42 INFO Epoch 79/16000	Training Loss: 0.9546	Time remaining is 556h:12m
2024-06-06 01:15:48 INFO Epoch 80/16000	Training Loss: 0.9482	Time remaining is 556h:9m
2024-06-06 01:17:54 INFO Epoch 81/16000	Training Loss: 0.9528	Time remaining is 556h:8m
2024-06-06 01:20:00 INFO Epoch 82/16000	Training Loss: 0.9512	Time remaining is 556h:6m
2024-06-06 01:22:06 INFO Epoch 83/16000	Training Loss: 0.9517	Time remaining is 556h:4m
2024-06-06 01:24:11 INFO Epoch 84/16000	Training Loss: 0.9511	Time remaining is 556h:2m
2024-06-06 01:26:17 INFO Epoch 85/16000	Training Loss: 0.9513	Time remaining is 556h:0m
2024-06-06 01:28:24 INFO Epoch 86/16000	Training Loss: 0.9564	Time remaining is 556h:0m
2024-06-06 01:30:29 INFO Epoch 87/16000	Training Loss: 0.9471	Time remaining is 555h:57m
2024-06-06 01:32:35 INFO Epoch 88/16000	Training Loss: 0.9504	Time remaining is 555h:55m
2024-06-06 01:34:41 INFO Epoch 89/16000	Training Loss: 0.9513	Time remaining is 555h:53m
2024-06-06 01:36:46 INFO Epoch 90/16000	Training Loss: 0.9518	Time remaining is 555h:51m
2024-06-06 01:38:34 INFO Testing: dataset_name: market1501 top1:0.9516 top5:0.9819 top10:0.9890 mAP:0.8717
2024-06-06 01:40:40 INFO Epoch 91/16000	Training Loss: 0.9501	Time remaining is 561h:2m
2024-06-06 01:42:45 INFO Epoch 92/16000	Training Loss: 0.9512	Time remaining is 560h:57m
2024-06-06 01:44:51 INFO Epoch 93/16000	Training Loss: 0.9505	Time remaining is 560h:52m
2024-06-06 01:46:56 INFO Epoch 94/16000	Training Loss: 0.9465	Time remaining is 560h:44m
2024-06-06 01:49:02 INFO Epoch 95/16000	Training Loss: 0.9519	Time remaining is 560h:39m
2024-06-06 01:50:49 INFO Testing: dataset_name: market1501 top1:0.9531 top5:0.9834 top10:0.9890 mAP:0.8743
2024-06-06 01:52:55 INFO Epoch 96/16000	Training Loss: 0.9520	Time remaining is 565h:30m
2024-06-06 01:55:01 INFO Epoch 97/16000	Training Loss: 0.9507	Time remaining is 565h:22m
2024-06-06 01:57:07 INFO Epoch 98/16000	Training Loss: 0.9499	Time remaining is 565h:14m
2024-06-06 01:59:13 INFO Epoch 99/16000	Training Loss: 0.9484	Time remaining is 565h:7m
2024-06-06 02:01:19 INFO Epoch 100/16000	Training Loss: 0.9503	Time remaining is 564h:60m
2024-06-06 02:03:07 INFO Testing: dataset_name: market1501 top1:0.9525 top5:0.9840 top10:0.9890 mAP:0.8751
2024-06-06 02:05:12 INFO Epoch 101/16000	Training Loss: 0.9488	Time remaining is 569h:35m
2024-06-06 02:07:18 INFO Epoch 102/16000	Training Loss: 0.9501	Time remaining is 569h:24m
2024-06-06 02:09:24 INFO Epoch 103/16000	Training Loss: 0.9500	Time remaining is 569h:13m
2024-06-06 02:11:30 INFO Epoch 104/16000	Training Loss: 0.9489	Time remaining is 569h:4m
2024-06-06 02:13:35 INFO Epoch 105/16000	Training Loss: 0.9494	Time remaining is 568h:54m
2024-06-06 02:15:22 INFO Testing: dataset_name: market1501 top1:0.9537 top5:0.9837 top10:0.9896 mAP:0.8759
2024-06-06 02:17:28 INFO Epoch 106/16000	Training Loss: 0.9487	Time remaining is 573h:12m
2024-06-06 02:19:34 INFO Epoch 107/16000	Training Loss: 0.9434	Time remaining is 572h:59m
2024-06-06 02:21:40 INFO Epoch 108/16000	Training Loss: 0.9488	Time remaining is 572h:47m
2024-06-06 02:23:46 INFO Epoch 109/16000	Training Loss: 0.9479	Time remaining is 572h:35m
2024-06-06 02:25:52 INFO Epoch 110/16000	Training Loss: 0.9475	Time remaining is 572h:24m
2024-06-06 02:27:38 INFO Testing: dataset_name: market1501 top1:0.9528 top5:0.9846 top10:0.9902 mAP:0.8767
2024-06-06 02:29:44 INFO Epoch 111/16000	Training Loss: 0.9460	Time remaining is 576h:28m
2024-06-06 02:31:50 INFO Epoch 112/16000	Training Loss: 0.9476	Time remaining is 576h:14m
2024-06-06 02:33:56 INFO Epoch 113/16000	Training Loss: 0.9482	Time remaining is 576h:1m
2024-06-06 02:36:02 INFO Epoch 114/16000	Training Loss: 0.9487	Time remaining is 575h:48m
2024-06-06 02:38:08 INFO Epoch 115/16000	Training Loss: 0.9499	Time remaining is 575h:35m
2024-06-06 02:39:55 INFO Testing: dataset_name: market1501 top1:0.9528 top5:0.9831 top10:0.9902 mAP:0.8764
2024-06-06 02:42:00 INFO Epoch 116/16000	Training Loss: 0.9421	Time remaining is 579h:25m
2024-06-06 02:44:06 INFO Epoch 117/16000	Training Loss: 0.9521	Time remaining is 579h:12m
2024-06-06 02:46:12 INFO Epoch 118/16000	Training Loss: 0.9471	Time remaining is 578h:58m
2024-06-06 02:48:18 INFO Epoch 119/16000	Training Loss: 0.9474	Time remaining is 578h:44m
2024-06-06 02:50:24 INFO Epoch 120/16000	Training Loss: 0.9478	Time remaining is 578h:30m
2024-06-06 02:52:11 INFO Testing: dataset_name: market1501 top1:0.9516 top5:0.9837 top10:0.9896 mAP:0.8769
2024-06-06 02:54:16 INFO Epoch 121/16000	Training Loss: 0.9433	Time remaining is 582h:9m
2024-06-06 02:56:23 INFO Epoch 122/16000	Training Loss: 0.9474	Time remaining is 581h:55m
2024-06-06 02:58:29 INFO Epoch 123/16000	Training Loss: 0.9531	Time remaining is 581h:41m
2024-06-06 03:00:36 INFO Epoch 124/16000	Training Loss: 0.9508	Time remaining is 581h:28m
2024-06-06 03:02:42 INFO Epoch 125/16000	Training Loss: 0.9484	Time remaining is 581h:14m
2024-06-06 03:04:29 INFO Testing: dataset_name: market1501 top1:0.9504 top5:0.9828 top10:0.9905 mAP:0.8781
2024-06-06 03:06:35 INFO Epoch 126/16000	Training Loss: 0.9454	Time remaining is 584h:44m
2024-06-06 03:08:41 INFO Epoch 127/16000	Training Loss: 0.9472	Time remaining is 584h:28m
2024-06-06 03:10:47 INFO Epoch 128/16000	Training Loss: 0.9450	Time remaining is 584h:12m
2024-06-06 03:12:53 INFO Epoch 129/16000	Training Loss: 0.9454	Time remaining is 583h:56m
2024-06-06 03:14:59 INFO Epoch 130/16000	Training Loss: 0.9473	Time remaining is 583h:41m
2024-06-06 03:16:46 INFO Testing: dataset_name: market1501 top1:0.9513 top5:0.9840 top10:0.9905 mAP:0.8788
2024-06-06 03:18:51 INFO Epoch 131/16000	Training Loss: 0.9462	Time remaining is 587h:1m
2024-06-06 03:20:58 INFO Epoch 132/16000	Training Loss: 0.9461	Time remaining is 586h:44m
2024-06-06 03:23:04 INFO Epoch 133/16000	Training Loss: 0.9505	Time remaining is 586h:29m
2024-06-06 03:25:10 INFO Epoch 134/16000	Training Loss: 0.9452	Time remaining is 586h:13m
2024-06-06 03:27:16 INFO Epoch 135/16000	Training Loss: 0.9469	Time remaining is 585h:57m
2024-06-06 03:29:03 INFO Testing: dataset_name: market1501 top1:0.9522 top5:0.9840 top10:0.9902 mAP:0.8794
2024-06-06 03:31:08 INFO Epoch 136/16000	Training Loss: 0.9415	Time remaining is 589h:8m
2024-06-06 03:33:14 INFO Epoch 137/16000	Training Loss: 0.9463	Time remaining is 588h:51m
2024-06-06 03:35:20 INFO Epoch 138/16000	Training Loss: 0.9447	Time remaining is 588h:33m
2024-06-06 03:37:26 INFO Epoch 139/16000	Training Loss: 0.9454	Time remaining is 588h:16m
2024-06-06 03:39:31 INFO Epoch 140/16000	Training Loss: 0.9444	Time remaining is 587h:59m
2024-06-06 03:41:18 INFO Testing: dataset_name: market1501 top1:0.9528 top5:0.9843 top10:0.9905 mAP:0.8803
2024-06-06 03:43:25 INFO Epoch 141/16000	Training Loss: 0.9492	Time remaining is 591h:5m
2024-06-06 03:45:31 INFO Epoch 142/16000	Training Loss: 0.9428	Time remaining is 590h:47m
2024-06-06 03:47:37 INFO Epoch 143/16000	Training Loss: 0.9439	Time remaining is 590h:30m
2024-06-06 03:49:43 INFO Epoch 144/16000	Training Loss: 0.9446	Time remaining is 590h:12m
2024-06-06 03:51:49 INFO Epoch 145/16000	Training Loss: 0.9453	Time remaining is 589h:56m
2024-06-06 03:53:36 INFO Testing: dataset_name: market1501 top1:0.9534 top5:0.9837 top10:0.9905 mAP:0.8809
2024-06-06 03:55:41 INFO Epoch 146/16000	Training Loss: 0.9452	Time remaining is 592h:52m
2024-06-06 03:57:47 INFO Epoch 147/16000	Training Loss: 0.9462	Time remaining is 592h:34m
2024-06-06 03:59:53 INFO Epoch 148/16000	Training Loss: 0.9457	Time remaining is 592h:17m
2024-06-06 04:01:59 INFO Epoch 149/16000	Training Loss: 0.9402	Time remaining is 591h:59m
2024-06-06 04:04:05 INFO Epoch 150/16000	Training Loss: 0.9438	Time remaining is 591h:42m
2024-06-06 04:05:52 INFO Testing: dataset_name: market1501 top1:0.9492 top5:0.9840 top10:0.9908 mAP:0.8797
2024-06-06 04:07:58 INFO Epoch 151/16000	Training Loss: 0.9453	Time remaining is 594h:33m
2024-06-06 04:10:04 INFO Epoch 152/16000	Training Loss: 0.9451	Time remaining is 594h:15m
2024-06-06 04:12:10 INFO Epoch 153/16000	Training Loss: 0.9429	Time remaining is 593h:57m
2024-06-06 04:14:16 INFO Epoch 154/16000	Training Loss: 0.9430	Time remaining is 593h:39m
2024-06-06 04:16:22 INFO Epoch 155/16000	Training Loss: 0.9434	Time remaining is 593h:21m
2024-06-06 04:18:09 INFO Testing: dataset_name: market1501 top1:0.9516 top5:0.9840 top10:0.9902 mAP:0.8809
2024-06-06 04:20:14 INFO Epoch 156/16000	Training Loss: 0.9383	Time remaining is 596h:4m
2024-06-06 04:22:20 INFO Epoch 157/16000	Training Loss: 0.9434	Time remaining is 595h:46m
2024-06-06 04:24:26 INFO Epoch 158/16000	Training Loss: 0.9426	Time remaining is 595h:28m
2024-06-06 04:26:32 INFO Epoch 159/16000	Training Loss: 0.9421	Time remaining is 595h:10m
2024-06-06 04:28:38 INFO Epoch 160/16000	Training Loss: 0.9422	Time remaining is 594h:53m
2024-06-06 04:30:25 INFO Testing: dataset_name: market1501 top1:0.9513 top5:0.9840 top10:0.9905 mAP:0.8818
2024-06-06 04:32:30 INFO Epoch 161/16000	Training Loss: 0.9333	Time remaining is 597h:29m
2024-06-06 04:34:36 INFO Epoch 162/16000	Training Loss: 0.9435	Time remaining is 597h:11m
2024-06-06 04:36:42 INFO Epoch 163/16000	Training Loss: 0.9427	Time remaining is 596h:53m
2024-06-06 04:38:47 INFO Epoch 164/16000	Training Loss: 0.9385	Time remaining is 596h:34m
2024-06-06 04:40:53 INFO Epoch 165/16000	Training Loss: 0.9416	Time remaining is 596h:16m
2024-06-06 04:42:40 INFO Testing: dataset_name: market1501 top1:0.9513 top5:0.9831 top10:0.9902 mAP:0.8811
2024-06-06 04:44:46 INFO Epoch 166/16000	Training Loss: 0.9433	Time remaining is 598h:48m
2024-06-06 04:46:52 INFO Epoch 167/16000	Training Loss: 0.9470	Time remaining is 598h:31m
2024-06-06 04:48:58 INFO Epoch 168/16000	Training Loss: 0.9426	Time remaining is 598h:12m
2024-06-06 04:51:04 INFO Epoch 169/16000	Training Loss: 0.9425	Time remaining is 597h:54m
2024-06-06 04:53:10 INFO Epoch 170/16000	Training Loss: 0.9417	Time remaining is 597h:36m
2024-06-06 04:54:56 INFO Testing: dataset_name: market1501 top1:0.9513 top5:0.9846 top10:0.9899 mAP:0.8812
2024-06-06 04:57:02 INFO Epoch 171/16000	Training Loss: 0.9378	Time remaining is 600h:2m
2024-06-06 04:59:08 INFO Epoch 172/16000	Training Loss: 0.9412	Time remaining is 599h:44m
2024-06-06 05:01:13 INFO Epoch 173/16000	Training Loss: 0.9378	Time remaining is 599h:24m
2024-06-06 05:03:18 INFO Epoch 174/16000	Training Loss: 0.9369	Time remaining is 599h:5m
2024-06-06 05:05:24 INFO Epoch 175/16000	Training Loss: 0.9403	Time remaining is 598h:47m
2024-06-06 05:07:11 INFO Testing: dataset_name: market1501 top1:0.9507 top5:0.9837 top10:0.9902 mAP:0.8817
2024-06-06 05:09:16 INFO Epoch 176/16000	Training Loss: 0.9379	Time remaining is 601h:9m
2024-06-06 05:11:22 INFO Epoch 177/16000	Training Loss: 0.9432	Time remaining is 600h:50m
2024-06-06 05:13:28 INFO Epoch 178/16000	Training Loss: 0.9430	Time remaining is 600h:33m
2024-06-06 05:15:34 INFO Epoch 179/16000	Training Loss: 0.9407	Time remaining is 600h:14m
2024-06-06 05:17:39 INFO Epoch 180/16000	Training Loss: 0.9368	Time remaining is 599h:56m
2024-06-06 05:19:26 INFO Testing: dataset_name: market1501 top1:0.9510 top5:0.9843 top10:0.9908 mAP:0.8825
2024-06-06 05:21:31 INFO Epoch 181/16000	Training Loss: 0.9369	Time remaining is 602h:12m
2024-06-06 05:23:37 INFO Epoch 182/16000	Training Loss: 0.9415	Time remaining is 601h:54m
2024-06-06 05:25:42 INFO Epoch 183/16000	Training Loss: 0.9368	Time remaining is 601h:35m
2024-06-06 05:27:48 INFO Epoch 184/16000	Training Loss: 0.9356	Time remaining is 601h:16m
2024-06-06 05:29:54 INFO Epoch 185/16000	Training Loss: 0.9413	Time remaining is 600h:58m
2024-06-06 05:31:41 INFO Testing: dataset_name: market1501 top1:0.9525 top5:0.9837 top10:0.9899 mAP:0.8821
2024-06-06 05:33:46 INFO Epoch 186/16000	Training Loss: 0.9354	Time remaining is 603h:11m
2024-06-06 05:35:51 INFO Epoch 187/16000	Training Loss: 0.9353	Time remaining is 602h:52m
2024-06-06 05:37:57 INFO Epoch 188/16000	Training Loss: 0.9360	Time remaining is 602h:33m
2024-06-06 05:40:02 INFO Epoch 189/16000	Training Loss: 0.9375	Time remaining is 602h:14m
2024-06-06 05:42:08 INFO Epoch 190/16000	Training Loss: 0.9416	Time remaining is 601h:56m
2024-06-06 05:43:54 INFO Testing: dataset_name: market1501 top1:0.9492 top5:0.9831 top10:0.9902 mAP:0.8816
2024-06-06 05:46:00 INFO Epoch 191/16000	Training Loss: 0.9359	Time remaining is 604h:5m
2024-06-06 05:48:05 INFO Epoch 192/16000	Training Loss: 0.9342	Time remaining is 603h:46m
2024-06-06 05:50:11 INFO Epoch 193/16000	Training Loss: 0.9401	Time remaining is 603h:27m
2024-06-06 05:52:17 INFO Epoch 194/16000	Training Loss: 0.9406	Time remaining is 603h:10m
2024-06-06 05:54:23 INFO Epoch 195/16000	Training Loss: 0.9402	Time remaining is 602h:52m
2024-06-06 05:56:10 INFO Testing: dataset_name: market1501 top1:0.9510 top5:0.9843 top10:0.9911 mAP:0.8832
2024-06-06 05:58:16 INFO Epoch 196/16000	Training Loss: 0.9388	Time remaining is 604h:58m
2024-06-06 06:00:22 INFO Epoch 197/16000	Training Loss: 0.9398	Time remaining is 604h:40m
2024-06-06 06:02:28 INFO Epoch 198/16000	Training Loss: 0.9448	Time remaining is 604h:23m
2024-06-06 06:04:34 INFO Epoch 199/16000	Training Loss: 0.9398	Time remaining is 604h:5m
2024-06-06 06:06:40 INFO Epoch 200/16000	Training Loss: 0.9397	Time remaining is 603h:47m
2024-06-06 06:08:26 INFO Testing: dataset_name: market1501 top1:0.9507 top5:0.9840 top10:0.9911 mAP:0.8828
2024-06-06 06:10:32 INFO Epoch 201/16000	Training Loss: 0.9404	Time remaining is 605h:49m
2024-06-06 06:12:38 INFO Epoch 202/16000	Training Loss: 0.9402	Time remaining is 605h:31m
2024-06-06 06:14:44 INFO Epoch 203/16000	Training Loss: 0.9341	Time remaining is 605h:12m
2024-06-06 06:16:49 INFO Epoch 204/16000	Training Loss: 0.9349	Time remaining is 604h:54m
2024-06-06 06:18:55 INFO Epoch 205/16000	Training Loss: 0.9394	Time remaining is 604h:37m
2024-06-06 06:20:42 INFO Testing: dataset_name: market1501 top1:0.9507 top5:0.9831 top10:0.9908 mAP:0.8827
2024-06-06 06:22:48 INFO Epoch 206/16000	Training Loss: 0.9391	Time remaining is 606h:36m
2024-06-06 06:24:54 INFO Epoch 207/16000	Training Loss: 0.9382	Time remaining is 606h:18m
2024-06-06 06:27:00 INFO Epoch 208/16000	Training Loss: 0.9384	Time remaining is 605h:60m
2024-06-06 06:29:06 INFO Epoch 209/16000	Training Loss: 0.9380	Time remaining is 605h:42m
2024-06-06 06:31:12 INFO Epoch 210/16000	Training Loss: 0.9377	Time remaining is 605h:25m
2024-06-06 06:32:59 INFO Testing: dataset_name: market1501 top1:0.9507 top5:0.9831 top10:0.9908 mAP:0.8836
2024-06-06 06:35:05 INFO Epoch 211/16000	Training Loss: 0.9395	Time remaining is 607h:22m
2024-06-06 06:37:11 INFO Epoch 212/16000	Training Loss: 0.9386	Time remaining is 607h:4m
2024-06-06 06:39:17 INFO Epoch 213/16000	Training Loss: 0.9373	Time remaining is 606h:46m
2024-06-06 06:41:23 INFO Epoch 214/16000	Training Loss: 0.9381	Time remaining is 606h:29m
2024-06-06 06:43:29 INFO Epoch 215/16000	Training Loss: 0.9381	Time remaining is 606h:11m
2024-06-06 06:45:16 INFO Testing: dataset_name: market1501 top1:0.9516 top5:0.9837 top10:0.9908 mAP:0.8854
2024-06-06 06:47:21 INFO Epoch 216/16000	Training Loss: 0.9330	Time remaining is 608h:3m
2024-06-06 06:49:27 INFO Epoch 217/16000	Training Loss: 0.9337	Time remaining is 607h:45m
2024-06-06 06:51:33 INFO Epoch 218/16000	Training Loss: 0.9331	Time remaining is 607h:27m
2024-06-06 06:53:38 INFO Epoch 219/16000	Training Loss: 0.9379	Time remaining is 607h:9m
2024-06-06 06:55:43 INFO Epoch 220/16000	Training Loss: 0.9335	Time remaining is 606h:51m
2024-06-06 06:57:30 INFO Testing: dataset_name: market1501 top1:0.9519 top5:0.9843 top10:0.9899 mAP:0.8845
2024-06-06 06:59:35 INFO Epoch 221/16000	Training Loss: 0.9320	Time remaining is 608h:40m
2024-06-06 07:01:41 INFO Epoch 222/16000	Training Loss: 0.9374	Time remaining is 608h:23m
2024-06-06 07:03:48 INFO Epoch 223/16000	Training Loss: 0.9376	Time remaining is 608h:5m
2024-06-06 07:05:54 INFO Epoch 224/16000	Training Loss: 0.9371	Time remaining is 607h:48m
2024-06-06 07:08:00 INFO Epoch 225/16000	Training Loss: 0.9381	Time remaining is 607h:31m
2024-06-06 07:09:46 INFO Testing: dataset_name: market1501 top1:0.9516 top5:0.9840 top10:0.9908 mAP:0.8840
2024-06-06 07:11:52 INFO Epoch 226/16000	Training Loss: 0.9369	Time remaining is 609h:18m
2024-06-06 07:13:58 INFO Epoch 227/16000	Training Loss: 0.9310	Time remaining is 609h:0m
2024-06-06 07:16:04 INFO Epoch 228/16000	Training Loss: 0.9317	Time remaining is 608h:43m
2024-06-06 07:18:09 INFO Epoch 229/16000	Training Loss: 0.9316	Time remaining is 608h:25m
2024-06-06 07:20:14 INFO Epoch 230/16000	Training Loss: 0.9313	Time remaining is 608h:7m
2024-06-06 07:22:01 INFO Testing: dataset_name: market1501 top1:0.9516 top5:0.9831 top10:0.9902 mAP:0.8841
2024-06-06 07:24:07 INFO Epoch 231/16000	Training Loss: 0.9380	Time remaining is 609h:52m
2024-06-06 07:26:13 INFO Epoch 232/16000	Training Loss: 0.9366	Time remaining is 609h:34m
2024-06-06 07:28:19 INFO Epoch 233/16000	Training Loss: 0.9322	Time remaining is 609h:16m
2024-06-06 07:30:24 INFO Epoch 234/16000	Training Loss: 0.9326	Time remaining is 608h:59m
2024-06-06 07:32:30 INFO Epoch 235/16000	Training Loss: 0.9310	Time remaining is 608h:41m
2024-06-06 07:34:17 INFO Testing: dataset_name: market1501 top1:0.9513 top5:0.9825 top10:0.9899 mAP:0.8836
2024-06-06 07:36:22 INFO Epoch 236/16000	Training Loss: 0.9319	Time remaining is 610h:23m
2024-06-06 07:38:28 INFO Epoch 237/16000	Training Loss: 0.9358	Time remaining is 610h:6m
2024-06-06 07:40:34 INFO Epoch 238/16000	Training Loss: 0.9360	Time remaining is 609h:49m
2024-06-06 07:42:40 INFO Epoch 239/16000	Training Loss: 0.9362	Time remaining is 609h:32m
2024-06-06 07:44:46 INFO Epoch 240/16000	Training Loss: 0.9365	Time remaining is 609h:15m
2024-06-06 07:46:33 INFO Testing: dataset_name: market1501 top1:0.9519 top5:0.9843 top10:0.9899 mAP:0.8841
2024-06-06 07:48:39 INFO Epoch 241/16000	Training Loss: 0.9357	Time remaining is 610h:55m
2024-06-06 07:50:44 INFO Epoch 242/16000	Training Loss: 0.9362	Time remaining is 610h:37m
2024-06-06 07:52:50 INFO Epoch 243/16000	Training Loss: 0.9319	Time remaining is 610h:20m
2024-06-06 07:54:55 INFO Epoch 244/16000	Training Loss: 0.9364	Time remaining is 610h:3m
2024-06-06 07:57:02 INFO Epoch 245/16000	Training Loss: 0.9350	Time remaining is 609h:46m
2024-06-06 07:58:49 INFO Testing: dataset_name: market1501 top1:0.9513 top5:0.9831 top10:0.9899 mAP:0.8844
2024-06-06 08:00:55 INFO Epoch 246/16000	Training Loss: 0.9362	Time remaining is 611h:24m
2024-06-06 08:03:01 INFO Epoch 247/16000	Training Loss: 0.9353	Time remaining is 611h:7m
2024-06-06 08:05:06 INFO Epoch 248/16000	Training Loss: 0.9348	Time remaining is 610h:50m
2024-06-06 08:07:12 INFO Epoch 249/16000	Training Loss: 0.9355	Time remaining is 610h:33m
2024-06-06 08:09:18 INFO Epoch 250/16000	Training Loss: 0.9400	Time remaining is 610h:17m
2024-06-06 08:11:05 INFO Testing: dataset_name: market1501 top1:0.9498 top5:0.9837 top10:0.9908 mAP:0.8849
2024-06-06 08:13:10 INFO Epoch 251/16000	Training Loss: 0.9312	Time remaining is 611h:51m
2024-06-06 08:15:16 INFO Epoch 252/16000	Training Loss: 0.9343	Time remaining is 611h:34m
2024-06-06 08:17:22 INFO Epoch 253/16000	Training Loss: 0.9300	Time remaining is 611h:17m
2024-06-06 08:19:27 INFO Epoch 254/16000	Training Loss: 0.9308	Time remaining is 610h:60m
2024-06-06 08:21:33 INFO Epoch 255/16000	Training Loss: 0.9348	Time remaining is 610h:43m
2024-06-06 08:23:20 INFO Testing: dataset_name: market1501 top1:0.9522 top5:0.9837 top10:0.9905 mAP:0.8856
2024-06-06 08:25:26 INFO Epoch 256/16000	Training Loss: 0.9339	Time remaining is 612h:16m
2024-06-06 08:27:31 INFO Epoch 257/16000	Training Loss: 0.9308	Time remaining is 611h:59m
2024-06-06 08:29:37 INFO Epoch 258/16000	Training Loss: 0.9392	Time remaining is 611h:43m
2024-06-06 08:31:42 INFO Epoch 259/16000	Training Loss: 0.9300	Time remaining is 611h:26m
2024-06-06 08:33:48 INFO Epoch 260/16000	Training Loss: 0.9335	Time remaining is 611h:9m
2024-06-06 08:35:35 INFO Testing: dataset_name: market1501 top1:0.9519 top5:0.9834 top10:0.9905 mAP:0.8841
2024-06-06 08:37:40 INFO Epoch 261/16000	Training Loss: 0.9294	Time remaining is 612h:40m
2024-06-06 08:39:46 INFO Epoch 262/16000	Training Loss: 0.9330	Time remaining is 612h:23m
2024-06-06 08:41:52 INFO Epoch 263/16000	Training Loss: 0.9345	Time remaining is 612h:6m
2024-06-06 08:43:57 INFO Epoch 264/16000	Training Loss: 0.9350	Time remaining is 611h:50m
2024-06-06 08:46:03 INFO Epoch 265/16000	Training Loss: 0.9306	Time remaining is 611h:33m
2024-06-06 08:47:50 INFO Testing: dataset_name: market1501 top1:0.9537 top5:0.9834 top10:0.9899 mAP:0.8860
2024-06-06 08:49:56 INFO Epoch 266/16000	Training Loss: 0.9295	Time remaining is 613h:2m
2024-06-06 08:52:02 INFO Epoch 267/16000	Training Loss: 0.9353	Time remaining is 612h:46m
2024-06-06 08:54:07 INFO Epoch 268/16000	Training Loss: 0.9343	Time remaining is 612h:29m
2024-06-06 08:56:13 INFO Epoch 269/16000	Training Loss: 0.9340	Time remaining is 612h:13m
2024-06-06 08:58:18 INFO Epoch 270/16000	Training Loss: 0.9295	Time remaining is 611h:56m
2024-06-06 09:00:05 INFO Testing: dataset_name: market1501 top1:0.9528 top5:0.9828 top10:0.9905 mAP:0.8852
2024-06-06 09:02:11 INFO Epoch 271/16000	Training Loss: 0.9342	Time remaining is 613h:24m
2024-06-06 09:04:17 INFO Epoch 272/16000	Training Loss: 0.9343	Time remaining is 613h:7m
2024-06-06 09:06:23 INFO Epoch 273/16000	Training Loss: 0.9295	Time remaining is 612h:51m
2024-06-06 09:08:29 INFO Epoch 274/16000	Training Loss: 0.9331	Time remaining is 612h:35m
2024-06-06 09:10:34 INFO Epoch 275/16000	Training Loss: 0.9282	Time remaining is 612h:18m
2024-06-06 09:12:21 INFO Testing: dataset_name: market1501 top1:0.9522 top5:0.9828 top10:0.9905 mAP:0.8849
2024-06-06 09:14:27 INFO Epoch 276/16000	Training Loss: 0.9320	Time remaining is 613h:44m
2024-06-06 09:16:32 INFO Epoch 277/16000	Training Loss: 0.9287	Time remaining is 613h:27m
2024-06-06 09:18:37 INFO Epoch 278/16000	Training Loss: 0.9291	Time remaining is 613h:11m
2024-06-06 09:20:44 INFO Epoch 279/16000	Training Loss: 0.9335	Time remaining is 612h:55m
2024-06-06 09:22:50 INFO Epoch 280/16000	Training Loss: 0.9337	Time remaining is 612h:39m
2024-06-06 09:24:36 INFO Testing: dataset_name: market1501 top1:0.9531 top5:0.9831 top10:0.9917 mAP:0.8855
2024-06-06 09:26:42 INFO Epoch 281/16000	Training Loss: 0.9280	Time remaining is 614h:3m
2024-06-06 09:28:48 INFO Epoch 282/16000	Training Loss: 0.9289	Time remaining is 613h:47m
2024-06-06 09:30:54 INFO Epoch 283/16000	Training Loss: 0.9337	Time remaining is 613h:31m
2024-06-06 09:33:00 INFO Epoch 284/16000	Training Loss: 0.9326	Time remaining is 613h:15m
2024-06-06 09:35:06 INFO Epoch 285/16000	Training Loss: 0.9329	Time remaining is 612h:59m
2024-06-06 09:36:53 INFO Testing: dataset_name: market1501 top1:0.9528 top5:0.9843 top10:0.9926 mAP:0.8867
2024-06-06 09:38:59 INFO Epoch 286/16000	Training Loss: 0.9323	Time remaining is 614h:22m
2024-06-06 09:41:04 INFO Epoch 287/16000	Training Loss: 0.9326	Time remaining is 614h:6m
2024-06-06 09:43:10 INFO Epoch 288/16000	Training Loss: 0.9316	Time remaining is 613h:50m
2024-06-06 09:45:16 INFO Epoch 289/16000	Training Loss: 0.9272	Time remaining is 613h:34m
2024-06-06 09:47:22 INFO Epoch 290/16000	Training Loss: 0.9312	Time remaining is 613h:18m
2024-06-06 09:49:09 INFO Testing: dataset_name: market1501 top1:0.9528 top5:0.9828 top10:0.9899 mAP:0.8841
2024-06-06 09:51:14 INFO Epoch 291/16000	Training Loss: 0.9274	Time remaining is 614h:39m
2024-06-06 09:53:20 INFO Epoch 292/16000	Training Loss: 0.9318	Time remaining is 614h:23m
2024-06-06 09:55:26 INFO Epoch 293/16000	Training Loss: 0.9268	Time remaining is 614h:7m
2024-06-06 09:57:32 INFO Epoch 294/16000	Training Loss: 0.9319	Time remaining is 613h:51m
2024-06-06 09:59:37 INFO Epoch 295/16000	Training Loss: 0.9325	Time remaining is 613h:36m
2024-06-06 10:01:24 INFO Testing: dataset_name: market1501 top1:0.9543 top5:0.9819 top10:0.9911 mAP:0.8855
2024-06-06 10:03:30 INFO Epoch 296/16000	Training Loss: 0.9320	Time remaining is 614h:55m
2024-06-06 10:05:36 INFO Epoch 297/16000	Training Loss: 0.9321	Time remaining is 614h:39m
2024-06-06 10:07:42 INFO Epoch 298/16000	Training Loss: 0.9318	Time remaining is 614h:24m
2024-06-06 10:09:47 INFO Epoch 299/16000	Training Loss: 0.9281	Time remaining is 614h:8m
2024-06-06 10:11:52 INFO Epoch 300/16000	Training Loss: 0.9277	Time remaining is 613h:52m
2024-06-06 10:13:39 INFO Testing: dataset_name: market1501 top1:0.9513 top5:0.9831 top10:0.9908 mAP:0.8842
2024-06-06 10:15:45 INFO Epoch 301/16000	Training Loss: 0.9323	Time remaining is 615h:10m
2024-06-06 10:17:51 INFO Epoch 302/16000	Training Loss: 0.9319	Time remaining is 614h:54m
2024-06-06 10:19:58 INFO Epoch 303/16000	Training Loss: 0.9309	Time remaining is 614h:39m
2024-06-06 10:22:03 INFO Epoch 304/16000	Training Loss: 0.9310	Time remaining is 614h:24m
2024-06-06 10:24:09 INFO Epoch 305/16000	Training Loss: 0.9311	Time remaining is 614h:9m
2024-06-06 10:25:56 INFO Testing: dataset_name: market1501 top1:0.9531 top5:0.9822 top10:0.9914 mAP:0.8862
2024-06-06 10:28:02 INFO Epoch 306/16000	Training Loss: 0.9308	Time remaining is 615h:25m
2024-06-06 10:30:07 INFO Epoch 307/16000	Training Loss: 0.9269	Time remaining is 615h:9m
2024-06-06 10:32:12 INFO Epoch 308/16000	Training Loss: 0.9250	Time remaining is 614h:53m
2024-06-06 10:34:18 INFO Epoch 309/16000	Training Loss: 0.9303	Time remaining is 614h:38m
2024-06-06 10:36:24 INFO Epoch 310/16000	Training Loss: 0.9316	Time remaining is 614h:23m
2024-06-06 10:38:11 INFO Testing: dataset_name: market1501 top1:0.9546 top5:0.9834 top10:0.9908 mAP:0.8861
2024-06-06 10:40:17 INFO Epoch 311/16000	Training Loss: 0.9302	Time remaining is 615h:38m
2024-06-06 10:42:22 INFO Epoch 312/16000	Training Loss: 0.9264	Time remaining is 615h:22m
2024-06-06 10:44:27 INFO Epoch 313/16000	Training Loss: 0.9252	Time remaining is 615h:6m
2024-06-06 10:46:34 INFO Epoch 314/16000	Training Loss: 0.9349	Time remaining is 614h:52m
2024-06-06 10:48:40 INFO Epoch 315/16000	Training Loss: 0.9309	Time remaining is 614h:37m
2024-06-06 10:50:27 INFO Testing: dataset_name: market1501 top1:0.9528 top5:0.9840 top10:0.9923 mAP:0.8843
2024-06-06 10:52:32 INFO Epoch 316/16000	Training Loss: 0.9262	Time remaining is 615h:50m
2024-06-06 10:54:38 INFO Epoch 317/16000	Training Loss: 0.9310	Time remaining is 615h:35m
2024-06-06 10:56:44 INFO Epoch 318/16000	Training Loss: 0.9260	Time remaining is 615h:19m
2024-06-06 10:58:50 INFO Epoch 319/16000	Training Loss: 0.9296	Time remaining is 615h:4m
2024-06-06 11:00:55 INFO Epoch 320/16000	Training Loss: 0.9303	Time remaining is 614h:49m
2024-06-06 11:02:42 INFO Testing: dataset_name: market1501 top1:0.9519 top5:0.9831 top10:0.9905 mAP:0.8845
2024-06-06 11:04:48 INFO Epoch 321/16000	Training Loss: 0.9296	Time remaining is 616h:2m
2024-06-06 11:06:53 INFO Epoch 322/16000	Training Loss: 0.9253	Time remaining is 615h:46m
2024-06-06 11:08:59 INFO Epoch 323/16000	Training Loss: 0.9300	Time remaining is 615h:31m
2024-06-06 11:11:05 INFO Epoch 324/16000	Training Loss: 0.9296	Time remaining is 615h:17m
2024-06-06 11:13:11 INFO Epoch 325/16000	Training Loss: 0.9254	Time remaining is 615h:1m
2024-06-06 11:14:58 INFO Testing: dataset_name: market1501 top1:0.9528 top5:0.9822 top10:0.9893 mAP:0.8839
2024-06-06 11:17:04 INFO Epoch 326/16000	Training Loss: 0.9310	Time remaining is 616h:13m
2024-06-06 11:19:10 INFO Epoch 327/16000	Training Loss: 0.9302	Time remaining is 615h:58m
2024-06-06 11:21:15 INFO Epoch 328/16000	Training Loss: 0.9298	Time remaining is 615h:43m
2024-06-06 11:23:21 INFO Epoch 329/16000	Training Loss: 0.9288	Time remaining is 615h:28m
2024-06-06 11:25:27 INFO Epoch 330/16000	Training Loss: 0.9290	Time remaining is 615h:14m
2024-06-06 11:27:14 INFO Testing: dataset_name: market1501 top1:0.9525 top5:0.9822 top10:0.9902 mAP:0.8850
2024-06-06 11:29:20 INFO Epoch 331/16000	Training Loss: 0.9246	Time remaining is 616h:23m
2024-06-06 11:31:25 INFO Epoch 332/16000	Training Loss: 0.9239	Time remaining is 616h:8m
2024-06-06 11:33:31 INFO Epoch 333/16000	Training Loss: 0.9285	Time remaining is 615h:54m
2024-06-06 11:35:37 INFO Epoch 334/16000	Training Loss: 0.9295	Time remaining is 615h:39m
2024-06-06 11:37:43 INFO Epoch 335/16000	Training Loss: 0.9344	Time remaining is 615h:25m
2024-06-06 11:39:30 INFO Testing: dataset_name: market1501 top1:0.9546 top5:0.9831 top10:0.9908 mAP:0.8859
2024-06-06 11:41:37 INFO Epoch 336/16000	Training Loss: 0.9293	Time remaining is 616h:34m
2024-06-06 11:43:43 INFO Epoch 337/16000	Training Loss: 0.9337	Time remaining is 616h:20m
2024-06-06 11:45:49 INFO Epoch 338/16000	Training Loss: 0.9252	Time remaining is 616h:5m
2024-06-06 11:47:55 INFO Epoch 339/16000	Training Loss: 0.9287	Time remaining is 615h:51m
2024-06-06 11:50:01 INFO Epoch 340/16000	Training Loss: 0.9291	Time remaining is 615h:37m
2024-06-06 11:51:48 INFO Testing: dataset_name: market1501 top1:0.9519 top5:0.9834 top10:0.9908 mAP:0.8844
2024-06-06 11:53:55 INFO Epoch 341/16000	Training Loss: 0.9341	Time remaining is 616h:45m
2024-06-06 11:56:01 INFO Epoch 342/16000	Training Loss: 0.9292	Time remaining is 616h:30m
2024-06-06 11:58:07 INFO Epoch 343/16000	Training Loss: 0.9296	Time remaining is 616h:16m
2024-06-06 12:00:12 INFO Epoch 344/16000	Training Loss: 0.9290	Time remaining is 616h:2m
2024-06-06 12:02:18 INFO Epoch 345/16000	Training Loss: 0.9284	Time remaining is 615h:47m
2024-06-06 12:04:05 INFO Testing: dataset_name: market1501 top1:0.9525 top5:0.9834 top10:0.9917 mAP:0.8854
2024-06-06 12:06:11 INFO Epoch 346/16000	Training Loss: 0.9237	Time remaining is 616h:53m
2024-06-06 12:08:16 INFO Epoch 347/16000	Training Loss: 0.9287	Time remaining is 616h:39m
2024-06-06 12:10:22 INFO Epoch 348/16000	Training Loss: 0.9306	Time remaining is 616h:25m
2024-06-06 12:12:28 INFO Epoch 349/16000	Training Loss: 0.9247	Time remaining is 616h:10m
2024-06-06 12:14:34 INFO Epoch 350/16000	Training Loss: 0.9278	Time remaining is 615h:57m
2024-06-06 12:16:21 INFO Testing: dataset_name: market1501 top1:0.9522 top5:0.9834 top10:0.9914 mAP:0.8838
2024-06-06 12:18:27 INFO Epoch 351/16000	Training Loss: 0.9280	Time remaining is 617h:2m
2024-06-06 12:20:33 INFO Epoch 352/16000	Training Loss: 0.9271	Time remaining is 616h:48m
2024-06-06 12:22:39 INFO Epoch 353/16000	Training Loss: 0.9237	Time remaining is 616h:33m
2024-06-06 12:24:45 INFO Epoch 354/16000	Training Loss: 0.9277	Time remaining is 616h:19m
2024-06-06 12:26:51 INFO Epoch 355/16000	Training Loss: 0.9279	Time remaining is 616h:5m
2024-06-06 12:28:37 INFO Testing: dataset_name: market1501 top1:0.9528 top5:0.9831 top10:0.9902 mAP:0.8855
2024-06-06 12:30:43 INFO Epoch 356/16000	Training Loss: 0.9272	Time remaining is 617h:9m
2024-06-06 12:32:49 INFO Epoch 357/16000	Training Loss: 0.9230	Time remaining is 616h:55m
2024-06-06 12:34:55 INFO Epoch 358/16000	Training Loss: 0.9279	Time remaining is 616h:41m
2024-06-06 12:37:01 INFO Epoch 359/16000	Training Loss: 0.9265	Time remaining is 616h:27m
2024-06-06 12:39:07 INFO Epoch 360/16000	Training Loss: 0.9278	Time remaining is 616h:13m
2024-06-06 12:40:54 INFO Testing: dataset_name: market1501 top1:0.9543 top5:0.9825 top10:0.9905 mAP:0.8857
2024-06-06 12:43:00 INFO Epoch 361/16000	Training Loss: 0.9286	Time remaining is 617h:17m
2024-06-06 12:45:06 INFO Epoch 362/16000	Training Loss: 0.9269	Time remaining is 617h:3m
2024-06-06 12:47:11 INFO Epoch 363/16000	Training Loss: 0.9224	Time remaining is 616h:48m
2024-06-06 12:49:17 INFO Epoch 364/16000	Training Loss: 0.9269	Time remaining is 616h:35m
2024-06-06 12:51:24 INFO Epoch 365/16000	Training Loss: 0.9330	Time remaining is 616h:21m
2024-06-06 12:53:11 INFO Testing: dataset_name: market1501 top1:0.9519 top5:0.9819 top10:0.9905 mAP:0.8846
2024-06-06 12:55:16 INFO Epoch 366/16000	Training Loss: 0.9234	Time remaining is 617h:23m
2024-06-06 12:57:22 INFO Epoch 367/16000	Training Loss: 0.9266	Time remaining is 617h:9m
2024-06-06 12:59:27 INFO Epoch 368/16000	Training Loss: 0.9230	Time remaining is 616h:55m
2024-06-06 13:01:34 INFO Epoch 369/16000	Training Loss: 0.9277	Time remaining is 616h:41m
2024-06-06 13:03:39 INFO Epoch 370/16000	Training Loss: 0.9275	Time remaining is 616h:28m
2024-06-06 13:05:26 INFO Testing: dataset_name: market1501 top1:0.9510 top5:0.9822 top10:0.9899 mAP:0.8835
2024-06-06 13:07:31 INFO Epoch 371/16000	Training Loss: 0.9220	Time remaining is 617h:29m
2024-06-06 13:09:36 INFO Epoch 372/16000	Training Loss: 0.9214	Time remaining is 617h:14m
2024-06-06 13:11:42 INFO Epoch 373/16000	Training Loss: 0.9272	Time remaining is 617h:0m
2024-06-06 13:13:47 INFO Epoch 374/16000	Training Loss: 0.9220	Time remaining is 616h:46m
2024-06-06 13:15:53 INFO Epoch 375/16000	Training Loss: 0.9270	Time remaining is 616h:33m
2024-06-06 13:17:40 INFO Testing: dataset_name: market1501 top1:0.9528 top5:0.9822 top10:0.9917 mAP:0.8849
2024-06-06 13:19:46 INFO Epoch 376/16000	Training Loss: 0.9260	Time remaining is 617h:33m
2024-06-06 13:21:51 INFO Epoch 377/16000	Training Loss: 0.9218	Time remaining is 617h:19m
2024-06-06 13:23:57 INFO Epoch 378/16000	Training Loss: 0.9220	Time remaining is 617h:5m
2024-06-06 13:26:02 INFO Epoch 379/16000	Training Loss: 0.9232	Time remaining is 616h:51m
2024-06-06 13:28:08 INFO Epoch 380/16000	Training Loss: 0.9278	Time remaining is 616h:37m
2024-06-06 13:29:55 INFO Testing: dataset_name: market1501 top1:0.9528 top5:0.9831 top10:0.9905 mAP:0.8847
2024-06-06 13:32:00 INFO Epoch 381/16000	Training Loss: 0.9271	Time remaining is 617h:37m
2024-06-06 13:34:06 INFO Epoch 382/16000	Training Loss: 0.9269	Time remaining is 617h:23m
2024-06-06 13:36:12 INFO Epoch 383/16000	Training Loss: 0.9268	Time remaining is 617h:10m
2024-06-06 13:38:18 INFO Epoch 384/16000	Training Loss: 0.9270	Time remaining is 616h:56m
2024-06-06 13:40:23 INFO Epoch 385/16000	Training Loss: 0.9221	Time remaining is 616h:42m
2024-06-06 13:42:10 INFO Testing: dataset_name: market1501 top1:0.9528 top5:0.9822 top10:0.9911 mAP:0.8862
2024-06-06 13:44:17 INFO Epoch 386/16000	Training Loss: 0.9308	Time remaining is 617h:41m
2024-06-06 13:46:22 INFO Epoch 387/16000	Training Loss: 0.9220	Time remaining is 617h:27m
2024-06-06 13:48:28 INFO Epoch 388/16000	Training Loss: 0.9308	Time remaining is 617h:15m
2024-06-06 13:50:34 INFO Epoch 389/16000	Training Loss: 0.9265	Time remaining is 617h:1m
2024-06-06 13:52:39 INFO Epoch 390/16000	Training Loss: 0.9209	Time remaining is 616h:47m
2024-06-06 13:54:26 INFO Testing: dataset_name: market1501 top1:0.9537 top5:0.9816 top10:0.9908 mAP:0.8838
2024-06-06 13:56:33 INFO Epoch 391/16000	Training Loss: 0.9267	Time remaining is 617h:46m
2024-06-06 13:58:38 INFO Epoch 392/16000	Training Loss: 0.9211	Time remaining is 617h:32m
2024-06-06 14:00:44 INFO Epoch 393/16000	Training Loss: 0.9210	Time remaining is 617h:18m
2024-06-06 14:02:49 INFO Epoch 394/16000	Training Loss: 0.9251	Time remaining is 617h:5m
2024-06-06 14:04:55 INFO Epoch 395/16000	Training Loss: 0.9213	Time remaining is 616h:51m
2024-06-06 14:06:41 INFO Testing: dataset_name: market1501 top1:0.9501 top5:0.9810 top10:0.9896 mAP:0.8829
2024-06-06 14:08:47 INFO Epoch 396/16000	Training Loss: 0.9221	Time remaining is 617h:48m
2024-06-06 14:10:52 INFO Epoch 397/16000	Training Loss: 0.9213	Time remaining is 617h:34m
2024-06-06 14:12:58 INFO Epoch 398/16000	Training Loss: 0.9256	Time remaining is 617h:21m
2024-06-06 14:15:04 INFO Epoch 399/16000	Training Loss: 0.9210	Time remaining is 617h:8m
2024-06-06 14:17:09 INFO Epoch 400/16000	Training Loss: 0.9205	Time remaining is 616h:55m
2024-06-06 14:18:56 INFO Testing: dataset_name: market1501 top1:0.9537 top5:0.9804 top10:0.9911 mAP:0.8837
2024-06-06 14:21:02 INFO Epoch 401/16000	Training Loss: 0.9253	Time remaining is 617h:51m
2024-06-06 14:23:08 INFO Epoch 402/16000	Training Loss: 0.9254	Time remaining is 617h:38m
2024-06-06 14:25:14 INFO Epoch 403/16000	Training Loss: 0.9195	Time remaining is 617h:24m
2024-06-06 14:27:19 INFO Epoch 404/16000	Training Loss: 0.9258	Time remaining is 617h:11m
2024-06-06 14:29:25 INFO Epoch 405/16000	Training Loss: 0.9250	Time remaining is 616h:58m
2024-06-06 14:31:12 INFO Testing: dataset_name: market1501 top1:0.9510 top5:0.9822 top10:0.9908 mAP:0.8841
2024-06-06 14:33:18 INFO Epoch 406/16000	Training Loss: 0.9257	Time remaining is 617h:54m
2024-06-06 14:35:24 INFO Epoch 407/16000	Training Loss: 0.9252	Time remaining is 617h:41m
2024-06-06 14:37:31 INFO Epoch 408/16000	Training Loss: 0.9245	Time remaining is 617h:28m
2024-06-06 14:39:37 INFO Epoch 409/16000	Training Loss: 0.9260	Time remaining is 617h:15m
2024-06-06 14:41:43 INFO Epoch 410/16000	Training Loss: 0.9263	Time remaining is 617h:3m
