2024-03-30 15:51:13 INFO ##################################################
2024-03-30 15:51:13 INFO Config values: batch_size: 60	current_directory: /home/hy/project/reid_task/ex_main	dataset_name: DukeMTMC-reID	dataset_path: /home/hy/project/data/DukeMTMC-reID	device: cuda	dtype: torch.float32	epoch_start_test: 90	epochs: 120	img_height: 256	img_width: 128	logs_outputs_path: /home/hy/project/reid_task/ex_main/./outputs/logs	models_outputs_path: /home/hy/project/reid_task/ex_main/./outputs/models	np: <module 'numpy' from '/home/hy/anaconda3/envs/py396/lib/python3.9/site-packages/numpy/__init__.py'>	os: <module 'os' from '/home/hy/anaconda3/envs/py396/lib/python3.9/os.py'>	outputs_dir: ./outputs/	outputs_path: /home/hy/project/reid_task/ex_main/./outputs/	print_every: 1	seed: 1	taskname: ReID_Task	temps_outputs_path: /home/hy/project/reid_task/ex_main/./outputs/temps	test_batch_size: 256	test_every: 5	torch: <module 'torch' from '/home/hy/anaconda3/envs/py396/lib/python3.9/site-packages/torch/__init__.py'>
2024-03-30 15:51:13 INFO Task: ReID_Task
2024-03-30 15:51:13 INFO Using device: cuda
2024-03-30 15:51:13 INFO Using data type: torch.float32
2024-03-30 15:51:13 INFO Number of GPUs: 1
2024-03-30 15:51:13 INFO GPU is_available: True
2024-03-30 15:51:13 INFO GPU name: NVIDIA GeForce RTX 3060
2024-03-30 15:51:13 INFO CUDA version: 12.1
2024-03-30 15:51:13 INFO Current device id: 0
2024-03-30 15:51:13 INFO ##################################################
2024-03-30 15:52:51 INFO Epoch 1/120	Training Loss: 9.2409	Time remaining is 3h:15m
2024-03-30 15:54:25 INFO Epoch 2/120	Training Loss: 7.7088	Time remaining is 3h:10m
2024-03-30 15:55:59 INFO Epoch 3/120	Training Loss: 5.7538	Time remaining is 3h:7m
2024-03-30 15:57:33 INFO Epoch 4/120	Training Loss: 4.1635	Time remaining is 3h:5m
2024-03-30 15:59:06 INFO Epoch 5/120	Training Loss: 3.0825	Time remaining is 3h:3m
2024-03-30 16:00:39 INFO Epoch 6/120	Training Loss: 2.5677	Time remaining is 3h:1m
2024-03-30 16:02:12 INFO Epoch 7/120	Training Loss: 2.3406	Time remaining is 2h:59m
2024-03-30 16:03:45 INFO Epoch 8/120	Training Loss: 2.2552	Time remaining is 2h:57m
2024-03-30 16:05:18 INFO Epoch 9/120	Training Loss: 2.1980	Time remaining is 2h:55m
2024-03-30 16:06:52 INFO Epoch 10/120	Training Loss: 2.1768	Time remaining is 2h:54m
2024-03-30 16:08:25 INFO Epoch 11/120	Training Loss: 2.1600	Time remaining is 2h:52m
2024-03-30 16:09:59 INFO Epoch 12/120	Training Loss: 2.1301	Time remaining is 2h:50m
2024-03-30 16:11:32 INFO Epoch 13/120	Training Loss: 2.0939	Time remaining is 2h:49m
2024-03-30 16:13:05 INFO Epoch 14/120	Training Loss: 2.0795	Time remaining is 2h:47m
2024-03-30 16:14:38 INFO Epoch 15/120	Training Loss: 2.0750	Time remaining is 2h:45m
2024-03-30 16:16:12 INFO Epoch 16/120	Training Loss: 2.0546	Time remaining is 2h:44m
2024-03-30 16:17:45 INFO Epoch 17/120	Training Loss: 2.0424	Time remaining is 2h:42m
2024-03-30 16:19:19 INFO Epoch 18/120	Training Loss: 2.0547	Time remaining is 2h:41m
2024-03-30 16:20:53 INFO Epoch 19/120	Training Loss: 2.0707	Time remaining is 2h:39m
2024-03-30 16:22:25 INFO Epoch 20/120	Training Loss: 2.0291	Time remaining is 2h:38m
2024-03-30 16:23:59 INFO Epoch 21/120	Training Loss: 2.0465	Time remaining is 2h:36m
2024-03-30 16:25:32 INFO Epoch 22/120	Training Loss: 2.0514	Time remaining is 2h:34m
2024-03-30 16:27:05 INFO Epoch 23/120	Training Loss: 2.0465	Time remaining is 2h:33m
2024-03-30 16:28:39 INFO Epoch 24/120	Training Loss: 2.0386	Time remaining is 2h:31m
2024-03-30 16:30:12 INFO Epoch 25/120	Training Loss: 2.0529	Time remaining is 2h:30m
2024-03-30 16:31:46 INFO Epoch 26/120	Training Loss: 2.0583	Time remaining is 2h:28m
2024-03-30 16:33:20 INFO Epoch 27/120	Training Loss: 2.0391	Time remaining is 2h:27m
2024-03-30 16:34:54 INFO Epoch 28/120	Training Loss: 2.0297	Time remaining is 2h:25m
2024-03-30 16:36:28 INFO Epoch 29/120	Training Loss: 2.0362	Time remaining is 2h:24m
2024-03-30 16:38:01 INFO Epoch 30/120	Training Loss: 2.0259	Time remaining is 2h:22m
2024-03-30 16:39:35 INFO Epoch 31/120	Training Loss: 2.0516	Time remaining is 2h:20m
2024-03-30 16:41:08 INFO Epoch 32/120	Training Loss: 2.0093	Time remaining is 2h:19m
2024-03-30 16:42:42 INFO Epoch 33/120	Training Loss: 2.0344	Time remaining is 2h:17m
2024-03-30 16:44:15 INFO Epoch 34/120	Training Loss: 2.0009	Time remaining is 2h:16m
2024-03-30 16:45:47 INFO Epoch 35/120	Training Loss: 1.9918	Time remaining is 2h:14m
2024-03-30 16:47:21 INFO Epoch 36/120	Training Loss: 2.0055	Time remaining is 2h:13m
2024-03-30 16:48:54 INFO Epoch 37/120	Training Loss: 1.9969	Time remaining is 2h:11m
2024-03-30 16:50:26 INFO Epoch 38/120	Training Loss: 1.9905	Time remaining is 2h:9m
2024-03-30 16:52:00 INFO Epoch 39/120	Training Loss: 1.9886	Time remaining is 2h:8m
2024-03-30 16:53:33 INFO Epoch 40/120	Training Loss: 1.9844	Time remaining is 2h:6m
2024-03-30 16:55:06 INFO Epoch 41/120	Training Loss: 1.9463	Time remaining is 2h:5m
2024-03-30 16:56:40 INFO Epoch 42/120	Training Loss: 1.8820	Time remaining is 2h:3m
2024-03-30 16:58:13 INFO Epoch 43/120	Training Loss: 1.8745	Time remaining is 2h:2m
2024-03-30 16:59:47 INFO Epoch 44/120	Training Loss: 1.8581	Time remaining is 1h:60m
2024-03-30 17:01:20 INFO Epoch 45/120	Training Loss: 1.8610	Time remaining is 1h:58m
2024-03-30 17:02:53 INFO Epoch 46/120	Training Loss: 1.8496	Time remaining is 1h:57m
2024-03-30 17:04:26 INFO Epoch 47/120	Training Loss: 1.8467	Time remaining is 1h:55m
2024-03-30 17:05:59 INFO Epoch 48/120	Training Loss: 1.8425	Time remaining is 1h:54m
2024-03-30 17:07:32 INFO Epoch 49/120	Training Loss: 1.8322	Time remaining is 1h:52m
2024-03-30 17:09:05 INFO Epoch 50/120	Training Loss: 1.8376	Time remaining is 1h:51m
2024-03-30 17:10:39 INFO Epoch 51/120	Training Loss: 1.8380	Time remaining is 1h:49m
2024-03-30 17:12:11 INFO Epoch 52/120	Training Loss: 1.8294	Time remaining is 1h:47m
2024-03-30 17:13:45 INFO Epoch 53/120	Training Loss: 1.8420	Time remaining is 1h:46m
2024-03-30 17:15:19 INFO Epoch 54/120	Training Loss: 1.8411	Time remaining is 1h:44m
2024-03-30 17:16:52 INFO Epoch 55/120	Training Loss: 1.8388	Time remaining is 1h:43m
2024-03-30 17:18:26 INFO Epoch 56/120	Training Loss: 1.8432	Time remaining is 1h:41m
2024-03-30 17:19:59 INFO Epoch 57/120	Training Loss: 1.8282	Time remaining is 1h:40m
2024-03-30 17:21:33 INFO Epoch 58/120	Training Loss: 1.8367	Time remaining is 1h:38m
2024-03-30 17:23:07 INFO Epoch 59/120	Training Loss: 1.8342	Time remaining is 1h:37m
2024-03-30 17:24:40 INFO Epoch 60/120	Training Loss: 1.8276	Time remaining is 1h:35m
2024-03-30 17:26:13 INFO Epoch 61/120	Training Loss: 1.8240	Time remaining is 1h:33m
2024-03-30 17:27:46 INFO Epoch 62/120	Training Loss: 1.8325	Time remaining is 1h:32m
2024-03-30 17:29:20 INFO Epoch 63/120	Training Loss: 1.8393	Time remaining is 1h:30m
2024-03-30 17:30:53 INFO Epoch 64/120	Training Loss: 1.8316	Time remaining is 1h:29m
2024-03-30 17:32:27 INFO Epoch 65/120	Training Loss: 1.8306	Time remaining is 1h:27m
2024-03-30 17:34:00 INFO Epoch 66/120	Training Loss: 1.8360	Time remaining is 1h:26m
2024-03-30 17:35:34 INFO Epoch 67/120	Training Loss: 1.8297	Time remaining is 1h:24m
2024-03-30 17:37:08 INFO Epoch 68/120	Training Loss: 1.8271	Time remaining is 1h:23m
2024-03-30 17:38:42 INFO Epoch 69/120	Training Loss: 1.8340	Time remaining is 1h:21m
2024-03-30 17:40:16 INFO Epoch 70/120	Training Loss: 1.8258	Time remaining is 1h:19m
2024-03-30 17:41:49 INFO Epoch 71/120	Training Loss: 1.8228	Time remaining is 1h:18m
2024-03-30 17:43:23 INFO Epoch 72/120	Training Loss: 1.8267	Time remaining is 1h:16m
2024-03-30 17:44:57 INFO Epoch 73/120	Training Loss: 1.8173	Time remaining is 1h:15m
2024-03-30 17:46:30 INFO Epoch 74/120	Training Loss: 1.8107	Time remaining is 1h:13m
2024-03-30 17:48:03 INFO Epoch 75/120	Training Loss: 1.8153	Time remaining is 1h:12m
2024-03-30 17:49:39 INFO Epoch 76/120	Training Loss: 1.8232	Time remaining is 1h:10m
2024-03-30 17:51:14 INFO Epoch 77/120	Training Loss: 1.8149	Time remaining is 1h:9m
2024-03-30 17:52:52 INFO Epoch 78/120	Training Loss: 1.8146	Time remaining is 1h:7m
2024-03-30 17:54:26 INFO Epoch 79/120	Training Loss: 1.8217	Time remaining is 1h:6m
2024-03-30 17:56:00 INFO Epoch 80/120	Training Loss: 1.8136	Time remaining is 1h:4m
2024-03-30 17:57:33 INFO Epoch 81/120	Training Loss: 1.8059	Time remaining is 1h:2m
2024-03-30 17:59:06 INFO Epoch 82/120	Training Loss: 1.7977	Time remaining is 1h:1m
2024-03-30 18:00:40 INFO Epoch 83/120	Training Loss: 1.8133	Time remaining is 0h:59m
2024-03-30 18:02:14 INFO Epoch 84/120	Training Loss: 1.8132	Time remaining is 0h:58m
2024-03-30 18:03:47 INFO Epoch 85/120	Training Loss: 1.8129	Time remaining is 0h:56m
2024-03-30 18:05:21 INFO Epoch 86/120	Training Loss: 1.8127	Time remaining is 0h:55m
2024-03-30 18:06:54 INFO Epoch 87/120	Training Loss: 1.8199	Time remaining is 0h:53m
2024-03-30 18:08:28 INFO Epoch 88/120	Training Loss: 1.8045	Time remaining is 0h:51m
2024-03-30 18:10:01 INFO Epoch 89/120	Training Loss: 1.8122	Time remaining is 0h:50m
2024-03-30 18:11:35 INFO Epoch 90/120	Training Loss: 1.8110	Time remaining is 0h:48m
2024-03-30 18:12:25 INFO Testing: dataset_name: DukeMTMC-reID top1:0.8954 top5:0.9511 top10:0.9650 mAP:0.7863
2024-03-30 18:13:58 INFO Epoch 91/120	Training Loss: 1.8035	Time remaining is 0h:47m
2024-03-30 18:15:31 INFO Epoch 92/120	Training Loss: 1.8034	Time remaining is 0h:45m
2024-03-30 18:17:05 INFO Epoch 93/120	Training Loss: 1.8027	Time remaining is 0h:44m
2024-03-30 18:18:39 INFO Epoch 94/120	Training Loss: 1.8184	Time remaining is 0h:42m
2024-03-30 18:20:14 INFO Epoch 95/120	Training Loss: 1.8110	Time remaining is 0h:41m
2024-03-30 18:21:01 INFO Testing: dataset_name: DukeMTMC-reID top1:0.8986 top5:0.9506 top10:0.9663 mAP:0.7884
2024-03-30 18:22:36 INFO Epoch 96/120	Training Loss: 1.8180	Time remaining is 0h:39m
2024-03-30 18:24:12 INFO Epoch 97/120	Training Loss: 1.8029	Time remaining is 0h:38m
2024-03-30 18:25:49 INFO Epoch 98/120	Training Loss: 1.8027	Time remaining is 0h:36m
2024-03-30 18:27:28 INFO Epoch 99/120	Training Loss: 1.8087	Time remaining is 0h:35m
2024-03-30 18:29:07 INFO Epoch 100/120	Training Loss: 1.7952	Time remaining is 0h:33m
2024-03-30 18:29:54 INFO Testing: dataset_name: DukeMTMC-reID top1:0.8968 top5:0.9520 top10:0.9677 mAP:0.7873
2024-03-30 18:31:33 INFO Epoch 101/120	Training Loss: 1.8026	Time remaining is 0h:32m
2024-03-30 18:33:06 INFO Epoch 102/120	Training Loss: 1.8034	Time remaining is 0h:30m
2024-03-30 18:34:39 INFO Epoch 103/120	Training Loss: 1.8020	Time remaining is 0h:29m
2024-03-30 18:36:13 INFO Epoch 104/120	Training Loss: 1.8102	Time remaining is 0h:27m
2024-03-30 18:37:46 INFO Epoch 105/120	Training Loss: 1.8025	Time remaining is 0h:25m
2024-03-30 18:38:34 INFO Testing: dataset_name: DukeMTMC-reID top1:0.8963 top5:0.9515 top10:0.9672 mAP:0.7882
2024-03-30 18:40:07 INFO Epoch 106/120	Training Loss: 1.8033	Time remaining is 0h:24m
2024-03-30 18:41:41 INFO Epoch 107/120	Training Loss: 1.8092	Time remaining is 0h:22m
2024-03-30 18:43:14 INFO Epoch 108/120	Training Loss: 1.8088	Time remaining is 0h:21m
2024-03-30 18:44:48 INFO Epoch 109/120	Training Loss: 1.8084	Time remaining is 0h:19m
2024-03-30 18:46:22 INFO Epoch 110/120	Training Loss: 1.8172	Time remaining is 0h:18m
2024-03-30 18:47:09 INFO Testing: dataset_name: DukeMTMC-reID top1:0.8999 top5:0.9515 top10:0.9686 mAP:0.7898
2024-03-30 18:48:43 INFO Epoch 111/120	Training Loss: 1.8091	Time remaining is 0h:16m
2024-03-30 18:50:17 INFO Epoch 112/120	Training Loss: 1.8077	Time remaining is 0h:14m
2024-03-30 18:51:50 INFO Epoch 113/120	Training Loss: 1.8003	Time remaining is 0h:13m
2024-03-30 18:53:23 INFO Epoch 114/120	Training Loss: 1.8007	Time remaining is 0h:11m
2024-03-30 18:54:57 INFO Epoch 115/120	Training Loss: 1.8082	Time remaining is 0h:10m
2024-03-30 18:55:44 INFO Testing: dataset_name: DukeMTMC-reID top1:0.8972 top5:0.9524 top10:0.9699 mAP:0.7896
2024-03-30 18:57:17 INFO Epoch 116/120	Training Loss: 1.8092	Time remaining is 0h:8m
2024-03-30 18:58:51 INFO Epoch 117/120	Training Loss: 1.8152	Time remaining is 0h:6m
2024-03-30 19:00:26 INFO Epoch 118/120	Training Loss: 1.8143	Time remaining is 0h:5m
2024-03-30 19:01:58 INFO Epoch 119/120	Training Loss: 1.7928	Time remaining is 0h:3m
2024-03-30 19:03:32 INFO Epoch 120/120	Training Loss: 1.8075	Time remaining is 0h:2m
2024-03-30 19:04:19 INFO Testing: dataset_name: DukeMTMC-reID top1:0.8986 top5:0.9511 top10:0.9695 mAP:0.7899
2024-03-30 19:04:19 INFO The running time of training: 1.15869e+04 s
