2024-04-18 02:26:13 INFO ##################################################
2024-04-18 02:26:13 INFO Config values: batch_size: 60	current_directory: /home/hy/project/reid_task/ex_main-n2	dataset_name: DukeMTMC-reID	dataset_path: /home/hy/project/data/DukeMTMC-reID	device: cuda	dtype: torch.float32	epoch_start_test: 90	epochs: 160	img_height: 256	img_width: 128	logs_outputs_path: /home/hy/project/reid_task/ex_main-n2/./outputs/logs	models_outputs_path: /home/hy/project/reid_task/ex_main-n2/./outputs/models	np: <module 'numpy' from '/home/hy/anaconda3/envs/py396/lib/python3.9/site-packages/numpy/__init__.py'>	os: <module 'os' from '/home/hy/anaconda3/envs/py396/lib/python3.9/os.py'>	outputs_dir: ./outputs/	outputs_path: /home/hy/project/reid_task/ex_main-n2/./outputs/	print_every: 1	seed: 3	taskname: ReID_Task	temps_outputs_path: /home/hy/project/reid_task/ex_main-n2/./outputs/temps	test_batch_size: 256	test_every: 5	torch: <module 'torch' from '/home/hy/anaconda3/envs/py396/lib/python3.9/site-packages/torch/__init__.py'>
2024-04-18 02:26:13 INFO Task: ReID_Task
2024-04-18 02:26:13 INFO Using device: cuda
2024-04-18 02:26:13 INFO Using data type: torch.float32
2024-04-18 02:26:13 INFO Number of GPUs: 1
2024-04-18 02:26:13 INFO GPU is_available: True
2024-04-18 02:26:13 INFO GPU name: NVIDIA GeForce RTX 3060
2024-04-18 02:26:13 INFO CUDA version: 12.1
2024-04-18 02:26:13 INFO Current device id: 0
2024-04-18 02:26:13 INFO ##################################################
2024-04-18 02:28:07 INFO Epoch 1/160	Training Loss: 9.2536	Time remaining is 5h:2m
2024-04-18 02:29:58 INFO Epoch 2/160	Training Loss: 7.7019	Time remaining is 4h:57m
2024-04-18 02:31:50 INFO Epoch 3/160	Training Loss: 5.8432	Time remaining is 4h:55m
2024-04-18 02:33:41 INFO Epoch 4/160	Training Loss: 4.2827	Time remaining is 4h:53m
2024-04-18 02:35:33 INFO Epoch 5/160	Training Loss: 3.2528	Time remaining is 4h:51m
2024-04-18 02:37:25 INFO Epoch 6/160	Training Loss: 2.6932	Time remaining is 4h:49m
2024-04-18 02:39:17 INFO Epoch 7/160	Training Loss: 2.4717	Time remaining is 4h:47m
2024-04-18 02:41:09 INFO Epoch 8/160	Training Loss: 2.3487	Time remaining is 4h:45m
2024-04-18 02:43:01 INFO Epoch 9/160	Training Loss: 2.2991	Time remaining is 4h:44m
2024-04-18 02:44:54 INFO Epoch 10/160	Training Loss: 2.2479	Time remaining is 4h:42m
2024-04-18 02:46:46 INFO Epoch 11/160	Training Loss: 2.2339	Time remaining is 4h:40m
2024-04-18 02:48:38 INFO Epoch 12/160	Training Loss: 2.1869	Time remaining is 4h:38m
2024-04-18 02:50:30 INFO Epoch 13/160	Training Loss: 2.1423	Time remaining is 4h:36m
2024-04-18 02:52:23 INFO Epoch 14/160	Training Loss: 2.1394	Time remaining is 4h:35m
2024-04-18 02:54:14 INFO Epoch 15/160	Training Loss: 2.1078	Time remaining is 4h:33m
2024-04-18 02:56:06 INFO Epoch 16/160	Training Loss: 2.0952	Time remaining is 4h:31m
2024-04-18 02:57:57 INFO Epoch 17/160	Training Loss: 2.0921	Time remaining is 4h:29m
2024-04-18 02:59:49 INFO Epoch 18/160	Training Loss: 2.0991	Time remaining is 4h:27m
2024-04-18 03:01:40 INFO Epoch 19/160	Training Loss: 2.0725	Time remaining is 4h:25m
2024-04-18 03:03:32 INFO Epoch 20/160	Training Loss: 2.0691	Time remaining is 4h:23m
2024-04-18 03:05:23 INFO Epoch 21/160	Training Loss: 2.0757	Time remaining is 4h:21m
2024-04-18 03:07:14 INFO Epoch 22/160	Training Loss: 2.0630	Time remaining is 4h:19m
2024-04-18 03:09:06 INFO Epoch 23/160	Training Loss: 2.0703	Time remaining is 4h:17m
2024-04-18 03:10:58 INFO Epoch 24/160	Training Loss: 2.0605	Time remaining is 4h:15m
2024-04-18 03:12:49 INFO Epoch 25/160	Training Loss: 2.0608	Time remaining is 4h:13m
2024-04-18 03:14:41 INFO Epoch 26/160	Training Loss: 2.0585	Time remaining is 4h:12m
2024-04-18 03:16:32 INFO Epoch 27/160	Training Loss: 2.0517	Time remaining is 4h:10m
2024-04-18 03:18:24 INFO Epoch 28/160	Training Loss: 2.0526	Time remaining is 4h:8m
2024-04-18 03:20:16 INFO Epoch 29/160	Training Loss: 2.0589	Time remaining is 4h:6m
2024-04-18 03:22:08 INFO Epoch 30/160	Training Loss: 2.0433	Time remaining is 4h:4m
2024-04-18 03:24:00 INFO Epoch 31/160	Training Loss: 2.0542	Time remaining is 4h:2m
2024-04-18 03:25:52 INFO Epoch 32/160	Training Loss: 2.0283	Time remaining is 4h:0m
2024-04-18 03:27:44 INFO Epoch 33/160	Training Loss: 2.0534	Time remaining is 3h:59m
2024-04-18 03:29:37 INFO Epoch 34/160	Training Loss: 2.0309	Time remaining is 3h:57m
2024-04-18 03:31:29 INFO Epoch 35/160	Training Loss: 2.0302	Time remaining is 3h:55m
2024-04-18 03:33:21 INFO Epoch 36/160	Training Loss: 2.0385	Time remaining is 3h:53m
2024-04-18 03:35:13 INFO Epoch 37/160	Training Loss: 2.0275	Time remaining is 3h:51m
2024-04-18 03:37:05 INFO Epoch 38/160	Training Loss: 2.0245	Time remaining is 3h:49m
2024-04-18 03:38:57 INFO Epoch 39/160	Training Loss: 2.0123	Time remaining is 3h:47m
2024-04-18 03:40:49 INFO Epoch 40/160	Training Loss: 2.0190	Time remaining is 3h:46m
2024-04-18 03:42:41 INFO Epoch 41/160	Training Loss: 1.9539	Time remaining is 3h:44m
2024-04-18 03:44:33 INFO Epoch 42/160	Training Loss: 1.9014	Time remaining is 3h:42m
2024-04-18 03:46:25 INFO Epoch 43/160	Training Loss: 1.8776	Time remaining is 3h:40m
2024-04-18 03:48:17 INFO Epoch 44/160	Training Loss: 1.8751	Time remaining is 3h:38m
2024-04-18 03:50:10 INFO Epoch 45/160	Training Loss: 1.8744	Time remaining is 3h:36m
2024-04-18 03:52:03 INFO Epoch 46/160	Training Loss: 1.8774	Time remaining is 3h:35m
2024-04-18 03:53:55 INFO Epoch 47/160	Training Loss: 1.8682	Time remaining is 3h:33m
2024-04-18 03:55:47 INFO Epoch 48/160	Training Loss: 1.8573	Time remaining is 3h:31m
2024-04-18 03:57:39 INFO Epoch 49/160	Training Loss: 1.8537	Time remaining is 3h:29m
2024-04-18 03:59:31 INFO Epoch 50/160	Training Loss: 1.8587	Time remaining is 3h:27m
2024-04-18 04:01:24 INFO Epoch 51/160	Training Loss: 1.8557	Time remaining is 3h:25m
2024-04-18 04:03:17 INFO Epoch 52/160	Training Loss: 1.8561	Time remaining is 3h:23m
2024-04-18 04:05:09 INFO Epoch 53/160	Training Loss: 1.8536	Time remaining is 3h:22m
2024-04-18 04:07:02 INFO Epoch 54/160	Training Loss: 1.8439	Time remaining is 3h:20m
2024-04-18 04:08:55 INFO Epoch 55/160	Training Loss: 1.8505	Time remaining is 3h:18m
2024-04-18 04:10:48 INFO Epoch 56/160	Training Loss: 1.8467	Time remaining is 3h:16m
2024-04-18 04:12:41 INFO Epoch 57/160	Training Loss: 1.8422	Time remaining is 3h:14m
2024-04-18 04:14:33 INFO Epoch 58/160	Training Loss: 1.8397	Time remaining is 3h:12m
2024-04-18 04:16:26 INFO Epoch 59/160	Training Loss: 1.8247	Time remaining is 3h:11m
2024-04-18 04:18:18 INFO Epoch 60/160	Training Loss: 1.8481	Time remaining is 3h:9m
2024-04-18 04:20:12 INFO Epoch 61/160	Training Loss: 1.8442	Time remaining is 3h:7m
2024-04-18 04:22:05 INFO Epoch 62/160	Training Loss: 1.8440	Time remaining is 3h:5m
2024-04-18 04:23:59 INFO Epoch 63/160	Training Loss: 1.8475	Time remaining is 3h:3m
2024-04-18 04:25:53 INFO Epoch 64/160	Training Loss: 1.8411	Time remaining is 3h:1m
2024-04-18 04:27:47 INFO Epoch 65/160	Training Loss: 1.8518	Time remaining is 2h:60m
2024-04-18 04:29:40 INFO Epoch 66/160	Training Loss: 1.8359	Time remaining is 2h:58m
2024-04-18 04:31:32 INFO Epoch 67/160	Training Loss: 1.8270	Time remaining is 2h:56m
2024-04-18 04:33:27 INFO Epoch 68/160	Training Loss: 1.8392	Time remaining is 2h:54m
2024-04-18 04:35:20 INFO Epoch 69/160	Training Loss: 1.8332	Time remaining is 2h:52m
2024-04-18 04:37:14 INFO Epoch 70/160	Training Loss: 1.8448	Time remaining is 2h:50m
2024-04-18 04:39:08 INFO Epoch 71/160	Training Loss: 1.8443	Time remaining is 2h:48m
2024-04-18 04:41:02 INFO Epoch 72/160	Training Loss: 1.8163	Time remaining is 2h:47m
2024-04-18 04:42:54 INFO Epoch 73/160	Training Loss: 1.8312	Time remaining is 2h:45m
2024-04-18 04:44:47 INFO Epoch 74/160	Training Loss: 1.8267	Time remaining is 2h:43m
2024-04-18 04:46:39 INFO Epoch 75/160	Training Loss: 1.8122	Time remaining is 2h:41m
2024-04-18 04:48:32 INFO Epoch 76/160	Training Loss: 1.8138	Time remaining is 2h:39m
2024-04-18 04:50:25 INFO Epoch 77/160	Training Loss: 1.8264	Time remaining is 2h:37m
2024-04-18 04:52:17 INFO Epoch 78/160	Training Loss: 1.8119	Time remaining is 2h:35m
2024-04-18 04:54:10 INFO Epoch 79/160	Training Loss: 1.8183	Time remaining is 2h:34m
2024-04-18 04:56:04 INFO Epoch 80/160	Training Loss: 1.8276	Time remaining is 2h:32m
2024-04-18 04:57:56 INFO Epoch 81/160	Training Loss: 1.8201	Time remaining is 2h:30m
2024-04-18 04:59:49 INFO Epoch 82/160	Training Loss: 1.8180	Time remaining is 2h:28m
2024-04-18 05:01:43 INFO Epoch 83/160	Training Loss: 1.8398	Time remaining is 2h:26m
2024-04-18 05:03:35 INFO Epoch 84/160	Training Loss: 1.8085	Time remaining is 2h:24m
2024-04-18 05:05:28 INFO Epoch 85/160	Training Loss: 1.8160	Time remaining is 2h:22m
2024-04-18 05:07:21 INFO Epoch 86/160	Training Loss: 1.8243	Time remaining is 2h:21m
2024-04-18 05:09:15 INFO Epoch 87/160	Training Loss: 1.8248	Time remaining is 2h:19m
2024-04-18 05:11:08 INFO Epoch 88/160	Training Loss: 1.8180	Time remaining is 2h:17m
2024-04-18 05:13:01 INFO Epoch 89/160	Training Loss: 1.8243	Time remaining is 2h:15m
2024-04-18 05:14:54 INFO Epoch 90/160	Training Loss: 1.8178	Time remaining is 2h:13m
2024-04-18 05:16:14 INFO Testing: dataset_name: DukeMTMC-reID top1:0.8869 top5:0.9470 top10:0.9623 mAP:0.7826
2024-04-18 05:18:06 INFO Epoch 91/160	Training Loss: 1.8161	Time remaining is 2h:12m
2024-04-18 05:20:00 INFO Epoch 92/160	Training Loss: 1.8310	Time remaining is 2h:10m
2024-04-18 05:21:53 INFO Epoch 93/160	Training Loss: 1.8087	Time remaining is 2h:8m
2024-04-18 05:23:46 INFO Epoch 94/160	Training Loss: 1.8106	Time remaining is 2h:7m
2024-04-18 05:25:38 INFO Epoch 95/160	Training Loss: 1.8175	Time remaining is 2h:5m
2024-04-18 05:26:58 INFO Testing: dataset_name: DukeMTMC-reID top1:0.8900 top5:0.9493 top10:0.9654 mAP:0.7857
2024-04-18 05:28:51 INFO Epoch 96/160	Training Loss: 1.8232	Time remaining is 2h:4m
2024-04-18 05:30:44 INFO Epoch 97/160	Training Loss: 1.8062	Time remaining is 2h:2m
2024-04-18 05:32:37 INFO Epoch 98/160	Training Loss: 1.8231	Time remaining is 1h:60m
2024-04-18 05:34:31 INFO Epoch 99/160	Training Loss: 1.8247	Time remaining is 1h:58m
2024-04-18 05:36:24 INFO Epoch 100/160	Training Loss: 1.8226	Time remaining is 1h:56m
2024-04-18 05:37:43 INFO Testing: dataset_name: DukeMTMC-reID top1:0.8887 top5:0.9506 top10:0.9650 mAP:0.7860
2024-04-18 05:39:36 INFO Epoch 101/160	Training Loss: 1.8155	Time remaining is 1h:55m
2024-04-18 05:41:29 INFO Epoch 102/160	Training Loss: 1.8159	Time remaining is 1h:53m
2024-04-18 05:43:21 INFO Epoch 103/160	Training Loss: 1.8130	Time remaining is 1h:51m
2024-04-18 05:45:15 INFO Epoch 104/160	Training Loss: 1.8214	Time remaining is 1h:49m
2024-04-18 05:47:07 INFO Epoch 105/160	Training Loss: 1.8144	Time remaining is 1h:47m
2024-04-18 05:48:27 INFO Testing: dataset_name: DukeMTMC-reID top1:0.8900 top5:0.9502 top10:0.9659 mAP:0.7879
2024-04-18 05:50:20 INFO Epoch 106/160	Training Loss: 1.8225	Time remaining is 1h:46m
2024-04-18 05:52:13 INFO Epoch 107/160	Training Loss: 1.8138	Time remaining is 1h:44m
2024-04-18 05:54:06 INFO Epoch 108/160	Training Loss: 1.8201	Time remaining is 1h:42m
2024-04-18 05:55:59 INFO Epoch 109/160	Training Loss: 1.8146	Time remaining is 1h:40m
2024-04-18 05:57:52 INFO Epoch 110/160	Training Loss: 1.8150	Time remaining is 1h:38m
2024-04-18 05:59:12 INFO Testing: dataset_name: DukeMTMC-reID top1:0.8860 top5:0.9493 top10:0.9659 mAP:0.7874
2024-04-18 06:01:05 INFO Epoch 111/160	Training Loss: 1.8134	Time remaining is 1h:37m
2024-04-18 06:02:58 INFO Epoch 112/160	Training Loss: 1.8211	Time remaining is 1h:35m
2024-04-18 06:04:53 INFO Epoch 113/160	Training Loss: 1.8285	Time remaining is 1h:33m
2024-04-18 06:06:46 INFO Epoch 114/160	Training Loss: 1.8205	Time remaining is 1h:31m
2024-04-18 06:08:40 INFO Epoch 115/160	Training Loss: 1.8140	Time remaining is 1h:29m
2024-04-18 06:10:00 INFO Testing: dataset_name: DukeMTMC-reID top1:0.8891 top5:0.9493 top10:0.9677 mAP:0.7868
2024-04-18 06:11:53 INFO Epoch 116/160	Training Loss: 1.8205	Time remaining is 1h:28m
2024-04-18 06:13:46 INFO Epoch 117/160	Training Loss: 1.8202	Time remaining is 1h:26m
2024-04-18 06:15:39 INFO Epoch 118/160	Training Loss: 1.8214	Time remaining is 1h:24m
2024-04-18 06:17:32 INFO Epoch 119/160	Training Loss: 1.8211	Time remaining is 1h:22m
2024-04-18 06:19:25 INFO Epoch 120/160	Training Loss: 1.8125	Time remaining is 1h:20m
2024-04-18 06:20:45 INFO Testing: dataset_name: DukeMTMC-reID top1:0.8896 top5:0.9493 top10:0.9650 mAP:0.7880
2024-04-18 06:22:38 INFO Epoch 121/160	Training Loss: 1.8130	Time remaining is 1h:18m
2024-04-18 06:24:32 INFO Epoch 122/160	Training Loss: 1.8344	Time remaining is 1h:16m
2024-04-18 06:26:25 INFO Epoch 123/160	Training Loss: 1.8202	Time remaining is 1h:14m
2024-04-18 06:28:18 INFO Epoch 124/160	Training Loss: 1.8120	Time remaining is 1h:12m
2024-04-18 06:30:11 INFO Epoch 125/160	Training Loss: 1.8131	Time remaining is 1h:10m
2024-04-18 06:31:31 INFO Testing: dataset_name: DukeMTMC-reID top1:0.8851 top5:0.9506 top10:0.9659 mAP:0.7868
2024-04-18 06:33:25 INFO Epoch 126/160	Training Loss: 1.8269	Time remaining is 1h:9m
2024-04-18 06:35:18 INFO Epoch 127/160	Training Loss: 1.8204	Time remaining is 1h:7m
2024-04-18 06:37:11 INFO Epoch 128/160	Training Loss: 1.8128	Time remaining is 1h:5m
2024-04-18 06:39:04 INFO Epoch 129/160	Training Loss: 1.8116	Time remaining is 1h:3m
2024-04-18 06:40:57 INFO Epoch 130/160	Training Loss: 1.8194	Time remaining is 1h:1m
2024-04-18 06:42:16 INFO Testing: dataset_name: DukeMTMC-reID top1:0.8918 top5:0.9506 top10:0.9663 mAP:0.7885
2024-04-18 06:44:10 INFO Epoch 131/160	Training Loss: 1.8202	Time remaining is 0h:59m
2024-04-18 06:46:04 INFO Epoch 132/160	Training Loss: 1.8189	Time remaining is 0h:57m
2024-04-18 06:47:57 INFO Epoch 133/160	Training Loss: 1.8109	Time remaining is 0h:55m
2024-04-18 06:49:50 INFO Epoch 134/160	Training Loss: 1.8121	Time remaining is 0h:53m
2024-04-18 06:51:44 INFO Epoch 135/160	Training Loss: 1.8259	Time remaining is 0h:51m
2024-04-18 06:53:04 INFO Testing: dataset_name: DukeMTMC-reID top1:0.8891 top5:0.9497 top10:0.9659 mAP:0.7886
2024-04-18 06:54:58 INFO Epoch 136/160	Training Loss: 1.8200	Time remaining is 0h:49m
2024-04-18 06:56:51 INFO Epoch 137/160	Training Loss: 1.8109	Time remaining is 0h:47m
2024-04-18 06:58:45 INFO Epoch 138/160	Training Loss: 1.8240	Time remaining is 0h:45m
2024-04-18 07:00:38 INFO Epoch 139/160	Training Loss: 1.8132	Time remaining is 0h:43m
2024-04-18 07:02:31 INFO Epoch 140/160	Training Loss: 1.8175	Time remaining is 0h:41m
2024-04-18 07:03:51 INFO Testing: dataset_name: DukeMTMC-reID top1:0.8927 top5:0.9497 top10:0.9659 mAP:0.7903
2024-04-18 07:05:44 INFO Epoch 141/160	Training Loss: 1.8255	Time remaining is 0h:40m
2024-04-18 07:07:37 INFO Epoch 142/160	Training Loss: 1.8166	Time remaining is 0h:38m
2024-04-18 07:09:30 INFO Epoch 143/160	Training Loss: 1.8168	Time remaining is 0h:36m
2024-04-18 07:11:23 INFO Epoch 144/160	Training Loss: 1.8109	Time remaining is 0h:34m
2024-04-18 07:13:16 INFO Epoch 145/160	Training Loss: 1.8167	Time remaining is 0h:32m
2024-04-18 07:14:36 INFO Testing: dataset_name: DukeMTMC-reID top1:0.8923 top5:0.9515 top10:0.9663 mAP:0.7913
2024-04-18 07:16:29 INFO Epoch 146/160	Training Loss: 1.8191	Time remaining is 0h:30m
2024-04-18 07:18:23 INFO Epoch 147/160	Training Loss: 1.8241	Time remaining is 0h:28m
2024-04-18 07:20:17 INFO Epoch 148/160	Training Loss: 1.8253	Time remaining is 0h:26m
2024-04-18 07:22:11 INFO Epoch 149/160	Training Loss: 1.8236	Time remaining is 0h:24m
2024-04-18 07:24:04 INFO Epoch 150/160	Training Loss: 1.8240	Time remaining is 0h:22m
2024-04-18 07:25:24 INFO Testing: dataset_name: DukeMTMC-reID top1:0.8909 top5:0.9502 top10:0.9672 mAP:0.7903
2024-04-18 07:27:18 INFO Epoch 151/160	Training Loss: 1.8244	Time remaining is 0h:20m
2024-04-18 07:29:10 INFO Epoch 152/160	Training Loss: 1.8010	Time remaining is 0h:18m
2024-04-18 07:31:04 INFO Epoch 153/160	Training Loss: 1.8239	Time remaining is 0h:16m
2024-04-18 07:32:58 INFO Epoch 154/160	Training Loss: 1.8312	Time remaining is 0h:14m
2024-04-18 07:34:52 INFO Epoch 155/160	Training Loss: 1.8162	Time remaining is 0h:12m
2024-04-18 07:36:12 INFO Testing: dataset_name: DukeMTMC-reID top1:0.8959 top5:0.9511 top10:0.9663 mAP:0.7923
2024-04-18 07:38:05 INFO Epoch 156/160	Training Loss: 1.8155	Time remaining is 0h:10m
2024-04-18 07:39:59 INFO Epoch 157/160	Training Loss: 1.8218	Time remaining is 0h:8m
2024-04-18 07:41:52 INFO Epoch 158/160	Training Loss: 1.8093	Time remaining is 0h:6m
2024-04-18 07:43:45 INFO Epoch 159/160	Training Loss: 1.8090	Time remaining is 0h:4m
2024-04-18 07:45:38 INFO Epoch 160/160	Training Loss: 1.8091	Time remaining is 0h:2m
2024-04-18 07:46:58 INFO Testing: dataset_name: DukeMTMC-reID top1:0.8941 top5:0.9506 top10:0.9686 mAP:0.7926
2024-04-18 07:46:58 INFO The running time of training: 1.92450e+04 s
