2024-03-09 21:28:34 INFO ##################################################
2024-03-09 21:28:34 INFO Task: ReID_Task
2024-03-09 21:28:34 INFO Using device: cuda
2024-03-09 21:28:34 INFO Using data type: torch.float32
2024-03-09 21:28:34 INFO Number of GPUs: 1
2024-03-09 21:28:34 INFO GPU is_available: True
2024-03-09 21:28:34 INFO GPU name: NVIDIA GeForce RTX 3060
2024-03-09 21:28:34 INFO CUDA version: 12.1
2024-03-09 21:28:34 INFO Current device id: 0
2024-03-09 21:28:34 INFO ##################################################
2024-03-09 21:28:39 INFO Epoch 1/6	Training Loss: 3.6524	Time remaining is 0h:0m
2024-03-09 21:28:42 INFO Epoch 2/6	Training Loss: 3.5062	Time remaining is 0h:0m
2024-03-09 21:28:44 INFO Epoch 3/6	Training Loss: 3.3135	Time remaining is 0h:0m
2024-03-09 21:28:47 INFO Epoch 4/6	Training Loss: 3.2174	Time remaining is 0h:0m
2024-03-09 21:28:50 INFO Epoch 5/6	Training Loss: 2.9596	Time remaining is 0h:0m
2024-03-09 21:28:52 INFO Epoch 6/6	Training Loss: 2.3030	Time remaining is 0h:0m
2024-03-09 21:29:29 INFO Testing: dataset_name: market1501 top1:0.0116 top5:0.0353 top10:0.0552 mAP:0.0046
2024-03-09 21:29:29 INFO The running time of training: 5.57615e+01 s
2024-03-09 21:29:29 DEBUG Config values:
batch_size: 60
current_directory: /home/hy/project/reid/ex_main4
dataset_name: market1501
dataset_path: /home/hy/project/reid/data/Market-1501-v15.09.15-test
device: cuda
dtype: torch.float32
epoch_start_test: 5
epochs: 6
img_height: 256
img_width: 128
np: <module 'numpy' from '/home/hy/anaconda3/envs/py396/lib/python3.9/site-packages/numpy/__init__.py'>
os: <module 'os' from '/home/hy/anaconda3/envs/py396/lib/python3.9/os.py'>
outputs_dir: ./outputs/
outputs_path: /home/hy/project/reid/ex_main4/./outputs/
print_every: 1
seed: 1
taskname: ReID_Task
test_batch_size: 256
test_every: 2
torch: <module 'torch' from '/home/hy/anaconda3/envs/py396/lib/python3.9/site-packages/torch/__init__.py'>
