2024-04-11 05:35:14 INFO ##################################################
2024-04-11 05:35:14 INFO Config values: batch_size: 60	current_directory: /home/hy/project/reid_task/ex_main2	dataset_name: market1501	dataset_path: /home/hy/project/data/Market-1501-v15.09.15	device: cuda	dtype: torch.float32	epoch_start_test: 90	epochs: 160	img_height: 256	img_width: 128	logs_outputs_path: /home/hy/project/reid_task/ex_main2/./outputs/logs	models_outputs_path: /home/hy/project/reid_task/ex_main2/./outputs/models	np: <module 'numpy' from '/home/hy/anaconda3/envs/py396/lib/python3.9/site-packages/numpy/__init__.py'>	os: <module 'os' from '/home/hy/anaconda3/envs/py396/lib/python3.9/os.py'>	outputs_dir: ./outputs/	outputs_path: /home/hy/project/reid_task/ex_main2/./outputs/	print_every: 1	seed: 1	taskname: ReID_Task	temps_outputs_path: /home/hy/project/reid_task/ex_main2/./outputs/temps	test_batch_size: 256	test_every: 5	torch: <module 'torch' from '/home/hy/anaconda3/envs/py396/lib/python3.9/site-packages/torch/__init__.py'>
2024-04-11 05:35:14 INFO Task: ReID_Task
2024-04-11 05:35:14 INFO Using device: cuda
2024-04-11 05:35:14 INFO Using data type: torch.float32
2024-04-11 05:35:14 INFO Number of GPUs: 1
2024-04-11 05:35:14 INFO GPU is_available: True
2024-04-11 05:35:14 INFO GPU name: NVIDIA GeForce RTX 3060
2024-04-11 05:35:14 INFO CUDA version: 12.1
2024-04-11 05:35:14 INFO Current device id: 0
2024-04-11 05:35:14 INFO ##################################################
2024-04-11 05:36:32 INFO Epoch 1/160	Training Loss: 9.6296	Time remaining is 3h:25m
2024-04-11 05:37:48 INFO Epoch 2/160	Training Loss: 8.1456	Time remaining is 3h:23m
2024-04-11 05:39:04 INFO Epoch 3/160	Training Loss: 6.2983	Time remaining is 3h:21m
2024-04-11 05:40:21 INFO Epoch 4/160	Training Loss: 4.8330	Time remaining is 3h:20m
2024-04-11 05:41:37 INFO Epoch 5/160	Training Loss: 3.7765	Time remaining is 3h:18m
2024-04-11 05:42:52 INFO Epoch 6/160	Training Loss: 3.0843	Time remaining is 3h:17m
2024-04-11 05:44:08 INFO Epoch 7/160	Training Loss: 2.7355	Time remaining is 3h:15m
2024-04-11 05:45:24 INFO Epoch 8/160	Training Loss: 2.5422	Time remaining is 3h:14m
2024-04-11 05:46:40 INFO Epoch 9/160	Training Loss: 2.4304	Time remaining is 3h:13m
2024-04-11 05:47:56 INFO Epoch 10/160	Training Loss: 2.3598	Time remaining is 3h:11m
2024-04-11 05:49:12 INFO Epoch 11/160	Training Loss: 2.3111	Time remaining is 3h:10m
2024-04-11 05:50:28 INFO Epoch 12/160	Training Loss: 2.2640	Time remaining is 3h:9m
2024-04-11 05:51:44 INFO Epoch 13/160	Training Loss: 2.2154	Time remaining is 3h:8m
2024-04-11 05:53:00 INFO Epoch 14/160	Training Loss: 2.1997	Time remaining is 3h:6m
2024-04-11 05:54:17 INFO Epoch 15/160	Training Loss: 2.1704	Time remaining is 3h:5m
2024-04-11 05:55:33 INFO Epoch 16/160	Training Loss: 2.1575	Time remaining is 3h:4m
2024-04-11 05:56:49 INFO Epoch 17/160	Training Loss: 2.1358	Time remaining is 3h:3m
2024-04-11 05:58:04 INFO Epoch 18/160	Training Loss: 2.1218	Time remaining is 3h:1m
2024-04-11 05:59:20 INFO Epoch 19/160	Training Loss: 2.1306	Time remaining is 3h:0m
2024-04-11 06:00:36 INFO Epoch 20/160	Training Loss: 2.1238	Time remaining is 2h:59m
2024-04-11 06:01:52 INFO Epoch 21/160	Training Loss: 2.1146	Time remaining is 2h:57m
2024-04-11 06:03:08 INFO Epoch 22/160	Training Loss: 2.1121	Time remaining is 2h:56m
2024-04-11 06:04:23 INFO Epoch 23/160	Training Loss: 2.1088	Time remaining is 2h:55m
2024-04-11 06:05:39 INFO Epoch 24/160	Training Loss: 2.1192	Time remaining is 2h:54m
2024-04-11 06:06:55 INFO Epoch 25/160	Training Loss: 2.1148	Time remaining is 2h:52m
2024-04-11 06:08:11 INFO Epoch 26/160	Training Loss: 2.1292	Time remaining is 2h:51m
2024-04-11 06:09:27 INFO Epoch 27/160	Training Loss: 2.1071	Time remaining is 2h:50m
2024-04-11 06:10:43 INFO Epoch 28/160	Training Loss: 2.1078	Time remaining is 2h:48m
2024-04-11 06:11:59 INFO Epoch 29/160	Training Loss: 2.1048	Time remaining is 2h:47m
2024-04-11 06:13:14 INFO Epoch 30/160	Training Loss: 2.0971	Time remaining is 2h:46m
2024-04-11 06:14:30 INFO Epoch 31/160	Training Loss: 2.0992	Time remaining is 2h:45m
2024-04-11 06:15:46 INFO Epoch 32/160	Training Loss: 2.1045	Time remaining is 2h:43m
2024-04-11 06:17:02 INFO Epoch 33/160	Training Loss: 2.1017	Time remaining is 2h:42m
2024-04-11 06:18:18 INFO Epoch 34/160	Training Loss: 2.1065	Time remaining is 2h:41m
2024-04-11 06:19:35 INFO Epoch 35/160	Training Loss: 2.1045	Time remaining is 2h:40m
2024-04-11 06:20:51 INFO Epoch 36/160	Training Loss: 2.0917	Time remaining is 2h:38m
2024-04-11 06:22:06 INFO Epoch 37/160	Training Loss: 2.0911	Time remaining is 2h:37m
2024-04-11 06:23:23 INFO Epoch 38/160	Training Loss: 2.1015	Time remaining is 2h:36m
2024-04-11 06:24:39 INFO Epoch 39/160	Training Loss: 2.1013	Time remaining is 2h:35m
2024-04-11 06:25:54 INFO Epoch 40/160	Training Loss: 2.0889	Time remaining is 2h:33m
2024-04-11 06:27:10 INFO Epoch 41/160	Training Loss: 2.0312	Time remaining is 2h:32m
2024-04-11 06:28:26 INFO Epoch 42/160	Training Loss: 1.9609	Time remaining is 2h:31m
2024-04-11 06:29:42 INFO Epoch 43/160	Training Loss: 1.9590	Time remaining is 2h:29m
2024-04-11 06:30:58 INFO Epoch 44/160	Training Loss: 1.9501	Time remaining is 2h:28m
2024-04-11 06:32:14 INFO Epoch 45/160	Training Loss: 1.9429	Time remaining is 2h:27m
2024-04-11 06:33:31 INFO Epoch 46/160	Training Loss: 1.9415	Time remaining is 2h:26m
2024-04-11 06:34:46 INFO Epoch 47/160	Training Loss: 1.9264	Time remaining is 2h:24m
2024-04-11 06:36:02 INFO Epoch 48/160	Training Loss: 1.9347	Time remaining is 2h:23m
2024-04-11 06:37:18 INFO Epoch 49/160	Training Loss: 1.9215	Time remaining is 2h:22m
2024-04-11 06:38:34 INFO Epoch 50/160	Training Loss: 1.9307	Time remaining is 2h:21m
2024-04-11 06:39:50 INFO Epoch 51/160	Training Loss: 1.9157	Time remaining is 2h:19m
2024-04-11 06:41:06 INFO Epoch 52/160	Training Loss: 1.9230	Time remaining is 2h:18m
2024-04-11 06:42:22 INFO Epoch 53/160	Training Loss: 1.9233	Time remaining is 2h:17m
2024-04-11 06:43:38 INFO Epoch 54/160	Training Loss: 1.9200	Time remaining is 2h:16m
2024-04-11 06:44:54 INFO Epoch 55/160	Training Loss: 1.9206	Time remaining is 2h:14m
2024-04-11 06:46:10 INFO Epoch 56/160	Training Loss: 1.9178	Time remaining is 2h:13m
2024-04-11 06:47:26 INFO Epoch 57/160	Training Loss: 1.9072	Time remaining is 2h:12m
2024-04-11 06:48:42 INFO Epoch 58/160	Training Loss: 1.9165	Time remaining is 2h:10m
2024-04-11 06:50:00 INFO Epoch 59/160	Training Loss: 1.9184	Time remaining is 2h:9m
2024-04-11 06:51:19 INFO Epoch 60/160	Training Loss: 1.9129	Time remaining is 2h:8m
2024-04-11 06:52:36 INFO Epoch 61/160	Training Loss: 1.9138	Time remaining is 2h:7m
2024-04-11 06:53:52 INFO Epoch 62/160	Training Loss: 1.9129	Time remaining is 2h:6m
2024-04-11 06:55:08 INFO Epoch 63/160	Training Loss: 1.9112	Time remaining is 2h:4m
2024-04-11 06:56:24 INFO Epoch 64/160	Training Loss: 1.9110	Time remaining is 2h:3m
2024-04-11 06:57:40 INFO Epoch 65/160	Training Loss: 1.9071	Time remaining is 2h:2m
2024-04-11 06:58:56 INFO Epoch 66/160	Training Loss: 1.9076	Time remaining is 2h:0m
2024-04-11 07:00:13 INFO Epoch 67/160	Training Loss: 1.9166	Time remaining is 1h:59m
2024-04-11 07:01:29 INFO Epoch 68/160	Training Loss: 1.9060	Time remaining is 1h:58m
2024-04-11 07:02:44 INFO Epoch 69/160	Training Loss: 1.8987	Time remaining is 1h:57m
2024-04-11 07:04:00 INFO Epoch 70/160	Training Loss: 1.9050	Time remaining is 1h:55m
2024-04-11 07:05:16 INFO Epoch 71/160	Training Loss: 1.9029	Time remaining is 1h:54m
2024-04-11 07:06:33 INFO Epoch 72/160	Training Loss: 1.8977	Time remaining is 1h:53m
2024-04-11 07:07:49 INFO Epoch 73/160	Training Loss: 1.8957	Time remaining is 1h:52m
2024-04-11 07:09:04 INFO Epoch 74/160	Training Loss: 1.8858	Time remaining is 1h:50m
2024-04-11 07:10:20 INFO Epoch 75/160	Training Loss: 1.8853	Time remaining is 1h:49m
2024-04-11 07:11:35 INFO Epoch 76/160	Training Loss: 1.8826	Time remaining is 1h:48m
2024-04-11 07:12:52 INFO Epoch 77/160	Training Loss: 1.8931	Time remaining is 1h:46m
2024-04-11 07:14:08 INFO Epoch 78/160	Training Loss: 1.8840	Time remaining is 1h:45m
2024-04-11 07:15:24 INFO Epoch 79/160	Training Loss: 1.8925	Time remaining is 1h:44m
2024-04-11 07:16:39 INFO Epoch 80/160	Training Loss: 1.8927	Time remaining is 1h:43m
2024-04-11 07:17:55 INFO Epoch 81/160	Training Loss: 1.8908	Time remaining is 1h:41m
2024-04-11 07:19:12 INFO Epoch 82/160	Training Loss: 1.8920	Time remaining is 1h:40m
2024-04-11 07:20:27 INFO Epoch 83/160	Training Loss: 1.8916	Time remaining is 1h:39m
2024-04-11 07:21:43 INFO Epoch 84/160	Training Loss: 1.8892	Time remaining is 1h:38m
2024-04-11 07:22:59 INFO Epoch 85/160	Training Loss: 1.8928	Time remaining is 1h:36m
2024-04-11 07:24:15 INFO Epoch 86/160	Training Loss: 1.8915	Time remaining is 1h:35m
2024-04-11 07:25:31 INFO Epoch 87/160	Training Loss: 1.8905	Time remaining is 1h:34m
2024-04-11 07:26:47 INFO Epoch 88/160	Training Loss: 1.8803	Time remaining is 1h:33m
2024-04-11 07:28:03 INFO Epoch 89/160	Training Loss: 1.8899	Time remaining is 1h:31m
2024-04-11 07:29:19 INFO Epoch 90/160	Training Loss: 1.8904	Time remaining is 1h:30m
2024-04-11 07:30:47 INFO Testing: dataset_name: market1501 top1:0.9477 top5:0.9852 top10:0.9917 mAP:0.8696
2024-04-11 07:32:03 INFO Epoch 91/160	Training Loss: 1.8908	Time remaining is 1h:30m
2024-04-11 07:33:19 INFO Epoch 92/160	Training Loss: 1.8784	Time remaining is 1h:29m
2024-04-11 07:34:35 INFO Epoch 93/160	Training Loss: 1.8917	Time remaining is 1h:27m
2024-04-11 07:35:51 INFO Epoch 94/160	Training Loss: 1.8887	Time remaining is 1h:26m
2024-04-11 07:37:07 INFO Epoch 95/160	Training Loss: 1.8790	Time remaining is 1h:25m
2024-04-11 07:38:34 INFO Testing: dataset_name: market1501 top1:0.9471 top5:0.9846 top10:0.9911 mAP:0.8702
2024-04-11 07:39:50 INFO Epoch 96/160	Training Loss: 1.8900	Time remaining is 1h:24m
2024-04-11 07:41:06 INFO Epoch 97/160	Training Loss: 1.8776	Time remaining is 1h:23m
2024-04-11 07:42:22 INFO Epoch 98/160	Training Loss: 1.8913	Time remaining is 1h:22m
2024-04-11 07:43:38 INFO Epoch 99/160	Training Loss: 1.8884	Time remaining is 1h:20m
2024-04-11 07:44:54 INFO Epoch 100/160	Training Loss: 1.8865	Time remaining is 1h:19m
2024-04-11 07:46:22 INFO Testing: dataset_name: market1501 top1:0.9471 top5:0.9849 top10:0.9914 mAP:0.8700
2024-04-11 07:47:38 INFO Epoch 101/160	Training Loss: 1.8891	Time remaining is 1h:19m
2024-04-11 07:48:54 INFO Epoch 102/160	Training Loss: 1.8871	Time remaining is 1h:17m
2024-04-11 07:50:10 INFO Epoch 103/160	Training Loss: 1.8869	Time remaining is 1h:16m
2024-04-11 07:51:26 INFO Epoch 104/160	Training Loss: 1.8862	Time remaining is 1h:15m
2024-04-11 07:52:42 INFO Epoch 105/160	Training Loss: 1.8974	Time remaining is 1h:13m
2024-04-11 07:54:10 INFO Testing: dataset_name: market1501 top1:0.9483 top5:0.9843 top10:0.9911 mAP:0.8701
2024-04-11 07:55:26 INFO Epoch 106/160	Training Loss: 1.8883	Time remaining is 1h:13m
2024-04-11 07:56:41 INFO Epoch 107/160	Training Loss: 1.8771	Time remaining is 1h:11m
2024-04-11 07:57:57 INFO Epoch 108/160	Training Loss: 1.8876	Time remaining is 1h:10m
2024-04-11 07:59:14 INFO Epoch 109/160	Training Loss: 1.8867	Time remaining is 1h:9m
2024-04-11 08:00:30 INFO Epoch 110/160	Training Loss: 1.8854	Time remaining is 1h:7m
2024-04-11 08:01:57 INFO Testing: dataset_name: market1501 top1:0.9498 top5:0.9843 top10:0.9908 mAP:0.8714
2024-04-11 08:03:13 INFO Epoch 111/160	Training Loss: 1.8757	Time remaining is 1h:7m
2024-04-11 08:04:29 INFO Epoch 112/160	Training Loss: 1.8854	Time remaining is 1h:5m
2024-04-11 08:05:45 INFO Epoch 113/160	Training Loss: 1.8862	Time remaining is 1h:4m
2024-04-11 08:07:00 INFO Epoch 114/160	Training Loss: 1.8779	Time remaining is 1h:3m
2024-04-11 08:08:17 INFO Epoch 115/160	Training Loss: 1.8934	Time remaining is 1h:1m
2024-04-11 08:09:44 INFO Testing: dataset_name: market1501 top1:0.9489 top5:0.9846 top10:0.9905 mAP:0.8723
2024-04-11 08:11:00 INFO Epoch 116/160	Training Loss: 1.8859	Time remaining is 1h:0m
2024-04-11 08:12:16 INFO Epoch 117/160	Training Loss: 1.8868	Time remaining is 0h:59m
2024-04-11 08:13:32 INFO Epoch 118/160	Training Loss: 1.8847	Time remaining is 0h:58m
2024-04-11 08:14:49 INFO Epoch 119/160	Training Loss: 1.8945	Time remaining is 0h:56m
2024-04-11 08:16:04 INFO Epoch 120/160	Training Loss: 1.8738	Time remaining is 0h:55m
2024-04-11 08:17:32 INFO Testing: dataset_name: market1501 top1:0.9513 top5:0.9837 top10:0.9908 mAP:0.8738
2024-04-11 08:18:48 INFO Epoch 121/160	Training Loss: 1.8838	Time remaining is 0h:54m
2024-04-11 08:20:04 INFO Epoch 122/160	Training Loss: 1.8834	Time remaining is 0h:53m
2024-04-11 08:21:20 INFO Epoch 123/160	Training Loss: 1.8832	Time remaining is 0h:51m
2024-04-11 08:22:35 INFO Epoch 124/160	Training Loss: 1.8759	Time remaining is 0h:50m
2024-04-11 08:23:51 INFO Epoch 125/160	Training Loss: 1.8851	Time remaining is 0h:49m
2024-04-11 08:25:19 INFO Testing: dataset_name: market1501 top1:0.9492 top5:0.9849 top10:0.9908 mAP:0.8740
2024-04-11 08:26:35 INFO Epoch 126/160	Training Loss: 1.8849	Time remaining is 0h:48m
2024-04-11 08:27:51 INFO Epoch 127/160	Training Loss: 1.8828	Time remaining is 0h:46m
2024-04-11 08:29:07 INFO Epoch 128/160	Training Loss: 1.8830	Time remaining is 0h:45m
2024-04-11 08:30:23 INFO Epoch 129/160	Training Loss: 1.8848	Time remaining is 0h:43m
2024-04-11 08:31:39 INFO Epoch 130/160	Training Loss: 1.8849	Time remaining is 0h:42m
2024-04-11 08:33:06 INFO Testing: dataset_name: market1501 top1:0.9513 top5:0.9846 top10:0.9908 mAP:0.8740
2024-04-11 08:34:22 INFO Epoch 131/160	Training Loss: 1.8753	Time remaining is 0h:41m
2024-04-11 08:35:38 INFO Epoch 132/160	Training Loss: 1.8821	Time remaining is 0h:40m
2024-04-11 08:36:53 INFO Epoch 133/160	Training Loss: 1.8734	Time remaining is 0h:38m
2024-04-11 08:38:10 INFO Epoch 134/160	Training Loss: 1.8838	Time remaining is 0h:37m
2024-04-11 08:39:25 INFO Epoch 135/160	Training Loss: 1.8745	Time remaining is 0h:35m
2024-04-11 08:40:53 INFO Testing: dataset_name: market1501 top1:0.9492 top5:0.9846 top10:0.9905 mAP:0.8752
2024-04-11 08:42:08 INFO Epoch 136/160	Training Loss: 1.8734	Time remaining is 0h:34m
2024-04-11 08:43:25 INFO Epoch 137/160	Training Loss: 1.8836	Time remaining is 0h:33m
2024-04-11 08:44:41 INFO Epoch 138/160	Training Loss: 1.8831	Time remaining is 0h:32m
2024-04-11 08:45:56 INFO Epoch 139/160	Training Loss: 1.8721	Time remaining is 0h:30m
2024-04-11 08:47:13 INFO Epoch 140/160	Training Loss: 1.8817	Time remaining is 0h:29m
2024-04-11 08:48:40 INFO Testing: dataset_name: market1501 top1:0.9501 top5:0.9855 top10:0.9902 mAP:0.8744
2024-04-11 08:49:56 INFO Epoch 141/160	Training Loss: 1.8826	Time remaining is 0h:28m
2024-04-11 08:51:12 INFO Epoch 142/160	Training Loss: 1.8809	Time remaining is 0h:26m
2024-04-11 08:52:28 INFO Epoch 143/160	Training Loss: 1.8829	Time remaining is 0h:25m
2024-04-11 08:53:44 INFO Epoch 144/160	Training Loss: 1.8803	Time remaining is 0h:23m
2024-04-11 08:55:01 INFO Epoch 145/160	Training Loss: 1.8823	Time remaining is 0h:22m
2024-04-11 08:56:28 INFO Testing: dataset_name: market1501 top1:0.9501 top5:0.9846 top10:0.9908 mAP:0.8753
2024-04-11 08:57:44 INFO Epoch 146/160	Training Loss: 1.8810	Time remaining is 0h:21m
2024-04-11 08:59:00 INFO Epoch 147/160	Training Loss: 1.8811	Time remaining is 0h:19m
2024-04-11 09:00:16 INFO Epoch 148/160	Training Loss: 1.8816	Time remaining is 0h:18m
2024-04-11 09:01:33 INFO Epoch 149/160	Training Loss: 1.8904	Time remaining is 0h:17m
2024-04-11 09:02:48 INFO Epoch 150/160	Training Loss: 1.8706	Time remaining is 0h:15m
2024-04-11 09:04:15 INFO Testing: dataset_name: market1501 top1:0.9501 top5:0.9852 top10:0.9911 mAP:0.8752
2024-04-11 09:05:31 INFO Epoch 151/160	Training Loss: 1.8804	Time remaining is 0h:14m
2024-04-11 09:06:47 INFO Epoch 152/160	Training Loss: 1.8796	Time remaining is 0h:13m
2024-04-11 09:08:03 INFO Epoch 153/160	Training Loss: 1.8796	Time remaining is 0h:11m
2024-04-11 09:09:19 INFO Epoch 154/160	Training Loss: 1.8809	Time remaining is 0h:10m
2024-04-11 09:10:35 INFO Epoch 155/160	Training Loss: 1.8815	Time remaining is 0h:8m
2024-04-11 09:12:03 INFO Testing: dataset_name: market1501 top1:0.9501 top5:0.9843 top10:0.9920 mAP:0.8771
2024-04-11 09:13:18 INFO Epoch 156/160	Training Loss: 1.8718	Time remaining is 0h:7m
2024-04-11 09:14:35 INFO Epoch 157/160	Training Loss: 1.8808	Time remaining is 0h:6m
2024-04-11 09:15:51 INFO Epoch 158/160	Training Loss: 1.8712	Time remaining is 0h:4m
2024-04-11 09:17:07 INFO Epoch 159/160	Training Loss: 1.8789	Time remaining is 0h:3m
2024-04-11 09:18:22 INFO Epoch 160/160	Training Loss: 1.8691	Time remaining is 0h:1m
2024-04-11 09:19:50 INFO Testing: dataset_name: market1501 top1:0.9507 top5:0.9852 top10:0.9917 mAP:0.8764
2024-04-11 09:19:50 INFO The running time of training: 1.34759e+04 s
