2024-04-09 16:14:18 INFO ##################################################
2024-04-09 16:14:18 INFO Config values: batch_size: 60	current_directory: /home/hy/project/reid_task/ex_main3	dataset_name: market1501	dataset_path: /home/hy/project/data/Market-1501-v15.09.15	device: cuda	dtype: torch.float32	epoch_start_test: 90	epochs: 120	img_height: 256	img_width: 128	logs_outputs_path: /home/hy/project/reid_task/ex_main3/./outputs/logs	models_outputs_path: /home/hy/project/reid_task/ex_main3/./outputs/models	np: <module 'numpy' from '/home/hy/anaconda3/envs/py396/lib/python3.9/site-packages/numpy/__init__.py'>	os: <module 'os' from '/home/hy/anaconda3/envs/py396/lib/python3.9/os.py'>	outputs_dir: ./outputs/	outputs_path: /home/hy/project/reid_task/ex_main3/./outputs/	print_every: 1	seed: 1	taskname: ReID_Task	temps_outputs_path: /home/hy/project/reid_task/ex_main3/./outputs/temps	test_batch_size: 256	test_every: 5	torch: <module 'torch' from '/home/hy/anaconda3/envs/py396/lib/python3.9/site-packages/torch/__init__.py'>
2024-04-09 16:14:18 INFO Task: ReID_Task
2024-04-09 16:14:18 INFO Using device: cuda
2024-04-09 16:14:18 INFO Using data type: torch.float32
2024-04-09 16:14:18 INFO Number of GPUs: 1
2024-04-09 16:14:18 INFO GPU is_available: True
2024-04-09 16:14:18 INFO GPU name: NVIDIA GeForce RTX 3060
2024-04-09 16:14:18 INFO CUDA version: 12.1
2024-04-09 16:14:18 INFO Current device id: 0
2024-04-09 16:14:18 INFO ##################################################
2024-04-09 16:15:46 INFO Epoch 1/120	Training Loss: 9.6346	Time remaining is 2h:55m
2024-04-09 16:17:12 INFO Epoch 2/120	Training Loss: 8.1538	Time remaining is 2h:52m
2024-04-09 16:18:39 INFO Epoch 3/120	Training Loss: 6.3171	Time remaining is 2h:51m
2024-04-09 16:20:06 INFO Epoch 4/120	Training Loss: 4.8854	Time remaining is 2h:49m
2024-04-09 16:21:32 INFO Epoch 5/120	Training Loss: 3.8209	Time remaining is 2h:48m
2024-04-09 16:22:58 INFO Epoch 6/120	Training Loss: 3.1184	Time remaining is 2h:46m
2024-04-09 16:24:24 INFO Epoch 7/120	Training Loss: 2.7281	Time remaining is 2h:44m
2024-04-09 16:25:50 INFO Epoch 8/120	Training Loss: 2.5340	Time remaining is 2h:43m
2024-04-09 16:27:16 INFO Epoch 9/120	Training Loss: 2.4216	Time remaining is 2h:41m
2024-04-09 16:28:42 INFO Epoch 10/120	Training Loss: 2.3433	Time remaining is 2h:40m
2024-04-09 16:30:09 INFO Epoch 11/120	Training Loss: 2.3083	Time remaining is 2h:38m
2024-04-09 16:31:35 INFO Epoch 12/120	Training Loss: 2.2501	Time remaining is 2h:37m
2024-04-09 16:33:01 INFO Epoch 13/120	Training Loss: 2.2034	Time remaining is 2h:35m
2024-04-09 16:34:28 INFO Epoch 14/120	Training Loss: 2.1891	Time remaining is 2h:34m
2024-04-09 16:35:55 INFO Epoch 15/120	Training Loss: 2.1623	Time remaining is 2h:33m
2024-04-09 16:37:21 INFO Epoch 16/120	Training Loss: 2.1517	Time remaining is 2h:31m
2024-04-09 16:38:47 INFO Epoch 17/120	Training Loss: 2.1346	Time remaining is 2h:30m
2024-04-09 16:40:13 INFO Epoch 18/120	Training Loss: 2.1287	Time remaining is 2h:28m
2024-04-09 16:41:40 INFO Epoch 19/120	Training Loss: 2.1245	Time remaining is 2h:27m
2024-04-09 16:43:06 INFO Epoch 20/120	Training Loss: 2.1198	Time remaining is 2h:25m
2024-04-09 16:44:33 INFO Epoch 21/120	Training Loss: 2.1188	Time remaining is 2h:24m
2024-04-09 16:45:59 INFO Epoch 22/120	Training Loss: 2.1020	Time remaining is 2h:23m
2024-04-09 16:47:25 INFO Epoch 23/120	Training Loss: 2.0973	Time remaining is 2h:21m
2024-04-09 16:48:52 INFO Epoch 24/120	Training Loss: 2.1140	Time remaining is 2h:20m
2024-04-09 16:50:19 INFO Epoch 25/120	Training Loss: 2.1057	Time remaining is 2h:18m
2024-04-09 16:51:46 INFO Epoch 26/120	Training Loss: 2.1204	Time remaining is 2h:17m
2024-04-09 16:53:12 INFO Epoch 27/120	Training Loss: 2.1067	Time remaining is 2h:15m
2024-04-09 16:54:38 INFO Epoch 28/120	Training Loss: 2.1057	Time remaining is 2h:14m
2024-04-09 16:56:05 INFO Epoch 29/120	Training Loss: 2.1164	Time remaining is 2h:13m
2024-04-09 16:57:31 INFO Epoch 30/120	Training Loss: 2.1056	Time remaining is 2h:11m
2024-04-09 16:58:56 INFO Epoch 31/120	Training Loss: 2.0908	Time remaining is 2h:10m
2024-04-09 17:00:23 INFO Epoch 32/120	Training Loss: 2.0974	Time remaining is 2h:8m
2024-04-09 17:01:49 INFO Epoch 33/120	Training Loss: 2.0923	Time remaining is 2h:7m
2024-04-09 17:03:16 INFO Epoch 34/120	Training Loss: 2.1019	Time remaining is 2h:5m
2024-04-09 17:04:42 INFO Epoch 35/120	Training Loss: 2.1069	Time remaining is 2h:4m
2024-04-09 17:06:08 INFO Epoch 36/120	Training Loss: 2.0991	Time remaining is 2h:2m
2024-04-09 17:07:35 INFO Epoch 37/120	Training Loss: 2.0910	Time remaining is 2h:1m
2024-04-09 17:09:01 INFO Epoch 38/120	Training Loss: 2.0955	Time remaining is 1h:60m
2024-04-09 17:10:28 INFO Epoch 39/120	Training Loss: 2.0994	Time remaining is 1h:58m
2024-04-09 17:11:54 INFO Epoch 40/120	Training Loss: 2.0884	Time remaining is 1h:57m
2024-04-09 17:13:20 INFO Epoch 41/120	Training Loss: 2.0276	Time remaining is 1h:55m
2024-04-09 17:14:46 INFO Epoch 42/120	Training Loss: 1.9620	Time remaining is 1h:54m
2024-04-09 17:16:13 INFO Epoch 43/120	Training Loss: 1.9562	Time remaining is 1h:52m
2024-04-09 17:17:39 INFO Epoch 44/120	Training Loss: 1.9481	Time remaining is 1h:51m
2024-04-09 17:19:05 INFO Epoch 45/120	Training Loss: 1.9445	Time remaining is 1h:49m
2024-04-09 17:20:32 INFO Epoch 46/120	Training Loss: 1.9387	Time remaining is 1h:48m
2024-04-09 17:21:58 INFO Epoch 47/120	Training Loss: 1.9277	Time remaining is 1h:47m
2024-04-09 17:23:24 INFO Epoch 48/120	Training Loss: 1.9353	Time remaining is 1h:45m
2024-04-09 17:24:50 INFO Epoch 49/120	Training Loss: 1.9226	Time remaining is 1h:44m
2024-04-09 17:26:16 INFO Epoch 50/120	Training Loss: 1.9296	Time remaining is 1h:42m
2024-04-09 17:27:42 INFO Epoch 51/120	Training Loss: 1.9172	Time remaining is 1h:41m
2024-04-09 17:29:08 INFO Epoch 52/120	Training Loss: 1.9222	Time remaining is 1h:39m
2024-04-09 17:30:35 INFO Epoch 53/120	Training Loss: 1.9245	Time remaining is 1h:38m
2024-04-09 17:32:01 INFO Epoch 54/120	Training Loss: 1.9193	Time remaining is 1h:36m
2024-04-09 17:33:28 INFO Epoch 55/120	Training Loss: 1.9194	Time remaining is 1h:35m
2024-04-09 17:34:54 INFO Epoch 56/120	Training Loss: 1.9192	Time remaining is 1h:34m
2024-04-09 17:36:20 INFO Epoch 57/120	Training Loss: 1.9090	Time remaining is 1h:32m
2024-04-09 17:37:47 INFO Epoch 58/120	Training Loss: 1.9160	Time remaining is 1h:31m
2024-04-09 17:39:13 INFO Epoch 59/120	Training Loss: 1.9160	Time remaining is 1h:29m
2024-04-09 17:40:40 INFO Epoch 60/120	Training Loss: 1.9128	Time remaining is 1h:28m
2024-04-09 17:42:06 INFO Epoch 61/120	Training Loss: 1.9149	Time remaining is 1h:26m
2024-04-09 17:43:33 INFO Epoch 62/120	Training Loss: 1.9131	Time remaining is 1h:25m
2024-04-09 17:44:59 INFO Epoch 63/120	Training Loss: 1.9114	Time remaining is 1h:23m
2024-04-09 17:46:25 INFO Epoch 64/120	Training Loss: 1.9109	Time remaining is 1h:22m
2024-04-09 17:47:52 INFO Epoch 65/120	Training Loss: 1.9082	Time remaining is 1h:21m
2024-04-09 17:49:18 INFO Epoch 66/120	Training Loss: 1.9090	Time remaining is 1h:19m
2024-04-09 17:50:45 INFO Epoch 67/120	Training Loss: 1.9165	Time remaining is 1h:18m
2024-04-09 17:52:12 INFO Epoch 68/120	Training Loss: 1.9084	Time remaining is 1h:16m
2024-04-09 17:53:38 INFO Epoch 69/120	Training Loss: 1.8992	Time remaining is 1h:15m
2024-04-09 17:55:04 INFO Epoch 70/120	Training Loss: 1.9058	Time remaining is 1h:13m
2024-04-09 17:56:30 INFO Epoch 71/120	Training Loss: 1.9040	Time remaining is 1h:12m
2024-04-09 17:57:57 INFO Epoch 72/120	Training Loss: 1.8986	Time remaining is 1h:11m
2024-04-09 17:59:23 INFO Epoch 73/120	Training Loss: 1.8969	Time remaining is 1h:9m
2024-04-09 18:00:49 INFO Epoch 74/120	Training Loss: 1.8877	Time remaining is 1h:8m
2024-04-09 18:02:15 INFO Epoch 75/120	Training Loss: 1.8872	Time remaining is 1h:6m
2024-04-09 18:03:41 INFO Epoch 76/120	Training Loss: 1.8843	Time remaining is 1h:5m
2024-04-09 18:05:07 INFO Epoch 77/120	Training Loss: 1.8956	Time remaining is 1h:3m
2024-04-09 18:06:33 INFO Epoch 78/120	Training Loss: 1.8838	Time remaining is 1h:2m
2024-04-09 18:08:00 INFO Epoch 79/120	Training Loss: 1.8933	Time remaining is 1h:0m
2024-04-09 18:09:26 INFO Epoch 80/120	Training Loss: 1.8933	Time remaining is 0h:59m
2024-04-09 18:10:53 INFO Epoch 81/120	Training Loss: 1.8920	Time remaining is 0h:58m
2024-04-09 18:12:19 INFO Epoch 82/120	Training Loss: 1.8929	Time remaining is 0h:56m
2024-04-09 18:13:46 INFO Epoch 83/120	Training Loss: 1.8915	Time remaining is 0h:55m
2024-04-09 18:15:12 INFO Epoch 84/120	Training Loss: 1.8908	Time remaining is 0h:53m
2024-04-09 18:16:39 INFO Epoch 85/120	Training Loss: 1.8942	Time remaining is 0h:52m
2024-04-09 18:18:05 INFO Epoch 86/120	Training Loss: 1.8927	Time remaining is 0h:50m
2024-04-09 18:19:32 INFO Epoch 87/120	Training Loss: 1.8910	Time remaining is 0h:49m
2024-04-09 18:20:57 INFO Epoch 88/120	Training Loss: 1.8811	Time remaining is 0h:47m
2024-04-09 18:22:24 INFO Epoch 89/120	Training Loss: 1.8889	Time remaining is 0h:46m
2024-04-09 18:23:50 INFO Epoch 90/120	Training Loss: 1.8899	Time remaining is 0h:45m
2024-04-09 18:25:19 INFO Testing: dataset_name: market1501 top1:0.9454 top5:0.9831 top10:0.9905 mAP:0.8695
2024-04-09 18:26:46 INFO Epoch 91/120	Training Loss: 1.8889	Time remaining is 0h:44m
2024-04-09 18:28:12 INFO Epoch 92/120	Training Loss: 1.8806	Time remaining is 0h:42m
2024-04-09 18:29:39 INFO Epoch 93/120	Training Loss: 1.8909	Time remaining is 0h:41m
2024-04-09 18:31:05 INFO Epoch 94/120	Training Loss: 1.8913	Time remaining is 0h:39m
2024-04-09 18:32:32 INFO Epoch 95/120	Training Loss: 1.8802	Time remaining is 0h:38m
2024-04-09 18:34:00 INFO Testing: dataset_name: market1501 top1:0.9477 top5:0.9831 top10:0.9902 mAP:0.8709
2024-04-09 18:35:27 INFO Epoch 96/120	Training Loss: 1.8907	Time remaining is 0h:37m
2024-04-09 18:36:53 INFO Epoch 97/120	Training Loss: 1.8792	Time remaining is 0h:35m
2024-04-09 18:38:20 INFO Epoch 98/120	Training Loss: 1.8911	Time remaining is 0h:34m
2024-04-09 18:39:46 INFO Epoch 99/120	Training Loss: 1.8907	Time remaining is 0h:32m
2024-04-09 18:41:13 INFO Epoch 100/120	Training Loss: 1.8870	Time remaining is 0h:31m
2024-04-09 18:42:41 INFO Testing: dataset_name: market1501 top1:0.9454 top5:0.9849 top10:0.9902 mAP:0.8713
2024-04-09 18:44:08 INFO Epoch 101/120	Training Loss: 1.8902	Time remaining is 0h:30m
2024-04-09 18:45:35 INFO Epoch 102/120	Training Loss: 1.8878	Time remaining is 0h:28m
2024-04-09 18:47:02 INFO Epoch 103/120	Training Loss: 1.8872	Time remaining is 0h:27m
2024-04-09 18:48:29 INFO Epoch 104/120	Training Loss: 1.8872	Time remaining is 0h:25m
2024-04-09 18:49:56 INFO Epoch 105/120	Training Loss: 1.8967	Time remaining is 0h:24m
2024-04-09 18:51:24 INFO Testing: dataset_name: market1501 top1:0.9451 top5:0.9840 top10:0.9908 mAP:0.8715
2024-04-09 18:52:51 INFO Epoch 106/120	Training Loss: 1.8890	Time remaining is 0h:22m
2024-04-09 18:54:17 INFO Epoch 107/120	Training Loss: 1.8783	Time remaining is 0h:21m
2024-04-09 18:55:44 INFO Epoch 108/120	Training Loss: 1.8881	Time remaining is 0h:19m
2024-04-09 18:57:11 INFO Epoch 109/120	Training Loss: 1.8875	Time remaining is 0h:18m
2024-04-09 18:58:38 INFO Epoch 110/120	Training Loss: 1.8872	Time remaining is 0h:16m
2024-04-09 19:00:06 INFO Testing: dataset_name: market1501 top1:0.9454 top5:0.9831 top10:0.9908 mAP:0.8727
2024-04-09 19:01:32 INFO Epoch 111/120	Training Loss: 1.8769	Time remaining is 0h:15m
2024-04-09 19:02:59 INFO Epoch 112/120	Training Loss: 1.8861	Time remaining is 0h:14m
2024-04-09 19:04:26 INFO Epoch 113/120	Training Loss: 1.8865	Time remaining is 0h:12m
2024-04-09 19:05:52 INFO Epoch 114/120	Training Loss: 1.8773	Time remaining is 0h:11m
2024-04-09 19:07:20 INFO Epoch 115/120	Training Loss: 1.8947	Time remaining is 0h:9m
2024-04-09 19:08:48 INFO Testing: dataset_name: market1501 top1:0.9457 top5:0.9843 top10:0.9911 mAP:0.8730
2024-04-09 19:10:15 INFO Epoch 116/120	Training Loss: 1.8872	Time remaining is 0h:8m
2024-04-09 19:11:42 INFO Epoch 117/120	Training Loss: 1.8869	Time remaining is 0h:6m
2024-04-09 19:13:09 INFO Epoch 118/120	Training Loss: 1.8859	Time remaining is 0h:5m
2024-04-09 19:14:36 INFO Epoch 119/120	Training Loss: 1.8953	Time remaining is 0h:3m
2024-04-09 19:16:02 INFO Epoch 120/120	Training Loss: 1.8766	Time remaining is 0h:2m
2024-04-09 19:17:30 INFO Testing: dataset_name: market1501 top1:0.9460 top5:0.9834 top10:0.9902 mAP:0.8742
2024-04-09 19:17:30 INFO The running time of training: 1.09926e+04 s
