2024-07-30 14:02:17 INFO ##################################################
2024-07-30 14:02:17 INFO Config values: batch_size: 60	current_directory: /kaggle/working/reid_task/ex_001_3	dataset_name: market1501	dataset_path: /kaggle/input/market1501/Market-1501-v15.09.15	device: cuda	dtype: torch.float32	epoch_start_test: 90	epochs: 120	img_height: 256	img_width: 128	logs_outputs_path: /kaggle/working/reid_task/ex_001_3/./outputs/logs	models_outputs_path: /kaggle/working/reid_task/ex_001_3/./outputs/models	np: <module 'numpy' from '/opt/conda/lib/python3.10/site-packages/numpy/__init__.py'>	os: <module 'os' from '/opt/conda/lib/python3.10/os.py'>	outputs_dir: ./outputs/	outputs_path: /kaggle/working/reid_task/ex_001_3/./outputs/	print_every: 1	seed: 3407	taskname: ReID_Task	temps_outputs_path: /kaggle/working/reid_task/ex_001_3/./outputs/temps	test_batch_size: 256	test_every: 5	torch: <module 'torch' from '/opt/conda/lib/python3.10/site-packages/torch/__init__.py'>
2024-07-30 14:02:17 INFO Task: ReID_Task
2024-07-30 14:02:17 INFO Using device: cuda
2024-07-30 14:02:17 INFO Using data type: torch.float32
2024-07-30 14:02:17 INFO Number of GPUs: 1
2024-07-30 14:02:17 INFO GPU is_available: True
2024-07-30 14:02:17 INFO GPU name: Tesla P100-PCIE-16GB
2024-07-30 14:02:17 INFO CUDA version: 12.1
2024-07-30 14:02:17 INFO Current device id: 0
2024-07-30 14:02:17 INFO ##################################################
2024-07-30 14:05:11 INFO Epoch 1/120	Training Loss: 14.2317	Time remaining is 5h:40m
2024-07-30 14:06:56 INFO Epoch 2/120	Training Loss: 12.9583	Time remaining is 4h:32m
2024-07-30 14:08:38 INFO Epoch 3/120	Training Loss: 11.3185	Time remaining is 4h:7m
2024-07-30 14:10:18 INFO Epoch 4/120	Training Loss: 9.7734	Time remaining is 3h:52m
2024-07-30 14:11:58 INFO Epoch 5/120	Training Loss: 8.5249	Time remaining is 3h:43m
2024-07-30 14:13:39 INFO Epoch 6/120	Training Loss: 7.6839	Time remaining is 3h:36m
2024-07-30 14:15:18 INFO Epoch 7/120	Training Loss: 7.0043	Time remaining is 3h:31m
2024-07-30 14:16:59 INFO Epoch 8/120	Training Loss: 6.4314	Time remaining is 3h:27m
2024-07-30 14:18:45 INFO Epoch 9/120	Training Loss: 5.9293	Time remaining is 3h:24m
2024-07-30 14:20:33 INFO Epoch 10/120	Training Loss: 5.2916	Time remaining is 3h:22m
2024-07-30 14:22:19 INFO Epoch 11/120	Training Loss: 4.6338	Time remaining is 3h:20m
2024-07-30 14:23:59 INFO Epoch 12/120	Training Loss: 3.9147	Time remaining is 3h:17m
2024-07-30 14:26:20 INFO Epoch 13/120	Training Loss: 3.2523	Time remaining is 3h:19m
2024-07-30 14:34:00 INFO Epoch 14/120	Training Loss: 2.7307	Time remaining is 4h:2m
2024-07-30 14:37:20 INFO Epoch 15/120	Training Loss: 2.3425	Time remaining is 4h:7m
2024-07-30 14:39:09 INFO Epoch 16/120	Training Loss: 2.0625	Time remaining is 4h:1m
2024-07-30 14:40:50 INFO Epoch 17/120	Training Loss: 1.8758	Time remaining is 3h:55m
2024-07-30 14:42:46 INFO Epoch 18/120	Training Loss: 1.7133	Time remaining is 3h:51m
2024-07-30 14:44:39 INFO Epoch 19/120	Training Loss: 1.6189	Time remaining is 3h:47m
2024-07-30 14:46:21 INFO Epoch 20/120	Training Loss: 1.5411	Time remaining is 3h:42m
2024-07-30 14:48:01 INFO Epoch 21/120	Training Loss: 1.5154	Time remaining is 3h:37m
2024-07-30 14:49:46 INFO Epoch 22/120	Training Loss: 1.4603	Time remaining is 3h:33m
2024-07-30 14:51:26 INFO Epoch 23/120	Training Loss: 1.4043	Time remaining is 3h:29m
2024-07-30 14:53:07 INFO Epoch 24/120	Training Loss: 1.3771	Time remaining is 3h:25m
2024-07-30 14:54:47 INFO Epoch 25/120	Training Loss: 1.3274	Time remaining is 3h:21m
2024-07-30 14:56:30 INFO Epoch 26/120	Training Loss: 1.2983	Time remaining is 3h:18m
2024-07-30 14:58:12 INFO Epoch 27/120	Training Loss: 1.2951	Time remaining is 3h:14m
2024-07-30 15:00:05 INFO Epoch 28/120	Training Loss: 1.2967	Time remaining is 3h:12m
2024-07-30 15:02:00 INFO Epoch 29/120	Training Loss: 1.2893	Time remaining is 3h:9m
2024-07-30 15:03:55 INFO Epoch 30/120	Training Loss: 1.2634	Time remaining is 3h:7m
2024-07-30 15:05:39 INFO Epoch 31/120	Training Loss: 1.2623	Time remaining is 3h:4m
2024-07-30 15:07:19 INFO Epoch 32/120	Training Loss: 1.2475	Time remaining is 3h:1m
2024-07-30 15:08:59 INFO Epoch 33/120	Training Loss: 1.2450	Time remaining is 2h:58m
2024-07-30 15:10:50 INFO Epoch 34/120	Training Loss: 1.2557	Time remaining is 2h:55m
2024-07-30 15:12:30 INFO Epoch 35/120	Training Loss: 1.2486	Time remaining is 2h:52m
2024-07-30 15:14:16 INFO Epoch 36/120	Training Loss: 1.2305	Time remaining is 2h:50m
2024-07-30 15:15:56 INFO Epoch 37/120	Training Loss: 1.2288	Time remaining is 2h:47m
2024-07-30 15:17:36 INFO Epoch 38/120	Training Loss: 1.2189	Time remaining is 2h:44m
2024-07-30 15:19:20 INFO Epoch 39/120	Training Loss: 1.2418	Time remaining is 2h:42m
2024-07-30 15:21:02 INFO Epoch 40/120	Training Loss: 1.2347	Time remaining is 2h:39m
2024-07-30 15:22:46 INFO Epoch 41/120	Training Loss: 1.1575	Time remaining is 2h:37m
2024-07-30 15:24:26 INFO Epoch 42/120	Training Loss: 1.0822	Time remaining is 2h:34m
2024-07-30 15:26:07 INFO Epoch 43/120	Training Loss: 1.0633	Time remaining is 2h:32m
2024-07-30 15:27:53 INFO Epoch 44/120	Training Loss: 1.0538	Time remaining is 2h:30m
2024-07-30 15:29:35 INFO Epoch 45/120	Training Loss: 1.0455	Time remaining is 2h:27m
2024-07-30 15:31:15 INFO Epoch 46/120	Training Loss: 1.0417	Time remaining is 2h:25m
2024-07-30 15:32:59 INFO Epoch 47/120	Training Loss: 1.0444	Time remaining is 2h:23m
2024-07-30 15:34:44 INFO Epoch 48/120	Training Loss: 1.0345	Time remaining is 2h:20m
2024-07-30 15:36:26 INFO Epoch 49/120	Training Loss: 1.0287	Time remaining is 2h:18m
2024-07-30 15:38:10 INFO Epoch 50/120	Training Loss: 1.0221	Time remaining is 2h:16m
2024-07-30 15:39:58 INFO Epoch 51/120	Training Loss: 1.0284	Time remaining is 2h:14m
2024-07-30 15:41:42 INFO Epoch 52/120	Training Loss: 1.0239	Time remaining is 2h:12m
2024-07-30 15:43:26 INFO Epoch 53/120	Training Loss: 1.0212	Time remaining is 2h:10m
2024-07-30 15:45:13 INFO Epoch 54/120	Training Loss: 1.0211	Time remaining is 2h:8m
2024-07-30 15:46:57 INFO Epoch 55/120	Training Loss: 1.0216	Time remaining is 2h:6m
2024-07-30 15:48:39 INFO Epoch 56/120	Training Loss: 1.0242	Time remaining is 2h:3m
2024-07-30 15:50:23 INFO Epoch 57/120	Training Loss: 1.0177	Time remaining is 2h:1m
2024-07-30 15:52:04 INFO Epoch 58/120	Training Loss: 1.0103	Time remaining is 1h:59m
2024-07-30 15:53:50 INFO Epoch 59/120	Training Loss: 1.0089	Time remaining is 1h:57m
2024-07-30 15:55:32 INFO Epoch 60/120	Training Loss: 1.0154	Time remaining is 1h:55m
2024-07-30 15:57:12 INFO Epoch 61/120	Training Loss: 1.0123	Time remaining is 1h:53m
2024-07-30 15:58:54 INFO Epoch 62/120	Training Loss: 1.0116	Time remaining is 1h:51m
2024-07-30 16:00:35 INFO Epoch 63/120	Training Loss: 1.0134	Time remaining is 1h:49m
2024-07-30 16:02:15 INFO Epoch 64/120	Training Loss: 1.0044	Time remaining is 1h:47m
2024-07-30 16:03:59 INFO Epoch 65/120	Training Loss: 1.0116	Time remaining is 1h:45m
2024-07-30 16:05:43 INFO Epoch 66/120	Training Loss: 1.0081	Time remaining is 1h:43m
2024-07-30 16:07:27 INFO Epoch 67/120	Training Loss: 1.0076	Time remaining is 1h:41m
2024-07-30 16:09:09 INFO Epoch 68/120	Training Loss: 1.0094	Time remaining is 1h:39m
2024-07-30 16:11:50 INFO Epoch 69/120	Training Loss: 1.0046	Time remaining is 1h:38m
2024-07-30 16:14:01 INFO Epoch 70/120	Training Loss: 1.0118	Time remaining is 1h:36m
2024-07-30 16:15:42 INFO Epoch 71/120	Training Loss: 0.9978	Time remaining is 1h:34m
2024-07-30 16:17:23 INFO Epoch 72/120	Training Loss: 0.9980	Time remaining is 1h:32m
2024-07-30 16:19:04 INFO Epoch 73/120	Training Loss: 0.9964	Time remaining is 1h:30m
2024-07-30 16:20:45 INFO Epoch 74/120	Training Loss: 0.9945	Time remaining is 1h:28m
2024-07-30 16:22:28 INFO Epoch 75/120	Training Loss: 0.9935	Time remaining is 1h:26m
2024-07-30 16:24:15 INFO Epoch 76/120	Training Loss: 0.9934	Time remaining is 1h:24m
2024-07-30 16:26:01 INFO Epoch 77/120	Training Loss: 0.9910	Time remaining is 1h:22m
2024-07-30 16:27:47 INFO Epoch 78/120	Training Loss: 0.9885	Time remaining is 1h:20m
2024-07-30 16:29:30 INFO Epoch 79/120	Training Loss: 0.9939	Time remaining is 1h:18m
2024-07-30 16:31:11 INFO Epoch 80/120	Training Loss: 0.9907	Time remaining is 1h:16m
2024-07-30 16:32:51 INFO Epoch 81/120	Training Loss: 0.9905	Time remaining is 1h:14m
2024-07-30 16:34:32 INFO Epoch 82/120	Training Loss: 0.9902	Time remaining is 1h:12m
2024-07-30 16:36:20 INFO Epoch 83/120	Training Loss: 0.9872	Time remaining is 1h:10m
2024-07-30 16:38:37 INFO Epoch 84/120	Training Loss: 0.9907	Time remaining is 1h:9m
2024-07-30 16:40:47 INFO Epoch 85/120	Training Loss: 0.9840	Time remaining is 1h:7m
2024-07-30 16:42:27 INFO Epoch 86/120	Training Loss: 0.9847	Time remaining is 1h:5m
2024-07-30 16:44:08 INFO Epoch 87/120	Training Loss: 0.9905	Time remaining is 1h:3m
2024-07-30 16:45:48 INFO Epoch 88/120	Training Loss: 0.9872	Time remaining is 1h:1m
2024-07-30 16:47:29 INFO Epoch 89/120	Training Loss: 0.9893	Time remaining is 0h:59m
2024-07-30 16:49:10 INFO Epoch 90/120	Training Loss: 0.9833	Time remaining is 0h:57m
2024-07-30 16:58:04 INFO Epoch 90/120	Testing: dataset_name: market1501 top1: 94.002 top5: 98.426 top10: 98.961 mAP: 84.857
2024-07-30 16:59:45 INFO Epoch 91/120	Training Loss: 0.9934	Time remaining is 0h:58m
2024-07-30 17:01:27 INFO Epoch 92/120	Training Loss: 0.9923	Time remaining is 0h:56m
2024-07-30 17:03:07 INFO Epoch 93/120	Training Loss: 0.9873	Time remaining is 0h:54m
2024-07-30 17:04:56 INFO Epoch 94/120	Training Loss: 0.9875	Time remaining is 0h:52m
2024-07-30 17:06:40 INFO Epoch 95/120	Training Loss: 0.9882	Time remaining is 0h:50m
2024-07-30 17:10:08 INFO Epoch 95/120	Testing: dataset_name: market1501 top1: 94.151 top5: 98.278 top10: 98.961 mAP: 84.836
2024-07-30 17:11:50 INFO Epoch 96/120	Training Loss: 0.9854	Time remaining is 0h:49m
2024-07-30 17:13:30 INFO Epoch 97/120	Training Loss: 0.9858	Time remaining is 0h:47m
2024-07-30 17:15:11 INFO Epoch 98/120	Training Loss: 0.9820	Time remaining is 0h:45m
2024-07-30 17:16:52 INFO Epoch 99/120	Training Loss: 0.9865	Time remaining is 0h:43m
2024-07-30 17:18:32 INFO Epoch 100/120	Training Loss: 0.9850	Time remaining is 0h:41m
2024-07-30 17:21:56 INFO Epoch 100/120	Testing: dataset_name: market1501 top1: 94.032 top5: 98.248 top10: 98.961 mAP: 84.862
2024-07-30 17:23:38 INFO Epoch 101/120	Training Loss: 0.9868	Time remaining is 0h:40m
2024-07-30 17:25:18 INFO Epoch 102/120	Training Loss: 0.9784	Time remaining is 0h:38m
2024-07-30 17:26:59 INFO Epoch 103/120	Training Loss: 0.9817	Time remaining is 0h:36m
2024-07-30 17:28:43 INFO Epoch 104/120	Training Loss: 0.9843	Time remaining is 0h:34m
2024-07-30 17:30:24 INFO Epoch 105/120	Training Loss: 0.9853	Time remaining is 0h:32m
2024-07-30 17:33:53 INFO Epoch 105/120	Testing: dataset_name: market1501 top1: 94.032 top5: 98.219 top10: 98.990 mAP: 85.067
2024-07-30 17:35:35 INFO Epoch 106/120	Training Loss: 0.9801	Time remaining is 0h:30m
2024-07-30 17:37:18 INFO Epoch 107/120	Training Loss: 0.9840	Time remaining is 0h:28m
2024-07-30 17:39:03 INFO Epoch 108/120	Training Loss: 0.9843	Time remaining is 0h:26m
2024-07-30 17:40:45 INFO Epoch 109/120	Training Loss: 0.9848	Time remaining is 0h:24m
2024-07-30 17:42:26 INFO Epoch 110/120	Training Loss: 0.9854	Time remaining is 0h:22m
2024-07-30 17:45:50 INFO Epoch 110/120	Testing: dataset_name: market1501 top1: 94.062 top5: 98.397 top10: 99.020 mAP: 85.131
2024-07-30 17:47:31 INFO Epoch 111/120	Training Loss: 0.9801	Time remaining is 0h:20m
2024-07-30 17:49:11 INFO Epoch 112/120	Training Loss: 0.9845	Time remaining is 0h:18m
2024-07-30 17:50:53 INFO Epoch 113/120	Training Loss: 0.9846	Time remaining is 0h:16m
2024-07-30 17:52:34 INFO Epoch 114/120	Training Loss: 0.9842	Time remaining is 0h:14m
2024-07-30 17:54:38 INFO Epoch 115/120	Training Loss: 0.9840	Time remaining is 0h:12m
2024-07-30 17:58:07 INFO Epoch 115/120	Testing: dataset_name: market1501 top1: 94.151 top5: 98.278 top10: 98.990 mAP: 85.222
2024-07-30 17:59:51 INFO Epoch 116/120	Training Loss: 0.9842	Time remaining is 0h:10m
2024-07-30 18:01:35 INFO Epoch 117/120	Training Loss: 0.9832	Time remaining is 0h:8m
2024-07-30 18:03:17 INFO Epoch 118/120	Training Loss: 0.9799	Time remaining is 0h:6m
2024-07-30 18:04:58 INFO Epoch 119/120	Training Loss: 0.9830	Time remaining is 0h:4m
2024-07-30 18:06:38 INFO Epoch 120/120	Training Loss: 0.9782	Time remaining is 0h:2m
2024-07-30 18:10:05 INFO Epoch 120/120	Testing: dataset_name: market1501 top1: 94.181 top5: 98.278 top10: 98.931 mAP: 85.275
2024-07-30 18:10:05 INFO The running time of training: 4.13 h
