2024-06-13 20:07:22 INFO ##################################################
2024-06-13 20:07:22 INFO Config values: batch_size: 60	current_directory: /home/hy/project/reid_task/ex_main1	dataset_name: market1501	dataset_path: /home/hy/project/data/Market-1501-v15.09.15	device: cuda	dtype: torch.float32	epoch_start_test: 90	epochs: 500	img_height: 384	img_width: 128	logs_outputs_path: /home/hy/project/reid_task/ex_main1/./outputs/logs	models_outputs_path: /home/hy/project/reid_task/ex_main1/./outputs/models	np: <module 'numpy' from '/home/hy/anaconda3/envs/py396/lib/python3.9/site-packages/numpy/__init__.py'>	os: <module 'os' from '/home/hy/anaconda3/envs/py396/lib/python3.9/os.py'>	outputs_dir: ./outputs/	outputs_path: /home/hy/project/reid_task/ex_main1/./outputs/	print_every: 1	seed: 1	taskname: ReID_Task	temps_outputs_path: /home/hy/project/reid_task/ex_main1/./outputs/temps	test_batch_size: 256	test_every: 5	torch: <module 'torch' from '/home/hy/anaconda3/envs/py396/lib/python3.9/site-packages/torch/__init__.py'>
2024-06-13 20:07:22 INFO Task: ReID_Task
2024-06-13 20:07:22 INFO Using device: cuda
2024-06-13 20:07:22 INFO Using data type: torch.float32
2024-06-13 20:07:22 INFO Number of GPUs: 1
2024-06-13 20:07:22 INFO GPU is_available: True
2024-06-13 20:07:22 INFO GPU name: NVIDIA GeForce RTX 3060
2024-06-13 20:07:22 INFO CUDA version: 12.1
2024-06-13 20:07:22 INFO Current device id: 0
2024-06-13 20:07:22 INFO ##################################################
2024-06-13 20:09:09 INFO Epoch 1/500	Training Loss: 8.1294	Time remaining is 14h:41m
2024-06-13 20:10:51 INFO Epoch 2/500	Training Loss: 6.7947	Time remaining is 14h:21m
2024-06-13 20:12:33 INFO Epoch 3/500	Training Loss: 5.2681	Time remaining is 14h:15m
2024-06-13 20:14:13 INFO Epoch 4/500	Training Loss: 3.8148	Time remaining is 14h:9m
2024-06-13 20:15:54 INFO Epoch 5/500	Training Loss: 2.7667	Time remaining is 14h:4m
2024-06-13 20:17:35 INFO Epoch 6/500	Training Loss: 2.1190	Time remaining is 14h:1m
2024-06-13 20:19:16 INFO Epoch 7/500	Training Loss: 1.7821	Time remaining is 13h:58m
2024-06-13 20:20:57 INFO Epoch 8/500	Training Loss: 1.5829	Time remaining is 13h:55m
2024-06-13 20:22:38 INFO Epoch 9/500	Training Loss: 1.4887	Time remaining is 13h:53m
2024-06-13 20:24:19 INFO Epoch 10/500	Training Loss: 1.4355	Time remaining is 13h:51m
2024-06-13 20:26:00 INFO Epoch 11/500	Training Loss: 1.3977	Time remaining is 13h:49m
2024-06-13 20:27:41 INFO Epoch 12/500	Training Loss: 1.3536	Time remaining is 13h:47m
2024-06-13 20:29:22 INFO Epoch 13/500	Training Loss: 1.2931	Time remaining is 13h:45m
2024-06-13 20:31:03 INFO Epoch 14/500	Training Loss: 1.2426	Time remaining is 13h:43m
2024-06-13 20:32:43 INFO Epoch 15/500	Training Loss: 1.2297	Time remaining is 13h:41m
2024-06-13 20:34:25 INFO Epoch 16/500	Training Loss: 1.2422	Time remaining is 13h:39m
2024-06-13 20:36:06 INFO Epoch 17/500	Training Loss: 1.2070	Time remaining is 13h:37m
2024-06-13 20:37:47 INFO Epoch 18/500	Training Loss: 1.2128	Time remaining is 13h:35m
2024-06-13 20:39:27 INFO Epoch 19/500	Training Loss: 1.2068	Time remaining is 13h:33m
2024-06-13 20:41:09 INFO Epoch 20/500	Training Loss: 1.2052	Time remaining is 13h:32m
2024-06-13 20:42:50 INFO Epoch 21/500	Training Loss: 1.1987	Time remaining is 13h:30m
2024-06-13 20:44:31 INFO Epoch 22/500	Training Loss: 1.1879	Time remaining is 13h:28m
2024-06-13 20:46:12 INFO Epoch 23/500	Training Loss: 1.1887	Time remaining is 13h:26m
2024-06-13 20:47:53 INFO Epoch 24/500	Training Loss: 1.1891	Time remaining is 13h:25m
2024-06-13 20:49:34 INFO Epoch 25/500	Training Loss: 1.1969	Time remaining is 13h:23m
2024-06-13 20:51:15 INFO Epoch 26/500	Training Loss: 1.1982	Time remaining is 13h:21m
2024-06-13 20:52:56 INFO Epoch 27/500	Training Loss: 1.1897	Time remaining is 13h:20m
2024-06-13 20:54:38 INFO Epoch 28/500	Training Loss: 1.2044	Time remaining is 13h:18m
2024-06-13 20:56:19 INFO Epoch 29/500	Training Loss: 1.2020	Time remaining is 13h:16m
2024-06-13 20:58:00 INFO Epoch 30/500	Training Loss: 1.1936	Time remaining is 13h:14m
2024-06-13 20:59:41 INFO Epoch 31/500	Training Loss: 1.1834	Time remaining is 13h:13m
2024-06-13 21:01:22 INFO Epoch 32/500	Training Loss: 1.1754	Time remaining is 13h:11m
2024-06-13 21:03:04 INFO Epoch 33/500	Training Loss: 1.1881	Time remaining is 13h:9m
2024-06-13 21:04:45 INFO Epoch 34/500	Training Loss: 1.1783	Time remaining is 13h:8m
2024-06-13 21:06:27 INFO Epoch 35/500	Training Loss: 1.1729	Time remaining is 13h:6m
2024-06-13 21:08:08 INFO Epoch 36/500	Training Loss: 1.1835	Time remaining is 13h:5m
2024-06-13 21:09:49 INFO Epoch 37/500	Training Loss: 1.1729	Time remaining is 13h:3m
2024-06-13 21:11:31 INFO Epoch 38/500	Training Loss: 1.1802	Time remaining is 13h:1m
2024-06-13 21:13:12 INFO Epoch 39/500	Training Loss: 1.1719	Time remaining is 12h:60m
2024-06-13 21:14:53 INFO Epoch 40/500	Training Loss: 1.1675	Time remaining is 12h:58m
2024-06-13 21:16:34 INFO Epoch 41/500	Training Loss: 1.1140	Time remaining is 12h:56m
2024-06-13 21:18:16 INFO Epoch 42/500	Training Loss: 1.0529	Time remaining is 12h:55m
2024-06-13 21:19:58 INFO Epoch 43/500	Training Loss: 1.0312	Time remaining is 12h:53m
2024-06-13 21:21:38 INFO Epoch 44/500	Training Loss: 1.0142	Time remaining is 12h:51m
2024-06-13 21:23:19 INFO Epoch 45/500	Training Loss: 1.0125	Time remaining is 12h:49m
2024-06-13 21:25:00 INFO Epoch 46/500	Training Loss: 1.0100	Time remaining is 12h:48m
2024-06-13 21:26:42 INFO Epoch 47/500	Training Loss: 1.0119	Time remaining is 12h:46m
2024-06-13 21:28:23 INFO Epoch 48/500	Training Loss: 0.9984	Time remaining is 12h:44m
2024-06-13 21:30:04 INFO Epoch 49/500	Training Loss: 0.9963	Time remaining is 12h:43m
2024-06-13 21:31:45 INFO Epoch 50/500	Training Loss: 0.9941	Time remaining is 12h:41m
2024-06-13 21:33:27 INFO Epoch 51/500	Training Loss: 0.9962	Time remaining is 12h:39m
2024-06-13 21:35:07 INFO Epoch 52/500	Training Loss: 0.9921	Time remaining is 12h:37m
2024-06-13 21:36:48 INFO Epoch 53/500	Training Loss: 0.9867	Time remaining is 12h:36m
2024-06-13 21:38:29 INFO Epoch 54/500	Training Loss: 0.9916	Time remaining is 12h:34m
2024-06-13 21:40:10 INFO Epoch 55/500	Training Loss: 0.9886	Time remaining is 12h:32m
2024-06-13 21:41:52 INFO Epoch 56/500	Training Loss: 0.9916	Time remaining is 12h:31m
2024-06-13 21:43:32 INFO Epoch 57/500	Training Loss: 0.9833	Time remaining is 12h:29m
2024-06-13 21:45:14 INFO Epoch 58/500	Training Loss: 0.9856	Time remaining is 12h:27m
2024-06-13 21:46:55 INFO Epoch 59/500	Training Loss: 0.9848	Time remaining is 12h:26m
2024-06-13 21:48:36 INFO Epoch 60/500	Training Loss: 0.9877	Time remaining is 12h:24m
2024-06-13 21:50:17 INFO Epoch 61/500	Training Loss: 0.9811	Time remaining is 12h:22m
2024-06-13 21:51:58 INFO Epoch 62/500	Training Loss: 0.9832	Time remaining is 12h:20m
2024-06-13 21:53:40 INFO Epoch 63/500	Training Loss: 0.9885	Time remaining is 12h:19m
2024-06-13 21:55:21 INFO Epoch 64/500	Training Loss: 0.9796	Time remaining is 12h:17m
2024-06-13 21:57:02 INFO Epoch 65/500	Training Loss: 0.9729	Time remaining is 12h:15m
2024-06-13 21:58:43 INFO Epoch 66/500	Training Loss: 0.9808	Time remaining is 12h:14m
2024-06-13 22:00:24 INFO Epoch 67/500	Training Loss: 0.9814	Time remaining is 12h:12m
2024-06-13 22:02:05 INFO Epoch 68/500	Training Loss: 0.9744	Time remaining is 12h:10m
2024-06-13 22:03:46 INFO Epoch 69/500	Training Loss: 0.9803	Time remaining is 12h:9m
2024-06-13 22:05:27 INFO Epoch 70/500	Training Loss: 0.9743	Time remaining is 12h:7m
2024-06-13 22:07:08 INFO Epoch 71/500	Training Loss: 0.9716	Time remaining is 12h:5m
2024-06-13 22:08:49 INFO Epoch 72/500	Training Loss: 0.9696	Time remaining is 12h:3m
2024-06-13 22:10:31 INFO Epoch 73/500	Training Loss: 0.9668	Time remaining is 12h:2m
2024-06-13 22:12:11 INFO Epoch 74/500	Training Loss: 0.9653	Time remaining is 12h:0m
2024-06-13 22:13:53 INFO Epoch 75/500	Training Loss: 0.9674	Time remaining is 11h:58m
2024-06-13 22:15:34 INFO Epoch 76/500	Training Loss: 0.9588	Time remaining is 11h:57m
2024-06-13 22:17:15 INFO Epoch 77/500	Training Loss: 0.9587	Time remaining is 11h:55m
2024-06-13 22:18:56 INFO Epoch 78/500	Training Loss: 0.9580	Time remaining is 11h:53m
2024-06-13 22:20:37 INFO Epoch 79/500	Training Loss: 0.9640	Time remaining is 11h:52m
2024-06-13 22:22:18 INFO Epoch 80/500	Training Loss: 0.9578	Time remaining is 11h:50m
2024-06-13 22:23:59 INFO Epoch 81/500	Training Loss: 0.9634	Time remaining is 11h:48m
2024-06-13 22:25:40 INFO Epoch 82/500	Training Loss: 0.9617	Time remaining is 11h:47m
2024-06-13 22:27:21 INFO Epoch 83/500	Training Loss: 0.9609	Time remaining is 11h:45m
2024-06-13 22:29:02 INFO Epoch 84/500	Training Loss: 0.9602	Time remaining is 11h:43m
2024-06-13 22:30:43 INFO Epoch 85/500	Training Loss: 0.9611	Time remaining is 11h:41m
2024-06-13 22:32:25 INFO Epoch 86/500	Training Loss: 0.9655	Time remaining is 11h:40m
2024-06-13 22:34:06 INFO Epoch 87/500	Training Loss: 0.9568	Time remaining is 11h:38m
2024-06-13 22:35:47 INFO Epoch 88/500	Training Loss: 0.9612	Time remaining is 11h:36m
2024-06-13 22:37:28 INFO Epoch 89/500	Training Loss: 0.9606	Time remaining is 11h:35m
2024-06-13 22:39:09 INFO Epoch 90/500	Training Loss: 0.9611	Time remaining is 11h:33m
2024-06-13 22:40:56 INFO Testing: dataset_name: market1501 top1:0.9492 top5:0.9857 top10:0.9905 mAP:0.8709
2024-06-13 22:42:37 INFO Epoch 91/500	Training Loss: 0.9589	Time remaining is 11h:39m
2024-06-13 22:44:18 INFO Epoch 92/500	Training Loss: 0.9597	Time remaining is 11h:38m
2024-06-13 22:45:58 INFO Epoch 93/500	Training Loss: 0.9591	Time remaining is 11h:36m
2024-06-13 22:47:39 INFO Epoch 94/500	Training Loss: 0.9560	Time remaining is 11h:34m
2024-06-13 22:49:20 INFO Epoch 95/500	Training Loss: 0.9599	Time remaining is 11h:32m
2024-06-13 22:51:04 INFO Testing: dataset_name: market1501 top1:0.9495 top5:0.9860 top10:0.9902 mAP:0.8719
2024-06-13 22:52:45 INFO Epoch 96/500	Training Loss: 0.9611	Time remaining is 11h:38m
2024-06-13 22:54:27 INFO Epoch 97/500	Training Loss: 0.9589	Time remaining is 11h:36m
2024-06-13 22:56:12 INFO Epoch 98/500	Training Loss: 0.9593	Time remaining is 11h:34m
2024-06-13 22:58:01 INFO Epoch 99/500	Training Loss: 0.9568	Time remaining is 11h:33m
2024-06-13 22:59:42 INFO Epoch 100/500	Training Loss: 0.9589	Time remaining is 11h:31m
2024-06-13 23:01:29 INFO Testing: dataset_name: market1501 top1:0.9489 top5:0.9857 top10:0.9908 mAP:0.8725
2024-06-13 23:03:14 INFO Epoch 101/500	Training Loss: 0.9570	Time remaining is 11h:36m
2024-06-13 23:04:56 INFO Epoch 102/500	Training Loss: 0.9594	Time remaining is 11h:34m
2024-06-13 23:06:37 INFO Epoch 103/500	Training Loss: 0.9577	Time remaining is 11h:33m
2024-06-13 23:08:17 INFO Epoch 104/500	Training Loss: 0.9569	Time remaining is 11h:31m
2024-06-13 23:09:58 INFO Epoch 105/500	Training Loss: 0.9572	Time remaining is 11h:29m
2024-06-13 23:11:42 INFO Testing: dataset_name: market1501 top1:0.9504 top5:0.9843 top10:0.9908 mAP:0.8741
2024-06-13 23:13:23 INFO Epoch 106/500	Training Loss: 0.9574	Time remaining is 11h:33m
2024-06-13 23:15:03 INFO Epoch 107/500	Training Loss: 0.9525	Time remaining is 11h:31m
2024-06-13 23:16:43 INFO Epoch 108/500	Training Loss: 0.9567	Time remaining is 11h:29m
2024-06-13 23:18:24 INFO Epoch 109/500	Training Loss: 0.9571	Time remaining is 11h:27m
2024-06-13 23:20:05 INFO Epoch 110/500	Training Loss: 0.9566	Time remaining is 11h:25m
2024-06-13 23:21:48 INFO Testing: dataset_name: market1501 top1:0.9504 top5:0.9855 top10:0.9920 mAP:0.8751
2024-06-13 23:23:29 INFO Epoch 111/500	Training Loss: 0.9555	Time remaining is 11h:29m
2024-06-13 23:25:10 INFO Epoch 112/500	Training Loss: 0.9561	Time remaining is 11h:27m
2024-06-13 23:26:50 INFO Epoch 113/500	Training Loss: 0.9572	Time remaining is 11h:25m
2024-06-13 23:28:31 INFO Epoch 114/500	Training Loss: 0.9571	Time remaining is 11h:23m
2024-06-13 23:30:11 INFO Epoch 115/500	Training Loss: 0.9583	Time remaining is 11h:21m
2024-06-13 23:31:55 INFO Testing: dataset_name: market1501 top1:0.9516 top5:0.9849 top10:0.9914 mAP:0.8747
2024-06-13 23:33:35 INFO Epoch 116/500	Training Loss: 0.9506	Time remaining is 11h:24m
2024-06-13 23:35:16 INFO Epoch 117/500	Training Loss: 0.9606	Time remaining is 11h:22m
2024-06-13 23:36:57 INFO Epoch 118/500	Training Loss: 0.9558	Time remaining is 11h:20m
2024-06-13 23:38:37 INFO Epoch 119/500	Training Loss: 0.9555	Time remaining is 11h:18m
2024-06-13 23:40:18 INFO Epoch 120/500	Training Loss: 0.9567	Time remaining is 11h:16m
2024-06-13 23:42:02 INFO Testing: dataset_name: market1501 top1:0.9528 top5:0.9846 top10:0.9911 mAP:0.8746
2024-06-13 23:43:42 INFO Epoch 121/500	Training Loss: 0.9518	Time remaining is 11h:19m
2024-06-13 23:45:23 INFO Epoch 122/500	Training Loss: 0.9545	Time remaining is 11h:17m
2024-06-13 23:47:04 INFO Epoch 123/500	Training Loss: 0.9608	Time remaining is 11h:15m
2024-06-13 23:48:45 INFO Epoch 124/500	Training Loss: 0.9594	Time remaining is 11h:13m
2024-06-13 23:50:26 INFO Epoch 125/500	Training Loss: 0.9561	Time remaining is 11h:11m
2024-06-13 23:52:10 INFO Testing: dataset_name: market1501 top1:0.9534 top5:0.9849 top10:0.9908 mAP:0.8760
2024-06-13 23:53:50 INFO Epoch 126/500	Training Loss: 0.9541	Time remaining is 11h:14m
2024-06-13 23:55:31 INFO Epoch 127/500	Training Loss: 0.9548	Time remaining is 11h:12m
2024-06-13 23:57:11 INFO Epoch 128/500	Training Loss: 0.9529	Time remaining is 11h:10m
2024-06-13 23:58:52 INFO Epoch 129/500	Training Loss: 0.9536	Time remaining is 11h:7m
2024-06-14 00:00:32 INFO Epoch 130/500	Training Loss: 0.9555	Time remaining is 11h:5m
2024-06-14 00:02:16 INFO Testing: dataset_name: market1501 top1:0.9531 top5:0.9849 top10:0.9911 mAP:0.8773
2024-06-14 00:03:57 INFO Epoch 131/500	Training Loss: 0.9539	Time remaining is 11h:8m
2024-06-14 00:05:37 INFO Epoch 132/500	Training Loss: 0.9539	Time remaining is 11h:6m
2024-06-14 00:07:18 INFO Epoch 133/500	Training Loss: 0.9576	Time remaining is 11h:4m
2024-06-14 00:08:59 INFO Epoch 134/500	Training Loss: 0.9529	Time remaining is 11h:2m
2024-06-14 00:10:39 INFO Epoch 135/500	Training Loss: 0.9546	Time remaining is 10h:60m
2024-06-14 00:12:23 INFO Testing: dataset_name: market1501 top1:0.9531 top5:0.9855 top10:0.9917 mAP:0.8773
2024-06-14 00:14:03 INFO Epoch 136/500	Training Loss: 0.9495	Time remaining is 11h:2m
2024-06-14 00:15:44 INFO Epoch 137/500	Training Loss: 0.9541	Time remaining is 10h:60m
2024-06-14 00:17:25 INFO Epoch 138/500	Training Loss: 0.9543	Time remaining is 10h:58m
2024-06-14 00:19:06 INFO Epoch 139/500	Training Loss: 0.9535	Time remaining is 10h:56m
2024-06-14 00:20:47 INFO Epoch 140/500	Training Loss: 0.9531	Time remaining is 10h:53m
2024-06-14 00:22:31 INFO Testing: dataset_name: market1501 top1:0.9534 top5:0.9855 top10:0.9905 mAP:0.8779
2024-06-14 00:24:12 INFO Epoch 141/500	Training Loss: 0.9575	Time remaining is 10h:56m
2024-06-14 00:25:52 INFO Epoch 142/500	Training Loss: 0.9511	Time remaining is 10h:53m
2024-06-14 00:27:33 INFO Epoch 143/500	Training Loss: 0.9518	Time remaining is 10h:51m
2024-06-14 00:29:13 INFO Epoch 144/500	Training Loss: 0.9532	Time remaining is 10h:49m
2024-06-14 00:30:54 INFO Epoch 145/500	Training Loss: 0.9532	Time remaining is 10h:47m
2024-06-14 00:32:38 INFO Testing: dataset_name: market1501 top1:0.9510 top5:0.9857 top10:0.9911 mAP:0.8775
2024-06-14 00:34:18 INFO Epoch 146/500	Training Loss: 0.9514	Time remaining is 10h:49m
2024-06-14 00:35:59 INFO Epoch 147/500	Training Loss: 0.9534	Time remaining is 10h:47m
2024-06-14 00:37:40 INFO Epoch 148/500	Training Loss: 0.9521	Time remaining is 10h:45m
2024-06-14 00:39:20 INFO Epoch 149/500	Training Loss: 0.9474	Time remaining is 10h:42m
2024-06-14 00:41:00 INFO Epoch 150/500	Training Loss: 0.9515	Time remaining is 10h:40m
2024-06-14 00:42:44 INFO Testing: dataset_name: market1501 top1:0.9507 top5:0.9846 top10:0.9911 mAP:0.8774
2024-06-14 00:44:25 INFO Epoch 151/500	Training Loss: 0.9521	Time remaining is 10h:42m
2024-06-14 00:46:05 INFO Epoch 152/500	Training Loss: 0.9532	Time remaining is 10h:40m
2024-06-14 00:47:46 INFO Epoch 153/500	Training Loss: 0.9517	Time remaining is 10h:38m
2024-06-14 00:49:26 INFO Epoch 154/500	Training Loss: 0.9503	Time remaining is 10h:36m
2024-06-14 00:51:07 INFO Epoch 155/500	Training Loss: 0.9520	Time remaining is 10h:33m
2024-06-14 00:52:50 INFO Testing: dataset_name: market1501 top1:0.9513 top5:0.9855 top10:0.9920 mAP:0.8779
2024-06-14 00:54:31 INFO Epoch 156/500	Training Loss: 0.9465	Time remaining is 10h:35m
2024-06-14 00:56:12 INFO Epoch 157/500	Training Loss: 0.9505	Time remaining is 10h:33m
2024-06-14 00:57:52 INFO Epoch 158/500	Training Loss: 0.9499	Time remaining is 10h:31m
2024-06-14 00:59:32 INFO Epoch 159/500	Training Loss: 0.9500	Time remaining is 10h:28m
2024-06-14 01:01:13 INFO Epoch 160/500	Training Loss: 0.9508	Time remaining is 10h:26m
2024-06-14 01:02:57 INFO Testing: dataset_name: market1501 top1:0.9519 top5:0.9855 top10:0.9914 mAP:0.8791
2024-06-14 01:04:36 INFO Epoch 161/500	Training Loss: 0.9400	Time remaining is 10h:28m
2024-06-14 01:06:17 INFO Epoch 162/500	Training Loss: 0.9497	Time remaining is 10h:25m
2024-06-14 01:07:58 INFO Epoch 163/500	Training Loss: 0.9503	Time remaining is 10h:23m
2024-06-14 01:09:38 INFO Epoch 164/500	Training Loss: 0.9455	Time remaining is 10h:21m
2024-06-14 01:11:18 INFO Epoch 165/500	Training Loss: 0.9497	Time remaining is 10h:19m
2024-06-14 01:13:02 INFO Testing: dataset_name: market1501 top1:0.9534 top5:0.9855 top10:0.9911 mAP:0.8791
2024-06-14 01:14:42 INFO Epoch 166/500	Training Loss: 0.9500	Time remaining is 10h:20m
2024-06-14 01:16:23 INFO Epoch 167/500	Training Loss: 0.9544	Time remaining is 10h:18m
2024-06-14 01:18:04 INFO Epoch 168/500	Training Loss: 0.9498	Time remaining is 10h:16m
2024-06-14 01:19:44 INFO Epoch 169/500	Training Loss: 0.9506	Time remaining is 10h:14m
2024-06-14 01:21:25 INFO Epoch 170/500	Training Loss: 0.9490	Time remaining is 10h:11m
2024-06-14 01:23:09 INFO Testing: dataset_name: market1501 top1:0.9504 top5:0.9863 top10:0.9914 mAP:0.8793
2024-06-14 01:24:49 INFO Epoch 171/500	Training Loss: 0.9445	Time remaining is 10h:13m
2024-06-14 01:26:29 INFO Epoch 172/500	Training Loss: 0.9482	Time remaining is 10h:10m
2024-06-14 01:28:09 INFO Epoch 173/500	Training Loss: 0.9450	Time remaining is 10h:8m
2024-06-14 01:29:50 INFO Epoch 174/500	Training Loss: 0.9450	Time remaining is 10h:6m
2024-06-14 01:31:30 INFO Epoch 175/500	Training Loss: 0.9474	Time remaining is 10h:4m
2024-06-14 01:33:14 INFO Testing: dataset_name: market1501 top1:0.9522 top5:0.9863 top10:0.9908 mAP:0.8785
2024-06-14 01:34:54 INFO Epoch 176/500	Training Loss: 0.9459	Time remaining is 10h:5m
2024-06-14 01:36:35 INFO Epoch 177/500	Training Loss: 0.9504	Time remaining is 10h:3m
2024-06-14 01:38:16 INFO Epoch 178/500	Training Loss: 0.9497	Time remaining is 10h:0m
2024-06-14 01:39:56 INFO Epoch 179/500	Training Loss: 0.9480	Time remaining is 9h:58m
2024-06-14 01:41:36 INFO Epoch 180/500	Training Loss: 0.9431	Time remaining is 9h:56m
2024-06-14 01:43:20 INFO Testing: dataset_name: market1501 top1:0.9534 top5:0.9852 top10:0.9908 mAP:0.8790
2024-06-14 01:45:00 INFO Epoch 181/500	Training Loss: 0.9440	Time remaining is 9h:57m
2024-06-14 01:46:41 INFO Epoch 182/500	Training Loss: 0.9484	Time remaining is 9h:55m
2024-06-14 01:48:21 INFO Epoch 183/500	Training Loss: 0.9425	Time remaining is 9h:52m
2024-06-14 01:50:00 INFO Epoch 184/500	Training Loss: 0.9427	Time remaining is 9h:50m
2024-06-14 01:51:41 INFO Epoch 185/500	Training Loss: 0.9479	Time remaining is 9h:48m
2024-06-14 01:53:25 INFO Testing: dataset_name: market1501 top1:0.9519 top5:0.9869 top10:0.9908 mAP:0.8795
2024-06-14 01:55:05 INFO Epoch 186/500	Training Loss: 0.9428	Time remaining is 9h:49m
2024-06-14 01:56:45 INFO Epoch 187/500	Training Loss: 0.9427	Time remaining is 9h:47m
2024-06-14 01:58:25 INFO Epoch 188/500	Training Loss: 0.9427	Time remaining is 9h:44m
2024-06-14 02:00:05 INFO Epoch 189/500	Training Loss: 0.9435	Time remaining is 9h:42m
2024-06-14 02:01:46 INFO Epoch 190/500	Training Loss: 0.9476	Time remaining is 9h:40m
2024-06-14 02:03:29 INFO Testing: dataset_name: market1501 top1:0.9534 top5:0.9869 top10:0.9914 mAP:0.8801
2024-06-14 02:05:10 INFO Epoch 191/500	Training Loss: 0.9427	Time remaining is 9h:41m
2024-06-14 02:06:50 INFO Epoch 192/500	Training Loss: 0.9424	Time remaining is 9h:38m
2024-06-14 02:08:30 INFO Epoch 193/500	Training Loss: 0.9467	Time remaining is 9h:36m
2024-06-14 02:10:11 INFO Epoch 194/500	Training Loss: 0.9480	Time remaining is 9h:34m
2024-06-14 02:11:52 INFO Epoch 195/500	Training Loss: 0.9473	Time remaining is 9h:32m
2024-06-14 02:13:35 INFO Testing: dataset_name: market1501 top1:0.9513 top5:0.9872 top10:0.9917 mAP:0.8808
2024-06-14 02:15:16 INFO Epoch 196/500	Training Loss: 0.9459	Time remaining is 9h:32m
2024-06-14 02:16:56 INFO Epoch 197/500	Training Loss: 0.9460	Time remaining is 9h:30m
2024-06-14 02:18:37 INFO Epoch 198/500	Training Loss: 0.9505	Time remaining is 9h:28m
2024-06-14 02:20:18 INFO Epoch 199/500	Training Loss: 0.9457	Time remaining is 9h:26m
2024-06-14 02:21:58 INFO Epoch 200/500	Training Loss: 0.9464	Time remaining is 9h:24m
2024-06-14 02:23:41 INFO Testing: dataset_name: market1501 top1:0.9543 top5:0.9863 top10:0.9917 mAP:0.8811
2024-06-14 02:25:22 INFO Epoch 201/500	Training Loss: 0.9456	Time remaining is 9h:24m
2024-06-14 02:27:03 INFO Epoch 202/500	Training Loss: 0.9472	Time remaining is 9h:22m
2024-06-14 02:28:43 INFO Epoch 203/500	Training Loss: 0.9411	Time remaining is 9h:20m
2024-06-14 02:30:23 INFO Epoch 204/500	Training Loss: 0.9416	Time remaining is 9h:18m
2024-06-14 02:32:03 INFO Epoch 205/500	Training Loss: 0.9457	Time remaining is 9h:15m
2024-06-14 02:33:47 INFO Testing: dataset_name: market1501 top1:0.9513 top5:0.9863 top10:0.9923 mAP:0.8809
2024-06-14 02:35:28 INFO Epoch 206/500	Training Loss: 0.9451	Time remaining is 9h:16m
2024-06-14 02:37:08 INFO Epoch 207/500	Training Loss: 0.9451	Time remaining is 9h:14m
2024-06-14 02:38:49 INFO Epoch 208/500	Training Loss: 0.9453	Time remaining is 9h:11m
2024-06-14 02:40:29 INFO Epoch 209/500	Training Loss: 0.9450	Time remaining is 9h:9m
2024-06-14 02:42:10 INFO Epoch 210/500	Training Loss: 0.9447	Time remaining is 9h:7m
2024-06-14 02:43:53 INFO Testing: dataset_name: market1501 top1:0.9552 top5:0.9878 top10:0.9923 mAP:0.8813
2024-06-14 02:45:34 INFO Epoch 211/500	Training Loss: 0.9465	Time remaining is 9h:7m
2024-06-14 02:47:15 INFO Epoch 212/500	Training Loss: 0.9456	Time remaining is 9h:5m
2024-06-14 02:48:55 INFO Epoch 213/500	Training Loss: 0.9440	Time remaining is 9h:3m
2024-06-14 02:50:36 INFO Epoch 214/500	Training Loss: 0.9452	Time remaining is 9h:1m
2024-06-14 02:52:17 INFO Epoch 215/500	Training Loss: 0.9445	Time remaining is 8h:59m
2024-06-14 02:54:00 INFO Testing: dataset_name: market1501 top1:0.9531 top5:0.9866 top10:0.9926 mAP:0.8813
2024-06-14 02:55:40 INFO Epoch 216/500	Training Loss: 0.9389	Time remaining is 8h:59m
2024-06-14 02:57:21 INFO Epoch 217/500	Training Loss: 0.9398	Time remaining is 8h:57m
2024-06-14 02:59:01 INFO Epoch 218/500	Training Loss: 0.9391	Time remaining is 8h:54m
2024-06-14 03:00:42 INFO Epoch 219/500	Training Loss: 0.9450	Time remaining is 8h:52m
2024-06-14 03:02:22 INFO Epoch 220/500	Training Loss: 0.9392	Time remaining is 8h:50m
2024-06-14 03:04:05 INFO Testing: dataset_name: market1501 top1:0.9519 top5:0.9857 top10:0.9917 mAP:0.8822
2024-06-14 03:05:46 INFO Epoch 221/500	Training Loss: 0.9384	Time remaining is 8h:50m
2024-06-14 03:07:26 INFO Epoch 222/500	Training Loss: 0.9438	Time remaining is 8h:48m
2024-06-14 03:09:07 INFO Epoch 223/500	Training Loss: 0.9438	Time remaining is 8h:46m
2024-06-14 03:10:48 INFO Epoch 224/500	Training Loss: 0.9436	Time remaining is 8h:44m
2024-06-14 03:12:28 INFO Epoch 225/500	Training Loss: 0.9445	Time remaining is 8h:41m
2024-06-14 03:14:12 INFO Testing: dataset_name: market1501 top1:0.9519 top5:0.9866 top10:0.9917 mAP:0.8812
2024-06-14 03:15:53 INFO Epoch 226/500	Training Loss: 0.9435	Time remaining is 8h:41m
2024-06-14 03:17:33 INFO Epoch 227/500	Training Loss: 0.9384	Time remaining is 8h:39m
2024-06-14 03:19:13 INFO Epoch 228/500	Training Loss: 0.9372	Time remaining is 8h:37m
2024-06-14 03:20:53 INFO Epoch 229/500	Training Loss: 0.9383	Time remaining is 8h:35m
2024-06-14 03:22:33 INFO Epoch 230/500	Training Loss: 0.9368	Time remaining is 8h:33m
2024-06-14 03:24:17 INFO Testing: dataset_name: market1501 top1:0.9549 top5:0.9857 top10:0.9920 mAP:0.8819
2024-06-14 03:25:58 INFO Epoch 231/500	Training Loss: 0.9435	Time remaining is 8h:33m
2024-06-14 03:27:39 INFO Epoch 232/500	Training Loss: 0.9443	Time remaining is 8h:30m
2024-06-14 03:29:19 INFO Epoch 233/500	Training Loss: 0.9381	Time remaining is 8h:28m
2024-06-14 03:30:59 INFO Epoch 234/500	Training Loss: 0.9390	Time remaining is 8h:26m
2024-06-14 03:32:39 INFO Epoch 235/500	Training Loss: 0.9385	Time remaining is 8h:24m
2024-06-14 03:34:23 INFO Testing: dataset_name: market1501 top1:0.9489 top5:0.9866 top10:0.9914 mAP:0.8801
2024-06-14 03:36:03 INFO Epoch 236/500	Training Loss: 0.9378	Time remaining is 8h:24m
2024-06-14 03:37:43 INFO Epoch 237/500	Training Loss: 0.9412	Time remaining is 8h:22m
2024-06-14 03:39:24 INFO Epoch 238/500	Training Loss: 0.9432	Time remaining is 8h:19m
2024-06-14 03:41:05 INFO Epoch 239/500	Training Loss: 0.9419	Time remaining is 8h:17m
2024-06-14 03:42:45 INFO Epoch 240/500	Training Loss: 0.9425	Time remaining is 8h:15m
2024-06-14 03:44:29 INFO Testing: dataset_name: market1501 top1:0.9549 top5:0.9863 top10:0.9917 mAP:0.8816
2024-06-14 03:46:10 INFO Epoch 241/500	Training Loss: 0.9426	Time remaining is 8h:15m
2024-06-14 03:47:51 INFO Epoch 242/500	Training Loss: 0.9425	Time remaining is 8h:13m
2024-06-14 03:49:31 INFO Epoch 243/500	Training Loss: 0.9375	Time remaining is 8h:11m
2024-06-14 03:51:11 INFO Epoch 244/500	Training Loss: 0.9421	Time remaining is 8h:9m
2024-06-14 03:52:52 INFO Epoch 245/500	Training Loss: 0.9413	Time remaining is 8h:6m
2024-06-14 03:54:36 INFO Testing: dataset_name: market1501 top1:0.9534 top5:0.9863 top10:0.9920 mAP:0.8812
2024-06-14 03:56:16 INFO Epoch 246/500	Training Loss: 0.9415	Time remaining is 8h:6m
2024-06-14 03:57:57 INFO Epoch 247/500	Training Loss: 0.9414	Time remaining is 8h:4m
2024-06-14 03:59:38 INFO Epoch 248/500	Training Loss: 0.9402	Time remaining is 8h:2m
2024-06-14 04:01:19 INFO Epoch 249/500	Training Loss: 0.9417	Time remaining is 7h:60m
2024-06-14 04:03:00 INFO Epoch 250/500	Training Loss: 0.9456	Time remaining is 7h:58m
2024-06-14 04:04:43 INFO Testing: dataset_name: market1501 top1:0.9552 top5:0.9860 top10:0.9920 mAP:0.8818
2024-06-14 04:06:24 INFO Epoch 251/500	Training Loss: 0.9373	Time remaining is 7h:57m
2024-06-14 04:08:04 INFO Epoch 252/500	Training Loss: 0.9400	Time remaining is 7h:55m
2024-06-14 04:09:45 INFO Epoch 253/500	Training Loss: 0.9359	Time remaining is 7h:53m
2024-06-14 04:11:25 INFO Epoch 254/500	Training Loss: 0.9366	Time remaining is 7h:51m
2024-06-14 04:13:06 INFO Epoch 255/500	Training Loss: 0.9399	Time remaining is 7h:49m
2024-06-14 04:14:49 INFO Testing: dataset_name: market1501 top1:0.9522 top5:0.9866 top10:0.9917 mAP:0.8820
2024-06-14 04:16:30 INFO Epoch 256/500	Training Loss: 0.9405	Time remaining is 7h:48m
2024-06-14 04:18:10 INFO Epoch 257/500	Training Loss: 0.9364	Time remaining is 7h:46m
2024-06-14 04:19:51 INFO Epoch 258/500	Training Loss: 0.9461	Time remaining is 7h:44m
2024-06-14 04:21:31 INFO Epoch 259/500	Training Loss: 0.9356	Time remaining is 7h:42m
2024-06-14 04:23:12 INFO Epoch 260/500	Training Loss: 0.9389	Time remaining is 7h:40m
2024-06-14 04:24:55 INFO Testing: dataset_name: market1501 top1:0.9537 top5:0.9860 top10:0.9920 mAP:0.8814
2024-06-14 04:26:36 INFO Epoch 261/500	Training Loss: 0.9353	Time remaining is 7h:39m
2024-06-14 04:28:16 INFO Epoch 262/500	Training Loss: 0.9397	Time remaining is 7h:37m
2024-06-14 04:29:57 INFO Epoch 263/500	Training Loss: 0.9390	Time remaining is 7h:35m
2024-06-14 04:31:37 INFO Epoch 264/500	Training Loss: 0.9396	Time remaining is 7h:33m
2024-06-14 04:33:17 INFO Epoch 265/500	Training Loss: 0.9354	Time remaining is 7h:31m
2024-06-14 04:35:01 INFO Testing: dataset_name: market1501 top1:0.9543 top5:0.9884 top10:0.9923 mAP:0.8824
2024-06-14 04:36:41 INFO Epoch 266/500	Training Loss: 0.9344	Time remaining is 7h:30m
2024-06-14 04:38:22 INFO Epoch 267/500	Training Loss: 0.9401	Time remaining is 7h:28m
2024-06-14 04:40:02 INFO Epoch 268/500	Training Loss: 0.9401	Time remaining is 7h:26m
2024-06-14 04:41:43 INFO Epoch 269/500	Training Loss: 0.9404	Time remaining is 7h:24m
2024-06-14 04:43:23 INFO Epoch 270/500	Training Loss: 0.9348	Time remaining is 7h:21m
2024-06-14 04:45:06 INFO Testing: dataset_name: market1501 top1:0.9528 top5:0.9869 top10:0.9926 mAP:0.8821
2024-06-14 04:46:47 INFO Epoch 271/500	Training Loss: 0.9406	Time remaining is 7h:21m
2024-06-14 04:48:28 INFO Epoch 272/500	Training Loss: 0.9399	Time remaining is 7h:19m
2024-06-14 04:50:08 INFO Epoch 273/500	Training Loss: 0.9348	Time remaining is 7h:17m
2024-06-14 04:51:49 INFO Epoch 274/500	Training Loss: 0.9392	Time remaining is 7h:14m
2024-06-14 04:53:29 INFO Epoch 275/500	Training Loss: 0.9342	Time remaining is 7h:12m
2024-06-14 04:55:13 INFO Testing: dataset_name: market1501 top1:0.9510 top5:0.9872 top10:0.9917 mAP:0.8819
2024-06-14 04:56:53 INFO Epoch 276/500	Training Loss: 0.9383	Time remaining is 7h:12m
2024-06-14 04:58:34 INFO Epoch 277/500	Training Loss: 0.9347	Time remaining is 7h:10m
2024-06-14 05:00:14 INFO Epoch 278/500	Training Loss: 0.9347	Time remaining is 7h:7m
2024-06-14 05:01:54 INFO Epoch 279/500	Training Loss: 0.9396	Time remaining is 7h:5m
2024-06-14 05:03:35 INFO Epoch 280/500	Training Loss: 0.9391	Time remaining is 7h:3m
2024-06-14 05:05:18 INFO Testing: dataset_name: market1501 top1:0.9558 top5:0.9872 top10:0.9926 mAP:0.8836
2024-06-14 05:06:59 INFO Epoch 281/500	Training Loss: 0.9334	Time remaining is 7h:2m
2024-06-14 05:08:39 INFO Epoch 282/500	Training Loss: 0.9342	Time remaining is 7h:0m
2024-06-14 05:10:20 INFO Epoch 283/500	Training Loss: 0.9372	Time remaining is 6h:58m
2024-06-14 05:12:00 INFO Epoch 284/500	Training Loss: 0.9377	Time remaining is 6h:56m
2024-06-14 05:13:41 INFO Epoch 285/500	Training Loss: 0.9384	Time remaining is 6h:54m
2024-06-14 05:15:25 INFO Testing: dataset_name: market1501 top1:0.9537 top5:0.9857 top10:0.9917 mAP:0.8826
2024-06-14 05:17:05 INFO Epoch 286/500	Training Loss: 0.9379	Time remaining is 6h:53m
2024-06-14 05:18:46 INFO Epoch 287/500	Training Loss: 0.9388	Time remaining is 6h:51m
2024-06-14 05:20:27 INFO Epoch 288/500	Training Loss: 0.9374	Time remaining is 6h:49m
2024-06-14 05:22:07 INFO Epoch 289/500	Training Loss: 0.9330	Time remaining is 6h:47m
2024-06-14 05:23:47 INFO Epoch 290/500	Training Loss: 0.9373	Time remaining is 6h:45m
2024-06-14 05:25:31 INFO Testing: dataset_name: market1501 top1:0.9534 top5:0.9866 top10:0.9923 mAP:0.8811
2024-06-14 05:27:11 INFO Epoch 291/500	Training Loss: 0.9323	Time remaining is 6h:44m
2024-06-14 05:28:52 INFO Epoch 292/500	Training Loss: 0.9376	Time remaining is 6h:42m
2024-06-14 05:30:32 INFO Epoch 293/500	Training Loss: 0.9332	Time remaining is 6h:40m
2024-06-14 05:32:13 INFO Epoch 294/500	Training Loss: 0.9373	Time remaining is 6h:38m
2024-06-14 05:33:53 INFO Epoch 295/500	Training Loss: 0.9380	Time remaining is 6h:36m
2024-06-14 05:35:37 INFO Testing: dataset_name: market1501 top1:0.9525 top5:0.9860 top10:0.9929 mAP:0.8818
2024-06-14 05:37:17 INFO Epoch 296/500	Training Loss: 0.9368	Time remaining is 6h:35m
2024-06-14 05:38:58 INFO Epoch 297/500	Training Loss: 0.9372	Time remaining is 6h:33m
2024-06-14 05:40:39 INFO Epoch 298/500	Training Loss: 0.9371	Time remaining is 6h:31m
2024-06-14 05:42:18 INFO Epoch 299/500	Training Loss: 0.9330	Time remaining is 6h:28m
2024-06-14 05:43:58 INFO Epoch 300/500	Training Loss: 0.9327	Time remaining is 6h:26m
2024-06-14 05:45:42 INFO Testing: dataset_name: market1501 top1:0.9528 top5:0.9860 top10:0.9917 mAP:0.8820
2024-06-14 05:47:23 INFO Epoch 301/500	Training Loss: 0.9369	Time remaining is 6h:25m
2024-06-14 05:49:03 INFO Epoch 302/500	Training Loss: 0.9369	Time remaining is 6h:23m
2024-06-14 05:50:44 INFO Epoch 303/500	Training Loss: 0.9368	Time remaining is 6h:21m
2024-06-14 05:52:25 INFO Epoch 304/500	Training Loss: 0.9359	Time remaining is 6h:19m
2024-06-14 05:54:06 INFO Epoch 305/500	Training Loss: 0.9364	Time remaining is 6h:17m
2024-06-14 05:55:49 INFO Testing: dataset_name: market1501 top1:0.9558 top5:0.9860 top10:0.9920 mAP:0.8838
2024-06-14 05:57:30 INFO Epoch 306/500	Training Loss: 0.9375	Time remaining is 6h:16m
2024-06-14 05:59:10 INFO Epoch 307/500	Training Loss: 0.9328	Time remaining is 6h:14m
2024-06-14 06:00:50 INFO Epoch 308/500	Training Loss: 0.9309	Time remaining is 6h:12m
2024-06-14 06:02:30 INFO Epoch 309/500	Training Loss: 0.9357	Time remaining is 6h:10m
2024-06-14 06:04:11 INFO Epoch 310/500	Training Loss: 0.9368	Time remaining is 6h:8m
2024-06-14 06:05:55 INFO Testing: dataset_name: market1501 top1:0.9540 top5:0.9860 top10:0.9917 mAP:0.8825
2024-06-14 06:07:35 INFO Epoch 311/500	Training Loss: 0.9352	Time remaining is 6h:7m
2024-06-14 06:09:15 INFO Epoch 312/500	Training Loss: 0.9311	Time remaining is 6h:5m
2024-06-14 06:10:55 INFO Epoch 313/500	Training Loss: 0.9304	Time remaining is 6h:3m
2024-06-14 06:12:36 INFO Epoch 314/500	Training Loss: 0.9409	Time remaining is 6h:0m
2024-06-14 06:14:17 INFO Epoch 315/500	Training Loss: 0.9363	Time remaining is 5h:58m
2024-06-14 06:16:00 INFO Testing: dataset_name: market1501 top1:0.9531 top5:0.9852 top10:0.9914 mAP:0.8816
2024-06-14 06:17:41 INFO Epoch 316/500	Training Loss: 0.9313	Time remaining is 5h:57m
2024-06-14 06:19:21 INFO Epoch 317/500	Training Loss: 0.9360	Time remaining is 5h:55m
2024-06-14 06:21:01 INFO Epoch 318/500	Training Loss: 0.9306	Time remaining is 5h:53m
2024-06-14 06:22:42 INFO Epoch 319/500	Training Loss: 0.9361	Time remaining is 5h:51m
2024-06-14 06:24:23 INFO Epoch 320/500	Training Loss: 0.9359	Time remaining is 5h:49m
2024-06-14 06:26:06 INFO Testing: dataset_name: market1501 top1:0.9534 top5:0.9860 top10:0.9917 mAP:0.8820
2024-06-14 06:27:47 INFO Epoch 321/500	Training Loss: 0.9344	Time remaining is 5h:48m
2024-06-14 06:29:27 INFO Epoch 322/500	Training Loss: 0.9311	Time remaining is 5h:46m
2024-06-14 06:31:08 INFO Epoch 323/500	Training Loss: 0.9359	Time remaining is 5h:44m
2024-06-14 06:32:49 INFO Epoch 324/500	Training Loss: 0.9348	Time remaining is 5h:42m
2024-06-14 06:34:29 INFO Epoch 325/500	Training Loss: 0.9302	Time remaining is 5h:40m
2024-06-14 06:36:12 INFO Testing: dataset_name: market1501 top1:0.9516 top5:0.9863 top10:0.9920 mAP:0.8806
2024-06-14 06:37:53 INFO Epoch 326/500	Training Loss: 0.9367	Time remaining is 5h:38m
2024-06-14 06:39:33 INFO Epoch 327/500	Training Loss: 0.9346	Time remaining is 5h:36m
2024-06-14 06:41:14 INFO Epoch 328/500	Training Loss: 0.9342	Time remaining is 5h:34m
2024-06-14 06:42:54 INFO Epoch 329/500	Training Loss: 0.9344	Time remaining is 5h:32m
2024-06-14 06:44:34 INFO Epoch 330/500	Training Loss: 0.9349	Time remaining is 5h:30m
2024-06-14 06:46:18 INFO Testing: dataset_name: market1501 top1:0.9537 top5:0.9872 top10:0.9920 mAP:0.8814
2024-06-14 06:47:58 INFO Epoch 331/500	Training Loss: 0.9294	Time remaining is 5h:29m
2024-06-14 06:49:39 INFO Epoch 332/500	Training Loss: 0.9295	Time remaining is 5h:27m
2024-06-14 06:51:19 INFO Epoch 333/500	Training Loss: 0.9346	Time remaining is 5h:25m
2024-06-14 06:53:00 INFO Epoch 334/500	Training Loss: 0.9348	Time remaining is 5h:23m
2024-06-14 06:54:41 INFO Epoch 335/500	Training Loss: 0.9395	Time remaining is 5h:21m
2024-06-14 06:56:25 INFO Testing: dataset_name: market1501 top1:0.9528 top5:0.9857 top10:0.9917 mAP:0.8825
2024-06-14 06:58:06 INFO Epoch 336/500	Training Loss: 0.9346	Time remaining is 5h:20m
2024-06-14 06:59:48 INFO Epoch 337/500	Training Loss: 0.9382	Time remaining is 5h:17m
2024-06-14 07:01:28 INFO Epoch 338/500	Training Loss: 0.9302	Time remaining is 5h:15m
2024-06-14 07:03:09 INFO Epoch 339/500	Training Loss: 0.9340	Time remaining is 5h:13m
2024-06-14 07:04:50 INFO Epoch 340/500	Training Loss: 0.9350	Time remaining is 5h:11m
2024-06-14 07:06:33 INFO Testing: dataset_name: market1501 top1:0.9498 top5:0.9857 top10:0.9917 mAP:0.8806
2024-06-14 07:08:14 INFO Epoch 341/500	Training Loss: 0.9391	Time remaining is 5h:10m
2024-06-14 07:09:55 INFO Epoch 342/500	Training Loss: 0.9336	Time remaining is 5h:8m
2024-06-14 07:11:35 INFO Epoch 343/500	Training Loss: 0.9345	Time remaining is 5h:6m
2024-06-14 07:13:16 INFO Epoch 344/500	Training Loss: 0.9342	Time remaining is 5h:4m
2024-06-14 07:14:57 INFO Epoch 345/500	Training Loss: 0.9342	Time remaining is 5h:2m
2024-06-14 07:16:41 INFO Testing: dataset_name: market1501 top1:0.9504 top5:0.9863 top10:0.9917 mAP:0.8804
2024-06-14 07:18:21 INFO Epoch 346/500	Training Loss: 0.9287	Time remaining is 5h:1m
2024-06-14 07:20:01 INFO Epoch 347/500	Training Loss: 0.9332	Time remaining is 4h:59m
2024-06-14 07:21:42 INFO Epoch 348/500	Training Loss: 0.9358	Time remaining is 4h:56m
2024-06-14 07:23:22 INFO Epoch 349/500	Training Loss: 0.9295	Time remaining is 4h:54m
2024-06-14 07:25:03 INFO Epoch 350/500	Training Loss: 0.9324	Time remaining is 4h:52m
2024-06-14 07:26:47 INFO Testing: dataset_name: market1501 top1:0.9525 top5:0.9872 top10:0.9914 mAP:0.8822
2024-06-14 07:28:27 INFO Epoch 351/500	Training Loss: 0.9329	Time remaining is 4h:51m
2024-06-14 07:30:08 INFO Epoch 352/500	Training Loss: 0.9322	Time remaining is 4h:49m
2024-06-14 07:31:48 INFO Epoch 353/500	Training Loss: 0.9285	Time remaining is 4h:47m
2024-06-14 07:33:29 INFO Epoch 354/500	Training Loss: 0.9330	Time remaining is 4h:45m
2024-06-14 07:35:09 INFO Epoch 355/500	Training Loss: 0.9324	Time remaining is 4h:43m
2024-06-14 07:36:53 INFO Testing: dataset_name: market1501 top1:0.9534 top5:0.9872 top10:0.9926 mAP:0.8812
2024-06-14 07:38:34 INFO Epoch 356/500	Training Loss: 0.9331	Time remaining is 4h:42m
2024-06-14 07:40:14 INFO Epoch 357/500	Training Loss: 0.9281	Time remaining is 4h:39m
2024-06-14 07:41:54 INFO Epoch 358/500	Training Loss: 0.9324	Time remaining is 4h:37m
2024-06-14 07:43:35 INFO Epoch 359/500	Training Loss: 0.9317	Time remaining is 4h:35m
2024-06-14 07:45:15 INFO Epoch 360/500	Training Loss: 0.9319	Time remaining is 4h:33m
2024-06-14 07:46:59 INFO Testing: dataset_name: market1501 top1:0.9534 top5:0.9860 top10:0.9917 mAP:0.8809
2024-06-14 07:48:39 INFO Epoch 361/500	Training Loss: 0.9335	Time remaining is 4h:32m
2024-06-14 07:50:20 INFO Epoch 362/500	Training Loss: 0.9321	Time remaining is 4h:30m
2024-06-14 07:52:00 INFO Epoch 363/500	Training Loss: 0.9277	Time remaining is 4h:28m
2024-06-14 07:53:40 INFO Epoch 364/500	Training Loss: 0.9325	Time remaining is 4h:26m
2024-06-14 07:55:21 INFO Epoch 365/500	Training Loss: 0.9386	Time remaining is 4h:24m
2024-06-14 07:57:05 INFO Testing: dataset_name: market1501 top1:0.9525 top5:0.9860 top10:0.9917 mAP:0.8829
2024-06-14 07:58:45 INFO Epoch 366/500	Training Loss: 0.9288	Time remaining is 4h:22m
2024-06-14 08:00:25 INFO Epoch 367/500	Training Loss: 0.9318	Time remaining is 4h:20m
2024-06-14 08:02:05 INFO Epoch 368/500	Training Loss: 0.9280	Time remaining is 4h:18m
2024-06-14 08:03:46 INFO Epoch 369/500	Training Loss: 0.9312	Time remaining is 4h:16m
2024-06-14 08:05:26 INFO Epoch 370/500	Training Loss: 0.9324	Time remaining is 4h:14m
2024-06-14 08:07:10 INFO Testing: dataset_name: market1501 top1:0.9525 top5:0.9857 top10:0.9926 mAP:0.8805
2024-06-14 08:08:50 INFO Epoch 371/500	Training Loss: 0.9269	Time remaining is 4h:13m
2024-06-14 08:10:30 INFO Epoch 372/500	Training Loss: 0.9263	Time remaining is 4h:11m
2024-06-14 08:12:11 INFO Epoch 373/500	Training Loss: 0.9319	Time remaining is 4h:9m
2024-06-14 08:13:51 INFO Epoch 374/500	Training Loss: 0.9273	Time remaining is 4h:7m
2024-06-14 08:15:32 INFO Epoch 375/500	Training Loss: 0.9315	Time remaining is 4h:5m
2024-06-14 08:17:16 INFO Testing: dataset_name: market1501 top1:0.9510 top5:0.9857 top10:0.9920 mAP:0.8806
2024-06-14 08:18:56 INFO Epoch 376/500	Training Loss: 0.9316	Time remaining is 4h:3m
2024-06-14 08:20:37 INFO Epoch 377/500	Training Loss: 0.9264	Time remaining is 4h:1m
2024-06-14 08:22:17 INFO Epoch 378/500	Training Loss: 0.9270	Time remaining is 3h:59m
2024-06-14 08:23:57 INFO Epoch 379/500	Training Loss: 0.9272	Time remaining is 3h:57m
2024-06-14 08:25:38 INFO Epoch 380/500	Training Loss: 0.9323	Time remaining is 3h:55m
2024-06-14 08:27:21 INFO Testing: dataset_name: market1501 top1:0.9528 top5:0.9869 top10:0.9920 mAP:0.8803
2024-06-14 08:29:02 INFO Epoch 381/500	Training Loss: 0.9303	Time remaining is 3h:54m
2024-06-14 08:30:43 INFO Epoch 382/500	Training Loss: 0.9320	Time remaining is 3h:52m
2024-06-14 08:32:23 INFO Epoch 383/500	Training Loss: 0.9310	Time remaining is 3h:50m
2024-06-14 08:34:04 INFO Epoch 384/500	Training Loss: 0.9326	Time remaining is 3h:48m
2024-06-14 08:35:44 INFO Epoch 385/500	Training Loss: 0.9270	Time remaining is 3h:45m
2024-06-14 08:37:28 INFO Testing: dataset_name: market1501 top1:0.9543 top5:0.9849 top10:0.9917 mAP:0.8822
2024-06-14 08:39:09 INFO Epoch 386/500	Training Loss: 0.9360	Time remaining is 3h:44m
2024-06-14 08:40:48 INFO Epoch 387/500	Training Loss: 0.9258	Time remaining is 3h:42m
2024-06-14 08:42:29 INFO Epoch 388/500	Training Loss: 0.9356	Time remaining is 3h:40m
2024-06-14 08:44:10 INFO Epoch 389/500	Training Loss: 0.9309	Time remaining is 3h:38m
2024-06-14 08:45:50 INFO Epoch 390/500	Training Loss: 0.9257	Time remaining is 3h:36m
2024-06-14 08:47:33 INFO Testing: dataset_name: market1501 top1:0.9504 top5:0.9843 top10:0.9911 mAP:0.8808
2024-06-14 08:49:14 INFO Epoch 391/500	Training Loss: 0.9312	Time remaining is 3h:34m
2024-06-14 08:50:54 INFO Epoch 392/500	Training Loss: 0.9260	Time remaining is 3h:32m
2024-06-14 08:52:33 INFO Epoch 393/500	Training Loss: 0.9271	Time remaining is 3h:30m
2024-06-14 08:54:14 INFO Epoch 394/500	Training Loss: 0.9300	Time remaining is 3h:28m
2024-06-14 08:55:54 INFO Epoch 395/500	Training Loss: 0.9268	Time remaining is 3h:26m
2024-06-14 08:57:38 INFO Testing: dataset_name: market1501 top1:0.9507 top5:0.9852 top10:0.9923 mAP:0.8799
2024-06-14 08:59:18 INFO Epoch 396/500	Training Loss: 0.9263	Time remaining is 3h:25m
2024-06-14 09:00:58 INFO Epoch 397/500	Training Loss: 0.9261	Time remaining is 3h:23m
2024-06-14 09:02:39 INFO Epoch 398/500	Training Loss: 0.9305	Time remaining is 3h:21m
2024-06-14 09:04:19 INFO Epoch 399/500	Training Loss: 0.9257	Time remaining is 3h:19m
2024-06-14 09:05:59 INFO Epoch 400/500	Training Loss: 0.9254	Time remaining is 3h:17m
2024-06-14 09:07:42 INFO Testing: dataset_name: market1501 top1:0.9528 top5:0.9860 top10:0.9917 mAP:0.8810
2024-06-14 09:09:23 INFO Epoch 401/500	Training Loss: 0.9302	Time remaining is 3h:15m
2024-06-14 09:11:04 INFO Epoch 402/500	Training Loss: 0.9301	Time remaining is 3h:13m
2024-06-14 09:12:44 INFO Epoch 403/500	Training Loss: 0.9243	Time remaining is 3h:11m
2024-06-14 09:14:25 INFO Epoch 404/500	Training Loss: 0.9304	Time remaining is 3h:9m
2024-06-14 09:16:06 INFO Epoch 405/500	Training Loss: 0.9303	Time remaining is 3h:7m
2024-06-14 09:17:49 INFO Testing: dataset_name: market1501 top1:0.9528 top5:0.9872 top10:0.9920 mAP:0.8814
2024-06-14 09:19:30 INFO Epoch 406/500	Training Loss: 0.9304	Time remaining is 3h:5m
2024-06-14 09:21:11 INFO Epoch 407/500	Training Loss: 0.9301	Time remaining is 3h:3m
2024-06-14 09:22:52 INFO Epoch 408/500	Training Loss: 0.9308	Time remaining is 3h:1m
2024-06-14 09:24:33 INFO Epoch 409/500	Training Loss: 0.9309	Time remaining is 2h:59m
2024-06-14 09:26:13 INFO Epoch 410/500	Training Loss: 0.9320	Time remaining is 2h:57m
2024-06-14 09:27:57 INFO Testing: dataset_name: market1501 top1:0.9537 top5:0.9863 top10:0.9932 mAP:0.8801
2024-06-14 09:29:37 INFO Epoch 411/500	Training Loss: 0.9254	Time remaining is 2h:56m
2024-06-14 09:31:18 INFO Epoch 412/500	Training Loss: 0.9289	Time remaining is 2h:54m
2024-06-14 09:32:58 INFO Epoch 413/500	Training Loss: 0.9238	Time remaining is 2h:52m
2024-06-14 09:34:38 INFO Epoch 414/500	Training Loss: 0.9300	Time remaining is 2h:50m
2024-06-14 09:36:19 INFO Epoch 415/500	Training Loss: 0.9290	Time remaining is 2h:48m
2024-06-14 09:38:03 INFO Testing: dataset_name: market1501 top1:0.9525 top5:0.9866 top10:0.9917 mAP:0.8797
2024-06-14 09:39:43 INFO Epoch 416/500	Training Loss: 0.9257	Time remaining is 2h:46m
2024-06-14 09:41:23 INFO Epoch 417/500	Training Loss: 0.9301	Time remaining is 2h:44m
2024-06-14 09:43:04 INFO Epoch 418/500	Training Loss: 0.9289	Time remaining is 2h:42m
2024-06-14 09:44:44 INFO Epoch 419/500	Training Loss: 0.9298	Time remaining is 2h:40m
2024-06-14 09:46:25 INFO Epoch 420/500	Training Loss: 0.9294	Time remaining is 2h:38m
2024-06-14 09:48:09 INFO Testing: dataset_name: market1501 top1:0.9513 top5:0.9866 top10:0.9911 mAP:0.8804
2024-06-14 09:49:49 INFO Epoch 421/500	Training Loss: 0.9292	Time remaining is 2h:36m
2024-06-14 09:51:30 INFO Epoch 422/500	Training Loss: 0.9285	Time remaining is 2h:34m
2024-06-14 09:53:10 INFO Epoch 423/500	Training Loss: 0.9248	Time remaining is 2h:32m
2024-06-14 09:54:50 INFO Epoch 424/500	Training Loss: 0.9245	Time remaining is 2h:30m
2024-06-14 09:56:30 INFO Epoch 425/500	Training Loss: 0.9281	Time remaining is 2h:28m
2024-06-14 09:58:14 INFO Testing: dataset_name: market1501 top1:0.9531 top5:0.9849 top10:0.9914 mAP:0.8799
2024-06-14 09:59:54 INFO Epoch 426/500	Training Loss: 0.9240	Time remaining is 2h:27m
2024-06-14 10:01:35 INFO Epoch 427/500	Training Loss: 0.9300	Time remaining is 2h:25m
2024-06-14 10:03:16 INFO Epoch 428/500	Training Loss: 0.9291	Time remaining is 2h:23m
2024-06-14 10:04:56 INFO Epoch 429/500	Training Loss: 0.9294	Time remaining is 2h:21m
2024-06-14 10:06:37 INFO Epoch 430/500	Training Loss: 0.9297	Time remaining is 2h:19m
2024-06-14 10:08:21 INFO Testing: dataset_name: market1501 top1:0.9522 top5:0.9852 top10:0.9920 mAP:0.8804
2024-06-14 10:10:02 INFO Epoch 431/500	Training Loss: 0.9286	Time remaining is 2h:17m
2024-06-14 10:11:43 INFO Epoch 432/500	Training Loss: 0.9283	Time remaining is 2h:15m
2024-06-14 10:13:23 INFO Epoch 433/500	Training Loss: 0.9242	Time remaining is 2h:13m
2024-06-14 10:15:03 INFO Epoch 434/500	Training Loss: 0.9302	Time remaining is 2h:11m
2024-06-14 10:16:43 INFO Epoch 435/500	Training Loss: 0.9283	Time remaining is 2h:9m
2024-06-14 10:18:27 INFO Testing: dataset_name: market1501 top1:0.9537 top5:0.9855 top10:0.9917 mAP:0.8815
2024-06-14 10:20:08 INFO Epoch 436/500	Training Loss: 0.9281	Time remaining is 2h:7m
2024-06-14 10:21:48 INFO Epoch 437/500	Training Loss: 0.9292	Time remaining is 2h:5m
2024-06-14 10:23:28 INFO Epoch 438/500	Training Loss: 0.9237	Time remaining is 2h:3m
2024-06-14 10:25:08 INFO Epoch 439/500	Training Loss: 0.9280	Time remaining is 2h:1m
2024-06-14 10:26:49 INFO Epoch 440/500	Training Loss: 0.9273	Time remaining is 1h:59m
2024-06-14 10:28:32 INFO Testing: dataset_name: market1501 top1:0.9522 top5:0.9863 top10:0.9911 mAP:0.8797
2024-06-14 10:30:13 INFO Epoch 441/500	Training Loss: 0.9294	Time remaining is 1h:57m
2024-06-14 10:31:53 INFO Epoch 442/500	Training Loss: 0.9276	Time remaining is 1h:55m
2024-06-14 10:33:34 INFO Epoch 443/500	Training Loss: 0.9285	Time remaining is 1h:53m
2024-06-14 10:35:14 INFO Epoch 444/500	Training Loss: 0.9226	Time remaining is 1h:51m
2024-06-14 10:36:54 INFO Epoch 445/500	Training Loss: 0.9272	Time remaining is 1h:49m
2024-06-14 10:38:38 INFO Testing: dataset_name: market1501 top1:0.9537 top5:0.9855 top10:0.9929 mAP:0.8788
2024-06-14 10:40:19 INFO Epoch 446/500	Training Loss: 0.9277	Time remaining is 1h:48m
2024-06-14 10:41:59 INFO Epoch 447/500	Training Loss: 0.9237	Time remaining is 1h:46m
2024-06-14 10:43:40 INFO Epoch 448/500	Training Loss: 0.9239	Time remaining is 1h:44m
2024-06-14 10:45:21 INFO Epoch 449/500	Training Loss: 0.9278	Time remaining is 1h:42m
2024-06-14 10:47:02 INFO Epoch 450/500	Training Loss: 0.9273	Time remaining is 1h:40m
2024-06-14 10:48:46 INFO Testing: dataset_name: market1501 top1:0.9534 top5:0.9840 top10:0.9911 mAP:0.8791
2024-06-14 10:50:26 INFO Epoch 451/500	Training Loss: 0.9275	Time remaining is 1h:38m
2024-06-14 10:52:07 INFO Epoch 452/500	Training Loss: 0.9274	Time remaining is 1h:36m
2024-06-14 10:53:48 INFO Epoch 453/500	Training Loss: 0.9278	Time remaining is 1h:34m
2024-06-14 10:55:28 INFO Epoch 454/500	Training Loss: 0.9226	Time remaining is 1h:32m
2024-06-14 10:57:08 INFO Epoch 455/500	Training Loss: 0.9228	Time remaining is 1h:30m
2024-06-14 10:58:52 INFO Testing: dataset_name: market1501 top1:0.9525 top5:0.9855 top10:0.9917 mAP:0.8795
2024-06-14 11:00:33 INFO Epoch 456/500	Training Loss: 0.9275	Time remaining is 1h:28m
2024-06-14 11:02:13 INFO Epoch 457/500	Training Loss: 0.9275	Time remaining is 1h:26m
2024-06-14 11:03:54 INFO Epoch 458/500	Training Loss: 0.9272	Time remaining is 1h:24m
2024-06-14 11:05:34 INFO Epoch 459/500	Training Loss: 0.9231	Time remaining is 1h:22m
2024-06-14 11:07:15 INFO Epoch 460/500	Training Loss: 0.9268	Time remaining is 1h:20m
2024-06-14 11:08:58 INFO Testing: dataset_name: market1501 top1:0.9534 top5:0.9852 top10:0.9920 mAP:0.8780
2024-06-14 11:10:39 INFO Epoch 461/500	Training Loss: 0.9231	Time remaining is 1h:18m
2024-06-14 11:12:19 INFO Epoch 462/500	Training Loss: 0.9265	Time remaining is 1h:16m
2024-06-14 11:14:00 INFO Epoch 463/500	Training Loss: 0.9278	Time remaining is 1h:14m
2024-06-14 11:15:41 INFO Epoch 464/500	Training Loss: 0.9276	Time remaining is 1h:12m
2024-06-14 11:17:21 INFO Epoch 465/500	Training Loss: 0.9232	Time remaining is 1h:10m
2024-06-14 11:19:05 INFO Testing: dataset_name: market1501 top1:0.9507 top5:0.9846 top10:0.9914 mAP:0.8791
2024-06-14 11:20:46 INFO Epoch 466/500	Training Loss: 0.9282	Time remaining is 1h:9m
2024-06-14 11:22:27 INFO Epoch 467/500	Training Loss: 0.9265	Time remaining is 1h:7m
2024-06-14 11:24:08 INFO Epoch 468/500	Training Loss: 0.9317	Time remaining is 1h:5m
2024-06-14 11:25:48 INFO Epoch 469/500	Training Loss: 0.9266	Time remaining is 1h:3m
2024-06-14 11:27:29 INFO Epoch 470/500	Training Loss: 0.9273	Time remaining is 1h:1m
2024-06-14 11:29:13 INFO Testing: dataset_name: market1501 top1:0.9498 top5:0.9857 top10:0.9929 mAP:0.8778
2024-06-14 11:30:53 INFO Epoch 471/500	Training Loss: 0.9273	Time remaining is 0h:59m
2024-06-14 11:32:33 INFO Epoch 472/500	Training Loss: 0.9221	Time remaining is 0h:57m
2024-06-14 11:34:14 INFO Epoch 473/500	Training Loss: 0.9326	Time remaining is 0h:55m
2024-06-14 11:35:55 INFO Epoch 474/500	Training Loss: 0.9271	Time remaining is 0h:53m
2024-06-14 11:37:35 INFO Epoch 475/500	Training Loss: 0.9226	Time remaining is 0h:51m
2024-06-14 11:39:18 INFO Testing: dataset_name: market1501 top1:0.9507 top5:0.9860 top10:0.9923 mAP:0.8790
2024-06-14 11:40:59 INFO Epoch 476/500	Training Loss: 0.9256	Time remaining is 0h:49m
2024-06-14 11:42:39 INFO Epoch 477/500	Training Loss: 0.9221	Time remaining is 0h:47m
2024-06-14 11:44:19 INFO Epoch 478/500	Training Loss: 0.9272	Time remaining is 0h:45m
2024-06-14 11:45:59 INFO Epoch 479/500	Training Loss: 0.9209	Time remaining is 0h:43m
2024-06-14 11:47:40 INFO Epoch 480/500	Training Loss: 0.9266	Time remaining is 0h:41m
2024-06-14 11:49:23 INFO Testing: dataset_name: market1501 top1:0.9516 top5:0.9834 top10:0.9914 mAP:0.8786
2024-06-14 11:51:04 INFO Epoch 481/500	Training Loss: 0.9258	Time remaining is 0h:39m
2024-06-14 11:52:44 INFO Epoch 482/500	Training Loss: 0.9211	Time remaining is 0h:37m
2024-06-14 11:54:25 INFO Epoch 483/500	Training Loss: 0.9268	Time remaining is 0h:35m
2024-06-14 11:56:06 INFO Epoch 484/500	Training Loss: 0.9310	Time remaining is 0h:33m
2024-06-14 11:57:46 INFO Epoch 485/500	Training Loss: 0.9269	Time remaining is 0h:31m
2024-06-14 11:59:30 INFO Testing: dataset_name: market1501 top1:0.9519 top5:0.9855 top10:0.9914 mAP:0.8801
2024-06-14 12:01:11 INFO Epoch 486/500	Training Loss: 0.9268	Time remaining is 0h:29m
2024-06-14 12:02:52 INFO Epoch 487/500	Training Loss: 0.9303	Time remaining is 0h:27m
2024-06-14 12:04:32 INFO Epoch 488/500	Training Loss: 0.9214	Time remaining is 0h:25m
2024-06-14 12:06:13 INFO Epoch 489/500	Training Loss: 0.9262	Time remaining is 0h:24m
2024-06-14 12:07:53 INFO Epoch 490/500	Training Loss: 0.9271	Time remaining is 0h:22m
2024-06-14 12:09:37 INFO Testing: dataset_name: market1501 top1:0.9504 top5:0.9834 top10:0.9929 mAP:0.8779
2024-06-14 12:11:17 INFO Epoch 491/500	Training Loss: 0.9220	Time remaining is 0h:20m
2024-06-14 12:12:58 INFO Epoch 492/500	Training Loss: 0.9264	Time remaining is 0h:18m
2024-06-14 12:14:38 INFO Epoch 493/500	Training Loss: 0.9213	Time remaining is 0h:16m
2024-06-14 12:16:18 INFO Epoch 494/500	Training Loss: 0.9207	Time remaining is 0h:14m
2024-06-14 12:17:59 INFO Epoch 495/500	Training Loss: 0.9267	Time remaining is 0h:12m
2024-06-14 12:19:43 INFO Testing: dataset_name: market1501 top1:0.9531 top5:0.9849 top10:0.9914 mAP:0.8775
2024-06-14 12:21:23 INFO Epoch 496/500	Training Loss: 0.9258	Time remaining is 0h:10m
2024-06-14 12:23:03 INFO Epoch 497/500	Training Loss: 0.9217	Time remaining is 0h:8m
2024-06-14 12:24:44 INFO Epoch 498/500	Training Loss: 0.9257	Time remaining is 0h:6m
2024-06-14 12:26:24 INFO Epoch 499/500	Training Loss: 0.9211	Time remaining is 0h:4m
2024-06-14 12:28:05 INFO Epoch 500/500	Training Loss: 0.9265	Time remaining is 0h:2m
2024-06-14 12:29:48 INFO Testing: dataset_name: market1501 top1:0.9516 top5:0.9849 top10:0.9911 mAP:0.8782
2024-06-14 12:29:48 INFO The running time of training: 5.89463e+04 s
