2024-06-07 09:40:00 INFO ##################################################
2024-06-07 09:40:00 INFO Config values: batch_size: 60	current_directory: /home/hy/project/reid_task/ex_main1	dataset_name: market1501	dataset_path: /home/hy/project/data/Market-1501-v15.09.15	device: cuda	dtype: torch.float32	epoch_start_test: 90	epochs: 500	img_height: 384	img_width: 128	logs_outputs_path: /home/hy/project/reid_task/ex_main1/./outputs/logs	models_outputs_path: /home/hy/project/reid_task/ex_main1/./outputs/models	np: <module 'numpy' from '/home/hy/anaconda3/envs/py396/lib/python3.9/site-packages/numpy/__init__.py'>	os: <module 'os' from '/home/hy/anaconda3/envs/py396/lib/python3.9/os.py'>	outputs_dir: ./outputs/	outputs_path: /home/hy/project/reid_task/ex_main1/./outputs/	print_every: 1	seed: 1	taskname: ReID_Task	temps_outputs_path: /home/hy/project/reid_task/ex_main1/./outputs/temps	test_batch_size: 256	test_every: 5	torch: <module 'torch' from '/home/hy/anaconda3/envs/py396/lib/python3.9/site-packages/torch/__init__.py'>
2024-06-07 09:40:00 INFO Task: ReID_Task
2024-06-07 09:40:00 INFO Using device: cuda
2024-06-07 09:40:00 INFO Using data type: torch.float32
2024-06-07 09:40:00 INFO Number of GPUs: 1
2024-06-07 09:40:00 INFO GPU is_available: True
2024-06-07 09:40:00 INFO GPU name: NVIDIA GeForce RTX 3060
2024-06-07 09:40:00 INFO CUDA version: 12.1
2024-06-07 09:40:00 INFO Current device id: 0
2024-06-07 09:40:00 INFO ##################################################
2024-06-07 09:41:47 INFO Epoch 1/500	Training Loss: 9.5400	Time remaining is 14h:41m
2024-06-07 09:43:33 INFO Epoch 2/500	Training Loss: 7.3387	Time remaining is 14h:38m
2024-06-07 09:45:18 INFO Epoch 3/500	Training Loss: 5.7754	Time remaining is 14h:36m
2024-06-07 09:47:03 INFO Epoch 4/500	Training Loss: 4.1915	Time remaining is 14h:32m
2024-06-07 09:48:48 INFO Epoch 5/500	Training Loss: 2.9690	Time remaining is 14h:30m
2024-06-07 09:50:33 INFO Epoch 6/500	Training Loss: 2.1806	Time remaining is 14h:29m
2024-06-07 09:52:18 INFO Epoch 7/500	Training Loss: 1.7682	Time remaining is 14h:27m
2024-06-07 09:54:03 INFO Epoch 8/500	Training Loss: 1.5232	Time remaining is 14h:25m
2024-06-07 09:55:49 INFO Epoch 9/500	Training Loss: 1.4272	Time remaining is 14h:23m
2024-06-07 09:57:34 INFO Epoch 10/500	Training Loss: 1.3794	Time remaining is 14h:21m
2024-06-07 09:59:19 INFO Epoch 11/500	Training Loss: 1.3209	Time remaining is 14h:19m
2024-06-07 10:01:04 INFO Epoch 12/500	Training Loss: 1.2897	Time remaining is 14h:17m
2024-06-07 10:02:49 INFO Epoch 13/500	Training Loss: 1.2516	Time remaining is 14h:16m
2024-06-07 10:04:34 INFO Epoch 14/500	Training Loss: 1.1996	Time remaining is 14h:14m
2024-06-07 10:06:19 INFO Epoch 15/500	Training Loss: 1.1954	Time remaining is 14h:12m
2024-06-07 10:08:04 INFO Epoch 16/500	Training Loss: 1.1925	Time remaining is 14h:10m
2024-06-07 10:09:49 INFO Epoch 17/500	Training Loss: 1.1570	Time remaining is 14h:8m
2024-06-07 10:11:35 INFO Epoch 18/500	Training Loss: 1.1681	Time remaining is 14h:7m
2024-06-07 10:13:19 INFO Epoch 19/500	Training Loss: 1.1503	Time remaining is 14h:5m
2024-06-07 10:15:04 INFO Epoch 20/500	Training Loss: 1.1541	Time remaining is 14h:3m
2024-06-07 10:16:50 INFO Epoch 21/500	Training Loss: 1.1495	Time remaining is 14h:1m
2024-06-07 10:18:35 INFO Epoch 22/500	Training Loss: 1.1340	Time remaining is 13h:59m
2024-06-07 10:20:20 INFO Epoch 23/500	Training Loss: 1.1246	Time remaining is 13h:58m
2024-06-07 10:22:05 INFO Epoch 24/500	Training Loss: 1.1312	Time remaining is 13h:56m
2024-06-07 10:23:50 INFO Epoch 25/500	Training Loss: 1.1462	Time remaining is 13h:54m
2024-06-07 10:25:35 INFO Epoch 26/500	Training Loss: 1.1375	Time remaining is 13h:52m
2024-06-07 10:27:21 INFO Epoch 27/500	Training Loss: 1.1264	Time remaining is 13h:51m
2024-06-07 10:29:06 INFO Epoch 28/500	Training Loss: 1.1436	Time remaining is 13h:49m
2024-06-07 10:30:51 INFO Epoch 29/500	Training Loss: 1.1511	Time remaining is 13h:47m
2024-06-07 10:32:36 INFO Epoch 30/500	Training Loss: 1.1347	Time remaining is 13h:46m
2024-06-07 10:34:22 INFO Epoch 31/500	Training Loss: 1.1426	Time remaining is 13h:44m
2024-06-07 10:36:07 INFO Epoch 32/500	Training Loss: 1.1273	Time remaining is 13h:42m
2024-06-07 10:37:52 INFO Epoch 33/500	Training Loss: 1.1450	Time remaining is 13h:40m
2024-06-07 10:39:38 INFO Epoch 34/500	Training Loss: 1.1186	Time remaining is 13h:39m
2024-06-07 10:41:23 INFO Epoch 35/500	Training Loss: 1.1194	Time remaining is 13h:37m
2024-06-07 10:43:08 INFO Epoch 36/500	Training Loss: 1.1389	Time remaining is 13h:35m
2024-06-07 10:44:53 INFO Epoch 37/500	Training Loss: 1.1329	Time remaining is 13h:33m
2024-06-07 10:46:39 INFO Epoch 38/500	Training Loss: 1.1282	Time remaining is 13h:32m
2024-06-07 10:48:24 INFO Epoch 39/500	Training Loss: 1.1281	Time remaining is 13h:30m
2024-06-07 10:50:09 INFO Epoch 40/500	Training Loss: 1.1264	Time remaining is 13h:28m
2024-06-07 10:51:54 INFO Epoch 41/500	Training Loss: 1.0805	Time remaining is 13h:26m
2024-06-07 10:53:40 INFO Epoch 42/500	Training Loss: 1.0312	Time remaining is 13h:25m
2024-06-07 10:55:25 INFO Epoch 43/500	Training Loss: 1.0108	Time remaining is 13h:23m
2024-06-07 10:57:09 INFO Epoch 44/500	Training Loss: 0.9962	Time remaining is 13h:21m
2024-06-07 10:58:54 INFO Epoch 45/500	Training Loss: 0.9942	Time remaining is 13h:19m
2024-06-07 11:00:39 INFO Epoch 46/500	Training Loss: 0.9939	Time remaining is 13h:17m
2024-06-07 11:02:25 INFO Epoch 47/500	Training Loss: 0.9944	Time remaining is 13h:16m
2024-06-07 11:04:10 INFO Epoch 48/500	Training Loss: 0.9814	Time remaining is 13h:14m
2024-06-07 11:05:54 INFO Epoch 49/500	Training Loss: 0.9806	Time remaining is 13h:12m
2024-06-07 11:07:39 INFO Epoch 50/500	Training Loss: 0.9796	Time remaining is 13h:10m
2024-06-07 11:09:24 INFO Epoch 51/500	Training Loss: 0.9804	Time remaining is 13h:9m
2024-06-07 11:11:09 INFO Epoch 52/500	Training Loss: 0.9759	Time remaining is 13h:7m
2024-06-07 11:12:54 INFO Epoch 53/500	Training Loss: 0.9755	Time remaining is 13h:5m
2024-06-07 11:14:39 INFO Epoch 54/500	Training Loss: 0.9784	Time remaining is 13h:3m
2024-06-07 11:16:24 INFO Epoch 55/500	Training Loss: 0.9754	Time remaining is 13h:2m
2024-06-07 11:18:10 INFO Epoch 56/500	Training Loss: 0.9776	Time remaining is 12h:60m
2024-06-07 11:19:54 INFO Epoch 57/500	Training Loss: 0.9695	Time remaining is 12h:58m
2024-06-07 11:21:40 INFO Epoch 58/500	Training Loss: 0.9721	Time remaining is 12h:56m
2024-06-07 11:23:25 INFO Epoch 59/500	Training Loss: 0.9721	Time remaining is 12h:55m
2024-06-07 11:25:11 INFO Epoch 60/500	Training Loss: 0.9738	Time remaining is 12h:53m
2024-06-07 11:26:55 INFO Epoch 61/500	Training Loss: 0.9689	Time remaining is 12h:51m
2024-06-07 11:28:40 INFO Epoch 62/500	Training Loss: 0.9707	Time remaining is 12h:49m
2024-06-07 11:30:26 INFO Epoch 63/500	Training Loss: 0.9774	Time remaining is 12h:48m
2024-06-07 11:32:11 INFO Epoch 64/500	Training Loss: 0.9673	Time remaining is 12h:46m
2024-06-07 11:33:56 INFO Epoch 65/500	Training Loss: 0.9615	Time remaining is 12h:44m
2024-06-07 11:35:41 INFO Epoch 66/500	Training Loss: 0.9685	Time remaining is 12h:42m
2024-06-07 11:37:27 INFO Epoch 67/500	Training Loss: 0.9706	Time remaining is 12h:41m
2024-06-07 11:39:11 INFO Epoch 68/500	Training Loss: 0.9643	Time remaining is 12h:39m
2024-06-07 11:40:57 INFO Epoch 69/500	Training Loss: 0.9686	Time remaining is 12h:37m
2024-06-07 11:42:42 INFO Epoch 70/500	Training Loss: 0.9641	Time remaining is 12h:35m
2024-06-07 11:44:28 INFO Epoch 71/500	Training Loss: 0.9601	Time remaining is 12h:34m
2024-06-07 11:46:13 INFO Epoch 72/500	Training Loss: 0.9596	Time remaining is 12h:32m
2024-06-07 11:47:58 INFO Epoch 73/500	Training Loss: 0.9561	Time remaining is 12h:30m
2024-06-07 11:49:43 INFO Epoch 74/500	Training Loss: 0.9563	Time remaining is 12h:28m
2024-06-07 11:51:28 INFO Epoch 75/500	Training Loss: 0.9572	Time remaining is 12h:27m
2024-06-07 11:53:13 INFO Epoch 76/500	Training Loss: 0.9498	Time remaining is 12h:25m
2024-06-07 11:54:58 INFO Epoch 77/500	Training Loss: 0.9494	Time remaining is 12h:23m
2024-06-07 11:56:43 INFO Epoch 78/500	Training Loss: 0.9485	Time remaining is 12h:21m
2024-06-07 11:58:28 INFO Epoch 79/500	Training Loss: 0.9543	Time remaining is 12h:20m
2024-06-07 12:00:13 INFO Epoch 80/500	Training Loss: 0.9478	Time remaining is 12h:18m
2024-06-07 12:01:58 INFO Epoch 81/500	Training Loss: 0.9525	Time remaining is 12h:16m
2024-06-07 12:03:43 INFO Epoch 82/500	Training Loss: 0.9517	Time remaining is 12h:14m
2024-06-07 12:05:28 INFO Epoch 83/500	Training Loss: 0.9525	Time remaining is 12h:12m
2024-06-07 12:07:13 INFO Epoch 84/500	Training Loss: 0.9501	Time remaining is 12h:11m
2024-06-07 12:08:59 INFO Epoch 85/500	Training Loss: 0.9504	Time remaining is 12h:9m
2024-06-07 12:10:44 INFO Epoch 86/500	Training Loss: 0.9563	Time remaining is 12h:7m
2024-06-07 12:12:29 INFO Epoch 87/500	Training Loss: 0.9472	Time remaining is 12h:6m
2024-06-07 12:14:15 INFO Epoch 88/500	Training Loss: 0.9522	Time remaining is 12h:4m
2024-06-07 12:16:00 INFO Epoch 89/500	Training Loss: 0.9511	Time remaining is 12h:2m
2024-06-07 12:17:45 INFO Epoch 90/500	Training Loss: 0.9523	Time remaining is 12h:0m
2024-06-07 12:19:30 INFO Testing: dataset_name: market1501 top1:0.9495 top5:0.9831 top10:0.9905 mAP:0.8729
2024-06-07 12:21:14 INFO Epoch 91/500	Training Loss: 0.9500	Time remaining is 12h:6m
2024-06-07 12:22:59 INFO Epoch 92/500	Training Loss: 0.9519	Time remaining is 12h:4m
2024-06-07 12:24:44 INFO Epoch 93/500	Training Loss: 0.9490	Time remaining is 12h:3m
2024-06-07 12:26:28 INFO Epoch 94/500	Training Loss: 0.9463	Time remaining is 12h:1m
2024-06-07 12:28:13 INFO Epoch 95/500	Training Loss: 0.9507	Time remaining is 11h:59m
2024-06-07 12:29:58 INFO Testing: dataset_name: market1501 top1:0.9495 top5:0.9846 top10:0.9908 mAP:0.8733
2024-06-07 12:31:43 INFO Epoch 96/500	Training Loss: 0.9528	Time remaining is 12h:4m
2024-06-07 12:33:27 INFO Epoch 97/500	Training Loss: 0.9498	Time remaining is 12h:2m
2024-06-07 12:35:12 INFO Epoch 98/500	Training Loss: 0.9508	Time remaining is 12h:0m
2024-06-07 12:36:56 INFO Epoch 99/500	Training Loss: 0.9482	Time remaining is 11h:58m
2024-06-07 12:38:41 INFO Epoch 100/500	Training Loss: 0.9496	Time remaining is 11h:56m
2024-06-07 12:40:25 INFO Testing: dataset_name: market1501 top1:0.9501 top5:0.9831 top10:0.9911 mAP:0.8740
2024-06-07 12:42:10 INFO Epoch 101/500	Training Loss: 0.9486	Time remaining is 12h:1m
2024-06-07 12:43:55 INFO Epoch 102/500	Training Loss: 0.9493	Time remaining is 11h:59m
2024-06-07 12:45:40 INFO Epoch 103/500	Training Loss: 0.9497	Time remaining is 11h:57m
2024-06-07 12:47:24 INFO Epoch 104/500	Training Loss: 0.9488	Time remaining is 11h:55m
2024-06-07 12:49:09 INFO Epoch 105/500	Training Loss: 0.9495	Time remaining is 11h:53m
2024-06-07 12:50:54 INFO Testing: dataset_name: market1501 top1:0.9489 top5:0.9840 top10:0.9911 mAP:0.8757
2024-06-07 12:52:39 INFO Epoch 106/500	Training Loss: 0.9487	Time remaining is 11h:58m
2024-06-07 12:54:23 INFO Epoch 107/500	Training Loss: 0.9434	Time remaining is 11h:56m
2024-06-07 12:56:08 INFO Epoch 108/500	Training Loss: 0.9490	Time remaining is 11h:54m
2024-06-07 12:57:52 INFO Epoch 109/500	Training Loss: 0.9480	Time remaining is 11h:52m
2024-06-07 12:59:37 INFO Epoch 110/500	Training Loss: 0.9467	Time remaining is 11h:49m
2024-06-07 13:01:22 INFO Testing: dataset_name: market1501 top1:0.9513 top5:0.9846 top10:0.9911 mAP:0.8770
2024-06-07 13:03:07 INFO Epoch 111/500	Training Loss: 0.9482	Time remaining is 11h:54m
2024-06-07 13:04:51 INFO Epoch 112/500	Training Loss: 0.9466	Time remaining is 11h:51m
2024-06-07 13:06:36 INFO Epoch 113/500	Training Loss: 0.9484	Time remaining is 11h:49m
2024-06-07 13:08:20 INFO Epoch 114/500	Training Loss: 0.9485	Time remaining is 11h:47m
2024-06-07 13:10:05 INFO Epoch 115/500	Training Loss: 0.9497	Time remaining is 11h:45m
2024-06-07 13:11:50 INFO Testing: dataset_name: market1501 top1:0.9504 top5:0.9840 top10:0.9908 mAP:0.8769
2024-06-07 13:13:34 INFO Epoch 116/500	Training Loss: 0.9425	Time remaining is 11h:49m
2024-06-07 13:15:19 INFO Epoch 117/500	Training Loss: 0.9520	Time remaining is 11h:47m
2024-06-07 13:17:04 INFO Epoch 118/500	Training Loss: 0.9478	Time remaining is 11h:44m
2024-06-07 13:18:48 INFO Epoch 119/500	Training Loss: 0.9467	Time remaining is 11h:42m
2024-06-07 13:20:33 INFO Epoch 120/500	Training Loss: 0.9483	Time remaining is 11h:40m
2024-06-07 13:22:18 INFO Testing: dataset_name: market1501 top1:0.9504 top5:0.9852 top10:0.9902 mAP:0.8773
2024-06-07 13:24:02 INFO Epoch 121/500	Training Loss: 0.9440	Time remaining is 11h:43m
2024-06-07 13:25:47 INFO Epoch 122/500	Training Loss: 0.9478	Time remaining is 11h:41m
2024-06-07 13:27:32 INFO Epoch 123/500	Training Loss: 0.9519	Time remaining is 11h:39m
2024-06-07 13:29:17 INFO Epoch 124/500	Training Loss: 0.9509	Time remaining is 11h:37m
2024-06-07 13:31:01 INFO Epoch 125/500	Training Loss: 0.9475	Time remaining is 11h:35m
2024-06-07 13:32:46 INFO Testing: dataset_name: market1501 top1:0.9510 top5:0.9828 top10:0.9905 mAP:0.8772
2024-06-07 13:34:30 INFO Epoch 126/500	Training Loss: 0.9463	Time remaining is 11h:38m
2024-06-07 13:36:15 INFO Epoch 127/500	Training Loss: 0.9465	Time remaining is 11h:36m
2024-06-07 13:38:00 INFO Epoch 128/500	Training Loss: 0.9453	Time remaining is 11h:33m
2024-06-07 13:39:45 INFO Epoch 129/500	Training Loss: 0.9454	Time remaining is 11h:31m
2024-06-07 13:41:30 INFO Epoch 130/500	Training Loss: 0.9472	Time remaining is 11h:29m
2024-06-07 13:43:14 INFO Testing: dataset_name: market1501 top1:0.9504 top5:0.9831 top10:0.9911 mAP:0.8783
2024-06-07 13:44:59 INFO Epoch 131/500	Training Loss: 0.9452	Time remaining is 11h:32m
2024-06-07 13:46:44 INFO Epoch 132/500	Training Loss: 0.9460	Time remaining is 11h:30m
2024-06-07 13:48:29 INFO Epoch 133/500	Training Loss: 0.9505	Time remaining is 11h:27m
2024-06-07 13:50:14 INFO Epoch 134/500	Training Loss: 0.9460	Time remaining is 11h:25m
2024-06-07 13:51:58 INFO Epoch 135/500	Training Loss: 0.9471	Time remaining is 11h:23m
2024-06-07 13:53:43 INFO Testing: dataset_name: market1501 top1:0.9504 top5:0.9849 top10:0.9905 mAP:0.8789
2024-06-07 13:55:27 INFO Epoch 136/500	Training Loss: 0.9418	Time remaining is 11h:26m
2024-06-07 13:57:12 INFO Epoch 137/500	Training Loss: 0.9456	Time remaining is 11h:23m
2024-06-07 13:58:57 INFO Epoch 138/500	Training Loss: 0.9456	Time remaining is 11h:21m
2024-06-07 14:00:42 INFO Epoch 139/500	Training Loss: 0.9453	Time remaining is 11h:19m
2024-06-07 14:02:27 INFO Epoch 140/500	Training Loss: 0.9448	Time remaining is 11h:17m
2024-06-07 14:04:12 INFO Testing: dataset_name: market1501 top1:0.9507 top5:0.9849 top10:0.9911 mAP:0.8799
2024-06-07 14:05:57 INFO Epoch 141/500	Training Loss: 0.9492	Time remaining is 11h:19m
2024-06-07 14:07:42 INFO Epoch 142/500	Training Loss: 0.9429	Time remaining is 11h:17m
2024-06-07 14:09:27 INFO Epoch 143/500	Training Loss: 0.9434	Time remaining is 11h:14m
2024-06-07 14:11:12 INFO Epoch 144/500	Training Loss: 0.9452	Time remaining is 11h:12m
2024-06-07 14:12:56 INFO Epoch 145/500	Training Loss: 0.9454	Time remaining is 11h:10m
2024-06-07 14:14:41 INFO Testing: dataset_name: market1501 top1:0.9504 top5:0.9852 top10:0.9911 mAP:0.8791
2024-06-07 14:16:26 INFO Epoch 146/500	Training Loss: 0.9443	Time remaining is 11h:12m
2024-06-07 14:18:11 INFO Epoch 147/500	Training Loss: 0.9456	Time remaining is 11h:10m
2024-06-07 14:19:56 INFO Epoch 148/500	Training Loss: 0.9445	Time remaining is 11h:8m
2024-06-07 14:21:40 INFO Epoch 149/500	Training Loss: 0.9410	Time remaining is 11h:5m
2024-06-07 14:23:25 INFO Epoch 150/500	Training Loss: 0.9449	Time remaining is 11h:3m
2024-06-07 14:25:10 INFO Testing: dataset_name: market1501 top1:0.9522 top5:0.9840 top10:0.9908 mAP:0.8806
2024-06-07 14:26:54 INFO Epoch 151/500	Training Loss: 0.9447	Time remaining is 11h:5m
2024-06-07 14:28:39 INFO Epoch 152/500	Training Loss: 0.9452	Time remaining is 11h:3m
2024-06-07 14:30:24 INFO Epoch 153/500	Training Loss: 0.9437	Time remaining is 11h:0m
2024-06-07 14:32:09 INFO Epoch 154/500	Training Loss: 0.9436	Time remaining is 10h:58m
2024-06-07 14:33:54 INFO Epoch 155/500	Training Loss: 0.9445	Time remaining is 10h:56m
2024-06-07 14:35:39 INFO Testing: dataset_name: market1501 top1:0.9513 top5:0.9840 top10:0.9911 mAP:0.8803
2024-06-07 14:37:23 INFO Epoch 156/500	Training Loss: 0.9388	Time remaining is 10h:58m
2024-06-07 14:39:08 INFO Epoch 157/500	Training Loss: 0.9426	Time remaining is 10h:55m
2024-06-07 14:40:53 INFO Epoch 158/500	Training Loss: 0.9433	Time remaining is 10h:53m
2024-06-07 14:42:38 INFO Epoch 159/500	Training Loss: 0.9428	Time remaining is 10h:51m
2024-06-07 14:44:23 INFO Epoch 160/500	Training Loss: 0.9425	Time remaining is 10h:49m
2024-06-07 14:46:08 INFO Testing: dataset_name: market1501 top1:0.9525 top5:0.9843 top10:0.9917 mAP:0.8799
2024-06-07 14:47:52 INFO Epoch 161/500	Training Loss: 0.9334	Time remaining is 10h:50m
2024-06-07 14:49:37 INFO Epoch 162/500	Training Loss: 0.9437	Time remaining is 10h:48m
2024-06-07 14:51:21 INFO Epoch 163/500	Training Loss: 0.9427	Time remaining is 10h:46m
2024-06-07 14:53:06 INFO Epoch 164/500	Training Loss: 0.9381	Time remaining is 10h:43m
2024-06-07 14:54:51 INFO Epoch 165/500	Training Loss: 0.9415	Time remaining is 10h:41m
2024-06-07 14:56:35 INFO Testing: dataset_name: market1501 top1:0.9513 top5:0.9840 top10:0.9911 mAP:0.8807
2024-06-07 14:58:20 INFO Epoch 166/500	Training Loss: 0.9429	Time remaining is 10h:42m
2024-06-07 15:00:06 INFO Epoch 167/500	Training Loss: 0.9467	Time remaining is 10h:40m
2024-06-07 15:01:51 INFO Epoch 168/500	Training Loss: 0.9428	Time remaining is 10h:38m
2024-06-07 15:03:35 INFO Epoch 169/500	Training Loss: 0.9419	Time remaining is 10h:36m
2024-06-07 15:05:20 INFO Epoch 170/500	Training Loss: 0.9422	Time remaining is 10h:33m
2024-06-07 15:07:05 INFO Testing: dataset_name: market1501 top1:0.9519 top5:0.9840 top10:0.9923 mAP:0.8814
2024-06-07 15:08:49 INFO Epoch 171/500	Training Loss: 0.9378	Time remaining is 10h:35m
2024-06-07 15:10:34 INFO Epoch 172/500	Training Loss: 0.9423	Time remaining is 10h:32m
2024-06-07 15:12:19 INFO Epoch 173/500	Training Loss: 0.9381	Time remaining is 10h:30m
2024-06-07 15:14:03 INFO Epoch 174/500	Training Loss: 0.9371	Time remaining is 10h:28m
2024-06-07 15:15:48 INFO Epoch 175/500	Training Loss: 0.9412	Time remaining is 10h:26m
2024-06-07 15:17:33 INFO Testing: dataset_name: market1501 top1:0.9531 top5:0.9840 top10:0.9914 mAP:0.8813
2024-06-07 15:19:18 INFO Epoch 176/500	Training Loss: 0.9381	Time remaining is 10h:26m
2024-06-07 15:21:02 INFO Epoch 177/500	Training Loss: 0.9429	Time remaining is 10h:24m
2024-06-07 15:22:47 INFO Epoch 178/500	Training Loss: 0.9423	Time remaining is 10h:22m
2024-06-07 15:24:32 INFO Epoch 179/500	Training Loss: 0.9417	Time remaining is 10h:20m
2024-06-07 15:26:16 INFO Epoch 180/500	Training Loss: 0.9366	Time remaining is 10h:17m
2024-06-07 15:28:01 INFO Testing: dataset_name: market1501 top1:0.9507 top5:0.9846 top10:0.9914 mAP:0.8819
2024-06-07 15:29:46 INFO Epoch 181/500	Training Loss: 0.9364	Time remaining is 10h:18m
2024-06-07 15:31:31 INFO Epoch 182/500	Training Loss: 0.9418	Time remaining is 10h:16m
2024-06-07 15:33:15 INFO Epoch 183/500	Training Loss: 0.9367	Time remaining is 10h:14m
2024-06-07 15:35:00 INFO Epoch 184/500	Training Loss: 0.9351	Time remaining is 10h:12m
2024-06-07 15:36:45 INFO Epoch 185/500	Training Loss: 0.9399	Time remaining is 10h:9m
2024-06-07 15:38:30 INFO Testing: dataset_name: market1501 top1:0.9510 top5:0.9834 top10:0.9911 mAP:0.8813
2024-06-07 15:40:14 INFO Epoch 186/500	Training Loss: 0.9348	Time remaining is 10h:10m
2024-06-07 15:41:58 INFO Epoch 187/500	Training Loss: 0.9355	Time remaining is 10h:8m
2024-06-07 15:43:43 INFO Epoch 188/500	Training Loss: 0.9365	Time remaining is 10h:5m
2024-06-07 15:45:27 INFO Epoch 189/500	Training Loss: 0.9358	Time remaining is 10h:3m
2024-06-07 15:47:12 INFO Epoch 190/500	Training Loss: 0.9422	Time remaining is 10h:1m
2024-06-07 15:48:57 INFO Testing: dataset_name: market1501 top1:0.9531 top5:0.9857 top10:0.9914 mAP:0.8816
2024-06-07 15:50:41 INFO Epoch 191/500	Training Loss: 0.9361	Time remaining is 10h:2m
2024-06-07 15:52:26 INFO Epoch 192/500	Training Loss: 0.9357	Time remaining is 9h:59m
2024-06-07 15:54:11 INFO Epoch 193/500	Training Loss: 0.9402	Time remaining is 9h:57m
2024-06-07 15:55:56 INFO Epoch 194/500	Training Loss: 0.9409	Time remaining is 9h:55m
2024-06-07 15:57:41 INFO Epoch 195/500	Training Loss: 0.9404	Time remaining is 9h:53m
2024-06-07 15:59:26 INFO Testing: dataset_name: market1501 top1:0.9534 top5:0.9840 top10:0.9917 mAP:0.8817
2024-06-07 16:01:10 INFO Epoch 196/500	Training Loss: 0.9400	Time remaining is 9h:53m
2024-06-07 16:02:55 INFO Epoch 197/500	Training Loss: 0.9401	Time remaining is 9h:51m
2024-06-07 16:04:40 INFO Epoch 198/500	Training Loss: 0.9437	Time remaining is 9h:49m
2024-06-07 16:06:25 INFO Epoch 199/500	Training Loss: 0.9396	Time remaining is 9h:46m
2024-06-07 16:08:10 INFO Epoch 200/500	Training Loss: 0.9400	Time remaining is 9h:44m
2024-06-07 16:09:55 INFO Testing: dataset_name: market1501 top1:0.9546 top5:0.9855 top10:0.9920 mAP:0.8838
2024-06-07 16:11:39 INFO Epoch 201/500	Training Loss: 0.9394	Time remaining is 9h:45m
2024-06-07 16:13:24 INFO Epoch 202/500	Training Loss: 0.9397	Time remaining is 9h:42m
2024-06-07 16:15:09 INFO Epoch 203/500	Training Loss: 0.9351	Time remaining is 9h:40m
2024-06-07 16:16:54 INFO Epoch 204/500	Training Loss: 0.9354	Time remaining is 9h:38m
2024-06-07 16:18:39 INFO Epoch 205/500	Training Loss: 0.9392	Time remaining is 9h:36m
2024-06-07 16:20:23 INFO Testing: dataset_name: market1501 top1:0.9528 top5:0.9843 top10:0.9902 mAP:0.8830
2024-06-07 16:22:08 INFO Epoch 206/500	Training Loss: 0.9386	Time remaining is 9h:36m
2024-06-07 16:23:53 INFO Epoch 207/500	Training Loss: 0.9381	Time remaining is 9h:34m
2024-06-07 16:25:38 INFO Epoch 208/500	Training Loss: 0.9387	Time remaining is 9h:31m
2024-06-07 16:27:23 INFO Epoch 209/500	Training Loss: 0.9380	Time remaining is 9h:29m
2024-06-07 16:29:08 INFO Epoch 210/500	Training Loss: 0.9393	Time remaining is 9h:27m
2024-06-07 16:30:53 INFO Testing: dataset_name: market1501 top1:0.9540 top5:0.9849 top10:0.9908 mAP:0.8818
2024-06-07 16:32:37 INFO Epoch 211/500	Training Loss: 0.9391	Time remaining is 9h:27m
2024-06-07 16:34:22 INFO Epoch 212/500	Training Loss: 0.9386	Time remaining is 9h:25m
2024-06-07 16:36:07 INFO Epoch 213/500	Training Loss: 0.9370	Time remaining is 9h:23m
2024-06-07 16:37:52 INFO Epoch 214/500	Training Loss: 0.9382	Time remaining is 9h:20m
2024-06-07 16:39:37 INFO Epoch 215/500	Training Loss: 0.9378	Time remaining is 9h:18m
2024-06-07 16:41:22 INFO Testing: dataset_name: market1501 top1:0.9555 top5:0.9849 top10:0.9917 mAP:0.8848
2024-06-07 16:43:07 INFO Epoch 216/500	Training Loss: 0.9322	Time remaining is 9h:18m
2024-06-07 16:44:51 INFO Epoch 217/500	Training Loss: 0.9339	Time remaining is 9h:16m
2024-06-07 16:46:36 INFO Epoch 218/500	Training Loss: 0.9341	Time remaining is 9h:14m
2024-06-07 16:48:21 INFO Epoch 219/500	Training Loss: 0.9394	Time remaining is 9h:12m
2024-06-07 16:50:06 INFO Epoch 220/500	Training Loss: 0.9333	Time remaining is 9h:9m
2024-06-07 16:51:51 INFO Testing: dataset_name: market1501 top1:0.9540 top5:0.9828 top10:0.9905 mAP:0.8851
2024-06-07 16:53:35 INFO Epoch 221/500	Training Loss: 0.9324	Time remaining is 9h:9m
2024-06-07 16:55:21 INFO Epoch 222/500	Training Loss: 0.9385	Time remaining is 9h:7m
2024-06-07 16:57:06 INFO Epoch 223/500	Training Loss: 0.9378	Time remaining is 9h:5m
2024-06-07 16:58:51 INFO Epoch 224/500	Training Loss: 0.9374	Time remaining is 9h:3m
2024-06-07 17:00:36 INFO Epoch 225/500	Training Loss: 0.9382	Time remaining is 9h:0m
2024-06-07 17:02:21 INFO Testing: dataset_name: market1501 top1:0.9537 top5:0.9846 top10:0.9902 mAP:0.8841
2024-06-07 17:04:06 INFO Epoch 226/500	Training Loss: 0.9368	Time remaining is 9h:0m
2024-06-07 17:05:50 INFO Epoch 227/500	Training Loss: 0.9327	Time remaining is 8h:58m
2024-06-07 17:07:34 INFO Epoch 228/500	Training Loss: 0.9326	Time remaining is 8h:56m
2024-06-07 17:09:19 INFO Epoch 229/500	Training Loss: 0.9316	Time remaining is 8h:54m
2024-06-07 17:11:03 INFO Epoch 230/500	Training Loss: 0.9314	Time remaining is 8h:51m
2024-06-07 17:12:48 INFO Testing: dataset_name: market1501 top1:0.9531 top5:0.9846 top10:0.9908 mAP:0.8843
2024-06-07 17:14:32 INFO Epoch 231/500	Training Loss: 0.9379	Time remaining is 8h:51m
2024-06-07 17:16:18 INFO Epoch 232/500	Training Loss: 0.9374	Time remaining is 8h:49m
2024-06-07 17:18:02 INFO Epoch 233/500	Training Loss: 0.9317	Time remaining is 8h:47m
2024-06-07 17:19:47 INFO Epoch 234/500	Training Loss: 0.9324	Time remaining is 8h:45m
2024-06-07 17:21:32 INFO Epoch 235/500	Training Loss: 0.9311	Time remaining is 8h:42m
2024-06-07 17:23:16 INFO Testing: dataset_name: market1501 top1:0.9531 top5:0.9843 top10:0.9911 mAP:0.8839
2024-06-07 17:25:01 INFO Epoch 236/500	Training Loss: 0.9320	Time remaining is 8h:42m
2024-06-07 17:26:46 INFO Epoch 237/500	Training Loss: 0.9362	Time remaining is 8h:40m
2024-06-07 17:28:31 INFO Epoch 238/500	Training Loss: 0.9367	Time remaining is 8h:38m
2024-06-07 17:30:16 INFO Epoch 239/500	Training Loss: 0.9363	Time remaining is 8h:35m
2024-06-07 17:32:01 INFO Epoch 240/500	Training Loss: 0.9368	Time remaining is 8h:33m
2024-06-07 17:33:46 INFO Testing: dataset_name: market1501 top1:0.9519 top5:0.9857 top10:0.9920 mAP:0.8844
2024-06-07 17:35:31 INFO Epoch 241/500	Training Loss: 0.9362	Time remaining is 8h:33m
2024-06-07 17:37:16 INFO Epoch 242/500	Training Loss: 0.9358	Time remaining is 8h:31m
2024-06-07 17:39:00 INFO Epoch 243/500	Training Loss: 0.9320	Time remaining is 8h:29m
2024-06-07 17:40:45 INFO Epoch 244/500	Training Loss: 0.9368	Time remaining is 8h:26m
2024-06-07 17:42:30 INFO Epoch 245/500	Training Loss: 0.9356	Time remaining is 8h:24m
2024-06-07 17:44:15 INFO Testing: dataset_name: market1501 top1:0.9531 top5:0.9849 top10:0.9905 mAP:0.8835
2024-06-07 17:46:00 INFO Epoch 246/500	Training Loss: 0.9361	Time remaining is 8h:24m
2024-06-07 17:47:45 INFO Epoch 247/500	Training Loss: 0.9359	Time remaining is 8h:22m
2024-06-07 17:49:30 INFO Epoch 248/500	Training Loss: 0.9346	Time remaining is 8h:19m
2024-06-07 17:51:15 INFO Epoch 249/500	Training Loss: 0.9363	Time remaining is 8h:17m
2024-06-07 17:53:00 INFO Epoch 250/500	Training Loss: 0.9402	Time remaining is 8h:15m
2024-06-07 17:54:44 INFO Testing: dataset_name: market1501 top1:0.9537 top5:0.9849 top10:0.9908 mAP:0.8849
2024-06-07 17:56:29 INFO Epoch 251/500	Training Loss: 0.9315	Time remaining is 8h:14m
2024-06-07 17:58:14 INFO Epoch 252/500	Training Loss: 0.9348	Time remaining is 8h:12m
2024-06-07 17:59:59 INFO Epoch 253/500	Training Loss: 0.9308	Time remaining is 8h:10m
2024-06-07 18:01:43 INFO Epoch 254/500	Training Loss: 0.9301	Time remaining is 8h:8m
2024-06-07 18:03:28 INFO Epoch 255/500	Training Loss: 0.9344	Time remaining is 8h:6m
2024-06-07 18:05:13 INFO Testing: dataset_name: market1501 top1:0.9549 top5:0.9837 top10:0.9911 mAP:0.8844
2024-06-07 18:06:58 INFO Epoch 256/500	Training Loss: 0.9350	Time remaining is 8h:5m
2024-06-07 18:08:42 INFO Epoch 257/500	Training Loss: 0.9309	Time remaining is 8h:3m
2024-06-07 18:10:28 INFO Epoch 258/500	Training Loss: 0.9395	Time remaining is 8h:1m
2024-06-07 18:12:12 INFO Epoch 259/500	Training Loss: 0.9304	Time remaining is 7h:59m
2024-06-07 18:13:57 INFO Epoch 260/500	Training Loss: 0.9343	Time remaining is 7h:56m
2024-06-07 18:15:42 INFO Testing: dataset_name: market1501 top1:0.9534 top5:0.9843 top10:0.9908 mAP:0.8844
2024-06-07 18:17:26 INFO Epoch 261/500	Training Loss: 0.9303	Time remaining is 7h:56m
2024-06-07 18:19:11 INFO Epoch 262/500	Training Loss: 0.9343	Time remaining is 7h:54m
2024-06-07 18:20:56 INFO Epoch 263/500	Training Loss: 0.9351	Time remaining is 7h:51m
2024-06-07 18:22:41 INFO Epoch 264/500	Training Loss: 0.9346	Time remaining is 7h:49m
2024-06-07 18:24:26 INFO Epoch 265/500	Training Loss: 0.9304	Time remaining is 7h:47m
2024-06-07 18:26:10 INFO Testing: dataset_name: market1501 top1:0.9543 top5:0.9834 top10:0.9911 mAP:0.8849
2024-06-07 18:27:54 INFO Epoch 266/500	Training Loss: 0.9291	Time remaining is 7h:46m
2024-06-07 18:29:39 INFO Epoch 267/500	Training Loss: 0.9341	Time remaining is 7h:44m
2024-06-07 18:31:24 INFO Epoch 268/500	Training Loss: 0.9348	Time remaining is 7h:42m
2024-06-07 18:33:09 INFO Epoch 269/500	Training Loss: 0.9348	Time remaining is 7h:40m
2024-06-07 18:34:53 INFO Epoch 270/500	Training Loss: 0.9292	Time remaining is 7h:38m
2024-06-07 18:36:38 INFO Testing: dataset_name: market1501 top1:0.9534 top5:0.9834 top10:0.9911 mAP:0.8855
2024-06-07 18:38:23 INFO Epoch 271/500	Training Loss: 0.9345	Time remaining is 7h:37m
2024-06-07 18:40:08 INFO Epoch 272/500	Training Loss: 0.9341	Time remaining is 7h:35m
2024-06-07 18:41:52 INFO Epoch 273/500	Training Loss: 0.9296	Time remaining is 7h:33m
2024-06-07 18:43:37 INFO Epoch 274/500	Training Loss: 0.9331	Time remaining is 7h:30m
2024-06-07 18:45:22 INFO Epoch 275/500	Training Loss: 0.9286	Time remaining is 7h:28m
2024-06-07 18:47:07 INFO Testing: dataset_name: market1501 top1:0.9525 top5:0.9834 top10:0.9911 mAP:0.8834
2024-06-07 18:48:52 INFO Epoch 276/500	Training Loss: 0.9330	Time remaining is 7h:27m
2024-06-07 18:50:36 INFO Epoch 277/500	Training Loss: 0.9296	Time remaining is 7h:25m
2024-06-07 18:52:20 INFO Epoch 278/500	Training Loss: 0.9289	Time remaining is 7h:23m
2024-06-07 18:54:05 INFO Epoch 279/500	Training Loss: 0.9347	Time remaining is 7h:21m
2024-06-07 18:55:50 INFO Epoch 280/500	Training Loss: 0.9336	Time remaining is 7h:19m
2024-06-07 18:57:35 INFO Testing: dataset_name: market1501 top1:0.9546 top5:0.9837 top10:0.9914 mAP:0.8850
2024-06-07 18:59:19 INFO Epoch 281/500	Training Loss: 0.9282	Time remaining is 7h:18m
2024-06-07 19:01:04 INFO Epoch 282/500	Training Loss: 0.9280	Time remaining is 7h:16m
2024-06-07 19:02:49 INFO Epoch 283/500	Training Loss: 0.9329	Time remaining is 7h:14m
2024-06-07 19:04:34 INFO Epoch 284/500	Training Loss: 0.9321	Time remaining is 7h:11m
2024-06-07 19:06:18 INFO Epoch 285/500	Training Loss: 0.9333	Time remaining is 7h:9m
2024-06-07 19:08:03 INFO Testing: dataset_name: market1501 top1:0.9546 top5:0.9840 top10:0.9914 mAP:0.8857
2024-06-07 19:09:48 INFO Epoch 286/500	Training Loss: 0.9322	Time remaining is 7h:8m
2024-06-07 19:11:33 INFO Epoch 287/500	Training Loss: 0.9327	Time remaining is 7h:6m
2024-06-07 19:13:17 INFO Epoch 288/500	Training Loss: 0.9321	Time remaining is 7h:4m
2024-06-07 19:15:02 INFO Epoch 289/500	Training Loss: 0.9274	Time remaining is 7h:2m
2024-06-07 19:16:47 INFO Epoch 290/500	Training Loss: 0.9315	Time remaining is 6h:60m
2024-06-07 19:18:31 INFO Testing: dataset_name: market1501 top1:0.9555 top5:0.9855 top10:0.9905 mAP:0.8838
2024-06-07 19:20:16 INFO Epoch 291/500	Training Loss: 0.9272	Time remaining is 6h:59m
2024-06-07 19:22:01 INFO Epoch 292/500	Training Loss: 0.9318	Time remaining is 6h:57m
2024-06-07 19:23:45 INFO Epoch 293/500	Training Loss: 0.9278	Time remaining is 6h:54m
2024-06-07 19:25:30 INFO Epoch 294/500	Training Loss: 0.9324	Time remaining is 6h:52m
2024-06-07 19:27:15 INFO Epoch 295/500	Training Loss: 0.9326	Time remaining is 6h:50m
2024-06-07 19:29:00 INFO Testing: dataset_name: market1501 top1:0.9561 top5:0.9846 top10:0.9917 mAP:0.8865
2024-06-07 19:30:45 INFO Epoch 296/500	Training Loss: 0.9326	Time remaining is 6h:49m
2024-06-07 19:32:30 INFO Epoch 297/500	Training Loss: 0.9326	Time remaining is 6h:47m
2024-06-07 19:34:15 INFO Epoch 298/500	Training Loss: 0.9319	Time remaining is 6h:45m
2024-06-07 19:35:59 INFO Epoch 299/500	Training Loss: 0.9281	Time remaining is 6h:43m
2024-06-07 19:37:43 INFO Epoch 300/500	Training Loss: 0.9282	Time remaining is 6h:40m
2024-06-07 19:39:28 INFO Testing: dataset_name: market1501 top1:0.9558 top5:0.9837 top10:0.9920 mAP:0.8867
2024-06-07 19:41:13 INFO Epoch 301/500	Training Loss: 0.9317	Time remaining is 6h:39m
2024-06-07 19:42:58 INFO Epoch 302/500	Training Loss: 0.9315	Time remaining is 6h:37m
2024-06-07 19:44:43 INFO Epoch 303/500	Training Loss: 0.9316	Time remaining is 6h:35m
2024-06-07 19:46:28 INFO Epoch 304/500	Training Loss: 0.9311	Time remaining is 6h:33m
2024-06-07 19:48:13 INFO Epoch 305/500	Training Loss: 0.9314	Time remaining is 6h:31m
2024-06-07 19:49:58 INFO Testing: dataset_name: market1501 top1:0.9540 top5:0.9846 top10:0.9923 mAP:0.8858
2024-06-07 19:51:43 INFO Epoch 306/500	Training Loss: 0.9312	Time remaining is 6h:30m
2024-06-07 19:53:28 INFO Epoch 307/500	Training Loss: 0.9276	Time remaining is 6h:28m
2024-06-07 19:55:12 INFO Epoch 308/500	Training Loss: 0.9269	Time remaining is 6h:25m
2024-06-07 19:56:58 INFO Epoch 309/500	Training Loss: 0.9311	Time remaining is 6h:23m
2024-06-07 19:58:42 INFO Epoch 310/500	Training Loss: 0.9317	Time remaining is 6h:21m
2024-06-07 20:00:27 INFO Testing: dataset_name: market1501 top1:0.9564 top5:0.9843 top10:0.9911 mAP:0.8859
2024-06-07 20:02:12 INFO Epoch 311/500	Training Loss: 0.9301	Time remaining is 6h:20m
2024-06-07 20:03:56 INFO Epoch 312/500	Training Loss: 0.9262	Time remaining is 6h:18m
2024-06-07 20:05:40 INFO Epoch 313/500	Training Loss: 0.9258	Time remaining is 6h:16m
2024-06-07 20:07:26 INFO Epoch 314/500	Training Loss: 0.9355	Time remaining is 6h:14m
2024-06-07 20:09:11 INFO Epoch 315/500	Training Loss: 0.9314	Time remaining is 6h:12m
2024-06-07 20:10:55 INFO Testing: dataset_name: market1501 top1:0.9540 top5:0.9846 top10:0.9914 mAP:0.8848
2024-06-07 20:12:40 INFO Epoch 316/500	Training Loss: 0.9260	Time remaining is 6h:10m
2024-06-07 20:14:25 INFO Epoch 317/500	Training Loss: 0.9325	Time remaining is 6h:8m
2024-06-07 20:16:10 INFO Epoch 318/500	Training Loss: 0.9256	Time remaining is 6h:6m
2024-06-07 20:17:55 INFO Epoch 319/500	Training Loss: 0.9309	Time remaining is 6h:4m
2024-06-07 20:19:40 INFO Epoch 320/500	Training Loss: 0.9313	Time remaining is 6h:2m
2024-06-07 20:21:25 INFO Testing: dataset_name: market1501 top1:0.9549 top5:0.9846 top10:0.9926 mAP:0.8852
2024-06-07 20:23:10 INFO Epoch 321/500	Training Loss: 0.9308	Time remaining is 6h:1m
2024-06-07 20:24:54 INFO Epoch 322/500	Training Loss: 0.9262	Time remaining is 5h:58m
2024-06-07 20:26:39 INFO Epoch 323/500	Training Loss: 0.9303	Time remaining is 5h:56m
2024-06-07 20:28:24 INFO Epoch 324/500	Training Loss: 0.9295	Time remaining is 5h:54m
2024-06-07 20:30:08 INFO Epoch 325/500	Training Loss: 0.9261	Time remaining is 5h:52m
2024-06-07 20:31:53 INFO Testing: dataset_name: market1501 top1:0.9552 top5:0.9840 top10:0.9911 mAP:0.8843
2024-06-07 20:33:38 INFO Epoch 326/500	Training Loss: 0.9306	Time remaining is 5h:51m
2024-06-07 20:35:23 INFO Epoch 327/500	Training Loss: 0.9295	Time remaining is 5h:49m
2024-06-07 20:37:07 INFO Epoch 328/500	Training Loss: 0.9302	Time remaining is 5h:47m
2024-06-07 20:38:52 INFO Epoch 329/500	Training Loss: 0.9290	Time remaining is 5h:44m
2024-06-07 20:40:37 INFO Epoch 330/500	Training Loss: 0.9301	Time remaining is 5h:42m
2024-06-07 20:42:22 INFO Testing: dataset_name: market1501 top1:0.9549 top5:0.9834 top10:0.9911 mAP:0.8862
2024-06-07 20:44:06 INFO Epoch 331/500	Training Loss: 0.9244	Time remaining is 5h:41m
2024-06-07 20:45:50 INFO Epoch 332/500	Training Loss: 0.9244	Time remaining is 5h:39m
2024-06-07 20:47:35 INFO Epoch 333/500	Training Loss: 0.9290	Time remaining is 5h:37m
2024-06-07 20:49:20 INFO Epoch 334/500	Training Loss: 0.9298	Time remaining is 5h:35m
2024-06-07 20:51:05 INFO Epoch 335/500	Training Loss: 0.9353	Time remaining is 5h:33m
2024-06-07 20:52:50 INFO Testing: dataset_name: market1501 top1:0.9546 top5:0.9849 top10:0.9920 mAP:0.8865
2024-06-07 20:54:35 INFO Epoch 336/500	Training Loss: 0.9299	Time remaining is 5h:31m
2024-06-07 20:56:20 INFO Epoch 337/500	Training Loss: 0.9336	Time remaining is 5h:29m
2024-06-07 20:58:04 INFO Epoch 338/500	Training Loss: 0.9256	Time remaining is 5h:27m
2024-06-07 20:59:49 INFO Epoch 339/500	Training Loss: 0.9287	Time remaining is 5h:25m
2024-06-07 21:01:34 INFO Epoch 340/500	Training Loss: 0.9297	Time remaining is 5h:23m
2024-06-07 21:03:19 INFO Testing: dataset_name: market1501 top1:0.9540 top5:0.9840 top10:0.9914 mAP:0.8863
2024-06-07 21:05:04 INFO Epoch 341/500	Training Loss: 0.9349	Time remaining is 5h:21m
2024-06-07 21:06:49 INFO Epoch 342/500	Training Loss: 0.9279	Time remaining is 5h:19m
2024-06-07 21:08:34 INFO Epoch 343/500	Training Loss: 0.9297	Time remaining is 5h:17m
2024-06-07 21:10:18 INFO Epoch 344/500	Training Loss: 0.9293	Time remaining is 5h:15m
2024-06-07 21:12:03 INFO Epoch 345/500	Training Loss: 0.9296	Time remaining is 5h:13m
2024-06-07 21:13:47 INFO Testing: dataset_name: market1501 top1:0.9555 top5:0.9849 top10:0.9920 mAP:0.8857
2024-06-07 21:15:32 INFO Epoch 346/500	Training Loss: 0.9240	Time remaining is 5h:12m
2024-06-07 21:17:16 INFO Epoch 347/500	Training Loss: 0.9288	Time remaining is 5h:9m
2024-06-07 21:19:01 INFO Epoch 348/500	Training Loss: 0.9308	Time remaining is 5h:7m
2024-06-07 21:20:46 INFO Epoch 349/500	Training Loss: 0.9243	Time remaining is 5h:5m
2024-06-07 21:22:30 INFO Epoch 350/500	Training Loss: 0.9282	Time remaining is 5h:3m
2024-06-07 21:24:16 INFO Testing: dataset_name: market1501 top1:0.9561 top5:0.9834 top10:0.9917 mAP:0.8857
2024-06-07 21:26:00 INFO Epoch 351/500	Training Loss: 0.9281	Time remaining is 5h:2m
2024-06-07 21:27:45 INFO Epoch 352/500	Training Loss: 0.9283	Time remaining is 4h:60m
2024-06-07 21:29:29 INFO Epoch 353/500	Training Loss: 0.9238	Time remaining is 4h:57m
2024-06-07 21:31:14 INFO Epoch 354/500	Training Loss: 0.9285	Time remaining is 4h:55m
2024-06-07 21:32:59 INFO Epoch 355/500	Training Loss: 0.9281	Time remaining is 4h:53m
2024-06-07 21:34:44 INFO Testing: dataset_name: market1501 top1:0.9540 top5:0.9840 top10:0.9917 mAP:0.8845
2024-06-07 21:36:29 INFO Epoch 356/500	Training Loss: 0.9283	Time remaining is 4h:52m
2024-06-07 21:38:13 INFO Epoch 357/500	Training Loss: 0.9232	Time remaining is 4h:50m
2024-06-07 21:39:58 INFO Epoch 358/500	Training Loss: 0.9279	Time remaining is 4h:48m
2024-06-07 21:41:43 INFO Epoch 359/500	Training Loss: 0.9275	Time remaining is 4h:45m
2024-06-07 21:43:28 INFO Epoch 360/500	Training Loss: 0.9278	Time remaining is 4h:43m
2024-06-07 21:45:13 INFO Testing: dataset_name: market1501 top1:0.9540 top5:0.9837 top10:0.9920 mAP:0.8848
2024-06-07 21:46:57 INFO Epoch 361/500	Training Loss: 0.9286	Time remaining is 4h:42m
2024-06-07 21:48:42 INFO Epoch 362/500	Training Loss: 0.9275	Time remaining is 4h:40m
2024-06-07 21:50:26 INFO Epoch 363/500	Training Loss: 0.9236	Time remaining is 4h:38m
2024-06-07 21:52:11 INFO Epoch 364/500	Training Loss: 0.9269	Time remaining is 4h:36m
2024-06-07 21:53:57 INFO Epoch 365/500	Training Loss: 0.9331	Time remaining is 4h:33m
2024-06-07 21:55:41 INFO Testing: dataset_name: market1501 top1:0.9569 top5:0.9843 top10:0.9923 mAP:0.8860
2024-06-07 21:57:26 INFO Epoch 366/500	Training Loss: 0.9241	Time remaining is 4h:32m
2024-06-07 21:59:10 INFO Epoch 367/500	Training Loss: 0.9281	Time remaining is 4h:30m
2024-06-07 22:00:55 INFO Epoch 368/500	Training Loss: 0.9232	Time remaining is 4h:28m
2024-06-07 22:02:39 INFO Epoch 369/500	Training Loss: 0.9278	Time remaining is 4h:26m
2024-06-07 22:04:24 INFO Epoch 370/500	Training Loss: 0.9283	Time remaining is 4h:24m
2024-06-07 22:06:09 INFO Testing: dataset_name: market1501 top1:0.9552 top5:0.9837 top10:0.9914 mAP:0.8854
2024-06-07 22:07:53 INFO Epoch 371/500	Training Loss: 0.9220	Time remaining is 4h:22m
2024-06-07 22:09:38 INFO Epoch 372/500	Training Loss: 0.9217	Time remaining is 4h:20m
2024-06-07 22:11:22 INFO Epoch 373/500	Training Loss: 0.9273	Time remaining is 4h:18m
2024-06-07 22:13:07 INFO Epoch 374/500	Training Loss: 0.9226	Time remaining is 4h:16m
2024-06-07 22:14:52 INFO Epoch 375/500	Training Loss: 0.9272	Time remaining is 4h:14m
2024-06-07 22:16:36 INFO Testing: dataset_name: market1501 top1:0.9540 top5:0.9852 top10:0.9926 mAP:0.8860
2024-06-07 22:18:21 INFO Epoch 376/500	Training Loss: 0.9263	Time remaining is 4h:12m
2024-06-07 22:20:06 INFO Epoch 377/500	Training Loss: 0.9223	Time remaining is 4h:10m
2024-06-07 22:21:50 INFO Epoch 378/500	Training Loss: 0.9226	Time remaining is 4h:8m
2024-06-07 22:23:34 INFO Epoch 379/500	Training Loss: 0.9229	Time remaining is 4h:6m
2024-06-07 22:25:19 INFO Epoch 380/500	Training Loss: 0.9287	Time remaining is 4h:4m
2024-06-07 22:27:03 INFO Testing: dataset_name: market1501 top1:0.9534 top5:0.9863 top10:0.9932 mAP:0.8849
2024-06-07 22:28:48 INFO Epoch 381/500	Training Loss: 0.9263	Time remaining is 4h:2m
2024-06-07 22:30:33 INFO Epoch 382/500	Training Loss: 0.9279	Time remaining is 4h:0m
2024-06-07 22:32:18 INFO Epoch 383/500	Training Loss: 0.9270	Time remaining is 3h:58m
2024-06-07 22:34:03 INFO Epoch 384/500	Training Loss: 0.9270	Time remaining is 3h:56m
2024-06-07 22:35:48 INFO Epoch 385/500	Training Loss: 0.9224	Time remaining is 3h:54m
2024-06-07 22:37:32 INFO Testing: dataset_name: market1501 top1:0.9516 top5:0.9849 top10:0.9920 mAP:0.8845
2024-06-07 22:39:18 INFO Epoch 386/500	Training Loss: 0.9319	Time remaining is 3h:52m
2024-06-07 22:41:02 INFO Epoch 387/500	Training Loss: 0.9221	Time remaining is 3h:50m
2024-06-07 22:42:49 INFO Epoch 388/500	Training Loss: 0.9309	Time remaining is 3h:48m
2024-06-07 22:44:34 INFO Epoch 389/500	Training Loss: 0.9267	Time remaining is 3h:46m
2024-06-07 22:46:18 INFO Epoch 390/500	Training Loss: 0.9217	Time remaining is 3h:44m
2024-06-07 22:48:03 INFO Testing: dataset_name: market1501 top1:0.9546 top5:0.9843 top10:0.9917 mAP:0.8844
2024-06-07 22:49:48 INFO Epoch 391/500	Training Loss: 0.9258	Time remaining is 3h:42m
2024-06-07 22:51:32 INFO Epoch 392/500	Training Loss: 0.9208	Time remaining is 3h:40m
2024-06-07 22:53:17 INFO Epoch 393/500	Training Loss: 0.9222	Time remaining is 3h:38m
2024-06-07 22:55:02 INFO Epoch 394/500	Training Loss: 0.9262	Time remaining is 3h:36m
2024-06-07 22:56:46 INFO Epoch 395/500	Training Loss: 0.9215	Time remaining is 3h:34m
2024-06-07 22:58:31 INFO Testing: dataset_name: market1501 top1:0.9531 top5:0.9837 top10:0.9920 mAP:0.8849
2024-06-07 23:00:15 INFO Epoch 396/500	Training Loss: 0.9225	Time remaining is 3h:32m
2024-06-07 23:02:00 INFO Epoch 397/500	Training Loss: 0.9214	Time remaining is 3h:30m
2024-06-07 23:03:45 INFO Epoch 398/500	Training Loss: 0.9260	Time remaining is 3h:28m
2024-06-07 23:05:29 INFO Epoch 399/500	Training Loss: 0.9217	Time remaining is 3h:26m
2024-06-07 23:07:13 INFO Epoch 400/500	Training Loss: 0.9213	Time remaining is 3h:24m
2024-06-07 23:08:58 INFO Testing: dataset_name: market1501 top1:0.9552 top5:0.9837 top10:0.9914 mAP:0.8846
2024-06-07 23:10:43 INFO Epoch 401/500	Training Loss: 0.9257	Time remaining is 3h:22m
2024-06-07 23:12:28 INFO Epoch 402/500	Training Loss: 0.9251	Time remaining is 3h:20m
2024-06-07 23:14:13 INFO Epoch 403/500	Training Loss: 0.9195	Time remaining is 3h:18m
2024-06-07 23:15:57 INFO Epoch 404/500	Training Loss: 0.9260	Time remaining is 3h:16m
2024-06-07 23:17:42 INFO Epoch 405/500	Training Loss: 0.9255	Time remaining is 3h:14m
2024-06-07 23:19:27 INFO Testing: dataset_name: market1501 top1:0.9540 top5:0.9843 top10:0.9917 mAP:0.8850
2024-06-07 23:21:12 INFO Epoch 406/500	Training Loss: 0.9266	Time remaining is 3h:12m
2024-06-07 23:22:57 INFO Epoch 407/500	Training Loss: 0.9270	Time remaining is 3h:10m
2024-06-07 23:24:42 INFO Epoch 408/500	Training Loss: 0.9252	Time remaining is 3h:8m
2024-06-07 23:26:27 INFO Epoch 409/500	Training Loss: 0.9257	Time remaining is 3h:6m
2024-06-07 23:28:11 INFO Epoch 410/500	Training Loss: 0.9264	Time remaining is 3h:4m
2024-06-07 23:29:56 INFO Testing: dataset_name: market1501 top1:0.9522 top5:0.9843 top10:0.9929 mAP:0.8843
2024-06-07 23:31:40 INFO Epoch 411/500	Training Loss: 0.9205	Time remaining is 3h:2m
2024-06-07 23:33:25 INFO Epoch 412/500	Training Loss: 0.9239	Time remaining is 3h:0m
2024-06-07 23:35:09 INFO Epoch 413/500	Training Loss: 0.9199	Time remaining is 2h:58m
2024-06-07 23:36:54 INFO Epoch 414/500	Training Loss: 0.9252	Time remaining is 2h:56m
2024-06-07 23:38:39 INFO Epoch 415/500	Training Loss: 0.9248	Time remaining is 2h:54m
2024-06-07 23:40:23 INFO Testing: dataset_name: market1501 top1:0.9516 top5:0.9852 top10:0.9923 mAP:0.8836
2024-06-07 23:42:08 INFO Epoch 416/500	Training Loss: 0.9207	Time remaining is 2h:52m
2024-06-07 23:43:53 INFO Epoch 417/500	Training Loss: 0.9252	Time remaining is 2h:50m
2024-06-07 23:45:38 INFO Epoch 418/500	Training Loss: 0.9255	Time remaining is 2h:48m
2024-06-07 23:47:22 INFO Epoch 419/500	Training Loss: 0.9255	Time remaining is 2h:46m
2024-06-07 23:49:07 INFO Epoch 420/500	Training Loss: 0.9257	Time remaining is 2h:44m
2024-06-07 23:50:52 INFO Testing: dataset_name: market1501 top1:0.9528 top5:0.9852 top10:0.9923 mAP:0.8828
2024-06-07 23:52:37 INFO Epoch 421/500	Training Loss: 0.9249	Time remaining is 2h:42m
2024-06-07 23:54:22 INFO Epoch 422/500	Training Loss: 0.9244	Time remaining is 2h:40m
2024-06-07 23:56:07 INFO Epoch 423/500	Training Loss: 0.9205	Time remaining is 2h:38m
2024-06-07 23:57:51 INFO Epoch 424/500	Training Loss: 0.9199	Time remaining is 2h:36m
2024-06-07 23:59:36 INFO Epoch 425/500	Training Loss: 0.9240	Time remaining is 2h:34m
2024-06-08 00:01:20 INFO Testing: dataset_name: market1501 top1:0.9549 top5:0.9849 top10:0.9932 mAP:0.8870
2024-06-08 00:03:05 INFO Epoch 426/500	Training Loss: 0.9198	Time remaining is 2h:32m
2024-06-08 00:04:50 INFO Epoch 427/500	Training Loss: 0.9245	Time remaining is 2h:30m
2024-06-08 00:06:35 INFO Epoch 428/500	Training Loss: 0.9249	Time remaining is 2h:28m
2024-06-08 00:08:20 INFO Epoch 429/500	Training Loss: 0.9239	Time remaining is 2h:26m
2024-06-08 00:10:05 INFO Epoch 430/500	Training Loss: 0.9255	Time remaining is 2h:24m
2024-06-08 00:11:50 INFO Testing: dataset_name: market1501 top1:0.9516 top5:0.9849 top10:0.9932 mAP:0.8831
2024-06-08 00:13:35 INFO Epoch 431/500	Training Loss: 0.9243	Time remaining is 2h:22m
2024-06-08 00:15:20 INFO Epoch 432/500	Training Loss: 0.9241	Time remaining is 2h:20m
2024-06-08 00:17:04 INFO Epoch 433/500	Training Loss: 0.9209	Time remaining is 2h:18m
2024-06-08 00:18:48 INFO Epoch 434/500	Training Loss: 0.9257	Time remaining is 2h:16m
2024-06-08 00:20:33 INFO Epoch 435/500	Training Loss: 0.9243	Time remaining is 2h:14m
2024-06-08 00:22:18 INFO Testing: dataset_name: market1501 top1:0.9531 top5:0.9855 top10:0.9923 mAP:0.8854
2024-06-08 00:24:03 INFO Epoch 436/500	Training Loss: 0.9246	Time remaining is 2h:12m
2024-06-08 00:25:48 INFO Epoch 437/500	Training Loss: 0.9247	Time remaining is 2h:10m
2024-06-08 00:27:32 INFO Epoch 438/500	Training Loss: 0.9195	Time remaining is 2h:8m
2024-06-08 00:29:17 INFO Epoch 439/500	Training Loss: 0.9232	Time remaining is 2h:6m
2024-06-08 00:31:02 INFO Epoch 440/500	Training Loss: 0.9235	Time remaining is 2h:4m
2024-06-08 00:32:47 INFO Testing: dataset_name: market1501 top1:0.9549 top5:0.9828 top10:0.9917 mAP:0.8838
2024-06-08 00:34:31 INFO Epoch 441/500	Training Loss: 0.9245	Time remaining is 2h:2m
2024-06-08 00:36:16 INFO Epoch 442/500	Training Loss: 0.9234	Time remaining is 1h:60m
2024-06-08 00:38:01 INFO Epoch 443/500	Training Loss: 0.9238	Time remaining is 1h:58m
2024-06-08 00:39:46 INFO Epoch 444/500	Training Loss: 0.9193	Time remaining is 1h:56m
2024-06-08 00:41:31 INFO Epoch 445/500	Training Loss: 0.9236	Time remaining is 1h:53m
2024-06-08 00:43:15 INFO Testing: dataset_name: market1501 top1:0.9528 top5:0.9849 top10:0.9926 mAP:0.8823
2024-06-08 00:45:00 INFO Epoch 446/500	Training Loss: 0.9235	Time remaining is 1h:52m
2024-06-08 00:46:45 INFO Epoch 447/500	Training Loss: 0.9197	Time remaining is 1h:50m
2024-06-08 00:48:29 INFO Epoch 448/500	Training Loss: 0.9193	Time remaining is 1h:47m
2024-06-08 00:50:14 INFO Epoch 449/500	Training Loss: 0.9238	Time remaining is 1h:45m
2024-06-08 00:51:59 INFO Epoch 450/500	Training Loss: 0.9237	Time remaining is 1h:43m
2024-06-08 00:53:43 INFO Testing: dataset_name: market1501 top1:0.9525 top5:0.9846 top10:0.9914 mAP:0.8826
2024-06-08 00:55:28 INFO Epoch 451/500	Training Loss: 0.9239	Time remaining is 1h:41m
2024-06-08 00:57:13 INFO Epoch 452/500	Training Loss: 0.9229	Time remaining is 1h:39m
2024-06-08 00:58:58 INFO Epoch 453/500	Training Loss: 0.9233	Time remaining is 1h:37m
2024-06-08 01:00:42 INFO Epoch 454/500	Training Loss: 0.9186	Time remaining is 1h:35m
2024-06-08 01:02:26 INFO Epoch 455/500	Training Loss: 0.9182	Time remaining is 1h:33m
2024-06-08 01:04:11 INFO Testing: dataset_name: market1501 top1:0.9543 top5:0.9846 top10:0.9920 mAP:0.8812
2024-06-08 01:05:56 INFO Epoch 456/500	Training Loss: 0.9233	Time remaining is 1h:31m
2024-06-08 01:07:41 INFO Epoch 457/500	Training Loss: 0.9236	Time remaining is 1h:29m
2024-06-08 01:09:26 INFO Epoch 458/500	Training Loss: 0.9228	Time remaining is 1h:27m
2024-06-08 01:11:10 INFO Epoch 459/500	Training Loss: 0.9183	Time remaining is 1h:25m
2024-06-08 01:12:55 INFO Epoch 460/500	Training Loss: 0.9234	Time remaining is 1h:23m
2024-06-08 01:14:39 INFO Testing: dataset_name: market1501 top1:0.9522 top5:0.9849 top10:0.9905 mAP:0.8830
2024-06-08 01:16:24 INFO Epoch 461/500	Training Loss: 0.9190	Time remaining is 1h:21m
2024-06-08 01:18:09 INFO Epoch 462/500	Training Loss: 0.9225	Time remaining is 1h:19m
2024-06-08 01:19:54 INFO Epoch 463/500	Training Loss: 0.9241	Time remaining is 1h:17m
2024-06-08 01:21:38 INFO Epoch 464/500	Training Loss: 0.9232	Time remaining is 1h:15m
2024-06-08 01:23:22 INFO Epoch 465/500	Training Loss: 0.9177	Time remaining is 1h:13m
2024-06-08 01:25:07 INFO Testing: dataset_name: market1501 top1:0.9537 top5:0.9831 top10:0.9914 mAP:0.8805
2024-06-08 01:26:52 INFO Epoch 466/500	Training Loss: 0.9238	Time remaining is 1h:11m
2024-06-08 01:28:37 INFO Epoch 467/500	Training Loss: 0.9216	Time remaining is 1h:9m
2024-06-08 01:30:22 INFO Epoch 468/500	Training Loss: 0.9272	Time remaining is 1h:7m
2024-06-08 01:32:07 INFO Epoch 469/500	Training Loss: 0.9232	Time remaining is 1h:5m
2024-06-08 01:33:52 INFO Epoch 470/500	Training Loss: 0.9231	Time remaining is 1h:3m
2024-06-08 01:35:37 INFO Testing: dataset_name: market1501 top1:0.9528 top5:0.9831 top10:0.9911 mAP:0.8816
2024-06-08 01:37:21 INFO Epoch 471/500	Training Loss: 0.9226	Time remaining is 1h:1m
2024-06-08 01:39:06 INFO Epoch 472/500	Training Loss: 0.9176	Time remaining is 0h:59m
2024-06-08 01:40:51 INFO Epoch 473/500	Training Loss: 0.9282	Time remaining is 0h:57m
2024-06-08 01:42:36 INFO Epoch 474/500	Training Loss: 0.9236	Time remaining is 0h:55m
2024-06-08 01:44:20 INFO Epoch 475/500	Training Loss: 0.9186	Time remaining is 0h:53m
2024-06-08 01:46:05 INFO Testing: dataset_name: market1501 top1:0.9534 top5:0.9846 top10:0.9917 mAP:0.8808
2024-06-08 01:47:50 INFO Epoch 476/500	Training Loss: 0.9210	Time remaining is 0h:51m
2024-06-08 01:49:34 INFO Epoch 477/500	Training Loss: 0.9166	Time remaining is 0h:49m
2024-06-08 01:51:19 INFO Epoch 478/500	Training Loss: 0.9230	Time remaining is 0h:47m
2024-06-08 01:53:03 INFO Epoch 479/500	Training Loss: 0.9170	Time remaining is 0h:45m
2024-06-08 01:54:48 INFO Epoch 480/500	Training Loss: 0.9227	Time remaining is 0h:43m
2024-06-08 01:56:32 INFO Testing: dataset_name: market1501 top1:0.9519 top5:0.9840 top10:0.9926 mAP:0.8810
2024-06-08 01:58:17 INFO Epoch 481/500	Training Loss: 0.9224	Time remaining is 0h:41m
2024-06-08 02:00:01 INFO Epoch 482/500	Training Loss: 0.9177	Time remaining is 0h:39m
2024-06-08 02:01:46 INFO Epoch 483/500	Training Loss: 0.9224	Time remaining is 0h:37m
2024-06-08 02:03:31 INFO Epoch 484/500	Training Loss: 0.9265	Time remaining is 0h:35m
2024-06-08 02:05:16 INFO Epoch 485/500	Training Loss: 0.9217	Time remaining is 0h:33m
2024-06-08 02:07:01 INFO Testing: dataset_name: market1501 top1:0.9528 top5:0.9843 top10:0.9914 mAP:0.8817
2024-06-08 02:08:46 INFO Epoch 486/500	Training Loss: 0.9219	Time remaining is 0h:31m
2024-06-08 02:10:31 INFO Epoch 487/500	Training Loss: 0.9262	Time remaining is 0h:28m
2024-06-08 02:12:15 INFO Epoch 488/500	Training Loss: 0.9167	Time remaining is 0h:26m
2024-06-08 02:14:00 INFO Epoch 489/500	Training Loss: 0.9225	Time remaining is 0h:24m
2024-06-08 02:15:45 INFO Epoch 490/500	Training Loss: 0.9234	Time remaining is 0h:22m
2024-06-08 02:17:30 INFO Testing: dataset_name: market1501 top1:0.9516 top5:0.9834 top10:0.9905 mAP:0.8822
2024-06-08 02:19:14 INFO Epoch 491/500	Training Loss: 0.9184	Time remaining is 0h:20m
2024-06-08 02:20:59 INFO Epoch 492/500	Training Loss: 0.9217	Time remaining is 0h:18m
2024-06-08 02:22:44 INFO Epoch 493/500	Training Loss: 0.9183	Time remaining is 0h:16m
2024-06-08 02:24:28 INFO Epoch 494/500	Training Loss: 0.9173	Time remaining is 0h:14m
2024-06-08 02:26:13 INFO Epoch 495/500	Training Loss: 0.9225	Time remaining is 0h:12m
2024-06-08 02:27:57 INFO Testing: dataset_name: market1501 top1:0.9501 top5:0.9813 top10:0.9902 mAP:0.8779
2024-06-08 02:29:43 INFO Epoch 496/500	Training Loss: 0.9215	Time remaining is 0h:10m
2024-06-08 02:31:27 INFO Epoch 497/500	Training Loss: 0.9173	Time remaining is 0h:8m
2024-06-08 02:33:12 INFO Epoch 498/500	Training Loss: 0.9227	Time remaining is 0h:6m
2024-06-08 02:34:56 INFO Epoch 499/500	Training Loss: 0.9168	Time remaining is 0h:4m
2024-06-08 02:36:41 INFO Epoch 500/500	Training Loss: 0.9219	Time remaining is 0h:2m
2024-06-08 02:38:25 INFO Testing: dataset_name: market1501 top1:0.9525 top5:0.9822 top10:0.9917 mAP:0.8813
2024-06-08 02:38:26 INFO The running time of training: 6.11052e+04 s
