2024-10-05 23:38:28 INFO ##################################################
2024-10-05 23:38:28 INFO Config values: batch_size: 60	current_directory: /home/hy/project/reid_task/ex_003_16	dataset_name: Occluded_Duke	dataset_path: /home/hy/project/data/Occluded_Duke	device: cuda	dtype: torch.float32	epoch_start_test: 90	epochs: 120	img_height: 256	img_width: 128	logs_outputs_path: /home/hy/project/reid_task/ex_003_16/./outputs/logs	models_outputs_path: /home/hy/project/reid_task/ex_003_16/./outputs/models	np: <module 'numpy' from '/home/hy/anaconda3/envs/py396/lib/python3.9/site-packages/numpy/__init__.py'>	os: <module 'os' from '/home/hy/anaconda3/envs/py396/lib/python3.9/os.py'>	outputs_dir: ./outputs/	outputs_path: /home/hy/project/reid_task/ex_003_16/./outputs/	print_every: 1	seed: 1	taskname: ReID_Task	temps_outputs_path: /home/hy/project/reid_task/ex_003_16/./outputs/temps	test_batch_size: 256	test_every: 5	torch: <module 'torch' from '/home/hy/anaconda3/envs/py396/lib/python3.9/site-packages/torch/__init__.py'>
2024-10-05 23:38:28 INFO Task: ReID_Task
2024-10-05 23:38:28 INFO Using device: cuda
2024-10-05 23:38:28 INFO Using data type: torch.float32
2024-10-05 23:38:28 INFO Number of GPUs: 1
2024-10-05 23:38:28 INFO GPU is_available: True
2024-10-05 23:38:28 INFO GPU name: NVIDIA GeForce RTX 3060
2024-10-05 23:38:28 INFO CUDA version: 12.1
2024-10-05 23:38:28 INFO Current device id: 0
2024-10-05 23:38:28 INFO ##################################################
2024-10-05 23:39:46 INFO Epoch 1/120	Training Loss: 7.4081	Time remaining is 2h:33m
2024-10-05 23:41:01 INFO Epoch 2/120	Training Loss: 5.4393	Time remaining is 2h:31m
2024-10-05 23:42:18 INFO Epoch 3/120	Training Loss: 3.8320	Time remaining is 2h:30m
2024-10-05 23:43:34 INFO Epoch 4/120	Training Loss: 2.5208	Time remaining is 2h:29m
2024-10-05 23:44:50 INFO Epoch 5/120	Training Loss: 1.7879	Time remaining is 2h:27m
2024-10-05 23:46:07 INFO Epoch 6/120	Training Loss: 1.4908	Time remaining is 2h:26m
2024-10-05 23:47:23 INFO Epoch 7/120	Training Loss: 1.3618	Time remaining is 2h:25m
2024-10-05 23:48:39 INFO Epoch 8/120	Training Loss: 1.3101	Time remaining is 2h:24m
2024-10-05 23:49:56 INFO Epoch 9/120	Training Loss: 1.2701	Time remaining is 2h:23m
2024-10-05 23:51:13 INFO Epoch 10/120	Training Loss: 1.2506	Time remaining is 2h:21m
2024-10-05 23:52:29 INFO Epoch 11/120	Training Loss: 1.1897	Time remaining is 2h:20m
2024-10-05 23:53:45 INFO Epoch 12/120	Training Loss: 1.1685	Time remaining is 2h:19m
2024-10-05 23:55:01 INFO Epoch 13/120	Training Loss: 1.1536	Time remaining is 2h:17m
2024-10-05 23:56:18 INFO Epoch 14/120	Training Loss: 1.1420	Time remaining is 2h:16m
2024-10-05 23:57:34 INFO Epoch 15/120	Training Loss: 1.1293	Time remaining is 2h:15m
2024-10-05 23:58:51 INFO Epoch 16/120	Training Loss: 1.1258	Time remaining is 2h:14m
2024-10-06 00:00:07 INFO Epoch 17/120	Training Loss: 1.1015	Time remaining is 2h:12m
2024-10-06 00:01:23 INFO Epoch 18/120	Training Loss: 1.1117	Time remaining is 2h:11m
2024-10-06 00:02:39 INFO Epoch 19/120	Training Loss: 1.1186	Time remaining is 2h:10m
2024-10-06 00:03:55 INFO Epoch 20/120	Training Loss: 1.1077	Time remaining is 2h:8m
2024-10-06 00:05:12 INFO Epoch 21/120	Training Loss: 1.0993	Time remaining is 2h:7m
2024-10-06 00:06:28 INFO Epoch 22/120	Training Loss: 1.1065	Time remaining is 2h:6m
2024-10-06 00:07:45 INFO Epoch 23/120	Training Loss: 1.0970	Time remaining is 2h:5m
2024-10-06 00:09:01 INFO Epoch 24/120	Training Loss: 1.0917	Time remaining is 2h:3m
2024-10-06 00:10:17 INFO Epoch 25/120	Training Loss: 1.0803	Time remaining is 2h:2m
2024-10-06 00:11:34 INFO Epoch 26/120	Training Loss: 1.1027	Time remaining is 2h:1m
2024-10-06 00:12:50 INFO Epoch 27/120	Training Loss: 1.0968	Time remaining is 1h:60m
2024-10-06 00:14:06 INFO Epoch 28/120	Training Loss: 1.0836	Time remaining is 1h:58m
2024-10-06 00:15:22 INFO Epoch 29/120	Training Loss: 1.0799	Time remaining is 1h:57m
2024-10-06 00:16:38 INFO Epoch 30/120	Training Loss: 1.0851	Time remaining is 1h:56m
2024-10-06 00:17:55 INFO Epoch 31/120	Training Loss: 1.0759	Time remaining is 1h:54m
2024-10-06 00:19:11 INFO Epoch 32/120	Training Loss: 1.0648	Time remaining is 1h:53m
2024-10-06 00:20:27 INFO Epoch 33/120	Training Loss: 1.0847	Time remaining is 1h:52m
2024-10-06 00:21:43 INFO Epoch 34/120	Training Loss: 1.0704	Time remaining is 1h:51m
2024-10-06 00:23:00 INFO Epoch 35/120	Training Loss: 1.0726	Time remaining is 1h:49m
2024-10-06 00:24:16 INFO Epoch 36/120	Training Loss: 1.0671	Time remaining is 1h:48m
2024-10-06 00:25:32 INFO Epoch 37/120	Training Loss: 1.0616	Time remaining is 1h:47m
2024-10-06 00:26:49 INFO Epoch 38/120	Training Loss: 1.0649	Time remaining is 1h:46m
2024-10-06 00:28:04 INFO Epoch 39/120	Training Loss: 1.0618	Time remaining is 1h:44m
2024-10-06 00:29:21 INFO Epoch 40/120	Training Loss: 1.0106	Time remaining is 1h:43m
2024-10-06 00:30:37 INFO Epoch 41/120	Training Loss: 0.9668	Time remaining is 1h:42m
2024-10-06 00:31:53 INFO Epoch 42/120	Training Loss: 0.9543	Time remaining is 1h:40m
2024-10-06 00:33:09 INFO Epoch 43/120	Training Loss: 0.9532	Time remaining is 1h:39m
2024-10-06 00:34:25 INFO Epoch 44/120	Training Loss: 0.9392	Time remaining is 1h:38m
2024-10-06 00:35:41 INFO Epoch 45/120	Training Loss: 0.9387	Time remaining is 1h:37m
2024-10-06 00:36:57 INFO Epoch 46/120	Training Loss: 0.9308	Time remaining is 1h:35m
2024-10-06 00:38:13 INFO Epoch 47/120	Training Loss: 0.9404	Time remaining is 1h:34m
2024-10-06 00:39:30 INFO Epoch 48/120	Training Loss: 0.9364	Time remaining is 1h:33m
2024-10-06 00:40:46 INFO Epoch 49/120	Training Loss: 0.9297	Time remaining is 1h:32m
2024-10-06 00:42:02 INFO Epoch 50/120	Training Loss: 0.9287	Time remaining is 1h:30m
2024-10-06 00:43:18 INFO Epoch 51/120	Training Loss: 0.9257	Time remaining is 1h:29m
2024-10-06 00:44:34 INFO Epoch 52/120	Training Loss: 0.9256	Time remaining is 1h:28m
2024-10-06 00:45:50 INFO Epoch 53/120	Training Loss: 0.9288	Time remaining is 1h:26m
2024-10-06 00:47:06 INFO Epoch 54/120	Training Loss: 0.9176	Time remaining is 1h:25m
2024-10-06 00:48:22 INFO Epoch 55/120	Training Loss: 0.9262	Time remaining is 1h:24m
2024-10-06 00:49:39 INFO Epoch 56/120	Training Loss: 0.9253	Time remaining is 1h:23m
2024-10-06 00:50:55 INFO Epoch 57/120	Training Loss: 0.9266	Time remaining is 1h:21m
2024-10-06 00:52:12 INFO Epoch 58/120	Training Loss: 0.9269	Time remaining is 1h:20m
2024-10-06 00:53:28 INFO Epoch 59/120	Training Loss: 0.9275	Time remaining is 1h:19m
2024-10-06 00:54:45 INFO Epoch 60/120	Training Loss: 0.9213	Time remaining is 1h:18m
2024-10-06 00:56:00 INFO Epoch 61/120	Training Loss: 0.9124	Time remaining is 1h:16m
2024-10-06 00:57:17 INFO Epoch 62/120	Training Loss: 0.9204	Time remaining is 1h:15m
2024-10-06 00:58:33 INFO Epoch 63/120	Training Loss: 0.9168	Time remaining is 1h:14m
2024-10-06 00:59:49 INFO Epoch 64/120	Training Loss: 0.9185	Time remaining is 1h:12m
2024-10-06 01:01:05 INFO Epoch 65/120	Training Loss: 0.9139	Time remaining is 1h:11m
2024-10-06 01:02:22 INFO Epoch 66/120	Training Loss: 0.9225	Time remaining is 1h:10m
2024-10-06 01:03:38 INFO Epoch 67/120	Training Loss: 0.9126	Time remaining is 1h:9m
2024-10-06 01:04:54 INFO Epoch 68/120	Training Loss: 0.9144	Time remaining is 1h:7m
2024-10-06 01:06:11 INFO Epoch 69/120	Training Loss: 0.9175	Time remaining is 1h:6m
2024-10-06 01:07:26 INFO Epoch 70/120	Training Loss: 0.9074	Time remaining is 1h:5m
2024-10-06 01:08:43 INFO Epoch 71/120	Training Loss: 0.9146	Time remaining is 1h:4m
2024-10-06 01:09:59 INFO Epoch 72/120	Training Loss: 0.9097	Time remaining is 1h:2m
2024-10-06 01:11:16 INFO Epoch 73/120	Training Loss: 0.9082	Time remaining is 1h:1m
2024-10-06 01:12:32 INFO Epoch 74/120	Training Loss: 0.8983	Time remaining is 0h:60m
2024-10-06 01:13:48 INFO Epoch 75/120	Training Loss: 0.9045	Time remaining is 0h:58m
2024-10-06 01:15:04 INFO Epoch 76/120	Training Loss: 0.9031	Time remaining is 0h:57m
2024-10-06 01:16:20 INFO Epoch 77/120	Training Loss: 0.9017	Time remaining is 0h:56m
2024-10-06 01:17:36 INFO Epoch 78/120	Training Loss: 0.9067	Time remaining is 0h:55m
2024-10-06 01:18:53 INFO Epoch 79/120	Training Loss: 0.9062	Time remaining is 0h:53m
2024-10-06 01:20:08 INFO Epoch 80/120	Training Loss: 0.8975	Time remaining is 0h:52m
2024-10-06 01:21:24 INFO Epoch 81/120	Training Loss: 0.9036	Time remaining is 0h:51m
2024-10-06 01:22:41 INFO Epoch 82/120	Training Loss: 0.9086	Time remaining is 0h:50m
2024-10-06 01:23:58 INFO Epoch 83/120	Training Loss: 0.9101	Time remaining is 0h:48m
2024-10-06 01:25:14 INFO Epoch 84/120	Training Loss: 0.9078	Time remaining is 0h:47m
2024-10-06 01:26:31 INFO Epoch 85/120	Training Loss: 0.9040	Time remaining is 0h:46m
2024-10-06 01:27:47 INFO Epoch 86/120	Training Loss: 0.9016	Time remaining is 0h:44m
2024-10-06 01:29:03 INFO Epoch 87/120	Training Loss: 0.9049	Time remaining is 0h:43m
2024-10-06 01:30:20 INFO Epoch 88/120	Training Loss: 0.9093	Time remaining is 0h:42m
2024-10-06 01:31:36 INFO Epoch 89/120	Training Loss: 0.9009	Time remaining is 0h:41m
2024-10-06 01:32:52 INFO Epoch 90/120	Training Loss: 0.8961	Time remaining is 0h:39m
2024-10-06 01:33:56 INFO Epoch 90/120	Testing: dataset_name: Occluded_Duke top1: 57.511 top5: 71.629 top10: 77.783 mAP: 49.629
2024-10-06 01:35:13 INFO Epoch 91/120	Training Loss: 0.9054	Time remaining is 0h:38m
2024-10-06 01:36:29 INFO Epoch 92/120	Training Loss: 0.9006	Time remaining is 0h:37m
2024-10-06 01:37:45 INFO Epoch 93/120	Training Loss: 0.8996	Time remaining is 0h:36m
2024-10-06 01:39:01 INFO Epoch 94/120	Training Loss: 0.9026	Time remaining is 0h:35m
2024-10-06 01:40:18 INFO Epoch 95/120	Training Loss: 0.9083	Time remaining is 0h:33m
2024-10-06 01:41:22 INFO Epoch 95/120	Testing: dataset_name: Occluded_Duke top1: 57.602 top5: 72.036 top10: 77.557 mAP: 49.759
2024-10-06 01:42:38 INFO Epoch 96/120	Training Loss: 0.9003	Time remaining is 0h:32m
2024-10-06 01:43:55 INFO Epoch 97/120	Training Loss: 0.8997	Time remaining is 0h:31m
2024-10-06 01:45:11 INFO Epoch 98/120	Training Loss: 0.8955	Time remaining is 0h:30m
2024-10-06 01:46:27 INFO Epoch 99/120	Training Loss: 0.9010	Time remaining is 0h:28m
2024-10-06 01:47:43 INFO Epoch 100/120	Training Loss: 0.9028	Time remaining is 0h:27m
2024-10-06 01:48:47 INFO Epoch 100/120	Testing: dataset_name: Occluded_Duke top1: 58.597 top5: 72.217 top10: 78.190 mAP: 50.292
2024-10-06 01:50:03 INFO Epoch 101/120	Training Loss: 0.9012	Time remaining is 0h:26m
2024-10-06 01:51:19 INFO Epoch 102/120	Training Loss: 0.8937	Time remaining is 0h:25m
2024-10-06 01:52:36 INFO Epoch 103/120	Training Loss: 0.8989	Time remaining is 0h:23m
2024-10-06 01:53:52 INFO Epoch 104/120	Training Loss: 0.9028	Time remaining is 0h:22m
2024-10-06 01:55:08 INFO Epoch 105/120	Training Loss: 0.8978	Time remaining is 0h:21m
2024-10-06 01:56:12 INFO Epoch 105/120	Testing: dataset_name: Occluded_Duke top1: 58.009 top5: 72.217 top10: 77.964 mAP: 50.186
2024-10-06 01:57:28 INFO Epoch 106/120	Training Loss: 0.8900	Time remaining is 0h:20m
2024-10-06 01:58:44 INFO Epoch 107/120	Training Loss: 0.8973	Time remaining is 0h:18m
2024-10-06 02:00:00 INFO Epoch 108/120	Training Loss: 0.8997	Time remaining is 0h:17m
2024-10-06 02:01:17 INFO Epoch 109/120	Training Loss: 0.9013	Time remaining is 0h:16m
2024-10-06 02:02:33 INFO Epoch 110/120	Training Loss: 0.8978	Time remaining is 0h:14m
2024-10-06 02:03:37 INFO Epoch 110/120	Testing: dataset_name: Occluded_Duke top1: 58.235 top5: 72.262 top10: 78.145 mAP: 50.239
2024-10-06 02:04:53 INFO Epoch 111/120	Training Loss: 0.8980	Time remaining is 0h:13m
2024-10-06 02:06:09 INFO Epoch 112/120	Training Loss: 0.8941	Time remaining is 0h:12m
2024-10-06 02:07:25 INFO Epoch 113/120	Training Loss: 0.8984	Time remaining is 0h:11m
2024-10-06 02:08:42 INFO Epoch 114/120	Training Loss: 0.9016	Time remaining is 0h:9m
2024-10-06 02:09:58 INFO Epoch 115/120	Training Loss: 0.8985	Time remaining is 0h:8m
2024-10-06 02:11:02 INFO Epoch 115/120	Testing: dataset_name: Occluded_Duke top1: 58.688 top5: 72.896 top10: 78.507 mAP: 50.703
2024-10-06 02:12:18 INFO Epoch 116/120	Training Loss: 0.9006	Time remaining is 0h:7m
2024-10-06 02:13:34 INFO Epoch 117/120	Training Loss: 0.8976	Time remaining is 0h:5m
2024-10-06 02:14:50 INFO Epoch 118/120	Training Loss: 0.9010	Time remaining is 0h:4m
2024-10-06 02:16:07 INFO Epoch 119/120	Training Loss: 0.9055	Time remaining is 0h:3m
2024-10-06 02:17:23 INFO Epoch 120/120	Training Loss: 0.8976	Time remaining is 0h:1m
2024-10-06 02:18:27 INFO Epoch 120/120	Testing: dataset_name: Occluded_Duke top1: 58.733 top5: 72.851 top10: 78.688 mAP: 50.756
2024-10-06 02:18:27 INFO The running time of training: 2.67 h
