2024-04-09 06:46:49 INFO ##################################################
2024-04-09 06:46:49 INFO Config values: batch_size: 60	current_directory: /home/hy/project/reid_task/ex_main2	dataset_name: market1501	dataset_path: /home/hy/project/data/Market-1501-v15.09.15	device: cuda	dtype: torch.float32	epoch_start_test: 90	epochs: 120	img_height: 256	img_width: 128	logs_outputs_path: /home/hy/project/reid_task/ex_main2/outputs_numconv4/logs	models_outputs_path: /home/hy/project/reid_task/ex_main2/outputs_numconv4/models	np: <module 'numpy' from '/home/hy/anaconda3/envs/py396/lib/python3.9/site-packages/numpy/__init__.py'>	num_conv: 3	os: <module 'os' from '/home/hy/anaconda3/envs/py396/lib/python3.9/os.py'>	outputs_dir: ./outputs/	outputs_path: /home/hy/project/reid_task/ex_main2/outputs_numconv4/	print_every: 1	seed: 1	taskname: ReID_Task	temps_outputs_path: /home/hy/project/reid_task/ex_main2/outputs_numconv4/temps	test_batch_size: 256	test_every: 5	torch: <module 'torch' from '/home/hy/anaconda3/envs/py396/lib/python3.9/site-packages/torch/__init__.py'>
2024-04-09 06:46:49 INFO Task: ReID_Task
2024-04-09 06:46:49 INFO Using device: cuda
2024-04-09 06:46:49 INFO Using data type: torch.float32
2024-04-09 06:46:49 INFO Number of GPUs: 1
2024-04-09 06:46:49 INFO GPU is_available: True
2024-04-09 06:46:49 INFO GPU name: NVIDIA GeForce RTX 3060
2024-04-09 06:46:49 INFO CUDA version: 12.1
2024-04-09 06:46:49 INFO Current device id: 0
2024-04-09 06:46:49 INFO ##################################################
2024-04-09 06:48:17 INFO Epoch 1/120	Training Loss: 9.6366	Time remaining is 2h:55m
2024-04-09 06:49:44 INFO Epoch 2/120	Training Loss: 8.1520	Time remaining is 2h:53m
2024-04-09 06:51:10 INFO Epoch 3/120	Training Loss: 6.3026	Time remaining is 2h:51m
2024-04-09 06:52:37 INFO Epoch 4/120	Training Loss: 4.8847	Time remaining is 2h:49m
2024-04-09 06:54:04 INFO Epoch 5/120	Training Loss: 3.8260	Time remaining is 2h:48m
2024-04-09 06:55:31 INFO Epoch 6/120	Training Loss: 3.1174	Time remaining is 2h:46m
2024-04-09 06:56:57 INFO Epoch 7/120	Training Loss: 2.7331	Time remaining is 2h:45m
2024-04-09 06:58:23 INFO Epoch 8/120	Training Loss: 2.5331	Time remaining is 2h:43m
2024-04-09 06:59:49 INFO Epoch 9/120	Training Loss: 2.4233	Time remaining is 2h:42m
2024-04-09 07:01:15 INFO Epoch 10/120	Training Loss: 2.3489	Time remaining is 2h:40m
2024-04-09 07:02:41 INFO Epoch 11/120	Training Loss: 2.3127	Time remaining is 2h:39m
2024-04-09 07:04:07 INFO Epoch 12/120	Training Loss: 2.2532	Time remaining is 2h:37m
2024-04-09 07:05:34 INFO Epoch 13/120	Training Loss: 2.2075	Time remaining is 2h:36m
2024-04-09 07:07:01 INFO Epoch 14/120	Training Loss: 2.1839	Time remaining is 2h:34m
2024-04-09 07:08:27 INFO Epoch 15/120	Training Loss: 2.1626	Time remaining is 2h:33m
2024-04-09 07:09:54 INFO Epoch 16/120	Training Loss: 2.1583	Time remaining is 2h:31m
2024-04-09 07:11:20 INFO Epoch 17/120	Training Loss: 2.1342	Time remaining is 2h:30m
2024-04-09 07:12:46 INFO Epoch 18/120	Training Loss: 2.1290	Time remaining is 2h:28m
2024-04-09 07:14:12 INFO Epoch 19/120	Training Loss: 2.1215	Time remaining is 2h:27m
2024-04-09 07:15:38 INFO Epoch 20/120	Training Loss: 2.1204	Time remaining is 2h:25m
2024-04-09 07:17:05 INFO Epoch 21/120	Training Loss: 2.1111	Time remaining is 2h:24m
2024-04-09 07:18:31 INFO Epoch 22/120	Training Loss: 2.1030	Time remaining is 2h:23m
2024-04-09 07:19:56 INFO Epoch 23/120	Training Loss: 2.1018	Time remaining is 2h:21m
2024-04-09 07:21:23 INFO Epoch 24/120	Training Loss: 2.1141	Time remaining is 2h:20m
2024-04-09 07:22:50 INFO Epoch 25/120	Training Loss: 2.1126	Time remaining is 2h:18m
2024-04-09 07:24:17 INFO Epoch 26/120	Training Loss: 2.1205	Time remaining is 2h:17m
2024-04-09 07:25:43 INFO Epoch 27/120	Training Loss: 2.1105	Time remaining is 2h:15m
2024-04-09 07:27:09 INFO Epoch 28/120	Training Loss: 2.0993	Time remaining is 2h:14m
2024-04-09 07:28:35 INFO Epoch 29/120	Training Loss: 2.1076	Time remaining is 2h:12m
2024-04-09 07:30:02 INFO Epoch 30/120	Training Loss: 2.1035	Time remaining is 2h:11m
2024-04-09 07:31:28 INFO Epoch 31/120	Training Loss: 2.0945	Time remaining is 2h:10m
2024-04-09 07:32:55 INFO Epoch 32/120	Training Loss: 2.1082	Time remaining is 2h:8m
2024-04-09 07:34:21 INFO Epoch 33/120	Training Loss: 2.1030	Time remaining is 2h:7m
2024-04-09 07:35:47 INFO Epoch 34/120	Training Loss: 2.1053	Time remaining is 2h:5m
2024-04-09 07:37:14 INFO Epoch 35/120	Training Loss: 2.1044	Time remaining is 2h:4m
2024-04-09 07:38:40 INFO Epoch 36/120	Training Loss: 2.0992	Time remaining is 2h:2m
2024-04-09 07:40:06 INFO Epoch 37/120	Training Loss: 2.0899	Time remaining is 2h:1m
2024-04-09 07:41:33 INFO Epoch 38/120	Training Loss: 2.0912	Time remaining is 1h:60m
2024-04-09 07:42:59 INFO Epoch 39/120	Training Loss: 2.1016	Time remaining is 1h:58m
2024-04-09 07:44:25 INFO Epoch 40/120	Training Loss: 2.0868	Time remaining is 1h:57m
2024-04-09 07:45:51 INFO Epoch 41/120	Training Loss: 2.0331	Time remaining is 1h:55m
2024-04-09 07:47:17 INFO Epoch 42/120	Training Loss: 1.9614	Time remaining is 1h:54m
2024-04-09 07:48:43 INFO Epoch 43/120	Training Loss: 1.9561	Time remaining is 1h:52m
2024-04-09 07:50:10 INFO Epoch 44/120	Training Loss: 1.9472	Time remaining is 1h:51m
2024-04-09 07:51:36 INFO Epoch 45/120	Training Loss: 1.9446	Time remaining is 1h:49m
2024-04-09 07:53:02 INFO Epoch 46/120	Training Loss: 1.9390	Time remaining is 1h:48m
2024-04-09 07:54:28 INFO Epoch 47/120	Training Loss: 1.9273	Time remaining is 1h:47m
2024-04-09 07:55:55 INFO Epoch 48/120	Training Loss: 1.9353	Time remaining is 1h:45m
2024-04-09 07:57:21 INFO Epoch 49/120	Training Loss: 1.9223	Time remaining is 1h:44m
2024-04-09 07:58:47 INFO Epoch 50/120	Training Loss: 1.9293	Time remaining is 1h:42m
2024-04-09 08:00:13 INFO Epoch 51/120	Training Loss: 1.9173	Time remaining is 1h:41m
2024-04-09 08:01:40 INFO Epoch 52/120	Training Loss: 1.9238	Time remaining is 1h:39m
2024-04-09 08:03:06 INFO Epoch 53/120	Training Loss: 1.9241	Time remaining is 1h:38m
2024-04-09 08:04:32 INFO Epoch 54/120	Training Loss: 1.9186	Time remaining is 1h:36m
2024-04-09 08:05:59 INFO Epoch 55/120	Training Loss: 1.9193	Time remaining is 1h:35m
2024-04-09 08:07:25 INFO Epoch 56/120	Training Loss: 1.9186	Time remaining is 1h:34m
2024-04-09 08:08:51 INFO Epoch 57/120	Training Loss: 1.9086	Time remaining is 1h:32m
2024-04-09 08:10:17 INFO Epoch 58/120	Training Loss: 1.9154	Time remaining is 1h:31m
2024-04-09 08:11:44 INFO Epoch 59/120	Training Loss: 1.9165	Time remaining is 1h:29m
2024-04-09 08:13:11 INFO Epoch 60/120	Training Loss: 1.9134	Time remaining is 1h:28m
2024-04-09 08:14:37 INFO Epoch 61/120	Training Loss: 1.9158	Time remaining is 1h:26m
2024-04-09 08:16:03 INFO Epoch 62/120	Training Loss: 1.9119	Time remaining is 1h:25m
2024-04-09 08:17:30 INFO Epoch 63/120	Training Loss: 1.9125	Time remaining is 1h:23m
2024-04-09 08:18:56 INFO Epoch 64/120	Training Loss: 1.9111	Time remaining is 1h:22m
2024-04-09 08:20:23 INFO Epoch 65/120	Training Loss: 1.9078	Time remaining is 1h:21m
2024-04-09 08:21:49 INFO Epoch 66/120	Training Loss: 1.9078	Time remaining is 1h:19m
2024-04-09 08:23:16 INFO Epoch 67/120	Training Loss: 1.9169	Time remaining is 1h:18m
2024-04-09 08:24:42 INFO Epoch 68/120	Training Loss: 1.9076	Time remaining is 1h:16m
2024-04-09 08:26:08 INFO Epoch 69/120	Training Loss: 1.8992	Time remaining is 1h:15m
2024-04-09 08:27:34 INFO Epoch 70/120	Training Loss: 1.9057	Time remaining is 1h:13m
2024-04-09 08:29:01 INFO Epoch 71/120	Training Loss: 1.9041	Time remaining is 1h:12m
2024-04-09 08:30:28 INFO Epoch 72/120	Training Loss: 1.8985	Time remaining is 1h:11m
2024-04-09 08:31:54 INFO Epoch 73/120	Training Loss: 1.8963	Time remaining is 1h:9m
2024-04-09 08:33:20 INFO Epoch 74/120	Training Loss: 1.8883	Time remaining is 1h:8m
2024-04-09 08:34:46 INFO Epoch 75/120	Training Loss: 1.8867	Time remaining is 1h:6m
2024-04-09 08:36:12 INFO Epoch 76/120	Training Loss: 1.8847	Time remaining is 1h:5m
2024-04-09 08:37:38 INFO Epoch 77/120	Training Loss: 1.8956	Time remaining is 1h:3m
2024-04-09 08:39:04 INFO Epoch 78/120	Training Loss: 1.8840	Time remaining is 1h:2m
2024-04-09 08:40:31 INFO Epoch 79/120	Training Loss: 1.8935	Time remaining is 1h:0m
2024-04-09 08:41:57 INFO Epoch 80/120	Training Loss: 1.8933	Time remaining is 0h:59m
2024-04-09 08:43:24 INFO Epoch 81/120	Training Loss: 1.8915	Time remaining is 0h:58m
2024-04-09 08:44:50 INFO Epoch 82/120	Training Loss: 1.8928	Time remaining is 0h:56m
2024-04-09 08:46:16 INFO Epoch 83/120	Training Loss: 1.8920	Time remaining is 0h:55m
2024-04-09 08:47:43 INFO Epoch 84/120	Training Loss: 1.8906	Time remaining is 0h:53m
2024-04-09 08:49:09 INFO Epoch 85/120	Training Loss: 1.8943	Time remaining is 0h:52m
2024-04-09 08:50:36 INFO Epoch 86/120	Training Loss: 1.8926	Time remaining is 0h:50m
2024-04-09 08:52:02 INFO Epoch 87/120	Training Loss: 1.8914	Time remaining is 0h:49m
2024-04-09 08:53:29 INFO Epoch 88/120	Training Loss: 1.8804	Time remaining is 0h:47m
2024-04-09 08:54:55 INFO Epoch 89/120	Training Loss: 1.8890	Time remaining is 0h:46m
2024-04-09 08:56:22 INFO Epoch 90/120	Training Loss: 1.8898	Time remaining is 0h:45m
2024-04-09 08:57:49 INFO Testing: dataset_name: market1501 top1:0.9454 top5:0.9843 top10:0.9908 mAP:0.8691
2024-04-09 08:59:16 INFO Epoch 91/120	Training Loss: 1.8891	Time remaining is 0h:44m
2024-04-09 09:00:42 INFO Epoch 92/120	Training Loss: 1.8807	Time remaining is 0h:42m
2024-04-09 09:02:08 INFO Epoch 93/120	Training Loss: 1.8911	Time remaining is 0h:41m
2024-04-09 09:03:35 INFO Epoch 94/120	Training Loss: 1.8917	Time remaining is 0h:39m
2024-04-09 09:05:01 INFO Epoch 95/120	Training Loss: 1.8799	Time remaining is 0h:38m
2024-04-09 09:06:29 INFO Testing: dataset_name: market1501 top1:0.9457 top5:0.9831 top10:0.9914 mAP:0.8707
2024-04-09 09:07:55 INFO Epoch 96/120	Training Loss: 1.8911	Time remaining is 0h:37m
2024-04-09 09:09:22 INFO Epoch 97/120	Training Loss: 1.8793	Time remaining is 0h:35m
2024-04-09 09:10:48 INFO Epoch 98/120	Training Loss: 1.8913	Time remaining is 0h:34m
2024-04-09 09:12:15 INFO Epoch 99/120	Training Loss: 1.8908	Time remaining is 0h:32m
2024-04-09 09:13:42 INFO Epoch 100/120	Training Loss: 1.8871	Time remaining is 0h:31m
2024-04-09 09:15:09 INFO Testing: dataset_name: market1501 top1:0.9474 top5:0.9840 top10:0.9914 mAP:0.8709
2024-04-09 09:16:36 INFO Epoch 101/120	Training Loss: 1.8896	Time remaining is 0h:30m
2024-04-09 09:18:03 INFO Epoch 102/120	Training Loss: 1.8878	Time remaining is 0h:28m
2024-04-09 09:19:29 INFO Epoch 103/120	Training Loss: 1.8874	Time remaining is 0h:27m
2024-04-09 09:20:56 INFO Epoch 104/120	Training Loss: 1.8867	Time remaining is 0h:25m
2024-04-09 09:22:23 INFO Epoch 105/120	Training Loss: 1.8969	Time remaining is 0h:24m
2024-04-09 09:23:50 INFO Testing: dataset_name: market1501 top1:0.9454 top5:0.9846 top10:0.9920 mAP:0.8713
2024-04-09 09:25:16 INFO Epoch 106/120	Training Loss: 1.8895	Time remaining is 0h:22m
2024-04-09 09:26:43 INFO Epoch 107/120	Training Loss: 1.8777	Time remaining is 0h:21m
2024-04-09 09:28:09 INFO Epoch 108/120	Training Loss: 1.8884	Time remaining is 0h:19m
2024-04-09 09:29:36 INFO Epoch 109/120	Training Loss: 1.8874	Time remaining is 0h:18m
2024-04-09 09:31:02 INFO Epoch 110/120	Training Loss: 1.8870	Time remaining is 0h:16m
2024-04-09 09:32:29 INFO Testing: dataset_name: market1501 top1:0.9471 top5:0.9843 top10:0.9917 mAP:0.8718
2024-04-09 09:33:55 INFO Epoch 111/120	Training Loss: 1.8758	Time remaining is 0h:15m
2024-04-09 09:35:22 INFO Epoch 112/120	Training Loss: 1.8864	Time remaining is 0h:14m
2024-04-09 09:36:49 INFO Epoch 113/120	Training Loss: 1.8872	Time remaining is 0h:12m
2024-04-09 09:38:15 INFO Epoch 114/120	Training Loss: 1.8772	Time remaining is 0h:11m
2024-04-09 09:39:42 INFO Epoch 115/120	Training Loss: 1.8953	Time remaining is 0h:9m
2024-04-09 09:41:09 INFO Testing: dataset_name: market1501 top1:0.9466 top5:0.9846 top10:0.9917 mAP:0.8721
2024-04-09 09:42:36 INFO Epoch 116/120	Training Loss: 1.8868	Time remaining is 0h:8m
2024-04-09 09:44:03 INFO Epoch 117/120	Training Loss: 1.8869	Time remaining is 0h:6m
2024-04-09 09:45:30 INFO Epoch 118/120	Training Loss: 1.8856	Time remaining is 0h:5m
2024-04-09 09:46:57 INFO Epoch 119/120	Training Loss: 1.8950	Time remaining is 0h:3m
2024-04-09 09:48:23 INFO Epoch 120/120	Training Loss: 1.8767	Time remaining is 0h:2m
2024-04-09 09:49:50 INFO Testing: dataset_name: market1501 top1:0.9469 top5:0.9837 top10:0.9917 mAP:0.8730
2024-04-09 09:49:50 INFO The running time of training: 1.09819e+04 s
