2024-04-10 11:00:03 INFO ##################################################
2024-04-10 11:00:03 INFO Config values: batch_size: 60	current_directory: /home/hy/project/reid_task/ex_main6	dataset_name: market1501	dataset_path: /home/hy/project/data/Market-1501-v15.09.15	device: cuda	dtype: torch.float32	epoch_start_test: 90	epochs: 120	img_height: 256	img_width: 128	logs_outputs_path: /home/hy/project/reid_task/ex_main6/./outputs/logs	models_outputs_path: /home/hy/project/reid_task/ex_main6/./outputs/models	np: <module 'numpy' from '/home/hy/anaconda3/envs/py396/lib/python3.9/site-packages/numpy/__init__.py'>	os: <module 'os' from '/home/hy/anaconda3/envs/py396/lib/python3.9/os.py'>	outputs_dir: ./outputs/	outputs_path: /home/hy/project/reid_task/ex_main6/./outputs/	print_every: 1	seed: 1	taskname: ReID_Task	temps_outputs_path: /home/hy/project/reid_task/ex_main6/./outputs/temps	test_batch_size: 256	test_every: 5	torch: <module 'torch' from '/home/hy/anaconda3/envs/py396/lib/python3.9/site-packages/torch/__init__.py'>
2024-04-10 11:00:03 INFO Task: ReID_Task
2024-04-10 11:00:03 INFO Using device: cuda
2024-04-10 11:00:03 INFO Using data type: torch.float32
2024-04-10 11:00:03 INFO Number of GPUs: 1
2024-04-10 11:00:03 INFO GPU is_available: True
2024-04-10 11:00:03 INFO GPU name: NVIDIA GeForce RTX 3060
2024-04-10 11:00:03 INFO CUDA version: 12.1
2024-04-10 11:00:03 INFO Current device id: 0
2024-04-10 11:00:03 INFO ##################################################
2024-04-10 11:01:21 INFO Epoch 1/120	Training Loss: 9.6292	Time remaining is 2h:34m
2024-04-10 11:02:37 INFO Epoch 2/120	Training Loss: 8.1535	Time remaining is 2h:32m
2024-04-10 11:03:53 INFO Epoch 3/120	Training Loss: 6.3060	Time remaining is 2h:30m
2024-04-10 11:05:09 INFO Epoch 4/120	Training Loss: 4.8378	Time remaining is 2h:29m
2024-04-10 11:06:25 INFO Epoch 5/120	Training Loss: 3.7789	Time remaining is 2h:27m
2024-04-10 11:07:41 INFO Epoch 6/120	Training Loss: 3.0870	Time remaining is 2h:26m
2024-04-10 11:08:56 INFO Epoch 7/120	Training Loss: 2.7301	Time remaining is 2h:24m
2024-04-10 11:10:12 INFO Epoch 8/120	Training Loss: 2.5356	Time remaining is 2h:23m
2024-04-10 11:11:28 INFO Epoch 9/120	Training Loss: 2.4339	Time remaining is 2h:22m
2024-04-10 11:12:43 INFO Epoch 10/120	Training Loss: 2.3568	Time remaining is 2h:21m
2024-04-10 11:13:59 INFO Epoch 11/120	Training Loss: 2.3125	Time remaining is 2h:19m
2024-04-10 11:15:16 INFO Epoch 12/120	Training Loss: 2.2596	Time remaining is 2h:18m
2024-04-10 11:16:32 INFO Epoch 13/120	Training Loss: 2.2168	Time remaining is 2h:17m
2024-04-10 11:17:48 INFO Epoch 14/120	Training Loss: 2.1953	Time remaining is 2h:16m
2024-04-10 11:19:04 INFO Epoch 15/120	Training Loss: 2.1736	Time remaining is 2h:14m
2024-04-10 11:20:20 INFO Epoch 16/120	Training Loss: 2.1554	Time remaining is 2h:13m
2024-04-10 11:21:35 INFO Epoch 17/120	Training Loss: 2.1344	Time remaining is 2h:12m
2024-04-10 11:22:51 INFO Epoch 18/120	Training Loss: 2.1201	Time remaining is 2h:10m
2024-04-10 11:24:07 INFO Epoch 19/120	Training Loss: 2.1275	Time remaining is 2h:9m
2024-04-10 11:25:23 INFO Epoch 20/120	Training Loss: 2.1293	Time remaining is 2h:8m
2024-04-10 11:26:39 INFO Epoch 21/120	Training Loss: 2.1208	Time remaining is 2h:7m
2024-04-10 11:27:55 INFO Epoch 22/120	Training Loss: 2.1123	Time remaining is 2h:5m
2024-04-10 11:29:10 INFO Epoch 23/120	Training Loss: 2.1091	Time remaining is 2h:4m
2024-04-10 11:30:27 INFO Epoch 24/120	Training Loss: 2.1192	Time remaining is 2h:3m
2024-04-10 11:31:42 INFO Epoch 25/120	Training Loss: 2.1120	Time remaining is 2h:2m
2024-04-10 11:32:59 INFO Epoch 26/120	Training Loss: 2.1310	Time remaining is 2h:0m
2024-04-10 11:34:15 INFO Epoch 27/120	Training Loss: 2.1151	Time remaining is 1h:59m
2024-04-10 11:35:30 INFO Epoch 28/120	Training Loss: 2.1092	Time remaining is 1h:58m
2024-04-10 11:36:46 INFO Epoch 29/120	Training Loss: 2.1017	Time remaining is 1h:56m
2024-04-10 11:38:02 INFO Epoch 30/120	Training Loss: 2.0984	Time remaining is 1h:55m
2024-04-10 11:39:17 INFO Epoch 31/120	Training Loss: 2.0986	Time remaining is 1h:54m
2024-04-10 11:40:33 INFO Epoch 32/120	Training Loss: 2.1063	Time remaining is 1h:53m
2024-04-10 11:41:49 INFO Epoch 33/120	Training Loss: 2.1049	Time remaining is 1h:51m
2024-04-10 11:43:05 INFO Epoch 34/120	Training Loss: 2.1042	Time remaining is 1h:50m
2024-04-10 11:44:21 INFO Epoch 35/120	Training Loss: 2.0983	Time remaining is 1h:49m
2024-04-10 11:45:37 INFO Epoch 36/120	Training Loss: 2.0915	Time remaining is 1h:48m
2024-04-10 11:46:53 INFO Epoch 37/120	Training Loss: 2.0916	Time remaining is 1h:46m
2024-04-10 11:48:09 INFO Epoch 38/120	Training Loss: 2.0992	Time remaining is 1h:45m
2024-04-10 11:49:25 INFO Epoch 39/120	Training Loss: 2.0977	Time remaining is 1h:44m
2024-04-10 11:50:41 INFO Epoch 40/120	Training Loss: 2.0920	Time remaining is 1h:42m
2024-04-10 11:51:57 INFO Epoch 41/120	Training Loss: 2.0276	Time remaining is 1h:41m
2024-04-10 11:53:12 INFO Epoch 42/120	Training Loss: 1.9597	Time remaining is 1h:40m
2024-04-10 11:54:28 INFO Epoch 43/120	Training Loss: 1.9582	Time remaining is 1h:39m
2024-04-10 11:55:44 INFO Epoch 44/120	Training Loss: 1.9494	Time remaining is 1h:37m
2024-04-10 11:57:00 INFO Epoch 45/120	Training Loss: 1.9433	Time remaining is 1h:36m
2024-04-10 11:58:16 INFO Epoch 46/120	Training Loss: 1.9410	Time remaining is 1h:35m
2024-04-10 11:59:32 INFO Epoch 47/120	Training Loss: 1.9259	Time remaining is 1h:34m
2024-04-10 12:00:48 INFO Epoch 48/120	Training Loss: 1.9345	Time remaining is 1h:32m
2024-04-10 12:02:04 INFO Epoch 49/120	Training Loss: 1.9217	Time remaining is 1h:31m
2024-04-10 12:03:20 INFO Epoch 50/120	Training Loss: 1.9299	Time remaining is 1h:30m
2024-04-10 12:04:35 INFO Epoch 51/120	Training Loss: 1.9166	Time remaining is 1h:29m
2024-04-10 12:05:51 INFO Epoch 52/120	Training Loss: 1.9232	Time remaining is 1h:27m
2024-04-10 12:07:07 INFO Epoch 53/120	Training Loss: 1.9223	Time remaining is 1h:26m
2024-04-10 12:08:23 INFO Epoch 54/120	Training Loss: 1.9195	Time remaining is 1h:25m
2024-04-10 12:09:39 INFO Epoch 55/120	Training Loss: 1.9201	Time remaining is 1h:24m
2024-04-10 12:10:55 INFO Epoch 56/120	Training Loss: 1.9189	Time remaining is 1h:22m
2024-04-10 12:12:11 INFO Epoch 57/120	Training Loss: 1.9069	Time remaining is 1h:21m
2024-04-10 12:13:27 INFO Epoch 58/120	Training Loss: 1.9166	Time remaining is 1h:20m
2024-04-10 12:14:43 INFO Epoch 59/120	Training Loss: 1.9178	Time remaining is 1h:18m
2024-04-10 12:15:59 INFO Epoch 60/120	Training Loss: 1.9135	Time remaining is 1h:17m
2024-04-10 12:17:15 INFO Epoch 61/120	Training Loss: 1.9138	Time remaining is 1h:16m
2024-04-10 12:18:31 INFO Epoch 62/120	Training Loss: 1.9129	Time remaining is 1h:15m
2024-04-10 12:19:47 INFO Epoch 63/120	Training Loss: 1.9113	Time remaining is 1h:13m
2024-04-10 12:21:03 INFO Epoch 64/120	Training Loss: 1.9096	Time remaining is 1h:12m
2024-04-10 12:22:19 INFO Epoch 65/120	Training Loss: 1.9072	Time remaining is 1h:11m
2024-04-10 12:23:35 INFO Epoch 66/120	Training Loss: 1.9076	Time remaining is 1h:10m
2024-04-10 12:24:51 INFO Epoch 67/120	Training Loss: 1.9154	Time remaining is 1h:8m
2024-04-10 12:26:07 INFO Epoch 68/120	Training Loss: 1.9053	Time remaining is 1h:7m
2024-04-10 12:27:22 INFO Epoch 69/120	Training Loss: 1.8984	Time remaining is 1h:6m
2024-04-10 12:28:39 INFO Epoch 70/120	Training Loss: 1.9047	Time remaining is 1h:5m
2024-04-10 12:29:55 INFO Epoch 71/120	Training Loss: 1.9030	Time remaining is 1h:3m
2024-04-10 12:31:11 INFO Epoch 72/120	Training Loss: 1.8988	Time remaining is 1h:2m
2024-04-10 12:32:27 INFO Epoch 73/120	Training Loss: 1.8954	Time remaining is 1h:1m
2024-04-10 12:33:43 INFO Epoch 74/120	Training Loss: 1.8853	Time remaining is 0h:59m
2024-04-10 12:34:58 INFO Epoch 75/120	Training Loss: 1.8846	Time remaining is 0h:58m
2024-04-10 12:36:14 INFO Epoch 76/120	Training Loss: 1.8820	Time remaining is 0h:57m
2024-04-10 12:37:30 INFO Epoch 77/120	Training Loss: 1.8926	Time remaining is 0h:56m
2024-04-10 12:38:46 INFO Epoch 78/120	Training Loss: 1.8839	Time remaining is 0h:54m
2024-04-10 12:40:02 INFO Epoch 79/120	Training Loss: 1.8916	Time remaining is 0h:53m
2024-04-10 12:41:18 INFO Epoch 80/120	Training Loss: 1.8927	Time remaining is 0h:52m
2024-04-10 12:42:34 INFO Epoch 81/120	Training Loss: 1.8913	Time remaining is 0h:51m
2024-04-10 12:43:50 INFO Epoch 82/120	Training Loss: 1.8913	Time remaining is 0h:49m
2024-04-10 12:45:06 INFO Epoch 83/120	Training Loss: 1.8913	Time remaining is 0h:48m
2024-04-10 12:46:22 INFO Epoch 84/120	Training Loss: 1.8893	Time remaining is 0h:47m
2024-04-10 12:47:38 INFO Epoch 85/120	Training Loss: 1.8924	Time remaining is 0h:46m
2024-04-10 12:48:54 INFO Epoch 86/120	Training Loss: 1.8913	Time remaining is 0h:44m
2024-04-10 12:50:10 INFO Epoch 87/120	Training Loss: 1.8898	Time remaining is 0h:43m
2024-04-10 12:51:25 INFO Epoch 88/120	Training Loss: 1.8795	Time remaining is 0h:42m
2024-04-10 12:52:41 INFO Epoch 89/120	Training Loss: 1.8896	Time remaining is 0h:40m
2024-04-10 12:53:57 INFO Epoch 90/120	Training Loss: 1.8904	Time remaining is 0h:39m
2024-04-10 12:55:24 INFO Testing: dataset_name: market1501 top1:0.9516 top5:0.9849 top10:0.9902 mAP:0.8722
2024-04-10 12:56:40 INFO Epoch 91/120	Training Loss: 1.8904	Time remaining is 0h:38m
2024-04-10 12:57:56 INFO Epoch 92/120	Training Loss: 1.8788	Time remaining is 0h:37m
2024-04-10 12:59:12 INFO Epoch 93/120	Training Loss: 1.8910	Time remaining is 0h:36m
2024-04-10 13:00:28 INFO Epoch 94/120	Training Loss: 1.8882	Time remaining is 0h:35m
2024-04-10 13:01:43 INFO Epoch 95/120	Training Loss: 1.8785	Time remaining is 0h:33m
2024-04-10 13:03:10 INFO Testing: dataset_name: market1501 top1:0.9516 top5:0.9837 top10:0.9896 mAP:0.8735
2024-04-10 13:04:26 INFO Epoch 96/120	Training Loss: 1.8896	Time remaining is 0h:32m
2024-04-10 13:05:42 INFO Epoch 97/120	Training Loss: 1.8770	Time remaining is 0h:31m
2024-04-10 13:06:58 INFO Epoch 98/120	Training Loss: 1.8904	Time remaining is 0h:30m
2024-04-10 13:08:14 INFO Epoch 99/120	Training Loss: 1.8886	Time remaining is 0h:28m
2024-04-10 13:09:30 INFO Epoch 100/120	Training Loss: 1.8862	Time remaining is 0h:27m
2024-04-10 13:10:57 INFO Testing: dataset_name: market1501 top1:0.9504 top5:0.9837 top10:0.9896 mAP:0.8731
2024-04-10 13:12:13 INFO Epoch 101/120	Training Loss: 1.8894	Time remaining is 0h:26m
2024-04-10 13:13:29 INFO Epoch 102/120	Training Loss: 1.8870	Time remaining is 0h:25m
2024-04-10 13:14:45 INFO Epoch 103/120	Training Loss: 1.8859	Time remaining is 0h:24m
2024-04-10 13:16:01 INFO Epoch 104/120	Training Loss: 1.8858	Time remaining is 0h:22m
2024-04-10 13:17:17 INFO Epoch 105/120	Training Loss: 1.8973	Time remaining is 0h:21m
2024-04-10 13:18:44 INFO Testing: dataset_name: market1501 top1:0.9513 top5:0.9837 top10:0.9893 mAP:0.8738
2024-04-10 13:20:00 INFO Epoch 106/120	Training Loss: 1.8881	Time remaining is 0h:20m
2024-04-10 13:21:16 INFO Epoch 107/120	Training Loss: 1.8773	Time remaining is 0h:18m
2024-04-10 13:22:32 INFO Epoch 108/120	Training Loss: 1.8871	Time remaining is 0h:17m
2024-04-10 13:23:48 INFO Epoch 109/120	Training Loss: 1.8859	Time remaining is 0h:16m
2024-04-10 13:25:04 INFO Epoch 110/120	Training Loss: 1.8855	Time remaining is 0h:14m
2024-04-10 13:26:31 INFO Testing: dataset_name: market1501 top1:0.9531 top5:0.9852 top10:0.9896 mAP:0.8744
2024-04-10 13:27:46 INFO Epoch 111/120	Training Loss: 1.8750	Time remaining is 0h:13m
2024-04-10 13:29:02 INFO Epoch 112/120	Training Loss: 1.8851	Time remaining is 0h:12m
2024-04-10 13:30:18 INFO Epoch 113/120	Training Loss: 1.8851	Time remaining is 0h:11m
2024-04-10 13:31:33 INFO Epoch 114/120	Training Loss: 1.8775	Time remaining is 0h:9m
2024-04-10 13:32:50 INFO Epoch 115/120	Training Loss: 1.8930	Time remaining is 0h:8m
2024-04-10 13:34:17 INFO Testing: dataset_name: market1501 top1:0.9495 top5:0.9846 top10:0.9896 mAP:0.8745
2024-04-10 13:35:33 INFO Epoch 116/120	Training Loss: 1.8850	Time remaining is 0h:7m
2024-04-10 13:36:49 INFO Epoch 117/120	Training Loss: 1.8869	Time remaining is 0h:5m
2024-04-10 13:38:05 INFO Epoch 118/120	Training Loss: 1.8847	Time remaining is 0h:4m
2024-04-10 13:39:21 INFO Epoch 119/120	Training Loss: 1.8947	Time remaining is 0h:3m
2024-04-10 13:40:37 INFO Epoch 120/120	Training Loss: 1.8740	Time remaining is 0h:1m
2024-04-10 13:42:04 INFO Testing: dataset_name: market1501 top1:0.9513 top5:0.9837 top10:0.9896 mAP:0.8764
2024-04-10 13:42:04 INFO The running time of training: 9.72101e+03 s
