2024-06-26 12:22:15 INFO ##################################################
2024-06-26 12:22:15 INFO Config values: batch_size: 60	current_directory: /home/hy/project/reid_task/ex_main1	dataset_name: market1501	dataset_path: /home/hy/project/data/Market-1501-v15.09.15	device: cuda	dtype: torch.float32	epoch_start_test: 90	epochs: 600	img_height: 256	img_width: 128	logs_outputs_path: /home/hy/project/reid_task/ex_main1/./outputs/logs	models_outputs_path: /home/hy/project/reid_task/ex_main1/./outputs/models	np: <module 'numpy' from '/home/hy/anaconda3/envs/py396/lib/python3.9/site-packages/numpy/__init__.py'>	os: <module 'os' from '/home/hy/anaconda3/envs/py396/lib/python3.9/os.py'>	outputs_dir: ./outputs/	outputs_path: /home/hy/project/reid_task/ex_main1/./outputs/	print_every: 1	seed: 1	taskname: ReID_Task	temps_outputs_path: /home/hy/project/reid_task/ex_main1/./outputs/temps	test_batch_size: 256	test_every: 5	torch: <module 'torch' from '/home/hy/anaconda3/envs/py396/lib/python3.9/site-packages/torch/__init__.py'>
2024-06-26 12:22:15 INFO Task: ReID_Task
2024-06-26 12:22:15 INFO Using device: cuda
2024-06-26 12:22:15 INFO Using data type: torch.float32
2024-06-26 12:22:15 INFO Number of GPUs: 1
2024-06-26 12:22:15 INFO GPU is_available: True
2024-06-26 12:22:15 INFO GPU name: NVIDIA GeForce RTX 3060
2024-06-26 12:22:15 INFO CUDA version: 12.1
2024-06-26 12:22:15 INFO Current device id: 0
2024-06-26 12:22:15 INFO ##################################################
2024-06-26 12:23:26 INFO Epoch 1/600	Training Loss: 9.6466	Time remaining is 11h:41m
2024-06-26 12:24:35 INFO Epoch 2/600	Training Loss: 8.1662	Time remaining is 11h:35m
2024-06-26 12:25:44 INFO Epoch 3/600	Training Loss: 6.3199	Time remaining is 11h:32m
2024-06-26 12:26:54 INFO Epoch 4/600	Training Loss: 4.8717	Time remaining is 11h:31m
2024-06-26 12:28:03 INFO Epoch 5/600	Training Loss: 3.8002	Time remaining is 11h:29m
2024-06-26 12:29:12 INFO Epoch 6/600	Training Loss: 3.1138	Time remaining is 11h:27m
2024-06-26 12:30:20 INFO Epoch 7/600	Training Loss: 2.7354	Time remaining is 11h:25m
2024-06-26 12:31:29 INFO Epoch 8/600	Training Loss: 2.5453	Time remaining is 11h:23m
2024-06-26 12:32:38 INFO Epoch 9/600	Training Loss: 2.4443	Time remaining is 11h:22m
2024-06-26 12:33:47 INFO Epoch 10/600	Training Loss: 2.3612	Time remaining is 11h:20m
2024-06-26 12:34:56 INFO Epoch 11/600	Training Loss: 2.3309	Time remaining is 11h:19m
2024-06-26 12:36:05 INFO Epoch 12/600	Training Loss: 2.2736	Time remaining is 11h:18m
2024-06-26 12:37:14 INFO Epoch 13/600	Training Loss: 2.2187	Time remaining is 11h:17m
2024-06-26 12:38:23 INFO Epoch 14/600	Training Loss: 2.2014	Time remaining is 11h:16m
2024-06-26 12:39:32 INFO Epoch 15/600	Training Loss: 2.1683	Time remaining is 11h:15m
2024-06-26 12:40:41 INFO Epoch 16/600	Training Loss: 2.1657	Time remaining is 11h:13m
2024-06-26 12:41:50 INFO Epoch 17/600	Training Loss: 2.1382	Time remaining is 11h:12m
2024-06-26 12:42:58 INFO Epoch 18/600	Training Loss: 2.1423	Time remaining is 11h:11m
2024-06-26 12:44:07 INFO Epoch 19/600	Training Loss: 2.1388	Time remaining is 11h:9m
2024-06-26 12:45:16 INFO Epoch 20/600	Training Loss: 2.1256	Time remaining is 11h:8m
2024-06-26 12:46:25 INFO Epoch 21/600	Training Loss: 2.1277	Time remaining is 11h:7m
2024-06-26 12:47:34 INFO Epoch 22/600	Training Loss: 2.1088	Time remaining is 11h:6m
2024-06-26 12:48:43 INFO Epoch 23/600	Training Loss: 2.1065	Time remaining is 11h:5m
2024-06-26 12:49:52 INFO Epoch 24/600	Training Loss: 2.1195	Time remaining is 11h:3m
2024-06-26 12:51:01 INFO Epoch 25/600	Training Loss: 2.1322	Time remaining is 11h:2m
2024-06-26 12:52:10 INFO Epoch 26/600	Training Loss: 2.1308	Time remaining is 11h:1m
2024-06-26 12:53:19 INFO Epoch 27/600	Training Loss: 2.1186	Time remaining is 11h:0m
2024-06-26 12:54:28 INFO Epoch 28/600	Training Loss: 2.1055	Time remaining is 10h:59m
2024-06-26 12:55:36 INFO Epoch 29/600	Training Loss: 2.1137	Time remaining is 10h:58m
2024-06-26 12:56:45 INFO Epoch 30/600	Training Loss: 2.1058	Time remaining is 10h:56m
2024-06-26 12:57:54 INFO Epoch 31/600	Training Loss: 2.1029	Time remaining is 10h:55m
2024-06-26 12:59:03 INFO Epoch 32/600	Training Loss: 2.1094	Time remaining is 10h:54m
2024-06-26 13:00:12 INFO Epoch 33/600	Training Loss: 2.1040	Time remaining is 10h:53m
2024-06-26 13:01:21 INFO Epoch 34/600	Training Loss: 2.1129	Time remaining is 10h:52m
2024-06-26 13:02:30 INFO Epoch 35/600	Training Loss: 2.1037	Time remaining is 10h:50m
2024-06-26 13:03:39 INFO Epoch 36/600	Training Loss: 2.1004	Time remaining is 10h:49m
2024-06-26 13:04:48 INFO Epoch 37/600	Training Loss: 2.1036	Time remaining is 10h:48m
2024-06-26 13:05:57 INFO Epoch 38/600	Training Loss: 2.1019	Time remaining is 10h:47m
2024-06-26 13:07:06 INFO Epoch 39/600	Training Loss: 2.1040	Time remaining is 10h:46m
2024-06-26 13:08:14 INFO Epoch 40/600	Training Loss: 2.0975	Time remaining is 10h:45m
2024-06-26 13:09:24 INFO Epoch 41/600	Training Loss: 2.0402	Time remaining is 10h:44m
2024-06-26 13:10:32 INFO Epoch 42/600	Training Loss: 1.9733	Time remaining is 10h:42m
2024-06-26 13:11:41 INFO Epoch 43/600	Training Loss: 1.9650	Time remaining is 10h:41m
2024-06-26 13:12:50 INFO Epoch 44/600	Training Loss: 1.9535	Time remaining is 10h:40m
2024-06-26 13:13:59 INFO Epoch 45/600	Training Loss: 1.9486	Time remaining is 10h:39m
2024-06-26 13:15:08 INFO Epoch 46/600	Training Loss: 1.9459	Time remaining is 10h:38m
2024-06-26 13:16:17 INFO Epoch 47/600	Training Loss: 1.9303	Time remaining is 10h:37m
2024-06-26 13:17:26 INFO Epoch 48/600	Training Loss: 1.9400	Time remaining is 10h:35m
2024-06-26 13:18:34 INFO Epoch 49/600	Training Loss: 1.9274	Time remaining is 10h:34m
2024-06-26 13:19:43 INFO Epoch 50/600	Training Loss: 1.9342	Time remaining is 10h:33m
2024-06-26 13:20:52 INFO Epoch 51/600	Training Loss: 1.9216	Time remaining is 10h:32m
2024-06-26 13:22:01 INFO Epoch 52/600	Training Loss: 1.9283	Time remaining is 10h:31m
2024-06-26 13:23:10 INFO Epoch 53/600	Training Loss: 1.9274	Time remaining is 10h:30m
2024-06-26 13:24:19 INFO Epoch 54/600	Training Loss: 1.9238	Time remaining is 10h:29m
2024-06-26 13:25:28 INFO Epoch 55/600	Training Loss: 1.9275	Time remaining is 10h:27m
2024-06-26 13:26:37 INFO Epoch 56/600	Training Loss: 1.9231	Time remaining is 10h:26m
2024-06-26 13:27:46 INFO Epoch 57/600	Training Loss: 1.9125	Time remaining is 10h:25m
2024-06-26 13:28:55 INFO Epoch 58/600	Training Loss: 1.9228	Time remaining is 10h:24m
2024-06-26 13:30:04 INFO Epoch 59/600	Training Loss: 1.9223	Time remaining is 10h:23m
2024-06-26 13:31:13 INFO Epoch 60/600	Training Loss: 1.9197	Time remaining is 10h:22m
2024-06-26 13:32:22 INFO Epoch 61/600	Training Loss: 1.9213	Time remaining is 10h:20m
2024-06-26 13:33:31 INFO Epoch 62/600	Training Loss: 1.9171	Time remaining is 10h:19m
2024-06-26 13:34:40 INFO Epoch 63/600	Training Loss: 1.9173	Time remaining is 10h:18m
2024-06-26 13:35:48 INFO Epoch 64/600	Training Loss: 1.9168	Time remaining is 10h:17m
2024-06-26 13:36:57 INFO Epoch 65/600	Training Loss: 1.9116	Time remaining is 10h:16m
2024-06-26 13:38:06 INFO Epoch 66/600	Training Loss: 1.9124	Time remaining is 10h:15m
2024-06-26 13:39:16 INFO Epoch 67/600	Training Loss: 1.9243	Time remaining is 10h:14m
2024-06-26 13:40:25 INFO Epoch 68/600	Training Loss: 1.9104	Time remaining is 10h:13m
2024-06-26 13:41:33 INFO Epoch 69/600	Training Loss: 1.9048	Time remaining is 10h:11m
2024-06-26 13:42:42 INFO Epoch 70/600	Training Loss: 1.9115	Time remaining is 10h:10m
2024-06-26 13:43:51 INFO Epoch 71/600	Training Loss: 1.9077	Time remaining is 10h:9m
2024-06-26 13:45:00 INFO Epoch 72/600	Training Loss: 1.9038	Time remaining is 10h:8m
2024-06-26 13:46:10 INFO Epoch 73/600	Training Loss: 1.9001	Time remaining is 10h:7m
2024-06-26 13:47:18 INFO Epoch 74/600	Training Loss: 1.8918	Time remaining is 10h:6m
2024-06-26 13:48:27 INFO Epoch 75/600	Training Loss: 1.8917	Time remaining is 10h:4m
2024-06-26 13:49:36 INFO Epoch 76/600	Training Loss: 1.8882	Time remaining is 10h:3m
2024-06-26 13:50:45 INFO Epoch 77/600	Training Loss: 1.8998	Time remaining is 10h:2m
2024-06-26 13:51:53 INFO Epoch 78/600	Training Loss: 1.8884	Time remaining is 10h:1m
2024-06-26 13:53:02 INFO Epoch 79/600	Training Loss: 1.8999	Time remaining is 9h:60m
2024-06-26 13:54:11 INFO Epoch 80/600	Training Loss: 1.8989	Time remaining is 9h:59m
2024-06-26 13:55:20 INFO Epoch 81/600	Training Loss: 1.8989	Time remaining is 9h:57m
2024-06-26 13:56:29 INFO Epoch 82/600	Training Loss: 1.8973	Time remaining is 9h:56m
2024-06-26 13:57:38 INFO Epoch 83/600	Training Loss: 1.8967	Time remaining is 9h:55m
2024-06-26 13:58:47 INFO Epoch 84/600	Training Loss: 1.8950	Time remaining is 9h:54m
2024-06-26 13:59:56 INFO Epoch 85/600	Training Loss: 1.8983	Time remaining is 9h:53m
2024-06-26 14:01:05 INFO Epoch 86/600	Training Loss: 1.8969	Time remaining is 9h:52m
2024-06-26 14:02:14 INFO Epoch 87/600	Training Loss: 1.8952	Time remaining is 9h:51m
2024-06-26 14:03:23 INFO Epoch 88/600	Training Loss: 1.8851	Time remaining is 9h:49m
2024-06-26 14:04:32 INFO Epoch 89/600	Training Loss: 1.8937	Time remaining is 9h:48m
2024-06-26 14:05:41 INFO Epoch 90/600	Training Loss: 1.8946	Time remaining is 9h:47m
2024-06-26 14:07:09 INFO Testing: dataset_name: market1501 top1:0.9466 top5:0.9837 top10:0.9902 mAP:0.8699
2024-06-26 14:08:17 INFO Epoch 91/600	Training Loss: 1.8952	Time remaining is 9h:54m
2024-06-26 14:09:26 INFO Epoch 92/600	Training Loss: 1.8853	Time remaining is 9h:53m
2024-06-26 14:10:35 INFO Epoch 93/600	Training Loss: 1.8983	Time remaining is 9h:52m
2024-06-26 14:11:44 INFO Epoch 94/600	Training Loss: 1.8945	Time remaining is 9h:50m
2024-06-26 14:12:52 INFO Epoch 95/600	Training Loss: 1.8849	Time remaining is 9h:49m
2024-06-26 14:14:20 INFO Testing: dataset_name: market1501 top1:0.9457 top5:0.9840 top10:0.9902 mAP:0.8707
2024-06-26 14:15:29 INFO Epoch 96/600	Training Loss: 1.8956	Time remaining is 9h:56m
2024-06-26 14:16:37 INFO Epoch 97/600	Training Loss: 1.8846	Time remaining is 9h:54m
2024-06-26 14:17:46 INFO Epoch 98/600	Training Loss: 1.8973	Time remaining is 9h:53m
2024-06-26 14:18:55 INFO Epoch 99/600	Training Loss: 1.8942	Time remaining is 9h:51m
2024-06-26 14:20:04 INFO Epoch 100/600	Training Loss: 1.8917	Time remaining is 9h:50m
2024-06-26 14:21:31 INFO Testing: dataset_name: market1501 top1:0.9471 top5:0.9834 top10:0.9902 mAP:0.8706
2024-06-26 14:22:40 INFO Epoch 101/600	Training Loss: 1.8958	Time remaining is 9h:56m
2024-06-26 14:23:49 INFO Epoch 102/600	Training Loss: 1.8939	Time remaining is 9h:55m
2024-06-26 14:24:58 INFO Epoch 103/600	Training Loss: 1.8933	Time remaining is 9h:53m
2024-06-26 14:26:06 INFO Epoch 104/600	Training Loss: 1.8917	Time remaining is 9h:52m
2024-06-26 14:27:16 INFO Epoch 105/600	Training Loss: 1.9020	Time remaining is 9h:50m
2024-06-26 14:28:43 INFO Testing: dataset_name: market1501 top1:0.9460 top5:0.9840 top10:0.9911 mAP:0.8713
2024-06-26 14:29:52 INFO Epoch 106/600	Training Loss: 1.8945	Time remaining is 9h:56m
2024-06-26 14:31:00 INFO Epoch 107/600	Training Loss: 1.8822	Time remaining is 9h:54m
2024-06-26 14:32:09 INFO Epoch 108/600	Training Loss: 1.8941	Time remaining is 9h:53m
2024-06-26 14:33:18 INFO Epoch 109/600	Training Loss: 1.8925	Time remaining is 9h:51m
2024-06-26 14:34:27 INFO Epoch 110/600	Training Loss: 1.8925	Time remaining is 9h:50m
2024-06-26 14:35:54 INFO Testing: dataset_name: market1501 top1:0.9483 top5:0.9837 top10:0.9908 mAP:0.8740
2024-06-26 14:37:03 INFO Epoch 111/600	Training Loss: 1.8808	Time remaining is 9h:55m
2024-06-26 14:38:12 INFO Epoch 112/600	Training Loss: 1.8915	Time remaining is 9h:53m
2024-06-26 14:39:20 INFO Epoch 113/600	Training Loss: 1.8916	Time remaining is 9h:52m
2024-06-26 14:40:29 INFO Epoch 114/600	Training Loss: 1.8828	Time remaining is 9h:50m
2024-06-26 14:41:38 INFO Epoch 115/600	Training Loss: 1.9014	Time remaining is 9h:49m
2024-06-26 14:43:06 INFO Testing: dataset_name: market1501 top1:0.9457 top5:0.9846 top10:0.9914 mAP:0.8725
2024-06-26 14:44:14 INFO Epoch 116/600	Training Loss: 1.8916	Time remaining is 9h:54m
2024-06-26 14:45:23 INFO Epoch 117/600	Training Loss: 1.8940	Time remaining is 9h:52m
2024-06-26 14:46:32 INFO Epoch 118/600	Training Loss: 1.8911	Time remaining is 9h:51m
2024-06-26 14:47:41 INFO Epoch 119/600	Training Loss: 1.9012	Time remaining is 9h:49m
2024-06-26 14:48:50 INFO Epoch 120/600	Training Loss: 1.8801	Time remaining is 9h:47m
2024-06-26 14:50:17 INFO Testing: dataset_name: market1501 top1:0.9486 top5:0.9849 top10:0.9914 mAP:0.8740
2024-06-26 14:51:26 INFO Epoch 121/600	Training Loss: 1.8912	Time remaining is 9h:52m
2024-06-26 14:52:35 INFO Epoch 122/600	Training Loss: 1.8893	Time remaining is 9h:50m
2024-06-26 14:53:44 INFO Epoch 123/600	Training Loss: 1.8903	Time remaining is 9h:49m
2024-06-26 14:54:52 INFO Epoch 124/600	Training Loss: 1.8801	Time remaining is 9h:47m
2024-06-26 14:56:01 INFO Epoch 125/600	Training Loss: 1.8898	Time remaining is 9h:45m
2024-06-26 14:57:30 INFO Testing: dataset_name: market1501 top1:0.9483 top5:0.9837 top10:0.9911 mAP:0.8744
2024-06-26 14:58:39 INFO Epoch 126/600	Training Loss: 1.8890	Time remaining is 9h:50m
2024-06-26 14:59:48 INFO Epoch 127/600	Training Loss: 1.8890	Time remaining is 9h:48m
2024-06-26 15:00:57 INFO Epoch 128/600	Training Loss: 1.8890	Time remaining is 9h:46m
2024-06-26 15:02:06 INFO Epoch 129/600	Training Loss: 1.8913	Time remaining is 9h:45m
2024-06-26 15:03:14 INFO Epoch 130/600	Training Loss: 1.8897	Time remaining is 9h:43m
2024-06-26 15:04:42 INFO Testing: dataset_name: market1501 top1:0.9480 top5:0.9843 top10:0.9914 mAP:0.8753
2024-06-26 15:05:50 INFO Epoch 131/600	Training Loss: 1.8804	Time remaining is 9h:47m
2024-06-26 15:06:59 INFO Epoch 132/600	Training Loss: 1.8885	Time remaining is 9h:45m
2024-06-26 15:08:07 INFO Epoch 133/600	Training Loss: 1.8797	Time remaining is 9h:44m
2024-06-26 15:09:16 INFO Epoch 134/600	Training Loss: 1.8898	Time remaining is 9h:42m
2024-06-26 15:10:25 INFO Epoch 135/600	Training Loss: 1.8791	Time remaining is 9h:40m
2024-06-26 15:11:52 INFO Testing: dataset_name: market1501 top1:0.9486 top5:0.9846 top10:0.9914 mAP:0.8759
2024-06-26 15:13:01 INFO Epoch 136/600	Training Loss: 1.8800	Time remaining is 9h:44m
2024-06-26 15:14:10 INFO Epoch 137/600	Training Loss: 1.8889	Time remaining is 9h:42m
2024-06-26 15:15:19 INFO Epoch 138/600	Training Loss: 1.8878	Time remaining is 9h:41m
2024-06-26 15:16:27 INFO Epoch 139/600	Training Loss: 1.8782	Time remaining is 9h:39m
2024-06-26 15:17:37 INFO Epoch 140/600	Training Loss: 1.8877	Time remaining is 9h:37m
2024-06-26 15:19:04 INFO Testing: dataset_name: market1501 top1:0.9489 top5:0.9860 top10:0.9911 mAP:0.8761
2024-06-26 15:20:13 INFO Epoch 141/600	Training Loss: 1.8883	Time remaining is 9h:41m
2024-06-26 15:21:22 INFO Epoch 142/600	Training Loss: 1.8870	Time remaining is 9h:39m
2024-06-26 15:22:31 INFO Epoch 143/600	Training Loss: 1.8877	Time remaining is 9h:37m
2024-06-26 15:23:40 INFO Epoch 144/600	Training Loss: 1.8873	Time remaining is 9h:36m
2024-06-26 15:24:49 INFO Epoch 145/600	Training Loss: 1.8889	Time remaining is 9h:34m
2024-06-26 15:26:16 INFO Testing: dataset_name: market1501 top1:0.9486 top5:0.9849 top10:0.9917 mAP:0.8758
2024-06-26 15:27:25 INFO Epoch 146/600	Training Loss: 1.8867	Time remaining is 9h:37m
2024-06-26 15:28:34 INFO Epoch 147/600	Training Loss: 1.8866	Time remaining is 9h:35m
2024-06-26 15:29:43 INFO Epoch 148/600	Training Loss: 1.8853	Time remaining is 9h:34m
2024-06-26 15:30:52 INFO Epoch 149/600	Training Loss: 1.8970	Time remaining is 9h:32m
2024-06-26 15:32:01 INFO Epoch 150/600	Training Loss: 1.8767	Time remaining is 9h:31m
2024-06-26 15:33:28 INFO Testing: dataset_name: market1501 top1:0.9498 top5:0.9846 top10:0.9911 mAP:0.8760
2024-06-26 15:34:37 INFO Epoch 151/600	Training Loss: 1.8876	Time remaining is 9h:33m
2024-06-26 15:35:46 INFO Epoch 152/600	Training Loss: 1.8860	Time remaining is 9h:32m
2024-06-26 15:36:55 INFO Epoch 153/600	Training Loss: 1.8861	Time remaining is 9h:30m
2024-06-26 15:38:04 INFO Epoch 154/600	Training Loss: 1.8872	Time remaining is 9h:28m
2024-06-26 15:39:13 INFO Epoch 155/600	Training Loss: 1.8872	Time remaining is 9h:27m
2024-06-26 15:40:40 INFO Testing: dataset_name: market1501 top1:0.9528 top5:0.9843 top10:0.9914 mAP:0.8777
2024-06-26 15:41:49 INFO Epoch 156/600	Training Loss: 1.8759	Time remaining is 9h:29m
2024-06-26 15:42:57 INFO Epoch 157/600	Training Loss: 1.8863	Time remaining is 9h:28m
2024-06-26 15:44:06 INFO Epoch 158/600	Training Loss: 1.8777	Time remaining is 9h:26m
2024-06-26 15:45:15 INFO Epoch 159/600	Training Loss: 1.8849	Time remaining is 9h:24m
2024-06-26 15:46:24 INFO Epoch 160/600	Training Loss: 1.8751	Time remaining is 9h:23m
2024-06-26 15:47:51 INFO Testing: dataset_name: market1501 top1:0.9483 top5:0.9846 top10:0.9923 mAP:0.8767
2024-06-26 15:49:00 INFO Epoch 161/600	Training Loss: 1.8848	Time remaining is 9h:25m
2024-06-26 15:50:09 INFO Epoch 162/600	Training Loss: 1.8841	Time remaining is 9h:23m
2024-06-26 15:51:17 INFO Epoch 163/600	Training Loss: 1.8743	Time remaining is 9h:22m
2024-06-26 15:52:26 INFO Epoch 164/600	Training Loss: 1.8844	Time remaining is 9h:20m
2024-06-26 15:53:35 INFO Epoch 165/600	Training Loss: 1.8749	Time remaining is 9h:18m
2024-06-26 15:55:02 INFO Testing: dataset_name: market1501 top1:0.9504 top5:0.9846 top10:0.9911 mAP:0.8776
2024-06-26 15:56:10 INFO Epoch 166/600	Training Loss: 1.8755	Time remaining is 9h:21m
2024-06-26 15:57:19 INFO Epoch 167/600	Training Loss: 1.8842	Time remaining is 9h:19m
2024-06-26 15:58:28 INFO Epoch 168/600	Training Loss: 1.8756	Time remaining is 9h:17m
2024-06-26 15:59:37 INFO Epoch 169/600	Training Loss: 1.8942	Time remaining is 9h:16m
2024-06-26 16:00:46 INFO Epoch 170/600	Training Loss: 1.8834	Time remaining is 9h:14m
2024-06-26 16:02:13 INFO Testing: dataset_name: market1501 top1:0.9501 top5:0.9849 top10:0.9914 mAP:0.8773
2024-06-26 16:03:22 INFO Epoch 171/600	Training Loss: 1.8834	Time remaining is 9h:16m
2024-06-26 16:04:31 INFO Epoch 172/600	Training Loss: 1.8847	Time remaining is 9h:14m
2024-06-26 16:05:40 INFO Epoch 173/600	Training Loss: 1.8820	Time remaining is 9h:13m
2024-06-26 16:06:48 INFO Epoch 174/600	Training Loss: 1.8749	Time remaining is 9h:11m
2024-06-26 16:07:57 INFO Epoch 175/600	Training Loss: 1.8832	Time remaining is 9h:9m
2024-06-26 16:09:25 INFO Testing: dataset_name: market1501 top1:0.9516 top5:0.9843 top10:0.9920 mAP:0.8789
2024-06-26 16:10:33 INFO Epoch 176/600	Training Loss: 1.8834	Time remaining is 9h:11m
2024-06-26 16:11:42 INFO Epoch 177/600	Training Loss: 1.8737	Time remaining is 9h:10m
2024-06-26 16:12:51 INFO Epoch 178/600	Training Loss: 1.8818	Time remaining is 9h:8m
2024-06-26 16:14:00 INFO Epoch 179/600	Training Loss: 1.8814	Time remaining is 9h:6m
2024-06-26 16:15:08 INFO Epoch 180/600	Training Loss: 1.8732	Time remaining is 9h:5m
2024-06-26 16:16:36 INFO Testing: dataset_name: market1501 top1:0.9495 top5:0.9855 top10:0.9914 mAP:0.8783
2024-06-26 16:17:44 INFO Epoch 181/600	Training Loss: 1.8837	Time remaining is 9h:6m
2024-06-26 16:18:53 INFO Epoch 182/600	Training Loss: 1.8838	Time remaining is 9h:5m
2024-06-26 16:20:02 INFO Epoch 183/600	Training Loss: 1.8739	Time remaining is 9h:3m
2024-06-26 16:21:10 INFO Epoch 184/600	Training Loss: 1.8737	Time remaining is 9h:1m
2024-06-26 16:22:19 INFO Epoch 185/600	Training Loss: 1.8842	Time remaining is 8h:60m
2024-06-26 16:23:47 INFO Testing: dataset_name: market1501 top1:0.9486 top5:0.9857 top10:0.9920 mAP:0.8768
2024-06-26 16:24:55 INFO Epoch 186/600	Training Loss: 1.8721	Time remaining is 9h:1m
2024-06-26 16:26:04 INFO Epoch 187/600	Training Loss: 1.8820	Time remaining is 8h:60m
2024-06-26 16:27:13 INFO Epoch 188/600	Training Loss: 1.8818	Time remaining is 8h:58m
2024-06-26 16:28:22 INFO Epoch 189/600	Training Loss: 1.8832	Time remaining is 8h:56m
2024-06-26 16:29:31 INFO Epoch 190/600	Training Loss: 1.8814	Time remaining is 8h:55m
2024-06-26 16:30:58 INFO Testing: dataset_name: market1501 top1:0.9519 top5:0.9849 top10:0.9917 mAP:0.8779
2024-06-26 16:32:07 INFO Epoch 191/600	Training Loss: 1.8817	Time remaining is 8h:56m
2024-06-26 16:33:16 INFO Epoch 192/600	Training Loss: 1.8824	Time remaining is 8h:55m
2024-06-26 16:34:25 INFO Epoch 193/600	Training Loss: 1.8709	Time remaining is 8h:53m
2024-06-26 16:35:34 INFO Epoch 194/600	Training Loss: 1.8797	Time remaining is 8h:51m
