2024-10-07 14:58:55 INFO ##################################################
2024-10-07 14:58:55 INFO Config values: batch_size: 60	current_directory: /home/hy/project/reid_task/ex_003_28	dataset_name: Occluded_Duke	dataset_path: /home/hy/project/data/Occluded_Duke	device: cuda	dtype: torch.float32	epoch_start_test: 90	epochs: 120	img_height: 256	img_width: 128	logs_outputs_path: /home/hy/project/reid_task/ex_003_28/./outputs/logs	models_outputs_path: /home/hy/project/reid_task/ex_003_28/./outputs/models	np: <module 'numpy' from '/home/hy/anaconda3/envs/py396/lib/python3.9/site-packages/numpy/__init__.py'>	os: <module 'os' from '/home/hy/anaconda3/envs/py396/lib/python3.9/os.py'>	outputs_dir: ./outputs/	outputs_path: /home/hy/project/reid_task/ex_003_28/./outputs/	print_every: 1	seed: 1	taskname: ReID_Task	temps_outputs_path: /home/hy/project/reid_task/ex_003_28/./outputs/temps	test_batch_size: 256	test_every: 5	torch: <module 'torch' from '/home/hy/anaconda3/envs/py396/lib/python3.9/site-packages/torch/__init__.py'>
2024-10-07 14:58:55 INFO Task: ReID_Task
2024-10-07 14:58:55 INFO Using device: cuda
2024-10-07 14:58:55 INFO Using data type: torch.float32
2024-10-07 14:58:55 INFO Number of GPUs: 1
2024-10-07 14:58:55 INFO GPU is_available: True
2024-10-07 14:58:55 INFO GPU name: NVIDIA GeForce RTX 3060
2024-10-07 14:58:55 INFO CUDA version: 12.1
2024-10-07 14:58:55 INFO Current device id: 0
2024-10-07 14:58:55 INFO ##################################################
2024-10-07 15:00:13 INFO Epoch 1/120	Training Loss: 5.8265	Time remaining is 2h:35m
2024-10-07 15:01:30 INFO Epoch 2/120	Training Loss: 4.8594	Time remaining is 2h:33m
2024-10-07 15:02:48 INFO Epoch 3/120	Training Loss: 3.6668	Time remaining is 2h:33m
2024-10-07 15:04:06 INFO Epoch 4/120	Training Loss: 2.6564	Time remaining is 2h:31m
2024-10-07 15:05:23 INFO Epoch 5/120	Training Loss: 2.0298	Time remaining is 2h:30m
2024-10-07 15:06:41 INFO Epoch 6/120	Training Loss: 1.7455	Time remaining is 2h:29m
2024-10-07 15:07:59 INFO Epoch 7/120	Training Loss: 1.6241	Time remaining is 2h:27m
2024-10-07 15:09:17 INFO Epoch 8/120	Training Loss: 1.5603	Time remaining is 2h:26m
2024-10-07 15:10:35 INFO Epoch 9/120	Training Loss: 1.5304	Time remaining is 2h:25m
2024-10-07 15:11:53 INFO Epoch 10/120	Training Loss: 1.5131	Time remaining is 2h:24m
2024-10-07 15:13:10 INFO Epoch 11/120	Training Loss: 1.4609	Time remaining is 2h:22m
2024-10-07 15:14:27 INFO Epoch 12/120	Training Loss: 1.4339	Time remaining is 2h:21m
2024-10-07 15:15:45 INFO Epoch 13/120	Training Loss: 1.4250	Time remaining is 2h:20m
2024-10-07 15:17:03 INFO Epoch 14/120	Training Loss: 1.4107	Time remaining is 2h:19m
2024-10-07 15:18:21 INFO Epoch 15/120	Training Loss: 1.4013	Time remaining is 2h:17m
2024-10-07 15:19:38 INFO Epoch 16/120	Training Loss: 1.3988	Time remaining is 2h:16m
2024-10-07 15:20:56 INFO Epoch 17/120	Training Loss: 1.3793	Time remaining is 2h:15m
2024-10-07 15:22:13 INFO Epoch 18/120	Training Loss: 1.3900	Time remaining is 2h:13m
2024-10-07 15:23:31 INFO Epoch 19/120	Training Loss: 1.3796	Time remaining is 2h:12m
2024-10-07 15:24:49 INFO Epoch 20/120	Training Loss: 1.3815	Time remaining is 2h:11m
2024-10-07 15:26:07 INFO Epoch 21/120	Training Loss: 1.3813	Time remaining is 2h:9m
2024-10-07 15:27:24 INFO Epoch 22/120	Training Loss: 1.3773	Time remaining is 2h:8m
2024-10-07 15:28:42 INFO Epoch 23/120	Training Loss: 1.3770	Time remaining is 2h:7m
2024-10-07 15:29:59 INFO Epoch 24/120	Training Loss: 1.3671	Time remaining is 2h:6m
2024-10-07 15:31:17 INFO Epoch 25/120	Training Loss: 1.3581	Time remaining is 2h:4m
2024-10-07 15:32:35 INFO Epoch 26/120	Training Loss: 1.3667	Time remaining is 2h:3m
2024-10-07 15:33:53 INFO Epoch 27/120	Training Loss: 1.3621	Time remaining is 2h:2m
2024-10-07 15:35:10 INFO Epoch 28/120	Training Loss: 1.3577	Time remaining is 2h:0m
2024-10-07 15:36:28 INFO Epoch 29/120	Training Loss: 1.3547	Time remaining is 1h:59m
2024-10-07 15:37:46 INFO Epoch 30/120	Training Loss: 1.3516	Time remaining is 1h:58m
