2024-03-25 05:20:55 INFO ##################################################
2024-03-25 05:20:55 INFO Config values: batch_size: 60	current_directory: /home/hy/project/reid_task/ex_main3	dataset_name: market1501	dataset_path: /home/hy/project/data/Market-1501-v15.09.15	device: cuda	dtype: torch.float32	epoch_start_test: 100	epochs: 120	img_height: 256	img_width: 128	logs_outputs_path: /home/hy/project/reid_task/ex_main3/./outputs/logs	models_outputs_path: /home/hy/project/reid_task/ex_main3/./outputs/models	np: <module 'numpy' from '/home/hy/anaconda3/envs/py396/lib/python3.9/site-packages/numpy/__init__.py'>	os: <module 'os' from '/home/hy/anaconda3/envs/py396/lib/python3.9/os.py'>	outputs_dir: ./outputs/	outputs_path: /home/hy/project/reid_task/ex_main3/./outputs/	print_every: 1	seed: 1	taskname: ReID_Task	temps_outputs_path: /home/hy/project/reid_task/ex_main3/./outputs/temps	test_batch_size: 256	test_every: 1	torch: <module 'torch' from '/home/hy/anaconda3/envs/py396/lib/python3.9/site-packages/torch/__init__.py'>
2024-03-25 05:20:55 INFO Task: ReID_Task
2024-03-25 05:20:55 INFO Using device: cuda
2024-03-25 05:20:55 INFO Using data type: torch.float32
2024-03-25 05:20:55 INFO Number of GPUs: 1
2024-03-25 05:20:55 INFO GPU is_available: True
2024-03-25 05:20:55 INFO GPU name: NVIDIA GeForce RTX 3060
2024-03-25 05:20:55 INFO CUDA version: 12.1
2024-03-25 05:20:55 INFO Current device id: 0
2024-03-25 05:20:55 INFO ##################################################
2024-03-25 05:23:41 INFO Epoch 1/120	Training Loss: 9.6425	Time remaining is 5h:29m
2024-03-25 05:26:24 INFO Epoch 2/120	Training Loss: 8.1405	Time remaining is 5h:25m
2024-03-25 05:29:08 INFO Epoch 3/120	Training Loss: 6.2866	Time remaining is 5h:22m
2024-03-25 05:31:52 INFO Epoch 4/120	Training Loss: 4.8572	Time remaining is 5h:20m
2024-03-25 05:34:36 INFO Epoch 5/120	Training Loss: 3.8033	Time remaining is 5h:17m
2024-03-25 05:37:19 INFO Epoch 6/120	Training Loss: 3.1135	Time remaining is 5h:14m
2024-03-25 05:40:02 INFO Epoch 7/120	Training Loss: 2.7381	Time remaining is 5h:11m
2024-03-25 05:42:45 INFO Epoch 8/120	Training Loss: 2.5454	Time remaining is 5h:8m
2024-03-25 05:45:29 INFO Epoch 9/120	Training Loss: 2.4369	Time remaining is 5h:5m
2024-03-25 05:48:12 INFO Epoch 10/120	Training Loss: 2.3555	Time remaining is 5h:3m
2024-03-25 05:50:55 INFO Epoch 11/120	Training Loss: 2.3193	Time remaining is 4h:60m
2024-03-25 05:53:39 INFO Epoch 12/120	Training Loss: 2.2590	Time remaining is 4h:57m
2024-03-25 05:56:23 INFO Epoch 13/120	Training Loss: 2.2260	Time remaining is 4h:54m
2024-03-25 05:59:07 INFO Epoch 14/120	Training Loss: 2.2024	Time remaining is 4h:52m
2024-03-25 06:01:51 INFO Epoch 15/120	Training Loss: 2.1765	Time remaining is 4h:49m
2024-03-25 06:04:35 INFO Epoch 16/120	Training Loss: 2.1551	Time remaining is 4h:46m
2024-03-25 06:07:18 INFO Epoch 17/120	Training Loss: 2.1432	Time remaining is 4h:44m
2024-03-25 06:10:01 INFO Epoch 18/120	Training Loss: 2.1280	Time remaining is 4h:41m
2024-03-25 06:12:45 INFO Epoch 19/120	Training Loss: 2.1248	Time remaining is 4h:38m
2024-03-25 06:15:28 INFO Epoch 20/120	Training Loss: 2.1233	Time remaining is 4h:35m
2024-03-25 06:18:12 INFO Epoch 21/120	Training Loss: 2.1226	Time remaining is 4h:33m
2024-03-25 06:20:55 INFO Epoch 22/120	Training Loss: 2.1055	Time remaining is 4h:30m
2024-03-25 06:23:38 INFO Epoch 23/120	Training Loss: 2.1062	Time remaining is 4h:27m
2024-03-25 06:26:22 INFO Epoch 24/120	Training Loss: 2.1134	Time remaining is 4h:24m
2024-03-25 06:29:05 INFO Epoch 25/120	Training Loss: 2.1150	Time remaining is 4h:22m
2024-03-25 06:31:50 INFO Epoch 26/120	Training Loss: 2.1316	Time remaining is 4h:19m
2024-03-25 06:34:33 INFO Epoch 27/120	Training Loss: 2.1247	Time remaining is 4h:16m
2024-03-25 06:37:16 INFO Epoch 28/120	Training Loss: 2.1053	Time remaining is 4h:14m
2024-03-25 06:39:59 INFO Epoch 29/120	Training Loss: 2.1002	Time remaining is 4h:11m
2024-03-25 06:42:42 INFO Epoch 30/120	Training Loss: 2.0979	Time remaining is 4h:8m
2024-03-25 06:45:25 INFO Epoch 31/120	Training Loss: 2.0998	Time remaining is 4h:5m
2024-03-25 06:48:08 INFO Epoch 32/120	Training Loss: 2.0982	Time remaining is 4h:3m
2024-03-25 06:50:52 INFO Epoch 33/120	Training Loss: 2.0906	Time remaining is 3h:60m
2024-03-25 06:53:36 INFO Epoch 34/120	Training Loss: 2.0973	Time remaining is 3h:57m
2024-03-25 06:56:19 INFO Epoch 35/120	Training Loss: 2.0964	Time remaining is 3h:54m
2024-03-25 06:59:03 INFO Epoch 36/120	Training Loss: 2.0958	Time remaining is 3h:52m
2024-03-25 07:01:46 INFO Epoch 37/120	Training Loss: 2.0830	Time remaining is 3h:49m
2024-03-25 07:04:30 INFO Epoch 38/120	Training Loss: 2.1030	Time remaining is 3h:46m
2024-03-25 07:07:14 INFO Epoch 39/120	Training Loss: 2.1010	Time remaining is 3h:43m
2024-03-25 07:09:56 INFO Epoch 40/120	Training Loss: 2.0824	Time remaining is 3h:41m
2024-03-25 07:12:40 INFO Epoch 41/120	Training Loss: 2.0293	Time remaining is 3h:38m
2024-03-25 07:15:23 INFO Epoch 42/120	Training Loss: 1.9587	Time remaining is 3h:35m
2024-03-25 07:18:06 INFO Epoch 43/120	Training Loss: 1.9556	Time remaining is 3h:33m
2024-03-25 07:20:50 INFO Epoch 44/120	Training Loss: 1.9477	Time remaining is 3h:30m
2024-03-25 07:23:33 INFO Epoch 45/120	Training Loss: 1.9439	Time remaining is 3h:27m
2024-03-25 07:26:17 INFO Epoch 46/120	Training Loss: 1.9370	Time remaining is 3h:24m
2024-03-25 07:29:00 INFO Epoch 47/120	Training Loss: 1.9240	Time remaining is 3h:22m
2024-03-25 07:31:43 INFO Epoch 48/120	Training Loss: 1.9329	Time remaining is 3h:19m
2024-03-25 07:34:26 INFO Epoch 49/120	Training Loss: 1.9205	Time remaining is 3h:16m
2024-03-25 07:37:10 INFO Epoch 50/120	Training Loss: 1.9265	Time remaining is 3h:13m
2024-03-25 07:39:52 INFO Epoch 51/120	Training Loss: 1.9137	Time remaining is 3h:11m
2024-03-25 07:42:36 INFO Epoch 52/120	Training Loss: 1.9229	Time remaining is 3h:8m
2024-03-25 07:45:20 INFO Epoch 53/120	Training Loss: 1.9217	Time remaining is 3h:5m
2024-03-25 07:48:03 INFO Epoch 54/120	Training Loss: 1.9190	Time remaining is 3h:3m
2024-03-25 07:50:47 INFO Epoch 55/120	Training Loss: 1.9195	Time remaining is 2h:60m
2024-03-25 07:53:31 INFO Epoch 56/120	Training Loss: 1.9166	Time remaining is 2h:57m
2024-03-25 07:56:14 INFO Epoch 57/120	Training Loss: 1.9051	Time remaining is 2h:54m
2024-03-25 07:58:57 INFO Epoch 58/120	Training Loss: 1.9162	Time remaining is 2h:52m
2024-03-25 08:01:41 INFO Epoch 59/120	Training Loss: 1.9155	Time remaining is 2h:49m
2024-03-25 08:04:24 INFO Epoch 60/120	Training Loss: 1.9116	Time remaining is 2h:46m
2024-03-25 08:07:08 INFO Epoch 61/120	Training Loss: 1.9149	Time remaining is 2h:43m
2024-03-25 08:09:52 INFO Epoch 62/120	Training Loss: 1.9100	Time remaining is 2h:41m
2024-03-25 08:12:35 INFO Epoch 63/120	Training Loss: 1.9085	Time remaining is 2h:38m
2024-03-25 08:15:19 INFO Epoch 64/120	Training Loss: 1.9077	Time remaining is 2h:35m
2024-03-25 08:18:02 INFO Epoch 65/120	Training Loss: 1.9071	Time remaining is 2h:33m
2024-03-25 08:20:46 INFO Epoch 66/120	Training Loss: 1.9064	Time remaining is 2h:30m
2024-03-25 08:23:30 INFO Epoch 67/120	Training Loss: 1.9167	Time remaining is 2h:27m
2024-03-25 08:26:14 INFO Epoch 68/120	Training Loss: 1.9058	Time remaining is 2h:24m
2024-03-25 08:28:57 INFO Epoch 69/120	Training Loss: 1.8988	Time remaining is 2h:22m
2024-03-25 08:31:40 INFO Epoch 70/120	Training Loss: 1.9026	Time remaining is 2h:19m
2024-03-25 08:34:24 INFO Epoch 71/120	Training Loss: 1.9001	Time remaining is 2h:16m
2024-03-25 08:37:08 INFO Epoch 72/120	Training Loss: 1.8966	Time remaining is 2h:14m
2024-03-25 08:39:52 INFO Epoch 73/120	Training Loss: 1.8953	Time remaining is 2h:11m
2024-03-25 08:42:34 INFO Epoch 74/120	Training Loss: 1.8870	Time remaining is 2h:8m
2024-03-25 08:45:17 INFO Epoch 75/120	Training Loss: 1.8866	Time remaining is 2h:5m
2024-03-25 08:48:00 INFO Epoch 76/120	Training Loss: 1.8824	Time remaining is 2h:3m
