2024-03-07 19:59:37 INFO ##################################################
2024-03-07 19:59:37 INFO Task: PCB
2024-03-07 19:59:37 INFO Using device: cuda
2024-03-07 19:59:37 INFO Using data type: torch.float32
2024-03-07 19:59:37 INFO Number of GPUs: 1
2024-03-07 19:59:37 INFO GPU is_available: True
2024-03-07 19:59:37 INFO GPU name: NVIDIA GeForce RTX 3060
2024-03-07 19:59:37 INFO CUDA version: 12.1
2024-03-07 19:59:37 INFO Current device id: 0
2024-03-07 19:59:37 INFO ##################################################
2024-03-07 20:01:14 INFO Epoch 1/60	Training Loss: 42.4403	Time remaining is 1h:36m
2024-03-07 20:02:49 INFO Epoch 2/60	Training Loss: 41.3013	Time remaining is 1h:34m
2024-03-07 20:04:25 INFO Epoch 3/60	Training Loss: 41.1623	Time remaining is 1h:33m
2024-03-07 20:06:00 INFO Epoch 4/60	Training Loss: 40.3734	Time remaining is 1h:31m
2024-03-07 20:07:36 INFO Epoch 5/60	Training Loss: 39.6147	Time remaining is 1h:29m
2024-03-07 20:09:11 INFO Epoch 6/60	Training Loss: 38.4341	Time remaining is 1h:28m
2024-03-07 20:10:46 INFO Epoch 7/60	Training Loss: 36.7230	Time remaining is 1h:26m
2024-03-07 20:12:21 INFO Epoch 8/60	Training Loss: 34.8258	Time remaining is 1h:24m
2024-03-07 20:13:56 INFO Epoch 9/60	Training Loss: 33.0221	Time remaining is 1h:23m
2024-03-07 20:15:32 INFO Epoch 10/60	Training Loss: 31.5155	Time remaining is 1h:21m
2024-03-07 20:17:07 INFO Epoch 11/60	Training Loss: 29.7943	Time remaining is 1h:19m
2024-03-07 20:18:42 INFO Epoch 12/60	Training Loss: 28.5150	Time remaining is 1h:18m
2024-03-07 20:20:17 INFO Epoch 13/60	Training Loss: 27.1552	Time remaining is 1h:16m
2024-03-07 20:21:52 INFO Epoch 14/60	Training Loss: 26.0656	Time remaining is 1h:15m
2024-03-07 20:23:26 INFO Epoch 15/60	Training Loss: 24.8588	Time remaining is 1h:13m
2024-03-07 20:25:02 INFO Epoch 16/60	Training Loss: 24.1120	Time remaining is 1h:11m
2024-03-07 20:26:37 INFO Epoch 17/60	Training Loss: 23.1838	Time remaining is 1h:10m
2024-03-07 20:28:13 INFO Epoch 18/60	Training Loss: 22.4367	Time remaining is 1h:8m
2024-03-07 20:29:48 INFO Epoch 19/60	Training Loss: 21.6938	Time remaining is 1h:7m
2024-03-07 20:31:23 INFO Epoch 20/60	Training Loss: 21.1493	Time remaining is 1h:5m
2024-03-07 20:32:09 INFO Testing: dataset_name: market1501 top1:0.7749 top5:0.9053 top10:0.9371 mAP:0.5481
2024-03-07 20:33:44 INFO Epoch 21/60	Training Loss: 19.3387	Time remaining is 1h:5m
2024-03-07 20:35:18 INFO Epoch 22/60	Training Loss: 17.3891	Time remaining is 1h:3m
2024-03-07 20:36:53 INFO Epoch 23/60	Training Loss: 16.8458	Time remaining is 1h:2m
2024-03-07 20:38:28 INFO Epoch 24/60	Training Loss: 16.4779	Time remaining is 0h:60m
2024-03-07 20:40:03 INFO Epoch 25/60	Training Loss: 16.3282	Time remaining is 0h:58m
2024-03-07 20:41:39 INFO Epoch 26/60	Training Loss: 16.1555	Time remaining is 0h:57m
2024-03-07 20:43:14 INFO Epoch 27/60	Training Loss: 15.9612	Time remaining is 0h:55m
2024-03-07 20:44:49 INFO Epoch 28/60	Training Loss: 15.8633	Time remaining is 0h:53m
2024-03-07 20:46:24 INFO Epoch 29/60	Training Loss: 15.7752	Time remaining is 0h:52m
2024-03-07 20:47:59 INFO Epoch 30/60	Training Loss: 15.5695	Time remaining is 0h:50m
2024-03-07 20:49:33 INFO Epoch 31/60	Training Loss: 15.5431	Time remaining is 0h:48m
2024-03-07 20:51:08 INFO Epoch 32/60	Training Loss: 15.3362	Time remaining is 0h:47m
2024-03-07 20:52:44 INFO Epoch 33/60	Training Loss: 15.3312	Time remaining is 0h:45m
2024-03-07 20:54:19 INFO Epoch 34/60	Training Loss: 15.1776	Time remaining is 0h:43m
2024-03-07 20:55:54 INFO Epoch 35/60	Training Loss: 15.0872	Time remaining is 0h:42m
2024-03-07 20:57:30 INFO Epoch 36/60	Training Loss: 15.0707	Time remaining is 0h:40m
2024-03-07 20:59:04 INFO Epoch 37/60	Training Loss: 15.0495	Time remaining is 0h:39m
2024-03-07 21:00:40 INFO Epoch 38/60	Training Loss: 14.8966	Time remaining is 0h:37m
2024-03-07 21:02:15 INFO Epoch 39/60	Training Loss: 14.8119	Time remaining is 0h:35m
2024-03-07 21:03:50 INFO Epoch 40/60	Training Loss: 14.7291	Time remaining is 0h:34m
2024-03-07 21:04:36 INFO Testing: dataset_name: market1501 top1:0.8613 top5:0.9489 top10:0.9673 mAP:0.6685
2024-03-07 21:06:12 INFO Epoch 41/60	Training Loss: 14.6026	Time remaining is 0h:32m
2024-03-07 21:07:47 INFO Epoch 42/60	Training Loss: 14.5345	Time remaining is 0h:31m
2024-03-07 21:09:23 INFO Epoch 43/60	Training Loss: 14.4236	Time remaining is 0h:29m
2024-03-07 21:10:57 INFO Epoch 44/60	Training Loss: 14.3135	Time remaining is 0h:28m
2024-03-07 21:12:32 INFO Epoch 45/60	Training Loss: 14.3556	Time remaining is 0h:26m
2024-03-07 21:14:07 INFO Epoch 46/60	Training Loss: 14.3852	Time remaining is 0h:24m
2024-03-07 21:15:43 INFO Epoch 47/60	Training Loss: 14.4684	Time remaining is 0h:23m
2024-03-07 21:17:18 INFO Epoch 48/60	Training Loss: 14.2948	Time remaining is 0h:21m
2024-03-07 21:18:53 INFO Epoch 49/60	Training Loss: 14.2713	Time remaining is 0h:19m
2024-03-07 21:20:27 INFO Epoch 50/60	Training Loss: 14.2881	Time remaining is 0h:18m
2024-03-07 21:22:03 INFO Epoch 51/60	Training Loss: 14.3327	Time remaining is 0h:16m
2024-03-07 21:23:37 INFO Epoch 52/60	Training Loss: 14.2703	Time remaining is 0h:15m
2024-03-07 21:24:37 INFO ##################################################
2024-03-07 21:24:37 INFO Task: PCB
2024-03-07 21:24:37 INFO Using device: cuda
2024-03-07 21:24:37 INFO Using data type: torch.float32
2024-03-07 21:25:12 INFO Epoch 53/60	Training Loss: 14.1918	Time remaining is 0h:13m
2024-03-07 21:26:48 INFO Epoch 54/60	Training Loss: 14.3216	Time remaining is 0h:11m
2024-03-07 21:28:23 INFO Epoch 55/60	Training Loss: 14.2736	Time remaining is 0h:10m
2024-03-07 21:29:59 INFO Epoch 56/60	Training Loss: 14.3517	Time remaining is 0h:8m
2024-03-07 21:31:34 INFO Epoch 57/60	Training Loss: 14.2469	Time remaining is 0h:6m
2024-03-07 21:33:09 INFO Epoch 58/60	Training Loss: 14.2698	Time remaining is 0h:5m
2024-03-07 21:34:45 INFO Epoch 59/60	Training Loss: 14.2593	Time remaining is 0h:3m
2024-03-07 21:36:20 INFO Epoch 60/60	Training Loss: 14.2842	Time remaining is 0h:2m
2024-03-07 21:37:06 INFO Testing: dataset_name: market1501 top1:0.8694 top5:0.9498 top10:0.9673 mAP:0.6755
2024-03-07 21:37:06 INFO The running time of training: 5.84936e+03 s
2024-03-07 21:37:06 DEBUG Config values:
batch_size: 60
current_directory: /home/hy/project/reid/ex_main
dataset_name: market1501
dataset_path: /home/hy/project/reid/data/Market-1501-v15.09.15
device: cuda
dtype: torch.float32
epochs: 60
img_height: 384
img_width: 128
lr: 0.1
np: <module 'numpy' from '/home/hy/anaconda3/envs/py396/lib/python3.9/site-packages/numpy/__init__.py'>
os: <module 'os' from '/home/hy/anaconda3/envs/py396/lib/python3.9/os.py'>
outputs_dir: ./outputs/
outputs_path: /home/hy/project/reid/ex_main/./outputs/
print_every: 1
seed: 1
taskname: PCB
test_batch_size: 512
test_every: 20
torch: <module 'torch' from '/home/hy/anaconda3/envs/py396/lib/python3.9/site-packages/torch/__init__.py'>
2024-03-07 21:37:32 INFO ##################################################
2024-03-07 21:37:32 INFO Task: PCB
2024-03-07 21:37:32 INFO Using device: cuda
2024-03-07 21:37:32 INFO Using data type: torch.float32
