2024-04-18 07:47:00 INFO ##################################################
2024-04-18 07:47:00 INFO Config values: batch_size: 60	current_directory: /home/hy/project/reid_task/ex_main-n3	dataset_name: DukeMTMC-reID	dataset_path: /home/hy/project/data/DukeMTMC-reID	device: cuda	dtype: torch.float32	epoch_start_test: 90	epochs: 160	img_height: 256	img_width: 128	logs_outputs_path: /home/hy/project/reid_task/ex_main-n3/./outputs/logs	models_outputs_path: /home/hy/project/reid_task/ex_main-n3/./outputs/models	np: <module 'numpy' from '/home/hy/anaconda3/envs/py396/lib/python3.9/site-packages/numpy/__init__.py'>	os: <module 'os' from '/home/hy/anaconda3/envs/py396/lib/python3.9/os.py'>	outputs_dir: ./outputs/	outputs_path: /home/hy/project/reid_task/ex_main-n3/./outputs/	print_every: 1	seed: 3	taskname: ReID_Task	temps_outputs_path: /home/hy/project/reid_task/ex_main-n3/./outputs/temps	test_batch_size: 256	test_every: 5	torch: <module 'torch' from '/home/hy/anaconda3/envs/py396/lib/python3.9/site-packages/torch/__init__.py'>
2024-04-18 07:47:00 INFO Task: ReID_Task
2024-04-18 07:47:00 INFO Using device: cuda
2024-04-18 07:47:00 INFO Using data type: torch.float32
2024-04-18 07:47:00 INFO Number of GPUs: 1
2024-04-18 07:47:00 INFO GPU is_available: True
2024-04-18 07:47:00 INFO GPU name: NVIDIA GeForce RTX 3060
2024-04-18 07:47:00 INFO CUDA version: 12.1
2024-04-18 07:47:00 INFO Current device id: 0
2024-04-18 07:47:00 INFO ##################################################
2024-04-18 07:48:32 INFO Epoch 1/160	Training Loss: 9.2541	Time remaining is 4h:3m
2024-04-18 07:50:02 INFO Epoch 2/160	Training Loss: 7.7386	Time remaining is 3h:60m
2024-04-18 07:51:33 INFO Epoch 3/160	Training Loss: 5.9222	Time remaining is 3h:58m
2024-04-18 07:53:03 INFO Epoch 4/160	Training Loss: 4.3205	Time remaining is 3h:56m
2024-04-18 07:54:33 INFO Epoch 5/160	Training Loss: 3.2497	Time remaining is 3h:55m
2024-04-18 07:56:03 INFO Epoch 6/160	Training Loss: 2.6751	Time remaining is 3h:53m
2024-04-18 07:57:34 INFO Epoch 7/160	Training Loss: 2.4522	Time remaining is 3h:52m
2024-04-18 07:59:04 INFO Epoch 8/160	Training Loss: 2.3332	Time remaining is 3h:50m
2024-04-18 08:00:35 INFO Epoch 9/160	Training Loss: 2.2997	Time remaining is 3h:49m
2024-04-18 08:02:06 INFO Epoch 10/160	Training Loss: 2.2401	Time remaining is 3h:48m
2024-04-18 08:03:37 INFO Epoch 11/160	Training Loss: 2.2241	Time remaining is 3h:46m
2024-04-18 08:05:07 INFO Epoch 12/160	Training Loss: 2.1857	Time remaining is 3h:45m
2024-04-18 08:06:38 INFO Epoch 13/160	Training Loss: 2.1300	Time remaining is 3h:43m
2024-04-18 08:08:09 INFO Epoch 14/160	Training Loss: 2.1376	Time remaining is 3h:42m
2024-04-18 08:09:38 INFO Epoch 15/160	Training Loss: 2.0995	Time remaining is 3h:40m
2024-04-18 08:11:09 INFO Epoch 16/160	Training Loss: 2.0833	Time remaining is 3h:39m
2024-04-18 08:12:39 INFO Epoch 17/160	Training Loss: 2.0863	Time remaining is 3h:37m
2024-04-18 08:14:09 INFO Epoch 18/160	Training Loss: 2.0871	Time remaining is 3h:36m
2024-04-18 08:15:39 INFO Epoch 19/160	Training Loss: 2.0627	Time remaining is 3h:34m
2024-04-18 08:17:09 INFO Epoch 20/160	Training Loss: 2.0708	Time remaining is 3h:32m
2024-04-18 08:18:39 INFO Epoch 21/160	Training Loss: 2.0655	Time remaining is 3h:31m
2024-04-18 08:20:09 INFO Epoch 22/160	Training Loss: 2.0500	Time remaining is 3h:29m
2024-04-18 08:21:39 INFO Epoch 23/160	Training Loss: 2.0704	Time remaining is 3h:28m
2024-04-18 08:23:09 INFO Epoch 24/160	Training Loss: 2.0683	Time remaining is 3h:26m
2024-04-18 08:24:40 INFO Epoch 25/160	Training Loss: 2.0599	Time remaining is 3h:25m
2024-04-18 08:26:10 INFO Epoch 26/160	Training Loss: 2.0466	Time remaining is 3h:23m
2024-04-18 08:27:40 INFO Epoch 27/160	Training Loss: 2.0524	Time remaining is 3h:22m
2024-04-18 08:29:10 INFO Epoch 28/160	Training Loss: 2.0469	Time remaining is 3h:20m
2024-04-18 08:30:41 INFO Epoch 29/160	Training Loss: 2.0558	Time remaining is 3h:19m
2024-04-18 08:32:11 INFO Epoch 30/160	Training Loss: 2.0380	Time remaining is 3h:17m
2024-04-18 08:33:42 INFO Epoch 31/160	Training Loss: 2.0565	Time remaining is 3h:16m
2024-04-18 08:35:13 INFO Epoch 32/160	Training Loss: 2.0299	Time remaining is 3h:14m
2024-04-18 08:36:45 INFO Epoch 33/160	Training Loss: 2.0406	Time remaining is 3h:13m
2024-04-18 08:38:15 INFO Epoch 34/160	Training Loss: 2.0325	Time remaining is 3h:11m
2024-04-18 08:39:46 INFO Epoch 35/160	Training Loss: 2.0366	Time remaining is 3h:10m
2024-04-18 08:41:16 INFO Epoch 36/160	Training Loss: 2.0205	Time remaining is 3h:8m
2024-04-18 08:42:46 INFO Epoch 37/160	Training Loss: 2.0120	Time remaining is 3h:7m
2024-04-18 08:44:16 INFO Epoch 38/160	Training Loss: 2.0100	Time remaining is 3h:5m
2024-04-18 08:45:47 INFO Epoch 39/160	Training Loss: 2.0063	Time remaining is 3h:4m
2024-04-18 08:47:17 INFO Epoch 40/160	Training Loss: 2.0088	Time remaining is 3h:2m
2024-04-18 08:48:47 INFO Epoch 41/160	Training Loss: 1.9502	Time remaining is 3h:1m
2024-04-18 08:50:18 INFO Epoch 42/160	Training Loss: 1.8997	Time remaining is 2h:59m
2024-04-18 08:51:48 INFO Epoch 43/160	Training Loss: 1.8750	Time remaining is 2h:58m
2024-04-18 08:53:18 INFO Epoch 44/160	Training Loss: 1.8717	Time remaining is 2h:56m
2024-04-18 08:54:48 INFO Epoch 45/160	Training Loss: 1.8701	Time remaining is 2h:55m
2024-04-18 08:56:19 INFO Epoch 46/160	Training Loss: 1.8724	Time remaining is 2h:53m
2024-04-18 08:57:49 INFO Epoch 47/160	Training Loss: 1.8645	Time remaining is 2h:52m
2024-04-18 08:59:19 INFO Epoch 48/160	Training Loss: 1.8543	Time remaining is 2h:50m
2024-04-18 09:00:50 INFO Epoch 49/160	Training Loss: 1.8486	Time remaining is 2h:49m
2024-04-18 09:02:20 INFO Epoch 50/160	Training Loss: 1.8562	Time remaining is 2h:47m
2024-04-18 09:03:51 INFO Epoch 51/160	Training Loss: 1.8507	Time remaining is 2h:46m
2024-04-18 09:05:22 INFO Epoch 52/160	Training Loss: 1.8505	Time remaining is 2h:44m
2024-04-18 09:06:52 INFO Epoch 53/160	Training Loss: 1.8478	Time remaining is 2h:43m
2024-04-18 09:08:22 INFO Epoch 54/160	Training Loss: 1.8391	Time remaining is 2h:41m
2024-04-18 09:09:53 INFO Epoch 55/160	Training Loss: 1.8443	Time remaining is 2h:40m
2024-04-18 09:11:23 INFO Epoch 56/160	Training Loss: 1.8404	Time remaining is 2h:38m
2024-04-18 09:12:53 INFO Epoch 57/160	Training Loss: 1.8357	Time remaining is 2h:37m
2024-04-18 09:14:23 INFO Epoch 58/160	Training Loss: 1.8346	Time remaining is 2h:35m
2024-04-18 09:15:52 INFO Epoch 59/160	Training Loss: 1.8201	Time remaining is 2h:34m
2024-04-18 09:17:23 INFO Epoch 60/160	Training Loss: 1.8408	Time remaining is 2h:32m
2024-04-18 09:18:53 INFO Epoch 61/160	Training Loss: 1.8386	Time remaining is 2h:31m
2024-04-18 09:20:24 INFO Epoch 62/160	Training Loss: 1.8390	Time remaining is 2h:29m
2024-04-18 09:21:55 INFO Epoch 63/160	Training Loss: 1.8398	Time remaining is 2h:28m
2024-04-18 09:23:25 INFO Epoch 64/160	Training Loss: 1.8349	Time remaining is 2h:26m
2024-04-18 09:24:56 INFO Epoch 65/160	Training Loss: 1.8436	Time remaining is 2h:25m
2024-04-18 09:26:26 INFO Epoch 66/160	Training Loss: 1.8307	Time remaining is 2h:23m
2024-04-18 09:27:56 INFO Epoch 67/160	Training Loss: 1.8235	Time remaining is 2h:22m
2024-04-18 09:29:26 INFO Epoch 68/160	Training Loss: 1.8337	Time remaining is 2h:20m
2024-04-18 09:30:56 INFO Epoch 69/160	Training Loss: 1.8265	Time remaining is 2h:19m
2024-04-18 09:32:27 INFO Epoch 70/160	Training Loss: 1.8388	Time remaining is 2h:17m
2024-04-18 09:33:58 INFO Epoch 71/160	Training Loss: 1.8377	Time remaining is 2h:16m
2024-04-18 09:35:27 INFO Epoch 72/160	Training Loss: 1.8117	Time remaining is 2h:14m
2024-04-18 09:36:58 INFO Epoch 73/160	Training Loss: 1.8254	Time remaining is 2h:13m
2024-04-18 09:38:29 INFO Epoch 74/160	Training Loss: 1.8215	Time remaining is 2h:11m
2024-04-18 09:39:58 INFO Epoch 75/160	Training Loss: 1.8070	Time remaining is 2h:10m
2024-04-18 09:41:28 INFO Epoch 76/160	Training Loss: 1.8080	Time remaining is 2h:8m
2024-04-18 09:42:58 INFO Epoch 77/160	Training Loss: 1.8214	Time remaining is 2h:6m
2024-04-18 09:44:28 INFO Epoch 78/160	Training Loss: 1.8071	Time remaining is 2h:5m
2024-04-18 09:45:58 INFO Epoch 79/160	Training Loss: 1.8138	Time remaining is 2h:3m
2024-04-18 09:47:29 INFO Epoch 80/160	Training Loss: 1.8216	Time remaining is 2h:2m
2024-04-18 09:48:59 INFO Epoch 81/160	Training Loss: 1.8146	Time remaining is 2h:0m
2024-04-18 09:50:29 INFO Epoch 82/160	Training Loss: 1.8129	Time remaining is 1h:59m
2024-04-18 09:52:01 INFO Epoch 83/160	Training Loss: 1.8332	Time remaining is 1h:57m
2024-04-18 09:53:30 INFO Epoch 84/160	Training Loss: 1.8035	Time remaining is 1h:56m
2024-04-18 09:55:00 INFO Epoch 85/160	Training Loss: 1.8106	Time remaining is 1h:54m
2024-04-18 09:56:31 INFO Epoch 86/160	Training Loss: 1.8177	Time remaining is 1h:53m
2024-04-18 09:58:01 INFO Epoch 87/160	Training Loss: 1.8188	Time remaining is 1h:51m
2024-04-18 09:59:31 INFO Epoch 88/160	Training Loss: 1.8120	Time remaining is 1h:50m
2024-04-18 10:01:03 INFO Epoch 89/160	Training Loss: 1.8175	Time remaining is 1h:48m
2024-04-18 10:02:34 INFO Epoch 90/160	Training Loss: 1.8111	Time remaining is 1h:47m
2024-04-18 10:03:53 INFO Testing: dataset_name: DukeMTMC-reID top1:0.8905 top5:0.9497 top10:0.9641 mAP:0.7899
2024-04-18 10:05:23 INFO Epoch 91/160	Training Loss: 1.8110	Time remaining is 1h:46m
2024-04-18 10:06:53 INFO Epoch 92/160	Training Loss: 1.8252	Time remaining is 1h:45m
2024-04-18 10:08:23 INFO Epoch 93/160	Training Loss: 1.8035	Time remaining is 1h:43m
2024-04-18 10:09:52 INFO Epoch 94/160	Training Loss: 1.8045	Time remaining is 1h:42m
2024-04-18 10:11:22 INFO Epoch 95/160	Training Loss: 1.8117	Time remaining is 1h:40m
2024-04-18 10:12:41 INFO Testing: dataset_name: DukeMTMC-reID top1:0.8914 top5:0.9493 top10:0.9650 mAP:0.7923
2024-04-18 10:14:11 INFO Epoch 96/160	Training Loss: 1.8153	Time remaining is 1h:40m
2024-04-18 10:15:41 INFO Epoch 97/160	Training Loss: 1.8013	Time remaining is 1h:38m
2024-04-18 10:17:12 INFO Epoch 98/160	Training Loss: 1.8180	Time remaining is 1h:37m
2024-04-18 10:18:42 INFO Epoch 99/160	Training Loss: 1.8172	Time remaining is 1h:35m
2024-04-18 10:20:12 INFO Epoch 100/160	Training Loss: 1.8176	Time remaining is 1h:33m
2024-04-18 10:21:31 INFO Testing: dataset_name: DukeMTMC-reID top1:0.8887 top5:0.9506 top10:0.9659 mAP:0.7898
2024-04-18 10:23:01 INFO Epoch 101/160	Training Loss: 1.8093	Time remaining is 1h:33m
2024-04-18 10:24:31 INFO Epoch 102/160	Training Loss: 1.8096	Time remaining is 1h:31m
2024-04-18 10:26:01 INFO Epoch 103/160	Training Loss: 1.8075	Time remaining is 1h:30m
2024-04-18 10:27:31 INFO Epoch 104/160	Training Loss: 1.8177	Time remaining is 1h:28m
2024-04-18 10:29:01 INFO Epoch 105/160	Training Loss: 1.8085	Time remaining is 1h:26m
2024-04-18 10:30:20 INFO Testing: dataset_name: DukeMTMC-reID top1:0.8914 top5:0.9511 top10:0.9659 mAP:0.7933
2024-04-18 10:31:54 INFO Epoch 106/160	Training Loss: 1.8165	Time remaining is 1h:26m
2024-04-18 10:33:25 INFO Epoch 107/160	Training Loss: 1.8084	Time remaining is 1h:24m
2024-04-18 10:34:55 INFO Epoch 108/160	Training Loss: 1.8148	Time remaining is 1h:22m
2024-04-18 10:36:25 INFO Epoch 109/160	Training Loss: 1.8094	Time remaining is 1h:21m
2024-04-18 10:37:55 INFO Epoch 110/160	Training Loss: 1.8082	Time remaining is 1h:19m
2024-04-18 10:39:14 INFO Testing: dataset_name: DukeMTMC-reID top1:0.8918 top5:0.9493 top10:0.9654 mAP:0.7923
2024-04-18 10:40:44 INFO Epoch 111/160	Training Loss: 1.8074	Time remaining is 1h:18m
2024-04-18 10:42:15 INFO Epoch 112/160	Training Loss: 1.8163	Time remaining is 1h:17m
2024-04-18 10:43:46 INFO Epoch 113/160	Training Loss: 1.8210	Time remaining is 1h:15m
2024-04-18 10:45:16 INFO Epoch 114/160	Training Loss: 1.8135	Time remaining is 1h:13m
2024-04-18 10:46:46 INFO Epoch 115/160	Training Loss: 1.8072	Time remaining is 1h:12m
2024-04-18 10:48:05 INFO Testing: dataset_name: DukeMTMC-reID top1:0.8900 top5:0.9506 top10:0.9645 mAP:0.7914
2024-04-18 10:49:35 INFO Epoch 116/160	Training Loss: 1.8128	Time remaining is 1h:11m
2024-04-18 10:51:06 INFO Epoch 117/160	Training Loss: 1.8148	Time remaining is 1h:9m
2024-04-18 10:52:36 INFO Epoch 118/160	Training Loss: 1.8157	Time remaining is 1h:8m
2024-04-18 10:54:07 INFO Epoch 119/160	Training Loss: 1.8141	Time remaining is 1h:6m
2024-04-18 10:55:39 INFO Epoch 120/160	Training Loss: 1.8076	Time remaining is 1h:4m
2024-04-18 10:57:00 INFO Testing: dataset_name: DukeMTMC-reID top1:0.8918 top5:0.9515 top10:0.9668 mAP:0.7934
2024-04-18 10:58:30 INFO Epoch 121/160	Training Loss: 1.8063	Time remaining is 1h:3m
2024-04-18 11:00:02 INFO Epoch 122/160	Training Loss: 1.8295	Time remaining is 1h:2m
2024-04-18 11:01:32 INFO Epoch 123/160	Training Loss: 1.8140	Time remaining is 1h:0m
2024-04-18 11:03:02 INFO Epoch 124/160	Training Loss: 1.8055	Time remaining is 0h:58m
2024-04-18 11:04:33 INFO Epoch 125/160	Training Loss: 1.8066	Time remaining is 0h:57m
2024-04-18 11:05:51 INFO Testing: dataset_name: DukeMTMC-reID top1:0.8923 top5:0.9502 top10:0.9659 mAP:0.7930
2024-04-18 11:07:22 INFO Epoch 126/160	Training Loss: 1.8205	Time remaining is 0h:56m
2024-04-18 11:08:52 INFO Epoch 127/160	Training Loss: 1.8129	Time remaining is 0h:54m
2024-04-18 11:10:22 INFO Epoch 128/160	Training Loss: 1.8054	Time remaining is 0h:52m
2024-04-18 11:11:52 INFO Epoch 129/160	Training Loss: 1.8056	Time remaining is 0h:51m
2024-04-18 11:13:23 INFO Epoch 130/160	Training Loss: 1.8134	Time remaining is 0h:49m
2024-04-18 11:14:41 INFO Testing: dataset_name: DukeMTMC-reID top1:0.8945 top5:0.9488 top10:0.9672 mAP:0.7947
2024-04-18 11:16:12 INFO Epoch 131/160	Training Loss: 1.8126	Time remaining is 0h:48m
2024-04-18 11:17:42 INFO Epoch 132/160	Training Loss: 1.8129	Time remaining is 0h:46m
2024-04-18 11:19:12 INFO Epoch 133/160	Training Loss: 1.8052	Time remaining is 0h:45m
2024-04-18 11:20:43 INFO Epoch 134/160	Training Loss: 1.8050	Time remaining is 0h:43m
2024-04-18 11:22:14 INFO Epoch 135/160	Training Loss: 1.8197	Time remaining is 0h:41m
2024-04-18 11:23:32 INFO Testing: dataset_name: DukeMTMC-reID top1:0.8941 top5:0.9520 top10:0.9668 mAP:0.7951
2024-04-18 11:25:03 INFO Epoch 136/160	Training Loss: 1.8131	Time remaining is 0h:40m
2024-04-18 11:26:33 INFO Epoch 137/160	Training Loss: 1.8046	Time remaining is 0h:38m
2024-04-18 11:28:04 INFO Epoch 138/160	Training Loss: 1.8174	Time remaining is 0h:37m
2024-04-18 11:29:34 INFO Epoch 139/160	Training Loss: 1.8057	Time remaining is 0h:35m
2024-04-18 11:31:05 INFO Epoch 140/160	Training Loss: 1.8121	Time remaining is 0h:34m
2024-04-18 11:32:23 INFO Testing: dataset_name: DukeMTMC-reID top1:0.8918 top5:0.9511 top10:0.9650 mAP:0.7940
2024-04-18 11:33:54 INFO Epoch 141/160	Training Loss: 1.8187	Time remaining is 0h:32m
2024-04-18 11:35:24 INFO Epoch 142/160	Training Loss: 1.8108	Time remaining is 0h:31m
2024-04-18 11:36:55 INFO Epoch 143/160	Training Loss: 1.8107	Time remaining is 0h:29m
2024-04-18 11:38:24 INFO Epoch 144/160	Training Loss: 1.8047	Time remaining is 0h:27m
2024-04-18 11:39:55 INFO Epoch 145/160	Training Loss: 1.8109	Time remaining is 0h:26m
2024-04-18 11:41:14 INFO Testing: dataset_name: DukeMTMC-reID top1:0.8959 top5:0.9506 top10:0.9663 mAP:0.7965
2024-04-18 11:42:44 INFO Epoch 146/160	Training Loss: 1.8130	Time remaining is 0h:24m
2024-04-18 11:44:15 INFO Epoch 147/160	Training Loss: 1.8186	Time remaining is 0h:23m
2024-04-18 11:45:45 INFO Epoch 148/160	Training Loss: 1.8196	Time remaining is 0h:21m
2024-04-18 11:47:16 INFO Epoch 149/160	Training Loss: 1.8176	Time remaining is 0h:19m
2024-04-18 11:48:47 INFO Epoch 150/160	Training Loss: 1.8191	Time remaining is 0h:18m
2024-04-18 11:50:06 INFO Testing: dataset_name: DukeMTMC-reID top1:0.8959 top5:0.9524 top10:0.9654 mAP:0.7963
2024-04-18 11:51:36 INFO Epoch 151/160	Training Loss: 1.8184	Time remaining is 0h:16m
2024-04-18 11:53:06 INFO Epoch 152/160	Training Loss: 1.7959	Time remaining is 0h:15m
2024-04-18 11:54:36 INFO Epoch 153/160	Training Loss: 1.8174	Time remaining is 0h:13m
2024-04-18 11:56:08 INFO Epoch 154/160	Training Loss: 1.8244	Time remaining is 0h:11m
2024-04-18 11:57:38 INFO Epoch 155/160	Training Loss: 1.8088	Time remaining is 0h:10m
2024-04-18 11:58:56 INFO Testing: dataset_name: DukeMTMC-reID top1:0.8963 top5:0.9524 top10:0.9654 mAP:0.7964
2024-04-18 12:00:27 INFO Epoch 156/160	Training Loss: 1.8093	Time remaining is 0h:8m
2024-04-18 12:01:57 INFO Epoch 157/160	Training Loss: 1.8164	Time remaining is 0h:6m
2024-04-18 12:03:27 INFO Epoch 158/160	Training Loss: 1.8032	Time remaining is 0h:5m
2024-04-18 12:04:58 INFO Epoch 159/160	Training Loss: 1.8017	Time remaining is 0h:3m
2024-04-18 12:06:28 INFO Epoch 160/160	Training Loss: 1.8032	Time remaining is 0h:2m
2024-04-18 12:07:46 INFO Testing: dataset_name: DukeMTMC-reID top1:0.8950 top5:0.9520 top10:0.9659 mAP:0.7967
2024-04-18 12:07:46 INFO The running time of training: 1.56459e+04 s
