2024-05-05 22:07:05 INFO ##################################################
2024-05-05 22:07:05 INFO Config values: batch_size: 60	current_directory: /home/hy/project/reid_task/ex_main3	dataset_name: market1501	dataset_path: /home/hy/project/data/Market-1501-v15.09.15	device: cuda	dtype: torch.float32	epoch_start_test: 90	epochs: 160	img_height: 256	img_width: 128	logs_outputs_path: /home/hy/project/reid_task/ex_main3/./outputs/logs	models_outputs_path: /home/hy/project/reid_task/ex_main3/./outputs/models	np: <module 'numpy' from '/home/hy/anaconda3/envs/py396/lib/python3.9/site-packages/numpy/__init__.py'>	os: <module 'os' from '/home/hy/anaconda3/envs/py396/lib/python3.9/os.py'>	outputs_dir: ./outputs/	outputs_path: /home/hy/project/reid_task/ex_main3/./outputs/	print_every: 1	seed: 3	taskname: ReID_Task	temps_outputs_path: /home/hy/project/reid_task/ex_main3/./outputs/temps	test_batch_size: 256	test_every: 5	torch: <module 'torch' from '/home/hy/anaconda3/envs/py396/lib/python3.9/site-packages/torch/__init__.py'>
2024-05-05 22:07:05 INFO Task: ReID_Task
2024-05-05 22:07:05 INFO Using device: cuda
2024-05-05 22:07:05 INFO Using data type: torch.float32
2024-05-05 22:07:05 INFO Number of GPUs: 1
2024-05-05 22:07:05 INFO GPU is_available: True
2024-05-05 22:07:05 INFO GPU name: NVIDIA GeForce RTX 3060
2024-05-05 22:07:05 INFO CUDA version: 12.1
2024-05-05 22:07:05 INFO Current device id: 0
2024-05-05 22:07:05 INFO ##################################################
2024-05-05 22:08:11 INFO Epoch 1/160	Training Loss: 11.1079	Time remaining is 2h:54m
2024-05-05 22:09:15 INFO Epoch 2/160	Training Loss: 9.5092	Time remaining is 2h:52m
2024-05-05 22:10:19 INFO Epoch 3/160	Training Loss: 8.0140	Time remaining is 2h:50m
2024-05-05 22:11:23 INFO Epoch 4/160	Training Loss: 6.5182	Time remaining is 2h:48m
2024-05-05 22:12:28 INFO Epoch 5/160	Training Loss: 5.1947	Time remaining is 2h:48m
2024-05-05 22:13:32 INFO Epoch 6/160	Training Loss: 4.1288	Time remaining is 2h:46m
2024-05-05 22:14:36 INFO Epoch 7/160	Training Loss: 3.3026	Time remaining is 2h:45m
2024-05-05 22:15:40 INFO Epoch 8/160	Training Loss: 2.7716	Time remaining is 2h:44m
2024-05-05 22:16:45 INFO Epoch 9/160	Training Loss: 2.4202	Time remaining is 2h:43m
2024-05-05 22:17:49 INFO Epoch 10/160	Training Loss: 2.2283	Time remaining is 2h:42m
2024-05-05 22:18:54 INFO Epoch 11/160	Training Loss: 2.0791	Time remaining is 2h:41m
2024-05-05 22:19:58 INFO Epoch 12/160	Training Loss: 1.9788	Time remaining is 2h:40m
2024-05-05 22:21:02 INFO Epoch 13/160	Training Loss: 1.8971	Time remaining is 2h:39m
2024-05-05 22:22:06 INFO Epoch 14/160	Training Loss: 1.8413	Time remaining is 2h:38m
2024-05-05 22:23:11 INFO Epoch 15/160	Training Loss: 1.8139	Time remaining is 2h:37m
2024-05-05 22:24:15 INFO Epoch 16/160	Training Loss: 1.7771	Time remaining is 2h:36m
2024-05-05 22:25:20 INFO Epoch 17/160	Training Loss: 1.7612	Time remaining is 2h:34m
2024-05-05 22:26:24 INFO Epoch 18/160	Training Loss: 1.7209	Time remaining is 2h:33m
2024-05-05 22:27:29 INFO Epoch 19/160	Training Loss: 1.7198	Time remaining is 2h:32m
2024-05-05 22:28:33 INFO Epoch 20/160	Training Loss: 1.7059	Time remaining is 2h:31m
2024-05-05 22:29:38 INFO Epoch 21/160	Training Loss: 1.7058	Time remaining is 2h:30m
2024-05-05 22:30:42 INFO Epoch 22/160	Training Loss: 1.6768	Time remaining is 2h:29m
2024-05-05 22:31:47 INFO Epoch 23/160	Training Loss: 1.6798	Time remaining is 2h:28m
2024-05-05 22:32:51 INFO Epoch 24/160	Training Loss: 1.6662	Time remaining is 2h:27m
2024-05-05 22:33:55 INFO Epoch 25/160	Training Loss: 1.6663	Time remaining is 2h:26m
2024-05-05 22:35:00 INFO Epoch 26/160	Training Loss: 1.6661	Time remaining is 2h:25m
2024-05-05 22:36:05 INFO Epoch 27/160	Training Loss: 1.6581	Time remaining is 2h:24m
2024-05-05 22:37:09 INFO Epoch 28/160	Training Loss: 1.6640	Time remaining is 2h:23m
2024-05-05 22:38:14 INFO Epoch 29/160	Training Loss: 1.6633	Time remaining is 2h:22m
2024-05-05 22:39:18 INFO Epoch 30/160	Training Loss: 1.6391	Time remaining is 2h:21m
2024-05-05 22:40:22 INFO Epoch 31/160	Training Loss: 1.6397	Time remaining is 2h:20m
2024-05-05 22:41:27 INFO Epoch 32/160	Training Loss: 1.6449	Time remaining is 2h:19m
2024-05-05 22:42:32 INFO Epoch 33/160	Training Loss: 1.6620	Time remaining is 2h:17m
2024-05-05 22:43:37 INFO Epoch 34/160	Training Loss: 1.6496	Time remaining is 2h:16m
2024-05-05 22:44:41 INFO Epoch 35/160	Training Loss: 1.6329	Time remaining is 2h:15m
2024-05-05 22:45:46 INFO Epoch 36/160	Training Loss: 1.6479	Time remaining is 2h:14m
2024-05-05 22:46:50 INFO Epoch 37/160	Training Loss: 1.6665	Time remaining is 2h:13m
2024-05-05 22:47:55 INFO Epoch 38/160	Training Loss: 1.6550	Time remaining is 2h:12m
2024-05-05 22:49:00 INFO Epoch 39/160	Training Loss: 1.6391	Time remaining is 2h:11m
2024-05-05 22:50:04 INFO Epoch 40/160	Training Loss: 1.6170	Time remaining is 2h:10m
2024-05-05 22:51:09 INFO Epoch 41/160	Training Loss: 1.5853	Time remaining is 2h:9m
2024-05-05 22:52:13 INFO Epoch 42/160	Training Loss: 1.5265	Time remaining is 2h:8m
2024-05-05 22:53:17 INFO Epoch 43/160	Training Loss: 1.5104	Time remaining is 2h:7m
2024-05-05 22:54:22 INFO Epoch 44/160	Training Loss: 1.5046	Time remaining is 2h:6m
2024-05-05 22:55:26 INFO Epoch 45/160	Training Loss: 1.4923	Time remaining is 2h:5m
2024-05-05 22:56:30 INFO Epoch 46/160	Training Loss: 1.4877	Time remaining is 2h:4m
2024-05-05 22:57:35 INFO Epoch 47/160	Training Loss: 1.4916	Time remaining is 2h:2m
2024-05-05 22:58:39 INFO Epoch 48/160	Training Loss: 1.4897	Time remaining is 2h:1m
2024-05-05 22:59:43 INFO Epoch 49/160	Training Loss: 1.4811	Time remaining is 2h:0m
2024-05-05 23:00:47 INFO Epoch 50/160	Training Loss: 1.4796	Time remaining is 1h:59m
2024-05-05 23:01:52 INFO Epoch 51/160	Training Loss: 1.4837	Time remaining is 1h:58m
2024-05-05 23:02:56 INFO Epoch 52/160	Training Loss: 1.4735	Time remaining is 1h:57m
2024-05-05 23:04:00 INFO Epoch 53/160	Training Loss: 1.4792	Time remaining is 1h:56m
2024-05-05 23:05:05 INFO Epoch 54/160	Training Loss: 1.4742	Time remaining is 1h:55m
2024-05-05 23:06:09 INFO Epoch 55/160	Training Loss: 1.4759	Time remaining is 1h:54m
2024-05-05 23:07:14 INFO Epoch 56/160	Training Loss: 1.4742	Time remaining is 1h:53m
2024-05-05 23:08:18 INFO Epoch 57/160	Training Loss: 1.4671	Time remaining is 1h:52m
2024-05-05 23:09:22 INFO Epoch 58/160	Training Loss: 1.4709	Time remaining is 1h:51m
2024-05-05 23:10:27 INFO Epoch 59/160	Training Loss: 1.4709	Time remaining is 1h:50m
2024-05-05 23:11:31 INFO Epoch 60/160	Training Loss: 1.4706	Time remaining is 1h:48m
2024-05-05 23:12:36 INFO Epoch 61/160	Training Loss: 1.4707	Time remaining is 1h:47m
2024-05-05 23:13:40 INFO Epoch 62/160	Training Loss: 1.4671	Time remaining is 1h:46m
2024-05-05 23:14:45 INFO Epoch 63/160	Training Loss: 1.4672	Time remaining is 1h:45m
2024-05-05 23:15:49 INFO Epoch 64/160	Training Loss: 1.4691	Time remaining is 1h:44m
2024-05-05 23:16:54 INFO Epoch 65/160	Training Loss: 1.4689	Time remaining is 1h:43m
2024-05-05 23:17:58 INFO Epoch 66/160	Training Loss: 1.4592	Time remaining is 1h:42m
2024-05-05 23:19:02 INFO Epoch 67/160	Training Loss: 1.4642	Time remaining is 1h:41m
2024-05-05 23:20:07 INFO Epoch 68/160	Training Loss: 1.4624	Time remaining is 1h:40m
2024-05-05 23:21:11 INFO Epoch 69/160	Training Loss: 1.4623	Time remaining is 1h:39m
2024-05-05 23:22:15 INFO Epoch 70/160	Training Loss: 1.4622	Time remaining is 1h:38m
2024-05-05 23:23:20 INFO Epoch 71/160	Training Loss: 1.4580	Time remaining is 1h:37m
2024-05-05 23:24:24 INFO Epoch 72/160	Training Loss: 1.4571	Time remaining is 1h:36m
2024-05-05 23:25:28 INFO Epoch 73/160	Training Loss: 1.4550	Time remaining is 1h:34m
2024-05-05 23:26:32 INFO Epoch 74/160	Training Loss: 1.4487	Time remaining is 1h:33m
2024-05-05 23:27:36 INFO Epoch 75/160	Training Loss: 1.4482	Time remaining is 1h:32m
2024-05-05 23:28:40 INFO Epoch 76/160	Training Loss: 1.4455	Time remaining is 1h:31m
2024-05-05 23:29:44 INFO Epoch 77/160	Training Loss: 1.4548	Time remaining is 1h:30m
2024-05-05 23:30:48 INFO Epoch 78/160	Training Loss: 1.4463	Time remaining is 1h:29m
2024-05-05 23:31:53 INFO Epoch 79/160	Training Loss: 1.4517	Time remaining is 1h:28m
2024-05-05 23:32:57 INFO Epoch 80/160	Training Loss: 1.4447	Time remaining is 1h:27m
2024-05-05 23:34:01 INFO Epoch 81/160	Training Loss: 1.4424	Time remaining is 1h:26m
2024-05-05 23:35:05 INFO Epoch 82/160	Training Loss: 1.4520	Time remaining is 1h:25m
2024-05-05 23:36:10 INFO Epoch 83/160	Training Loss: 1.4523	Time remaining is 1h:24m
2024-05-05 23:37:14 INFO Epoch 84/160	Training Loss: 1.4439	Time remaining is 1h:23m
2024-05-05 23:38:18 INFO Epoch 85/160	Training Loss: 1.4434	Time remaining is 1h:22m
2024-05-05 23:39:22 INFO Epoch 86/160	Training Loss: 1.4431	Time remaining is 1h:20m
2024-05-05 23:40:26 INFO Epoch 87/160	Training Loss: 1.4506	Time remaining is 1h:19m
2024-05-05 23:41:30 INFO Epoch 88/160	Training Loss: 1.4518	Time remaining is 1h:18m
2024-05-05 23:42:35 INFO Epoch 89/160	Training Loss: 1.4575	Time remaining is 1h:17m
2024-05-05 23:43:39 INFO Epoch 90/160	Training Loss: 1.4431	Time remaining is 1h:16m
2024-05-05 23:45:01 INFO Testing: dataset_name: market1501 top1:0.9365 top5:0.9786 top10:0.9872 mAP:0.8333
2024-05-05 23:46:05 INFO Epoch 91/160	Training Loss: 1.4507	Time remaining is 1h:16m
2024-05-05 23:47:10 INFO Epoch 92/160	Training Loss: 1.4496	Time remaining is 1h:15m
2024-05-05 23:48:15 INFO Epoch 93/160	Training Loss: 1.4505	Time remaining is 1h:14m
2024-05-05 23:49:19 INFO Epoch 94/160	Training Loss: 1.4437	Time remaining is 1h:13m
2024-05-05 23:50:23 INFO Epoch 95/160	Training Loss: 1.4489	Time remaining is 1h:12m
2024-05-05 23:51:46 INFO Testing: dataset_name: market1501 top1:0.9374 top5:0.9798 top10:0.9884 mAP:0.8341
2024-05-05 23:52:49 INFO Epoch 96/160	Training Loss: 1.4482	Time remaining is 1h:12m
2024-05-05 23:53:53 INFO Epoch 97/160	Training Loss: 1.4507	Time remaining is 1h:10m
2024-05-05 23:54:58 INFO Epoch 98/160	Training Loss: 1.4517	Time remaining is 1h:9m
2024-05-05 23:56:02 INFO Epoch 99/160	Training Loss: 1.4470	Time remaining is 1h:8m
2024-05-05 23:57:06 INFO Epoch 100/160	Training Loss: 1.4487	Time remaining is 1h:7m
2024-05-05 23:58:28 INFO Testing: dataset_name: market1501 top1:0.9365 top5:0.9804 top10:0.9863 mAP:0.8341
2024-05-05 23:59:32 INFO Epoch 101/160	Training Loss: 1.4481	Time remaining is 1h:7m
2024-05-06 00:00:37 INFO Epoch 102/160	Training Loss: 1.4463	Time remaining is 1h:6m
2024-05-06 00:01:41 INFO Epoch 103/160	Training Loss: 1.4482	Time remaining is 1h:5m
2024-05-06 00:02:45 INFO Epoch 104/160	Training Loss: 1.4483	Time remaining is 1h:3m
2024-05-06 00:03:50 INFO Epoch 105/160	Training Loss: 1.4427	Time remaining is 1h:2m
2024-05-06 00:05:12 INFO Testing: dataset_name: market1501 top1:0.9353 top5:0.9795 top10:0.9869 mAP:0.8362
2024-05-06 00:06:15 INFO Epoch 106/160	Training Loss: 1.4418	Time remaining is 1h:2m
2024-05-06 00:07:19 INFO Epoch 107/160	Training Loss: 1.4399	Time remaining is 1h:1m
2024-05-06 00:08:23 INFO Epoch 108/160	Training Loss: 1.4382	Time remaining is 0h:60m
2024-05-06 00:09:27 INFO Epoch 109/160	Training Loss: 1.4473	Time remaining is 0h:58m
2024-05-06 00:10:31 INFO Epoch 110/160	Training Loss: 1.4397	Time remaining is 0h:57m
2024-05-06 00:11:53 INFO Testing: dataset_name: market1501 top1:0.9379 top5:0.9795 top10:0.9884 mAP:0.8360
2024-05-06 00:12:57 INFO Epoch 111/160	Training Loss: 1.4463	Time remaining is 0h:57m
2024-05-06 00:14:01 INFO Epoch 112/160	Training Loss: 1.4393	Time remaining is 0h:56m
2024-05-06 00:15:05 INFO Epoch 113/160	Training Loss: 1.4408	Time remaining is 0h:54m
2024-05-06 00:16:10 INFO Epoch 114/160	Training Loss: 1.4544	Time remaining is 0h:53m
2024-05-06 00:17:14 INFO Epoch 115/160	Training Loss: 1.4464	Time remaining is 0h:52m
2024-05-06 00:18:36 INFO Testing: dataset_name: market1501 top1:0.9371 top5:0.9801 top10:0.9878 mAP:0.8352
2024-05-06 00:19:40 INFO Epoch 116/160	Training Loss: 1.4478	Time remaining is 0h:51m
2024-05-06 00:20:44 INFO Epoch 117/160	Training Loss: 1.4470	Time remaining is 0h:50m
2024-05-06 00:21:49 INFO Epoch 118/160	Training Loss: 1.4473	Time remaining is 0h:49m
2024-05-06 00:22:53 INFO Epoch 119/160	Training Loss: 1.4475	Time remaining is 0h:48m
2024-05-06 00:23:58 INFO Epoch 120/160	Training Loss: 1.4458	Time remaining is 0h:47m
2024-05-06 00:25:20 INFO Testing: dataset_name: market1501 top1:0.9374 top5:0.9807 top10:0.9878 mAP:0.8354
2024-05-06 00:26:24 INFO Epoch 121/160	Training Loss: 1.4541	Time remaining is 0h:46m
2024-05-06 00:27:29 INFO Epoch 122/160	Training Loss: 1.4469	Time remaining is 0h:45m
2024-05-06 00:28:33 INFO Epoch 123/160	Training Loss: 1.4452	Time remaining is 0h:44m
2024-05-06 00:29:37 INFO Epoch 124/160	Training Loss: 1.4385	Time remaining is 0h:43m
2024-05-06 00:30:41 INFO Epoch 125/160	Training Loss: 1.4469	Time remaining is 0h:41m
2024-05-06 00:32:03 INFO Testing: dataset_name: market1501 top1:0.9376 top5:0.9789 top10:0.9878 mAP:0.8379
2024-05-06 00:33:07 INFO Epoch 126/160	Training Loss: 1.4461	Time remaining is 0h:41m
2024-05-06 00:34:11 INFO Epoch 127/160	Training Loss: 1.4402	Time remaining is 0h:39m
2024-05-06 00:35:15 INFO Epoch 128/160	Training Loss: 1.4388	Time remaining is 0h:38m
2024-05-06 00:36:20 INFO Epoch 129/160	Training Loss: 1.4533	Time remaining is 0h:37m
2024-05-06 00:37:24 INFO Epoch 130/160	Training Loss: 1.4436	Time remaining is 0h:36m
2024-05-06 00:38:46 INFO Testing: dataset_name: market1501 top1:0.9388 top5:0.9789 top10:0.9869 mAP:0.8367
2024-05-06 00:39:50 INFO Epoch 131/160	Training Loss: 1.4381	Time remaining is 0h:35m
2024-05-06 00:40:54 INFO Epoch 132/160	Training Loss: 1.4448	Time remaining is 0h:34m
2024-05-06 00:41:58 INFO Epoch 133/160	Training Loss: 1.4432	Time remaining is 0h:33m
2024-05-06 00:43:02 INFO Epoch 134/160	Training Loss: 1.4455	Time remaining is 0h:31m
2024-05-06 00:44:06 INFO Epoch 135/160	Training Loss: 1.4363	Time remaining is 0h:30m
2024-05-06 00:45:28 INFO Testing: dataset_name: market1501 top1:0.9379 top5:0.9786 top10:0.9872 mAP:0.8377
2024-05-06 00:46:32 INFO Epoch 136/160	Training Loss: 1.4370	Time remaining is 0h:29m
2024-05-06 00:47:36 INFO Epoch 137/160	Training Loss: 1.4436	Time remaining is 0h:28m
2024-05-06 00:48:40 INFO Epoch 138/160	Training Loss: 1.4458	Time remaining is 0h:27m
2024-05-06 00:49:44 INFO Epoch 139/160	Training Loss: 1.4403	Time remaining is 0h:26m
2024-05-06 00:50:49 INFO Epoch 140/160	Training Loss: 1.4429	Time remaining is 0h:25m
2024-05-06 00:52:11 INFO Testing: dataset_name: market1501 top1:0.9388 top5:0.9798 top10:0.9875 mAP:0.8391
2024-05-06 00:53:15 INFO Epoch 141/160	Training Loss: 1.4350	Time remaining is 0h:24m
2024-05-06 00:54:19 INFO Epoch 142/160	Training Loss: 1.4414	Time remaining is 0h:22m
2024-05-06 00:55:24 INFO Epoch 143/160	Training Loss: 1.4448	Time remaining is 0h:21m
2024-05-06 00:56:28 INFO Epoch 144/160	Training Loss: 1.4444	Time remaining is 0h:20m
2024-05-06 00:57:32 INFO Epoch 145/160	Training Loss: 1.4434	Time remaining is 0h:19m
2024-05-06 00:58:55 INFO Testing: dataset_name: market1501 top1:0.9362 top5:0.9798 top10:0.9869 mAP:0.8382
2024-05-06 00:59:58 INFO Epoch 146/160	Training Loss: 1.4378	Time remaining is 0h:18m
2024-05-06 01:01:03 INFO Epoch 147/160	Training Loss: 1.4432	Time remaining is 0h:17m
2024-05-06 01:02:07 INFO Epoch 148/160	Training Loss: 1.4374	Time remaining is 0h:15m
2024-05-06 01:03:11 INFO Epoch 149/160	Training Loss: 1.4440	Time remaining is 0h:14m
2024-05-06 01:04:15 INFO Epoch 150/160	Training Loss: 1.4372	Time remaining is 0h:13m
2024-05-06 01:05:38 INFO Testing: dataset_name: market1501 top1:0.9374 top5:0.9792 top10:0.9890 mAP:0.8383
2024-05-06 01:06:42 INFO Epoch 151/160	Training Loss: 1.4437	Time remaining is 0h:12m
2024-05-06 01:07:46 INFO Epoch 152/160	Training Loss: 1.4374	Time remaining is 0h:11m
2024-05-06 01:08:50 INFO Epoch 153/160	Training Loss: 1.4437	Time remaining is 0h:10m
2024-05-06 01:09:54 INFO Epoch 154/160	Training Loss: 1.4405	Time remaining is 0h:8m
2024-05-06 01:10:59 INFO Epoch 155/160	Training Loss: 1.4435	Time remaining is 0h:7m
2024-05-06 01:12:21 INFO Testing: dataset_name: market1501 top1:0.9388 top5:0.9789 top10:0.9881 mAP:0.8391
2024-05-06 01:13:25 INFO Epoch 156/160	Training Loss: 1.4424	Time remaining is 0h:6m
2024-05-06 01:14:29 INFO Epoch 157/160	Training Loss: 1.4439	Time remaining is 0h:5m
2024-05-06 01:15:33 INFO Epoch 158/160	Training Loss: 1.4343	Time remaining is 0h:4m
2024-05-06 01:16:37 INFO Epoch 159/160	Training Loss: 1.4417	Time remaining is 0h:2m
2024-05-06 01:17:41 INFO Epoch 160/160	Training Loss: 1.4364	Time remaining is 0h:1m
2024-05-06 01:19:03 INFO Testing: dataset_name: market1501 top1:0.9394 top5:0.9801 top10:0.9881 mAP:0.8395
2024-05-06 01:19:03 INFO The running time of training: 1.15186e+04 s
