2024-04-06 15:18:41 INFO ##################################################
2024-04-06 15:18:41 INFO Config values: batch_size: 60	current_directory: /home/hy/project/reid_task/ex_main2	dataset_name: cuhk03-np-detected	dataset_path: /home/hy/project/data/cuhk03-np/detected	device: cuda	dtype: torch.float32	epoch_start_test: 100	epochs: 120	img_height: 256	img_width: 128	logs_outputs_path: /home/hy/project/reid_task/ex_main2/./outputs/logs	models_outputs_path: /home/hy/project/reid_task/ex_main2/./outputs/models	np: <module 'numpy' from '/home/hy/anaconda3/envs/py396/lib/python3.9/site-packages/numpy/__init__.py'>	os: <module 'os' from '/home/hy/anaconda3/envs/py396/lib/python3.9/os.py'>	outputs_dir: ./outputs/	outputs_path: /home/hy/project/reid_task/ex_main2/./outputs/	print_every: 1	seed: 1	taskname: ReID_Task	temps_outputs_path: /home/hy/project/reid_task/ex_main2/./outputs/temps	test_batch_size: 256	test_every: 1	torch: <module 'torch' from '/home/hy/anaconda3/envs/py396/lib/python3.9/site-packages/torch/__init__.py'>
2024-04-06 15:18:41 INFO Task: ReID_Task
2024-04-06 15:18:41 INFO Using device: cuda
2024-04-06 15:18:41 INFO Using data type: torch.float32
2024-04-06 15:18:41 INFO Number of GPUs: 1
2024-04-06 15:18:41 INFO GPU is_available: True
2024-04-06 15:18:41 INFO GPU name: NVIDIA GeForce RTX 3060
2024-04-06 15:18:41 INFO CUDA version: 12.1
2024-04-06 15:18:41 INFO Current device id: 0
2024-04-06 15:18:41 INFO ##################################################
2024-04-06 15:19:26 INFO Epoch 1/120	Training Loss: 8.7081	Time remaining is 1h:28m
2024-04-06 15:20:10 INFO Epoch 2/120	Training Loss: 7.7974	Time remaining is 1h:27m
2024-04-06 15:20:53 INFO Epoch 3/120	Training Loss: 6.8733	Time remaining is 1h:26m
2024-04-06 15:21:37 INFO Epoch 4/120	Training Loss: 5.8673	Time remaining is 1h:25m
2024-04-06 15:22:20 INFO Epoch 5/120	Training Loss: 4.9028	Time remaining is 1h:24m
2024-04-06 15:23:03 INFO Epoch 6/120	Training Loss: 3.9778	Time remaining is 1h:23m
2024-04-06 15:23:47 INFO Epoch 7/120	Training Loss: 3.1956	Time remaining is 1h:23m
2024-04-06 15:24:30 INFO Epoch 8/120	Training Loss: 2.6214	Time remaining is 1h:22m
2024-04-06 15:25:13 INFO Epoch 9/120	Training Loss: 2.3214	Time remaining is 1h:21m
2024-04-06 15:25:56 INFO Epoch 10/120	Training Loss: 2.1834	Time remaining is 1h:20m
2024-04-06 15:26:39 INFO Epoch 11/120	Training Loss: 2.0986	Time remaining is 1h:20m
2024-04-06 15:27:23 INFO Epoch 12/120	Training Loss: 2.0378	Time remaining is 1h:19m
2024-04-06 15:28:06 INFO Epoch 13/120	Training Loss: 1.9848	Time remaining is 1h:18m
2024-04-06 15:28:49 INFO Epoch 14/120	Training Loss: 1.9416	Time remaining is 1h:17m
2024-04-06 15:29:32 INFO Epoch 15/120	Training Loss: 1.9176	Time remaining is 1h:17m
2024-04-06 15:30:15 INFO Epoch 16/120	Training Loss: 1.9215	Time remaining is 1h:16m
2024-04-06 15:30:59 INFO Epoch 17/120	Training Loss: 1.8951	Time remaining is 1h:15m
2024-04-06 15:31:42 INFO Epoch 18/120	Training Loss: 1.8836	Time remaining is 1h:14m
2024-04-06 15:32:25 INFO Epoch 19/120	Training Loss: 1.8748	Time remaining is 1h:14m
2024-04-06 15:33:08 INFO Epoch 20/120	Training Loss: 1.8551	Time remaining is 1h:13m
2024-04-06 15:33:51 INFO Epoch 21/120	Training Loss: 1.8591	Time remaining is 1h:12m
2024-04-06 15:34:34 INFO Epoch 22/120	Training Loss: 1.8530	Time remaining is 1h:11m
2024-04-06 15:35:18 INFO Epoch 23/120	Training Loss: 1.8408	Time remaining is 1h:11m
2024-04-06 15:36:01 INFO Epoch 24/120	Training Loss: 1.8431	Time remaining is 1h:10m
2024-04-06 15:36:44 INFO Epoch 25/120	Training Loss: 1.8336	Time remaining is 1h:9m
2024-04-06 15:37:27 INFO Epoch 26/120	Training Loss: 1.8297	Time remaining is 1h:9m
2024-04-06 15:38:10 INFO Epoch 27/120	Training Loss: 1.8316	Time remaining is 1h:8m
2024-04-06 15:38:53 INFO Epoch 28/120	Training Loss: 1.8218	Time remaining is 1h:7m
2024-04-06 15:39:36 INFO Epoch 29/120	Training Loss: 1.8222	Time remaining is 1h:6m
2024-04-06 15:40:20 INFO Epoch 30/120	Training Loss: 1.8142	Time remaining is 1h:6m
2024-04-06 15:41:03 INFO Epoch 31/120	Training Loss: 1.8309	Time remaining is 1h:5m
2024-04-06 15:41:46 INFO Epoch 32/120	Training Loss: 1.8305	Time remaining is 1h:4m
2024-04-06 15:42:29 INFO Epoch 33/120	Training Loss: 1.8389	Time remaining is 1h:3m
2024-04-06 15:43:12 INFO Epoch 34/120	Training Loss: 1.8315	Time remaining is 1h:3m
2024-04-06 15:43:56 INFO Epoch 35/120	Training Loss: 1.8266	Time remaining is 1h:2m
2024-04-06 15:44:39 INFO Epoch 36/120	Training Loss: 1.8206	Time remaining is 1h:1m
2024-04-06 15:45:22 INFO Epoch 37/120	Training Loss: 1.8137	Time remaining is 1h:1m
2024-04-06 15:46:06 INFO Epoch 38/120	Training Loss: 1.8222	Time remaining is 0h:60m
2024-04-06 15:46:49 INFO Epoch 39/120	Training Loss: 1.8201	Time remaining is 0h:59m
2024-04-06 15:47:32 INFO Epoch 40/120	Training Loss: 1.8234	Time remaining is 0h:58m
2024-04-06 15:48:15 INFO Epoch 41/120	Training Loss: 1.7859	Time remaining is 0h:58m
2024-04-06 15:48:58 INFO Epoch 42/120	Training Loss: 1.7610	Time remaining is 0h:57m
2024-04-06 15:49:41 INFO Epoch 43/120	Training Loss: 1.7404	Time remaining is 0h:56m
2024-04-06 15:50:25 INFO Epoch 44/120	Training Loss: 1.7374	Time remaining is 0h:55m
2024-04-06 15:51:08 INFO Epoch 45/120	Training Loss: 1.7309	Time remaining is 0h:55m
2024-04-06 15:51:51 INFO Epoch 46/120	Training Loss: 1.7273	Time remaining is 0h:54m
2024-04-06 15:52:34 INFO Epoch 47/120	Training Loss: 1.7200	Time remaining is 0h:53m
2024-04-06 15:53:17 INFO Epoch 48/120	Training Loss: 1.7183	Time remaining is 0h:53m
2024-04-06 15:54:00 INFO Epoch 49/120	Training Loss: 1.7168	Time remaining is 0h:52m
2024-04-06 15:54:45 INFO Epoch 50/120	Training Loss: 1.7129	Time remaining is 0h:51m
2024-04-06 15:55:28 INFO Epoch 51/120	Training Loss: 1.7095	Time remaining is 0h:50m
2024-04-06 15:56:11 INFO Epoch 52/120	Training Loss: 1.7077	Time remaining is 0h:50m
2024-04-06 15:56:54 INFO Epoch 53/120	Training Loss: 1.7067	Time remaining is 0h:49m
2024-04-06 15:57:38 INFO Epoch 54/120	Training Loss: 1.7057	Time remaining is 0h:48m
2024-04-06 15:58:21 INFO Epoch 55/120	Training Loss: 1.7044	Time remaining is 0h:48m
2024-04-06 15:59:04 INFO Epoch 56/120	Training Loss: 1.7028	Time remaining is 0h:47m
2024-04-06 15:59:47 INFO Epoch 57/120	Training Loss: 1.7004	Time remaining is 0h:46m
2024-04-06 16:00:30 INFO Epoch 58/120	Training Loss: 1.6998	Time remaining is 0h:45m
2024-04-06 16:01:14 INFO Epoch 59/120	Training Loss: 1.7003	Time remaining is 0h:45m
2024-04-06 16:01:57 INFO Epoch 60/120	Training Loss: 1.6997	Time remaining is 0h:44m
2024-04-06 16:02:40 INFO Epoch 61/120	Training Loss: 1.6982	Time remaining is 0h:43m
2024-04-06 16:03:23 INFO Epoch 62/120	Training Loss: 1.6977	Time remaining is 0h:43m
2024-04-06 16:04:06 INFO Epoch 63/120	Training Loss: 1.6951	Time remaining is 0h:42m
2024-04-06 16:04:49 INFO Epoch 64/120	Training Loss: 1.6958	Time remaining is 0h:41m
2024-04-06 16:05:33 INFO Epoch 65/120	Training Loss: 1.6953	Time remaining is 0h:40m
2024-04-06 16:06:16 INFO Epoch 66/120	Training Loss: 1.6972	Time remaining is 0h:40m
2024-04-06 16:06:59 INFO Epoch 67/120	Training Loss: 1.6927	Time remaining is 0h:39m
2024-04-06 16:07:42 INFO Epoch 68/120	Training Loss: 1.6912	Time remaining is 0h:38m
2024-04-06 16:08:25 INFO Epoch 69/120	Training Loss: 1.6924	Time remaining is 0h:37m
2024-04-06 16:09:08 INFO Epoch 70/120	Training Loss: 1.6923	Time remaining is 0h:37m
2024-04-06 16:09:52 INFO Epoch 71/120	Training Loss: 1.6902	Time remaining is 0h:36m
2024-04-06 16:10:35 INFO Epoch 72/120	Training Loss: 1.6884	Time remaining is 0h:35m
2024-04-06 16:11:18 INFO Epoch 73/120	Training Loss: 1.6858	Time remaining is 0h:35m
2024-04-06 16:12:01 INFO Epoch 74/120	Training Loss: 1.6845	Time remaining is 0h:34m
2024-04-06 16:12:44 INFO Epoch 75/120	Training Loss: 1.6834	Time remaining is 0h:33m
2024-04-06 16:13:28 INFO Epoch 76/120	Training Loss: 1.6832	Time remaining is 0h:32m
2024-04-06 16:14:11 INFO Epoch 77/120	Training Loss: 1.6827	Time remaining is 0h:32m
2024-04-06 16:14:54 INFO Epoch 78/120	Training Loss: 1.6837	Time remaining is 0h:31m
2024-04-06 16:15:37 INFO Epoch 79/120	Training Loss: 1.6830	Time remaining is 0h:30m
2024-04-06 16:16:20 INFO Epoch 80/120	Training Loss: 1.6821	Time remaining is 0h:30m
2024-04-06 16:17:03 INFO Epoch 81/120	Training Loss: 1.6812	Time remaining is 0h:29m
2024-04-06 16:17:46 INFO Epoch 82/120	Training Loss: 1.6802	Time remaining is 0h:28m
2024-04-06 16:18:30 INFO Epoch 83/120	Training Loss: 1.6812	Time remaining is 0h:27m
2024-04-06 16:19:13 INFO Epoch 84/120	Training Loss: 1.6804	Time remaining is 0h:27m
2024-04-06 16:19:56 INFO Epoch 85/120	Training Loss: 1.6809	Time remaining is 0h:26m
2024-04-06 16:20:39 INFO Epoch 86/120	Training Loss: 1.6805	Time remaining is 0h:25m
2024-04-06 16:21:23 INFO Epoch 87/120	Training Loss: 1.6795	Time remaining is 0h:24m
2024-04-06 16:22:06 INFO Epoch 88/120	Training Loss: 1.6813	Time remaining is 0h:24m
2024-04-06 16:22:49 INFO Epoch 89/120	Training Loss: 1.6778	Time remaining is 0h:23m
2024-04-06 16:23:32 INFO Epoch 90/120	Training Loss: 1.6796	Time remaining is 0h:22m
2024-04-06 16:24:15 INFO Epoch 91/120	Training Loss: 1.6798	Time remaining is 0h:22m
2024-04-06 16:24:58 INFO Epoch 92/120	Training Loss: 1.6791	Time remaining is 0h:21m
2024-04-06 16:25:42 INFO Epoch 93/120	Training Loss: 1.6788	Time remaining is 0h:20m
2024-04-06 16:26:25 INFO Epoch 94/120	Training Loss: 1.6790	Time remaining is 0h:19m
2024-04-06 16:27:08 INFO Epoch 95/120	Training Loss: 1.6785	Time remaining is 0h:19m
2024-04-06 16:27:51 INFO Epoch 96/120	Training Loss: 1.6784	Time remaining is 0h:18m
2024-04-06 16:28:34 INFO Epoch 97/120	Training Loss: 1.6785	Time remaining is 0h:17m
2024-04-06 16:29:18 INFO Epoch 98/120	Training Loss: 1.6781	Time remaining is 0h:17m
2024-04-06 16:30:01 INFO Epoch 99/120	Training Loss: 1.6772	Time remaining is 0h:16m
2024-04-06 16:30:44 INFO Epoch 100/120	Training Loss: 1.6777	Time remaining is 0h:15m
2024-04-06 16:31:11 INFO Testing: dataset_name: cuhk03-np-detected top1:0.6350 top5:0.8243 top10:0.8886 mAP:0.6212
2024-04-06 16:31:54 INFO Epoch 101/120	Training Loss: 1.6779	Time remaining is 0h:14m
2024-04-06 16:32:21 INFO Testing: dataset_name: cuhk03-np-detected top1:0.6407 top5:0.8293 top10:0.8886 mAP:0.6224
2024-04-06 16:33:04 INFO Epoch 102/120	Training Loss: 1.6784	Time remaining is 0h:14m
2024-04-06 16:33:30 INFO Testing: dataset_name: cuhk03-np-detected top1:0.6457 top5:0.8271 top10:0.8900 mAP:0.6279
2024-04-06 16:34:14 INFO Epoch 103/120	Training Loss: 1.6765	Time remaining is 0h:13m
2024-04-06 16:34:40 INFO Testing: dataset_name: cuhk03-np-detected top1:0.6393 top5:0.8229 top10:0.8957 mAP:0.6239
2024-04-06 16:35:24 INFO Epoch 104/120	Training Loss: 1.6781	Time remaining is 0h:13m
2024-04-06 16:35:50 INFO Testing: dataset_name: cuhk03-np-detected top1:0.6379 top5:0.8286 top10:0.8950 mAP:0.6242
2024-04-06 16:36:33 INFO Epoch 105/120	Training Loss: 1.6775	Time remaining is 0h:12m
2024-04-06 16:37:00 INFO Testing: dataset_name: cuhk03-np-detected top1:0.6379 top5:0.8271 top10:0.8957 mAP:0.6245
2024-04-06 16:37:43 INFO Epoch 106/120	Training Loss: 1.6753	Time remaining is 0h:11m
2024-04-06 16:38:10 INFO Testing: dataset_name: cuhk03-np-detected top1:0.6400 top5:0.8250 top10:0.8943 mAP:0.6275
2024-04-06 16:38:53 INFO Epoch 107/120	Training Loss: 1.6765	Time remaining is 0h:10m
2024-04-06 16:39:19 INFO Testing: dataset_name: cuhk03-np-detected top1:0.6429 top5:0.8300 top10:0.8957 mAP:0.6268
2024-04-06 16:40:02 INFO Epoch 108/120	Training Loss: 1.6775	Time remaining is 0h:10m
2024-04-06 16:40:29 INFO Testing: dataset_name: cuhk03-np-detected top1:0.6379 top5:0.8300 top10:0.8957 mAP:0.6250
2024-04-06 16:41:12 INFO Epoch 109/120	Training Loss: 1.6763	Time remaining is 0h:9m
2024-04-06 16:41:38 INFO Testing: dataset_name: cuhk03-np-detected top1:0.6443 top5:0.8314 top10:0.8950 mAP:0.6282
2024-04-06 16:42:21 INFO Epoch 110/120	Training Loss: 1.6767	Time remaining is 0h:8m
2024-04-06 16:42:48 INFO Testing: dataset_name: cuhk03-np-detected top1:0.6450 top5:0.8286 top10:0.8971 mAP:0.6284
2024-04-06 16:43:31 INFO Epoch 111/120	Training Loss: 1.6767	Time remaining is 0h:8m
2024-04-06 16:43:58 INFO Testing: dataset_name: cuhk03-np-detected top1:0.6436 top5:0.8293 top10:0.8921 mAP:0.6272
2024-04-06 16:44:41 INFO Epoch 112/120	Training Loss: 1.6763	Time remaining is 0h:7m
2024-04-06 16:45:07 INFO Testing: dataset_name: cuhk03-np-detected top1:0.6507 top5:0.8314 top10:0.8950 mAP:0.6300
2024-04-06 16:45:50 INFO Epoch 113/120	Training Loss: 1.6749	Time remaining is 0h:6m
2024-04-06 16:46:17 INFO Testing: dataset_name: cuhk03-np-detected top1:0.6414 top5:0.8321 top10:0.8921 mAP:0.6273
2024-04-06 16:47:00 INFO Epoch 114/120	Training Loss: 1.6772	Time remaining is 0h:5m
2024-04-06 16:47:26 INFO Testing: dataset_name: cuhk03-np-detected top1:0.6450 top5:0.8329 top10:0.8943 mAP:0.6296
2024-04-06 16:48:09 INFO Epoch 115/120	Training Loss: 1.6747	Time remaining is 0h:5m
2024-04-06 16:48:36 INFO Testing: dataset_name: cuhk03-np-detected top1:0.6486 top5:0.8379 top10:0.8979 mAP:0.6314
2024-04-06 16:49:19 INFO Epoch 116/120	Training Loss: 1.6747	Time remaining is 0h:4m
2024-04-06 16:49:46 INFO Testing: dataset_name: cuhk03-np-detected top1:0.6507 top5:0.8329 top10:0.8936 mAP:0.6318
2024-04-06 16:50:29 INFO Epoch 117/120	Training Loss: 1.6755	Time remaining is 0h:3m
2024-04-06 16:50:55 INFO Testing: dataset_name: cuhk03-np-detected top1:0.6464 top5:0.8321 top10:0.8929 mAP:0.6310
2024-04-06 16:51:38 INFO Epoch 118/120	Training Loss: 1.6758	Time remaining is 0h:2m
2024-04-06 16:52:05 INFO Testing: dataset_name: cuhk03-np-detected top1:0.6471 top5:0.8343 top10:0.8971 mAP:0.6293
2024-04-06 16:52:48 INFO Epoch 119/120	Training Loss: 1.6729	Time remaining is 0h:2m
2024-04-06 16:53:14 INFO Testing: dataset_name: cuhk03-np-detected top1:0.6436 top5:0.8329 top10:0.8914 mAP:0.6302
2024-04-06 16:53:57 INFO Epoch 120/120	Training Loss: 1.6753	Time remaining is 0h:1m
2024-04-06 16:54:24 INFO Testing: dataset_name: cuhk03-np-detected top1:0.6457 top5:0.8364 top10:0.8957 mAP:0.6291
2024-04-06 16:54:24 INFO The running time of training: 5.74295e+03 s
