2024-03-04 22:36:17 INFO ##################################################
2024-03-04 22:36:17 INFO Task: PCB
2024-03-04 22:36:17 INFO Using device: cuda
2024-03-04 22:36:17 INFO Using data type: torch.float32
2024-03-04 22:36:17 INFO Number of GPUs: 1
2024-03-04 22:36:17 INFO GPU is_available: True
2024-03-04 22:36:17 INFO GPU name: NVIDIA GeForce RTX 3060
2024-03-04 22:36:17 INFO CUDA version: 12.1
2024-03-04 22:36:17 INFO Current device id: 0
2024-03-04 22:36:17 INFO ##################################################
2024-03-04 22:37:42 INFO Epoch 1/60	Training Loss: 4.4171	Time remaining is 1h:23m
2024-03-04 22:39:03 INFO Epoch 2/60	Training Loss: 3.6096	Time remaining is 1h:21m
2024-03-04 22:40:25 INFO Epoch 3/60	Training Loss: 3.5007	Time remaining is 1h:20m
2024-03-04 22:41:48 INFO Epoch 4/60	Training Loss: 3.3998	Time remaining is 1h:18m
2024-03-04 22:43:10 INFO Epoch 5/60	Training Loss: 3.3198	Time remaining is 1h:17m
2024-03-04 22:44:31 INFO Epoch 6/60	Training Loss: 3.2246	Time remaining is 1h:15m
2024-03-04 22:45:53 INFO Epoch 7/60	Training Loss: 3.1746	Time remaining is 1h:14m
2024-03-04 22:47:16 INFO Epoch 8/60	Training Loss: 3.1002	Time remaining is 1h:13m
2024-03-04 22:48:37 INFO Epoch 9/60	Training Loss: 3.0109	Time remaining is 1h:11m
2024-03-04 22:49:59 INFO Epoch 10/60	Training Loss: 2.9525	Time remaining is 1h:10m
2024-03-04 22:51:21 INFO Epoch 11/60	Training Loss: 2.8734	Time remaining is 1h:8m
2024-03-04 22:52:43 INFO Epoch 12/60	Training Loss: 2.8306	Time remaining is 1h:7m
2024-03-04 22:54:05 INFO Epoch 13/60	Training Loss: 2.7428	Time remaining is 1h:6m
2024-03-04 22:55:27 INFO Epoch 14/60	Training Loss: 2.6913	Time remaining is 1h:4m
2024-03-04 22:56:49 INFO Epoch 15/60	Training Loss: 2.6142	Time remaining is 1h:3m
2024-03-04 22:58:10 INFO Epoch 16/60	Training Loss: 2.5408	Time remaining is 1h:1m
2024-03-04 22:59:33 INFO Epoch 17/60	Training Loss: 2.4918	Time remaining is 1h:0m
2024-03-04 23:00:54 INFO Epoch 18/60	Training Loss: 2.4233	Time remaining is 0h:59m
2024-03-04 23:02:16 INFO Epoch 19/60	Training Loss: 2.3615	Time remaining is 0h:57m
2024-03-04 23:03:38 INFO Epoch 20/60	Training Loss: 2.2996	Time remaining is 0h:56m
2024-03-04 23:04:26 INFO Testing: dataset_path: /home/hy/project/reid/datasets/Market-1501-v15.09.15 top1:0.7369 top5:0.8670 top10:0.9091 mAP:0.4978
2024-03-04 23:05:48 INFO Epoch 21/60	Training Loss: 2.1791	Time remaining is 0h:56m
2024-03-04 23:07:10 INFO Epoch 22/60	Training Loss: 2.1063	Time remaining is 0h:55m
2024-03-04 23:08:32 INFO Epoch 23/60	Training Loss: 2.0800	Time remaining is 0h:53m
2024-03-04 23:09:54 INFO Epoch 24/60	Training Loss: 2.0776	Time remaining is 0h:52m
2024-03-04 23:11:16 INFO Epoch 25/60	Training Loss: 2.0528	Time remaining is 0h:50m
2024-03-04 23:12:39 INFO Epoch 26/60	Training Loss: 2.0500	Time remaining is 0h:49m
2024-03-04 23:14:01 INFO Epoch 27/60	Training Loss: 2.0290	Time remaining is 0h:47m
2024-03-04 23:15:23 INFO Epoch 28/60	Training Loss: 2.0158	Time remaining is 0h:46m
2024-03-04 23:16:45 INFO Epoch 29/60	Training Loss: 2.0063	Time remaining is 0h:45m
2024-03-04 23:18:07 INFO Epoch 30/60	Training Loss: 1.9930	Time remaining is 0h:43m
2024-03-04 23:19:29 INFO Epoch 31/60	Training Loss: 1.9805	Time remaining is 0h:42m
2024-03-04 23:20:51 INFO Epoch 32/60	Training Loss: 1.9740	Time remaining is 0h:40m
2024-03-04 23:22:13 INFO Epoch 33/60	Training Loss: 1.9594	Time remaining is 0h:39m
2024-03-04 23:23:35 INFO Epoch 34/60	Training Loss: 1.9485	Time remaining is 0h:38m
2024-03-04 23:24:57 INFO Epoch 35/60	Training Loss: 1.9326	Time remaining is 0h:36m
2024-03-04 23:26:19 INFO Epoch 36/60	Training Loss: 1.9284	Time remaining is 0h:35m
2024-03-04 23:27:41 INFO Epoch 37/60	Training Loss: 1.9106	Time remaining is 0h:33m
2024-03-04 23:29:04 INFO Epoch 38/60	Training Loss: 1.9048	Time remaining is 0h:32m
2024-03-04 23:30:26 INFO Epoch 39/60	Training Loss: 1.8961	Time remaining is 0h:31m
2024-03-04 23:31:48 INFO Epoch 40/60	Training Loss: 1.8743	Time remaining is 0h:29m
2024-03-04 23:32:36 INFO Testing: dataset_path: /home/hy/project/reid/datasets/Market-1501-v15.09.15 top1:0.7904 top5:0.9029 top10:0.9326 mAP:0.5708
2024-03-04 23:33:58 INFO Epoch 41/60	Training Loss: 1.8645	Time remaining is 0h:28m
2024-03-04 23:35:20 INFO Epoch 42/60	Training Loss: 1.8487	Time remaining is 0h:27m
2024-03-04 23:36:42 INFO Epoch 43/60	Training Loss: 1.8423	Time remaining is 0h:25m
2024-03-04 23:38:04 INFO Epoch 44/60	Training Loss: 1.8432	Time remaining is 0h:24m
2024-03-04 23:39:27 INFO Epoch 45/60	Training Loss: 1.8401	Time remaining is 0h:22m
2024-03-04 23:40:49 INFO Epoch 46/60	Training Loss: 1.8499	Time remaining is 0h:21m
2024-03-04 23:42:11 INFO Epoch 47/60	Training Loss: 1.8260	Time remaining is 0h:20m
2024-03-04 23:43:33 INFO Epoch 48/60	Training Loss: 1.8421	Time remaining is 0h:18m
2024-03-04 23:44:55 INFO Epoch 49/60	Training Loss: 1.8265	Time remaining is 0h:17m
2024-03-04 23:46:17 INFO Epoch 50/60	Training Loss: 1.8250	Time remaining is 0h:15m
2024-03-04 23:47:40 INFO Epoch 51/60	Training Loss: 1.8415	Time remaining is 0h:14m
2024-03-04 23:49:02 INFO Epoch 52/60	Training Loss: 1.8378	Time remaining is 0h:13m
2024-03-04 23:50:24 INFO Epoch 53/60	Training Loss: 1.8328	Time remaining is 0h:11m
2024-03-04 23:51:46 INFO Epoch 54/60	Training Loss: 1.8239	Time remaining is 0h:10m
2024-03-04 23:53:08 INFO Epoch 55/60	Training Loss: 1.8305	Time remaining is 0h:8m
2024-03-04 23:54:30 INFO Epoch 56/60	Training Loss: 1.8290	Time remaining is 0h:7m
2024-03-04 23:55:53 INFO Epoch 57/60	Training Loss: 1.8274	Time remaining is 0h:6m
2024-03-04 23:57:15 INFO Epoch 58/60	Training Loss: 1.8276	Time remaining is 0h:4m
2024-03-04 23:58:37 INFO Epoch 59/60	Training Loss: 1.8257	Time remaining is 0h:3m
2024-03-04 23:59:59 INFO Epoch 60/60	Training Loss: 1.8245	Time remaining is 0h:1m
2024-03-05 00:00:47 INFO Testing: dataset_path: /home/hy/project/reid/datasets/Market-1501-v15.09.15 top1:0.8020 top5:0.9053 top10:0.9362 mAP:0.5815
2024-03-05 00:00:47 INFO The running time of training: 5.07009e+03 s
2024-03-05 09:36:06 INFO ##################################################
2024-03-05 09:36:06 INFO Task: PCB
2024-03-05 09:36:06 INFO Using device: cuda
2024-03-05 09:36:06 INFO Using data type: torch.float32
