2024-07-30 07:16:54 INFO ##################################################
2024-07-30 07:16:54 INFO Config values: batch_size: 60	current_directory: /kaggle/working/reid_task/ex_001_1	dataset_name: market1501	dataset_path: /kaggle/input/market1501/Market-1501-v15.09.15	device: cuda	dtype: torch.float32	epoch_start_test: 90	epochs: 120	img_height: 256	img_width: 128	logs_outputs_path: /kaggle/working/reid_task/ex_001_1/./outputs/logs	models_outputs_path: /kaggle/working/reid_task/ex_001_1/./outputs/models	np: <module 'numpy' from '/opt/conda/lib/python3.10/site-packages/numpy/__init__.py'>	os: <module 'os' from '/opt/conda/lib/python3.10/os.py'>	outputs_dir: ./outputs/	outputs_path: /kaggle/working/reid_task/ex_001_1/./outputs/	print_every: 1	seed: 3407	taskname: ReID_Task	temps_outputs_path: /kaggle/working/reid_task/ex_001_1/./outputs/temps	test_batch_size: 256	test_every: 5	torch: <module 'torch' from '/opt/conda/lib/python3.10/site-packages/torch/__init__.py'>
2024-07-30 07:16:54 INFO Task: ReID_Task
2024-07-30 07:16:54 INFO Using device: cuda
2024-07-30 07:16:54 INFO Using data type: torch.float32
2024-07-30 07:16:54 INFO Number of GPUs: 1
2024-07-30 07:16:54 INFO GPU is_available: True
2024-07-30 07:16:54 INFO GPU name: Tesla P100-PCIE-16GB
2024-07-30 07:16:54 INFO CUDA version: 12.1
2024-07-30 07:16:54 INFO Current device id: 0
2024-07-30 07:16:54 INFO ##################################################
2024-07-30 07:19:12 INFO Epoch 1/120	Training Loss: 14.2319	Time remaining is 4h:30m
2024-07-30 07:20:50 INFO Epoch 2/120	Training Loss: 12.9523	Time remaining is 3h:51m
2024-07-30 07:22:26 INFO Epoch 3/120	Training Loss: 11.3084	Time remaining is 3h:36m
2024-07-30 07:24:03 INFO Epoch 4/120	Training Loss: 9.7493	Time remaining is 3h:28m
2024-07-30 07:25:37 INFO Epoch 5/120	Training Loss: 8.4849	Time remaining is 3h:21m
2024-07-30 07:27:12 INFO Epoch 6/120	Training Loss: 7.6109	Time remaining is 3h:16m
2024-07-30 07:28:46 INFO Epoch 7/120	Training Loss: 6.9074	Time remaining is 3h:12m
2024-07-30 07:30:20 INFO Epoch 8/120	Training Loss: 6.2936	Time remaining is 3h:9m
2024-07-30 07:31:55 INFO Epoch 9/120	Training Loss: 5.7601	Time remaining is 3h:6m
2024-07-30 07:33:29 INFO Epoch 10/120	Training Loss: 5.0870	Time remaining is 3h:3m
2024-07-30 07:35:04 INFO Epoch 11/120	Training Loss: 4.4468	Time remaining is 3h:1m
2024-07-30 07:36:38 INFO Epoch 12/120	Training Loss: 3.7503	Time remaining is 2h:59m
2024-07-30 07:38:13 INFO Epoch 13/120	Training Loss: 3.1396	Time remaining is 2h:57m
2024-07-30 07:39:52 INFO Epoch 14/120	Training Loss: 2.6252	Time remaining is 2h:55m
2024-07-30 07:41:28 INFO Epoch 15/120	Training Loss: 2.2795	Time remaining is 2h:53m
2024-07-30 07:43:08 INFO Epoch 16/120	Training Loss: 2.0282	Time remaining is 2h:52m
2024-07-30 07:44:43 INFO Epoch 17/120	Training Loss: 1.8383	Time remaining is 2h:50m
2024-07-30 07:46:16 INFO Epoch 18/120	Training Loss: 1.6806	Time remaining is 2h:48m
2024-07-30 07:47:50 INFO Epoch 19/120	Training Loss: 1.6004	Time remaining is 2h:46m
2024-07-30 07:49:24 INFO Epoch 20/120	Training Loss: 1.5454	Time remaining is 2h:44m
2024-07-30 07:50:58 INFO Epoch 21/120	Training Loss: 1.5093	Time remaining is 2h:42m
2024-07-30 07:52:32 INFO Epoch 22/120	Training Loss: 1.4531	Time remaining is 2h:40m
2024-07-30 07:54:09 INFO Epoch 23/120	Training Loss: 1.3844	Time remaining is 2h:38m
2024-07-30 07:55:47 INFO Epoch 24/120	Training Loss: 1.3714	Time remaining is 2h:37m
2024-07-30 07:57:22 INFO Epoch 25/120	Training Loss: 1.3246	Time remaining is 2h:35m
2024-07-30 07:58:57 INFO Epoch 26/120	Training Loss: 1.3026	Time remaining is 2h:33m
2024-07-30 08:00:31 INFO Epoch 27/120	Training Loss: 1.2877	Time remaining is 2h:32m
2024-07-30 08:02:05 INFO Epoch 28/120	Training Loss: 1.2885	Time remaining is 2h:30m
2024-07-30 08:03:40 INFO Epoch 29/120	Training Loss: 1.2873	Time remaining is 2h:28m
2024-07-30 08:05:14 INFO Epoch 30/120	Training Loss: 1.2608	Time remaining is 2h:26m
2024-07-30 08:06:48 INFO Epoch 31/120	Training Loss: 1.2648	Time remaining is 2h:25m
2024-07-30 08:08:23 INFO Epoch 32/120	Training Loss: 1.2580	Time remaining is 2h:23m
2024-07-30 08:09:57 INFO Epoch 33/120	Training Loss: 1.2538	Time remaining is 2h:21m
2024-07-30 08:11:32 INFO Epoch 34/120	Training Loss: 1.2597	Time remaining is 2h:20m
2024-07-30 08:13:07 INFO Epoch 35/120	Training Loss: 1.2505	Time remaining is 2h:18m
2024-07-30 08:14:42 INFO Epoch 36/120	Training Loss: 1.2316	Time remaining is 2h:16m
2024-07-30 08:16:18 INFO Epoch 37/120	Training Loss: 1.2265	Time remaining is 2h:15m
2024-07-30 08:17:54 INFO Epoch 38/120	Training Loss: 1.2198	Time remaining is 2h:13m
2024-07-30 08:19:34 INFO Epoch 39/120	Training Loss: 1.2450	Time remaining is 2h:12m
2024-07-30 08:21:16 INFO Epoch 40/120	Training Loss: 1.2363	Time remaining is 2h:10m
2024-07-30 08:22:57 INFO Epoch 41/120	Training Loss: 1.1591	Time remaining is 2h:9m
2024-07-30 08:24:38 INFO Epoch 42/120	Training Loss: 1.0822	Time remaining is 2h:7m
2024-07-30 08:26:22 INFO Epoch 43/120	Training Loss: 1.0643	Time remaining is 2h:6m
2024-07-30 08:27:59 INFO Epoch 44/120	Training Loss: 1.0536	Time remaining is 2h:4m
2024-07-30 08:29:35 INFO Epoch 45/120	Training Loss: 1.0453	Time remaining is 2h:3m
2024-07-30 08:31:10 INFO Epoch 46/120	Training Loss: 1.0425	Time remaining is 2h:1m
2024-07-30 08:32:45 INFO Epoch 47/120	Training Loss: 1.0440	Time remaining is 1h:59m
2024-07-30 08:34:21 INFO Epoch 48/120	Training Loss: 1.0340	Time remaining is 1h:58m
2024-07-30 08:35:56 INFO Epoch 49/120	Training Loss: 1.0284	Time remaining is 1h:56m
2024-07-30 08:37:31 INFO Epoch 50/120	Training Loss: 1.0212	Time remaining is 1h:54m
2024-07-30 08:39:06 INFO Epoch 51/120	Training Loss: 1.0276	Time remaining is 1h:53m
2024-07-30 08:40:41 INFO Epoch 52/120	Training Loss: 1.0239	Time remaining is 1h:51m
2024-07-30 08:42:16 INFO Epoch 53/120	Training Loss: 1.0212	Time remaining is 1h:49m
2024-07-30 08:43:51 INFO Epoch 54/120	Training Loss: 1.0201	Time remaining is 1h:48m
2024-07-30 08:45:27 INFO Epoch 55/120	Training Loss: 1.0217	Time remaining is 1h:46m
2024-07-30 08:47:02 INFO Epoch 56/120	Training Loss: 1.0237	Time remaining is 1h:45m
2024-07-30 08:48:38 INFO Epoch 57/120	Training Loss: 1.0179	Time remaining is 1h:43m
2024-07-30 08:50:13 INFO Epoch 58/120	Training Loss: 1.0101	Time remaining is 1h:41m
2024-07-30 08:51:47 INFO Epoch 59/120	Training Loss: 1.0105	Time remaining is 1h:40m
2024-07-30 08:53:23 INFO Epoch 60/120	Training Loss: 1.0172	Time remaining is 1h:38m
2024-07-30 08:54:59 INFO Epoch 61/120	Training Loss: 1.0120	Time remaining is 1h:36m
2024-07-30 08:56:34 INFO Epoch 62/120	Training Loss: 1.0096	Time remaining is 1h:35m
2024-07-30 08:58:10 INFO Epoch 63/120	Training Loss: 1.0129	Time remaining is 1h:33m
2024-07-30 08:59:47 INFO Epoch 64/120	Training Loss: 1.0045	Time remaining is 1h:32m
2024-07-30 09:01:24 INFO Epoch 65/120	Training Loss: 1.0099	Time remaining is 1h:30m
2024-07-30 09:03:01 INFO Epoch 66/120	Training Loss: 1.0079	Time remaining is 1h:28m
2024-07-30 09:04:37 INFO Epoch 67/120	Training Loss: 1.0079	Time remaining is 1h:27m
2024-07-30 09:06:13 INFO Epoch 68/120	Training Loss: 1.0087	Time remaining is 1h:25m
2024-07-30 09:07:49 INFO Epoch 69/120	Training Loss: 1.0046	Time remaining is 1h:24m
2024-07-30 09:09:26 INFO Epoch 70/120	Training Loss: 1.0112	Time remaining is 1h:22m
2024-07-30 09:11:02 INFO Epoch 71/120	Training Loss: 0.9979	Time remaining is 1h:20m
2024-07-30 09:12:38 INFO Epoch 72/120	Training Loss: 0.9973	Time remaining is 1h:19m
2024-07-30 09:14:15 INFO Epoch 73/120	Training Loss: 0.9957	Time remaining is 1h:17m
2024-07-30 09:15:51 INFO Epoch 74/120	Training Loss: 0.9942	Time remaining is 1h:16m
2024-07-30 09:17:26 INFO Epoch 75/120	Training Loss: 0.9929	Time remaining is 1h:14m
2024-07-30 09:19:02 INFO Epoch 76/120	Training Loss: 0.9941	Time remaining is 1h:12m
2024-07-30 09:20:37 INFO Epoch 77/120	Training Loss: 0.9915	Time remaining is 1h:11m
2024-07-30 09:22:12 INFO Epoch 78/120	Training Loss: 0.9886	Time remaining is 1h:9m
2024-07-30 09:23:48 INFO Epoch 79/120	Training Loss: 0.9938	Time remaining is 1h:7m
2024-07-30 09:25:23 INFO Epoch 80/120	Training Loss: 0.9902	Time remaining is 1h:6m
2024-07-30 09:26:58 INFO Epoch 81/120	Training Loss: 0.9903	Time remaining is 1h:4m
2024-07-30 09:28:32 INFO Epoch 82/120	Training Loss: 0.9900	Time remaining is 1h:3m
2024-07-30 09:30:09 INFO Epoch 83/120	Training Loss: 0.9873	Time remaining is 1h:1m
2024-07-30 09:31:44 INFO Epoch 84/120	Training Loss: 0.9906	Time remaining is 0h:59m
2024-07-30 09:33:18 INFO Epoch 85/120	Training Loss: 0.9841	Time remaining is 0h:58m
2024-07-30 09:34:53 INFO Epoch 86/120	Training Loss: 0.9847	Time remaining is 0h:56m
2024-07-30 09:36:28 INFO Epoch 87/120	Training Loss: 0.9895	Time remaining is 0h:55m
2024-07-30 09:38:03 INFO Epoch 88/120	Training Loss: 0.9876	Time remaining is 0h:53m
2024-07-30 09:39:39 INFO Epoch 89/120	Training Loss: 0.9898	Time remaining is 0h:51m
2024-07-30 09:41:14 INFO Epoch 90/120	Training Loss: 0.9830	Time remaining is 0h:50m
2024-07-30 09:46:01 INFO Epoch 90/120	Testing: dataset_name: market1501 top1: 93.973 top5: 98.337 top10: 99.198 mAP: 84.857
2024-07-30 09:47:38 INFO Epoch 91/120	Training Loss: 0.9927	Time remaining is 0h:50m
2024-07-30 09:49:15 INFO Epoch 92/120	Training Loss: 0.9910	Time remaining is 0h:48m
2024-07-30 09:50:51 INFO Epoch 93/120	Training Loss: 0.9867	Time remaining is 0h:46m
2024-07-30 09:52:29 INFO Epoch 94/120	Training Loss: 0.9872	Time remaining is 0h:45m
2024-07-30 09:54:06 INFO Epoch 95/120	Training Loss: 0.9877	Time remaining is 0h:43m
2024-07-30 09:57:44 INFO Epoch 95/120	Testing: dataset_name: market1501 top1: 94.121 top5: 98.367 top10: 99.109 mAP: 84.942
2024-07-30 09:59:23 INFO Epoch 96/120	Training Loss: 0.9849	Time remaining is 0h:42m
2024-07-30 10:00:59 INFO Epoch 97/120	Training Loss: 0.9857	Time remaining is 0h:41m
2024-07-30 10:02:36 INFO Epoch 98/120	Training Loss: 0.9815	Time remaining is 0h:39m
2024-07-30 10:04:14 INFO Epoch 99/120	Training Loss: 0.9863	Time remaining is 0h:37m
2024-07-30 10:05:54 INFO Epoch 100/120	Training Loss: 0.9847	Time remaining is 0h:35m
2024-07-30 10:09:32 INFO Epoch 100/120	Testing: dataset_name: market1501 top1: 93.943 top5: 98.337 top10: 99.139 mAP: 85.034
2024-07-30 10:11:08 INFO Epoch 101/120	Training Loss: 0.9868	Time remaining is 0h:34m
2024-07-30 10:12:43 INFO Epoch 102/120	Training Loss: 0.9781	Time remaining is 0h:33m
2024-07-30 10:14:19 INFO Epoch 103/120	Training Loss: 0.9811	Time remaining is 0h:31m
2024-07-30 10:15:54 INFO Epoch 104/120	Training Loss: 0.9832	Time remaining is 0h:29m
2024-07-30 10:17:29 INFO Epoch 105/120	Training Loss: 0.9849	Time remaining is 0h:28m
2024-07-30 10:21:06 INFO Epoch 105/120	Testing: dataset_name: market1501 top1: 94.091 top5: 98.248 top10: 99.109 mAP: 85.249
2024-07-30 10:22:41 INFO Epoch 106/120	Training Loss: 0.9804	Time remaining is 0h:26m
2024-07-30 10:24:17 INFO Epoch 107/120	Training Loss: 0.9834	Time remaining is 0h:25m
2024-07-30 10:25:53 INFO Epoch 108/120	Training Loss: 0.9839	Time remaining is 0h:23m
2024-07-30 10:27:28 INFO Epoch 109/120	Training Loss: 0.9851	Time remaining is 0h:21m
2024-07-30 10:29:03 INFO Epoch 110/120	Training Loss: 0.9852	Time remaining is 0h:19m
2024-07-30 10:32:44 INFO Epoch 110/120	Testing: dataset_name: market1501 top1: 93.913 top5: 98.189 top10: 99.109 mAP: 85.243
2024-07-30 10:34:20 INFO Epoch 111/120	Training Loss: 0.9800	Time remaining is 0h:18m
2024-07-30 10:35:56 INFO Epoch 112/120	Training Loss: 0.9838	Time remaining is 0h:16m
2024-07-30 10:37:31 INFO Epoch 113/120	Training Loss: 0.9847	Time remaining is 0h:14m
2024-07-30 10:39:07 INFO Epoch 114/120	Training Loss: 0.9833	Time remaining is 0h:12m
2024-07-30 10:40:43 INFO Epoch 115/120	Training Loss: 0.9838	Time remaining is 0h:11m
2024-07-30 10:44:24 INFO Epoch 115/120	Testing: dataset_name: market1501 top1: 94.032 top5: 98.308 top10: 99.139 mAP: 85.263
2024-07-30 10:46:01 INFO Epoch 116/120	Training Loss: 0.9835	Time remaining is 0h:9m
2024-07-30 10:47:37 INFO Epoch 117/120	Training Loss: 0.9836	Time remaining is 0h:7m
2024-07-30 10:49:12 INFO Epoch 118/120	Training Loss: 0.9797	Time remaining is 0h:5m
2024-07-30 10:50:49 INFO Epoch 119/120	Training Loss: 0.9824	Time remaining is 0h:4m
2024-07-30 10:52:25 INFO Epoch 120/120	Training Loss: 0.9782	Time remaining is 0h:2m
2024-07-30 10:56:04 INFO Epoch 120/120	Testing: dataset_name: market1501 top1: 94.151 top5: 98.278 top10: 99.198 mAP: 85.358
2024-07-30 10:56:05 INFO The running time of training: 3.65 h
