2024-09-27 23:43:02 INFO ##################################################
2024-09-27 23:43:02 INFO Config values: batch_size: 60	current_directory: /home/hy/project/reid_task/ex_001_37	dataset_name: Occluded_Duke	dataset_path: /home/hy/project/data/Occluded_Duke	device: cuda	dtype: torch.float32	epoch_start_test: 90	epochs: 120	img_height: 256	img_width: 128	logs_outputs_path: /home/hy/project/reid_task/ex_001_37/./outputs/logs	models_outputs_path: /home/hy/project/reid_task/ex_001_37/./outputs/models	np: <module 'numpy' from '/home/hy/anaconda3/envs/py396/lib/python3.9/site-packages/numpy/__init__.py'>	os: <module 'os' from '/home/hy/anaconda3/envs/py396/lib/python3.9/os.py'>	outputs_dir: ./outputs/	outputs_path: /home/hy/project/reid_task/ex_001_37/./outputs/	print_every: 1	seed: 1	taskname: ReID_Task	temps_outputs_path: /home/hy/project/reid_task/ex_001_37/./outputs/temps	test_batch_size: 256	test_every: 5	torch: <module 'torch' from '/home/hy/anaconda3/envs/py396/lib/python3.9/site-packages/torch/__init__.py'>
2024-09-27 23:43:02 INFO Task: ReID_Task
2024-09-27 23:43:02 INFO Using device: cuda
2024-09-27 23:43:02 INFO Using data type: torch.float32
2024-09-27 23:43:02 INFO Number of GPUs: 1
2024-09-27 23:43:02 INFO GPU is_available: True
2024-09-27 23:43:02 INFO GPU name: NVIDIA GeForce RTX 3060
2024-09-27 23:43:02 INFO CUDA version: 12.1
2024-09-27 23:43:02 INFO Current device id: 0
2024-09-27 23:43:02 INFO ##################################################
2024-09-27 23:44:27 INFO Epoch 1/120	Training Loss: 7.1727	Time remaining is 2h:49m
2024-09-27 23:45:51 INFO Epoch 2/120	Training Loss: 6.1030	Time remaining is 2h:47m
2024-09-27 23:47:16 INFO Epoch 3/120	Training Loss: 4.7587	Time remaining is 2h:46m
2024-09-27 23:48:41 INFO Epoch 4/120	Training Loss: 3.5535	Time remaining is 2h:45m
2024-09-27 23:50:05 INFO Epoch 5/120	Training Loss: 2.7509	Time remaining is 2h:43m
2024-09-27 23:51:30 INFO Epoch 6/120	Training Loss: 2.3275	Time remaining is 2h:42m
2024-09-27 23:52:55 INFO Epoch 7/120	Training Loss: 2.0827	Time remaining is 2h:41m
2024-09-27 23:54:19 INFO Epoch 8/120	Training Loss: 1.9237	Time remaining is 2h:39m
2024-09-27 23:55:45 INFO Epoch 9/120	Training Loss: 1.8101	Time remaining is 2h:38m
2024-09-27 23:57:10 INFO Epoch 10/120	Training Loss: 1.7260	Time remaining is 2h:37m
2024-09-27 23:58:34 INFO Epoch 11/120	Training Loss: 1.6046	Time remaining is 2h:35m
2024-09-27 23:59:58 INFO Epoch 12/120	Training Loss: 1.5302	Time remaining is 2h:34m
2024-09-28 00:01:24 INFO Epoch 13/120	Training Loss: 1.4910	Time remaining is 2h:32m
2024-09-28 00:02:49 INFO Epoch 14/120	Training Loss: 1.4430	Time remaining is 2h:31m
2024-09-28 00:04:14 INFO Epoch 15/120	Training Loss: 1.3992	Time remaining is 2h:30m
2024-09-28 00:05:38 INFO Epoch 16/120	Training Loss: 1.3717	Time remaining is 2h:28m
2024-09-28 00:07:03 INFO Epoch 17/120	Training Loss: 1.3295	Time remaining is 2h:27m
2024-09-28 00:08:28 INFO Epoch 18/120	Training Loss: 1.3274	Time remaining is 2h:25m
2024-09-28 00:09:53 INFO Epoch 19/120	Training Loss: 1.3062	Time remaining is 2h:24m
2024-09-28 00:11:18 INFO Epoch 20/120	Training Loss: 1.2914	Time remaining is 2h:23m
2024-09-28 00:12:43 INFO Epoch 21/120	Training Loss: 1.2744	Time remaining is 2h:21m
2024-09-28 00:14:08 INFO Epoch 22/120	Training Loss: 1.2672	Time remaining is 2h:20m
2024-09-28 00:15:33 INFO Epoch 23/120	Training Loss: 1.2487	Time remaining is 2h:18m
2024-09-28 00:16:57 INFO Epoch 24/120	Training Loss: 1.2424	Time remaining is 2h:17m
2024-09-28 00:18:22 INFO Epoch 25/120	Training Loss: 1.2263	Time remaining is 2h:16m
2024-09-28 00:19:47 INFO Epoch 26/120	Training Loss: 1.2331	Time remaining is 2h:14m
2024-09-28 00:21:12 INFO Epoch 27/120	Training Loss: 1.2237	Time remaining is 2h:13m
2024-09-28 00:22:37 INFO Epoch 28/120	Training Loss: 1.2102	Time remaining is 2h:11m
2024-09-28 00:24:02 INFO Epoch 29/120	Training Loss: 1.2083	Time remaining is 2h:10m
2024-09-28 00:25:26 INFO Epoch 30/120	Training Loss: 1.2018	Time remaining is 2h:9m
2024-09-28 00:26:51 INFO Epoch 31/120	Training Loss: 1.1900	Time remaining is 2h:7m
2024-09-28 00:28:15 INFO Epoch 32/120	Training Loss: 1.1842	Time remaining is 2h:6m
2024-09-28 00:29:40 INFO Epoch 33/120	Training Loss: 1.1938	Time remaining is 2h:4m
2024-09-28 00:31:04 INFO Epoch 34/120	Training Loss: 1.1758	Time remaining is 2h:3m
2024-09-28 00:32:29 INFO Epoch 35/120	Training Loss: 1.1841	Time remaining is 2h:1m
2024-09-28 00:33:54 INFO Epoch 36/120	Training Loss: 1.1760	Time remaining is 2h:0m
2024-09-28 00:35:18 INFO Epoch 37/120	Training Loss: 1.1606	Time remaining is 1h:59m
2024-09-28 00:36:43 INFO Epoch 38/120	Training Loss: 1.1695	Time remaining is 1h:57m
2024-09-28 00:38:08 INFO Epoch 39/120	Training Loss: 1.1631	Time remaining is 1h:56m
2024-09-28 00:39:32 INFO Epoch 40/120	Training Loss: 1.1106	Time remaining is 1h:54m
2024-09-28 00:40:57 INFO Epoch 41/120	Training Loss: 1.0682	Time remaining is 1h:53m
2024-09-28 00:42:21 INFO Epoch 42/120	Training Loss: 1.0588	Time remaining is 1h:52m
2024-09-28 00:43:46 INFO Epoch 43/120	Training Loss: 1.0570	Time remaining is 1h:50m
2024-09-28 00:45:10 INFO Epoch 44/120	Training Loss: 1.0411	Time remaining is 1h:49m
2024-09-28 00:46:35 INFO Epoch 45/120	Training Loss: 1.0472	Time remaining is 1h:47m
2024-09-28 00:47:59 INFO Epoch 46/120	Training Loss: 1.0407	Time remaining is 1h:46m
2024-09-28 00:49:25 INFO Epoch 47/120	Training Loss: 1.0523	Time remaining is 1h:44m
2024-09-28 00:50:50 INFO Epoch 48/120	Training Loss: 1.0496	Time remaining is 1h:43m
2024-09-28 00:52:14 INFO Epoch 49/120	Training Loss: 1.0417	Time remaining is 1h:42m
2024-09-28 00:53:39 INFO Epoch 50/120	Training Loss: 1.0415	Time remaining is 1h:40m
2024-09-28 00:55:03 INFO Epoch 51/120	Training Loss: 1.0403	Time remaining is 1h:39m
2024-09-28 00:56:28 INFO Epoch 52/120	Training Loss: 1.0401	Time remaining is 1h:37m
2024-09-28 00:57:53 INFO Epoch 53/120	Training Loss: 1.0429	Time remaining is 1h:36m
2024-09-28 00:59:17 INFO Epoch 54/120	Training Loss: 1.0302	Time remaining is 1h:35m
2024-09-28 01:00:42 INFO Epoch 55/120	Training Loss: 1.0390	Time remaining is 1h:33m
2024-09-28 01:02:07 INFO Epoch 56/120	Training Loss: 1.0409	Time remaining is 1h:32m
2024-09-28 01:03:32 INFO Epoch 57/120	Training Loss: 1.0375	Time remaining is 1h:30m
2024-09-28 01:04:57 INFO Epoch 58/120	Training Loss: 1.0402	Time remaining is 1h:29m
2024-09-28 01:06:23 INFO Epoch 59/120	Training Loss: 1.0425	Time remaining is 1h:28m
2024-09-28 01:07:48 INFO Epoch 60/120	Training Loss: 1.0370	Time remaining is 1h:26m
2024-09-28 01:09:12 INFO Epoch 61/120	Training Loss: 1.0288	Time remaining is 1h:25m
2024-09-28 01:10:37 INFO Epoch 62/120	Training Loss: 1.0356	Time remaining is 1h:23m
2024-09-28 01:12:01 INFO Epoch 63/120	Training Loss: 1.0298	Time remaining is 1h:22m
2024-09-28 01:13:26 INFO Epoch 64/120	Training Loss: 1.0318	Time remaining is 1h:20m
2024-09-28 01:14:50 INFO Epoch 65/120	Training Loss: 1.0273	Time remaining is 1h:19m
2024-09-28 01:16:16 INFO Epoch 66/120	Training Loss: 1.0375	Time remaining is 1h:18m
2024-09-28 01:17:40 INFO Epoch 67/120	Training Loss: 1.0280	Time remaining is 1h:16m
2024-09-28 01:19:05 INFO Epoch 68/120	Training Loss: 1.0298	Time remaining is 1h:15m
2024-09-28 01:20:30 INFO Epoch 69/120	Training Loss: 1.0296	Time remaining is 1h:13m
2024-09-28 01:21:54 INFO Epoch 70/120	Training Loss: 1.0185	Time remaining is 1h:12m
2024-09-28 01:23:19 INFO Epoch 71/120	Training Loss: 1.0251	Time remaining is 1h:11m
2024-09-28 01:24:44 INFO Epoch 72/120	Training Loss: 1.0199	Time remaining is 1h:9m
2024-09-28 01:26:09 INFO Epoch 73/120	Training Loss: 1.0177	Time remaining is 1h:8m
2024-09-28 01:27:33 INFO Epoch 74/120	Training Loss: 1.0089	Time remaining is 1h:6m
2024-09-28 01:28:58 INFO Epoch 75/120	Training Loss: 1.0155	Time remaining is 1h:5m
2024-09-28 01:30:23 INFO Epoch 76/120	Training Loss: 1.0149	Time remaining is 1h:4m
2024-09-28 01:31:47 INFO Epoch 77/120	Training Loss: 1.0125	Time remaining is 1h:2m
2024-09-28 01:33:12 INFO Epoch 78/120	Training Loss: 1.0179	Time remaining is 1h:1m
2024-09-28 01:34:37 INFO Epoch 79/120	Training Loss: 1.0175	Time remaining is 0h:59m
2024-09-28 01:36:01 INFO Epoch 80/120	Training Loss: 1.0075	Time remaining is 0h:58m
2024-09-28 01:37:26 INFO Epoch 81/120	Training Loss: 1.0126	Time remaining is 0h:56m
2024-09-28 01:38:51 INFO Epoch 82/120	Training Loss: 1.0207	Time remaining is 0h:55m
2024-09-28 01:40:16 INFO Epoch 83/120	Training Loss: 1.0218	Time remaining is 0h:54m
2024-09-28 01:41:41 INFO Epoch 84/120	Training Loss: 1.0195	Time remaining is 0h:52m
2024-09-28 01:43:06 INFO Epoch 85/120	Training Loss: 1.0163	Time remaining is 0h:51m
2024-09-28 01:44:31 INFO Epoch 86/120	Training Loss: 1.0126	Time remaining is 0h:49m
2024-09-28 01:45:56 INFO Epoch 87/120	Training Loss: 1.0155	Time remaining is 0h:48m
2024-09-28 01:47:21 INFO Epoch 88/120	Training Loss: 1.0193	Time remaining is 0h:47m
2024-09-28 01:48:46 INFO Epoch 89/120	Training Loss: 1.0109	Time remaining is 0h:45m
2024-09-28 01:50:10 INFO Epoch 90/120	Training Loss: 1.0084	Time remaining is 0h:44m
2024-09-28 01:51:14 INFO Epoch 90/120	Testing: dataset_name: Occluded_Duke top1: 62.353 top5: 76.471 top10: 81.267 mAP: 53.715
2024-09-28 01:52:40 INFO Epoch 91/120	Training Loss: 1.0178	Time remaining is 0h:43m
2024-09-28 01:54:04 INFO Epoch 92/120	Training Loss: 1.0111	Time remaining is 0h:41m
2024-09-28 01:55:29 INFO Epoch 93/120	Training Loss: 1.0139	Time remaining is 0h:40m
2024-09-28 01:56:54 INFO Epoch 94/120	Training Loss: 1.0142	Time remaining is 0h:38m
2024-09-28 01:58:19 INFO Epoch 95/120	Training Loss: 1.0196	Time remaining is 0h:37m
2024-09-28 01:59:24 INFO Epoch 95/120	Testing: dataset_name: Occluded_Duke top1: 61.719 top5: 76.244 top10: 80.724 mAP: 53.380
2024-09-28 02:00:48 INFO Epoch 96/120	Training Loss: 1.0122	Time remaining is 0h:36m
2024-09-28 02:02:13 INFO Epoch 97/120	Training Loss: 1.0116	Time remaining is 0h:34m
2024-09-28 02:03:38 INFO Epoch 98/120	Training Loss: 1.0070	Time remaining is 0h:33m
2024-09-28 02:05:03 INFO Epoch 99/120	Training Loss: 1.0140	Time remaining is 0h:32m
2024-09-28 02:06:28 INFO Epoch 100/120	Training Loss: 1.0153	Time remaining is 0h:30m
2024-09-28 02:07:32 INFO Epoch 100/120	Testing: dataset_name: Occluded_Duke top1: 62.308 top5: 76.018 top10: 81.312 mAP: 53.644
2024-09-28 02:08:56 INFO Epoch 101/120	Training Loss: 1.0135	Time remaining is 0h:29m
2024-09-28 02:10:21 INFO Epoch 102/120	Training Loss: 1.0059	Time remaining is 0h:27m
2024-09-28 02:11:46 INFO Epoch 103/120	Training Loss: 1.0133	Time remaining is 0h:26m
2024-09-28 02:13:11 INFO Epoch 104/120	Training Loss: 1.0148	Time remaining is 0h:25m
2024-09-28 02:14:36 INFO Epoch 105/120	Training Loss: 1.0121	Time remaining is 0h:23m
2024-09-28 02:15:40 INFO Epoch 105/120	Testing: dataset_name: Occluded_Duke top1: 62.308 top5: 76.425 top10: 81.222 mAP: 53.887
2024-09-28 02:17:04 INFO Epoch 106/120	Training Loss: 1.0004	Time remaining is 0h:22m
2024-09-28 02:18:28 INFO Epoch 107/120	Training Loss: 1.0098	Time remaining is 0h:20m
2024-09-28 02:19:53 INFO Epoch 108/120	Training Loss: 1.0111	Time remaining is 0h:19m
2024-09-28 02:21:19 INFO Epoch 109/120	Training Loss: 1.0118	Time remaining is 0h:17m
2024-09-28 02:22:43 INFO Epoch 110/120	Training Loss: 1.0102	Time remaining is 0h:16m
2024-09-28 02:23:47 INFO Epoch 110/120	Testing: dataset_name: Occluded_Duke top1: 62.353 top5: 76.606 top10: 81.357 mAP: 53.876
2024-09-28 02:25:12 INFO Epoch 111/120	Training Loss: 1.0114	Time remaining is 0h:15m
2024-09-28 02:26:37 INFO Epoch 112/120	Training Loss: 1.0061	Time remaining is 0h:13m
2024-09-28 02:28:01 INFO Epoch 113/120	Training Loss: 1.0107	Time remaining is 0h:12m
2024-09-28 02:29:27 INFO Epoch 114/120	Training Loss: 1.0130	Time remaining is 0h:10m
2024-09-28 02:30:51 INFO Epoch 115/120	Training Loss: 1.0091	Time remaining is 0h:9m
2024-09-28 02:31:56 INFO Epoch 115/120	Testing: dataset_name: Occluded_Duke top1: 62.715 top5: 76.471 top10: 81.448 mAP: 53.957
2024-09-28 02:33:21 INFO Epoch 116/120	Training Loss: 1.0146	Time remaining is 0h:7m
2024-09-28 02:34:45 INFO Epoch 117/120	Training Loss: 1.0111	Time remaining is 0h:6m
2024-09-28 02:36:10 INFO Epoch 118/120	Training Loss: 1.0136	Time remaining is 0h:4m
2024-09-28 02:37:36 INFO Epoch 119/120	Training Loss: 1.0182	Time remaining is 0h:3m
2024-09-28 02:39:01 INFO Epoch 120/120	Training Loss: 1.0100	Time remaining is 0h:1m
2024-09-28 02:40:05 INFO Epoch 120/120	Testing: dataset_name: Occluded_Duke top1: 62.670 top5: 76.380 top10: 81.403 mAP: 54.187
2024-09-28 02:40:05 INFO The running time of training: 2.95 h
