2024-04-10 02:53:32 INFO ##################################################
2024-04-10 02:53:32 INFO Config values: batch_size: 60	current_directory: /home/hy/project/reid_task/ex_main3	dataset_name: market1501	dataset_path: /home/hy/project/data/Market-1501-v15.09.15	device: cuda	dtype: torch.float32	epoch_start_test: 90	epochs: 120	img_height: 256	img_width: 128	logs_outputs_path: /home/hy/project/reid_task/ex_main3/./outputs/logs	models_outputs_path: /home/hy/project/reid_task/ex_main3/./outputs/models	np: <module 'numpy' from '/home/hy/anaconda3/envs/py396/lib/python3.9/site-packages/numpy/__init__.py'>	os: <module 'os' from '/home/hy/anaconda3/envs/py396/lib/python3.9/os.py'>	outputs_dir: ./outputs/	outputs_path: /home/hy/project/reid_task/ex_main3/./outputs/	print_every: 1	seed: 1	taskname: ReID_Task	temps_outputs_path: /home/hy/project/reid_task/ex_main3/./outputs/temps	test_batch_size: 256	test_every: 5	torch: <module 'torch' from '/home/hy/anaconda3/envs/py396/lib/python3.9/site-packages/torch/__init__.py'>
2024-04-10 02:53:32 INFO Task: ReID_Task
2024-04-10 02:53:32 INFO Using device: cuda
2024-04-10 02:53:32 INFO Using data type: torch.float32
2024-04-10 02:53:32 INFO Number of GPUs: 1
2024-04-10 02:53:32 INFO GPU is_available: True
2024-04-10 02:53:32 INFO GPU name: NVIDIA GeForce RTX 3060
2024-04-10 02:53:32 INFO CUDA version: 12.1
2024-04-10 02:53:32 INFO Current device id: 0
2024-04-10 02:53:32 INFO ##################################################
2024-04-10 02:54:50 INFO Epoch 1/120	Training Loss: 9.6289	Time remaining is 2h:34m
2024-04-10 02:56:06 INFO Epoch 2/120	Training Loss: 8.1519	Time remaining is 2h:32m
2024-04-10 02:57:22 INFO Epoch 3/120	Training Loss: 6.3004	Time remaining is 2h:30m
2024-04-10 02:58:38 INFO Epoch 4/120	Training Loss: 4.8303	Time remaining is 2h:29m
2024-04-10 02:59:54 INFO Epoch 5/120	Training Loss: 3.7687	Time remaining is 2h:27m
2024-04-10 03:01:10 INFO Epoch 6/120	Training Loss: 3.0816	Time remaining is 2h:26m
2024-04-10 03:02:25 INFO Epoch 7/120	Training Loss: 2.7282	Time remaining is 2h:25m
2024-04-10 03:03:41 INFO Epoch 8/120	Training Loss: 2.5309	Time remaining is 2h:23m
2024-04-10 03:04:57 INFO Epoch 9/120	Training Loss: 2.4308	Time remaining is 2h:22m
2024-04-10 03:06:13 INFO Epoch 10/120	Training Loss: 2.3540	Time remaining is 2h:21m
2024-04-10 03:07:29 INFO Epoch 11/120	Training Loss: 2.3064	Time remaining is 2h:19m
2024-04-10 03:08:45 INFO Epoch 12/120	Training Loss: 2.2626	Time remaining is 2h:18m
2024-04-10 03:10:01 INFO Epoch 13/120	Training Loss: 2.2117	Time remaining is 2h:17m
2024-04-10 03:11:17 INFO Epoch 14/120	Training Loss: 2.1970	Time remaining is 2h:16m
2024-04-10 03:12:33 INFO Epoch 15/120	Training Loss: 2.1735	Time remaining is 2h:14m
2024-04-10 03:13:49 INFO Epoch 16/120	Training Loss: 2.1569	Time remaining is 2h:13m
2024-04-10 03:15:05 INFO Epoch 17/120	Training Loss: 2.1319	Time remaining is 2h:12m
2024-04-10 03:16:21 INFO Epoch 18/120	Training Loss: 2.1250	Time remaining is 2h:10m
2024-04-10 03:17:37 INFO Epoch 19/120	Training Loss: 2.1285	Time remaining is 2h:9m
2024-04-10 03:18:53 INFO Epoch 20/120	Training Loss: 2.1247	Time remaining is 2h:8m
2024-04-10 03:20:09 INFO Epoch 21/120	Training Loss: 2.1173	Time remaining is 2h:7m
2024-04-10 03:21:24 INFO Epoch 22/120	Training Loss: 2.1083	Time remaining is 2h:5m
2024-04-10 03:22:40 INFO Epoch 23/120	Training Loss: 2.1138	Time remaining is 2h:4m
2024-04-10 03:23:56 INFO Epoch 24/120	Training Loss: 2.1173	Time remaining is 2h:3m
2024-04-10 03:25:12 INFO Epoch 25/120	Training Loss: 2.1095	Time remaining is 2h:2m
2024-04-10 03:26:28 INFO Epoch 26/120	Training Loss: 2.1244	Time remaining is 2h:0m
2024-04-10 03:27:44 INFO Epoch 27/120	Training Loss: 2.1124	Time remaining is 1h:59m
2024-04-10 03:29:00 INFO Epoch 28/120	Training Loss: 2.1094	Time remaining is 1h:58m
2024-04-10 03:30:15 INFO Epoch 29/120	Training Loss: 2.1075	Time remaining is 1h:56m
2024-04-10 03:31:31 INFO Epoch 30/120	Training Loss: 2.0967	Time remaining is 1h:55m
2024-04-10 03:32:46 INFO Epoch 31/120	Training Loss: 2.0984	Time remaining is 1h:54m
2024-04-10 03:34:03 INFO Epoch 32/120	Training Loss: 2.1009	Time remaining is 1h:53m
2024-04-10 03:35:19 INFO Epoch 33/120	Training Loss: 2.0924	Time remaining is 1h:51m
2024-04-10 03:36:35 INFO Epoch 34/120	Training Loss: 2.1077	Time remaining is 1h:50m
2024-04-10 03:37:51 INFO Epoch 35/120	Training Loss: 2.1055	Time remaining is 1h:49m
2024-04-10 03:39:07 INFO Epoch 36/120	Training Loss: 2.0927	Time remaining is 1h:48m
2024-04-10 03:40:23 INFO Epoch 37/120	Training Loss: 2.0908	Time remaining is 1h:46m
2024-04-10 03:41:39 INFO Epoch 38/120	Training Loss: 2.0923	Time remaining is 1h:45m
2024-04-10 03:42:55 INFO Epoch 39/120	Training Loss: 2.0959	Time remaining is 1h:44m
2024-04-10 03:44:10 INFO Epoch 40/120	Training Loss: 2.0931	Time remaining is 1h:43m
2024-04-10 03:45:26 INFO Epoch 41/120	Training Loss: 2.0343	Time remaining is 1h:41m
2024-04-10 03:46:42 INFO Epoch 42/120	Training Loss: 1.9617	Time remaining is 1h:40m
2024-04-10 03:47:58 INFO Epoch 43/120	Training Loss: 1.9577	Time remaining is 1h:39m
2024-04-10 03:49:14 INFO Epoch 44/120	Training Loss: 1.9485	Time remaining is 1h:37m
2024-04-10 03:50:30 INFO Epoch 45/120	Training Loss: 1.9429	Time remaining is 1h:36m
2024-04-10 03:51:46 INFO Epoch 46/120	Training Loss: 1.9412	Time remaining is 1h:35m
2024-04-10 03:53:01 INFO Epoch 47/120	Training Loss: 1.9260	Time remaining is 1h:34m
2024-04-10 03:54:17 INFO Epoch 48/120	Training Loss: 1.9339	Time remaining is 1h:32m
2024-04-10 03:55:33 INFO Epoch 49/120	Training Loss: 1.9209	Time remaining is 1h:31m
2024-04-10 03:56:49 INFO Epoch 50/120	Training Loss: 1.9294	Time remaining is 1h:30m
2024-04-10 03:58:04 INFO Epoch 51/120	Training Loss: 1.9148	Time remaining is 1h:29m
2024-04-10 03:59:20 INFO Epoch 52/120	Training Loss: 1.9228	Time remaining is 1h:27m
2024-04-10 04:00:36 INFO Epoch 53/120	Training Loss: 1.9212	Time remaining is 1h:26m
2024-04-10 04:01:52 INFO Epoch 54/120	Training Loss: 1.9197	Time remaining is 1h:25m
2024-04-10 04:03:08 INFO Epoch 55/120	Training Loss: 1.9201	Time remaining is 1h:24m
2024-04-10 04:04:24 INFO Epoch 56/120	Training Loss: 1.9174	Time remaining is 1h:22m
2024-04-10 04:05:39 INFO Epoch 57/120	Training Loss: 1.9056	Time remaining is 1h:21m
2024-04-10 04:06:55 INFO Epoch 58/120	Training Loss: 1.9156	Time remaining is 1h:20m
2024-04-10 04:08:11 INFO Epoch 59/120	Training Loss: 1.9174	Time remaining is 1h:18m
2024-04-10 04:09:27 INFO Epoch 60/120	Training Loss: 1.9129	Time remaining is 1h:17m
2024-04-10 04:10:44 INFO Epoch 61/120	Training Loss: 1.9133	Time remaining is 1h:16m
2024-04-10 04:11:59 INFO Epoch 62/120	Training Loss: 1.9118	Time remaining is 1h:15m
2024-04-10 04:13:15 INFO Epoch 63/120	Training Loss: 1.9094	Time remaining is 1h:13m
2024-04-10 04:14:31 INFO Epoch 64/120	Training Loss: 1.9104	Time remaining is 1h:12m
2024-04-10 04:15:47 INFO Epoch 65/120	Training Loss: 1.9067	Time remaining is 1h:11m
2024-04-10 04:17:03 INFO Epoch 66/120	Training Loss: 1.9076	Time remaining is 1h:10m
2024-04-10 04:18:20 INFO Epoch 67/120	Training Loss: 1.9148	Time remaining is 1h:8m
2024-04-10 04:19:36 INFO Epoch 68/120	Training Loss: 1.9047	Time remaining is 1h:7m
2024-04-10 04:20:51 INFO Epoch 69/120	Training Loss: 1.8977	Time remaining is 1h:6m
2024-04-10 04:22:07 INFO Epoch 70/120	Training Loss: 1.9035	Time remaining is 1h:5m
2024-04-10 04:23:23 INFO Epoch 71/120	Training Loss: 1.9021	Time remaining is 1h:3m
2024-04-10 04:24:39 INFO Epoch 72/120	Training Loss: 1.8977	Time remaining is 1h:2m
2024-04-10 04:25:56 INFO Epoch 73/120	Training Loss: 1.8948	Time remaining is 1h:1m
2024-04-10 04:27:11 INFO Epoch 74/120	Training Loss: 1.8847	Time remaining is 0h:59m
2024-04-10 04:28:27 INFO Epoch 75/120	Training Loss: 1.8848	Time remaining is 0h:58m
2024-04-10 04:29:42 INFO Epoch 76/120	Training Loss: 1.8814	Time remaining is 0h:57m
2024-04-10 04:30:58 INFO Epoch 77/120	Training Loss: 1.8925	Time remaining is 0h:56m
2024-04-10 04:32:14 INFO Epoch 78/120	Training Loss: 1.8835	Time remaining is 0h:54m
2024-04-10 04:33:30 INFO Epoch 79/120	Training Loss: 1.8914	Time remaining is 0h:53m
2024-04-10 04:34:47 INFO Epoch 80/120	Training Loss: 1.8921	Time remaining is 0h:52m
2024-04-10 04:36:03 INFO Epoch 81/120	Training Loss: 1.8912	Time remaining is 0h:51m
2024-04-10 04:37:19 INFO Epoch 82/120	Training Loss: 1.8910	Time remaining is 0h:49m
2024-04-10 04:38:35 INFO Epoch 83/120	Training Loss: 1.8914	Time remaining is 0h:48m
2024-04-10 04:39:51 INFO Epoch 84/120	Training Loss: 1.8886	Time remaining is 0h:47m
2024-04-10 04:41:07 INFO Epoch 85/120	Training Loss: 1.8924	Time remaining is 0h:46m
2024-04-10 04:42:23 INFO Epoch 86/120	Training Loss: 1.8909	Time remaining is 0h:44m
2024-04-10 04:43:39 INFO Epoch 87/120	Training Loss: 1.8893	Time remaining is 0h:43m
2024-04-10 04:44:55 INFO Epoch 88/120	Training Loss: 1.8788	Time remaining is 0h:42m
2024-04-10 04:46:11 INFO Epoch 89/120	Training Loss: 1.8897	Time remaining is 0h:40m
2024-04-10 04:47:27 INFO Epoch 90/120	Training Loss: 1.8895	Time remaining is 0h:39m
2024-04-10 04:48:54 INFO Testing: dataset_name: market1501 top1:0.9471 top5:0.9828 top10:0.9911 mAP:0.8705
2024-04-10 04:50:10 INFO Epoch 91/120	Training Loss: 1.8904	Time remaining is 0h:38m
2024-04-10 04:51:26 INFO Epoch 92/120	Training Loss: 1.8782	Time remaining is 0h:37m
2024-04-10 04:52:42 INFO Epoch 93/120	Training Loss: 1.8910	Time remaining is 0h:36m
2024-04-10 04:53:58 INFO Epoch 94/120	Training Loss: 1.8882	Time remaining is 0h:35m
2024-04-10 04:55:13 INFO Epoch 95/120	Training Loss: 1.8782	Time remaining is 0h:33m
2024-04-10 04:56:41 INFO Testing: dataset_name: market1501 top1:0.9498 top5:0.9846 top10:0.9911 mAP:0.8725
2024-04-10 04:57:57 INFO Epoch 96/120	Training Loss: 1.8893	Time remaining is 0h:32m
2024-04-10 04:59:12 INFO Epoch 97/120	Training Loss: 1.8769	Time remaining is 0h:31m
2024-04-10 05:00:28 INFO Epoch 98/120	Training Loss: 1.8904	Time remaining is 0h:30m
2024-04-10 05:01:44 INFO Epoch 99/120	Training Loss: 1.8883	Time remaining is 0h:28m
2024-04-10 05:03:01 INFO Epoch 100/120	Training Loss: 1.8861	Time remaining is 0h:27m
2024-04-10 05:04:27 INFO Testing: dataset_name: market1501 top1:0.9492 top5:0.9840 top10:0.9911 mAP:0.8714
2024-04-10 05:05:43 INFO Epoch 101/120	Training Loss: 1.8887	Time remaining is 0h:26m
2024-04-10 05:07:00 INFO Epoch 102/120	Training Loss: 1.8862	Time remaining is 0h:25m
2024-04-10 05:08:16 INFO Epoch 103/120	Training Loss: 1.8858	Time remaining is 0h:24m
2024-04-10 05:09:32 INFO Epoch 104/120	Training Loss: 1.8853	Time remaining is 0h:22m
2024-04-10 05:10:48 INFO Epoch 105/120	Training Loss: 1.8962	Time remaining is 0h:21m
2024-04-10 05:12:15 INFO Testing: dataset_name: market1501 top1:0.9486 top5:0.9831 top10:0.9923 mAP:0.8714
2024-04-10 05:13:31 INFO Epoch 106/120	Training Loss: 1.8876	Time remaining is 0h:20m
2024-04-10 05:14:47 INFO Epoch 107/120	Training Loss: 1.8766	Time remaining is 0h:18m
2024-04-10 05:16:03 INFO Epoch 108/120	Training Loss: 1.8870	Time remaining is 0h:17m
2024-04-10 05:17:19 INFO Epoch 109/120	Training Loss: 1.8856	Time remaining is 0h:16m
2024-04-10 05:18:35 INFO Epoch 110/120	Training Loss: 1.8850	Time remaining is 0h:15m
2024-04-10 05:20:01 INFO Testing: dataset_name: market1501 top1:0.9495 top5:0.9834 top10:0.9914 mAP:0.8731
2024-04-10 05:21:17 INFO Epoch 111/120	Training Loss: 1.8745	Time remaining is 0h:13m
2024-04-10 05:22:33 INFO Epoch 112/120	Training Loss: 1.8851	Time remaining is 0h:12m
2024-04-10 05:23:49 INFO Epoch 113/120	Training Loss: 1.8847	Time remaining is 0h:11m
2024-04-10 05:25:04 INFO Epoch 114/120	Training Loss: 1.8762	Time remaining is 0h:9m
2024-04-10 05:26:21 INFO Epoch 115/120	Training Loss: 1.8927	Time remaining is 0h:8m
2024-04-10 05:27:48 INFO Testing: dataset_name: market1501 top1:0.9498 top5:0.9846 top10:0.9914 mAP:0.8734
2024-04-10 05:29:03 INFO Epoch 116/120	Training Loss: 1.8846	Time remaining is 0h:7m
2024-04-10 05:30:19 INFO Epoch 117/120	Training Loss: 1.8864	Time remaining is 0h:5m
2024-04-10 05:31:36 INFO Epoch 118/120	Training Loss: 1.8844	Time remaining is 0h:4m
2024-04-10 05:32:52 INFO Epoch 119/120	Training Loss: 1.8936	Time remaining is 0h:3m
2024-04-10 05:34:07 INFO Epoch 120/120	Training Loss: 1.8736	Time remaining is 0h:1m
2024-04-10 05:35:34 INFO Testing: dataset_name: market1501 top1:0.9501 top5:0.9843 top10:0.9914 mAP:0.8747
2024-04-10 05:35:34 INFO The running time of training: 9.72242e+03 s
