2024-03-20 10:06:28 INFO ##################################################
2024-03-20 10:06:28 INFO Config values: batch_size: 60	current_directory: /home/hy/project/reid/ex_main	dataset_name: market1501	dataset_path: /home/hy/project/data/Market-1501-v15.09.15	device: cuda	dtype: torch.float32	epoch_start_test: 90	epochs: 120	img_height: 256	img_width: 128	logs_outputs_path: /home/hy/project/reid/ex_main/./outputs/logs	models_outputs_path: /home/hy/project/reid/ex_main/./outputs/models	np: <module 'numpy' from '/home/hy/anaconda3/envs/py396/lib/python3.9/site-packages/numpy/__init__.py'>	os: <module 'os' from '/home/hy/anaconda3/envs/py396/lib/python3.9/os.py'>	outputs_dir: ./outputs/	outputs_path: /home/hy/project/reid/ex_main/./outputs/	print_every: 1	seed: 1	taskname: ReID_Task	temps_outputs_path: /home/hy/project/reid/ex_main/./outputs/temps	test_batch_size: 256	test_every: 5	torch: <module 'torch' from '/home/hy/anaconda3/envs/py396/lib/python3.9/site-packages/torch/__init__.py'>
2024-03-20 10:06:28 INFO Task: ReID_Task
2024-03-20 10:06:28 INFO Using device: cuda
2024-03-20 10:06:28 INFO Using data type: torch.float32
2024-03-20 10:06:28 INFO Number of GPUs: 1
2024-03-20 10:06:28 INFO GPU is_available: True
2024-03-20 10:06:28 INFO GPU name: NVIDIA GeForce RTX 3060
2024-03-20 10:06:28 INFO CUDA version: 12.1
2024-03-20 10:06:28 INFO Current device id: 0
2024-03-20 10:06:28 INFO ##################################################
2024-03-20 10:08:41 INFO Epoch 1/120	Training Loss: 10.3208	Time remaining is 4h:24m
2024-03-20 10:10:52 INFO Epoch 2/120	Training Loss: 8.8063	Time remaining is 4h:21m
2024-03-20 10:13:03 INFO Epoch 3/120	Training Loss: 6.8485	Time remaining is 4h:18m
2024-03-20 10:15:13 INFO Epoch 4/120	Training Loss: 5.2734	Time remaining is 4h:15m
2024-03-20 10:17:24 INFO Epoch 5/120	Training Loss: 4.1019	Time remaining is 4h:13m
2024-03-20 10:19:35 INFO Epoch 6/120	Training Loss: 3.3491	Time remaining is 4h:11m
2024-03-20 10:21:45 INFO Epoch 7/120	Training Loss: 2.9272	Time remaining is 4h:9m
2024-03-20 10:23:57 INFO Epoch 8/120	Training Loss: 2.7133	Time remaining is 4h:7m
2024-03-20 10:26:08 INFO Epoch 9/120	Training Loss: 2.5981	Time remaining is 4h:5m
2024-03-20 10:28:19 INFO Epoch 10/120	Training Loss: 2.4918	Time remaining is 4h:2m
2024-03-20 10:30:30 INFO Epoch 11/120	Training Loss: 2.4417	Time remaining is 4h:0m
2024-03-20 10:32:41 INFO Epoch 12/120	Training Loss: 2.4093	Time remaining is 3h:58m
2024-03-20 10:34:53 INFO Epoch 13/120	Training Loss: 2.3620	Time remaining is 3h:56m
2024-03-20 10:37:04 INFO Epoch 14/120	Training Loss: 2.3227	Time remaining is 3h:54m
2024-03-20 10:39:16 INFO Epoch 15/120	Training Loss: 2.3063	Time remaining is 3h:52m
2024-03-20 10:41:27 INFO Epoch 16/120	Training Loss: 2.2838	Time remaining is 3h:50m
2024-03-20 10:43:39 INFO Epoch 17/120	Training Loss: 2.2750	Time remaining is 3h:47m
2024-03-20 10:45:50 INFO Epoch 18/120	Training Loss: 2.2692	Time remaining is 3h:45m
2024-03-20 10:48:01 INFO Epoch 19/120	Training Loss: 2.2687	Time remaining is 3h:43m
2024-03-20 10:50:13 INFO Epoch 20/120	Training Loss: 2.2833	Time remaining is 3h:41m
2024-03-20 10:52:24 INFO Epoch 21/120	Training Loss: 2.2377	Time remaining is 3h:39m
2024-03-20 10:54:35 INFO Epoch 22/120	Training Loss: 2.2693	Time remaining is 3h:36m
2024-03-20 10:56:47 INFO Epoch 23/120	Training Loss: 2.2552	Time remaining is 3h:34m
2024-03-20 10:58:57 INFO Epoch 24/120	Training Loss: 2.2459	Time remaining is 3h:32m
2024-03-20 11:01:09 INFO Epoch 25/120	Training Loss: 2.2570	Time remaining is 3h:30m
2024-03-20 11:03:20 INFO Epoch 26/120	Training Loss: 2.2416	Time remaining is 3h:28m
2024-03-20 11:05:31 INFO Epoch 27/120	Training Loss: 2.2484	Time remaining is 3h:26m
2024-03-20 11:07:43 INFO Epoch 28/120	Training Loss: 2.2585	Time remaining is 3h:23m
2024-03-20 11:09:53 INFO Epoch 29/120	Training Loss: 2.2438	Time remaining is 3h:21m
2024-03-20 11:12:05 INFO Epoch 30/120	Training Loss: 2.2472	Time remaining is 3h:19m
2024-03-20 11:14:16 INFO Epoch 31/120	Training Loss: 2.2479	Time remaining is 3h:17m
2024-03-20 11:16:26 INFO Epoch 32/120	Training Loss: 2.2514	Time remaining is 3h:15m
2024-03-20 11:18:38 INFO Epoch 33/120	Training Loss: 2.2387	Time remaining is 3h:12m
2024-03-20 11:20:49 INFO Epoch 34/120	Training Loss: 2.2352	Time remaining is 3h:10m
2024-03-20 11:23:00 INFO Epoch 35/120	Training Loss: 2.2268	Time remaining is 3h:8m
2024-03-20 11:25:11 INFO Epoch 36/120	Training Loss: 2.2433	Time remaining is 3h:6m
2024-03-20 11:27:23 INFO Epoch 37/120	Training Loss: 2.2556	Time remaining is 3h:4m
2024-03-20 11:29:33 INFO Epoch 38/120	Training Loss: 2.2338	Time remaining is 3h:1m
2024-03-20 11:31:44 INFO Epoch 39/120	Training Loss: 2.2209	Time remaining is 2h:59m
2024-03-20 11:33:56 INFO Epoch 40/120	Training Loss: 2.2259	Time remaining is 2h:57m
2024-03-20 11:36:07 INFO Epoch 41/120	Training Loss: 2.1707	Time remaining is 2h:55m
2024-03-20 11:38:18 INFO Epoch 42/120	Training Loss: 2.0873	Time remaining is 2h:53m
2024-03-20 11:40:29 INFO Epoch 43/120	Training Loss: 2.0825	Time remaining is 2h:51m
2024-03-20 11:42:41 INFO Epoch 44/120	Training Loss: 2.0739	Time remaining is 2h:48m
2024-03-20 11:44:52 INFO Epoch 45/120	Training Loss: 2.0553	Time remaining is 2h:46m
2024-03-20 11:47:03 INFO Epoch 46/120	Training Loss: 2.0594	Time remaining is 2h:44m
2024-03-20 11:49:14 INFO Epoch 47/120	Training Loss: 2.0588	Time remaining is 2h:42m
2024-03-20 11:51:25 INFO Epoch 48/120	Training Loss: 2.0407	Time remaining is 2h:40m
2024-03-20 11:53:37 INFO Epoch 49/120	Training Loss: 2.0473	Time remaining is 2h:37m
2024-03-20 11:55:48 INFO Epoch 50/120	Training Loss: 2.0480	Time remaining is 2h:35m
2024-03-20 11:58:00 INFO Epoch 51/120	Training Loss: 2.0444	Time remaining is 2h:33m
2024-03-20 12:00:10 INFO Epoch 52/120	Training Loss: 2.0341	Time remaining is 2h:31m
2024-03-20 12:02:22 INFO Epoch 53/120	Training Loss: 2.0419	Time remaining is 2h:29m
2024-03-20 12:04:33 INFO Epoch 54/120	Training Loss: 2.0431	Time remaining is 2h:26m
2024-03-20 12:06:45 INFO Epoch 55/120	Training Loss: 2.0367	Time remaining is 2h:24m
2024-03-20 12:08:55 INFO Epoch 56/120	Training Loss: 2.0290	Time remaining is 2h:22m
2024-03-20 12:11:07 INFO Epoch 57/120	Training Loss: 2.0379	Time remaining is 2h:20m
2024-03-20 12:13:19 INFO Epoch 58/120	Training Loss: 2.0379	Time remaining is 2h:18m
2024-03-20 12:15:30 INFO Epoch 59/120	Training Loss: 2.0356	Time remaining is 2h:16m
2024-03-20 12:17:42 INFO Epoch 60/120	Training Loss: 2.0325	Time remaining is 2h:13m
2024-03-20 12:19:54 INFO Epoch 61/120	Training Loss: 2.0425	Time remaining is 2h:11m
2024-03-20 12:22:05 INFO Epoch 62/120	Training Loss: 2.0193	Time remaining is 2h:9m
2024-03-20 12:24:16 INFO Epoch 63/120	Training Loss: 2.0305	Time remaining is 2h:7m
2024-03-20 12:26:28 INFO Epoch 64/120	Training Loss: 2.0285	Time remaining is 2h:5m
2024-03-20 12:28:39 INFO Epoch 65/120	Training Loss: 2.0298	Time remaining is 2h:2m
2024-03-20 12:30:52 INFO Epoch 66/120	Training Loss: 2.0381	Time remaining is 2h:0m
2024-03-20 12:33:03 INFO Epoch 67/120	Training Loss: 2.0150	Time remaining is 1h:58m
2024-03-20 12:35:14 INFO Epoch 68/120	Training Loss: 2.0260	Time remaining is 1h:56m
2024-03-20 12:37:26 INFO Epoch 69/120	Training Loss: 2.0245	Time remaining is 1h:54m
2024-03-20 12:39:37 INFO Epoch 70/120	Training Loss: 2.0139	Time remaining is 1h:52m
2024-03-20 12:41:48 INFO Epoch 71/120	Training Loss: 2.0179	Time remaining is 1h:49m
2024-03-20 12:44:00 INFO Epoch 72/120	Training Loss: 2.0133	Time remaining is 1h:47m
2024-03-20 12:46:10 INFO Epoch 73/120	Training Loss: 2.0026	Time remaining is 1h:45m
2024-03-20 12:48:22 INFO Epoch 74/120	Training Loss: 2.0111	Time remaining is 1h:43m
2024-03-20 12:50:33 INFO Epoch 75/120	Training Loss: 2.0078	Time remaining is 1h:41m
2024-03-20 12:52:45 INFO Epoch 76/120	Training Loss: 2.0085	Time remaining is 1h:38m
2024-03-20 12:54:56 INFO Epoch 77/120	Training Loss: 2.0090	Time remaining is 1h:36m
2024-03-20 12:57:07 INFO Epoch 78/120	Training Loss: 2.0076	Time remaining is 1h:34m
2024-03-20 12:59:19 INFO Epoch 79/120	Training Loss: 2.0067	Time remaining is 1h:32m
2024-03-20 13:01:29 INFO Epoch 80/120	Training Loss: 1.9958	Time remaining is 1h:30m
2024-03-20 13:03:41 INFO Epoch 81/120	Training Loss: 2.0055	Time remaining is 1h:28m
2024-03-20 13:05:52 INFO Epoch 82/120	Training Loss: 2.0086	Time remaining is 1h:25m
2024-03-20 13:08:04 INFO Epoch 83/120	Training Loss: 2.0049	Time remaining is 1h:23m
2024-03-20 13:10:15 INFO Epoch 84/120	Training Loss: 2.0043	Time remaining is 1h:21m
2024-03-20 13:12:26 INFO Epoch 85/120	Training Loss: 1.9954	Time remaining is 1h:19m
2024-03-20 13:14:37 INFO Epoch 86/120	Training Loss: 1.9954	Time remaining is 1h:17m
2024-03-20 13:16:48 INFO Epoch 87/120	Training Loss: 2.0063	Time remaining is 1h:14m
2024-03-20 13:19:00 INFO Epoch 88/120	Training Loss: 2.0047	Time remaining is 1h:12m
2024-03-20 13:21:11 INFO Epoch 89/120	Training Loss: 2.0022	Time remaining is 1h:10m
2024-03-20 13:23:23 INFO Epoch 90/120	Training Loss: 2.0064	Time remaining is 1h:8m
2024-03-20 13:24:13 INFO Testing: dataset_name: market1501 top1:0.9522 top5:0.9852 top10:0.9911 mAP:0.8818
2024-03-20 13:26:24 INFO Epoch 91/120	Training Loss: 2.0041	Time remaining is 1h:6m
2024-03-20 13:28:35 INFO Epoch 92/120	Training Loss: 2.0042	Time remaining is 1h:4m
2024-03-20 13:30:46 INFO Epoch 93/120	Training Loss: 1.9949	Time remaining is 1h:2m
2024-03-20 13:32:57 INFO Epoch 94/120	Training Loss: 2.0038	Time remaining is 0h:59m
2024-03-20 13:35:08 INFO Epoch 95/120	Training Loss: 1.9917	Time remaining is 0h:57m
2024-03-20 13:35:58 INFO Testing: dataset_name: market1501 top1:0.9519 top5:0.9843 top10:0.9908 mAP:0.8813
2024-03-20 13:38:09 INFO Epoch 96/120	Training Loss: 1.9928	Time remaining is 0h:55m
2024-03-20 13:40:20 INFO Epoch 97/120	Training Loss: 2.0036	Time remaining is 0h:53m
2024-03-20 13:42:32 INFO Epoch 98/120	Training Loss: 2.0018	Time remaining is 0h:51m
2024-03-20 13:44:42 INFO Epoch 99/120	Training Loss: 1.9936	Time remaining is 0h:48m
2024-03-20 13:46:53 INFO Epoch 100/120	Training Loss: 2.0031	Time remaining is 0h:46m
2024-03-20 13:47:44 INFO Testing: dataset_name: market1501 top1:0.9534 top5:0.9849 top10:0.9908 mAP:0.8827
2024-03-20 13:49:55 INFO Epoch 101/120	Training Loss: 2.0008	Time remaining is 0h:44m
2024-03-20 13:52:06 INFO Epoch 102/120	Training Loss: 1.9921	Time remaining is 0h:42m
2024-03-20 13:54:17 INFO Epoch 103/120	Training Loss: 2.0011	Time remaining is 0h:40m
2024-03-20 13:56:28 INFO Epoch 104/120	Training Loss: 1.9917	Time remaining is 0h:38m
2024-03-20 13:58:39 INFO Epoch 105/120	Training Loss: 2.0010	Time remaining is 0h:35m
2024-03-20 13:59:29 INFO Testing: dataset_name: market1501 top1:0.9534 top5:0.9843 top10:0.9905 mAP:0.8823
2024-03-20 14:01:40 INFO Epoch 106/120	Training Loss: 2.0008	Time remaining is 0h:33m
2024-03-20 14:03:52 INFO Epoch 107/120	Training Loss: 2.0017	Time remaining is 0h:31m
2024-03-20 14:06:04 INFO Epoch 108/120	Training Loss: 2.0088	Time remaining is 0h:29m
2024-03-20 14:08:15 INFO Epoch 109/120	Training Loss: 2.0029	Time remaining is 0h:27m
2024-03-20 14:10:25 INFO Epoch 110/120	Training Loss: 1.9892	Time remaining is 0h:24m
2024-03-20 14:11:16 INFO Testing: dataset_name: market1501 top1:0.9525 top5:0.9846 top10:0.9911 mAP:0.8829
2024-03-20 14:13:27 INFO Epoch 111/120	Training Loss: 2.0021	Time remaining is 0h:22m
2024-03-20 14:15:38 INFO Epoch 112/120	Training Loss: 2.0022	Time remaining is 0h:20m
2024-03-20 14:17:48 INFO Epoch 113/120	Training Loss: 1.9893	Time remaining is 0h:18m
2024-03-20 14:19:59 INFO Epoch 114/120	Training Loss: 1.9903	Time remaining is 0h:16m
2024-03-20 14:22:10 INFO Epoch 115/120	Training Loss: 1.9990	Time remaining is 0h:13m
2024-03-20 14:23:00 INFO Testing: dataset_name: market1501 top1:0.9519 top5:0.9843 top10:0.9905 mAP:0.8826
2024-03-20 14:25:11 INFO Epoch 116/120	Training Loss: 1.9976	Time remaining is 0h:11m
2024-03-20 14:27:22 INFO Epoch 117/120	Training Loss: 1.9982	Time remaining is 0h:9m
2024-03-20 14:29:34 INFO Epoch 118/120	Training Loss: 2.0098	Time remaining is 0h:7m
2024-03-20 14:31:45 INFO Epoch 119/120	Training Loss: 1.9975	Time remaining is 0h:4m
2024-03-20 14:33:57 INFO Epoch 120/120	Training Loss: 1.9986	Time remaining is 0h:2m
2024-03-20 14:34:48 INFO Testing: dataset_name: market1501 top1:0.9528 top5:0.9840 top10:0.9902 mAP:0.8837
2024-03-20 14:34:48 INFO The running time of training: 1.60996e+04 s
