2024-04-10 08:17:46 INFO ##################################################
2024-04-10 08:17:46 INFO Config values: batch_size: 60	current_directory: /home/hy/project/reid_task/ex_main5	dataset_name: market1501	dataset_path: /home/hy/project/data/Market-1501-v15.09.15	device: cuda	dtype: torch.float32	epoch_start_test: 90	epochs: 120	img_height: 256	img_width: 128	logs_outputs_path: /home/hy/project/reid_task/ex_main5/./outputs/logs	models_outputs_path: /home/hy/project/reid_task/ex_main5/./outputs/models	np: <module 'numpy' from '/home/hy/anaconda3/envs/py396/lib/python3.9/site-packages/numpy/__init__.py'>	os: <module 'os' from '/home/hy/anaconda3/envs/py396/lib/python3.9/os.py'>	outputs_dir: ./outputs/	outputs_path: /home/hy/project/reid_task/ex_main5/./outputs/	print_every: 1	seed: 1	taskname: ReID_Task	temps_outputs_path: /home/hy/project/reid_task/ex_main5/./outputs/temps	test_batch_size: 256	test_every: 5	torch: <module 'torch' from '/home/hy/anaconda3/envs/py396/lib/python3.9/site-packages/torch/__init__.py'>
2024-04-10 08:17:46 INFO Task: ReID_Task
2024-04-10 08:17:46 INFO Using device: cuda
2024-04-10 08:17:46 INFO Using data type: torch.float32
2024-04-10 08:17:46 INFO Number of GPUs: 1
2024-04-10 08:17:46 INFO GPU is_available: True
2024-04-10 08:17:46 INFO GPU name: NVIDIA GeForce RTX 3060
2024-04-10 08:17:46 INFO CUDA version: 12.1
2024-04-10 08:17:46 INFO Current device id: 0
2024-04-10 08:17:46 INFO ##################################################
2024-04-10 08:19:04 INFO Epoch 1/120	Training Loss: 9.6294	Time remaining is 2h:34m
2024-04-10 08:20:20 INFO Epoch 2/120	Training Loss: 8.1522	Time remaining is 2h:31m
2024-04-10 08:21:35 INFO Epoch 3/120	Training Loss: 6.3118	Time remaining is 2h:30m
2024-04-10 08:22:52 INFO Epoch 4/120	Training Loss: 4.8398	Time remaining is 2h:29m
2024-04-10 08:24:08 INFO Epoch 5/120	Training Loss: 3.7769	Time remaining is 2h:27m
2024-04-10 08:25:23 INFO Epoch 6/120	Training Loss: 3.0815	Time remaining is 2h:26m
2024-04-10 08:26:39 INFO Epoch 7/120	Training Loss: 2.7273	Time remaining is 2h:24m
2024-04-10 08:27:55 INFO Epoch 8/120	Training Loss: 2.5320	Time remaining is 2h:23m
2024-04-10 08:29:11 INFO Epoch 9/120	Training Loss: 2.4287	Time remaining is 2h:22m
2024-04-10 08:30:26 INFO Epoch 10/120	Training Loss: 2.3478	Time remaining is 2h:20m
2024-04-10 08:31:42 INFO Epoch 11/120	Training Loss: 2.3140	Time remaining is 2h:19m
2024-04-10 08:32:58 INFO Epoch 12/120	Training Loss: 2.2651	Time remaining is 2h:18m
2024-04-10 08:34:14 INFO Epoch 13/120	Training Loss: 2.2124	Time remaining is 2h:17m
2024-04-10 08:35:31 INFO Epoch 14/120	Training Loss: 2.1980	Time remaining is 2h:16m
2024-04-10 08:36:47 INFO Epoch 15/120	Training Loss: 2.1724	Time remaining is 2h:14m
2024-04-10 08:38:03 INFO Epoch 16/120	Training Loss: 2.1511	Time remaining is 2h:13m
2024-04-10 08:39:18 INFO Epoch 17/120	Training Loss: 2.1353	Time remaining is 2h:12m
2024-04-10 08:40:34 INFO Epoch 18/120	Training Loss: 2.1212	Time remaining is 2h:10m
2024-04-10 08:41:50 INFO Epoch 19/120	Training Loss: 2.1274	Time remaining is 2h:9m
2024-04-10 08:43:07 INFO Epoch 20/120	Training Loss: 2.1273	Time remaining is 2h:8m
2024-04-10 08:44:23 INFO Epoch 21/120	Training Loss: 2.1213	Time remaining is 2h:7m
2024-04-10 08:45:39 INFO Epoch 22/120	Training Loss: 2.1134	Time remaining is 2h:5m
2024-04-10 08:46:54 INFO Epoch 23/120	Training Loss: 2.1048	Time remaining is 2h:4m
2024-04-10 08:48:10 INFO Epoch 24/120	Training Loss: 2.1127	Time remaining is 2h:3m
2024-04-10 08:49:27 INFO Epoch 25/120	Training Loss: 2.1139	Time remaining is 2h:2m
2024-04-10 08:50:44 INFO Epoch 26/120	Training Loss: 2.1273	Time remaining is 2h:0m
2024-04-10 08:52:00 INFO Epoch 27/120	Training Loss: 2.1113	Time remaining is 1h:59m
2024-04-10 08:53:16 INFO Epoch 28/120	Training Loss: 2.1152	Time remaining is 1h:58m
2024-04-10 08:54:32 INFO Epoch 29/120	Training Loss: 2.1021	Time remaining is 1h:57m
2024-04-10 08:55:47 INFO Epoch 30/120	Training Loss: 2.0939	Time remaining is 1h:55m
2024-04-10 08:57:03 INFO Epoch 31/120	Training Loss: 2.0977	Time remaining is 1h:54m
2024-04-10 08:58:19 INFO Epoch 32/120	Training Loss: 2.1002	Time remaining is 1h:53m
2024-04-10 08:59:35 INFO Epoch 33/120	Training Loss: 2.0978	Time remaining is 1h:51m
2024-04-10 09:00:51 INFO Epoch 34/120	Training Loss: 2.1030	Time remaining is 1h:50m
2024-04-10 09:02:07 INFO Epoch 35/120	Training Loss: 2.1061	Time remaining is 1h:49m
2024-04-10 09:03:24 INFO Epoch 36/120	Training Loss: 2.0974	Time remaining is 1h:48m
2024-04-10 09:04:40 INFO Epoch 37/120	Training Loss: 2.0932	Time remaining is 1h:46m
2024-04-10 09:05:56 INFO Epoch 38/120	Training Loss: 2.0939	Time remaining is 1h:45m
2024-04-10 09:07:12 INFO Epoch 39/120	Training Loss: 2.0991	Time remaining is 1h:44m
2024-04-10 09:08:27 INFO Epoch 40/120	Training Loss: 2.0866	Time remaining is 1h:43m
2024-04-10 09:09:43 INFO Epoch 41/120	Training Loss: 2.0269	Time remaining is 1h:41m
2024-04-10 09:10:59 INFO Epoch 42/120	Training Loss: 1.9605	Time remaining is 1h:40m
2024-04-10 09:12:15 INFO Epoch 43/120	Training Loss: 1.9567	Time remaining is 1h:39m
2024-04-10 09:13:31 INFO Epoch 44/120	Training Loss: 1.9493	Time remaining is 1h:38m
2024-04-10 09:14:47 INFO Epoch 45/120	Training Loss: 1.9413	Time remaining is 1h:36m
2024-04-10 09:16:03 INFO Epoch 46/120	Training Loss: 1.9402	Time remaining is 1h:35m
2024-04-10 09:17:19 INFO Epoch 47/120	Training Loss: 1.9258	Time remaining is 1h:34m
2024-04-10 09:18:35 INFO Epoch 48/120	Training Loss: 1.9339	Time remaining is 1h:32m
2024-04-10 09:19:51 INFO Epoch 49/120	Training Loss: 1.9201	Time remaining is 1h:31m
2024-04-10 09:21:07 INFO Epoch 50/120	Training Loss: 1.9292	Time remaining is 1h:30m
2024-04-10 09:22:23 INFO Epoch 51/120	Training Loss: 1.9160	Time remaining is 1h:29m
2024-04-10 09:23:39 INFO Epoch 52/120	Training Loss: 1.9226	Time remaining is 1h:27m
2024-04-10 09:24:55 INFO Epoch 53/120	Training Loss: 1.9225	Time remaining is 1h:26m
2024-04-10 09:26:11 INFO Epoch 54/120	Training Loss: 1.9196	Time remaining is 1h:25m
2024-04-10 09:27:28 INFO Epoch 55/120	Training Loss: 1.9194	Time remaining is 1h:24m
2024-04-10 09:28:44 INFO Epoch 56/120	Training Loss: 1.9170	Time remaining is 1h:22m
2024-04-10 09:29:59 INFO Epoch 57/120	Training Loss: 1.9069	Time remaining is 1h:21m
2024-04-10 09:31:15 INFO Epoch 58/120	Training Loss: 1.9159	Time remaining is 1h:20m
2024-04-10 09:32:31 INFO Epoch 59/120	Training Loss: 1.9175	Time remaining is 1h:19m
2024-04-10 09:33:47 INFO Epoch 60/120	Training Loss: 1.9123	Time remaining is 1h:17m
2024-04-10 09:35:03 INFO Epoch 61/120	Training Loss: 1.9138	Time remaining is 1h:16m
2024-04-10 09:36:19 INFO Epoch 62/120	Training Loss: 1.9123	Time remaining is 1h:15m
2024-04-10 09:37:35 INFO Epoch 63/120	Training Loss: 1.9103	Time remaining is 1h:13m
2024-04-10 09:38:51 INFO Epoch 64/120	Training Loss: 1.9106	Time remaining is 1h:12m
2024-04-10 09:40:07 INFO Epoch 65/120	Training Loss: 1.9065	Time remaining is 1h:11m
2024-04-10 09:41:23 INFO Epoch 66/120	Training Loss: 1.9076	Time remaining is 1h:10m
2024-04-10 09:42:40 INFO Epoch 67/120	Training Loss: 1.9153	Time remaining is 1h:8m
2024-04-10 09:43:56 INFO Epoch 68/120	Training Loss: 1.9054	Time remaining is 1h:7m
2024-04-10 09:45:12 INFO Epoch 69/120	Training Loss: 1.8977	Time remaining is 1h:6m
2024-04-10 09:46:28 INFO Epoch 70/120	Training Loss: 1.9045	Time remaining is 1h:5m
2024-04-10 09:47:44 INFO Epoch 71/120	Training Loss: 1.9020	Time remaining is 1h:3m
2024-04-10 09:49:01 INFO Epoch 72/120	Training Loss: 1.8979	Time remaining is 1h:2m
2024-04-10 09:50:17 INFO Epoch 73/120	Training Loss: 1.8957	Time remaining is 1h:1m
2024-04-10 09:51:33 INFO Epoch 74/120	Training Loss: 1.8853	Time remaining is 0h:60m
2024-04-10 09:52:49 INFO Epoch 75/120	Training Loss: 1.8848	Time remaining is 0h:58m
2024-04-10 09:54:05 INFO Epoch 76/120	Training Loss: 1.8815	Time remaining is 0h:57m
2024-04-10 09:55:22 INFO Epoch 77/120	Training Loss: 1.8926	Time remaining is 0h:56m
2024-04-10 09:56:37 INFO Epoch 78/120	Training Loss: 1.8847	Time remaining is 0h:54m
2024-04-10 09:57:54 INFO Epoch 79/120	Training Loss: 1.8920	Time remaining is 0h:53m
2024-04-10 09:59:10 INFO Epoch 80/120	Training Loss: 1.8929	Time remaining is 0h:52m
2024-04-10 10:00:26 INFO Epoch 81/120	Training Loss: 1.8912	Time remaining is 0h:51m
2024-04-10 10:01:42 INFO Epoch 82/120	Training Loss: 1.8908	Time remaining is 0h:49m
2024-04-10 10:02:58 INFO Epoch 83/120	Training Loss: 1.8911	Time remaining is 0h:48m
2024-04-10 10:04:14 INFO Epoch 84/120	Training Loss: 1.8894	Time remaining is 0h:47m
2024-04-10 10:05:30 INFO Epoch 85/120	Training Loss: 1.8926	Time remaining is 0h:46m
2024-04-10 10:06:46 INFO Epoch 86/120	Training Loss: 1.8912	Time remaining is 0h:44m
2024-04-10 10:08:02 INFO Epoch 87/120	Training Loss: 1.8900	Time remaining is 0h:43m
2024-04-10 10:09:18 INFO Epoch 88/120	Training Loss: 1.8792	Time remaining is 0h:42m
2024-04-10 10:10:34 INFO Epoch 89/120	Training Loss: 1.8893	Time remaining is 0h:41m
2024-04-10 10:11:50 INFO Epoch 90/120	Training Loss: 1.8903	Time remaining is 0h:39m
2024-04-10 10:13:17 INFO Testing: dataset_name: market1501 top1:0.9495 top5:0.9846 top10:0.9899 mAP:0.8700
2024-04-10 10:14:33 INFO Epoch 91/120	Training Loss: 1.8906	Time remaining is 0h:38m
2024-04-10 10:15:49 INFO Epoch 92/120	Training Loss: 1.8787	Time remaining is 0h:37m
2024-04-10 10:17:05 INFO Epoch 93/120	Training Loss: 1.8910	Time remaining is 0h:36m
2024-04-10 10:18:21 INFO Epoch 94/120	Training Loss: 1.8882	Time remaining is 0h:35m
2024-04-10 10:19:37 INFO Epoch 95/120	Training Loss: 1.8781	Time remaining is 0h:33m
2024-04-10 10:21:04 INFO Testing: dataset_name: market1501 top1:0.9504 top5:0.9855 top10:0.9908 mAP:0.8721
2024-04-10 10:22:20 INFO Epoch 96/120	Training Loss: 1.8893	Time remaining is 0h:32m
2024-04-10 10:23:35 INFO Epoch 97/120	Training Loss: 1.8772	Time remaining is 0h:31m
2024-04-10 10:24:51 INFO Epoch 98/120	Training Loss: 1.8908	Time remaining is 0h:30m
2024-04-10 10:26:07 INFO Epoch 99/120	Training Loss: 1.8878	Time remaining is 0h:29m
2024-04-10 10:27:24 INFO Epoch 100/120	Training Loss: 1.8860	Time remaining is 0h:27m
2024-04-10 10:28:51 INFO Testing: dataset_name: market1501 top1:0.9495 top5:0.9855 top10:0.9914 mAP:0.8717
2024-04-10 10:30:07 INFO Epoch 101/120	Training Loss: 1.8892	Time remaining is 0h:26m
2024-04-10 10:31:23 INFO Epoch 102/120	Training Loss: 1.8873	Time remaining is 0h:25m
2024-04-10 10:32:40 INFO Epoch 103/120	Training Loss: 1.8861	Time remaining is 0h:24m
2024-04-10 10:33:56 INFO Epoch 104/120	Training Loss: 1.8858	Time remaining is 0h:22m
2024-04-10 10:35:13 INFO Epoch 105/120	Training Loss: 1.8962	Time remaining is 0h:21m
2024-04-10 10:36:40 INFO Testing: dataset_name: market1501 top1:0.9495 top5:0.9849 top10:0.9917 mAP:0.8717
2024-04-10 10:37:56 INFO Epoch 106/120	Training Loss: 1.8882	Time remaining is 0h:20m
2024-04-10 10:39:11 INFO Epoch 107/120	Training Loss: 1.8773	Time remaining is 0h:19m
2024-04-10 10:40:27 INFO Epoch 108/120	Training Loss: 1.8878	Time remaining is 0h:17m
2024-04-10 10:41:43 INFO Epoch 109/120	Training Loss: 1.8858	Time remaining is 0h:16m
2024-04-10 10:42:59 INFO Epoch 110/120	Training Loss: 1.8856	Time remaining is 0h:15m
2024-04-10 10:44:26 INFO Testing: dataset_name: market1501 top1:0.9504 top5:0.9846 top10:0.9911 mAP:0.8731
2024-04-10 10:45:42 INFO Epoch 111/120	Training Loss: 1.8752	Time remaining is 0h:13m
2024-04-10 10:46:58 INFO Epoch 112/120	Training Loss: 1.8852	Time remaining is 0h:12m
2024-04-10 10:48:14 INFO Epoch 113/120	Training Loss: 1.8852	Time remaining is 0h:11m
2024-04-10 10:49:30 INFO Epoch 114/120	Training Loss: 1.8774	Time remaining is 0h:9m
2024-04-10 10:50:46 INFO Epoch 115/120	Training Loss: 1.8932	Time remaining is 0h:8m
2024-04-10 10:52:13 INFO Testing: dataset_name: market1501 top1:0.9510 top5:0.9837 top10:0.9914 mAP:0.8736
2024-04-10 10:53:29 INFO Epoch 116/120	Training Loss: 1.8855	Time remaining is 0h:7m
2024-04-10 10:54:45 INFO Epoch 117/120	Training Loss: 1.8866	Time remaining is 0h:5m
2024-04-10 10:56:02 INFO Epoch 118/120	Training Loss: 1.8847	Time remaining is 0h:4m
2024-04-10 10:57:18 INFO Epoch 119/120	Training Loss: 1.8946	Time remaining is 0h:3m
2024-04-10 10:58:33 INFO Epoch 120/120	Training Loss: 1.8739	Time remaining is 0h:1m
2024-04-10 11:00:00 INFO Testing: dataset_name: market1501 top1:0.9504 top5:0.9846 top10:0.9908 mAP:0.8746
2024-04-10 11:00:00 INFO The running time of training: 9.73447e+03 s
