2024-04-08 05:04:17 INFO ##################################################
2024-04-08 05:04:17 INFO Config values: batch_size: 60	current_directory: /home/hy/project/reid_task/ex_main4	dataset_name: market1501	dataset_path: /home/hy/project/data/Market-1501-v15.09.15	device: cuda	dtype: torch.float32	epoch_start_test: 90	epochs: 120	img_height: 256	img_width: 128	logs_outputs_path: /home/hy/project/reid_task/ex_main4/./outputs/logs	models_outputs_path: /home/hy/project/reid_task/ex_main4/./outputs/models	np: <module 'numpy' from '/home/hy/anaconda3/envs/py396/lib/python3.9/site-packages/numpy/__init__.py'>	os: <module 'os' from '/home/hy/anaconda3/envs/py396/lib/python3.9/os.py'>	outputs_dir: ./outputs/	outputs_path: /home/hy/project/reid_task/ex_main4/./outputs/	print_every: 1	seed: 1	taskname: ReID_Task	temps_outputs_path: /home/hy/project/reid_task/ex_main4/./outputs/temps	test_batch_size: 256	test_every: 5	torch: <module 'torch' from '/home/hy/anaconda3/envs/py396/lib/python3.9/site-packages/torch/__init__.py'>
2024-04-08 05:04:17 INFO Task: ReID_Task
2024-04-08 05:04:17 INFO Using device: cuda
2024-04-08 05:04:17 INFO Using data type: torch.float32
2024-04-08 05:04:17 INFO Number of GPUs: 1
2024-04-08 05:04:17 INFO GPU is_available: True
2024-04-08 05:04:17 INFO GPU name: NVIDIA GeForce RTX 3060
2024-04-08 05:04:17 INFO CUDA version: 12.1
2024-04-08 05:04:17 INFO Current device id: 0
2024-04-08 05:04:17 INFO ##################################################
2024-04-08 05:05:20 INFO Epoch 1/120	Training Loss: 9.4309	Time remaining is 2h:3m
2024-04-08 05:06:20 INFO Epoch 2/120	Training Loss: 8.0767	Time remaining is 2h:1m
2024-04-08 05:07:21 INFO Epoch 3/120	Training Loss: 6.2628	Time remaining is 2h:0m
2024-04-08 05:08:22 INFO Epoch 4/120	Training Loss: 4.8927	Time remaining is 1h:59m
2024-04-08 05:09:23 INFO Epoch 5/120	Training Loss: 3.8063	Time remaining is 1h:58m
2024-04-08 05:10:23 INFO Epoch 6/120	Training Loss: 3.0844	Time remaining is 1h:57m
2024-04-08 05:11:24 INFO Epoch 7/120	Training Loss: 2.7166	Time remaining is 1h:56m
2024-04-08 05:12:24 INFO Epoch 8/120	Training Loss: 2.5194	Time remaining is 1h:54m
2024-04-08 05:13:25 INFO Epoch 9/120	Training Loss: 2.4084	Time remaining is 1h:53m
2024-04-08 05:14:25 INFO Epoch 10/120	Training Loss: 2.3450	Time remaining is 1h:52m
2024-04-08 05:15:26 INFO Epoch 11/120	Training Loss: 2.3174	Time remaining is 1h:51m
2024-04-08 05:16:27 INFO Epoch 12/120	Training Loss: 2.2557	Time remaining is 1h:50m
2024-04-08 05:17:27 INFO Epoch 13/120	Training Loss: 2.2078	Time remaining is 1h:49m
2024-04-08 05:18:28 INFO Epoch 14/120	Training Loss: 2.1897	Time remaining is 1h:48m
2024-04-08 05:19:29 INFO Epoch 15/120	Training Loss: 2.1647	Time remaining is 1h:47m
2024-04-08 05:20:30 INFO Epoch 16/120	Training Loss: 2.1519	Time remaining is 1h:46m
2024-04-08 05:21:31 INFO Epoch 17/120	Training Loss: 2.1437	Time remaining is 1h:45m
2024-04-08 05:22:31 INFO Epoch 18/120	Training Loss: 2.1345	Time remaining is 1h:44m
2024-04-08 05:23:32 INFO Epoch 19/120	Training Loss: 2.1362	Time remaining is 1h:43m
2024-04-08 05:24:33 INFO Epoch 20/120	Training Loss: 2.1377	Time remaining is 1h:42m
2024-04-08 05:25:34 INFO Epoch 21/120	Training Loss: 2.1303	Time remaining is 1h:41m
2024-04-08 05:26:34 INFO Epoch 22/120	Training Loss: 2.1209	Time remaining is 1h:40m
2024-04-08 05:27:34 INFO Epoch 23/120	Training Loss: 2.1200	Time remaining is 1h:39m
2024-04-08 05:28:35 INFO Epoch 24/120	Training Loss: 2.1298	Time remaining is 1h:38m
2024-04-08 05:29:36 INFO Epoch 25/120	Training Loss: 2.1299	Time remaining is 1h:37m
2024-04-08 05:30:37 INFO Epoch 26/120	Training Loss: 2.1483	Time remaining is 1h:36m
2024-04-08 05:31:38 INFO Epoch 27/120	Training Loss: 2.1401	Time remaining is 1h:35m
2024-04-08 05:32:38 INFO Epoch 28/120	Training Loss: 2.1341	Time remaining is 1h:34m
2024-04-08 05:33:39 INFO Epoch 29/120	Training Loss: 2.1124	Time remaining is 1h:33m
2024-04-08 05:34:39 INFO Epoch 30/120	Training Loss: 2.0985	Time remaining is 1h:32m
2024-04-08 05:35:40 INFO Epoch 31/120	Training Loss: 2.1109	Time remaining is 1h:31m
2024-04-08 05:36:40 INFO Epoch 32/120	Training Loss: 2.1263	Time remaining is 1h:30m
2024-04-08 05:37:41 INFO Epoch 33/120	Training Loss: 2.1165	Time remaining is 1h:29m
2024-04-08 05:38:42 INFO Epoch 34/120	Training Loss: 2.1274	Time remaining is 1h:28m
2024-04-08 05:39:43 INFO Epoch 35/120	Training Loss: 2.1143	Time remaining is 1h:27m
2024-04-08 05:40:44 INFO Epoch 36/120	Training Loss: 2.1088	Time remaining is 1h:26m
2024-04-08 05:41:45 INFO Epoch 37/120	Training Loss: 2.1028	Time remaining is 1h:25m
2024-04-08 05:42:46 INFO Epoch 38/120	Training Loss: 2.1123	Time remaining is 1h:24m
2024-04-08 05:43:46 INFO Epoch 39/120	Training Loss: 2.1029	Time remaining is 1h:23m
2024-04-08 05:44:47 INFO Epoch 40/120	Training Loss: 2.0907	Time remaining is 1h:22m
2024-04-08 05:45:48 INFO Epoch 41/120	Training Loss: 2.0423	Time remaining is 1h:21m
2024-04-08 05:46:48 INFO Epoch 42/120	Training Loss: 1.9692	Time remaining is 1h:20m
2024-04-08 05:47:49 INFO Epoch 43/120	Training Loss: 1.9630	Time remaining is 1h:19m
2024-04-08 05:48:50 INFO Epoch 44/120	Training Loss: 1.9540	Time remaining is 1h:18m
2024-04-08 05:49:50 INFO Epoch 45/120	Training Loss: 1.9460	Time remaining is 1h:17m
2024-04-08 05:50:51 INFO Epoch 46/120	Training Loss: 1.9400	Time remaining is 1h:16m
2024-04-08 05:51:51 INFO Epoch 47/120	Training Loss: 1.9272	Time remaining is 1h:15m
2024-04-08 05:52:52 INFO Epoch 48/120	Training Loss: 1.9349	Time remaining is 1h:14m
2024-04-08 05:53:53 INFO Epoch 49/120	Training Loss: 1.9247	Time remaining is 1h:13m
2024-04-08 05:54:53 INFO Epoch 50/120	Training Loss: 1.9284	Time remaining is 1h:12m
2024-04-08 05:55:54 INFO Epoch 51/120	Training Loss: 1.9172	Time remaining is 1h:11m
2024-04-08 05:56:55 INFO Epoch 52/120	Training Loss: 1.9238	Time remaining is 1h:10m
2024-04-08 05:57:56 INFO Epoch 53/120	Training Loss: 1.9229	Time remaining is 1h:9m
2024-04-08 05:58:56 INFO Epoch 54/120	Training Loss: 1.9188	Time remaining is 1h:8m
2024-04-08 05:59:57 INFO Epoch 55/120	Training Loss: 1.9207	Time remaining is 1h:7m
2024-04-08 06:00:58 INFO Epoch 56/120	Training Loss: 1.9200	Time remaining is 1h:6m
2024-04-08 06:01:59 INFO Epoch 57/120	Training Loss: 1.9063	Time remaining is 1h:5m
2024-04-08 06:02:59 INFO Epoch 58/120	Training Loss: 1.9162	Time remaining is 1h:4m
2024-04-08 06:04:00 INFO Epoch 59/120	Training Loss: 1.9174	Time remaining is 1h:3m
2024-04-08 06:05:01 INFO Epoch 60/120	Training Loss: 1.9139	Time remaining is 1h:2m
2024-04-08 06:06:02 INFO Epoch 61/120	Training Loss: 1.9148	Time remaining is 1h:1m
2024-04-08 06:07:03 INFO Epoch 62/120	Training Loss: 1.9128	Time remaining is 0h:60m
2024-04-08 06:08:04 INFO Epoch 63/120	Training Loss: 1.9111	Time remaining is 0h:59m
2024-04-08 06:09:05 INFO Epoch 64/120	Training Loss: 1.9098	Time remaining is 0h:58m
2024-04-08 06:10:06 INFO Epoch 65/120	Training Loss: 1.9075	Time remaining is 0h:57m
2024-04-08 06:11:07 INFO Epoch 66/120	Training Loss: 1.9072	Time remaining is 0h:56m
2024-04-08 06:12:08 INFO Epoch 67/120	Training Loss: 1.9173	Time remaining is 0h:55m
2024-04-08 06:13:09 INFO Epoch 68/120	Training Loss: 1.9095	Time remaining is 0h:54m
2024-04-08 06:14:10 INFO Epoch 69/120	Training Loss: 1.8981	Time remaining is 0h:53m
2024-04-08 06:15:10 INFO Epoch 70/120	Training Loss: 1.9054	Time remaining is 0h:52m
2024-04-08 06:16:11 INFO Epoch 71/120	Training Loss: 1.9022	Time remaining is 0h:51m
2024-04-08 06:17:12 INFO Epoch 72/120	Training Loss: 1.8979	Time remaining is 0h:50m
2024-04-08 06:18:13 INFO Epoch 73/120	Training Loss: 1.8965	Time remaining is 0h:49m
2024-04-08 06:19:13 INFO Epoch 74/120	Training Loss: 1.8858	Time remaining is 0h:48m
2024-04-08 06:20:14 INFO Epoch 75/120	Training Loss: 1.8851	Time remaining is 0h:47m
2024-04-08 06:21:14 INFO Epoch 76/120	Training Loss: 1.8830	Time remaining is 0h:46m
2024-04-08 06:22:15 INFO Epoch 77/120	Training Loss: 1.8939	Time remaining is 0h:45m
2024-04-08 06:23:15 INFO Epoch 78/120	Training Loss: 1.8817	Time remaining is 0h:44m
2024-04-08 06:24:16 INFO Epoch 79/120	Training Loss: 1.8921	Time remaining is 0h:43m
2024-04-08 06:25:17 INFO Epoch 80/120	Training Loss: 1.8925	Time remaining is 0h:42m
2024-04-08 06:26:17 INFO Epoch 81/120	Training Loss: 1.8915	Time remaining is 0h:40m
2024-04-08 06:27:18 INFO Epoch 82/120	Training Loss: 1.8924	Time remaining is 0h:39m
2024-04-08 06:28:19 INFO Epoch 83/120	Training Loss: 1.8897	Time remaining is 0h:38m
2024-04-08 06:29:20 INFO Epoch 84/120	Training Loss: 1.8894	Time remaining is 0h:37m
2024-04-08 06:30:21 INFO Epoch 85/120	Training Loss: 1.8917	Time remaining is 0h:36m
2024-04-08 06:31:22 INFO Epoch 86/120	Training Loss: 1.8907	Time remaining is 0h:35m
2024-04-08 06:32:23 INFO Epoch 87/120	Training Loss: 1.8893	Time remaining is 0h:34m
2024-04-08 06:33:23 INFO Epoch 88/120	Training Loss: 1.8792	Time remaining is 0h:33m
2024-04-08 06:34:24 INFO Epoch 89/120	Training Loss: 1.8889	Time remaining is 0h:32m
2024-04-08 06:35:25 INFO Epoch 90/120	Training Loss: 1.8871	Time remaining is 0h:31m
2024-04-08 06:36:37 INFO Testing: dataset_name: market1501 top1:0.9409 top5:0.9786 top10:0.9893 mAP:0.8517
2024-04-08 06:37:37 INFO Epoch 91/120	Training Loss: 1.8895	Time remaining is 0h:31m
2024-04-08 06:38:38 INFO Epoch 92/120	Training Loss: 1.8787	Time remaining is 0h:30m
2024-04-08 06:39:39 INFO Epoch 93/120	Training Loss: 1.8904	Time remaining is 0h:29m
2024-04-08 06:40:39 INFO Epoch 94/120	Training Loss: 1.8883	Time remaining is 0h:28m
2024-04-08 06:41:40 INFO Epoch 95/120	Training Loss: 1.8771	Time remaining is 0h:27m
2024-04-08 06:42:52 INFO Testing: dataset_name: market1501 top1:0.9409 top5:0.9795 top10:0.9893 mAP:0.8517
2024-04-08 06:43:52 INFO Epoch 96/120	Training Loss: 1.8880	Time remaining is 0h:26m
2024-04-08 06:44:53 INFO Epoch 97/120	Training Loss: 1.8775	Time remaining is 0h:25m
2024-04-08 06:45:54 INFO Epoch 98/120	Training Loss: 1.8891	Time remaining is 0h:24m
2024-04-08 06:46:54 INFO Epoch 99/120	Training Loss: 1.8881	Time remaining is 0h:23m
2024-04-08 06:47:55 INFO Epoch 100/120	Training Loss: 1.8856	Time remaining is 0h:22m
2024-04-08 06:49:07 INFO Testing: dataset_name: market1501 top1:0.9397 top5:0.9792 top10:0.9893 mAP:0.8518
2024-04-08 06:50:07 INFO Epoch 101/120	Training Loss: 1.8888	Time remaining is 0h:21m
2024-04-08 06:51:08 INFO Epoch 102/120	Training Loss: 1.8871	Time remaining is 0h:20m
2024-04-08 06:52:09 INFO Epoch 103/120	Training Loss: 1.8858	Time remaining is 0h:19m
2024-04-08 06:53:10 INFO Epoch 104/120	Training Loss: 1.8843	Time remaining is 0h:18m
2024-04-08 06:54:11 INFO Epoch 105/120	Training Loss: 1.8945	Time remaining is 0h:17m
2024-04-08 06:55:23 INFO Testing: dataset_name: market1501 top1:0.9433 top5:0.9798 top10:0.9896 mAP:0.8534
2024-04-08 06:56:24 INFO Epoch 106/120	Training Loss: 1.8859	Time remaining is 0h:16m
2024-04-08 06:57:24 INFO Epoch 107/120	Training Loss: 1.8766	Time remaining is 0h:15m
2024-04-08 06:58:25 INFO Epoch 108/120	Training Loss: 1.8860	Time remaining is 0h:14m
2024-04-08 06:59:26 INFO Epoch 109/120	Training Loss: 1.8848	Time remaining is 0h:13m
2024-04-08 07:00:26 INFO Epoch 110/120	Training Loss: 1.8840	Time remaining is 0h:12m
2024-04-08 07:01:38 INFO Testing: dataset_name: market1501 top1:0.9436 top5:0.9786 top10:0.9896 mAP:0.8546
2024-04-08 07:02:38 INFO Epoch 111/120	Training Loss: 1.8754	Time remaining is 0h:11m
2024-04-08 07:03:39 INFO Epoch 112/120	Training Loss: 1.8838	Time remaining is 0h:10m
2024-04-08 07:04:40 INFO Epoch 113/120	Training Loss: 1.8832	Time remaining is 0h:9m
2024-04-08 07:05:40 INFO Epoch 114/120	Training Loss: 1.8761	Time remaining is 0h:7m
2024-04-08 07:06:42 INFO Epoch 115/120	Training Loss: 1.8930	Time remaining is 0h:6m
2024-04-08 07:07:54 INFO Testing: dataset_name: market1501 top1:0.9442 top5:0.9801 top10:0.9887 mAP:0.8552
2024-04-08 07:08:55 INFO Epoch 116/120	Training Loss: 1.8836	Time remaining is 0h:5m
2024-04-08 07:09:55 INFO Epoch 117/120	Training Loss: 1.8859	Time remaining is 0h:4m
2024-04-08 07:10:56 INFO Epoch 118/120	Training Loss: 1.8840	Time remaining is 0h:3m
2024-04-08 07:11:57 INFO Epoch 119/120	Training Loss: 1.8931	Time remaining is 0h:2m
2024-04-08 07:12:58 INFO Epoch 120/120	Training Loss: 1.8736	Time remaining is 0h:1m
2024-04-08 07:14:09 INFO Testing: dataset_name: market1501 top1:0.9436 top5:0.9801 top10:0.9890 mAP:0.8561
2024-04-08 07:14:10 INFO The running time of training: 7.79273e+03 s
