2024-03-07 14:36:25 INFO ##################################################
2024-03-07 14:36:25 INFO Task: PCB
2024-03-07 14:36:25 INFO Using device: cuda
2024-03-07 14:36:25 INFO Using data type: torch.float32
2024-03-07 14:36:25 INFO Number of GPUs: 1
2024-03-07 14:36:25 INFO GPU is_available: True
2024-03-07 14:36:25 INFO GPU name: NVIDIA GeForce RTX 3060
2024-03-07 14:36:25 INFO CUDA version: 12.1
2024-03-07 14:36:25 INFO Current device id: 0
2024-03-07 14:36:25 INFO ##################################################
2024-03-07 14:38:04 INFO Epoch 1/60	Training Loss: 30.4004	Time remaining is 1h:38m
2024-03-07 14:39:41 INFO Epoch 2/60	Training Loss: 18.8347	Time remaining is 1h:36m
2024-03-07 14:41:17 INFO Epoch 3/60	Training Loss: 13.8680	Time remaining is 1h:34m
2024-03-07 14:42:54 INFO Epoch 4/60	Training Loss: 11.1742	Time remaining is 1h:32m
2024-03-07 14:44:31 INFO Epoch 5/60	Training Loss: 9.5530	Time remaining is 1h:31m
2024-03-07 14:46:07 INFO Epoch 6/60	Training Loss: 8.5234	Time remaining is 1h:29m
2024-03-07 14:47:44 INFO Epoch 7/60	Training Loss: 7.8826	Time remaining is 1h:27m
2024-03-07 14:49:21 INFO Epoch 8/60	Training Loss: 7.4303	Time remaining is 1h:26m
2024-03-07 14:50:58 INFO Epoch 9/60	Training Loss: 7.1266	Time remaining is 1h:24m
2024-03-07 14:52:35 INFO Epoch 10/60	Training Loss: 6.9135	Time remaining is 1h:22m
2024-03-07 14:54:12 INFO Epoch 11/60	Training Loss: 6.7621	Time remaining is 1h:21m
2024-03-07 14:55:48 INFO Epoch 12/60	Training Loss: 6.6643	Time remaining is 1h:19m
2024-03-07 14:57:25 INFO Epoch 13/60	Training Loss: 6.5865	Time remaining is 1h:17m
2024-03-07 14:59:01 INFO Epoch 14/60	Training Loss: 6.5314	Time remaining is 1h:16m
2024-03-07 15:00:38 INFO Epoch 15/60	Training Loss: 6.4966	Time remaining is 1h:14m
2024-03-07 15:02:15 INFO Epoch 16/60	Training Loss: 6.4735	Time remaining is 1h:13m
2024-03-07 15:03:51 INFO Epoch 17/60	Training Loss: 6.4685	Time remaining is 1h:11m
2024-03-07 15:05:28 INFO Epoch 18/60	Training Loss: 6.4649	Time remaining is 1h:9m
2024-03-07 15:07:05 INFO Epoch 19/60	Training Loss: 6.4525	Time remaining is 1h:8m
2024-03-07 15:08:41 INFO Epoch 20/60	Training Loss: 6.4405	Time remaining is 1h:6m
2024-03-07 15:09:26 INFO Testing: dataset_name: market1501 top1:0.9181 top5:0.9685 top10:0.9783 mAP:0.7672
2024-03-07 15:11:03 INFO Epoch 21/60	Training Loss: 6.3648	Time remaining is 1h:6m
2024-03-07 15:12:39 INFO Epoch 22/60	Training Loss: 6.2678	Time remaining is 1h:4m
2024-03-07 15:14:15 INFO Epoch 23/60	Training Loss: 6.2402	Time remaining is 1h:3m
2024-03-07 15:15:52 INFO Epoch 24/60	Training Loss: 6.2235	Time remaining is 1h:1m
2024-03-07 15:17:29 INFO Epoch 25/60	Training Loss: 6.2118	Time remaining is 0h:59m
2024-03-07 15:19:05 INFO Epoch 26/60	Training Loss: 6.2026	Time remaining is 0h:57m
2024-03-07 15:20:41 INFO Epoch 27/60	Training Loss: 6.1955	Time remaining is 0h:56m
2024-03-07 15:22:17 INFO Epoch 28/60	Training Loss: 6.1892	Time remaining is 0h:54m
2024-03-07 15:23:54 INFO Epoch 29/60	Training Loss: 6.1838	Time remaining is 0h:52m
2024-03-07 15:25:30 INFO Epoch 30/60	Training Loss: 6.1789	Time remaining is 0h:51m
2024-03-07 15:27:07 INFO Epoch 31/60	Training Loss: 6.1745	Time remaining is 0h:49m
2024-03-07 15:28:43 INFO Epoch 32/60	Training Loss: 6.1704	Time remaining is 0h:47m
2024-03-07 15:30:20 INFO Epoch 33/60	Training Loss: 6.1663	Time remaining is 0h:46m
2024-03-07 15:31:56 INFO Epoch 34/60	Training Loss: 6.1631	Time remaining is 0h:44m
2024-03-07 15:33:32 INFO Epoch 35/60	Training Loss: 6.1597	Time remaining is 0h:42m
2024-03-07 15:35:08 INFO Epoch 36/60	Training Loss: 6.1563	Time remaining is 0h:41m
2024-03-07 15:36:45 INFO Epoch 37/60	Training Loss: 6.1536	Time remaining is 0h:39m
2024-03-07 15:38:21 INFO Epoch 38/60	Training Loss: 6.1505	Time remaining is 0h:37m
2024-03-07 15:39:57 INFO Epoch 39/60	Training Loss: 6.1481	Time remaining is 0h:36m
2024-03-07 15:41:33 INFO Epoch 40/60	Training Loss: 6.1453	Time remaining is 0h:34m
2024-03-07 15:42:18 INFO Testing: dataset_name: market1501 top1:0.9172 top5:0.9667 top10:0.9757 mAP:0.7719
2024-03-07 15:43:55 INFO Epoch 41/60	Training Loss: 6.1406	Time remaining is 0h:33m
2024-03-07 15:45:32 INFO Epoch 42/60	Training Loss: 6.1395	Time remaining is 0h:31m
2024-03-07 15:47:08 INFO Epoch 43/60	Training Loss: 6.1387	Time remaining is 0h:30m
2024-03-07 15:48:45 INFO Epoch 44/60	Training Loss: 6.1386	Time remaining is 0h:28m
2024-03-07 15:50:21 INFO Epoch 45/60	Training Loss: 6.1382	Time remaining is 0h:26m
2024-03-07 15:51:57 INFO Epoch 46/60	Training Loss: 6.1380	Time remaining is 0h:25m
2024-03-07 15:53:33 INFO Epoch 47/60	Training Loss: 6.1380	Time remaining is 0h:23m
2024-03-07 15:55:10 INFO Epoch 48/60	Training Loss: 6.1377	Time remaining is 0h:21m
2024-03-07 15:56:46 INFO Epoch 49/60	Training Loss: 6.1375	Time remaining is 0h:20m
2024-03-07 15:58:22 INFO Epoch 50/60	Training Loss: 6.1376	Time remaining is 0h:18m
2024-03-07 15:59:58 INFO Epoch 51/60	Training Loss: 6.1373	Time remaining is 0h:16m
2024-03-07 16:01:35 INFO Epoch 52/60	Training Loss: 6.1370	Time remaining is 0h:15m
2024-03-07 16:03:11 INFO Epoch 53/60	Training Loss: 6.1369	Time remaining is 0h:13m
2024-03-07 16:04:48 INFO Epoch 54/60	Training Loss: 6.1366	Time remaining is 0h:11m
2024-03-07 16:06:17 INFO ##################################################
2024-03-07 16:06:17 INFO Task: PCB
2024-03-07 16:06:17 INFO Using device: cuda
2024-03-07 16:06:17 INFO Using data type: torch.float32
2024-03-07 16:06:25 INFO Epoch 55/60	Training Loss: 6.1366	Time remaining is 0h:10m
2024-03-07 16:08:02 INFO Epoch 56/60	Training Loss: 6.1362	Time remaining is 0h:8m
2024-03-07 16:09:38 INFO Epoch 57/60	Training Loss: 6.1362	Time remaining is 0h:7m
2024-03-07 16:11:14 INFO Epoch 58/60	Training Loss: 6.1358	Time remaining is 0h:5m
2024-03-07 16:12:51 INFO Epoch 59/60	Training Loss: 6.1356	Time remaining is 0h:3m
2024-03-07 16:14:27 INFO Epoch 60/60	Training Loss: 6.1355	Time remaining is 0h:2m
2024-03-07 16:15:13 INFO Testing: dataset_name: market1501 top1:0.9172 top5:0.9673 top10:0.9757 mAP:0.7719
2024-03-07 16:15:13 INFO The running time of training: 5.92797e+03 s
2024-03-07 16:16:53 INFO ##################################################
2024-03-07 16:16:53 INFO Task: PCB
2024-03-07 16:16:53 INFO Using device: cuda
2024-03-07 16:16:53 INFO Using data type: torch.float32
