2024-06-26 16:37:53 INFO ##################################################
2024-06-26 16:37:53 INFO Config values: batch_size: 60	current_directory: /home/hy/project/reid_task/ex_main1	dataset_name: market1501	dataset_path: /home/hy/project/data/Market-1501-v15.09.15	device: cuda	dtype: torch.float32	epoch_start_test: 90	epochs: 600	img_height: 256	img_width: 128	logs_outputs_path: /home/hy/project/reid_task/ex_main1/./outputs/logs	models_outputs_path: /home/hy/project/reid_task/ex_main1/./outputs/models	np: <module 'numpy' from '/home/hy/anaconda3/envs/py396/lib/python3.9/site-packages/numpy/__init__.py'>	os: <module 'os' from '/home/hy/anaconda3/envs/py396/lib/python3.9/os.py'>	outputs_dir: ./outputs/	outputs_path: /home/hy/project/reid_task/ex_main1/./outputs/	print_every: 1	seed: 1	taskname: ReID_Task	temps_outputs_path: /home/hy/project/reid_task/ex_main1/./outputs/temps	test_batch_size: 256	test_every: 5	torch: <module 'torch' from '/home/hy/anaconda3/envs/py396/lib/python3.9/site-packages/torch/__init__.py'>
2024-06-26 16:37:53 INFO Task: ReID_Task
2024-06-26 16:37:53 INFO Using device: cuda
2024-06-26 16:37:53 INFO Using data type: torch.float32
2024-06-26 16:37:53 INFO Number of GPUs: 1
2024-06-26 16:37:53 INFO GPU is_available: True
2024-06-26 16:37:53 INFO GPU name: NVIDIA GeForce RTX 3060
2024-06-26 16:37:53 INFO CUDA version: 12.1
2024-06-26 16:37:53 INFO Current device id: 0
2024-06-26 16:37:53 INFO ##################################################
2024-06-26 16:39:05 INFO Epoch 1/600	Training Loss: 9.6467	Time remaining is 11h:51m
2024-06-26 16:40:16 INFO Epoch 2/600	Training Loss: 8.1675	Time remaining is 11h:47m
2024-06-26 16:41:27 INFO Epoch 3/600	Training Loss: 6.3197	Time remaining is 11h:46m
2024-06-26 16:42:38 INFO Epoch 4/600	Training Loss: 4.8695	Time remaining is 11h:45m
2024-06-26 16:43:49 INFO Epoch 5/600	Training Loss: 3.7982	Time remaining is 11h:44m
2024-06-26 16:44:59 INFO Epoch 6/600	Training Loss: 3.1093	Time remaining is 11h:42m
2024-06-26 16:46:10 INFO Epoch 7/600	Training Loss: 2.7336	Time remaining is 11h:41m
2024-06-26 16:47:20 INFO Epoch 8/600	Training Loss: 2.5406	Time remaining is 11h:39m
2024-06-26 16:48:31 INFO Epoch 9/600	Training Loss: 2.4388	Time remaining is 11h:38m
2024-06-26 16:49:41 INFO Epoch 10/600	Training Loss: 2.3603	Time remaining is 11h:36m
2024-06-26 16:50:52 INFO Epoch 11/600	Training Loss: 2.3245	Time remaining is 11h:35m
2024-06-26 16:52:03 INFO Epoch 12/600	Training Loss: 2.2698	Time remaining is 11h:34m
2024-06-26 16:53:14 INFO Epoch 13/600	Training Loss: 2.2179	Time remaining is 11h:33m
2024-06-26 16:54:25 INFO Epoch 14/600	Training Loss: 2.2023	Time remaining is 11h:32m
2024-06-26 16:55:36 INFO Epoch 15/600	Training Loss: 2.1691	Time remaining is 11h:31m
2024-06-26 16:56:46 INFO Epoch 16/600	Training Loss: 2.1638	Time remaining is 11h:30m
2024-06-26 16:57:57 INFO Epoch 17/600	Training Loss: 2.1383	Time remaining is 11h:28m
2024-06-26 16:59:07 INFO Epoch 18/600	Training Loss: 2.1402	Time remaining is 11h:27m
2024-06-26 17:00:18 INFO Epoch 19/600	Training Loss: 2.1374	Time remaining is 11h:26m
2024-06-26 17:01:29 INFO Epoch 20/600	Training Loss: 2.1221	Time remaining is 11h:25m
2024-06-26 17:02:40 INFO Epoch 21/600	Training Loss: 2.1248	Time remaining is 11h:24m
2024-06-26 17:03:50 INFO Epoch 22/600	Training Loss: 2.1147	Time remaining is 11h:22m
2024-06-26 17:05:00 INFO Epoch 23/600	Training Loss: 2.1082	Time remaining is 11h:21m
2024-06-26 17:06:11 INFO Epoch 24/600	Training Loss: 2.1222	Time remaining is 11h:20m
2024-06-26 17:07:22 INFO Epoch 25/600	Training Loss: 2.1203	Time remaining is 11h:19m
2024-06-26 17:08:33 INFO Epoch 26/600	Training Loss: 2.1366	Time remaining is 11h:18m
2024-06-26 17:09:44 INFO Epoch 27/600	Training Loss: 2.1192	Time remaining is 11h:17m
2024-06-26 17:10:54 INFO Epoch 28/600	Training Loss: 2.1074	Time remaining is 11h:15m
2024-06-26 17:12:05 INFO Epoch 29/600	Training Loss: 2.1124	Time remaining is 11h:14m
2024-06-26 17:13:15 INFO Epoch 30/600	Training Loss: 2.1056	Time remaining is 11h:13m
2024-06-26 17:14:26 INFO Epoch 31/600	Training Loss: 2.0978	Time remaining is 11h:12m
2024-06-26 17:15:36 INFO Epoch 32/600	Training Loss: 2.1091	Time remaining is 11h:10m
2024-06-26 17:16:47 INFO Epoch 33/600	Training Loss: 2.0997	Time remaining is 11h:9m
2024-06-26 17:17:58 INFO Epoch 34/600	Training Loss: 2.1075	Time remaining is 11h:8m
2024-06-26 17:19:09 INFO Epoch 35/600	Training Loss: 2.1052	Time remaining is 11h:7m
2024-06-26 17:20:19 INFO Epoch 36/600	Training Loss: 2.1051	Time remaining is 11h:6m
2024-06-26 17:21:30 INFO Epoch 37/600	Training Loss: 2.1022	Time remaining is 11h:5m
2024-06-26 17:22:41 INFO Epoch 38/600	Training Loss: 2.1072	Time remaining is 11h:3m
2024-06-26 17:23:52 INFO Epoch 39/600	Training Loss: 2.1072	Time remaining is 11h:2m
2024-06-26 17:25:03 INFO Epoch 40/600	Training Loss: 2.0904	Time remaining is 11h:1m
2024-06-26 17:26:13 INFO Epoch 41/600	Training Loss: 2.0376	Time remaining is 10h:60m
2024-06-26 17:27:24 INFO Epoch 42/600	Training Loss: 1.9698	Time remaining is 10h:59m
2024-06-26 17:28:35 INFO Epoch 43/600	Training Loss: 1.9631	Time remaining is 10h:58m
2024-06-26 17:29:45 INFO Epoch 44/600	Training Loss: 1.9527	Time remaining is 10h:56m
2024-06-26 17:30:56 INFO Epoch 45/600	Training Loss: 1.9485	Time remaining is 10h:55m
2024-06-26 17:32:07 INFO Epoch 46/600	Training Loss: 1.9452	Time remaining is 10h:54m
2024-06-26 17:33:17 INFO Epoch 47/600	Training Loss: 1.9305	Time remaining is 10h:53m
2024-06-26 17:34:28 INFO Epoch 48/600	Training Loss: 1.9392	Time remaining is 10h:52m
2024-06-26 17:35:38 INFO Epoch 49/600	Training Loss: 1.9279	Time remaining is 10h:50m
2024-06-26 17:36:49 INFO Epoch 50/600	Training Loss: 1.9344	Time remaining is 10h:49m
2024-06-26 17:38:00 INFO Epoch 51/600	Training Loss: 1.9202	Time remaining is 10h:48m
2024-06-26 17:39:10 INFO Epoch 52/600	Training Loss: 1.9274	Time remaining is 10h:47m
2024-06-26 17:40:21 INFO Epoch 53/600	Training Loss: 1.9272	Time remaining is 10h:46m
2024-06-26 17:41:32 INFO Epoch 54/600	Training Loss: 1.9238	Time remaining is 10h:44m
2024-06-26 17:42:42 INFO Epoch 55/600	Training Loss: 1.9266	Time remaining is 10h:43m
2024-06-26 17:43:53 INFO Epoch 56/600	Training Loss: 1.9229	Time remaining is 10h:42m
2024-06-26 17:45:04 INFO Epoch 57/600	Training Loss: 1.9126	Time remaining is 10h:41m
2024-06-26 17:46:14 INFO Epoch 58/600	Training Loss: 1.9227	Time remaining is 10h:40m
2024-06-26 17:47:25 INFO Epoch 59/600	Training Loss: 1.9219	Time remaining is 10h:39m
2024-06-26 17:48:36 INFO Epoch 60/600	Training Loss: 1.9186	Time remaining is 10h:37m
2024-06-26 17:49:46 INFO Epoch 61/600	Training Loss: 1.9208	Time remaining is 10h:36m
2024-06-26 17:50:57 INFO Epoch 62/600	Training Loss: 1.9170	Time remaining is 10h:35m
2024-06-26 17:52:08 INFO Epoch 63/600	Training Loss: 1.9172	Time remaining is 10h:34m
2024-06-26 17:53:18 INFO Epoch 64/600	Training Loss: 1.9161	Time remaining is 10h:33m
2024-06-26 17:54:29 INFO Epoch 65/600	Training Loss: 1.9110	Time remaining is 10h:32m
2024-06-26 17:55:40 INFO Epoch 66/600	Training Loss: 1.9130	Time remaining is 10h:30m
2024-06-26 17:56:51 INFO Epoch 67/600	Training Loss: 1.9244	Time remaining is 10h:29m
2024-06-26 17:58:02 INFO Epoch 68/600	Training Loss: 1.9106	Time remaining is 10h:28m
2024-06-26 17:59:12 INFO Epoch 69/600	Training Loss: 1.9047	Time remaining is 10h:27m
2024-06-26 18:00:23 INFO Epoch 70/600	Training Loss: 1.9114	Time remaining is 10h:26m
2024-06-26 18:01:34 INFO Epoch 71/600	Training Loss: 1.9078	Time remaining is 10h:24m
2024-06-26 18:02:44 INFO Epoch 72/600	Training Loss: 1.9039	Time remaining is 10h:23m
2024-06-26 18:03:55 INFO Epoch 73/600	Training Loss: 1.9009	Time remaining is 10h:22m
2024-06-26 18:05:05 INFO Epoch 74/600	Training Loss: 1.8914	Time remaining is 10h:21m
2024-06-26 18:06:16 INFO Epoch 75/600	Training Loss: 1.8920	Time remaining is 10h:20m
2024-06-26 18:07:26 INFO Epoch 76/600	Training Loss: 1.8882	Time remaining is 10h:18m
2024-06-26 18:08:37 INFO Epoch 77/600	Training Loss: 1.8995	Time remaining is 10h:17m
2024-06-26 18:09:47 INFO Epoch 78/600	Training Loss: 1.8891	Time remaining is 10h:16m
2024-06-26 18:10:58 INFO Epoch 79/600	Training Loss: 1.8993	Time remaining is 10h:15m
2024-06-26 18:12:09 INFO Epoch 80/600	Training Loss: 1.8987	Time remaining is 10h:14m
2024-06-26 18:13:19 INFO Epoch 81/600	Training Loss: 1.8992	Time remaining is 10h:13m
2024-06-26 18:14:30 INFO Epoch 82/600	Training Loss: 1.8972	Time remaining is 10h:11m
2024-06-26 18:15:41 INFO Epoch 83/600	Training Loss: 1.8966	Time remaining is 10h:10m
2024-06-26 18:16:51 INFO Epoch 84/600	Training Loss: 1.8943	Time remaining is 10h:9m
2024-06-26 18:18:02 INFO Epoch 85/600	Training Loss: 1.8984	Time remaining is 10h:8m
2024-06-26 18:19:12 INFO Epoch 86/600	Training Loss: 1.8976	Time remaining is 10h:7m
2024-06-26 18:20:23 INFO Epoch 87/600	Training Loss: 1.8953	Time remaining is 10h:5m
2024-06-26 18:21:34 INFO Epoch 88/600	Training Loss: 1.8850	Time remaining is 10h:4m
2024-06-26 18:22:44 INFO Epoch 89/600	Training Loss: 1.8941	Time remaining is 10h:3m
2024-06-26 18:23:55 INFO Epoch 90/600	Training Loss: 1.8947	Time remaining is 10h:2m
2024-06-26 18:25:23 INFO Testing: dataset_name: market1501 top1:0.9495 top5:0.9843 top10:0.9914 mAP:0.8696
2024-06-26 18:26:33 INFO Epoch 91/600	Training Loss: 1.8959	Time remaining is 10h:9m
2024-06-26 18:27:44 INFO Epoch 92/600	Training Loss: 1.8854	Time remaining is 10h:8m
2024-06-26 18:28:54 INFO Epoch 93/600	Training Loss: 1.8975	Time remaining is 10h:6m
2024-06-26 18:30:05 INFO Epoch 94/600	Training Loss: 1.8949	Time remaining is 10h:5m
2024-06-26 18:31:15 INFO Epoch 95/600	Training Loss: 1.8850	Time remaining is 10h:4m
2024-06-26 18:32:43 INFO Testing: dataset_name: market1501 top1:0.9501 top5:0.9843 top10:0.9899 mAP:0.8713
2024-06-26 18:33:54 INFO Epoch 96/600	Training Loss: 1.8960	Time remaining is 10h:10m
2024-06-26 18:35:04 INFO Epoch 97/600	Training Loss: 1.8845	Time remaining is 10h:9m
2024-06-26 18:36:15 INFO Epoch 98/600	Training Loss: 1.8970	Time remaining is 10h:7m
2024-06-26 18:37:25 INFO Epoch 99/600	Training Loss: 1.8943	Time remaining is 10h:6m
2024-06-26 18:38:36 INFO Epoch 100/600	Training Loss: 1.8919	Time remaining is 10h:5m
2024-06-26 18:40:04 INFO Testing: dataset_name: market1501 top1:0.9489 top5:0.9834 top10:0.9899 mAP:0.8706
2024-06-26 18:41:14 INFO Epoch 101/600	Training Loss: 1.8958	Time remaining is 10h:11m
2024-06-26 18:42:25 INFO Epoch 102/600	Training Loss: 1.8938	Time remaining is 10h:9m
2024-06-26 18:43:35 INFO Epoch 103/600	Training Loss: 1.8935	Time remaining is 10h:8m
2024-06-26 18:44:46 INFO Epoch 104/600	Training Loss: 1.8918	Time remaining is 10h:6m
2024-06-26 18:45:57 INFO Epoch 105/600	Training Loss: 1.9020	Time remaining is 10h:5m
2024-06-26 18:47:25 INFO Testing: dataset_name: market1501 top1:0.9498 top5:0.9849 top10:0.9911 mAP:0.8711
2024-06-26 18:48:35 INFO Epoch 106/600	Training Loss: 1.8940	Time remaining is 10h:10m
2024-06-26 18:49:46 INFO Epoch 107/600	Training Loss: 1.8826	Time remaining is 10h:9m
2024-06-26 18:50:56 INFO Epoch 108/600	Training Loss: 1.8941	Time remaining is 10h:7m
2024-06-26 18:52:07 INFO Epoch 109/600	Training Loss: 1.8925	Time remaining is 10h:6m
2024-06-26 18:53:17 INFO Epoch 110/600	Training Loss: 1.8921	Time remaining is 10h:4m
2024-06-26 18:54:45 INFO Testing: dataset_name: market1501 top1:0.9510 top5:0.9846 top10:0.9908 mAP:0.8735
2024-06-26 18:55:55 INFO Epoch 111/600	Training Loss: 1.8808	Time remaining is 10h:9m
2024-06-26 18:57:06 INFO Epoch 112/600	Training Loss: 1.8916	Time remaining is 10h:8m
2024-06-26 18:58:17 INFO Epoch 113/600	Training Loss: 1.8912	Time remaining is 10h:6m
2024-06-26 18:59:27 INFO Epoch 114/600	Training Loss: 1.8822	Time remaining is 10h:5m
2024-06-26 19:00:38 INFO Epoch 115/600	Training Loss: 1.9008	Time remaining is 10h:3m
2024-06-26 19:02:06 INFO Testing: dataset_name: market1501 top1:0.9516 top5:0.9849 top10:0.9908 mAP:0.8729
2024-06-26 19:03:16 INFO Epoch 116/600	Training Loss: 1.8913	Time remaining is 10h:8m
2024-06-26 19:04:27 INFO Epoch 117/600	Training Loss: 1.8942	Time remaining is 10h:6m
2024-06-26 19:05:38 INFO Epoch 118/600	Training Loss: 1.8912	Time remaining is 10h:5m
2024-06-26 19:06:49 INFO Epoch 119/600	Training Loss: 1.9014	Time remaining is 10h:3m
2024-06-26 19:07:59 INFO Epoch 120/600	Training Loss: 1.8798	Time remaining is 10h:2m
2024-06-26 19:09:27 INFO Testing: dataset_name: market1501 top1:0.9522 top5:0.9846 top10:0.9899 mAP:0.8746
2024-06-26 19:10:38 INFO Epoch 121/600	Training Loss: 1.8911	Time remaining is 10h:6m
2024-06-26 19:11:48 INFO Epoch 122/600	Training Loss: 1.8897	Time remaining is 10h:4m
2024-06-26 19:12:59 INFO Epoch 123/600	Training Loss: 1.8900	Time remaining is 10h:3m
2024-06-26 19:14:09 INFO Epoch 124/600	Training Loss: 1.8799	Time remaining is 10h:1m
2024-06-26 19:15:19 INFO Epoch 125/600	Training Loss: 1.8900	Time remaining is 9h:59m
2024-06-26 19:16:47 INFO Testing: dataset_name: market1501 top1:0.9516 top5:0.9860 top10:0.9914 mAP:0.8748
2024-06-26 19:17:58 INFO Epoch 126/600	Training Loss: 1.8890	Time remaining is 10h:3m
2024-06-26 19:19:08 INFO Epoch 127/600	Training Loss: 1.8883	Time remaining is 10h:2m
2024-06-26 19:20:19 INFO Epoch 128/600	Training Loss: 1.8886	Time remaining is 10h:0m
2024-06-26 19:21:29 INFO Epoch 129/600	Training Loss: 1.8913	Time remaining is 9h:59m
2024-06-26 19:22:40 INFO Epoch 130/600	Training Loss: 1.8899	Time remaining is 9h:57m
2024-06-26 19:24:08 INFO Testing: dataset_name: market1501 top1:0.9510 top5:0.9857 top10:0.9905 mAP:0.8752
2024-06-26 19:25:18 INFO Epoch 131/600	Training Loss: 1.8804	Time remaining is 10h:1m
2024-06-26 19:26:28 INFO Epoch 132/600	Training Loss: 1.8887	Time remaining is 9h:59m
2024-06-26 19:27:39 INFO Epoch 133/600	Training Loss: 1.8796	Time remaining is 9h:57m
2024-06-26 19:28:49 INFO Epoch 134/600	Training Loss: 1.8901	Time remaining is 9h:56m
2024-06-26 19:29:59 INFO Epoch 135/600	Training Loss: 1.8789	Time remaining is 9h:54m
2024-06-26 19:31:27 INFO Testing: dataset_name: market1501 top1:0.9510 top5:0.9849 top10:0.9914 mAP:0.8758
2024-06-26 19:32:37 INFO Epoch 136/600	Training Loss: 1.8797	Time remaining is 9h:57m
2024-06-26 19:33:48 INFO Epoch 137/600	Training Loss: 1.8888	Time remaining is 9h:56m
2024-06-26 19:34:59 INFO Epoch 138/600	Training Loss: 1.8882	Time remaining is 9h:54m
2024-06-26 19:36:09 INFO Epoch 139/600	Training Loss: 1.8783	Time remaining is 9h:52m
2024-06-26 19:37:19 INFO Epoch 140/600	Training Loss: 1.8878	Time remaining is 9h:51m
2024-06-26 19:38:48 INFO Testing: dataset_name: market1501 top1:0.9492 top5:0.9834 top10:0.9905 mAP:0.8758
2024-06-26 19:39:58 INFO Epoch 141/600	Training Loss: 1.8882	Time remaining is 9h:54m
2024-06-26 19:41:08 INFO Epoch 142/600	Training Loss: 1.8873	Time remaining is 9h:52m
2024-06-26 19:42:19 INFO Epoch 143/600	Training Loss: 1.8882	Time remaining is 9h:51m
2024-06-26 19:43:29 INFO Epoch 144/600	Training Loss: 1.8874	Time remaining is 9h:49m
2024-06-26 19:44:40 INFO Epoch 145/600	Training Loss: 1.8886	Time remaining is 9h:47m
2024-06-26 19:46:08 INFO Testing: dataset_name: market1501 top1:0.9525 top5:0.9846 top10:0.9911 mAP:0.8767
2024-06-26 19:47:18 INFO Epoch 146/600	Training Loss: 1.8865	Time remaining is 9h:50m
2024-06-26 19:48:29 INFO Epoch 147/600	Training Loss: 1.8869	Time remaining is 9h:49m
2024-06-26 19:49:39 INFO Epoch 148/600	Training Loss: 1.8854	Time remaining is 9h:47m
2024-06-26 19:50:50 INFO Epoch 149/600	Training Loss: 1.8968	Time remaining is 9h:45m
2024-06-26 19:52:01 INFO Epoch 150/600	Training Loss: 1.8769	Time remaining is 9h:44m
2024-06-26 19:53:28 INFO Testing: dataset_name: market1501 top1:0.9516 top5:0.9846 top10:0.9911 mAP:0.8765
2024-06-26 19:54:39 INFO Epoch 151/600	Training Loss: 1.8878	Time remaining is 9h:46m
2024-06-26 19:55:49 INFO Epoch 152/600	Training Loss: 1.8861	Time remaining is 9h:45m
2024-06-26 19:57:00 INFO Epoch 153/600	Training Loss: 1.8868	Time remaining is 9h:43m
2024-06-26 19:58:10 INFO Epoch 154/600	Training Loss: 1.8870	Time remaining is 9h:41m
2024-06-26 19:59:20 INFO Epoch 155/600	Training Loss: 1.8874	Time remaining is 9h:40m
2024-06-26 20:00:48 INFO Testing: dataset_name: market1501 top1:0.9528 top5:0.9857 top10:0.9908 mAP:0.8771
2024-06-26 20:01:58 INFO Epoch 156/600	Training Loss: 1.8765	Time remaining is 9h:42m
2024-06-26 20:03:09 INFO Epoch 157/600	Training Loss: 1.8868	Time remaining is 9h:40m
2024-06-26 20:04:19 INFO Epoch 158/600	Training Loss: 1.8776	Time remaining is 9h:39m
2024-06-26 20:05:30 INFO Epoch 159/600	Training Loss: 1.8852	Time remaining is 9h:37m
2024-06-26 20:06:40 INFO Epoch 160/600	Training Loss: 1.8753	Time remaining is 9h:35m
2024-06-26 20:08:08 INFO Testing: dataset_name: market1501 top1:0.9510 top5:0.9852 top10:0.9917 mAP:0.8776
2024-06-26 20:09:18 INFO Epoch 161/600	Training Loss: 1.8846	Time remaining is 9h:38m
2024-06-26 20:10:29 INFO Epoch 162/600	Training Loss: 1.8843	Time remaining is 9h:36m
2024-06-26 20:11:39 INFO Epoch 163/600	Training Loss: 1.8746	Time remaining is 9h:34m
2024-06-26 20:12:50 INFO Epoch 164/600	Training Loss: 1.8848	Time remaining is 9h:33m
2024-06-26 20:14:00 INFO Epoch 165/600	Training Loss: 1.8752	Time remaining is 9h:31m
2024-06-26 20:15:28 INFO Testing: dataset_name: market1501 top1:0.9537 top5:0.9860 top10:0.9914 mAP:0.8789
2024-06-26 20:16:38 INFO Epoch 166/600	Training Loss: 1.8754	Time remaining is 9h:33m
2024-06-26 20:17:49 INFO Epoch 167/600	Training Loss: 1.8838	Time remaining is 9h:31m
2024-06-26 20:18:59 INFO Epoch 168/600	Training Loss: 1.8757	Time remaining is 9h:30m
2024-06-26 20:20:10 INFO Epoch 169/600	Training Loss: 1.8942	Time remaining is 9h:28m
2024-06-26 20:21:20 INFO Epoch 170/600	Training Loss: 1.8832	Time remaining is 9h:26m
2024-06-26 20:22:49 INFO Testing: dataset_name: market1501 top1:0.9510 top5:0.9866 top10:0.9917 mAP:0.8782
2024-06-26 20:23:59 INFO Epoch 171/600	Training Loss: 1.8838	Time remaining is 9h:29m
2024-06-26 20:25:10 INFO Epoch 172/600	Training Loss: 1.8844	Time remaining is 9h:27m
2024-06-26 20:26:20 INFO Epoch 173/600	Training Loss: 1.8819	Time remaining is 9h:25m
2024-06-26 20:27:30 INFO Epoch 174/600	Training Loss: 1.8752	Time remaining is 9h:23m
2024-06-26 20:28:41 INFO Epoch 175/600	Training Loss: 1.8824	Time remaining is 9h:22m
2024-06-26 20:30:09 INFO Testing: dataset_name: market1501 top1:0.9525 top5:0.9852 top10:0.9920 mAP:0.8796
2024-06-26 20:31:19 INFO Epoch 176/600	Training Loss: 1.8836	Time remaining is 9h:24m
2024-06-26 20:32:29 INFO Epoch 177/600	Training Loss: 1.8736	Time remaining is 9h:22m
2024-06-26 20:33:40 INFO Epoch 178/600	Training Loss: 1.8814	Time remaining is 9h:20m
2024-06-26 20:34:50 INFO Epoch 179/600	Training Loss: 1.8816	Time remaining is 9h:19m
2024-06-26 20:36:00 INFO Epoch 180/600	Training Loss: 1.8733	Time remaining is 9h:17m
2024-06-26 20:37:28 INFO Testing: dataset_name: market1501 top1:0.9516 top5:0.9860 top10:0.9920 mAP:0.8790
2024-06-26 20:38:39 INFO Epoch 181/600	Training Loss: 1.8834	Time remaining is 9h:19m
2024-06-26 20:39:49 INFO Epoch 182/600	Training Loss: 1.8833	Time remaining is 9h:17m
2024-06-26 20:41:00 INFO Epoch 183/600	Training Loss: 1.8739	Time remaining is 9h:15m
2024-06-26 20:42:10 INFO Epoch 184/600	Training Loss: 1.8741	Time remaining is 9h:14m
2024-06-26 20:43:20 INFO Epoch 185/600	Training Loss: 1.8845	Time remaining is 9h:12m
2024-06-26 20:44:48 INFO Testing: dataset_name: market1501 top1:0.9516 top5:0.9855 top10:0.9917 mAP:0.8781
2024-06-26 20:45:58 INFO Epoch 186/600	Training Loss: 1.8721	Time remaining is 9h:13m
2024-06-26 20:47:09 INFO Epoch 187/600	Training Loss: 1.8823	Time remaining is 9h:12m
2024-06-26 20:48:20 INFO Epoch 188/600	Training Loss: 1.8822	Time remaining is 9h:10m
2024-06-26 20:49:30 INFO Epoch 189/600	Training Loss: 1.8831	Time remaining is 9h:8m
2024-06-26 20:50:41 INFO Epoch 190/600	Training Loss: 1.8805	Time remaining is 9h:7m
2024-06-26 20:52:09 INFO Testing: dataset_name: market1501 top1:0.9540 top5:0.9849 top10:0.9914 mAP:0.8787
2024-06-26 20:53:19 INFO Epoch 191/600	Training Loss: 1.8817	Time remaining is 9h:8m
2024-06-26 20:54:30 INFO Epoch 192/600	Training Loss: 1.8826	Time remaining is 9h:7m
2024-06-26 20:55:40 INFO Epoch 193/600	Training Loss: 1.8705	Time remaining is 9h:5m
2024-06-26 20:56:50 INFO Epoch 194/600	Training Loss: 1.8799	Time remaining is 9h:3m
2024-06-26 20:58:00 INFO Epoch 195/600	Training Loss: 1.8716	Time remaining is 9h:2m
2024-06-26 20:59:28 INFO Testing: dataset_name: market1501 top1:0.9516 top5:0.9860 top10:0.9917 mAP:0.8790
2024-06-26 21:00:39 INFO Epoch 196/600	Training Loss: 1.8818	Time remaining is 9h:3m
2024-06-26 21:01:49 INFO Epoch 197/600	Training Loss: 1.8718	Time remaining is 9h:1m
2024-06-26 21:03:00 INFO Epoch 198/600	Training Loss: 1.8715	Time remaining is 8h:60m
2024-06-26 21:04:10 INFO Epoch 199/600	Training Loss: 1.8815	Time remaining is 8h:58m
2024-06-26 21:05:21 INFO Epoch 200/600	Training Loss: 1.8807	Time remaining is 8h:56m
2024-06-26 21:06:49 INFO Testing: dataset_name: market1501 top1:0.9516 top5:0.9857 top10:0.9908 mAP:0.8785
2024-06-26 21:07:59 INFO Epoch 201/600	Training Loss: 1.8699	Time remaining is 8h:57m
2024-06-26 21:09:09 INFO Epoch 202/600	Training Loss: 1.8802	Time remaining is 8h:56m
2024-06-26 21:10:20 INFO Epoch 203/600	Training Loss: 1.8891	Time remaining is 8h:54m
2024-06-26 21:11:30 INFO Epoch 204/600	Training Loss: 1.8701	Time remaining is 8h:52m
