2024-10-06 19:11:19 INFO ##################################################
2024-10-06 19:11:19 INFO Config values: batch_size: 60	current_directory: /home/hy/project/reid_task/ex_003_22	dataset_name: Occluded_Duke	dataset_path: /home/hy/project/data/Occluded_Duke	device: cuda	dtype: torch.float32	epoch_start_test: 90	epochs: 120	img_height: 256	img_width: 128	logs_outputs_path: /home/hy/project/reid_task/ex_003_22/./outputs/logs	models_outputs_path: /home/hy/project/reid_task/ex_003_22/./outputs/models	np: <module 'numpy' from '/home/hy/anaconda3/envs/py396/lib/python3.9/site-packages/numpy/__init__.py'>	os: <module 'os' from '/home/hy/anaconda3/envs/py396/lib/python3.9/os.py'>	outputs_dir: ./outputs/	outputs_path: /home/hy/project/reid_task/ex_003_22/./outputs/	print_every: 1	seed: 1	taskname: ReID_Task	temps_outputs_path: /home/hy/project/reid_task/ex_003_22/./outputs/temps	test_batch_size: 256	test_every: 5	torch: <module 'torch' from '/home/hy/anaconda3/envs/py396/lib/python3.9/site-packages/torch/__init__.py'>
2024-10-06 19:11:19 INFO Task: ReID_Task
2024-10-06 19:11:19 INFO Using device: cuda
2024-10-06 19:11:19 INFO Using data type: torch.float32
2024-10-06 19:11:19 INFO Number of GPUs: 1
2024-10-06 19:11:19 INFO GPU is_available: True
2024-10-06 19:11:19 INFO GPU name: NVIDIA GeForce RTX 3060
2024-10-06 19:11:19 INFO CUDA version: 12.1
2024-10-06 19:11:19 INFO Current device id: 0
2024-10-06 19:11:19 INFO ##################################################
2024-10-06 19:12:45 INFO Epoch 1/120	Training Loss: 10.9426	Time remaining is 2h:51m
2024-10-06 19:14:10 INFO Epoch 2/120	Training Loss: 8.8417	Time remaining is 2h:49m
2024-10-06 19:15:36 INFO Epoch 3/120	Training Loss: 6.1708	Time remaining is 2h:48m
2024-10-06 19:17:02 INFO Epoch 4/120	Training Loss: 3.8856	Time remaining is 2h:47m
2024-10-06 19:18:27 INFO Epoch 5/120	Training Loss: 2.4648	Time remaining is 2h:45m
2024-10-06 19:19:52 INFO Epoch 6/120	Training Loss: 1.7920	Time remaining is 2h:44m
2024-10-06 19:21:18 INFO Epoch 7/120	Training Loss: 1.5136	Time remaining is 2h:43m
2024-10-06 19:22:44 INFO Epoch 8/120	Training Loss: 1.4106	Time remaining is 2h:41m
2024-10-06 19:24:10 INFO Epoch 9/120	Training Loss: 1.3389	Time remaining is 2h:40m
2024-10-06 19:25:36 INFO Epoch 10/120	Training Loss: 1.3147	Time remaining is 2h:38m
2024-10-06 19:27:01 INFO Epoch 11/120	Training Loss: 1.2532	Time remaining is 2h:37m
2024-10-06 19:28:26 INFO Epoch 12/120	Training Loss: 1.1922	Time remaining is 2h:35m
2024-10-06 19:29:52 INFO Epoch 13/120	Training Loss: 1.1826	Time remaining is 2h:34m
2024-10-06 19:31:17 INFO Epoch 14/120	Training Loss: 1.1397	Time remaining is 2h:33m
2024-10-06 19:32:43 INFO Epoch 15/120	Training Loss: 1.1535	Time remaining is 2h:31m
2024-10-06 19:34:08 INFO Epoch 16/120	Training Loss: 1.1290	Time remaining is 2h:30m
2024-10-06 19:35:34 INFO Epoch 17/120	Training Loss: 1.1189	Time remaining is 2h:28m
2024-10-06 19:36:59 INFO Epoch 18/120	Training Loss: 1.1599	Time remaining is 2h:27m
2024-10-06 19:38:24 INFO Epoch 19/120	Training Loss: 1.1278	Time remaining is 2h:25m
2024-10-06 19:39:50 INFO Epoch 20/120	Training Loss: 1.1190	Time remaining is 2h:24m
2024-10-06 19:41:16 INFO Epoch 21/120	Training Loss: 1.1113	Time remaining is 2h:23m
2024-10-06 19:42:41 INFO Epoch 22/120	Training Loss: 1.0968	Time remaining is 2h:21m
2024-10-06 19:44:07 INFO Epoch 23/120	Training Loss: 1.0960	Time remaining is 2h:20m
2024-10-06 19:45:32 INFO Epoch 24/120	Training Loss: 1.1049	Time remaining is 2h:18m
2024-10-06 19:46:57 INFO Epoch 25/120	Training Loss: 1.0710	Time remaining is 2h:17m
2024-10-06 19:48:23 INFO Epoch 26/120	Training Loss: 1.0854	Time remaining is 2h:15m
2024-10-06 19:49:48 INFO Epoch 27/120	Training Loss: 1.1099	Time remaining is 2h:14m
2024-10-06 19:51:13 INFO Epoch 28/120	Training Loss: 1.0629	Time remaining is 2h:13m
2024-10-06 19:52:39 INFO Epoch 29/120	Training Loss: 1.0945	Time remaining is 2h:11m
2024-10-06 19:54:04 INFO Epoch 30/120	Training Loss: 1.0696	Time remaining is 2h:10m
2024-10-06 19:55:29 INFO Epoch 31/120	Training Loss: 1.0553	Time remaining is 2h:8m
2024-10-06 19:56:55 INFO Epoch 32/120	Training Loss: 1.0679	Time remaining is 2h:7m
2024-10-06 19:58:20 INFO Epoch 33/120	Training Loss: 1.0651	Time remaining is 2h:5m
2024-10-06 19:59:45 INFO Epoch 34/120	Training Loss: 1.0452	Time remaining is 2h:4m
2024-10-06 20:01:11 INFO Epoch 35/120	Training Loss: 1.0359	Time remaining is 2h:2m
2024-10-06 20:02:36 INFO Epoch 36/120	Training Loss: 1.0447	Time remaining is 2h:1m
2024-10-06 20:04:01 INFO Epoch 37/120	Training Loss: 1.0587	Time remaining is 1h:60m
2024-10-06 20:05:27 INFO Epoch 38/120	Training Loss: 1.0413	Time remaining is 1h:58m
2024-10-06 20:06:52 INFO Epoch 39/120	Training Loss: 1.0519	Time remaining is 1h:57m
2024-10-06 20:08:17 INFO Epoch 40/120	Training Loss: 1.0195	Time remaining is 1h:55m
2024-10-06 20:09:42 INFO Epoch 41/120	Training Loss: 0.9667	Time remaining is 1h:54m
2024-10-06 20:11:08 INFO Epoch 42/120	Training Loss: 0.9545	Time remaining is 1h:52m
2024-10-06 20:12:34 INFO Epoch 43/120	Training Loss: 0.9535	Time remaining is 1h:51m
2024-10-06 20:13:59 INFO Epoch 44/120	Training Loss: 0.9371	Time remaining is 1h:50m
2024-10-06 20:15:24 INFO Epoch 45/120	Training Loss: 0.9404	Time remaining is 1h:48m
2024-10-06 20:16:49 INFO Epoch 46/120	Training Loss: 0.9340	Time remaining is 1h:47m
2024-10-06 20:18:15 INFO Epoch 47/120	Training Loss: 0.9463	Time remaining is 1h:45m
2024-10-06 20:19:40 INFO Epoch 48/120	Training Loss: 0.9440	Time remaining is 1h:44m
2024-10-06 20:21:05 INFO Epoch 49/120	Training Loss: 0.9371	Time remaining is 1h:43m
2024-10-06 20:22:31 INFO Epoch 50/120	Training Loss: 0.9350	Time remaining is 1h:41m
2024-10-06 20:23:56 INFO Epoch 51/120	Training Loss: 0.9357	Time remaining is 1h:40m
2024-10-06 20:25:21 INFO Epoch 52/120	Training Loss: 0.9378	Time remaining is 1h:38m
2024-10-06 20:26:47 INFO Epoch 53/120	Training Loss: 0.9402	Time remaining is 1h:37m
2024-10-06 20:28:12 INFO Epoch 54/120	Training Loss: 0.9294	Time remaining is 1h:35m
2024-10-06 20:29:37 INFO Epoch 55/120	Training Loss: 0.9393	Time remaining is 1h:34m
2024-10-06 20:31:03 INFO Epoch 56/120	Training Loss: 0.9388	Time remaining is 1h:33m
2024-10-06 20:32:28 INFO Epoch 57/120	Training Loss: 0.9390	Time remaining is 1h:31m
2024-10-06 20:33:54 INFO Epoch 58/120	Training Loss: 0.9426	Time remaining is 1h:30m
2024-10-06 20:35:20 INFO Epoch 59/120	Training Loss: 0.9416	Time remaining is 1h:28m
2024-10-06 20:36:46 INFO Epoch 60/120	Training Loss: 0.9386	Time remaining is 1h:27m
2024-10-06 20:38:11 INFO Epoch 61/120	Training Loss: 0.9275	Time remaining is 1h:25m
2024-10-06 20:39:36 INFO Epoch 62/120	Training Loss: 0.9358	Time remaining is 1h:24m
2024-10-06 20:41:02 INFO Epoch 63/120	Training Loss: 0.9311	Time remaining is 1h:23m
2024-10-06 20:42:27 INFO Epoch 64/120	Training Loss: 0.9324	Time remaining is 1h:21m
2024-10-06 20:43:52 INFO Epoch 65/120	Training Loss: 0.9294	Time remaining is 1h:20m
2024-10-06 20:45:18 INFO Epoch 66/120	Training Loss: 0.9383	Time remaining is 1h:18m
2024-10-06 20:46:43 INFO Epoch 67/120	Training Loss: 0.9311	Time remaining is 1h:17m
2024-10-06 20:48:09 INFO Epoch 68/120	Training Loss: 0.9292	Time remaining is 1h:15m
2024-10-06 20:49:34 INFO Epoch 69/120	Training Loss: 0.9323	Time remaining is 1h:14m
2024-10-06 20:50:59 INFO Epoch 70/120	Training Loss: 0.9209	Time remaining is 1h:13m
2024-10-06 20:52:25 INFO Epoch 71/120	Training Loss: 0.9286	Time remaining is 1h:11m
2024-10-06 20:53:51 INFO Epoch 72/120	Training Loss: 0.9240	Time remaining is 1h:10m
2024-10-06 20:55:16 INFO Epoch 73/120	Training Loss: 0.9221	Time remaining is 1h:8m
2024-10-06 20:56:41 INFO Epoch 74/120	Training Loss: 0.9133	Time remaining is 1h:7m
2024-10-06 20:58:06 INFO Epoch 75/120	Training Loss: 0.9193	Time remaining is 1h:5m
2024-10-06 20:59:32 INFO Epoch 76/120	Training Loss: 0.9184	Time remaining is 1h:4m
2024-10-06 21:00:57 INFO Epoch 77/120	Training Loss: 0.9174	Time remaining is 1h:3m
2024-10-06 21:02:22 INFO Epoch 78/120	Training Loss: 0.9217	Time remaining is 1h:1m
2024-10-06 21:03:48 INFO Epoch 79/120	Training Loss: 0.9218	Time remaining is 0h:60m
2024-10-06 21:05:13 INFO Epoch 80/120	Training Loss: 0.9125	Time remaining is 0h:58m
2024-10-06 21:06:38 INFO Epoch 81/120	Training Loss: 0.9181	Time remaining is 0h:57m
2024-10-06 21:08:04 INFO Epoch 82/120	Training Loss: 0.9250	Time remaining is 0h:56m
2024-10-06 21:09:30 INFO Epoch 83/120	Training Loss: 0.9256	Time remaining is 0h:54m
2024-10-06 21:10:56 INFO Epoch 84/120	Training Loss: 0.9231	Time remaining is 0h:53m
2024-10-06 21:12:21 INFO Epoch 85/120	Training Loss: 0.9209	Time remaining is 0h:51m
2024-10-06 21:13:46 INFO Epoch 86/120	Training Loss: 0.9171	Time remaining is 0h:50m
2024-10-06 21:15:12 INFO Epoch 87/120	Training Loss: 0.9210	Time remaining is 0h:48m
2024-10-06 21:16:38 INFO Epoch 88/120	Training Loss: 0.9252	Time remaining is 0h:47m
2024-10-06 21:18:03 INFO Epoch 89/120	Training Loss: 0.9174	Time remaining is 0h:46m
2024-10-06 21:19:28 INFO Epoch 90/120	Training Loss: 0.9131	Time remaining is 0h:44m
2024-10-06 21:20:33 INFO Epoch 90/120	Testing: dataset_name: Occluded_Duke top1: 61.403 top5: 75.113 top10: 79.955 mAP: 52.109
2024-10-06 21:21:59 INFO Epoch 91/120	Training Loss: 0.9228	Time remaining is 0h:43m
2024-10-06 21:23:24 INFO Epoch 92/120	Training Loss: 0.9168	Time remaining is 0h:42m
2024-10-06 21:24:49 INFO Epoch 93/120	Training Loss: 0.9179	Time remaining is 0h:40m
2024-10-06 21:26:15 INFO Epoch 94/120	Training Loss: 0.9202	Time remaining is 0h:39m
2024-10-06 21:27:41 INFO Epoch 95/120	Training Loss: 0.9245	Time remaining is 0h:37m
2024-10-06 21:28:46 INFO Epoch 95/120	Testing: dataset_name: Occluded_Duke top1: 61.448 top5: 75.475 top10: 80.181 mAP: 52.364
2024-10-06 21:30:11 INFO Epoch 96/120	Training Loss: 0.9168	Time remaining is 0h:36m
2024-10-06 21:31:37 INFO Epoch 97/120	Training Loss: 0.9169	Time remaining is 0h:35m
2024-10-06 21:33:03 INFO Epoch 98/120	Training Loss: 0.9124	Time remaining is 0h:33m
2024-10-06 21:34:28 INFO Epoch 99/120	Training Loss: 0.9179	Time remaining is 0h:32m
2024-10-06 21:35:54 INFO Epoch 100/120	Training Loss: 0.9204	Time remaining is 0h:30m
2024-10-06 21:36:59 INFO Epoch 100/120	Testing: dataset_name: Occluded_Duke top1: 61.719 top5: 75.068 top10: 80.045 mAP: 52.440
2024-10-06 21:38:24 INFO Epoch 101/120	Training Loss: 0.9175	Time remaining is 0h:29m
2024-10-06 21:39:49 INFO Epoch 102/120	Training Loss: 0.9117	Time remaining is 0h:28m
2024-10-06 21:41:15 INFO Epoch 103/120	Training Loss: 0.9165	Time remaining is 0h:26m
2024-10-06 21:42:41 INFO Epoch 104/120	Training Loss: 0.9203	Time remaining is 0h:25m
2024-10-06 21:44:06 INFO Epoch 105/120	Training Loss: 0.9160	Time remaining is 0h:23m
2024-10-06 21:45:11 INFO Epoch 105/120	Testing: dataset_name: Occluded_Duke top1: 61.765 top5: 75.158 top10: 80.362 mAP: 52.772
2024-10-06 21:46:36 INFO Epoch 106/120	Training Loss: 0.9072	Time remaining is 0h:22m
2024-10-06 21:48:01 INFO Epoch 107/120	Training Loss: 0.9156	Time remaining is 0h:21m
2024-10-06 21:49:27 INFO Epoch 108/120	Training Loss: 0.9163	Time remaining is 0h:19m
2024-10-06 21:50:52 INFO Epoch 109/120	Training Loss: 0.9184	Time remaining is 0h:18m
2024-10-06 21:52:18 INFO Epoch 110/120	Training Loss: 0.9169	Time remaining is 0h:16m
2024-10-06 21:53:23 INFO Epoch 110/120	Testing: dataset_name: Occluded_Duke top1: 61.855 top5: 75.113 top10: 80.136 mAP: 52.539
2024-10-06 21:54:48 INFO Epoch 111/120	Training Loss: 0.9149	Time remaining is 0h:15m
2024-10-06 21:56:13 INFO Epoch 112/120	Training Loss: 0.9117	Time remaining is 0h:13m
2024-10-06 21:57:38 INFO Epoch 113/120	Training Loss: 0.9163	Time remaining is 0h:12m
2024-10-06 21:59:04 INFO Epoch 114/120	Training Loss: 0.9200	Time remaining is 0h:10m
2024-10-06 22:00:30 INFO Epoch 115/120	Training Loss: 0.9152	Time remaining is 0h:9m
2024-10-06 22:01:35 INFO Epoch 115/120	Testing: dataset_name: Occluded_Duke top1: 62.172 top5: 75.656 top10: 80.317 mAP: 52.985
2024-10-06 22:03:00 INFO Epoch 116/120	Training Loss: 0.9183	Time remaining is 0h:7m
2024-10-06 22:04:26 INFO Epoch 117/120	Training Loss: 0.9152	Time remaining is 0h:6m
2024-10-06 22:05:52 INFO Epoch 118/120	Training Loss: 0.9190	Time remaining is 0h:4m
2024-10-06 22:07:18 INFO Epoch 119/120	Training Loss: 0.9229	Time remaining is 0h:3m
2024-10-06 22:08:43 INFO Epoch 120/120	Training Loss: 0.9152	Time remaining is 0h:1m
2024-10-06 22:09:48 INFO Epoch 120/120	Testing: dataset_name: Occluded_Duke top1: 62.353 top5: 75.701 top10: 80.407 mAP: 53.025
2024-10-06 22:09:48 INFO The running time of training: 2.97 h
