2024-07-30 14:01:27 INFO ##################################################
2024-07-30 14:01:27 INFO Config values: batch_size: 60	current_directory: /kaggle/working/reid_task/ex_001_2	dataset_name: market1501	dataset_path: /kaggle/input/market1501/Market-1501-v15.09.15	device: cuda	dtype: torch.float32	epoch_start_test: 90	epochs: 120	img_height: 256	img_width: 128	logs_outputs_path: /kaggle/working/reid_task/ex_001_2/./outputs/logs	models_outputs_path: /kaggle/working/reid_task/ex_001_2/./outputs/models	np: <module 'numpy' from '/opt/conda/lib/python3.10/site-packages/numpy/__init__.py'>	os: <module 'os' from '/opt/conda/lib/python3.10/os.py'>	outputs_dir: ./outputs/	outputs_path: /kaggle/working/reid_task/ex_001_2/./outputs/	print_every: 1	seed: 3407	taskname: ReID_Task	temps_outputs_path: /kaggle/working/reid_task/ex_001_2/./outputs/temps	test_batch_size: 256	test_every: 5	torch: <module 'torch' from '/opt/conda/lib/python3.10/site-packages/torch/__init__.py'>
2024-07-30 14:01:27 INFO Task: ReID_Task
2024-07-30 14:01:27 INFO Using device: cuda
2024-07-30 14:01:27 INFO Using data type: torch.float32
2024-07-30 14:01:27 INFO Number of GPUs: 1
2024-07-30 14:01:27 INFO GPU is_available: True
2024-07-30 14:01:27 INFO GPU name: Tesla P100-PCIE-16GB
2024-07-30 14:01:27 INFO CUDA version: 12.1
2024-07-30 14:01:27 INFO Current device id: 0
2024-07-30 14:01:27 INFO ##################################################
2024-07-30 14:04:26 INFO Epoch 1/120	Training Loss: 14.2319	Time remaining is 5h:53m
2024-07-30 14:06:24 INFO Epoch 2/120	Training Loss: 12.9567	Time remaining is 4h:52m
2024-07-30 14:08:20 INFO Epoch 3/120	Training Loss: 11.3146	Time remaining is 4h:29m
2024-07-30 14:10:15 INFO Epoch 4/120	Training Loss: 9.7543	Time remaining is 4h:16m
2024-07-30 14:12:01 INFO Epoch 5/120	Training Loss: 8.4870	Time remaining is 4h:4m
2024-07-30 14:13:44 INFO Epoch 6/120	Training Loss: 7.6186	Time remaining is 3h:54m
2024-07-30 14:15:31 INFO Epoch 7/120	Training Loss: 6.9055	Time remaining is 3h:48m
2024-07-30 14:17:13 INFO Epoch 8/120	Training Loss: 6.2919	Time remaining is 3h:42m
2024-07-30 14:18:54 INFO Epoch 9/120	Training Loss: 5.7419	Time remaining is 3h:37m
2024-07-30 14:20:38 INFO Epoch 10/120	Training Loss: 5.0836	Time remaining is 3h:32m
2024-07-30 14:22:20 INFO Epoch 11/120	Training Loss: 4.4438	Time remaining is 3h:28m
2024-07-30 14:24:04 INFO Epoch 12/120	Training Loss: 3.7640	Time remaining is 3h:25m
2024-07-30 14:25:52 INFO Epoch 13/120	Training Loss: 3.1406	Time remaining is 3h:23m
2024-07-30 14:28:18 INFO Epoch 14/120	Training Loss: 2.6345	Time remaining is 3h:25m
2024-07-30 14:30:04 INFO Epoch 15/120	Training Loss: 2.2748	Time remaining is 3h:22m
2024-07-30 14:31:46 INFO Epoch 16/120	Training Loss: 2.0242	Time remaining is 3h:19m
2024-07-30 14:33:31 INFO Epoch 17/120	Training Loss: 1.8424	Time remaining is 3h:16m
2024-07-30 14:35:11 INFO Epoch 18/120	Training Loss: 1.6804	Time remaining is 3h:13m
2024-07-30 14:36:50 INFO Epoch 19/120	Training Loss: 1.6035	Time remaining is 3h:10m
2024-07-30 14:38:31 INFO Epoch 20/120	Training Loss: 1.5310	Time remaining is 3h:7m
2024-07-30 14:40:13 INFO Epoch 21/120	Training Loss: 1.5025	Time remaining is 3h:4m
2024-07-30 14:42:07 INFO Epoch 22/120	Training Loss: 1.4471	Time remaining is 3h:3m
2024-07-30 14:44:14 INFO Epoch 23/120	Training Loss: 1.3849	Time remaining is 3h:2m
2024-07-30 14:46:09 INFO Epoch 24/120	Training Loss: 1.3758	Time remaining is 3h:0m
2024-07-30 14:47:53 INFO Epoch 25/120	Training Loss: 1.3168	Time remaining is 2h:58m
2024-07-30 14:49:53 INFO Epoch 26/120	Training Loss: 1.2980	Time remaining is 2h:57m
2024-07-30 14:51:30 INFO Epoch 27/120	Training Loss: 1.2896	Time remaining is 2h:54m
2024-07-30 14:53:05 INFO Epoch 28/120	Training Loss: 1.2919	Time remaining is 2h:51m
2024-07-30 14:54:54 INFO Epoch 29/120	Training Loss: 1.2878	Time remaining is 2h:49m
2024-07-30 14:56:29 INFO Epoch 30/120	Training Loss: 1.2667	Time remaining is 2h:47m
2024-07-30 14:58:03 INFO Epoch 31/120	Training Loss: 1.2578	Time remaining is 2h:44m
2024-07-30 14:59:40 INFO Epoch 32/120	Training Loss: 1.2467	Time remaining is 2h:42m
2024-07-30 15:01:14 INFO Epoch 33/120	Training Loss: 1.2520	Time remaining is 2h:39m
2024-07-30 15:02:54 INFO Epoch 34/120	Training Loss: 1.2551	Time remaining is 2h:37m
2024-07-30 15:04:55 INFO Epoch 35/120	Training Loss: 1.2504	Time remaining is 2h:36m
2024-07-30 15:06:38 INFO Epoch 36/120	Training Loss: 1.2353	Time remaining is 2h:34m
2024-07-30 15:08:20 INFO Epoch 37/120	Training Loss: 1.2289	Time remaining is 2h:32m
2024-07-30 15:09:53 INFO Epoch 38/120	Training Loss: 1.2173	Time remaining is 2h:29m
2024-07-30 15:11:33 INFO Epoch 39/120	Training Loss: 1.2390	Time remaining is 2h:27m
2024-07-30 15:13:11 INFO Epoch 40/120	Training Loss: 1.2367	Time remaining is 2h:25m
2024-07-30 15:14:53 INFO Epoch 41/120	Training Loss: 1.1587	Time remaining is 2h:23m
2024-07-30 15:16:28 INFO Epoch 42/120	Training Loss: 1.0822	Time remaining is 2h:21m
2024-07-30 15:18:12 INFO Epoch 43/120	Training Loss: 1.0638	Time remaining is 2h:19m
2024-07-30 15:20:17 INFO Epoch 44/120	Training Loss: 1.0526	Time remaining is 2h:18m
2024-07-30 15:22:00 INFO Epoch 45/120	Training Loss: 1.0455	Time remaining is 2h:16m
2024-07-30 15:23:35 INFO Epoch 46/120	Training Loss: 1.0425	Time remaining is 2h:14m
2024-07-30 15:25:12 INFO Epoch 47/120	Training Loss: 1.0430	Time remaining is 2h:12m
2024-07-30 15:26:48 INFO Epoch 48/120	Training Loss: 1.0346	Time remaining is 2h:10m
2024-07-30 15:28:29 INFO Epoch 49/120	Training Loss: 1.0292	Time remaining is 2h:8m
2024-07-30 15:30:14 INFO Epoch 50/120	Training Loss: 1.0211	Time remaining is 2h:6m
2024-07-30 15:32:12 INFO Epoch 51/120	Training Loss: 1.0286	Time remaining is 2h:5m
2024-07-30 15:33:48 INFO Epoch 52/120	Training Loss: 1.0236	Time remaining is 2h:2m
2024-07-30 15:35:22 INFO Epoch 53/120	Training Loss: 1.0204	Time remaining is 2h:0m
2024-07-30 15:36:59 INFO Epoch 54/120	Training Loss: 1.0206	Time remaining is 1h:58m
2024-07-30 15:39:06 INFO Epoch 55/120	Training Loss: 1.0208	Time remaining is 1h:57m
2024-07-30 15:40:44 INFO Epoch 56/120	Training Loss: 1.0232	Time remaining is 1h:55m
2024-07-30 15:42:30 INFO Epoch 57/120	Training Loss: 1.0184	Time remaining is 1h:53m
2024-07-30 15:44:06 INFO Epoch 58/120	Training Loss: 1.0112	Time remaining is 1h:51m
2024-07-30 15:45:42 INFO Epoch 59/120	Training Loss: 1.0105	Time remaining is 1h:50m
2024-07-30 15:47:18 INFO Epoch 60/120	Training Loss: 1.0159	Time remaining is 1h:48m
2024-07-30 15:49:12 INFO Epoch 61/120	Training Loss: 1.0128	Time remaining is 1h:46m
2024-07-30 15:50:48 INFO Epoch 62/120	Training Loss: 1.0107	Time remaining is 1h:44m
2024-07-30 15:52:53 INFO Epoch 63/120	Training Loss: 1.0128	Time remaining is 1h:43m
2024-07-30 15:55:03 INFO Epoch 64/120	Training Loss: 1.0046	Time remaining is 1h:41m
2024-07-30 15:56:59 INFO Epoch 65/120	Training Loss: 1.0108	Time remaining is 1h:39m
2024-07-30 15:58:51 INFO Epoch 66/120	Training Loss: 1.0078	Time remaining is 1h:38m
2024-07-30 16:00:36 INFO Epoch 67/120	Training Loss: 1.0077	Time remaining is 1h:36m
2024-07-30 16:02:20 INFO Epoch 68/120	Training Loss: 1.0087	Time remaining is 1h:34m
2024-07-30 16:04:02 INFO Epoch 69/120	Training Loss: 1.0045	Time remaining is 1h:32m
2024-07-30 16:05:47 INFO Epoch 70/120	Training Loss: 1.0114	Time remaining is 1h:31m
2024-07-30 16:07:28 INFO Epoch 71/120	Training Loss: 0.9980	Time remaining is 1h:29m
2024-07-30 16:09:11 INFO Epoch 72/120	Training Loss: 0.9981	Time remaining is 1h:27m
2024-07-30 16:11:15 INFO Epoch 73/120	Training Loss: 0.9961	Time remaining is 1h:25m
2024-07-30 16:13:20 INFO Epoch 74/120	Training Loss: 0.9941	Time remaining is 1h:24m
2024-07-30 16:15:07 INFO Epoch 75/120	Training Loss: 0.9932	Time remaining is 1h:22m
2024-07-30 16:17:15 INFO Epoch 76/120	Training Loss: 0.9929	Time remaining is 1h:20m
2024-07-30 16:19:11 INFO Epoch 77/120	Training Loss: 0.9919	Time remaining is 1h:19m
2024-07-30 16:21:02 INFO Epoch 78/120	Training Loss: 0.9882	Time remaining is 1h:17m
2024-07-30 16:22:56 INFO Epoch 79/120	Training Loss: 0.9937	Time remaining is 1h:15m
2024-07-30 16:24:59 INFO Epoch 80/120	Training Loss: 0.9900	Time remaining is 1h:14m
2024-07-30 16:27:04 INFO Epoch 81/120	Training Loss: 0.9898	Time remaining is 1h:12m
2024-07-30 16:29:05 INFO Epoch 82/120	Training Loss: 0.9907	Time remaining is 1h:10m
2024-07-30 16:31:06 INFO Epoch 83/120	Training Loss: 0.9867	Time remaining is 1h:8m
2024-07-30 16:32:51 INFO Epoch 84/120	Training Loss: 0.9906	Time remaining is 1h:7m
2024-07-30 16:34:39 INFO Epoch 85/120	Training Loss: 0.9834	Time remaining is 1h:5m
2024-07-30 16:36:45 INFO Epoch 86/120	Training Loss: 0.9845	Time remaining is 1h:3m
2024-07-30 16:38:35 INFO Epoch 87/120	Training Loss: 0.9893	Time remaining is 1h:1m
2024-07-30 16:41:09 INFO Epoch 88/120	Training Loss: 0.9873	Time remaining is 0h:60m
2024-07-30 16:43:15 INFO Epoch 89/120	Training Loss: 0.9893	Time remaining is 0h:58m
2024-07-30 16:45:14 INFO Epoch 90/120	Training Loss: 0.9830	Time remaining is 0h:56m
2024-07-30 16:51:16 INFO Epoch 90/120	Testing: dataset_name: market1501 top1: 93.676 top5: 98.219 top10: 99.020 mAP: 84.917
2024-07-30 16:53:18 INFO Epoch 91/120	Training Loss: 0.9927	Time remaining is 0h:57m
2024-07-30 16:55:17 INFO Epoch 92/120	Training Loss: 0.9913	Time remaining is 0h:55m
2024-07-30 16:57:13 INFO Epoch 93/120	Training Loss: 0.9868	Time remaining is 0h:53m
2024-07-30 16:59:03 INFO Epoch 94/120	Training Loss: 0.9870	Time remaining is 0h:51m
2024-07-30 17:00:55 INFO Epoch 95/120	Training Loss: 0.9874	Time remaining is 0h:49m
2024-07-30 17:04:55 INFO Epoch 95/120	Testing: dataset_name: market1501 top1: 93.854 top5: 98.159 top10: 98.901 mAP: 84.950
2024-07-30 17:06:48 INFO Epoch 96/120	Training Loss: 0.9848	Time remaining is 0h:48m
2024-07-30 17:08:38 INFO Epoch 97/120	Training Loss: 0.9853	Time remaining is 0h:46m
2024-07-30 17:10:26 INFO Epoch 98/120	Training Loss: 0.9813	Time remaining is 0h:44m
2024-07-30 17:12:17 INFO Epoch 99/120	Training Loss: 0.9873	Time remaining is 0h:42m
2024-07-30 17:14:05 INFO Epoch 100/120	Training Loss: 0.9850	Time remaining is 0h:40m
2024-07-30 17:17:53 INFO Epoch 100/120	Testing: dataset_name: market1501 top1: 93.765 top5: 98.189 top10: 98.961 mAP: 85.009
2024-07-30 17:19:43 INFO Epoch 101/120	Training Loss: 0.9870	Time remaining is 0h:39m
2024-07-30 17:21:31 INFO Epoch 102/120	Training Loss: 0.9778	Time remaining is 0h:37m
2024-07-30 17:23:17 INFO Epoch 103/120	Training Loss: 0.9818	Time remaining is 0h:35m
2024-07-30 17:25:06 INFO Epoch 104/120	Training Loss: 0.9844	Time remaining is 0h:33m
2024-07-30 17:26:52 INFO Epoch 105/120	Training Loss: 0.9857	Time remaining is 0h:31m
2024-07-30 17:30:55 INFO Epoch 105/120	Testing: dataset_name: market1501 top1: 94.091 top5: 98.159 top10: 98.990 mAP: 85.235
2024-07-30 17:32:46 INFO Epoch 106/120	Training Loss: 0.9805	Time remaining is 0h:30m
2024-07-30 17:34:35 INFO Epoch 107/120	Training Loss: 0.9831	Time remaining is 0h:28m
2024-07-30 17:36:21 INFO Epoch 108/120	Training Loss: 0.9839	Time remaining is 0h:26m
2024-07-30 17:38:05 INFO Epoch 109/120	Training Loss: 0.9850	Time remaining is 0h:24m
2024-07-30 17:39:48 INFO Epoch 110/120	Training Loss: 0.9855	Time remaining is 0h:22m
2024-07-30 17:43:33 INFO Epoch 110/120	Testing: dataset_name: market1501 top1: 93.765 top5: 98.129 top10: 99.020 mAP: 85.219
2024-07-30 17:45:13 INFO Epoch 111/120	Training Loss: 0.9793	Time remaining is 0h:20m
2024-07-30 17:46:52 INFO Epoch 112/120	Training Loss: 0.9839	Time remaining is 0h:18m
2024-07-30 17:48:31 INFO Epoch 113/120	Training Loss: 0.9850	Time remaining is 0h:16m
2024-07-30 17:50:10 INFO Epoch 114/120	Training Loss: 0.9833	Time remaining is 0h:14m
2024-07-30 17:51:45 INFO Epoch 115/120	Training Loss: 0.9841	Time remaining is 0h:12m
2024-07-30 17:55:18 INFO Epoch 115/120	Testing: dataset_name: market1501 top1: 94.002 top5: 98.189 top10: 99.020 mAP: 85.388
2024-07-30 17:56:57 INFO Epoch 116/120	Training Loss: 0.9830	Time remaining is 0h:10m
2024-07-30 17:58:32 INFO Epoch 117/120	Training Loss: 0.9830	Time remaining is 0h:8m
2024-07-30 18:00:08 INFO Epoch 118/120	Training Loss: 0.9799	Time remaining is 0h:6m
2024-07-30 18:01:44 INFO Epoch 119/120	Training Loss: 0.9826	Time remaining is 0h:4m
2024-07-30 18:03:20 INFO Epoch 120/120	Training Loss: 0.9788	Time remaining is 0h:2m
2024-07-30 18:06:47 INFO Epoch 120/120	Testing: dataset_name: market1501 top1: 94.181 top5: 98.070 top10: 98.961 mAP: 85.429
2024-07-30 18:06:47 INFO The running time of training: 4.09 h
