2024-09-27 12:06:29 INFO ##################################################
2024-09-27 12:06:29 INFO Config values: batch_size: 60	current_directory: /home/hy/project/reid_task/ex_001_32	dataset_name: Occluded_Duke	dataset_path: /home/hy/project/data/Occluded_Duke	device: cuda	dtype: torch.float32	epoch_start_test: 90	epochs: 120	img_height: 256	img_width: 128	logs_outputs_path: /home/hy/project/reid_task/ex_001_32/./outputs/logs	models_outputs_path: /home/hy/project/reid_task/ex_001_32/./outputs/models	np: <module 'numpy' from '/home/hy/anaconda3/envs/py396/lib/python3.9/site-packages/numpy/__init__.py'>	os: <module 'os' from '/home/hy/anaconda3/envs/py396/lib/python3.9/os.py'>	outputs_dir: ./outputs/	outputs_path: /home/hy/project/reid_task/ex_001_32/./outputs/	print_every: 1	seed: 1	taskname: ReID_Task	temps_outputs_path: /home/hy/project/reid_task/ex_001_32/./outputs/temps	test_batch_size: 256	test_every: 5	torch: <module 'torch' from '/home/hy/anaconda3/envs/py396/lib/python3.9/site-packages/torch/__init__.py'>
2024-09-27 12:06:29 INFO Task: ReID_Task
2024-09-27 12:06:29 INFO Using device: cuda
2024-09-27 12:06:29 INFO Using data type: torch.float32
2024-09-27 12:06:29 INFO Number of GPUs: 1
2024-09-27 12:06:29 INFO GPU is_available: True
2024-09-27 12:06:29 INFO GPU name: NVIDIA GeForce RTX 3060
2024-09-27 12:06:29 INFO CUDA version: 12.1
2024-09-27 12:06:29 INFO Current device id: 0
2024-09-27 12:06:29 INFO ##################################################
2024-09-27 12:07:54 INFO Epoch 1/120	Training Loss: 7.1762	Time remaining is 2h:49m
2024-09-27 12:09:18 INFO Epoch 2/120	Training Loss: 6.1204	Time remaining is 2h:47m
2024-09-27 12:10:43 INFO Epoch 3/120	Training Loss: 4.7992	Time remaining is 2h:46m
2024-09-27 12:12:09 INFO Epoch 4/120	Training Loss: 3.6210	Time remaining is 2h:45m
2024-09-27 12:13:33 INFO Epoch 5/120	Training Loss: 2.8476	Time remaining is 2h:44m
2024-09-27 12:14:58 INFO Epoch 6/120	Training Loss: 2.4467	Time remaining is 2h:43m
2024-09-27 12:16:23 INFO Epoch 7/120	Training Loss: 2.2302	Time remaining is 2h:41m
2024-09-27 12:17:49 INFO Epoch 8/120	Training Loss: 2.0871	Time remaining is 2h:40m
2024-09-27 12:19:14 INFO Epoch 9/120	Training Loss: 1.9996	Time remaining is 2h:39m
2024-09-27 12:20:39 INFO Epoch 10/120	Training Loss: 1.9248	Time remaining is 2h:37m
2024-09-27 12:22:03 INFO Epoch 11/120	Training Loss: 1.8186	Time remaining is 2h:36m
2024-09-27 12:23:28 INFO Epoch 12/120	Training Loss: 1.7568	Time remaining is 2h:34m
2024-09-27 12:24:53 INFO Epoch 13/120	Training Loss: 1.7252	Time remaining is 2h:33m
2024-09-27 12:26:18 INFO Epoch 14/120	Training Loss: 1.6815	Time remaining is 2h:31m
2024-09-27 12:27:43 INFO Epoch 15/120	Training Loss: 1.6441	Time remaining is 2h:30m
2024-09-27 12:29:08 INFO Epoch 16/120	Training Loss: 1.6180	Time remaining is 2h:29m
2024-09-27 12:30:32 INFO Epoch 17/120	Training Loss: 1.5804	Time remaining is 2h:27m
2024-09-27 12:31:57 INFO Epoch 18/120	Training Loss: 1.5809	Time remaining is 2h:26m
2024-09-27 12:33:22 INFO Epoch 19/120	Training Loss: 1.5563	Time remaining is 2h:24m
2024-09-27 12:34:47 INFO Epoch 20/120	Training Loss: 1.5475	Time remaining is 2h:23m
2024-09-27 12:36:12 INFO Epoch 21/120	Training Loss: 1.5302	Time remaining is 2h:21m
2024-09-27 12:37:37 INFO Epoch 22/120	Training Loss: 1.5280	Time remaining is 2h:20m
2024-09-27 12:39:02 INFO Epoch 23/120	Training Loss: 1.5095	Time remaining is 2h:19m
2024-09-27 12:40:27 INFO Epoch 24/120	Training Loss: 1.5019	Time remaining is 2h:17m
2024-09-27 12:41:51 INFO Epoch 25/120	Training Loss: 1.4903	Time remaining is 2h:16m
2024-09-27 12:43:17 INFO Epoch 26/120	Training Loss: 1.4895	Time remaining is 2h:14m
2024-09-27 12:44:41 INFO Epoch 27/120	Training Loss: 1.4804	Time remaining is 2h:13m
2024-09-27 12:46:06 INFO Epoch 28/120	Training Loss: 1.4645	Time remaining is 2h:12m
2024-09-27 12:47:31 INFO Epoch 29/120	Training Loss: 1.4712	Time remaining is 2h:10m
2024-09-27 12:48:56 INFO Epoch 30/120	Training Loss: 1.4626	Time remaining is 2h:9m
2024-09-27 12:50:20 INFO Epoch 31/120	Training Loss: 1.4530	Time remaining is 2h:7m
2024-09-27 12:51:45 INFO Epoch 32/120	Training Loss: 1.4432	Time remaining is 2h:6m
2024-09-27 12:53:10 INFO Epoch 33/120	Training Loss: 1.4552	Time remaining is 2h:4m
2024-09-27 12:54:34 INFO Epoch 34/120	Training Loss: 1.4300	Time remaining is 2h:3m
2024-09-27 12:55:59 INFO Epoch 35/120	Training Loss: 1.4345	Time remaining is 2h:2m
2024-09-27 12:57:24 INFO Epoch 36/120	Training Loss: 1.4345	Time remaining is 2h:0m
2024-09-27 12:58:49 INFO Epoch 37/120	Training Loss: 1.4208	Time remaining is 1h:59m
2024-09-27 13:00:13 INFO Epoch 38/120	Training Loss: 1.4295	Time remaining is 1h:57m
2024-09-27 13:01:38 INFO Epoch 39/120	Training Loss: 1.4220	Time remaining is 1h:56m
2024-09-27 13:03:02 INFO Epoch 40/120	Training Loss: 1.3710	Time remaining is 1h:55m
2024-09-27 13:04:27 INFO Epoch 41/120	Training Loss: 1.3300	Time remaining is 1h:53m
2024-09-27 13:05:52 INFO Epoch 42/120	Training Loss: 1.3196	Time remaining is 1h:52m
2024-09-27 13:07:17 INFO Epoch 43/120	Training Loss: 1.3193	Time remaining is 1h:50m
2024-09-27 13:08:41 INFO Epoch 44/120	Training Loss: 1.3011	Time remaining is 1h:49m
2024-09-27 13:10:06 INFO Epoch 45/120	Training Loss: 1.3074	Time remaining is 1h:47m
2024-09-27 13:11:30 INFO Epoch 46/120	Training Loss: 1.2996	Time remaining is 1h:46m
2024-09-27 13:12:56 INFO Epoch 47/120	Training Loss: 1.3139	Time remaining is 1h:45m
2024-09-27 13:14:21 INFO Epoch 48/120	Training Loss: 1.3099	Time remaining is 1h:43m
2024-09-27 13:15:45 INFO Epoch 49/120	Training Loss: 1.3002	Time remaining is 1h:42m
2024-09-27 13:17:10 INFO Epoch 50/120	Training Loss: 1.3003	Time remaining is 1h:40m
2024-09-27 13:18:35 INFO Epoch 51/120	Training Loss: 1.2985	Time remaining is 1h:39m
2024-09-27 13:19:59 INFO Epoch 52/120	Training Loss: 1.2983	Time remaining is 1h:38m
2024-09-27 13:21:24 INFO Epoch 53/120	Training Loss: 1.3024	Time remaining is 1h:36m
2024-09-27 13:22:48 INFO Epoch 54/120	Training Loss: 1.2868	Time remaining is 1h:35m
2024-09-27 13:24:14 INFO Epoch 55/120	Training Loss: 1.2975	Time remaining is 1h:33m
2024-09-27 13:25:38 INFO Epoch 56/120	Training Loss: 1.2987	Time remaining is 1h:32m
2024-09-27 13:27:03 INFO Epoch 57/120	Training Loss: 1.2959	Time remaining is 1h:30m
2024-09-27 13:28:29 INFO Epoch 58/120	Training Loss: 1.2998	Time remaining is 1h:29m
2024-09-27 13:29:54 INFO Epoch 59/120	Training Loss: 1.3016	Time remaining is 1h:28m
2024-09-27 13:31:19 INFO Epoch 60/120	Training Loss: 1.2948	Time remaining is 1h:26m
2024-09-27 13:32:43 INFO Epoch 61/120	Training Loss: 1.2840	Time remaining is 1h:25m
2024-09-27 13:34:08 INFO Epoch 62/120	Training Loss: 1.2932	Time remaining is 1h:23m
2024-09-27 13:35:33 INFO Epoch 63/120	Training Loss: 1.2861	Time remaining is 1h:22m
2024-09-27 13:36:57 INFO Epoch 64/120	Training Loss: 1.2878	Time remaining is 1h:21m
2024-09-27 13:38:22 INFO Epoch 65/120	Training Loss: 1.2829	Time remaining is 1h:19m
2024-09-27 13:39:48 INFO Epoch 66/120	Training Loss: 1.2957	Time remaining is 1h:18m
2024-09-27 13:41:12 INFO Epoch 67/120	Training Loss: 1.2838	Time remaining is 1h:16m
2024-09-27 13:42:37 INFO Epoch 68/120	Training Loss: 1.2855	Time remaining is 1h:15m
2024-09-27 13:44:02 INFO Epoch 69/120	Training Loss: 1.2865	Time remaining is 1h:14m
2024-09-27 13:45:26 INFO Epoch 70/120	Training Loss: 1.2732	Time remaining is 1h:12m
2024-09-27 13:46:52 INFO Epoch 71/120	Training Loss: 1.2828	Time remaining is 1h:11m
2024-09-27 13:48:17 INFO Epoch 72/120	Training Loss: 1.2770	Time remaining is 1h:9m
2024-09-27 13:49:42 INFO Epoch 73/120	Training Loss: 1.2742	Time remaining is 1h:8m
2024-09-27 13:51:06 INFO Epoch 74/120	Training Loss: 1.2631	Time remaining is 1h:6m
2024-09-27 13:52:31 INFO Epoch 75/120	Training Loss: 1.2707	Time remaining is 1h:5m
2024-09-27 13:53:55 INFO Epoch 76/120	Training Loss: 1.2708	Time remaining is 1h:4m
2024-09-27 13:55:20 INFO Epoch 77/120	Training Loss: 1.2679	Time remaining is 1h:2m
2024-09-27 13:56:45 INFO Epoch 78/120	Training Loss: 1.2744	Time remaining is 1h:1m
2024-09-27 13:58:10 INFO Epoch 79/120	Training Loss: 1.2743	Time remaining is 0h:59m
2024-09-27 13:59:34 INFO Epoch 80/120	Training Loss: 1.2616	Time remaining is 0h:58m
2024-09-27 14:00:59 INFO Epoch 81/120	Training Loss: 1.2687	Time remaining is 0h:57m
2024-09-27 14:02:24 INFO Epoch 82/120	Training Loss: 1.2783	Time remaining is 0h:55m
2024-09-27 14:03:49 INFO Epoch 83/120	Training Loss: 1.2793	Time remaining is 0h:54m
2024-09-27 14:05:14 INFO Epoch 84/120	Training Loss: 1.2762	Time remaining is 0h:52m
2024-09-27 14:06:39 INFO Epoch 85/120	Training Loss: 1.2730	Time remaining is 0h:51m
2024-09-27 14:08:04 INFO Epoch 86/120	Training Loss: 1.2679	Time remaining is 0h:49m
2024-09-27 14:09:29 INFO Epoch 87/120	Training Loss: 1.2725	Time remaining is 0h:48m
2024-09-27 14:10:54 INFO Epoch 88/120	Training Loss: 1.2769	Time remaining is 0h:47m
2024-09-27 14:12:19 INFO Epoch 89/120	Training Loss: 1.2662	Time remaining is 0h:45m
2024-09-27 14:13:43 INFO Epoch 90/120	Training Loss: 1.2624	Time remaining is 0h:44m
2024-09-27 14:14:47 INFO Epoch 90/120	Testing: dataset_name: Occluded_Duke top1: 62.986 top5: 76.063 top10: 80.543 mAP: 53.947
2024-09-27 14:16:12 INFO Epoch 91/120	Training Loss: 1.2748	Time remaining is 0h:43m
2024-09-27 14:17:36 INFO Epoch 92/120	Training Loss: 1.2668	Time remaining is 0h:41m
2024-09-27 14:19:01 INFO Epoch 93/120	Training Loss: 1.2690	Time remaining is 0h:40m
2024-09-27 14:20:26 INFO Epoch 94/120	Training Loss: 1.2709	Time remaining is 0h:38m
2024-09-27 14:21:51 INFO Epoch 95/120	Training Loss: 1.2771	Time remaining is 0h:37m
2024-09-27 14:22:55 INFO Epoch 95/120	Testing: dataset_name: Occluded_Duke top1: 63.258 top5: 75.656 top10: 80.498 mAP: 53.840
2024-09-27 14:24:20 INFO Epoch 96/120	Training Loss: 1.2677	Time remaining is 0h:36m
2024-09-27 14:25:44 INFO Epoch 97/120	Training Loss: 1.2666	Time remaining is 0h:34m
2024-09-27 14:27:08 INFO Epoch 98/120	Training Loss: 1.2613	Time remaining is 0h:33m
2024-09-27 14:28:33 INFO Epoch 99/120	Training Loss: 1.2692	Time remaining is 0h:32m
2024-09-27 14:29:58 INFO Epoch 100/120	Training Loss: 1.2715	Time remaining is 0h:30m
2024-09-27 14:31:02 INFO Epoch 100/120	Testing: dataset_name: Occluded_Duke top1: 63.394 top5: 76.154 top10: 80.588 mAP: 53.941
2024-09-27 14:32:27 INFO Epoch 101/120	Training Loss: 1.2685	Time remaining is 0h:29m
2024-09-27 14:33:51 INFO Epoch 102/120	Training Loss: 1.2599	Time remaining is 0h:27m
2024-09-27 14:35:16 INFO Epoch 103/120	Training Loss: 1.2680	Time remaining is 0h:26m
2024-09-27 14:36:41 INFO Epoch 104/120	Training Loss: 1.2712	Time remaining is 0h:25m
2024-09-27 14:38:05 INFO Epoch 105/120	Training Loss: 1.2669	Time remaining is 0h:23m
2024-09-27 14:39:09 INFO Epoch 105/120	Testing: dataset_name: Occluded_Duke top1: 63.529 top5: 76.425 top10: 81.086 mAP: 54.232
2024-09-27 14:40:33 INFO Epoch 106/120	Training Loss: 1.2533	Time remaining is 0h:22m
2024-09-27 14:41:58 INFO Epoch 107/120	Training Loss: 1.2653	Time remaining is 0h:20m
2024-09-27 14:43:22 INFO Epoch 108/120	Training Loss: 1.2662	Time remaining is 0h:19m
2024-09-27 14:44:47 INFO Epoch 109/120	Training Loss: 1.2683	Time remaining is 0h:17m
2024-09-27 14:46:12 INFO Epoch 110/120	Training Loss: 1.2652	Time remaining is 0h:16m
2024-09-27 14:47:16 INFO Epoch 110/120	Testing: dataset_name: Occluded_Duke top1: 62.986 top5: 76.606 top10: 80.724 mAP: 54.046
2024-09-27 14:48:41 INFO Epoch 111/120	Training Loss: 1.2659	Time remaining is 0h:15m
2024-09-27 14:50:05 INFO Epoch 112/120	Training Loss: 1.2599	Time remaining is 0h:13m
2024-09-27 14:51:29 INFO Epoch 113/120	Training Loss: 1.2657	Time remaining is 0h:12m
2024-09-27 14:52:55 INFO Epoch 114/120	Training Loss: 1.2694	Time remaining is 0h:10m
2024-09-27 14:54:20 INFO Epoch 115/120	Training Loss: 1.2640	Time remaining is 0h:9m
2024-09-27 14:55:24 INFO Epoch 115/120	Testing: dataset_name: Occluded_Duke top1: 63.258 top5: 76.335 top10: 80.814 mAP: 54.251
2024-09-27 14:56:49 INFO Epoch 116/120	Training Loss: 1.2708	Time remaining is 0h:7m
2024-09-27 14:58:13 INFO Epoch 117/120	Training Loss: 1.2661	Time remaining is 0h:6m
2024-09-27 14:59:39 INFO Epoch 118/120	Training Loss: 1.2697	Time remaining is 0h:4m
2024-09-27 15:01:04 INFO Epoch 119/120	Training Loss: 1.2757	Time remaining is 0h:3m
2024-09-27 15:02:29 INFO Epoch 120/120	Training Loss: 1.2647	Time remaining is 0h:1m
2024-09-27 15:03:33 INFO Epoch 120/120	Testing: dataset_name: Occluded_Duke top1: 63.575 top5: 76.923 top10: 81.448 mAP: 54.525
2024-09-27 15:03:34 INFO The running time of training: 2.95 h
