2024-10-07 20:40:03 INFO ##################################################
2024-10-07 20:40:03 INFO Config values: batch_size: 60	current_directory: /home/hy/project/reid_task/ex_003_29	dataset_name: Occluded_Duke	dataset_path: /home/hy/project/data/Occluded_Duke	device: cuda	dtype: torch.float32	epoch_start_test: 90	epochs: 120	img_height: 256	img_width: 128	logs_outputs_path: /home/hy/project/reid_task/ex_003_29/./outputs/logs	models_outputs_path: /home/hy/project/reid_task/ex_003_29/./outputs/models	np: <module 'numpy' from '/home/hy/anaconda3/envs/py396/lib/python3.9/site-packages/numpy/__init__.py'>	os: <module 'os' from '/home/hy/anaconda3/envs/py396/lib/python3.9/os.py'>	outputs_dir: ./outputs/	outputs_path: /home/hy/project/reid_task/ex_003_29/./outputs/	print_every: 1	seed: 1	taskname: ReID_Task	temps_outputs_path: /home/hy/project/reid_task/ex_003_29/./outputs/temps	test_batch_size: 256	test_every: 5	torch: <module 'torch' from '/home/hy/anaconda3/envs/py396/lib/python3.9/site-packages/torch/__init__.py'>
2024-10-07 20:40:03 INFO Task: ReID_Task
2024-10-07 20:40:03 INFO Using device: cuda
2024-10-07 20:40:03 INFO Using data type: torch.float32
2024-10-07 20:40:03 INFO Number of GPUs: 1
2024-10-07 20:40:03 INFO GPU is_available: True
2024-10-07 20:40:03 INFO GPU name: NVIDIA GeForce RTX 3060
2024-10-07 20:40:03 INFO CUDA version: 12.1
2024-10-07 20:40:03 INFO Current device id: 0
2024-10-07 20:40:03 INFO ##################################################
2024-10-07 20:41:21 INFO Epoch 1/120	Training Loss: 6.0325	Time remaining is 2h:35m
2024-10-07 20:42:37 INFO Epoch 2/120	Training Loss: 5.8155	Time remaining is 2h:32m
2024-10-07 20:43:54 INFO Epoch 3/120	Training Loss: 5.6827	Time remaining is 2h:31m
2024-10-07 20:45:11 INFO Epoch 4/120	Training Loss: 5.4169	Time remaining is 2h:30m
2024-10-07 20:46:27 INFO Epoch 5/120	Training Loss: 5.1135	Time remaining is 2h:28m
2024-10-07 20:47:44 INFO Epoch 6/120	Training Loss: 4.8746	Time remaining is 2h:27m
2024-10-07 20:49:01 INFO Epoch 7/120	Training Loss: 4.5815	Time remaining is 2h:26m
2024-10-07 20:50:18 INFO Epoch 8/120	Training Loss: 4.2986	Time remaining is 2h:25m
2024-10-07 20:51:35 INFO Epoch 9/120	Training Loss: 4.0226	Time remaining is 2h:23m
2024-10-07 20:52:52 INFO Epoch 10/120	Training Loss: 3.7482	Time remaining is 2h:22m
2024-10-07 20:54:08 INFO Epoch 11/120	Training Loss: 3.4741	Time remaining is 2h:21m
2024-10-07 20:55:24 INFO Epoch 12/120	Training Loss: 3.2220	Time remaining is 2h:19m
2024-10-07 20:56:41 INFO Epoch 13/120	Training Loss: 3.0102	Time remaining is 2h:18m
2024-10-07 20:57:58 INFO Epoch 14/120	Training Loss: 2.8033	Time remaining is 2h:17m
2024-10-07 20:59:15 INFO Epoch 15/120	Training Loss: 2.6255	Time remaining is 2h:16m
2024-10-07 21:00:32 INFO Epoch 16/120	Training Loss: 2.4653	Time remaining is 2h:14m
2024-10-07 21:01:49 INFO Epoch 17/120	Training Loss: 2.3154	Time remaining is 2h:13m
2024-10-07 21:03:06 INFO Epoch 18/120	Training Loss: 2.2053	Time remaining is 2h:12m
2024-10-07 21:04:22 INFO Epoch 19/120	Training Loss: 2.1101	Time remaining is 2h:11m
2024-10-07 21:05:38 INFO Epoch 20/120	Training Loss: 2.0138	Time remaining is 2h:9m
2024-10-07 21:06:55 INFO Epoch 21/120	Training Loss: 1.9274	Time remaining is 2h:8m
2024-10-07 21:08:12 INFO Epoch 22/120	Training Loss: 1.8766	Time remaining is 2h:7m
2024-10-07 21:09:29 INFO Epoch 23/120	Training Loss: 1.8099	Time remaining is 2h:5m
2024-10-07 21:10:46 INFO Epoch 24/120	Training Loss: 1.7393	Time remaining is 2h:4m
2024-10-07 21:12:02 INFO Epoch 25/120	Training Loss: 1.6818	Time remaining is 2h:3m
2024-10-07 21:13:20 INFO Epoch 26/120	Training Loss: 1.6646	Time remaining is 2h:2m
2024-10-07 21:14:36 INFO Epoch 27/120	Training Loss: 1.6247	Time remaining is 2h:0m
2024-10-07 21:15:53 INFO Epoch 28/120	Training Loss: 1.5877	Time remaining is 1h:59m
2024-10-07 21:17:09 INFO Epoch 29/120	Training Loss: 1.5467	Time remaining is 1h:58m
2024-10-07 21:18:26 INFO Epoch 30/120	Training Loss: 1.5290	Time remaining is 1h:56m
2024-10-07 21:19:42 INFO Epoch 31/120	Training Loss: 1.5032	Time remaining is 1h:55m
2024-10-07 21:20:59 INFO Epoch 32/120	Training Loss: 1.4566	Time remaining is 1h:54m
2024-10-07 21:22:16 INFO Epoch 33/120	Training Loss: 1.4763	Time remaining is 1h:53m
2024-10-07 21:23:32 INFO Epoch 34/120	Training Loss: 1.4437	Time remaining is 1h:51m
2024-10-07 21:24:48 INFO Epoch 35/120	Training Loss: 1.4247	Time remaining is 1h:50m
2024-10-07 21:26:05 INFO Epoch 36/120	Training Loss: 1.4040	Time remaining is 1h:49m
2024-10-07 21:27:22 INFO Epoch 37/120	Training Loss: 1.3763	Time remaining is 1h:47m
2024-10-07 21:28:38 INFO Epoch 38/120	Training Loss: 1.3802	Time remaining is 1h:46m
2024-10-07 21:29:54 INFO Epoch 39/120	Training Loss: 1.3751	Time remaining is 1h:45m
2024-10-07 21:31:11 INFO Epoch 40/120	Training Loss: 1.2657	Time remaining is 1h:44m
2024-10-07 21:32:27 INFO Epoch 41/120	Training Loss: 1.1702	Time remaining is 1h:42m
2024-10-07 21:33:44 INFO Epoch 42/120	Training Loss: 1.1379	Time remaining is 1h:41m
2024-10-07 21:35:01 INFO Epoch 43/120	Training Loss: 1.1324	Time remaining is 1h:40m
2024-10-07 21:36:17 INFO Epoch 44/120	Training Loss: 1.1097	Time remaining is 1h:38m
2024-10-07 21:37:34 INFO Epoch 45/120	Training Loss: 1.1141	Time remaining is 1h:37m
2024-10-07 21:38:50 INFO Epoch 46/120	Training Loss: 1.1062	Time remaining is 1h:36m
2024-10-07 21:40:07 INFO Epoch 47/120	Training Loss: 1.1146	Time remaining is 1h:35m
2024-10-07 21:41:24 INFO Epoch 48/120	Training Loss: 1.1090	Time remaining is 1h:33m
2024-10-07 21:42:40 INFO Epoch 49/120	Training Loss: 1.0989	Time remaining is 1h:32m
2024-10-07 21:43:57 INFO Epoch 50/120	Training Loss: 1.0938	Time remaining is 1h:31m
2024-10-07 21:45:13 INFO Epoch 51/120	Training Loss: 1.0902	Time remaining is 1h:29m
2024-10-07 21:46:30 INFO Epoch 52/120	Training Loss: 1.0870	Time remaining is 1h:28m
2024-10-07 21:47:47 INFO Epoch 53/120	Training Loss: 1.0914	Time remaining is 1h:27m
2024-10-07 21:49:03 INFO Epoch 54/120	Training Loss: 1.0710	Time remaining is 1h:26m
2024-10-07 21:50:19 INFO Epoch 55/120	Training Loss: 1.0825	Time remaining is 1h:24m
2024-10-07 21:51:36 INFO Epoch 56/120	Training Loss: 1.0861	Time remaining is 1h:23m
2024-10-07 21:52:53 INFO Epoch 57/120	Training Loss: 1.0794	Time remaining is 1h:22m
2024-10-07 21:54:10 INFO Epoch 58/120	Training Loss: 1.0833	Time remaining is 1h:21m
2024-10-07 21:55:28 INFO Epoch 59/120	Training Loss: 1.0797	Time remaining is 1h:19m
2024-10-07 21:56:45 INFO Epoch 60/120	Training Loss: 1.0738	Time remaining is 1h:18m
2024-10-07 21:58:01 INFO Epoch 61/120	Training Loss: 1.0636	Time remaining is 1h:17m
2024-10-07 21:59:18 INFO Epoch 62/120	Training Loss: 1.0647	Time remaining is 1h:15m
2024-10-07 22:00:34 INFO Epoch 63/120	Training Loss: 1.0621	Time remaining is 1h:14m
2024-10-07 22:01:51 INFO Epoch 64/120	Training Loss: 1.0609	Time remaining is 1h:13m
2024-10-07 22:03:07 INFO Epoch 65/120	Training Loss: 1.0527	Time remaining is 1h:12m
2024-10-07 22:04:24 INFO Epoch 66/120	Training Loss: 1.0643	Time remaining is 1h:10m
2024-10-07 22:05:41 INFO Epoch 67/120	Training Loss: 1.0556	Time remaining is 1h:9m
2024-10-07 22:06:57 INFO Epoch 68/120	Training Loss: 1.0554	Time remaining is 1h:8m
2024-10-07 22:08:14 INFO Epoch 69/120	Training Loss: 1.0560	Time remaining is 1h:6m
2024-10-07 22:09:30 INFO Epoch 70/120	Training Loss: 1.0394	Time remaining is 1h:5m
2024-10-07 22:10:48 INFO Epoch 71/120	Training Loss: 1.0434	Time remaining is 1h:4m
2024-10-07 22:12:05 INFO Epoch 72/120	Training Loss: 1.0355	Time remaining is 1h:3m
2024-10-07 22:13:22 INFO Epoch 73/120	Training Loss: 1.0302	Time remaining is 1h:1m
2024-10-07 22:14:38 INFO Epoch 74/120	Training Loss: 1.0179	Time remaining is 1h:0m
2024-10-07 22:15:54 INFO Epoch 75/120	Training Loss: 1.0289	Time remaining is 0h:59m
2024-10-07 22:17:11 INFO Epoch 76/120	Training Loss: 1.0252	Time remaining is 0h:58m
2024-10-07 22:18:27 INFO Epoch 77/120	Training Loss: 1.0230	Time remaining is 0h:56m
2024-10-07 22:19:44 INFO Epoch 78/120	Training Loss: 1.0295	Time remaining is 0h:55m
2024-10-07 22:21:01 INFO Epoch 79/120	Training Loss: 1.0286	Time remaining is 0h:54m
2024-10-07 22:22:17 INFO Epoch 80/120	Training Loss: 1.0159	Time remaining is 0h:52m
2024-10-07 22:23:34 INFO Epoch 81/120	Training Loss: 1.0237	Time remaining is 0h:51m
2024-10-07 22:24:51 INFO Epoch 82/120	Training Loss: 1.0303	Time remaining is 0h:50m
2024-10-07 22:26:08 INFO Epoch 83/120	Training Loss: 1.0286	Time remaining is 0h:49m
2024-10-07 22:27:25 INFO Epoch 84/120	Training Loss: 1.0269	Time remaining is 0h:47m
2024-10-07 22:28:42 INFO Epoch 85/120	Training Loss: 1.0259	Time remaining is 0h:46m
2024-10-07 22:29:58 INFO Epoch 86/120	Training Loss: 1.0196	Time remaining is 0h:45m
2024-10-07 22:31:15 INFO Epoch 87/120	Training Loss: 1.0235	Time remaining is 0h:43m
2024-10-07 22:32:33 INFO Epoch 88/120	Training Loss: 1.0280	Time remaining is 0h:42m
2024-10-07 22:33:49 INFO Epoch 89/120	Training Loss: 1.0183	Time remaining is 0h:41m
2024-10-07 22:35:06 INFO Epoch 90/120	Training Loss: 1.0158	Time remaining is 0h:40m
2024-10-07 22:36:10 INFO Epoch 90/120	Testing: dataset_name: Occluded_Duke top1: 50.860 top5: 65.520 top10: 70.995 mAP: 42.592
2024-10-07 22:37:27 INFO Epoch 91/120	Training Loss: 1.0259	Time remaining is 0h:39m
2024-10-07 22:38:43 INFO Epoch 92/120	Training Loss: 1.0164	Time remaining is 0h:37m
2024-10-07 22:40:00 INFO Epoch 93/120	Training Loss: 1.0198	Time remaining is 0h:36m
2024-10-07 22:41:17 INFO Epoch 94/120	Training Loss: 1.0215	Time remaining is 0h:35m
2024-10-07 22:42:34 INFO Epoch 95/120	Training Loss: 1.0241	Time remaining is 0h:34m
2024-10-07 22:43:38 INFO Epoch 95/120	Testing: dataset_name: Occluded_Duke top1: 50.588 top5: 64.887 top10: 70.860 mAP: 42.219
2024-10-07 22:44:55 INFO Epoch 96/120	Training Loss: 1.0203	Time remaining is 0h:33m
2024-10-07 22:46:11 INFO Epoch 97/120	Training Loss: 1.0163	Time remaining is 0h:31m
2024-10-07 22:47:28 INFO Epoch 98/120	Training Loss: 1.0098	Time remaining is 0h:30m
2024-10-07 22:48:44 INFO Epoch 99/120	Training Loss: 1.0218	Time remaining is 0h:29m
2024-10-07 22:50:01 INFO Epoch 100/120	Training Loss: 1.0177	Time remaining is 0h:27m
2024-10-07 22:51:06 INFO Epoch 100/120	Testing: dataset_name: Occluded_Duke top1: 50.995 top5: 65.385 top10: 71.357 mAP: 42.620
2024-10-07 22:52:22 INFO Epoch 101/120	Training Loss: 1.0184	Time remaining is 0h:26m
2024-10-07 22:53:39 INFO Epoch 102/120	Training Loss: 1.0095	Time remaining is 0h:25m
2024-10-07 22:54:55 INFO Epoch 103/120	Training Loss: 1.0202	Time remaining is 0h:24m
2024-10-07 22:56:12 INFO Epoch 104/120	Training Loss: 1.0172	Time remaining is 0h:22m
2024-10-07 22:57:29 INFO Epoch 105/120	Training Loss: 1.0163	Time remaining is 0h:21m
2024-10-07 22:58:33 INFO Epoch 105/120	Testing: dataset_name: Occluded_Duke top1: 50.271 top5: 64.977 top10: 70.452 mAP: 42.034
2024-10-07 22:59:49 INFO Epoch 106/120	Training Loss: 1.0032	Time remaining is 0h:20m
2024-10-07 23:01:05 INFO Epoch 107/120	Training Loss: 1.0122	Time remaining is 0h:18m
2024-10-07 23:02:22 INFO Epoch 108/120	Training Loss: 1.0155	Time remaining is 0h:17m
2024-10-07 23:03:39 INFO Epoch 109/120	Training Loss: 1.0138	Time remaining is 0h:16m
2024-10-07 23:04:56 INFO Epoch 110/120	Training Loss: 1.0136	Time remaining is 0h:14m
2024-10-07 23:06:00 INFO Epoch 110/120	Testing: dataset_name: Occluded_Duke top1: 50.181 top5: 65.520 top10: 70.814 mAP: 41.956
2024-10-07 23:07:17 INFO Epoch 111/120	Training Loss: 1.0113	Time remaining is 0h:13m
2024-10-07 23:08:33 INFO Epoch 112/120	Training Loss: 1.0076	Time remaining is 0h:12m
2024-10-07 23:09:49 INFO Epoch 113/120	Training Loss: 1.0113	Time remaining is 0h:11m
2024-10-07 23:11:06 INFO Epoch 114/120	Training Loss: 1.0174	Time remaining is 0h:9m
2024-10-07 23:12:23 INFO Epoch 115/120	Training Loss: 1.0117	Time remaining is 0h:8m
2024-10-07 23:13:28 INFO Epoch 115/120	Testing: dataset_name: Occluded_Duke top1: 50.905 top5: 64.977 top10: 71.267 mAP: 42.257
2024-10-07 23:14:45 INFO Epoch 116/120	Training Loss: 1.0136	Time remaining is 0h:7m
2024-10-07 23:16:01 INFO Epoch 117/120	Training Loss: 1.0125	Time remaining is 0h:5m
2024-10-07 23:17:18 INFO Epoch 118/120	Training Loss: 1.0144	Time remaining is 0h:4m
2024-10-07 23:18:35 INFO Epoch 119/120	Training Loss: 1.0192	Time remaining is 0h:3m
2024-10-07 23:19:52 INFO Epoch 120/120	Training Loss: 1.0108	Time remaining is 0h:1m
2024-10-07 23:20:57 INFO Epoch 120/120	Testing: dataset_name: Occluded_Duke top1: 49.774 top5: 64.842 top10: 70.633 mAP: 41.708
2024-10-07 23:20:57 INFO The running time of training: 2.68 h
