2024-03-11 10:57:24 INFO ##################################################
2024-03-11 10:57:24 INFO Task: ReID_Task
2024-03-11 10:57:24 INFO Using device: cuda
2024-03-11 10:57:24 INFO Using data type: torch.float32
2024-03-11 10:57:24 INFO Number of GPUs: 1
2024-03-11 10:57:24 INFO GPU is_available: True
2024-03-11 10:57:24 INFO GPU name: NVIDIA GeForce RTX 3060
2024-03-11 10:57:24 INFO CUDA version: 12.1
2024-03-11 10:57:24 INFO Current device id: 0
2024-03-11 10:57:24 INFO ##################################################
2024-03-11 10:58:39 INFO Epoch 1/120	Training Loss: 7.7905	Time remaining is 2h:28m
2024-03-11 10:59:51 INFO Epoch 2/120	Training Loss: 7.0128	Time remaining is 2h:25m
2024-03-11 11:01:04 INFO Epoch 3/120	Training Loss: 5.6504	Time remaining is 2h:24m
2024-03-11 11:02:17 INFO Epoch 4/120	Training Loss: 4.1480	Time remaining is 2h:22m
2024-03-11 11:03:29 INFO Epoch 5/120	Training Loss: 2.9408	Time remaining is 2h:21m
2024-03-11 11:04:41 INFO Epoch 6/120	Training Loss: 2.1812	Time remaining is 2h:19m
2024-03-11 11:05:53 INFO Epoch 7/120	Training Loss: 1.8102	Time remaining is 2h:18m
2024-03-11 11:07:05 INFO Epoch 8/120	Training Loss: 1.6215	Time remaining is 2h:17m
2024-03-11 11:08:18 INFO Epoch 9/120	Training Loss: 1.5249	Time remaining is 2h:15m
2024-03-11 11:09:30 INFO Epoch 10/120	Training Loss: 1.4600	Time remaining is 2h:14m
2024-03-11 11:10:43 INFO Epoch 11/120	Training Loss: 1.4293	Time remaining is 2h:13m
2024-03-11 11:11:55 INFO Epoch 12/120	Training Loss: 1.3494	Time remaining is 2h:12m
2024-03-11 11:13:08 INFO Epoch 13/120	Training Loss: 1.2665	Time remaining is 2h:11m
2024-03-11 11:14:21 INFO Epoch 14/120	Training Loss: 1.2328	Time remaining is 2h:9m
2024-03-11 11:15:34 INFO Epoch 15/120	Training Loss: 1.2038	Time remaining is 2h:8m
2024-03-11 11:16:47 INFO Epoch 16/120	Training Loss: 1.1812	Time remaining is 2h:7m
2024-03-11 11:18:00 INFO Epoch 17/120	Training Loss: 1.1796	Time remaining is 2h:6m
2024-03-11 11:19:12 INFO Epoch 18/120	Training Loss: 1.1723	Time remaining is 2h:5m
2024-03-11 11:20:25 INFO Epoch 19/120	Training Loss: 1.1630	Time remaining is 2h:3m
2024-03-11 11:21:38 INFO Epoch 20/120	Training Loss: 1.1590	Time remaining is 2h:2m
2024-03-11 11:22:50 INFO Epoch 21/120	Training Loss: 1.1636	Time remaining is 2h:1m
2024-03-11 11:24:03 INFO Epoch 22/120	Training Loss: 1.1568	Time remaining is 1h:60m
2024-03-11 11:25:15 INFO Epoch 23/120	Training Loss: 1.1589	Time remaining is 1h:59m
2024-03-11 11:26:27 INFO Epoch 24/120	Training Loss: 1.1657	Time remaining is 1h:57m
2024-03-11 11:27:40 INFO Epoch 25/120	Training Loss: 1.1715	Time remaining is 1h:56m
2024-03-11 11:28:53 INFO Epoch 26/120	Training Loss: 1.1783	Time remaining is 1h:55m
2024-03-11 11:30:05 INFO Epoch 27/120	Training Loss: 1.1648	Time remaining is 1h:54m
2024-03-11 11:31:18 INFO Epoch 28/120	Training Loss: 1.1690	Time remaining is 1h:53m
2024-03-11 11:32:30 INFO Epoch 29/120	Training Loss: 1.1691	Time remaining is 1h:51m
2024-03-11 11:33:42 INFO Epoch 30/120	Training Loss: 1.1572	Time remaining is 1h:50m
2024-03-11 11:34:54 INFO Epoch 31/120	Training Loss: 1.1450	Time remaining is 1h:49m
2024-03-11 11:36:07 INFO Epoch 32/120	Training Loss: 1.1470	Time remaining is 1h:48m
2024-03-11 11:37:20 INFO Epoch 33/120	Training Loss: 1.1600	Time remaining is 1h:46m
2024-03-11 11:38:32 INFO Epoch 34/120	Training Loss: 1.1684	Time remaining is 1h:45m
2024-03-11 11:39:45 INFO Epoch 35/120	Training Loss: 1.1598	Time remaining is 1h:44m
2024-03-11 11:40:58 INFO Epoch 36/120	Training Loss: 1.1554	Time remaining is 1h:43m
2024-03-11 11:42:10 INFO Epoch 37/120	Training Loss: 1.1455	Time remaining is 1h:42m
2024-03-11 11:43:23 INFO Epoch 38/120	Training Loss: 1.1616	Time remaining is 1h:40m
2024-03-11 11:44:35 INFO Epoch 39/120	Training Loss: 1.1548	Time remaining is 1h:39m
2024-03-11 11:45:47 INFO Epoch 40/120	Training Loss: 1.1393	Time remaining is 1h:38m
2024-03-11 11:47:00 INFO Epoch 41/120	Training Loss: 1.0822	Time remaining is 1h:37m
2024-03-11 11:48:12 INFO Epoch 42/120	Training Loss: 1.0217	Time remaining is 1h:36m
2024-03-11 11:49:24 INFO Epoch 43/120	Training Loss: 1.0134	Time remaining is 1h:34m
2024-03-11 11:50:37 INFO Epoch 44/120	Training Loss: 1.0052	Time remaining is 1h:33m
2024-03-11 11:51:49 INFO Epoch 45/120	Training Loss: 1.0008	Time remaining is 1h:32m
2024-03-11 11:53:02 INFO Epoch 46/120	Training Loss: 0.9967	Time remaining is 1h:31m
2024-03-11 11:54:14 INFO Epoch 47/120	Training Loss: 0.9877	Time remaining is 1h:29m
2024-03-11 11:55:27 INFO Epoch 48/120	Training Loss: 0.9920	Time remaining is 1h:28m
2024-03-11 11:56:39 INFO Epoch 49/120	Training Loss: 0.9853	Time remaining is 1h:27m
2024-03-11 11:57:52 INFO Epoch 50/120	Training Loss: 0.9852	Time remaining is 1h:26m
2024-03-11 11:59:04 INFO Epoch 51/120	Training Loss: 0.9792	Time remaining is 1h:25m
2024-03-11 12:00:17 INFO Epoch 52/120	Training Loss: 0.9827	Time remaining is 1h:23m
2024-03-11 12:01:29 INFO Epoch 53/120	Training Loss: 0.9819	Time remaining is 1h:22m
2024-03-11 12:02:42 INFO Epoch 54/120	Training Loss: 0.9790	Time remaining is 1h:21m
2024-03-11 12:03:55 INFO Epoch 55/120	Training Loss: 0.9806	Time remaining is 1h:20m
2024-03-11 12:05:07 INFO Epoch 56/120	Training Loss: 0.9791	Time remaining is 1h:19m
2024-03-11 12:06:19 INFO Epoch 57/120	Training Loss: 0.9715	Time remaining is 1h:17m
2024-03-11 12:07:32 INFO Epoch 58/120	Training Loss: 0.9760	Time remaining is 1h:16m
2024-03-11 12:08:45 INFO Epoch 59/120	Training Loss: 0.9768	Time remaining is 1h:15m
2024-03-11 12:09:58 INFO Epoch 60/120	Training Loss: 0.9736	Time remaining is 1h:14m
2024-03-11 12:11:10 INFO Epoch 61/120	Training Loss: 0.9763	Time remaining is 1h:13m
2024-03-11 12:12:23 INFO Epoch 62/120	Training Loss: 0.9736	Time remaining is 1h:11m
2024-03-11 12:13:35 INFO Epoch 63/120	Training Loss: 0.9722	Time remaining is 1h:10m
2024-03-11 12:14:48 INFO Epoch 64/120	Training Loss: 0.9712	Time remaining is 1h:9m
2024-03-11 12:16:01 INFO Epoch 65/120	Training Loss: 0.9683	Time remaining is 1h:8m
2024-03-11 12:17:13 INFO Epoch 66/120	Training Loss: 0.9668	Time remaining is 1h:7m
2024-03-11 12:18:26 INFO Epoch 67/120	Training Loss: 0.9750	Time remaining is 1h:5m
2024-03-11 12:19:39 INFO Epoch 68/120	Training Loss: 0.9696	Time remaining is 1h:4m
2024-03-11 12:20:51 INFO Epoch 69/120	Training Loss: 0.9649	Time remaining is 1h:3m
2024-03-11 12:22:04 INFO Epoch 70/120	Training Loss: 0.9673	Time remaining is 1h:2m
2024-03-11 12:23:16 INFO Epoch 71/120	Training Loss: 0.9641	Time remaining is 1h:0m
2024-03-11 12:24:29 INFO Epoch 72/120	Training Loss: 0.9599	Time remaining is 0h:59m
2024-03-11 12:25:42 INFO Epoch 73/120	Training Loss: 0.9570	Time remaining is 0h:58m
2024-03-11 12:26:54 INFO Epoch 74/120	Training Loss: 0.9529	Time remaining is 0h:57m
2024-03-11 12:28:07 INFO Epoch 75/120	Training Loss: 0.9516	Time remaining is 0h:56m
2024-03-11 12:29:19 INFO Epoch 76/120	Training Loss: 0.9492	Time remaining is 0h:54m
2024-03-11 12:30:31 INFO Epoch 77/120	Training Loss: 0.9559	Time remaining is 0h:53m
2024-03-11 12:31:44 INFO Epoch 78/120	Training Loss: 0.9500	Time remaining is 0h:52m
2024-03-11 12:32:56 INFO Epoch 79/120	Training Loss: 0.9554	Time remaining is 0h:51m
2024-03-11 12:34:09 INFO Epoch 80/120	Training Loss: 0.9542	Time remaining is 0h:50m
2024-03-11 12:35:22 INFO Epoch 81/120	Training Loss: 0.9531	Time remaining is 0h:48m
2024-03-11 12:36:34 INFO Epoch 82/120	Training Loss: 0.9537	Time remaining is 0h:47m
2024-03-11 12:37:47 INFO Epoch 83/120	Training Loss: 0.9526	Time remaining is 0h:46m
2024-03-11 12:39:00 INFO Epoch 84/120	Training Loss: 0.9525	Time remaining is 0h:45m
2024-03-11 12:40:13 INFO Epoch 85/120	Training Loss: 0.9543	Time remaining is 0h:44m
2024-03-11 12:41:25 INFO Epoch 86/120	Training Loss: 0.9529	Time remaining is 0h:42m
2024-03-11 12:42:38 INFO Epoch 87/120	Training Loss: 0.9515	Time remaining is 0h:41m
2024-03-11 12:43:50 INFO Epoch 88/120	Training Loss: 0.9463	Time remaining is 0h:40m
2024-03-11 12:45:03 INFO Epoch 89/120	Training Loss: 0.9513	Time remaining is 0h:39m
2024-03-11 12:46:16 INFO Epoch 90/120	Training Loss: 0.9504	Time remaining is 0h:37m
2024-03-11 12:46:52 INFO Testing: dataset_name: market1501 top1:0.9483 top5:0.9822 top10:0.9896 mAP:0.8697
2024-03-11 12:48:05 INFO Epoch 91/120	Training Loss: 0.9524	Time remaining is 0h:36m
2024-03-11 12:49:17 INFO Epoch 92/120	Training Loss: 0.9455	Time remaining is 0h:35m
2024-03-11 12:50:30 INFO Epoch 93/120	Training Loss: 0.9517	Time remaining is 0h:34m
2024-03-11 12:51:42 INFO Epoch 94/120	Training Loss: 0.9512	Time remaining is 0h:33m
2024-03-11 12:52:54 INFO Epoch 95/120	Training Loss: 0.9447	Time remaining is 0h:32m
2024-03-11 12:54:07 INFO Epoch 96/120	Training Loss: 0.9519	Time remaining is 0h:30m
2024-03-11 12:55:19 INFO Epoch 97/120	Training Loss: 0.9437	Time remaining is 0h:29m
2024-03-11 12:56:31 INFO Epoch 98/120	Training Loss: 0.9519	Time remaining is 0h:28m
2024-03-11 12:57:44 INFO Epoch 99/120	Training Loss: 0.9509	Time remaining is 0h:27m
2024-03-11 12:58:56 INFO Epoch 100/120	Training Loss: 0.9485	Time remaining is 0h:26m
2024-03-11 12:59:33 INFO Testing: dataset_name: market1501 top1:0.9501 top5:0.9834 top10:0.9896 mAP:0.8694
2024-03-11 13:00:45 INFO Epoch 101/120	Training Loss: 0.9519	Time remaining is 0h:24m
2024-03-11 13:01:57 INFO Epoch 102/120	Training Loss: 0.9495	Time remaining is 0h:23m
2024-03-11 13:03:10 INFO Epoch 103/120	Training Loss: 0.9480	Time remaining is 0h:22m
2024-03-11 13:04:22 INFO Epoch 104/120	Training Loss: 0.9484	Time remaining is 0h:21m
2024-03-11 13:05:35 INFO Epoch 105/120	Training Loss: 0.9542	Time remaining is 0h:20m
2024-03-11 13:06:48 INFO Epoch 106/120	Training Loss: 0.9489	Time remaining is 0h:18m
2024-03-11 13:08:00 INFO Epoch 107/120	Training Loss: 0.9443	Time remaining is 0h:17m
2024-03-11 13:09:13 INFO Epoch 108/120	Training Loss: 0.9497	Time remaining is 0h:16m
2024-03-11 13:10:25 INFO Epoch 109/120	Training Loss: 0.9484	Time remaining is 0h:15m
2024-03-11 13:11:38 INFO Epoch 110/120	Training Loss: 0.9483	Time remaining is 0h:13m
2024-03-11 13:12:15 INFO Testing: dataset_name: market1501 top1:0.9495 top5:0.9828 top10:0.9905 mAP:0.8712
2024-03-11 13:13:27 INFO Epoch 111/120	Training Loss: 0.9430	Time remaining is 0h:12m
2024-03-11 13:14:40 INFO Epoch 112/120	Training Loss: 0.9473	Time remaining is 0h:11m
2024-03-11 13:15:52 INFO Epoch 113/120	Training Loss: 0.9484	Time remaining is 0h:10m
2024-03-11 13:17:04 INFO Epoch 114/120	Training Loss: 0.9439	Time remaining is 0h:9m
2024-03-11 13:18:17 INFO Epoch 115/120	Training Loss: 0.9517	Time remaining is 0h:7m
2024-03-11 13:19:30 INFO Epoch 116/120	Training Loss: 0.9480	Time remaining is 0h:6m
2024-03-11 13:20:42 INFO Epoch 117/120	Training Loss: 0.9482	Time remaining is 0h:5m
2024-03-11 13:21:55 INFO Epoch 118/120	Training Loss: 0.9483	Time remaining is 0h:4m
2024-03-11 13:23:08 INFO Epoch 119/120	Training Loss: 0.9524	Time remaining is 0h:2m
2024-03-11 13:24:20 INFO Epoch 120/120	Training Loss: 0.9428	Time remaining is 0h:1m
2024-03-11 13:24:57 INFO Testing: dataset_name: market1501 top1:0.9498 top5:0.9816 top10:0.9899 mAP:0.8719
2024-03-11 13:24:57 INFO The running time of training: 8.85318e+03 s
2024-03-11 16:16:52 INFO ##################################################
2024-03-11 16:16:52 INFO Task: ReID_Task
2024-03-11 16:16:52 INFO Using device: cuda
2024-03-11 16:16:52 INFO Using data type: torch.float32
