2024-07-31 06:07:46 INFO ##################################################
2024-07-31 06:07:46 INFO Config values: batch_size: 60	current_directory: /kaggle/working/reid_task/ex_001_6	dataset_name: market1501	dataset_path: /kaggle/input/market1501/Market-1501-v15.09.15	device: cuda	dtype: torch.float32	epoch_start_test: 90	epochs: 120	img_height: 256	img_width: 128	logs_outputs_path: /kaggle/working/reid_task/ex_001_6/./outputs/logs	models_outputs_path: /kaggle/working/reid_task/ex_001_6/./outputs/models	np: <module 'numpy' from '/opt/conda/lib/python3.10/site-packages/numpy/__init__.py'>	os: <module 'os' from '/opt/conda/lib/python3.10/os.py'>	outputs_dir: ./outputs/	outputs_path: /kaggle/working/reid_task/ex_001_6/./outputs/	print_every: 1	seed: 3407	taskname: ReID_Task	temps_outputs_path: /kaggle/working/reid_task/ex_001_6/./outputs/temps	test_batch_size: 256	test_every: 5	torch: <module 'torch' from '/opt/conda/lib/python3.10/site-packages/torch/__init__.py'>
2024-07-31 06:07:46 INFO Task: ReID_Task
2024-07-31 06:07:46 INFO Using device: cuda
2024-07-31 06:07:46 INFO Using data type: torch.float32
2024-07-31 06:07:46 INFO Number of GPUs: 1
2024-07-31 06:07:46 INFO GPU is_available: True
2024-07-31 06:07:46 INFO GPU name: Tesla P100-PCIE-16GB
2024-07-31 06:07:46 INFO CUDA version: 12.1
2024-07-31 06:07:46 INFO Current device id: 0
2024-07-31 06:07:46 INFO ##################################################
2024-07-31 06:10:43 INFO Epoch 1/120	Training Loss: 8.8627	Time remaining is 5h:47m
2024-07-31 06:12:27 INFO Epoch 2/120	Training Loss: 7.5888	Time remaining is 4h:35m
2024-07-31 06:14:04 INFO Epoch 3/120	Training Loss: 6.0096	Time remaining is 4h:5m
2024-07-31 06:15:40 INFO Epoch 4/120	Training Loss: 4.5925	Time remaining is 3h:49m
2024-07-31 06:17:15 INFO Epoch 5/120	Training Loss: 3.5197	Time remaining is 3h:39m
2024-07-31 06:18:49 INFO Epoch 6/120	Training Loss: 2.8120	Time remaining is 3h:31m
2024-07-31 06:20:24 INFO Epoch 7/120	Training Loss: 2.3860	Time remaining is 3h:25m
2024-07-31 06:21:59 INFO Epoch 8/120	Training Loss: 2.1123	Time remaining is 3h:20m
2024-07-31 06:23:34 INFO Epoch 9/120	Training Loss: 1.9652	Time remaining is 3h:16m
2024-07-31 06:25:08 INFO Epoch 10/120	Training Loss: 1.8480	Time remaining is 3h:12m
2024-07-31 06:26:43 INFO Epoch 11/120	Training Loss: 1.7613	Time remaining is 3h:9m
2024-07-31 06:28:17 INFO Epoch 12/120	Training Loss: 1.6672	Time remaining is 3h:6m
2024-07-31 06:29:53 INFO Epoch 13/120	Training Loss: 1.5747	Time remaining is 3h:3m
2024-07-31 06:31:28 INFO Epoch 14/120	Training Loss: 1.5132	Time remaining is 3h:1m
2024-07-31 06:33:03 INFO Epoch 15/120	Training Loss: 1.4572	Time remaining is 2h:58m
2024-07-31 06:34:38 INFO Epoch 16/120	Training Loss: 1.4205	Time remaining is 2h:56m
2024-07-31 06:36:13 INFO Epoch 17/120	Training Loss: 1.3965	Time remaining is 2h:54m
2024-07-31 06:37:46 INFO Epoch 18/120	Training Loss: 1.3540	Time remaining is 2h:51m
2024-07-31 06:39:20 INFO Epoch 19/120	Training Loss: 1.3497	Time remaining is 2h:49m
2024-07-31 06:40:54 INFO Epoch 20/120	Training Loss: 1.3051	Time remaining is 2h:47m
2024-07-31 06:42:28 INFO Epoch 21/120	Training Loss: 1.3195	Time remaining is 2h:45m
2024-07-31 06:44:03 INFO Epoch 22/120	Training Loss: 1.3094	Time remaining is 2h:43m
2024-07-31 06:45:36 INFO Epoch 23/120	Training Loss: 1.2852	Time remaining is 2h:41m
2024-07-31 06:47:10 INFO Epoch 24/120	Training Loss: 1.3078	Time remaining is 2h:39m
2024-07-31 06:48:45 INFO Epoch 25/120	Training Loss: 1.2897	Time remaining is 2h:37m
2024-07-31 06:50:18 INFO Epoch 26/120	Training Loss: 1.2816	Time remaining is 2h:35m
2024-07-31 06:51:52 INFO Epoch 27/120	Training Loss: 1.2783	Time remaining is 2h:33m
2024-07-31 06:53:26 INFO Epoch 28/120	Training Loss: 1.2890	Time remaining is 2h:32m
2024-07-31 06:55:01 INFO Epoch 29/120	Training Loss: 1.2919	Time remaining is 2h:30m
2024-07-31 06:56:36 INFO Epoch 30/120	Training Loss: 1.2679	Time remaining is 2h:28m
2024-07-31 06:58:10 INFO Epoch 31/120	Training Loss: 1.2560	Time remaining is 2h:26m
2024-07-31 06:59:44 INFO Epoch 32/120	Training Loss: 1.2664	Time remaining is 2h:24m
2024-07-31 07:01:19 INFO Epoch 33/120	Training Loss: 1.2604	Time remaining is 2h:23m
2024-07-31 07:02:53 INFO Epoch 34/120	Training Loss: 1.2613	Time remaining is 2h:21m
2024-07-31 07:04:28 INFO Epoch 35/120	Training Loss: 1.2602	Time remaining is 2h:19m
2024-07-31 07:06:04 INFO Epoch 36/120	Training Loss: 1.2520	Time remaining is 2h:18m
2024-07-31 07:07:38 INFO Epoch 37/120	Training Loss: 1.2388	Time remaining is 2h:16m
2024-07-31 07:09:13 INFO Epoch 38/120	Training Loss: 1.2226	Time remaining is 2h:14m
2024-07-31 07:10:47 INFO Epoch 39/120	Training Loss: 1.2487	Time remaining is 2h:12m
2024-07-31 07:12:22 INFO Epoch 40/120	Training Loss: 1.2475	Time remaining is 2h:11m
2024-07-31 07:13:57 INFO Epoch 41/120	Training Loss: 1.1670	Time remaining is 2h:9m
2024-07-31 07:15:31 INFO Epoch 42/120	Training Loss: 1.0955	Time remaining is 2h:7m
2024-07-31 07:17:04 INFO Epoch 43/120	Training Loss: 1.0754	Time remaining is 2h:6m
2024-07-31 07:18:39 INFO Epoch 44/120	Training Loss: 1.0675	Time remaining is 2h:4m
2024-07-31 07:20:13 INFO Epoch 45/120	Training Loss: 1.0594	Time remaining is 2h:2m
2024-07-31 07:21:49 INFO Epoch 46/120	Training Loss: 1.0535	Time remaining is 2h:1m
2024-07-31 07:23:24 INFO Epoch 47/120	Training Loss: 1.0553	Time remaining is 1h:59m
2024-07-31 07:24:59 INFO Epoch 48/120	Training Loss: 1.0453	Time remaining is 1h:57m
2024-07-31 07:26:33 INFO Epoch 49/120	Training Loss: 1.0387	Time remaining is 1h:56m
2024-07-31 07:28:08 INFO Epoch 50/120	Training Loss: 1.0331	Time remaining is 1h:54m
2024-07-31 07:29:42 INFO Epoch 51/120	Training Loss: 1.0375	Time remaining is 1h:52m
2024-07-31 07:31:16 INFO Epoch 52/120	Training Loss: 1.0344	Time remaining is 1h:51m
2024-07-31 07:32:54 INFO Epoch 53/120	Training Loss: 1.0331	Time remaining is 1h:49m
2024-07-31 07:34:33 INFO Epoch 54/120	Training Loss: 1.0297	Time remaining is 1h:48m
2024-07-31 07:36:14 INFO Epoch 55/120	Training Loss: 1.0300	Time remaining is 1h:46m
2024-07-31 07:37:54 INFO Epoch 56/120	Training Loss: 1.0337	Time remaining is 1h:45m
2024-07-31 07:39:33 INFO Epoch 57/120	Training Loss: 1.0268	Time remaining is 1h:43m
2024-07-31 07:41:09 INFO Epoch 58/120	Training Loss: 1.0204	Time remaining is 1h:41m
2024-07-31 07:42:43 INFO Epoch 59/120	Training Loss: 1.0186	Time remaining is 1h:40m
2024-07-31 07:44:18 INFO Epoch 60/120	Training Loss: 1.0217	Time remaining is 1h:38m
2024-07-31 07:45:55 INFO Epoch 61/120	Training Loss: 1.0213	Time remaining is 1h:36m
2024-07-31 07:47:30 INFO Epoch 62/120	Training Loss: 1.0211	Time remaining is 1h:35m
2024-07-31 07:49:05 INFO Epoch 63/120	Training Loss: 1.0191	Time remaining is 1h:33m
2024-07-31 07:50:40 INFO Epoch 64/120	Training Loss: 1.0124	Time remaining is 1h:32m
2024-07-31 07:52:14 INFO Epoch 65/120	Training Loss: 1.0200	Time remaining is 1h:30m
2024-07-31 07:53:49 INFO Epoch 66/120	Training Loss: 1.0156	Time remaining is 1h:28m
2024-07-31 07:55:24 INFO Epoch 67/120	Training Loss: 1.0159	Time remaining is 1h:27m
2024-07-31 07:57:01 INFO Epoch 68/120	Training Loss: 1.0159	Time remaining is 1h:25m
2024-07-31 07:58:35 INFO Epoch 69/120	Training Loss: 1.0106	Time remaining is 1h:23m
2024-07-31 08:00:11 INFO Epoch 70/120	Training Loss: 1.0180	Time remaining is 1h:22m
2024-07-31 08:01:46 INFO Epoch 71/120	Training Loss: 1.0041	Time remaining is 1h:20m
2024-07-31 08:03:22 INFO Epoch 72/120	Training Loss: 1.0040	Time remaining is 1h:19m
2024-07-31 08:04:57 INFO Epoch 73/120	Training Loss: 1.0038	Time remaining is 1h:17m
2024-07-31 08:06:33 INFO Epoch 74/120	Training Loss: 1.0009	Time remaining is 1h:15m
2024-07-31 08:08:09 INFO Epoch 75/120	Training Loss: 1.0008	Time remaining is 1h:14m
2024-07-31 08:09:47 INFO Epoch 76/120	Training Loss: 0.9996	Time remaining is 1h:12m
2024-07-31 08:11:22 INFO Epoch 77/120	Training Loss: 0.9979	Time remaining is 1h:11m
2024-07-31 08:12:59 INFO Epoch 78/120	Training Loss: 0.9929	Time remaining is 1h:9m
2024-07-31 08:14:35 INFO Epoch 79/120	Training Loss: 1.0013	Time remaining is 1h:7m
2024-07-31 08:16:11 INFO Epoch 80/120	Training Loss: 0.9971	Time remaining is 1h:6m
2024-07-31 08:17:47 INFO Epoch 81/120	Training Loss: 0.9970	Time remaining is 1h:4m
2024-07-31 08:19:22 INFO Epoch 82/120	Training Loss: 0.9986	Time remaining is 1h:3m
2024-07-31 08:20:59 INFO Epoch 83/120	Training Loss: 0.9936	Time remaining is 1h:1m
2024-07-31 08:22:34 INFO Epoch 84/120	Training Loss: 0.9959	Time remaining is 0h:59m
2024-07-31 08:24:10 INFO Epoch 85/120	Training Loss: 0.9911	Time remaining is 0h:58m
2024-07-31 08:25:46 INFO Epoch 86/120	Training Loss: 0.9923	Time remaining is 0h:56m
2024-07-31 08:27:23 INFO Epoch 87/120	Training Loss: 0.9965	Time remaining is 0h:55m
2024-07-31 08:28:58 INFO Epoch 88/120	Training Loss: 0.9947	Time remaining is 0h:53m
2024-07-31 08:30:34 INFO Epoch 89/120	Training Loss: 0.9969	Time remaining is 0h:51m
2024-07-31 08:32:09 INFO Epoch 90/120	Training Loss: 0.9901	Time remaining is 0h:50m
2024-07-31 08:37:56 INFO Epoch 90/120	Testing: dataset_name: market1501 top1: 93.973 top5: 98.189 top10: 98.872 mAP: 85.388
2024-07-31 08:39:34 INFO Epoch 91/120	Training Loss: 0.9986	Time remaining is 0h:50m
2024-07-31 08:41:11 INFO Epoch 92/120	Training Loss: 0.9971	Time remaining is 0h:48m
2024-07-31 08:42:50 INFO Epoch 93/120	Training Loss: 0.9934	Time remaining is 0h:47m
2024-07-31 08:44:27 INFO Epoch 94/120	Training Loss: 0.9934	Time remaining is 0h:45m
2024-07-31 08:46:04 INFO Epoch 95/120	Training Loss: 0.9945	Time remaining is 0h:43m
2024-07-31 08:49:29 INFO Epoch 95/120	Testing: dataset_name: market1501 top1: 94.032 top5: 98.129 top10: 98.872 mAP: 85.411
2024-07-31 08:51:07 INFO Epoch 96/120	Training Loss: 0.9924	Time remaining is 0h:43m
2024-07-31 08:52:43 INFO Epoch 97/120	Training Loss: 0.9925	Time remaining is 0h:41m
2024-07-31 08:54:18 INFO Epoch 98/120	Training Loss: 0.9884	Time remaining is 0h:39m
2024-07-31 08:55:55 INFO Epoch 99/120	Training Loss: 0.9929	Time remaining is 0h:37m
2024-07-31 08:57:30 INFO Epoch 100/120	Training Loss: 0.9928	Time remaining is 0h:36m
2024-07-31 09:00:53 INFO Epoch 100/120	Testing: dataset_name: market1501 top1: 94.210 top5: 98.129 top10: 98.812 mAP: 85.492
2024-07-31 09:02:30 INFO Epoch 101/120	Training Loss: 0.9923	Time remaining is 0h:35m
2024-07-31 09:04:05 INFO Epoch 102/120	Training Loss: 0.9868	Time remaining is 0h:33m
2024-07-31 09:05:42 INFO Epoch 103/120	Training Loss: 0.9875	Time remaining is 0h:31m
2024-07-31 09:07:17 INFO Epoch 104/120	Training Loss: 0.9895	Time remaining is 0h:29m
2024-07-31 09:08:53 INFO Epoch 105/120	Training Loss: 0.9918	Time remaining is 0h:28m
2024-07-31 09:12:18 INFO Epoch 105/120	Testing: dataset_name: market1501 top1: 94.240 top5: 98.189 top10: 98.842 mAP: 85.839
2024-07-31 09:13:57 INFO Epoch 106/120	Training Loss: 0.9874	Time remaining is 0h:26m
2024-07-31 09:15:33 INFO Epoch 107/120	Training Loss: 0.9916	Time remaining is 0h:25m
2024-07-31 09:17:09 INFO Epoch 108/120	Training Loss: 0.9897	Time remaining is 0h:23m
2024-07-31 09:18:46 INFO Epoch 109/120	Training Loss: 0.9914	Time remaining is 0h:21m
2024-07-31 09:20:21 INFO Epoch 110/120	Training Loss: 0.9916	Time remaining is 0h:19m
2024-07-31 09:23:46 INFO Epoch 110/120	Testing: dataset_name: market1501 top1: 94.151 top5: 98.159 top10: 98.842 mAP: 85.724
2024-07-31 09:25:22 INFO Epoch 111/120	Training Loss: 0.9858	Time remaining is 0h:18m
2024-07-31 09:26:59 INFO Epoch 112/120	Training Loss: 0.9911	Time remaining is 0h:16m
2024-07-31 09:28:36 INFO Epoch 113/120	Training Loss: 0.9902	Time remaining is 0h:14m
2024-07-31 09:30:12 INFO Epoch 114/120	Training Loss: 0.9914	Time remaining is 0h:12m
2024-07-31 09:31:48 INFO Epoch 115/120	Training Loss: 0.9902	Time remaining is 0h:11m
2024-07-31 09:35:13 INFO Epoch 115/120	Testing: dataset_name: market1501 top1: 94.270 top5: 98.040 top10: 98.842 mAP: 85.967
2024-07-31 09:36:49 INFO Epoch 116/120	Training Loss: 0.9898	Time remaining is 0h:9m
2024-07-31 09:38:25 INFO Epoch 117/120	Training Loss: 0.9874	Time remaining is 0h:7m
2024-07-31 09:40:01 INFO Epoch 118/120	Training Loss: 0.9840	Time remaining is 0h:5m
2024-07-31 09:41:37 INFO Epoch 119/120	Training Loss: 0.9887	Time remaining is 0h:4m
2024-07-31 09:43:13 INFO Epoch 120/120	Training Loss: 0.9844	Time remaining is 0h:2m
2024-07-31 09:46:38 INFO Epoch 120/120	Testing: dataset_name: market1501 top1: 94.151 top5: 98.189 top10: 98.812 mAP: 85.891
2024-07-31 09:46:38 INFO The running time of training: 3.65 h
