2024-03-18 22:39:14 INFO ##################################################
2024-03-18 22:39:14 INFO Config values: batch_size: 60	current_directory: /home/hy/project/reid/ex_main	dataset_name: market1501	dataset_path: /home/hy/project/data/Market-1501-v15.09.15	device: cuda	dtype: torch.float32	epoch_start_test: 90	epochs: 120	img_height: 256	img_width: 128	logs_outputs_path: /home/hy/project/reid/ex_main/./outputs/logs	models_outputs_path: /home/hy/project/reid/ex_main/./outputs/models	np: <module 'numpy' from '/home/hy/anaconda3/envs/py396/lib/python3.9/site-packages/numpy/__init__.py'>	os: <module 'os' from '/home/hy/anaconda3/envs/py396/lib/python3.9/os.py'>	outputs_dir: ./outputs/	outputs_path: /home/hy/project/reid/ex_main/./outputs/	print_every: 1	seed: 1	taskname: ReID_Task	temps_outputs_path: /home/hy/project/reid/ex_main/./outputs/temps	test_batch_size: 256	test_every: 5	torch: <module 'torch' from '/home/hy/anaconda3/envs/py396/lib/python3.9/site-packages/torch/__init__.py'>
2024-03-18 22:39:14 INFO Task: ReID_Task
2024-03-18 22:39:14 INFO Using device: cuda
2024-03-18 22:39:14 INFO Using data type: torch.float32
2024-03-18 22:39:14 INFO Number of GPUs: 1
2024-03-18 22:39:14 INFO GPU is_available: True
2024-03-18 22:39:14 INFO GPU name: NVIDIA GeForce RTX 3060
2024-03-18 22:39:14 INFO CUDA version: 12.1
2024-03-18 22:39:14 INFO Current device id: 0
2024-03-18 22:39:14 INFO ##################################################
2024-03-18 22:40:45 INFO Epoch 1/120	Training Loss: 10.4953	Time remaining is 3h:0m
2024-03-18 22:42:15 INFO Epoch 2/120	Training Loss: 8.7674	Time remaining is 2h:58m
2024-03-18 22:43:44 INFO Epoch 3/120	Training Loss: 6.7543	Time remaining is 2h:57m
2024-03-18 22:45:15 INFO Epoch 4/120	Training Loss: 5.1179	Time remaining is 2h:55m
2024-03-18 22:46:44 INFO Epoch 5/120	Training Loss: 3.9265	Time remaining is 2h:54m
2024-03-18 22:48:12 INFO Epoch 6/120	Training Loss: 3.1772	Time remaining is 2h:52m
2024-03-18 22:49:41 INFO Epoch 7/120	Training Loss: 2.7879	Time remaining is 2h:50m
2024-03-18 22:51:10 INFO Epoch 8/120	Training Loss: 2.5930	Time remaining is 2h:48m
2024-03-18 22:52:39 INFO Epoch 9/120	Training Loss: 2.4856	Time remaining is 2h:47m
2024-03-18 22:54:08 INFO Epoch 10/120	Training Loss: 2.4211	Time remaining is 2h:45m
2024-03-18 22:55:37 INFO Epoch 11/120	Training Loss: 2.3857	Time remaining is 2h:44m
2024-03-18 22:57:07 INFO Epoch 12/120	Training Loss: 2.3391	Time remaining is 2h:42m
2024-03-18 22:58:36 INFO Epoch 13/120	Training Loss: 2.2879	Time remaining is 2h:41m
2024-03-18 23:00:05 INFO Epoch 14/120	Training Loss: 2.2735	Time remaining is 2h:39m
2024-03-18 23:01:34 INFO Epoch 15/120	Training Loss: 2.2501	Time remaining is 2h:38m
2024-03-18 23:03:04 INFO Epoch 16/120	Training Loss: 2.2383	Time remaining is 2h:36m
2024-03-18 23:04:32 INFO Epoch 17/120	Training Loss: 2.2267	Time remaining is 2h:35m
2024-03-18 23:06:01 INFO Epoch 18/120	Training Loss: 2.2253	Time remaining is 2h:33m
2024-03-18 23:07:30 INFO Epoch 19/120	Training Loss: 2.2222	Time remaining is 2h:32m
2024-03-18 23:08:59 INFO Epoch 20/120	Training Loss: 2.2208	Time remaining is 2h:30m
2024-03-18 23:10:28 INFO Epoch 21/120	Training Loss: 2.2205	Time remaining is 2h:29m
2024-03-18 23:11:57 INFO Epoch 22/120	Training Loss: 2.2094	Time remaining is 2h:27m
2024-03-18 23:13:26 INFO Epoch 23/120	Training Loss: 2.1998	Time remaining is 2h:26m
2024-03-18 23:14:55 INFO Epoch 24/120	Training Loss: 2.2257	Time remaining is 2h:24m
2024-03-18 23:16:24 INFO Epoch 25/120	Training Loss: 2.2255	Time remaining is 2h:23m
2024-03-18 23:17:53 INFO Epoch 26/120	Training Loss: 2.2406	Time remaining is 2h:21m
2024-03-18 23:19:23 INFO Epoch 27/120	Training Loss: 2.2308	Time remaining is 2h:20m
2024-03-18 23:20:51 INFO Epoch 28/120	Training Loss: 2.2132	Time remaining is 2h:18m
2024-03-18 23:22:20 INFO Epoch 29/120	Training Loss: 2.2034	Time remaining is 2h:17m
2024-03-18 23:23:49 INFO Epoch 30/120	Training Loss: 2.2120	Time remaining is 2h:15m
2024-03-18 23:25:17 INFO Epoch 31/120	Training Loss: 2.2123	Time remaining is 2h:14m
2024-03-18 23:26:47 INFO Epoch 32/120	Training Loss: 2.2194	Time remaining is 2h:12m
2024-03-18 23:28:16 INFO Epoch 33/120	Training Loss: 2.2178	Time remaining is 2h:11m
2024-03-18 23:29:45 INFO Epoch 34/120	Training Loss: 2.2205	Time remaining is 2h:9m
2024-03-18 23:31:14 INFO Epoch 35/120	Training Loss: 2.2147	Time remaining is 2h:8m
2024-03-18 23:32:43 INFO Epoch 36/120	Training Loss: 2.1991	Time remaining is 2h:6m
2024-03-18 23:34:13 INFO Epoch 37/120	Training Loss: 2.2055	Time remaining is 2h:5m
2024-03-18 23:35:42 INFO Epoch 38/120	Training Loss: 2.2145	Time remaining is 2h:3m
2024-03-18 23:37:11 INFO Epoch 39/120	Training Loss: 2.2198	Time remaining is 2h:2m
2024-03-18 23:38:40 INFO Epoch 40/120	Training Loss: 2.2072	Time remaining is 2h:0m
2024-03-18 23:40:09 INFO Epoch 41/120	Training Loss: 2.1389	Time remaining is 1h:59m
2024-03-18 23:41:37 INFO Epoch 42/120	Training Loss: 2.0676	Time remaining is 1h:57m
2024-03-18 23:43:07 INFO Epoch 43/120	Training Loss: 2.0611	Time remaining is 1h:56m
2024-03-18 23:44:36 INFO Epoch 44/120	Training Loss: 2.0528	Time remaining is 1h:54m
2024-03-18 23:46:05 INFO Epoch 45/120	Training Loss: 2.0478	Time remaining is 1h:53m
2024-03-18 23:47:34 INFO Epoch 46/120	Training Loss: 2.0429	Time remaining is 1h:51m
2024-03-18 23:49:02 INFO Epoch 47/120	Training Loss: 2.0289	Time remaining is 1h:50m
2024-03-18 23:50:32 INFO Epoch 48/120	Training Loss: 2.0381	Time remaining is 1h:48m
2024-03-18 23:52:00 INFO Epoch 49/120	Training Loss: 2.0229	Time remaining is 1h:47m
2024-03-18 23:53:30 INFO Epoch 50/120	Training Loss: 2.0287	Time remaining is 1h:45m
2024-03-18 23:54:58 INFO Epoch 51/120	Training Loss: 2.0174	Time remaining is 1h:44m
2024-03-18 23:56:28 INFO Epoch 52/120	Training Loss: 2.0262	Time remaining is 1h:42m
2024-03-18 23:57:57 INFO Epoch 53/120	Training Loss: 2.0236	Time remaining is 1h:41m
2024-03-18 23:59:26 INFO Epoch 54/120	Training Loss: 2.0218	Time remaining is 1h:39m
2024-03-19 00:00:55 INFO Epoch 55/120	Training Loss: 2.0228	Time remaining is 1h:38m
2024-03-19 00:02:25 INFO Epoch 56/120	Training Loss: 2.0210	Time remaining is 1h:37m
2024-03-19 00:03:54 INFO Epoch 57/120	Training Loss: 2.0067	Time remaining is 1h:35m
2024-03-19 00:05:23 INFO Epoch 58/120	Training Loss: 2.0174	Time remaining is 1h:34m
2024-03-19 00:06:52 INFO Epoch 59/120	Training Loss: 2.0157	Time remaining is 1h:32m
2024-03-19 00:08:21 INFO Epoch 60/120	Training Loss: 2.0127	Time remaining is 1h:31m
2024-03-19 00:09:50 INFO Epoch 61/120	Training Loss: 2.0150	Time remaining is 1h:29m
2024-03-19 00:11:20 INFO Epoch 62/120	Training Loss: 2.0118	Time remaining is 1h:28m
2024-03-19 00:12:49 INFO Epoch 63/120	Training Loss: 2.0099	Time remaining is 1h:26m
2024-03-19 00:14:18 INFO Epoch 64/120	Training Loss: 2.0096	Time remaining is 1h:25m
2024-03-19 00:15:47 INFO Epoch 65/120	Training Loss: 2.0064	Time remaining is 1h:23m
2024-03-19 00:17:16 INFO Epoch 66/120	Training Loss: 2.0064	Time remaining is 1h:22m
2024-03-19 00:18:46 INFO Epoch 67/120	Training Loss: 2.0161	Time remaining is 1h:20m
2024-03-19 00:20:15 INFO Epoch 68/120	Training Loss: 2.0068	Time remaining is 1h:19m
2024-03-19 00:21:44 INFO Epoch 69/120	Training Loss: 1.9969	Time remaining is 1h:17m
2024-03-19 00:23:13 INFO Epoch 70/120	Training Loss: 2.0023	Time remaining is 1h:16m
2024-03-19 00:24:42 INFO Epoch 71/120	Training Loss: 1.9991	Time remaining is 1h:14m
2024-03-19 00:26:11 INFO Epoch 72/120	Training Loss: 1.9949	Time remaining is 1h:13m
2024-03-19 00:27:41 INFO Epoch 73/120	Training Loss: 1.9928	Time remaining is 1h:11m
2024-03-19 00:29:09 INFO Epoch 74/120	Training Loss: 1.9832	Time remaining is 1h:10m
2024-03-19 00:30:38 INFO Epoch 75/120	Training Loss: 1.9812	Time remaining is 1h:8m
2024-03-19 00:32:07 INFO Epoch 76/120	Training Loss: 1.9790	Time remaining is 1h:7m
2024-03-19 00:33:37 INFO Epoch 77/120	Training Loss: 1.9908	Time remaining is 1h:5m
2024-03-19 00:35:05 INFO Epoch 78/120	Training Loss: 1.9792	Time remaining is 1h:4m
2024-03-19 00:36:35 INFO Epoch 79/120	Training Loss: 1.9899	Time remaining is 1h:2m
2024-03-19 00:38:04 INFO Epoch 80/120	Training Loss: 1.9885	Time remaining is 1h:1m
2024-03-19 00:39:33 INFO Epoch 81/120	Training Loss: 1.9881	Time remaining is 0h:59m
2024-03-19 00:41:02 INFO Epoch 82/120	Training Loss: 1.9885	Time remaining is 0h:58m
2024-03-19 00:42:31 INFO Epoch 83/120	Training Loss: 1.9875	Time remaining is 0h:56m
2024-03-19 00:44:00 INFO Epoch 84/120	Training Loss: 1.9872	Time remaining is 0h:55m
2024-03-19 00:45:30 INFO Epoch 85/120	Training Loss: 1.9896	Time remaining is 0h:53m
2024-03-19 00:46:59 INFO Epoch 86/120	Training Loss: 1.9882	Time remaining is 0h:52m
2024-03-19 00:48:28 INFO Epoch 87/120	Training Loss: 1.9870	Time remaining is 0h:50m
2024-03-19 00:49:57 INFO Epoch 88/120	Training Loss: 1.9758	Time remaining is 0h:49m
2024-03-19 00:51:26 INFO Epoch 89/120	Training Loss: 1.9853	Time remaining is 0h:48m
2024-03-19 00:52:55 INFO Epoch 90/120	Training Loss: 1.9848	Time remaining is 0h:46m
2024-03-19 00:53:27 INFO Testing: dataset_name: market1501 top1:0.9469 top5:0.9843 top10:0.9908 mAP:0.8746
2024-03-19 00:54:56 INFO Epoch 91/120	Training Loss: 1.9867	Time remaining is 0h:45m
2024-03-19 00:56:25 INFO Epoch 92/120	Training Loss: 1.9762	Time remaining is 0h:43m
2024-03-19 00:57:54 INFO Epoch 93/120	Training Loss: 1.9875	Time remaining is 0h:42m
2024-03-19 00:59:23 INFO Epoch 94/120	Training Loss: 1.9851	Time remaining is 0h:40m
2024-03-19 01:00:51 INFO Epoch 95/120	Training Loss: 1.9747	Time remaining is 0h:39m
2024-03-19 01:01:24 INFO Testing: dataset_name: market1501 top1:0.9448 top5:0.9840 top10:0.9908 mAP:0.8754
2024-03-19 01:02:53 INFO Epoch 96/120	Training Loss: 1.9871	Time remaining is 0h:37m
2024-03-19 01:04:21 INFO Epoch 97/120	Training Loss: 1.9732	Time remaining is 0h:36m
2024-03-19 01:05:50 INFO Epoch 98/120	Training Loss: 1.9856	Time remaining is 0h:34m
2024-03-19 01:07:19 INFO Epoch 99/120	Training Loss: 1.9863	Time remaining is 0h:33m
2024-03-19 01:08:48 INFO Epoch 100/120	Training Loss: 1.9826	Time remaining is 0h:31m
2024-03-19 01:09:20 INFO Testing: dataset_name: market1501 top1:0.9448 top5:0.9819 top10:0.9902 mAP:0.8743
2024-03-19 01:10:49 INFO Epoch 101/120	Training Loss: 1.9864	Time remaining is 0h:30m
2024-03-19 01:12:18 INFO Epoch 102/120	Training Loss: 1.9833	Time remaining is 0h:29m
2024-03-19 01:13:47 INFO Epoch 103/120	Training Loss: 1.9825	Time remaining is 0h:27m
2024-03-19 01:15:16 INFO Epoch 104/120	Training Loss: 1.9821	Time remaining is 0h:26m
2024-03-19 01:16:45 INFO Epoch 105/120	Training Loss: 1.9932	Time remaining is 0h:24m
2024-03-19 01:17:17 INFO Testing: dataset_name: market1501 top1:0.9466 top5:0.9837 top10:0.9911 mAP:0.8745
2024-03-19 01:18:47 INFO Epoch 106/120	Training Loss: 1.9829	Time remaining is 0h:23m
2024-03-19 01:20:15 INFO Epoch 107/120	Training Loss: 1.9726	Time remaining is 0h:21m
2024-03-19 01:21:44 INFO Epoch 108/120	Training Loss: 1.9838	Time remaining is 0h:20m
2024-03-19 01:23:13 INFO Epoch 109/120	Training Loss: 1.9820	Time remaining is 0h:18m
2024-03-19 01:24:42 INFO Epoch 110/120	Training Loss: 1.9826	Time remaining is 0h:17m
2024-03-19 01:25:14 INFO Testing: dataset_name: market1501 top1:0.9469 top5:0.9831 top10:0.9902 mAP:0.8755
2024-03-19 01:26:43 INFO Epoch 111/120	Training Loss: 1.9712	Time remaining is 0h:15m
2024-03-19 01:28:12 INFO Epoch 112/120	Training Loss: 1.9820	Time remaining is 0h:14m
2024-03-19 01:29:41 INFO Epoch 113/120	Training Loss: 1.9826	Time remaining is 0h:12m
2024-03-19 01:31:09 INFO Epoch 114/120	Training Loss: 1.9727	Time remaining is 0h:11m
2024-03-19 01:32:39 INFO Epoch 115/120	Training Loss: 1.9916	Time remaining is 0h:9m
2024-03-19 01:33:11 INFO Testing: dataset_name: market1501 top1:0.9463 top5:0.9825 top10:0.9905 mAP:0.8757
2024-03-19 01:34:40 INFO Epoch 116/120	Training Loss: 1.9816	Time remaining is 0h:8m
2024-03-19 01:36:09 INFO Epoch 117/120	Training Loss: 1.9836	Time remaining is 0h:6m
2024-03-19 01:37:38 INFO Epoch 118/120	Training Loss: 1.9812	Time remaining is 0h:5m
2024-03-19 01:39:07 INFO Epoch 119/120	Training Loss: 1.9910	Time remaining is 0h:3m
2024-03-19 01:40:36 INFO Epoch 120/120	Training Loss: 1.9705	Time remaining is 0h:2m
2024-03-19 01:41:08 INFO Testing: dataset_name: market1501 top1:0.9477 top5:0.9819 top10:0.9899 mAP:0.8767
2024-03-19 01:41:08 INFO The running time of training: 1.09142e+04 s
