2024-04-05 07:05:31 INFO ##################################################
2024-04-05 07:05:31 INFO Config values: batch_size: 60	current_directory: /home/hy/project/reid_task/ex_main3	dataset_name: market1501	dataset_path: /home/hy/project/data/Market-1501-v15.09.15	device: cuda	dtype: torch.float32	epoch_start_test: 90	epochs: 120	img_height: 256	img_width: 128	logs_outputs_path: /home/hy/project/reid_task/ex_main3/./outputs/logs	models_outputs_path: /home/hy/project/reid_task/ex_main3/./outputs/models	np: <module 'numpy' from '/home/hy/anaconda3/envs/py396/lib/python3.9/site-packages/numpy/__init__.py'>	os: <module 'os' from '/home/hy/anaconda3/envs/py396/lib/python3.9/os.py'>	outputs_dir: ./outputs/	outputs_path: /home/hy/project/reid_task/ex_main3/./outputs/	print_every: 1	seed: 1	taskname: ReID_Task	temps_outputs_path: /home/hy/project/reid_task/ex_main3/./outputs/temps	test_batch_size: 256	test_every: 5	torch: <module 'torch' from '/home/hy/anaconda3/envs/py396/lib/python3.9/site-packages/torch/__init__.py'>
2024-04-05 07:05:31 INFO Task: ReID_Task
2024-04-05 07:05:31 INFO Using device: cuda
2024-04-05 07:05:31 INFO Using data type: torch.float32
2024-04-05 07:05:31 INFO Number of GPUs: 1
2024-04-05 07:05:31 INFO GPU is_available: True
2024-04-05 07:05:31 INFO GPU name: NVIDIA GeForce RTX 3060
2024-04-05 07:05:31 INFO CUDA version: 12.1
2024-04-05 07:05:31 INFO Current device id: 0
2024-04-05 07:05:31 INFO ##################################################
2024-04-05 07:06:49 INFO Epoch 1/120	Training Loss: 9.6284	Time remaining is 2h:32m
2024-04-05 07:08:04 INFO Epoch 2/120	Training Loss: 8.1572	Time remaining is 2h:30m
2024-04-05 07:09:19 INFO Epoch 3/120	Training Loss: 6.3057	Time remaining is 2h:29m
2024-04-05 07:10:34 INFO Epoch 4/120	Training Loss: 4.8298	Time remaining is 2h:27m
2024-04-05 07:11:50 INFO Epoch 5/120	Training Loss: 3.7680	Time remaining is 2h:26m
2024-04-05 07:13:05 INFO Epoch 6/120	Training Loss: 3.0804	Time remaining is 2h:25m
2024-04-05 07:14:19 INFO Epoch 7/120	Training Loss: 2.7277	Time remaining is 2h:23m
2024-04-05 07:15:34 INFO Epoch 8/120	Training Loss: 2.5322	Time remaining is 2h:22m
2024-04-05 07:16:49 INFO Epoch 9/120	Training Loss: 2.4263	Time remaining is 2h:20m
2024-04-05 07:18:04 INFO Epoch 10/120	Training Loss: 2.3508	Time remaining is 2h:19m
2024-04-05 07:19:20 INFO Epoch 11/120	Training Loss: 2.3124	Time remaining is 2h:18m
2024-04-05 07:20:35 INFO Epoch 12/120	Training Loss: 2.2635	Time remaining is 2h:17m
2024-04-05 07:21:50 INFO Epoch 13/120	Training Loss: 2.2121	Time remaining is 2h:15m
2024-04-05 07:23:06 INFO Epoch 14/120	Training Loss: 2.1950	Time remaining is 2h:14m
2024-04-05 07:24:21 INFO Epoch 15/120	Training Loss: 2.1662	Time remaining is 2h:13m
2024-04-05 07:25:36 INFO Epoch 16/120	Training Loss: 2.1513	Time remaining is 2h:12m
2024-04-05 07:26:51 INFO Epoch 17/120	Training Loss: 2.1380	Time remaining is 2h:10m
2024-04-05 07:28:06 INFO Epoch 18/120	Training Loss: 2.1207	Time remaining is 2h:9m
2024-04-05 07:29:21 INFO Epoch 19/120	Training Loss: 2.1262	Time remaining is 2h:8m
2024-04-05 07:30:37 INFO Epoch 20/120	Training Loss: 2.1274	Time remaining is 2h:7m
2024-04-05 07:31:52 INFO Epoch 21/120	Training Loss: 2.1146	Time remaining is 2h:5m
2024-04-05 07:33:07 INFO Epoch 22/120	Training Loss: 2.1109	Time remaining is 2h:4m
2024-04-05 07:34:22 INFO Epoch 23/120	Training Loss: 2.1064	Time remaining is 2h:3m
2024-04-05 07:35:37 INFO Epoch 24/120	Training Loss: 2.1186	Time remaining is 2h:2m
2024-04-05 07:36:53 INFO Epoch 25/120	Training Loss: 2.1148	Time remaining is 2h:0m
2024-04-05 07:38:09 INFO Epoch 26/120	Training Loss: 2.1225	Time remaining is 1h:59m
2024-04-05 07:39:24 INFO Epoch 27/120	Training Loss: 2.1150	Time remaining is 1h:58m
2024-04-05 07:40:39 INFO Epoch 28/120	Training Loss: 2.1040	Time remaining is 1h:57m
2024-04-05 07:41:53 INFO Epoch 29/120	Training Loss: 2.1027	Time remaining is 1h:55m
2024-04-05 07:43:08 INFO Epoch 30/120	Training Loss: 2.0968	Time remaining is 1h:54m
2024-04-05 07:44:23 INFO Epoch 31/120	Training Loss: 2.0957	Time remaining is 1h:53m
2024-04-05 07:45:38 INFO Epoch 32/120	Training Loss: 2.0999	Time remaining is 1h:52m
2024-04-05 07:46:53 INFO Epoch 33/120	Training Loss: 2.0970	Time remaining is 1h:50m
2024-04-05 07:48:08 INFO Epoch 34/120	Training Loss: 2.1034	Time remaining is 1h:49m
2024-04-05 07:49:23 INFO Epoch 35/120	Training Loss: 2.1035	Time remaining is 1h:48m
2024-04-05 07:50:38 INFO Epoch 36/120	Training Loss: 2.0969	Time remaining is 1h:46m
2024-04-05 07:51:53 INFO Epoch 37/120	Training Loss: 2.0934	Time remaining is 1h:45m
2024-04-05 07:53:09 INFO Epoch 38/120	Training Loss: 2.0940	Time remaining is 1h:44m
2024-04-05 07:54:24 INFO Epoch 39/120	Training Loss: 2.0994	Time remaining is 1h:43m
2024-04-05 07:55:39 INFO Epoch 40/120	Training Loss: 2.0901	Time remaining is 1h:41m
2024-04-05 07:56:54 INFO Epoch 41/120	Training Loss: 2.0279	Time remaining is 1h:40m
2024-04-05 07:58:08 INFO Epoch 42/120	Training Loss: 1.9599	Time remaining is 1h:39m
2024-04-05 07:59:23 INFO Epoch 43/120	Training Loss: 1.9557	Time remaining is 1h:38m
2024-04-05 08:00:39 INFO Epoch 44/120	Training Loss: 1.9483	Time remaining is 1h:36m
2024-04-05 08:01:54 INFO Epoch 45/120	Training Loss: 1.9414	Time remaining is 1h:35m
2024-04-05 08:03:09 INFO Epoch 46/120	Training Loss: 1.9399	Time remaining is 1h:34m
2024-04-05 08:04:24 INFO Epoch 47/120	Training Loss: 1.9243	Time remaining is 1h:33m
2024-04-05 08:05:39 INFO Epoch 48/120	Training Loss: 1.9331	Time remaining is 1h:31m
2024-04-05 08:06:54 INFO Epoch 49/120	Training Loss: 1.9197	Time remaining is 1h:30m
2024-04-05 08:08:09 INFO Epoch 50/120	Training Loss: 1.9289	Time remaining is 1h:29m
2024-04-05 08:09:24 INFO Epoch 51/120	Training Loss: 1.9144	Time remaining is 1h:28m
2024-04-05 08:10:39 INFO Epoch 52/120	Training Loss: 1.9227	Time remaining is 1h:26m
2024-04-05 08:11:54 INFO Epoch 53/120	Training Loss: 1.9215	Time remaining is 1h:25m
2024-04-05 08:13:10 INFO Epoch 54/120	Training Loss: 1.9182	Time remaining is 1h:24m
2024-04-05 08:14:25 INFO Epoch 55/120	Training Loss: 1.9190	Time remaining is 1h:23m
2024-04-05 08:15:40 INFO Epoch 56/120	Training Loss: 1.9172	Time remaining is 1h:21m
2024-04-05 08:16:55 INFO Epoch 57/120	Training Loss: 1.9057	Time remaining is 1h:20m
2024-04-05 08:18:10 INFO Epoch 58/120	Training Loss: 1.9150	Time remaining is 1h:19m
2024-04-05 08:19:25 INFO Epoch 59/120	Training Loss: 1.9164	Time remaining is 1h:18m
2024-04-05 08:20:40 INFO Epoch 60/120	Training Loss: 1.9119	Time remaining is 1h:16m
2024-04-05 08:21:55 INFO Epoch 61/120	Training Loss: 1.9125	Time remaining is 1h:15m
2024-04-05 08:23:10 INFO Epoch 62/120	Training Loss: 1.9107	Time remaining is 1h:14m
2024-04-05 08:24:25 INFO Epoch 63/120	Training Loss: 1.9094	Time remaining is 1h:13m
2024-04-05 08:25:41 INFO Epoch 64/120	Training Loss: 1.9093	Time remaining is 1h:11m
2024-04-05 08:26:56 INFO Epoch 65/120	Training Loss: 1.9065	Time remaining is 1h:10m
2024-04-05 08:28:11 INFO Epoch 66/120	Training Loss: 1.9061	Time remaining is 1h:9m
2024-04-05 08:29:26 INFO Epoch 67/120	Training Loss: 1.9148	Time remaining is 1h:8m
2024-04-05 08:30:41 INFO Epoch 68/120	Training Loss: 1.9047	Time remaining is 1h:6m
2024-04-05 08:31:56 INFO Epoch 69/120	Training Loss: 1.8971	Time remaining is 1h:5m
2024-04-05 08:33:12 INFO Epoch 70/120	Training Loss: 1.9031	Time remaining is 1h:4m
2024-04-05 08:34:27 INFO Epoch 71/120	Training Loss: 1.9013	Time remaining is 1h:3m
2024-04-05 08:35:42 INFO Epoch 72/120	Training Loss: 1.8969	Time remaining is 1h:1m
2024-04-05 08:36:57 INFO Epoch 73/120	Training Loss: 1.8940	Time remaining is 1h:0m
2024-04-05 08:38:12 INFO Epoch 74/120	Training Loss: 1.8842	Time remaining is 0h:59m
2024-04-05 08:39:27 INFO Epoch 75/120	Training Loss: 1.8839	Time remaining is 0h:58m
2024-04-05 08:40:42 INFO Epoch 76/120	Training Loss: 1.8808	Time remaining is 0h:56m
2024-04-05 08:41:57 INFO Epoch 77/120	Training Loss: 1.8917	Time remaining is 0h:55m
2024-04-05 08:43:12 INFO Epoch 78/120	Training Loss: 1.8829	Time remaining is 0h:54m
2024-04-05 08:44:27 INFO Epoch 79/120	Training Loss: 1.8910	Time remaining is 0h:53m
2024-04-05 08:45:43 INFO Epoch 80/120	Training Loss: 1.8917	Time remaining is 0h:51m
2024-04-05 08:46:58 INFO Epoch 81/120	Training Loss: 1.8898	Time remaining is 0h:50m
2024-04-05 08:48:13 INFO Epoch 82/120	Training Loss: 1.8899	Time remaining is 0h:49m
2024-04-05 08:49:28 INFO Epoch 83/120	Training Loss: 1.8899	Time remaining is 0h:48m
2024-04-05 08:50:43 INFO Epoch 84/120	Training Loss: 1.8885	Time remaining is 0h:46m
2024-04-05 08:51:59 INFO Epoch 85/120	Training Loss: 1.8909	Time remaining is 0h:45m
2024-04-05 08:53:14 INFO Epoch 86/120	Training Loss: 1.8900	Time remaining is 0h:44m
2024-04-05 08:54:29 INFO Epoch 87/120	Training Loss: 1.8891	Time remaining is 0h:43m
2024-04-05 08:55:44 INFO Epoch 88/120	Training Loss: 1.8787	Time remaining is 0h:41m
2024-04-05 08:56:59 INFO Epoch 89/120	Training Loss: 1.8885	Time remaining is 0h:40m
2024-04-05 08:58:15 INFO Epoch 90/120	Training Loss: 1.8892	Time remaining is 0h:39m
2024-04-05 08:59:41 INFO Testing: dataset_name: market1501 top1:0.9519 top5:0.9813 top10:0.9905 mAP:0.8721
2024-04-05 09:00:56 INFO Epoch 91/120	Training Loss: 1.8893	Time remaining is 0h:38m
2024-04-05 09:02:11 INFO Epoch 92/120	Training Loss: 1.8778	Time remaining is 0h:37m
2024-04-05 09:03:26 INFO Epoch 93/120	Training Loss: 1.8897	Time remaining is 0h:35m
2024-04-05 09:04:42 INFO Epoch 94/120	Training Loss: 1.8868	Time remaining is 0h:34m
2024-04-05 09:05:57 INFO Epoch 95/120	Training Loss: 1.8772	Time remaining is 0h:33m
2024-04-05 09:07:24 INFO Testing: dataset_name: market1501 top1:0.9510 top5:0.9828 top10:0.9905 mAP:0.8731
2024-04-05 09:08:39 INFO Epoch 96/120	Training Loss: 1.8885	Time remaining is 0h:32m
2024-04-05 09:09:54 INFO Epoch 97/120	Training Loss: 1.8761	Time remaining is 0h:31m
2024-04-05 09:11:09 INFO Epoch 98/120	Training Loss: 1.8898	Time remaining is 0h:29m
2024-04-05 09:12:24 INFO Epoch 99/120	Training Loss: 1.8872	Time remaining is 0h:28m
2024-04-05 09:13:39 INFO Epoch 100/120	Training Loss: 1.8852	Time remaining is 0h:27m
2024-04-05 09:15:06 INFO Testing: dataset_name: market1501 top1:0.9498 top5:0.9828 top10:0.9899 mAP:0.8719
2024-04-05 09:16:21 INFO Epoch 101/120	Training Loss: 1.8883	Time remaining is 0h:26m
2024-04-05 09:17:36 INFO Epoch 102/120	Training Loss: 1.8860	Time remaining is 0h:25m
2024-04-05 09:18:51 INFO Epoch 103/120	Training Loss: 1.8850	Time remaining is 0h:23m
2024-04-05 09:20:06 INFO Epoch 104/120	Training Loss: 1.8845	Time remaining is 0h:22m
2024-04-05 09:21:22 INFO Epoch 105/120	Training Loss: 1.8958	Time remaining is 0h:21m
2024-04-05 09:22:48 INFO Testing: dataset_name: market1501 top1:0.9540 top5:0.9837 top10:0.9902 mAP:0.8733
2024-04-05 09:24:04 INFO Epoch 106/120	Training Loss: 1.8870	Time remaining is 0h:20m
2024-04-05 09:25:18 INFO Epoch 107/120	Training Loss: 1.8759	Time remaining is 0h:18m
2024-04-05 09:26:33 INFO Epoch 108/120	Training Loss: 1.8862	Time remaining is 0h:17m
2024-04-05 09:27:49 INFO Epoch 109/120	Training Loss: 1.8851	Time remaining is 0h:16m
2024-04-05 09:29:04 INFO Epoch 110/120	Training Loss: 1.8846	Time remaining is 0h:14m
2024-04-05 09:30:30 INFO Testing: dataset_name: market1501 top1:0.9513 top5:0.9822 top10:0.9902 mAP:0.8741
2024-04-05 09:31:45 INFO Epoch 111/120	Training Loss: 1.8741	Time remaining is 0h:13m
2024-04-05 09:33:01 INFO Epoch 112/120	Training Loss: 1.8843	Time remaining is 0h:12m
2024-04-05 09:34:16 INFO Epoch 113/120	Training Loss: 1.8842	Time remaining is 0h:11m
2024-04-05 09:35:31 INFO Epoch 114/120	Training Loss: 1.8760	Time remaining is 0h:9m
2024-04-05 09:36:47 INFO Epoch 115/120	Training Loss: 1.8921	Time remaining is 0h:8m
2024-04-05 09:38:13 INFO Testing: dataset_name: market1501 top1:0.9528 top5:0.9828 top10:0.9899 mAP:0.8750
2024-04-05 09:39:28 INFO Epoch 116/120	Training Loss: 1.8842	Time remaining is 0h:7m
2024-04-05 09:40:43 INFO Epoch 117/120	Training Loss: 1.8860	Time remaining is 0h:5m
2024-04-05 09:41:59 INFO Epoch 118/120	Training Loss: 1.8835	Time remaining is 0h:4m
2024-04-05 09:43:14 INFO Epoch 119/120	Training Loss: 1.8934	Time remaining is 0h:3m
2024-04-05 09:44:29 INFO Epoch 120/120	Training Loss: 1.8730	Time remaining is 0h:1m
2024-04-05 09:45:55 INFO Testing: dataset_name: market1501 top1:0.9534 top5:0.9834 top10:0.9893 mAP:0.8762
2024-04-05 09:45:55 INFO The running time of training: 9.62385e+03 s
