2024-04-03 19:46:26 INFO ##################################################
2024-04-03 19:46:26 INFO Config values: batch_size: 60	current_directory: /home/hy/project/reid_task/ex_main2	dataset_name: msmt17	dataset_path: /home/hy/project/data/msmt17	device: cuda	dtype: torch.float32	epoch_start_test: 90	epochs: 120	img_height: 256	img_width: 128	logs_outputs_path: /home/hy/project/reid_task/ex_main2/./outputs/logs	models_outputs_path: /home/hy/project/reid_task/ex_main2/./outputs/models	np: <module 'numpy' from '/home/hy/anaconda3/envs/py396/lib/python3.9/site-packages/numpy/__init__.py'>	os: <module 'os' from '/home/hy/anaconda3/envs/py396/lib/python3.9/os.py'>	outputs_dir: ./outputs/	outputs_path: /home/hy/project/reid_task/ex_main2/./outputs/	print_every: 1	seed: 1	taskname: ReID_Task	temps_outputs_path: /home/hy/project/reid_task/ex_main2/./outputs/temps	test_batch_size: 256	test_every: 5	torch: <module 'torch' from '/home/hy/anaconda3/envs/py396/lib/python3.9/site-packages/torch/__init__.py'>
2024-04-03 19:46:26 INFO Task: ReID_Task
2024-04-03 19:46:26 INFO Using device: cuda
2024-04-03 19:46:26 INFO Using data type: torch.float32
2024-04-03 19:46:26 INFO Number of GPUs: 1
2024-04-03 19:46:26 INFO GPU is_available: True
2024-04-03 19:46:26 INFO GPU name: NVIDIA GeForce RTX 3060
2024-04-03 19:46:26 INFO CUDA version: 12.1
2024-04-03 19:46:26 INFO Current device id: 0
2024-04-03 19:46:26 INFO ##################################################
2024-04-03 19:50:10 INFO Epoch 1/120	Training Loss: 10.0716	Time remaining is 7h:26m
2024-04-03 19:53:44 INFO Epoch 2/120	Training Loss: 7.8924	Time remaining is 7h:13m
2024-04-03 19:57:18 INFO Epoch 3/120	Training Loss: 5.5414	Time remaining is 7h:6m
2024-04-03 20:00:51 INFO Epoch 4/120	Training Loss: 4.0050	Time remaining is 7h:1m
2024-04-03 20:04:23 INFO Epoch 5/120	Training Loss: 3.1718	Time remaining is 6h:56m
2024-04-03 20:07:56 INFO Epoch 6/120	Training Loss: 2.8199	Time remaining is 6h:52m
2024-04-03 20:11:28 INFO Epoch 7/120	Training Loss: 2.6600	Time remaining is 6h:48m
2024-04-03 20:15:00 INFO Epoch 8/120	Training Loss: 2.6051	Time remaining is 6h:43m
2024-04-03 20:18:33 INFO Epoch 9/120	Training Loss: 2.5776	Time remaining is 6h:40m
2024-04-03 20:22:05 INFO Epoch 10/120	Training Loss: 2.5621	Time remaining is 6h:36m
2024-04-03 20:25:38 INFO Epoch 11/120	Training Loss: 2.5666	Time remaining is 6h:32m
