2024-04-12 23:50:03 INFO ##################################################
2024-04-12 23:50:03 INFO Config values: batch_size: 60	current_directory: /home/hy/project/reid_task/ex_main2	dataset_name: market1501	dataset_path: /home/hy/project/data/Market-1501-v15.09.15	device: cuda	dtype: torch.float32	epoch_start_test: 90	epochs: 160	img_height: 256	img_width: 128	logs_outputs_path: /home/hy/project/reid_task/ex_main2/./outputs/logs	models_outputs_path: /home/hy/project/reid_task/ex_main2/./outputs/models	np: <module 'numpy' from '/home/hy/anaconda3/envs/py396/lib/python3.9/site-packages/numpy/__init__.py'>	os: <module 'os' from '/home/hy/anaconda3/envs/py396/lib/python3.9/os.py'>	outputs_dir: ./outputs/	outputs_path: /home/hy/project/reid_task/ex_main2/./outputs/	print_every: 1	seed: 1	taskname: ReID_Task	temps_outputs_path: /home/hy/project/reid_task/ex_main2/./outputs/temps	test_batch_size: 256	test_every: 5	torch: <module 'torch' from '/home/hy/anaconda3/envs/py396/lib/python3.9/site-packages/torch/__init__.py'>
2024-04-12 23:50:03 INFO Task: ReID_Task
2024-04-12 23:50:03 INFO Using device: cuda
2024-04-12 23:50:03 INFO Using data type: torch.float32
2024-04-12 23:50:03 INFO Number of GPUs: 1
2024-04-12 23:50:03 INFO GPU is_available: True
2024-04-12 23:50:03 INFO GPU name: NVIDIA GeForce RTX 3060
2024-04-12 23:50:03 INFO CUDA version: 12.1
2024-04-12 23:50:03 INFO Current device id: 0
2024-04-12 23:50:03 INFO ##################################################
2024-04-12 23:51:20 INFO Epoch 1/160	Training Loss: 9.6418	Time remaining is 3h:24m
2024-04-12 23:52:36 INFO Epoch 2/160	Training Loss: 8.1709	Time remaining is 3h:22m
2024-04-12 23:53:52 INFO Epoch 3/160	Training Loss: 6.3264	Time remaining is 3h:20m
2024-04-12 23:55:08 INFO Epoch 4/160	Training Loss: 4.8536	Time remaining is 3h:19m
2024-04-12 23:56:24 INFO Epoch 5/160	Training Loss: 3.7948	Time remaining is 3h:18m
2024-04-12 23:57:39 INFO Epoch 6/160	Training Loss: 3.1024	Time remaining is 3h:16m
2024-04-12 23:58:54 INFO Epoch 7/160	Training Loss: 2.7460	Time remaining is 3h:14m
2024-04-13 00:00:09 INFO Epoch 8/160	Training Loss: 2.5498	Time remaining is 3h:13m
2024-04-13 00:01:25 INFO Epoch 9/160	Training Loss: 2.4452	Time remaining is 3h:12m
2024-04-13 00:02:40 INFO Epoch 10/160	Training Loss: 2.3641	Time remaining is 3h:10m
2024-04-13 00:03:56 INFO Epoch 11/160	Training Loss: 2.3287	Time remaining is 3h:9m
2024-04-13 00:05:12 INFO Epoch 12/160	Training Loss: 2.2740	Time remaining is 3h:8m
2024-04-13 00:06:28 INFO Epoch 13/160	Training Loss: 2.2223	Time remaining is 3h:7m
2024-04-13 00:07:44 INFO Epoch 14/160	Training Loss: 2.2126	Time remaining is 3h:5m
2024-04-13 00:09:00 INFO Epoch 15/160	Training Loss: 2.1865	Time remaining is 3h:4m
2024-04-13 00:10:15 INFO Epoch 16/160	Training Loss: 2.1664	Time remaining is 3h:3m
2024-04-13 00:11:31 INFO Epoch 17/160	Training Loss: 2.1459	Time remaining is 3h:2m
2024-04-13 00:12:46 INFO Epoch 18/160	Training Loss: 2.1348	Time remaining is 3h:0m
2024-04-13 00:14:02 INFO Epoch 19/160	Training Loss: 2.1380	Time remaining is 2h:59m
2024-04-13 00:15:17 INFO Epoch 20/160	Training Loss: 2.1368	Time remaining is 2h:58m
2024-04-13 00:16:33 INFO Epoch 21/160	Training Loss: 2.1267	Time remaining is 2h:57m
2024-04-13 00:17:48 INFO Epoch 22/160	Training Loss: 2.1290	Time remaining is 2h:55m
2024-04-13 00:19:04 INFO Epoch 23/160	Training Loss: 2.1225	Time remaining is 2h:54m
2024-04-13 00:20:19 INFO Epoch 24/160	Training Loss: 2.1277	Time remaining is 2h:53m
2024-04-13 00:21:35 INFO Epoch 25/160	Training Loss: 2.1252	Time remaining is 2h:51m
2024-04-13 00:22:51 INFO Epoch 26/160	Training Loss: 2.1426	Time remaining is 2h:50m
2024-04-13 00:24:06 INFO Epoch 27/160	Training Loss: 2.1251	Time remaining is 2h:49m
2024-04-13 00:25:21 INFO Epoch 28/160	Training Loss: 2.1278	Time remaining is 2h:48m
2024-04-13 00:26:37 INFO Epoch 29/160	Training Loss: 2.1204	Time remaining is 2h:46m
2024-04-13 00:27:52 INFO Epoch 30/160	Training Loss: 2.1089	Time remaining is 2h:45m
2024-04-13 00:29:07 INFO Epoch 31/160	Training Loss: 2.1105	Time remaining is 2h:44m
2024-04-13 00:30:23 INFO Epoch 32/160	Training Loss: 2.1139	Time remaining is 2h:43m
2024-04-13 00:31:38 INFO Epoch 33/160	Training Loss: 2.1073	Time remaining is 2h:41m
2024-04-13 00:32:54 INFO Epoch 34/160	Training Loss: 2.1165	Time remaining is 2h:40m
2024-04-13 00:34:09 INFO Epoch 35/160	Training Loss: 2.1188	Time remaining is 2h:39m
2024-04-13 00:35:25 INFO Epoch 36/160	Training Loss: 2.1095	Time remaining is 2h:37m
2024-04-13 00:36:41 INFO Epoch 37/160	Training Loss: 2.1020	Time remaining is 2h:36m
2024-04-13 00:37:56 INFO Epoch 38/160	Training Loss: 2.1102	Time remaining is 2h:35m
2024-04-13 00:39:12 INFO Epoch 39/160	Training Loss: 2.1160	Time remaining is 2h:34m
2024-04-13 00:40:28 INFO Epoch 40/160	Training Loss: 2.1035	Time remaining is 2h:32m
2024-04-13 00:41:43 INFO Epoch 41/160	Training Loss: 2.0427	Time remaining is 2h:31m
2024-04-13 00:42:59 INFO Epoch 42/160	Training Loss: 1.9737	Time remaining is 2h:30m
2024-04-13 00:44:14 INFO Epoch 43/160	Training Loss: 1.9699	Time remaining is 2h:29m
2024-04-13 00:45:30 INFO Epoch 44/160	Training Loss: 1.9622	Time remaining is 2h:27m
2024-04-13 00:46:46 INFO Epoch 45/160	Training Loss: 1.9540	Time remaining is 2h:26m
2024-04-13 00:48:02 INFO Epoch 46/160	Training Loss: 1.9538	Time remaining is 2h:25m
2024-04-13 00:49:17 INFO Epoch 47/160	Training Loss: 1.9378	Time remaining is 2h:24m
2024-04-13 00:50:32 INFO Epoch 48/160	Training Loss: 1.9467	Time remaining is 2h:22m
2024-04-13 00:51:48 INFO Epoch 49/160	Training Loss: 1.9327	Time remaining is 2h:21m
2024-04-13 00:53:03 INFO Epoch 50/160	Training Loss: 1.9420	Time remaining is 2h:20m
2024-04-13 00:54:19 INFO Epoch 51/160	Training Loss: 1.9280	Time remaining is 2h:19m
2024-04-13 00:55:34 INFO Epoch 52/160	Training Loss: 1.9341	Time remaining is 2h:17m
2024-04-13 00:56:50 INFO Epoch 53/160	Training Loss: 1.9347	Time remaining is 2h:16m
2024-04-13 00:58:06 INFO Epoch 54/160	Training Loss: 1.9326	Time remaining is 2h:15m
2024-04-13 00:59:22 INFO Epoch 55/160	Training Loss: 1.9317	Time remaining is 2h:14m
2024-04-13 01:00:38 INFO Epoch 56/160	Training Loss: 1.9310	Time remaining is 2h:12m
2024-04-13 01:01:53 INFO Epoch 57/160	Training Loss: 1.9185	Time remaining is 2h:11m
2024-04-13 01:03:09 INFO Epoch 58/160	Training Loss: 1.9285	Time remaining is 2h:10m
2024-04-13 01:04:24 INFO Epoch 59/160	Training Loss: 1.9296	Time remaining is 2h:9m
2024-04-13 01:05:40 INFO Epoch 60/160	Training Loss: 1.9252	Time remaining is 2h:7m
2024-04-13 01:06:56 INFO Epoch 61/160	Training Loss: 1.9259	Time remaining is 2h:6m
2024-04-13 01:08:11 INFO Epoch 62/160	Training Loss: 1.9248	Time remaining is 2h:5m
2024-04-13 01:09:27 INFO Epoch 63/160	Training Loss: 1.9229	Time remaining is 2h:3m
2024-04-13 01:10:42 INFO Epoch 64/160	Training Loss: 1.9230	Time remaining is 2h:2m
2024-04-13 01:11:58 INFO Epoch 65/160	Training Loss: 1.9194	Time remaining is 2h:1m
2024-04-13 01:13:13 INFO Epoch 66/160	Training Loss: 1.9195	Time remaining is 1h:60m
2024-04-13 01:14:30 INFO Epoch 67/160	Training Loss: 1.9279	Time remaining is 1h:58m
2024-04-13 01:15:45 INFO Epoch 68/160	Training Loss: 1.9174	Time remaining is 1h:57m
2024-04-13 01:17:00 INFO Epoch 69/160	Training Loss: 1.9107	Time remaining is 1h:56m
2024-04-13 01:18:16 INFO Epoch 70/160	Training Loss: 1.9173	Time remaining is 1h:55m
2024-04-13 01:19:32 INFO Epoch 71/160	Training Loss: 1.9147	Time remaining is 1h:53m
2024-04-13 01:20:47 INFO Epoch 72/160	Training Loss: 1.9104	Time remaining is 1h:52m
2024-04-13 01:22:03 INFO Epoch 73/160	Training Loss: 1.9075	Time remaining is 1h:51m
2024-04-13 01:23:18 INFO Epoch 74/160	Training Loss: 1.8976	Time remaining is 1h:50m
2024-04-13 01:24:34 INFO Epoch 75/160	Training Loss: 1.8969	Time remaining is 1h:48m
2024-04-13 01:25:49 INFO Epoch 76/160	Training Loss: 1.8942	Time remaining is 1h:47m
2024-04-13 01:27:04 INFO Epoch 77/160	Training Loss: 1.9056	Time remaining is 1h:46m
2024-04-13 01:28:19 INFO Epoch 78/160	Training Loss: 1.8963	Time remaining is 1h:45m
2024-04-13 01:29:35 INFO Epoch 79/160	Training Loss: 1.9041	Time remaining is 1h:43m
2024-04-13 01:30:51 INFO Epoch 80/160	Training Loss: 1.9049	Time remaining is 1h:42m
2024-04-13 01:32:06 INFO Epoch 81/160	Training Loss: 1.9030	Time remaining is 1h:41m
2024-04-13 01:33:22 INFO Epoch 82/160	Training Loss: 1.9039	Time remaining is 1h:40m
2024-04-13 01:34:37 INFO Epoch 83/160	Training Loss: 1.9041	Time remaining is 1h:38m
2024-04-13 01:35:53 INFO Epoch 84/160	Training Loss: 1.9017	Time remaining is 1h:37m
2024-04-13 01:37:09 INFO Epoch 85/160	Training Loss: 1.9048	Time remaining is 1h:36m
2024-04-13 01:38:24 INFO Epoch 86/160	Training Loss: 1.9036	Time remaining is 1h:34m
2024-04-13 01:39:40 INFO Epoch 87/160	Training Loss: 1.9020	Time remaining is 1h:33m
2024-04-13 01:40:55 INFO Epoch 88/160	Training Loss: 1.8919	Time remaining is 1h:32m
2024-04-13 01:42:11 INFO Epoch 89/160	Training Loss: 1.9016	Time remaining is 1h:31m
2024-04-13 01:43:26 INFO Epoch 90/160	Training Loss: 1.9024	Time remaining is 1h:29m
2024-04-13 01:44:55 INFO Testing: dataset_name: market1501 top1:0.9519 top5:0.9831 top10:0.9920 mAP:0.8713
2024-04-13 01:46:10 INFO Epoch 91/160	Training Loss: 1.9026	Time remaining is 1h:29m
2024-04-13 01:47:26 INFO Epoch 92/160	Training Loss: 1.8908	Time remaining is 1h:28m
2024-04-13 01:48:42 INFO Epoch 93/160	Training Loss: 1.9037	Time remaining is 1h:27m
2024-04-13 01:49:58 INFO Epoch 94/160	Training Loss: 1.9007	Time remaining is 1h:25m
2024-04-13 01:51:13 INFO Epoch 95/160	Training Loss: 1.8905	Time remaining is 1h:24m
2024-04-13 01:52:41 INFO Testing: dataset_name: market1501 top1:0.9516 top5:0.9843 top10:0.9914 mAP:0.8726
2024-04-13 01:53:57 INFO Epoch 96/160	Training Loss: 1.9015	Time remaining is 1h:24m
2024-04-13 01:55:12 INFO Epoch 97/160	Training Loss: 1.8893	Time remaining is 1h:23m
2024-04-13 01:56:28 INFO Epoch 98/160	Training Loss: 1.9031	Time remaining is 1h:21m
2024-04-13 01:57:44 INFO Epoch 99/160	Training Loss: 1.9008	Time remaining is 1h:20m
2024-04-13 01:59:00 INFO Epoch 100/160	Training Loss: 1.8985	Time remaining is 1h:19m
2024-04-13 02:00:27 INFO Testing: dataset_name: market1501 top1:0.9498 top5:0.9837 top10:0.9911 mAP:0.8718
2024-04-13 02:01:43 INFO Epoch 101/160	Training Loss: 1.9013	Time remaining is 1h:18m
2024-04-13 02:02:59 INFO Epoch 102/160	Training Loss: 1.8998	Time remaining is 1h:17m
2024-04-13 02:04:14 INFO Epoch 103/160	Training Loss: 1.8989	Time remaining is 1h:16m
2024-04-13 02:05:30 INFO Epoch 104/160	Training Loss: 1.8982	Time remaining is 1h:14m
2024-04-13 02:06:46 INFO Epoch 105/160	Training Loss: 1.9095	Time remaining is 1h:13m
2024-04-13 02:08:14 INFO Testing: dataset_name: market1501 top1:0.9519 top5:0.9822 top10:0.9911 mAP:0.8726
2024-04-13 02:09:30 INFO Epoch 106/160	Training Loss: 1.9003	Time remaining is 1h:12m
2024-04-13 02:10:45 INFO Epoch 107/160	Training Loss: 1.8887	Time remaining is 1h:11m
2024-04-13 02:12:01 INFO Epoch 108/160	Training Loss: 1.8991	Time remaining is 1h:10m
2024-04-13 02:13:17 INFO Epoch 109/160	Training Loss: 1.8982	Time remaining is 1h:8m
2024-04-13 02:14:32 INFO Epoch 110/160	Training Loss: 1.8972	Time remaining is 1h:7m
2024-04-13 02:16:00 INFO Testing: dataset_name: market1501 top1:0.9513 top5:0.9837 top10:0.9914 mAP:0.8738
2024-04-13 02:17:16 INFO Epoch 111/160	Training Loss: 1.8867	Time remaining is 1h:6m
2024-04-13 02:18:31 INFO Epoch 112/160	Training Loss: 1.8972	Time remaining is 1h:5m
2024-04-13 02:19:47 INFO Epoch 113/160	Training Loss: 1.8978	Time remaining is 1h:4m
2024-04-13 02:21:02 INFO Epoch 114/160	Training Loss: 1.8897	Time remaining is 1h:2m
2024-04-13 02:22:19 INFO Epoch 115/160	Training Loss: 1.9054	Time remaining is 1h:1m
2024-04-13 02:23:46 INFO Testing: dataset_name: market1501 top1:0.9513 top5:0.9840 top10:0.9914 mAP:0.8735
2024-04-13 02:25:02 INFO Epoch 116/160	Training Loss: 1.8976	Time remaining is 1h:0m
2024-04-13 02:26:18 INFO Epoch 117/160	Training Loss: 1.8987	Time remaining is 0h:59m
2024-04-13 02:27:34 INFO Epoch 118/160	Training Loss: 1.8966	Time remaining is 0h:57m
2024-04-13 02:28:50 INFO Epoch 119/160	Training Loss: 1.9067	Time remaining is 0h:56m
2024-04-13 02:30:06 INFO Epoch 120/160	Training Loss: 1.8859	Time remaining is 0h:55m
2024-04-13 02:31:33 INFO Testing: dataset_name: market1501 top1:0.9528 top5:0.9840 top10:0.9908 mAP:0.8748
2024-04-13 02:32:49 INFO Epoch 121/160	Training Loss: 1.8954	Time remaining is 0h:54m
2024-04-13 02:34:05 INFO Epoch 122/160	Training Loss: 1.8952	Time remaining is 0h:52m
2024-04-13 02:35:20 INFO Epoch 123/160	Training Loss: 1.8954	Time remaining is 0h:51m
2024-04-13 02:36:36 INFO Epoch 124/160	Training Loss: 1.8876	Time remaining is 0h:50m
2024-04-13 02:37:52 INFO Epoch 125/160	Training Loss: 1.8964	Time remaining is 0h:48m
2024-04-13 02:39:19 INFO Testing: dataset_name: market1501 top1:0.9510 top5:0.9840 top10:0.9908 mAP:0.8750
2024-04-13 02:40:35 INFO Epoch 126/160	Training Loss: 1.8963	Time remaining is 0h:47m
2024-04-13 02:41:51 INFO Epoch 127/160	Training Loss: 1.8949	Time remaining is 0h:46m
2024-04-13 02:43:07 INFO Epoch 128/160	Training Loss: 1.8945	Time remaining is 0h:45m
2024-04-13 02:44:23 INFO Epoch 129/160	Training Loss: 1.8970	Time remaining is 0h:43m
2024-04-13 02:45:38 INFO Epoch 130/160	Training Loss: 1.8970	Time remaining is 0h:42m
2024-04-13 02:47:06 INFO Testing: dataset_name: market1501 top1:0.9540 top5:0.9840 top10:0.9908 mAP:0.8761
2024-04-13 02:48:21 INFO Epoch 131/160	Training Loss: 1.8872	Time remaining is 0h:41m
2024-04-13 02:49:37 INFO Epoch 132/160	Training Loss: 1.8939	Time remaining is 0h:39m
2024-04-13 02:50:52 INFO Epoch 133/160	Training Loss: 1.8851	Time remaining is 0h:38m
2024-04-13 02:52:08 INFO Epoch 134/160	Training Loss: 1.8953	Time remaining is 0h:37m
2024-04-13 02:53:24 INFO Epoch 135/160	Training Loss: 1.8867	Time remaining is 0h:35m
2024-04-13 02:54:51 INFO Testing: dataset_name: market1501 top1:0.9546 top5:0.9828 top10:0.9908 mAP:0.8764
2024-04-13 02:56:06 INFO Epoch 136/160	Training Loss: 1.8858	Time remaining is 0h:34m
2024-04-13 02:57:22 INFO Epoch 137/160	Training Loss: 1.8951	Time remaining is 0h:33m
2024-04-13 02:58:38 INFO Epoch 138/160	Training Loss: 1.8949	Time remaining is 0h:31m
2024-04-13 02:59:53 INFO Epoch 139/160	Training Loss: 1.8841	Time remaining is 0h:30m
2024-04-13 03:01:09 INFO Epoch 140/160	Training Loss: 1.8936	Time remaining is 0h:29m
2024-04-13 03:02:37 INFO Testing: dataset_name: market1501 top1:0.9546 top5:0.9834 top10:0.9905 mAP:0.8758
2024-04-13 03:03:52 INFO Epoch 141/160	Training Loss: 1.8942	Time remaining is 0h:27m
2024-04-13 03:05:08 INFO Epoch 142/160	Training Loss: 1.8929	Time remaining is 0h:26m
2024-04-13 03:06:24 INFO Epoch 143/160	Training Loss: 1.8943	Time remaining is 0h:25m
2024-04-13 03:07:39 INFO Epoch 144/160	Training Loss: 1.8922	Time remaining is 0h:23m
2024-04-13 03:08:55 INFO Epoch 145/160	Training Loss: 1.8945	Time remaining is 0h:22m
2024-04-13 03:10:23 INFO Testing: dataset_name: market1501 top1:0.9537 top5:0.9846 top10:0.9914 mAP:0.8774
2024-04-13 03:11:38 INFO Epoch 146/160	Training Loss: 1.8921	Time remaining is 0h:21m
2024-04-13 03:12:54 INFO Epoch 147/160	Training Loss: 1.8930	Time remaining is 0h:19m
2024-04-13 03:14:10 INFO Epoch 148/160	Training Loss: 1.8935	Time remaining is 0h:18m
2024-04-13 03:15:26 INFO Epoch 149/160	Training Loss: 1.9025	Time remaining is 0h:17m
2024-04-13 03:16:42 INFO Epoch 150/160	Training Loss: 1.8824	Time remaining is 0h:15m
2024-04-13 03:18:10 INFO Testing: dataset_name: market1501 top1:0.9543 top5:0.9834 top10:0.9908 mAP:0.8768
2024-04-13 03:19:26 INFO Epoch 151/160	Training Loss: 1.8923	Time remaining is 0h:14m
2024-04-13 03:20:42 INFO Epoch 152/160	Training Loss: 1.8910	Time remaining is 0h:12m
2024-04-13 03:21:57 INFO Epoch 153/160	Training Loss: 1.8919	Time remaining is 0h:11m
2024-04-13 03:23:13 INFO Epoch 154/160	Training Loss: 1.8922	Time remaining is 0h:10m
2024-04-13 03:24:29 INFO Epoch 155/160	Training Loss: 1.8932	Time remaining is 0h:8m
2024-04-13 03:25:57 INFO Testing: dataset_name: market1501 top1:0.9564 top5:0.9834 top10:0.9917 mAP:0.8788
2024-04-13 03:27:12 INFO Epoch 156/160	Training Loss: 1.8832	Time remaining is 0h:7m
2024-04-13 03:28:28 INFO Epoch 157/160	Training Loss: 1.8922	Time remaining is 0h:6m
2024-04-13 03:29:43 INFO Epoch 158/160	Training Loss: 1.8831	Time remaining is 0h:4m
2024-04-13 03:30:59 INFO Epoch 159/160	Training Loss: 1.8913	Time remaining is 0h:3m
2024-04-13 03:32:15 INFO Epoch 160/160	Training Loss: 1.8806	Time remaining is 0h:1m
2024-04-13 03:33:43 INFO Testing: dataset_name: market1501 top1:0.9549 top5:0.9822 top10:0.9917 mAP:0.8774
2024-04-13 03:33:43 INFO The running time of training: 1.34200e+04 s
