2024-03-14 22:20:35 INFO ##################################################
2024-03-14 22:20:35 INFO Task: ReID_Task
2024-03-14 22:20:35 INFO Using device: cuda
2024-03-14 22:20:35 INFO Using data type: torch.float32
2024-03-14 22:20:35 INFO Number of GPUs: 1
2024-03-14 22:20:35 INFO GPU is_available: True
2024-03-14 22:20:35 INFO GPU name: NVIDIA GeForce RTX 3060
2024-03-14 22:20:35 INFO CUDA version: 12.1
2024-03-14 22:20:35 INFO Current device id: 0
2024-03-14 22:20:35 INFO ##################################################
2024-03-14 22:21:57 INFO Epoch 1/120	Training Loss: 16.5062	Time remaining is 2h:42m
2024-03-14 22:23:18 INFO Epoch 2/120	Training Loss: 13.9708	Time remaining is 2h:40m
2024-03-14 22:24:38 INFO Epoch 3/120	Training Loss: 10.5998	Time remaining is 2h:38m
2024-03-14 22:25:58 INFO Epoch 4/120	Training Loss: 7.7659	Time remaining is 2h:37m
2024-03-14 22:27:18 INFO Epoch 5/120	Training Loss: 5.5911	Time remaining is 2h:35m
2024-03-14 22:28:38 INFO Epoch 6/120	Training Loss: 4.2171	Time remaining is 2h:34m
2024-03-14 22:29:58 INFO Epoch 7/120	Training Loss: 3.5072	Time remaining is 2h:32m
2024-03-14 22:31:17 INFO Epoch 8/120	Training Loss: 3.1124	Time remaining is 2h:31m
2024-03-14 22:32:37 INFO Epoch 9/120	Training Loss: 2.9494	Time remaining is 2h:30m
2024-03-14 22:33:57 INFO Epoch 10/120	Training Loss: 2.8254	Time remaining is 2h:28m
2024-03-14 22:35:17 INFO Epoch 11/120	Training Loss: 2.8021	Time remaining is 2h:27m
2024-03-14 22:36:38 INFO Epoch 12/120	Training Loss: 2.6399	Time remaining is 2h:26m
2024-03-14 22:37:58 INFO Epoch 13/120	Training Loss: 2.5481	Time remaining is 2h:24m
2024-03-14 22:39:18 INFO Epoch 14/120	Training Loss: 2.4941	Time remaining is 2h:23m
2024-03-14 22:40:38 INFO Epoch 15/120	Training Loss: 2.4442	Time remaining is 2h:22m
2024-03-14 22:41:59 INFO Epoch 16/120	Training Loss: 2.4357	Time remaining is 2h:20m
2024-03-14 22:43:18 INFO Epoch 17/120	Training Loss: 2.4104	Time remaining is 2h:19m
2024-03-14 22:44:38 INFO Epoch 18/120	Training Loss: 2.3644	Time remaining is 2h:17m
2024-03-14 22:45:58 INFO Epoch 19/120	Training Loss: 2.3533	Time remaining is 2h:16m
2024-03-14 22:47:18 INFO Epoch 20/120	Training Loss: 2.3509	Time remaining is 2h:15m
2024-03-14 22:48:38 INFO Epoch 21/120	Training Loss: 2.3724	Time remaining is 2h:13m
2024-03-14 22:49:58 INFO Epoch 22/120	Training Loss: 2.3397	Time remaining is 2h:12m
2024-03-14 22:51:18 INFO Epoch 23/120	Training Loss: 2.3306	Time remaining is 2h:11m
2024-03-14 22:52:38 INFO Epoch 24/120	Training Loss: 2.3436	Time remaining is 2h:9m
2024-03-14 22:53:58 INFO Epoch 25/120	Training Loss: 2.3481	Time remaining is 2h:8m
2024-03-14 22:55:19 INFO Epoch 26/120	Training Loss: 2.3560	Time remaining is 2h:7m
2024-03-14 22:56:39 INFO Epoch 27/120	Training Loss: 2.3399	Time remaining is 2h:5m
2024-03-14 22:57:59 INFO Epoch 28/120	Training Loss: 2.3327	Time remaining is 2h:4m
2024-03-14 22:59:18 INFO Epoch 29/120	Training Loss: 2.3217	Time remaining is 2h:3m
2024-03-14 23:00:38 INFO Epoch 30/120	Training Loss: 2.3019	Time remaining is 2h:1m
2024-03-14 23:01:58 INFO Epoch 31/120	Training Loss: 2.3168	Time remaining is 2h:0m
2024-03-14 23:03:18 INFO Epoch 32/120	Training Loss: 2.3157	Time remaining is 1h:59m
2024-03-14 23:04:38 INFO Epoch 33/120	Training Loss: 2.3174	Time remaining is 1h:57m
2024-03-14 23:05:58 INFO Epoch 34/120	Training Loss: 2.3337	Time remaining is 1h:56m
2024-03-14 23:07:18 INFO Epoch 35/120	Training Loss: 2.3129	Time remaining is 1h:55m
2024-03-14 23:08:39 INFO Epoch 36/120	Training Loss: 2.2957	Time remaining is 1h:53m
2024-03-14 23:09:59 INFO Epoch 37/120	Training Loss: 2.2971	Time remaining is 1h:52m
2024-03-14 23:11:19 INFO Epoch 38/120	Training Loss: 2.3284	Time remaining is 1h:51m
2024-03-14 23:12:39 INFO Epoch 39/120	Training Loss: 2.3076	Time remaining is 1h:49m
2024-03-14 23:13:59 INFO Epoch 40/120	Training Loss: 2.2889	Time remaining is 1h:48m
2024-03-14 23:15:19 INFO Epoch 41/120	Training Loss: 2.1879	Time remaining is 1h:47m
2024-03-14 23:16:39 INFO Epoch 42/120	Training Loss: 2.0660	Time remaining is 1h:45m
2024-03-14 23:17:59 INFO Epoch 43/120	Training Loss: 2.0484	Time remaining is 1h:44m
2024-03-14 23:19:19 INFO Epoch 44/120	Training Loss: 2.0331	Time remaining is 1h:43m
2024-03-14 23:20:39 INFO Epoch 45/120	Training Loss: 2.0183	Time remaining is 1h:41m
2024-03-14 23:21:59 INFO Epoch 46/120	Training Loss: 2.0074	Time remaining is 1h:40m
2024-03-14 23:23:19 INFO Epoch 47/120	Training Loss: 1.9895	Time remaining is 1h:39m
2024-03-14 23:24:39 INFO Epoch 48/120	Training Loss: 1.9982	Time remaining is 1h:37m
2024-03-14 23:25:59 INFO Epoch 49/120	Training Loss: 1.9825	Time remaining is 1h:36m
2024-03-14 23:27:19 INFO Epoch 50/120	Training Loss: 1.9851	Time remaining is 1h:35m
2024-03-14 23:28:39 INFO Epoch 51/120	Training Loss: 1.9691	Time remaining is 1h:33m
2024-03-14 23:29:59 INFO Epoch 52/120	Training Loss: 1.9754	Time remaining is 1h:32m
2024-03-14 23:31:19 INFO Epoch 53/120	Training Loss: 1.9715	Time remaining is 1h:31m
2024-03-14 23:32:39 INFO Epoch 54/120	Training Loss: 1.9640	Time remaining is 1h:29m
2024-03-14 23:33:59 INFO Epoch 55/120	Training Loss: 1.9685	Time remaining is 1h:28m
2024-03-14 23:35:19 INFO Epoch 56/120	Training Loss: 1.9645	Time remaining is 1h:27m
2024-03-14 23:36:39 INFO Epoch 57/120	Training Loss: 1.9498	Time remaining is 1h:25m
2024-03-14 23:37:59 INFO Epoch 58/120	Training Loss: 1.9579	Time remaining is 1h:24m
2024-03-14 23:39:19 INFO Epoch 59/120	Training Loss: 1.9596	Time remaining is 1h:23m
2024-03-14 23:40:40 INFO Epoch 60/120	Training Loss: 1.9531	Time remaining is 1h:21m
2024-03-14 23:42:00 INFO Epoch 61/120	Training Loss: 1.9550	Time remaining is 1h:20m
2024-03-14 23:43:20 INFO Epoch 62/120	Training Loss: 1.9477	Time remaining is 1h:19m
2024-03-14 23:44:40 INFO Epoch 63/120	Training Loss: 1.9466	Time remaining is 1h:17m
2024-03-14 23:46:01 INFO Epoch 64/120	Training Loss: 1.9449	Time remaining is 1h:16m
2024-03-14 23:47:21 INFO Epoch 65/120	Training Loss: 1.9392	Time remaining is 1h:15m
2024-03-14 23:48:41 INFO Epoch 66/120	Training Loss: 1.9379	Time remaining is 1h:13m
2024-03-14 23:50:02 INFO Epoch 67/120	Training Loss: 1.9520	Time remaining is 1h:12m
2024-03-14 23:51:22 INFO Epoch 68/120	Training Loss: 1.9422	Time remaining is 1h:11m
2024-03-14 23:52:42 INFO Epoch 69/120	Training Loss: 1.9297	Time remaining is 1h:9m
2024-03-14 23:54:02 INFO Epoch 70/120	Training Loss: 1.9364	Time remaining is 1h:8m
2024-03-14 23:55:22 INFO Epoch 71/120	Training Loss: 1.9286	Time remaining is 1h:7m
2024-03-14 23:56:43 INFO Epoch 72/120	Training Loss: 1.9241	Time remaining is 1h:5m
2024-03-14 23:58:03 INFO Epoch 73/120	Training Loss: 1.9221	Time remaining is 1h:4m
2024-03-14 23:59:23 INFO Epoch 74/120	Training Loss: 1.9123	Time remaining is 1h:3m
2024-03-15 00:00:43 INFO Epoch 75/120	Training Loss: 1.9110	Time remaining is 1h:1m
2024-03-15 00:02:03 INFO Epoch 76/120	Training Loss: 1.9074	Time remaining is 1h:0m
2024-03-15 00:03:23 INFO Epoch 77/120	Training Loss: 1.9181	Time remaining is 0h:59m
2024-03-15 00:04:43 INFO Epoch 78/120	Training Loss: 1.9076	Time remaining is 0h:57m
2024-03-15 00:06:03 INFO Epoch 79/120	Training Loss: 1.9184	Time remaining is 0h:56m
2024-03-15 00:07:23 INFO Epoch 80/120	Training Loss: 1.9153	Time remaining is 0h:55m
2024-03-15 00:08:43 INFO Epoch 81/120	Training Loss: 1.9146	Time remaining is 0h:53m
2024-03-15 00:10:04 INFO Epoch 82/120	Training Loss: 1.9142	Time remaining is 0h:52m
2024-03-15 00:11:24 INFO Epoch 83/120	Training Loss: 1.9119	Time remaining is 0h:51m
2024-03-15 00:12:44 INFO Epoch 84/120	Training Loss: 1.9120	Time remaining is 0h:49m
2024-03-15 00:14:04 INFO Epoch 85/120	Training Loss: 1.9156	Time remaining is 0h:48m
2024-03-15 00:15:24 INFO Epoch 86/120	Training Loss: 1.9135	Time remaining is 0h:47m
2024-03-15 00:16:45 INFO Epoch 87/120	Training Loss: 1.9105	Time remaining is 0h:45m
2024-03-15 00:18:04 INFO Epoch 88/120	Training Loss: 1.8997	Time remaining is 0h:44m
2024-03-15 00:19:24 INFO Epoch 89/120	Training Loss: 1.9082	Time remaining is 0h:43m
2024-03-15 00:20:45 INFO Epoch 90/120	Training Loss: 1.9087	Time remaining is 0h:41m
2024-03-15 00:21:41 INFO Testing: dataset_name: market1501 top1:0.8890 top5:0.9635 top10:0.9757 mAP:0.7352
2024-03-15 00:23:01 INFO Epoch 91/120	Training Loss: 1.9102	Time remaining is 0h:40m
2024-03-15 00:24:21 INFO Epoch 92/120	Training Loss: 1.9001	Time remaining is 0h:39m
2024-03-15 00:25:41 INFO Epoch 93/120	Training Loss: 1.9114	Time remaining is 0h:38m
2024-03-15 00:27:01 INFO Epoch 94/120	Training Loss: 1.9082	Time remaining is 0h:36m
2024-03-15 00:28:20 INFO Epoch 95/120	Training Loss: 1.8964	Time remaining is 0h:35m
2024-03-15 00:29:41 INFO Epoch 96/120	Training Loss: 1.9098	Time remaining is 0h:34m
2024-03-15 00:31:00 INFO Epoch 97/120	Training Loss: 1.8962	Time remaining is 0h:32m
2024-03-15 00:32:20 INFO Epoch 98/120	Training Loss: 1.9122	Time remaining is 0h:31m
2024-03-15 00:33:40 INFO Epoch 99/120	Training Loss: 1.9092	Time remaining is 0h:30m
2024-03-15 00:35:01 INFO Epoch 100/120	Training Loss: 1.9039	Time remaining is 0h:28m
2024-03-15 00:35:57 INFO Testing: dataset_name: market1501 top1:0.8893 top5:0.9617 top10:0.9762 mAP:0.7339
2024-03-15 00:37:17 INFO Epoch 101/120	Training Loss: 1.9099	Time remaining is 0h:27m
2024-03-15 00:38:37 INFO Epoch 102/120	Training Loss: 1.9069	Time remaining is 0h:26m
2024-03-15 00:39:57 INFO Epoch 103/120	Training Loss: 1.9044	Time remaining is 0h:24m
2024-03-15 00:41:17 INFO Epoch 104/120	Training Loss: 1.9028	Time remaining is 0h:23m
2024-03-15 00:42:37 INFO Epoch 105/120	Training Loss: 1.9146	Time remaining is 0h:22m
2024-03-15 00:43:58 INFO Epoch 106/120	Training Loss: 1.9062	Time remaining is 0h:20m
2024-03-15 00:45:17 INFO Epoch 107/120	Training Loss: 1.8970	Time remaining is 0h:19m
2024-03-15 00:46:37 INFO Epoch 108/120	Training Loss: 1.9076	Time remaining is 0h:18m
2024-03-15 00:47:57 INFO Epoch 109/120	Training Loss: 1.9053	Time remaining is 0h:16m
2024-03-15 00:49:17 INFO Epoch 110/120	Training Loss: 1.9050	Time remaining is 0h:15m
2024-03-15 00:50:13 INFO Testing: dataset_name: market1501 top1:0.8934 top5:0.9620 top10:0.9760 mAP:0.7390
2024-03-15 00:51:33 INFO Epoch 111/120	Training Loss: 1.8933	Time remaining is 0h:14m
2024-03-15 00:52:53 INFO Epoch 112/120	Training Loss: 1.9023	Time remaining is 0h:12m
2024-03-15 00:54:13 INFO Epoch 113/120	Training Loss: 1.9047	Time remaining is 0h:11m
2024-03-15 00:55:33 INFO Epoch 114/120	Training Loss: 1.8947	Time remaining is 0h:10m
2024-03-15 00:56:54 INFO Epoch 115/120	Training Loss: 1.9124	Time remaining is 0h:8m
2024-03-15 00:58:14 INFO Epoch 116/120	Training Loss: 1.9034	Time remaining is 0h:7m
2024-03-15 00:59:34 INFO Epoch 117/120	Training Loss: 1.9055	Time remaining is 0h:5m
2024-03-15 01:00:55 INFO Epoch 118/120	Training Loss: 1.9024	Time remaining is 0h:4m
2024-03-15 01:02:15 INFO Epoch 119/120	Training Loss: 1.9127	Time remaining is 0h:3m
2024-03-15 01:03:35 INFO Epoch 120/120	Training Loss: 1.8921	Time remaining is 0h:1m
2024-03-15 01:04:31 INFO Testing: dataset_name: market1501 top1:0.8949 top5:0.9620 top10:0.9762 mAP:0.7444
2024-03-15 01:04:31 INFO The running time of training: 9.83578e+03 s
2024-03-15 08:39:44 INFO ##################################################
2024-03-15 08:39:44 INFO Task: ReID_Task
2024-03-15 08:39:44 INFO Using device: cuda
2024-03-15 08:39:44 INFO Using data type: torch.float32
