2024-07-04 12:53:33 INFO ##################################################
2024-07-04 12:53:33 INFO Config values: batch_size: 60	current_directory: /home/hy/project/reid_task/ex_main3	dataset_name: market1501	dataset_path: /home/hy/project/data/Market-1501-v15.09.15	device: cuda	dtype: torch.float32	epoch_start_test: 90	epochs: 300	img_height: 384	img_width: 128	logs_outputs_path: /home/hy/project/reid_task/ex_main3/./outputs/logs	models_outputs_path: /home/hy/project/reid_task/ex_main3/./outputs/models	np: <module 'numpy' from '/home/hy/anaconda3/envs/py396/lib/python3.9/site-packages/numpy/__init__.py'>	os: <module 'os' from '/home/hy/anaconda3/envs/py396/lib/python3.9/os.py'>	outputs_dir: ./outputs/	outputs_path: /home/hy/project/reid_task/ex_main3/./outputs/	print_every: 1	seed: 1	taskname: ReID_Task	temps_outputs_path: /home/hy/project/reid_task/ex_main3/./outputs/temps	test_batch_size: 256	test_every: 5	torch: <module 'torch' from '/home/hy/anaconda3/envs/py396/lib/python3.9/site-packages/torch/__init__.py'>
2024-07-04 12:53:33 INFO Task: ReID_Task
2024-07-04 12:53:33 INFO Using device: cuda
2024-07-04 12:53:33 INFO Using data type: torch.float32
2024-07-04 12:53:33 INFO Number of GPUs: 1
2024-07-04 12:53:33 INFO GPU is_available: True
2024-07-04 12:53:33 INFO GPU name: NVIDIA GeForce RTX 3060
2024-07-04 12:53:33 INFO CUDA version: 12.1
2024-07-04 12:53:33 INFO Current device id: 0
2024-07-04 12:53:33 INFO ##################################################
2024-07-04 12:55:02 INFO Epoch 1/300	Training Loss: 7.9554	Time remaining is 7h:21m
2024-07-04 12:56:30 INFO Epoch 2/300	Training Loss: 6.8623	Time remaining is 7h:19m
2024-07-04 12:57:59 INFO Epoch 3/300	Training Loss: 5.3982	Time remaining is 7h:19m
2024-07-04 12:59:27 INFO Epoch 4/300	Training Loss: 4.0155	Time remaining is 7h:17m
2024-07-04 13:00:56 INFO Epoch 5/300	Training Loss: 2.9779	Time remaining is 7h:16m
2024-07-04 13:02:24 INFO Epoch 6/300	Training Loss: 2.2828	Time remaining is 7h:15m
2024-07-04 13:03:53 INFO Epoch 7/300	Training Loss: 1.8896	Time remaining is 7h:13m
2024-07-04 13:05:21 INFO Epoch 8/300	Training Loss: 1.6605	Time remaining is 7h:12m
2024-07-04 13:06:49 INFO Epoch 9/300	Training Loss: 1.5678	Time remaining is 7h:10m
2024-07-04 13:08:18 INFO Epoch 10/300	Training Loss: 1.5104	Time remaining is 7h:9m
2024-07-04 13:09:46 INFO Epoch 11/300	Training Loss: 1.4542	Time remaining is 7h:7m
2024-07-04 13:11:14 INFO Epoch 12/300	Training Loss: 1.4198	Time remaining is 7h:6m
2024-07-04 13:12:42 INFO Epoch 13/300	Training Loss: 1.3669	Time remaining is 7h:4m
2024-07-04 13:14:10 INFO Epoch 14/300	Training Loss: 1.3102	Time remaining is 7h:2m
2024-07-04 13:15:38 INFO Epoch 15/300	Training Loss: 1.3009	Time remaining is 7h:1m
2024-07-04 13:17:06 INFO Epoch 16/300	Training Loss: 1.2986	Time remaining is 6h:59m
2024-07-04 13:18:35 INFO Epoch 17/300	Training Loss: 1.2670	Time remaining is 6h:58m
2024-07-04 13:20:03 INFO Epoch 18/300	Training Loss: 1.2697	Time remaining is 6h:56m
2024-07-04 13:21:31 INFO Epoch 19/300	Training Loss: 1.2702	Time remaining is 6h:55m
2024-07-04 13:22:59 INFO Epoch 20/300	Training Loss: 1.2627	Time remaining is 6h:53m
2024-07-04 13:24:28 INFO Epoch 21/300	Training Loss: 1.2589	Time remaining is 6h:52m
2024-07-04 13:25:56 INFO Epoch 22/300	Training Loss: 1.2714	Time remaining is 6h:51m
2024-07-04 13:27:24 INFO Epoch 23/300	Training Loss: 1.2391	Time remaining is 6h:49m
2024-07-04 13:28:52 INFO Epoch 24/300	Training Loss: 1.2393	Time remaining is 6h:48m
2024-07-04 13:30:21 INFO Epoch 25/300	Training Loss: 1.2459	Time remaining is 6h:46m
2024-07-04 13:31:49 INFO Epoch 26/300	Training Loss: 1.2463	Time remaining is 6h:45m
2024-07-04 13:33:17 INFO Epoch 27/300	Training Loss: 1.2389	Time remaining is 6h:43m
2024-07-04 13:34:46 INFO Epoch 28/300	Training Loss: 1.2521	Time remaining is 6h:42m
2024-07-04 13:36:14 INFO Epoch 29/300	Training Loss: 1.2459	Time remaining is 6h:40m
2024-07-04 13:37:42 INFO Epoch 30/300	Training Loss: 1.2407	Time remaining is 6h:39m
2024-07-04 13:39:11 INFO Epoch 31/300	Training Loss: 1.2489	Time remaining is 6h:37m
2024-07-04 13:40:39 INFO Epoch 32/300	Training Loss: 1.2161	Time remaining is 6h:36m
2024-07-04 13:42:07 INFO Epoch 33/300	Training Loss: 1.2399	Time remaining is 6h:34m
2024-07-04 13:43:36 INFO Epoch 34/300	Training Loss: 1.2174	Time remaining is 6h:33m
2024-07-04 13:45:04 INFO Epoch 35/300	Training Loss: 1.2212	Time remaining is 6h:32m
2024-07-04 13:46:33 INFO Epoch 36/300	Training Loss: 1.2226	Time remaining is 6h:30m
2024-07-04 13:48:01 INFO Epoch 37/300	Training Loss: 1.2293	Time remaining is 6h:29m
2024-07-04 13:49:30 INFO Epoch 38/300	Training Loss: 1.2295	Time remaining is 6h:27m
2024-07-04 13:50:58 INFO Epoch 39/300	Training Loss: 1.2138	Time remaining is 6h:26m
2024-07-04 13:52:27 INFO Epoch 40/300	Training Loss: 1.2067	Time remaining is 6h:24m
2024-07-04 13:53:55 INFO Epoch 41/300	Training Loss: 1.1421	Time remaining is 6h:23m
2024-07-04 13:55:24 INFO Epoch 42/300	Training Loss: 1.0839	Time remaining is 6h:21m
2024-07-04 13:56:52 INFO Epoch 43/300	Training Loss: 1.0601	Time remaining is 6h:20m
2024-07-04 13:58:19 INFO Epoch 44/300	Training Loss: 1.0388	Time remaining is 6h:18m
2024-07-04 13:59:47 INFO Epoch 45/300	Training Loss: 1.0369	Time remaining is 6h:17m
2024-07-04 14:01:16 INFO Epoch 46/300	Training Loss: 1.0333	Time remaining is 6h:15m
2024-07-04 14:02:45 INFO Epoch 47/300	Training Loss: 1.0356	Time remaining is 6h:14m
2024-07-04 14:04:12 INFO Epoch 48/300	Training Loss: 1.0175	Time remaining is 6h:12m
2024-07-04 14:05:40 INFO Epoch 49/300	Training Loss: 1.0185	Time remaining is 6h:11m
2024-07-04 14:07:09 INFO Epoch 50/300	Training Loss: 1.0164	Time remaining is 6h:9m
2024-07-04 14:08:37 INFO Epoch 51/300	Training Loss: 1.0139	Time remaining is 6h:8m
2024-07-04 14:10:05 INFO Epoch 52/300	Training Loss: 1.0092	Time remaining is 6h:6m
2024-07-04 14:11:33 INFO Epoch 53/300	Training Loss: 1.0060	Time remaining is 6h:5m
2024-07-04 14:13:01 INFO Epoch 54/300	Training Loss: 1.0118	Time remaining is 6h:3m
2024-07-04 14:14:30 INFO Epoch 55/300	Training Loss: 1.0094	Time remaining is 6h:2m
2024-07-04 14:15:59 INFO Epoch 56/300	Training Loss: 1.0116	Time remaining is 6h:1m
2024-07-04 14:17:27 INFO Epoch 57/300	Training Loss: 0.9996	Time remaining is 5h:59m
2024-07-04 14:18:55 INFO Epoch 58/300	Training Loss: 1.0059	Time remaining is 5h:58m
2024-07-04 14:20:24 INFO Epoch 59/300	Training Loss: 1.0000	Time remaining is 5h:56m
2024-07-04 14:21:53 INFO Epoch 60/300	Training Loss: 1.0038	Time remaining is 5h:55m
2024-07-04 14:23:21 INFO Epoch 61/300	Training Loss: 0.9980	Time remaining is 5h:53m
2024-07-04 14:24:49 INFO Epoch 62/300	Training Loss: 0.9989	Time remaining is 5h:52m
2024-07-04 14:26:18 INFO Epoch 63/300	Training Loss: 1.0066	Time remaining is 5h:50m
2024-07-04 14:27:47 INFO Epoch 64/300	Training Loss: 0.9979	Time remaining is 5h:49m
2024-07-04 14:29:15 INFO Epoch 65/300	Training Loss: 0.9903	Time remaining is 5h:47m
2024-07-04 14:30:44 INFO Epoch 66/300	Training Loss: 0.9973	Time remaining is 5h:46m
2024-07-04 14:32:12 INFO Epoch 67/300	Training Loss: 1.0000	Time remaining is 5h:45m
2024-07-04 14:33:41 INFO Epoch 68/300	Training Loss: 0.9903	Time remaining is 5h:43m
2024-07-04 14:35:09 INFO Epoch 69/300	Training Loss: 0.9975	Time remaining is 5h:42m
2024-07-04 14:36:38 INFO Epoch 70/300	Training Loss: 0.9927	Time remaining is 5h:40m
2024-07-04 14:38:06 INFO Epoch 71/300	Training Loss: 0.9863	Time remaining is 5h:39m
2024-07-04 14:39:35 INFO Epoch 72/300	Training Loss: 0.9856	Time remaining is 5h:37m
2024-07-04 14:41:04 INFO Epoch 73/300	Training Loss: 0.9835	Time remaining is 5h:36m
2024-07-04 14:42:32 INFO Epoch 74/300	Training Loss: 0.9803	Time remaining is 5h:34m
2024-07-04 14:44:01 INFO Epoch 75/300	Training Loss: 0.9832	Time remaining is 5h:33m
2024-07-04 14:45:29 INFO Epoch 76/300	Training Loss: 0.9741	Time remaining is 5h:31m
2024-07-04 14:46:57 INFO Epoch 77/300	Training Loss: 0.9748	Time remaining is 5h:30m
2024-07-04 14:48:25 INFO Epoch 78/300	Training Loss: 0.9720	Time remaining is 5h:28m
2024-07-04 14:49:53 INFO Epoch 79/300	Training Loss: 0.9782	Time remaining is 5h:27m
2024-07-04 14:51:22 INFO Epoch 80/300	Training Loss: 0.9712	Time remaining is 5h:25m
2024-07-04 14:52:50 INFO Epoch 81/300	Training Loss: 0.9782	Time remaining is 5h:24m
2024-07-04 14:54:19 INFO Epoch 82/300	Training Loss: 0.9747	Time remaining is 5h:22m
2024-07-04 14:55:47 INFO Epoch 83/300	Training Loss: 0.9769	Time remaining is 5h:21m
2024-07-04 14:57:15 INFO Epoch 84/300	Training Loss: 0.9738	Time remaining is 5h:20m
2024-07-04 14:58:44 INFO Epoch 85/300	Training Loss: 0.9751	Time remaining is 5h:18m
2024-07-04 15:00:13 INFO Epoch 86/300	Training Loss: 0.9792	Time remaining is 5h:17m
2024-07-04 15:01:41 INFO Epoch 87/300	Training Loss: 0.9712	Time remaining is 5h:15m
2024-07-04 15:03:09 INFO Epoch 88/300	Training Loss: 0.9739	Time remaining is 5h:14m
2024-07-04 15:04:38 INFO Epoch 89/300	Training Loss: 0.9739	Time remaining is 5h:12m
2024-07-04 15:06:06 INFO Epoch 90/300	Training Loss: 0.9754	Time remaining is 5h:11m
2024-07-04 15:07:32 INFO Testing: dataset_name: market1501 top1:0.9359 top5:0.9786 top10:0.9878 mAP:0.8422
2024-07-04 15:09:00 INFO Epoch 91/300	Training Loss: 0.9731	Time remaining is 5h:13m
2024-07-04 15:10:29 INFO Epoch 92/300	Training Loss: 0.9763	Time remaining is 5h:11m
2024-07-04 15:11:57 INFO Epoch 93/300	Training Loss: 0.9748	Time remaining is 5h:10m
2024-07-04 15:13:25 INFO Epoch 94/300	Training Loss: 0.9708	Time remaining is 5h:8m
2024-07-04 15:14:53 INFO Epoch 95/300	Training Loss: 0.9757	Time remaining is 5h:6m
2024-07-04 15:16:19 INFO Testing: dataset_name: market1501 top1:0.9347 top5:0.9801 top10:0.9887 mAP:0.8441
2024-07-04 15:17:47 INFO Epoch 96/300	Training Loss: 0.9754	Time remaining is 5h:8m
2024-07-04 15:19:15 INFO Epoch 97/300	Training Loss: 0.9726	Time remaining is 5h:6m
2024-07-04 15:20:43 INFO Epoch 98/300	Training Loss: 0.9736	Time remaining is 5h:5m
2024-07-04 15:22:11 INFO Epoch 99/300	Training Loss: 0.9704	Time remaining is 5h:3m
2024-07-04 15:23:39 INFO Epoch 100/300	Training Loss: 0.9724	Time remaining is 5h:2m
2024-07-04 15:25:05 INFO Testing: dataset_name: market1501 top1:0.9350 top5:0.9810 top10:0.9890 mAP:0.8436
2024-07-04 15:26:33 INFO Epoch 101/300	Training Loss: 0.9708	Time remaining is 5h:3m
2024-07-04 15:28:02 INFO Epoch 102/300	Training Loss: 0.9715	Time remaining is 5h:1m
2024-07-04 15:29:30 INFO Epoch 103/300	Training Loss: 0.9726	Time remaining is 4h:60m
2024-07-04 15:30:58 INFO Epoch 104/300	Training Loss: 0.9713	Time remaining is 4h:58m
2024-07-04 15:32:27 INFO Epoch 105/300	Training Loss: 0.9711	Time remaining is 4h:57m
2024-07-04 15:33:52 INFO Testing: dataset_name: market1501 top1:0.9353 top5:0.9804 top10:0.9893 mAP:0.8468
2024-07-04 15:35:20 INFO Epoch 106/300	Training Loss: 0.9711	Time remaining is 4h:58m
2024-07-04 15:36:48 INFO Epoch 107/300	Training Loss: 0.9649	Time remaining is 4h:56m
2024-07-04 15:38:16 INFO Epoch 108/300	Training Loss: 0.9712	Time remaining is 4h:54m
2024-07-04 15:39:44 INFO Epoch 109/300	Training Loss: 0.9695	Time remaining is 4h:53m
2024-07-04 15:41:13 INFO Epoch 110/300	Training Loss: 0.9692	Time remaining is 4h:51m
2024-07-04 15:42:38 INFO Testing: dataset_name: market1501 top1:0.9347 top5:0.9822 top10:0.9899 mAP:0.8482
2024-07-04 15:44:07 INFO Epoch 111/300	Training Loss: 0.9687	Time remaining is 4h:52m
2024-07-04 15:45:35 INFO Epoch 112/300	Training Loss: 0.9690	Time remaining is 4h:50m
2024-07-04 15:47:03 INFO Epoch 113/300	Training Loss: 0.9703	Time remaining is 4h:49m
2024-07-04 15:48:31 INFO Epoch 114/300	Training Loss: 0.9701	Time remaining is 4h:47m
2024-07-04 15:49:59 INFO Epoch 115/300	Training Loss: 0.9721	Time remaining is 4h:45m
2024-07-04 15:51:25 INFO Testing: dataset_name: market1501 top1:0.9365 top5:0.9819 top10:0.9887 mAP:0.8489
2024-07-04 15:52:53 INFO Epoch 116/300	Training Loss: 0.9639	Time remaining is 4h:46m
2024-07-04 15:54:21 INFO Epoch 117/300	Training Loss: 0.9746	Time remaining is 4h:44m
2024-07-04 15:55:50 INFO Epoch 118/300	Training Loss: 0.9676	Time remaining is 4h:43m
2024-07-04 15:57:18 INFO Epoch 119/300	Training Loss: 0.9672	Time remaining is 4h:41m
2024-07-04 15:58:46 INFO Epoch 120/300	Training Loss: 0.9692	Time remaining is 4h:39m
2024-07-04 16:00:12 INFO Testing: dataset_name: market1501 top1:0.9368 top5:0.9798 top10:0.9884 mAP:0.8483
2024-07-04 16:01:40 INFO Epoch 121/300	Training Loss: 0.9647	Time remaining is 4h:40m
2024-07-04 16:03:08 INFO Epoch 122/300	Training Loss: 0.9688	Time remaining is 4h:38m
2024-07-04 16:04:37 INFO Epoch 123/300	Training Loss: 0.9747	Time remaining is 4h:36m
2024-07-04 16:06:06 INFO Epoch 124/300	Training Loss: 0.9723	Time remaining is 4h:35m
2024-07-04 16:07:35 INFO Epoch 125/300	Training Loss: 0.9697	Time remaining is 4h:33m
2024-07-04 16:09:00 INFO Testing: dataset_name: market1501 top1:0.9368 top5:0.9807 top10:0.9878 mAP:0.8491
2024-07-04 16:10:28 INFO Epoch 126/300	Training Loss: 0.9670	Time remaining is 4h:33m
2024-07-04 16:11:56 INFO Epoch 127/300	Training Loss: 0.9689	Time remaining is 4h:32m
2024-07-04 16:13:25 INFO Epoch 128/300	Training Loss: 0.9662	Time remaining is 4h:30m
2024-07-04 16:14:53 INFO Epoch 129/300	Training Loss: 0.9685	Time remaining is 4h:28m
2024-07-04 16:16:21 INFO Epoch 130/300	Training Loss: 0.9684	Time remaining is 4h:27m
2024-07-04 16:17:47 INFO Testing: dataset_name: market1501 top1:0.9382 top5:0.9810 top10:0.9890 mAP:0.8513
2024-07-04 16:19:16 INFO Epoch 131/300	Training Loss: 0.9671	Time remaining is 4h:27m
2024-07-04 16:20:44 INFO Epoch 132/300	Training Loss: 0.9674	Time remaining is 4h:25m
2024-07-04 16:22:13 INFO Epoch 133/300	Training Loss: 0.9717	Time remaining is 4h:24m
2024-07-04 16:23:41 INFO Epoch 134/300	Training Loss: 0.9660	Time remaining is 4h:22m
2024-07-04 16:25:10 INFO Epoch 135/300	Training Loss: 0.9691	Time remaining is 4h:20m
2024-07-04 16:26:35 INFO Testing: dataset_name: market1501 top1:0.9391 top5:0.9825 top10:0.9905 mAP:0.8529
2024-07-04 16:28:03 INFO Epoch 136/300	Training Loss: 0.9624	Time remaining is 4h:20m
2024-07-04 16:29:32 INFO Epoch 137/300	Training Loss: 0.9656	Time remaining is 4h:19m
2024-07-04 16:31:00 INFO Epoch 138/300	Training Loss: 0.9660	Time remaining is 4h:17m
2024-07-04 16:32:29 INFO Epoch 139/300	Training Loss: 0.9664	Time remaining is 4h:15m
2024-07-04 16:33:57 INFO Epoch 140/300	Training Loss: 0.9670	Time remaining is 4h:13m
2024-07-04 16:35:23 INFO Testing: dataset_name: market1501 top1:0.9388 top5:0.9816 top10:0.9899 mAP:0.8536
2024-07-04 16:36:51 INFO Epoch 141/300	Training Loss: 0.9694	Time remaining is 4h:13m
2024-07-04 16:38:19 INFO Epoch 142/300	Training Loss: 0.9639	Time remaining is 4h:12m
2024-07-04 16:39:48 INFO Epoch 143/300	Training Loss: 0.9637	Time remaining is 4h:10m
2024-07-04 16:41:16 INFO Epoch 144/300	Training Loss: 0.9664	Time remaining is 4h:8m
2024-07-04 16:42:44 INFO Epoch 145/300	Training Loss: 0.9666	Time remaining is 4h:7m
2024-07-04 16:44:10 INFO Testing: dataset_name: market1501 top1:0.9385 top5:0.9816 top10:0.9896 mAP:0.8542
2024-07-04 16:45:38 INFO Epoch 146/300	Training Loss: 0.9649	Time remaining is 4h:6m
2024-07-04 16:47:06 INFO Epoch 147/300	Training Loss: 0.9660	Time remaining is 4h:5m
2024-07-04 16:48:34 INFO Epoch 148/300	Training Loss: 0.9641	Time remaining is 4h:3m
2024-07-04 16:50:02 INFO Epoch 149/300	Training Loss: 0.9609	Time remaining is 4h:1m
2024-07-04 16:51:30 INFO Epoch 150/300	Training Loss: 0.9647	Time remaining is 3h:60m
2024-07-04 16:52:56 INFO Testing: dataset_name: market1501 top1:0.9379 top5:0.9813 top10:0.9896 mAP:0.8543
2024-07-04 16:54:24 INFO Epoch 151/300	Training Loss: 0.9652	Time remaining is 3h:59m
2024-07-04 16:55:52 INFO Epoch 152/300	Training Loss: 0.9655	Time remaining is 3h:58m
2024-07-04 16:57:20 INFO Epoch 153/300	Training Loss: 0.9655	Time remaining is 3h:56m
2024-07-04 16:58:48 INFO Epoch 154/300	Training Loss: 0.9636	Time remaining is 3h:54m
2024-07-04 17:00:17 INFO Epoch 155/300	Training Loss: 0.9636	Time remaining is 3h:52m
2024-07-04 17:01:42 INFO Testing: dataset_name: market1501 top1:0.9379 top5:0.9825 top10:0.9890 mAP:0.8546
2024-07-04 17:03:10 INFO Epoch 156/300	Training Loss: 0.9592	Time remaining is 3h:52m
2024-07-04 17:04:38 INFO Epoch 157/300	Training Loss: 0.9629	Time remaining is 3h:50m
2024-07-04 17:06:06 INFO Epoch 158/300	Training Loss: 0.9624	Time remaining is 3h:49m
2024-07-04 17:07:35 INFO Epoch 159/300	Training Loss: 0.9614	Time remaining is 3h:47m
2024-07-04 17:09:03 INFO Epoch 160/300	Training Loss: 0.9633	Time remaining is 3h:45m
2024-07-04 17:10:29 INFO Testing: dataset_name: market1501 top1:0.9379 top5:0.9831 top10:0.9896 mAP:0.8548
2024-07-04 17:11:56 INFO Epoch 161/300	Training Loss: 0.9535	Time remaining is 3h:45m
2024-07-04 17:13:24 INFO Epoch 162/300	Training Loss: 0.9638	Time remaining is 3h:43m
2024-07-04 17:14:52 INFO Epoch 163/300	Training Loss: 0.9616	Time remaining is 3h:41m
2024-07-04 17:16:20 INFO Epoch 164/300	Training Loss: 0.9583	Time remaining is 3h:40m
2024-07-04 17:17:48 INFO Epoch 165/300	Training Loss: 0.9621	Time remaining is 3h:38m
2024-07-04 17:19:14 INFO Testing: dataset_name: market1501 top1:0.9406 top5:0.9831 top10:0.9887 mAP:0.8555
2024-07-04 17:20:42 INFO Epoch 166/300	Training Loss: 0.9631	Time remaining is 3h:37m
2024-07-04 17:22:11 INFO Epoch 167/300	Training Loss: 0.9654	Time remaining is 3h:36m
2024-07-04 17:23:39 INFO Epoch 168/300	Training Loss: 0.9619	Time remaining is 3h:34m
2024-07-04 17:25:07 INFO Epoch 169/300	Training Loss: 0.9624	Time remaining is 3h:32m
2024-07-04 17:26:35 INFO Epoch 170/300	Training Loss: 0.9606	Time remaining is 3h:30m
2024-07-04 17:28:01 INFO Testing: dataset_name: market1501 top1:0.9415 top5:0.9834 top10:0.9899 mAP:0.8573
2024-07-04 17:29:29 INFO Epoch 171/300	Training Loss: 0.9567	Time remaining is 3h:30m
2024-07-04 17:30:57 INFO Epoch 172/300	Training Loss: 0.9615	Time remaining is 3h:28m
2024-07-04 17:32:25 INFO Epoch 173/300	Training Loss: 0.9579	Time remaining is 3h:26m
2024-07-04 17:33:53 INFO Epoch 174/300	Training Loss: 0.9562	Time remaining is 3h:25m
2024-07-04 17:35:21 INFO Epoch 175/300	Training Loss: 0.9595	Time remaining is 3h:23m
2024-07-04 17:36:46 INFO Testing: dataset_name: market1501 top1:0.9412 top5:0.9831 top10:0.9893 mAP:0.8567
2024-07-04 17:38:14 INFO Epoch 176/300	Training Loss: 0.9566	Time remaining is 3h:22m
2024-07-04 17:39:43 INFO Epoch 177/300	Training Loss: 0.9626	Time remaining is 3h:20m
2024-07-04 17:41:11 INFO Epoch 178/300	Training Loss: 0.9620	Time remaining is 3h:19m
2024-07-04 17:42:39 INFO Epoch 179/300	Training Loss: 0.9618	Time remaining is 3h:17m
2024-07-04 17:44:07 INFO Epoch 180/300	Training Loss: 0.9567	Time remaining is 3h:15m
2024-07-04 17:45:32 INFO Testing: dataset_name: market1501 top1:0.9412 top5:0.9816 top10:0.9890 mAP:0.8581
2024-07-04 17:47:00 INFO Epoch 181/300	Training Loss: 0.9558	Time remaining is 3h:15m
2024-07-04 17:48:28 INFO Epoch 182/300	Training Loss: 0.9611	Time remaining is 3h:13m
2024-07-04 17:49:56 INFO Epoch 183/300	Training Loss: 0.9557	Time remaining is 3h:11m
2024-07-04 17:51:24 INFO Epoch 184/300	Training Loss: 0.9547	Time remaining is 3h:9m
2024-07-04 17:52:52 INFO Epoch 185/300	Training Loss: 0.9597	Time remaining is 3h:8m
2024-07-04 17:54:18 INFO Testing: dataset_name: market1501 top1:0.9436 top5:0.9825 top10:0.9893 mAP:0.8587
2024-07-04 17:55:46 INFO Epoch 186/300	Training Loss: 0.9545	Time remaining is 3h:7m
2024-07-04 17:57:14 INFO Epoch 187/300	Training Loss: 0.9542	Time remaining is 3h:5m
2024-07-04 17:58:43 INFO Epoch 188/300	Training Loss: 0.9542	Time remaining is 3h:3m
2024-07-04 18:00:11 INFO Epoch 189/300	Training Loss: 0.9569	Time remaining is 3h:2m
2024-07-04 18:01:39 INFO Epoch 190/300	Training Loss: 0.9604	Time remaining is 2h:60m
2024-07-04 18:03:05 INFO Testing: dataset_name: market1501 top1:0.9406 top5:0.9828 top10:0.9890 mAP:0.8576
2024-07-04 18:04:33 INFO Epoch 191/300	Training Loss: 0.9555	Time remaining is 2h:59m
2024-07-04 18:06:01 INFO Epoch 192/300	Training Loss: 0.9537	Time remaining is 2h:57m
2024-07-04 18:07:29 INFO Epoch 193/300	Training Loss: 0.9588	Time remaining is 2h:56m
2024-07-04 18:08:57 INFO Epoch 194/300	Training Loss: 0.9588	Time remaining is 2h:54m
2024-07-04 18:10:25 INFO Epoch 195/300	Training Loss: 0.9590	Time remaining is 2h:52m
2024-07-04 18:11:51 INFO Testing: dataset_name: market1501 top1:0.9418 top5:0.9831 top10:0.9881 mAP:0.8585
2024-07-04 18:13:19 INFO Epoch 196/300	Training Loss: 0.9580	Time remaining is 2h:51m
2024-07-04 18:14:47 INFO Epoch 197/300	Training Loss: 0.9589	Time remaining is 2h:50m
2024-07-04 18:16:16 INFO Epoch 198/300	Training Loss: 0.9620	Time remaining is 2h:48m
2024-07-04 18:17:44 INFO Epoch 199/300	Training Loss: 0.9593	Time remaining is 2h:46m
2024-07-04 18:19:12 INFO Epoch 200/300	Training Loss: 0.9579	Time remaining is 2h:44m
2024-07-04 18:20:38 INFO Testing: dataset_name: market1501 top1:0.9412 top5:0.9828 top10:0.9896 mAP:0.8590
2024-07-04 18:22:06 INFO Epoch 201/300	Training Loss: 0.9585	Time remaining is 2h:43m
2024-07-04 18:23:34 INFO Epoch 202/300	Training Loss: 0.9582	Time remaining is 2h:42m
2024-07-04 18:25:02 INFO Epoch 203/300	Training Loss: 0.9522	Time remaining is 2h:40m
2024-07-04 18:26:30 INFO Epoch 204/300	Training Loss: 0.9540	Time remaining is 2h:38m
2024-07-04 18:27:58 INFO Epoch 205/300	Training Loss: 0.9586	Time remaining is 2h:37m
2024-07-04 18:29:24 INFO Testing: dataset_name: market1501 top1:0.9406 top5:0.9816 top10:0.9884 mAP:0.8590
2024-07-04 18:30:52 INFO Epoch 206/300	Training Loss: 0.9572	Time remaining is 2h:36m
2024-07-04 18:32:20 INFO Epoch 207/300	Training Loss: 0.9570	Time remaining is 2h:34m
2024-07-04 18:33:49 INFO Epoch 208/300	Training Loss: 0.9566	Time remaining is 2h:32m
2024-07-04 18:35:17 INFO Epoch 209/300	Training Loss: 0.9565	Time remaining is 2h:30m
2024-07-04 18:36:45 INFO Epoch 210/300	Training Loss: 0.9555	Time remaining is 2h:29m
2024-07-04 18:38:11 INFO Testing: dataset_name: market1501 top1:0.9406 top5:0.9816 top10:0.9896 mAP:0.8579
2024-07-04 18:39:39 INFO Epoch 211/300	Training Loss: 0.9589	Time remaining is 2h:28m
2024-07-04 18:41:07 INFO Epoch 212/300	Training Loss: 0.9573	Time remaining is 2h:26m
2024-07-04 18:42:36 INFO Epoch 213/300	Training Loss: 0.9555	Time remaining is 2h:24m
2024-07-04 18:44:04 INFO Epoch 214/300	Training Loss: 0.9562	Time remaining is 2h:22m
2024-07-04 18:45:32 INFO Epoch 215/300	Training Loss: 0.9563	Time remaining is 2h:21m
2024-07-04 18:46:58 INFO Testing: dataset_name: market1501 top1:0.9436 top5:0.9819 top10:0.9896 mAP:0.8595
2024-07-04 18:48:26 INFO Epoch 216/300	Training Loss: 0.9503	Time remaining is 2h:20m
2024-07-04 18:49:54 INFO Epoch 217/300	Training Loss: 0.9521	Time remaining is 2h:18m
2024-07-04 18:51:22 INFO Epoch 218/300	Training Loss: 0.9520	Time remaining is 2h:16m
2024-07-04 18:52:50 INFO Epoch 219/300	Training Loss: 0.9570	Time remaining is 2h:15m
2024-07-04 18:54:18 INFO Epoch 220/300	Training Loss: 0.9513	Time remaining is 2h:13m
2024-07-04 18:55:44 INFO Testing: dataset_name: market1501 top1:0.9436 top5:0.9813 top10:0.9881 mAP:0.8613
2024-07-04 18:57:12 INFO Epoch 221/300	Training Loss: 0.9504	Time remaining is 2h:12m
2024-07-04 18:58:40 INFO Epoch 222/300	Training Loss: 0.9573	Time remaining is 2h:10m
2024-07-04 19:00:08 INFO Epoch 223/300	Training Loss: 0.9554	Time remaining is 2h:8m
2024-07-04 19:01:36 INFO Epoch 224/300	Training Loss: 0.9552	Time remaining is 2h:7m
2024-07-04 19:03:05 INFO Epoch 225/300	Training Loss: 0.9566	Time remaining is 2h:5m
2024-07-04 19:04:30 INFO Testing: dataset_name: market1501 top1:0.9421 top5:0.9819 top10:0.9887 mAP:0.8609
2024-07-04 19:05:58 INFO Epoch 226/300	Training Loss: 0.9559	Time remaining is 2h:4m
2024-07-04 19:07:26 INFO Epoch 227/300	Training Loss: 0.9493	Time remaining is 2h:2m
2024-07-04 19:08:54 INFO Epoch 228/300	Training Loss: 0.9483	Time remaining is 2h:0m
2024-07-04 19:10:22 INFO Epoch 229/300	Training Loss: 0.9498	Time remaining is 1h:58m
2024-07-04 19:11:50 INFO Epoch 230/300	Training Loss: 0.9494	Time remaining is 1h:57m
2024-07-04 19:13:15 INFO Testing: dataset_name: market1501 top1:0.9430 top5:0.9822 top10:0.9887 mAP:0.8608
2024-07-04 19:14:43 INFO Epoch 231/300	Training Loss: 0.9547	Time remaining is 1h:56m
2024-07-04 19:16:12 INFO Epoch 232/300	Training Loss: 0.9550	Time remaining is 1h:54m
2024-07-04 19:17:39 INFO Epoch 233/300	Training Loss: 0.9496	Time remaining is 1h:52m
2024-07-04 19:19:07 INFO Epoch 234/300	Training Loss: 0.9505	Time remaining is 1h:50m
2024-07-04 19:20:35 INFO Epoch 235/300	Training Loss: 0.9492	Time remaining is 1h:49m
2024-07-04 19:22:01 INFO Testing: dataset_name: market1501 top1:0.9424 top5:0.9813 top10:0.9884 mAP:0.8610
2024-07-04 19:23:28 INFO Epoch 236/300	Training Loss: 0.9500	Time remaining is 1h:47m
2024-07-04 19:24:57 INFO Epoch 237/300	Training Loss: 0.9531	Time remaining is 1h:46m
2024-07-04 19:26:25 INFO Epoch 238/300	Training Loss: 0.9542	Time remaining is 1h:44m
2024-07-04 19:27:53 INFO Epoch 239/300	Training Loss: 0.9540	Time remaining is 1h:42m
2024-07-04 19:29:21 INFO Epoch 240/300	Training Loss: 0.9555	Time remaining is 1h:41m
2024-07-04 19:30:47 INFO Testing: dataset_name: market1501 top1:0.9442 top5:0.9816 top10:0.9884 mAP:0.8618
2024-07-04 19:32:15 INFO Epoch 241/300	Training Loss: 0.9539	Time remaining is 1h:39m
2024-07-04 19:33:44 INFO Epoch 242/300	Training Loss: 0.9540	Time remaining is 1h:38m
2024-07-04 19:35:12 INFO Epoch 243/300	Training Loss: 0.9489	Time remaining is 1h:36m
2024-07-04 19:36:40 INFO Epoch 244/300	Training Loss: 0.9548	Time remaining is 1h:34m
2024-07-04 19:38:09 INFO Epoch 245/300	Training Loss: 0.9529	Time remaining is 1h:32m
2024-07-04 19:39:34 INFO Testing: dataset_name: market1501 top1:0.9412 top5:0.9825 top10:0.9884 mAP:0.8617
2024-07-04 19:41:03 INFO Epoch 246/300	Training Loss: 0.9531	Time remaining is 1h:31m
2024-07-04 19:42:31 INFO Epoch 247/300	Training Loss: 0.9522	Time remaining is 1h:29m
2024-07-04 19:44:00 INFO Epoch 248/300	Training Loss: 0.9514	Time remaining is 1h:28m
2024-07-04 19:45:29 INFO Epoch 249/300	Training Loss: 0.9530	Time remaining is 1h:26m
2024-07-04 19:46:57 INFO Epoch 250/300	Training Loss: 0.9575	Time remaining is 1h:24m
2024-07-04 19:48:23 INFO Testing: dataset_name: market1501 top1:0.9409 top5:0.9810 top10:0.9881 mAP:0.8599
2024-07-04 19:49:51 INFO Epoch 251/300	Training Loss: 0.9487	Time remaining is 1h:23m
2024-07-04 19:51:19 INFO Epoch 252/300	Training Loss: 0.9519	Time remaining is 1h:21m
2024-07-04 19:52:47 INFO Epoch 253/300	Training Loss: 0.9473	Time remaining is 1h:20m
2024-07-04 19:54:15 INFO Epoch 254/300	Training Loss: 0.9484	Time remaining is 1h:18m
2024-07-04 19:55:43 INFO Epoch 255/300	Training Loss: 0.9509	Time remaining is 1h:16m
2024-07-04 19:57:08 INFO Testing: dataset_name: market1501 top1:0.9424 top5:0.9816 top10:0.9893 mAP:0.8619
2024-07-04 19:58:37 INFO Epoch 256/300	Training Loss: 0.9515	Time remaining is 1h:15m
2024-07-04 20:00:05 INFO Epoch 257/300	Training Loss: 0.9474	Time remaining is 1h:13m
2024-07-04 20:01:34 INFO Epoch 258/300	Training Loss: 0.9577	Time remaining is 1h:11m
2024-07-04 20:03:02 INFO Epoch 259/300	Training Loss: 0.9470	Time remaining is 1h:10m
2024-07-04 20:04:30 INFO Epoch 260/300	Training Loss: 0.9507	Time remaining is 1h:8m
2024-07-04 20:05:55 INFO Testing: dataset_name: market1501 top1:0.9418 top5:0.9807 top10:0.9878 mAP:0.8623
2024-07-04 20:07:23 INFO Epoch 261/300	Training Loss: 0.9473	Time remaining is 1h:6m
2024-07-04 20:08:51 INFO Epoch 262/300	Training Loss: 0.9504	Time remaining is 1h:5m
2024-07-04 20:10:19 INFO Epoch 263/300	Training Loss: 0.9507	Time remaining is 1h:3m
2024-07-04 20:11:48 INFO Epoch 264/300	Training Loss: 0.9513	Time remaining is 1h:1m
2024-07-04 20:13:15 INFO Epoch 265/300	Training Loss: 0.9479	Time remaining is 0h:60m
2024-07-04 20:14:41 INFO Testing: dataset_name: market1501 top1:0.9424 top5:0.9828 top10:0.9881 mAP:0.8636
2024-07-04 20:16:09 INFO Epoch 266/300	Training Loss: 0.9459	Time remaining is 0h:58m
2024-07-04 20:17:37 INFO Epoch 267/300	Training Loss: 0.9514	Time remaining is 0h:57m
2024-07-04 20:19:06 INFO Epoch 268/300	Training Loss: 0.9505	Time remaining is 0h:55m
2024-07-04 20:20:34 INFO Epoch 269/300	Training Loss: 0.9512	Time remaining is 0h:53m
2024-07-04 20:22:02 INFO Epoch 270/300	Training Loss: 0.9458	Time remaining is 0h:51m
2024-07-04 20:23:27 INFO Testing: dataset_name: market1501 top1:0.9451 top5:0.9828 top10:0.9887 mAP:0.8629
2024-07-04 20:24:55 INFO Epoch 271/300	Training Loss: 0.9506	Time remaining is 0h:50m
2024-07-04 20:26:24 INFO Epoch 272/300	Training Loss: 0.9518	Time remaining is 0h:48m
2024-07-04 20:27:52 INFO Epoch 273/300	Training Loss: 0.9463	Time remaining is 0h:47m
2024-07-04 20:29:21 INFO Epoch 274/300	Training Loss: 0.9495	Time remaining is 0h:45m
2024-07-04 20:30:48 INFO Epoch 275/300	Training Loss: 0.9454	Time remaining is 0h:43m
2024-07-04 20:32:14 INFO Testing: dataset_name: market1501 top1:0.9427 top5:0.9825 top10:0.9881 mAP:0.8611
2024-07-04 20:33:42 INFO Epoch 276/300	Training Loss: 0.9497	Time remaining is 0h:42m
2024-07-04 20:35:10 INFO Epoch 277/300	Training Loss: 0.9462	Time remaining is 0h:40m
2024-07-04 20:36:38 INFO Epoch 278/300	Training Loss: 0.9453	Time remaining is 0h:38m
2024-07-04 20:38:06 INFO Epoch 279/300	Training Loss: 0.9507	Time remaining is 0h:37m
2024-07-04 20:39:35 INFO Epoch 280/300	Training Loss: 0.9516	Time remaining is 0h:35m
2024-07-04 20:41:01 INFO Testing: dataset_name: market1501 top1:0.9418 top5:0.9834 top10:0.9890 mAP:0.8634
2024-07-04 20:42:28 INFO Epoch 281/300	Training Loss: 0.9431	Time remaining is 0h:33m
2024-07-04 20:43:56 INFO Epoch 282/300	Training Loss: 0.9457	Time remaining is 0h:32m
2024-07-04 20:45:24 INFO Epoch 283/300	Training Loss: 0.9493	Time remaining is 0h:30m
2024-07-04 20:46:53 INFO Epoch 284/300	Training Loss: 0.9499	Time remaining is 0h:28m
2024-07-04 20:48:21 INFO Epoch 285/300	Training Loss: 0.9492	Time remaining is 0h:27m
2024-07-04 20:49:47 INFO Testing: dataset_name: market1501 top1:0.9430 top5:0.9828 top10:0.9884 mAP:0.8619
2024-07-04 20:51:15 INFO Epoch 286/300	Training Loss: 0.9495	Time remaining is 0h:25m
2024-07-04 20:52:44 INFO Epoch 287/300	Training Loss: 0.9503	Time remaining is 0h:23m
2024-07-04 20:54:12 INFO Epoch 288/300	Training Loss: 0.9480	Time remaining is 0h:22m
2024-07-04 20:55:40 INFO Epoch 289/300	Training Loss: 0.9439	Time remaining is 0h:20m
2024-07-04 20:57:08 INFO Epoch 290/300	Training Loss: 0.9473	Time remaining is 0h:18m
2024-07-04 20:58:33 INFO Testing: dataset_name: market1501 top1:0.9433 top5:0.9822 top10:0.9890 mAP:0.8627
2024-07-04 21:00:01 INFO Epoch 291/300	Training Loss: 0.9425	Time remaining is 0h:17m
2024-07-04 21:01:29 INFO Epoch 292/300	Training Loss: 0.9480	Time remaining is 0h:15m
2024-07-04 21:02:57 INFO Epoch 293/300	Training Loss: 0.9437	Time remaining is 0h:13m
2024-07-04 21:04:25 INFO Epoch 294/300	Training Loss: 0.9480	Time remaining is 0h:12m
2024-07-04 21:05:53 INFO Epoch 295/300	Training Loss: 0.9493	Time remaining is 0h:10m
2024-07-04 21:07:19 INFO Testing: dataset_name: market1501 top1:0.9412 top5:0.9819 top10:0.9884 mAP:0.8642
2024-07-04 21:08:47 INFO Epoch 296/300	Training Loss: 0.9493	Time remaining is 0h:8m
2024-07-04 21:10:15 INFO Epoch 297/300	Training Loss: 0.9483	Time remaining is 0h:7m
2024-07-04 21:11:44 INFO Epoch 298/300	Training Loss: 0.9485	Time remaining is 0h:5m
2024-07-04 21:13:12 INFO Epoch 299/300	Training Loss: 0.9431	Time remaining is 0h:3m
2024-07-04 21:14:39 INFO Epoch 300/300	Training Loss: 0.9431	Time remaining is 0h:2m
2024-07-04 21:16:05 INFO Testing: dataset_name: market1501 top1:0.9439 top5:0.9822 top10:0.9899 mAP:0.8628
2024-07-04 21:16:05 INFO The running time of training: 3.01519e+04 s
