2024-04-10 19:06:25 INFO ##################################################
2024-04-10 19:06:25 INFO Config values: batch_size: 60	current_directory: /home/hy/project/reid_task/ex_main9	dataset_name: market1501	dataset_path: /home/hy/project/data/Market-1501-v15.09.15	device: cuda	dtype: torch.float32	epoch_start_test: 90	epochs: 120	img_height: 256	img_width: 128	logs_outputs_path: /home/hy/project/reid_task/ex_main9/./outputs/logs	models_outputs_path: /home/hy/project/reid_task/ex_main9/./outputs/models	np: <module 'numpy' from '/home/hy/anaconda3/envs/py396/lib/python3.9/site-packages/numpy/__init__.py'>	os: <module 'os' from '/home/hy/anaconda3/envs/py396/lib/python3.9/os.py'>	outputs_dir: ./outputs/	outputs_path: /home/hy/project/reid_task/ex_main9/./outputs/	print_every: 1	seed: 1	taskname: ReID_Task	temps_outputs_path: /home/hy/project/reid_task/ex_main9/./outputs/temps	test_batch_size: 256	test_every: 5	torch: <module 'torch' from '/home/hy/anaconda3/envs/py396/lib/python3.9/site-packages/torch/__init__.py'>
2024-04-10 19:06:25 INFO Task: ReID_Task
2024-04-10 19:06:25 INFO Using device: cuda
2024-04-10 19:06:25 INFO Using data type: torch.float32
2024-04-10 19:06:25 INFO Number of GPUs: 1
2024-04-10 19:06:25 INFO GPU is_available: True
2024-04-10 19:06:25 INFO GPU name: NVIDIA GeForce RTX 3060
2024-04-10 19:06:25 INFO CUDA version: 12.1
2024-04-10 19:06:25 INFO Current device id: 0
2024-04-10 19:06:25 INFO ##################################################
2024-04-10 19:07:43 INFO Epoch 1/120	Training Loss: 9.6298	Time remaining is 2h:34m
2024-04-10 19:08:58 INFO Epoch 2/120	Training Loss: 8.1571	Time remaining is 2h:32m
2024-04-10 19:10:14 INFO Epoch 3/120	Training Loss: 6.3071	Time remaining is 2h:30m
2024-04-10 19:11:31 INFO Epoch 4/120	Training Loss: 4.8427	Time remaining is 2h:29m
2024-04-10 19:12:46 INFO Epoch 5/120	Training Loss: 3.7772	Time remaining is 2h:27m
2024-04-10 19:14:02 INFO Epoch 6/120	Training Loss: 3.0808	Time remaining is 2h:26m
2024-04-10 19:15:18 INFO Epoch 7/120	Training Loss: 2.7293	Time remaining is 2h:24m
2024-04-10 19:16:33 INFO Epoch 8/120	Training Loss: 2.5297	Time remaining is 2h:23m
2024-04-10 19:17:49 INFO Epoch 9/120	Training Loss: 2.4305	Time remaining is 2h:22m
2024-04-10 19:19:05 INFO Epoch 10/120	Training Loss: 2.3512	Time remaining is 2h:21m
2024-04-10 19:20:21 INFO Epoch 11/120	Training Loss: 2.3137	Time remaining is 2h:19m
2024-04-10 19:21:37 INFO Epoch 12/120	Training Loss: 2.2630	Time remaining is 2h:18m
2024-04-10 19:22:53 INFO Epoch 13/120	Training Loss: 2.2156	Time remaining is 2h:17m
2024-04-10 19:24:09 INFO Epoch 14/120	Training Loss: 2.1983	Time remaining is 2h:15m
2024-04-10 19:25:25 INFO Epoch 15/120	Training Loss: 2.1707	Time remaining is 2h:14m
2024-04-10 19:26:41 INFO Epoch 16/120	Training Loss: 2.1527	Time remaining is 2h:13m
2024-04-10 19:27:57 INFO Epoch 17/120	Training Loss: 2.1362	Time remaining is 2h:12m
2024-04-10 19:29:13 INFO Epoch 18/120	Training Loss: 2.1266	Time remaining is 2h:10m
2024-04-10 19:30:29 INFO Epoch 19/120	Training Loss: 2.1293	Time remaining is 2h:9m
2024-04-10 19:31:45 INFO Epoch 20/120	Training Loss: 2.1208	Time remaining is 2h:8m
2024-04-10 19:33:00 INFO Epoch 21/120	Training Loss: 2.1205	Time remaining is 2h:7m
2024-04-10 19:34:16 INFO Epoch 22/120	Training Loss: 2.1162	Time remaining is 2h:5m
2024-04-10 19:35:31 INFO Epoch 23/120	Training Loss: 2.1077	Time remaining is 2h:4m
2024-04-10 19:36:47 INFO Epoch 24/120	Training Loss: 2.1167	Time remaining is 2h:3m
2024-04-10 19:38:03 INFO Epoch 25/120	Training Loss: 2.1168	Time remaining is 2h:1m
2024-04-10 19:39:20 INFO Epoch 26/120	Training Loss: 2.1290	Time remaining is 2h:0m
2024-04-10 19:40:35 INFO Epoch 27/120	Training Loss: 2.1107	Time remaining is 1h:59m
2024-04-10 19:41:51 INFO Epoch 28/120	Training Loss: 2.1024	Time remaining is 1h:58m
2024-04-10 19:43:07 INFO Epoch 29/120	Training Loss: 2.1127	Time remaining is 1h:56m
2024-04-10 19:44:22 INFO Epoch 30/120	Training Loss: 2.0985	Time remaining is 1h:55m
2024-04-10 19:45:38 INFO Epoch 31/120	Training Loss: 2.1006	Time remaining is 1h:54m
2024-04-10 19:46:54 INFO Epoch 32/120	Training Loss: 2.1068	Time remaining is 1h:53m
2024-04-10 19:48:10 INFO Epoch 33/120	Training Loss: 2.0960	Time remaining is 1h:51m
2024-04-10 19:49:26 INFO Epoch 34/120	Training Loss: 2.1054	Time remaining is 1h:50m
2024-04-10 19:50:42 INFO Epoch 35/120	Training Loss: 2.1097	Time remaining is 1h:49m
2024-04-10 19:51:58 INFO Epoch 36/120	Training Loss: 2.0991	Time remaining is 1h:48m
2024-04-10 19:53:14 INFO Epoch 37/120	Training Loss: 2.0885	Time remaining is 1h:46m
2024-04-10 19:54:30 INFO Epoch 38/120	Training Loss: 2.0908	Time remaining is 1h:45m
2024-04-10 19:55:46 INFO Epoch 39/120	Training Loss: 2.1030	Time remaining is 1h:44m
2024-04-10 19:57:01 INFO Epoch 40/120	Training Loss: 2.0893	Time remaining is 1h:42m
2024-04-10 19:58:17 INFO Epoch 41/120	Training Loss: 2.0312	Time remaining is 1h:41m
2024-04-10 19:59:33 INFO Epoch 42/120	Training Loss: 1.9613	Time remaining is 1h:40m
2024-04-10 20:00:49 INFO Epoch 43/120	Training Loss: 1.9584	Time remaining is 1h:39m
2024-04-10 20:02:06 INFO Epoch 44/120	Training Loss: 1.9489	Time remaining is 1h:37m
2024-04-10 20:03:22 INFO Epoch 45/120	Training Loss: 1.9427	Time remaining is 1h:36m
2024-04-10 20:04:38 INFO Epoch 46/120	Training Loss: 1.9411	Time remaining is 1h:35m
2024-04-10 20:05:53 INFO Epoch 47/120	Training Loss: 1.9260	Time remaining is 1h:34m
2024-04-10 20:07:09 INFO Epoch 48/120	Training Loss: 1.9343	Time remaining is 1h:32m
2024-04-10 20:08:25 INFO Epoch 49/120	Training Loss: 1.9216	Time remaining is 1h:31m
2024-04-10 20:09:41 INFO Epoch 50/120	Training Loss: 1.9309	Time remaining is 1h:30m
2024-04-10 20:10:57 INFO Epoch 51/120	Training Loss: 1.9153	Time remaining is 1h:29m
2024-04-10 20:12:13 INFO Epoch 52/120	Training Loss: 1.9224	Time remaining is 1h:27m
2024-04-10 20:13:29 INFO Epoch 53/120	Training Loss: 1.9228	Time remaining is 1h:26m
2024-04-10 20:14:45 INFO Epoch 54/120	Training Loss: 1.9205	Time remaining is 1h:25m
2024-04-10 20:16:01 INFO Epoch 55/120	Training Loss: 1.9206	Time remaining is 1h:24m
2024-04-10 20:17:17 INFO Epoch 56/120	Training Loss: 1.9184	Time remaining is 1h:22m
2024-04-10 20:18:32 INFO Epoch 57/120	Training Loss: 1.9076	Time remaining is 1h:21m
2024-04-10 20:19:49 INFO Epoch 58/120	Training Loss: 1.9167	Time remaining is 1h:20m
2024-04-10 20:21:05 INFO Epoch 59/120	Training Loss: 1.9181	Time remaining is 1h:18m
2024-04-10 20:22:20 INFO Epoch 60/120	Training Loss: 1.9145	Time remaining is 1h:17m
2024-04-10 20:23:37 INFO Epoch 61/120	Training Loss: 1.9145	Time remaining is 1h:16m
2024-04-10 20:24:53 INFO Epoch 62/120	Training Loss: 1.9127	Time remaining is 1h:15m
2024-04-10 20:26:09 INFO Epoch 63/120	Training Loss: 1.9118	Time remaining is 1h:13m
2024-04-10 20:27:25 INFO Epoch 64/120	Training Loss: 1.9113	Time remaining is 1h:12m
2024-04-10 20:28:41 INFO Epoch 65/120	Training Loss: 1.9078	Time remaining is 1h:11m
2024-04-10 20:29:57 INFO Epoch 66/120	Training Loss: 1.9079	Time remaining is 1h:10m
2024-04-10 20:31:13 INFO Epoch 67/120	Training Loss: 1.9159	Time remaining is 1h:8m
2024-04-10 20:32:29 INFO Epoch 68/120	Training Loss: 1.9064	Time remaining is 1h:7m
2024-04-10 20:33:45 INFO Epoch 69/120	Training Loss: 1.8984	Time remaining is 1h:6m
2024-04-10 20:35:01 INFO Epoch 70/120	Training Loss: 1.9048	Time remaining is 1h:5m
2024-04-10 20:36:18 INFO Epoch 71/120	Training Loss: 1.9034	Time remaining is 1h:3m
2024-04-10 20:37:34 INFO Epoch 72/120	Training Loss: 1.8983	Time remaining is 1h:2m
2024-04-10 20:38:50 INFO Epoch 73/120	Training Loss: 1.8966	Time remaining is 1h:1m
2024-04-10 20:40:05 INFO Epoch 74/120	Training Loss: 1.8858	Time remaining is 0h:59m
2024-04-10 20:41:21 INFO Epoch 75/120	Training Loss: 1.8850	Time remaining is 0h:58m
2024-04-10 20:42:36 INFO Epoch 76/120	Training Loss: 1.8827	Time remaining is 0h:57m
2024-04-10 20:43:52 INFO Epoch 77/120	Training Loss: 1.8933	Time remaining is 0h:56m
2024-04-10 20:45:08 INFO Epoch 78/120	Training Loss: 1.8850	Time remaining is 0h:54m
2024-04-10 20:46:24 INFO Epoch 79/120	Training Loss: 1.8926	Time remaining is 0h:53m
2024-04-10 20:47:40 INFO Epoch 80/120	Training Loss: 1.8936	Time remaining is 0h:52m
2024-04-10 20:48:56 INFO Epoch 81/120	Training Loss: 1.8923	Time remaining is 0h:51m
2024-04-10 20:50:12 INFO Epoch 82/120	Training Loss: 1.8919	Time remaining is 0h:49m
2024-04-10 20:51:30 INFO Epoch 83/120	Training Loss: 1.8922	Time remaining is 0h:48m
2024-04-10 20:52:47 INFO Epoch 84/120	Training Loss: 1.8904	Time remaining is 0h:47m
2024-04-10 20:54:03 INFO Epoch 85/120	Training Loss: 1.8935	Time remaining is 0h:46m
2024-04-10 20:55:20 INFO Epoch 86/120	Training Loss: 1.8919	Time remaining is 0h:44m
2024-04-10 20:56:37 INFO Epoch 87/120	Training Loss: 1.8908	Time remaining is 0h:43m
2024-04-10 20:57:52 INFO Epoch 88/120	Training Loss: 1.8803	Time remaining is 0h:42m
2024-04-10 20:59:08 INFO Epoch 89/120	Training Loss: 1.8903	Time remaining is 0h:41m
2024-04-10 21:00:24 INFO Epoch 90/120	Training Loss: 1.8907	Time remaining is 0h:39m
2024-04-10 21:01:52 INFO Testing: dataset_name: market1501 top1:0.9474 top5:0.9852 top10:0.9929 mAP:0.8733
2024-04-10 21:03:08 INFO Epoch 91/120	Training Loss: 1.8908	Time remaining is 0h:38m
2024-04-10 21:04:24 INFO Epoch 92/120	Training Loss: 1.8792	Time remaining is 0h:37m
2024-04-10 21:05:40 INFO Epoch 93/120	Training Loss: 1.8920	Time remaining is 0h:36m
2024-04-10 21:06:56 INFO Epoch 94/120	Training Loss: 1.8888	Time remaining is 0h:35m
2024-04-10 21:08:12 INFO Epoch 95/120	Training Loss: 1.8789	Time remaining is 0h:33m
2024-04-10 21:09:39 INFO Testing: dataset_name: market1501 top1:0.9486 top5:0.9849 top10:0.9926 mAP:0.8750
2024-04-10 21:10:55 INFO Epoch 96/120	Training Loss: 1.8900	Time remaining is 0h:32m
2024-04-10 21:12:11 INFO Epoch 97/120	Training Loss: 1.8781	Time remaining is 0h:31m
2024-04-10 21:13:27 INFO Epoch 98/120	Training Loss: 1.8917	Time remaining is 0h:30m
2024-04-10 21:14:42 INFO Epoch 99/120	Training Loss: 1.8883	Time remaining is 0h:29m
2024-04-10 21:15:58 INFO Epoch 100/120	Training Loss: 1.8871	Time remaining is 0h:27m
2024-04-10 21:17:25 INFO Testing: dataset_name: market1501 top1:0.9466 top5:0.9852 top10:0.9920 mAP:0.8743
2024-04-10 21:18:41 INFO Epoch 101/120	Training Loss: 1.8894	Time remaining is 0h:26m
2024-04-10 21:19:57 INFO Epoch 102/120	Training Loss: 1.8877	Time remaining is 0h:25m
2024-04-10 21:21:13 INFO Epoch 103/120	Training Loss: 1.8870	Time remaining is 0h:24m
2024-04-10 21:22:29 INFO Epoch 104/120	Training Loss: 1.8868	Time remaining is 0h:22m
2024-04-10 21:23:45 INFO Epoch 105/120	Training Loss: 1.8977	Time remaining is 0h:21m
2024-04-10 21:25:12 INFO Testing: dataset_name: market1501 top1:0.9474 top5:0.9857 top10:0.9917 mAP:0.8744
2024-04-10 21:26:28 INFO Epoch 106/120	Training Loss: 1.8884	Time remaining is 0h:20m
2024-04-10 21:27:44 INFO Epoch 107/120	Training Loss: 1.8776	Time remaining is 0h:18m
2024-04-10 21:29:00 INFO Epoch 108/120	Training Loss: 1.8881	Time remaining is 0h:17m
2024-04-10 21:30:16 INFO Epoch 109/120	Training Loss: 1.8866	Time remaining is 0h:16m
2024-04-10 21:31:32 INFO Epoch 110/120	Training Loss: 1.8863	Time remaining is 0h:15m
2024-04-10 21:32:59 INFO Testing: dataset_name: market1501 top1:0.9477 top5:0.9860 top10:0.9917 mAP:0.8759
2024-04-10 21:34:14 INFO Epoch 111/120	Training Loss: 1.8758	Time remaining is 0h:13m
2024-04-10 21:35:30 INFO Epoch 112/120	Training Loss: 1.8856	Time remaining is 0h:12m
2024-04-10 21:36:46 INFO Epoch 113/120	Training Loss: 1.8862	Time remaining is 0h:11m
2024-04-10 21:38:02 INFO Epoch 114/120	Training Loss: 1.8783	Time remaining is 0h:9m
2024-04-10 21:39:18 INFO Epoch 115/120	Training Loss: 1.8937	Time remaining is 0h:8m
2024-04-10 21:40:45 INFO Testing: dataset_name: market1501 top1:0.9486 top5:0.9855 top10:0.9920 mAP:0.8766
2024-04-10 21:42:01 INFO Epoch 116/120	Training Loss: 1.8857	Time remaining is 0h:7m
2024-04-10 21:43:17 INFO Epoch 117/120	Training Loss: 1.8876	Time remaining is 0h:5m
2024-04-10 21:44:33 INFO Epoch 118/120	Training Loss: 1.8853	Time remaining is 0h:4m
2024-04-10 21:45:49 INFO Epoch 119/120	Training Loss: 1.8954	Time remaining is 0h:3m
2024-04-10 21:47:05 INFO Epoch 120/120	Training Loss: 1.8745	Time remaining is 0h:1m
2024-04-10 21:48:32 INFO Testing: dataset_name: market1501 top1:0.9495 top5:0.9849 top10:0.9920 mAP:0.8774
2024-04-10 21:48:32 INFO The running time of training: 9.72710e+03 s
