2024-10-04 23:28:20 INFO ##################################################
2024-10-04 23:28:20 INFO Config values: batch_size: 60	current_directory: /home/hy/project/reid_task/ex_003_11	dataset_name: Occluded_Duke	dataset_path: /home/hy/project/data/Occluded_Duke	device: cuda	dtype: torch.float32	epoch_start_test: 90	epochs: 120	img_height: 256	img_width: 128	logs_outputs_path: /home/hy/project/reid_task/ex_003_11/./outputs/logs	models_outputs_path: /home/hy/project/reid_task/ex_003_11/./outputs/models	np: <module 'numpy' from '/home/hy/anaconda3/envs/py396/lib/python3.9/site-packages/numpy/__init__.py'>	os: <module 'os' from '/home/hy/anaconda3/envs/py396/lib/python3.9/os.py'>	outputs_dir: ./outputs/	outputs_path: /home/hy/project/reid_task/ex_003_11/./outputs/	print_every: 1	seed: 1	taskname: ReID_Task	temps_outputs_path: /home/hy/project/reid_task/ex_003_11/./outputs/temps	test_batch_size: 256	test_every: 5	torch: <module 'torch' from '/home/hy/anaconda3/envs/py396/lib/python3.9/site-packages/torch/__init__.py'>
2024-10-04 23:28:20 INFO Task: ReID_Task
2024-10-04 23:28:20 INFO Using device: cuda
2024-10-04 23:28:20 INFO Using data type: torch.float32
2024-10-04 23:28:20 INFO Number of GPUs: 1
2024-10-04 23:28:20 INFO GPU is_available: True
2024-10-04 23:28:20 INFO GPU name: NVIDIA GeForce RTX 3060
2024-10-04 23:28:20 INFO CUDA version: 12.1
2024-10-04 23:28:20 INFO Current device id: 0
2024-10-04 23:28:20 INFO ##################################################
2024-10-04 23:29:38 INFO Epoch 1/120	Training Loss: 10.8950	Time remaining is 2h:35m
2024-10-04 23:30:54 INFO Epoch 2/120	Training Loss: 8.7230	Time remaining is 2h:33m
2024-10-04 23:32:12 INFO Epoch 3/120	Training Loss: 5.9096	Time remaining is 2h:32m
2024-10-04 23:33:29 INFO Epoch 4/120	Training Loss: 3.4981	Time remaining is 2h:30m
2024-10-04 23:34:45 INFO Epoch 5/120	Training Loss: 2.1424	Time remaining is 2h:29m
2024-10-04 23:36:02 INFO Epoch 6/120	Training Loss: 1.5946	Time remaining is 2h:28m
2024-10-04 23:37:19 INFO Epoch 7/120	Training Loss: 1.3874	Time remaining is 2h:26m
2024-10-04 23:38:36 INFO Epoch 8/120	Training Loss: 1.3268	Time remaining is 2h:25m
2024-10-04 23:39:54 INFO Epoch 9/120	Training Loss: 1.3043	Time remaining is 2h:24m
2024-10-04 23:41:11 INFO Epoch 10/120	Training Loss: 1.2656	Time remaining is 2h:23m
2024-10-04 23:42:27 INFO Epoch 11/120	Training Loss: 1.2272	Time remaining is 2h:21m
2024-10-04 23:43:44 INFO Epoch 12/120	Training Loss: 1.1633	Time remaining is 2h:20m
2024-10-04 23:45:01 INFO Epoch 13/120	Training Loss: 1.1522	Time remaining is 2h:19m
2024-10-04 23:46:19 INFO Epoch 14/120	Training Loss: 1.1290	Time remaining is 2h:17m
2024-10-04 23:47:36 INFO Epoch 15/120	Training Loss: 1.1252	Time remaining is 2h:16m
2024-10-04 23:48:53 INFO Epoch 16/120	Training Loss: 1.1274	Time remaining is 2h:15m
2024-10-04 23:50:10 INFO Epoch 17/120	Training Loss: 1.1313	Time remaining is 2h:14m
2024-10-04 23:51:27 INFO Epoch 18/120	Training Loss: 1.1191	Time remaining is 2h:12m
2024-10-04 23:52:44 INFO Epoch 19/120	Training Loss: 1.1113	Time remaining is 2h:11m
2024-10-04 23:54:00 INFO Epoch 20/120	Training Loss: 1.0872	Time remaining is 2h:10m
2024-10-04 23:55:18 INFO Epoch 21/120	Training Loss: 1.0767	Time remaining is 2h:8m
2024-10-04 23:56:35 INFO Epoch 22/120	Training Loss: 1.0777	Time remaining is 2h:7m
2024-10-04 23:57:52 INFO Epoch 23/120	Training Loss: 1.0831	Time remaining is 2h:6m
2024-10-04 23:59:09 INFO Epoch 24/120	Training Loss: 1.0953	Time remaining is 2h:5m
2024-10-05 00:00:26 INFO Epoch 25/120	Training Loss: 1.0758	Time remaining is 2h:3m
2024-10-05 00:01:43 INFO Epoch 26/120	Training Loss: 1.1075	Time remaining is 2h:2m
2024-10-05 00:03:00 INFO Epoch 27/120	Training Loss: 1.0754	Time remaining is 2h:1m
2024-10-05 00:04:17 INFO Epoch 28/120	Training Loss: 1.0462	Time remaining is 1h:59m
2024-10-05 00:05:34 INFO Epoch 29/120	Training Loss: 1.0431	Time remaining is 1h:58m
2024-10-05 00:06:51 INFO Epoch 30/120	Training Loss: 1.0480	Time remaining is 1h:57m
2024-10-05 00:08:08 INFO Epoch 31/120	Training Loss: 1.0503	Time remaining is 1h:56m
2024-10-05 00:09:25 INFO Epoch 32/120	Training Loss: 1.0428	Time remaining is 1h:54m
2024-10-05 00:10:42 INFO Epoch 33/120	Training Loss: 1.0691	Time remaining is 1h:53m
2024-10-05 00:11:58 INFO Epoch 34/120	Training Loss: 1.0513	Time remaining is 1h:52m
2024-10-05 00:13:16 INFO Epoch 35/120	Training Loss: 1.0361	Time remaining is 1h:50m
2024-10-05 00:14:33 INFO Epoch 36/120	Training Loss: 1.0328	Time remaining is 1h:49m
2024-10-05 00:15:49 INFO Epoch 37/120	Training Loss: 1.0186	Time remaining is 1h:48m
2024-10-05 00:17:06 INFO Epoch 38/120	Training Loss: 1.0427	Time remaining is 1h:47m
2024-10-05 00:18:23 INFO Epoch 39/120	Training Loss: 1.0210	Time remaining is 1h:45m
2024-10-05 00:19:40 INFO Epoch 40/120	Training Loss: 0.9929	Time remaining is 1h:44m
2024-10-05 00:20:57 INFO Epoch 41/120	Training Loss: 0.9603	Time remaining is 1h:43m
2024-10-05 00:22:14 INFO Epoch 42/120	Training Loss: 0.9495	Time remaining is 1h:41m
2024-10-05 00:23:31 INFO Epoch 43/120	Training Loss: 0.9500	Time remaining is 1h:40m
2024-10-05 00:24:47 INFO Epoch 44/120	Training Loss: 0.9364	Time remaining is 1h:39m
2024-10-05 00:26:04 INFO Epoch 45/120	Training Loss: 0.9406	Time remaining is 1h:38m
2024-10-05 00:27:21 INFO Epoch 46/120	Training Loss: 0.9348	Time remaining is 1h:36m
2024-10-05 00:28:38 INFO Epoch 47/120	Training Loss: 0.9453	Time remaining is 1h:35m
2024-10-05 00:29:55 INFO Epoch 48/120	Training Loss: 0.9437	Time remaining is 1h:34m
2024-10-05 00:31:12 INFO Epoch 49/120	Training Loss: 0.9367	Time remaining is 1h:32m
2024-10-05 00:32:29 INFO Epoch 50/120	Training Loss: 0.9371	Time remaining is 1h:31m
2024-10-05 00:33:46 INFO Epoch 51/120	Training Loss: 0.9347	Time remaining is 1h:30m
2024-10-05 00:35:03 INFO Epoch 52/120	Training Loss: 0.9355	Time remaining is 1h:29m
2024-10-05 00:36:20 INFO Epoch 53/120	Training Loss: 0.9385	Time remaining is 1h:27m
2024-10-05 00:37:37 INFO Epoch 54/120	Training Loss: 0.9279	Time remaining is 1h:26m
2024-10-05 00:38:54 INFO Epoch 55/120	Training Loss: 0.9368	Time remaining is 1h:25m
2024-10-05 00:40:11 INFO Epoch 56/120	Training Loss: 0.9372	Time remaining is 1h:23m
2024-10-05 00:41:28 INFO Epoch 57/120	Training Loss: 0.9353	Time remaining is 1h:22m
2024-10-05 00:42:46 INFO Epoch 58/120	Training Loss: 0.9384	Time remaining is 1h:21m
2024-10-05 00:44:03 INFO Epoch 59/120	Training Loss: 0.9382	Time remaining is 1h:20m
2024-10-05 00:45:21 INFO Epoch 60/120	Training Loss: 0.9345	Time remaining is 1h:18m
2024-10-05 00:46:37 INFO Epoch 61/120	Training Loss: 0.9241	Time remaining is 1h:17m
2024-10-05 00:47:54 INFO Epoch 62/120	Training Loss: 0.9322	Time remaining is 1h:16m
2024-10-05 00:49:11 INFO Epoch 63/120	Training Loss: 0.9273	Time remaining is 1h:14m
2024-10-05 00:50:28 INFO Epoch 64/120	Training Loss: 0.9284	Time remaining is 1h:13m
2024-10-05 00:51:45 INFO Epoch 65/120	Training Loss: 0.9270	Time remaining is 1h:12m
2024-10-05 00:53:02 INFO Epoch 66/120	Training Loss: 0.9344	Time remaining is 1h:11m
2024-10-05 00:54:19 INFO Epoch 67/120	Training Loss: 0.9252	Time remaining is 1h:9m
2024-10-05 00:55:36 INFO Epoch 68/120	Training Loss: 0.9261	Time remaining is 1h:8m
2024-10-05 00:56:53 INFO Epoch 69/120	Training Loss: 0.9284	Time remaining is 1h:7m
2024-10-05 00:58:10 INFO Epoch 70/120	Training Loss: 0.9181	Time remaining is 1h:5m
2024-10-05 00:59:27 INFO Epoch 71/120	Training Loss: 0.9264	Time remaining is 1h:4m
2024-10-05 01:00:44 INFO Epoch 72/120	Training Loss: 0.9218	Time remaining is 1h:3m
2024-10-05 01:02:01 INFO Epoch 73/120	Training Loss: 0.9202	Time remaining is 1h:2m
2024-10-05 01:03:18 INFO Epoch 74/120	Training Loss: 0.9118	Time remaining is 1h:0m
2024-10-05 01:04:35 INFO Epoch 75/120	Training Loss: 0.9171	Time remaining is 0h:59m
2024-10-05 01:05:51 INFO Epoch 76/120	Training Loss: 0.9158	Time remaining is 0h:58m
2024-10-05 01:07:08 INFO Epoch 77/120	Training Loss: 0.9152	Time remaining is 0h:56m
2024-10-05 01:08:26 INFO Epoch 78/120	Training Loss: 0.9196	Time remaining is 0h:55m
2024-10-05 01:09:43 INFO Epoch 79/120	Training Loss: 0.9194	Time remaining is 0h:54m
2024-10-05 01:10:59 INFO Epoch 80/120	Training Loss: 0.9098	Time remaining is 0h:53m
2024-10-05 01:12:16 INFO Epoch 81/120	Training Loss: 0.9160	Time remaining is 0h:51m
2024-10-05 01:13:33 INFO Epoch 82/120	Training Loss: 0.9233	Time remaining is 0h:50m
2024-10-05 01:14:51 INFO Epoch 83/120	Training Loss: 0.9232	Time remaining is 0h:49m
2024-10-05 01:16:08 INFO Epoch 84/120	Training Loss: 0.9203	Time remaining is 0h:47m
2024-10-05 01:17:25 INFO Epoch 85/120	Training Loss: 0.9180	Time remaining is 0h:46m
2024-10-05 01:18:42 INFO Epoch 86/120	Training Loss: 0.9158	Time remaining is 0h:45m
2024-10-05 01:19:59 INFO Epoch 87/120	Training Loss: 0.9196	Time remaining is 0h:44m
2024-10-05 01:21:17 INFO Epoch 88/120	Training Loss: 0.9233	Time remaining is 0h:42m
2024-10-05 01:22:33 INFO Epoch 89/120	Training Loss: 0.9149	Time remaining is 0h:41m
2024-10-05 01:23:50 INFO Epoch 90/120	Training Loss: 0.9121	Time remaining is 0h:40m
2024-10-05 01:24:54 INFO Epoch 90/120	Testing: dataset_name: Occluded_Duke top1: 60.769 top5: 74.796 top10: 79.186 mAP: 51.110
2024-10-05 01:26:11 INFO Epoch 91/120	Training Loss: 0.9201	Time remaining is 0h:39m
2024-10-05 01:27:28 INFO Epoch 92/120	Training Loss: 0.9147	Time remaining is 0h:38m
2024-10-05 01:28:45 INFO Epoch 93/120	Training Loss: 0.9152	Time remaining is 0h:36m
2024-10-05 01:30:02 INFO Epoch 94/120	Training Loss: 0.9177	Time remaining is 0h:35m
2024-10-05 01:31:20 INFO Epoch 95/120	Training Loss: 0.9221	Time remaining is 0h:34m
2024-10-05 01:32:24 INFO Epoch 95/120	Testing: dataset_name: Occluded_Duke top1: 60.769 top5: 74.389 top10: 79.095 mAP: 51.118
2024-10-05 01:33:41 INFO Epoch 96/120	Training Loss: 0.9160	Time remaining is 0h:33m
2024-10-05 01:34:58 INFO Epoch 97/120	Training Loss: 0.9141	Time remaining is 0h:31m
2024-10-05 01:36:15 INFO Epoch 98/120	Training Loss: 0.9099	Time remaining is 0h:30m
2024-10-05 01:37:31 INFO Epoch 99/120	Training Loss: 0.9145	Time remaining is 0h:29m
2024-10-05 01:38:49 INFO Epoch 100/120	Training Loss: 0.9180	Time remaining is 0h:27m
2024-10-05 01:39:53 INFO Epoch 100/120	Testing: dataset_name: Occluded_Duke top1: 61.629 top5: 75.023 top10: 79.412 mAP: 51.431
2024-10-05 01:41:10 INFO Epoch 101/120	Training Loss: 0.9148	Time remaining is 0h:26m
2024-10-05 01:42:27 INFO Epoch 102/120	Training Loss: 0.9093	Time remaining is 0h:25m
2024-10-05 01:43:43 INFO Epoch 103/120	Training Loss: 0.9146	Time remaining is 0h:24m
2024-10-05 01:45:01 INFO Epoch 104/120	Training Loss: 0.9174	Time remaining is 0h:22m
2024-10-05 01:46:18 INFO Epoch 105/120	Training Loss: 0.9134	Time remaining is 0h:21m
2024-10-05 01:47:22 INFO Epoch 105/120	Testing: dataset_name: Occluded_Duke top1: 61.312 top5: 75.113 top10: 79.683 mAP: 51.730
2024-10-05 01:48:38 INFO Epoch 106/120	Training Loss: 0.9051	Time remaining is 0h:20m
2024-10-05 01:49:56 INFO Epoch 107/120	Training Loss: 0.9130	Time remaining is 0h:19m
2024-10-05 01:51:13 INFO Epoch 108/120	Training Loss: 0.9134	Time remaining is 0h:17m
2024-10-05 01:52:30 INFO Epoch 109/120	Training Loss: 0.9162	Time remaining is 0h:16m
2024-10-05 01:53:47 INFO Epoch 110/120	Training Loss: 0.9136	Time remaining is 0h:15m
2024-10-05 01:54:51 INFO Epoch 110/120	Testing: dataset_name: Occluded_Duke top1: 61.403 top5: 75.113 top10: 79.593 mAP: 51.618
2024-10-05 01:56:08 INFO Epoch 111/120	Training Loss: 0.9127	Time remaining is 0h:13m
2024-10-05 01:57:25 INFO Epoch 112/120	Training Loss: 0.9101	Time remaining is 0h:12m
2024-10-05 01:58:42 INFO Epoch 113/120	Training Loss: 0.9133	Time remaining is 0h:11m
2024-10-05 01:59:59 INFO Epoch 114/120	Training Loss: 0.9177	Time remaining is 0h:9m
2024-10-05 02:01:16 INFO Epoch 115/120	Training Loss: 0.9124	Time remaining is 0h:8m
2024-10-05 02:02:20 INFO Epoch 115/120	Testing: dataset_name: Occluded_Duke top1: 61.357 top5: 75.068 top10: 79.910 mAP: 51.865
2024-10-05 02:03:37 INFO Epoch 116/120	Training Loss: 0.9163	Time remaining is 0h:7m
2024-10-05 02:04:54 INFO Epoch 117/120	Training Loss: 0.9127	Time remaining is 0h:5m
2024-10-05 02:06:12 INFO Epoch 118/120	Training Loss: 0.9169	Time remaining is 0h:4m
2024-10-05 02:07:29 INFO Epoch 119/120	Training Loss: 0.9204	Time remaining is 0h:3m
2024-10-05 02:08:46 INFO Epoch 120/120	Training Loss: 0.9126	Time remaining is 0h:1m
2024-10-05 02:09:50 INFO Epoch 120/120	Testing: dataset_name: Occluded_Duke top1: 62.127 top5: 75.792 top10: 80.814 mAP: 52.173
2024-10-05 02:09:51 INFO The running time of training: 2.69 h
