2024-10-02 14:21:09 INFO ##################################################
2024-10-02 14:21:09 INFO Config values: batch_size: 60	current_directory: /home/hy/project/reid_task/ex_003_3	dataset_name: Occluded_Duke	dataset_path: /home/hy/project/data/Occluded_Duke	device: cuda	dtype: torch.float32	epoch_start_test: 90	epochs: 120	img_height: 256	img_width: 128	logs_outputs_path: /home/hy/project/reid_task/ex_003_3/./outputs/logs	models_outputs_path: /home/hy/project/reid_task/ex_003_3/./outputs/models	np: <module 'numpy' from '/home/hy/anaconda3/envs/py396/lib/python3.9/site-packages/numpy/__init__.py'>	os: <module 'os' from '/home/hy/anaconda3/envs/py396/lib/python3.9/os.py'>	outputs_dir: ./outputs/	outputs_path: /home/hy/project/reid_task/ex_003_3/./outputs/	print_every: 1	seed: 1	taskname: ReID_Task	temps_outputs_path: /home/hy/project/reid_task/ex_003_3/./outputs/temps	test_batch_size: 256	test_every: 5	torch: <module 'torch' from '/home/hy/anaconda3/envs/py396/lib/python3.9/site-packages/torch/__init__.py'>
2024-10-02 14:21:09 INFO Task: ReID_Task
2024-10-02 14:21:09 INFO Using device: cuda
2024-10-02 14:21:09 INFO Using data type: torch.float32
2024-10-02 14:21:09 INFO Number of GPUs: 1
2024-10-02 14:21:09 INFO GPU is_available: True
2024-10-02 14:21:09 INFO GPU name: NVIDIA GeForce RTX 3060
2024-10-02 14:21:09 INFO CUDA version: 12.1
2024-10-02 14:21:09 INFO Current device id: 0
2024-10-02 14:21:09 INFO ##################################################
2024-10-02 14:22:34 INFO Epoch 1/120	Training Loss: 7.1644	Time remaining is 2h:49m
2024-10-02 14:23:59 INFO Epoch 2/120	Training Loss: 6.0797	Time remaining is 2h:47m
2024-10-02 14:25:24 INFO Epoch 3/120	Training Loss: 4.7307	Time remaining is 2h:47m
2024-10-02 14:26:49 INFO Epoch 4/120	Training Loss: 3.5433	Time remaining is 2h:45m
2024-10-02 14:28:13 INFO Epoch 5/120	Training Loss: 2.7509	Time remaining is 2h:44m
2024-10-02 14:29:38 INFO Epoch 6/120	Training Loss: 2.3287	Time remaining is 2h:42m
2024-10-02 14:31:02 INFO Epoch 7/120	Training Loss: 2.0794	Time remaining is 2h:41m
2024-10-02 14:32:27 INFO Epoch 8/120	Training Loss: 1.9274	Time remaining is 2h:40m
2024-10-02 14:33:53 INFO Epoch 9/120	Training Loss: 1.8080	Time remaining is 2h:38m
2024-10-02 14:35:18 INFO Epoch 10/120	Training Loss: 1.7215	Time remaining is 2h:37m
2024-10-02 14:36:42 INFO Epoch 11/120	Training Loss: 1.6221	Time remaining is 2h:35m
2024-10-02 14:38:06 INFO Epoch 12/120	Training Loss: 1.5307	Time remaining is 2h:34m
2024-10-02 14:39:31 INFO Epoch 13/120	Training Loss: 1.4950	Time remaining is 2h:33m
2024-10-02 14:40:56 INFO Epoch 14/120	Training Loss: 1.4387	Time remaining is 2h:31m
2024-10-02 14:42:21 INFO Epoch 15/120	Training Loss: 1.4003	Time remaining is 2h:30m
2024-10-02 14:43:46 INFO Epoch 16/120	Training Loss: 1.3735	Time remaining is 2h:28m
2024-10-02 14:45:10 INFO Epoch 17/120	Training Loss: 1.3255	Time remaining is 2h:27m
2024-10-02 14:46:35 INFO Epoch 18/120	Training Loss: 1.3250	Time remaining is 2h:25m
2024-10-02 14:47:59 INFO Epoch 19/120	Training Loss: 1.3079	Time remaining is 2h:24m
2024-10-02 14:49:24 INFO Epoch 20/120	Training Loss: 1.2985	Time remaining is 2h:23m
2024-10-02 14:50:49 INFO Epoch 21/120	Training Loss: 1.2828	Time remaining is 2h:21m
2024-10-02 14:52:14 INFO Epoch 22/120	Training Loss: 1.2655	Time remaining is 2h:20m
2024-10-02 14:53:39 INFO Epoch 23/120	Training Loss: 1.2495	Time remaining is 2h:18m
2024-10-02 14:55:03 INFO Epoch 24/120	Training Loss: 1.2419	Time remaining is 2h:17m
2024-10-02 14:56:28 INFO Epoch 25/120	Training Loss: 1.2304	Time remaining is 2h:16m
2024-10-02 14:57:53 INFO Epoch 26/120	Training Loss: 1.2311	Time remaining is 2h:14m
2024-10-02 14:59:18 INFO Epoch 27/120	Training Loss: 1.2234	Time remaining is 2h:13m
2024-10-02 15:00:42 INFO Epoch 28/120	Training Loss: 1.2078	Time remaining is 2h:11m
2024-10-02 15:02:07 INFO Epoch 29/120	Training Loss: 1.2084	Time remaining is 2h:10m
2024-10-02 15:03:31 INFO Epoch 30/120	Training Loss: 1.2057	Time remaining is 2h:8m
2024-10-02 15:04:56 INFO Epoch 31/120	Training Loss: 1.1906	Time remaining is 2h:7m
2024-10-02 15:06:20 INFO Epoch 32/120	Training Loss: 1.1826	Time remaining is 2h:6m
2024-10-02 15:07:45 INFO Epoch 33/120	Training Loss: 1.1949	Time remaining is 2h:4m
2024-10-02 15:09:09 INFO Epoch 34/120	Training Loss: 1.1826	Time remaining is 2h:3m
2024-10-02 15:10:34 INFO Epoch 35/120	Training Loss: 1.1783	Time remaining is 2h:1m
2024-10-02 15:11:59 INFO Epoch 36/120	Training Loss: 1.1719	Time remaining is 2h:0m
2024-10-02 15:13:23 INFO Epoch 37/120	Training Loss: 1.1612	Time remaining is 1h:59m
2024-10-02 15:14:48 INFO Epoch 38/120	Training Loss: 1.1700	Time remaining is 1h:57m
2024-10-02 15:16:12 INFO Epoch 39/120	Training Loss: 1.1649	Time remaining is 1h:56m
2024-10-02 15:17:37 INFO Epoch 40/120	Training Loss: 1.1108	Time remaining is 1h:54m
2024-10-02 15:19:01 INFO Epoch 41/120	Training Loss: 1.0713	Time remaining is 1h:53m
2024-10-02 15:20:26 INFO Epoch 42/120	Training Loss: 1.0587	Time remaining is 1h:51m
2024-10-02 15:21:51 INFO Epoch 43/120	Training Loss: 1.0583	Time remaining is 1h:50m
2024-10-02 15:23:15 INFO Epoch 44/120	Training Loss: 1.0422	Time remaining is 1h:49m
2024-10-02 15:24:39 INFO Epoch 45/120	Training Loss: 1.0492	Time remaining is 1h:47m
2024-10-02 15:26:04 INFO Epoch 46/120	Training Loss: 1.0428	Time remaining is 1h:46m
2024-10-02 15:27:29 INFO Epoch 47/120	Training Loss: 1.0532	Time remaining is 1h:44m
2024-10-02 15:28:54 INFO Epoch 48/120	Training Loss: 1.0501	Time remaining is 1h:43m
2024-10-02 15:30:18 INFO Epoch 49/120	Training Loss: 1.0430	Time remaining is 1h:42m
2024-10-02 15:31:43 INFO Epoch 50/120	Training Loss: 1.0418	Time remaining is 1h:40m
2024-10-02 15:33:07 INFO Epoch 51/120	Training Loss: 1.0405	Time remaining is 1h:39m
2024-10-02 15:34:32 INFO Epoch 52/120	Training Loss: 1.0411	Time remaining is 1h:37m
2024-10-02 15:35:57 INFO Epoch 53/120	Training Loss: 1.0436	Time remaining is 1h:36m
2024-10-02 15:37:21 INFO Epoch 54/120	Training Loss: 1.0308	Time remaining is 1h:35m
2024-10-02 15:38:46 INFO Epoch 55/120	Training Loss: 1.0414	Time remaining is 1h:33m
2024-10-02 15:40:11 INFO Epoch 56/120	Training Loss: 1.0429	Time remaining is 1h:32m
2024-10-02 15:41:36 INFO Epoch 57/120	Training Loss: 1.0382	Time remaining is 1h:30m
2024-10-02 15:43:01 INFO Epoch 58/120	Training Loss: 1.0422	Time remaining is 1h:29m
2024-10-02 15:44:26 INFO Epoch 59/120	Training Loss: 1.0435	Time remaining is 1h:28m
2024-10-02 15:45:51 INFO Epoch 60/120	Training Loss: 1.0373	Time remaining is 1h:26m
2024-10-02 15:47:15 INFO Epoch 61/120	Training Loss: 1.0292	Time remaining is 1h:25m
2024-10-02 15:48:40 INFO Epoch 62/120	Training Loss: 1.0369	Time remaining is 1h:23m
2024-10-02 15:50:04 INFO Epoch 63/120	Training Loss: 1.0312	Time remaining is 1h:22m
2024-10-02 15:51:29 INFO Epoch 64/120	Training Loss: 1.0313	Time remaining is 1h:20m
2024-10-02 15:52:54 INFO Epoch 65/120	Training Loss: 1.0265	Time remaining is 1h:19m
2024-10-02 15:54:19 INFO Epoch 66/120	Training Loss: 1.0390	Time remaining is 1h:18m
2024-10-02 15:55:43 INFO Epoch 67/120	Training Loss: 1.0299	Time remaining is 1h:16m
2024-10-02 15:57:08 INFO Epoch 68/120	Training Loss: 1.0287	Time remaining is 1h:15m
2024-10-02 15:58:33 INFO Epoch 69/120	Training Loss: 1.0330	Time remaining is 1h:13m
2024-10-02 15:59:57 INFO Epoch 70/120	Training Loss: 1.0185	Time remaining is 1h:12m
2024-10-02 16:01:22 INFO Epoch 71/120	Training Loss: 1.0253	Time remaining is 1h:11m
2024-10-02 16:02:47 INFO Epoch 72/120	Training Loss: 1.0216	Time remaining is 1h:9m
2024-10-02 16:04:11 INFO Epoch 73/120	Training Loss: 1.0166	Time remaining is 1h:8m
2024-10-02 16:05:35 INFO Epoch 74/120	Training Loss: 1.0073	Time remaining is 1h:6m
2024-10-02 16:07:00 INFO Epoch 75/120	Training Loss: 1.0166	Time remaining is 1h:5m
2024-10-02 16:08:25 INFO Epoch 76/120	Training Loss: 1.0143	Time remaining is 1h:4m
2024-10-02 16:09:49 INFO Epoch 77/120	Training Loss: 1.0118	Time remaining is 1h:2m
2024-10-02 16:11:15 INFO Epoch 78/120	Training Loss: 1.0186	Time remaining is 1h:1m
2024-10-02 16:12:40 INFO Epoch 79/120	Training Loss: 1.0174	Time remaining is 0h:59m
2024-10-02 16:14:04 INFO Epoch 80/120	Training Loss: 1.0066	Time remaining is 0h:58m
2024-10-02 16:15:28 INFO Epoch 81/120	Training Loss: 1.0148	Time remaining is 0h:56m
2024-10-02 16:16:54 INFO Epoch 82/120	Training Loss: 1.0212	Time remaining is 0h:55m
2024-10-02 16:18:19 INFO Epoch 83/120	Training Loss: 1.0221	Time remaining is 0h:54m
2024-10-02 16:19:44 INFO Epoch 84/120	Training Loss: 1.0195	Time remaining is 0h:52m
2024-10-02 16:21:09 INFO Epoch 85/120	Training Loss: 1.0160	Time remaining is 0h:51m
2024-10-02 16:22:33 INFO Epoch 86/120	Training Loss: 1.0134	Time remaining is 0h:49m
2024-10-02 16:23:58 INFO Epoch 87/120	Training Loss: 1.0171	Time remaining is 0h:48m
2024-10-02 16:25:23 INFO Epoch 88/120	Training Loss: 1.0209	Time remaining is 0h:47m
2024-10-02 16:26:48 INFO Epoch 89/120	Training Loss: 1.0122	Time remaining is 0h:45m
2024-10-02 16:28:12 INFO Epoch 90/120	Training Loss: 1.0094	Time remaining is 0h:44m
2024-10-02 16:29:16 INFO Epoch 90/120	Testing: dataset_name: Occluded_Duke top1: 62.217 top5: 76.063 top10: 81.448 mAP: 53.457
2024-10-02 16:30:41 INFO Epoch 91/120	Training Loss: 1.0189	Time remaining is 0h:43m
2024-10-02 16:32:06 INFO Epoch 92/120	Training Loss: 1.0117	Time remaining is 0h:41m
2024-10-02 16:33:31 INFO Epoch 93/120	Training Loss: 1.0126	Time remaining is 0h:40m
2024-10-02 16:34:56 INFO Epoch 94/120	Training Loss: 1.0158	Time remaining is 0h:38m
2024-10-02 16:36:21 INFO Epoch 95/120	Training Loss: 1.0204	Time remaining is 0h:37m
2024-10-02 16:37:25 INFO Epoch 95/120	Testing: dataset_name: Occluded_Duke top1: 61.991 top5: 76.335 top10: 80.905 mAP: 53.396
2024-10-02 16:38:50 INFO Epoch 96/120	Training Loss: 1.0134	Time remaining is 0h:36m
2024-10-02 16:40:14 INFO Epoch 97/120	Training Loss: 1.0105	Time remaining is 0h:34m
2024-10-02 16:41:38 INFO Epoch 98/120	Training Loss: 1.0068	Time remaining is 0h:33m
2024-10-02 16:43:03 INFO Epoch 99/120	Training Loss: 1.0143	Time remaining is 0h:32m
2024-10-02 16:44:28 INFO Epoch 100/120	Training Loss: 1.0147	Time remaining is 0h:30m
2024-10-02 16:45:32 INFO Epoch 100/120	Testing: dataset_name: Occluded_Duke top1: 62.308 top5: 76.833 top10: 81.584 mAP: 53.687
2024-10-02 16:46:57 INFO Epoch 101/120	Training Loss: 1.0152	Time remaining is 0h:29m
2024-10-02 16:48:21 INFO Epoch 102/120	Training Loss: 1.0066	Time remaining is 0h:27m
2024-10-02 16:49:46 INFO Epoch 103/120	Training Loss: 1.0128	Time remaining is 0h:26m
2024-10-02 16:51:11 INFO Epoch 104/120	Training Loss: 1.0169	Time remaining is 0h:25m
2024-10-02 16:52:36 INFO Epoch 105/120	Training Loss: 1.0113	Time remaining is 0h:23m
2024-10-02 16:53:40 INFO Epoch 105/120	Testing: dataset_name: Occluded_Duke top1: 62.353 top5: 76.425 top10: 81.403 mAP: 53.725
2024-10-02 16:55:03 INFO Epoch 106/120	Training Loss: 1.0009	Time remaining is 0h:22m
2024-10-02 16:56:28 INFO Epoch 107/120	Training Loss: 1.0104	Time remaining is 0h:20m
2024-10-02 16:57:53 INFO Epoch 108/120	Training Loss: 1.0125	Time remaining is 0h:19m
2024-10-02 16:59:18 INFO Epoch 109/120	Training Loss: 1.0142	Time remaining is 0h:17m
2024-10-02 17:00:42 INFO Epoch 110/120	Training Loss: 1.0116	Time remaining is 0h:16m
2024-10-02 17:01:46 INFO Epoch 110/120	Testing: dataset_name: Occluded_Duke top1: 62.127 top5: 76.471 top10: 81.629 mAP: 53.787
2024-10-02 17:03:11 INFO Epoch 111/120	Training Loss: 1.0098	Time remaining is 0h:15m
2024-10-02 17:04:35 INFO Epoch 112/120	Training Loss: 1.0064	Time remaining is 0h:13m
2024-10-02 17:06:00 INFO Epoch 113/120	Training Loss: 1.0110	Time remaining is 0h:12m
2024-10-02 17:07:25 INFO Epoch 114/120	Training Loss: 1.0147	Time remaining is 0h:10m
2024-10-02 17:08:50 INFO Epoch 115/120	Training Loss: 1.0110	Time remaining is 0h:9m
2024-10-02 17:09:54 INFO Epoch 115/120	Testing: dataset_name: Occluded_Duke top1: 62.534 top5: 76.471 top10: 81.176 mAP: 53.942
2024-10-02 17:11:19 INFO Epoch 116/120	Training Loss: 1.0137	Time remaining is 0h:7m
2024-10-02 17:12:43 INFO Epoch 117/120	Training Loss: 1.0102	Time remaining is 0h:6m
2024-10-02 17:14:09 INFO Epoch 118/120	Training Loss: 1.0141	Time remaining is 0h:4m
2024-10-02 17:15:34 INFO Epoch 119/120	Training Loss: 1.0190	Time remaining is 0h:3m
2024-10-02 17:16:59 INFO Epoch 120/120	Training Loss: 1.0105	Time remaining is 0h:1m
2024-10-02 17:18:03 INFO Epoch 120/120	Testing: dataset_name: Occluded_Duke top1: 63.077 top5: 77.014 top10: 82.262 mAP: 54.096
2024-10-02 17:18:03 INFO The running time of training: 2.95 h
