2024-09-26 09:14:06 INFO ##################################################
2024-09-26 09:14:06 INFO Config values: batch_size: 60	current_directory: /home/hy/project/reid_task/ex_001_27	dataset_name: Occluded_Duke	dataset_path: /home/hy/project/data/Occluded_Duke	device: cuda	dtype: torch.float32	epoch_start_test: 90	epochs: 120	img_height: 256	img_width: 128	logs_outputs_path: /home/hy/project/reid_task/ex_001_27/./outputs/logs	models_outputs_path: /home/hy/project/reid_task/ex_001_27/./outputs/models	np: <module 'numpy' from '/home/hy/anaconda3/envs/py396/lib/python3.9/site-packages/numpy/__init__.py'>	os: <module 'os' from '/home/hy/anaconda3/envs/py396/lib/python3.9/os.py'>	outputs_dir: ./outputs/	outputs_path: /home/hy/project/reid_task/ex_001_27/./outputs/	print_every: 1	seed: 1	taskname: ReID_Task	temps_outputs_path: /home/hy/project/reid_task/ex_001_27/./outputs/temps	test_batch_size: 256	test_every: 5	torch: <module 'torch' from '/home/hy/anaconda3/envs/py396/lib/python3.9/site-packages/torch/__init__.py'>
2024-09-26 09:14:06 INFO Task: ReID_Task
2024-09-26 09:14:06 INFO Using device: cuda
2024-09-26 09:14:06 INFO Using data type: torch.float32
2024-09-26 09:14:06 INFO Number of GPUs: 1
2024-09-26 09:14:06 INFO GPU is_available: True
2024-09-26 09:14:06 INFO GPU name: NVIDIA GeForce RTX 3060
2024-09-26 09:14:06 INFO CUDA version: 12.1
2024-09-26 09:14:06 INFO Current device id: 0
2024-09-26 09:14:06 INFO ##################################################
2024-09-26 09:15:23 INFO Epoch 1/120	Training Loss: 5.4838	Time remaining is 2h:31m
2024-09-26 09:16:38 INFO Epoch 2/120	Training Loss: 4.5163	Time remaining is 2h:29m
2024-09-26 09:17:54 INFO Epoch 3/120	Training Loss: 3.3354	Time remaining is 2h:29m
2024-09-26 09:19:09 INFO Epoch 4/120	Training Loss: 2.3352	Time remaining is 2h:27m
2024-09-26 09:20:24 INFO Epoch 5/120	Training Loss: 1.7116	Time remaining is 2h:26m
2024-09-26 09:21:40 INFO Epoch 6/120	Training Loss: 1.4328	Time remaining is 2h:25m
2024-09-26 09:22:56 INFO Epoch 7/120	Training Loss: 1.2994	Time remaining is 2h:24m
2024-09-26 09:24:12 INFO Epoch 8/120	Training Loss: 1.2470	Time remaining is 2h:22m
2024-09-26 09:25:28 INFO Epoch 9/120	Training Loss: 1.2224	Time remaining is 2h:21m
2024-09-26 09:26:43 INFO Epoch 10/120	Training Loss: 1.2024	Time remaining is 2h:20m
2024-09-26 09:27:58 INFO Epoch 11/120	Training Loss: 1.1528	Time remaining is 2h:19m
2024-09-26 09:29:14 INFO Epoch 12/120	Training Loss: 1.1181	Time remaining is 2h:17m
2024-09-26 09:30:30 INFO Epoch 13/120	Training Loss: 1.1094	Time remaining is 2h:16m
2024-09-26 09:31:46 INFO Epoch 14/120	Training Loss: 1.0912	Time remaining is 2h:15m
2024-09-26 09:33:02 INFO Epoch 15/120	Training Loss: 1.0769	Time remaining is 2h:14m
2024-09-26 09:34:18 INFO Epoch 16/120	Training Loss: 1.0695	Time remaining is 2h:12m
2024-09-26 09:35:33 INFO Epoch 17/120	Training Loss: 1.0555	Time remaining is 2h:11m
2024-09-26 09:36:49 INFO Epoch 18/120	Training Loss: 1.0613	Time remaining is 2h:10m
2024-09-26 09:38:05 INFO Epoch 19/120	Training Loss: 1.0542	Time remaining is 2h:9m
2024-09-26 09:39:21 INFO Epoch 20/120	Training Loss: 1.0506	Time remaining is 2h:7m
2024-09-26 09:40:37 INFO Epoch 21/120	Training Loss: 1.0479	Time remaining is 2h:6m
2024-09-26 09:41:53 INFO Epoch 22/120	Training Loss: 1.0404	Time remaining is 2h:5m
2024-09-26 09:43:09 INFO Epoch 23/120	Training Loss: 1.0337	Time remaining is 2h:4m
2024-09-26 09:44:25 INFO Epoch 24/120	Training Loss: 1.0247	Time remaining is 2h:2m
2024-09-26 09:45:40 INFO Epoch 25/120	Training Loss: 1.0217	Time remaining is 2h:1m
2024-09-26 09:46:57 INFO Epoch 26/120	Training Loss: 1.0247	Time remaining is 1h:60m
2024-09-26 09:48:12 INFO Epoch 27/120	Training Loss: 1.0195	Time remaining is 1h:59m
2024-09-26 09:49:28 INFO Epoch 28/120	Training Loss: 1.0125	Time remaining is 1h:57m
2024-09-26 09:50:44 INFO Epoch 29/120	Training Loss: 1.0114	Time remaining is 1h:56m
2024-09-26 09:52:00 INFO Epoch 30/120	Training Loss: 1.0084	Time remaining is 1h:55m
2024-09-26 09:53:16 INFO Epoch 31/120	Training Loss: 1.0067	Time remaining is 1h:54m
2024-09-26 09:54:31 INFO Epoch 32/120	Training Loss: 1.0077	Time remaining is 1h:52m
2024-09-26 09:55:48 INFO Epoch 33/120	Training Loss: 1.0097	Time remaining is 1h:51m
2024-09-26 09:57:03 INFO Epoch 34/120	Training Loss: 0.9925	Time remaining is 1h:50m
2024-09-26 09:58:19 INFO Epoch 35/120	Training Loss: 1.0002	Time remaining is 1h:49m
2024-09-26 09:59:35 INFO Epoch 36/120	Training Loss: 1.0008	Time remaining is 1h:47m
2024-09-26 10:00:50 INFO Epoch 37/120	Training Loss: 0.9936	Time remaining is 1h:46m
2024-09-26 10:02:06 INFO Epoch 38/120	Training Loss: 0.9955	Time remaining is 1h:45m
2024-09-26 10:03:22 INFO Epoch 39/120	Training Loss: 0.9848	Time remaining is 1h:44m
2024-09-26 10:04:38 INFO Epoch 40/120	Training Loss: 0.9646	Time remaining is 1h:42m
2024-09-26 10:05:54 INFO Epoch 41/120	Training Loss: 0.9388	Time remaining is 1h:41m
2024-09-26 10:07:09 INFO Epoch 42/120	Training Loss: 0.9303	Time remaining is 1h:40m
2024-09-26 10:08:26 INFO Epoch 43/120	Training Loss: 0.9309	Time remaining is 1h:39m
2024-09-26 10:09:41 INFO Epoch 44/120	Training Loss: 0.9170	Time remaining is 1h:37m
2024-09-26 10:10:57 INFO Epoch 45/120	Training Loss: 0.9203	Time remaining is 1h:36m
2024-09-26 10:12:12 INFO Epoch 46/120	Training Loss: 0.9148	Time remaining is 1h:35m
2024-09-26 10:13:28 INFO Epoch 47/120	Training Loss: 0.9240	Time remaining is 1h:33m
2024-09-26 10:14:44 INFO Epoch 48/120	Training Loss: 0.9204	Time remaining is 1h:32m
2024-09-26 10:16:00 INFO Epoch 49/120	Training Loss: 0.9149	Time remaining is 1h:31m
2024-09-26 10:17:15 INFO Epoch 50/120	Training Loss: 0.9143	Time remaining is 1h:30m
2024-09-26 10:18:31 INFO Epoch 51/120	Training Loss: 0.9131	Time remaining is 1h:28m
2024-09-26 10:19:47 INFO Epoch 52/120	Training Loss: 0.9135	Time remaining is 1h:27m
2024-09-26 10:21:03 INFO Epoch 53/120	Training Loss: 0.9175	Time remaining is 1h:26m
2024-09-26 10:22:18 INFO Epoch 54/120	Training Loss: 0.9051	Time remaining is 1h:25m
2024-09-26 10:23:34 INFO Epoch 55/120	Training Loss: 0.9145	Time remaining is 1h:23m
2024-09-26 10:24:50 INFO Epoch 56/120	Training Loss: 0.9143	Time remaining is 1h:22m
2024-09-26 10:26:06 INFO Epoch 57/120	Training Loss: 0.9140	Time remaining is 1h:21m
2024-09-26 10:27:22 INFO Epoch 58/120	Training Loss: 0.9163	Time remaining is 1h:20m
2024-09-26 10:28:39 INFO Epoch 59/120	Training Loss: 0.9170	Time remaining is 1h:18m
2024-09-26 10:29:54 INFO Epoch 60/120	Training Loss: 0.9128	Time remaining is 1h:17m
2024-09-26 10:31:10 INFO Epoch 61/120	Training Loss: 0.9037	Time remaining is 1h:16m
2024-09-26 10:32:26 INFO Epoch 62/120	Training Loss: 0.9117	Time remaining is 1h:15m
2024-09-26 10:33:42 INFO Epoch 63/120	Training Loss: 0.9062	Time remaining is 1h:13m
2024-09-26 10:34:57 INFO Epoch 64/120	Training Loss: 0.9067	Time remaining is 1h:12m
2024-09-26 10:36:13 INFO Epoch 65/120	Training Loss: 0.9051	Time remaining is 1h:11m
2024-09-26 10:37:29 INFO Epoch 66/120	Training Loss: 0.9131	Time remaining is 1h:9m
2024-09-26 10:38:45 INFO Epoch 67/120	Training Loss: 0.9053	Time remaining is 1h:8m
2024-09-26 10:40:00 INFO Epoch 68/120	Training Loss: 0.9059	Time remaining is 1h:7m
2024-09-26 10:41:16 INFO Epoch 69/120	Training Loss: 0.9084	Time remaining is 1h:6m
2024-09-26 10:42:32 INFO Epoch 70/120	Training Loss: 0.8991	Time remaining is 1h:4m
2024-09-26 10:43:48 INFO Epoch 71/120	Training Loss: 0.9084	Time remaining is 1h:3m
2024-09-26 10:45:04 INFO Epoch 72/120	Training Loss: 0.9041	Time remaining is 1h:2m
2024-09-26 10:46:20 INFO Epoch 73/120	Training Loss: 0.9018	Time remaining is 1h:1m
2024-09-26 10:47:35 INFO Epoch 74/120	Training Loss: 0.8937	Time remaining is 0h:59m
2024-09-26 10:48:51 INFO Epoch 75/120	Training Loss: 0.8985	Time remaining is 0h:58m
2024-09-26 10:50:06 INFO Epoch 76/120	Training Loss: 0.8987	Time remaining is 0h:57m
2024-09-26 10:51:22 INFO Epoch 77/120	Training Loss: 0.8970	Time remaining is 0h:56m
2024-09-26 10:52:38 INFO Epoch 78/120	Training Loss: 0.9016	Time remaining is 0h:54m
2024-09-26 10:53:54 INFO Epoch 79/120	Training Loss: 0.9012	Time remaining is 0h:53m
2024-09-26 10:55:09 INFO Epoch 80/120	Training Loss: 0.8926	Time remaining is 0h:52m
2024-09-26 10:56:25 INFO Epoch 81/120	Training Loss: 0.8974	Time remaining is 0h:51m
2024-09-26 10:57:41 INFO Epoch 82/120	Training Loss: 0.9048	Time remaining is 0h:49m
2024-09-26 10:58:58 INFO Epoch 83/120	Training Loss: 0.9050	Time remaining is 0h:48m
2024-09-26 11:00:14 INFO Epoch 84/120	Training Loss: 0.9013	Time remaining is 0h:47m
2024-09-26 11:01:30 INFO Epoch 85/120	Training Loss: 0.9007	Time remaining is 0h:45m
2024-09-26 11:02:45 INFO Epoch 86/120	Training Loss: 0.8976	Time remaining is 0h:44m
2024-09-26 11:04:01 INFO Epoch 87/120	Training Loss: 0.9015	Time remaining is 0h:43m
2024-09-26 11:05:18 INFO Epoch 88/120	Training Loss: 0.9050	Time remaining is 0h:42m
2024-09-26 11:06:33 INFO Epoch 89/120	Training Loss: 0.8969	Time remaining is 0h:40m
2024-09-26 11:07:49 INFO Epoch 90/120	Training Loss: 0.8934	Time remaining is 0h:39m
2024-09-26 11:08:52 INFO Epoch 90/120	Testing: dataset_name: Occluded_Duke top1: 58.552 top5: 72.172 top10: 77.738 mAP: 49.980
2024-09-26 11:10:09 INFO Epoch 91/120	Training Loss: 0.9012	Time remaining is 0h:38m
2024-09-26 11:11:25 INFO Epoch 92/120	Training Loss: 0.8960	Time remaining is 0h:37m
2024-09-26 11:12:41 INFO Epoch 93/120	Training Loss: 0.8964	Time remaining is 0h:36m
2024-09-26 11:13:57 INFO Epoch 94/120	Training Loss: 0.8998	Time remaining is 0h:34m
2024-09-26 11:15:13 INFO Epoch 95/120	Training Loss: 0.9033	Time remaining is 0h:33m
2024-09-26 11:16:17 INFO Epoch 95/120	Testing: dataset_name: Occluded_Duke top1: 58.597 top5: 72.443 top10: 77.376 mAP: 49.988
2024-09-26 11:17:33 INFO Epoch 96/120	Training Loss: 0.8968	Time remaining is 0h:32m
2024-09-26 11:18:49 INFO Epoch 97/120	Training Loss: 0.8966	Time remaining is 0h:31m
2024-09-26 11:20:04 INFO Epoch 98/120	Training Loss: 0.8919	Time remaining is 0h:30m
2024-09-26 11:21:20 INFO Epoch 99/120	Training Loss: 0.8962	Time remaining is 0h:28m
2024-09-26 11:22:36 INFO Epoch 100/120	Training Loss: 0.8994	Time remaining is 0h:27m
2024-09-26 11:23:40 INFO Epoch 100/120	Testing: dataset_name: Occluded_Duke top1: 59.276 top5: 72.489 top10: 77.828 mAP: 50.338
2024-09-26 11:24:56 INFO Epoch 101/120	Training Loss: 0.8971	Time remaining is 0h:26m
2024-09-26 11:26:12 INFO Epoch 102/120	Training Loss: 0.8908	Time remaining is 0h:25m
2024-09-26 11:27:28 INFO Epoch 103/120	Training Loss: 0.8959	Time remaining is 0h:23m
2024-09-26 11:28:44 INFO Epoch 104/120	Training Loss: 0.8995	Time remaining is 0h:22m
2024-09-26 11:30:00 INFO Epoch 105/120	Training Loss: 0.8959	Time remaining is 0h:21m
2024-09-26 11:31:04 INFO Epoch 105/120	Testing: dataset_name: Occluded_Duke top1: 59.231 top5: 72.624 top10: 77.783 mAP: 50.478
2024-09-26 11:32:19 INFO Epoch 106/120	Training Loss: 0.8873	Time remaining is 0h:20m
2024-09-26 11:33:35 INFO Epoch 107/120	Training Loss: 0.8955	Time remaining is 0h:18m
2024-09-26 11:34:51 INFO Epoch 108/120	Training Loss: 0.8959	Time remaining is 0h:17m
2024-09-26 11:36:07 INFO Epoch 109/120	Training Loss: 0.8989	Time remaining is 0h:16m
2024-09-26 11:37:23 INFO Epoch 110/120	Training Loss: 0.8956	Time remaining is 0h:14m
2024-09-26 11:38:27 INFO Epoch 110/120	Testing: dataset_name: Occluded_Duke top1: 58.552 top5: 72.534 top10: 77.511 mAP: 50.121
2024-09-26 11:39:42 INFO Epoch 111/120	Training Loss: 0.8947	Time remaining is 0h:13m
2024-09-26 11:40:58 INFO Epoch 112/120	Training Loss: 0.8917	Time remaining is 0h:12m
2024-09-26 11:42:14 INFO Epoch 113/120	Training Loss: 0.8952	Time remaining is 0h:10m
2024-09-26 11:43:30 INFO Epoch 114/120	Training Loss: 0.8993	Time remaining is 0h:9m
2024-09-26 11:44:46 INFO Epoch 115/120	Training Loss: 0.8949	Time remaining is 0h:8m
2024-09-26 11:45:50 INFO Epoch 115/120	Testing: dataset_name: Occluded_Duke top1: 59.729 top5: 72.896 top10: 77.828 mAP: 50.733
2024-09-26 11:47:06 INFO Epoch 116/120	Training Loss: 0.8983	Time remaining is 0h:7m
2024-09-26 11:48:21 INFO Epoch 117/120	Training Loss: 0.8948	Time remaining is 0h:5m
2024-09-26 11:49:38 INFO Epoch 118/120	Training Loss: 0.8987	Time remaining is 0h:4m
2024-09-26 11:50:54 INFO Epoch 119/120	Training Loss: 0.9029	Time remaining is 0h:3m
2024-09-26 11:52:10 INFO Epoch 120/120	Training Loss: 0.8944	Time remaining is 0h:1m
2024-09-26 11:53:14 INFO Epoch 120/120	Testing: dataset_name: Occluded_Duke top1: 60.000 top5: 73.529 top10: 78.326 mAP: 50.890
2024-09-26 11:53:14 INFO The running time of training: 2.65 h
