2024-10-08 14:21:15 INFO ##################################################
2024-10-08 14:21:15 INFO Config values: batch_size: 60	current_directory: /home/hy/project/reid_task/ex_003_33	dataset_name: Occluded_Duke	dataset_path: /home/hy/project/data/Occluded_Duke	device: cuda	dtype: torch.float32	epoch_start_test: 90	epochs: 120	img_height: 256	img_width: 128	logs_outputs_path: /home/hy/project/reid_task/ex_003_33/./outputs/logs	models_outputs_path: /home/hy/project/reid_task/ex_003_33/./outputs/models	np: <module 'numpy' from '/home/hy/anaconda3/envs/py396/lib/python3.9/site-packages/numpy/__init__.py'>	os: <module 'os' from '/home/hy/anaconda3/envs/py396/lib/python3.9/os.py'>	outputs_dir: ./outputs/	outputs_path: /home/hy/project/reid_task/ex_003_33/./outputs/	print_every: 1	seed: 1	taskname: ReID_Task	temps_outputs_path: /home/hy/project/reid_task/ex_003_33/./outputs/temps	test_batch_size: 256	test_every: 5	torch: <module 'torch' from '/home/hy/anaconda3/envs/py396/lib/python3.9/site-packages/torch/__init__.py'>
2024-10-08 14:21:15 INFO Task: ReID_Task
2024-10-08 14:21:15 INFO Using device: cuda
2024-10-08 14:21:15 INFO Using data type: torch.float32
2024-10-08 14:21:15 INFO Number of GPUs: 1
2024-10-08 14:21:15 INFO GPU is_available: True
2024-10-08 14:21:15 INFO GPU name: NVIDIA GeForce RTX 3060
2024-10-08 14:21:15 INFO CUDA version: 12.1
2024-10-08 14:21:15 INFO Current device id: 0
2024-10-08 14:21:15 INFO ##################################################
2024-10-08 14:22:35 INFO Epoch 1/120	Training Loss: 13.2730	accuracy: 14.7935	Time remaining is 2h:39m
2024-10-08 14:23:54 INFO Epoch 2/120	Training Loss: 11.2694	accuracy: 28.2667	Time remaining is 2h:37m
2024-10-08 14:25:14 INFO Epoch 3/120	Training Loss: 9.5644	accuracy: 42.0541	Time remaining is 2h:36m
2024-10-08 14:26:33 INFO Epoch 4/120	Training Loss: 7.9318	accuracy: 66.0866	Time remaining is 2h:35m
2024-10-08 14:27:52 INFO Epoch 5/120	Training Loss: 6.7536	accuracy: 84.1037	Time remaining is 2h:33m
2024-10-08 14:29:11 INFO Epoch 6/120	Training Loss: 6.0806	accuracy: 91.7695	Time remaining is 2h:32m
2024-10-08 14:30:31 INFO Epoch 7/120	Training Loss: 5.5520	accuracy: 94.3319	Time remaining is 2h:31m
2024-10-08 14:31:50 INFO Epoch 8/120	Training Loss: 5.0970	accuracy: 95.8003	Time remaining is 2h:29m
2024-10-08 14:33:10 INFO Epoch 9/120	Training Loss: 4.6768	accuracy: 96.5497	Time remaining is 2h:28m
2024-10-08 14:34:30 INFO Epoch 10/120	Training Loss: 4.2446	accuracy: 97.2687	Time remaining is 2h:27m
2024-10-08 14:35:49 INFO Epoch 11/120	Training Loss: 3.8164	accuracy: 97.5407	Time remaining is 2h:26m
2024-10-08 14:37:08 INFO Epoch 12/120	Training Loss: 3.4536	accuracy: 98.0605	Time remaining is 2h:24m
2024-10-08 14:38:28 INFO Epoch 13/120	Training Loss: 3.1531	accuracy: 98.3774	Time remaining is 2h:23m
2024-10-08 14:39:47 INFO Epoch 14/120	Training Loss: 2.8933	accuracy: 98.4508	Time remaining is 2h:22m
2024-10-08 14:41:07 INFO Epoch 15/120	Training Loss: 2.6662	accuracy: 98.7225	Time remaining is 2h:20m
2024-10-08 14:42:26 INFO Epoch 16/120	Training Loss: 2.4782	accuracy: 98.7832	Time remaining is 2h:19m
2024-10-08 14:43:45 INFO Epoch 17/120	Training Loss: 2.3120	accuracy: 98.9749	Time remaining is 2h:18m
2024-10-08 14:45:05 INFO Epoch 18/120	Training Loss: 2.2063	accuracy: 98.8840	Time remaining is 2h:16m
2024-10-08 14:46:24 INFO Epoch 19/120	Training Loss: 2.1221	accuracy: 99.0560	Time remaining is 2h:15m
2024-10-08 14:47:43 INFO Epoch 20/120	Training Loss: 2.0381	accuracy: 99.0560	Time remaining is 2h:14m
2024-10-08 14:49:03 INFO Epoch 21/120	Training Loss: 1.9496	accuracy: 99.0675	Time remaining is 2h:12m
2024-10-08 14:50:23 INFO Epoch 22/120	Training Loss: 1.9245	accuracy: 99.1189	Time remaining is 2h:11m
2024-10-08 14:51:43 INFO Epoch 23/120	Training Loss: 1.8406	accuracy: 99.1997	Time remaining is 2h:10m
2024-10-08 14:53:02 INFO Epoch 24/120	Training Loss: 1.8001	accuracy: 99.0560	Time remaining is 2h:8m
2024-10-08 14:54:22 INFO Epoch 25/120	Training Loss: 1.7521	accuracy: 99.2773	Time remaining is 2h:7m
2024-10-08 14:55:42 INFO Epoch 26/120	Training Loss: 1.7324	accuracy: 99.2544	Time remaining is 2h:6m
2024-10-08 14:57:01 INFO Epoch 27/120	Training Loss: 1.6971	accuracy: 99.2552	Time remaining is 2h:5m
2024-10-08 14:58:21 INFO Epoch 28/120	Training Loss: 1.6681	accuracy: 99.3068	Time remaining is 2h:3m
2024-10-08 14:59:40 INFO Epoch 29/120	Training Loss: 1.6344	accuracy: 99.2217	Time remaining is 2h:2m
2024-10-08 15:01:00 INFO Epoch 30/120	Training Loss: 1.6246	accuracy: 99.2330	Time remaining is 2h:1m
2024-10-08 15:02:21 INFO Epoch 31/120	Training Loss: 1.5946	accuracy: 99.4027	Time remaining is 1h:59m
