2024-07-08 03:36:47 INFO ##################################################
2024-07-08 03:36:47 INFO Config values: batch_size: 60	current_directory: /home/hy/project/reid_task/ex_main1	dataset_name: market1501	dataset_path: /home/hy/project/data/Market-1501-v15.09.15	device: cuda	dtype: torch.float32	epoch_start_test: 90	epochs: 300	img_height: 256	img_width: 128	logs_outputs_path: /home/hy/project/reid_task/ex_main1/./outputs/logs	models_outputs_path: /home/hy/project/reid_task/ex_main1/./outputs/models	np: <module 'numpy' from '/home/hy/anaconda3/envs/py396/lib/python3.9/site-packages/numpy/__init__.py'>	os: <module 'os' from '/home/hy/anaconda3/envs/py396/lib/python3.9/os.py'>	outputs_dir: ./outputs/	outputs_path: /home/hy/project/reid_task/ex_main1/./outputs/	print_every: 1	seed: 1	taskname: ReID_Task	temps_outputs_path: /home/hy/project/reid_task/ex_main1/./outputs/temps	test_batch_size: 256	test_every: 5	torch: <module 'torch' from '/home/hy/anaconda3/envs/py396/lib/python3.9/site-packages/torch/__init__.py'>
2024-07-08 03:36:47 INFO Task: ReID_Task
2024-07-08 03:36:47 INFO Using device: cuda
2024-07-08 03:36:47 INFO Using data type: torch.float32
2024-07-08 03:36:47 INFO Number of GPUs: 1
2024-07-08 03:36:47 INFO GPU is_available: True
2024-07-08 03:36:47 INFO GPU name: NVIDIA GeForce RTX 3060
2024-07-08 03:36:47 INFO CUDA version: 12.1
2024-07-08 03:36:47 INFO Current device id: 0
2024-07-08 03:36:47 INFO ##################################################
2024-07-08 03:37:50 INFO Epoch 1/300	Training Loss: 8.3175	Time remaining is 5h:12m
2024-07-08 03:38:52 INFO Epoch 2/300	Training Loss: 7.0621	Time remaining is 5h:10m
2024-07-08 03:39:54 INFO Epoch 3/300	Training Loss: 5.4280	Time remaining is 5h:9m
2024-07-08 03:40:56 INFO Epoch 4/300	Training Loss: 4.0640	Time remaining is 5h:8m
2024-07-08 03:41:59 INFO Epoch 5/300	Training Loss: 2.9869	Time remaining is 5h:7m
2024-07-08 03:43:01 INFO Epoch 6/300	Training Loss: 2.2706	Time remaining is 5h:6m
2024-07-08 03:44:03 INFO Epoch 7/300	Training Loss: 1.8843	Time remaining is 5h:5m
2024-07-08 03:45:05 INFO Epoch 8/300	Training Loss: 1.6822	Time remaining is 5h:4m
2024-07-08 03:46:07 INFO Epoch 9/300	Training Loss: 1.5773	Time remaining is 5h:3m
2024-07-08 03:47:09 INFO Epoch 10/300	Training Loss: 1.5062	Time remaining is 5h:2m
2024-07-08 03:48:11 INFO Epoch 11/300	Training Loss: 1.4763	Time remaining is 5h:1m
2024-07-08 03:49:14 INFO Epoch 12/300	Training Loss: 1.4130	Time remaining is 4h:60m
2024-07-08 03:50:16 INFO Epoch 13/300	Training Loss: 1.3561	Time remaining is 4h:59m
2024-07-08 03:51:18 INFO Epoch 14/300	Training Loss: 1.3375	Time remaining is 4h:58m
2024-07-08 03:52:21 INFO Epoch 15/300	Training Loss: 1.3062	Time remaining is 4h:57m
2024-07-08 03:53:23 INFO Epoch 16/300	Training Loss: 1.3081	Time remaining is 4h:56m
2024-07-08 03:54:25 INFO Epoch 17/300	Training Loss: 1.2957	Time remaining is 4h:54m
2024-07-08 03:55:27 INFO Epoch 18/300	Training Loss: 1.2781	Time remaining is 4h:53m
2024-07-08 03:56:29 INFO Epoch 19/300	Training Loss: 1.2780	Time remaining is 4h:52m
2024-07-08 03:57:31 INFO Epoch 20/300	Training Loss: 1.2854	Time remaining is 4h:51m
2024-07-08 03:58:33 INFO Epoch 21/300	Training Loss: 1.2777	Time remaining is 4h:50m
2024-07-08 03:59:36 INFO Epoch 22/300	Training Loss: 1.2779	Time remaining is 4h:49m
2024-07-08 04:00:38 INFO Epoch 23/300	Training Loss: 1.2749	Time remaining is 4h:48m
2024-07-08 04:01:40 INFO Epoch 24/300	Training Loss: 1.2789	Time remaining is 4h:47m
2024-07-08 04:02:42 INFO Epoch 25/300	Training Loss: 1.2907	Time remaining is 4h:46m
2024-07-08 04:03:45 INFO Epoch 26/300	Training Loss: 1.2976	Time remaining is 4h:45m
2024-07-08 04:04:47 INFO Epoch 27/300	Training Loss: 1.2883	Time remaining is 4h:44m
2024-07-08 04:05:49 INFO Epoch 28/300	Training Loss: 1.2919	Time remaining is 4h:43m
2024-07-08 04:06:51 INFO Epoch 29/300	Training Loss: 1.2829	Time remaining is 4h:42m
2024-07-08 04:07:53 INFO Epoch 30/300	Training Loss: 1.2699	Time remaining is 4h:41m
2024-07-08 04:08:55 INFO Epoch 31/300	Training Loss: 1.2870	Time remaining is 4h:40m
2024-07-08 04:09:57 INFO Epoch 32/300	Training Loss: 1.2874	Time remaining is 4h:39m
2024-07-08 04:11:00 INFO Epoch 33/300	Training Loss: 1.2751	Time remaining is 4h:38m
2024-07-08 04:12:02 INFO Epoch 34/300	Training Loss: 1.2809	Time remaining is 4h:37m
2024-07-08 04:13:04 INFO Epoch 35/300	Training Loss: 1.2795	Time remaining is 4h:36m
2024-07-08 04:14:06 INFO Epoch 36/300	Training Loss: 1.2700	Time remaining is 4h:35m
2024-07-08 04:15:08 INFO Epoch 37/300	Training Loss: 1.2697	Time remaining is 4h:34m
2024-07-08 04:16:11 INFO Epoch 38/300	Training Loss: 1.2727	Time remaining is 4h:33m
2024-07-08 04:17:13 INFO Epoch 39/300	Training Loss: 1.2689	Time remaining is 4h:32m
2024-07-08 04:18:14 INFO Epoch 40/300	Training Loss: 1.2610	Time remaining is 4h:30m
2024-07-08 04:19:16 INFO Epoch 41/300	Training Loss: 1.1968	Time remaining is 4h:29m
2024-07-08 04:20:18 INFO Epoch 42/300	Training Loss: 1.1233	Time remaining is 4h:28m
2024-07-08 04:21:20 INFO Epoch 43/300	Training Loss: 1.1062	Time remaining is 4h:27m
2024-07-08 04:22:22 INFO Epoch 44/300	Training Loss: 1.1006	Time remaining is 4h:26m
2024-07-08 04:23:24 INFO Epoch 45/300	Training Loss: 1.0929	Time remaining is 4h:25m
2024-07-08 04:24:27 INFO Epoch 46/300	Training Loss: 1.0872	Time remaining is 4h:24m
2024-07-08 04:25:29 INFO Epoch 47/300	Training Loss: 1.0766	Time remaining is 4h:23m
2024-07-08 04:26:31 INFO Epoch 48/300	Training Loss: 1.0798	Time remaining is 4h:22m
2024-07-08 04:27:33 INFO Epoch 49/300	Training Loss: 1.0709	Time remaining is 4h:21m
2024-07-08 04:28:35 INFO Epoch 50/300	Training Loss: 1.0735	Time remaining is 4h:20m
2024-07-08 04:29:36 INFO Epoch 51/300	Training Loss: 1.0663	Time remaining is 4h:19m
2024-07-08 04:30:39 INFO Epoch 52/300	Training Loss: 1.0669	Time remaining is 4h:18m
2024-07-08 04:31:41 INFO Epoch 53/300	Training Loss: 1.0673	Time remaining is 4h:17m
2024-07-08 04:32:43 INFO Epoch 54/300	Training Loss: 1.0612	Time remaining is 4h:16m
2024-07-08 04:33:45 INFO Epoch 55/300	Training Loss: 1.0667	Time remaining is 4h:15m
2024-07-08 04:34:47 INFO Epoch 56/300	Training Loss: 1.0637	Time remaining is 4h:14m
2024-07-08 04:35:48 INFO Epoch 57/300	Training Loss: 1.0536	Time remaining is 4h:13m
2024-07-08 04:36:50 INFO Epoch 58/300	Training Loss: 1.0593	Time remaining is 4h:12m
2024-07-08 04:37:53 INFO Epoch 59/300	Training Loss: 1.0606	Time remaining is 4h:11m
2024-07-08 04:38:55 INFO Epoch 60/300	Training Loss: 1.0567	Time remaining is 4h:10m
2024-07-08 04:39:57 INFO Epoch 61/300	Training Loss: 1.0575	Time remaining is 4h:8m
2024-07-08 04:40:59 INFO Epoch 62/300	Training Loss: 1.0558	Time remaining is 4h:7m
2024-07-08 04:42:01 INFO Epoch 63/300	Training Loss: 1.0552	Time remaining is 4h:6m
2024-07-08 04:43:03 INFO Epoch 64/300	Training Loss: 1.0522	Time remaining is 4h:5m
2024-07-08 04:44:05 INFO Epoch 65/300	Training Loss: 1.0488	Time remaining is 4h:4m
2024-07-08 04:45:08 INFO Epoch 66/300	Training Loss: 1.0498	Time remaining is 4h:3m
2024-07-08 04:46:10 INFO Epoch 67/300	Training Loss: 1.0534	Time remaining is 4h:2m
2024-07-08 04:47:13 INFO Epoch 68/300	Training Loss: 1.0494	Time remaining is 4h:1m
2024-07-08 04:48:14 INFO Epoch 69/300	Training Loss: 1.0460	Time remaining is 4h:0m
2024-07-08 04:49:16 INFO Epoch 70/300	Training Loss: 1.0474	Time remaining is 3h:59m
2024-07-08 04:50:18 INFO Epoch 71/300	Training Loss: 1.0453	Time remaining is 3h:58m
2024-07-08 04:51:20 INFO Epoch 72/300	Training Loss: 1.0394	Time remaining is 3h:57m
2024-07-08 04:52:22 INFO Epoch 73/300	Training Loss: 1.0360	Time remaining is 3h:56m
2024-07-08 04:53:24 INFO Epoch 74/300	Training Loss: 1.0322	Time remaining is 3h:55m
2024-07-08 04:54:26 INFO Epoch 75/300	Training Loss: 1.0288	Time remaining is 3h:54m
2024-07-08 04:55:28 INFO Epoch 76/300	Training Loss: 1.0276	Time remaining is 3h:53m
2024-07-08 04:56:31 INFO Epoch 77/300	Training Loss: 1.0352	Time remaining is 3h:52m
2024-07-08 04:57:33 INFO Epoch 78/300	Training Loss: 1.0296	Time remaining is 3h:51m
2024-07-08 04:58:35 INFO Epoch 79/300	Training Loss: 1.0340	Time remaining is 3h:50m
2024-07-08 04:59:37 INFO Epoch 80/300	Training Loss: 1.0326	Time remaining is 3h:49m
2024-07-08 05:00:40 INFO Epoch 81/300	Training Loss: 1.0320	Time remaining is 3h:48m
2024-07-08 05:01:42 INFO Epoch 82/300	Training Loss: 1.0337	Time remaining is 3h:47m
2024-07-08 05:02:44 INFO Epoch 83/300	Training Loss: 1.0314	Time remaining is 3h:46m
2024-07-08 05:03:46 INFO Epoch 84/300	Training Loss: 1.0312	Time remaining is 3h:45m
2024-07-08 05:04:49 INFO Epoch 85/300	Training Loss: 1.0325	Time remaining is 3h:44m
2024-07-08 05:05:51 INFO Epoch 86/300	Training Loss: 1.0312	Time remaining is 3h:43m
2024-07-08 05:06:53 INFO Epoch 87/300	Training Loss: 1.0303	Time remaining is 3h:42m
2024-07-08 05:07:55 INFO Epoch 88/300	Training Loss: 1.0241	Time remaining is 3h:41m
2024-07-08 05:08:57 INFO Epoch 89/300	Training Loss: 1.0294	Time remaining is 3h:40m
2024-07-08 05:09:59 INFO Epoch 90/300	Training Loss: 1.0288	Time remaining is 3h:38m
2024-07-08 05:11:11 INFO Testing: dataset_name: market1501 top1: 94.062 top5: 98.100 top10: 98.901 mAP: 85.026
2024-07-08 05:12:14 INFO Epoch 91/300	Training Loss: 1.0314	Time remaining is 3h:40m
2024-07-08 05:13:15 INFO Epoch 92/300	Training Loss: 1.0249	Time remaining is 3h:39m
2024-07-08 05:14:18 INFO Epoch 93/300	Training Loss: 1.0296	Time remaining is 3h:38m
2024-07-08 05:15:20 INFO Epoch 94/300	Training Loss: 1.0297	Time remaining is 3h:37m
2024-07-08 05:16:22 INFO Epoch 95/300	Training Loss: 1.0235	Time remaining is 3h:36m
2024-07-08 05:17:35 INFO Testing: dataset_name: market1501 top1: 93.824 top5: 98.040 top10: 98.961 mAP: 85.045
2024-07-08 05:18:37 INFO Epoch 96/300	Training Loss: 1.0302	Time remaining is 3h:37m
2024-07-08 05:19:39 INFO Epoch 97/300	Training Loss: 1.0211	Time remaining is 3h:36m
2024-07-08 05:20:41 INFO Epoch 98/300	Training Loss: 1.0302	Time remaining is 3h:35m
2024-07-08 05:21:43 INFO Epoch 99/300	Training Loss: 1.0282	Time remaining is 3h:34m
2024-07-08 05:22:46 INFO Epoch 100/300	Training Loss: 1.0248	Time remaining is 3h:33m
2024-07-08 05:23:58 INFO Testing: dataset_name: market1501 top1: 93.943 top5: 97.981 top10: 98.842 mAP: 85.154
2024-07-08 05:25:00 INFO Epoch 101/300	Training Loss: 1.0287	Time remaining is 3h:34m
2024-07-08 05:26:03 INFO Epoch 102/300	Training Loss: 1.0273	Time remaining is 3h:33m
2024-07-08 05:27:05 INFO Epoch 103/300	Training Loss: 1.0246	Time remaining is 3h:32m
2024-07-08 05:28:07 INFO Epoch 104/300	Training Loss: 1.0259	Time remaining is 3h:31m
2024-07-08 05:29:10 INFO Epoch 105/300	Training Loss: 1.0314	Time remaining is 3h:30m
2024-07-08 05:30:22 INFO Testing: dataset_name: market1501 top1: 93.973 top5: 98.011 top10: 99.050 mAP: 85.249
2024-07-08 05:31:24 INFO Epoch 106/300	Training Loss: 1.0267	Time remaining is 3h:31m
2024-07-08 05:32:26 INFO Epoch 107/300	Training Loss: 1.0209	Time remaining is 3h:30m
2024-07-08 05:33:28 INFO Epoch 108/300	Training Loss: 1.0276	Time remaining is 3h:29m
2024-07-08 05:34:31 INFO Epoch 109/300	Training Loss: 1.0276	Time remaining is 3h:27m
2024-07-08 05:35:33 INFO Epoch 110/300	Training Loss: 1.0237	Time remaining is 3h:26m
2024-07-08 05:36:45 INFO Testing: dataset_name: market1501 top1: 94.062 top5: 98.070 top10: 98.990 mAP: 85.422
2024-07-08 05:37:47 INFO Epoch 111/300	Training Loss: 1.0188	Time remaining is 3h:27m
2024-07-08 05:38:50 INFO Epoch 112/300	Training Loss: 1.0233	Time remaining is 3h:26m
2024-07-08 05:39:52 INFO Epoch 113/300	Training Loss: 1.0239	Time remaining is 3h:25m
2024-07-08 05:40:54 INFO Epoch 114/300	Training Loss: 1.0216	Time remaining is 3h:24m
2024-07-08 05:41:56 INFO Epoch 115/300	Training Loss: 1.0294	Time remaining is 3h:22m
2024-07-08 05:43:09 INFO Testing: dataset_name: market1501 top1: 94.151 top5: 98.100 top10: 98.961 mAP: 85.557
2024-07-08 05:44:11 INFO Epoch 116/300	Training Loss: 1.0248	Time remaining is 3h:23m
2024-07-08 05:45:13 INFO Epoch 117/300	Training Loss: 1.0257	Time remaining is 3h:22m
2024-07-08 05:46:16 INFO Epoch 118/300	Training Loss: 1.0252	Time remaining is 3h:21m
2024-07-08 05:47:18 INFO Epoch 119/300	Training Loss: 1.0294	Time remaining is 3h:20m
2024-07-08 05:48:20 INFO Epoch 120/300	Training Loss: 1.0191	Time remaining is 3h:18m
2024-07-08 05:49:33 INFO Testing: dataset_name: market1501 top1: 94.210 top5: 98.100 top10: 98.931 mAP: 85.717
2024-07-08 05:50:35 INFO Epoch 121/300	Training Loss: 1.0224	Time remaining is 3h:19m
2024-07-08 05:51:37 INFO Epoch 122/300	Training Loss: 1.0227	Time remaining is 3h:18m
2024-07-08 05:52:40 INFO Epoch 123/300	Training Loss: 1.0221	Time remaining is 3h:17m
2024-07-08 05:53:42 INFO Epoch 124/300	Training Loss: 1.0175	Time remaining is 3h:15m
2024-07-08 05:54:44 INFO Epoch 125/300	Training Loss: 1.0237	Time remaining is 3h:14m
2024-07-08 05:55:56 INFO Testing: dataset_name: market1501 top1: 94.210 top5: 98.159 top10: 99.050 mAP: 85.719
2024-07-08 05:56:59 INFO Epoch 126/300	Training Loss: 1.0244	Time remaining is 3h:15m
2024-07-08 05:58:01 INFO Epoch 127/300	Training Loss: 1.0218	Time remaining is 3h:13m
2024-07-08 05:59:03 INFO Epoch 128/300	Training Loss: 1.0204	Time remaining is 3h:12m
2024-07-08 06:00:06 INFO Epoch 129/300	Training Loss: 1.0242	Time remaining is 3h:11m
2024-07-08 06:01:08 INFO Epoch 130/300	Training Loss: 1.0230	Time remaining is 3h:10m
2024-07-08 06:02:21 INFO Testing: dataset_name: market1501 top1: 94.359 top5: 98.159 top10: 98.990 mAP: 85.697
2024-07-08 06:03:23 INFO Epoch 131/300	Training Loss: 1.0184	Time remaining is 3h:10m
2024-07-08 06:04:25 INFO Epoch 132/300	Training Loss: 1.0237	Time remaining is 3h:9m
2024-07-08 06:05:27 INFO Epoch 133/300	Training Loss: 1.0165	Time remaining is 3h:8m
2024-07-08 06:06:29 INFO Epoch 134/300	Training Loss: 1.0215	Time remaining is 3h:7m
2024-07-08 06:07:31 INFO Epoch 135/300	Training Loss: 1.0172	Time remaining is 3h:5m
2024-07-08 06:08:43 INFO Testing: dataset_name: market1501 top1: 94.418 top5: 98.248 top10: 98.990 mAP: 85.934
2024-07-08 06:09:45 INFO Epoch 136/300	Training Loss: 1.0164	Time remaining is 3h:6m
2024-07-08 06:10:47 INFO Epoch 137/300	Training Loss: 1.0224	Time remaining is 3h:4m
2024-07-08 06:11:50 INFO Epoch 138/300	Training Loss: 1.0221	Time remaining is 3h:3m
2024-07-08 06:12:52 INFO Epoch 139/300	Training Loss: 1.0165	Time remaining is 3h:2m
2024-07-08 06:13:54 INFO Epoch 140/300	Training Loss: 1.0203	Time remaining is 3h:1m
2024-07-08 06:15:06 INFO Testing: dataset_name: market1501 top1: 94.210 top5: 98.189 top10: 98.931 mAP: 85.889
2024-07-08 06:16:09 INFO Epoch 141/300	Training Loss: 1.0208	Time remaining is 3h:1m
2024-07-08 06:17:11 INFO Epoch 142/300	Training Loss: 1.0218	Time remaining is 2h:60m
2024-07-08 06:18:13 INFO Epoch 143/300	Training Loss: 1.0204	Time remaining is 2h:58m
2024-07-08 06:19:16 INFO Epoch 144/300	Training Loss: 1.0201	Time remaining is 2h:57m
2024-07-08 06:20:18 INFO Epoch 145/300	Training Loss: 1.0215	Time remaining is 2h:56m
2024-07-08 06:21:30 INFO Testing: dataset_name: market1501 top1: 94.596 top5: 98.129 top10: 98.961 mAP: 86.061
2024-07-08 06:22:33 INFO Epoch 146/300	Training Loss: 1.0205	Time remaining is 2h:56m
2024-07-08 06:23:35 INFO Epoch 147/300	Training Loss: 1.0207	Time remaining is 2h:55m
2024-07-08 06:24:37 INFO Epoch 148/300	Training Loss: 1.0192	Time remaining is 2h:54m
2024-07-08 06:25:40 INFO Epoch 149/300	Training Loss: 1.0267	Time remaining is 2h:52m
2024-07-08 06:26:42 INFO Epoch 150/300	Training Loss: 1.0154	Time remaining is 2h:51m
2024-07-08 06:27:55 INFO Testing: dataset_name: market1501 top1: 94.388 top5: 98.129 top10: 98.931 mAP: 85.995
2024-07-08 06:28:57 INFO Epoch 151/300	Training Loss: 1.0215	Time remaining is 2h:51m
2024-07-08 06:29:59 INFO Epoch 152/300	Training Loss: 1.0192	Time remaining is 2h:50m
2024-07-08 06:31:01 INFO Epoch 153/300	Training Loss: 1.0193	Time remaining is 2h:49m
2024-07-08 06:32:04 INFO Epoch 154/300	Training Loss: 1.0204	Time remaining is 2h:47m
2024-07-08 06:33:06 INFO Epoch 155/300	Training Loss: 1.0203	Time remaining is 2h:46m
2024-07-08 06:34:19 INFO Testing: dataset_name: market1501 top1: 94.685 top5: 98.159 top10: 98.901 mAP: 86.064
2024-07-08 06:35:21 INFO Epoch 156/300	Training Loss: 1.0144	Time remaining is 2h:46m
2024-07-08 06:36:23 INFO Epoch 157/300	Training Loss: 1.0196	Time remaining is 2h:45m
2024-07-08 06:37:25 INFO Epoch 158/300	Training Loss: 1.0142	Time remaining is 2h:43m
2024-07-08 06:38:27 INFO Epoch 159/300	Training Loss: 1.0196	Time remaining is 2h:42m
2024-07-08 06:39:29 INFO Epoch 160/300	Training Loss: 1.0132	Time remaining is 2h:41m
2024-07-08 06:40:42 INFO Testing: dataset_name: market1501 top1: 94.477 top5: 97.981 top10: 98.961 mAP: 85.977
2024-07-08 06:41:44 INFO Epoch 161/300	Training Loss: 1.0188	Time remaining is 2h:41m
2024-07-08 06:42:46 INFO Epoch 162/300	Training Loss: 1.0177	Time remaining is 2h:40m
2024-07-08 06:43:48 INFO Epoch 163/300	Training Loss: 1.0135	Time remaining is 2h:38m
2024-07-08 06:44:51 INFO Epoch 164/300	Training Loss: 1.0178	Time remaining is 2h:37m
2024-07-08 06:45:53 INFO Epoch 165/300	Training Loss: 1.0144	Time remaining is 2h:36m
2024-07-08 06:47:05 INFO Testing: dataset_name: market1501 top1: 94.656 top5: 98.129 top10: 98.990 mAP: 86.222
2024-07-08 06:48:07 INFO Epoch 166/300	Training Loss: 1.0123	Time remaining is 2h:36m
2024-07-08 06:49:09 INFO Epoch 167/300	Training Loss: 1.0178	Time remaining is 2h:34m
2024-07-08 06:50:12 INFO Epoch 168/300	Training Loss: 1.0135	Time remaining is 2h:33m
2024-07-08 06:51:14 INFO Epoch 169/300	Training Loss: 1.0225	Time remaining is 2h:32m
2024-07-08 06:52:16 INFO Epoch 170/300	Training Loss: 1.0156	Time remaining is 2h:31m
2024-07-08 06:53:29 INFO Testing: dataset_name: market1501 top1: 94.299 top5: 98.129 top10: 98.961 mAP: 86.135
2024-07-08 06:54:31 INFO Epoch 171/300	Training Loss: 1.0167	Time remaining is 2h:30m
2024-07-08 06:55:33 INFO Epoch 172/300	Training Loss: 1.0184	Time remaining is 2h:29m
2024-07-08 06:56:36 INFO Epoch 173/300	Training Loss: 1.0157	Time remaining is 2h:28m
2024-07-08 06:57:38 INFO Epoch 174/300	Training Loss: 1.0122	Time remaining is 2h:27m
2024-07-08 06:58:41 INFO Epoch 175/300	Training Loss: 1.0170	Time remaining is 2h:25m
2024-07-08 06:59:53 INFO Testing: dataset_name: market1501 top1: 94.567 top5: 98.040 top10: 98.901 mAP: 86.264
2024-07-08 07:00:55 INFO Epoch 176/300	Training Loss: 1.0171	Time remaining is 2h:25m
2024-07-08 07:01:57 INFO Epoch 177/300	Training Loss: 1.0124	Time remaining is 2h:24m
2024-07-08 07:02:59 INFO Epoch 178/300	Training Loss: 1.0156	Time remaining is 2h:22m
2024-07-08 07:04:02 INFO Epoch 179/300	Training Loss: 1.0140	Time remaining is 2h:21m
2024-07-08 07:05:03 INFO Epoch 180/300	Training Loss: 1.0112	Time remaining is 2h:20m
2024-07-08 07:06:16 INFO Testing: dataset_name: market1501 top1: 94.596 top5: 98.308 top10: 98.901 mAP: 86.399
2024-07-08 07:07:18 INFO Epoch 181/300	Training Loss: 1.0177	Time remaining is 2h:20m
2024-07-08 07:08:20 INFO Epoch 182/300	Training Loss: 1.0161	Time remaining is 2h:18m
2024-07-08 07:09:22 INFO Epoch 183/300	Training Loss: 1.0117	Time remaining is 2h:17m
2024-07-08 07:10:24 INFO Epoch 184/300	Training Loss: 1.0121	Time remaining is 2h:16m
2024-07-08 07:11:27 INFO Epoch 185/300	Training Loss: 1.0158	Time remaining is 2h:15m
2024-07-08 07:12:39 INFO Testing: dataset_name: market1501 top1: 94.507 top5: 98.248 top10: 98.990 mAP: 86.256
2024-07-08 07:13:41 INFO Epoch 186/300	Training Loss: 1.0103	Time remaining is 2h:14m
2024-07-08 07:14:43 INFO Epoch 187/300	Training Loss: 1.0159	Time remaining is 2h:13m
2024-07-08 07:15:46 INFO Epoch 188/300	Training Loss: 1.0148	Time remaining is 2h:12m
2024-07-08 07:16:48 INFO Epoch 189/300	Training Loss: 1.0171	Time remaining is 2h:10m
2024-07-08 07:17:50 INFO Epoch 190/300	Training Loss: 1.0153	Time remaining is 2h:9m
2024-07-08 07:19:03 INFO Testing: dataset_name: market1501 top1: 94.596 top5: 98.219 top10: 99.020 mAP: 86.338
2024-07-08 07:20:05 INFO Epoch 191/300	Training Loss: 1.0152	Time remaining is 2h:9m
2024-07-08 07:21:07 INFO Epoch 192/300	Training Loss: 1.0161	Time remaining is 2h:7m
2024-07-08 07:22:09 INFO Epoch 193/300	Training Loss: 1.0094	Time remaining is 2h:6m
2024-07-08 07:23:12 INFO Epoch 194/300	Training Loss: 1.0148	Time remaining is 2h:5m
2024-07-08 07:24:14 INFO Epoch 195/300	Training Loss: 1.0098	Time remaining is 2h:4m
2024-07-08 07:25:26 INFO Testing: dataset_name: market1501 top1: 94.448 top5: 98.278 top10: 99.020 mAP: 86.431
2024-07-08 07:26:28 INFO Epoch 196/300	Training Loss: 1.0157	Time remaining is 2h:3m
2024-07-08 07:27:30 INFO Epoch 197/300	Training Loss: 1.0101	Time remaining is 2h:2m
2024-07-08 07:28:32 INFO Epoch 198/300	Training Loss: 1.0085	Time remaining is 2h:1m
2024-07-08 07:29:34 INFO Epoch 199/300	Training Loss: 1.0143	Time remaining is 1h:59m
2024-07-08 07:30:36 INFO Epoch 200/300	Training Loss: 1.0140	Time remaining is 1h:58m
2024-07-08 07:31:49 INFO Testing: dataset_name: market1501 top1: 94.685 top5: 98.159 top10: 98.931 mAP: 86.294
2024-07-08 07:32:51 INFO Epoch 201/300	Training Loss: 1.0075	Time remaining is 1h:57m
2024-07-08 07:33:53 INFO Epoch 202/300	Training Loss: 1.0135	Time remaining is 1h:56m
2024-07-08 07:34:56 INFO Epoch 203/300	Training Loss: 1.0176	Time remaining is 1h:55m
2024-07-08 07:35:58 INFO Epoch 204/300	Training Loss: 1.0079	Time remaining is 1h:54m
2024-07-08 07:37:00 INFO Epoch 205/300	Training Loss: 1.0140	Time remaining is 1h:52m
2024-07-08 07:38:12 INFO Testing: dataset_name: market1501 top1: 94.596 top5: 98.189 top10: 99.109 mAP: 86.468
2024-07-08 07:39:15 INFO Epoch 206/300	Training Loss: 1.0132	Time remaining is 1h:52m
2024-07-08 07:40:17 INFO Epoch 207/300	Training Loss: 1.0183	Time remaining is 1h:51m
2024-07-08 07:41:19 INFO Epoch 208/300	Training Loss: 1.0141	Time remaining is 1h:49m
2024-07-08 07:42:22 INFO Epoch 209/300	Training Loss: 1.0144	Time remaining is 1h:48m
2024-07-08 07:43:23 INFO Epoch 210/300	Training Loss: 1.0078	Time remaining is 1h:47m
2024-07-08 07:44:36 INFO Testing: dataset_name: market1501 top1: 94.804 top5: 98.129 top10: 99.050 mAP: 86.559
2024-07-08 07:45:38 INFO Epoch 211/300	Training Loss: 1.0138	Time remaining is 1h:46m
2024-07-08 07:46:40 INFO Epoch 212/300	Training Loss: 1.0110	Time remaining is 1h:45m
2024-07-08 07:47:42 INFO Epoch 213/300	Training Loss: 1.0070	Time remaining is 1h:44m
2024-07-08 07:48:44 INFO Epoch 214/300	Training Loss: 1.0121	Time remaining is 1h:42m
2024-07-08 07:49:46 INFO Epoch 215/300	Training Loss: 1.0075	Time remaining is 1h:41m
2024-07-08 07:50:58 INFO Testing: dataset_name: market1501 top1: 94.656 top5: 98.159 top10: 99.020 mAP: 86.491
2024-07-08 07:52:00 INFO Epoch 216/300	Training Loss: 1.0063	Time remaining is 1h:40m
2024-07-08 07:53:03 INFO Epoch 217/300	Training Loss: 1.0130	Time remaining is 1h:39m
2024-07-08 07:54:06 INFO Epoch 218/300	Training Loss: 1.0195	Time remaining is 1h:38m
2024-07-08 07:55:08 INFO Epoch 219/300	Training Loss: 1.0119	Time remaining is 1h:37m
2024-07-08 07:56:10 INFO Epoch 220/300	Training Loss: 1.0125	Time remaining is 1h:36m
2024-07-08 07:57:23 INFO Testing: dataset_name: market1501 top1: 94.537 top5: 98.219 top10: 99.050 mAP: 86.608
2024-07-08 07:58:25 INFO Epoch 221/300	Training Loss: 1.0097	Time remaining is 1h:35m
2024-07-08 07:59:27 INFO Epoch 222/300	Training Loss: 1.0115	Time remaining is 1h:33m
2024-07-08 08:00:29 INFO Epoch 223/300	Training Loss: 1.0114	Time remaining is 1h:32m
2024-07-08 08:01:31 INFO Epoch 224/300	Training Loss: 1.0038	Time remaining is 1h:31m
2024-07-08 08:02:34 INFO Epoch 225/300	Training Loss: 1.0161	Time remaining is 1h:30m
2024-07-08 08:03:47 INFO Testing: dataset_name: market1501 top1: 94.893 top5: 98.308 top10: 98.990 mAP: 86.678
2024-07-08 08:04:49 INFO Epoch 226/300	Training Loss: 1.0124	Time remaining is 1h:29m
2024-07-08 08:05:51 INFO Epoch 227/300	Training Loss: 1.0112	Time remaining is 1h:28m
2024-07-08 08:06:54 INFO Epoch 228/300	Training Loss: 1.0105	Time remaining is 1h:26m
2024-07-08 08:07:56 INFO Epoch 229/300	Training Loss: 1.0163	Time remaining is 1h:25m
2024-07-08 08:08:59 INFO Epoch 230/300	Training Loss: 1.0114	Time remaining is 1h:24m
2024-07-08 08:10:11 INFO Testing: dataset_name: market1501 top1: 94.745 top5: 98.189 top10: 98.961 mAP: 86.606
2024-07-08 08:11:13 INFO Epoch 231/300	Training Loss: 1.0068	Time remaining is 1h:23m
2024-07-08 08:12:15 INFO Epoch 232/300	Training Loss: 1.0048	Time remaining is 1h:22m
2024-07-08 08:13:18 INFO Epoch 233/300	Training Loss: 1.0099	Time remaining is 1h:21m
2024-07-08 08:14:20 INFO Epoch 234/300	Training Loss: 1.0045	Time remaining is 1h:19m
2024-07-08 08:15:21 INFO Epoch 235/300	Training Loss: 1.0060	Time remaining is 1h:18m
2024-07-08 08:16:34 INFO Testing: dataset_name: market1501 top1: 94.715 top5: 98.159 top10: 99.080 mAP: 86.695
2024-07-08 08:17:36 INFO Epoch 236/300	Training Loss: 1.0150	Time remaining is 1h:17m
2024-07-08 08:18:39 INFO Epoch 237/300	Training Loss: 1.0099	Time remaining is 1h:16m
2024-07-08 08:19:40 INFO Epoch 238/300	Training Loss: 1.0052	Time remaining is 1h:15m
2024-07-08 08:20:42 INFO Epoch 239/300	Training Loss: 1.0043	Time remaining is 1h:14m
2024-07-08 08:21:45 INFO Epoch 240/300	Training Loss: 1.0082	Time remaining is 1h:12m
2024-07-08 08:22:57 INFO Testing: dataset_name: market1501 top1: 94.745 top5: 98.189 top10: 99.020 mAP: 86.642
2024-07-08 08:23:59 INFO Epoch 241/300	Training Loss: 1.0101	Time remaining is 1h:12m
2024-07-08 08:25:01 INFO Epoch 242/300	Training Loss: 1.0094	Time remaining is 1h:10m
2024-07-08 08:26:03 INFO Epoch 243/300	Training Loss: 1.0041	Time remaining is 1h:9m
2024-07-08 08:27:05 INFO Epoch 244/300	Training Loss: 1.0043	Time remaining is 1h:8m
2024-07-08 08:28:07 INFO Epoch 245/300	Training Loss: 1.0095	Time remaining is 1h:7m
2024-07-08 08:29:20 INFO Testing: dataset_name: market1501 top1: 94.715 top5: 98.189 top10: 98.990 mAP: 86.660
2024-07-08 08:30:22 INFO Epoch 246/300	Training Loss: 1.0091	Time remaining is 1h:6m
2024-07-08 08:31:24 INFO Epoch 247/300	Training Loss: 1.0089	Time remaining is 1h:4m
2024-07-08 08:32:26 INFO Epoch 248/300	Training Loss: 1.0079	Time remaining is 1h:3m
2024-07-08 08:33:28 INFO Epoch 249/300	Training Loss: 1.0037	Time remaining is 1h:2m
2024-07-08 08:34:30 INFO Epoch 250/300	Training Loss: 1.0014	Time remaining is 1h:1m
2024-07-08 08:35:42 INFO Testing: dataset_name: market1501 top1: 94.774 top5: 98.248 top10: 99.020 mAP: 86.707
2024-07-08 08:36:44 INFO Epoch 251/300	Training Loss: 1.0013	Time remaining is 0h:60m
2024-07-08 08:37:47 INFO Epoch 252/300	Training Loss: 1.0081	Time remaining is 0h:59m
2024-07-08 08:38:49 INFO Epoch 253/300	Training Loss: 1.0074	Time remaining is 0h:57m
2024-07-08 08:39:51 INFO Epoch 254/300	Training Loss: 1.0070	Time remaining is 0h:56m
2024-07-08 08:40:54 INFO Epoch 255/300	Training Loss: 1.0031	Time remaining is 0h:55m
2024-07-08 08:42:06 INFO Testing: dataset_name: market1501 top1: 94.685 top5: 98.159 top10: 99.139 mAP: 86.597
2024-07-08 08:43:09 INFO Epoch 256/300	Training Loss: 1.0070	Time remaining is 0h:54m
2024-07-08 08:44:11 INFO Epoch 257/300	Training Loss: 1.0038	Time remaining is 0h:53m
2024-07-08 08:45:13 INFO Epoch 258/300	Training Loss: 1.0068	Time remaining is 0h:51m
2024-07-08 08:46:15 INFO Epoch 259/300	Training Loss: 1.0086	Time remaining is 0h:50m
2024-07-08 08:47:18 INFO Epoch 260/300	Training Loss: 1.0082	Time remaining is 0h:49m
2024-07-08 08:48:30 INFO Testing: dataset_name: market1501 top1: 94.745 top5: 98.248 top10: 99.169 mAP: 86.814
2024-07-08 08:49:33 INFO Epoch 261/300	Training Loss: 1.0070	Time remaining is 0h:48m
2024-07-08 08:50:35 INFO Epoch 262/300	Training Loss: 1.0131	Time remaining is 0h:47m
2024-07-08 08:51:38 INFO Epoch 263/300	Training Loss: 1.0066	Time remaining is 0h:45m
2024-07-08 08:52:40 INFO Epoch 264/300	Training Loss: 1.0064	Time remaining is 0h:44m
2024-07-08 08:53:43 INFO Epoch 265/300	Training Loss: 1.0059	Time remaining is 0h:43m
2024-07-08 08:54:55 INFO Testing: dataset_name: market1501 top1: 94.567 top5: 98.129 top10: 99.109 mAP: 86.694
2024-07-08 08:55:57 INFO Epoch 266/300	Training Loss: 1.0068	Time remaining is 0h:42m
2024-07-08 08:56:59 INFO Epoch 267/300	Training Loss: 1.0078	Time remaining is 0h:41m
2024-07-08 08:58:01 INFO Epoch 268/300	Training Loss: 1.0021	Time remaining is 0h:40m
2024-07-08 08:59:03 INFO Epoch 269/300	Training Loss: 1.0082	Time remaining is 0h:38m
2024-07-08 09:00:06 INFO Epoch 270/300	Training Loss: 1.0106	Time remaining is 0h:37m
2024-07-08 09:01:18 INFO Testing: dataset_name: market1501 top1: 94.596 top5: 98.219 top10: 99.050 mAP: 86.682
2024-07-08 09:02:20 INFO Epoch 271/300	Training Loss: 1.0066	Time remaining is 0h:36m
2024-07-08 09:03:22 INFO Epoch 272/300	Training Loss: 1.0051	Time remaining is 0h:35m
2024-07-08 09:04:25 INFO Epoch 273/300	Training Loss: 1.0107	Time remaining is 0h:34m
2024-07-08 09:05:27 INFO Epoch 274/300	Training Loss: 1.0049	Time remaining is 0h:32m
2024-07-08 09:06:29 INFO Epoch 275/300	Training Loss: 1.0049	Time remaining is 0h:31m
2024-07-08 09:07:42 INFO Testing: dataset_name: market1501 top1: 94.596 top5: 98.219 top10: 98.990 mAP: 86.593
2024-07-08 09:08:43 INFO Epoch 276/300	Training Loss: 1.0009	Time remaining is 0h:30m
2024-07-08 09:09:45 INFO Epoch 277/300	Training Loss: 1.0063	Time remaining is 0h:29m
2024-07-08 09:10:48 INFO Epoch 278/300	Training Loss: 1.0068	Time remaining is 0h:28m
2024-07-08 09:11:50 INFO Epoch 279/300	Training Loss: 1.0060	Time remaining is 0h:26m
2024-07-08 09:12:52 INFO Epoch 280/300	Training Loss: 1.0064	Time remaining is 0h:25m
2024-07-08 09:14:04 INFO Testing: dataset_name: market1501 top1: 94.596 top5: 98.129 top10: 99.080 mAP: 86.762
2024-07-08 09:15:07 INFO Epoch 281/300	Training Loss: 1.0054	Time remaining is 0h:24m
2024-07-08 09:16:09 INFO Epoch 282/300	Training Loss: 0.9998	Time remaining is 0h:23m
2024-07-08 09:17:11 INFO Epoch 283/300	Training Loss: 1.0066	Time remaining is 0h:22m
2024-07-08 09:18:13 INFO Epoch 284/300	Training Loss: 0.9988	Time remaining is 0h:20m
2024-07-08 09:19:15 INFO Epoch 285/300	Training Loss: 1.0009	Time remaining is 0h:19m
2024-07-08 09:20:27 INFO Testing: dataset_name: market1501 top1: 94.804 top5: 98.248 top10: 99.020 mAP: 86.707
2024-07-08 09:21:30 INFO Epoch 286/300	Training Loss: 1.0045	Time remaining is 0h:18m
2024-07-08 09:22:32 INFO Epoch 287/300	Training Loss: 1.0050	Time remaining is 0h:17m
2024-07-08 09:23:34 INFO Epoch 288/300	Training Loss: 1.0000	Time remaining is 0h:16m
2024-07-08 09:24:36 INFO Epoch 289/300	Training Loss: 1.0042	Time remaining is 0h:14m
2024-07-08 09:25:39 INFO Epoch 290/300	Training Loss: 1.0032	Time remaining is 0h:13m
2024-07-08 09:26:51 INFO Testing: dataset_name: market1501 top1: 94.537 top5: 98.308 top10: 98.990 mAP: 86.738
2024-07-08 09:27:53 INFO Epoch 291/300	Training Loss: 1.0002	Time remaining is 0h:12m
2024-07-08 09:28:55 INFO Epoch 292/300	Training Loss: 1.0045	Time remaining is 0h:11m
2024-07-08 09:29:57 INFO Epoch 293/300	Training Loss: 1.0034	Time remaining is 0h:10m
2024-07-08 09:30:59 INFO Epoch 294/300	Training Loss: 0.9999	Time remaining is 0h:8m
2024-07-08 09:32:02 INFO Epoch 295/300	Training Loss: 1.0053	Time remaining is 0h:7m
2024-07-08 09:33:14 INFO Testing: dataset_name: market1501 top1: 94.626 top5: 98.129 top10: 99.050 mAP: 86.842
2024-07-08 09:34:16 INFO Epoch 296/300	Training Loss: 0.9977	Time remaining is 0h:6m
2024-07-08 09:35:18 INFO Epoch 297/300	Training Loss: 1.0043	Time remaining is 0h:5m
2024-07-08 09:36:21 INFO Epoch 298/300	Training Loss: 0.9988	Time remaining is 0h:4m
2024-07-08 09:37:23 INFO Epoch 299/300	Training Loss: 0.9984	Time remaining is 0h:2m
2024-07-08 09:38:25 INFO Epoch 300/300	Training Loss: 1.0031	Time remaining is 0h:1m
2024-07-08 09:39:38 INFO Testing: dataset_name: market1501 top1: 94.745 top5: 98.159 top10: 99.198 mAP: 86.936
2024-07-08 09:39:38 INFO The running time of training: 2.17711e+04 s
