2024-04-17 18:46:22 INFO ##################################################
2024-04-17 18:46:22 INFO Config values: batch_size: 60	current_directory: /home/hy/project/reid_task/ex_main5	dataset_name: market1501	dataset_path: /home/hy/project/data/Market-1501-v15.09.15	device: cuda	dtype: torch.float32	epoch_start_test: 90	epochs: 160	img_height: 256	img_width: 128	logs_outputs_path: /home/hy/project/reid_task/ex_main5/./outputs/logs	models_outputs_path: /home/hy/project/reid_task/ex_main5/./outputs/models	np: <module 'numpy' from '/home/hy/anaconda3/envs/py396/lib/python3.9/site-packages/numpy/__init__.py'>	os: <module 'os' from '/home/hy/anaconda3/envs/py396/lib/python3.9/os.py'>	outputs_dir: ./outputs/	outputs_path: /home/hy/project/reid_task/ex_main5/./outputs/	print_every: 1	seed: 1	taskname: ReID_Task	temps_outputs_path: /home/hy/project/reid_task/ex_main5/./outputs/temps	test_batch_size: 256	test_every: 5	torch: <module 'torch' from '/home/hy/anaconda3/envs/py396/lib/python3.9/site-packages/torch/__init__.py'>
2024-04-17 18:46:22 INFO Task: ReID_Task
2024-04-17 18:46:22 INFO Using device: cuda
2024-04-17 18:46:22 INFO Using data type: torch.float32
2024-04-17 18:46:22 INFO Number of GPUs: 1
2024-04-17 18:46:22 INFO GPU is_available: True
2024-04-17 18:46:22 INFO GPU name: NVIDIA GeForce RTX 3060
2024-04-17 18:46:22 INFO CUDA version: 12.1
2024-04-17 18:46:22 INFO Current device id: 0
2024-04-17 18:46:22 INFO ##################################################
2024-04-17 18:47:45 INFO Epoch 1/160	Training Loss: 9.6556	Time remaining is 3h:38m
2024-04-17 18:49:05 INFO Epoch 2/160	Training Loss: 8.1675	Time remaining is 3h:35m
2024-04-17 18:50:26 INFO Epoch 3/160	Training Loss: 6.3444	Time remaining is 3h:33m
2024-04-17 18:51:47 INFO Epoch 4/160	Training Loss: 4.8646	Time remaining is 3h:32m
2024-04-17 18:53:07 INFO Epoch 5/160	Training Loss: 3.7886	Time remaining is 3h:30m
2024-04-17 18:54:27 INFO Epoch 6/160	Training Loss: 3.0959	Time remaining is 3h:29m
2024-04-17 18:55:48 INFO Epoch 7/160	Training Loss: 2.7418	Time remaining is 3h:27m
2024-04-17 18:57:08 INFO Epoch 8/160	Training Loss: 2.5441	Time remaining is 3h:26m
2024-04-17 18:58:29 INFO Epoch 9/160	Training Loss: 2.4341	Time remaining is 3h:24m
2024-04-17 18:59:49 INFO Epoch 10/160	Training Loss: 2.3635	Time remaining is 3h:23m
2024-04-17 19:01:10 INFO Epoch 11/160	Training Loss: 2.3156	Time remaining is 3h:22m
2024-04-17 19:02:31 INFO Epoch 12/160	Training Loss: 2.2704	Time remaining is 3h:20m
2024-04-17 19:03:52 INFO Epoch 13/160	Training Loss: 2.2137	Time remaining is 3h:19m
2024-04-17 19:05:13 INFO Epoch 14/160	Training Loss: 2.1956	Time remaining is 3h:18m
2024-04-17 19:06:34 INFO Epoch 15/160	Training Loss: 2.1731	Time remaining is 3h:17m
2024-04-17 19:07:55 INFO Epoch 16/160	Training Loss: 2.1530	Time remaining is 3h:15m
2024-04-17 19:09:15 INFO Epoch 17/160	Training Loss: 2.1441	Time remaining is 3h:14m
2024-04-17 19:10:36 INFO Epoch 18/160	Training Loss: 2.1303	Time remaining is 3h:12m
2024-04-17 19:11:57 INFO Epoch 19/160	Training Loss: 2.1301	Time remaining is 3h:11m
2024-04-17 19:13:17 INFO Epoch 20/160	Training Loss: 2.1145	Time remaining is 3h:10m
2024-04-17 19:14:38 INFO Epoch 21/160	Training Loss: 2.1117	Time remaining is 3h:8m
2024-04-17 19:15:59 INFO Epoch 22/160	Training Loss: 2.1047	Time remaining is 3h:7m
2024-04-17 19:17:19 INFO Epoch 23/160	Training Loss: 2.1058	Time remaining is 3h:6m
2024-04-17 19:18:40 INFO Epoch 24/160	Training Loss: 2.1177	Time remaining is 3h:4m
2024-04-17 19:20:01 INFO Epoch 25/160	Training Loss: 2.1085	Time remaining is 3h:3m
2024-04-17 19:21:22 INFO Epoch 26/160	Training Loss: 2.1330	Time remaining is 3h:2m
2024-04-17 19:22:43 INFO Epoch 27/160	Training Loss: 2.1198	Time remaining is 3h:0m
2024-04-17 19:24:03 INFO Epoch 28/160	Training Loss: 2.0967	Time remaining is 2h:59m
2024-04-17 19:25:24 INFO Epoch 29/160	Training Loss: 2.1020	Time remaining is 2h:58m
2024-04-17 19:26:45 INFO Epoch 30/160	Training Loss: 2.1112	Time remaining is 2h:56m
2024-04-17 19:28:05 INFO Epoch 31/160	Training Loss: 2.0958	Time remaining is 2h:55m
2024-04-17 19:29:26 INFO Epoch 32/160	Training Loss: 2.1023	Time remaining is 2h:54m
2024-04-17 19:30:47 INFO Epoch 33/160	Training Loss: 2.1013	Time remaining is 2h:52m
2024-04-17 19:32:08 INFO Epoch 34/160	Training Loss: 2.1118	Time remaining is 2h:51m
2024-04-17 19:33:29 INFO Epoch 35/160	Training Loss: 2.0907	Time remaining is 2h:50m
2024-04-17 19:34:50 INFO Epoch 36/160	Training Loss: 2.0905	Time remaining is 2h:48m
2024-04-17 19:36:11 INFO Epoch 37/160	Training Loss: 2.0930	Time remaining is 2h:47m
2024-04-17 19:37:32 INFO Epoch 38/160	Training Loss: 2.0984	Time remaining is 2h:46m
2024-04-17 19:38:53 INFO Epoch 39/160	Training Loss: 2.0969	Time remaining is 2h:44m
2024-04-17 19:40:13 INFO Epoch 40/160	Training Loss: 2.0817	Time remaining is 2h:43m
2024-04-17 19:41:34 INFO Epoch 41/160	Training Loss: 2.0328	Time remaining is 2h:42m
2024-04-17 19:42:54 INFO Epoch 42/160	Training Loss: 1.9613	Time remaining is 2h:40m
2024-04-17 19:44:15 INFO Epoch 43/160	Training Loss: 1.9547	Time remaining is 2h:39m
2024-04-17 19:45:36 INFO Epoch 44/160	Training Loss: 1.9467	Time remaining is 2h:37m
2024-04-17 19:46:57 INFO Epoch 45/160	Training Loss: 1.9428	Time remaining is 2h:36m
2024-04-17 19:48:18 INFO Epoch 46/160	Training Loss: 1.9383	Time remaining is 2h:35m
2024-04-17 19:49:38 INFO Epoch 47/160	Training Loss: 1.9253	Time remaining is 2h:33m
2024-04-17 19:50:59 INFO Epoch 48/160	Training Loss: 1.9347	Time remaining is 2h:32m
2024-04-17 19:52:19 INFO Epoch 49/160	Training Loss: 1.9203	Time remaining is 2h:31m
2024-04-17 19:53:40 INFO Epoch 50/160	Training Loss: 1.9273	Time remaining is 2h:29m
2024-04-17 19:55:01 INFO Epoch 51/160	Training Loss: 1.9149	Time remaining is 2h:28m
2024-04-17 19:56:21 INFO Epoch 52/160	Training Loss: 1.9225	Time remaining is 2h:27m
2024-04-17 19:57:42 INFO Epoch 53/160	Training Loss: 1.9204	Time remaining is 2h:25m
2024-04-17 19:59:03 INFO Epoch 54/160	Training Loss: 1.9179	Time remaining is 2h:24m
2024-04-17 20:00:24 INFO Epoch 55/160	Training Loss: 1.9206	Time remaining is 2h:23m
2024-04-17 20:01:44 INFO Epoch 56/160	Training Loss: 1.9175	Time remaining is 2h:21m
2024-04-17 20:03:05 INFO Epoch 57/160	Training Loss: 1.9062	Time remaining is 2h:20m
2024-04-17 20:04:26 INFO Epoch 58/160	Training Loss: 1.9144	Time remaining is 2h:19m
2024-04-17 20:05:46 INFO Epoch 59/160	Training Loss: 1.9173	Time remaining is 2h:17m
2024-04-17 20:07:07 INFO Epoch 60/160	Training Loss: 1.9121	Time remaining is 2h:16m
2024-04-17 20:08:28 INFO Epoch 61/160	Training Loss: 1.9145	Time remaining is 2h:15m
2024-04-17 20:09:49 INFO Epoch 62/160	Training Loss: 1.9136	Time remaining is 2h:13m
2024-04-17 20:11:10 INFO Epoch 63/160	Training Loss: 1.9114	Time remaining is 2h:12m
2024-04-17 20:12:31 INFO Epoch 64/160	Training Loss: 1.9112	Time remaining is 2h:11m
2024-04-17 20:13:52 INFO Epoch 65/160	Training Loss: 1.9069	Time remaining is 2h:9m
2024-04-17 20:15:13 INFO Epoch 66/160	Training Loss: 1.9067	Time remaining is 2h:8m
2024-04-17 20:16:35 INFO Epoch 67/160	Training Loss: 1.9169	Time remaining is 2h:7m
2024-04-17 20:17:56 INFO Epoch 68/160	Training Loss: 1.9074	Time remaining is 2h:5m
2024-04-17 20:19:16 INFO Epoch 69/160	Training Loss: 1.8987	Time remaining is 2h:4m
2024-04-17 20:20:37 INFO Epoch 70/160	Training Loss: 1.9053	Time remaining is 2h:3m
2024-04-17 20:21:58 INFO Epoch 71/160	Training Loss: 1.9027	Time remaining is 2h:1m
2024-04-17 20:23:19 INFO Epoch 72/160	Training Loss: 1.8974	Time remaining is 1h:60m
2024-04-17 20:24:40 INFO Epoch 73/160	Training Loss: 1.8960	Time remaining is 1h:58m
2024-04-17 20:26:00 INFO Epoch 74/160	Training Loss: 1.8883	Time remaining is 1h:57m
2024-04-17 20:27:21 INFO Epoch 75/160	Training Loss: 1.8845	Time remaining is 1h:56m
2024-04-17 20:28:41 INFO Epoch 76/160	Training Loss: 1.8831	Time remaining is 1h:54m
2024-04-17 20:30:02 INFO Epoch 77/160	Training Loss: 1.8946	Time remaining is 1h:53m
2024-04-17 20:31:23 INFO Epoch 78/160	Training Loss: 1.8829	Time remaining is 1h:52m
2024-04-17 20:32:44 INFO Epoch 79/160	Training Loss: 1.8924	Time remaining is 1h:50m
2024-04-17 20:34:05 INFO Epoch 80/160	Training Loss: 1.8925	Time remaining is 1h:49m
2024-04-17 20:35:26 INFO Epoch 81/160	Training Loss: 1.8927	Time remaining is 1h:48m
2024-04-17 20:36:47 INFO Epoch 82/160	Training Loss: 1.8917	Time remaining is 1h:46m
2024-04-17 20:38:08 INFO Epoch 83/160	Training Loss: 1.8903	Time remaining is 1h:45m
2024-04-17 20:39:28 INFO Epoch 84/160	Training Loss: 1.8891	Time remaining is 1h:44m
2024-04-17 20:40:49 INFO Epoch 85/160	Training Loss: 1.8918	Time remaining is 1h:42m
2024-04-17 20:42:10 INFO Epoch 86/160	Training Loss: 1.8908	Time remaining is 1h:41m
2024-04-17 20:43:31 INFO Epoch 87/160	Training Loss: 1.8889	Time remaining is 1h:40m
2024-04-17 20:44:52 INFO Epoch 88/160	Training Loss: 1.8794	Time remaining is 1h:38m
2024-04-17 20:46:13 INFO Epoch 89/160	Training Loss: 1.8888	Time remaining is 1h:37m
2024-04-17 20:47:34 INFO Epoch 90/160	Training Loss: 1.8890	Time remaining is 1h:36m
2024-04-17 20:49:01 INFO Testing: dataset_name: market1501 top1:0.9466 top5:0.9834 top10:0.9896 mAP:0.8704
2024-04-17 20:50:22 INFO Epoch 91/160	Training Loss: 1.8897	Time remaining is 1h:35m
2024-04-17 20:51:43 INFO Epoch 92/160	Training Loss: 1.8784	Time remaining is 1h:34m
2024-04-17 20:53:05 INFO Epoch 93/160	Training Loss: 1.8893	Time remaining is 1h:33m
2024-04-17 20:54:26 INFO Epoch 94/160	Training Loss: 1.8884	Time remaining is 1h:31m
2024-04-17 20:55:46 INFO Epoch 95/160	Training Loss: 1.8784	Time remaining is 1h:30m
2024-04-17 20:57:14 INFO Testing: dataset_name: market1501 top1:0.9471 top5:0.9840 top10:0.9899 mAP:0.8722
2024-04-17 20:58:35 INFO Epoch 96/160	Training Loss: 1.8880	Time remaining is 1h:30m
2024-04-17 20:59:56 INFO Epoch 97/160	Training Loss: 1.8766	Time remaining is 1h:28m
2024-04-17 21:01:17 INFO Epoch 98/160	Training Loss: 1.8910	Time remaining is 1h:27m
2024-04-17 21:02:39 INFO Epoch 99/160	Training Loss: 1.8881	Time remaining is 1h:25m
2024-04-17 21:04:00 INFO Epoch 100/160	Training Loss: 1.8857	Time remaining is 1h:24m
2024-04-17 21:05:27 INFO Testing: dataset_name: market1501 top1:0.9463 top5:0.9846 top10:0.9899 mAP:0.8717
2024-04-17 21:06:48 INFO Epoch 101/160	Training Loss: 1.8890	Time remaining is 1h:23m
2024-04-17 21:08:10 INFO Epoch 102/160	Training Loss: 1.8874	Time remaining is 1h:22m
2024-04-17 21:09:31 INFO Epoch 103/160	Training Loss: 1.8857	Time remaining is 1h:21m
2024-04-17 21:10:52 INFO Epoch 104/160	Training Loss: 1.8854	Time remaining is 1h:19m
2024-04-17 21:12:14 INFO Epoch 105/160	Training Loss: 1.8966	Time remaining is 1h:18m
2024-04-17 21:13:41 INFO Testing: dataset_name: market1501 top1:0.9477 top5:0.9834 top10:0.9899 mAP:0.8724
2024-04-17 21:15:02 INFO Epoch 106/160	Training Loss: 1.8867	Time remaining is 1h:17m
2024-04-17 21:16:23 INFO Epoch 107/160	Training Loss: 1.8764	Time remaining is 1h:16m
2024-04-17 21:17:44 INFO Epoch 108/160	Training Loss: 1.8868	Time remaining is 1h:14m
2024-04-17 21:19:05 INFO Epoch 109/160	Training Loss: 1.8849	Time remaining is 1h:13m
2024-04-17 21:20:26 INFO Epoch 110/160	Training Loss: 1.8849	Time remaining is 1h:11m
2024-04-17 21:21:54 INFO Testing: dataset_name: market1501 top1:0.9471 top5:0.9837 top10:0.9896 mAP:0.8735
2024-04-17 21:23:15 INFO Epoch 111/160	Training Loss: 1.8754	Time remaining is 1h:11m
2024-04-17 21:24:36 INFO Epoch 112/160	Training Loss: 1.8850	Time remaining is 1h:9m
2024-04-17 21:25:57 INFO Epoch 113/160	Training Loss: 1.8863	Time remaining is 1h:8m
2024-04-17 21:27:18 INFO Epoch 114/160	Training Loss: 1.8768	Time remaining is 1h:6m
2024-04-17 21:28:39 INFO Epoch 115/160	Training Loss: 1.8952	Time remaining is 1h:5m
2024-04-17 21:30:07 INFO Testing: dataset_name: market1501 top1:0.9469 top5:0.9837 top10:0.9899 mAP:0.8740
2024-04-17 21:31:28 INFO Epoch 116/160	Training Loss: 1.8850	Time remaining is 1h:4m
2024-04-17 21:32:49 INFO Epoch 117/160	Training Loss: 1.8849	Time remaining is 1h:3m
2024-04-17 21:34:11 INFO Epoch 118/160	Training Loss: 1.8843	Time remaining is 1h:1m
2024-04-17 21:35:32 INFO Epoch 119/160	Training Loss: 1.8935	Time remaining is 0h:60m
2024-04-17 21:36:53 INFO Epoch 120/160	Training Loss: 1.8754	Time remaining is 0h:58m
2024-04-17 21:38:21 INFO Testing: dataset_name: market1501 top1:0.9492 top5:0.9849 top10:0.9908 mAP:0.8748
2024-04-17 21:39:42 INFO Epoch 121/160	Training Loss: 1.8848	Time remaining is 0h:57m
2024-04-17 21:41:04 INFO Epoch 122/160	Training Loss: 1.8833	Time remaining is 0h:56m
2024-04-17 21:42:25 INFO Epoch 123/160	Training Loss: 1.8832	Time remaining is 0h:54m
2024-04-17 21:43:46 INFO Epoch 124/160	Training Loss: 1.8737	Time remaining is 0h:53m
2024-04-17 21:45:07 INFO Epoch 125/160	Training Loss: 1.8842	Time remaining is 0h:51m
2024-04-17 21:46:35 INFO Testing: dataset_name: market1501 top1:0.9460 top5:0.9843 top10:0.9893 mAP:0.8747
2024-04-17 21:47:56 INFO Epoch 126/160	Training Loss: 1.8829	Time remaining is 0h:50m
2024-04-17 21:49:17 INFO Epoch 127/160	Training Loss: 1.8827	Time remaining is 0h:49m
2024-04-17 21:50:38 INFO Epoch 128/160	Training Loss: 1.8821	Time remaining is 0h:48m
2024-04-17 21:51:59 INFO Epoch 129/160	Training Loss: 1.8833	Time remaining is 0h:46m
2024-04-17 21:53:21 INFO Epoch 130/160	Training Loss: 1.8836	Time remaining is 0h:45m
2024-04-17 21:54:48 INFO Testing: dataset_name: market1501 top1:0.9489 top5:0.9849 top10:0.9899 mAP:0.8763
2024-04-17 21:56:09 INFO Epoch 131/160	Training Loss: 1.8741	Time remaining is 0h:43m
2024-04-17 21:57:30 INFO Epoch 132/160	Training Loss: 1.8821	Time remaining is 0h:42m
2024-04-17 21:58:51 INFO Epoch 133/160	Training Loss: 1.8728	Time remaining is 0h:41m
2024-04-17 22:00:12 INFO Epoch 134/160	Training Loss: 1.8816	Time remaining is 0h:39m
2024-04-17 22:01:32 INFO Epoch 135/160	Training Loss: 1.8735	Time remaining is 0h:38m
2024-04-17 22:03:00 INFO Testing: dataset_name: market1501 top1:0.9477 top5:0.9843 top10:0.9905 mAP:0.8768
2024-04-17 22:04:21 INFO Epoch 136/160	Training Loss: 1.8726	Time remaining is 0h:36m
2024-04-17 22:05:42 INFO Epoch 137/160	Training Loss: 1.8833	Time remaining is 0h:35m
2024-04-17 22:07:03 INFO Epoch 138/160	Training Loss: 1.8822	Time remaining is 0h:33m
2024-04-17 22:08:24 INFO Epoch 139/160	Training Loss: 1.8731	Time remaining is 0h:32m
2024-04-17 22:09:45 INFO Epoch 140/160	Training Loss: 1.8824	Time remaining is 0h:31m
2024-04-17 22:11:12 INFO Testing: dataset_name: market1501 top1:0.9492 top5:0.9837 top10:0.9899 mAP:0.8765
2024-04-17 22:12:34 INFO Epoch 141/160	Training Loss: 1.8819	Time remaining is 0h:29m
2024-04-17 22:13:55 INFO Epoch 142/160	Training Loss: 1.8804	Time remaining is 0h:28m
2024-04-17 22:15:16 INFO Epoch 143/160	Training Loss: 1.8825	Time remaining is 0h:26m
2024-04-17 22:16:37 INFO Epoch 144/160	Training Loss: 1.8812	Time remaining is 0h:25m
2024-04-17 22:17:58 INFO Epoch 145/160	Training Loss: 1.8824	Time remaining is 0h:23m
2024-04-17 22:19:26 INFO Testing: dataset_name: market1501 top1:0.9486 top5:0.9846 top10:0.9896 mAP:0.8774
2024-04-17 22:20:47 INFO Epoch 146/160	Training Loss: 1.8806	Time remaining is 0h:22m
2024-04-17 22:22:08 INFO Epoch 147/160	Training Loss: 1.8806	Time remaining is 0h:21m
2024-04-17 22:23:29 INFO Epoch 148/160	Training Loss: 1.8791	Time remaining is 0h:19m
2024-04-17 22:24:51 INFO Epoch 149/160	Training Loss: 1.8913	Time remaining is 0h:18m
2024-04-17 22:26:11 INFO Epoch 150/160	Training Loss: 1.8699	Time remaining is 0h:16m
2024-04-17 22:27:39 INFO Testing: dataset_name: market1501 top1:0.9504 top5:0.9834 top10:0.9902 mAP:0.8770
2024-04-17 22:29:00 INFO Epoch 151/160	Training Loss: 1.8808	Time remaining is 0h:15m
2024-04-17 22:30:21 INFO Epoch 152/160	Training Loss: 1.8791	Time remaining is 0h:13m
2024-04-17 22:31:42 INFO Epoch 153/160	Training Loss: 1.8793	Time remaining is 0h:12m
2024-04-17 22:33:03 INFO Epoch 154/160	Training Loss: 1.8812	Time remaining is 0h:10m
2024-04-17 22:34:24 INFO Epoch 155/160	Training Loss: 1.8811	Time remaining is 0h:9m
2024-04-17 22:35:52 INFO Testing: dataset_name: market1501 top1:0.9492 top5:0.9831 top10:0.9896 mAP:0.8787
2024-04-17 22:37:13 INFO Epoch 156/160	Training Loss: 1.8704	Time remaining is 0h:7m
2024-04-17 22:38:34 INFO Epoch 157/160	Training Loss: 1.8794	Time remaining is 0h:6m
2024-04-17 22:39:54 INFO Epoch 158/160	Training Loss: 1.8723	Time remaining is 0h:4m
2024-04-17 22:41:15 INFO Epoch 159/160	Training Loss: 1.8791	Time remaining is 0h:3m
2024-04-17 22:42:36 INFO Epoch 160/160	Training Loss: 1.8705	Time remaining is 0h:1m
2024-04-17 22:44:04 INFO Testing: dataset_name: market1501 top1:0.9495 top5:0.9834 top10:0.9899 mAP:0.8775
2024-04-17 22:44:04 INFO The running time of training: 1.42618e+04 s
