2024-04-03 15:24:22 INFO ##################################################
2024-04-03 15:24:22 INFO Config values: batch_size: 60	current_directory: /home/hy/project/reid_task/ex_main	dataset_name: cuhk03-np-detected	dataset_path: /home/hy/project/data/cuhk03-np/detected	device: cuda	dtype: torch.float32	epoch_start_test: 90	epochs: 120	img_height: 256	img_width: 128	logs_outputs_path: /home/hy/project/reid_task/ex_main/./outputs/logs	models_outputs_path: /home/hy/project/reid_task/ex_main/./outputs/models	np: <module 'numpy' from '/home/hy/anaconda3/envs/py396/lib/python3.9/site-packages/numpy/__init__.py'>	os: <module 'os' from '/home/hy/anaconda3/envs/py396/lib/python3.9/os.py'>	outputs_dir: ./outputs/	outputs_path: /home/hy/project/reid_task/ex_main/./outputs/	print_every: 1	seed: 1	taskname: ReID_Task	temps_outputs_path: /home/hy/project/reid_task/ex_main/./outputs/temps	test_batch_size: 256	test_every: 5	torch: <module 'torch' from '/home/hy/anaconda3/envs/py396/lib/python3.9/site-packages/torch/__init__.py'>
2024-04-03 15:24:22 INFO Task: ReID_Task
2024-04-03 15:24:22 INFO Using device: cuda
2024-04-03 15:24:22 INFO Using data type: torch.float32
2024-04-03 15:24:22 INFO Number of GPUs: 1
2024-04-03 15:24:22 INFO GPU is_available: True
2024-04-03 15:24:22 INFO GPU name: NVIDIA GeForce RTX 3060
2024-04-03 15:24:22 INFO CUDA version: 12.1
2024-04-03 15:24:22 INFO Current device id: 0
2024-04-03 15:24:22 INFO ##################################################
2024-04-03 15:25:09 INFO Epoch 1/120	Training Loss: 8.7080	Time remaining is 1h:33m
2024-04-03 15:25:52 INFO Epoch 2/120	Training Loss: 7.7975	Time remaining is 1h:28m
2024-04-03 15:26:34 INFO Epoch 3/120	Training Loss: 6.8686	Time remaining is 1h:26m
2024-04-03 15:27:17 INFO Epoch 4/120	Training Loss: 5.8484	Time remaining is 1h:25m
2024-04-03 15:27:59 INFO Epoch 5/120	Training Loss: 4.8937	Time remaining is 1h:24m
2024-04-03 15:28:42 INFO Epoch 6/120	Training Loss: 3.9683	Time remaining is 1h:23m
2024-04-03 15:29:24 INFO Epoch 7/120	Training Loss: 3.1926	Time remaining is 1h:22m
2024-04-03 15:30:06 INFO Epoch 8/120	Training Loss: 2.6161	Time remaining is 1h:21m
2024-04-03 15:30:48 INFO Epoch 9/120	Training Loss: 2.3125	Time remaining is 1h:20m
2024-04-03 15:31:30 INFO Epoch 10/120	Training Loss: 2.1713	Time remaining is 1h:19m
2024-04-03 15:32:12 INFO Epoch 11/120	Training Loss: 2.0990	Time remaining is 1h:18m
2024-04-03 15:32:54 INFO Epoch 12/120	Training Loss: 2.0400	Time remaining is 1h:17m
2024-04-03 15:33:36 INFO Epoch 13/120	Training Loss: 1.9850	Time remaining is 1h:17m
2024-04-03 15:34:18 INFO Epoch 14/120	Training Loss: 1.9420	Time remaining is 1h:16m
2024-04-03 15:35:00 INFO Epoch 15/120	Training Loss: 1.9202	Time remaining is 1h:15m
2024-04-03 15:35:42 INFO Epoch 16/120	Training Loss: 1.9211	Time remaining is 1h:14m
2024-04-03 15:36:24 INFO Epoch 17/120	Training Loss: 1.8980	Time remaining is 1h:14m
2024-04-03 15:37:06 INFO Epoch 18/120	Training Loss: 1.8867	Time remaining is 1h:13m
2024-04-03 15:37:48 INFO Epoch 19/120	Training Loss: 1.8743	Time remaining is 1h:12m
2024-04-03 15:38:31 INFO Epoch 20/120	Training Loss: 1.8547	Time remaining is 1h:11m
2024-04-03 15:39:13 INFO Epoch 21/120	Training Loss: 1.8584	Time remaining is 1h:11m
2024-04-03 15:39:55 INFO Epoch 22/120	Training Loss: 1.8535	Time remaining is 1h:10m
2024-04-03 15:40:37 INFO Epoch 23/120	Training Loss: 1.8353	Time remaining is 1h:9m
2024-04-03 15:41:19 INFO Epoch 24/120	Training Loss: 1.8409	Time remaining is 1h:8m
2024-04-03 15:42:01 INFO Epoch 25/120	Training Loss: 1.8365	Time remaining is 1h:8m
2024-04-03 15:42:43 INFO Epoch 26/120	Training Loss: 1.8313	Time remaining is 1h:7m
2024-04-03 15:43:25 INFO Epoch 27/120	Training Loss: 1.8290	Time remaining is 1h:6m
2024-04-03 15:44:07 INFO Epoch 28/120	Training Loss: 1.8221	Time remaining is 1h:6m
2024-04-03 15:44:49 INFO Epoch 29/120	Training Loss: 1.8210	Time remaining is 1h:5m
2024-04-03 15:45:31 INFO Epoch 30/120	Training Loss: 1.8176	Time remaining is 1h:4m
2024-04-03 15:46:13 INFO Epoch 31/120	Training Loss: 1.8311	Time remaining is 1h:3m
2024-04-03 15:46:55 INFO Epoch 32/120	Training Loss: 1.8331	Time remaining is 1h:3m
2024-04-03 15:47:37 INFO Epoch 33/120	Training Loss: 1.8329	Time remaining is 1h:2m
2024-04-03 15:48:19 INFO Epoch 34/120	Training Loss: 1.8218	Time remaining is 1h:1m
2024-04-03 15:49:01 INFO Epoch 35/120	Training Loss: 1.8229	Time remaining is 1h:1m
2024-04-03 15:49:43 INFO Epoch 36/120	Training Loss: 1.8193	Time remaining is 0h:60m
2024-04-03 15:50:25 INFO Epoch 37/120	Training Loss: 1.8207	Time remaining is 0h:59m
2024-04-03 15:51:07 INFO Epoch 38/120	Training Loss: 1.8130	Time remaining is 0h:58m
2024-04-03 15:51:50 INFO Epoch 39/120	Training Loss: 1.8249	Time remaining is 0h:58m
2024-04-03 15:52:32 INFO Epoch 40/120	Training Loss: 1.8239	Time remaining is 0h:57m
2024-04-03 15:53:14 INFO Epoch 41/120	Training Loss: 1.7861	Time remaining is 0h:56m
2024-04-03 15:53:56 INFO Epoch 42/120	Training Loss: 1.7583	Time remaining is 0h:56m
2024-04-03 15:54:38 INFO Epoch 43/120	Training Loss: 1.7406	Time remaining is 0h:55m
2024-04-03 15:55:20 INFO Epoch 44/120	Training Loss: 1.7380	Time remaining is 0h:54m
2024-04-03 15:56:02 INFO Epoch 45/120	Training Loss: 1.7320	Time remaining is 0h:53m
2024-04-03 15:56:44 INFO Epoch 46/120	Training Loss: 1.7281	Time remaining is 0h:53m
2024-04-03 15:57:26 INFO Epoch 47/120	Training Loss: 1.7211	Time remaining is 0h:52m
2024-04-03 15:58:08 INFO Epoch 48/120	Training Loss: 1.7195	Time remaining is 0h:51m
2024-04-03 15:58:50 INFO Epoch 49/120	Training Loss: 1.7160	Time remaining is 0h:51m
2024-04-03 15:59:32 INFO Epoch 50/120	Training Loss: 1.7122	Time remaining is 0h:50m
2024-04-03 16:00:14 INFO Epoch 51/120	Training Loss: 1.7099	Time remaining is 0h:49m
2024-04-03 16:00:56 INFO Epoch 52/120	Training Loss: 1.7089	Time remaining is 0h:49m
2024-04-03 16:01:38 INFO Epoch 53/120	Training Loss: 1.7070	Time remaining is 0h:48m
2024-04-03 16:02:20 INFO Epoch 54/120	Training Loss: 1.7058	Time remaining is 0h:47m
2024-04-03 16:03:02 INFO Epoch 55/120	Training Loss: 1.7046	Time remaining is 0h:46m
2024-04-03 16:03:44 INFO Epoch 56/120	Training Loss: 1.7032	Time remaining is 0h:46m
2024-04-03 16:04:26 INFO Epoch 57/120	Training Loss: 1.7005	Time remaining is 0h:45m
2024-04-03 16:05:08 INFO Epoch 58/120	Training Loss: 1.6996	Time remaining is 0h:44m
2024-04-03 16:05:50 INFO Epoch 59/120	Training Loss: 1.7003	Time remaining is 0h:44m
2024-04-03 16:06:32 INFO Epoch 60/120	Training Loss: 1.7007	Time remaining is 0h:43m
2024-04-03 16:07:15 INFO Epoch 61/120	Training Loss: 1.6987	Time remaining is 0h:42m
2024-04-03 16:07:57 INFO Epoch 62/120	Training Loss: 1.6977	Time remaining is 0h:41m
2024-04-03 16:08:39 INFO Epoch 63/120	Training Loss: 1.6953	Time remaining is 0h:41m
2024-04-03 16:09:21 INFO Epoch 64/120	Training Loss: 1.6962	Time remaining is 0h:40m
2024-04-03 16:10:03 INFO Epoch 65/120	Training Loss: 1.6948	Time remaining is 0h:39m
2024-04-03 16:10:45 INFO Epoch 66/120	Training Loss: 1.6974	Time remaining is 0h:39m
2024-04-03 16:11:28 INFO Epoch 67/120	Training Loss: 1.6923	Time remaining is 0h:38m
2024-04-03 16:12:10 INFO Epoch 68/120	Training Loss: 1.6915	Time remaining is 0h:37m
2024-04-03 16:12:52 INFO Epoch 69/120	Training Loss: 1.6925	Time remaining is 0h:37m
2024-04-03 16:13:34 INFO Epoch 70/120	Training Loss: 1.6912	Time remaining is 0h:36m
2024-04-03 16:14:16 INFO Epoch 71/120	Training Loss: 1.6898	Time remaining is 0h:35m
2024-04-03 16:14:58 INFO Epoch 72/120	Training Loss: 1.6871	Time remaining is 0h:34m
2024-04-03 16:15:40 INFO Epoch 73/120	Training Loss: 1.6863	Time remaining is 0h:34m
2024-04-03 16:16:22 INFO Epoch 74/120	Training Loss: 1.6852	Time remaining is 0h:33m
2024-04-03 16:17:04 INFO Epoch 75/120	Training Loss: 1.6834	Time remaining is 0h:32m
2024-04-03 16:17:46 INFO Epoch 76/120	Training Loss: 1.6826	Time remaining is 0h:32m
2024-04-03 16:18:28 INFO Epoch 77/120	Training Loss: 1.6828	Time remaining is 0h:31m
2024-04-03 16:19:10 INFO Epoch 78/120	Training Loss: 1.6833	Time remaining is 0h:30m
2024-04-03 16:19:53 INFO Epoch 79/120	Training Loss: 1.6831	Time remaining is 0h:30m
2024-04-03 16:20:35 INFO Epoch 80/120	Training Loss: 1.6815	Time remaining is 0h:29m
2024-04-03 16:21:17 INFO Epoch 81/120	Training Loss: 1.6819	Time remaining is 0h:28m
2024-04-03 16:21:59 INFO Epoch 82/120	Training Loss: 1.6801	Time remaining is 0h:27m
2024-04-03 16:22:41 INFO Epoch 83/120	Training Loss: 1.6810	Time remaining is 0h:27m
2024-04-03 16:23:23 INFO Epoch 84/120	Training Loss: 1.6804	Time remaining is 0h:26m
2024-04-03 16:24:05 INFO Epoch 85/120	Training Loss: 1.6811	Time remaining is 0h:25m
2024-04-03 16:24:47 INFO Epoch 86/120	Training Loss: 1.6805	Time remaining is 0h:25m
2024-04-03 16:25:29 INFO Epoch 87/120	Training Loss: 1.6799	Time remaining is 0h:24m
2024-04-03 16:26:11 INFO Epoch 88/120	Training Loss: 1.6817	Time remaining is 0h:23m
2024-04-03 16:26:53 INFO Epoch 89/120	Training Loss: 1.6784	Time remaining is 0h:22m
2024-04-03 16:27:35 INFO Epoch 90/120	Training Loss: 1.6805	Time remaining is 0h:22m
2024-04-03 16:28:01 INFO Testing: dataset_name: cuhk03-np-detected top1:0.6464 top5:0.8207 top10:0.8836 mAP:0.6169
2024-04-03 16:28:43 INFO Epoch 91/120	Training Loss: 1.6794	Time remaining is 0h:21m
2024-04-03 16:29:25 INFO Epoch 92/120	Training Loss: 1.6798	Time remaining is 0h:21m
2024-04-03 16:30:07 INFO Epoch 93/120	Training Loss: 1.6785	Time remaining is 0h:20m
2024-04-03 16:30:49 INFO Epoch 94/120	Training Loss: 1.6802	Time remaining is 0h:19m
2024-04-03 16:31:31 INFO Epoch 95/120	Training Loss: 1.6784	Time remaining is 0h:18m
2024-04-03 16:31:56 INFO Testing: dataset_name: cuhk03-np-detected top1:0.6464 top5:0.8129 top10:0.8893 mAP:0.6191
2024-04-03 16:32:39 INFO Epoch 96/120	Training Loss: 1.6789	Time remaining is 0h:18m
2024-04-03 16:33:21 INFO Epoch 97/120	Training Loss: 1.6790	Time remaining is 0h:17m
2024-04-03 16:34:03 INFO Epoch 98/120	Training Loss: 1.6780	Time remaining is 0h:16m
2024-04-03 16:34:45 INFO Epoch 99/120	Training Loss: 1.6785	Time remaining is 0h:16m
2024-04-03 16:35:27 INFO Epoch 100/120	Training Loss: 1.6785	Time remaining is 0h:15m
2024-04-03 16:35:52 INFO Testing: dataset_name: cuhk03-np-detected top1:0.6443 top5:0.8121 top10:0.8886 mAP:0.6228
2024-04-03 16:36:34 INFO Epoch 101/120	Training Loss: 1.6784	Time remaining is 0h:14m
2024-04-03 16:37:16 INFO Epoch 102/120	Training Loss: 1.6775	Time remaining is 0h:14m
2024-04-03 16:37:58 INFO Epoch 103/120	Training Loss: 1.6772	Time remaining is 0h:13m
2024-04-03 16:38:40 INFO Epoch 104/120	Training Loss: 1.6766	Time remaining is 0h:12m
2024-04-03 16:39:22 INFO Epoch 105/120	Training Loss: 1.6782	Time remaining is 0h:11m
2024-04-03 16:39:48 INFO Testing: dataset_name: cuhk03-np-detected top1:0.6579 top5:0.8179 top10:0.8900 mAP:0.6270
2024-04-03 16:40:30 INFO Epoch 106/120	Training Loss: 1.6765	Time remaining is 0h:11m
2024-04-03 16:41:12 INFO Epoch 107/120	Training Loss: 1.6757	Time remaining is 0h:10m
2024-04-03 16:41:54 INFO Epoch 108/120	Training Loss: 1.6777	Time remaining is 0h:9m
2024-04-03 16:42:36 INFO Epoch 109/120	Training Loss: 1.6753	Time remaining is 0h:9m
2024-04-03 16:43:18 INFO Epoch 110/120	Training Loss: 1.6773	Time remaining is 0h:8m
2024-04-03 16:43:43 INFO Testing: dataset_name: cuhk03-np-detected top1:0.6536 top5:0.8186 top10:0.8929 mAP:0.6270
2024-04-03 16:44:25 INFO Epoch 111/120	Training Loss: 1.6763	Time remaining is 0h:7m
2024-04-03 16:45:07 INFO Epoch 112/120	Training Loss: 1.6763	Time remaining is 0h:6m
2024-04-03 16:45:49 INFO Epoch 113/120	Training Loss: 1.6755	Time remaining is 0h:6m
2024-04-03 16:46:31 INFO Epoch 114/120	Training Loss: 1.6770	Time remaining is 0h:5m
2024-04-03 16:47:14 INFO Epoch 115/120	Training Loss: 1.6752	Time remaining is 0h:4m
2024-04-03 16:47:39 INFO Testing: dataset_name: cuhk03-np-detected top1:0.6607 top5:0.8279 top10:0.8886 mAP:0.6315
2024-04-03 16:48:21 INFO Epoch 116/120	Training Loss: 1.6743	Time remaining is 0h:4m
2024-04-03 16:49:03 INFO Epoch 117/120	Training Loss: 1.6753	Time remaining is 0h:3m
2024-04-03 16:49:45 INFO Epoch 118/120	Training Loss: 1.6749	Time remaining is 0h:2m
2024-04-03 16:50:27 INFO Epoch 119/120	Training Loss: 1.6731	Time remaining is 0h:1m
2024-04-03 16:51:09 INFO Epoch 120/120	Training Loss: 1.6764	Time remaining is 0h:1m
2024-04-03 16:51:35 INFO Testing: dataset_name: cuhk03-np-detected top1:0.6593 top5:0.8243 top10:0.8900 mAP:0.6301
2024-04-03 16:51:35 INFO The running time of training: 5.23285e+03 s
