2024-05-30 11:03:00 INFO ##################################################
2024-05-30 11:03:00 INFO Config values: batch_size: 60	current_directory: /home/hy/project/reid_task/ex_main1	dataset_name: market1501	dataset_path: /home/hy/project/data/Market-1501-v15.09.15	device: cuda	dtype: torch.float32	epoch_start_test: 90	epochs: 16000	img_height: 384	img_width: 128	logs_outputs_path: /home/hy/project/reid_task/ex_main1/./outputs/logs	models_outputs_path: /home/hy/project/reid_task/ex_main1/./outputs/models	np: <module 'numpy' from '/home/hy/anaconda3/envs/py396/lib/python3.9/site-packages/numpy/__init__.py'>	os: <module 'os' from '/home/hy/anaconda3/envs/py396/lib/python3.9/os.py'>	outputs_dir: ./outputs/	outputs_path: /home/hy/project/reid_task/ex_main1/./outputs/	print_every: 1	seed: 1	taskname: ReID_Task	temps_outputs_path: /home/hy/project/reid_task/ex_main1/./outputs/temps	test_batch_size: 256	test_every: 5	torch: <module 'torch' from '/home/hy/anaconda3/envs/py396/lib/python3.9/site-packages/torch/__init__.py'>
2024-05-30 11:03:00 INFO Task: ReID_Task
2024-05-30 11:03:00 INFO Using device: cuda
2024-05-30 11:03:00 INFO Using data type: torch.float32
2024-05-30 11:03:00 INFO Number of GPUs: 1
2024-05-30 11:03:00 INFO GPU is_available: True
2024-05-30 11:03:00 INFO GPU name: NVIDIA GeForce RTX 3060
2024-05-30 11:03:00 INFO CUDA version: 12.1
2024-05-30 11:03:00 INFO Current device id: 0
2024-05-30 11:03:00 INFO ##################################################
2024-05-30 11:04:39 INFO Epoch 1/16000	Training Loss: 9.6213	Time remaining is 436h:0m
2024-05-30 11:06:16 INFO Epoch 2/16000	Training Loss: 7.3662	Time remaining is 432h:38m
2024-05-30 11:07:53 INFO Epoch 3/16000	Training Loss: 5.7875	Time remaining is 433h:0m
2024-05-30 11:09:30 INFO Epoch 4/16000	Training Loss: 4.2344	Time remaining is 432h:4m
2024-05-30 11:11:07 INFO Epoch 5/16000	Training Loss: 3.0307	Time remaining is 432h:10m
2024-05-30 11:12:45 INFO Epoch 6/16000	Training Loss: 2.2197	Time remaining is 432h:21m
2024-05-30 11:14:22 INFO Epoch 7/16000	Training Loss: 1.7898	Time remaining is 432h:22m
2024-05-30 11:15:59 INFO Epoch 8/16000	Training Loss: 1.5333	Time remaining is 432h:9m
2024-05-30 11:17:37 INFO Epoch 9/16000	Training Loss: 1.4273	Time remaining is 432h:32m
2024-05-30 11:19:15 INFO Epoch 10/16000	Training Loss: 1.3663	Time remaining is 432h:33m
2024-05-30 11:20:52 INFO Epoch 11/16000	Training Loss: 1.3172	Time remaining is 432h:19m
2024-05-30 11:22:29 INFO Epoch 12/16000	Training Loss: 1.2887	Time remaining is 432h:25m
2024-05-30 11:24:06 INFO Epoch 13/16000	Training Loss: 1.2378	Time remaining is 432h:17m
2024-05-30 11:25:44 INFO Epoch 14/16000	Training Loss: 1.1917	Time remaining is 432h:13m
2024-05-30 11:27:21 INFO Epoch 15/16000	Training Loss: 1.1940	Time remaining is 432h:6m
2024-05-30 11:28:58 INFO Epoch 16/16000	Training Loss: 1.1838	Time remaining is 432h:9m
2024-05-30 11:30:36 INFO Epoch 17/16000	Training Loss: 1.1552	Time remaining is 432h:11m
2024-05-30 11:32:14 INFO Epoch 18/16000	Training Loss: 1.1656	Time remaining is 432h:20m
2024-05-30 11:33:51 INFO Epoch 19/16000	Training Loss: 1.1502	Time remaining is 432h:16m
2024-05-30 11:35:29 INFO Epoch 20/16000	Training Loss: 1.1471	Time remaining is 432h:20m
2024-05-30 11:37:07 INFO Epoch 21/16000	Training Loss: 1.1429	Time remaining is 432h:22m
2024-05-30 11:38:44 INFO Epoch 22/16000	Training Loss: 1.1301	Time remaining is 432h:23m
2024-05-30 11:40:21 INFO Epoch 23/16000	Training Loss: 1.1348	Time remaining is 432h:16m
2024-05-30 11:41:58 INFO Epoch 24/16000	Training Loss: 1.1284	Time remaining is 432h:11m
2024-05-30 11:43:36 INFO Epoch 25/16000	Training Loss: 1.1481	Time remaining is 432h:11m
2024-05-30 11:45:13 INFO Epoch 26/16000	Training Loss: 1.1402	Time remaining is 432h:12m
2024-05-30 11:46:51 INFO Epoch 27/16000	Training Loss: 1.1336	Time remaining is 432h:12m
2024-05-30 11:48:29 INFO Epoch 28/16000	Training Loss: 1.1435	Time remaining is 432h:12m
2024-05-30 11:50:06 INFO Epoch 29/16000	Training Loss: 1.1489	Time remaining is 432h:13m
2024-05-30 11:51:43 INFO Epoch 30/16000	Training Loss: 1.1311	Time remaining is 432h:9m
2024-05-30 11:53:21 INFO Epoch 31/16000	Training Loss: 1.1418	Time remaining is 432h:8m
2024-05-30 11:54:58 INFO Epoch 32/16000	Training Loss: 1.1257	Time remaining is 432h:6m
2024-05-30 11:56:36 INFO Epoch 33/16000	Training Loss: 1.1461	Time remaining is 432h:6m
2024-05-30 11:58:13 INFO Epoch 34/16000	Training Loss: 1.1224	Time remaining is 432h:5m
2024-05-30 11:59:51 INFO Epoch 35/16000	Training Loss: 1.1285	Time remaining is 432h:4m
2024-05-30 12:01:28 INFO Epoch 36/16000	Training Loss: 1.1404	Time remaining is 432h:4m
2024-05-30 12:03:06 INFO Epoch 37/16000	Training Loss: 1.1297	Time remaining is 432h:5m
2024-05-30 12:04:44 INFO Epoch 38/16000	Training Loss: 1.1286	Time remaining is 432h:6m
2024-05-30 12:06:21 INFO Epoch 39/16000	Training Loss: 1.1355	Time remaining is 432h:4m
2024-05-30 12:07:59 INFO Epoch 40/16000	Training Loss: 1.1241	Time remaining is 432h:3m
2024-05-30 12:09:37 INFO Epoch 41/16000	Training Loss: 1.0854	Time remaining is 432h:2m
2024-05-30 12:11:15 INFO Epoch 42/16000	Training Loss: 1.0320	Time remaining is 432h:5m
2024-05-30 12:12:52 INFO Epoch 43/16000	Training Loss: 1.0113	Time remaining is 432h:3m
2024-05-30 12:14:29 INFO Epoch 44/16000	Training Loss: 0.9940	Time remaining is 431h:58m
2024-05-30 12:16:06 INFO Epoch 45/16000	Training Loss: 0.9925	Time remaining is 431h:54m
2024-05-30 12:17:44 INFO Epoch 46/16000	Training Loss: 0.9931	Time remaining is 431h:54m
2024-05-30 12:19:22 INFO Epoch 47/16000	Training Loss: 0.9950	Time remaining is 431h:57m
2024-05-30 12:20:59 INFO Epoch 48/16000	Training Loss: 0.9826	Time remaining is 431h:53m
2024-05-30 12:22:36 INFO Epoch 49/16000	Training Loss: 0.9806	Time remaining is 431h:49m
2024-05-30 12:24:13 INFO Epoch 50/16000	Training Loss: 0.9805	Time remaining is 431h:46m
2024-05-30 12:25:51 INFO Epoch 51/16000	Training Loss: 0.9801	Time remaining is 431h:46m
2024-05-30 12:27:28 INFO Epoch 52/16000	Training Loss: 0.9757	Time remaining is 431h:43m
2024-05-30 12:29:05 INFO Epoch 53/16000	Training Loss: 0.9739	Time remaining is 431h:39m
2024-05-30 12:30:43 INFO Epoch 54/16000	Training Loss: 0.9779	Time remaining is 431h:38m
2024-05-30 12:32:20 INFO Epoch 55/16000	Training Loss: 0.9748	Time remaining is 431h:38m
2024-05-30 12:33:58 INFO Epoch 56/16000	Training Loss: 0.9786	Time remaining is 431h:36m
2024-05-30 12:35:35 INFO Epoch 57/16000	Training Loss: 0.9704	Time remaining is 431h:32m
2024-05-30 12:37:13 INFO Epoch 58/16000	Training Loss: 0.9738	Time remaining is 431h:32m
2024-05-30 12:38:50 INFO Epoch 59/16000	Training Loss: 0.9731	Time remaining is 431h:31m
2024-05-30 12:40:28 INFO Epoch 60/16000	Training Loss: 0.9735	Time remaining is 431h:30m
2024-05-30 12:42:05 INFO Epoch 61/16000	Training Loss: 0.9666	Time remaining is 431h:27m
2024-05-30 12:43:43 INFO Epoch 62/16000	Training Loss: 0.9697	Time remaining is 431h:26m
2024-05-30 12:45:21 INFO Epoch 63/16000	Training Loss: 0.9769	Time remaining is 431h:28m
2024-05-30 12:46:58 INFO Epoch 64/16000	Training Loss: 0.9685	Time remaining is 431h:27m
2024-05-30 12:48:36 INFO Epoch 65/16000	Training Loss: 0.9633	Time remaining is 431h:25m
2024-05-30 12:50:13 INFO Epoch 66/16000	Training Loss: 0.9687	Time remaining is 431h:24m
2024-05-30 12:51:51 INFO Epoch 67/16000	Training Loss: 0.9697	Time remaining is 431h:22m
2024-05-30 12:53:28 INFO Epoch 68/16000	Training Loss: 0.9628	Time remaining is 431h:19m
2024-05-30 12:55:06 INFO Epoch 69/16000	Training Loss: 0.9681	Time remaining is 431h:19m
2024-05-30 12:56:43 INFO Epoch 70/16000	Training Loss: 0.9652	Time remaining is 431h:18m
2024-05-30 12:58:21 INFO Epoch 71/16000	Training Loss: 0.9605	Time remaining is 431h:18m
2024-05-30 12:59:59 INFO Epoch 72/16000	Training Loss: 0.9590	Time remaining is 431h:16m
2024-05-30 13:01:37 INFO Epoch 73/16000	Training Loss: 0.9572	Time remaining is 431h:16m
2024-05-30 13:03:14 INFO Epoch 74/16000	Training Loss: 0.9583	Time remaining is 431h:15m
2024-05-30 13:04:52 INFO Epoch 75/16000	Training Loss: 0.9588	Time remaining is 431h:14m
2024-05-30 13:06:29 INFO Epoch 76/16000	Training Loss: 0.9502	Time remaining is 431h:11m
2024-05-30 13:08:06 INFO Epoch 77/16000	Training Loss: 0.9493	Time remaining is 431h:8m
2024-05-30 13:09:43 INFO Epoch 78/16000	Training Loss: 0.9475	Time remaining is 431h:5m
2024-05-30 13:11:21 INFO Epoch 79/16000	Training Loss: 0.9544	Time remaining is 431h:4m
2024-05-30 13:12:58 INFO Epoch 80/16000	Training Loss: 0.9493	Time remaining is 431h:1m
2024-05-30 13:14:36 INFO Epoch 81/16000	Training Loss: 0.9539	Time remaining is 431h:0m
2024-05-30 13:16:13 INFO Epoch 82/16000	Training Loss: 0.9517	Time remaining is 430h:59m
2024-05-30 13:17:51 INFO Epoch 83/16000	Training Loss: 0.9520	Time remaining is 430h:58m
2024-05-30 13:19:28 INFO Epoch 84/16000	Training Loss: 0.9501	Time remaining is 430h:57m
2024-05-30 13:21:06 INFO Epoch 85/16000	Training Loss: 0.9517	Time remaining is 430h:55m
2024-05-30 13:22:44 INFO Epoch 86/16000	Training Loss: 0.9562	Time remaining is 430h:56m
2024-05-30 13:24:21 INFO Epoch 87/16000	Training Loss: 0.9473	Time remaining is 430h:53m
2024-05-30 13:25:59 INFO Epoch 88/16000	Training Loss: 0.9511	Time remaining is 430h:52m
2024-05-30 13:27:36 INFO Epoch 89/16000	Training Loss: 0.9512	Time remaining is 430h:51m
2024-05-30 13:29:14 INFO Epoch 90/16000	Training Loss: 0.9525	Time remaining is 430h:50m
2024-05-30 13:31:01 INFO Testing: dataset_name: market1501 top1:0.9507 top5:0.9837 top10:0.9911 mAP:0.8735
2024-05-30 13:32:38 INFO Epoch 91/16000	Training Loss: 0.9490	Time remaining is 435h:59m
2024-05-30 13:34:16 INFO Epoch 92/16000	Training Loss: 0.9514	Time remaining is 435h:54m
2024-05-30 13:35:53 INFO Epoch 93/16000	Training Loss: 0.9484	Time remaining is 435h:48m
2024-05-30 13:37:30 INFO Epoch 94/16000	Training Loss: 0.9462	Time remaining is 435h:41m
2024-05-30 13:39:07 INFO Epoch 95/16000	Training Loss: 0.9499	Time remaining is 435h:36m
2024-05-30 13:40:53 INFO Testing: dataset_name: market1501 top1:0.9528 top5:0.9846 top10:0.9908 mAP:0.8751
2024-05-30 13:42:31 INFO Epoch 96/16000	Training Loss: 0.9525	Time remaining is 440h:25m
2024-05-30 13:44:08 INFO Epoch 97/16000	Training Loss: 0.9503	Time remaining is 440h:16m
2024-05-30 13:45:45 INFO Epoch 98/16000	Training Loss: 0.9510	Time remaining is 440h:8m
2024-05-30 13:47:23 INFO Epoch 99/16000	Training Loss: 0.9482	Time remaining is 440h:0m
2024-05-30 13:49:00 INFO Epoch 100/16000	Training Loss: 0.9498	Time remaining is 439h:52m
2024-05-30 13:50:46 INFO Testing: dataset_name: market1501 top1:0.9516 top5:0.9837 top10:0.9911 mAP:0.8751
2024-05-30 13:52:24 INFO Epoch 101/16000	Training Loss: 0.9495	Time remaining is 444h:24m
2024-05-30 13:54:01 INFO Epoch 102/16000	Training Loss: 0.9496	Time remaining is 444h:14m
2024-05-30 13:55:39 INFO Epoch 103/16000	Training Loss: 0.9491	Time remaining is 444h:5m
2024-05-30 13:57:16 INFO Epoch 104/16000	Training Loss: 0.9489	Time remaining is 443h:55m
2024-05-30 13:58:53 INFO Epoch 105/16000	Training Loss: 0.9489	Time remaining is 443h:45m
2024-05-30 14:00:40 INFO Testing: dataset_name: market1501 top1:0.9525 top5:0.9846 top10:0.9905 mAP:0.8762
2024-05-30 14:02:17 INFO Epoch 106/16000	Training Loss: 0.9485	Time remaining is 448h:2m
2024-05-30 14:03:54 INFO Epoch 107/16000	Training Loss: 0.9426	Time remaining is 447h:49m
2024-05-30 14:05:31 INFO Epoch 108/16000	Training Loss: 0.9486	Time remaining is 447h:37m
2024-05-30 14:07:09 INFO Epoch 109/16000	Training Loss: 0.9476	Time remaining is 447h:25m
2024-05-30 14:08:46 INFO Epoch 110/16000	Training Loss: 0.9480	Time remaining is 447h:14m
2024-05-30 14:10:32 INFO Testing: dataset_name: market1501 top1:0.9543 top5:0.9849 top10:0.9911 mAP:0.8781
2024-05-30 14:12:10 INFO Epoch 111/16000	Training Loss: 0.9466	Time remaining is 451h:17m
2024-05-30 14:13:47 INFO Epoch 112/16000	Training Loss: 0.9473	Time remaining is 451h:3m
2024-05-30 14:15:24 INFO Epoch 113/16000	Training Loss: 0.9477	Time remaining is 450h:50m
2024-05-30 14:17:02 INFO Epoch 114/16000	Training Loss: 0.9485	Time remaining is 450h:38m
2024-05-30 14:18:39 INFO Epoch 115/16000	Training Loss: 0.9494	Time remaining is 450h:25m
2024-05-30 14:20:26 INFO Testing: dataset_name: market1501 top1:0.9510 top5:0.9840 top10:0.9911 mAP:0.8770
2024-05-30 14:22:02 INFO Epoch 116/16000	Training Loss: 0.9423	Time remaining is 454h:14m
2024-05-30 14:23:40 INFO Epoch 117/16000	Training Loss: 0.9519	Time remaining is 454h:1m
2024-05-30 14:25:17 INFO Epoch 118/16000	Training Loss: 0.9461	Time remaining is 453h:46m
2024-05-30 14:26:55 INFO Epoch 119/16000	Training Loss: 0.9470	Time remaining is 453h:32m
2024-05-30 14:28:32 INFO Epoch 120/16000	Training Loss: 0.9486	Time remaining is 453h:19m
2024-05-30 14:30:19 INFO Testing: dataset_name: market1501 top1:0.9522 top5:0.9843 top10:0.9911 mAP:0.8774
2024-05-30 14:31:55 INFO Epoch 121/16000	Training Loss: 0.9436	Time remaining is 456h:57m
2024-05-30 14:33:33 INFO Epoch 122/16000	Training Loss: 0.9475	Time remaining is 456h:42m
2024-05-30 14:35:11 INFO Epoch 123/16000	Training Loss: 0.9521	Time remaining is 456h:28m
2024-05-30 14:36:49 INFO Epoch 124/16000	Training Loss: 0.9509	Time remaining is 456h:14m
2024-05-30 14:38:26 INFO Epoch 125/16000	Training Loss: 0.9477	Time remaining is 455h:59m
2024-05-30 14:40:12 INFO Testing: dataset_name: market1501 top1:0.9525 top5:0.9857 top10:0.9914 mAP:0.8790
2024-05-30 14:41:50 INFO Epoch 126/16000	Training Loss: 0.9444	Time remaining is 459h:28m
2024-05-30 14:43:27 INFO Epoch 127/16000	Training Loss: 0.9468	Time remaining is 459h:12m
2024-05-30 14:45:04 INFO Epoch 128/16000	Training Loss: 0.9461	Time remaining is 458h:57m
2024-05-30 14:46:42 INFO Epoch 129/16000	Training Loss: 0.9464	Time remaining is 458h:41m
2024-05-30 14:48:19 INFO Epoch 130/16000	Training Loss: 0.9469	Time remaining is 458h:25m
2024-05-30 14:50:05 INFO Testing: dataset_name: market1501 top1:0.9522 top5:0.9855 top10:0.9917 mAP:0.8786
2024-05-30 14:51:43 INFO Epoch 131/16000	Training Loss: 0.9454	Time remaining is 461h:45m
2024-05-30 14:53:20 INFO Epoch 132/16000	Training Loss: 0.9458	Time remaining is 461h:28m
2024-05-30 14:54:58 INFO Epoch 133/16000	Training Loss: 0.9500	Time remaining is 461h:13m
2024-05-30 14:56:35 INFO Epoch 134/16000	Training Loss: 0.9455	Time remaining is 460h:57m
2024-05-30 14:58:13 INFO Epoch 135/16000	Training Loss: 0.9461	Time remaining is 460h:42m
2024-05-30 14:59:59 INFO Testing: dataset_name: market1501 top1:0.9519 top5:0.9846 top10:0.9917 mAP:0.8794
2024-05-30 15:01:36 INFO Epoch 136/16000	Training Loss: 0.9412	Time remaining is 463h:53m
2024-05-30 15:03:14 INFO Epoch 137/16000	Training Loss: 0.9452	Time remaining is 463h:36m
2024-05-30 15:04:51 INFO Epoch 138/16000	Training Loss: 0.9450	Time remaining is 463h:19m
2024-05-30 15:06:29 INFO Epoch 139/16000	Training Loss: 0.9452	Time remaining is 463h:3m
2024-05-30 15:08:06 INFO Epoch 140/16000	Training Loss: 0.9445	Time remaining is 462h:46m
2024-05-30 15:09:53 INFO Testing: dataset_name: market1501 top1:0.9510 top5:0.9855 top10:0.9917 mAP:0.8805
2024-05-30 15:11:31 INFO Epoch 141/16000	Training Loss: 0.9491	Time remaining is 465h:51m
2024-05-30 15:13:08 INFO Epoch 142/16000	Training Loss: 0.9430	Time remaining is 465h:34m
2024-05-30 15:14:46 INFO Epoch 143/16000	Training Loss: 0.9429	Time remaining is 465h:18m
2024-05-30 15:16:23 INFO Epoch 144/16000	Training Loss: 0.9446	Time remaining is 465h:1m
2024-05-30 15:18:01 INFO Epoch 145/16000	Training Loss: 0.9458	Time remaining is 464h:45m
2024-05-30 15:19:47 INFO Testing: dataset_name: market1501 top1:0.9522 top5:0.9866 top10:0.9914 mAP:0.8800
2024-05-30 15:21:25 INFO Epoch 146/16000	Training Loss: 0.9450	Time remaining is 467h:41m
2024-05-30 15:23:02 INFO Epoch 147/16000	Training Loss: 0.9453	Time remaining is 467h:23m
2024-05-30 15:24:39 INFO Epoch 148/16000	Training Loss: 0.9436	Time remaining is 467h:5m
2024-05-30 15:26:16 INFO Epoch 149/16000	Training Loss: 0.9407	Time remaining is 466h:47m
2024-05-30 15:27:54 INFO Epoch 150/16000	Training Loss: 0.9450	Time remaining is 466h:31m
2024-05-30 15:29:40 INFO Testing: dataset_name: market1501 top1:0.9540 top5:0.9855 top10:0.9920 mAP:0.8804
2024-05-30 15:31:18 INFO Epoch 151/16000	Training Loss: 0.9445	Time remaining is 469h:20m
2024-05-30 15:32:55 INFO Epoch 152/16000	Training Loss: 0.9450	Time remaining is 469h:3m
2024-05-30 15:34:33 INFO Epoch 153/16000	Training Loss: 0.9440	Time remaining is 468h:45m
2024-05-30 15:36:10 INFO Epoch 154/16000	Training Loss: 0.9425	Time remaining is 468h:28m
2024-05-30 15:37:47 INFO Epoch 155/16000	Training Loss: 0.9436	Time remaining is 468h:10m
2024-05-30 15:39:34 INFO Testing: dataset_name: market1501 top1:0.9519 top5:0.9855 top10:0.9914 mAP:0.8806
2024-05-30 15:41:11 INFO Epoch 156/16000	Training Loss: 0.9378	Time remaining is 470h:53m
2024-05-30 15:42:48 INFO Epoch 157/16000	Training Loss: 0.9439	Time remaining is 470h:35m
2024-05-30 15:44:25 INFO Epoch 158/16000	Training Loss: 0.9430	Time remaining is 470h:17m
2024-05-30 15:46:02 INFO Epoch 159/16000	Training Loss: 0.9419	Time remaining is 469h:59m
2024-05-30 15:47:40 INFO Epoch 160/16000	Training Loss: 0.9429	Time remaining is 469h:42m
2024-05-30 15:49:26 INFO Testing: dataset_name: market1501 top1:0.9525 top5:0.9860 top10:0.9923 mAP:0.8818
2024-05-30 15:51:03 INFO Epoch 161/16000	Training Loss: 0.9321	Time remaining is 472h:17m
2024-05-30 15:52:40 INFO Epoch 162/16000	Training Loss: 0.9434	Time remaining is 471h:60m
2024-05-30 15:54:18 INFO Epoch 163/16000	Training Loss: 0.9419	Time remaining is 471h:42m
2024-05-30 15:55:54 INFO Epoch 164/16000	Training Loss: 0.9383	Time remaining is 471h:24m
2024-05-30 15:57:32 INFO Epoch 165/16000	Training Loss: 0.9419	Time remaining is 471h:7m
2024-05-30 15:59:19 INFO Testing: dataset_name: market1501 top1:0.9525 top5:0.9846 top10:0.9920 mAP:0.8817
2024-05-30 16:00:56 INFO Epoch 166/16000	Training Loss: 0.9430	Time remaining is 473h:39m
2024-05-30 16:02:34 INFO Epoch 167/16000	Training Loss: 0.9460	Time remaining is 473h:22m
2024-05-30 16:04:12 INFO Epoch 168/16000	Training Loss: 0.9428	Time remaining is 473h:4m
2024-05-30 16:05:49 INFO Epoch 169/16000	Training Loss: 0.9419	Time remaining is 472h:46m
2024-05-30 16:07:26 INFO Epoch 170/16000	Training Loss: 0.9419	Time remaining is 472h:29m
2024-05-30 16:09:13 INFO Testing: dataset_name: market1501 top1:0.9537 top5:0.9863 top10:0.9917 mAP:0.8833
2024-05-30 16:10:49 INFO Epoch 171/16000	Training Loss: 0.9377	Time remaining is 474h:55m
2024-05-30 16:12:27 INFO Epoch 172/16000	Training Loss: 0.9413	Time remaining is 474h:36m
2024-05-30 16:14:03 INFO Epoch 173/16000	Training Loss: 0.9380	Time remaining is 474h:17m
2024-05-30 16:15:40 INFO Epoch 174/16000	Training Loss: 0.9370	Time remaining is 473h:59m
2024-05-30 16:17:18 INFO Epoch 175/16000	Training Loss: 0.9408	Time remaining is 473h:41m
2024-05-30 16:19:04 INFO Testing: dataset_name: market1501 top1:0.9540 top5:0.9860 top10:0.9914 mAP:0.8827
2024-05-30 16:20:40 INFO Epoch 176/16000	Training Loss: 0.9379	Time remaining is 476h:2m
2024-05-30 16:22:18 INFO Epoch 177/16000	Training Loss: 0.9431	Time remaining is 475h:44m
2024-05-30 16:23:55 INFO Epoch 178/16000	Training Loss: 0.9416	Time remaining is 475h:26m
2024-05-30 16:25:33 INFO Epoch 179/16000	Training Loss: 0.9413	Time remaining is 475h:8m
2024-05-30 16:27:09 INFO Epoch 180/16000	Training Loss: 0.9364	Time remaining is 474h:50m
2024-05-30 16:28:56 INFO Testing: dataset_name: market1501 top1:0.9519 top5:0.9863 top10:0.9917 mAP:0.8826
2024-05-30 16:30:32 INFO Epoch 181/16000	Training Loss: 0.9372	Time remaining is 477h:7m
2024-05-30 16:32:10 INFO Epoch 182/16000	Training Loss: 0.9410	Time remaining is 476h:48m
2024-05-30 16:33:46 INFO Epoch 183/16000	Training Loss: 0.9367	Time remaining is 476h:30m
2024-05-30 16:35:23 INFO Epoch 184/16000	Training Loss: 0.9348	Time remaining is 476h:11m
2024-05-30 16:37:00 INFO Epoch 185/16000	Training Loss: 0.9401	Time remaining is 475h:53m
2024-05-30 16:38:47 INFO Testing: dataset_name: market1501 top1:0.9543 top5:0.9857 top10:0.9920 mAP:0.8821
2024-05-30 16:40:24 INFO Epoch 186/16000	Training Loss: 0.9346	Time remaining is 478h:6m
2024-05-30 16:42:00 INFO Epoch 187/16000	Training Loss: 0.9350	Time remaining is 477h:47m
2024-05-30 16:43:37 INFO Epoch 188/16000	Training Loss: 0.9351	Time remaining is 477h:28m
2024-05-30 16:45:14 INFO Epoch 189/16000	Training Loss: 0.9372	Time remaining is 477h:10m
2024-05-30 16:46:51 INFO Epoch 190/16000	Training Loss: 0.9417	Time remaining is 476h:52m
2024-05-30 16:48:37 INFO Testing: dataset_name: market1501 top1:0.9540 top5:0.9857 top10:0.9917 mAP:0.8819
2024-05-30 16:50:15 INFO Epoch 191/16000	Training Loss: 0.9360	Time remaining is 479h:2m
2024-05-30 16:51:51 INFO Epoch 192/16000	Training Loss: 0.9346	Time remaining is 478h:43m
2024-05-30 16:53:29 INFO Epoch 193/16000	Training Loss: 0.9397	Time remaining is 478h:25m
2024-05-30 16:55:06 INFO Epoch 194/16000	Training Loss: 0.9408	Time remaining is 478h:8m
2024-05-30 16:56:44 INFO Epoch 195/16000	Training Loss: 0.9403	Time remaining is 477h:51m
2024-05-30 16:58:30 INFO Testing: dataset_name: market1501 top1:0.9531 top5:0.9857 top10:0.9917 mAP:0.8829
2024-05-30 17:00:08 INFO Epoch 196/16000	Training Loss: 0.9389	Time remaining is 479h:57m
2024-05-30 17:01:45 INFO Epoch 197/16000	Training Loss: 0.9394	Time remaining is 479h:39m
2024-05-30 17:03:23 INFO Epoch 198/16000	Training Loss: 0.9437	Time remaining is 479h:22m
2024-05-30 17:05:01 INFO Epoch 199/16000	Training Loss: 0.9389	Time remaining is 479h:5m
2024-05-30 17:06:38 INFO Epoch 200/16000	Training Loss: 0.9383	Time remaining is 478h:47m
2024-05-30 17:08:24 INFO Testing: dataset_name: market1501 top1:0.9537 top5:0.9849 top10:0.9923 mAP:0.8841
2024-05-30 17:10:01 INFO Epoch 201/16000	Training Loss: 0.9384	Time remaining is 480h:49m
2024-05-30 17:11:39 INFO Epoch 202/16000	Training Loss: 0.9394	Time remaining is 480h:31m
2024-05-30 17:13:15 INFO Epoch 203/16000	Training Loss: 0.9349	Time remaining is 480h:13m
2024-05-30 17:14:52 INFO Epoch 204/16000	Training Loss: 0.9346	Time remaining is 479h:55m
2024-05-30 17:16:30 INFO Epoch 205/16000	Training Loss: 0.9394	Time remaining is 479h:38m
2024-05-30 17:18:16 INFO Testing: dataset_name: market1501 top1:0.9543 top5:0.9852 top10:0.9917 mAP:0.8828
2024-05-30 17:19:53 INFO Epoch 206/16000	Training Loss: 0.9386	Time remaining is 481h:36m
2024-05-30 17:21:30 INFO Epoch 207/16000	Training Loss: 0.9384	Time remaining is 481h:19m
2024-05-30 17:23:08 INFO Epoch 208/16000	Training Loss: 0.9385	Time remaining is 481h:1m
2024-05-30 17:24:45 INFO Epoch 209/16000	Training Loss: 0.9378	Time remaining is 480h:44m
2024-05-30 17:26:22 INFO Epoch 210/16000	Training Loss: 0.9386	Time remaining is 480h:27m
2024-05-30 17:28:09 INFO Testing: dataset_name: market1501 top1:0.9537 top5:0.9852 top10:0.9914 mAP:0.8832
2024-05-30 17:29:46 INFO Epoch 211/16000	Training Loss: 0.9393	Time remaining is 482h:22m
2024-05-30 17:31:23 INFO Epoch 212/16000	Training Loss: 0.9383	Time remaining is 482h:5m
2024-05-30 17:33:01 INFO Epoch 213/16000	Training Loss: 0.9372	Time remaining is 481h:48m
2024-05-30 17:34:38 INFO Epoch 214/16000	Training Loss: 0.9381	Time remaining is 481h:30m
2024-05-30 17:36:16 INFO Epoch 215/16000	Training Loss: 0.9379	Time remaining is 481h:13m
2024-05-30 17:38:02 INFO Testing: dataset_name: market1501 top1:0.9537 top5:0.9857 top10:0.9923 mAP:0.8839
2024-05-30 17:39:39 INFO Epoch 216/16000	Training Loss: 0.9320	Time remaining is 483h:6m
2024-05-30 17:41:16 INFO Epoch 217/16000	Training Loss: 0.9330	Time remaining is 482h:48m
2024-05-30 17:42:53 INFO Epoch 218/16000	Training Loss: 0.9335	Time remaining is 482h:30m
2024-05-30 17:44:30 INFO Epoch 219/16000	Training Loss: 0.9386	Time remaining is 482h:13m
2024-05-30 17:46:07 INFO Epoch 220/16000	Training Loss: 0.9329	Time remaining is 481h:55m
2024-05-30 17:47:54 INFO Testing: dataset_name: market1501 top1:0.9549 top5:0.9857 top10:0.9926 mAP:0.8850
2024-05-30 17:49:31 INFO Epoch 221/16000	Training Loss: 0.9323	Time remaining is 483h:45m
2024-05-30 17:51:08 INFO Epoch 222/16000	Training Loss: 0.9374	Time remaining is 483h:27m
2024-05-30 17:52:45 INFO Epoch 223/16000	Training Loss: 0.9376	Time remaining is 483h:10m
2024-05-30 17:54:22 INFO Epoch 224/16000	Training Loss: 0.9377	Time remaining is 482h:53m
2024-05-30 17:56:00 INFO Epoch 225/16000	Training Loss: 0.9377	Time remaining is 482h:36m
2024-05-30 17:57:46 INFO Testing: dataset_name: market1501 top1:0.9552 top5:0.9863 top10:0.9923 mAP:0.8841
2024-05-30 17:59:24 INFO Epoch 226/16000	Training Loss: 0.9368	Time remaining is 484h:23m
2024-05-30 18:01:00 INFO Epoch 227/16000	Training Loss: 0.9325	Time remaining is 484h:5m
2024-05-30 18:02:37 INFO Epoch 228/16000	Training Loss: 0.9318	Time remaining is 483h:48m
2024-05-30 18:04:14 INFO Epoch 229/16000	Training Loss: 0.9318	Time remaining is 483h:30m
2024-05-30 18:05:50 INFO Epoch 230/16000	Training Loss: 0.9312	Time remaining is 483h:13m
2024-05-30 18:07:37 INFO Testing: dataset_name: market1501 top1:0.9543 top5:0.9852 top10:0.9920 mAP:0.8841
2024-05-30 18:09:14 INFO Epoch 231/16000	Training Loss: 0.9374	Time remaining is 484h:57m
2024-05-30 18:10:51 INFO Epoch 232/16000	Training Loss: 0.9369	Time remaining is 484h:40m
2024-05-30 18:12:28 INFO Epoch 233/16000	Training Loss: 0.9308	Time remaining is 484h:22m
2024-05-30 18:14:05 INFO Epoch 234/16000	Training Loss: 0.9318	Time remaining is 484h:5m
2024-05-30 18:15:41 INFO Epoch 235/16000	Training Loss: 0.9313	Time remaining is 483h:48m
2024-05-30 18:17:28 INFO Testing: dataset_name: market1501 top1:0.9534 top5:0.9843 top10:0.9923 mAP:0.8838
2024-05-30 18:19:05 INFO Epoch 236/16000	Training Loss: 0.9321	Time remaining is 485h:29m
2024-05-30 18:20:42 INFO Epoch 237/16000	Training Loss: 0.9352	Time remaining is 485h:12m
2024-05-30 18:22:19 INFO Epoch 238/16000	Training Loss: 0.9364	Time remaining is 484h:55m
2024-05-30 18:23:56 INFO Epoch 239/16000	Training Loss: 0.9359	Time remaining is 484h:39m
2024-05-30 18:25:34 INFO Epoch 240/16000	Training Loss: 0.9368	Time remaining is 484h:22m
2024-05-30 18:27:20 INFO Testing: dataset_name: market1501 top1:0.9543 top5:0.9852 top10:0.9929 mAP:0.8852
2024-05-30 18:28:58 INFO Epoch 241/16000	Training Loss: 0.9357	Time remaining is 486h:2m
2024-05-30 18:30:35 INFO Epoch 242/16000	Training Loss: 0.9360	Time remaining is 485h:45m
2024-05-30 18:32:12 INFO Epoch 243/16000	Training Loss: 0.9316	Time remaining is 485h:28m
2024-05-30 18:33:49 INFO Epoch 244/16000	Training Loss: 0.9363	Time remaining is 485h:12m
2024-05-30 18:35:27 INFO Epoch 245/16000	Training Loss: 0.9345	Time remaining is 484h:56m
2024-05-30 18:37:13 INFO Testing: dataset_name: market1501 top1:0.9543 top5:0.9863 top10:0.9917 mAP:0.8838
2024-05-30 18:38:50 INFO Epoch 246/16000	Training Loss: 0.9352	Time remaining is 486h:33m
2024-05-30 18:40:27 INFO Epoch 247/16000	Training Loss: 0.9352	Time remaining is 486h:16m
2024-05-30 18:42:05 INFO Epoch 248/16000	Training Loss: 0.9342	Time remaining is 485h:60m
2024-05-30 18:43:42 INFO Epoch 249/16000	Training Loss: 0.9354	Time remaining is 485h:43m
2024-05-30 18:45:20 INFO Epoch 250/16000	Training Loss: 0.9393	Time remaining is 485h:28m
2024-05-30 18:47:06 INFO Testing: dataset_name: market1501 top1:0.9549 top5:0.9860 top10:0.9920 mAP:0.8852
2024-05-30 18:48:43 INFO Epoch 251/16000	Training Loss: 0.9308	Time remaining is 487h:3m
2024-05-30 18:50:21 INFO Epoch 252/16000	Training Loss: 0.9339	Time remaining is 486h:46m
2024-05-30 18:51:58 INFO Epoch 253/16000	Training Loss: 0.9300	Time remaining is 486h:29m
2024-05-30 18:53:35 INFO Epoch 254/16000	Training Loss: 0.9310	Time remaining is 486h:13m
2024-05-30 18:55:12 INFO Epoch 255/16000	Training Loss: 0.9337	Time remaining is 485h:57m
2024-05-30 18:56:58 INFO Testing: dataset_name: market1501 top1:0.9584 top5:0.9852 top10:0.9917 mAP:0.8852
2024-05-30 18:58:36 INFO Epoch 256/16000	Training Loss: 0.9339	Time remaining is 487h:30m
2024-05-30 19:00:12 INFO Epoch 257/16000	Training Loss: 0.9307	Time remaining is 487h:13m
2024-05-30 19:01:50 INFO Epoch 258/16000	Training Loss: 0.9395	Time remaining is 486h:57m
2024-05-30 19:03:27 INFO Epoch 259/16000	Training Loss: 0.9295	Time remaining is 486h:41m
2024-05-30 19:05:04 INFO Epoch 260/16000	Training Loss: 0.9330	Time remaining is 486h:25m
2024-05-30 19:06:51 INFO Testing: dataset_name: market1501 top1:0.9546 top5:0.9846 top10:0.9917 mAP:0.8852
2024-05-30 19:08:28 INFO Epoch 261/16000	Training Loss: 0.9299	Time remaining is 487h:56m
2024-05-30 19:10:05 INFO Epoch 262/16000	Training Loss: 0.9338	Time remaining is 487h:39m
2024-05-30 19:11:42 INFO Epoch 263/16000	Training Loss: 0.9335	Time remaining is 487h:23m
2024-05-30 19:13:20 INFO Epoch 264/16000	Training Loss: 0.9350	Time remaining is 487h:7m
2024-05-30 19:14:57 INFO Epoch 265/16000	Training Loss: 0.9295	Time remaining is 486h:51m
2024-05-30 19:16:43 INFO Testing: dataset_name: market1501 top1:0.9531 top5:0.9849 top10:0.9926 mAP:0.8855
2024-05-30 19:18:20 INFO Epoch 266/16000	Training Loss: 0.9288	Time remaining is 488h:20m
2024-05-30 19:19:57 INFO Epoch 267/16000	Training Loss: 0.9340	Time remaining is 488h:4m
2024-05-30 19:21:35 INFO Epoch 268/16000	Training Loss: 0.9336	Time remaining is 487h:48m
2024-05-30 19:23:12 INFO Epoch 269/16000	Training Loss: 0.9345	Time remaining is 487h:32m
2024-05-30 19:24:49 INFO Epoch 270/16000	Training Loss: 0.9295	Time remaining is 487h:16m
2024-05-30 19:26:36 INFO Testing: dataset_name: market1501 top1:0.9549 top5:0.9860 top10:0.9917 mAP:0.8865
2024-05-30 19:28:13 INFO Epoch 271/16000	Training Loss: 0.9351	Time remaining is 488h:44m
2024-05-30 19:29:50 INFO Epoch 272/16000	Training Loss: 0.9348	Time remaining is 488h:28m
2024-05-30 19:31:27 INFO Epoch 273/16000	Training Loss: 0.9294	Time remaining is 488h:12m
2024-05-30 19:33:05 INFO Epoch 274/16000	Training Loss: 0.9330	Time remaining is 487h:57m
2024-05-30 19:34:42 INFO Epoch 275/16000	Training Loss: 0.9285	Time remaining is 487h:41m
2024-05-30 19:36:29 INFO Testing: dataset_name: market1501 top1:0.9537 top5:0.9857 top10:0.9923 mAP:0.8845
2024-05-30 19:38:07 INFO Epoch 276/16000	Training Loss: 0.9326	Time remaining is 489h:7m
2024-05-30 19:39:44 INFO Epoch 277/16000	Training Loss: 0.9288	Time remaining is 488h:51m
2024-05-30 19:41:21 INFO Epoch 278/16000	Training Loss: 0.9285	Time remaining is 488h:35m
2024-05-30 19:42:58 INFO Epoch 279/16000	Training Loss: 0.9333	Time remaining is 488h:19m
2024-05-30 19:44:35 INFO Epoch 280/16000	Training Loss: 0.9335	Time remaining is 488h:4m
2024-05-30 19:46:21 INFO Testing: dataset_name: market1501 top1:0.9575 top5:0.9875 top10:0.9923 mAP:0.8876
2024-05-30 19:47:58 INFO Epoch 281/16000	Training Loss: 0.9274	Time remaining is 489h:27m
2024-05-30 19:49:35 INFO Epoch 282/16000	Training Loss: 0.9285	Time remaining is 489h:12m
2024-05-30 19:51:12 INFO Epoch 283/16000	Training Loss: 0.9324	Time remaining is 488h:56m
2024-05-30 19:52:50 INFO Epoch 284/16000	Training Loss: 0.9317	Time remaining is 488h:41m
2024-05-30 19:54:27 INFO Epoch 285/16000	Training Loss: 0.9334	Time remaining is 488h:26m
2024-05-30 19:56:14 INFO Testing: dataset_name: market1501 top1:0.9575 top5:0.9863 top10:0.9923 mAP:0.8862
2024-05-30 19:57:51 INFO Epoch 286/16000	Training Loss: 0.9322	Time remaining is 489h:48m
2024-05-30 19:59:29 INFO Epoch 287/16000	Training Loss: 0.9327	Time remaining is 489h:33m
2024-05-30 20:01:06 INFO Epoch 288/16000	Training Loss: 0.9313	Time remaining is 489h:17m
2024-05-30 20:02:43 INFO Epoch 289/16000	Training Loss: 0.9278	Time remaining is 489h:2m
2024-05-30 20:04:20 INFO Epoch 290/16000	Training Loss: 0.9309	Time remaining is 488h:46m
2024-05-30 20:06:06 INFO Testing: dataset_name: market1501 top1:0.9569 top5:0.9863 top10:0.9929 mAP:0.8852
2024-05-30 20:07:43 INFO Epoch 291/16000	Training Loss: 0.9268	Time remaining is 490h:7m
2024-05-30 20:09:20 INFO Epoch 292/16000	Training Loss: 0.9318	Time remaining is 489h:51m
2024-05-30 20:10:57 INFO Epoch 293/16000	Training Loss: 0.9277	Time remaining is 489h:35m
2024-05-30 20:12:34 INFO Epoch 294/16000	Training Loss: 0.9321	Time remaining is 489h:20m
2024-05-30 20:14:12 INFO Epoch 295/16000	Training Loss: 0.9318	Time remaining is 489h:5m
2024-05-30 20:15:58 INFO Testing: dataset_name: market1501 top1:0.9555 top5:0.9869 top10:0.9923 mAP:0.8859
2024-05-30 20:17:35 INFO Epoch 296/16000	Training Loss: 0.9320	Time remaining is 490h:24m
2024-05-30 20:19:13 INFO Epoch 297/16000	Training Loss: 0.9316	Time remaining is 490h:9m
2024-05-30 20:20:50 INFO Epoch 298/16000	Training Loss: 0.9318	Time remaining is 489h:54m
2024-05-30 20:22:27 INFO Epoch 299/16000	Training Loss: 0.9276	Time remaining is 489h:38m
2024-05-30 20:24:04 INFO Epoch 300/16000	Training Loss: 0.9267	Time remaining is 489h:23m
2024-05-30 20:25:50 INFO Testing: dataset_name: market1501 top1:0.9558 top5:0.9875 top10:0.9920 mAP:0.8852
2024-05-30 20:27:28 INFO Epoch 301/16000	Training Loss: 0.9312	Time remaining is 490h:41m
2024-05-30 20:29:05 INFO Epoch 302/16000	Training Loss: 0.9314	Time remaining is 490h:26m
2024-05-30 20:30:42 INFO Epoch 303/16000	Training Loss: 0.9316	Time remaining is 490h:11m
2024-05-30 20:32:20 INFO Epoch 304/16000	Training Loss: 0.9308	Time remaining is 489h:56m
2024-05-30 20:33:57 INFO Epoch 305/16000	Training Loss: 0.9308	Time remaining is 489h:41m
2024-05-30 20:35:43 INFO Testing: dataset_name: market1501 top1:0.9537 top5:0.9863 top10:0.9917 mAP:0.8866
2024-05-30 20:37:20 INFO Epoch 306/16000	Training Loss: 0.9311	Time remaining is 490h:58m
2024-05-30 20:38:57 INFO Epoch 307/16000	Training Loss: 0.9266	Time remaining is 490h:42m
2024-05-30 20:40:35 INFO Epoch 308/16000	Training Loss: 0.9252	Time remaining is 490h:27m
2024-05-30 20:42:12 INFO Epoch 309/16000	Training Loss: 0.9304	Time remaining is 490h:13m
2024-05-30 20:43:50 INFO Epoch 310/16000	Training Loss: 0.9312	Time remaining is 489h:58m
2024-05-30 20:45:36 INFO Testing: dataset_name: market1501 top1:0.9555 top5:0.9857 top10:0.9926 mAP:0.8861
2024-05-30 20:47:14 INFO Epoch 311/16000	Training Loss: 0.9301	Time remaining is 491h:13m
2024-05-30 20:48:50 INFO Epoch 312/16000	Training Loss: 0.9265	Time remaining is 490h:58m
2024-05-30 20:50:27 INFO Epoch 313/16000	Training Loss: 0.9252	Time remaining is 490h:43m
2024-05-30 20:52:05 INFO Epoch 314/16000	Training Loss: 0.9353	Time remaining is 490h:29m
2024-05-30 20:53:42 INFO Epoch 315/16000	Training Loss: 0.9307	Time remaining is 490h:14m
2024-05-30 20:55:29 INFO Testing: dataset_name: market1501 top1:0.9569 top5:0.9857 top10:0.9923 mAP:0.8851
2024-05-30 20:57:06 INFO Epoch 316/16000	Training Loss: 0.9257	Time remaining is 491h:28m
2024-05-30 20:58:43 INFO Epoch 317/16000	Training Loss: 0.9314	Time remaining is 491h:13m
2024-05-30 21:00:20 INFO Epoch 318/16000	Training Loss: 0.9258	Time remaining is 490h:58m
2024-05-30 21:01:57 INFO Epoch 319/16000	Training Loss: 0.9302	Time remaining is 490h:44m
2024-05-30 21:03:34 INFO Epoch 320/16000	Training Loss: 0.9307	Time remaining is 490h:29m
2024-05-30 21:05:21 INFO Testing: dataset_name: market1501 top1:0.9558 top5:0.9852 top10:0.9917 mAP:0.8862
2024-05-30 21:06:58 INFO Epoch 321/16000	Training Loss: 0.9297	Time remaining is 491h:41m
2024-05-30 21:08:35 INFO Epoch 322/16000	Training Loss: 0.9249	Time remaining is 491h:26m
2024-05-30 21:10:12 INFO Epoch 323/16000	Training Loss: 0.9303	Time remaining is 491h:12m
2024-05-30 21:11:49 INFO Epoch 324/16000	Training Loss: 0.9286	Time remaining is 490h:58m
2024-05-30 21:13:26 INFO Epoch 325/16000	Training Loss: 0.9254	Time remaining is 490h:43m
2024-05-30 21:15:13 INFO Testing: dataset_name: market1501 top1:0.9552 top5:0.9849 top10:0.9929 mAP:0.8850
2024-05-30 21:16:50 INFO Epoch 326/16000	Training Loss: 0.9301	Time remaining is 491h:54m
2024-05-30 21:18:27 INFO Epoch 327/16000	Training Loss: 0.9294	Time remaining is 491h:39m
2024-05-30 21:20:04 INFO Epoch 328/16000	Training Loss: 0.9293	Time remaining is 491h:25m
2024-05-30 21:21:42 INFO Epoch 329/16000	Training Loss: 0.9289	Time remaining is 491h:11m
2024-05-30 21:23:19 INFO Epoch 330/16000	Training Loss: 0.9298	Time remaining is 490h:57m
2024-05-30 21:25:06 INFO Testing: dataset_name: market1501 top1:0.9537 top5:0.9840 top10:0.9908 mAP:0.8858
2024-05-30 21:26:42 INFO Epoch 331/16000	Training Loss: 0.9249	Time remaining is 492h:6m
2024-05-30 21:28:19 INFO Epoch 332/16000	Training Loss: 0.9239	Time remaining is 491h:52m
2024-05-30 21:29:57 INFO Epoch 333/16000	Training Loss: 0.9282	Time remaining is 491h:38m
2024-05-30 21:31:34 INFO Epoch 334/16000	Training Loss: 0.9290	Time remaining is 491h:24m
2024-05-30 21:33:12 INFO Epoch 335/16000	Training Loss: 0.9346	Time remaining is 491h:10m
2024-05-30 21:34:59 INFO Testing: dataset_name: market1501 top1:0.9572 top5:0.9869 top10:0.9920 mAP:0.8863
2024-05-30 21:36:37 INFO Epoch 336/16000	Training Loss: 0.9298	Time remaining is 492h:19m
2024-05-30 21:38:14 INFO Epoch 337/16000	Training Loss: 0.9340	Time remaining is 492h:6m
2024-05-30 21:39:51 INFO Epoch 338/16000	Training Loss: 0.9250	Time remaining is 491h:51m
2024-05-30 21:41:28 INFO Epoch 339/16000	Training Loss: 0.9281	Time remaining is 491h:37m
2024-05-30 21:43:06 INFO Epoch 340/16000	Training Loss: 0.9296	Time remaining is 491h:23m
2024-05-30 21:44:52 INFO Testing: dataset_name: market1501 top1:0.9567 top5:0.9852 top10:0.9935 mAP:0.8847
2024-05-30 21:46:30 INFO Epoch 341/16000	Training Loss: 0.9340	Time remaining is 492h:31m
2024-05-30 21:48:07 INFO Epoch 342/16000	Training Loss: 0.9283	Time remaining is 492h:17m
2024-05-30 21:49:45 INFO Epoch 343/16000	Training Loss: 0.9286	Time remaining is 492h:3m
2024-05-30 21:51:22 INFO Epoch 344/16000	Training Loss: 0.9292	Time remaining is 491h:49m
2024-05-30 21:52:59 INFO Epoch 345/16000	Training Loss: 0.9300	Time remaining is 491h:36m
2024-05-30 21:54:46 INFO Testing: dataset_name: market1501 top1:0.9564 top5:0.9843 top10:0.9929 mAP:0.8869
2024-05-30 21:56:23 INFO Epoch 346/16000	Training Loss: 0.9237	Time remaining is 492h:42m
2024-05-30 21:58:00 INFO Epoch 347/16000	Training Loss: 0.9277	Time remaining is 492h:28m
2024-05-30 21:59:37 INFO Epoch 348/16000	Training Loss: 0.9309	Time remaining is 492h:14m
2024-05-30 22:01:14 INFO Epoch 349/16000	Training Loss: 0.9237	Time remaining is 491h:60m
2024-05-30 22:02:51 INFO Epoch 350/16000	Training Loss: 0.9277	Time remaining is 491h:46m
2024-05-30 22:04:38 INFO Testing: dataset_name: market1501 top1:0.9569 top5:0.9863 top10:0.9923 mAP:0.8859
2024-05-30 22:06:15 INFO Epoch 351/16000	Training Loss: 0.9278	Time remaining is 492h:52m
2024-05-30 22:07:53 INFO Epoch 352/16000	Training Loss: 0.9275	Time remaining is 492h:38m
2024-05-30 22:09:29 INFO Epoch 353/16000	Training Loss: 0.9238	Time remaining is 492h:24m
2024-05-30 22:11:07 INFO Epoch 354/16000	Training Loss: 0.9274	Time remaining is 492h:10m
2024-05-30 22:12:44 INFO Epoch 355/16000	Training Loss: 0.9277	Time remaining is 491h:57m
2024-05-30 22:14:31 INFO Testing: dataset_name: market1501 top1:0.9569 top5:0.9849 top10:0.9923 mAP:0.8851
2024-05-30 22:16:08 INFO Epoch 356/16000	Training Loss: 0.9273	Time remaining is 493h:1m
2024-05-30 22:17:45 INFO Epoch 357/16000	Training Loss: 0.9231	Time remaining is 492h:47m
2024-05-30 22:19:22 INFO Epoch 358/16000	Training Loss: 0.9273	Time remaining is 492h:34m
2024-05-30 22:21:00 INFO Epoch 359/16000	Training Loss: 0.9273	Time remaining is 492h:20m
2024-05-30 22:22:37 INFO Epoch 360/16000	Training Loss: 0.9267	Time remaining is 492h:7m
2024-05-30 22:24:23 INFO Testing: dataset_name: market1501 top1:0.9546 top5:0.9846 top10:0.9929 mAP:0.8854
2024-05-30 22:26:00 INFO Epoch 361/16000	Training Loss: 0.9280	Time remaining is 493h:10m
2024-05-30 22:27:38 INFO Epoch 362/16000	Training Loss: 0.9264	Time remaining is 492h:56m
2024-05-30 22:29:15 INFO Epoch 363/16000	Training Loss: 0.9226	Time remaining is 492h:43m
2024-05-30 22:30:52 INFO Epoch 364/16000	Training Loss: 0.9264	Time remaining is 492h:29m
2024-05-30 22:32:30 INFO Epoch 365/16000	Training Loss: 0.9324	Time remaining is 492h:16m
2024-05-30 22:34:16 INFO Testing: dataset_name: market1501 top1:0.9546 top5:0.9840 top10:0.9917 mAP:0.8847
2024-05-30 22:35:53 INFO Epoch 366/16000	Training Loss: 0.9229	Time remaining is 493h:18m
2024-05-30 22:37:30 INFO Epoch 367/16000	Training Loss: 0.9269	Time remaining is 493h:5m
2024-05-30 22:39:07 INFO Epoch 368/16000	Training Loss: 0.9230	Time remaining is 492h:51m
2024-05-30 22:40:44 INFO Epoch 369/16000	Training Loss: 0.9271	Time remaining is 492h:38m
2024-05-30 22:42:22 INFO Epoch 370/16000	Training Loss: 0.9277	Time remaining is 492h:24m
2024-05-30 22:44:08 INFO Testing: dataset_name: market1501 top1:0.9558 top5:0.9855 top10:0.9914 mAP:0.8841
2024-05-30 22:45:45 INFO Epoch 371/16000	Training Loss: 0.9223	Time remaining is 493h:25m
2024-05-30 22:47:21 INFO Epoch 372/16000	Training Loss: 0.9221	Time remaining is 493h:12m
2024-05-30 22:48:59 INFO Epoch 373/16000	Training Loss: 0.9270	Time remaining is 492h:58m
2024-05-30 22:50:36 INFO Epoch 374/16000	Training Loss: 0.9214	Time remaining is 492h:45m
2024-05-30 22:52:13 INFO Epoch 375/16000	Training Loss: 0.9265	Time remaining is 492h:32m
2024-05-30 22:53:59 INFO Testing: dataset_name: market1501 top1:0.9546 top5:0.9860 top10:0.9929 mAP:0.8840
2024-05-30 22:55:37 INFO Epoch 376/16000	Training Loss: 0.9254	Time remaining is 493h:32m
2024-05-30 22:57:14 INFO Epoch 377/16000	Training Loss: 0.9212	Time remaining is 493h:19m
2024-05-30 22:58:50 INFO Epoch 378/16000	Training Loss: 0.9223	Time remaining is 493h:5m
2024-05-30 23:00:27 INFO Epoch 379/16000	Training Loss: 0.9220	Time remaining is 492h:52m
2024-05-30 23:02:04 INFO Epoch 380/16000	Training Loss: 0.9276	Time remaining is 492h:39m
2024-05-30 23:03:50 INFO Testing: dataset_name: market1501 top1:0.9561 top5:0.9837 top10:0.9920 mAP:0.8844
2024-05-30 23:05:28 INFO Epoch 381/16000	Training Loss: 0.9267	Time remaining is 493h:38m
2024-05-30 23:07:05 INFO Epoch 382/16000	Training Loss: 0.9271	Time remaining is 493h:25m
2024-05-30 23:08:42 INFO Epoch 383/16000	Training Loss: 0.9261	Time remaining is 493h:12m
2024-05-30 23:10:20 INFO Epoch 384/16000	Training Loss: 0.9265	Time remaining is 492h:59m
2024-05-30 23:11:57 INFO Epoch 385/16000	Training Loss: 0.9228	Time remaining is 492h:46m
2024-05-30 23:13:43 INFO Testing: dataset_name: market1501 top1:0.9572 top5:0.9849 top10:0.9911 mAP:0.8860
2024-05-30 23:15:21 INFO Epoch 386/16000	Training Loss: 0.9312	Time remaining is 493h:45m
2024-05-30 23:16:58 INFO Epoch 387/16000	Training Loss: 0.9215	Time remaining is 493h:32m
2024-05-30 23:18:35 INFO Epoch 388/16000	Training Loss: 0.9309	Time remaining is 493h:19m
2024-05-30 23:20:13 INFO Epoch 389/16000	Training Loss: 0.9269	Time remaining is 493h:6m
2024-05-30 23:21:49 INFO Epoch 390/16000	Training Loss: 0.9211	Time remaining is 492h:53m
2024-05-30 23:23:36 INFO Testing: dataset_name: market1501 top1:0.9555 top5:0.9840 top10:0.9917 mAP:0.8840
2024-05-30 23:25:13 INFO Epoch 391/16000	Training Loss: 0.9255	Time remaining is 493h:51m
2024-05-30 23:26:50 INFO Epoch 392/16000	Training Loss: 0.9212	Time remaining is 493h:38m
2024-05-30 23:28:27 INFO Epoch 393/16000	Training Loss: 0.9220	Time remaining is 493h:25m
2024-05-30 23:30:04 INFO Epoch 394/16000	Training Loss: 0.9255	Time remaining is 493h:12m
2024-05-30 23:31:41 INFO Epoch 395/16000	Training Loss: 0.9213	Time remaining is 492h:59m
2024-05-30 23:33:27 INFO Testing: dataset_name: market1501 top1:0.9537 top5:0.9857 top10:0.9914 mAP:0.8845
2024-05-30 23:35:04 INFO Epoch 396/16000	Training Loss: 0.9214	Time remaining is 493h:55m
2024-05-30 23:36:40 INFO Epoch 397/16000	Training Loss: 0.9216	Time remaining is 493h:42m
2024-05-30 23:38:18 INFO Epoch 398/16000	Training Loss: 0.9256	Time remaining is 493h:29m
2024-05-30 23:39:54 INFO Epoch 399/16000	Training Loss: 0.9208	Time remaining is 493h:16m
2024-05-30 23:41:31 INFO Epoch 400/16000	Training Loss: 0.9212	Time remaining is 493h:3m
2024-05-30 23:43:17 INFO Testing: dataset_name: market1501 top1:0.9543 top5:0.9837 top10:0.9917 mAP:0.8834
2024-05-30 23:44:55 INFO Epoch 401/16000	Training Loss: 0.9252	Time remaining is 493h:60m
2024-05-30 23:46:32 INFO Epoch 402/16000	Training Loss: 0.9251	Time remaining is 493h:47m
2024-05-30 23:48:09 INFO Epoch 403/16000	Training Loss: 0.9194	Time remaining is 493h:34m
2024-05-30 23:49:46 INFO Epoch 404/16000	Training Loss: 0.9259	Time remaining is 493h:22m
2024-05-30 23:51:24 INFO Epoch 405/16000	Training Loss: 0.9251	Time remaining is 493h:9m
2024-05-30 23:53:10 INFO Testing: dataset_name: market1501 top1:0.9564 top5:0.9855 top10:0.9917 mAP:0.8832
2024-05-30 23:54:47 INFO Epoch 406/16000	Training Loss: 0.9259	Time remaining is 494h:5m
2024-05-30 23:56:24 INFO Epoch 407/16000	Training Loss: 0.9256	Time remaining is 493h:52m
2024-05-30 23:58:02 INFO Epoch 408/16000	Training Loss: 0.9253	Time remaining is 493h:40m
2024-05-30 23:59:40 INFO Epoch 409/16000	Training Loss: 0.9258	Time remaining is 493h:27m
2024-05-31 00:01:17 INFO Epoch 410/16000	Training Loss: 0.9254	Time remaining is 493h:15m
2024-05-31 00:03:04 INFO Testing: dataset_name: market1501 top1:0.9525 top5:0.9822 top10:0.9917 mAP:0.8822
2024-05-31 00:04:41 INFO Epoch 411/16000	Training Loss: 0.9207	Time remaining is 494h:10m
2024-05-31 00:06:18 INFO Epoch 412/16000	Training Loss: 0.9238	Time remaining is 493h:58m
2024-05-31 00:07:55 INFO Epoch 413/16000	Training Loss: 0.9195	Time remaining is 493h:45m
2024-05-31 00:09:33 INFO Epoch 414/16000	Training Loss: 0.9257	Time remaining is 493h:33m
2024-05-31 00:11:10 INFO Epoch 415/16000	Training Loss: 0.9240	Time remaining is 493h:20m
2024-05-31 00:12:56 INFO Testing: dataset_name: market1501 top1:0.9519 top5:0.9834 top10:0.9908 mAP:0.8832
2024-05-31 00:14:33 INFO Epoch 416/16000	Training Loss: 0.9202	Time remaining is 494h:14m
2024-05-31 00:16:11 INFO Epoch 417/16000	Training Loss: 0.9251	Time remaining is 494h:2m
2024-05-31 00:17:48 INFO Epoch 418/16000	Training Loss: 0.9246	Time remaining is 493h:49m
2024-05-31 00:19:25 INFO Epoch 419/16000	Training Loss: 0.9245	Time remaining is 493h:37m
2024-05-31 00:21:02 INFO Epoch 420/16000	Training Loss: 0.9254	Time remaining is 493h:25m
2024-05-31 00:22:48 INFO Testing: dataset_name: market1501 top1:0.9534 top5:0.9840 top10:0.9908 mAP:0.8829
2024-05-31 00:24:26 INFO Epoch 421/16000	Training Loss: 0.9249	Time remaining is 494h:18m
2024-05-31 00:26:03 INFO Epoch 422/16000	Training Loss: 0.9238	Time remaining is 494h:6m
2024-05-31 00:27:40 INFO Epoch 423/16000	Training Loss: 0.9203	Time remaining is 493h:53m
2024-05-31 00:29:17 INFO Epoch 424/16000	Training Loss: 0.9198	Time remaining is 493h:41m
2024-05-31 00:30:54 INFO Epoch 425/16000	Training Loss: 0.9239	Time remaining is 493h:29m
2024-05-31 00:32:41 INFO Testing: dataset_name: market1501 top1:0.9569 top5:0.9846 top10:0.9908 mAP:0.8857
2024-05-31 00:34:17 INFO Epoch 426/16000	Training Loss: 0.9193	Time remaining is 494h:21m
2024-05-31 00:35:54 INFO Epoch 427/16000	Training Loss: 0.9246	Time remaining is 494h:9m
2024-05-31 00:37:32 INFO Epoch 428/16000	Training Loss: 0.9239	Time remaining is 493h:56m
2024-05-31 00:39:09 INFO Epoch 429/16000	Training Loss: 0.9243	Time remaining is 493h:44m
2024-05-31 00:40:46 INFO Epoch 430/16000	Training Loss: 0.9249	Time remaining is 493h:32m
2024-05-31 00:42:33 INFO Testing: dataset_name: market1501 top1:0.9543 top5:0.9843 top10:0.9911 mAP:0.8829
2024-05-31 00:44:10 INFO Epoch 431/16000	Training Loss: 0.9241	Time remaining is 494h:24m
2024-05-31 00:45:48 INFO Epoch 432/16000	Training Loss: 0.9233	Time remaining is 494h:12m
2024-05-31 00:47:25 INFO Epoch 433/16000	Training Loss: 0.9197	Time remaining is 494h:0m
2024-05-31 00:49:02 INFO Epoch 434/16000	Training Loss: 0.9247	Time remaining is 493h:48m
2024-05-31 00:50:39 INFO Epoch 435/16000	Training Loss: 0.9237	Time remaining is 493h:36m
2024-05-31 00:52:26 INFO Testing: dataset_name: market1501 top1:0.9552 top5:0.9828 top10:0.9899 mAP:0.8833
2024-05-31 00:54:03 INFO Epoch 436/16000	Training Loss: 0.9246	Time remaining is 494h:28m
2024-05-31 00:55:40 INFO Epoch 437/16000	Training Loss: 0.9242	Time remaining is 494h:15m
2024-05-31 00:57:17 INFO Epoch 438/16000	Training Loss: 0.9195	Time remaining is 494h:3m
2024-05-31 00:58:54 INFO Epoch 439/16000	Training Loss: 0.9229	Time remaining is 493h:51m
2024-05-31 01:00:32 INFO Epoch 440/16000	Training Loss: 0.9238	Time remaining is 493h:40m
2024-05-31 01:02:19 INFO Testing: dataset_name: market1501 top1:0.9540 top5:0.9834 top10:0.9890 mAP:0.8838
2024-05-31 01:03:56 INFO Epoch 441/16000	Training Loss: 0.9247	Time remaining is 494h:30m
2024-05-31 01:05:33 INFO Epoch 442/16000	Training Loss: 0.9232	Time remaining is 494h:18m
2024-05-31 01:07:10 INFO Epoch 443/16000	Training Loss: 0.9227	Time remaining is 494h:6m
2024-05-31 01:08:47 INFO Epoch 444/16000	Training Loss: 0.9188	Time remaining is 493h:54m
2024-05-31 01:10:25 INFO Epoch 445/16000	Training Loss: 0.9234	Time remaining is 493h:43m
2024-05-31 01:12:11 INFO Testing: dataset_name: market1501 top1:0.9540 top5:0.9840 top10:0.9908 mAP:0.8826
2024-05-31 01:13:48 INFO Epoch 446/16000	Training Loss: 0.9237	Time remaining is 494h:33m
2024-05-31 01:15:25 INFO Epoch 447/16000	Training Loss: 0.9186	Time remaining is 494h:20m
2024-05-31 01:17:02 INFO Epoch 448/16000	Training Loss: 0.9182	Time remaining is 494h:8m
2024-05-31 01:18:39 INFO Epoch 449/16000	Training Loss: 0.9241	Time remaining is 493h:57m
2024-05-31 01:20:17 INFO Epoch 450/16000	Training Loss: 0.9230	Time remaining is 493h:45m
2024-05-31 01:22:03 INFO Testing: dataset_name: market1501 top1:0.9531 top5:0.9831 top10:0.9899 mAP:0.8819
2024-05-31 01:23:40 INFO Epoch 451/16000	Training Loss: 0.9233	Time remaining is 494h:34m
2024-05-31 01:25:17 INFO Epoch 452/16000	Training Loss: 0.9221	Time remaining is 494h:23m
2024-05-31 01:26:55 INFO Epoch 453/16000	Training Loss: 0.9232	Time remaining is 494h:11m
2024-05-31 01:28:32 INFO Epoch 454/16000	Training Loss: 0.9179	Time remaining is 493h:59m
2024-05-31 01:30:09 INFO Epoch 455/16000	Training Loss: 0.9180	Time remaining is 493h:47m
2024-05-31 01:31:55 INFO Testing: dataset_name: market1501 top1:0.9546 top5:0.9840 top10:0.9911 mAP:0.8830
2024-05-31 01:33:32 INFO Epoch 456/16000	Training Loss: 0.9226	Time remaining is 494h:36m
2024-05-31 01:35:09 INFO Epoch 457/16000	Training Loss: 0.9238	Time remaining is 494h:24m
2024-05-31 01:36:47 INFO Epoch 458/16000	Training Loss: 0.9227	Time remaining is 494h:13m
2024-05-31 01:38:24 INFO Epoch 459/16000	Training Loss: 0.9184	Time remaining is 494h:1m
2024-05-31 01:40:01 INFO Epoch 460/16000	Training Loss: 0.9226	Time remaining is 493h:49m
2024-05-31 01:41:50 INFO Testing: dataset_name: market1501 top1:0.9543 top5:0.9837 top10:0.9902 mAP:0.8810
2024-05-31 01:43:27 INFO Epoch 461/16000	Training Loss: 0.9190	Time remaining is 494h:39m
2024-05-31 01:45:05 INFO Epoch 462/16000	Training Loss: 0.9219	Time remaining is 494h:27m
2024-05-31 01:46:42 INFO Epoch 463/16000	Training Loss: 0.9234	Time remaining is 494h:16m
2024-05-31 01:48:19 INFO Epoch 464/16000	Training Loss: 0.9223	Time remaining is 494h:4m
2024-05-31 01:49:56 INFO Epoch 465/16000	Training Loss: 0.9178	Time remaining is 493h:53m
2024-05-31 01:51:42 INFO Testing: dataset_name: market1501 top1:0.9537 top5:0.9846 top10:0.9905 mAP:0.8816
2024-05-31 01:53:20 INFO Epoch 466/16000	Training Loss: 0.9230	Time remaining is 494h:40m
2024-05-31 01:54:57 INFO Epoch 467/16000	Training Loss: 0.9219	Time remaining is 494h:29m
2024-05-31 01:56:35 INFO Epoch 468/16000	Training Loss: 0.9269	Time remaining is 494h:18m
2024-05-31 01:58:12 INFO Epoch 469/16000	Training Loss: 0.9217	Time remaining is 494h:6m
2024-05-31 01:59:50 INFO Epoch 470/16000	Training Loss: 0.9226	Time remaining is 493h:55m
2024-05-31 02:01:36 INFO Testing: dataset_name: market1501 top1:0.9537 top5:0.9837 top10:0.9908 mAP:0.8793
2024-05-31 02:03:13 INFO Epoch 471/16000	Training Loss: 0.9223	Time remaining is 494h:42m
2024-05-31 02:04:50 INFO Epoch 472/16000	Training Loss: 0.9170	Time remaining is 494h:30m
2024-05-31 02:06:28 INFO Epoch 473/16000	Training Loss: 0.9277	Time remaining is 494h:19m
2024-05-31 02:08:05 INFO Epoch 474/16000	Training Loss: 0.9236	Time remaining is 494h:8m
2024-05-31 02:09:42 INFO Epoch 475/16000	Training Loss: 0.9181	Time remaining is 493h:56m
2024-05-31 02:11:29 INFO Testing: dataset_name: market1501 top1:0.9540 top5:0.9849 top10:0.9911 mAP:0.8803
2024-05-31 02:13:06 INFO Epoch 476/16000	Training Loss: 0.9211	Time remaining is 494h:43m
2024-05-31 02:14:43 INFO Epoch 477/16000	Training Loss: 0.9176	Time remaining is 494h:31m
2024-05-31 02:16:20 INFO Epoch 478/16000	Training Loss: 0.9223	Time remaining is 494h:20m
2024-05-31 02:17:57 INFO Epoch 479/16000	Training Loss: 0.9166	Time remaining is 494h:8m
2024-05-31 02:19:34 INFO Epoch 480/16000	Training Loss: 0.9225	Time remaining is 493h:57m
2024-05-31 02:21:21 INFO Testing: dataset_name: market1501 top1:0.9537 top5:0.9834 top10:0.9908 mAP:0.8794
2024-05-31 02:22:58 INFO Epoch 481/16000	Training Loss: 0.9225	Time remaining is 494h:43m
2024-05-31 02:24:35 INFO Epoch 482/16000	Training Loss: 0.9173	Time remaining is 494h:32m
2024-05-31 02:26:12 INFO Epoch 483/16000	Training Loss: 0.9226	Time remaining is 494h:20m
2024-05-31 02:27:50 INFO Epoch 484/16000	Training Loss: 0.9266	Time remaining is 494h:9m
2024-05-31 02:29:27 INFO Epoch 485/16000	Training Loss: 0.9215	Time remaining is 493h:58m
2024-05-31 02:31:14 INFO Testing: dataset_name: market1501 top1:0.9537 top5:0.9822 top10:0.9908 mAP:0.8796
2024-05-31 02:32:51 INFO Epoch 486/16000	Training Loss: 0.9212	Time remaining is 494h:44m
2024-05-31 02:34:29 INFO Epoch 487/16000	Training Loss: 0.9256	Time remaining is 494h:33m
2024-05-31 02:36:06 INFO Epoch 488/16000	Training Loss: 0.9166	Time remaining is 494h:22m
2024-05-31 02:37:44 INFO Epoch 489/16000	Training Loss: 0.9215	Time remaining is 494h:11m
2024-05-31 02:39:22 INFO Epoch 490/16000	Training Loss: 0.9219	Time remaining is 494h:0m
2024-05-31 02:41:08 INFO Testing: dataset_name: market1501 top1:0.9537 top5:0.9834 top10:0.9905 mAP:0.8818
2024-05-31 02:42:45 INFO Epoch 491/16000	Training Loss: 0.9168	Time remaining is 494h:45m
2024-05-31 02:44:22 INFO Epoch 492/16000	Training Loss: 0.9216	Time remaining is 494h:34m
2024-05-31 02:45:59 INFO Epoch 493/16000	Training Loss: 0.9180	Time remaining is 494h:22m
2024-05-31 02:47:35 INFO Epoch 494/16000	Training Loss: 0.9168	Time remaining is 494h:11m
2024-05-31 02:49:13 INFO Epoch 495/16000	Training Loss: 0.9219	Time remaining is 493h:60m
2024-05-31 02:50:59 INFO Testing: dataset_name: market1501 top1:0.9549 top5:0.9828 top10:0.9905 mAP:0.8786
2024-05-31 02:52:36 INFO Epoch 496/16000	Training Loss: 0.9200	Time remaining is 494h:44m
2024-05-31 02:54:13 INFO Epoch 497/16000	Training Loss: 0.9168	Time remaining is 494h:33m
2024-05-31 02:55:51 INFO Epoch 498/16000	Training Loss: 0.9219	Time remaining is 494h:22m
2024-05-31 02:57:27 INFO Epoch 499/16000	Training Loss: 0.9163	Time remaining is 494h:11m
2024-05-31 02:59:05 INFO Epoch 500/16000	Training Loss: 0.9214	Time remaining is 493h:60m
2024-05-31 03:00:51 INFO Testing: dataset_name: market1501 top1:0.9525 top5:0.9831 top10:0.9896 mAP:0.8799
2024-05-31 03:02:28 INFO Epoch 501/16000	Training Loss: 0.9214	Time remaining is 494h:44m
2024-05-31 03:04:06 INFO Epoch 502/16000	Training Loss: 0.9209	Time remaining is 494h:33m
2024-05-31 03:05:43 INFO Epoch 503/16000	Training Loss: 0.9174	Time remaining is 494h:22m
2024-05-31 03:07:20 INFO Epoch 504/16000	Training Loss: 0.9208	Time remaining is 494h:11m
2024-05-31 03:08:57 INFO Epoch 505/16000	Training Loss: 0.9216	Time remaining is 493h:60m
2024-05-31 03:10:44 INFO Testing: dataset_name: market1501 top1:0.9531 top5:0.9837 top10:0.9914 mAP:0.8794
2024-05-31 03:12:21 INFO Epoch 506/16000	Training Loss: 0.9217	Time remaining is 494h:43m
2024-05-31 03:13:58 INFO Epoch 507/16000	Training Loss: 0.9214	Time remaining is 494h:32m
2024-05-31 03:15:35 INFO Epoch 508/16000	Training Loss: 0.9161	Time remaining is 494h:21m
2024-05-31 03:17:13 INFO Epoch 509/16000	Training Loss: 0.9255	Time remaining is 494h:11m
2024-05-31 03:18:50 INFO Epoch 510/16000	Training Loss: 0.9208	Time remaining is 494h:0m
2024-05-31 03:20:37 INFO Testing: dataset_name: market1501 top1:0.9531 top5:0.9825 top10:0.9893 mAP:0.8760
2024-05-31 03:22:14 INFO Epoch 511/16000	Training Loss: 0.9206	Time remaining is 494h:43m
2024-05-31 03:23:51 INFO Epoch 512/16000	Training Loss: 0.9160	Time remaining is 494h:32m
2024-05-31 03:25:28 INFO Epoch 513/16000	Training Loss: 0.9203	Time remaining is 494h:21m
2024-05-31 03:27:05 INFO Epoch 514/16000	Training Loss: 0.9165	Time remaining is 494h:10m
2024-05-31 03:28:42 INFO Epoch 515/16000	Training Loss: 0.9211	Time remaining is 493h:60m
2024-05-31 03:30:29 INFO Testing: dataset_name: market1501 top1:0.9528 top5:0.9828 top10:0.9899 mAP:0.8781
2024-05-31 03:32:06 INFO Epoch 516/16000	Training Loss: 0.9197	Time remaining is 494h:42m
2024-05-31 03:33:43 INFO Epoch 517/16000	Training Loss: 0.9206	Time remaining is 494h:31m
2024-05-31 03:35:21 INFO Epoch 518/16000	Training Loss: 0.9258	Time remaining is 494h:21m
2024-05-31 03:36:58 INFO Epoch 519/16000	Training Loss: 0.9164	Time remaining is 494h:10m
2024-05-31 03:38:35 INFO Epoch 520/16000	Training Loss: 0.9250	Time remaining is 493h:59m
2024-05-31 03:40:21 INFO Testing: dataset_name: market1501 top1:0.9498 top5:0.9837 top10:0.9884 mAP:0.8760
2024-05-31 03:41:59 INFO Epoch 521/16000	Training Loss: 0.9212	Time remaining is 494h:41m
2024-05-31 03:43:36 INFO Epoch 522/16000	Training Loss: 0.9206	Time remaining is 494h:30m
2024-05-31 03:45:13 INFO Epoch 523/16000	Training Loss: 0.9212	Time remaining is 494h:20m
2024-05-31 03:46:50 INFO Epoch 524/16000	Training Loss: 0.9162	Time remaining is 494h:9m
2024-05-31 03:48:27 INFO Epoch 525/16000	Training Loss: 0.9201	Time remaining is 493h:58m
2024-05-31 03:50:14 INFO Testing: dataset_name: market1501 top1:0.9513 top5:0.9825 top10:0.9908 mAP:0.8782
2024-05-31 03:51:51 INFO Epoch 526/16000	Training Loss: 0.9199	Time remaining is 494h:40m
2024-05-31 03:53:28 INFO Epoch 527/16000	Training Loss: 0.9150	Time remaining is 494h:29m
2024-05-31 03:55:06 INFO Epoch 528/16000	Training Loss: 0.9198	Time remaining is 494h:19m
2024-05-31 03:56:43 INFO Epoch 529/16000	Training Loss: 0.9207	Time remaining is 494h:8m
2024-05-31 03:58:20 INFO Epoch 530/16000	Training Loss: 0.9152	Time remaining is 493h:57m
2024-05-31 04:00:06 INFO Testing: dataset_name: market1501 top1:0.9513 top5:0.9822 top10:0.9887 mAP:0.8779
2024-05-31 04:01:43 INFO Epoch 531/16000	Training Loss: 0.9159	Time remaining is 494h:38m
2024-05-31 04:03:20 INFO Epoch 532/16000	Training Loss: 0.9154	Time remaining is 494h:28m
2024-05-31 04:04:57 INFO Epoch 533/16000	Training Loss: 0.9201	Time remaining is 494h:17m
2024-05-31 04:06:34 INFO Epoch 534/16000	Training Loss: 0.9149	Time remaining is 494h:6m
2024-05-31 04:08:11 INFO Epoch 535/16000	Training Loss: 0.9208	Time remaining is 493h:56m
2024-05-31 04:09:57 INFO Testing: dataset_name: market1501 top1:0.9531 top5:0.9819 top10:0.9905 mAP:0.8778
2024-05-31 04:11:34 INFO Epoch 536/16000	Training Loss: 0.9201	Time remaining is 494h:37m
2024-05-31 04:13:12 INFO Epoch 537/16000	Training Loss: 0.9199	Time remaining is 494h:26m
2024-05-31 04:14:49 INFO Epoch 538/16000	Training Loss: 0.9200	Time remaining is 494h:16m
2024-05-31 04:16:26 INFO Epoch 539/16000	Training Loss: 0.9197	Time remaining is 494h:5m
2024-05-31 04:18:03 INFO Epoch 540/16000	Training Loss: 0.9146	Time remaining is 493h:55m
2024-05-31 04:19:50 INFO Testing: dataset_name: market1501 top1:0.9534 top5:0.9825 top10:0.9911 mAP:0.8772
2024-05-31 04:21:26 INFO Epoch 541/16000	Training Loss: 0.9149	Time remaining is 494h:35m
2024-05-31 04:23:03 INFO Epoch 542/16000	Training Loss: 0.9154	Time remaining is 494h:24m
2024-05-31 04:24:41 INFO Epoch 543/16000	Training Loss: 0.9201	Time remaining is 494h:14m
2024-05-31 04:26:18 INFO Epoch 544/16000	Training Loss: 0.9198	Time remaining is 494h:3m
2024-05-31 04:27:55 INFO Epoch 545/16000	Training Loss: 0.9197	Time remaining is 493h:53m
2024-05-31 04:29:42 INFO Testing: dataset_name: market1501 top1:0.9525 top5:0.9831 top10:0.9899 mAP:0.8769
2024-05-31 04:31:19 INFO Epoch 546/16000	Training Loss: 0.9193	Time remaining is 494h:33m
2024-05-31 04:32:56 INFO Epoch 547/16000	Training Loss: 0.9205	Time remaining is 494h:22m
2024-05-31 04:34:32 INFO Epoch 548/16000	Training Loss: 0.9150	Time remaining is 494h:12m
2024-05-31 04:36:10 INFO Epoch 549/16000	Training Loss: 0.9196	Time remaining is 494h:1m
2024-05-31 04:37:46 INFO Epoch 550/16000	Training Loss: 0.9153	Time remaining is 493h:51m
2024-05-31 04:39:33 INFO Testing: dataset_name: market1501 top1:0.9540 top5:0.9810 top10:0.9884 mAP:0.8759
2024-05-31 04:41:10 INFO Epoch 551/16000	Training Loss: 0.9200	Time remaining is 494h:31m
2024-05-31 04:42:47 INFO Epoch 552/16000	Training Loss: 0.9145	Time remaining is 494h:20m
2024-05-31 04:44:24 INFO Epoch 553/16000	Training Loss: 0.9190	Time remaining is 494h:10m
2024-05-31 04:46:02 INFO Epoch 554/16000	Training Loss: 0.9192	Time remaining is 493h:60m
2024-05-31 04:47:39 INFO Epoch 555/16000	Training Loss: 0.9192	Time remaining is 493h:49m
2024-05-31 04:49:26 INFO Testing: dataset_name: market1501 top1:0.9534 top5:0.9837 top10:0.9902 mAP:0.8762
2024-05-31 04:51:03 INFO Epoch 556/16000	Training Loss: 0.9231	Time remaining is 494h:29m
2024-05-31 04:52:40 INFO Epoch 557/16000	Training Loss: 0.9145	Time remaining is 494h:18m
2024-05-31 04:54:17 INFO Epoch 558/16000	Training Loss: 0.9192	Time remaining is 494h:8m
2024-05-31 04:55:54 INFO Epoch 559/16000	Training Loss: 0.9147	Time remaining is 493h:58m
2024-05-31 04:57:31 INFO Epoch 560/16000	Training Loss: 0.9155	Time remaining is 493h:47m
2024-05-31 04:59:17 INFO Testing: dataset_name: market1501 top1:0.9501 top5:0.9834 top10:0.9893 mAP:0.8754
2024-05-31 05:00:55 INFO Epoch 561/16000	Training Loss: 0.9198	Time remaining is 494h:26m
2024-05-31 05:02:32 INFO Epoch 562/16000	Training Loss: 0.9190	Time remaining is 494h:16m
2024-05-31 05:04:09 INFO Epoch 563/16000	Training Loss: 0.9202	Time remaining is 494h:6m
2024-05-31 05:05:46 INFO Epoch 564/16000	Training Loss: 0.9152	Time remaining is 493h:55m
2024-05-31 05:07:23 INFO Epoch 565/16000	Training Loss: 0.9193	Time remaining is 493h:45m
2024-05-31 05:09:10 INFO Testing: dataset_name: market1501 top1:0.9492 top5:0.9822 top10:0.9893 mAP:0.8734
2024-05-31 05:10:46 INFO Epoch 566/16000	Training Loss: 0.9140	Time remaining is 494h:23m
2024-05-31 05:12:23 INFO Epoch 567/16000	Training Loss: 0.9149	Time remaining is 494h:13m
2024-05-31 05:14:01 INFO Epoch 568/16000	Training Loss: 0.9196	Time remaining is 494h:3m
2024-05-31 05:15:38 INFO Epoch 569/16000	Training Loss: 0.9191	Time remaining is 493h:53m
2024-05-31 05:17:16 INFO Epoch 570/16000	Training Loss: 0.9192	Time remaining is 493h:43m
2024-05-31 05:19:02 INFO Testing: dataset_name: market1501 top1:0.9519 top5:0.9828 top10:0.9881 mAP:0.8748
2024-05-31 05:20:39 INFO Epoch 571/16000	Training Loss: 0.9196	Time remaining is 494h:21m
2024-05-31 05:22:16 INFO Epoch 572/16000	Training Loss: 0.9148	Time remaining is 494h:11m
2024-05-31 05:23:53 INFO Epoch 573/16000	Training Loss: 0.9187	Time remaining is 494h:1m
2024-05-31 05:25:30 INFO Epoch 574/16000	Training Loss: 0.9140	Time remaining is 493h:51m
2024-05-31 05:27:07 INFO Epoch 575/16000	Training Loss: 0.9185	Time remaining is 493h:41m
2024-05-31 05:28:54 INFO Testing: dataset_name: market1501 top1:0.9525 top5:0.9816 top10:0.9887 mAP:0.8720
2024-05-31 05:30:31 INFO Epoch 576/16000	Training Loss: 0.9191	Time remaining is 494h:18m
2024-05-31 05:32:08 INFO Epoch 577/16000	Training Loss: 0.9140	Time remaining is 494h:8m
2024-05-31 05:33:45 INFO Epoch 578/16000	Training Loss: 0.9199	Time remaining is 493h:58m
2024-05-31 05:35:22 INFO Epoch 579/16000	Training Loss: 0.9197	Time remaining is 493h:48m
2024-05-31 05:37:00 INFO Epoch 580/16000	Training Loss: 0.9188	Time remaining is 493h:38m
2024-05-31 05:38:46 INFO Testing: dataset_name: market1501 top1:0.9537 top5:0.9840 top10:0.9893 mAP:0.8725
2024-05-31 05:40:22 INFO Epoch 581/16000	Training Loss: 0.9138	Time remaining is 494h:15m
2024-05-31 05:42:00 INFO Epoch 582/16000	Training Loss: 0.9185	Time remaining is 494h:5m
2024-05-31 05:43:37 INFO Epoch 583/16000	Training Loss: 0.9193	Time remaining is 493h:55m
2024-05-31 05:45:14 INFO Epoch 584/16000	Training Loss: 0.9193	Time remaining is 493h:45m
2024-05-31 05:46:52 INFO Epoch 585/16000	Training Loss: 0.9181	Time remaining is 493h:36m
2024-05-31 05:48:39 INFO Testing: dataset_name: market1501 top1:0.9522 top5:0.9837 top10:0.9878 mAP:0.8750
2024-05-31 05:50:15 INFO Epoch 586/16000	Training Loss: 0.9124	Time remaining is 494h:12m
2024-05-31 05:51:52 INFO Epoch 587/16000	Training Loss: 0.9131	Time remaining is 494h:2m
2024-05-31 05:53:29 INFO Epoch 588/16000	Training Loss: 0.9182	Time remaining is 493h:52m
2024-05-31 05:55:06 INFO Epoch 589/16000	Training Loss: 0.9138	Time remaining is 493h:42m
2024-05-31 05:56:43 INFO Epoch 590/16000	Training Loss: 0.9140	Time remaining is 493h:32m
2024-05-31 05:58:29 INFO Testing: dataset_name: market1501 top1:0.9489 top5:0.9825 top10:0.9896 mAP:0.8727
2024-05-31 06:00:06 INFO Epoch 591/16000	Training Loss: 0.9182	Time remaining is 494h:9m
2024-05-31 06:01:44 INFO Epoch 592/16000	Training Loss: 0.9181	Time remaining is 493h:59m
2024-05-31 06:03:21 INFO Epoch 593/16000	Training Loss: 0.9187	Time remaining is 493h:49m
2024-05-31 06:04:59 INFO Epoch 594/16000	Training Loss: 0.9230	Time remaining is 493h:40m
2024-05-31 06:06:36 INFO Epoch 595/16000	Training Loss: 0.9184	Time remaining is 493h:30m
2024-05-31 06:08:23 INFO Testing: dataset_name: market1501 top1:0.9516 top5:0.9813 top10:0.9893 mAP:0.8721
2024-05-31 06:09:59 INFO Epoch 596/16000	Training Loss: 0.9145	Time remaining is 494h:6m
2024-05-31 06:11:37 INFO Epoch 597/16000	Training Loss: 0.9187	Time remaining is 493h:56m
2024-05-31 06:13:14 INFO Epoch 598/16000	Training Loss: 0.9185	Time remaining is 493h:47m
2024-05-31 06:14:51 INFO Epoch 599/16000	Training Loss: 0.9140	Time remaining is 493h:37m
2024-05-31 06:16:28 INFO Epoch 600/16000	Training Loss: 0.9135	Time remaining is 493h:27m
2024-05-31 06:18:14 INFO Testing: dataset_name: market1501 top1:0.9501 top5:0.9801 top10:0.9905 mAP:0.8712
2024-05-31 06:19:51 INFO Epoch 601/16000	Training Loss: 0.9149	Time remaining is 494h:3m
2024-05-31 06:21:28 INFO Epoch 602/16000	Training Loss: 0.9179	Time remaining is 493h:53m
2024-05-31 06:23:06 INFO Epoch 603/16000	Training Loss: 0.9178	Time remaining is 493h:43m
2024-05-31 06:24:43 INFO Epoch 604/16000	Training Loss: 0.9181	Time remaining is 493h:34m
2024-05-31 06:26:21 INFO Epoch 605/16000	Training Loss: 0.9193	Time remaining is 493h:24m
2024-05-31 06:28:07 INFO Testing: dataset_name: market1501 top1:0.9495 top5:0.9822 top10:0.9890 mAP:0.8708
2024-05-31 06:29:44 INFO Epoch 606/16000	Training Loss: 0.9171	Time remaining is 493h:60m
2024-05-31 06:31:22 INFO Epoch 607/16000	Training Loss: 0.9183	Time remaining is 493h:50m
2024-05-31 06:32:59 INFO Epoch 608/16000	Training Loss: 0.9175	Time remaining is 493h:41m
2024-05-31 06:34:36 INFO Epoch 609/16000	Training Loss: 0.9128	Time remaining is 493h:31m
2024-05-31 06:36:14 INFO Epoch 610/16000	Training Loss: 0.9222	Time remaining is 493h:22m
2024-05-31 06:38:01 INFO Testing: dataset_name: market1501 top1:0.9498 top5:0.9819 top10:0.9887 mAP:0.8704
2024-05-31 06:39:38 INFO Epoch 611/16000	Training Loss: 0.9180	Time remaining is 493h:57m
2024-05-31 06:41:15 INFO Epoch 612/16000	Training Loss: 0.9125	Time remaining is 493h:47m
2024-05-31 06:42:52 INFO Epoch 613/16000	Training Loss: 0.9176	Time remaining is 493h:37m
2024-05-31 06:44:29 INFO Epoch 614/16000	Training Loss: 0.9124	Time remaining is 493h:28m
2024-05-31 06:46:06 INFO Epoch 615/16000	Training Loss: 0.9228	Time remaining is 493h:18m
2024-05-31 06:47:53 INFO Testing: dataset_name: market1501 top1:0.9469 top5:0.9810 top10:0.9890 mAP:0.8699
2024-05-31 06:49:30 INFO Epoch 616/16000	Training Loss: 0.9181	Time remaining is 493h:53m
2024-05-31 06:51:08 INFO Epoch 617/16000	Training Loss: 0.9173	Time remaining is 493h:44m
2024-05-31 06:52:45 INFO Epoch 618/16000	Training Loss: 0.9171	Time remaining is 493h:34m
2024-05-31 06:54:22 INFO Epoch 619/16000	Training Loss: 0.9177	Time remaining is 493h:25m
2024-05-31 06:55:59 INFO Epoch 620/16000	Training Loss: 0.9135	Time remaining is 493h:15m
2024-05-31 06:57:46 INFO Testing: dataset_name: market1501 top1:0.9477 top5:0.9819 top10:0.9872 mAP:0.8701
2024-05-31 06:59:23 INFO Epoch 621/16000	Training Loss: 0.9178	Time remaining is 493h:50m
2024-05-31 07:01:00 INFO Epoch 622/16000	Training Loss: 0.9127	Time remaining is 493h:40m
2024-05-31 07:02:36 INFO Epoch 623/16000	Training Loss: 0.9131	Time remaining is 493h:30m
2024-05-31 07:04:13 INFO Epoch 624/16000	Training Loss: 0.9142	Time remaining is 493h:21m
2024-05-31 07:05:50 INFO Epoch 625/16000	Training Loss: 0.9174	Time remaining is 493h:11m
2024-05-31 07:07:37 INFO Testing: dataset_name: market1501 top1:0.9477 top5:0.9807 top10:0.9875 mAP:0.8702
2024-05-31 07:09:14 INFO Epoch 626/16000	Training Loss: 0.9177	Time remaining is 493h:46m
2024-05-31 07:10:51 INFO Epoch 627/16000	Training Loss: 0.9172	Time remaining is 493h:36m
2024-05-31 07:12:28 INFO Epoch 628/16000	Training Loss: 0.9179	Time remaining is 493h:27m
2024-05-31 07:14:05 INFO Epoch 629/16000	Training Loss: 0.9123	Time remaining is 493h:17m
2024-05-31 07:15:42 INFO Epoch 630/16000	Training Loss: 0.9123	Time remaining is 493h:8m
2024-05-31 07:17:29 INFO Testing: dataset_name: market1501 top1:0.9483 top5:0.9825 top10:0.9893 mAP:0.8686
2024-05-31 07:19:05 INFO Epoch 631/16000	Training Loss: 0.9125	Time remaining is 493h:41m
2024-05-31 07:20:43 INFO Epoch 632/16000	Training Loss: 0.9174	Time remaining is 493h:32m
2024-05-31 07:22:20 INFO Epoch 633/16000	Training Loss: 0.9164	Time remaining is 493h:23m
2024-05-31 07:23:58 INFO Epoch 634/16000	Training Loss: 0.9225	Time remaining is 493h:14m
2024-05-31 07:25:36 INFO Epoch 635/16000	Training Loss: 0.9187	Time remaining is 493h:4m
2024-05-31 07:27:22 INFO Testing: dataset_name: market1501 top1:0.9516 top5:0.9813 top10:0.9893 mAP:0.8707
2024-05-31 07:28:59 INFO Epoch 636/16000	Training Loss: 0.9178	Time remaining is 493h:38m
2024-05-31 07:30:37 INFO Epoch 637/16000	Training Loss: 0.9168	Time remaining is 493h:29m
2024-05-31 07:32:14 INFO Epoch 638/16000	Training Loss: 0.9172	Time remaining is 493h:19m
2024-05-31 07:33:51 INFO Epoch 639/16000	Training Loss: 0.9172	Time remaining is 493h:10m
2024-05-31 07:35:29 INFO Epoch 640/16000	Training Loss: 0.9164	Time remaining is 493h:1m
2024-05-31 07:37:15 INFO Testing: dataset_name: market1501 top1:0.9513 top5:0.9816 top10:0.9899 mAP:0.8687
2024-05-31 07:38:52 INFO Epoch 641/16000	Training Loss: 0.9178	Time remaining is 493h:34m
2024-05-31 07:40:29 INFO Epoch 642/16000	Training Loss: 0.9125	Time remaining is 493h:25m
2024-05-31 07:42:06 INFO Epoch 643/16000	Training Loss: 0.9121	Time remaining is 493h:15m
2024-05-31 07:43:43 INFO Epoch 644/16000	Training Loss: 0.9171	Time remaining is 493h:6m
2024-05-31 07:45:20 INFO Epoch 645/16000	Training Loss: 0.9118	Time remaining is 492h:57m
2024-05-31 07:47:06 INFO Testing: dataset_name: market1501 top1:0.9454 top5:0.9801 top10:0.9887 mAP:0.8643
2024-05-31 07:48:43 INFO Epoch 646/16000	Training Loss: 0.9169	Time remaining is 493h:30m
2024-05-31 07:50:21 INFO Epoch 647/16000	Training Loss: 0.9215	Time remaining is 493h:21m
2024-05-31 07:51:59 INFO Epoch 648/16000	Training Loss: 0.9159	Time remaining is 493h:12m
2024-05-31 07:53:36 INFO Epoch 649/16000	Training Loss: 0.9125	Time remaining is 493h:2m
2024-05-31 07:55:13 INFO Epoch 650/16000	Training Loss: 0.9178	Time remaining is 492h:53m
2024-05-31 07:57:00 INFO Testing: dataset_name: market1501 top1:0.9477 top5:0.9789 top10:0.9872 mAP:0.8648
2024-05-31 07:58:37 INFO Epoch 651/16000	Training Loss: 0.9172	Time remaining is 493h:26m
2024-05-31 08:00:14 INFO Epoch 652/16000	Training Loss: 0.9129	Time remaining is 493h:16m
2024-05-31 08:01:50 INFO Epoch 653/16000	Training Loss: 0.9129	Time remaining is 493h:7m
2024-05-31 08:03:27 INFO Epoch 654/16000	Training Loss: 0.9176	Time remaining is 492h:58m
2024-05-31 08:05:04 INFO Epoch 655/16000	Training Loss: 0.9123	Time remaining is 492h:49m
2024-05-31 08:06:51 INFO Testing: dataset_name: market1501 top1:0.9469 top5:0.9807 top10:0.9872 mAP:0.8651
2024-05-31 08:08:28 INFO Epoch 656/16000	Training Loss: 0.9174	Time remaining is 493h:21m
2024-05-31 08:10:05 INFO Epoch 657/16000	Training Loss: 0.9119	Time remaining is 493h:12m
2024-05-31 08:11:43 INFO Epoch 658/16000	Training Loss: 0.9169	Time remaining is 493h:3m
2024-05-31 08:13:20 INFO Epoch 659/16000	Training Loss: 0.9171	Time remaining is 492h:54m
2024-05-31 08:14:57 INFO Epoch 660/16000	Training Loss: 0.9167	Time remaining is 492h:45m
2024-05-31 08:16:43 INFO Testing: dataset_name: market1501 top1:0.9451 top5:0.9804 top10:0.9860 mAP:0.8624
2024-05-31 08:18:20 INFO Epoch 661/16000	Training Loss: 0.9121	Time remaining is 493h:17m
2024-05-31 08:19:58 INFO Epoch 662/16000	Training Loss: 0.9168	Time remaining is 493h:8m
2024-05-31 08:21:36 INFO Epoch 663/16000	Training Loss: 0.9207	Time remaining is 492h:59m
2024-05-31 08:23:13 INFO Epoch 664/16000	Training Loss: 0.9155	Time remaining is 492h:50m
2024-05-31 08:24:50 INFO Epoch 665/16000	Training Loss: 0.9184	Time remaining is 492h:41m
2024-05-31 08:26:37 INFO Testing: dataset_name: market1501 top1:0.9448 top5:0.9825 top10:0.9884 mAP:0.8713
2024-05-31 08:28:14 INFO Epoch 666/16000	Training Loss: 0.9171	Time remaining is 493h:13m
2024-05-31 08:29:52 INFO Epoch 667/16000	Training Loss: 0.9171	Time remaining is 493h:4m
2024-05-31 08:31:29 INFO Epoch 668/16000	Training Loss: 0.9168	Time remaining is 492h:55m
2024-05-31 08:33:06 INFO Epoch 669/16000	Training Loss: 0.9157	Time remaining is 492h:46m
2024-05-31 08:34:43 INFO Epoch 670/16000	Training Loss: 0.9127	Time remaining is 492h:37m
2024-05-31 08:36:30 INFO Testing: dataset_name: market1501 top1:0.9454 top5:0.9795 top10:0.9878 mAP:0.8634
2024-05-31 08:38:06 INFO Epoch 671/16000	Training Loss: 0.9123	Time remaining is 493h:8m
2024-05-31 08:39:44 INFO Epoch 672/16000	Training Loss: 0.9157	Time remaining is 492h:59m
2024-05-31 08:41:21 INFO Epoch 673/16000	Training Loss: 0.9159	Time remaining is 492h:50m
2024-05-31 08:42:58 INFO Epoch 674/16000	Training Loss: 0.9125	Time remaining is 492h:41m
2024-05-31 08:44:35 INFO Epoch 675/16000	Training Loss: 0.9105	Time remaining is 492h:32m
2024-05-31 08:46:22 INFO Testing: dataset_name: market1501 top1:0.9474 top5:0.9801 top10:0.9875 mAP:0.8641
2024-05-31 08:47:59 INFO Epoch 676/16000	Training Loss: 0.9126	Time remaining is 493h:4m
2024-05-31 08:49:36 INFO Epoch 677/16000	Training Loss: 0.9154	Time remaining is 492h:55m
2024-05-31 08:51:13 INFO Epoch 678/16000	Training Loss: 0.9115	Time remaining is 492h:46m
2024-05-31 08:52:50 INFO Epoch 679/16000	Training Loss: 0.9169	Time remaining is 492h:37m
2024-05-31 08:54:27 INFO Epoch 680/16000	Training Loss: 0.9111	Time remaining is 492h:28m
2024-05-31 08:56:14 INFO Testing: dataset_name: market1501 top1:0.9460 top5:0.9804 top10:0.9878 mAP:0.8614
2024-05-31 08:57:51 INFO Epoch 681/16000	Training Loss: 0.9158	Time remaining is 492h:59m
2024-05-31 08:59:28 INFO Epoch 682/16000	Training Loss: 0.9164	Time remaining is 492h:50m
2024-05-31 09:01:05 INFO Epoch 683/16000	Training Loss: 0.9169	Time remaining is 492h:41m
2024-05-31 09:02:43 INFO Epoch 684/16000	Training Loss: 0.9172	Time remaining is 492h:32m
2024-05-31 09:04:20 INFO Epoch 685/16000	Training Loss: 0.9151	Time remaining is 492h:24m
2024-05-31 09:06:07 INFO Testing: dataset_name: market1501 top1:0.9427 top5:0.9792 top10:0.9878 mAP:0.8585
2024-05-31 09:07:44 INFO Epoch 686/16000	Training Loss: 0.9154	Time remaining is 492h:54m
2024-05-31 09:09:21 INFO Epoch 687/16000	Training Loss: 0.9111	Time remaining is 492h:45m
2024-05-31 09:10:58 INFO Epoch 688/16000	Training Loss: 0.9173	Time remaining is 492h:37m
2024-05-31 09:12:35 INFO Epoch 689/16000	Training Loss: 0.9165	Time remaining is 492h:28m
2024-05-31 09:14:13 INFO Epoch 690/16000	Training Loss: 0.9159	Time remaining is 492h:19m
2024-05-31 09:15:59 INFO Testing: dataset_name: market1501 top1:0.9445 top5:0.9795 top10:0.9872 mAP:0.8579
2024-05-31 09:17:36 INFO Epoch 691/16000	Training Loss: 0.9110	Time remaining is 492h:49m
2024-05-31 09:19:13 INFO Epoch 692/16000	Training Loss: 0.9108	Time remaining is 492h:41m
2024-05-31 09:20:50 INFO Epoch 693/16000	Training Loss: 0.9152	Time remaining is 492h:32m
2024-05-31 09:22:28 INFO Epoch 694/16000	Training Loss: 0.9154	Time remaining is 492h:23m
2024-05-31 09:24:05 INFO Epoch 695/16000	Training Loss: 0.9158	Time remaining is 492h:14m
2024-05-31 09:25:52 INFO Testing: dataset_name: market1501 top1:0.9418 top5:0.9789 top10:0.9881 mAP:0.8608
2024-05-31 09:27:30 INFO Epoch 696/16000	Training Loss: 0.9204	Time remaining is 492h:45m
2024-05-31 09:29:07 INFO Epoch 697/16000	Training Loss: 0.9151	Time remaining is 492h:36m
2024-05-31 09:30:44 INFO Epoch 698/16000	Training Loss: 0.9111	Time remaining is 492h:28m
2024-05-31 09:32:22 INFO Epoch 699/16000	Training Loss: 0.9160	Time remaining is 492h:19m
2024-05-31 09:33:59 INFO Epoch 700/16000	Training Loss: 0.9170	Time remaining is 492h:10m
2024-05-31 09:35:46 INFO Testing: dataset_name: market1501 top1:0.9430 top5:0.9804 top10:0.9869 mAP:0.8595
2024-05-31 09:37:23 INFO Epoch 701/16000	Training Loss: 0.9106	Time remaining is 492h:40m
2024-05-31 09:39:00 INFO Epoch 702/16000	Training Loss: 0.9155	Time remaining is 492h:31m
2024-05-31 09:40:37 INFO Epoch 703/16000	Training Loss: 0.9152	Time remaining is 492h:23m
2024-05-31 09:42:14 INFO Epoch 704/16000	Training Loss: 0.9159	Time remaining is 492h:14m
2024-05-31 09:43:52 INFO Epoch 705/16000	Training Loss: 0.9167	Time remaining is 492h:6m
2024-05-31 09:45:38 INFO Testing: dataset_name: market1501 top1:0.9466 top5:0.9795 top10:0.9884 mAP:0.8654
2024-05-31 09:47:16 INFO Epoch 706/16000	Training Loss: 0.9155	Time remaining is 492h:35m
2024-05-31 09:48:53 INFO Epoch 707/16000	Training Loss: 0.9156	Time remaining is 492h:27m
2024-05-31 09:50:30 INFO Epoch 708/16000	Training Loss: 0.9150	Time remaining is 492h:18m
2024-05-31 09:52:08 INFO Epoch 709/16000	Training Loss: 0.9169	Time remaining is 492h:10m
2024-05-31 09:53:45 INFO Epoch 710/16000	Training Loss: 0.9164	Time remaining is 492h:1m
2024-05-31 09:55:32 INFO Testing: dataset_name: market1501 top1:0.9433 top5:0.9789 top10:0.9857 mAP:0.8544
2024-05-31 09:57:09 INFO Epoch 711/16000	Training Loss: 0.9154	Time remaining is 492h:31m
2024-05-31 09:58:47 INFO Epoch 712/16000	Training Loss: 0.9148	Time remaining is 492h:22m
2024-05-31 10:00:24 INFO Epoch 713/16000	Training Loss: 0.9148	Time remaining is 492h:14m
2024-05-31 10:02:01 INFO Epoch 714/16000	Training Loss: 0.9113	Time remaining is 492h:5m
2024-05-31 10:03:38 INFO Epoch 715/16000	Training Loss: 0.9150	Time remaining is 491h:56m
2024-05-31 10:05:25 INFO Testing: dataset_name: market1501 top1:0.9469 top5:0.9765 top10:0.9866 mAP:0.8585
2024-05-31 10:07:02 INFO Epoch 716/16000	Training Loss: 0.9111	Time remaining is 492h:25m
2024-05-31 10:08:39 INFO Epoch 717/16000	Training Loss: 0.9163	Time remaining is 492h:17m
2024-05-31 10:10:16 INFO Epoch 718/16000	Training Loss: 0.9165	Time remaining is 492h:8m
2024-05-31 10:11:53 INFO Epoch 719/16000	Training Loss: 0.9102	Time remaining is 491h:60m
2024-05-31 10:13:31 INFO Epoch 720/16000	Training Loss: 0.9158	Time remaining is 491h:51m
2024-05-31 10:15:17 INFO Testing: dataset_name: market1501 top1:0.9469 top5:0.9804 top10:0.9881 mAP:0.8581
2024-05-31 10:16:54 INFO Epoch 721/16000	Training Loss: 0.9110	Time remaining is 492h:20m
2024-05-31 10:18:31 INFO Epoch 722/16000	Training Loss: 0.9149	Time remaining is 492h:12m
2024-05-31 10:20:09 INFO Epoch 723/16000	Training Loss: 0.9155	Time remaining is 492h:3m
2024-05-31 10:21:46 INFO Epoch 724/16000	Training Loss: 0.9151	Time remaining is 491h:55m
2024-05-31 10:23:24 INFO Epoch 725/16000	Training Loss: 0.9149	Time remaining is 491h:46m
2024-05-31 10:25:10 INFO Testing: dataset_name: market1501 top1:0.9448 top5:0.9801 top10:0.9875 mAP:0.8565
2024-05-31 10:26:48 INFO Epoch 726/16000	Training Loss: 0.9160	Time remaining is 492h:15m
2024-05-31 10:28:25 INFO Epoch 727/16000	Training Loss: 0.9154	Time remaining is 492h:7m
2024-05-31 10:30:02 INFO Epoch 728/16000	Training Loss: 0.9105	Time remaining is 491h:58m
2024-05-31 10:31:39 INFO Epoch 729/16000	Training Loss: 0.9160	Time remaining is 491h:50m
2024-05-31 10:33:16 INFO Epoch 730/16000	Training Loss: 0.9103	Time remaining is 491h:41m
2024-05-31 10:35:03 INFO Testing: dataset_name: market1501 top1:0.9406 top5:0.9774 top10:0.9852 mAP:0.8517
2024-05-31 10:36:40 INFO Epoch 731/16000	Training Loss: 0.9146	Time remaining is 492h:10m
2024-05-31 10:38:17 INFO Epoch 732/16000	Training Loss: 0.9056	Time remaining is 492h:1m
2024-05-31 10:39:54 INFO Epoch 733/16000	Training Loss: 0.9103	Time remaining is 491h:53m
2024-05-31 10:41:31 INFO Epoch 734/16000	Training Loss: 0.9143	Time remaining is 491h:44m
2024-05-31 10:43:08 INFO Epoch 735/16000	Training Loss: 0.9113	Time remaining is 491h:36m
2024-05-31 10:44:54 INFO Testing: dataset_name: market1501 top1:0.9412 top5:0.9792 top10:0.9866 mAP:0.8587
2024-05-31 10:46:31 INFO Epoch 736/16000	Training Loss: 0.9106	Time remaining is 492h:4m
2024-05-31 10:48:09 INFO Epoch 737/16000	Training Loss: 0.9200	Time remaining is 491h:56m
2024-05-31 10:49:46 INFO Epoch 738/16000	Training Loss: 0.9102	Time remaining is 491h:47m
2024-05-31 10:51:23 INFO Epoch 739/16000	Training Loss: 0.9105	Time remaining is 491h:39m
2024-05-31 10:53:00 INFO Epoch 740/16000	Training Loss: 0.9153	Time remaining is 491h:30m
2024-05-31 10:54:46 INFO Testing: dataset_name: market1501 top1:0.9400 top5:0.9783 top10:0.9872 mAP:0.8518
2024-05-31 10:56:23 INFO Epoch 741/16000	Training Loss: 0.9107	Time remaining is 491h:58m
2024-05-31 10:58:00 INFO Epoch 742/16000	Training Loss: 0.9155	Time remaining is 491h:50m
2024-05-31 10:59:37 INFO Epoch 743/16000	Training Loss: 0.9112	Time remaining is 491h:42m
2024-05-31 11:01:15 INFO Epoch 744/16000	Training Loss: 0.9148	Time remaining is 491h:33m
2024-05-31 11:02:52 INFO Epoch 745/16000	Training Loss: 0.9153	Time remaining is 491h:25m
2024-05-31 11:04:39 INFO Testing: dataset_name: market1501 top1:0.9418 top5:0.9807 top10:0.9866 mAP:0.8571
2024-05-31 11:06:16 INFO Epoch 746/16000	Training Loss: 0.9148	Time remaining is 491h:53m
2024-05-31 11:07:53 INFO Epoch 747/16000	Training Loss: 0.9106	Time remaining is 491h:45m
2024-05-31 11:09:30 INFO Epoch 748/16000	Training Loss: 0.9165	Time remaining is 491h:36m
2024-05-31 11:11:07 INFO Epoch 749/16000	Training Loss: 0.9098	Time remaining is 491h:28m
2024-05-31 11:12:45 INFO Epoch 750/16000	Training Loss: 0.9194	Time remaining is 491h:20m
