2024-04-13 22:21:08 INFO ##################################################
2024-04-13 22:21:08 INFO Config values: batch_size: 60	current_directory: /home/hy/project/reid_task/ex_main8	dataset_name: market1501	dataset_path: /home/hy/project/data/Market-1501-v15.09.15	device: cuda	dtype: torch.float32	epoch_start_test: 90	epochs: 160	img_height: 256	img_width: 128	logs_outputs_path: /home/hy/project/reid_task/ex_main8/./outputs/logs	models_outputs_path: /home/hy/project/reid_task/ex_main8/./outputs/models	np: <module 'numpy' from '/home/hy/anaconda3/envs/py396/lib/python3.9/site-packages/numpy/__init__.py'>	os: <module 'os' from '/home/hy/anaconda3/envs/py396/lib/python3.9/os.py'>	outputs_dir: ./outputs/	outputs_path: /home/hy/project/reid_task/ex_main8/./outputs/	print_every: 1	seed: 1	taskname: ReID_Task	temps_outputs_path: /home/hy/project/reid_task/ex_main8/./outputs/temps	test_batch_size: 256	test_every: 5	torch: <module 'torch' from '/home/hy/anaconda3/envs/py396/lib/python3.9/site-packages/torch/__init__.py'>
2024-04-13 22:21:08 INFO Task: ReID_Task
2024-04-13 22:21:08 INFO Using device: cuda
2024-04-13 22:21:08 INFO Using data type: torch.float32
2024-04-13 22:21:08 INFO Number of GPUs: 1
2024-04-13 22:21:08 INFO GPU is_available: True
2024-04-13 22:21:08 INFO GPU name: NVIDIA GeForce RTX 3060
2024-04-13 22:21:08 INFO CUDA version: 12.1
2024-04-13 22:21:08 INFO Current device id: 0
2024-04-13 22:21:08 INFO ##################################################
2024-04-13 22:22:26 INFO Epoch 1/160	Training Loss: 9.7132	Time remaining is 3h:24m
2024-04-13 22:23:41 INFO Epoch 2/160	Training Loss: 8.2410	Time remaining is 3h:22m
2024-04-13 22:24:57 INFO Epoch 3/160	Training Loss: 6.3927	Time remaining is 3h:20m
2024-04-13 22:26:12 INFO Epoch 4/160	Training Loss: 4.9235	Time remaining is 3h:19m
2024-04-13 22:27:28 INFO Epoch 5/160	Training Loss: 3.8609	Time remaining is 3h:17m
2024-04-13 22:28:43 INFO Epoch 6/160	Training Loss: 3.1704	Time remaining is 3h:15m
2024-04-13 22:29:58 INFO Epoch 7/160	Training Loss: 2.8168	Time remaining is 3h:14m
2024-04-13 22:31:13 INFO Epoch 8/160	Training Loss: 2.6200	Time remaining is 3h:13m
2024-04-13 22:32:29 INFO Epoch 9/160	Training Loss: 2.5158	Time remaining is 3h:11m
2024-04-13 22:33:44 INFO Epoch 10/160	Training Loss: 2.4349	Time remaining is 3h:10m
2024-04-13 22:34:59 INFO Epoch 11/160	Training Loss: 2.3966	Time remaining is 3h:9m
2024-04-13 22:36:15 INFO Epoch 12/160	Training Loss: 2.3502	Time remaining is 3h:7m
2024-04-13 22:37:30 INFO Epoch 13/160	Training Loss: 2.2958	Time remaining is 3h:6m
2024-04-13 22:38:46 INFO Epoch 14/160	Training Loss: 2.2849	Time remaining is 3h:5m
2024-04-13 22:40:02 INFO Epoch 15/160	Training Loss: 2.2566	Time remaining is 3h:4m
2024-04-13 22:41:17 INFO Epoch 16/160	Training Loss: 2.2360	Time remaining is 3h:3m
2024-04-13 22:42:32 INFO Epoch 17/160	Training Loss: 2.2194	Time remaining is 3h:1m
2024-04-13 22:43:48 INFO Epoch 18/160	Training Loss: 2.2029	Time remaining is 2h:60m
2024-04-13 22:45:03 INFO Epoch 19/160	Training Loss: 2.2130	Time remaining is 2h:59m
2024-04-13 22:46:19 INFO Epoch 20/160	Training Loss: 2.2108	Time remaining is 2h:57m
2024-04-13 22:47:34 INFO Epoch 21/160	Training Loss: 2.1976	Time remaining is 2h:56m
2024-04-13 22:48:50 INFO Epoch 22/160	Training Loss: 2.1925	Time remaining is 2h:55m
2024-04-13 22:50:05 INFO Epoch 23/160	Training Loss: 2.1890	Time remaining is 2h:54m
2024-04-13 22:51:21 INFO Epoch 24/160	Training Loss: 2.2035	Time remaining is 2h:52m
2024-04-13 22:52:36 INFO Epoch 25/160	Training Loss: 2.1939	Time remaining is 2h:51m
2024-04-13 22:53:52 INFO Epoch 26/160	Training Loss: 2.2112	Time remaining is 2h:50m
2024-04-13 22:55:08 INFO Epoch 27/160	Training Loss: 2.1976	Time remaining is 2h:49m
2024-04-13 22:56:23 INFO Epoch 28/160	Training Loss: 2.1885	Time remaining is 2h:47m
2024-04-13 22:57:39 INFO Epoch 29/160	Training Loss: 2.1865	Time remaining is 2h:46m
2024-04-13 22:58:54 INFO Epoch 30/160	Training Loss: 2.1791	Time remaining is 2h:45m
2024-04-13 23:00:09 INFO Epoch 31/160	Training Loss: 2.1783	Time remaining is 2h:44m
2024-04-13 23:01:25 INFO Epoch 32/160	Training Loss: 2.1864	Time remaining is 2h:42m
2024-04-13 23:02:41 INFO Epoch 33/160	Training Loss: 2.1810	Time remaining is 2h:41m
2024-04-13 23:03:56 INFO Epoch 34/160	Training Loss: 2.1880	Time remaining is 2h:40m
2024-04-13 23:05:12 INFO Epoch 35/160	Training Loss: 2.1874	Time remaining is 2h:39m
2024-04-13 23:06:27 INFO Epoch 36/160	Training Loss: 2.1785	Time remaining is 2h:37m
2024-04-13 23:07:43 INFO Epoch 37/160	Training Loss: 2.1706	Time remaining is 2h:36m
2024-04-13 23:08:59 INFO Epoch 38/160	Training Loss: 2.1749	Time remaining is 2h:35m
2024-04-13 23:10:14 INFO Epoch 39/160	Training Loss: 2.1805	Time remaining is 2h:34m
2024-04-13 23:11:30 INFO Epoch 40/160	Training Loss: 2.1695	Time remaining is 2h:32m
2024-04-13 23:12:45 INFO Epoch 41/160	Training Loss: 2.1130	Time remaining is 2h:31m
2024-04-13 23:14:00 INFO Epoch 42/160	Training Loss: 2.0424	Time remaining is 2h:30m
2024-04-13 23:15:16 INFO Epoch 43/160	Training Loss: 2.0383	Time remaining is 2h:28m
2024-04-13 23:16:31 INFO Epoch 44/160	Training Loss: 2.0305	Time remaining is 2h:27m
2024-04-13 23:17:47 INFO Epoch 45/160	Training Loss: 2.0245	Time remaining is 2h:26m
2024-04-13 23:19:02 INFO Epoch 46/160	Training Loss: 2.0232	Time remaining is 2h:25m
2024-04-13 23:20:18 INFO Epoch 47/160	Training Loss: 2.0076	Time remaining is 2h:23m
2024-04-13 23:21:33 INFO Epoch 48/160	Training Loss: 2.0165	Time remaining is 2h:22m
2024-04-13 23:22:49 INFO Epoch 49/160	Training Loss: 2.0021	Time remaining is 2h:21m
2024-04-13 23:24:04 INFO Epoch 50/160	Training Loss: 2.0112	Time remaining is 2h:20m
2024-04-13 23:25:20 INFO Epoch 51/160	Training Loss: 1.9973	Time remaining is 2h:18m
2024-04-13 23:26:35 INFO Epoch 52/160	Training Loss: 2.0048	Time remaining is 2h:17m
2024-04-13 23:27:51 INFO Epoch 53/160	Training Loss: 2.0035	Time remaining is 2h:16m
2024-04-13 23:29:06 INFO Epoch 54/160	Training Loss: 2.0013	Time remaining is 2h:15m
2024-04-13 23:30:22 INFO Epoch 55/160	Training Loss: 2.0015	Time remaining is 2h:13m
2024-04-13 23:31:37 INFO Epoch 56/160	Training Loss: 1.9994	Time remaining is 2h:12m
2024-04-13 23:32:53 INFO Epoch 57/160	Training Loss: 1.9893	Time remaining is 2h:11m
2024-04-13 23:34:08 INFO Epoch 58/160	Training Loss: 1.9986	Time remaining is 2h:10m
2024-04-13 23:35:24 INFO Epoch 59/160	Training Loss: 1.9986	Time remaining is 2h:8m
2024-04-13 23:36:39 INFO Epoch 60/160	Training Loss: 1.9948	Time remaining is 2h:7m
2024-04-13 23:37:55 INFO Epoch 61/160	Training Loss: 1.9952	Time remaining is 2h:6m
2024-04-13 23:39:10 INFO Epoch 62/160	Training Loss: 1.9938	Time remaining is 2h:5m
2024-04-13 23:40:26 INFO Epoch 63/160	Training Loss: 1.9926	Time remaining is 2h:3m
2024-04-13 23:41:41 INFO Epoch 64/160	Training Loss: 1.9924	Time remaining is 2h:2m
2024-04-13 23:42:57 INFO Epoch 65/160	Training Loss: 1.9880	Time remaining is 2h:1m
2024-04-13 23:44:13 INFO Epoch 66/160	Training Loss: 1.9885	Time remaining is 1h:60m
2024-04-13 23:45:29 INFO Epoch 67/160	Training Loss: 1.9970	Time remaining is 1h:58m
2024-04-13 23:46:45 INFO Epoch 68/160	Training Loss: 1.9873	Time remaining is 1h:57m
2024-04-13 23:48:00 INFO Epoch 69/160	Training Loss: 1.9793	Time remaining is 1h:56m
2024-04-13 23:49:16 INFO Epoch 70/160	Training Loss: 1.9862	Time remaining is 1h:55m
2024-04-13 23:50:32 INFO Epoch 71/160	Training Loss: 1.9843	Time remaining is 1h:53m
2024-04-13 23:51:47 INFO Epoch 72/160	Training Loss: 1.9794	Time remaining is 1h:52m
2024-04-13 23:53:03 INFO Epoch 73/160	Training Loss: 1.9772	Time remaining is 1h:51m
2024-04-13 23:54:18 INFO Epoch 74/160	Training Loss: 1.9665	Time remaining is 1h:50m
2024-04-13 23:55:33 INFO Epoch 75/160	Training Loss: 1.9657	Time remaining is 1h:48m
2024-04-13 23:56:49 INFO Epoch 76/160	Training Loss: 1.9635	Time remaining is 1h:47m
2024-04-13 23:58:04 INFO Epoch 77/160	Training Loss: 1.9746	Time remaining is 1h:46m
2024-04-13 23:59:19 INFO Epoch 78/160	Training Loss: 1.9654	Time remaining is 1h:44m
2024-04-14 00:00:35 INFO Epoch 79/160	Training Loss: 1.9734	Time remaining is 1h:43m
2024-04-14 00:01:50 INFO Epoch 80/160	Training Loss: 1.9741	Time remaining is 1h:42m
2024-04-14 00:03:06 INFO Epoch 81/160	Training Loss: 1.9724	Time remaining is 1h:41m
2024-04-14 00:04:22 INFO Epoch 82/160	Training Loss: 1.9724	Time remaining is 1h:39m
2024-04-14 00:05:38 INFO Epoch 83/160	Training Loss: 1.9733	Time remaining is 1h:38m
2024-04-14 00:06:53 INFO Epoch 84/160	Training Loss: 1.9708	Time remaining is 1h:37m
2024-04-14 00:08:09 INFO Epoch 85/160	Training Loss: 1.9739	Time remaining is 1h:36m
2024-04-14 00:09:24 INFO Epoch 86/160	Training Loss: 1.9728	Time remaining is 1h:34m
2024-04-14 00:10:40 INFO Epoch 87/160	Training Loss: 1.9716	Time remaining is 1h:33m
2024-04-14 00:11:55 INFO Epoch 88/160	Training Loss: 1.9608	Time remaining is 1h:32m
2024-04-14 00:13:11 INFO Epoch 89/160	Training Loss: 1.9710	Time remaining is 1h:31m
2024-04-14 00:14:26 INFO Epoch 90/160	Training Loss: 1.9716	Time remaining is 1h:29m
2024-04-14 00:15:53 INFO Testing: dataset_name: market1501 top1:0.9510 top5:0.9831 top10:0.9917 mAP:0.8717
2024-04-14 00:17:09 INFO Epoch 91/160	Training Loss: 1.9718	Time remaining is 1h:29m
2024-04-14 00:18:25 INFO Epoch 92/160	Training Loss: 1.9601	Time remaining is 1h:28m
2024-04-14 00:19:40 INFO Epoch 93/160	Training Loss: 1.9730	Time remaining is 1h:27m
2024-04-14 00:20:56 INFO Epoch 94/160	Training Loss: 1.9697	Time remaining is 1h:25m
2024-04-14 00:22:12 INFO Epoch 95/160	Training Loss: 1.9599	Time remaining is 1h:24m
2024-04-14 00:23:39 INFO Testing: dataset_name: market1501 top1:0.9525 top5:0.9837 top10:0.9905 mAP:0.8733
2024-04-14 00:24:55 INFO Epoch 96/160	Training Loss: 1.9714	Time remaining is 1h:24m
2024-04-14 00:26:10 INFO Epoch 97/160	Training Loss: 1.9587	Time remaining is 1h:22m
2024-04-14 00:27:26 INFO Epoch 98/160	Training Loss: 1.9726	Time remaining is 1h:21m
2024-04-14 00:28:42 INFO Epoch 99/160	Training Loss: 1.9695	Time remaining is 1h:20m
2024-04-14 00:29:58 INFO Epoch 100/160	Training Loss: 1.9674	Time remaining is 1h:19m
2024-04-14 00:31:25 INFO Testing: dataset_name: market1501 top1:0.9507 top5:0.9843 top10:0.9905 mAP:0.8723
2024-04-14 00:32:41 INFO Epoch 101/160	Training Loss: 1.9709	Time remaining is 1h:18m
2024-04-14 00:33:57 INFO Epoch 102/160	Training Loss: 1.9683	Time remaining is 1h:17m
2024-04-14 00:35:13 INFO Epoch 103/160	Training Loss: 1.9680	Time remaining is 1h:15m
2024-04-14 00:36:28 INFO Epoch 104/160	Training Loss: 1.9677	Time remaining is 1h:14m
2024-04-14 00:37:45 INFO Epoch 105/160	Training Loss: 1.9790	Time remaining is 1h:13m
2024-04-14 00:39:11 INFO Testing: dataset_name: market1501 top1:0.9510 top5:0.9825 top10:0.9908 mAP:0.8724
2024-04-14 00:40:27 INFO Epoch 106/160	Training Loss: 1.9696	Time remaining is 1h:12m
2024-04-14 00:41:43 INFO Epoch 107/160	Training Loss: 1.9581	Time remaining is 1h:11m
2024-04-14 00:42:58 INFO Epoch 108/160	Training Loss: 1.9685	Time remaining is 1h:10m
2024-04-14 00:44:14 INFO Epoch 109/160	Training Loss: 1.9681	Time remaining is 1h:8m
2024-04-14 00:45:30 INFO Epoch 110/160	Training Loss: 1.9666	Time remaining is 1h:7m
2024-04-14 00:46:57 INFO Testing: dataset_name: market1501 top1:0.9510 top5:0.9831 top10:0.9911 mAP:0.8735
2024-04-14 00:48:12 INFO Epoch 111/160	Training Loss: 1.9563	Time remaining is 1h:6m
2024-04-14 00:49:28 INFO Epoch 112/160	Training Loss: 1.9664	Time remaining is 1h:5m
2024-04-14 00:50:43 INFO Epoch 113/160	Training Loss: 1.9672	Time remaining is 1h:4m
2024-04-14 00:51:59 INFO Epoch 114/160	Training Loss: 1.9581	Time remaining is 1h:2m
2024-04-14 00:53:15 INFO Epoch 115/160	Training Loss: 1.9750	Time remaining is 1h:1m
2024-04-14 00:54:42 INFO Testing: dataset_name: market1501 top1:0.9519 top5:0.9831 top10:0.9908 mAP:0.8745
2024-04-14 00:55:58 INFO Epoch 116/160	Training Loss: 1.9668	Time remaining is 1h:0m
2024-04-14 00:57:14 INFO Epoch 117/160	Training Loss: 1.9683	Time remaining is 0h:59m
2024-04-14 00:58:29 INFO Epoch 118/160	Training Loss: 1.9661	Time remaining is 0h:57m
2024-04-14 00:59:45 INFO Epoch 119/160	Training Loss: 1.9759	Time remaining is 0h:56m
2024-04-14 01:01:01 INFO Epoch 120/160	Training Loss: 1.9547	Time remaining is 0h:55m
2024-04-14 01:02:27 INFO Testing: dataset_name: market1501 top1:0.9525 top5:0.9831 top10:0.9908 mAP:0.8753
2024-04-14 01:03:43 INFO Epoch 121/160	Training Loss: 1.9650	Time remaining is 0h:54m
2024-04-14 01:04:59 INFO Epoch 122/160	Training Loss: 1.9646	Time remaining is 0h:52m
2024-04-14 01:06:15 INFO Epoch 123/160	Training Loss: 1.9645	Time remaining is 0h:51m
2024-04-14 01:07:30 INFO Epoch 124/160	Training Loss: 1.9561	Time remaining is 0h:50m
2024-04-14 01:08:46 INFO Epoch 125/160	Training Loss: 1.9657	Time remaining is 0h:48m
2024-04-14 01:10:13 INFO Testing: dataset_name: market1501 top1:0.9516 top5:0.9834 top10:0.9911 mAP:0.8756
2024-04-14 01:11:29 INFO Epoch 126/160	Training Loss: 1.9657	Time remaining is 0h:47m
2024-04-14 01:12:45 INFO Epoch 127/160	Training Loss: 1.9642	Time remaining is 0h:46m
2024-04-14 01:14:01 INFO Epoch 128/160	Training Loss: 1.9645	Time remaining is 0h:45m
2024-04-14 01:15:17 INFO Epoch 129/160	Training Loss: 1.9663	Time remaining is 0h:43m
2024-04-14 01:16:33 INFO Epoch 130/160	Training Loss: 1.9660	Time remaining is 0h:42m
2024-04-14 01:18:00 INFO Testing: dataset_name: market1501 top1:0.9525 top5:0.9840 top10:0.9908 mAP:0.8761
2024-04-14 01:19:15 INFO Epoch 131/160	Training Loss: 1.9564	Time remaining is 0h:41m
2024-04-14 01:20:31 INFO Epoch 132/160	Training Loss: 1.9631	Time remaining is 0h:39m
2024-04-14 01:21:47 INFO Epoch 133/160	Training Loss: 1.9539	Time remaining is 0h:38m
2024-04-14 01:23:03 INFO Epoch 134/160	Training Loss: 1.9651	Time remaining is 0h:37m
2024-04-14 01:24:18 INFO Epoch 135/160	Training Loss: 1.9553	Time remaining is 0h:35m
2024-04-14 01:25:45 INFO Testing: dataset_name: market1501 top1:0.9528 top5:0.9834 top10:0.9914 mAP:0.8769
2024-04-14 01:27:00 INFO Epoch 136/160	Training Loss: 1.9550	Time remaining is 0h:34m
2024-04-14 01:28:16 INFO Epoch 137/160	Training Loss: 1.9645	Time remaining is 0h:33m
2024-04-14 01:29:32 INFO Epoch 138/160	Training Loss: 1.9642	Time remaining is 0h:31m
2024-04-14 01:30:48 INFO Epoch 139/160	Training Loss: 1.9533	Time remaining is 0h:30m
2024-04-14 01:32:03 INFO Epoch 140/160	Training Loss: 1.9630	Time remaining is 0h:29m
2024-04-14 01:33:30 INFO Testing: dataset_name: market1501 top1:0.9513 top5:0.9831 top10:0.9899 mAP:0.8759
2024-04-14 01:34:46 INFO Epoch 141/160	Training Loss: 1.9637	Time remaining is 0h:27m
2024-04-14 01:36:02 INFO Epoch 142/160	Training Loss: 1.9625	Time remaining is 0h:26m
2024-04-14 01:37:18 INFO Epoch 143/160	Training Loss: 1.9636	Time remaining is 0h:25m
2024-04-14 01:38:34 INFO Epoch 144/160	Training Loss: 1.9620	Time remaining is 0h:23m
2024-04-14 01:39:49 INFO Epoch 145/160	Training Loss: 1.9637	Time remaining is 0h:22m
2024-04-14 01:41:16 INFO Testing: dataset_name: market1501 top1:0.9516 top5:0.9831 top10:0.9899 mAP:0.8768
2024-04-14 01:42:32 INFO Epoch 146/160	Training Loss: 1.9624	Time remaining is 0h:21m
2024-04-14 01:43:47 INFO Epoch 147/160	Training Loss: 1.9623	Time remaining is 0h:19m
2024-04-14 01:45:03 INFO Epoch 148/160	Training Loss: 1.9630	Time remaining is 0h:18m
2024-04-14 01:46:19 INFO Epoch 149/160	Training Loss: 1.9722	Time remaining is 0h:17m
2024-04-14 01:47:34 INFO Epoch 150/160	Training Loss: 1.9513	Time remaining is 0h:15m
2024-04-14 01:49:01 INFO Testing: dataset_name: market1501 top1:0.9522 top5:0.9825 top10:0.9905 mAP:0.8770
2024-04-14 01:50:17 INFO Epoch 151/160	Training Loss: 1.9615	Time remaining is 0h:14m
2024-04-14 01:51:32 INFO Epoch 152/160	Training Loss: 1.9605	Time remaining is 0h:12m
2024-04-14 01:52:48 INFO Epoch 153/160	Training Loss: 1.9606	Time remaining is 0h:11m
2024-04-14 01:54:04 INFO Epoch 154/160	Training Loss: 1.9619	Time remaining is 0h:10m
2024-04-14 01:55:20 INFO Epoch 155/160	Training Loss: 1.9626	Time remaining is 0h:8m
2024-04-14 01:56:46 INFO Testing: dataset_name: market1501 top1:0.9522 top5:0.9828 top10:0.9890 mAP:0.8780
2024-04-14 01:58:02 INFO Epoch 156/160	Training Loss: 1.9526	Time remaining is 0h:7m
2024-04-14 01:59:18 INFO Epoch 157/160	Training Loss: 1.9617	Time remaining is 0h:6m
2024-04-14 02:00:33 INFO Epoch 158/160	Training Loss: 1.9520	Time remaining is 0h:4m
2024-04-14 02:01:49 INFO Epoch 159/160	Training Loss: 1.9604	Time remaining is 0h:3m
2024-04-14 02:03:04 INFO Epoch 160/160	Training Loss: 1.9502	Time remaining is 0h:1m
2024-04-14 02:04:31 INFO Testing: dataset_name: market1501 top1:0.9501 top5:0.9825 top10:0.9905 mAP:0.8768
2024-04-14 02:04:31 INFO The running time of training: 1.34027e+04 s
