2024-03-08 22:30:54 INFO ##################################################
2024-03-08 22:30:54 INFO Task: PCB
2024-03-08 22:30:54 INFO Using device: cuda
2024-03-08 22:30:54 INFO Using data type: torch.float32
2024-03-08 22:30:54 INFO Number of GPUs: 1
2024-03-08 22:30:54 INFO GPU is_available: True
2024-03-08 22:30:54 INFO GPU name: NVIDIA GeForce RTX 3060
2024-03-08 22:30:54 INFO CUDA version: 12.1
2024-03-08 22:30:54 INFO Current device id: 0
2024-03-08 22:30:54 INFO ##################################################
2024-03-08 22:32:00 INFO Epoch 1/120	Training Loss: 36.2412	Time remaining is 2h:11m
2024-03-08 22:33:04 INFO Epoch 2/120	Training Loss: 35.8625	Time remaining is 2h:8m
2024-03-08 22:34:07 INFO Epoch 3/120	Training Loss: 35.0075	Time remaining is 2h:6m
2024-03-08 22:35:11 INFO Epoch 4/120	Training Loss: 33.2673	Time remaining is 2h:5m
2024-03-08 22:36:15 INFO Epoch 5/120	Training Loss: 31.0816	Time remaining is 2h:4m
2024-03-08 22:37:18 INFO Epoch 6/120	Training Loss: 28.6403	Time remaining is 2h:2m
2024-03-08 22:38:22 INFO Epoch 7/120	Training Loss: 26.4944	Time remaining is 2h:1m
2024-03-08 22:39:25 INFO Epoch 8/120	Training Loss: 24.2092	Time remaining is 2h:0m
2024-03-08 22:40:29 INFO Epoch 9/120	Training Loss: 21.9111	Time remaining is 1h:59m
2024-03-08 22:41:32 INFO Epoch 10/120	Training Loss: 19.8651	Time remaining is 1h:58m
2024-03-08 22:42:35 INFO Epoch 11/120	Training Loss: 17.8396	Time remaining is 1h:57m
2024-03-08 22:43:39 INFO Epoch 12/120	Training Loss: 16.0114	Time remaining is 1h:56m
2024-03-08 22:44:42 INFO Epoch 13/120	Training Loss: 14.0661	Time remaining is 1h:55m
2024-03-08 22:45:46 INFO Epoch 14/120	Training Loss: 12.8176	Time remaining is 1h:54m
2024-03-08 22:46:49 INFO Epoch 15/120	Training Loss: 11.5074	Time remaining is 1h:52m
2024-03-08 22:47:53 INFO Epoch 16/120	Training Loss: 10.5013	Time remaining is 1h:51m
2024-03-08 22:48:56 INFO Epoch 17/120	Training Loss: 9.7782	Time remaining is 1h:50m
2024-03-08 22:50:00 INFO Epoch 18/120	Training Loss: 9.1303	Time remaining is 1h:49m
2024-03-08 22:51:03 INFO Epoch 19/120	Training Loss: 8.6157	Time remaining is 1h:48m
2024-03-08 22:52:07 INFO Epoch 20/120	Training Loss: 8.1790	Time remaining is 1h:47m
2024-03-08 22:53:11 INFO Epoch 21/120	Training Loss: 7.8435	Time remaining is 1h:46m
2024-03-08 22:54:14 INFO Epoch 22/120	Training Loss: 7.5834	Time remaining is 1h:45m
2024-03-08 22:55:17 INFO Epoch 23/120	Training Loss: 7.3876	Time remaining is 1h:44m
2024-03-08 22:56:21 INFO Epoch 24/120	Training Loss: 7.2363	Time remaining is 1h:43m
2024-03-08 22:57:25 INFO Epoch 25/120	Training Loss: 7.0585	Time remaining is 1h:42m
2024-03-08 22:58:29 INFO Epoch 26/120	Training Loss: 7.0531	Time remaining is 1h:41m
2024-03-08 22:59:32 INFO Epoch 27/120	Training Loss: 7.0362	Time remaining is 1h:40m
2024-03-08 23:00:36 INFO Epoch 28/120	Training Loss: 6.9491	Time remaining is 1h:39m
2024-03-08 23:01:39 INFO Epoch 29/120	Training Loss: 6.8307	Time remaining is 1h:38m
2024-03-08 23:02:43 INFO Epoch 30/120	Training Loss: 6.7076	Time remaining is 1h:36m
2024-03-08 23:03:46 INFO Epoch 31/120	Training Loss: 6.6525	Time remaining is 1h:35m
2024-03-08 23:04:50 INFO Epoch 32/120	Training Loss: 6.6878	Time remaining is 1h:34m
2024-03-08 23:05:54 INFO Epoch 33/120	Training Loss: 6.8278	Time remaining is 1h:33m
2024-03-08 23:06:57 INFO Epoch 34/120	Training Loss: 6.7101	Time remaining is 1h:32m
2024-03-08 23:08:00 INFO Epoch 35/120	Training Loss: 6.5288	Time remaining is 1h:31m
2024-03-08 23:09:04 INFO Epoch 36/120	Training Loss: 6.4876	Time remaining is 1h:30m
2024-03-08 23:10:08 INFO Epoch 37/120	Training Loss: 6.3893	Time remaining is 1h:29m
2024-03-08 23:11:11 INFO Epoch 38/120	Training Loss: 6.4710	Time remaining is 1h:28m
2024-03-08 23:12:15 INFO Epoch 39/120	Training Loss: 6.8445	Time remaining is 1h:27m
2024-03-08 23:13:18 INFO Epoch 40/120	Training Loss: 6.7610	Time remaining is 1h:26m
2024-03-08 23:14:22 INFO Epoch 41/120	Training Loss: 6.2712	Time remaining is 1h:25m
2024-03-08 23:15:26 INFO Epoch 42/120	Training Loss: 6.0130	Time remaining is 1h:24m
2024-03-08 23:16:29 INFO Epoch 43/120	Training Loss: 5.9253	Time remaining is 1h:23m
2024-03-08 23:17:33 INFO Epoch 44/120	Training Loss: 5.9133	Time remaining is 1h:22m
2024-03-08 23:18:36 INFO Epoch 45/120	Training Loss: 5.8844	Time remaining is 1h:21m
2024-03-08 23:19:40 INFO Epoch 46/120	Training Loss: 5.9013	Time remaining is 1h:20m
2024-03-08 23:20:44 INFO Epoch 47/120	Training Loss: 5.8177	Time remaining is 1h:18m
2024-03-08 23:21:47 INFO Epoch 48/120	Training Loss: 5.8366	Time remaining is 1h:17m
2024-03-08 23:22:51 INFO Epoch 49/120	Training Loss: 5.7925	Time remaining is 1h:16m
2024-03-08 23:23:54 INFO Epoch 50/120	Training Loss: 5.7808	Time remaining is 1h:15m
2024-03-08 23:24:58 INFO Epoch 51/120	Training Loss: 5.8328	Time remaining is 1h:14m
2024-03-08 23:26:02 INFO Epoch 52/120	Training Loss: 5.7942	Time remaining is 1h:13m
2024-03-08 23:27:06 INFO Epoch 53/120	Training Loss: 5.7880	Time remaining is 1h:12m
2024-03-08 23:28:09 INFO Epoch 54/120	Training Loss: 5.7457	Time remaining is 1h:11m
2024-03-08 23:29:13 INFO Epoch 55/120	Training Loss: 5.7698	Time remaining is 1h:10m
2024-03-08 23:30:16 INFO Epoch 56/120	Training Loss: 5.7620	Time remaining is 1h:9m
2024-03-08 23:31:20 INFO Epoch 57/120	Training Loss: 5.7594	Time remaining is 1h:8m
2024-03-08 23:32:24 INFO Epoch 58/120	Training Loss: 5.7527	Time remaining is 1h:7m
2024-03-08 23:33:27 INFO Epoch 59/120	Training Loss: 5.7445	Time remaining is 1h:6m
2024-03-08 23:34:31 INFO Epoch 60/120	Training Loss: 5.7419	Time remaining is 1h:5m
2024-03-08 23:35:34 INFO Epoch 61/120	Training Loss: 5.7077	Time remaining is 1h:4m
2024-03-08 23:36:38 INFO Epoch 62/120	Training Loss: 5.7025	Time remaining is 1h:3m
2024-03-08 23:37:41 INFO Epoch 63/120	Training Loss: 5.7272	Time remaining is 1h:1m
2024-03-08 23:38:45 INFO Epoch 64/120	Training Loss: 5.6970	Time remaining is 1h:0m
2024-03-08 23:39:48 INFO Epoch 65/120	Training Loss: 5.7216	Time remaining is 0h:59m
2024-03-08 23:40:52 INFO Epoch 66/120	Training Loss: 5.7132	Time remaining is 0h:58m
2024-03-08 23:41:56 INFO Epoch 67/120	Training Loss: 5.7112	Time remaining is 0h:57m
2024-03-08 23:42:59 INFO Epoch 68/120	Training Loss: 5.6821	Time remaining is 0h:56m
2024-03-08 23:44:03 INFO Epoch 69/120	Training Loss: 5.7003	Time remaining is 0h:55m
2024-03-08 23:45:06 INFO Epoch 70/120	Training Loss: 5.6707	Time remaining is 0h:54m
2024-03-08 23:46:10 INFO Epoch 71/120	Training Loss: 5.6934	Time remaining is 0h:53m
2024-03-08 23:47:13 INFO Epoch 72/120	Training Loss: 5.6837	Time remaining is 0h:52m
2024-03-08 23:48:17 INFO Epoch 73/120	Training Loss: 5.6493	Time remaining is 0h:51m
2024-03-08 23:49:20 INFO Epoch 74/120	Training Loss: 5.6734	Time remaining is 0h:50m
2024-03-08 23:50:24 INFO Epoch 75/120	Training Loss: 5.6742	Time remaining is 0h:49m
2024-03-08 23:51:28 INFO Epoch 76/120	Training Loss: 5.6713	Time remaining is 0h:48m
2024-03-08 23:52:31 INFO Epoch 77/120	Training Loss: 5.6675	Time remaining is 0h:47m
2024-03-08 23:53:35 INFO Epoch 78/120	Training Loss: 5.6702	Time remaining is 0h:46m
2024-03-08 23:54:39 INFO Epoch 79/120	Training Loss: 5.6667	Time remaining is 0h:45m
2024-03-08 23:55:42 INFO Epoch 80/120	Training Loss: 5.6665	Time remaining is 0h:43m
2024-03-08 23:56:46 INFO Epoch 81/120	Training Loss: 5.6412	Time remaining is 0h:42m
2024-03-08 23:57:49 INFO Epoch 82/120	Training Loss: 5.6649	Time remaining is 0h:41m
2024-03-08 23:58:53 INFO Epoch 83/120	Training Loss: 5.6644	Time remaining is 0h:40m
2024-03-08 23:59:57 INFO Epoch 84/120	Training Loss: 5.6652	Time remaining is 0h:39m
2024-03-09 00:01:00 INFO Epoch 85/120	Training Loss: 5.6629	Time remaining is 0h:38m
2024-03-09 00:02:04 INFO Epoch 86/120	Training Loss: 5.6358	Time remaining is 0h:37m
2024-03-09 00:03:07 INFO Epoch 87/120	Training Loss: 5.6624	Time remaining is 0h:36m
2024-03-09 00:04:11 INFO Epoch 88/120	Training Loss: 5.6344	Time remaining is 0h:35m
2024-03-09 00:05:14 INFO Epoch 89/120	Training Loss: 5.6313	Time remaining is 0h:34m
2024-03-09 00:06:18 INFO Epoch 90/120	Training Loss: 5.6604	Time remaining is 0h:33m
2024-03-09 00:06:50 INFO Testing: dataset_name: market1501 top1:0.9080 top5:0.9620 top10:0.9733 mAP:0.7760
2024-03-09 00:07:53 INFO Epoch 91/120	Training Loss: 5.6293	Time remaining is 0h:32m
2024-03-09 00:08:56 INFO Epoch 92/120	Training Loss: 5.6331	Time remaining is 0h:31m
2024-03-09 00:09:59 INFO Epoch 93/120	Training Loss: 5.6313	Time remaining is 0h:30m
2024-03-09 00:11:03 INFO Epoch 94/120	Training Loss: 5.6587	Time remaining is 0h:29m
2024-03-09 00:12:07 INFO Epoch 95/120	Training Loss: 5.6576	Time remaining is 0h:28m
2024-03-09 00:13:10 INFO Epoch 96/120	Training Loss: 5.6564	Time remaining is 0h:27m
2024-03-09 00:14:14 INFO Epoch 97/120	Training Loss: 5.6306	Time remaining is 0h:26m
2024-03-09 00:15:17 INFO Epoch 98/120	Training Loss: 5.6542	Time remaining is 0h:24m
2024-03-09 00:16:21 INFO Epoch 99/120	Training Loss: 5.6541	Time remaining is 0h:23m
2024-03-09 00:17:24 INFO Epoch 100/120	Training Loss: 5.6562	Time remaining is 0h:22m
2024-03-09 00:17:56 INFO Testing: dataset_name: market1501 top1:0.9112 top5:0.9638 top10:0.9754 mAP:0.7767
2024-03-09 00:19:00 INFO Epoch 101/120	Training Loss: 5.6560	Time remaining is 0h:21m
2024-03-09 00:20:03 INFO Epoch 102/120	Training Loss: 5.6535	Time remaining is 0h:20m
2024-03-09 00:21:07 INFO Epoch 103/120	Training Loss: 5.6535	Time remaining is 0h:19m
2024-03-09 00:22:10 INFO Epoch 104/120	Training Loss: 5.6268	Time remaining is 0h:18m
2024-03-09 00:23:13 INFO Epoch 105/120	Training Loss: 5.6237	Time remaining is 0h:17m
2024-03-09 00:24:17 INFO Epoch 106/120	Training Loss: 5.6509	Time remaining is 0h:16m
2024-03-09 00:25:21 INFO Epoch 107/120	Training Loss: 5.6522	Time remaining is 0h:15m
2024-03-09 00:26:24 INFO Epoch 108/120	Training Loss: 5.6219	Time remaining is 0h:14m
2024-03-09 00:27:27 INFO Epoch 109/120	Training Loss: 5.6525	Time remaining is 0h:13m
2024-03-09 00:28:31 INFO Epoch 110/120	Training Loss: 5.6490	Time remaining is 0h:12m
2024-03-09 00:29:03 INFO Testing: dataset_name: market1501 top1:0.9065 top5:0.9596 top10:0.9748 mAP:0.7744
2024-03-09 00:30:06 INFO Epoch 111/120	Training Loss: 5.6495	Time remaining is 0h:11m
2024-03-09 00:31:10 INFO Epoch 112/120	Training Loss: 5.6478	Time remaining is 0h:10m
2024-03-09 00:32:14 INFO Epoch 113/120	Training Loss: 5.6498	Time remaining is 0h:9m
2024-03-09 00:33:17 INFO Epoch 114/120	Training Loss: 5.6187	Time remaining is 0h:8m
2024-03-09 00:34:20 INFO Epoch 115/120	Training Loss: 5.6458	Time remaining is 0h:6m
2024-03-09 00:35:24 INFO Epoch 116/120	Training Loss: 5.6476	Time remaining is 0h:5m
2024-03-09 00:36:28 INFO Epoch 117/120	Training Loss: 5.6480	Time remaining is 0h:4m
2024-03-09 00:37:31 INFO Epoch 118/120	Training Loss: 5.6443	Time remaining is 0h:3m
2024-03-09 00:38:35 INFO Epoch 119/120	Training Loss: 5.6457	Time remaining is 0h:2m
2024-03-09 00:39:38 INFO Epoch 120/120	Training Loss: 5.6441	Time remaining is 0h:1m
2024-03-09 00:40:10 INFO Testing: dataset_name: market1501 top1:0.9088 top5:0.9599 top10:0.9739 mAP:0.7730
2024-03-09 00:40:10 INFO The running time of training: 7.75634e+03 s
2024-03-09 00:40:10 DEBUG Config values:
batch_size: 60
current_directory: /home/hy/project/reid/ex_main
dataset_name: market1501
dataset_path: /home/hy/project/reid/data/Market-1501-v15.09.15
device: cuda
dtype: torch.float32
epoch_start_test: 90
epochs: 120
img_height: 256
img_width: 128
lr: 0.1
np: <module 'numpy' from '/home/hy/anaconda3/envs/py396/lib/python3.9/site-packages/numpy/__init__.py'>
os: <module 'os' from '/home/hy/anaconda3/envs/py396/lib/python3.9/os.py'>
outputs_dir: ./outputs/
outputs_path: /home/hy/project/reid/ex_main/./outputs/
print_every: 1
seed: 1
taskname: PCB
test_batch_size: 256
test_every: 10
torch: <module 'torch' from '/home/hy/anaconda3/envs/py396/lib/python3.9/site-packages/torch/__init__.py'>
2024-03-09 09:34:31 INFO ##################################################
2024-03-09 09:34:31 INFO Task: PCB
2024-03-09 09:34:31 INFO Using device: cuda
2024-03-09 09:34:31 INFO Using data type: torch.float32
