2024-05-17 21:22:15 INFO ##################################################
2024-05-17 21:22:15 INFO Config values: batch_size: 60	current_directory: /home/hy/project/reid_task/ex_main1	dataset_name: cuhk03-np-labeled	dataset_path: /home/hy/project/data/cuhk03-np/labeled	device: cuda	dtype: torch.float32	epoch_start_test: 90	epochs: 10000	img_height: 384	img_width: 192	logs_outputs_path: /home/hy/project/reid_task/ex_main1/./outputs/logs	models_outputs_path: /home/hy/project/reid_task/ex_main1/./outputs/models	np: <module 'numpy' from '/home/hy/anaconda3/envs/py396/lib/python3.9/site-packages/numpy/__init__.py'>	os: <module 'os' from '/home/hy/anaconda3/envs/py396/lib/python3.9/os.py'>	outputs_dir: ./outputs/	outputs_path: /home/hy/project/reid_task/ex_main1/./outputs/	print_every: 1	seed: 3	taskname: ReID_Task	temps_outputs_path: /home/hy/project/reid_task/ex_main1/./outputs/temps	test_batch_size: 256	test_every: 5	torch: <module 'torch' from '/home/hy/anaconda3/envs/py396/lib/python3.9/site-packages/torch/__init__.py'>
2024-05-17 21:22:15 INFO Task: ReID_Task
2024-05-17 21:22:15 INFO Using device: cuda
2024-05-17 21:22:15 INFO Using data type: torch.float32
2024-05-17 21:22:15 INFO Number of GPUs: 1
2024-05-17 21:22:15 INFO GPU is_available: True
2024-05-17 21:22:15 INFO GPU name: NVIDIA GeForce RTX 3060
2024-05-17 21:22:15 INFO CUDA version: 12.1
2024-05-17 21:22:15 INFO Current device id: 0
2024-05-17 21:22:15 INFO ##################################################
2024-05-17 21:23:36 INFO Epoch 1/10000	Training Loss: 8.1898	Time remaining is 224h:5m
2024-05-17 21:24:55 INFO Epoch 2/10000	Training Loss: 7.3303	Time remaining is 221h:48m
2024-05-17 21:26:14 INFO Epoch 3/10000	Training Loss: 6.4905	Time remaining is 220h:57m
2024-05-17 21:27:34 INFO Epoch 4/10000	Training Loss: 5.6275	Time remaining is 220h:40m
2024-05-17 21:28:53 INFO Epoch 5/10000	Training Loss: 4.6900	Time remaining is 220h:33m
2024-05-17 21:30:12 INFO Epoch 6/10000	Training Loss: 3.7872	Time remaining is 220h:24m
2024-05-17 21:31:31 INFO Epoch 7/10000	Training Loss: 3.0057	Time remaining is 220h:21m
2024-05-17 21:32:51 INFO Epoch 8/10000	Training Loss: 2.5106	Time remaining is 220h:18m
2024-05-17 21:34:10 INFO Epoch 9/10000	Training Loss: 2.2587	Time remaining is 220h:14m
2024-05-17 21:35:29 INFO Epoch 10/10000	Training Loss: 2.1214	Time remaining is 220h:11m
2024-05-17 21:36:48 INFO Epoch 11/10000	Training Loss: 2.0460	Time remaining is 220h:7m
2024-05-17 21:38:08 INFO Epoch 12/10000	Training Loss: 1.9962	Time remaining is 220h:6m
2024-05-17 21:39:27 INFO Epoch 13/10000	Training Loss: 1.9678	Time remaining is 220h:4m
2024-05-17 21:40:46 INFO Epoch 14/10000	Training Loss: 1.9289	Time remaining is 220h:2m
2024-05-17 21:42:05 INFO Epoch 15/10000	Training Loss: 1.8940	Time remaining is 219h:60m
2024-05-17 21:43:25 INFO Epoch 16/10000	Training Loss: 1.8807	Time remaining is 219h:57m
2024-05-17 21:44:44 INFO Epoch 17/10000	Training Loss: 1.8660	Time remaining is 219h:56m
2024-05-17 21:46:03 INFO Epoch 18/10000	Training Loss: 1.8563	Time remaining is 219h:55m
2024-05-17 21:47:23 INFO Epoch 19/10000	Training Loss: 1.8507	Time remaining is 219h:54m
2024-05-17 21:48:42 INFO Epoch 20/10000	Training Loss: 1.8431	Time remaining is 219h:53m
2024-05-17 21:50:01 INFO Epoch 21/10000	Training Loss: 1.8398	Time remaining is 219h:52m
2024-05-17 21:51:21 INFO Epoch 22/10000	Training Loss: 1.8324	Time remaining is 219h:52m
2024-05-17 21:52:40 INFO Epoch 23/10000	Training Loss: 1.8211	Time remaining is 219h:50m
2024-05-17 21:53:59 INFO Epoch 24/10000	Training Loss: 1.8224	Time remaining is 219h:50m
2024-05-17 21:55:19 INFO Epoch 25/10000	Training Loss: 1.8268	Time remaining is 219h:49m
2024-05-17 21:56:38 INFO Epoch 26/10000	Training Loss: 1.8159	Time remaining is 219h:49m
2024-05-17 21:57:58 INFO Epoch 27/10000	Training Loss: 1.8204	Time remaining is 219h:49m
2024-05-17 21:59:17 INFO Epoch 28/10000	Training Loss: 1.8268	Time remaining is 219h:48m
2024-05-17 22:00:37 INFO Epoch 29/10000	Training Loss: 1.8156	Time remaining is 219h:46m
2024-05-17 22:01:56 INFO Epoch 30/10000	Training Loss: 1.8103	Time remaining is 219h:46m
2024-05-17 22:03:15 INFO Epoch 31/10000	Training Loss: 1.8188	Time remaining is 219h:45m
2024-05-17 22:04:35 INFO Epoch 32/10000	Training Loss: 1.8188	Time remaining is 219h:44m
2024-05-17 22:05:54 INFO Epoch 33/10000	Training Loss: 1.8107	Time remaining is 219h:44m
2024-05-17 22:07:14 INFO Epoch 34/10000	Training Loss: 1.8173	Time remaining is 219h:42m
2024-05-17 22:08:33 INFO Epoch 35/10000	Training Loss: 1.8079	Time remaining is 219h:41m
2024-05-17 22:09:53 INFO Epoch 36/10000	Training Loss: 1.8110	Time remaining is 219h:40m
2024-05-17 22:11:12 INFO Epoch 37/10000	Training Loss: 1.8236	Time remaining is 219h:39m
2024-05-17 22:12:32 INFO Epoch 38/10000	Training Loss: 1.8352	Time remaining is 219h:38m
2024-05-17 22:13:51 INFO Epoch 39/10000	Training Loss: 1.8310	Time remaining is 219h:37m
2024-05-17 22:15:10 INFO Epoch 40/10000	Training Loss: 1.8198	Time remaining is 219h:37m
2024-05-17 22:16:30 INFO Epoch 41/10000	Training Loss: 1.7829	Time remaining is 219h:36m
2024-05-17 22:17:49 INFO Epoch 42/10000	Training Loss: 1.7483	Time remaining is 219h:35m
2024-05-17 22:19:09 INFO Epoch 43/10000	Training Loss: 1.7393	Time remaining is 219h:33m
2024-05-17 22:20:28 INFO Epoch 44/10000	Training Loss: 1.7292	Time remaining is 219h:32m
2024-05-17 22:21:48 INFO Epoch 45/10000	Training Loss: 1.7212	Time remaining is 219h:31m
2024-05-17 22:23:07 INFO Epoch 46/10000	Training Loss: 1.7186	Time remaining is 219h:30m
2024-05-17 22:24:26 INFO Epoch 47/10000	Training Loss: 1.7158	Time remaining is 219h:28m
2024-05-17 22:25:46 INFO Epoch 48/10000	Training Loss: 1.7151	Time remaining is 219h:27m
2024-05-17 22:27:05 INFO Epoch 49/10000	Training Loss: 1.7120	Time remaining is 219h:26m
2024-05-17 22:28:25 INFO Epoch 50/10000	Training Loss: 1.7072	Time remaining is 219h:25m
2024-05-17 22:29:44 INFO Epoch 51/10000	Training Loss: 1.7059	Time remaining is 219h:24m
2024-05-17 22:31:03 INFO Epoch 52/10000	Training Loss: 1.7051	Time remaining is 219h:22m
2024-05-17 22:32:23 INFO Epoch 53/10000	Training Loss: 1.7035	Time remaining is 219h:21m
2024-05-17 22:33:42 INFO Epoch 54/10000	Training Loss: 1.7019	Time remaining is 219h:20m
2024-05-17 22:35:02 INFO Epoch 55/10000	Training Loss: 1.6991	Time remaining is 219h:19m
2024-05-17 22:36:21 INFO Epoch 56/10000	Training Loss: 1.6977	Time remaining is 219h:17m
2024-05-17 22:37:40 INFO Epoch 57/10000	Training Loss: 1.6978	Time remaining is 219h:16m
2024-05-17 22:39:00 INFO Epoch 58/10000	Training Loss: 1.6963	Time remaining is 219h:15m
2024-05-17 22:40:19 INFO Epoch 59/10000	Training Loss: 1.6951	Time remaining is 219h:14m
2024-05-17 22:41:39 INFO Epoch 60/10000	Training Loss: 1.6948	Time remaining is 219h:13m
2024-05-17 22:42:59 INFO Epoch 61/10000	Training Loss: 1.6945	Time remaining is 219h:13m
2024-05-17 22:44:18 INFO Epoch 62/10000	Training Loss: 1.6945	Time remaining is 219h:12m
2024-05-17 22:45:38 INFO Epoch 63/10000	Training Loss: 1.6907	Time remaining is 219h:11m
2024-05-17 22:46:57 INFO Epoch 64/10000	Training Loss: 1.6892	Time remaining is 219h:9m
2024-05-17 22:48:17 INFO Epoch 65/10000	Training Loss: 1.6908	Time remaining is 219h:9m
2024-05-17 22:49:36 INFO Epoch 66/10000	Training Loss: 1.6899	Time remaining is 219h:7m
2024-05-17 22:50:55 INFO Epoch 67/10000	Training Loss: 1.6903	Time remaining is 219h:6m
2024-05-17 22:52:15 INFO Epoch 68/10000	Training Loss: 1.6912	Time remaining is 219h:4m
2024-05-17 22:53:34 INFO Epoch 69/10000	Training Loss: 1.6888	Time remaining is 219h:3m
2024-05-17 22:54:54 INFO Epoch 70/10000	Training Loss: 1.6865	Time remaining is 219h:2m
2024-05-17 22:56:13 INFO Epoch 71/10000	Training Loss: 1.6863	Time remaining is 219h:1m
2024-05-17 22:57:33 INFO Epoch 72/10000	Training Loss: 1.6839	Time remaining is 219h:0m
2024-05-17 22:58:52 INFO Epoch 73/10000	Training Loss: 1.6828	Time remaining is 218h:59m
2024-05-17 23:00:12 INFO Epoch 74/10000	Training Loss: 1.6820	Time remaining is 218h:58m
2024-05-17 23:01:31 INFO Epoch 75/10000	Training Loss: 1.6804	Time remaining is 218h:56m
2024-05-17 23:02:50 INFO Epoch 76/10000	Training Loss: 1.6811	Time remaining is 218h:55m
2024-05-17 23:04:10 INFO Epoch 77/10000	Training Loss: 1.6801	Time remaining is 218h:54m
2024-05-17 23:05:29 INFO Epoch 78/10000	Training Loss: 1.6806	Time remaining is 218h:52m
2024-05-17 23:06:49 INFO Epoch 79/10000	Training Loss: 1.6806	Time remaining is 218h:51m
2024-05-17 23:08:08 INFO Epoch 80/10000	Training Loss: 1.6802	Time remaining is 218h:50m
2024-05-17 23:09:27 INFO Epoch 81/10000	Training Loss: 1.6782	Time remaining is 218h:48m
2024-05-17 23:10:47 INFO Epoch 82/10000	Training Loss: 1.6780	Time remaining is 218h:47m
2024-05-17 23:12:06 INFO Epoch 83/10000	Training Loss: 1.6780	Time remaining is 218h:45m
2024-05-17 23:13:26 INFO Epoch 84/10000	Training Loss: 1.6785	Time remaining is 218h:44m
2024-05-17 23:14:45 INFO Epoch 85/10000	Training Loss: 1.6785	Time remaining is 218h:43m
2024-05-17 23:16:05 INFO Epoch 86/10000	Training Loss: 1.6777	Time remaining is 218h:42m
2024-05-17 23:17:24 INFO Epoch 87/10000	Training Loss: 1.6771	Time remaining is 218h:41m
2024-05-17 23:18:44 INFO Epoch 88/10000	Training Loss: 1.6776	Time remaining is 218h:40m
2024-05-17 23:20:03 INFO Epoch 89/10000	Training Loss: 1.6765	Time remaining is 218h:39m
2024-05-17 23:21:23 INFO Epoch 90/10000	Training Loss: 1.6779	Time remaining is 218h:37m
2024-05-17 23:22:04 INFO Testing: dataset_name: cuhk03-np-labeled top1:0.7114 top5:0.8700 top10:0.9236 mAP:0.6953
2024-05-17 23:23:24 INFO Epoch 91/10000	Training Loss: 1.6755	Time remaining is 219h:52m
2024-05-17 23:24:43 INFO Epoch 92/10000	Training Loss: 1.6772	Time remaining is 219h:50m
2024-05-17 23:26:02 INFO Epoch 93/10000	Training Loss: 1.6767	Time remaining is 219h:47m
2024-05-17 23:27:22 INFO Epoch 94/10000	Training Loss: 1.6763	Time remaining is 219h:45m
2024-05-17 23:28:41 INFO Epoch 95/10000	Training Loss: 1.6755	Time remaining is 219h:43m
2024-05-17 23:29:23 INFO Testing: dataset_name: cuhk03-np-labeled top1:0.7164 top5:0.8714 top10:0.9271 mAP:0.6982
2024-05-17 23:30:42 INFO Epoch 96/10000	Training Loss: 1.6752	Time remaining is 220h:52m
2024-05-17 23:32:01 INFO Epoch 97/10000	Training Loss: 1.6768	Time remaining is 220h:49m
2024-05-17 23:33:21 INFO Epoch 98/10000	Training Loss: 1.6740	Time remaining is 220h:46m
2024-05-17 23:34:40 INFO Epoch 99/10000	Training Loss: 1.6744	Time remaining is 220h:43m
2024-05-17 23:35:59 INFO Epoch 100/10000	Training Loss: 1.6761	Time remaining is 220h:40m
2024-05-17 23:36:41 INFO Testing: dataset_name: cuhk03-np-labeled top1:0.7164 top5:0.8757 top10:0.9321 mAP:0.6991
2024-05-17 23:38:00 INFO Epoch 101/10000	Training Loss: 1.6746	Time remaining is 221h:45m
2024-05-17 23:39:19 INFO Epoch 102/10000	Training Loss: 1.6747	Time remaining is 221h:42m
2024-05-17 23:40:39 INFO Epoch 103/10000	Training Loss: 1.6740	Time remaining is 221h:38m
2024-05-17 23:41:58 INFO Epoch 104/10000	Training Loss: 1.6747	Time remaining is 221h:35m
2024-05-17 23:43:17 INFO Epoch 105/10000	Training Loss: 1.6759	Time remaining is 221h:32m
2024-05-17 23:43:59 INFO Testing: dataset_name: cuhk03-np-labeled top1:0.7093 top5:0.8743 top10:0.9314 mAP:0.6962
2024-05-17 23:45:19 INFO Epoch 106/10000	Training Loss: 1.6751	Time remaining is 222h:33m
2024-05-17 23:46:38 INFO Epoch 107/10000	Training Loss: 1.6759	Time remaining is 222h:29m
2024-05-17 23:47:57 INFO Epoch 108/10000	Training Loss: 1.6732	Time remaining is 222h:25m
2024-05-17 23:49:16 INFO Epoch 109/10000	Training Loss: 1.6736	Time remaining is 222h:21m
2024-05-17 23:50:35 INFO Epoch 110/10000	Training Loss: 1.6741	Time remaining is 222h:17m
2024-05-17 23:51:17 INFO Testing: dataset_name: cuhk03-np-labeled top1:0.7143 top5:0.8757 top10:0.9329 mAP:0.7027
2024-05-17 23:52:36 INFO Epoch 111/10000	Training Loss: 1.6740	Time remaining is 223h:16m
2024-05-17 23:53:56 INFO Epoch 112/10000	Training Loss: 1.6733	Time remaining is 223h:11m
2024-05-17 23:55:15 INFO Epoch 113/10000	Training Loss: 1.6733	Time remaining is 223h:7m
2024-05-17 23:56:34 INFO Epoch 114/10000	Training Loss: 1.6739	Time remaining is 223h:3m
2024-05-17 23:57:54 INFO Epoch 115/10000	Training Loss: 1.6727	Time remaining is 222h:59m
2024-05-17 23:58:36 INFO Testing: dataset_name: cuhk03-np-labeled top1:0.7193 top5:0.8800 top10:0.9321 mAP:0.7048
2024-05-17 23:59:55 INFO Epoch 116/10000	Training Loss: 1.6735	Time remaining is 223h:54m
2024-05-18 00:01:14 INFO Epoch 117/10000	Training Loss: 1.6726	Time remaining is 223h:50m
2024-05-18 00:02:33 INFO Epoch 118/10000	Training Loss: 1.6741	Time remaining is 223h:45m
2024-05-18 00:03:53 INFO Epoch 119/10000	Training Loss: 1.6735	Time remaining is 223h:41m
2024-05-18 00:05:12 INFO Epoch 120/10000	Training Loss: 1.6720	Time remaining is 223h:37m
2024-05-18 00:05:54 INFO Testing: dataset_name: cuhk03-np-labeled top1:0.7207 top5:0.8779 top10:0.9329 mAP:0.7060
2024-05-18 00:07:13 INFO Epoch 121/10000	Training Loss: 1.6708	Time remaining is 224h:29m
2024-05-18 00:08:32 INFO Epoch 122/10000	Training Loss: 1.6730	Time remaining is 224h:24m
2024-05-18 00:09:51 INFO Epoch 123/10000	Training Loss: 1.6717	Time remaining is 224h:20m
2024-05-18 00:11:11 INFO Epoch 124/10000	Training Loss: 1.6722	Time remaining is 224h:15m
2024-05-18 00:12:30 INFO Epoch 125/10000	Training Loss: 1.6714	Time remaining is 224h:10m
2024-05-18 00:13:12 INFO Testing: dataset_name: cuhk03-np-labeled top1:0.7229 top5:0.8786 top10:0.9364 mAP:0.7078
2024-05-18 00:14:31 INFO Epoch 126/10000	Training Loss: 1.6720	Time remaining is 225h:0m
2024-05-18 00:15:50 INFO Epoch 127/10000	Training Loss: 1.6714	Time remaining is 224h:55m
2024-05-18 00:17:09 INFO Epoch 128/10000	Training Loss: 1.6707	Time remaining is 224h:50m
2024-05-18 00:18:29 INFO Epoch 129/10000	Training Loss: 1.6722	Time remaining is 224h:45m
2024-05-18 00:19:48 INFO Epoch 130/10000	Training Loss: 1.6706	Time remaining is 224h:41m
2024-05-18 00:20:30 INFO Testing: dataset_name: cuhk03-np-labeled top1:0.7221 top5:0.8786 top10:0.9357 mAP:0.7078
2024-05-18 00:21:49 INFO Epoch 131/10000	Training Loss: 1.6698	Time remaining is 225h:28m
2024-05-18 00:23:08 INFO Epoch 132/10000	Training Loss: 1.6706	Time remaining is 225h:23m
2024-05-18 00:24:28 INFO Epoch 133/10000	Training Loss: 1.6716	Time remaining is 225h:18m
2024-05-18 00:25:47 INFO Epoch 134/10000	Training Loss: 1.6707	Time remaining is 225h:13m
2024-05-18 00:27:06 INFO Epoch 135/10000	Training Loss: 1.6712	Time remaining is 225h:8m
2024-05-18 00:27:48 INFO Testing: dataset_name: cuhk03-np-labeled top1:0.7250 top5:0.8814 top10:0.9329 mAP:0.7105
2024-05-18 00:29:07 INFO Epoch 136/10000	Training Loss: 1.6700	Time remaining is 225h:54m
2024-05-18 00:30:26 INFO Epoch 137/10000	Training Loss: 1.6696	Time remaining is 225h:49m
2024-05-18 00:31:46 INFO Epoch 138/10000	Training Loss: 1.6690	Time remaining is 225h:44m
2024-05-18 00:33:05 INFO Epoch 139/10000	Training Loss: 1.6703	Time remaining is 225h:39m
2024-05-18 00:34:24 INFO Epoch 140/10000	Training Loss: 1.6700	Time remaining is 225h:34m
2024-05-18 00:35:06 INFO Testing: dataset_name: cuhk03-np-labeled top1:0.7271 top5:0.8843 top10:0.9364 mAP:0.7132
2024-05-18 00:36:25 INFO Epoch 141/10000	Training Loss: 1.6691	Time remaining is 226h:17m
2024-05-18 00:37:45 INFO Epoch 142/10000	Training Loss: 1.6701	Time remaining is 226h:12m
2024-05-18 00:39:04 INFO Epoch 143/10000	Training Loss: 1.6697	Time remaining is 226h:7m
2024-05-18 00:40:23 INFO Epoch 144/10000	Training Loss: 1.6684	Time remaining is 226h:2m
2024-05-18 00:41:42 INFO Epoch 145/10000	Training Loss: 1.6700	Time remaining is 225h:57m
2024-05-18 00:42:24 INFO Testing: dataset_name: cuhk03-np-labeled top1:0.7286 top5:0.8871 top10:0.9336 mAP:0.7140
2024-05-18 00:43:43 INFO Epoch 146/10000	Training Loss: 1.6694	Time remaining is 226h:39m
2024-05-18 00:45:03 INFO Epoch 147/10000	Training Loss: 1.6695	Time remaining is 226h:33m
2024-05-18 00:46:22 INFO Epoch 148/10000	Training Loss: 1.6683	Time remaining is 226h:28m
2024-05-18 00:47:41 INFO Epoch 149/10000	Training Loss: 1.6689	Time remaining is 226h:23m
2024-05-18 00:49:01 INFO Epoch 150/10000	Training Loss: 1.6685	Time remaining is 226h:18m
2024-05-18 00:49:43 INFO Testing: dataset_name: cuhk03-np-labeled top1:0.7300 top5:0.8857 top10:0.9321 mAP:0.7149
2024-05-18 00:51:02 INFO Epoch 151/10000	Training Loss: 1.6686	Time remaining is 226h:58m
2024-05-18 00:52:21 INFO Epoch 152/10000	Training Loss: 1.6690	Time remaining is 226h:53m
2024-05-18 00:53:40 INFO Epoch 153/10000	Training Loss: 1.6684	Time remaining is 226h:48m
2024-05-18 00:55:00 INFO Epoch 154/10000	Training Loss: 1.6678	Time remaining is 226h:43m
2024-05-18 00:56:19 INFO Epoch 155/10000	Training Loss: 1.6678	Time remaining is 226h:38m
2024-05-18 00:57:01 INFO Testing: dataset_name: cuhk03-np-labeled top1:0.7279 top5:0.8871 top10:0.9393 mAP:0.7152
2024-05-18 00:58:20 INFO Epoch 156/10000	Training Loss: 1.6669	Time remaining is 227h:16m
2024-05-18 00:59:40 INFO Epoch 157/10000	Training Loss: 1.6682	Time remaining is 227h:11m
2024-05-18 01:00:59 INFO Epoch 158/10000	Training Loss: 1.6681	Time remaining is 227h:6m
2024-05-18 01:02:18 INFO Epoch 159/10000	Training Loss: 1.6680	Time remaining is 227h:0m
2024-05-18 01:03:38 INFO Epoch 160/10000	Training Loss: 1.6662	Time remaining is 226h:55m
2024-05-18 01:04:19 INFO Testing: dataset_name: cuhk03-np-labeled top1:0.7343 top5:0.8893 top10:0.9371 mAP:0.7186
2024-05-18 01:05:39 INFO Epoch 161/10000	Training Loss: 1.6674	Time remaining is 227h:33m
2024-05-18 01:06:58 INFO Epoch 162/10000	Training Loss: 1.6670	Time remaining is 227h:27m
2024-05-18 01:08:17 INFO Epoch 163/10000	Training Loss: 1.6668	Time remaining is 227h:22m
2024-05-18 01:09:36 INFO Epoch 164/10000	Training Loss: 1.6669	Time remaining is 227h:16m
2024-05-18 01:10:55 INFO Epoch 165/10000	Training Loss: 1.6668	Time remaining is 227h:11m
2024-05-18 01:11:37 INFO Testing: dataset_name: cuhk03-np-labeled top1:0.7343 top5:0.8921 top10:0.9400 mAP:0.7180
2024-05-18 01:12:56 INFO Epoch 166/10000	Training Loss: 1.6664	Time remaining is 227h:47m
2024-05-18 01:14:15 INFO Epoch 167/10000	Training Loss: 1.6663	Time remaining is 227h:41m
2024-05-18 01:15:35 INFO Epoch 168/10000	Training Loss: 1.6669	Time remaining is 227h:36m
2024-05-18 01:16:54 INFO Epoch 169/10000	Training Loss: 1.6653	Time remaining is 227h:31m
2024-05-18 01:18:13 INFO Epoch 170/10000	Training Loss: 1.6662	Time remaining is 227h:26m
2024-05-18 01:18:55 INFO Testing: dataset_name: cuhk03-np-labeled top1:0.7357 top5:0.8893 top10:0.9379 mAP:0.7220
2024-05-18 01:20:14 INFO Epoch 171/10000	Training Loss: 1.6657	Time remaining is 228h:0m
2024-05-18 01:21:34 INFO Epoch 172/10000	Training Loss: 1.6661	Time remaining is 227h:55m
2024-05-18 01:22:53 INFO Epoch 173/10000	Training Loss: 1.6659	Time remaining is 227h:49m
2024-05-18 01:24:12 INFO Epoch 174/10000	Training Loss: 1.6648	Time remaining is 227h:44m
2024-05-18 01:25:31 INFO Epoch 175/10000	Training Loss: 1.6655	Time remaining is 227h:39m
2024-05-18 01:26:13 INFO Testing: dataset_name: cuhk03-np-labeled top1:0.7379 top5:0.8893 top10:0.9393 mAP:0.7209
2024-05-18 01:27:32 INFO Epoch 176/10000	Training Loss: 1.6642	Time remaining is 228h:12m
2024-05-18 01:28:51 INFO Epoch 177/10000	Training Loss: 1.6646	Time remaining is 228h:7m
2024-05-18 01:30:10 INFO Epoch 178/10000	Training Loss: 1.6654	Time remaining is 228h:1m
2024-05-18 01:31:30 INFO Epoch 179/10000	Training Loss: 1.6648	Time remaining is 227h:56m
2024-05-18 01:32:49 INFO Epoch 180/10000	Training Loss: 1.6646	Time remaining is 227h:51m
2024-05-18 01:33:31 INFO Testing: dataset_name: cuhk03-np-labeled top1:0.7421 top5:0.8893 top10:0.9386 mAP:0.7237
2024-05-18 01:34:50 INFO Epoch 181/10000	Training Loss: 1.6648	Time remaining is 228h:23m
2024-05-18 01:36:10 INFO Epoch 182/10000	Training Loss: 1.6657	Time remaining is 228h:18m
2024-05-18 01:37:29 INFO Epoch 183/10000	Training Loss: 1.6659	Time remaining is 228h:12m
2024-05-18 01:38:48 INFO Epoch 184/10000	Training Loss: 1.6651	Time remaining is 228h:7m
2024-05-18 01:40:07 INFO Epoch 185/10000	Training Loss: 1.6643	Time remaining is 228h:2m
2024-05-18 01:40:49 INFO Testing: dataset_name: cuhk03-np-labeled top1:0.7386 top5:0.8914 top10:0.9393 mAP:0.7252
2024-05-18 01:42:08 INFO Epoch 186/10000	Training Loss: 1.6652	Time remaining is 228h:33m
2024-05-18 01:43:27 INFO Epoch 187/10000	Training Loss: 1.6644	Time remaining is 228h:28m
2024-05-18 01:44:47 INFO Epoch 188/10000	Training Loss: 1.6641	Time remaining is 228h:22m
2024-05-18 01:46:06 INFO Epoch 189/10000	Training Loss: 1.6640	Time remaining is 228h:17m
2024-05-18 01:47:25 INFO Epoch 190/10000	Training Loss: 1.6638	Time remaining is 228h:12m
2024-05-18 01:48:07 INFO Testing: dataset_name: cuhk03-np-labeled top1:0.7429 top5:0.8921 top10:0.9393 mAP:0.7253
2024-05-18 01:49:26 INFO Epoch 191/10000	Training Loss: 1.6634	Time remaining is 228h:42m
2024-05-18 01:50:45 INFO Epoch 192/10000	Training Loss: 1.6634	Time remaining is 228h:37m
2024-05-18 01:52:04 INFO Epoch 193/10000	Training Loss: 1.6635	Time remaining is 228h:31m
2024-05-18 01:53:24 INFO Epoch 194/10000	Training Loss: 1.6625	Time remaining is 228h:26m
2024-05-18 01:54:43 INFO Epoch 195/10000	Training Loss: 1.6636	Time remaining is 228h:21m
2024-05-18 01:55:25 INFO Testing: dataset_name: cuhk03-np-labeled top1:0.7450 top5:0.8929 top10:0.9400 mAP:0.7291
2024-05-18 01:56:44 INFO Epoch 196/10000	Training Loss: 1.6633	Time remaining is 228h:51m
2024-05-18 01:58:03 INFO Epoch 197/10000	Training Loss: 1.6621	Time remaining is 228h:45m
2024-05-18 01:59:23 INFO Epoch 198/10000	Training Loss: 1.6628	Time remaining is 228h:40m
2024-05-18 02:00:42 INFO Epoch 199/10000	Training Loss: 1.6622	Time remaining is 228h:35m
2024-05-18 02:02:02 INFO Epoch 200/10000	Training Loss: 1.6625	Time remaining is 228h:30m
2024-05-18 02:02:43 INFO Testing: dataset_name: cuhk03-np-labeled top1:0.7429 top5:0.8900 top10:0.9386 mAP:0.7299
2024-05-18 02:04:03 INFO Epoch 201/10000	Training Loss: 1.6635	Time remaining is 228h:59m
2024-05-18 02:05:22 INFO Epoch 202/10000	Training Loss: 1.6625	Time remaining is 228h:53m
2024-05-18 02:06:41 INFO Epoch 203/10000	Training Loss: 1.6618	Time remaining is 228h:48m
2024-05-18 02:08:01 INFO Epoch 204/10000	Training Loss: 1.6629	Time remaining is 228h:43m
2024-05-18 02:09:20 INFO Epoch 205/10000	Training Loss: 1.6619	Time remaining is 228h:38m
2024-05-18 02:10:02 INFO Testing: dataset_name: cuhk03-np-labeled top1:0.7400 top5:0.8921 top10:0.9400 mAP:0.7274
2024-05-18 02:11:21 INFO Epoch 206/10000	Training Loss: 1.6618	Time remaining is 229h:6m
2024-05-18 02:12:40 INFO Epoch 207/10000	Training Loss: 1.6630	Time remaining is 229h:0m
2024-05-18 02:13:59 INFO Epoch 208/10000	Training Loss: 1.6627	Time remaining is 228h:55m
2024-05-18 02:15:19 INFO Epoch 209/10000	Training Loss: 1.6616	Time remaining is 228h:50m
2024-05-18 02:16:38 INFO Epoch 210/10000	Training Loss: 1.6623	Time remaining is 228h:45m
2024-05-18 02:17:19 INFO Testing: dataset_name: cuhk03-np-labeled top1:0.7429 top5:0.8957 top10:0.9393 mAP:0.7286
2024-05-18 02:18:39 INFO Epoch 211/10000	Training Loss: 1.6622	Time remaining is 229h:12m
2024-05-18 02:19:58 INFO Epoch 212/10000	Training Loss: 1.6613	Time remaining is 229h:7m
2024-05-18 02:21:18 INFO Epoch 213/10000	Training Loss: 1.6624	Time remaining is 229h:2m
2024-05-18 02:22:37 INFO Epoch 214/10000	Training Loss: 1.6613	Time remaining is 228h:56m
2024-05-18 02:23:56 INFO Epoch 215/10000	Training Loss: 1.6621	Time remaining is 228h:51m
2024-05-18 02:24:38 INFO Testing: dataset_name: cuhk03-np-labeled top1:0.7514 top5:0.8971 top10:0.9429 mAP:0.7349
2024-05-18 02:25:57 INFO Epoch 216/10000	Training Loss: 1.6612	Time remaining is 229h:17m
2024-05-18 02:27:16 INFO Epoch 217/10000	Training Loss: 1.6617	Time remaining is 229h:12m
2024-05-18 02:28:35 INFO Epoch 218/10000	Training Loss: 1.6623	Time remaining is 229h:7m
2024-05-18 02:29:55 INFO Epoch 219/10000	Training Loss: 1.6607	Time remaining is 229h:2m
2024-05-18 02:31:14 INFO Epoch 220/10000	Training Loss: 1.6601	Time remaining is 228h:56m
2024-05-18 02:31:55 INFO Testing: dataset_name: cuhk03-np-labeled top1:0.7436 top5:0.8950 top10:0.9400 mAP:0.7317
2024-05-18 02:33:15 INFO Epoch 221/10000	Training Loss: 1.6618	Time remaining is 229h:22m
2024-05-18 02:34:34 INFO Epoch 222/10000	Training Loss: 1.6607	Time remaining is 229h:17m
2024-05-18 02:35:53 INFO Epoch 223/10000	Training Loss: 1.6605	Time remaining is 229h:12m
2024-05-18 02:37:13 INFO Epoch 224/10000	Training Loss: 1.6605	Time remaining is 229h:7m
2024-05-18 02:38:32 INFO Epoch 225/10000	Training Loss: 1.6598	Time remaining is 229h:2m
2024-05-18 02:39:14 INFO Testing: dataset_name: cuhk03-np-labeled top1:0.7536 top5:0.8943 top10:0.9436 mAP:0.7321
2024-05-18 02:40:33 INFO Epoch 226/10000	Training Loss: 1.6609	Time remaining is 229h:27m
2024-05-18 02:41:53 INFO Epoch 227/10000	Training Loss: 1.6600	Time remaining is 229h:22m
2024-05-18 02:43:12 INFO Epoch 228/10000	Training Loss: 1.6601	Time remaining is 229h:17m
2024-05-18 02:44:31 INFO Epoch 229/10000	Training Loss: 1.6609	Time remaining is 229h:12m
2024-05-18 02:45:51 INFO Epoch 230/10000	Training Loss: 1.6598	Time remaining is 229h:7m
2024-05-18 02:46:32 INFO Testing: dataset_name: cuhk03-np-labeled top1:0.7543 top5:0.8986 top10:0.9421 mAP:0.7364
2024-05-18 02:47:52 INFO Epoch 231/10000	Training Loss: 1.6601	Time remaining is 229h:31m
2024-05-18 02:49:11 INFO Epoch 232/10000	Training Loss: 1.6603	Time remaining is 229h:26m
2024-05-18 02:50:30 INFO Epoch 233/10000	Training Loss: 1.6595	Time remaining is 229h:21m
2024-05-18 02:51:49 INFO Epoch 234/10000	Training Loss: 1.6603	Time remaining is 229h:16m
2024-05-18 02:53:09 INFO Epoch 235/10000	Training Loss: 1.6597	Time remaining is 229h:11m
2024-05-18 02:53:50 INFO Testing: dataset_name: cuhk03-np-labeled top1:0.7493 top5:0.8943 top10:0.9436 mAP:0.7346
2024-05-18 02:55:10 INFO Epoch 236/10000	Training Loss: 1.6595	Time remaining is 229h:34m
2024-05-18 02:56:29 INFO Epoch 237/10000	Training Loss: 1.6596	Time remaining is 229h:29m
2024-05-18 02:57:48 INFO Epoch 238/10000	Training Loss: 1.6586	Time remaining is 229h:24m
2024-05-18 02:59:07 INFO Epoch 239/10000	Training Loss: 1.6592	Time remaining is 229h:19m
2024-05-18 03:00:26 INFO Epoch 240/10000	Training Loss: 1.6582	Time remaining is 229h:14m
2024-05-18 03:01:08 INFO Testing: dataset_name: cuhk03-np-labeled top1:0.7500 top5:0.8964 top10:0.9450 mAP:0.7350
2024-05-18 03:02:27 INFO Epoch 241/10000	Training Loss: 1.6584	Time remaining is 229h:37m
2024-05-18 03:03:47 INFO Epoch 242/10000	Training Loss: 1.6582	Time remaining is 229h:32m
2024-05-18 03:05:06 INFO Epoch 243/10000	Training Loss: 1.6588	Time remaining is 229h:27m
2024-05-18 03:06:25 INFO Epoch 244/10000	Training Loss: 1.6578	Time remaining is 229h:22m
2024-05-18 03:07:45 INFO Epoch 245/10000	Training Loss: 1.6594	Time remaining is 229h:17m
2024-05-18 03:08:26 INFO Testing: dataset_name: cuhk03-np-labeled top1:0.7579 top5:0.8964 top10:0.9436 mAP:0.7396
2024-05-18 03:09:46 INFO Epoch 246/10000	Training Loss: 1.6597	Time remaining is 229h:40m
2024-05-18 03:11:05 INFO Epoch 247/10000	Training Loss: 1.6589	Time remaining is 229h:35m
2024-05-18 03:12:25 INFO Epoch 248/10000	Training Loss: 1.6583	Time remaining is 229h:30m
2024-05-18 03:13:44 INFO Epoch 249/10000	Training Loss: 1.6576	Time remaining is 229h:25m
2024-05-18 03:15:03 INFO Epoch 250/10000	Training Loss: 1.6579	Time remaining is 229h:20m
2024-05-18 03:15:45 INFO Testing: dataset_name: cuhk03-np-labeled top1:0.7571 top5:0.8986 top10:0.9429 mAP:0.7374
2024-05-18 03:17:05 INFO Epoch 251/10000	Training Loss: 1.6573	Time remaining is 229h:43m
2024-05-18 03:18:24 INFO Epoch 252/10000	Training Loss: 1.6577	Time remaining is 229h:38m
2024-05-18 03:19:43 INFO Epoch 253/10000	Training Loss: 1.6587	Time remaining is 229h:33m
2024-05-18 03:21:02 INFO Epoch 254/10000	Training Loss: 1.6578	Time remaining is 229h:28m
2024-05-18 03:22:22 INFO Epoch 255/10000	Training Loss: 1.6584	Time remaining is 229h:23m
2024-05-18 03:23:03 INFO Testing: dataset_name: cuhk03-np-labeled top1:0.7514 top5:0.9014 top10:0.9414 mAP:0.7372
2024-05-18 03:24:23 INFO Epoch 256/10000	Training Loss: 1.6573	Time remaining is 229h:44m
2024-05-18 03:25:42 INFO Epoch 257/10000	Training Loss: 1.6574	Time remaining is 229h:39m
2024-05-18 03:27:01 INFO Epoch 258/10000	Training Loss: 1.6572	Time remaining is 229h:34m
2024-05-18 03:28:20 INFO Epoch 259/10000	Training Loss: 1.6573	Time remaining is 229h:30m
2024-05-18 03:29:39 INFO Epoch 260/10000	Training Loss: 1.6574	Time remaining is 229h:25m
2024-05-18 03:30:21 INFO Testing: dataset_name: cuhk03-np-labeled top1:0.7507 top5:0.8957 top10:0.9414 mAP:0.7364
2024-05-18 03:31:40 INFO Epoch 261/10000	Training Loss: 1.6567	Time remaining is 229h:46m
2024-05-18 03:33:00 INFO Epoch 262/10000	Training Loss: 1.6583	Time remaining is 229h:41m
2024-05-18 03:34:19 INFO Epoch 263/10000	Training Loss: 1.6581	Time remaining is 229h:36m
2024-05-18 03:35:38 INFO Epoch 264/10000	Training Loss: 1.6574	Time remaining is 229h:31m
2024-05-18 03:36:57 INFO Epoch 265/10000	Training Loss: 1.6571	Time remaining is 229h:26m
2024-05-18 03:37:39 INFO Testing: dataset_name: cuhk03-np-labeled top1:0.7571 top5:0.9000 top10:0.9429 mAP:0.7400
2024-05-18 03:38:58 INFO Epoch 266/10000	Training Loss: 1.6578	Time remaining is 229h:47m
2024-05-18 03:40:17 INFO Epoch 267/10000	Training Loss: 1.6567	Time remaining is 229h:42m
2024-05-18 03:41:37 INFO Epoch 268/10000	Training Loss: 1.6573	Time remaining is 229h:37m
2024-05-18 03:42:56 INFO Epoch 269/10000	Training Loss: 1.6566	Time remaining is 229h:32m
2024-05-18 03:44:15 INFO Epoch 270/10000	Training Loss: 1.6567	Time remaining is 229h:27m
2024-05-18 03:44:57 INFO Testing: dataset_name: cuhk03-np-labeled top1:0.7557 top5:0.9036 top10:0.9421 mAP:0.7399
2024-05-18 03:46:16 INFO Epoch 271/10000	Training Loss: 1.6570	Time remaining is 229h:47m
2024-05-18 03:47:35 INFO Epoch 272/10000	Training Loss: 1.6560	Time remaining is 229h:43m
2024-05-18 03:48:55 INFO Epoch 273/10000	Training Loss: 1.6568	Time remaining is 229h:38m
2024-05-18 03:50:14 INFO Epoch 274/10000	Training Loss: 1.6558	Time remaining is 229h:33m
2024-05-18 03:51:33 INFO Epoch 275/10000	Training Loss: 1.6557	Time remaining is 229h:28m
2024-05-18 03:52:15 INFO Testing: dataset_name: cuhk03-np-labeled top1:0.7543 top5:0.9029 top10:0.9436 mAP:0.7392
2024-05-18 03:53:34 INFO Epoch 276/10000	Training Loss: 1.6565	Time remaining is 229h:48m
2024-05-18 03:54:54 INFO Epoch 277/10000	Training Loss: 1.6561	Time remaining is 229h:43m
2024-05-18 03:56:13 INFO Epoch 278/10000	Training Loss: 1.6563	Time remaining is 229h:38m
2024-05-18 03:57:32 INFO Epoch 279/10000	Training Loss: 1.6562	Time remaining is 229h:34m
2024-05-18 03:58:51 INFO Epoch 280/10000	Training Loss: 1.6558	Time remaining is 229h:29m
2024-05-18 03:59:33 INFO Testing: dataset_name: cuhk03-np-labeled top1:0.7607 top5:0.9071 top10:0.9421 mAP:0.7420
2024-05-18 04:00:53 INFO Epoch 281/10000	Training Loss: 1.6561	Time remaining is 229h:48m
2024-05-18 04:02:12 INFO Epoch 282/10000	Training Loss: 1.6544	Time remaining is 229h:44m
2024-05-18 04:03:31 INFO Epoch 283/10000	Training Loss: 1.6557	Time remaining is 229h:39m
2024-05-18 04:04:50 INFO Epoch 284/10000	Training Loss: 1.6545	Time remaining is 229h:34m
2024-05-18 04:06:10 INFO Epoch 285/10000	Training Loss: 1.6560	Time remaining is 229h:29m
2024-05-18 04:06:51 INFO Testing: dataset_name: cuhk03-np-labeled top1:0.7586 top5:0.9000 top10:0.9421 mAP:0.7406
2024-05-18 04:08:11 INFO Epoch 286/10000	Training Loss: 1.6560	Time remaining is 229h:48m
2024-05-18 04:09:30 INFO Epoch 287/10000	Training Loss: 1.6557	Time remaining is 229h:44m
2024-05-18 04:10:49 INFO Epoch 288/10000	Training Loss: 1.6554	Time remaining is 229h:39m
2024-05-18 04:12:08 INFO Epoch 289/10000	Training Loss: 1.6561	Time remaining is 229h:34m
2024-05-18 04:13:28 INFO Epoch 290/10000	Training Loss: 1.6556	Time remaining is 229h:29m
2024-05-18 04:14:09 INFO Testing: dataset_name: cuhk03-np-labeled top1:0.7636 top5:0.9021 top10:0.9443 mAP:0.7446
2024-05-18 04:15:29 INFO Epoch 291/10000	Training Loss: 1.6556	Time remaining is 229h:48m
2024-05-18 04:16:48 INFO Epoch 292/10000	Training Loss: 1.6554	Time remaining is 229h:44m
2024-05-18 04:18:08 INFO Epoch 293/10000	Training Loss: 1.6544	Time remaining is 229h:39m
2024-05-18 04:19:27 INFO Epoch 294/10000	Training Loss: 1.6550	Time remaining is 229h:34m
2024-05-18 04:20:46 INFO Epoch 295/10000	Training Loss: 1.6545	Time remaining is 229h:30m
2024-05-18 04:21:28 INFO Testing: dataset_name: cuhk03-np-labeled top1:0.7643 top5:0.9000 top10:0.9429 mAP:0.7430
2024-05-18 04:22:47 INFO Epoch 296/10000	Training Loss: 1.6549	Time remaining is 229h:48m
2024-05-18 04:24:06 INFO Epoch 297/10000	Training Loss: 1.6542	Time remaining is 229h:43m
2024-05-18 04:25:26 INFO Epoch 298/10000	Training Loss: 1.6548	Time remaining is 229h:38m
2024-05-18 04:26:45 INFO Epoch 299/10000	Training Loss: 1.6545	Time remaining is 229h:34m
2024-05-18 04:28:04 INFO Epoch 300/10000	Training Loss: 1.6539	Time remaining is 229h:29m
2024-05-18 04:28:46 INFO Testing: dataset_name: cuhk03-np-labeled top1:0.7593 top5:0.8993 top10:0.9407 mAP:0.7430
2024-05-18 04:30:05 INFO Epoch 301/10000	Training Loss: 1.6545	Time remaining is 229h:47m
2024-05-18 04:31:24 INFO Epoch 302/10000	Training Loss: 1.6539	Time remaining is 229h:42m
2024-05-18 04:32:44 INFO Epoch 303/10000	Training Loss: 1.6536	Time remaining is 229h:38m
2024-05-18 04:34:03 INFO Epoch 304/10000	Training Loss: 1.6541	Time remaining is 229h:33m
2024-05-18 04:35:22 INFO Epoch 305/10000	Training Loss: 1.6540	Time remaining is 229h:29m
2024-05-18 04:36:04 INFO Testing: dataset_name: cuhk03-np-labeled top1:0.7714 top5:0.9050 top10:0.9429 mAP:0.7507
2024-05-18 04:37:23 INFO Epoch 306/10000	Training Loss: 1.6544	Time remaining is 229h:46m
2024-05-18 04:38:42 INFO Epoch 307/10000	Training Loss: 1.6536	Time remaining is 229h:41m
2024-05-18 04:40:02 INFO Epoch 308/10000	Training Loss: 1.6532	Time remaining is 229h:37m
2024-05-18 04:41:21 INFO Epoch 309/10000	Training Loss: 1.6545	Time remaining is 229h:32m
2024-05-18 04:42:40 INFO Epoch 310/10000	Training Loss: 1.6534	Time remaining is 229h:28m
2024-05-18 04:43:22 INFO Testing: dataset_name: cuhk03-np-labeled top1:0.7621 top5:0.8993 top10:0.9464 mAP:0.7461
2024-05-18 04:44:41 INFO Epoch 311/10000	Training Loss: 1.6525	Time remaining is 229h:45m
2024-05-18 04:46:00 INFO Epoch 312/10000	Training Loss: 1.6533	Time remaining is 229h:40m
2024-05-18 04:47:19 INFO Epoch 313/10000	Training Loss: 1.6531	Time remaining is 229h:36m
2024-05-18 04:48:39 INFO Epoch 314/10000	Training Loss: 1.6535	Time remaining is 229h:31m
2024-05-18 04:49:58 INFO Epoch 315/10000	Training Loss: 1.6523	Time remaining is 229h:27m
2024-05-18 04:50:39 INFO Testing: dataset_name: cuhk03-np-labeled top1:0.7643 top5:0.9071 top10:0.9464 mAP:0.7456
2024-05-18 04:51:59 INFO Epoch 316/10000	Training Loss: 1.6530	Time remaining is 229h:43m
2024-05-18 04:53:18 INFO Epoch 317/10000	Training Loss: 1.6533	Time remaining is 229h:39m
2024-05-18 04:54:38 INFO Epoch 318/10000	Training Loss: 1.6536	Time remaining is 229h:34m
2024-05-18 04:55:57 INFO Epoch 319/10000	Training Loss: 1.6539	Time remaining is 229h:30m
2024-05-18 04:57:16 INFO Epoch 320/10000	Training Loss: 1.6535	Time remaining is 229h:25m
2024-05-18 04:57:58 INFO Testing: dataset_name: cuhk03-np-labeled top1:0.7629 top5:0.9064 top10:0.9436 mAP:0.7460
2024-05-18 04:59:17 INFO Epoch 321/10000	Training Loss: 1.6528	Time remaining is 229h:42m
2024-05-18 05:00:36 INFO Epoch 322/10000	Training Loss: 1.6524	Time remaining is 229h:37m
2024-05-18 05:01:55 INFO Epoch 323/10000	Training Loss: 1.6524	Time remaining is 229h:33m
2024-05-18 05:03:14 INFO Epoch 324/10000	Training Loss: 1.6530	Time remaining is 229h:28m
2024-05-18 05:04:34 INFO Epoch 325/10000	Training Loss: 1.6528	Time remaining is 229h:24m
2024-05-18 05:05:15 INFO Testing: dataset_name: cuhk03-np-labeled top1:0.7621 top5:0.8979 top10:0.9429 mAP:0.7449
2024-05-18 05:06:34 INFO Epoch 326/10000	Training Loss: 1.6528	Time remaining is 229h:40m
2024-05-18 05:07:54 INFO Epoch 327/10000	Training Loss: 1.6522	Time remaining is 229h:35m
2024-05-18 05:09:13 INFO Epoch 328/10000	Training Loss: 1.6540	Time remaining is 229h:31m
2024-05-18 05:10:32 INFO Epoch 329/10000	Training Loss: 1.6526	Time remaining is 229h:26m
2024-05-18 05:11:51 INFO Epoch 330/10000	Training Loss: 1.6523	Time remaining is 229h:22m
2024-05-18 05:12:33 INFO Testing: dataset_name: cuhk03-np-labeled top1:0.7679 top5:0.9064 top10:0.9414 mAP:0.7485
2024-05-18 05:13:52 INFO Epoch 331/10000	Training Loss: 1.6522	Time remaining is 229h:38m
2024-05-18 05:15:11 INFO Epoch 332/10000	Training Loss: 1.6524	Time remaining is 229h:33m
2024-05-18 05:16:31 INFO Epoch 333/10000	Training Loss: 1.6522	Time remaining is 229h:29m
2024-05-18 05:17:50 INFO Epoch 334/10000	Training Loss: 1.6513	Time remaining is 229h:24m
2024-05-18 05:19:09 INFO Epoch 335/10000	Training Loss: 1.6514	Time remaining is 229h:20m
2024-05-18 05:19:51 INFO Testing: dataset_name: cuhk03-np-labeled top1:0.7686 top5:0.9029 top10:0.9443 mAP:0.7469
2024-05-18 05:21:10 INFO Epoch 336/10000	Training Loss: 1.6514	Time remaining is 229h:36m
2024-05-18 05:22:30 INFO Epoch 337/10000	Training Loss: 1.6520	Time remaining is 229h:31m
2024-05-18 05:23:49 INFO Epoch 338/10000	Training Loss: 1.6520	Time remaining is 229h:27m
2024-05-18 05:25:08 INFO Epoch 339/10000	Training Loss: 1.6523	Time remaining is 229h:22m
2024-05-18 05:26:27 INFO Epoch 340/10000	Training Loss: 1.6510	Time remaining is 229h:18m
2024-05-18 05:27:09 INFO Testing: dataset_name: cuhk03-np-labeled top1:0.7686 top5:0.9043 top10:0.9414 mAP:0.7482
2024-05-18 05:28:28 INFO Epoch 341/10000	Training Loss: 1.6518	Time remaining is 229h:33m
2024-05-18 05:29:47 INFO Epoch 342/10000	Training Loss: 1.6526	Time remaining is 229h:29m
2024-05-18 05:31:07 INFO Epoch 343/10000	Training Loss: 1.6507	Time remaining is 229h:25m
2024-05-18 05:32:26 INFO Epoch 344/10000	Training Loss: 1.6518	Time remaining is 229h:20m
2024-05-18 05:33:45 INFO Epoch 345/10000	Training Loss: 1.6510	Time remaining is 229h:16m
2024-05-18 05:34:27 INFO Testing: dataset_name: cuhk03-np-labeled top1:0.7714 top5:0.9000 top10:0.9443 mAP:0.7482
2024-05-18 05:35:46 INFO Epoch 346/10000	Training Loss: 1.6518	Time remaining is 229h:31m
2024-05-18 05:37:05 INFO Epoch 347/10000	Training Loss: 1.6514	Time remaining is 229h:27m
2024-05-18 05:38:24 INFO Epoch 348/10000	Training Loss: 1.6515	Time remaining is 229h:22m
2024-05-18 05:39:44 INFO Epoch 349/10000	Training Loss: 1.6504	Time remaining is 229h:18m
2024-05-18 05:41:03 INFO Epoch 350/10000	Training Loss: 1.6505	Time remaining is 229h:14m
2024-05-18 05:41:45 INFO Testing: dataset_name: cuhk03-np-labeled top1:0.7700 top5:0.8986 top10:0.9443 mAP:0.7494
2024-05-18 05:43:04 INFO Epoch 351/10000	Training Loss: 1.6513	Time remaining is 229h:29m
2024-05-18 05:44:23 INFO Epoch 352/10000	Training Loss: 1.6506	Time remaining is 229h:24m
2024-05-18 05:45:42 INFO Epoch 353/10000	Training Loss: 1.6516	Time remaining is 229h:20m
2024-05-18 05:47:01 INFO Epoch 354/10000	Training Loss: 1.6512	Time remaining is 229h:16m
2024-05-18 05:48:21 INFO Epoch 355/10000	Training Loss: 1.6501	Time remaining is 229h:11m
2024-05-18 05:49:02 INFO Testing: dataset_name: cuhk03-np-labeled top1:0.7621 top5:0.9043 top10:0.9429 mAP:0.7465
2024-05-18 05:50:22 INFO Epoch 356/10000	Training Loss: 1.6499	Time remaining is 229h:26m
2024-05-18 05:51:41 INFO Epoch 357/10000	Training Loss: 1.6507	Time remaining is 229h:21m
2024-05-18 05:53:00 INFO Epoch 358/10000	Training Loss: 1.6515	Time remaining is 229h:17m
2024-05-18 05:54:19 INFO Epoch 359/10000	Training Loss: 1.6498	Time remaining is 229h:13m
2024-05-18 05:55:38 INFO Epoch 360/10000	Training Loss: 1.6502	Time remaining is 229h:9m
2024-05-18 05:56:20 INFO Testing: dataset_name: cuhk03-np-labeled top1:0.7643 top5:0.9064 top10:0.9471 mAP:0.7484
2024-05-18 05:57:39 INFO Epoch 361/10000	Training Loss: 1.6499	Time remaining is 229h:23m
2024-05-18 05:58:59 INFO Epoch 362/10000	Training Loss: 1.6496	Time remaining is 229h:19m
2024-05-18 06:00:19 INFO Epoch 363/10000	Training Loss: 1.6504	Time remaining is 229h:15m
2024-05-18 06:01:38 INFO Epoch 364/10000	Training Loss: 1.6507	Time remaining is 229h:11m
2024-05-18 06:02:58 INFO Epoch 365/10000	Training Loss: 1.6505	Time remaining is 229h:6m
2024-05-18 06:03:39 INFO Testing: dataset_name: cuhk03-np-labeled top1:0.7707 top5:0.9000 top10:0.9457 mAP:0.7486
2024-05-18 06:04:58 INFO Epoch 366/10000	Training Loss: 1.6493	Time remaining is 229h:21m
2024-05-18 06:06:18 INFO Epoch 367/10000	Training Loss: 1.6508	Time remaining is 229h:16m
2024-05-18 06:07:37 INFO Epoch 368/10000	Training Loss: 1.6499	Time remaining is 229h:12m
2024-05-18 06:08:56 INFO Epoch 369/10000	Training Loss: 1.6504	Time remaining is 229h:8m
2024-05-18 06:10:16 INFO Epoch 370/10000	Training Loss: 1.6492	Time remaining is 229h:4m
2024-05-18 06:10:58 INFO Testing: dataset_name: cuhk03-np-labeled top1:0.7707 top5:0.9014 top10:0.9464 mAP:0.7482
2024-05-18 06:12:17 INFO Epoch 371/10000	Training Loss: 1.6486	Time remaining is 229h:18m
2024-05-18 06:13:36 INFO Epoch 372/10000	Training Loss: 1.6493	Time remaining is 229h:13m
2024-05-18 06:14:55 INFO Epoch 373/10000	Training Loss: 1.6497	Time remaining is 229h:9m
2024-05-18 06:16:14 INFO Epoch 374/10000	Training Loss: 1.6501	Time remaining is 229h:5m
2024-05-18 06:17:34 INFO Epoch 375/10000	Training Loss: 1.6497	Time remaining is 229h:1m
2024-05-18 06:18:15 INFO Testing: dataset_name: cuhk03-np-labeled top1:0.7736 top5:0.9021 top10:0.9450 mAP:0.7510
2024-05-18 06:19:35 INFO Epoch 376/10000	Training Loss: 1.6497	Time remaining is 229h:15m
2024-05-18 06:20:54 INFO Epoch 377/10000	Training Loss: 1.6498	Time remaining is 229h:10m
2024-05-18 06:22:13 INFO Epoch 378/10000	Training Loss: 1.6494	Time remaining is 229h:6m
2024-05-18 06:23:33 INFO Epoch 379/10000	Training Loss: 1.6492	Time remaining is 229h:2m
2024-05-18 06:24:53 INFO Epoch 380/10000	Training Loss: 1.6492	Time remaining is 228h:58m
2024-05-18 06:25:34 INFO Testing: dataset_name: cuhk03-np-labeled top1:0.7679 top5:0.8993 top10:0.9450 mAP:0.7472
2024-05-18 06:26:53 INFO Epoch 381/10000	Training Loss: 1.6490	Time remaining is 229h:12m
2024-05-18 06:28:13 INFO Epoch 382/10000	Training Loss: 1.6484	Time remaining is 229h:7m
2024-05-18 06:29:32 INFO Epoch 383/10000	Training Loss: 1.6484	Time remaining is 229h:3m
2024-05-18 06:30:51 INFO Epoch 384/10000	Training Loss: 1.6493	Time remaining is 228h:59m
2024-05-18 06:32:11 INFO Epoch 385/10000	Training Loss: 1.6495	Time remaining is 228h:55m
2024-05-18 06:32:52 INFO Testing: dataset_name: cuhk03-np-labeled top1:0.7721 top5:0.8993 top10:0.9450 mAP:0.7510
2024-05-18 06:34:12 INFO Epoch 386/10000	Training Loss: 1.6491	Time remaining is 229h:8m
2024-05-18 06:35:31 INFO Epoch 387/10000	Training Loss: 1.6486	Time remaining is 229h:4m
2024-05-18 06:36:50 INFO Epoch 388/10000	Training Loss: 1.6488	Time remaining is 228h:60m
2024-05-18 06:38:09 INFO Epoch 389/10000	Training Loss: 1.6484	Time remaining is 228h:56m
2024-05-18 06:39:29 INFO Epoch 390/10000	Training Loss: 1.6482	Time remaining is 228h:52m
2024-05-18 06:40:10 INFO Testing: dataset_name: cuhk03-np-labeled top1:0.7693 top5:0.8971 top10:0.9436 mAP:0.7503
2024-05-18 06:41:30 INFO Epoch 391/10000	Training Loss: 1.6490	Time remaining is 229h:5m
2024-05-18 06:42:49 INFO Epoch 392/10000	Training Loss: 1.6486	Time remaining is 229h:1m
2024-05-18 06:44:08 INFO Epoch 393/10000	Training Loss: 1.6490	Time remaining is 228h:57m
2024-05-18 06:45:27 INFO Epoch 394/10000	Training Loss: 1.6484	Time remaining is 228h:52m
2024-05-18 06:46:46 INFO Epoch 395/10000	Training Loss: 1.6487	Time remaining is 228h:48m
2024-05-18 06:47:28 INFO Testing: dataset_name: cuhk03-np-labeled top1:0.7750 top5:0.9000 top10:0.9400 mAP:0.7501
2024-05-18 06:48:47 INFO Epoch 396/10000	Training Loss: 1.6480	Time remaining is 229h:1m
2024-05-18 06:50:07 INFO Epoch 397/10000	Training Loss: 1.6489	Time remaining is 228h:57m
2024-05-18 06:51:26 INFO Epoch 398/10000	Training Loss: 1.6484	Time remaining is 228h:53m
2024-05-18 06:52:45 INFO Epoch 399/10000	Training Loss: 1.6476	Time remaining is 228h:49m
2024-05-18 06:54:05 INFO Epoch 400/10000	Training Loss: 1.6474	Time remaining is 228h:45m
2024-05-18 06:54:46 INFO Testing: dataset_name: cuhk03-np-labeled top1:0.7750 top5:0.9014 top10:0.9464 mAP:0.7533
2024-05-18 06:56:06 INFO Epoch 401/10000	Training Loss: 1.6473	Time remaining is 228h:58m
2024-05-18 06:57:25 INFO Epoch 402/10000	Training Loss: 1.6475	Time remaining is 228h:54m
2024-05-18 06:58:44 INFO Epoch 403/10000	Training Loss: 1.6474	Time remaining is 228h:50m
2024-05-18 07:00:03 INFO Epoch 404/10000	Training Loss: 1.6484	Time remaining is 228h:45m
2024-05-18 07:01:22 INFO Epoch 405/10000	Training Loss: 1.6479	Time remaining is 228h:41m
2024-05-18 07:02:04 INFO Testing: dataset_name: cuhk03-np-labeled top1:0.7779 top5:0.9071 top10:0.9429 mAP:0.7567
2024-05-18 07:03:24 INFO Epoch 406/10000	Training Loss: 1.6475	Time remaining is 228h:54m
2024-05-18 07:04:43 INFO Epoch 407/10000	Training Loss: 1.6476	Time remaining is 228h:50m
2024-05-18 07:06:02 INFO Epoch 408/10000	Training Loss: 1.6477	Time remaining is 228h:46m
2024-05-18 07:07:22 INFO Epoch 409/10000	Training Loss: 1.6481	Time remaining is 228h:42m
2024-05-18 07:08:41 INFO Epoch 410/10000	Training Loss: 1.6473	Time remaining is 228h:38m
2024-05-18 07:09:22 INFO Testing: dataset_name: cuhk03-np-labeled top1:0.7779 top5:0.9014 top10:0.9464 mAP:0.7551
2024-05-18 07:10:42 INFO Epoch 411/10000	Training Loss: 1.6473	Time remaining is 228h:50m
2024-05-18 07:12:01 INFO Epoch 412/10000	Training Loss: 1.6471	Time remaining is 228h:46m
2024-05-18 07:13:20 INFO Epoch 413/10000	Training Loss: 1.6471	Time remaining is 228h:42m
2024-05-18 07:14:40 INFO Epoch 414/10000	Training Loss: 1.6476	Time remaining is 228h:38m
2024-05-18 07:15:59 INFO Epoch 415/10000	Training Loss: 1.6466	Time remaining is 228h:34m
2024-05-18 07:16:41 INFO Testing: dataset_name: cuhk03-np-labeled top1:0.7729 top5:0.9014 top10:0.9429 mAP:0.7551
2024-05-18 07:18:00 INFO Epoch 416/10000	Training Loss: 1.6475	Time remaining is 228h:46m
2024-05-18 07:19:19 INFO Epoch 417/10000	Training Loss: 1.6470	Time remaining is 228h:42m
2024-05-18 07:20:38 INFO Epoch 418/10000	Training Loss: 1.6466	Time remaining is 228h:38m
2024-05-18 07:21:58 INFO Epoch 419/10000	Training Loss: 1.6470	Time remaining is 228h:34m
2024-05-18 07:23:17 INFO Epoch 420/10000	Training Loss: 1.6471	Time remaining is 228h:30m
2024-05-18 07:23:58 INFO Testing: dataset_name: cuhk03-np-labeled top1:0.7793 top5:0.9064 top10:0.9457 mAP:0.7555
2024-05-18 07:25:18 INFO Epoch 421/10000	Training Loss: 1.6471	Time remaining is 228h:42m
2024-05-18 07:26:37 INFO Epoch 422/10000	Training Loss: 1.6464	Time remaining is 228h:38m
2024-05-18 07:27:56 INFO Epoch 423/10000	Training Loss: 1.6467	Time remaining is 228h:34m
2024-05-18 07:29:15 INFO Epoch 424/10000	Training Loss: 1.6471	Time remaining is 228h:30m
2024-05-18 07:30:34 INFO Epoch 425/10000	Training Loss: 1.6466	Time remaining is 228h:26m
2024-05-18 07:31:16 INFO Testing: dataset_name: cuhk03-np-labeled top1:0.7771 top5:0.9029 top10:0.9450 mAP:0.7555
2024-05-18 07:32:36 INFO Epoch 426/10000	Training Loss: 1.6468	Time remaining is 228h:38m
2024-05-18 07:33:55 INFO Epoch 427/10000	Training Loss: 1.6472	Time remaining is 228h:34m
2024-05-18 07:35:14 INFO Epoch 428/10000	Training Loss: 1.6469	Time remaining is 228h:30m
2024-05-18 07:36:33 INFO Epoch 429/10000	Training Loss: 1.6463	Time remaining is 228h:26m
2024-05-18 07:37:52 INFO Epoch 430/10000	Training Loss: 1.6466	Time remaining is 228h:22m
2024-05-18 07:38:34 INFO Testing: dataset_name: cuhk03-np-labeled top1:0.7779 top5:0.9050 top10:0.9471 mAP:0.7575
2024-05-18 07:39:53 INFO Epoch 431/10000	Training Loss: 1.6463	Time remaining is 228h:34m
2024-05-18 07:41:12 INFO Epoch 432/10000	Training Loss: 1.6461	Time remaining is 228h:30m
2024-05-18 07:42:31 INFO Epoch 433/10000	Training Loss: 1.6469	Time remaining is 228h:26m
2024-05-18 07:43:51 INFO Epoch 434/10000	Training Loss: 1.6470	Time remaining is 228h:22m
2024-05-18 07:45:10 INFO Epoch 435/10000	Training Loss: 1.6466	Time remaining is 228h:18m
2024-05-18 07:45:52 INFO Testing: dataset_name: cuhk03-np-labeled top1:0.7693 top5:0.9036 top10:0.9450 mAP:0.7538
2024-05-18 07:47:11 INFO Epoch 436/10000	Training Loss: 1.6463	Time remaining is 228h:30m
2024-05-18 07:48:30 INFO Epoch 437/10000	Training Loss: 1.6460	Time remaining is 228h:26m
2024-05-18 07:49:50 INFO Epoch 438/10000	Training Loss: 1.6465	Time remaining is 228h:22m
2024-05-18 07:51:09 INFO Epoch 439/10000	Training Loss: 1.6473	Time remaining is 228h:18m
2024-05-18 07:52:28 INFO Epoch 440/10000	Training Loss: 1.6460	Time remaining is 228h:14m
2024-05-18 07:53:10 INFO Testing: dataset_name: cuhk03-np-labeled top1:0.7807 top5:0.8993 top10:0.9479 mAP:0.7569
2024-05-18 07:54:29 INFO Epoch 441/10000	Training Loss: 1.6468	Time remaining is 228h:25m
2024-05-18 07:55:48 INFO Epoch 442/10000	Training Loss: 1.6458	Time remaining is 228h:21m
2024-05-18 07:57:07 INFO Epoch 443/10000	Training Loss: 1.6463	Time remaining is 228h:17m
2024-05-18 07:58:27 INFO Epoch 444/10000	Training Loss: 1.6458	Time remaining is 228h:14m
2024-05-18 07:59:46 INFO Epoch 445/10000	Training Loss: 1.6455	Time remaining is 228h:10m
2024-05-18 08:00:28 INFO Testing: dataset_name: cuhk03-np-labeled top1:0.7786 top5:0.9000 top10:0.9457 mAP:0.7553
2024-05-18 08:01:47 INFO Epoch 446/10000	Training Loss: 1.6453	Time remaining is 228h:21m
2024-05-18 08:03:06 INFO Epoch 447/10000	Training Loss: 1.6461	Time remaining is 228h:17m
2024-05-18 08:04:25 INFO Epoch 448/10000	Training Loss: 1.6457	Time remaining is 228h:13m
2024-05-18 08:05:45 INFO Epoch 449/10000	Training Loss: 1.6454	Time remaining is 228h:9m
2024-05-18 08:07:04 INFO Epoch 450/10000	Training Loss: 1.6455	Time remaining is 228h:6m
2024-05-18 08:07:46 INFO Testing: dataset_name: cuhk03-np-labeled top1:0.7850 top5:0.9036 top10:0.9493 mAP:0.7576
2024-05-18 08:09:05 INFO Epoch 451/10000	Training Loss: 1.6459	Time remaining is 228h:17m
2024-05-18 08:10:24 INFO Epoch 452/10000	Training Loss: 1.6457	Time remaining is 228h:13m
2024-05-18 08:11:43 INFO Epoch 453/10000	Training Loss: 1.6461	Time remaining is 228h:9m
2024-05-18 08:13:03 INFO Epoch 454/10000	Training Loss: 1.6460	Time remaining is 228h:5m
2024-05-18 08:14:22 INFO Epoch 455/10000	Training Loss: 1.6446	Time remaining is 228h:1m
2024-05-18 08:15:03 INFO Testing: dataset_name: cuhk03-np-labeled top1:0.7829 top5:0.9014 top10:0.9436 mAP:0.7536
2024-05-18 08:16:23 INFO Epoch 456/10000	Training Loss: 1.6449	Time remaining is 228h:12m
2024-05-18 08:17:42 INFO Epoch 457/10000	Training Loss: 1.6448	Time remaining is 228h:8m
2024-05-18 08:19:02 INFO Epoch 458/10000	Training Loss: 1.6445	Time remaining is 228h:5m
2024-05-18 08:20:21 INFO Epoch 459/10000	Training Loss: 1.6448	Time remaining is 228h:1m
2024-05-18 08:21:41 INFO Epoch 460/10000	Training Loss: 1.6451	Time remaining is 227h:57m
2024-05-18 08:22:22 INFO Testing: dataset_name: cuhk03-np-labeled top1:0.7836 top5:0.9000 top10:0.9479 mAP:0.7567
2024-05-18 08:23:42 INFO Epoch 461/10000	Training Loss: 1.6447	Time remaining is 228h:8m
2024-05-18 08:25:01 INFO Epoch 462/10000	Training Loss: 1.6446	Time remaining is 228h:4m
2024-05-18 08:26:20 INFO Epoch 463/10000	Training Loss: 1.6454	Time remaining is 228h:0m
2024-05-18 08:27:39 INFO Epoch 464/10000	Training Loss: 1.6442	Time remaining is 227h:56m
2024-05-18 08:28:59 INFO Epoch 465/10000	Training Loss: 1.6443	Time remaining is 227h:53m
2024-05-18 08:29:40 INFO Testing: dataset_name: cuhk03-np-labeled top1:0.7800 top5:0.9000 top10:0.9414 mAP:0.7557
2024-05-18 08:31:00 INFO Epoch 466/10000	Training Loss: 1.6446	Time remaining is 228h:3m
2024-05-18 08:32:19 INFO Epoch 467/10000	Training Loss: 1.6445	Time remaining is 227h:59m
2024-05-18 08:33:38 INFO Epoch 468/10000	Training Loss: 1.6454	Time remaining is 227h:56m
2024-05-18 08:34:57 INFO Epoch 469/10000	Training Loss: 1.6442	Time remaining is 227h:52m
2024-05-18 08:36:17 INFO Epoch 470/10000	Training Loss: 1.6443	Time remaining is 227h:48m
2024-05-18 08:36:59 INFO Testing: dataset_name: cuhk03-np-labeled top1:0.7814 top5:0.9057 top10:0.9457 mAP:0.7577
2024-05-18 08:38:18 INFO Epoch 471/10000	Training Loss: 1.6442	Time remaining is 227h:59m
2024-05-18 08:39:37 INFO Epoch 472/10000	Training Loss: 1.6447	Time remaining is 227h:55m
2024-05-18 08:40:57 INFO Epoch 473/10000	Training Loss: 1.6441	Time remaining is 227h:51m
2024-05-18 08:42:16 INFO Epoch 474/10000	Training Loss: 1.6445	Time remaining is 227h:47m
2024-05-18 08:43:35 INFO Epoch 475/10000	Training Loss: 1.6441	Time remaining is 227h:44m
2024-05-18 08:44:17 INFO Testing: dataset_name: cuhk03-np-labeled top1:0.7843 top5:0.9029 top10:0.9493 mAP:0.7577
2024-05-18 08:45:36 INFO Epoch 476/10000	Training Loss: 1.6442	Time remaining is 227h:54m
2024-05-18 08:46:55 INFO Epoch 477/10000	Training Loss: 1.6443	Time remaining is 227h:50m
2024-05-18 08:48:14 INFO Epoch 478/10000	Training Loss: 1.6449	Time remaining is 227h:46m
2024-05-18 08:49:34 INFO Epoch 479/10000	Training Loss: 1.6441	Time remaining is 227h:43m
2024-05-18 08:50:53 INFO Epoch 480/10000	Training Loss: 1.6449	Time remaining is 227h:39m
2024-05-18 08:51:35 INFO Testing: dataset_name: cuhk03-np-labeled top1:0.7864 top5:0.9029 top10:0.9421 mAP:0.7588
2024-05-18 08:52:54 INFO Epoch 481/10000	Training Loss: 1.6443	Time remaining is 227h:49m
2024-05-18 08:54:13 INFO Epoch 482/10000	Training Loss: 1.6436	Time remaining is 227h:46m
2024-05-18 08:55:33 INFO Epoch 483/10000	Training Loss: 1.6436	Time remaining is 227h:42m
2024-05-18 08:56:52 INFO Epoch 484/10000	Training Loss: 1.6441	Time remaining is 227h:38m
2024-05-18 08:58:11 INFO Epoch 485/10000	Training Loss: 1.6438	Time remaining is 227h:35m
2024-05-18 08:58:53 INFO Testing: dataset_name: cuhk03-np-labeled top1:0.7829 top5:0.9064 top10:0.9464 mAP:0.7591
2024-05-18 09:00:12 INFO Epoch 486/10000	Training Loss: 1.6445	Time remaining is 227h:45m
2024-05-18 09:01:32 INFO Epoch 487/10000	Training Loss: 1.6435	Time remaining is 227h:41m
2024-05-18 09:02:51 INFO Epoch 488/10000	Training Loss: 1.6439	Time remaining is 227h:37m
2024-05-18 09:04:10 INFO Epoch 489/10000	Training Loss: 1.6433	Time remaining is 227h:33m
2024-05-18 09:05:29 INFO Epoch 490/10000	Training Loss: 1.6435	Time remaining is 227h:30m
2024-05-18 09:06:11 INFO Testing: dataset_name: cuhk03-np-labeled top1:0.7807 top5:0.9079 top10:0.9493 mAP:0.7578
2024-05-18 09:07:30 INFO Epoch 491/10000	Training Loss: 1.6445	Time remaining is 227h:40m
2024-05-18 09:08:50 INFO Epoch 492/10000	Training Loss: 1.6434	Time remaining is 227h:36m
2024-05-18 09:10:09 INFO Epoch 493/10000	Training Loss: 1.6440	Time remaining is 227h:32m
2024-05-18 09:11:28 INFO Epoch 494/10000	Training Loss: 1.6436	Time remaining is 227h:29m
2024-05-18 09:12:48 INFO Epoch 495/10000	Training Loss: 1.6431	Time remaining is 227h:25m
2024-05-18 09:13:29 INFO Testing: dataset_name: cuhk03-np-labeled top1:0.7793 top5:0.9050 top10:0.9464 mAP:0.7583
2024-05-18 09:14:48 INFO Epoch 496/10000	Training Loss: 1.6432	Time remaining is 227h:35m
2024-05-18 09:16:08 INFO Epoch 497/10000	Training Loss: 1.6445	Time remaining is 227h:31m
2024-05-18 09:17:27 INFO Epoch 498/10000	Training Loss: 1.6435	Time remaining is 227h:27m
2024-05-18 09:18:46 INFO Epoch 499/10000	Training Loss: 1.6426	Time remaining is 227h:24m
2024-05-18 09:20:06 INFO Epoch 500/10000	Training Loss: 1.6430	Time remaining is 227h:20m
2024-05-18 09:20:47 INFO Testing: dataset_name: cuhk03-np-labeled top1:0.7843 top5:0.9021 top10:0.9407 mAP:0.7563
2024-05-18 09:22:06 INFO Epoch 501/10000	Training Loss: 1.6443	Time remaining is 227h:30m
2024-05-18 09:23:26 INFO Epoch 502/10000	Training Loss: 1.6437	Time remaining is 227h:26m
2024-05-18 09:24:45 INFO Epoch 503/10000	Training Loss: 1.6423	Time remaining is 227h:22m
2024-05-18 09:26:04 INFO Epoch 504/10000	Training Loss: 1.6438	Time remaining is 227h:19m
2024-05-18 09:27:23 INFO Epoch 505/10000	Training Loss: 1.6435	Time remaining is 227h:15m
2024-05-18 09:28:05 INFO Testing: dataset_name: cuhk03-np-labeled top1:0.7843 top5:0.9043 top10:0.9500 mAP:0.7603
2024-05-18 09:29:24 INFO Epoch 506/10000	Training Loss: 1.6429	Time remaining is 227h:25m
2024-05-18 09:30:44 INFO Epoch 507/10000	Training Loss: 1.6430	Time remaining is 227h:21m
2024-05-18 09:32:03 INFO Epoch 508/10000	Training Loss: 1.6431	Time remaining is 227h:18m
2024-05-18 09:33:22 INFO Epoch 509/10000	Training Loss: 1.6433	Time remaining is 227h:14m
2024-05-18 09:34:42 INFO Epoch 510/10000	Training Loss: 1.6436	Time remaining is 227h:10m
2024-05-18 09:35:23 INFO Testing: dataset_name: cuhk03-np-labeled top1:0.7879 top5:0.9050 top10:0.9486 mAP:0.7593
2024-05-18 09:36:43 INFO Epoch 511/10000	Training Loss: 1.6430	Time remaining is 227h:20m
2024-05-18 09:38:02 INFO Epoch 512/10000	Training Loss: 1.6434	Time remaining is 227h:16m
2024-05-18 09:39:21 INFO Epoch 513/10000	Training Loss: 1.6428	Time remaining is 227h:13m
2024-05-18 09:40:40 INFO Epoch 514/10000	Training Loss: 1.6432	Time remaining is 227h:9m
2024-05-18 09:42:00 INFO Epoch 515/10000	Training Loss: 1.6427	Time remaining is 227h:5m
2024-05-18 09:42:41 INFO Testing: dataset_name: cuhk03-np-labeled top1:0.7786 top5:0.9021 top10:0.9464 mAP:0.7553
2024-05-18 09:44:01 INFO Epoch 516/10000	Training Loss: 1.6437	Time remaining is 227h:15m
2024-05-18 09:45:20 INFO Epoch 517/10000	Training Loss: 1.6427	Time remaining is 227h:11m
2024-05-18 09:46:39 INFO Epoch 518/10000	Training Loss: 1.6437	Time remaining is 227h:8m
2024-05-18 09:47:58 INFO Epoch 519/10000	Training Loss: 1.6427	Time remaining is 227h:4m
2024-05-18 09:49:17 INFO Epoch 520/10000	Training Loss: 1.6423	Time remaining is 227h:0m
2024-05-18 09:49:59 INFO Testing: dataset_name: cuhk03-np-labeled top1:0.7786 top5:0.9007 top10:0.9450 mAP:0.7579
2024-05-18 09:51:19 INFO Epoch 521/10000	Training Loss: 1.6426	Time remaining is 227h:9m
2024-05-18 09:52:38 INFO Epoch 522/10000	Training Loss: 1.6423	Time remaining is 227h:6m
2024-05-18 09:53:57 INFO Epoch 523/10000	Training Loss: 1.6426	Time remaining is 227h:2m
2024-05-18 09:55:16 INFO Epoch 524/10000	Training Loss: 1.6421	Time remaining is 226h:59m
2024-05-18 09:56:36 INFO Epoch 525/10000	Training Loss: 1.6423	Time remaining is 226h:55m
2024-05-18 09:57:17 INFO Testing: dataset_name: cuhk03-np-labeled top1:0.7857 top5:0.9007 top10:0.9436 mAP:0.7588
2024-05-18 09:58:37 INFO Epoch 526/10000	Training Loss: 1.6427	Time remaining is 227h:4m
2024-05-18 09:59:56 INFO Epoch 527/10000	Training Loss: 1.6419	Time remaining is 227h:1m
2024-05-18 10:01:15 INFO Epoch 528/10000	Training Loss: 1.6425	Time remaining is 226h:57m
2024-05-18 10:02:34 INFO Epoch 529/10000	Training Loss: 1.6423	Time remaining is 226h:54m
2024-05-18 10:03:54 INFO Epoch 530/10000	Training Loss: 1.6420	Time remaining is 226h:50m
2024-05-18 10:04:35 INFO Testing: dataset_name: cuhk03-np-labeled top1:0.7850 top5:0.8993 top10:0.9400 mAP:0.7583
2024-05-18 10:05:55 INFO Epoch 531/10000	Training Loss: 1.6417	Time remaining is 226h:59m
2024-05-18 10:07:14 INFO Epoch 532/10000	Training Loss: 1.6427	Time remaining is 226h:56m
2024-05-18 10:08:33 INFO Epoch 533/10000	Training Loss: 1.6423	Time remaining is 226h:52m
2024-05-18 10:09:52 INFO Epoch 534/10000	Training Loss: 1.6419	Time remaining is 226h:49m
2024-05-18 10:11:12 INFO Epoch 535/10000	Training Loss: 1.6413	Time remaining is 226h:45m
2024-05-18 10:11:53 INFO Testing: dataset_name: cuhk03-np-labeled top1:0.7864 top5:0.9064 top10:0.9471 mAP:0.7583
2024-05-18 10:13:13 INFO Epoch 536/10000	Training Loss: 1.6418	Time remaining is 226h:54m
2024-05-18 10:14:32 INFO Epoch 537/10000	Training Loss: 1.6422	Time remaining is 226h:50m
2024-05-18 10:15:51 INFO Epoch 538/10000	Training Loss: 1.6420	Time remaining is 226h:47m
2024-05-18 10:17:10 INFO Epoch 539/10000	Training Loss: 1.6416	Time remaining is 226h:43m
2024-05-18 10:18:30 INFO Epoch 540/10000	Training Loss: 1.6420	Time remaining is 226h:40m
2024-05-18 10:19:11 INFO Testing: dataset_name: cuhk03-np-labeled top1:0.7864 top5:0.9021 top10:0.9450 mAP:0.7580
2024-05-18 10:20:30 INFO Epoch 541/10000	Training Loss: 1.6415	Time remaining is 226h:49m
2024-05-18 10:21:50 INFO Epoch 542/10000	Training Loss: 1.6414	Time remaining is 226h:45m
2024-05-18 10:23:09 INFO Epoch 543/10000	Training Loss: 1.6416	Time remaining is 226h:42m
2024-05-18 10:24:28 INFO Epoch 544/10000	Training Loss: 1.6419	Time remaining is 226h:38m
2024-05-18 10:25:48 INFO Epoch 545/10000	Training Loss: 1.6412	Time remaining is 226h:35m
2024-05-18 10:26:29 INFO Testing: dataset_name: cuhk03-np-labeled top1:0.7893 top5:0.9079 top10:0.9436 mAP:0.7616
2024-05-18 10:27:49 INFO Epoch 546/10000	Training Loss: 1.6416	Time remaining is 226h:43m
2024-05-18 10:29:08 INFO Epoch 547/10000	Training Loss: 1.6414	Time remaining is 226h:40m
2024-05-18 10:30:27 INFO Epoch 548/10000	Training Loss: 1.6419	Time remaining is 226h:36m
2024-05-18 10:31:46 INFO Epoch 549/10000	Training Loss: 1.6411	Time remaining is 226h:33m
2024-05-18 10:33:05 INFO Epoch 550/10000	Training Loss: 1.6412	Time remaining is 226h:29m
2024-05-18 10:33:47 INFO Testing: dataset_name: cuhk03-np-labeled top1:0.7850 top5:0.9086 top10:0.9421 mAP:0.7564
2024-05-18 10:35:06 INFO Epoch 551/10000	Training Loss: 1.6416	Time remaining is 226h:38m
2024-05-18 10:36:25 INFO Epoch 552/10000	Training Loss: 1.6413	Time remaining is 226h:34m
2024-05-18 10:37:45 INFO Epoch 553/10000	Training Loss: 1.6408	Time remaining is 226h:31m
2024-05-18 10:39:04 INFO Epoch 554/10000	Training Loss: 1.6415	Time remaining is 226h:27m
2024-05-18 10:40:23 INFO Epoch 555/10000	Training Loss: 1.6414	Time remaining is 226h:24m
2024-05-18 10:41:05 INFO Testing: dataset_name: cuhk03-np-labeled top1:0.7879 top5:0.9050 top10:0.9479 mAP:0.7596
2024-05-18 10:42:24 INFO Epoch 556/10000	Training Loss: 1.6416	Time remaining is 226h:32m
2024-05-18 10:43:43 INFO Epoch 557/10000	Training Loss: 1.6413	Time remaining is 226h:29m
2024-05-18 10:45:03 INFO Epoch 558/10000	Training Loss: 1.6401	Time remaining is 226h:25m
2024-05-18 10:46:22 INFO Epoch 559/10000	Training Loss: 1.6406	Time remaining is 226h:22m
2024-05-18 10:47:41 INFO Epoch 560/10000	Training Loss: 1.6405	Time remaining is 226h:19m
2024-05-18 10:48:23 INFO Testing: dataset_name: cuhk03-np-labeled top1:0.7836 top5:0.9100 top10:0.9464 mAP:0.7567
2024-05-18 10:49:42 INFO Epoch 561/10000	Training Loss: 1.6415	Time remaining is 226h:27m
2024-05-18 10:51:01 INFO Epoch 562/10000	Training Loss: 1.6411	Time remaining is 226h:23m
2024-05-18 10:52:20 INFO Epoch 563/10000	Training Loss: 1.6408	Time remaining is 226h:20m
2024-05-18 10:53:40 INFO Epoch 564/10000	Training Loss: 1.6410	Time remaining is 226h:17m
2024-05-18 10:54:59 INFO Epoch 565/10000	Training Loss: 1.6409	Time remaining is 226h:13m
2024-05-18 10:55:40 INFO Testing: dataset_name: cuhk03-np-labeled top1:0.7836 top5:0.9050 top10:0.9414 mAP:0.7581
2024-05-18 10:57:00 INFO Epoch 566/10000	Training Loss: 1.6412	Time remaining is 226h:21m
2024-05-18 10:58:19 INFO Epoch 567/10000	Training Loss: 1.6407	Time remaining is 226h:18m
2024-05-18 10:59:38 INFO Epoch 568/10000	Training Loss: 1.6409	Time remaining is 226h:14m
2024-05-18 11:00:58 INFO Epoch 569/10000	Training Loss: 1.6407	Time remaining is 226h:11m
2024-05-18 11:02:17 INFO Epoch 570/10000	Training Loss: 1.6411	Time remaining is 226h:8m
2024-05-18 11:02:58 INFO Testing: dataset_name: cuhk03-np-labeled top1:0.7907 top5:0.9029 top10:0.9443 mAP:0.7568
2024-05-18 11:04:18 INFO Epoch 571/10000	Training Loss: 1.6414	Time remaining is 226h:16m
2024-05-18 11:05:37 INFO Epoch 572/10000	Training Loss: 1.6411	Time remaining is 226h:12m
2024-05-18 11:06:56 INFO Epoch 573/10000	Training Loss: 1.6405	Time remaining is 226h:9m
2024-05-18 11:08:15 INFO Epoch 574/10000	Training Loss: 1.6400	Time remaining is 226h:6m
2024-05-18 11:09:34 INFO Epoch 575/10000	Training Loss: 1.6407	Time remaining is 226h:2m
2024-05-18 11:10:16 INFO Testing: dataset_name: cuhk03-np-labeled top1:0.7871 top5:0.9014 top10:0.9421 mAP:0.7566
2024-05-18 11:11:35 INFO Epoch 576/10000	Training Loss: 1.6410	Time remaining is 226h:10m
2024-05-18 11:12:54 INFO Epoch 577/10000	Training Loss: 1.6408	Time remaining is 226h:7m
2024-05-18 11:14:14 INFO Epoch 578/10000	Training Loss: 1.6397	Time remaining is 226h:3m
2024-05-18 11:15:33 INFO Epoch 579/10000	Training Loss: 1.6406	Time remaining is 225h:60m
2024-05-18 11:16:52 INFO Epoch 580/10000	Training Loss: 1.6402	Time remaining is 225h:57m
2024-05-18 11:17:34 INFO Testing: dataset_name: cuhk03-np-labeled top1:0.7850 top5:0.9021 top10:0.9479 mAP:0.7564
2024-05-18 11:18:53 INFO Epoch 581/10000	Training Loss: 1.6402	Time remaining is 226h:4m
2024-05-18 11:20:12 INFO Epoch 582/10000	Training Loss: 1.6391	Time remaining is 226h:1m
2024-05-18 11:21:31 INFO Epoch 583/10000	Training Loss: 1.6399	Time remaining is 225h:58m
2024-05-18 11:22:50 INFO Epoch 584/10000	Training Loss: 1.6404	Time remaining is 225h:54m
2024-05-18 11:24:10 INFO Epoch 585/10000	Training Loss: 1.6395	Time remaining is 225h:51m
2024-05-18 11:24:51 INFO Testing: dataset_name: cuhk03-np-labeled top1:0.7879 top5:0.8979 top10:0.9457 mAP:0.7602
2024-05-18 11:26:11 INFO Epoch 586/10000	Training Loss: 1.6399	Time remaining is 225h:59m
2024-05-18 11:27:30 INFO Epoch 587/10000	Training Loss: 1.6402	Time remaining is 225h:55m
2024-05-18 11:28:49 INFO Epoch 588/10000	Training Loss: 1.6404	Time remaining is 225h:52m
2024-05-18 11:30:08 INFO Epoch 589/10000	Training Loss: 1.6404	Time remaining is 225h:49m
2024-05-18 11:31:27 INFO Epoch 590/10000	Training Loss: 1.6395	Time remaining is 225h:45m
2024-05-18 11:32:09 INFO Testing: dataset_name: cuhk03-np-labeled top1:0.7800 top5:0.9021 top10:0.9471 mAP:0.7564
2024-05-18 11:33:29 INFO Epoch 591/10000	Training Loss: 1.6394	Time remaining is 225h:53m
2024-05-18 11:34:48 INFO Epoch 592/10000	Training Loss: 1.6405	Time remaining is 225h:50m
2024-05-18 11:36:07 INFO Epoch 593/10000	Training Loss: 1.6401	Time remaining is 225h:47m
2024-05-18 11:37:26 INFO Epoch 594/10000	Training Loss: 1.6400	Time remaining is 225h:43m
2024-05-18 11:38:45 INFO Epoch 595/10000	Training Loss: 1.6403	Time remaining is 225h:40m
2024-05-18 11:39:27 INFO Testing: dataset_name: cuhk03-np-labeled top1:0.7971 top5:0.9043 top10:0.9471 mAP:0.7636
2024-05-18 11:40:47 INFO Epoch 596/10000	Training Loss: 1.6395	Time remaining is 225h:48m
2024-05-18 11:42:06 INFO Epoch 597/10000	Training Loss: 1.6410	Time remaining is 225h:44m
2024-05-18 11:43:25 INFO Epoch 598/10000	Training Loss: 1.6400	Time remaining is 225h:41m
2024-05-18 11:44:44 INFO Epoch 599/10000	Training Loss: 1.6400	Time remaining is 225h:38m
2024-05-18 11:46:04 INFO Epoch 600/10000	Training Loss: 1.6404	Time remaining is 225h:34m
2024-05-18 11:46:45 INFO Testing: dataset_name: cuhk03-np-labeled top1:0.7850 top5:0.9043 top10:0.9443 mAP:0.7575
2024-05-18 11:48:05 INFO Epoch 601/10000	Training Loss: 1.6400	Time remaining is 225h:42m
2024-05-18 11:49:24 INFO Epoch 602/10000	Training Loss: 1.6395	Time remaining is 225h:39m
2024-05-18 11:50:43 INFO Epoch 603/10000	Training Loss: 1.6392	Time remaining is 225h:35m
2024-05-18 11:52:03 INFO Epoch 604/10000	Training Loss: 1.6393	Time remaining is 225h:32m
2024-05-18 11:53:22 INFO Epoch 605/10000	Training Loss: 1.6391	Time remaining is 225h:29m
2024-05-18 11:54:03 INFO Testing: dataset_name: cuhk03-np-labeled top1:0.7843 top5:0.9029 top10:0.9450 mAP:0.7566
2024-05-18 11:55:23 INFO Epoch 606/10000	Training Loss: 1.6388	Time remaining is 225h:36m
2024-05-18 11:56:42 INFO Epoch 607/10000	Training Loss: 1.6396	Time remaining is 225h:33m
2024-05-18 11:58:02 INFO Epoch 608/10000	Training Loss: 1.6390	Time remaining is 225h:30m
2024-05-18 11:59:21 INFO Epoch 609/10000	Training Loss: 1.6392	Time remaining is 225h:26m
2024-05-18 12:00:40 INFO Epoch 610/10000	Training Loss: 1.6389	Time remaining is 225h:23m
2024-05-18 12:01:22 INFO Testing: dataset_name: cuhk03-np-labeled top1:0.7871 top5:0.9057 top10:0.9429 mAP:0.7580
2024-05-18 12:02:41 INFO Epoch 611/10000	Training Loss: 1.6394	Time remaining is 225h:31m
2024-05-18 12:04:00 INFO Epoch 612/10000	Training Loss: 1.6389	Time remaining is 225h:27m
2024-05-18 12:05:19 INFO Epoch 613/10000	Training Loss: 1.6392	Time remaining is 225h:24m
2024-05-18 12:06:39 INFO Epoch 614/10000	Training Loss: 1.6389	Time remaining is 225h:21m
2024-05-18 12:07:58 INFO Epoch 615/10000	Training Loss: 1.6394	Time remaining is 225h:17m
2024-05-18 12:08:40 INFO Testing: dataset_name: cuhk03-np-labeled top1:0.7857 top5:0.8986 top10:0.9493 mAP:0.7614
2024-05-18 12:09:59 INFO Epoch 616/10000	Training Loss: 1.6391	Time remaining is 225h:25m
2024-05-18 12:11:18 INFO Epoch 617/10000	Training Loss: 1.6394	Time remaining is 225h:21m
2024-05-18 12:12:37 INFO Epoch 618/10000	Training Loss: 1.6386	Time remaining is 225h:18m
2024-05-18 12:13:57 INFO Epoch 619/10000	Training Loss: 1.6390	Time remaining is 225h:15m
2024-05-18 12:15:16 INFO Epoch 620/10000	Training Loss: 1.6392	Time remaining is 225h:12m
2024-05-18 12:15:58 INFO Testing: dataset_name: cuhk03-np-labeled top1:0.7871 top5:0.9050 top10:0.9450 mAP:0.7596
2024-05-18 12:17:17 INFO Epoch 621/10000	Training Loss: 1.6389	Time remaining is 225h:19m
2024-05-18 12:18:36 INFO Epoch 622/10000	Training Loss: 1.6394	Time remaining is 225h:16m
2024-05-18 12:19:56 INFO Epoch 623/10000	Training Loss: 1.6388	Time remaining is 225h:13m
2024-05-18 12:21:15 INFO Epoch 624/10000	Training Loss: 1.6386	Time remaining is 225h:9m
2024-05-18 12:22:34 INFO Epoch 625/10000	Training Loss: 1.6389	Time remaining is 225h:6m
2024-05-18 12:23:15 INFO Testing: dataset_name: cuhk03-np-labeled top1:0.7821 top5:0.9050 top10:0.9464 mAP:0.7553
2024-05-18 12:24:35 INFO Epoch 626/10000	Training Loss: 1.6395	Time remaining is 225h:13m
2024-05-18 12:25:54 INFO Epoch 627/10000	Training Loss: 1.6392	Time remaining is 225h:10m
2024-05-18 12:27:14 INFO Epoch 628/10000	Training Loss: 1.6386	Time remaining is 225h:7m
2024-05-18 12:28:33 INFO Epoch 629/10000	Training Loss: 1.6386	Time remaining is 225h:3m
2024-05-18 12:29:52 INFO Epoch 630/10000	Training Loss: 1.6388	Time remaining is 225h:0m
2024-05-18 12:30:34 INFO Testing: dataset_name: cuhk03-np-labeled top1:0.7750 top5:0.9007 top10:0.9464 mAP:0.7561
2024-05-18 12:31:53 INFO Epoch 631/10000	Training Loss: 1.6383	Time remaining is 225h:7m
2024-05-18 12:33:12 INFO Epoch 632/10000	Training Loss: 1.6387	Time remaining is 225h:4m
2024-05-18 12:34:32 INFO Epoch 633/10000	Training Loss: 1.6386	Time remaining is 225h:1m
2024-05-18 12:35:51 INFO Epoch 634/10000	Training Loss: 1.6381	Time remaining is 224h:58m
2024-05-18 12:37:10 INFO Epoch 635/10000	Training Loss: 1.6385	Time remaining is 224h:55m
2024-05-18 12:37:52 INFO Testing: dataset_name: cuhk03-np-labeled top1:0.7871 top5:0.9121 top10:0.9479 mAP:0.7613
2024-05-18 12:39:11 INFO Epoch 636/10000	Training Loss: 1.6388	Time remaining is 225h:2m
2024-05-18 12:40:30 INFO Epoch 637/10000	Training Loss: 1.6392	Time remaining is 224h:58m
2024-05-18 12:41:50 INFO Epoch 638/10000	Training Loss: 1.6383	Time remaining is 224h:55m
2024-05-18 12:43:09 INFO Epoch 639/10000	Training Loss: 1.6386	Time remaining is 224h:52m
2024-05-18 12:44:28 INFO Epoch 640/10000	Training Loss: 1.6395	Time remaining is 224h:49m
2024-05-18 12:45:10 INFO Testing: dataset_name: cuhk03-np-labeled top1:0.7921 top5:0.9079 top10:0.9457 mAP:0.7640
2024-05-18 12:46:29 INFO Epoch 641/10000	Training Loss: 1.6395	Time remaining is 224h:56m
2024-05-18 12:47:48 INFO Epoch 642/10000	Training Loss: 1.6385	Time remaining is 224h:52m
2024-05-18 12:49:07 INFO Epoch 643/10000	Training Loss: 1.6384	Time remaining is 224h:49m
2024-05-18 12:50:27 INFO Epoch 644/10000	Training Loss: 1.6379	Time remaining is 224h:46m
2024-05-18 12:51:46 INFO Epoch 645/10000	Training Loss: 1.6387	Time remaining is 224h:43m
2024-05-18 12:52:28 INFO Testing: dataset_name: cuhk03-np-labeled top1:0.7929 top5:0.9029 top10:0.9450 mAP:0.7617
2024-05-18 12:53:47 INFO Epoch 646/10000	Training Loss: 1.6390	Time remaining is 224h:50m
2024-05-18 12:55:06 INFO Epoch 647/10000	Training Loss: 1.6389	Time remaining is 224h:47m
2024-05-18 12:56:26 INFO Epoch 648/10000	Training Loss: 1.6382	Time remaining is 224h:43m
2024-05-18 12:57:45 INFO Epoch 649/10000	Training Loss: 1.6377	Time remaining is 224h:40m
2024-05-18 12:59:05 INFO Epoch 650/10000	Training Loss: 1.6377	Time remaining is 224h:37m
2024-05-18 12:59:46 INFO Testing: dataset_name: cuhk03-np-labeled top1:0.7879 top5:0.9079 top10:0.9450 mAP:0.7603
2024-05-18 13:01:05 INFO Epoch 651/10000	Training Loss: 1.6383	Time remaining is 224h:44m
2024-05-18 13:02:25 INFO Epoch 652/10000	Training Loss: 1.6382	Time remaining is 224h:41m
2024-05-18 13:03:44 INFO Epoch 653/10000	Training Loss: 1.6386	Time remaining is 224h:38m
2024-05-18 13:05:03 INFO Epoch 654/10000	Training Loss: 1.6378	Time remaining is 224h:34m
2024-05-18 13:06:22 INFO Epoch 655/10000	Training Loss: 1.6372	Time remaining is 224h:31m
2024-05-18 13:07:04 INFO Testing: dataset_name: cuhk03-np-labeled top1:0.7800 top5:0.9071 top10:0.9500 mAP:0.7556
2024-05-18 13:08:23 INFO Epoch 656/10000	Training Loss: 1.6381	Time remaining is 224h:38m
2024-05-18 13:09:43 INFO Epoch 657/10000	Training Loss: 1.6385	Time remaining is 224h:35m
2024-05-18 13:11:02 INFO Epoch 658/10000	Training Loss: 1.6381	Time remaining is 224h:32m
2024-05-18 13:12:21 INFO Epoch 659/10000	Training Loss: 1.6373	Time remaining is 224h:28m
2024-05-18 13:13:40 INFO Epoch 660/10000	Training Loss: 1.6377	Time remaining is 224h:25m
2024-05-18 13:14:22 INFO Testing: dataset_name: cuhk03-np-labeled top1:0.7807 top5:0.9086 top10:0.9450 mAP:0.7568
2024-05-18 13:15:41 INFO Epoch 661/10000	Training Loss: 1.6380	Time remaining is 224h:32m
2024-05-18 13:17:01 INFO Epoch 662/10000	Training Loss: 1.6386	Time remaining is 224h:29m
2024-05-18 13:18:20 INFO Epoch 663/10000	Training Loss: 1.6379	Time remaining is 224h:26m
2024-05-18 13:19:39 INFO Epoch 664/10000	Training Loss: 1.6376	Time remaining is 224h:23m
2024-05-18 13:20:59 INFO Epoch 665/10000	Training Loss: 1.6372	Time remaining is 224h:20m
2024-05-18 13:21:40 INFO Testing: dataset_name: cuhk03-np-labeled top1:0.7821 top5:0.8971 top10:0.9486 mAP:0.7563
2024-05-18 13:23:00 INFO Epoch 666/10000	Training Loss: 1.6379	Time remaining is 224h:26m
2024-05-18 13:24:19 INFO Epoch 667/10000	Training Loss: 1.6372	Time remaining is 224h:23m
2024-05-18 13:25:38 INFO Epoch 668/10000	Training Loss: 1.6382	Time remaining is 224h:20m
2024-05-18 13:26:58 INFO Epoch 669/10000	Training Loss: 1.6380	Time remaining is 224h:17m
2024-05-18 13:28:17 INFO Epoch 670/10000	Training Loss: 1.6373	Time remaining is 224h:14m
2024-05-18 13:28:58 INFO Testing: dataset_name: cuhk03-np-labeled top1:0.7857 top5:0.9079 top10:0.9479 mAP:0.7597
2024-05-18 13:30:18 INFO Epoch 671/10000	Training Loss: 1.6372	Time remaining is 224h:20m
2024-05-18 13:31:37 INFO Epoch 672/10000	Training Loss: 1.6374	Time remaining is 224h:17m
2024-05-18 13:32:56 INFO Epoch 673/10000	Training Loss: 1.6383	Time remaining is 224h:14m
2024-05-18 13:34:16 INFO Epoch 674/10000	Training Loss: 1.6376	Time remaining is 224h:11m
2024-05-18 13:35:35 INFO Epoch 675/10000	Training Loss: 1.6372	Time remaining is 224h:8m
2024-05-18 13:36:17 INFO Testing: dataset_name: cuhk03-np-labeled top1:0.7864 top5:0.9043 top10:0.9436 mAP:0.7592
2024-05-18 13:37:36 INFO Epoch 676/10000	Training Loss: 1.6377	Time remaining is 224h:14m
2024-05-18 13:38:55 INFO Epoch 677/10000	Training Loss: 1.6375	Time remaining is 224h:11m
2024-05-18 13:40:14 INFO Epoch 678/10000	Training Loss: 1.6369	Time remaining is 224h:8m
2024-05-18 13:41:34 INFO Epoch 679/10000	Training Loss: 1.6375	Time remaining is 224h:5m
2024-05-18 13:42:53 INFO Epoch 680/10000	Training Loss: 1.6370	Time remaining is 224h:2m
2024-05-18 13:43:35 INFO Testing: dataset_name: cuhk03-np-labeled top1:0.7836 top5:0.9029 top10:0.9450 mAP:0.7570
2024-05-18 13:44:54 INFO Epoch 681/10000	Training Loss: 1.6370	Time remaining is 224h:8m
2024-05-18 13:46:13 INFO Epoch 682/10000	Training Loss: 1.6365	Time remaining is 224h:5m
2024-05-18 13:47:33 INFO Epoch 683/10000	Training Loss: 1.6372	Time remaining is 224h:2m
2024-05-18 13:48:52 INFO Epoch 684/10000	Training Loss: 1.6371	Time remaining is 223h:59m
2024-05-18 13:50:11 INFO Epoch 685/10000	Training Loss: 1.6371	Time remaining is 223h:56m
2024-05-18 13:50:53 INFO Testing: dataset_name: cuhk03-np-labeled top1:0.7879 top5:0.9043 top10:0.9421 mAP:0.7587
2024-05-18 13:52:12 INFO Epoch 686/10000	Training Loss: 1.6372	Time remaining is 224h:2m
2024-05-18 13:53:31 INFO Epoch 687/10000	Training Loss: 1.6365	Time remaining is 223h:59m
2024-05-18 13:54:51 INFO Epoch 688/10000	Training Loss: 1.6376	Time remaining is 223h:56m
2024-05-18 13:56:10 INFO Epoch 689/10000	Training Loss: 1.6377	Time remaining is 223h:53m
2024-05-18 13:57:29 INFO Epoch 690/10000	Training Loss: 1.6380	Time remaining is 223h:50m
2024-05-18 13:58:11 INFO Testing: dataset_name: cuhk03-np-labeled top1:0.7857 top5:0.9121 top10:0.9443 mAP:0.7581
2024-05-18 13:59:30 INFO Epoch 691/10000	Training Loss: 1.6363	Time remaining is 223h:56m
2024-05-18 14:00:49 INFO Epoch 692/10000	Training Loss: 1.6371	Time remaining is 223h:53m
2024-05-18 14:02:08 INFO Epoch 693/10000	Training Loss: 1.6369	Time remaining is 223h:50m
2024-05-18 14:03:28 INFO Epoch 694/10000	Training Loss: 1.6367	Time remaining is 223h:47m
2024-05-18 14:04:47 INFO Epoch 695/10000	Training Loss: 1.6360	Time remaining is 223h:44m
2024-05-18 14:05:29 INFO Testing: dataset_name: cuhk03-np-labeled top1:0.7886 top5:0.9021 top10:0.9471 mAP:0.7560
2024-05-18 14:06:48 INFO Epoch 696/10000	Training Loss: 1.6367	Time remaining is 223h:50m
2024-05-18 14:08:07 INFO Epoch 697/10000	Training Loss: 1.6361	Time remaining is 223h:47m
2024-05-18 14:09:27 INFO Epoch 698/10000	Training Loss: 1.6365	Time remaining is 223h:44m
2024-05-18 14:10:46 INFO Epoch 699/10000	Training Loss: 1.6364	Time remaining is 223h:41m
2024-05-18 14:12:05 INFO Epoch 700/10000	Training Loss: 1.6374	Time remaining is 223h:38m
2024-05-18 14:12:47 INFO Testing: dataset_name: cuhk03-np-labeled top1:0.7914 top5:0.9071 top10:0.9486 mAP:0.7626
2024-05-18 14:14:06 INFO Epoch 701/10000	Training Loss: 1.6370	Time remaining is 223h:44m
2024-05-18 14:15:25 INFO Epoch 702/10000	Training Loss: 1.6364	Time remaining is 223h:41m
2024-05-18 14:16:45 INFO Epoch 703/10000	Training Loss: 1.6361	Time remaining is 223h:38m
2024-05-18 14:18:04 INFO Epoch 704/10000	Training Loss: 1.6369	Time remaining is 223h:35m
2024-05-18 14:19:24 INFO Epoch 705/10000	Training Loss: 1.6367	Time remaining is 223h:32m
2024-05-18 14:20:05 INFO Testing: dataset_name: cuhk03-np-labeled top1:0.7864 top5:0.9093 top10:0.9479 mAP:0.7583
2024-05-18 14:21:25 INFO Epoch 706/10000	Training Loss: 1.6373	Time remaining is 223h:38m
2024-05-18 14:22:44 INFO Epoch 707/10000	Training Loss: 1.6372	Time remaining is 223h:35m
2024-05-18 14:24:03 INFO Epoch 708/10000	Training Loss: 1.6363	Time remaining is 223h:32m
2024-05-18 14:25:22 INFO Epoch 709/10000	Training Loss: 1.6361	Time remaining is 223h:29m
2024-05-18 14:26:42 INFO Epoch 710/10000	Training Loss: 1.6358	Time remaining is 223h:26m
2024-05-18 14:27:23 INFO Testing: dataset_name: cuhk03-np-labeled top1:0.7857 top5:0.9071 top10:0.9479 mAP:0.7564
2024-05-18 14:28:43 INFO Epoch 711/10000	Training Loss: 1.6366	Time remaining is 223h:32m
2024-05-18 14:30:02 INFO Epoch 712/10000	Training Loss: 1.6366	Time remaining is 223h:29m
2024-05-18 14:31:21 INFO Epoch 713/10000	Training Loss: 1.6360	Time remaining is 223h:26m
2024-05-18 14:32:40 INFO Epoch 714/10000	Training Loss: 1.6359	Time remaining is 223h:23m
2024-05-18 14:33:59 INFO Epoch 715/10000	Training Loss: 1.6367	Time remaining is 223h:19m
2024-05-18 14:34:41 INFO Testing: dataset_name: cuhk03-np-labeled top1:0.7850 top5:0.9079 top10:0.9457 mAP:0.7584
2024-05-18 14:36:00 INFO Epoch 716/10000	Training Loss: 1.6365	Time remaining is 223h:25m
2024-05-18 14:37:19 INFO Epoch 717/10000	Training Loss: 1.6359	Time remaining is 223h:22m
2024-05-18 14:38:39 INFO Epoch 718/10000	Training Loss: 1.6364	Time remaining is 223h:19m
2024-05-18 14:39:58 INFO Epoch 719/10000	Training Loss: 1.6366	Time remaining is 223h:16m
2024-05-18 14:41:17 INFO Epoch 720/10000	Training Loss: 1.6358	Time remaining is 223h:13m
2024-05-18 14:41:59 INFO Testing: dataset_name: cuhk03-np-labeled top1:0.7907 top5:0.9014 top10:0.9471 mAP:0.7612
2024-05-18 14:43:18 INFO Epoch 721/10000	Training Loss: 1.6362	Time remaining is 223h:19m
2024-05-18 14:44:38 INFO Epoch 722/10000	Training Loss: 1.6372	Time remaining is 223h:16m
2024-05-18 14:45:57 INFO Epoch 723/10000	Training Loss: 1.6364	Time remaining is 223h:13m
2024-05-18 14:47:16 INFO Epoch 724/10000	Training Loss: 1.6361	Time remaining is 223h:10m
2024-05-18 14:48:35 INFO Epoch 725/10000	Training Loss: 1.6366	Time remaining is 223h:7m
2024-05-18 14:49:17 INFO Testing: dataset_name: cuhk03-np-labeled top1:0.7850 top5:0.9079 top10:0.9457 mAP:0.7579
2024-05-18 14:50:36 INFO Epoch 726/10000	Training Loss: 1.6360	Time remaining is 223h:13m
2024-05-18 14:51:55 INFO Epoch 727/10000	Training Loss: 1.6367	Time remaining is 223h:10m
2024-05-18 14:53:15 INFO Epoch 728/10000	Training Loss: 1.6365	Time remaining is 223h:7m
2024-05-18 14:54:34 INFO Epoch 729/10000	Training Loss: 1.6361	Time remaining is 223h:4m
2024-05-18 14:55:53 INFO Epoch 730/10000	Training Loss: 1.6358	Time remaining is 223h:1m
2024-05-18 14:56:34 INFO Testing: dataset_name: cuhk03-np-labeled top1:0.7900 top5:0.9057 top10:0.9507 mAP:0.7597
2024-05-18 14:57:54 INFO Epoch 731/10000	Training Loss: 1.6356	Time remaining is 223h:7m
2024-05-18 14:59:13 INFO Epoch 732/10000	Training Loss: 1.6356	Time remaining is 223h:4m
