2024-03-08 09:11:26 INFO ##################################################
2024-03-08 09:11:26 INFO Task: PCB
2024-03-08 09:11:26 INFO Using device: cuda
2024-03-08 09:11:26 INFO Using data type: torch.float32
2024-03-08 09:11:26 INFO Number of GPUs: 1
2024-03-08 09:11:26 INFO GPU is_available: True
2024-03-08 09:11:26 INFO GPU name: NVIDIA GeForce RTX 3060
2024-03-08 09:11:26 INFO CUDA version: 12.1
2024-03-08 09:11:26 INFO Current device id: 0
2024-03-08 09:11:26 INFO ##################################################
2024-03-08 09:12:40 INFO Epoch 1/60	Training Loss: 35.9492	Time remaining is 1h:13m
2024-03-08 09:13:51 INFO Epoch 2/60	Training Loss: 32.3870	Time remaining is 1h:11m
2024-03-08 09:15:03 INFO Epoch 3/60	Training Loss: 28.5921	Time remaining is 1h:9m
2024-03-08 09:16:14 INFO Epoch 4/60	Training Loss: 24.6890	Time remaining is 1h:8m
2024-03-08 09:17:25 INFO Epoch 5/60	Training Loss: 21.4674	Time remaining is 1h:7m
2024-03-08 09:18:37 INFO Epoch 6/60	Training Loss: 18.8563	Time remaining is 1h:6m
2024-03-08 09:19:49 INFO Epoch 7/60	Training Loss: 16.8369	Time remaining is 1h:4m
2024-03-08 09:21:01 INFO Epoch 8/60	Training Loss: 15.1708	Time remaining is 1h:3m
2024-03-08 09:22:13 INFO Epoch 9/60	Training Loss: 13.6955	Time remaining is 1h:2m
2024-03-08 09:23:24 INFO Epoch 10/60	Training Loss: 12.6235	Time remaining is 1h:1m
2024-03-08 09:24:36 INFO Epoch 11/60	Training Loss: 11.7208	Time remaining is 0h:60m
2024-03-08 09:25:47 INFO Epoch 12/60	Training Loss: 11.0764	Time remaining is 0h:59m
2024-03-08 09:26:59 INFO Epoch 13/60	Training Loss: 10.3023	Time remaining is 0h:57m
2024-03-08 09:28:11 INFO Epoch 14/60	Training Loss: 9.9337	Time remaining is 0h:56m
2024-03-08 09:29:23 INFO Epoch 15/60	Training Loss: 9.3481	Time remaining is 0h:55m
2024-03-08 09:30:34 INFO Epoch 16/60	Training Loss: 9.0001	Time remaining is 0h:54m
2024-03-08 09:31:46 INFO Epoch 17/60	Training Loss: 8.8442	Time remaining is 0h:53m
2024-03-08 09:32:58 INFO Epoch 18/60	Training Loss: 8.4712	Time remaining is 0h:51m
2024-03-08 09:34:10 INFO Epoch 19/60	Training Loss: 8.1804	Time remaining is 0h:50m
2024-03-08 09:35:22 INFO Epoch 20/60	Training Loss: 7.9782	Time remaining is 0h:49m
2024-03-08 09:35:53 INFO Testing: dataset_name: market1501 top1:0.8973 top5:0.9590 top10:0.9730 mAP:0.7237
2024-03-08 09:37:05 INFO Epoch 21/60	Training Loss: 7.1638	Time remaining is 0h:49m
2024-03-08 09:38:17 INFO Epoch 22/60	Training Loss: 6.5617	Time remaining is 0h:48m
2024-03-08 09:39:28 INFO Epoch 23/60	Training Loss: 6.4520	Time remaining is 0h:46m
2024-03-08 09:40:41 INFO Epoch 24/60	Training Loss: 6.4476	Time remaining is 0h:45m
2024-03-08 09:41:53 INFO Epoch 25/60	Training Loss: 6.3675	Time remaining is 0h:44m
2024-03-08 09:43:04 INFO Epoch 26/60	Training Loss: 6.3557	Time remaining is 0h:43m
2024-03-08 09:44:16 INFO Epoch 27/60	Training Loss: 6.3084	Time remaining is 0h:41m
2024-03-08 09:45:27 INFO Epoch 28/60	Training Loss: 6.2618	Time remaining is 0h:40m
2024-03-08 09:46:39 INFO Epoch 29/60	Training Loss: 6.2774	Time remaining is 0h:39m
2024-03-08 09:47:51 INFO Epoch 30/60	Training Loss: 6.2489	Time remaining is 0h:38m
2024-03-08 09:49:02 INFO Epoch 31/60	Training Loss: 6.2114	Time remaining is 0h:36m
2024-03-08 09:50:14 INFO Epoch 32/60	Training Loss: 6.2326	Time remaining is 0h:35m
2024-03-08 09:51:26 INFO Epoch 33/60	Training Loss: 6.2113	Time remaining is 0h:34m
2024-03-08 09:52:38 INFO Epoch 34/60	Training Loss: 6.1962	Time remaining is 0h:33m
2024-03-08 09:53:50 INFO Epoch 35/60	Training Loss: 6.1585	Time remaining is 0h:31m
2024-03-08 09:55:01 INFO Epoch 36/60	Training Loss: 6.1794	Time remaining is 0h:30m
2024-03-08 09:56:13 INFO Epoch 37/60	Training Loss: 6.1615	Time remaining is 0h:29m
2024-03-08 09:57:25 INFO Epoch 38/60	Training Loss: 6.1564	Time remaining is 0h:28m
2024-03-08 09:58:37 INFO Epoch 39/60	Training Loss: 6.1482	Time remaining is 0h:27m
2024-03-08 09:59:49 INFO Epoch 40/60	Training Loss: 6.1019	Time remaining is 0h:25m
2024-03-08 10:00:20 INFO Testing: dataset_name: market1501 top1:0.9234 top5:0.9688 top10:0.9807 mAP:0.7798
2024-03-08 10:01:32 INFO Epoch 41/60	Training Loss: 6.1206	Time remaining is 0h:24m
2024-03-08 10:02:44 INFO Epoch 42/60	Training Loss: 6.1030	Time remaining is 0h:23m
2024-03-08 10:03:56 INFO Epoch 43/60	Training Loss: 6.0854	Time remaining is 0h:22m
2024-03-08 10:05:08 INFO Epoch 44/60	Training Loss: 6.1116	Time remaining is 0h:21m
2024-03-08 10:06:20 INFO Epoch 45/60	Training Loss: 6.0995	Time remaining is 0h:20m
2024-03-08 10:07:32 INFO Epoch 46/60	Training Loss: 6.1395	Time remaining is 0h:18m
2024-03-08 10:08:44 INFO Epoch 47/60	Training Loss: 6.0658	Time remaining is 0h:17m
2024-03-08 10:09:56 INFO Epoch 48/60	Training Loss: 6.1073	Time remaining is 0h:16m
2024-03-08 10:11:08 INFO Epoch 49/60	Training Loss: 6.0713	Time remaining is 0h:15m
2024-03-08 10:12:19 INFO Epoch 50/60	Training Loss: 6.0665	Time remaining is 0h:13m
2024-03-08 10:13:32 INFO Epoch 51/60	Training Loss: 6.1314	Time remaining is 0h:12m
2024-03-08 10:14:44 INFO Epoch 52/60	Training Loss: 6.1062	Time remaining is 0h:11m
2024-03-08 10:15:56 INFO Epoch 53/60	Training Loss: 6.1075	Time remaining is 0h:10m
2024-03-08 10:17:08 INFO Epoch 54/60	Training Loss: 6.0647	Time remaining is 0h:9m
2024-03-08 10:18:20 INFO Epoch 55/60	Training Loss: 6.0953	Time remaining is 0h:7m
2024-03-08 10:19:32 INFO Epoch 56/60	Training Loss: 6.0944	Time remaining is 0h:6m
2024-03-08 10:20:44 INFO Epoch 57/60	Training Loss: 6.1029	Time remaining is 0h:5m
2024-03-08 10:21:56 INFO Epoch 58/60	Training Loss: 6.1002	Time remaining is 0h:4m
2024-03-08 10:23:08 INFO Epoch 59/60	Training Loss: 6.0938	Time remaining is 0h:2m
2024-03-08 10:24:20 INFO Epoch 60/60	Training Loss: 6.0969	Time remaining is 0h:1m
2024-03-08 10:24:51 INFO Testing: dataset_name: market1501 top1:0.9264 top5:0.9697 top10:0.9810 mAP:0.7825
2024-03-08 10:24:51 INFO The running time of training: 4.40485e+03 s
2024-03-08 10:27:05 INFO ##################################################
2024-03-08 10:27:05 INFO Task: PCB
2024-03-08 10:27:05 INFO Using device: cuda
2024-03-08 10:27:05 INFO Using data type: torch.float32
