2024-03-28 18:38:44 INFO ##################################################
2024-03-28 18:38:44 INFO Config values: batch_size: 60	current_directory: /home/hy/project/reid_task/ex_main	dataset_name: market1501	dataset_path: /home/hy/project/data/Market-1501-v15.09.15	device: cuda	dtype: torch.float32	epoch_start_test: 90	epochs: 120	img_height: 256	img_width: 128	logs_outputs_path: /home/hy/project/reid_task/ex_main/./outputs/logs	models_outputs_path: /home/hy/project/reid_task/ex_main/./outputs/models	np: <module 'numpy' from '/home/hy/anaconda3/envs/py396/lib/python3.9/site-packages/numpy/__init__.py'>	os: <module 'os' from '/home/hy/anaconda3/envs/py396/lib/python3.9/os.py'>	outputs_dir: ./outputs/	outputs_path: /home/hy/project/reid_task/ex_main/./outputs/	print_every: 1	seed: 1	taskname: ReID_Task	temps_outputs_path: /home/hy/project/reid_task/ex_main/./outputs/temps	test_batch_size: 256	test_every: 5	torch: <module 'torch' from '/home/hy/anaconda3/envs/py396/lib/python3.9/site-packages/torch/__init__.py'>
2024-03-28 18:38:44 INFO Task: ReID_Task
2024-03-28 18:38:44 INFO Using device: cuda
2024-03-28 18:38:44 INFO Using data type: torch.float32
2024-03-28 18:38:44 INFO Number of GPUs: 1
2024-03-28 18:38:44 INFO GPU is_available: True
2024-03-28 18:38:44 INFO GPU name: NVIDIA GeForce RTX 3060
2024-03-28 18:38:44 INFO CUDA version: 12.1
2024-03-28 18:38:44 INFO Current device id: 0
2024-03-28 18:38:44 INFO ##################################################
2024-03-28 18:40:01 INFO Epoch 1/120	Training Loss: 9.6282	Time remaining is 2h:32m
2024-03-28 18:41:16 INFO Epoch 2/120	Training Loss: 8.1474	Time remaining is 2h:29m
2024-03-28 18:42:31 INFO Epoch 3/120	Training Loss: 6.3032	Time remaining is 2h:28m
2024-03-28 18:43:46 INFO Epoch 4/120	Training Loss: 4.8333	Time remaining is 2h:26m
2024-03-28 18:45:01 INFO Epoch 5/120	Training Loss: 3.7721	Time remaining is 2h:25m
2024-03-28 18:46:15 INFO Epoch 6/120	Training Loss: 3.0809	Time remaining is 2h:24m
2024-03-28 18:47:29 INFO Epoch 7/120	Training Loss: 2.7301	Time remaining is 2h:22m
2024-03-28 18:48:44 INFO Epoch 8/120	Training Loss: 2.5342	Time remaining is 2h:21m
2024-03-28 18:49:58 INFO Epoch 9/120	Training Loss: 2.4303	Time remaining is 2h:20m
2024-03-28 18:51:13 INFO Epoch 10/120	Training Loss: 2.3525	Time remaining is 2h:18m
2024-03-28 18:52:28 INFO Epoch 11/120	Training Loss: 2.3137	Time remaining is 2h:17m
2024-03-28 18:53:42 INFO Epoch 12/120	Training Loss: 2.2615	Time remaining is 2h:16m
2024-03-28 18:54:57 INFO Epoch 13/120	Training Loss: 2.2127	Time remaining is 2h:15m
2024-03-28 18:56:12 INFO Epoch 14/120	Training Loss: 2.1967	Time remaining is 2h:13m
2024-03-28 18:57:27 INFO Epoch 15/120	Training Loss: 2.1738	Time remaining is 2h:12m
2024-03-28 18:58:42 INFO Epoch 16/120	Training Loss: 2.1540	Time remaining is 2h:11m
2024-03-28 18:59:57 INFO Epoch 17/120	Training Loss: 2.1355	Time remaining is 2h:10m
2024-03-28 19:01:11 INFO Epoch 18/120	Training Loss: 2.1181	Time remaining is 2h:8m
2024-03-28 19:02:26 INFO Epoch 19/120	Training Loss: 2.1276	Time remaining is 2h:7m
2024-03-28 19:03:41 INFO Epoch 20/120	Training Loss: 2.1200	Time remaining is 2h:6m
2024-03-28 19:04:56 INFO Epoch 21/120	Training Loss: 2.1153	Time remaining is 2h:5m
2024-03-28 19:06:11 INFO Epoch 22/120	Training Loss: 2.1108	Time remaining is 2h:3m
2024-03-28 19:07:25 INFO Epoch 23/120	Training Loss: 2.1068	Time remaining is 2h:2m
2024-03-28 19:08:40 INFO Epoch 24/120	Training Loss: 2.1200	Time remaining is 2h:1m
2024-03-28 19:09:55 INFO Epoch 25/120	Training Loss: 2.1155	Time remaining is 1h:60m
2024-03-28 19:11:10 INFO Epoch 26/120	Training Loss: 2.1249	Time remaining is 1h:58m
2024-03-28 19:12:25 INFO Epoch 27/120	Training Loss: 2.1138	Time remaining is 1h:57m
2024-03-28 19:13:41 INFO Epoch 28/120	Training Loss: 2.1107	Time remaining is 1h:56m
2024-03-28 19:14:55 INFO Epoch 29/120	Training Loss: 2.1049	Time remaining is 1h:55m
2024-03-28 19:16:09 INFO Epoch 30/120	Training Loss: 2.0945	Time remaining is 1h:53m
2024-03-28 19:17:24 INFO Epoch 31/120	Training Loss: 2.0947	Time remaining is 1h:52m
2024-03-28 19:18:39 INFO Epoch 32/120	Training Loss: 2.1035	Time remaining is 1h:51m
2024-03-28 19:19:54 INFO Epoch 33/120	Training Loss: 2.0977	Time remaining is 1h:50m
2024-03-28 19:21:09 INFO Epoch 34/120	Training Loss: 2.1042	Time remaining is 1h:48m
2024-03-28 19:22:24 INFO Epoch 35/120	Training Loss: 2.1008	Time remaining is 1h:47m
2024-03-28 19:23:39 INFO Epoch 36/120	Training Loss: 2.0912	Time remaining is 1h:46m
2024-03-28 19:24:54 INFO Epoch 37/120	Training Loss: 2.0943	Time remaining is 1h:45m
2024-03-28 19:26:08 INFO Epoch 38/120	Training Loss: 2.0951	Time remaining is 1h:43m
2024-03-28 19:27:23 INFO Epoch 39/120	Training Loss: 2.0972	Time remaining is 1h:42m
2024-03-28 19:28:37 INFO Epoch 40/120	Training Loss: 2.0857	Time remaining is 1h:41m
2024-03-28 19:29:52 INFO Epoch 41/120	Training Loss: 2.0266	Time remaining is 1h:40m
2024-03-28 19:31:07 INFO Epoch 42/120	Training Loss: 1.9586	Time remaining is 1h:38m
2024-03-28 19:32:22 INFO Epoch 43/120	Training Loss: 1.9563	Time remaining is 1h:37m
2024-03-28 19:33:37 INFO Epoch 44/120	Training Loss: 1.9475	Time remaining is 1h:36m
2024-03-28 19:34:52 INFO Epoch 45/120	Training Loss: 1.9400	Time remaining is 1h:35m
2024-03-28 19:36:07 INFO Epoch 46/120	Training Loss: 1.9402	Time remaining is 1h:34m
2024-03-28 19:37:22 INFO Epoch 47/120	Training Loss: 1.9235	Time remaining is 1h:32m
2024-03-28 19:38:38 INFO Epoch 48/120	Training Loss: 1.9334	Time remaining is 1h:31m
2024-03-28 19:39:53 INFO Epoch 49/120	Training Loss: 1.9198	Time remaining is 1h:30m
2024-03-28 19:41:09 INFO Epoch 50/120	Training Loss: 1.9282	Time remaining is 1h:29m
2024-03-28 19:42:25 INFO Epoch 51/120	Training Loss: 1.9139	Time remaining is 1h:27m
2024-03-28 19:43:40 INFO Epoch 52/120	Training Loss: 1.9210	Time remaining is 1h:26m
2024-03-28 19:44:56 INFO Epoch 53/120	Training Loss: 1.9212	Time remaining is 1h:25m
2024-03-28 19:46:12 INFO Epoch 54/120	Training Loss: 1.9188	Time remaining is 1h:24m
2024-03-28 19:47:28 INFO Epoch 55/120	Training Loss: 1.9185	Time remaining is 1h:22m
2024-03-28 19:48:44 INFO Epoch 56/120	Training Loss: 1.9174	Time remaining is 1h:21m
2024-03-28 19:49:59 INFO Epoch 57/120	Training Loss: 1.9060	Time remaining is 1h:20m
2024-03-28 19:51:15 INFO Epoch 58/120	Training Loss: 1.9152	Time remaining is 1h:19m
2024-03-28 19:52:31 INFO Epoch 59/120	Training Loss: 1.9157	Time remaining is 1h:18m
2024-03-28 19:53:47 INFO Epoch 60/120	Training Loss: 1.9118	Time remaining is 1h:16m
2024-03-28 19:55:03 INFO Epoch 61/120	Training Loss: 1.9121	Time remaining is 1h:15m
2024-03-28 19:56:18 INFO Epoch 62/120	Training Loss: 1.9112	Time remaining is 1h:14m
2024-03-28 19:57:34 INFO Epoch 63/120	Training Loss: 1.9095	Time remaining is 1h:13m
2024-03-28 19:58:50 INFO Epoch 64/120	Training Loss: 1.9090	Time remaining is 1h:11m
2024-03-28 20:00:06 INFO Epoch 65/120	Training Loss: 1.9057	Time remaining is 1h:10m
2024-03-28 20:01:22 INFO Epoch 66/120	Training Loss: 1.9063	Time remaining is 1h:9m
2024-03-28 20:02:38 INFO Epoch 67/120	Training Loss: 1.9145	Time remaining is 1h:8m
2024-03-28 20:03:54 INFO Epoch 68/120	Training Loss: 1.9047	Time remaining is 1h:6m
2024-03-28 20:05:09 INFO Epoch 69/120	Training Loss: 1.8974	Time remaining is 1h:5m
2024-03-28 20:06:25 INFO Epoch 70/120	Training Loss: 1.9037	Time remaining is 1h:4m
2024-03-28 20:07:41 INFO Epoch 71/120	Training Loss: 1.9012	Time remaining is 1h:3m
2024-03-28 20:08:57 INFO Epoch 72/120	Training Loss: 1.8969	Time remaining is 1h:1m
2024-03-28 20:10:12 INFO Epoch 73/120	Training Loss: 1.8949	Time remaining is 1h:0m
2024-03-28 20:11:27 INFO Epoch 74/120	Training Loss: 1.8843	Time remaining is 0h:59m
2024-03-28 20:12:42 INFO Epoch 75/120	Training Loss: 1.8837	Time remaining is 0h:58m
2024-03-28 20:13:56 INFO Epoch 76/120	Training Loss: 1.8806	Time remaining is 0h:56m
2024-03-28 20:15:11 INFO Epoch 77/120	Training Loss: 1.8911	Time remaining is 0h:55m
2024-03-28 20:16:26 INFO Epoch 78/120	Training Loss: 1.8830	Time remaining is 0h:54m
2024-03-28 20:17:41 INFO Epoch 79/120	Training Loss: 1.8904	Time remaining is 0h:53m
2024-03-28 20:18:56 INFO Epoch 80/120	Training Loss: 1.8913	Time remaining is 0h:51m
2024-03-28 20:20:11 INFO Epoch 81/120	Training Loss: 1.8900	Time remaining is 0h:50m
2024-03-28 20:21:26 INFO Epoch 82/120	Training Loss: 1.8898	Time remaining is 0h:49m
2024-03-28 20:22:41 INFO Epoch 83/120	Training Loss: 1.8902	Time remaining is 0h:48m
2024-03-28 20:23:56 INFO Epoch 84/120	Training Loss: 1.8880	Time remaining is 0h:46m
2024-03-28 20:25:11 INFO Epoch 85/120	Training Loss: 1.8913	Time remaining is 0h:45m
2024-03-28 20:26:26 INFO Epoch 86/120	Training Loss: 1.8901	Time remaining is 0h:44m
2024-03-28 20:27:41 INFO Epoch 87/120	Training Loss: 1.8888	Time remaining is 0h:43m
2024-03-28 20:28:56 INFO Epoch 88/120	Training Loss: 1.8782	Time remaining is 0h:41m
2024-03-28 20:30:11 INFO Epoch 89/120	Training Loss: 1.8883	Time remaining is 0h:40m
2024-03-28 20:31:26 INFO Epoch 90/120	Training Loss: 1.8888	Time remaining is 0h:39m
2024-03-28 20:32:11 INFO Testing: dataset_name: market1501 top1:0.9504 top5:0.9834 top10:0.9914 mAP:0.8697
2024-03-28 20:33:26 INFO Epoch 91/120	Training Loss: 1.8891	Time remaining is 0h:38m
2024-03-28 20:34:41 INFO Epoch 92/120	Training Loss: 1.8778	Time remaining is 0h:37m
2024-03-28 20:35:56 INFO Epoch 93/120	Training Loss: 1.8903	Time remaining is 0h:35m
2024-03-28 20:37:11 INFO Epoch 94/120	Training Loss: 1.8872	Time remaining is 0h:34m
2024-03-28 20:38:25 INFO Epoch 95/120	Training Loss: 1.8771	Time remaining is 0h:33m
2024-03-28 20:39:10 INFO Testing: dataset_name: market1501 top1:0.9495 top5:0.9840 top10:0.9908 mAP:0.8710
2024-03-28 20:40:25 INFO Epoch 96/120	Training Loss: 1.8882	Time remaining is 0h:32m
2024-03-28 20:41:40 INFO Epoch 97/120	Training Loss: 1.8758	Time remaining is 0h:30m
2024-03-28 20:42:55 INFO Epoch 98/120	Training Loss: 1.8896	Time remaining is 0h:29m
2024-03-28 20:44:10 INFO Epoch 99/120	Training Loss: 1.8868	Time remaining is 0h:28m
2024-03-28 20:45:25 INFO Epoch 100/120	Training Loss: 1.8850	Time remaining is 0h:27m
2024-03-28 20:46:10 INFO Testing: dataset_name: market1501 top1:0.9471 top5:0.9834 top10:0.9914 mAP:0.8705
2024-03-28 20:47:25 INFO Epoch 101/120	Training Loss: 1.8881	Time remaining is 0h:25m
2024-03-28 20:48:40 INFO Epoch 102/120	Training Loss: 1.8856	Time remaining is 0h:24m
2024-03-28 20:49:55 INFO Epoch 103/120	Training Loss: 1.8847	Time remaining is 0h:23m
2024-03-28 20:51:10 INFO Epoch 104/120	Training Loss: 1.8846	Time remaining is 0h:22m
2024-03-28 20:52:26 INFO Epoch 105/120	Training Loss: 1.8955	Time remaining is 0h:20m
2024-03-28 20:53:10 INFO Testing: dataset_name: market1501 top1:0.9492 top5:0.9837 top10:0.9914 mAP:0.8708
2024-03-28 20:54:25 INFO Epoch 106/120	Training Loss: 1.8868	Time remaining is 0h:19m
2024-03-28 20:55:40 INFO Epoch 107/120	Training Loss: 1.8758	Time remaining is 0h:18m
2024-03-28 20:56:55 INFO Epoch 108/120	Training Loss: 1.8862	Time remaining is 0h:17m
2024-03-28 20:58:10 INFO Epoch 109/120	Training Loss: 1.8850	Time remaining is 0h:15m
2024-03-28 20:59:25 INFO Epoch 110/120	Training Loss: 1.8837	Time remaining is 0h:14m
2024-03-28 21:00:09 INFO Testing: dataset_name: market1501 top1:0.9501 top5:0.9840 top10:0.9917 mAP:0.8719
2024-03-28 21:01:24 INFO Epoch 111/120	Training Loss: 1.8737	Time remaining is 0h:13m
2024-03-28 21:02:39 INFO Epoch 112/120	Training Loss: 1.8839	Time remaining is 0h:12m
2024-03-28 21:03:54 INFO Epoch 113/120	Training Loss: 1.8838	Time remaining is 0h:10m
2024-03-28 21:05:09 INFO Epoch 114/120	Training Loss: 1.8759	Time remaining is 0h:9m
2024-03-28 21:06:24 INFO Epoch 115/120	Training Loss: 1.8918	Time remaining is 0h:8m
2024-03-28 21:07:09 INFO Testing: dataset_name: market1501 top1:0.9498 top5:0.9837 top10:0.9920 mAP:0.8728
2024-03-28 21:08:24 INFO Epoch 116/120	Training Loss: 1.8839	Time remaining is 0h:6m
2024-03-28 21:09:39 INFO Epoch 117/120	Training Loss: 1.8857	Time remaining is 0h:5m
2024-03-28 21:10:54 INFO Epoch 118/120	Training Loss: 1.8838	Time remaining is 0h:4m
2024-03-28 21:12:09 INFO Epoch 119/120	Training Loss: 1.8937	Time remaining is 0h:3m
2024-03-28 21:13:24 INFO Epoch 120/120	Training Loss: 1.8725	Time remaining is 0h:1m
2024-03-28 21:14:09 INFO Testing: dataset_name: market1501 top1:0.9519 top5:0.9843 top10:0.9920 mAP:0.8743
2024-03-28 21:14:09 INFO The running time of training: 9.32436e+03 s
