2024-04-15 11:42:38 INFO ##################################################
2024-04-15 11:42:38 INFO Config values: batch_size: 60	current_directory: /home/hy/project/reid_task/ex_main-n9	dataset_name: market1501	dataset_path: /home/hy/project/data/Market-1501-v15.09.15	device: cuda	dtype: torch.float32	epoch_start_test: 90	epochs: 160	img_height: 256	img_width: 128	logs_outputs_path: /home/hy/project/reid_task/ex_main-n9/./outputs/logs	models_outputs_path: /home/hy/project/reid_task/ex_main-n9/./outputs/models	np: <module 'numpy' from '/home/hy/anaconda3/envs/py396/lib/python3.9/site-packages/numpy/__init__.py'>	os: <module 'os' from '/home/hy/anaconda3/envs/py396/lib/python3.9/os.py'>	outputs_dir: ./outputs/	outputs_path: /home/hy/project/reid_task/ex_main-n9/./outputs/	print_every: 1	seed: 1	taskname: ReID_Task	temps_outputs_path: /home/hy/project/reid_task/ex_main-n9/./outputs/temps	test_batch_size: 256	test_every: 5	torch: <module 'torch' from '/home/hy/anaconda3/envs/py396/lib/python3.9/site-packages/torch/__init__.py'>
2024-04-15 11:42:38 INFO Task: ReID_Task
2024-04-15 11:42:38 INFO Using device: cuda
2024-04-15 11:42:38 INFO Using data type: torch.float32
2024-04-15 11:42:38 INFO Number of GPUs: 1
2024-04-15 11:42:38 INFO GPU is_available: True
2024-04-15 11:42:38 INFO GPU name: NVIDIA GeForce RTX 3060
2024-04-15 11:42:38 INFO CUDA version: 12.1
2024-04-15 11:42:38 INFO Current device id: 0
2024-04-15 11:42:38 INFO ##################################################
2024-04-15 11:43:55 INFO Epoch 1/160	Training Loss: 9.6388	Time remaining is 3h:25m
2024-04-15 11:45:11 INFO Epoch 2/160	Training Loss: 8.1660	Time remaining is 3h:22m
2024-04-15 11:46:27 INFO Epoch 3/160	Training Loss: 6.3214	Time remaining is 3h:21m
2024-04-15 11:47:44 INFO Epoch 4/160	Training Loss: 4.8474	Time remaining is 3h:20m
2024-04-15 11:49:00 INFO Epoch 5/160	Training Loss: 3.7783	Time remaining is 3h:18m
2024-04-15 11:50:15 INFO Epoch 6/160	Training Loss: 3.0884	Time remaining is 3h:17m
2024-04-15 11:51:31 INFO Epoch 7/160	Training Loss: 2.7382	Time remaining is 3h:15m
2024-04-15 11:52:47 INFO Epoch 8/160	Training Loss: 2.5403	Time remaining is 3h:14m
2024-04-15 11:54:03 INFO Epoch 9/160	Training Loss: 2.4457	Time remaining is 3h:13m
2024-04-15 11:55:18 INFO Epoch 10/160	Training Loss: 2.3653	Time remaining is 3h:11m
2024-04-15 11:56:34 INFO Epoch 11/160	Training Loss: 2.3168	Time remaining is 3h:10m
2024-04-15 11:57:50 INFO Epoch 12/160	Training Loss: 2.2731	Time remaining is 3h:9m
2024-04-15 11:59:06 INFO Epoch 13/160	Training Loss: 2.2235	Time remaining is 3h:7m
2024-04-15 12:00:22 INFO Epoch 14/160	Training Loss: 2.2052	Time remaining is 3h:6m
2024-04-15 12:01:38 INFO Epoch 15/160	Training Loss: 2.1794	Time remaining is 3h:5m
2024-04-15 12:02:54 INFO Epoch 16/160	Training Loss: 2.1621	Time remaining is 3h:4m
2024-04-15 12:04:09 INFO Epoch 17/160	Training Loss: 2.1429	Time remaining is 3h:2m
2024-04-15 12:05:25 INFO Epoch 18/160	Training Loss: 2.1306	Time remaining is 3h:1m
2024-04-15 12:06:41 INFO Epoch 19/160	Training Loss: 2.1386	Time remaining is 2h:60m
2024-04-15 12:07:56 INFO Epoch 20/160	Training Loss: 2.1341	Time remaining is 2h:58m
2024-04-15 12:09:12 INFO Epoch 21/160	Training Loss: 2.1254	Time remaining is 2h:57m
2024-04-15 12:10:28 INFO Epoch 22/160	Training Loss: 2.1190	Time remaining is 2h:56m
2024-04-15 12:11:44 INFO Epoch 23/160	Training Loss: 2.1209	Time remaining is 2h:55m
2024-04-15 12:13:00 INFO Epoch 24/160	Training Loss: 2.1330	Time remaining is 2h:53m
2024-04-15 12:14:15 INFO Epoch 25/160	Training Loss: 2.1218	Time remaining is 2h:52m
2024-04-15 12:15:32 INFO Epoch 26/160	Training Loss: 2.1351	Time remaining is 2h:51m
2024-04-15 12:16:48 INFO Epoch 27/160	Training Loss: 2.1208	Time remaining is 2h:49m
2024-04-15 12:18:03 INFO Epoch 28/160	Training Loss: 2.1185	Time remaining is 2h:48m
2024-04-15 12:19:19 INFO Epoch 29/160	Training Loss: 2.1143	Time remaining is 2h:47m
2024-04-15 12:20:34 INFO Epoch 30/160	Training Loss: 2.1088	Time remaining is 2h:46m
2024-04-15 12:21:50 INFO Epoch 31/160	Training Loss: 2.1085	Time remaining is 2h:44m
2024-04-15 12:23:06 INFO Epoch 32/160	Training Loss: 2.1034	Time remaining is 2h:43m
2024-04-15 12:24:22 INFO Epoch 33/160	Training Loss: 2.1141	Time remaining is 2h:42m
2024-04-15 12:25:38 INFO Epoch 34/160	Training Loss: 2.1165	Time remaining is 2h:41m
2024-04-15 12:26:54 INFO Epoch 35/160	Training Loss: 2.1132	Time remaining is 2h:39m
2024-04-15 12:28:10 INFO Epoch 36/160	Training Loss: 2.1108	Time remaining is 2h:38m
2024-04-15 12:29:26 INFO Epoch 37/160	Training Loss: 2.1039	Time remaining is 2h:37m
2024-04-15 12:30:42 INFO Epoch 38/160	Training Loss: 2.1012	Time remaining is 2h:36m
2024-04-15 12:31:58 INFO Epoch 39/160	Training Loss: 2.1086	Time remaining is 2h:34m
2024-04-15 12:33:13 INFO Epoch 40/160	Training Loss: 2.0970	Time remaining is 2h:33m
2024-04-15 12:34:29 INFO Epoch 41/160	Training Loss: 2.0403	Time remaining is 2h:32m
2024-04-15 12:35:45 INFO Epoch 42/160	Training Loss: 1.9697	Time remaining is 2h:30m
2024-04-15 12:37:01 INFO Epoch 43/160	Training Loss: 1.9665	Time remaining is 2h:29m
2024-04-15 12:38:17 INFO Epoch 44/160	Training Loss: 1.9583	Time remaining is 2h:28m
2024-04-15 12:39:33 INFO Epoch 45/160	Training Loss: 1.9510	Time remaining is 2h:27m
2024-04-15 12:40:49 INFO Epoch 46/160	Training Loss: 1.9500	Time remaining is 2h:25m
2024-04-15 12:42:05 INFO Epoch 47/160	Training Loss: 1.9334	Time remaining is 2h:24m
2024-04-15 12:43:20 INFO Epoch 48/160	Training Loss: 1.9438	Time remaining is 2h:23m
2024-04-15 12:44:36 INFO Epoch 49/160	Training Loss: 1.9298	Time remaining is 2h:22m
2024-04-15 12:45:52 INFO Epoch 50/160	Training Loss: 1.9389	Time remaining is 2h:20m
2024-04-15 12:47:08 INFO Epoch 51/160	Training Loss: 1.9246	Time remaining is 2h:19m
2024-04-15 12:48:23 INFO Epoch 52/160	Training Loss: 1.9322	Time remaining is 2h:18m
2024-04-15 12:49:39 INFO Epoch 53/160	Training Loss: 1.9321	Time remaining is 2h:17m
2024-04-15 12:50:55 INFO Epoch 54/160	Training Loss: 1.9294	Time remaining is 2h:15m
2024-04-15 12:52:11 INFO Epoch 55/160	Training Loss: 1.9297	Time remaining is 2h:14m
2024-04-15 12:53:27 INFO Epoch 56/160	Training Loss: 1.9274	Time remaining is 2h:13m
2024-04-15 12:54:43 INFO Epoch 57/160	Training Loss: 1.9168	Time remaining is 2h:11m
2024-04-15 12:55:59 INFO Epoch 58/160	Training Loss: 1.9258	Time remaining is 2h:10m
2024-04-15 12:57:14 INFO Epoch 59/160	Training Loss: 1.9268	Time remaining is 2h:9m
2024-04-15 12:58:30 INFO Epoch 60/160	Training Loss: 1.9224	Time remaining is 2h:8m
2024-04-15 12:59:46 INFO Epoch 61/160	Training Loss: 1.9226	Time remaining is 2h:6m
2024-04-15 13:01:02 INFO Epoch 62/160	Training Loss: 1.9208	Time remaining is 2h:5m
2024-04-15 13:02:18 INFO Epoch 63/160	Training Loss: 1.9203	Time remaining is 2h:4m
2024-04-15 13:03:34 INFO Epoch 64/160	Training Loss: 1.9192	Time remaining is 2h:3m
2024-04-15 13:04:50 INFO Epoch 65/160	Training Loss: 1.9170	Time remaining is 2h:1m
2024-04-15 13:06:06 INFO Epoch 66/160	Training Loss: 1.9167	Time remaining is 2h:0m
2024-04-15 13:07:22 INFO Epoch 67/160	Training Loss: 1.9246	Time remaining is 1h:59m
2024-04-15 13:08:38 INFO Epoch 68/160	Training Loss: 1.9150	Time remaining is 1h:58m
2024-04-15 13:09:53 INFO Epoch 69/160	Training Loss: 1.9076	Time remaining is 1h:56m
2024-04-15 13:11:09 INFO Epoch 70/160	Training Loss: 1.9137	Time remaining is 1h:55m
2024-04-15 13:12:25 INFO Epoch 71/160	Training Loss: 1.9122	Time remaining is 1h:54m
2024-04-15 13:13:41 INFO Epoch 72/160	Training Loss: 1.9073	Time remaining is 1h:53m
2024-04-15 13:14:57 INFO Epoch 73/160	Training Loss: 1.9045	Time remaining is 1h:51m
2024-04-15 13:16:13 INFO Epoch 74/160	Training Loss: 1.8947	Time remaining is 1h:50m
2024-04-15 13:17:29 INFO Epoch 75/160	Training Loss: 1.8936	Time remaining is 1h:49m
2024-04-15 13:18:44 INFO Epoch 76/160	Training Loss: 1.8914	Time remaining is 1h:47m
2024-04-15 13:20:00 INFO Epoch 77/160	Training Loss: 1.9023	Time remaining is 1h:46m
2024-04-15 13:21:16 INFO Epoch 78/160	Training Loss: 1.8936	Time remaining is 1h:45m
2024-04-15 13:22:31 INFO Epoch 79/160	Training Loss: 1.9016	Time remaining is 1h:44m
2024-04-15 13:23:47 INFO Epoch 80/160	Training Loss: 1.9019	Time remaining is 1h:42m
2024-04-15 13:25:03 INFO Epoch 81/160	Training Loss: 1.9005	Time remaining is 1h:41m
2024-04-15 13:26:19 INFO Epoch 82/160	Training Loss: 1.9007	Time remaining is 1h:40m
2024-04-15 13:27:35 INFO Epoch 83/160	Training Loss: 1.9005	Time remaining is 1h:39m
2024-04-15 13:28:50 INFO Epoch 84/160	Training Loss: 1.8988	Time remaining is 1h:37m
2024-04-15 13:30:06 INFO Epoch 85/160	Training Loss: 1.9017	Time remaining is 1h:36m
2024-04-15 13:31:22 INFO Epoch 86/160	Training Loss: 1.9010	Time remaining is 1h:35m
2024-04-15 13:32:38 INFO Epoch 87/160	Training Loss: 1.8998	Time remaining is 1h:34m
2024-04-15 13:33:53 INFO Epoch 88/160	Training Loss: 1.8894	Time remaining is 1h:32m
2024-04-15 13:35:09 INFO Epoch 89/160	Training Loss: 1.8985	Time remaining is 1h:31m
2024-04-15 13:36:25 INFO Epoch 90/160	Training Loss: 1.8997	Time remaining is 1h:30m
2024-04-15 13:37:55 INFO Testing: dataset_name: market1501 top1:0.9471 top5:0.9837 top10:0.9911 mAP:0.8701
2024-04-15 13:39:11 INFO Epoch 91/160	Training Loss: 1.8995	Time remaining is 1h:30m
2024-04-15 13:40:26 INFO Epoch 92/160	Training Loss: 1.8875	Time remaining is 1h:28m
2024-04-15 13:41:42 INFO Epoch 93/160	Training Loss: 1.9009	Time remaining is 1h:27m
2024-04-15 13:42:58 INFO Epoch 94/160	Training Loss: 1.8979	Time remaining is 1h:26m
2024-04-15 13:44:14 INFO Epoch 95/160	Training Loss: 1.8879	Time remaining is 1h:24m
2024-04-15 13:45:43 INFO Testing: dataset_name: market1501 top1:0.9471 top5:0.9828 top10:0.9911 mAP:0.8716
2024-04-15 13:46:59 INFO Epoch 96/160	Training Loss: 1.8990	Time remaining is 1h:24m
2024-04-15 13:48:14 INFO Epoch 97/160	Training Loss: 1.8866	Time remaining is 1h:23m
2024-04-15 13:49:30 INFO Epoch 98/160	Training Loss: 1.9006	Time remaining is 1h:22m
2024-04-15 13:50:46 INFO Epoch 99/160	Training Loss: 1.8975	Time remaining is 1h:20m
2024-04-15 13:52:02 INFO Epoch 100/160	Training Loss: 1.8959	Time remaining is 1h:19m
2024-04-15 13:53:32 INFO Testing: dataset_name: market1501 top1:0.9466 top5:0.9825 top10:0.9908 mAP:0.8708
2024-04-15 13:54:48 INFO Epoch 101/160	Training Loss: 1.8984	Time remaining is 1h:19m
2024-04-15 13:56:04 INFO Epoch 102/160	Training Loss: 1.8966	Time remaining is 1h:17m
2024-04-15 13:57:20 INFO Epoch 103/160	Training Loss: 1.8954	Time remaining is 1h:16m
2024-04-15 13:58:36 INFO Epoch 104/160	Training Loss: 1.8951	Time remaining is 1h:15m
2024-04-15 13:59:52 INFO Epoch 105/160	Training Loss: 1.9063	Time remaining is 1h:13m
2024-04-15 14:01:21 INFO Testing: dataset_name: market1501 top1:0.9477 top5:0.9831 top10:0.9911 mAP:0.8716
2024-04-15 14:02:37 INFO Epoch 106/160	Training Loss: 1.8975	Time remaining is 1h:13m
2024-04-15 14:03:52 INFO Epoch 107/160	Training Loss: 1.8862	Time remaining is 1h:11m
2024-04-15 14:05:08 INFO Epoch 108/160	Training Loss: 1.8963	Time remaining is 1h:10m
2024-04-15 14:06:24 INFO Epoch 109/160	Training Loss: 1.8958	Time remaining is 1h:9m
2024-04-15 14:07:40 INFO Epoch 110/160	Training Loss: 1.8946	Time remaining is 1h:7m
2024-04-15 14:09:09 INFO Testing: dataset_name: market1501 top1:0.9477 top5:0.9834 top10:0.9911 mAP:0.8718
2024-04-15 14:10:24 INFO Epoch 111/160	Training Loss: 1.8847	Time remaining is 1h:7m
2024-04-15 14:11:40 INFO Epoch 112/160	Training Loss: 1.8948	Time remaining is 1h:5m
2024-04-15 14:12:56 INFO Epoch 113/160	Training Loss: 1.8946	Time remaining is 1h:4m
2024-04-15 14:14:11 INFO Epoch 114/160	Training Loss: 1.8864	Time remaining is 1h:2m
2024-04-15 14:15:28 INFO Epoch 115/160	Training Loss: 1.9026	Time remaining is 1h:1m
2024-04-15 14:16:57 INFO Testing: dataset_name: market1501 top1:0.9501 top5:0.9843 top10:0.9914 mAP:0.8726
2024-04-15 14:18:12 INFO Epoch 116/160	Training Loss: 1.8946	Time remaining is 1h:0m
2024-04-15 14:19:28 INFO Epoch 117/160	Training Loss: 1.8957	Time remaining is 0h:59m
2024-04-15 14:20:44 INFO Epoch 118/160	Training Loss: 1.8940	Time remaining is 0h:58m
2024-04-15 14:22:00 INFO Epoch 119/160	Training Loss: 1.9038	Time remaining is 0h:56m
2024-04-15 14:23:16 INFO Epoch 120/160	Training Loss: 1.8833	Time remaining is 0h:55m
2024-04-15 14:24:45 INFO Testing: dataset_name: market1501 top1:0.9501 top5:0.9825 top10:0.9917 mAP:0.8739
2024-04-15 14:26:01 INFO Epoch 121/160	Training Loss: 1.8927	Time remaining is 0h:54m
2024-04-15 14:27:17 INFO Epoch 122/160	Training Loss: 1.8923	Time remaining is 0h:53m
2024-04-15 14:28:33 INFO Epoch 123/160	Training Loss: 1.8923	Time remaining is 0h:51m
2024-04-15 14:29:49 INFO Epoch 124/160	Training Loss: 1.8845	Time remaining is 0h:50m
2024-04-15 14:31:05 INFO Epoch 125/160	Training Loss: 1.8944	Time remaining is 0h:49m
2024-04-15 14:32:34 INFO Testing: dataset_name: market1501 top1:0.9483 top5:0.9834 top10:0.9914 mAP:0.8737
2024-04-15 14:33:50 INFO Epoch 126/160	Training Loss: 1.8930	Time remaining is 0h:48m
2024-04-15 14:35:05 INFO Epoch 127/160	Training Loss: 1.8922	Time remaining is 0h:46m
2024-04-15 14:36:21 INFO Epoch 128/160	Training Loss: 1.8919	Time remaining is 0h:45m
2024-04-15 14:37:37 INFO Epoch 129/160	Training Loss: 1.8937	Time remaining is 0h:43m
2024-04-15 14:38:53 INFO Epoch 130/160	Training Loss: 1.8937	Time remaining is 0h:42m
2024-04-15 14:40:23 INFO Testing: dataset_name: market1501 top1:0.9483 top5:0.9831 top10:0.9917 mAP:0.8748
2024-04-15 14:41:38 INFO Epoch 131/160	Training Loss: 1.8840	Time remaining is 0h:41m
2024-04-15 14:42:54 INFO Epoch 132/160	Training Loss: 1.8911	Time remaining is 0h:40m
2024-04-15 14:44:10 INFO Epoch 133/160	Training Loss: 1.8826	Time remaining is 0h:38m
2024-04-15 14:45:26 INFO Epoch 134/160	Training Loss: 1.8926	Time remaining is 0h:37m
2024-04-15 14:46:41 INFO Epoch 135/160	Training Loss: 1.8833	Time remaining is 0h:35m
2024-04-15 14:48:10 INFO Testing: dataset_name: market1501 top1:0.9480 top5:0.9816 top10:0.9908 mAP:0.8751
2024-04-15 14:49:26 INFO Epoch 136/160	Training Loss: 1.8822	Time remaining is 0h:34m
2024-04-15 14:50:42 INFO Epoch 137/160	Training Loss: 1.8920	Time remaining is 0h:33m
2024-04-15 14:51:58 INFO Epoch 138/160	Training Loss: 1.8917	Time remaining is 0h:32m
2024-04-15 14:53:13 INFO Epoch 139/160	Training Loss: 1.8811	Time remaining is 0h:30m
2024-04-15 14:54:29 INFO Epoch 140/160	Training Loss: 1.8907	Time remaining is 0h:29m
2024-04-15 14:55:58 INFO Testing: dataset_name: market1501 top1:0.9498 top5:0.9828 top10:0.9908 mAP:0.8747
2024-04-15 14:57:14 INFO Epoch 141/160	Training Loss: 1.8922	Time remaining is 0h:28m
2024-04-15 14:58:30 INFO Epoch 142/160	Training Loss: 1.8902	Time remaining is 0h:26m
2024-04-15 14:59:46 INFO Epoch 143/160	Training Loss: 1.8916	Time remaining is 0h:25m
2024-04-15 15:01:01 INFO Epoch 144/160	Training Loss: 1.8891	Time remaining is 0h:23m
2024-04-15 15:02:17 INFO Epoch 145/160	Training Loss: 1.8921	Time remaining is 0h:22m
2024-04-15 15:03:46 INFO Testing: dataset_name: market1501 top1:0.9489 top5:0.9840 top10:0.9914 mAP:0.8760
2024-04-15 15:05:02 INFO Epoch 146/160	Training Loss: 1.8898	Time remaining is 0h:21m
2024-04-15 15:06:18 INFO Epoch 147/160	Training Loss: 1.8898	Time remaining is 0h:19m
2024-04-15 15:07:34 INFO Epoch 148/160	Training Loss: 1.8907	Time remaining is 0h:18m
2024-04-15 15:08:50 INFO Epoch 149/160	Training Loss: 1.8994	Time remaining is 0h:17m
2024-04-15 15:10:05 INFO Epoch 150/160	Training Loss: 1.8796	Time remaining is 0h:15m
2024-04-15 15:11:35 INFO Testing: dataset_name: market1501 top1:0.9474 top5:0.9843 top10:0.9911 mAP:0.8755
2024-04-15 15:12:50 INFO Epoch 151/160	Training Loss: 1.8894	Time remaining is 0h:14m
2024-04-15 15:14:06 INFO Epoch 152/160	Training Loss: 1.8890	Time remaining is 0h:13m
2024-04-15 15:15:22 INFO Epoch 153/160	Training Loss: 1.8886	Time remaining is 0h:11m
2024-04-15 15:16:38 INFO Epoch 154/160	Training Loss: 1.8896	Time remaining is 0h:10m
2024-04-15 15:17:54 INFO Epoch 155/160	Training Loss: 1.8906	Time remaining is 0h:8m
2024-04-15 15:19:23 INFO Testing: dataset_name: market1501 top1:0.9477 top5:0.9843 top10:0.9908 mAP:0.8770
2024-04-15 15:20:38 INFO Epoch 156/160	Training Loss: 1.8805	Time remaining is 0h:7m
2024-04-15 15:21:54 INFO Epoch 157/160	Training Loss: 1.8895	Time remaining is 0h:6m
2024-04-15 15:23:09 INFO Epoch 158/160	Training Loss: 1.8801	Time remaining is 0h:4m
2024-04-15 15:24:25 INFO Epoch 159/160	Training Loss: 1.8880	Time remaining is 0h:3m
2024-04-15 15:25:40 INFO Epoch 160/160	Training Loss: 1.8784	Time remaining is 0h:1m
2024-04-15 15:27:10 INFO Testing: dataset_name: market1501 top1:0.9483 top5:0.9837 top10:0.9908 mAP:0.8757
2024-04-15 15:27:10 INFO The running time of training: 1.34722e+04 s
