2024-04-16 13:50:06 INFO ##################################################
2024-04-16 13:50:06 INFO Config values: batch_size: 60	current_directory: /home/hy/project/reid_task/ex_main2	dataset_name: cuhk03-np-labeled	dataset_path: /home/hy/project/data/cuhk03-np/labeled	device: cuda	dtype: torch.float32	epoch_start_test: 90	epochs: 160	img_height: 256	img_width: 128	logs_outputs_path: /home/hy/project/reid_task/ex_main2/./outputs/logs	models_outputs_path: /home/hy/project/reid_task/ex_main2/./outputs/models	np: <module 'numpy' from '/home/hy/anaconda3/envs/py396/lib/python3.9/site-packages/numpy/__init__.py'>	os: <module 'os' from '/home/hy/anaconda3/envs/py396/lib/python3.9/os.py'>	outputs_dir: ./outputs/	outputs_path: /home/hy/project/reid_task/ex_main2/./outputs/	print_every: 1	seed: 1	taskname: ReID_Task	temps_outputs_path: /home/hy/project/reid_task/ex_main2/./outputs/temps	test_batch_size: 256	test_every: 5	torch: <module 'torch' from '/home/hy/anaconda3/envs/py396/lib/python3.9/site-packages/torch/__init__.py'>
2024-04-16 13:50:06 INFO Task: ReID_Task
2024-04-16 13:50:06 INFO Using device: cuda
2024-04-16 13:50:06 INFO Using data type: torch.float32
2024-04-16 13:50:06 INFO Number of GPUs: 1
2024-04-16 13:50:06 INFO GPU is_available: True
2024-04-16 13:50:06 INFO GPU name: NVIDIA GeForce RTX 3060
2024-04-16 13:50:06 INFO CUDA version: 12.1
2024-04-16 13:50:06 INFO Current device id: 0
2024-04-16 13:50:06 INFO ##################################################
2024-04-16 13:50:51 INFO Epoch 1/160	Training Loss: 8.6931	Time remaining is 1h:58m
2024-04-16 13:51:34 INFO Epoch 2/160	Training Loss: 7.7328	Time remaining is 1h:56m
2024-04-16 13:52:17 INFO Epoch 3/160	Training Loss: 6.7909	Time remaining is 1h:54m
2024-04-16 13:53:00 INFO Epoch 4/160	Training Loss: 5.7946	Time remaining is 1h:53m
2024-04-16 13:53:43 INFO Epoch 5/160	Training Loss: 4.8545	Time remaining is 1h:52m
2024-04-16 13:54:26 INFO Epoch 6/160	Training Loss: 3.9547	Time remaining is 1h:52m
2024-04-16 13:55:09 INFO Epoch 7/160	Training Loss: 3.1465	Time remaining is 1h:51m
2024-04-16 13:55:52 INFO Epoch 8/160	Training Loss: 2.5814	Time remaining is 1h:50m
2024-04-16 13:56:35 INFO Epoch 9/160	Training Loss: 2.2935	Time remaining is 1h:49m
2024-04-16 13:57:18 INFO Epoch 10/160	Training Loss: 2.1689	Time remaining is 1h:49m
2024-04-16 13:58:01 INFO Epoch 11/160	Training Loss: 2.0647	Time remaining is 1h:48m
2024-04-16 13:58:44 INFO Epoch 12/160	Training Loss: 2.0227	Time remaining is 1h:47m
2024-04-16 13:59:27 INFO Epoch 13/160	Training Loss: 1.9821	Time remaining is 1h:46m
2024-04-16 14:00:10 INFO Epoch 14/160	Training Loss: 1.9383	Time remaining is 1h:46m
2024-04-16 14:00:53 INFO Epoch 15/160	Training Loss: 1.9186	Time remaining is 1h:45m
2024-04-16 14:01:36 INFO Epoch 16/160	Training Loss: 1.9063	Time remaining is 1h:44m
2024-04-16 14:02:19 INFO Epoch 17/160	Training Loss: 1.8931	Time remaining is 1h:43m
2024-04-16 14:03:02 INFO Epoch 18/160	Training Loss: 1.8824	Time remaining is 1h:43m
2024-04-16 14:03:45 INFO Epoch 19/160	Training Loss: 1.8611	Time remaining is 1h:42m
2024-04-16 14:04:28 INFO Epoch 20/160	Training Loss: 1.8549	Time remaining is 1h:41m
2024-04-16 14:05:11 INFO Epoch 21/160	Training Loss: 1.8502	Time remaining is 1h:41m
2024-04-16 14:05:54 INFO Epoch 22/160	Training Loss: 1.8345	Time remaining is 1h:40m
2024-04-16 14:06:37 INFO Epoch 23/160	Training Loss: 1.8354	Time remaining is 1h:39m
2024-04-16 14:07:20 INFO Epoch 24/160	Training Loss: 1.8311	Time remaining is 1h:38m
2024-04-16 14:08:03 INFO Epoch 25/160	Training Loss: 1.8396	Time remaining is 1h:38m
2024-04-16 14:08:46 INFO Epoch 26/160	Training Loss: 1.8206	Time remaining is 1h:37m
2024-04-16 14:09:29 INFO Epoch 27/160	Training Loss: 1.8199	Time remaining is 1h:36m
2024-04-16 14:10:12 INFO Epoch 28/160	Training Loss: 1.8230	Time remaining is 1h:35m
2024-04-16 14:10:55 INFO Epoch 29/160	Training Loss: 1.8169	Time remaining is 1h:35m
2024-04-16 14:11:38 INFO Epoch 30/160	Training Loss: 1.8245	Time remaining is 1h:34m
2024-04-16 14:12:21 INFO Epoch 31/160	Training Loss: 1.8245	Time remaining is 1h:33m
2024-04-16 14:13:04 INFO Epoch 32/160	Training Loss: 1.8110	Time remaining is 1h:33m
2024-04-16 14:13:48 INFO Epoch 33/160	Training Loss: 1.8188	Time remaining is 1h:32m
2024-04-16 14:14:31 INFO Epoch 34/160	Training Loss: 1.8075	Time remaining is 1h:31m
2024-04-16 14:15:14 INFO Epoch 35/160	Training Loss: 1.8028	Time remaining is 1h:30m
2024-04-16 14:15:57 INFO Epoch 36/160	Training Loss: 1.8143	Time remaining is 1h:30m
2024-04-16 14:16:40 INFO Epoch 37/160	Training Loss: 1.8131	Time remaining is 1h:29m
2024-04-16 14:17:23 INFO Epoch 38/160	Training Loss: 1.8201	Time remaining is 1h:28m
2024-04-16 14:18:06 INFO Epoch 39/160	Training Loss: 1.8234	Time remaining is 1h:28m
2024-04-16 14:18:49 INFO Epoch 40/160	Training Loss: 1.8315	Time remaining is 1h:27m
2024-04-16 14:19:32 INFO Epoch 41/160	Training Loss: 1.7874	Time remaining is 1h:26m
2024-04-16 14:20:15 INFO Epoch 42/160	Training Loss: 1.7597	Time remaining is 1h:25m
2024-04-16 14:20:58 INFO Epoch 43/160	Training Loss: 1.7430	Time remaining is 1h:25m
2024-04-16 14:21:41 INFO Epoch 44/160	Training Loss: 1.7367	Time remaining is 1h:24m
2024-04-16 14:22:24 INFO Epoch 45/160	Training Loss: 1.7320	Time remaining is 1h:23m
2024-04-16 14:23:07 INFO Epoch 46/160	Training Loss: 1.7261	Time remaining is 1h:23m
2024-04-16 14:23:50 INFO Epoch 47/160	Training Loss: 1.7198	Time remaining is 1h:22m
2024-04-16 14:24:33 INFO Epoch 48/160	Training Loss: 1.7205	Time remaining is 1h:21m
2024-04-16 14:25:16 INFO Epoch 49/160	Training Loss: 1.7156	Time remaining is 1h:20m
2024-04-16 14:25:59 INFO Epoch 50/160	Training Loss: 1.7124	Time remaining is 1h:20m
2024-04-16 14:26:42 INFO Epoch 51/160	Training Loss: 1.7122	Time remaining is 1h:19m
2024-04-16 14:27:25 INFO Epoch 52/160	Training Loss: 1.7100	Time remaining is 1h:18m
2024-04-16 14:28:08 INFO Epoch 53/160	Training Loss: 1.7071	Time remaining is 1h:18m
2024-04-16 14:28:52 INFO Epoch 54/160	Training Loss: 1.7043	Time remaining is 1h:17m
2024-04-16 14:29:35 INFO Epoch 55/160	Training Loss: 1.7011	Time remaining is 1h:16m
2024-04-16 14:30:18 INFO Epoch 56/160	Training Loss: 1.7060	Time remaining is 1h:15m
2024-04-16 14:31:01 INFO Epoch 57/160	Training Loss: 1.7013	Time remaining is 1h:15m
2024-04-16 14:31:44 INFO Epoch 58/160	Training Loss: 1.7019	Time remaining is 1h:14m
2024-04-16 14:32:27 INFO Epoch 59/160	Training Loss: 1.7015	Time remaining is 1h:13m
2024-04-16 14:33:10 INFO Epoch 60/160	Training Loss: 1.6983	Time remaining is 1h:12m
2024-04-16 14:33:53 INFO Epoch 61/160	Training Loss: 1.6988	Time remaining is 1h:12m
2024-04-16 14:34:36 INFO Epoch 62/160	Training Loss: 1.6976	Time remaining is 1h:11m
2024-04-16 14:35:19 INFO Epoch 63/160	Training Loss: 1.6958	Time remaining is 1h:10m
2024-04-16 14:36:02 INFO Epoch 64/160	Training Loss: 1.6953	Time remaining is 1h:10m
2024-04-16 14:36:45 INFO Epoch 65/160	Training Loss: 1.6962	Time remaining is 1h:9m
2024-04-16 14:37:28 INFO Epoch 66/160	Training Loss: 1.6936	Time remaining is 1h:8m
2024-04-16 14:38:11 INFO Epoch 67/160	Training Loss: 1.6948	Time remaining is 1h:7m
2024-04-16 14:38:54 INFO Epoch 68/160	Training Loss: 1.6911	Time remaining is 1h:7m
2024-04-16 14:39:37 INFO Epoch 69/160	Training Loss: 1.6925	Time remaining is 1h:6m
2024-04-16 14:40:20 INFO Epoch 70/160	Training Loss: 1.6900	Time remaining is 1h:5m
2024-04-16 14:41:03 INFO Epoch 71/160	Training Loss: 1.6895	Time remaining is 1h:5m
2024-04-16 14:41:46 INFO Epoch 72/160	Training Loss: 1.6858	Time remaining is 1h:4m
2024-04-16 14:42:29 INFO Epoch 73/160	Training Loss: 1.6869	Time remaining is 1h:3m
2024-04-16 14:43:12 INFO Epoch 74/160	Training Loss: 1.6858	Time remaining is 1h:2m
2024-04-16 14:43:55 INFO Epoch 75/160	Training Loss: 1.6826	Time remaining is 1h:2m
2024-04-16 14:44:38 INFO Epoch 76/160	Training Loss: 1.6827	Time remaining is 1h:1m
2024-04-16 14:45:21 INFO Epoch 77/160	Training Loss: 1.6847	Time remaining is 1h:0m
2024-04-16 14:46:04 INFO Epoch 78/160	Training Loss: 1.6827	Time remaining is 0h:60m
2024-04-16 14:46:47 INFO Epoch 79/160	Training Loss: 1.6830	Time remaining is 0h:59m
2024-04-16 14:47:30 INFO Epoch 80/160	Training Loss: 1.6818	Time remaining is 0h:58m
2024-04-16 14:48:13 INFO Epoch 81/160	Training Loss: 1.6814	Time remaining is 0h:57m
2024-04-16 14:48:56 INFO Epoch 82/160	Training Loss: 1.6810	Time remaining is 0h:57m
2024-04-16 14:49:39 INFO Epoch 83/160	Training Loss: 1.6811	Time remaining is 0h:56m
2024-04-16 14:50:22 INFO Epoch 84/160	Training Loss: 1.6818	Time remaining is 0h:55m
2024-04-16 14:51:05 INFO Epoch 85/160	Training Loss: 1.6811	Time remaining is 0h:55m
2024-04-16 14:51:48 INFO Epoch 86/160	Training Loss: 1.6817	Time remaining is 0h:54m
2024-04-16 14:52:31 INFO Epoch 87/160	Training Loss: 1.6801	Time remaining is 0h:53m
2024-04-16 14:53:14 INFO Epoch 88/160	Training Loss: 1.6809	Time remaining is 0h:52m
2024-04-16 14:53:57 INFO Epoch 89/160	Training Loss: 1.6795	Time remaining is 0h:52m
2024-04-16 14:54:40 INFO Epoch 90/160	Training Loss: 1.6802	Time remaining is 0h:51m
2024-04-16 14:55:06 INFO Testing: dataset_name: cuhk03-np-labeled top1:0.6650 top5:0.8464 top10:0.9021 mAP:0.6473
2024-04-16 14:55:49 INFO Epoch 91/160	Training Loss: 1.6806	Time remaining is 0h:51m
2024-04-16 14:56:32 INFO Epoch 92/160	Training Loss: 1.6797	Time remaining is 0h:50m
2024-04-16 14:57:16 INFO Epoch 93/160	Training Loss: 1.6788	Time remaining is 0h:49m
2024-04-16 14:57:59 INFO Epoch 94/160	Training Loss: 1.6791	Time remaining is 0h:48m
2024-04-16 14:58:42 INFO Epoch 95/160	Training Loss: 1.6788	Time remaining is 0h:48m
2024-04-16 14:59:08 INFO Testing: dataset_name: cuhk03-np-labeled top1:0.6679 top5:0.8429 top10:0.9057 mAP:0.6507
2024-04-16 14:59:51 INFO Epoch 96/160	Training Loss: 1.6801	Time remaining is 0h:47m
2024-04-16 15:00:34 INFO Epoch 97/160	Training Loss: 1.6779	Time remaining is 0h:46m
2024-04-16 15:01:18 INFO Epoch 98/160	Training Loss: 1.6780	Time remaining is 0h:46m
2024-04-16 15:02:01 INFO Epoch 99/160	Training Loss: 1.6782	Time remaining is 0h:45m
2024-04-16 15:02:44 INFO Epoch 100/160	Training Loss: 1.6793	Time remaining is 0h:44m
2024-04-16 15:03:10 INFO Testing: dataset_name: cuhk03-np-labeled top1:0.6614 top5:0.8421 top10:0.9064 mAP:0.6497
2024-04-16 15:03:53 INFO Epoch 101/160	Training Loss: 1.6767	Time remaining is 0h:44m
2024-04-16 15:04:36 INFO Epoch 102/160	Training Loss: 1.6792	Time remaining is 0h:43m
2024-04-16 15:05:20 INFO Epoch 103/160	Training Loss: 1.6775	Time remaining is 0h:42m
2024-04-16 15:06:03 INFO Epoch 104/160	Training Loss: 1.6774	Time remaining is 0h:42m
2024-04-16 15:06:46 INFO Epoch 105/160	Training Loss: 1.6776	Time remaining is 0h:41m
2024-04-16 15:07:12 INFO Testing: dataset_name: cuhk03-np-labeled top1:0.6743 top5:0.8486 top10:0.9079 mAP:0.6544
2024-04-16 15:07:56 INFO Epoch 106/160	Training Loss: 1.6780	Time remaining is 0h:40m
2024-04-16 15:08:39 INFO Epoch 107/160	Training Loss: 1.6770	Time remaining is 0h:40m
2024-04-16 15:09:22 INFO Epoch 108/160	Training Loss: 1.6771	Time remaining is 0h:39m
2024-04-16 15:10:05 INFO Epoch 109/160	Training Loss: 1.6775	Time remaining is 0h:38m
2024-04-16 15:10:48 INFO Epoch 110/160	Training Loss: 1.6768	Time remaining is 0h:37m
2024-04-16 15:11:14 INFO Testing: dataset_name: cuhk03-np-labeled top1:0.6757 top5:0.8529 top10:0.9143 mAP:0.6592
2024-04-16 15:11:58 INFO Epoch 111/160	Training Loss: 1.6769	Time remaining is 0h:37m
2024-04-16 15:12:41 INFO Epoch 112/160	Training Loss: 1.6771	Time remaining is 0h:36m
2024-04-16 15:13:24 INFO Epoch 113/160	Training Loss: 1.6766	Time remaining is 0h:35m
2024-04-16 15:14:07 INFO Epoch 114/160	Training Loss: 1.6740	Time remaining is 0h:35m
2024-04-16 15:14:50 INFO Epoch 115/160	Training Loss: 1.6759	Time remaining is 0h:34m
2024-04-16 15:15:16 INFO Testing: dataset_name: cuhk03-np-labeled top1:0.6800 top5:0.8536 top10:0.9107 mAP:0.6559
2024-04-16 15:15:59 INFO Epoch 116/160	Training Loss: 1.6757	Time remaining is 0h:33m
2024-04-16 15:16:43 INFO Epoch 117/160	Training Loss: 1.6760	Time remaining is 0h:33m
2024-04-16 15:17:26 INFO Epoch 118/160	Training Loss: 1.6755	Time remaining is 0h:32m
2024-04-16 15:18:09 INFO Epoch 119/160	Training Loss: 1.6750	Time remaining is 0h:31m
2024-04-16 15:18:52 INFO Epoch 120/160	Training Loss: 1.6765	Time remaining is 0h:30m
2024-04-16 15:19:18 INFO Testing: dataset_name: cuhk03-np-labeled top1:0.6893 top5:0.8536 top10:0.9129 mAP:0.6644
2024-04-16 15:20:01 INFO Epoch 121/160	Training Loss: 1.6748	Time remaining is 0h:30m
2024-04-16 15:20:44 INFO Epoch 122/160	Training Loss: 1.6740	Time remaining is 0h:29m
2024-04-16 15:21:27 INFO Epoch 123/160	Training Loss: 1.6747	Time remaining is 0h:28m
2024-04-16 15:22:11 INFO Epoch 124/160	Training Loss: 1.6748	Time remaining is 0h:27m
2024-04-16 15:22:54 INFO Epoch 125/160	Training Loss: 1.6733	Time remaining is 0h:27m
2024-04-16 15:23:20 INFO Testing: dataset_name: cuhk03-np-labeled top1:0.6871 top5:0.8607 top10:0.9086 mAP:0.6643
2024-04-16 15:24:03 INFO Epoch 126/160	Training Loss: 1.6742	Time remaining is 0h:26m
2024-04-16 15:24:46 INFO Epoch 127/160	Training Loss: 1.6737	Time remaining is 0h:25m
2024-04-16 15:25:29 INFO Epoch 128/160	Training Loss: 1.6743	Time remaining is 0h:25m
2024-04-16 15:26:12 INFO Epoch 129/160	Training Loss: 1.6745	Time remaining is 0h:24m
2024-04-16 15:26:56 INFO Epoch 130/160	Training Loss: 1.6734	Time remaining is 0h:23m
2024-04-16 15:27:22 INFO Testing: dataset_name: cuhk03-np-labeled top1:0.6893 top5:0.8536 top10:0.9107 mAP:0.6660
2024-04-16 15:28:05 INFO Epoch 131/160	Training Loss: 1.6748	Time remaining is 0h:22m
2024-04-16 15:28:48 INFO Epoch 132/160	Training Loss: 1.6742	Time remaining is 0h:22m
2024-04-16 15:29:31 INFO Epoch 133/160	Training Loss: 1.6738	Time remaining is 0h:21m
2024-04-16 15:30:14 INFO Epoch 134/160	Training Loss: 1.6728	Time remaining is 0h:20m
2024-04-16 15:30:58 INFO Epoch 135/160	Training Loss: 1.6721	Time remaining is 0h:19m
2024-04-16 15:31:24 INFO Testing: dataset_name: cuhk03-np-labeled top1:0.6907 top5:0.8571 top10:0.9143 mAP:0.6685
2024-04-16 15:32:07 INFO Epoch 136/160	Training Loss: 1.6734	Time remaining is 0h:19m
2024-04-16 15:32:50 INFO Epoch 137/160	Training Loss: 1.6723	Time remaining is 0h:18m
2024-04-16 15:33:33 INFO Epoch 138/160	Training Loss: 1.6738	Time remaining is 0h:17m
2024-04-16 15:34:17 INFO Epoch 139/160	Training Loss: 1.6730	Time remaining is 0h:16m
2024-04-16 15:35:00 INFO Epoch 140/160	Training Loss: 1.6717	Time remaining is 0h:16m
2024-04-16 15:35:26 INFO Testing: dataset_name: cuhk03-np-labeled top1:0.6893 top5:0.8543 top10:0.9093 mAP:0.6679
2024-04-16 15:36:09 INFO Epoch 141/160	Training Loss: 1.6728	Time remaining is 0h:15m
2024-04-16 15:36:52 INFO Epoch 142/160	Training Loss: 1.6718	Time remaining is 0h:14m
2024-04-16 15:37:35 INFO Epoch 143/160	Training Loss: 1.6736	Time remaining is 0h:14m
2024-04-16 15:38:18 INFO Epoch 144/160	Training Loss: 1.6721	Time remaining is 0h:13m
2024-04-16 15:39:01 INFO Epoch 145/160	Training Loss: 1.6711	Time remaining is 0h:12m
2024-04-16 15:39:28 INFO Testing: dataset_name: cuhk03-np-labeled top1:0.6857 top5:0.8614 top10:0.9164 mAP:0.6673
2024-04-16 15:40:11 INFO Epoch 146/160	Training Loss: 1.6715	Time remaining is 0h:11m
2024-04-16 15:40:54 INFO Epoch 147/160	Training Loss: 1.6722	Time remaining is 0h:11m
2024-04-16 15:41:37 INFO Epoch 148/160	Training Loss: 1.6707	Time remaining is 0h:10m
2024-04-16 15:42:20 INFO Epoch 149/160	Training Loss: 1.6715	Time remaining is 0h:9m
2024-04-16 15:43:03 INFO Epoch 150/160	Training Loss: 1.6723	Time remaining is 0h:8m
2024-04-16 15:43:29 INFO Testing: dataset_name: cuhk03-np-labeled top1:0.7029 top5:0.8636 top10:0.9179 mAP:0.6762
2024-04-16 15:44:12 INFO Epoch 151/160	Training Loss: 1.6720	Time remaining is 0h:8m
2024-04-16 15:44:56 INFO Epoch 152/160	Training Loss: 1.6713	Time remaining is 0h:7m
2024-04-16 15:45:39 INFO Epoch 153/160	Training Loss: 1.6710	Time remaining is 0h:6m
2024-04-16 15:46:22 INFO Epoch 154/160	Training Loss: 1.6700	Time remaining is 0h:5m
2024-04-16 15:47:05 INFO Epoch 155/160	Training Loss: 1.6715	Time remaining is 0h:5m
2024-04-16 15:47:31 INFO Testing: dataset_name: cuhk03-np-labeled top1:0.6979 top5:0.8650 top10:0.9164 mAP:0.6746
2024-04-16 15:48:14 INFO Epoch 156/160	Training Loss: 1.6710	Time remaining is 0h:4m
2024-04-16 15:48:57 INFO Epoch 157/160	Training Loss: 1.6701	Time remaining is 0h:3m
2024-04-16 15:49:41 INFO Epoch 158/160	Training Loss: 1.6720	Time remaining is 0h:2m
2024-04-16 15:50:24 INFO Epoch 159/160	Training Loss: 1.6702	Time remaining is 0h:2m
2024-04-16 15:51:07 INFO Epoch 160/160	Training Loss: 1.6705	Time remaining is 0h:1m
2024-04-16 15:51:33 INFO Testing: dataset_name: cuhk03-np-labeled top1:0.6943 top5:0.8586 top10:0.9121 mAP:0.6716
2024-04-16 15:51:33 INFO The running time of training: 7.28769e+03 s
