2024-07-14 18:36:44 INFO ##################################################
2024-07-14 18:36:44 INFO Config values: batch_size: 60	current_directory: /home/hy/project/reid_task/ex_main12	dataset_name: market1501	dataset_path: /home/hy/project/data/Market-1501-v15.09.15	device: cuda	dtype: torch.float32	epoch_start_test: 90	epochs: 300	img_height: 256	img_width: 128	logs_outputs_path: /home/hy/project/reid_task/ex_main12/./outputs/logs	models_outputs_path: /home/hy/project/reid_task/ex_main12/./outputs/models	np: <module 'numpy' from '/home/hy/anaconda3/envs/py396/lib/python3.9/site-packages/numpy/__init__.py'>	os: <module 'os' from '/home/hy/anaconda3/envs/py396/lib/python3.9/os.py'>	outputs_dir: ./outputs/	outputs_path: /home/hy/project/reid_task/ex_main12/./outputs/	print_every: 1	seed: 1	taskname: ReID_Task	temps_outputs_path: /home/hy/project/reid_task/ex_main12/./outputs/temps	test_batch_size: 256	test_every: 5	torch: <module 'torch' from '/home/hy/anaconda3/envs/py396/lib/python3.9/site-packages/torch/__init__.py'>
2024-07-14 18:36:44 INFO Task: ReID_Task
2024-07-14 18:36:44 INFO Using device: cuda
2024-07-14 18:36:44 INFO Using data type: torch.float32
2024-07-14 18:36:44 INFO Number of GPUs: 1
2024-07-14 18:36:44 INFO GPU is_available: True
2024-07-14 18:36:44 INFO GPU name: NVIDIA GeForce RTX 3060
2024-07-14 18:36:44 INFO CUDA version: 12.1
2024-07-14 18:36:44 INFO Current device id: 0
2024-07-14 18:36:44 INFO ##################################################
2024-07-14 18:37:52 INFO Epoch 1/300	Training Loss: 11.2231	Time remaining is 5h:35m
2024-07-14 18:38:59 INFO Epoch 2/300	Training Loss: 8.5684	Time remaining is 5h:34m
2024-07-14 18:40:06 INFO Epoch 3/300	Training Loss: 5.7892	Time remaining is 5h:33m
2024-07-14 18:41:13 INFO Epoch 4/300	Training Loss: 4.5064	Time remaining is 5h:32m
2024-07-14 18:42:20 INFO Epoch 5/300	Training Loss: 3.4251	Time remaining is 5h:31m
2024-07-14 18:43:27 INFO Epoch 6/300	Training Loss: 2.6037	Time remaining is 5h:30m
2024-07-14 18:44:34 INFO Epoch 7/300	Training Loss: 2.1088	Time remaining is 5h:28m
2024-07-14 18:45:40 INFO Epoch 8/300	Training Loss: 1.8302	Time remaining is 5h:27m
2024-07-14 18:46:47 INFO Epoch 9/300	Training Loss: 1.6549	Time remaining is 5h:26m
2024-07-14 18:47:55 INFO Epoch 10/300	Training Loss: 1.5646	Time remaining is 5h:25m
2024-07-14 18:49:02 INFO Epoch 11/300	Training Loss: 1.4981	Time remaining is 5h:24m
2024-07-14 18:50:09 INFO Epoch 12/300	Training Loss: 1.4416	Time remaining is 5h:23m
2024-07-14 18:51:16 INFO Epoch 13/300	Training Loss: 1.3815	Time remaining is 5h:22m
2024-07-14 18:52:24 INFO Epoch 14/300	Training Loss: 1.3575	Time remaining is 5h:21m
2024-07-14 18:53:31 INFO Epoch 15/300	Training Loss: 1.3375	Time remaining is 5h:20m
2024-07-14 18:54:38 INFO Epoch 16/300	Training Loss: 1.3229	Time remaining is 5h:19m
2024-07-14 18:55:45 INFO Epoch 17/300	Training Loss: 1.3037	Time remaining is 5h:17m
2024-07-14 18:56:52 INFO Epoch 18/300	Training Loss: 1.2878	Time remaining is 5h:16m
2024-07-14 18:57:59 INFO Epoch 19/300	Training Loss: 1.2889	Time remaining is 5h:15m
2024-07-14 18:59:06 INFO Epoch 20/300	Training Loss: 1.2884	Time remaining is 5h:14m
2024-07-14 19:00:13 INFO Epoch 21/300	Training Loss: 1.2792	Time remaining is 5h:13m
2024-07-14 19:01:20 INFO Epoch 22/300	Training Loss: 1.2733	Time remaining is 5h:12m
2024-07-14 19:02:27 INFO Epoch 23/300	Training Loss: 1.2698	Time remaining is 5h:11m
2024-07-14 19:03:34 INFO Epoch 24/300	Training Loss: 1.2875	Time remaining is 5h:10m
2024-07-14 19:04:41 INFO Epoch 25/300	Training Loss: 1.2795	Time remaining is 5h:8m
2024-07-14 19:05:48 INFO Epoch 26/300	Training Loss: 1.2875	Time remaining is 5h:7m
2024-07-14 19:06:56 INFO Epoch 27/300	Training Loss: 1.2769	Time remaining is 5h:6m
2024-07-14 19:08:02 INFO Epoch 28/300	Training Loss: 1.2723	Time remaining is 5h:5m
2024-07-14 19:09:09 INFO Epoch 29/300	Training Loss: 1.2597	Time remaining is 5h:4m
2024-07-14 19:10:16 INFO Epoch 30/300	Training Loss: 1.2536	Time remaining is 5h:3m
2024-07-14 19:11:23 INFO Epoch 31/300	Training Loss: 1.2667	Time remaining is 5h:2m
2024-07-14 19:12:30 INFO Epoch 32/300	Training Loss: 1.2646	Time remaining is 5h:1m
2024-07-14 19:13:37 INFO Epoch 33/300	Training Loss: 1.2630	Time remaining is 4h:60m
2024-07-14 19:14:45 INFO Epoch 34/300	Training Loss: 1.2769	Time remaining is 4h:58m
2024-07-14 19:15:52 INFO Epoch 35/300	Training Loss: 1.2645	Time remaining is 4h:57m
2024-07-14 19:16:59 INFO Epoch 36/300	Training Loss: 1.2618	Time remaining is 4h:56m
2024-07-14 19:18:06 INFO Epoch 37/300	Training Loss: 1.2552	Time remaining is 4h:55m
2024-07-14 19:19:13 INFO Epoch 38/300	Training Loss: 1.2591	Time remaining is 4h:54m
2024-07-14 19:20:20 INFO Epoch 39/300	Training Loss: 1.2528	Time remaining is 4h:53m
2024-07-14 19:21:27 INFO Epoch 40/300	Training Loss: 1.2571	Time remaining is 4h:52m
2024-07-14 19:22:34 INFO Epoch 41/300	Training Loss: 1.1880	Time remaining is 4h:51m
2024-07-14 19:23:41 INFO Epoch 42/300	Training Loss: 1.1154	Time remaining is 4h:49m
2024-07-14 19:24:48 INFO Epoch 43/300	Training Loss: 1.1048	Time remaining is 4h:48m
2024-07-14 19:25:55 INFO Epoch 44/300	Training Loss: 1.0952	Time remaining is 4h:47m
2024-07-14 19:27:02 INFO Epoch 45/300	Training Loss: 1.0897	Time remaining is 4h:46m
2024-07-14 19:28:09 INFO Epoch 46/300	Training Loss: 1.0854	Time remaining is 4h:45m
2024-07-14 19:29:16 INFO Epoch 47/300	Training Loss: 1.0749	Time remaining is 4h:44m
2024-07-14 19:30:23 INFO Epoch 48/300	Training Loss: 1.0764	Time remaining is 4h:43m
2024-07-14 19:31:30 INFO Epoch 49/300	Training Loss: 1.0678	Time remaining is 4h:42m
2024-07-14 19:32:37 INFO Epoch 50/300	Training Loss: 1.0689	Time remaining is 4h:41m
2024-07-14 19:33:44 INFO Epoch 51/300	Training Loss: 1.0628	Time remaining is 4h:39m
2024-07-14 19:34:51 INFO Epoch 52/300	Training Loss: 1.0657	Time remaining is 4h:38m
2024-07-14 19:35:58 INFO Epoch 53/300	Training Loss: 1.0658	Time remaining is 4h:37m
2024-07-14 19:37:05 INFO Epoch 54/300	Training Loss: 1.0619	Time remaining is 4h:36m
2024-07-14 19:38:13 INFO Epoch 55/300	Training Loss: 1.0650	Time remaining is 4h:35m
2024-07-14 19:39:20 INFO Epoch 56/300	Training Loss: 1.0600	Time remaining is 4h:34m
2024-07-14 19:40:27 INFO Epoch 57/300	Training Loss: 1.0517	Time remaining is 4h:33m
2024-07-14 19:41:34 INFO Epoch 58/300	Training Loss: 1.0599	Time remaining is 4h:32m
2024-07-14 19:42:41 INFO Epoch 59/300	Training Loss: 1.0577	Time remaining is 4h:30m
2024-07-14 19:43:48 INFO Epoch 60/300	Training Loss: 1.0549	Time remaining is 4h:29m
2024-07-14 19:44:55 INFO Epoch 61/300	Training Loss: 1.0565	Time remaining is 4h:28m
2024-07-14 19:46:02 INFO Epoch 62/300	Training Loss: 1.0549	Time remaining is 4h:27m
2024-07-14 19:47:09 INFO Epoch 63/300	Training Loss: 1.0514	Time remaining is 4h:26m
2024-07-14 19:48:16 INFO Epoch 64/300	Training Loss: 1.0509	Time remaining is 4h:25m
2024-07-14 19:49:23 INFO Epoch 65/300	Training Loss: 1.0485	Time remaining is 4h:24m
2024-07-14 19:50:30 INFO Epoch 66/300	Training Loss: 1.0480	Time remaining is 4h:23m
2024-07-14 19:51:38 INFO Epoch 67/300	Training Loss: 1.0560	Time remaining is 4h:22m
2024-07-14 19:52:45 INFO Epoch 68/300	Training Loss: 1.0474	Time remaining is 4h:20m
2024-07-14 19:53:52 INFO Epoch 69/300	Training Loss: 1.0433	Time remaining is 4h:19m
2024-07-14 19:54:59 INFO Epoch 70/300	Training Loss: 1.0477	Time remaining is 4h:18m
2024-07-14 19:56:06 INFO Epoch 71/300	Training Loss: 1.0438	Time remaining is 4h:17m
2024-07-14 19:57:13 INFO Epoch 72/300	Training Loss: 1.0396	Time remaining is 4h:16m
2024-07-14 19:58:20 INFO Epoch 73/300	Training Loss: 1.0373	Time remaining is 4h:15m
2024-07-14 19:59:27 INFO Epoch 74/300	Training Loss: 1.0324	Time remaining is 4h:14m
2024-07-14 20:00:34 INFO Epoch 75/300	Training Loss: 1.0307	Time remaining is 4h:13m
2024-07-14 20:01:41 INFO Epoch 76/300	Training Loss: 1.0272	Time remaining is 4h:11m
2024-07-14 20:02:49 INFO Epoch 77/300	Training Loss: 1.0346	Time remaining is 4h:10m
2024-07-14 20:03:56 INFO Epoch 78/300	Training Loss: 1.0297	Time remaining is 4h:9m
2024-07-14 20:05:03 INFO Epoch 79/300	Training Loss: 1.0326	Time remaining is 4h:8m
2024-07-14 20:06:10 INFO Epoch 80/300	Training Loss: 1.0330	Time remaining is 4h:7m
2024-07-14 20:07:17 INFO Epoch 81/300	Training Loss: 1.0302	Time remaining is 4h:6m
2024-07-14 20:08:24 INFO Epoch 82/300	Training Loss: 1.0326	Time remaining is 4h:5m
2024-07-14 20:09:32 INFO Epoch 83/300	Training Loss: 1.0326	Time remaining is 4h:4m
2024-07-14 20:10:39 INFO Epoch 84/300	Training Loss: 1.0290	Time remaining is 4h:3m
2024-07-14 20:11:46 INFO Epoch 85/300	Training Loss: 1.0333	Time remaining is 4h:1m
2024-07-14 20:12:54 INFO Epoch 86/300	Training Loss: 1.0326	Time remaining is 4h:0m
2024-07-14 20:14:01 INFO Epoch 87/300	Training Loss: 1.0295	Time remaining is 3h:59m
2024-07-14 20:15:08 INFO Epoch 88/300	Training Loss: 1.0234	Time remaining is 3h:58m
2024-07-14 20:16:15 INFO Epoch 89/300	Training Loss: 1.0294	Time remaining is 3h:57m
2024-07-14 20:17:23 INFO Epoch 90/300	Training Loss: 1.0295	Time remaining is 3h:56m
2024-07-14 20:18:37 INFO Testing: dataset_name: market1501 top1: 93.468 top5: 98.040 top10: 99.020 mAP: 84.795
2024-07-14 20:19:44 INFO Epoch 91/300	Training Loss: 1.0300	Time remaining is 3h:58m
2024-07-14 20:20:51 INFO Epoch 92/300	Training Loss: 1.0233	Time remaining is 3h:56m
2024-07-14 20:21:58 INFO Epoch 93/300	Training Loss: 1.0295	Time remaining is 3h:55m
2024-07-14 20:23:05 INFO Epoch 94/300	Training Loss: 1.0294	Time remaining is 3h:54m
2024-07-14 20:24:12 INFO Epoch 95/300	Training Loss: 1.0229	Time remaining is 3h:53m
2024-07-14 20:25:26 INFO Testing: dataset_name: market1501 top1: 93.587 top5: 98.040 top10: 98.990 mAP: 84.849
2024-07-14 20:26:33 INFO Epoch 96/300	Training Loss: 1.0286	Time remaining is 3h:54m
2024-07-14 20:27:40 INFO Epoch 97/300	Training Loss: 1.0219	Time remaining is 3h:53m
2024-07-14 20:28:48 INFO Epoch 98/300	Training Loss: 1.0292	Time remaining is 3h:52m
2024-07-14 20:29:55 INFO Epoch 99/300	Training Loss: 1.0284	Time remaining is 3h:51m
2024-07-14 20:31:03 INFO Epoch 100/300	Training Loss: 1.0243	Time remaining is 3h:50m
2024-07-14 20:32:17 INFO Testing: dataset_name: market1501 top1: 93.616 top5: 98.070 top10: 99.050 mAP: 84.845
2024-07-14 20:33:24 INFO Epoch 101/300	Training Loss: 1.0275	Time remaining is 3h:51m
2024-07-14 20:34:32 INFO Epoch 102/300	Training Loss: 1.0280	Time remaining is 3h:50m
2024-07-14 20:35:39 INFO Epoch 103/300	Training Loss: 1.0256	Time remaining is 3h:49m
2024-07-14 20:36:47 INFO Epoch 104/300	Training Loss: 1.0253	Time remaining is 3h:47m
2024-07-14 20:37:55 INFO Epoch 105/300	Training Loss: 1.0315	Time remaining is 3h:46m
2024-07-14 20:39:09 INFO Testing: dataset_name: market1501 top1: 93.587 top5: 98.129 top10: 99.109 mAP: 84.993
2024-07-14 20:40:17 INFO Epoch 106/300	Training Loss: 1.0269	Time remaining is 3h:47m
2024-07-14 20:41:24 INFO Epoch 107/300	Training Loss: 1.0205	Time remaining is 3h:46m
2024-07-14 20:42:31 INFO Epoch 108/300	Training Loss: 1.0284	Time remaining is 3h:45m
2024-07-14 20:43:39 INFO Epoch 109/300	Training Loss: 1.0253	Time remaining is 3h:44m
2024-07-14 20:44:46 INFO Epoch 110/300	Training Loss: 1.0259	Time remaining is 3h:42m
2024-07-14 20:46:00 INFO Testing: dataset_name: market1501 top1: 93.646 top5: 98.159 top10: 99.109 mAP: 85.148
2024-07-14 20:47:07 INFO Epoch 111/300	Training Loss: 1.0199	Time remaining is 3h:43m
2024-07-14 20:48:14 INFO Epoch 112/300	Training Loss: 1.0241	Time remaining is 3h:42m
2024-07-14 20:49:22 INFO Epoch 113/300	Training Loss: 1.0236	Time remaining is 3h:41m
2024-07-14 20:50:29 INFO Epoch 114/300	Training Loss: 1.0213	Time remaining is 3h:39m
2024-07-14 20:51:36 INFO Epoch 115/300	Training Loss: 1.0300	Time remaining is 3h:38m
2024-07-14 20:52:50 INFO Testing: dataset_name: market1501 top1: 93.973 top5: 98.159 top10: 99.109 mAP: 85.285
2024-07-14 20:53:58 INFO Epoch 116/300	Training Loss: 1.0233	Time remaining is 3h:39m
2024-07-14 20:55:06 INFO Epoch 117/300	Training Loss: 1.0259	Time remaining is 3h:38m
2024-07-14 20:56:13 INFO Epoch 118/300	Training Loss: 1.0248	Time remaining is 3h:36m
2024-07-14 20:57:21 INFO Epoch 119/300	Training Loss: 1.0306	Time remaining is 3h:35m
2024-07-14 20:58:28 INFO Epoch 120/300	Training Loss: 1.0188	Time remaining is 3h:34m
2024-07-14 20:59:42 INFO Testing: dataset_name: market1501 top1: 93.735 top5: 98.278 top10: 99.020 mAP: 85.369
2024-07-14 21:00:49 INFO Epoch 121/300	Training Loss: 1.0241	Time remaining is 3h:34m
2024-07-14 21:01:57 INFO Epoch 122/300	Training Loss: 1.0222	Time remaining is 3h:33m
2024-07-14 21:03:04 INFO Epoch 123/300	Training Loss: 1.0231	Time remaining is 3h:32m
2024-07-14 21:04:11 INFO Epoch 124/300	Training Loss: 1.0199	Time remaining is 3h:30m
2024-07-14 21:05:18 INFO Epoch 125/300	Training Loss: 1.0234	Time remaining is 3h:29m
2024-07-14 21:06:32 INFO Testing: dataset_name: market1501 top1: 93.735 top5: 98.219 top10: 99.050 mAP: 85.387
2024-07-14 21:07:39 INFO Epoch 126/300	Training Loss: 1.0234	Time remaining is 3h:30m
2024-07-14 21:08:47 INFO Epoch 127/300	Training Loss: 1.0232	Time remaining is 3h:28m
2024-07-14 21:09:55 INFO Epoch 128/300	Training Loss: 1.0228	Time remaining is 3h:27m
2024-07-14 21:11:02 INFO Epoch 129/300	Training Loss: 1.0233	Time remaining is 3h:26m
2024-07-14 21:12:09 INFO Epoch 130/300	Training Loss: 1.0232	Time remaining is 3h:24m
2024-07-14 21:13:23 INFO Testing: dataset_name: market1501 top1: 93.735 top5: 98.248 top10: 99.050 mAP: 85.453
2024-07-14 21:14:30 INFO Epoch 131/300	Training Loss: 1.0184	Time remaining is 3h:25m
2024-07-14 21:15:38 INFO Epoch 132/300	Training Loss: 1.0225	Time remaining is 3h:23m
2024-07-14 21:16:44 INFO Epoch 133/300	Training Loss: 1.0167	Time remaining is 3h:22m
2024-07-14 21:17:52 INFO Epoch 134/300	Training Loss: 1.0228	Time remaining is 3h:21m
2024-07-14 21:18:59 INFO Epoch 135/300	Training Loss: 1.0183	Time remaining is 3h:19m
2024-07-14 21:20:13 INFO Testing: dataset_name: market1501 top1: 93.824 top5: 98.219 top10: 99.198 mAP: 85.694
2024-07-14 21:21:20 INFO Epoch 136/300	Training Loss: 1.0172	Time remaining is 3h:20m
2024-07-14 21:22:27 INFO Epoch 137/300	Training Loss: 1.0221	Time remaining is 3h:18m
2024-07-14 21:23:34 INFO Epoch 138/300	Training Loss: 1.0232	Time remaining is 3h:17m
2024-07-14 21:24:41 INFO Epoch 139/300	Training Loss: 1.0166	Time remaining is 3h:16m
2024-07-14 21:25:49 INFO Epoch 140/300	Training Loss: 1.0220	Time remaining is 3h:14m
2024-07-14 21:27:03 INFO Testing: dataset_name: market1501 top1: 93.854 top5: 98.248 top10: 99.139 mAP: 85.645
2024-07-14 21:28:10 INFO Epoch 141/300	Training Loss: 1.0211	Time remaining is 3h:15m
2024-07-14 21:29:17 INFO Epoch 142/300	Training Loss: 1.0222	Time remaining is 3h:13m
2024-07-14 21:30:24 INFO Epoch 143/300	Training Loss: 1.0222	Time remaining is 3h:12m
2024-07-14 21:31:32 INFO Epoch 144/300	Training Loss: 1.0198	Time remaining is 3h:11m
2024-07-14 21:32:39 INFO Epoch 145/300	Training Loss: 1.0225	Time remaining is 3h:9m
2024-07-14 21:33:53 INFO Testing: dataset_name: market1501 top1: 93.973 top5: 98.308 top10: 99.169 mAP: 85.729
2024-07-14 21:35:01 INFO Epoch 146/300	Training Loss: 1.0196	Time remaining is 3h:9m
2024-07-14 21:36:08 INFO Epoch 147/300	Training Loss: 1.0205	Time remaining is 3h:8m
2024-07-14 21:37:15 INFO Epoch 148/300	Training Loss: 1.0188	Time remaining is 3h:7m
2024-07-14 21:38:23 INFO Epoch 149/300	Training Loss: 1.0268	Time remaining is 3h:5m
2024-07-14 21:39:29 INFO Epoch 150/300	Training Loss: 1.0142	Time remaining is 3h:4m
2024-07-14 21:40:44 INFO Testing: dataset_name: market1501 top1: 93.854 top5: 98.308 top10: 99.020 mAP: 85.661
2024-07-14 21:41:51 INFO Epoch 151/300	Training Loss: 1.0209	Time remaining is 3h:4m
2024-07-14 21:42:59 INFO Epoch 152/300	Training Loss: 1.0190	Time remaining is 3h:3m
2024-07-14 21:44:06 INFO Epoch 153/300	Training Loss: 1.0183	Time remaining is 3h:1m
2024-07-14 21:45:13 INFO Epoch 154/300	Training Loss: 1.0224	Time remaining is 2h:60m
2024-07-14 21:46:20 INFO Epoch 155/300	Training Loss: 1.0208	Time remaining is 2h:59m
2024-07-14 21:47:34 INFO Testing: dataset_name: market1501 top1: 93.854 top5: 98.337 top10: 99.139 mAP: 85.921
2024-07-14 21:48:42 INFO Epoch 156/300	Training Loss: 1.0146	Time remaining is 2h:58m
2024-07-14 21:49:50 INFO Epoch 157/300	Training Loss: 1.0194	Time remaining is 2h:57m
2024-07-14 21:50:57 INFO Epoch 158/300	Training Loss: 1.0159	Time remaining is 2h:56m
2024-07-14 21:52:04 INFO Epoch 159/300	Training Loss: 1.0184	Time remaining is 2h:54m
2024-07-14 21:53:11 INFO Epoch 160/300	Training Loss: 1.0125	Time remaining is 2h:53m
2024-07-14 21:54:26 INFO Testing: dataset_name: market1501 top1: 93.735 top5: 98.397 top10: 99.228 mAP: 85.798
2024-07-14 21:55:33 INFO Epoch 161/300	Training Loss: 1.0175	Time remaining is 2h:53m
2024-07-14 21:56:40 INFO Epoch 162/300	Training Loss: 1.0181	Time remaining is 2h:52m
2024-07-14 21:57:47 INFO Epoch 163/300	Training Loss: 1.0125	Time remaining is 2h:50m
2024-07-14 21:58:54 INFO Epoch 164/300	Training Loss: 1.0178	Time remaining is 2h:49m
2024-07-14 22:00:01 INFO Epoch 165/300	Training Loss: 1.0136	Time remaining is 2h:48m
2024-07-14 22:01:15 INFO Testing: dataset_name: market1501 top1: 93.705 top5: 98.397 top10: 99.139 mAP: 85.964
2024-07-14 22:02:22 INFO Epoch 166/300	Training Loss: 1.0124	Time remaining is 2h:47m
2024-07-14 22:03:30 INFO Epoch 167/300	Training Loss: 1.0171	Time remaining is 2h:46m
2024-07-14 22:04:37 INFO Epoch 168/300	Training Loss: 1.0129	Time remaining is 2h:45m
2024-07-14 22:05:44 INFO Epoch 169/300	Training Loss: 1.0232	Time remaining is 2h:43m
2024-07-14 22:06:52 INFO Epoch 170/300	Training Loss: 1.0160	Time remaining is 2h:42m
2024-07-14 22:08:06 INFO Testing: dataset_name: market1501 top1: 93.913 top5: 98.397 top10: 99.109 mAP: 85.891
2024-07-14 22:09:13 INFO Epoch 171/300	Training Loss: 1.0159	Time remaining is 2h:42m
2024-07-14 22:10:21 INFO Epoch 172/300	Training Loss: 1.0182	Time remaining is 2h:40m
2024-07-14 22:11:28 INFO Epoch 173/300	Training Loss: 1.0161	Time remaining is 2h:39m
2024-07-14 22:12:35 INFO Epoch 174/300	Training Loss: 1.0136	Time remaining is 2h:38m
2024-07-14 22:13:42 INFO Epoch 175/300	Training Loss: 1.0165	Time remaining is 2h:36m
2024-07-14 22:14:56 INFO Testing: dataset_name: market1501 top1: 93.973 top5: 98.337 top10: 99.169 mAP: 86.089
2024-07-14 22:16:04 INFO Epoch 176/300	Training Loss: 1.0174	Time remaining is 2h:36m
2024-07-14 22:17:11 INFO Epoch 177/300	Training Loss: 1.0109	Time remaining is 2h:34m
2024-07-14 22:18:18 INFO Epoch 178/300	Training Loss: 1.0145	Time remaining is 2h:33m
2024-07-14 22:19:25 INFO Epoch 179/300	Training Loss: 1.0152	Time remaining is 2h:32m
2024-07-14 22:20:32 INFO Epoch 180/300	Training Loss: 1.0109	Time remaining is 2h:30m
2024-07-14 22:21:46 INFO Testing: dataset_name: market1501 top1: 94.032 top5: 98.456 top10: 99.109 mAP: 86.110
2024-07-14 22:22:54 INFO Epoch 181/300	Training Loss: 1.0159	Time remaining is 2h:30m
2024-07-14 22:24:01 INFO Epoch 182/300	Training Loss: 1.0158	Time remaining is 2h:29m
2024-07-14 22:25:08 INFO Epoch 183/300	Training Loss: 1.0113	Time remaining is 2h:27m
2024-07-14 22:26:15 INFO Epoch 184/300	Training Loss: 1.0103	Time remaining is 2h:26m
2024-07-14 22:27:22 INFO Epoch 185/300	Training Loss: 1.0168	Time remaining is 2h:25m
2024-07-14 22:28:36 INFO Testing: dataset_name: market1501 top1: 94.091 top5: 98.248 top10: 99.109 mAP: 86.067
2024-07-14 22:29:44 INFO Epoch 186/300	Training Loss: 1.0109	Time remaining is 2h:24m
2024-07-14 22:30:51 INFO Epoch 187/300	Training Loss: 1.0157	Time remaining is 2h:23m
2024-07-14 22:31:58 INFO Epoch 188/300	Training Loss: 1.0153	Time remaining is 2h:21m
2024-07-14 22:33:05 INFO Epoch 189/300	Training Loss: 1.0171	Time remaining is 2h:20m
2024-07-14 22:34:13 INFO Epoch 190/300	Training Loss: 1.0149	Time remaining is 2h:19m
2024-07-14 22:35:27 INFO Testing: dataset_name: market1501 top1: 93.913 top5: 98.278 top10: 99.139 mAP: 86.144
2024-07-14 22:36:34 INFO Epoch 191/300	Training Loss: 1.0145	Time remaining is 2h:18m
2024-07-14 22:37:41 INFO Epoch 192/300	Training Loss: 1.0164	Time remaining is 2h:17m
2024-07-14 22:38:48 INFO Epoch 193/300	Training Loss: 1.0092	Time remaining is 2h:15m
2024-07-14 22:39:56 INFO Epoch 194/300	Training Loss: 1.0144	Time remaining is 2h:14m
2024-07-14 22:41:03 INFO Epoch 195/300	Training Loss: 1.0092	Time remaining is 2h:13m
2024-07-14 22:42:17 INFO Testing: dataset_name: market1501 top1: 93.943 top5: 98.308 top10: 99.198 mAP: 86.146
2024-07-14 22:43:24 INFO Epoch 196/300	Training Loss: 1.0141	Time remaining is 2h:12m
2024-07-14 22:44:31 INFO Epoch 197/300	Training Loss: 1.0093	Time remaining is 2h:11m
2024-07-14 22:45:38 INFO Epoch 198/300	Training Loss: 1.0083	Time remaining is 2h:9m
2024-07-14 22:46:46 INFO Epoch 199/300	Training Loss: 1.0139	Time remaining is 2h:8m
2024-07-14 22:47:53 INFO Epoch 200/300	Training Loss: 1.0139	Time remaining is 2h:7m
2024-07-14 22:49:07 INFO Testing: dataset_name: market1501 top1: 94.091 top5: 98.397 top10: 99.198 mAP: 86.148
2024-07-14 22:50:14 INFO Epoch 201/300	Training Loss: 1.0064	Time remaining is 2h:6m
2024-07-14 22:51:22 INFO Epoch 202/300	Training Loss: 1.0157	Time remaining is 2h:5m
2024-07-14 22:52:29 INFO Epoch 203/300	Training Loss: 1.0186	Time remaining is 2h:3m
2024-07-14 22:53:37 INFO Epoch 204/300	Training Loss: 1.0077	Time remaining is 2h:2m
2024-07-14 22:54:44 INFO Epoch 205/300	Training Loss: 1.0130	Time remaining is 2h:1m
2024-07-14 22:55:58 INFO Testing: dataset_name: market1501 top1: 94.032 top5: 98.515 top10: 99.109 mAP: 86.184
2024-07-14 22:57:06 INFO Epoch 206/300	Training Loss: 1.0150	Time remaining is 2h:0m
2024-07-14 22:58:13 INFO Epoch 207/300	Training Loss: 1.0178	Time remaining is 1h:59m
2024-07-14 22:59:21 INFO Epoch 208/300	Training Loss: 1.0134	Time remaining is 1h:57m
2024-07-14 23:00:28 INFO Epoch 209/300	Training Loss: 1.0129	Time remaining is 1h:56m
2024-07-14 23:01:35 INFO Epoch 210/300	Training Loss: 1.0076	Time remaining is 1h:55m
2024-07-14 23:02:49 INFO Testing: dataset_name: market1501 top1: 94.121 top5: 98.426 top10: 99.080 mAP: 86.255
2024-07-14 23:03:57 INFO Epoch 211/300	Training Loss: 1.0122	Time remaining is 1h:54m
2024-07-14 23:05:04 INFO Epoch 212/300	Training Loss: 1.0110	Time remaining is 1h:53m
2024-07-14 23:06:11 INFO Epoch 213/300	Training Loss: 1.0062	Time remaining is 1h:51m
2024-07-14 23:07:19 INFO Epoch 214/300	Training Loss: 1.0115	Time remaining is 1h:50m
2024-07-14 23:08:26 INFO Epoch 215/300	Training Loss: 1.0063	Time remaining is 1h:49m
2024-07-14 23:09:40 INFO Testing: dataset_name: market1501 top1: 94.062 top5: 98.426 top10: 99.080 mAP: 86.315
2024-07-14 23:10:47 INFO Epoch 216/300	Training Loss: 1.0070	Time remaining is 1h:48m
2024-07-14 23:11:54 INFO Epoch 217/300	Training Loss: 1.0130	Time remaining is 1h:47m
2024-07-14 23:13:02 INFO Epoch 218/300	Training Loss: 1.0180	Time remaining is 1h:45m
2024-07-14 23:14:09 INFO Epoch 219/300	Training Loss: 1.0105	Time remaining is 1h:44m
2024-07-14 23:15:16 INFO Epoch 220/300	Training Loss: 1.0114	Time remaining is 1h:43m
2024-07-14 23:16:30 INFO Testing: dataset_name: market1501 top1: 94.181 top5: 98.397 top10: 99.169 mAP: 86.408
2024-07-14 23:17:38 INFO Epoch 221/300	Training Loss: 1.0097	Time remaining is 1h:42m
2024-07-14 23:18:45 INFO Epoch 222/300	Training Loss: 1.0103	Time remaining is 1h:40m
2024-07-14 23:19:52 INFO Epoch 223/300	Training Loss: 1.0108	Time remaining is 1h:39m
2024-07-14 23:20:59 INFO Epoch 224/300	Training Loss: 1.0041	Time remaining is 1h:38m
2024-07-14 23:22:07 INFO Epoch 225/300	Training Loss: 1.0156	Time remaining is 1h:36m
2024-07-14 23:23:21 INFO Testing: dataset_name: market1501 top1: 94.121 top5: 98.397 top10: 99.109 mAP: 86.371
2024-07-14 23:24:28 INFO Epoch 226/300	Training Loss: 1.0117	Time remaining is 1h:35m
2024-07-14 23:25:36 INFO Epoch 227/300	Training Loss: 1.0099	Time remaining is 1h:34m
2024-07-14 23:26:43 INFO Epoch 228/300	Training Loss: 1.0100	Time remaining is 1h:33m
2024-07-14 23:27:51 INFO Epoch 229/300	Training Loss: 1.0162	Time remaining is 1h:32m
2024-07-14 23:28:59 INFO Epoch 230/300	Training Loss: 1.0098	Time remaining is 1h:30m
2024-07-14 23:30:13 INFO Testing: dataset_name: market1501 top1: 94.032 top5: 98.486 top10: 99.139 mAP: 86.401
2024-07-14 23:31:20 INFO Epoch 231/300	Training Loss: 1.0057	Time remaining is 1h:29m
2024-07-14 23:32:27 INFO Epoch 232/300	Training Loss: 1.0023	Time remaining is 1h:28m
2024-07-14 23:33:35 INFO Epoch 233/300	Training Loss: 1.0086	Time remaining is 1h:27m
2024-07-14 23:34:42 INFO Epoch 234/300	Training Loss: 1.0048	Time remaining is 1h:25m
2024-07-14 23:35:49 INFO Epoch 235/300	Training Loss: 1.0062	Time remaining is 1h:24m
2024-07-14 23:37:03 INFO Testing: dataset_name: market1501 top1: 94.270 top5: 98.545 top10: 99.228 mAP: 86.434
2024-07-14 23:38:11 INFO Epoch 236/300	Training Loss: 1.0153	Time remaining is 1h:23m
2024-07-14 23:39:18 INFO Epoch 237/300	Training Loss: 1.0088	Time remaining is 1h:22m
2024-07-14 23:40:25 INFO Epoch 238/300	Training Loss: 1.0052	Time remaining is 1h:20m
2024-07-14 23:41:32 INFO Epoch 239/300	Training Loss: 1.0035	Time remaining is 1h:19m
2024-07-14 23:42:39 INFO Epoch 240/300	Training Loss: 1.0078	Time remaining is 1h:18m
2024-07-14 23:43:53 INFO Testing: dataset_name: market1501 top1: 94.240 top5: 98.575 top10: 99.169 mAP: 86.396
2024-07-14 23:45:01 INFO Epoch 241/300	Training Loss: 1.0096	Time remaining is 1h:17m
2024-07-14 23:46:08 INFO Epoch 242/300	Training Loss: 1.0094	Time remaining is 1h:15m
2024-07-14 23:47:16 INFO Epoch 243/300	Training Loss: 1.0035	Time remaining is 1h:14m
2024-07-14 23:48:22 INFO Epoch 244/300	Training Loss: 1.0037	Time remaining is 1h:13m
2024-07-14 23:49:30 INFO Epoch 245/300	Training Loss: 1.0091	Time remaining is 1h:11m
2024-07-14 23:50:44 INFO Testing: dataset_name: market1501 top1: 94.418 top5: 98.515 top10: 99.228 mAP: 86.403
2024-07-14 23:51:51 INFO Epoch 246/300	Training Loss: 1.0072	Time remaining is 1h:10m
2024-07-14 23:52:58 INFO Epoch 247/300	Training Loss: 1.0092	Time remaining is 1h:9m
2024-07-14 23:54:06 INFO Epoch 248/300	Training Loss: 1.0073	Time remaining is 1h:8m
2024-07-14 23:55:13 INFO Epoch 249/300	Training Loss: 1.0041	Time remaining is 1h:7m
2024-07-14 23:56:20 INFO Epoch 250/300	Training Loss: 1.0012	Time remaining is 1h:5m
2024-07-14 23:57:34 INFO Testing: dataset_name: market1501 top1: 94.181 top5: 98.456 top10: 99.139 mAP: 86.432
2024-07-14 23:58:41 INFO Epoch 251/300	Training Loss: 1.0000	Time remaining is 1h:4m
2024-07-14 23:59:48 INFO Epoch 252/300	Training Loss: 1.0072	Time remaining is 1h:3m
2024-07-15 00:00:55 INFO Epoch 253/300	Training Loss: 1.0063	Time remaining is 1h:2m
2024-07-15 00:02:02 INFO Epoch 254/300	Training Loss: 1.0052	Time remaining is 1h:0m
2024-07-15 00:03:09 INFO Epoch 255/300	Training Loss: 1.0034	Time remaining is 0h:59m
2024-07-15 00:04:24 INFO Testing: dataset_name: market1501 top1: 94.181 top5: 98.486 top10: 99.080 mAP: 86.486
2024-07-15 00:05:31 INFO Epoch 256/300	Training Loss: 1.0070	Time remaining is 0h:58m
2024-07-15 00:06:38 INFO Epoch 257/300	Training Loss: 1.0043	Time remaining is 0h:56m
2024-07-15 00:07:45 INFO Epoch 258/300	Training Loss: 1.0072	Time remaining is 0h:55m
2024-07-15 00:08:53 INFO Epoch 259/300	Training Loss: 1.0075	Time remaining is 0h:54m
2024-07-15 00:10:00 INFO Epoch 260/300	Training Loss: 1.0077	Time remaining is 0h:53m
2024-07-15 00:11:15 INFO Testing: dataset_name: market1501 top1: 94.418 top5: 98.486 top10: 99.139 mAP: 86.594
2024-07-15 00:12:22 INFO Epoch 261/300	Training Loss: 1.0065	Time remaining is 0h:51m
2024-07-15 00:13:30 INFO Epoch 262/300	Training Loss: 1.0136	Time remaining is 0h:50m
2024-07-15 00:14:37 INFO Epoch 263/300	Training Loss: 1.0059	Time remaining is 0h:49m
2024-07-15 00:15:45 INFO Epoch 264/300	Training Loss: 1.0052	Time remaining is 0h:48m
2024-07-15 00:16:52 INFO Epoch 265/300	Training Loss: 1.0053	Time remaining is 0h:46m
2024-07-15 00:18:06 INFO Testing: dataset_name: market1501 top1: 94.181 top5: 98.515 top10: 99.169 mAP: 86.480
2024-07-15 00:19:14 INFO Epoch 266/300	Training Loss: 1.0070	Time remaining is 0h:45m
2024-07-15 00:20:21 INFO Epoch 267/300	Training Loss: 1.0074	Time remaining is 0h:44m
2024-07-15 00:21:29 INFO Epoch 268/300	Training Loss: 1.0013	Time remaining is 0h:42m
2024-07-15 00:22:36 INFO Epoch 269/300	Training Loss: 1.0070	Time remaining is 0h:41m
2024-07-15 00:23:44 INFO Epoch 270/300	Training Loss: 1.0092	Time remaining is 0h:40m
2024-07-15 00:24:58 INFO Testing: dataset_name: market1501 top1: 94.299 top5: 98.486 top10: 99.139 mAP: 86.576
2024-07-15 00:26:05 INFO Epoch 271/300	Training Loss: 1.0049	Time remaining is 0h:39m
2024-07-15 00:27:13 INFO Epoch 272/300	Training Loss: 1.0056	Time remaining is 0h:37m
2024-07-15 00:28:21 INFO Epoch 273/300	Training Loss: 1.0092	Time remaining is 0h:36m
2024-07-15 00:29:28 INFO Epoch 274/300	Training Loss: 1.0047	Time remaining is 0h:35m
2024-07-15 00:30:36 INFO Epoch 275/300	Training Loss: 1.0047	Time remaining is 0h:33m
2024-07-15 00:31:50 INFO Testing: dataset_name: market1501 top1: 94.537 top5: 98.367 top10: 99.050 mAP: 86.444
2024-07-15 00:32:57 INFO Epoch 276/300	Training Loss: 1.0006	Time remaining is 0h:32m
2024-07-15 00:34:05 INFO Epoch 277/300	Training Loss: 1.0059	Time remaining is 0h:31m
2024-07-15 00:35:12 INFO Epoch 278/300	Training Loss: 1.0053	Time remaining is 0h:30m
2024-07-15 00:36:20 INFO Epoch 279/300	Training Loss: 1.0058	Time remaining is 0h:28m
2024-07-15 00:37:27 INFO Epoch 280/300	Training Loss: 1.0063	Time remaining is 0h:27m
2024-07-15 00:38:41 INFO Testing: dataset_name: market1501 top1: 94.567 top5: 98.367 top10: 99.198 mAP: 86.534
2024-07-15 00:39:49 INFO Epoch 281/300	Training Loss: 1.0052	Time remaining is 0h:26m
2024-07-15 00:40:56 INFO Epoch 282/300	Training Loss: 0.9997	Time remaining is 0h:25m
2024-07-15 00:42:03 INFO Epoch 283/300	Training Loss: 1.0069	Time remaining is 0h:23m
2024-07-15 00:43:10 INFO Epoch 284/300	Training Loss: 0.9988	Time remaining is 0h:22m
2024-07-15 00:44:17 INFO Epoch 285/300	Training Loss: 1.0014	Time remaining is 0h:21m
2024-07-15 00:45:31 INFO Testing: dataset_name: market1501 top1: 94.388 top5: 98.308 top10: 99.139 mAP: 86.422
2024-07-15 00:46:38 INFO Epoch 286/300	Training Loss: 1.0039	Time remaining is 0h:19m
2024-07-15 00:47:45 INFO Epoch 287/300	Training Loss: 1.0041	Time remaining is 0h:18m
2024-07-15 00:48:53 INFO Epoch 288/300	Training Loss: 0.9991	Time remaining is 0h:17m
2024-07-15 00:50:00 INFO Epoch 289/300	Training Loss: 1.0035	Time remaining is 0h:15m
2024-07-15 00:51:07 INFO Epoch 290/300	Training Loss: 1.0038	Time remaining is 0h:14m
2024-07-15 00:52:21 INFO Testing: dataset_name: market1501 top1: 94.240 top5: 98.337 top10: 99.139 mAP: 86.573
2024-07-15 00:53:28 INFO Epoch 291/300	Training Loss: 1.0000	Time remaining is 0h:13m
2024-07-15 00:54:36 INFO Epoch 292/300	Training Loss: 1.0044	Time remaining is 0h:12m
2024-07-15 00:55:43 INFO Epoch 293/300	Training Loss: 1.0033	Time remaining is 0h:10m
2024-07-15 00:56:50 INFO Epoch 294/300	Training Loss: 0.9996	Time remaining is 0h:9m
2024-07-15 00:57:57 INFO Epoch 295/300	Training Loss: 1.0035	Time remaining is 0h:8m
2024-07-15 00:59:12 INFO Testing: dataset_name: market1501 top1: 94.418 top5: 98.367 top10: 99.139 mAP: 86.511
2024-07-15 01:00:18 INFO Epoch 296/300	Training Loss: 0.9976	Time remaining is 0h:6m
2024-07-15 01:01:26 INFO Epoch 297/300	Training Loss: 1.0033	Time remaining is 0h:5m
2024-07-15 01:02:33 INFO Epoch 298/300	Training Loss: 0.9996	Time remaining is 0h:4m
2024-07-15 01:03:40 INFO Epoch 299/300	Training Loss: 0.9978	Time remaining is 0h:3m
2024-07-15 01:04:48 INFO Epoch 300/300	Training Loss: 1.0019	Time remaining is 0h:1m
2024-07-15 01:06:02 INFO Testing: dataset_name: market1501 top1: 94.359 top5: 98.337 top10: 99.169 mAP: 86.637
2024-07-15 01:06:02 INFO The running time of training: 6.49 h
