2024-05-31 11:21:32 INFO ##################################################
2024-05-31 11:21:32 INFO Config values: batch_size: 60	current_directory: /home/hy/project/reid_task/ex_main1	dataset_name: market1501	dataset_path: /home/hy/project/data/Market-1501-v15.09.15	device: cuda	dtype: torch.float32	epoch_start_test: 90	epochs: 16000	img_height: 384	img_width: 128	logs_outputs_path: /home/hy/project/reid_task/ex_main1/./outputs/logs	models_outputs_path: /home/hy/project/reid_task/ex_main1/./outputs/models	np: <module 'numpy' from '/home/hy/anaconda3/envs/py396/lib/python3.9/site-packages/numpy/__init__.py'>	os: <module 'os' from '/home/hy/anaconda3/envs/py396/lib/python3.9/os.py'>	outputs_dir: ./outputs/	outputs_path: /home/hy/project/reid_task/ex_main1/./outputs/	print_every: 1	seed: 1	taskname: ReID_Task	temps_outputs_path: /home/hy/project/reid_task/ex_main1/./outputs/temps	test_batch_size: 256	test_every: 5	torch: <module 'torch' from '/home/hy/anaconda3/envs/py396/lib/python3.9/site-packages/torch/__init__.py'>
2024-05-31 11:21:32 INFO Task: ReID_Task
2024-05-31 11:21:32 INFO Using device: cuda
2024-05-31 11:21:32 INFO Using data type: torch.float32
2024-05-31 11:21:32 INFO Number of GPUs: 1
2024-05-31 11:21:32 INFO GPU is_available: True
2024-05-31 11:21:32 INFO GPU name: NVIDIA GeForce RTX 3060
2024-05-31 11:21:32 INFO CUDA version: 12.1
2024-05-31 11:21:32 INFO Current device id: 0
2024-05-31 11:21:32 INFO ##################################################
2024-05-31 11:23:19 INFO Epoch 1/16000	Training Loss: 9.6213	Time remaining is 470h:23m
2024-05-31 11:25:02 INFO Epoch 2/16000	Training Loss: 7.3662	Time remaining is 465h:38m
2024-05-31 11:26:47 INFO Epoch 3/16000	Training Loss: 5.7875	Time remaining is 465h:47m
2024-05-31 11:28:31 INFO Epoch 4/16000	Training Loss: 4.2344	Time remaining is 464h:51m
2024-05-31 11:30:16 INFO Epoch 5/16000	Training Loss: 3.0307	Time remaining is 464h:48m
2024-05-31 11:32:00 INFO Epoch 6/16000	Training Loss: 2.2197	Time remaining is 464h:44m
2024-05-31 11:33:45 INFO Epoch 7/16000	Training Loss: 1.7898	Time remaining is 464h:51m
2024-05-31 11:35:29 INFO Epoch 8/16000	Training Loss: 1.5333	Time remaining is 464h:29m
2024-05-31 11:37:14 INFO Epoch 9/16000	Training Loss: 1.4273	Time remaining is 464h:28m
2024-05-31 11:38:58 INFO Epoch 10/16000	Training Loss: 1.3663	Time remaining is 464h:25m
2024-05-31 11:40:42 INFO Epoch 11/16000	Training Loss: 1.3172	Time remaining is 464h:8m
2024-05-31 11:42:27 INFO Epoch 12/16000	Training Loss: 1.2887	Time remaining is 464h:5m
2024-05-31 11:44:11 INFO Epoch 13/16000	Training Loss: 1.2378	Time remaining is 463h:58m
2024-05-31 11:45:55 INFO Epoch 14/16000	Training Loss: 1.1917	Time remaining is 463h:50m
2024-05-31 11:47:39 INFO Epoch 15/16000	Training Loss: 1.1940	Time remaining is 463h:41m
2024-05-31 11:49:24 INFO Epoch 16/16000	Training Loss: 1.1838	Time remaining is 463h:45m
2024-05-31 11:51:09 INFO Epoch 17/16000	Training Loss: 1.1552	Time remaining is 463h:48m
2024-05-31 11:52:53 INFO Epoch 18/16000	Training Loss: 1.1656	Time remaining is 463h:51m
2024-05-31 11:54:37 INFO Epoch 19/16000	Training Loss: 1.1502	Time remaining is 463h:42m
2024-05-31 11:56:22 INFO Epoch 20/16000	Training Loss: 1.1471	Time remaining is 463h:41m
2024-05-31 11:58:07 INFO Epoch 21/16000	Training Loss: 1.1429	Time remaining is 463h:41m
2024-05-31 11:59:51 INFO Epoch 22/16000	Training Loss: 1.1301	Time remaining is 463h:40m
2024-05-31 12:01:35 INFO Epoch 23/16000	Training Loss: 1.1348	Time remaining is 463h:34m
2024-05-31 12:03:19 INFO Epoch 24/16000	Training Loss: 1.1284	Time remaining is 463h:31m
2024-05-31 12:05:04 INFO Epoch 25/16000	Training Loss: 1.1481	Time remaining is 463h:32m
2024-05-31 12:06:49 INFO Epoch 26/16000	Training Loss: 1.1402	Time remaining is 463h:34m
2024-05-31 12:08:34 INFO Epoch 27/16000	Training Loss: 1.1336	Time remaining is 463h:34m
2024-05-31 12:10:18 INFO Epoch 28/16000	Training Loss: 1.1435	Time remaining is 463h:35m
2024-05-31 12:12:03 INFO Epoch 29/16000	Training Loss: 1.1489	Time remaining is 463h:34m
2024-05-31 12:13:47 INFO Epoch 30/16000	Training Loss: 1.1311	Time remaining is 463h:29m
2024-05-31 12:15:32 INFO Epoch 31/16000	Training Loss: 1.1418	Time remaining is 463h:28m
2024-05-31 12:17:16 INFO Epoch 32/16000	Training Loss: 1.1257	Time remaining is 463h:28m
2024-05-31 12:19:01 INFO Epoch 33/16000	Training Loss: 1.1461	Time remaining is 463h:27m
2024-05-31 12:20:46 INFO Epoch 34/16000	Training Loss: 1.1224	Time remaining is 463h:28m
2024-05-31 12:22:30 INFO Epoch 35/16000	Training Loss: 1.1285	Time remaining is 463h:27m
2024-05-31 12:24:15 INFO Epoch 36/16000	Training Loss: 1.1404	Time remaining is 463h:25m
2024-05-31 12:25:59 INFO Epoch 37/16000	Training Loss: 1.1297	Time remaining is 463h:24m
2024-05-31 12:27:44 INFO Epoch 38/16000	Training Loss: 1.1286	Time remaining is 463h:22m
2024-05-31 12:29:29 INFO Epoch 39/16000	Training Loss: 1.1355	Time remaining is 463h:21m
2024-05-31 12:31:13 INFO Epoch 40/16000	Training Loss: 1.1241	Time remaining is 463h:20m
2024-05-31 12:32:58 INFO Epoch 41/16000	Training Loss: 1.0854	Time remaining is 463h:18m
2024-05-31 12:34:43 INFO Epoch 42/16000	Training Loss: 1.0320	Time remaining is 463h:22m
2024-05-31 12:36:28 INFO Epoch 43/16000	Training Loss: 1.0113	Time remaining is 463h:22m
2024-05-31 12:38:11 INFO Epoch 44/16000	Training Loss: 0.9940	Time remaining is 463h:15m
2024-05-31 12:39:55 INFO Epoch 45/16000	Training Loss: 0.9925	Time remaining is 463h:11m
2024-05-31 12:41:40 INFO Epoch 46/16000	Training Loss: 0.9931	Time remaining is 463h:10m
2024-05-31 12:43:25 INFO Epoch 47/16000	Training Loss: 0.9950	Time remaining is 463h:12m
2024-05-31 12:45:09 INFO Epoch 48/16000	Training Loss: 0.9826	Time remaining is 463h:6m
2024-05-31 12:46:53 INFO Epoch 49/16000	Training Loss: 0.9806	Time remaining is 463h:2m
2024-05-31 12:48:37 INFO Epoch 50/16000	Training Loss: 0.9805	Time remaining is 462h:59m
2024-05-31 12:50:22 INFO Epoch 51/16000	Training Loss: 0.9801	Time remaining is 462h:58m
2024-05-31 12:52:06 INFO Epoch 52/16000	Training Loss: 0.9757	Time remaining is 462h:53m
2024-05-31 12:53:50 INFO Epoch 53/16000	Training Loss: 0.9739	Time remaining is 462h:49m
2024-05-31 12:55:35 INFO Epoch 54/16000	Training Loss: 0.9779	Time remaining is 462h:48m
2024-05-31 12:57:19 INFO Epoch 55/16000	Training Loss: 0.9748	Time remaining is 462h:46m
2024-05-31 12:59:04 INFO Epoch 56/16000	Training Loss: 0.9786	Time remaining is 462h:45m
2024-05-31 13:00:48 INFO Epoch 57/16000	Training Loss: 0.9704	Time remaining is 462h:42m
2024-05-31 13:02:32 INFO Epoch 58/16000	Training Loss: 0.9738	Time remaining is 462h:41m
2024-05-31 13:04:17 INFO Epoch 59/16000	Training Loss: 0.9731	Time remaining is 462h:40m
2024-05-31 13:06:02 INFO Epoch 60/16000	Training Loss: 0.9735	Time remaining is 462h:39m
2024-05-31 13:07:46 INFO Epoch 61/16000	Training Loss: 0.9666	Time remaining is 462h:35m
2024-05-31 13:09:30 INFO Epoch 62/16000	Training Loss: 0.9697	Time remaining is 462h:35m
2024-05-31 13:11:16 INFO Epoch 63/16000	Training Loss: 0.9769	Time remaining is 462h:35m
2024-05-31 13:13:00 INFO Epoch 64/16000	Training Loss: 0.9685	Time remaining is 462h:34m
2024-05-31 13:14:44 INFO Epoch 65/16000	Training Loss: 0.9633	Time remaining is 462h:31m
2024-05-31 13:16:29 INFO Epoch 66/16000	Training Loss: 0.9687	Time remaining is 462h:30m
2024-05-31 13:18:13 INFO Epoch 67/16000	Training Loss: 0.9697	Time remaining is 462h:28m
2024-05-31 13:19:58 INFO Epoch 68/16000	Training Loss: 0.9628	Time remaining is 462h:25m
2024-05-31 13:21:42 INFO Epoch 69/16000	Training Loss: 0.9681	Time remaining is 462h:23m
2024-05-31 13:23:27 INFO Epoch 70/16000	Training Loss: 0.9652	Time remaining is 462h:22m
2024-05-31 13:25:11 INFO Epoch 71/16000	Training Loss: 0.9605	Time remaining is 462h:21m
2024-05-31 13:26:56 INFO Epoch 72/16000	Training Loss: 0.9590	Time remaining is 462h:19m
2024-05-31 13:28:40 INFO Epoch 73/16000	Training Loss: 0.9572	Time remaining is 462h:18m
2024-05-31 13:30:25 INFO Epoch 74/16000	Training Loss: 0.9583	Time remaining is 462h:17m
2024-05-31 13:32:10 INFO Epoch 75/16000	Training Loss: 0.9588	Time remaining is 462h:16m
2024-05-31 13:33:54 INFO Epoch 76/16000	Training Loss: 0.9502	Time remaining is 462h:12m
2024-05-31 13:35:38 INFO Epoch 77/16000	Training Loss: 0.9493	Time remaining is 462h:9m
2024-05-31 13:37:22 INFO Epoch 78/16000	Training Loss: 0.9475	Time remaining is 462h:6m
2024-05-31 13:39:06 INFO Epoch 79/16000	Training Loss: 0.9544	Time remaining is 462h:4m
2024-05-31 13:40:51 INFO Epoch 80/16000	Training Loss: 0.9493	Time remaining is 462h:1m
2024-05-31 13:42:35 INFO Epoch 81/16000	Training Loss: 0.9539	Time remaining is 461h:60m
2024-05-31 13:44:20 INFO Epoch 82/16000	Training Loss: 0.9517	Time remaining is 461h:58m
2024-05-31 13:46:04 INFO Epoch 83/16000	Training Loss: 0.9520	Time remaining is 461h:57m
2024-05-31 13:47:49 INFO Epoch 84/16000	Training Loss: 0.9501	Time remaining is 461h:55m
2024-05-31 13:49:33 INFO Epoch 85/16000	Training Loss: 0.9517	Time remaining is 461h:54m
2024-05-31 13:51:18 INFO Epoch 86/16000	Training Loss: 0.9562	Time remaining is 461h:54m
2024-05-31 13:53:02 INFO Epoch 87/16000	Training Loss: 0.9473	Time remaining is 461h:51m
2024-05-31 13:54:47 INFO Epoch 88/16000	Training Loss: 0.9511	Time remaining is 461h:50m
2024-05-31 13:56:32 INFO Epoch 89/16000	Training Loss: 0.9512	Time remaining is 461h:49m
2024-05-31 13:58:16 INFO Epoch 90/16000	Training Loss: 0.9525	Time remaining is 461h:47m
2024-05-31 14:00:08 INFO Testing: dataset_name: market1501 top1:0.9507 top5:0.9837 top10:0.9911 mAP:0.8735
2024-05-31 14:01:53 INFO Epoch 91/16000	Training Loss: 0.9490	Time remaining is 467h:12m
2024-05-31 14:03:38 INFO Epoch 92/16000	Training Loss: 0.9514	Time remaining is 467h:7m
2024-05-31 14:05:22 INFO Epoch 93/16000	Training Loss: 0.9484	Time remaining is 467h:3m
2024-05-31 14:07:06 INFO Epoch 94/16000	Training Loss: 0.9462	Time remaining is 466h:56m
2024-05-31 14:08:51 INFO Epoch 95/16000	Training Loss: 0.9499	Time remaining is 466h:53m
2024-05-31 14:10:43 INFO Testing: dataset_name: market1501 top1:0.9528 top5:0.9846 top10:0.9908 mAP:0.8751
2024-05-31 14:12:27 INFO Epoch 96/16000	Training Loss: 0.9525	Time remaining is 471h:55m
2024-05-31 14:14:12 INFO Epoch 97/16000	Training Loss: 0.9503	Time remaining is 471h:48m
2024-05-31 14:15:56 INFO Epoch 98/16000	Training Loss: 0.9510	Time remaining is 471h:40m
2024-05-31 14:17:41 INFO Epoch 99/16000	Training Loss: 0.9482	Time remaining is 471h:32m
2024-05-31 14:19:26 INFO Epoch 100/16000	Training Loss: 0.9498	Time remaining is 471h:25m
2024-05-31 14:21:17 INFO Testing: dataset_name: market1501 top1:0.9516 top5:0.9837 top10:0.9911 mAP:0.8751
2024-05-31 14:23:01 INFO Epoch 101/16000	Training Loss: 0.9495	Time remaining is 476h:9m
2024-05-31 14:24:46 INFO Epoch 102/16000	Training Loss: 0.9496	Time remaining is 475h:59m
2024-05-31 14:26:31 INFO Epoch 103/16000	Training Loss: 0.9491	Time remaining is 475h:49m
2024-05-31 14:28:15 INFO Epoch 104/16000	Training Loss: 0.9489	Time remaining is 475h:39m
2024-05-31 14:30:00 INFO Epoch 105/16000	Training Loss: 0.9489	Time remaining is 475h:29m
2024-05-31 14:31:51 INFO Testing: dataset_name: market1501 top1:0.9525 top5:0.9846 top10:0.9905 mAP:0.8762
2024-05-31 14:33:36 INFO Epoch 106/16000	Training Loss: 0.9485	Time remaining is 479h:58m
2024-05-31 14:35:20 INFO Epoch 107/16000	Training Loss: 0.9426	Time remaining is 479h:46m
2024-05-31 14:37:05 INFO Epoch 108/16000	Training Loss: 0.9486	Time remaining is 479h:34m
2024-05-31 14:38:50 INFO Epoch 109/16000	Training Loss: 0.9476	Time remaining is 479h:23m
2024-05-31 14:40:35 INFO Epoch 110/16000	Training Loss: 0.9480	Time remaining is 479h:13m
2024-05-31 14:42:26 INFO Testing: dataset_name: market1501 top1:0.9543 top5:0.9849 top10:0.9911 mAP:0.8781
2024-05-31 14:44:11 INFO Epoch 111/16000	Training Loss: 0.9466	Time remaining is 483h:27m
2024-05-31 14:45:56 INFO Epoch 112/16000	Training Loss: 0.9473	Time remaining is 483h:15m
2024-05-31 14:47:41 INFO Epoch 113/16000	Training Loss: 0.9477	Time remaining is 483h:2m
2024-05-31 14:49:25 INFO Epoch 114/16000	Training Loss: 0.9485	Time remaining is 482h:49m
2024-05-31 14:51:11 INFO Epoch 115/16000	Training Loss: 0.9494	Time remaining is 482h:38m
2024-05-31 14:53:02 INFO Testing: dataset_name: market1501 top1:0.9510 top5:0.9840 top10:0.9911 mAP:0.8770
2024-05-31 14:54:46 INFO Epoch 116/16000	Training Loss: 0.9423	Time remaining is 486h:37m
2024-05-31 14:56:30 INFO Epoch 117/16000	Training Loss: 0.9519	Time remaining is 486h:23m
2024-05-31 14:58:15 INFO Epoch 118/16000	Training Loss: 0.9461	Time remaining is 486h:8m
2024-05-31 15:00:00 INFO Epoch 119/16000	Training Loss: 0.9470	Time remaining is 485h:55m
2024-05-31 15:01:44 INFO Epoch 120/16000	Training Loss: 0.9486	Time remaining is 485h:41m
2024-05-31 15:03:35 INFO Testing: dataset_name: market1501 top1:0.9522 top5:0.9843 top10:0.9911 mAP:0.8774
2024-05-31 15:05:19 INFO Epoch 121/16000	Training Loss: 0.9436	Time remaining is 489h:28m
2024-05-31 15:07:04 INFO Epoch 122/16000	Training Loss: 0.9475	Time remaining is 489h:12m
2024-05-31 15:08:49 INFO Epoch 123/16000	Training Loss: 0.9521	Time remaining is 488h:58m
2024-05-31 15:10:34 INFO Epoch 124/16000	Training Loss: 0.9509	Time remaining is 488h:44m
2024-05-31 15:12:18 INFO Epoch 125/16000	Training Loss: 0.9477	Time remaining is 488h:28m
2024-05-31 15:14:10 INFO Testing: dataset_name: market1501 top1:0.9525 top5:0.9857 top10:0.9914 mAP:0.8790
2024-05-31 15:15:54 INFO Epoch 126/16000	Training Loss: 0.9444	Time remaining is 492h:7m
2024-05-31 15:17:39 INFO Epoch 127/16000	Training Loss: 0.9468	Time remaining is 491h:51m
2024-05-31 15:19:24 INFO Epoch 128/16000	Training Loss: 0.9461	Time remaining is 491h:36m
2024-05-31 15:21:09 INFO Epoch 129/16000	Training Loss: 0.9464	Time remaining is 491h:20m
2024-05-31 15:22:54 INFO Epoch 130/16000	Training Loss: 0.9469	Time remaining is 491h:4m
2024-05-31 15:24:44 INFO Testing: dataset_name: market1501 top1:0.9522 top5:0.9855 top10:0.9917 mAP:0.8786
2024-05-31 15:26:29 INFO Epoch 131/16000	Training Loss: 0.9454	Time remaining is 494h:33m
2024-05-31 15:28:13 INFO Epoch 132/16000	Training Loss: 0.9458	Time remaining is 494h:15m
2024-05-31 15:29:58 INFO Epoch 133/16000	Training Loss: 0.9500	Time remaining is 493h:59m
2024-05-31 15:31:43 INFO Epoch 134/16000	Training Loss: 0.9455	Time remaining is 493h:43m
2024-05-31 15:33:28 INFO Epoch 135/16000	Training Loss: 0.9461	Time remaining is 493h:27m
2024-05-31 15:35:19 INFO Testing: dataset_name: market1501 top1:0.9519 top5:0.9846 top10:0.9917 mAP:0.8794
2024-05-31 15:37:03 INFO Epoch 136/16000	Training Loss: 0.9412	Time remaining is 496h:45m
2024-05-31 15:38:47 INFO Epoch 137/16000	Training Loss: 0.9452	Time remaining is 496h:27m
2024-05-31 15:40:32 INFO Epoch 138/16000	Training Loss: 0.9450	Time remaining is 496h:10m
2024-05-31 15:42:16 INFO Epoch 139/16000	Training Loss: 0.9452	Time remaining is 495h:52m
2024-05-31 15:44:01 INFO Epoch 140/16000	Training Loss: 0.9445	Time remaining is 495h:35m
2024-05-31 15:45:52 INFO Testing: dataset_name: market1501 top1:0.9510 top5:0.9855 top10:0.9917 mAP:0.8805
2024-05-31 15:47:36 INFO Epoch 141/16000	Training Loss: 0.9491	Time remaining is 498h:47m
2024-05-31 15:49:21 INFO Epoch 142/16000	Training Loss: 0.9430	Time remaining is 498h:29m
2024-05-31 15:51:05 INFO Epoch 143/16000	Training Loss: 0.9429	Time remaining is 498h:10m
2024-05-31 15:52:49 INFO Epoch 144/16000	Training Loss: 0.9446	Time remaining is 497h:52m
2024-05-31 15:54:34 INFO Epoch 145/16000	Training Loss: 0.9458	Time remaining is 497h:35m
2024-05-31 15:56:25 INFO Testing: dataset_name: market1501 top1:0.9522 top5:0.9866 top10:0.9914 mAP:0.8800
2024-05-31 15:58:09 INFO Epoch 146/16000	Training Loss: 0.9450	Time remaining is 500h:38m
2024-05-31 15:59:53 INFO Epoch 147/16000	Training Loss: 0.9453	Time remaining is 500h:19m
2024-05-31 16:01:38 INFO Epoch 148/16000	Training Loss: 0.9436	Time remaining is 500h:1m
2024-05-31 16:03:21 INFO Epoch 149/16000	Training Loss: 0.9407	Time remaining is 499h:41m
2024-05-31 16:05:06 INFO Epoch 150/16000	Training Loss: 0.9450	Time remaining is 499h:23m
2024-05-31 16:06:57 INFO Testing: dataset_name: market1501 top1:0.9540 top5:0.9855 top10:0.9920 mAP:0.8804
2024-05-31 16:08:41 INFO Epoch 151/16000	Training Loss: 0.9445	Time remaining is 502h:20m
2024-05-31 16:10:25 INFO Epoch 152/16000	Training Loss: 0.9450	Time remaining is 502h:1m
2024-05-31 16:12:10 INFO Epoch 153/16000	Training Loss: 0.9440	Time remaining is 501h:42m
2024-05-31 16:13:54 INFO Epoch 154/16000	Training Loss: 0.9425	Time remaining is 501h:24m
2024-05-31 16:15:38 INFO Epoch 155/16000	Training Loss: 0.9436	Time remaining is 501h:5m
2024-05-31 16:17:29 INFO Testing: dataset_name: market1501 top1:0.9519 top5:0.9855 top10:0.9914 mAP:0.8806
2024-05-31 16:19:13 INFO Epoch 156/16000	Training Loss: 0.9378	Time remaining is 503h:55m
2024-05-31 16:20:58 INFO Epoch 157/16000	Training Loss: 0.9439	Time remaining is 503h:36m
2024-05-31 16:22:42 INFO Epoch 158/16000	Training Loss: 0.9430	Time remaining is 503h:17m
2024-05-31 16:24:26 INFO Epoch 159/16000	Training Loss: 0.9419	Time remaining is 502h:59m
2024-05-31 16:26:11 INFO Epoch 160/16000	Training Loss: 0.9429	Time remaining is 502h:40m
2024-05-31 16:28:02 INFO Testing: dataset_name: market1501 top1:0.9525 top5:0.9860 top10:0.9923 mAP:0.8818
2024-05-31 16:29:45 INFO Epoch 161/16000	Training Loss: 0.9321	Time remaining is 505h:23m
2024-05-31 16:31:29 INFO Epoch 162/16000	Training Loss: 0.9434	Time remaining is 505h:4m
2024-05-31 16:33:14 INFO Epoch 163/16000	Training Loss: 0.9419	Time remaining is 504h:45m
2024-05-31 16:34:58 INFO Epoch 164/16000	Training Loss: 0.9383	Time remaining is 504h:26m
2024-05-31 16:36:42 INFO Epoch 165/16000	Training Loss: 0.9419	Time remaining is 504h:7m
2024-05-31 16:38:34 INFO Testing: dataset_name: market1501 top1:0.9525 top5:0.9846 top10:0.9920 mAP:0.8817
2024-05-31 16:40:18 INFO Epoch 166/16000	Training Loss: 0.9430	Time remaining is 506h:46m
2024-05-31 16:42:03 INFO Epoch 167/16000	Training Loss: 0.9460	Time remaining is 506h:28m
2024-05-31 16:43:47 INFO Epoch 168/16000	Training Loss: 0.9428	Time remaining is 506h:9m
2024-05-31 16:45:32 INFO Epoch 169/16000	Training Loss: 0.9419	Time remaining is 505h:51m
2024-05-31 16:47:16 INFO Epoch 170/16000	Training Loss: 0.9419	Time remaining is 505h:32m
2024-05-31 16:49:07 INFO Testing: dataset_name: market1501 top1:0.9537 top5:0.9863 top10:0.9917 mAP:0.8833
2024-05-31 16:50:51 INFO Epoch 171/16000	Training Loss: 0.9377	Time remaining is 508h:5m
2024-05-31 16:52:35 INFO Epoch 172/16000	Training Loss: 0.9413	Time remaining is 507h:46m
2024-05-31 16:54:19 INFO Epoch 173/16000	Training Loss: 0.9380	Time remaining is 507h:26m
2024-05-31 16:56:03 INFO Epoch 174/16000	Training Loss: 0.9370	Time remaining is 507h:6m
2024-05-31 16:57:47 INFO Epoch 175/16000	Training Loss: 0.9408	Time remaining is 506h:47m
2024-05-31 16:59:38 INFO Testing: dataset_name: market1501 top1:0.9540 top5:0.9860 top10:0.9914 mAP:0.8827
2024-05-31 17:01:22 INFO Epoch 176/16000	Training Loss: 0.9379	Time remaining is 509h:15m
2024-05-31 17:03:07 INFO Epoch 177/16000	Training Loss: 0.9431	Time remaining is 508h:56m
2024-05-31 17:04:51 INFO Epoch 178/16000	Training Loss: 0.9416	Time remaining is 508h:37m
2024-05-31 17:06:35 INFO Epoch 179/16000	Training Loss: 0.9413	Time remaining is 508h:18m
2024-05-31 17:08:19 INFO Epoch 180/16000	Training Loss: 0.9364	Time remaining is 507h:59m
2024-05-31 17:10:10 INFO Testing: dataset_name: market1501 top1:0.9519 top5:0.9863 top10:0.9917 mAP:0.8826
2024-05-31 17:11:54 INFO Epoch 181/16000	Training Loss: 0.9372	Time remaining is 510h:22m
2024-05-31 17:13:38 INFO Epoch 182/16000	Training Loss: 0.9410	Time remaining is 510h:3m
2024-05-31 17:15:22 INFO Epoch 183/16000	Training Loss: 0.9367	Time remaining is 509h:43m
2024-05-31 17:17:06 INFO Epoch 184/16000	Training Loss: 0.9348	Time remaining is 509h:24m
2024-05-31 17:18:50 INFO Epoch 185/16000	Training Loss: 0.9401	Time remaining is 509h:5m
2024-05-31 17:20:41 INFO Testing: dataset_name: market1501 top1:0.9543 top5:0.9857 top10:0.9920 mAP:0.8821
2024-05-31 17:22:25 INFO Epoch 186/16000	Training Loss: 0.9346	Time remaining is 511h:24m
2024-05-31 17:24:09 INFO Epoch 187/16000	Training Loss: 0.9350	Time remaining is 511h:4m
2024-05-31 17:25:53 INFO Epoch 188/16000	Training Loss: 0.9351	Time remaining is 510h:45m
2024-05-31 17:27:37 INFO Epoch 189/16000	Training Loss: 0.9372	Time remaining is 510h:26m
2024-05-31 17:29:21 INFO Epoch 190/16000	Training Loss: 0.9417	Time remaining is 510h:7m
2024-05-31 17:31:13 INFO Testing: dataset_name: market1501 top1:0.9540 top5:0.9857 top10:0.9917 mAP:0.8819
2024-05-31 17:32:56 INFO Epoch 191/16000	Training Loss: 0.9360	Time remaining is 512h:22m
2024-05-31 17:34:40 INFO Epoch 192/16000	Training Loss: 0.9346	Time remaining is 512h:2m
2024-05-31 17:36:24 INFO Epoch 193/16000	Training Loss: 0.9397	Time remaining is 511h:44m
2024-05-31 17:38:09 INFO Epoch 194/16000	Training Loss: 0.9408	Time remaining is 511h:25m
2024-05-31 17:39:53 INFO Epoch 195/16000	Training Loss: 0.9403	Time remaining is 511h:7m
2024-05-31 17:41:45 INFO Testing: dataset_name: market1501 top1:0.9531 top5:0.9857 top10:0.9917 mAP:0.8829
2024-05-31 17:43:29 INFO Epoch 196/16000	Training Loss: 0.9389	Time remaining is 513h:19m
2024-05-31 17:45:14 INFO Epoch 197/16000	Training Loss: 0.9394	Time remaining is 512h:60m
2024-05-31 17:46:59 INFO Epoch 198/16000	Training Loss: 0.9437	Time remaining is 512h:42m
2024-05-31 17:48:43 INFO Epoch 199/16000	Training Loss: 0.9389	Time remaining is 512h:24m
2024-05-31 17:50:28 INFO Epoch 200/16000	Training Loss: 0.9383	Time remaining is 512h:6m
2024-05-31 17:52:19 INFO Testing: dataset_name: market1501 top1:0.9537 top5:0.9849 top10:0.9923 mAP:0.8841
2024-05-31 17:54:03 INFO Epoch 201/16000	Training Loss: 0.9384	Time remaining is 514h:13m
2024-05-31 17:55:47 INFO Epoch 202/16000	Training Loss: 0.9394	Time remaining is 513h:55m
2024-05-31 17:57:31 INFO Epoch 203/16000	Training Loss: 0.9349	Time remaining is 513h:36m
2024-05-31 17:59:15 INFO Epoch 204/16000	Training Loss: 0.9346	Time remaining is 513h:17m
2024-05-31 18:01:00 INFO Epoch 205/16000	Training Loss: 0.9394	Time remaining is 512h:59m
2024-05-31 18:02:52 INFO Testing: dataset_name: market1501 top1:0.9543 top5:0.9852 top10:0.9917 mAP:0.8828
2024-05-31 18:04:36 INFO Epoch 206/16000	Training Loss: 0.9386	Time remaining is 515h:4m
2024-05-31 18:06:20 INFO Epoch 207/16000	Training Loss: 0.9384	Time remaining is 514h:45m
2024-05-31 18:08:04 INFO Epoch 208/16000	Training Loss: 0.9385	Time remaining is 514h:27m
2024-05-31 18:09:49 INFO Epoch 209/16000	Training Loss: 0.9378	Time remaining is 514h:9m
2024-05-31 18:11:33 INFO Epoch 210/16000	Training Loss: 0.9386	Time remaining is 513h:50m
2024-05-31 18:13:24 INFO Testing: dataset_name: market1501 top1:0.9537 top5:0.9852 top10:0.9914 mAP:0.8832
2024-05-31 18:15:08 INFO Epoch 211/16000	Training Loss: 0.9393	Time remaining is 515h:51m
2024-05-31 18:16:53 INFO Epoch 212/16000	Training Loss: 0.9383	Time remaining is 515h:32m
2024-05-31 18:18:37 INFO Epoch 213/16000	Training Loss: 0.9372	Time remaining is 515h:14m
2024-05-31 18:20:21 INFO Epoch 214/16000	Training Loss: 0.9381	Time remaining is 514h:56m
2024-05-31 18:22:06 INFO Epoch 215/16000	Training Loss: 0.9379	Time remaining is 514h:38m
2024-05-31 18:23:57 INFO Testing: dataset_name: market1501 top1:0.9537 top5:0.9857 top10:0.9923 mAP:0.8839
2024-05-31 18:25:41 INFO Epoch 216/16000	Training Loss: 0.9320	Time remaining is 516h:35m
2024-05-31 18:27:25 INFO Epoch 217/16000	Training Loss: 0.9330	Time remaining is 516h:16m
2024-05-31 18:29:09 INFO Epoch 218/16000	Training Loss: 0.9335	Time remaining is 515h:57m
2024-05-31 18:30:53 INFO Epoch 219/16000	Training Loss: 0.9386	Time remaining is 515h:39m
2024-05-31 18:32:37 INFO Epoch 220/16000	Training Loss: 0.9329	Time remaining is 515h:21m
2024-05-31 18:34:28 INFO Testing: dataset_name: market1501 top1:0.9549 top5:0.9857 top10:0.9926 mAP:0.8850
2024-05-31 18:36:12 INFO Epoch 221/16000	Training Loss: 0.9323	Time remaining is 517h:15m
2024-05-31 18:37:56 INFO Epoch 222/16000	Training Loss: 0.9374	Time remaining is 516h:57m
2024-05-31 18:39:40 INFO Epoch 223/16000	Training Loss: 0.9376	Time remaining is 516h:39m
2024-05-31 18:41:25 INFO Epoch 224/16000	Training Loss: 0.9377	Time remaining is 516h:21m
2024-05-31 18:43:09 INFO Epoch 225/16000	Training Loss: 0.9377	Time remaining is 516h:3m
2024-05-31 18:45:00 INFO Testing: dataset_name: market1501 top1:0.9552 top5:0.9863 top10:0.9923 mAP:0.8841
2024-05-31 18:46:45 INFO Epoch 226/16000	Training Loss: 0.9368	Time remaining is 517h:55m
2024-05-31 18:48:28 INFO Epoch 227/16000	Training Loss: 0.9325	Time remaining is 517h:36m
2024-05-31 18:50:12 INFO Epoch 228/16000	Training Loss: 0.9318	Time remaining is 517h:18m
2024-05-31 18:51:56 INFO Epoch 229/16000	Training Loss: 0.9318	Time remaining is 516h:59m
2024-05-31 18:53:40 INFO Epoch 230/16000	Training Loss: 0.9312	Time remaining is 516h:41m
2024-05-31 18:55:31 INFO Testing: dataset_name: market1501 top1:0.9543 top5:0.9852 top10:0.9920 mAP:0.8841
2024-05-31 18:57:15 INFO Epoch 231/16000	Training Loss: 0.9374	Time remaining is 518h:30m
2024-05-31 18:58:59 INFO Epoch 232/16000	Training Loss: 0.9369	Time remaining is 518h:12m
2024-05-31 19:00:43 INFO Epoch 233/16000	Training Loss: 0.9308	Time remaining is 517h:53m
2024-05-31 19:02:27 INFO Epoch 234/16000	Training Loss: 0.9318	Time remaining is 517h:35m
2024-05-31 19:04:10 INFO Epoch 235/16000	Training Loss: 0.9313	Time remaining is 517h:17m
2024-05-31 19:06:02 INFO Testing: dataset_name: market1501 top1:0.9534 top5:0.9843 top10:0.9923 mAP:0.8838
2024-05-31 19:07:46 INFO Epoch 236/16000	Training Loss: 0.9321	Time remaining is 519h:3m
2024-05-31 19:09:30 INFO Epoch 237/16000	Training Loss: 0.9352	Time remaining is 518h:46m
2024-05-31 19:11:14 INFO Epoch 238/16000	Training Loss: 0.9364	Time remaining is 518h:28m
2024-05-31 19:12:58 INFO Epoch 239/16000	Training Loss: 0.9359	Time remaining is 518h:10m
2024-05-31 19:14:43 INFO Epoch 240/16000	Training Loss: 0.9368	Time remaining is 517h:53m
2024-05-31 19:16:34 INFO Testing: dataset_name: market1501 top1:0.9543 top5:0.9852 top10:0.9929 mAP:0.8852
2024-05-31 19:18:18 INFO Epoch 241/16000	Training Loss: 0.9357	Time remaining is 519h:37m
2024-05-31 19:20:02 INFO Epoch 242/16000	Training Loss: 0.9360	Time remaining is 519h:19m
2024-05-31 19:21:46 INFO Epoch 243/16000	Training Loss: 0.9316	Time remaining is 519h:1m
2024-05-31 19:23:30 INFO Epoch 244/16000	Training Loss: 0.9363	Time remaining is 518h:44m
2024-05-31 19:25:15 INFO Epoch 245/16000	Training Loss: 0.9345	Time remaining is 518h:27m
2024-05-31 19:27:06 INFO Testing: dataset_name: market1501 top1:0.9543 top5:0.9863 top10:0.9917 mAP:0.8838
2024-05-31 19:28:50 INFO Epoch 246/16000	Training Loss: 0.9352	Time remaining is 520h:9m
2024-05-31 19:30:35 INFO Epoch 247/16000	Training Loss: 0.9352	Time remaining is 519h:51m
2024-05-31 19:32:19 INFO Epoch 248/16000	Training Loss: 0.9342	Time remaining is 519h:34m
2024-05-31 19:34:04 INFO Epoch 249/16000	Training Loss: 0.9354	Time remaining is 519h:17m
2024-05-31 19:35:49 INFO Epoch 250/16000	Training Loss: 0.9393	Time remaining is 519h:1m
2024-05-31 19:37:40 INFO Testing: dataset_name: market1501 top1:0.9549 top5:0.9860 top10:0.9920 mAP:0.8852
2024-05-31 19:39:24 INFO Epoch 251/16000	Training Loss: 0.9308	Time remaining is 520h:40m
2024-05-31 19:41:08 INFO Epoch 252/16000	Training Loss: 0.9339	Time remaining is 520h:23m
2024-05-31 19:42:52 INFO Epoch 253/16000	Training Loss: 0.9300	Time remaining is 520h:5m
2024-05-31 19:44:36 INFO Epoch 254/16000	Training Loss: 0.9310	Time remaining is 519h:47m
2024-05-31 19:46:20 INFO Epoch 255/16000	Training Loss: 0.9337	Time remaining is 519h:30m
2024-05-31 19:48:11 INFO Testing: dataset_name: market1501 top1:0.9584 top5:0.9852 top10:0.9917 mAP:0.8852
2024-05-31 19:49:56 INFO Epoch 256/16000	Training Loss: 0.9339	Time remaining is 521h:7m
2024-05-31 19:51:39 INFO Epoch 257/16000	Training Loss: 0.9307	Time remaining is 520h:50m
2024-05-31 19:53:24 INFO Epoch 258/16000	Training Loss: 0.9395	Time remaining is 520h:33m
2024-05-31 19:55:08 INFO Epoch 259/16000	Training Loss: 0.9295	Time remaining is 520h:16m
2024-05-31 19:56:52 INFO Epoch 260/16000	Training Loss: 0.9330	Time remaining is 519h:59m
2024-05-31 19:58:43 INFO Testing: dataset_name: market1501 top1:0.9546 top5:0.9846 top10:0.9917 mAP:0.8852
2024-05-31 20:00:27 INFO Epoch 261/16000	Training Loss: 0.9299	Time remaining is 521h:33m
2024-05-31 20:02:12 INFO Epoch 262/16000	Training Loss: 0.9338	Time remaining is 521h:17m
2024-05-31 20:03:56 INFO Epoch 263/16000	Training Loss: 0.9335	Time remaining is 521h:0m
2024-05-31 20:05:41 INFO Epoch 264/16000	Training Loss: 0.9350	Time remaining is 520h:43m
2024-05-31 20:07:25 INFO Epoch 265/16000	Training Loss: 0.9295	Time remaining is 520h:26m
2024-05-31 20:09:16 INFO Testing: dataset_name: market1501 top1:0.9531 top5:0.9849 top10:0.9926 mAP:0.8855
2024-05-31 20:10:59 INFO Epoch 266/16000	Training Loss: 0.9288	Time remaining is 521h:59m
2024-05-31 20:12:44 INFO Epoch 267/16000	Training Loss: 0.9340	Time remaining is 521h:42m
2024-05-31 20:14:28 INFO Epoch 268/16000	Training Loss: 0.9336	Time remaining is 521h:25m
2024-05-31 20:16:12 INFO Epoch 269/16000	Training Loss: 0.9345	Time remaining is 521h:9m
2024-05-31 20:17:57 INFO Epoch 270/16000	Training Loss: 0.9295	Time remaining is 520h:52m
2024-05-31 20:19:48 INFO Testing: dataset_name: market1501 top1:0.9549 top5:0.9860 top10:0.9917 mAP:0.8865
2024-05-31 20:21:33 INFO Epoch 271/16000	Training Loss: 0.9351	Time remaining is 522h:24m
2024-05-31 20:23:17 INFO Epoch 272/16000	Training Loss: 0.9348	Time remaining is 522h:7m
2024-05-31 20:25:01 INFO Epoch 273/16000	Training Loss: 0.9294	Time remaining is 521h:50m
2024-05-31 20:26:45 INFO Epoch 274/16000	Training Loss: 0.9330	Time remaining is 521h:34m
2024-05-31 20:28:30 INFO Epoch 275/16000	Training Loss: 0.9285	Time remaining is 521h:17m
2024-05-31 20:30:21 INFO Testing: dataset_name: market1501 top1:0.9537 top5:0.9857 top10:0.9923 mAP:0.8845
2024-05-31 20:32:05 INFO Epoch 276/16000	Training Loss: 0.9326	Time remaining is 522h:47m
2024-05-31 20:33:49 INFO Epoch 277/16000	Training Loss: 0.9288	Time remaining is 522h:30m
2024-05-31 20:35:33 INFO Epoch 278/16000	Training Loss: 0.9285	Time remaining is 522h:13m
2024-05-31 20:37:17 INFO Epoch 279/16000	Training Loss: 0.9333	Time remaining is 521h:56m
2024-05-31 20:39:01 INFO Epoch 280/16000	Training Loss: 0.9335	Time remaining is 521h:40m
2024-05-31 20:40:52 INFO Testing: dataset_name: market1501 top1:0.9575 top5:0.9875 top10:0.9923 mAP:0.8876
2024-05-31 20:42:36 INFO Epoch 281/16000	Training Loss: 0.9274	Time remaining is 523h:7m
2024-05-31 20:44:20 INFO Epoch 282/16000	Training Loss: 0.9285	Time remaining is 522h:50m
2024-05-31 20:46:04 INFO Epoch 283/16000	Training Loss: 0.9324	Time remaining is 522h:34m
2024-05-31 20:47:48 INFO Epoch 284/16000	Training Loss: 0.9317	Time remaining is 522h:18m
2024-05-31 20:49:33 INFO Epoch 285/16000	Training Loss: 0.9334	Time remaining is 522h:2m
2024-05-31 20:51:24 INFO Testing: dataset_name: market1501 top1:0.9575 top5:0.9863 top10:0.9923 mAP:0.8862
2024-05-31 20:53:08 INFO Epoch 286/16000	Training Loss: 0.9322	Time remaining is 523h:27m
2024-05-31 20:54:52 INFO Epoch 287/16000	Training Loss: 0.9327	Time remaining is 523h:11m
2024-05-31 20:56:37 INFO Epoch 288/16000	Training Loss: 0.9313	Time remaining is 522h:55m
2024-05-31 20:58:21 INFO Epoch 289/16000	Training Loss: 0.9278	Time remaining is 522h:39m
2024-05-31 21:00:05 INFO Epoch 290/16000	Training Loss: 0.9309	Time remaining is 522h:23m
2024-05-31 21:01:57 INFO Testing: dataset_name: market1501 top1:0.9569 top5:0.9863 top10:0.9929 mAP:0.8852
2024-05-31 21:03:40 INFO Epoch 291/16000	Training Loss: 0.9268	Time remaining is 523h:47m
2024-05-31 21:05:25 INFO Epoch 292/16000	Training Loss: 0.9318	Time remaining is 523h:31m
2024-05-31 21:07:09 INFO Epoch 293/16000	Training Loss: 0.9277	Time remaining is 523h:14m
2024-05-31 21:08:53 INFO Epoch 294/16000	Training Loss: 0.9321	Time remaining is 522h:58m
2024-05-31 21:10:37 INFO Epoch 295/16000	Training Loss: 0.9318	Time remaining is 522h:43m
2024-05-31 21:12:28 INFO Testing: dataset_name: market1501 top1:0.9555 top5:0.9869 top10:0.9923 mAP:0.8859
2024-05-31 21:14:13 INFO Epoch 296/16000	Training Loss: 0.9320	Time remaining is 524h:5m
2024-05-31 21:15:57 INFO Epoch 297/16000	Training Loss: 0.9316	Time remaining is 523h:49m
2024-05-31 21:17:42 INFO Epoch 298/16000	Training Loss: 0.9318	Time remaining is 523h:34m
2024-05-31 21:19:26 INFO Epoch 299/16000	Training Loss: 0.9276	Time remaining is 523h:18m
2024-05-31 21:21:09 INFO Epoch 300/16000	Training Loss: 0.9267	Time remaining is 523h:1m
2024-05-31 21:23:00 INFO Testing: dataset_name: market1501 top1:0.9558 top5:0.9875 top10:0.9920 mAP:0.8852
2024-05-31 21:24:45 INFO Epoch 301/16000	Training Loss: 0.9312	Time remaining is 524h:22m
2024-05-31 21:26:29 INFO Epoch 302/16000	Training Loss: 0.9314	Time remaining is 524h:7m
2024-05-31 21:28:13 INFO Epoch 303/16000	Training Loss: 0.9316	Time remaining is 523h:51m
2024-05-31 21:29:58 INFO Epoch 304/16000	Training Loss: 0.9308	Time remaining is 523h:35m
2024-05-31 21:31:42 INFO Epoch 305/16000	Training Loss: 0.9308	Time remaining is 523h:20m
2024-05-31 21:33:33 INFO Testing: dataset_name: market1501 top1:0.9537 top5:0.9863 top10:0.9917 mAP:0.8866
2024-05-31 21:35:18 INFO Epoch 306/16000	Training Loss: 0.9311	Time remaining is 524h:39m
2024-05-31 21:37:02 INFO Epoch 307/16000	Training Loss: 0.9266	Time remaining is 524h:24m
2024-05-31 21:38:46 INFO Epoch 308/16000	Training Loss: 0.9252	Time remaining is 524h:8m
2024-05-31 21:40:30 INFO Epoch 309/16000	Training Loss: 0.9304	Time remaining is 523h:53m
2024-05-31 21:42:15 INFO Epoch 310/16000	Training Loss: 0.9312	Time remaining is 523h:37m
2024-05-31 21:44:06 INFO Testing: dataset_name: market1501 top1:0.9555 top5:0.9857 top10:0.9926 mAP:0.8861
2024-05-31 21:45:51 INFO Epoch 311/16000	Training Loss: 0.9301	Time remaining is 524h:56m
2024-05-31 21:47:35 INFO Epoch 312/16000	Training Loss: 0.9265	Time remaining is 524h:40m
2024-05-31 21:49:19 INFO Epoch 313/16000	Training Loss: 0.9252	Time remaining is 524h:25m
2024-05-31 21:51:04 INFO Epoch 314/16000	Training Loss: 0.9353	Time remaining is 524h:10m
2024-05-31 21:52:48 INFO Epoch 315/16000	Training Loss: 0.9307	Time remaining is 523h:55m
2024-05-31 21:54:40 INFO Testing: dataset_name: market1501 top1:0.9569 top5:0.9857 top10:0.9923 mAP:0.8851
2024-05-31 21:56:23 INFO Epoch 316/16000	Training Loss: 0.9257	Time remaining is 525h:11m
2024-05-31 21:58:08 INFO Epoch 317/16000	Training Loss: 0.9314	Time remaining is 524h:56m
2024-05-31 21:59:52 INFO Epoch 318/16000	Training Loss: 0.9258	Time remaining is 524h:40m
2024-05-31 22:01:36 INFO Epoch 319/16000	Training Loss: 0.9302	Time remaining is 524h:25m
2024-05-31 22:03:20 INFO Epoch 320/16000	Training Loss: 0.9307	Time remaining is 524h:10m
2024-05-31 22:05:11 INFO Testing: dataset_name: market1501 top1:0.9558 top5:0.9852 top10:0.9917 mAP:0.8862
2024-05-31 22:06:56 INFO Epoch 321/16000	Training Loss: 0.9297	Time remaining is 525h:25m
2024-05-31 22:08:40 INFO Epoch 322/16000	Training Loss: 0.9249	Time remaining is 525h:10m
2024-05-31 22:10:25 INFO Epoch 323/16000	Training Loss: 0.9303	Time remaining is 524h:55m
2024-05-31 22:12:09 INFO Epoch 324/16000	Training Loss: 0.9286	Time remaining is 524h:40m
2024-05-31 22:13:53 INFO Epoch 325/16000	Training Loss: 0.9254	Time remaining is 524h:25m
2024-05-31 22:15:44 INFO Testing: dataset_name: market1501 top1:0.9552 top5:0.9849 top10:0.9929 mAP:0.8850
2024-05-31 22:17:28 INFO Epoch 326/16000	Training Loss: 0.9301	Time remaining is 525h:39m
2024-05-31 22:19:13 INFO Epoch 327/16000	Training Loss: 0.9294	Time remaining is 525h:24m
2024-05-31 22:20:57 INFO Epoch 328/16000	Training Loss: 0.9293	Time remaining is 525h:9m
2024-05-31 22:22:41 INFO Epoch 329/16000	Training Loss: 0.9289	Time remaining is 524h:54m
2024-05-31 22:24:26 INFO Epoch 330/16000	Training Loss: 0.9298	Time remaining is 524h:39m
2024-05-31 22:26:17 INFO Testing: dataset_name: market1501 top1:0.9537 top5:0.9840 top10:0.9908 mAP:0.8858
2024-05-31 22:28:00 INFO Epoch 331/16000	Training Loss: 0.9249	Time remaining is 525h:51m
2024-05-31 22:29:44 INFO Epoch 332/16000	Training Loss: 0.9239	Time remaining is 525h:36m
2024-05-31 22:31:28 INFO Epoch 333/16000	Training Loss: 0.9282	Time remaining is 525h:21m
2024-05-31 22:33:13 INFO Epoch 334/16000	Training Loss: 0.9290	Time remaining is 525h:6m
2024-05-31 22:34:58 INFO Epoch 335/16000	Training Loss: 0.9346	Time remaining is 524h:52m
2024-05-31 22:36:49 INFO Testing: dataset_name: market1501 top1:0.9572 top5:0.9869 top10:0.9920 mAP:0.8863
2024-05-31 22:38:33 INFO Epoch 336/16000	Training Loss: 0.9298	Time remaining is 526h:3m
2024-05-31 22:40:18 INFO Epoch 337/16000	Training Loss: 0.9340	Time remaining is 525h:49m
2024-05-31 22:42:02 INFO Epoch 338/16000	Training Loss: 0.9250	Time remaining is 525h:34m
2024-05-31 22:43:46 INFO Epoch 339/16000	Training Loss: 0.9281	Time remaining is 525h:19m
2024-05-31 22:45:31 INFO Epoch 340/16000	Training Loss: 0.9296	Time remaining is 525h:4m
2024-05-31 22:47:22 INFO Testing: dataset_name: market1501 top1:0.9567 top5:0.9852 top10:0.9935 mAP:0.8847
2024-05-31 22:49:06 INFO Epoch 341/16000	Training Loss: 0.9340	Time remaining is 526h:15m
2024-05-31 22:50:51 INFO Epoch 342/16000	Training Loss: 0.9283	Time remaining is 526h:0m
2024-05-31 22:52:35 INFO Epoch 343/16000	Training Loss: 0.9286	Time remaining is 525h:46m
2024-05-31 22:54:20 INFO Epoch 344/16000	Training Loss: 0.9292	Time remaining is 525h:32m
2024-05-31 22:56:04 INFO Epoch 345/16000	Training Loss: 0.9300	Time remaining is 525h:17m
2024-05-31 22:57:55 INFO Testing: dataset_name: market1501 top1:0.9564 top5:0.9843 top10:0.9929 mAP:0.8869
2024-05-31 22:59:39 INFO Epoch 346/16000	Training Loss: 0.9237	Time remaining is 526h:26m
2024-05-31 23:01:23 INFO Epoch 347/16000	Training Loss: 0.9277	Time remaining is 526h:12m
2024-05-31 23:03:08 INFO Epoch 348/16000	Training Loss: 0.9309	Time remaining is 525h:57m
2024-05-31 23:04:52 INFO Epoch 349/16000	Training Loss: 0.9237	Time remaining is 525h:42m
2024-05-31 23:06:36 INFO Epoch 350/16000	Training Loss: 0.9277	Time remaining is 525h:28m
2024-05-31 23:08:27 INFO Testing: dataset_name: market1501 top1:0.9569 top5:0.9863 top10:0.9923 mAP:0.8859
2024-05-31 23:10:11 INFO Epoch 351/16000	Training Loss: 0.9278	Time remaining is 526h:36m
2024-05-31 23:11:55 INFO Epoch 352/16000	Training Loss: 0.9275	Time remaining is 526h:21m
2024-05-31 23:13:39 INFO Epoch 353/16000	Training Loss: 0.9238	Time remaining is 526h:7m
2024-05-31 23:15:24 INFO Epoch 354/16000	Training Loss: 0.9274	Time remaining is 525h:52m
2024-05-31 23:17:08 INFO Epoch 355/16000	Training Loss: 0.9277	Time remaining is 525h:38m
2024-05-31 23:18:59 INFO Testing: dataset_name: market1501 top1:0.9569 top5:0.9849 top10:0.9923 mAP:0.8851
2024-05-31 23:20:43 INFO Epoch 356/16000	Training Loss: 0.9273	Time remaining is 526h:45m
2024-05-31 23:22:27 INFO Epoch 357/16000	Training Loss: 0.9231	Time remaining is 526h:31m
2024-05-31 23:24:12 INFO Epoch 358/16000	Training Loss: 0.9273	Time remaining is 526h:16m
2024-05-31 23:25:56 INFO Epoch 359/16000	Training Loss: 0.9273	Time remaining is 526h:2m
2024-05-31 23:27:40 INFO Epoch 360/16000	Training Loss: 0.9267	Time remaining is 525h:48m
2024-05-31 23:29:32 INFO Testing: dataset_name: market1501 top1:0.9546 top5:0.9846 top10:0.9929 mAP:0.8854
2024-05-31 23:31:16 INFO Epoch 361/16000	Training Loss: 0.9280	Time remaining is 526h:54m
2024-05-31 23:33:00 INFO Epoch 362/16000	Training Loss: 0.9264	Time remaining is 526h:40m
2024-05-31 23:34:44 INFO Epoch 363/16000	Training Loss: 0.9226	Time remaining is 526h:25m
2024-05-31 23:36:28 INFO Epoch 364/16000	Training Loss: 0.9264	Time remaining is 526h:11m
2024-05-31 23:38:13 INFO Epoch 365/16000	Training Loss: 0.9324	Time remaining is 525h:58m
2024-05-31 23:40:04 INFO Testing: dataset_name: market1501 top1:0.9546 top5:0.9840 top10:0.9917 mAP:0.8847
2024-05-31 23:41:48 INFO Epoch 366/16000	Training Loss: 0.9229	Time remaining is 527h:2m
2024-05-31 23:43:32 INFO Epoch 367/16000	Training Loss: 0.9269	Time remaining is 526h:48m
2024-05-31 23:45:16 INFO Epoch 368/16000	Training Loss: 0.9230	Time remaining is 526h:34m
2024-05-31 23:47:01 INFO Epoch 369/16000	Training Loss: 0.9271	Time remaining is 526h:20m
2024-05-31 23:48:45 INFO Epoch 370/16000	Training Loss: 0.9277	Time remaining is 526h:6m
2024-05-31 23:50:36 INFO Testing: dataset_name: market1501 top1:0.9558 top5:0.9855 top10:0.9914 mAP:0.8841
2024-05-31 23:52:20 INFO Epoch 371/16000	Training Loss: 0.9223	Time remaining is 527h:10m
2024-05-31 23:54:04 INFO Epoch 372/16000	Training Loss: 0.9221	Time remaining is 526h:56m
2024-05-31 23:55:49 INFO Epoch 373/16000	Training Loss: 0.9270	Time remaining is 526h:42m
2024-05-31 23:57:33 INFO Epoch 374/16000	Training Loss: 0.9214	Time remaining is 526h:28m
2024-05-31 23:59:17 INFO Epoch 375/16000	Training Loss: 0.9265	Time remaining is 526h:14m
2024-06-01 00:01:08 INFO Testing: dataset_name: market1501 top1:0.9546 top5:0.9860 top10:0.9929 mAP:0.8840
2024-06-01 00:02:52 INFO Epoch 376/16000	Training Loss: 0.9254	Time remaining is 527h:18m
2024-06-01 00:04:36 INFO Epoch 377/16000	Training Loss: 0.9212	Time remaining is 527h:3m
2024-06-01 00:06:20 INFO Epoch 378/16000	Training Loss: 0.9223	Time remaining is 526h:49m
2024-06-01 00:08:04 INFO Epoch 379/16000	Training Loss: 0.9220	Time remaining is 526h:35m
2024-06-01 00:09:48 INFO Epoch 380/16000	Training Loss: 0.9276	Time remaining is 526h:21m
2024-06-01 00:11:39 INFO Testing: dataset_name: market1501 top1:0.9561 top5:0.9837 top10:0.9920 mAP:0.8844
2024-06-01 00:13:24 INFO Epoch 381/16000	Training Loss: 0.9267	Time remaining is 527h:24m
2024-06-01 00:15:08 INFO Epoch 382/16000	Training Loss: 0.9271	Time remaining is 527h:10m
2024-06-01 00:16:52 INFO Epoch 383/16000	Training Loss: 0.9261	Time remaining is 526h:56m
2024-06-01 00:18:37 INFO Epoch 384/16000	Training Loss: 0.9265	Time remaining is 526h:42m
2024-06-01 00:20:20 INFO Epoch 385/16000	Training Loss: 0.9228	Time remaining is 526h:28m
2024-06-01 00:22:11 INFO Testing: dataset_name: market1501 top1:0.9572 top5:0.9849 top10:0.9911 mAP:0.8860
2024-06-01 00:23:56 INFO Epoch 386/16000	Training Loss: 0.9312	Time remaining is 527h:30m
2024-06-01 00:25:40 INFO Epoch 387/16000	Training Loss: 0.9215	Time remaining is 527h:16m
2024-06-01 00:27:24 INFO Epoch 388/16000	Training Loss: 0.9309	Time remaining is 527h:3m
2024-06-01 00:29:09 INFO Epoch 389/16000	Training Loss: 0.9269	Time remaining is 526h:49m
2024-06-01 00:30:52 INFO Epoch 390/16000	Training Loss: 0.9211	Time remaining is 526h:35m
2024-06-01 00:32:43 INFO Testing: dataset_name: market1501 top1:0.9555 top5:0.9840 top10:0.9917 mAP:0.8840
2024-06-01 00:34:28 INFO Epoch 391/16000	Training Loss: 0.9255	Time remaining is 527h:36m
2024-06-01 00:36:11 INFO Epoch 392/16000	Training Loss: 0.9212	Time remaining is 527h:22m
2024-06-01 00:37:55 INFO Epoch 393/16000	Training Loss: 0.9220	Time remaining is 527h:8m
2024-06-01 00:39:39 INFO Epoch 394/16000	Training Loss: 0.9255	Time remaining is 526h:54m
2024-06-01 00:41:23 INFO Epoch 395/16000	Training Loss: 0.9213	Time remaining is 526h:41m
2024-06-01 00:43:14 INFO Testing: dataset_name: market1501 top1:0.9537 top5:0.9857 top10:0.9914 mAP:0.8845
2024-06-01 00:44:58 INFO Epoch 396/16000	Training Loss: 0.9214	Time remaining is 527h:40m
2024-06-01 00:46:42 INFO Epoch 397/16000	Training Loss: 0.9216	Time remaining is 527h:26m
2024-06-01 00:48:26 INFO Epoch 398/16000	Training Loss: 0.9256	Time remaining is 527h:13m
2024-06-01 00:50:10 INFO Epoch 399/16000	Training Loss: 0.9208	Time remaining is 526h:59m
2024-06-01 00:51:53 INFO Epoch 400/16000	Training Loss: 0.9212	Time remaining is 526h:45m
2024-06-01 00:53:45 INFO Testing: dataset_name: market1501 top1:0.9543 top5:0.9837 top10:0.9917 mAP:0.8834
2024-06-01 00:55:29 INFO Epoch 401/16000	Training Loss: 0.9252	Time remaining is 527h:44m
2024-06-01 00:57:14 INFO Epoch 402/16000	Training Loss: 0.9251	Time remaining is 527h:31m
2024-06-01 00:58:57 INFO Epoch 403/16000	Training Loss: 0.9194	Time remaining is 527h:17m
2024-06-01 01:00:41 INFO Epoch 404/16000	Training Loss: 0.9259	Time remaining is 527h:4m
2024-06-01 01:02:26 INFO Epoch 405/16000	Training Loss: 0.9251	Time remaining is 526h:51m
2024-06-01 01:04:17 INFO Testing: dataset_name: market1501 top1:0.9564 top5:0.9855 top10:0.9917 mAP:0.8832
2024-06-01 01:06:01 INFO Epoch 406/16000	Training Loss: 0.9259	Time remaining is 527h:49m
2024-06-01 01:07:46 INFO Epoch 407/16000	Training Loss: 0.9256	Time remaining is 527h:36m
2024-06-01 01:09:30 INFO Epoch 408/16000	Training Loss: 0.9253	Time remaining is 527h:23m
2024-06-01 01:11:15 INFO Epoch 409/16000	Training Loss: 0.9258	Time remaining is 527h:10m
2024-06-01 01:12:59 INFO Epoch 410/16000	Training Loss: 0.9254	Time remaining is 526h:57m
2024-06-01 01:14:50 INFO Testing: dataset_name: market1501 top1:0.9525 top5:0.9822 top10:0.9917 mAP:0.8822
2024-06-01 01:16:34 INFO Epoch 411/16000	Training Loss: 0.9207	Time remaining is 527h:54m
2024-06-01 01:18:18 INFO Epoch 412/16000	Training Loss: 0.9238	Time remaining is 527h:40m
2024-06-01 01:20:02 INFO Epoch 413/16000	Training Loss: 0.9195	Time remaining is 527h:27m
2024-06-01 01:21:46 INFO Epoch 414/16000	Training Loss: 0.9257	Time remaining is 527h:14m
2024-06-01 01:23:30 INFO Epoch 415/16000	Training Loss: 0.9240	Time remaining is 527h:1m
2024-06-01 01:25:21 INFO Testing: dataset_name: market1501 top1:0.9519 top5:0.9834 top10:0.9908 mAP:0.8832
2024-06-01 01:27:05 INFO Epoch 416/16000	Training Loss: 0.9202	Time remaining is 527h:57m
2024-06-01 01:28:49 INFO Epoch 417/16000	Training Loss: 0.9251	Time remaining is 527h:44m
2024-06-01 01:30:34 INFO Epoch 418/16000	Training Loss: 0.9246	Time remaining is 527h:31m
2024-06-01 01:32:18 INFO Epoch 419/16000	Training Loss: 0.9245	Time remaining is 527h:18m
2024-06-01 01:34:02 INFO Epoch 420/16000	Training Loss: 0.9254	Time remaining is 527h:5m
2024-06-01 01:35:53 INFO Testing: dataset_name: market1501 top1:0.9534 top5:0.9840 top10:0.9908 mAP:0.8829
2024-06-01 01:37:38 INFO Epoch 421/16000	Training Loss: 0.9249	Time remaining is 528h:1m
2024-06-01 01:39:22 INFO Epoch 422/16000	Training Loss: 0.9238	Time remaining is 527h:48m
2024-06-01 01:41:06 INFO Epoch 423/16000	Training Loss: 0.9203	Time remaining is 527h:35m
2024-06-01 01:42:50 INFO Epoch 424/16000	Training Loss: 0.9198	Time remaining is 527h:22m
2024-06-01 01:44:34 INFO Epoch 425/16000	Training Loss: 0.9239	Time remaining is 527h:9m
2024-06-01 01:46:25 INFO Testing: dataset_name: market1501 top1:0.9569 top5:0.9846 top10:0.9908 mAP:0.8857
2024-06-01 01:48:09 INFO Epoch 426/16000	Training Loss: 0.9193	Time remaining is 528h:4m
2024-06-01 01:49:53 INFO Epoch 427/16000	Training Loss: 0.9246	Time remaining is 527h:51m
2024-06-01 01:51:38 INFO Epoch 428/16000	Training Loss: 0.9239	Time remaining is 527h:38m
2024-06-01 01:53:22 INFO Epoch 429/16000	Training Loss: 0.9243	Time remaining is 527h:26m
2024-06-01 01:55:06 INFO Epoch 430/16000	Training Loss: 0.9249	Time remaining is 527h:13m
2024-06-01 01:56:57 INFO Testing: dataset_name: market1501 top1:0.9543 top5:0.9843 top10:0.9911 mAP:0.8829
2024-06-01 01:58:42 INFO Epoch 431/16000	Training Loss: 0.9241	Time remaining is 528h:7m
2024-06-01 02:00:26 INFO Epoch 432/16000	Training Loss: 0.9233	Time remaining is 527h:54m
2024-06-01 02:02:10 INFO Epoch 433/16000	Training Loss: 0.9197	Time remaining is 527h:41m
2024-06-01 02:03:54 INFO Epoch 434/16000	Training Loss: 0.9247	Time remaining is 527h:29m
2024-06-01 02:05:38 INFO Epoch 435/16000	Training Loss: 0.9237	Time remaining is 527h:16m
2024-06-01 02:07:30 INFO Testing: dataset_name: market1501 top1:0.9552 top5:0.9828 top10:0.9899 mAP:0.8833
2024-06-01 02:09:14 INFO Epoch 436/16000	Training Loss: 0.9246	Time remaining is 528h:10m
2024-06-01 02:10:58 INFO Epoch 437/16000	Training Loss: 0.9242	Time remaining is 527h:57m
2024-06-01 02:12:42 INFO Epoch 438/16000	Training Loss: 0.9195	Time remaining is 527h:44m
2024-06-01 02:14:27 INFO Epoch 439/16000	Training Loss: 0.9229	Time remaining is 527h:32m
2024-06-01 02:16:11 INFO Epoch 440/16000	Training Loss: 0.9238	Time remaining is 527h:19m
2024-06-01 02:18:02 INFO Testing: dataset_name: market1501 top1:0.9540 top5:0.9834 top10:0.9890 mAP:0.8838
2024-06-01 02:19:46 INFO Epoch 441/16000	Training Loss: 0.9247	Time remaining is 528h:12m
2024-06-01 02:21:30 INFO Epoch 442/16000	Training Loss: 0.9232	Time remaining is 527h:60m
2024-06-01 02:23:15 INFO Epoch 443/16000	Training Loss: 0.9227	Time remaining is 527h:47m
2024-06-01 02:24:59 INFO Epoch 444/16000	Training Loss: 0.9188	Time remaining is 527h:35m
2024-06-01 02:26:43 INFO Epoch 445/16000	Training Loss: 0.9234	Time remaining is 527h:22m
2024-06-01 02:28:34 INFO Testing: dataset_name: market1501 top1:0.9540 top5:0.9840 top10:0.9908 mAP:0.8826
2024-06-01 02:30:18 INFO Epoch 446/16000	Training Loss: 0.9237	Time remaining is 528h:14m
2024-06-01 02:32:02 INFO Epoch 447/16000	Training Loss: 0.9186	Time remaining is 528h:2m
2024-06-01 02:33:46 INFO Epoch 448/16000	Training Loss: 0.9182	Time remaining is 527h:49m
2024-06-01 02:35:30 INFO Epoch 449/16000	Training Loss: 0.9241	Time remaining is 527h:37m
2024-06-01 02:37:14 INFO Epoch 450/16000	Training Loss: 0.9230	Time remaining is 527h:24m
2024-06-01 02:39:05 INFO Testing: dataset_name: market1501 top1:0.9531 top5:0.9831 top10:0.9899 mAP:0.8819
2024-06-01 02:40:50 INFO Epoch 451/16000	Training Loss: 0.9233	Time remaining is 528h:16m
2024-06-01 02:42:34 INFO Epoch 452/16000	Training Loss: 0.9221	Time remaining is 528h:3m
2024-06-01 02:44:18 INFO Epoch 453/16000	Training Loss: 0.9232	Time remaining is 527h:51m
2024-06-01 02:46:02 INFO Epoch 454/16000	Training Loss: 0.9179	Time remaining is 527h:39m
2024-06-01 02:47:46 INFO Epoch 455/16000	Training Loss: 0.9180	Time remaining is 527h:26m
2024-06-01 02:49:37 INFO Testing: dataset_name: market1501 top1:0.9546 top5:0.9840 top10:0.9911 mAP:0.8830
2024-06-01 02:51:21 INFO Epoch 456/16000	Training Loss: 0.9226	Time remaining is 528h:17m
2024-06-01 02:53:05 INFO Epoch 457/16000	Training Loss: 0.9238	Time remaining is 528h:5m
2024-06-01 02:54:49 INFO Epoch 458/16000	Training Loss: 0.9227	Time remaining is 527h:52m
2024-06-01 02:56:33 INFO Epoch 459/16000	Training Loss: 0.9184	Time remaining is 527h:40m
2024-06-01 02:58:17 INFO Epoch 460/16000	Training Loss: 0.9226	Time remaining is 527h:28m
2024-06-01 03:00:08 INFO Testing: dataset_name: market1501 top1:0.9543 top5:0.9837 top10:0.9902 mAP:0.8810
2024-06-01 03:01:52 INFO Epoch 461/16000	Training Loss: 0.9190	Time remaining is 528h:18m
2024-06-01 03:03:37 INFO Epoch 462/16000	Training Loss: 0.9219	Time remaining is 528h:5m
2024-06-01 03:05:21 INFO Epoch 463/16000	Training Loss: 0.9234	Time remaining is 527h:53m
2024-06-01 03:07:05 INFO Epoch 464/16000	Training Loss: 0.9223	Time remaining is 527h:41m
2024-06-01 03:08:49 INFO Epoch 465/16000	Training Loss: 0.9178	Time remaining is 527h:29m
2024-06-01 03:10:40 INFO Testing: dataset_name: market1501 top1:0.9537 top5:0.9846 top10:0.9905 mAP:0.8816
2024-06-01 03:12:24 INFO Epoch 466/16000	Training Loss: 0.9230	Time remaining is 528h:19m
2024-06-01 03:14:08 INFO Epoch 467/16000	Training Loss: 0.9219	Time remaining is 528h:6m
2024-06-01 03:15:53 INFO Epoch 468/16000	Training Loss: 0.9269	Time remaining is 527h:55m
2024-06-01 03:17:38 INFO Epoch 469/16000	Training Loss: 0.9217	Time remaining is 527h:43m
2024-06-01 03:19:22 INFO Epoch 470/16000	Training Loss: 0.9226	Time remaining is 527h:31m
2024-06-01 03:21:13 INFO Testing: dataset_name: market1501 top1:0.9537 top5:0.9837 top10:0.9908 mAP:0.8793
2024-06-01 03:22:57 INFO Epoch 471/16000	Training Loss: 0.9223	Time remaining is 528h:20m
2024-06-01 03:24:41 INFO Epoch 472/16000	Training Loss: 0.9170	Time remaining is 528h:8m
2024-06-01 03:26:26 INFO Epoch 473/16000	Training Loss: 0.9277	Time remaining is 527h:56m
2024-06-01 03:28:10 INFO Epoch 474/16000	Training Loss: 0.9236	Time remaining is 527h:44m
2024-06-01 03:29:54 INFO Epoch 475/16000	Training Loss: 0.9181	Time remaining is 527h:32m
2024-06-01 03:31:45 INFO Testing: dataset_name: market1501 top1:0.9540 top5:0.9849 top10:0.9911 mAP:0.8803
2024-06-01 03:33:30 INFO Epoch 476/16000	Training Loss: 0.9211	Time remaining is 528h:21m
2024-06-01 03:35:13 INFO Epoch 477/16000	Training Loss: 0.9176	Time remaining is 528h:8m
2024-06-01 03:36:57 INFO Epoch 478/16000	Training Loss: 0.9223	Time remaining is 527h:56m
2024-06-01 03:38:41 INFO Epoch 479/16000	Training Loss: 0.9166	Time remaining is 527h:44m
2024-06-01 03:40:25 INFO Epoch 480/16000	Training Loss: 0.9225	Time remaining is 527h:32m
2024-06-01 03:42:16 INFO Testing: dataset_name: market1501 top1:0.9537 top5:0.9834 top10:0.9908 mAP:0.8794
2024-06-01 03:44:01 INFO Epoch 481/16000	Training Loss: 0.9225	Time remaining is 528h:20m
2024-06-01 03:45:44 INFO Epoch 482/16000	Training Loss: 0.9173	Time remaining is 528h:8m
2024-06-01 03:47:29 INFO Epoch 483/16000	Training Loss: 0.9226	Time remaining is 527h:56m
2024-06-01 03:49:13 INFO Epoch 484/16000	Training Loss: 0.9266	Time remaining is 527h:45m
2024-06-01 03:50:58 INFO Epoch 485/16000	Training Loss: 0.9215	Time remaining is 527h:33m
2024-06-01 03:52:49 INFO Testing: dataset_name: market1501 top1:0.9537 top5:0.9822 top10:0.9908 mAP:0.8796
2024-06-01 03:54:33 INFO Epoch 486/16000	Training Loss: 0.9212	Time remaining is 528h:20m
2024-06-01 03:56:18 INFO Epoch 487/16000	Training Loss: 0.9256	Time remaining is 528h:9m
2024-06-01 03:58:01 INFO Epoch 488/16000	Training Loss: 0.9166	Time remaining is 527h:57m
2024-06-01 03:59:46 INFO Epoch 489/16000	Training Loss: 0.9215	Time remaining is 527h:45m
2024-06-01 04:01:30 INFO Epoch 490/16000	Training Loss: 0.9219	Time remaining is 527h:34m
2024-06-01 04:03:21 INFO Testing: dataset_name: market1501 top1:0.9537 top5:0.9834 top10:0.9905 mAP:0.8818
2024-06-01 04:05:05 INFO Epoch 491/16000	Training Loss: 0.9168	Time remaining is 528h:20m
2024-06-01 04:06:49 INFO Epoch 492/16000	Training Loss: 0.9216	Time remaining is 528h:8m
2024-06-01 04:08:33 INFO Epoch 493/16000	Training Loss: 0.9180	Time remaining is 527h:56m
2024-06-01 04:10:16 INFO Epoch 494/16000	Training Loss: 0.9168	Time remaining is 527h:45m
2024-06-01 04:12:01 INFO Epoch 495/16000	Training Loss: 0.9219	Time remaining is 527h:33m
2024-06-01 04:13:52 INFO Testing: dataset_name: market1501 top1:0.9549 top5:0.9828 top10:0.9905 mAP:0.8786
2024-06-01 04:15:36 INFO Epoch 496/16000	Training Loss: 0.9200	Time remaining is 528h:19m
2024-06-01 04:17:20 INFO Epoch 497/16000	Training Loss: 0.9168	Time remaining is 528h:7m
2024-06-01 04:19:04 INFO Epoch 498/16000	Training Loss: 0.9219	Time remaining is 527h:56m
2024-06-01 04:20:48 INFO Epoch 499/16000	Training Loss: 0.9163	Time remaining is 527h:44m
2024-06-01 04:22:32 INFO Epoch 500/16000	Training Loss: 0.9214	Time remaining is 527h:33m
2024-06-01 04:24:23 INFO Testing: dataset_name: market1501 top1:0.9525 top5:0.9831 top10:0.9896 mAP:0.8799
2024-06-01 04:26:07 INFO Epoch 501/16000	Training Loss: 0.9214	Time remaining is 528h:18m
2024-06-01 04:27:51 INFO Epoch 502/16000	Training Loss: 0.9209	Time remaining is 528h:7m
2024-06-01 04:29:35 INFO Epoch 503/16000	Training Loss: 0.9174	Time remaining is 527h:55m
2024-06-01 04:31:20 INFO Epoch 504/16000	Training Loss: 0.9208	Time remaining is 527h:44m
2024-06-01 04:33:04 INFO Epoch 505/16000	Training Loss: 0.9216	Time remaining is 527h:32m
2024-06-01 04:34:55 INFO Testing: dataset_name: market1501 top1:0.9531 top5:0.9837 top10:0.9914 mAP:0.8794
2024-06-01 04:36:39 INFO Epoch 506/16000	Training Loss: 0.9217	Time remaining is 528h:18m
2024-06-01 04:38:23 INFO Epoch 507/16000	Training Loss: 0.9214	Time remaining is 528h:6m
2024-06-01 04:40:07 INFO Epoch 508/16000	Training Loss: 0.9161	Time remaining is 527h:54m
2024-06-01 04:41:52 INFO Epoch 509/16000	Training Loss: 0.9255	Time remaining is 527h:43m
2024-06-01 04:43:36 INFO Epoch 510/16000	Training Loss: 0.9208	Time remaining is 527h:32m
2024-06-01 04:45:27 INFO Testing: dataset_name: market1501 top1:0.9531 top5:0.9825 top10:0.9893 mAP:0.8760
2024-06-01 04:47:12 INFO Epoch 511/16000	Training Loss: 0.9206	Time remaining is 528h:17m
2024-06-01 04:48:56 INFO Epoch 512/16000	Training Loss: 0.9160	Time remaining is 528h:5m
2024-06-01 04:50:40 INFO Epoch 513/16000	Training Loss: 0.9203	Time remaining is 527h:54m
2024-06-01 04:52:24 INFO Epoch 514/16000	Training Loss: 0.9165	Time remaining is 527h:42m
2024-06-01 04:54:08 INFO Epoch 515/16000	Training Loss: 0.9211	Time remaining is 527h:31m
2024-06-01 04:55:59 INFO Testing: dataset_name: market1501 top1:0.9528 top5:0.9828 top10:0.9899 mAP:0.8781
2024-06-01 04:57:43 INFO Epoch 516/16000	Training Loss: 0.9197	Time remaining is 528h:15m
2024-06-01 04:59:27 INFO Epoch 517/16000	Training Loss: 0.9206	Time remaining is 528h:4m
2024-06-01 05:01:12 INFO Epoch 518/16000	Training Loss: 0.9258	Time remaining is 527h:53m
2024-06-01 05:02:56 INFO Epoch 519/16000	Training Loss: 0.9164	Time remaining is 527h:42m
2024-06-01 05:04:41 INFO Epoch 520/16000	Training Loss: 0.9250	Time remaining is 527h:31m
2024-06-01 05:06:31 INFO Testing: dataset_name: market1501 top1:0.9498 top5:0.9837 top10:0.9884 mAP:0.8760
2024-06-01 05:08:16 INFO Epoch 521/16000	Training Loss: 0.9212	Time remaining is 528h:14m
2024-06-01 05:10:00 INFO Epoch 522/16000	Training Loss: 0.9206	Time remaining is 528h:3m
2024-06-01 05:11:44 INFO Epoch 523/16000	Training Loss: 0.9212	Time remaining is 527h:52m
2024-06-01 05:13:28 INFO Epoch 524/16000	Training Loss: 0.9162	Time remaining is 527h:41m
2024-06-01 05:15:12 INFO Epoch 525/16000	Training Loss: 0.9201	Time remaining is 527h:29m
2024-06-01 05:17:04 INFO Testing: dataset_name: market1501 top1:0.9513 top5:0.9825 top10:0.9908 mAP:0.8782
2024-06-01 05:18:48 INFO Epoch 526/16000	Training Loss: 0.9199	Time remaining is 528h:13m
2024-06-01 05:20:31 INFO Epoch 527/16000	Training Loss: 0.9150	Time remaining is 528h:1m
2024-06-01 05:22:16 INFO Epoch 528/16000	Training Loss: 0.9198	Time remaining is 527h:50m
2024-06-01 05:24:00 INFO Epoch 529/16000	Training Loss: 0.9207	Time remaining is 527h:39m
2024-06-01 05:25:44 INFO Epoch 530/16000	Training Loss: 0.9152	Time remaining is 527h:28m
2024-06-01 05:27:35 INFO Testing: dataset_name: market1501 top1:0.9513 top5:0.9822 top10:0.9887 mAP:0.8779
2024-06-01 05:29:19 INFO Epoch 531/16000	Training Loss: 0.9159	Time remaining is 528h:11m
2024-06-01 05:31:02 INFO Epoch 532/16000	Training Loss: 0.9154	Time remaining is 527h:59m
2024-06-01 05:32:47 INFO Epoch 533/16000	Training Loss: 0.9201	Time remaining is 527h:48m
2024-06-01 05:34:31 INFO Epoch 534/16000	Training Loss: 0.9149	Time remaining is 527h:37m
2024-06-01 05:36:15 INFO Epoch 535/16000	Training Loss: 0.9208	Time remaining is 527h:26m
2024-06-01 05:38:06 INFO Testing: dataset_name: market1501 top1:0.9531 top5:0.9819 top10:0.9905 mAP:0.8778
2024-06-01 05:39:51 INFO Epoch 536/16000	Training Loss: 0.9201	Time remaining is 528h:9m
2024-06-01 05:41:35 INFO Epoch 537/16000	Training Loss: 0.9199	Time remaining is 527h:58m
2024-06-01 05:43:19 INFO Epoch 538/16000	Training Loss: 0.9200	Time remaining is 527h:47m
2024-06-01 05:45:04 INFO Epoch 539/16000	Training Loss: 0.9197	Time remaining is 527h:36m
2024-06-01 05:46:47 INFO Epoch 540/16000	Training Loss: 0.9146	Time remaining is 527h:25m
2024-06-01 05:48:38 INFO Testing: dataset_name: market1501 top1:0.9534 top5:0.9825 top10:0.9911 mAP:0.8772
2024-06-01 05:50:22 INFO Epoch 541/16000	Training Loss: 0.9149	Time remaining is 528h:6m
2024-06-01 05:52:06 INFO Epoch 542/16000	Training Loss: 0.9154	Time remaining is 527h:55m
2024-06-01 05:53:50 INFO Epoch 543/16000	Training Loss: 0.9201	Time remaining is 527h:44m
2024-06-01 05:55:35 INFO Epoch 544/16000	Training Loss: 0.9198	Time remaining is 527h:34m
2024-06-01 05:57:19 INFO Epoch 545/16000	Training Loss: 0.9197	Time remaining is 527h:23m
2024-06-01 05:59:10 INFO Testing: dataset_name: market1501 top1:0.9525 top5:0.9831 top10:0.9899 mAP:0.8769
2024-06-01 06:00:55 INFO Epoch 546/16000	Training Loss: 0.9193	Time remaining is 528h:4m
2024-06-01 06:02:39 INFO Epoch 547/16000	Training Loss: 0.9205	Time remaining is 527h:54m
2024-06-01 06:04:22 INFO Epoch 548/16000	Training Loss: 0.9150	Time remaining is 527h:42m
2024-06-01 06:06:07 INFO Epoch 549/16000	Training Loss: 0.9196	Time remaining is 527h:32m
2024-06-01 06:07:51 INFO Epoch 550/16000	Training Loss: 0.9153	Time remaining is 527h:21m
2024-06-01 06:09:42 INFO Testing: dataset_name: market1501 top1:0.9540 top5:0.9810 top10:0.9884 mAP:0.8759
2024-06-01 06:11:27 INFO Epoch 551/16000	Training Loss: 0.9200	Time remaining is 528h:2m
2024-06-01 06:13:10 INFO Epoch 552/16000	Training Loss: 0.9145	Time remaining is 527h:51m
2024-06-01 06:14:55 INFO Epoch 553/16000	Training Loss: 0.9190	Time remaining is 527h:40m
2024-06-01 06:16:39 INFO Epoch 554/16000	Training Loss: 0.9192	Time remaining is 527h:30m
2024-06-01 06:18:23 INFO Epoch 555/16000	Training Loss: 0.9192	Time remaining is 527h:19m
2024-06-01 06:20:14 INFO Testing: dataset_name: market1501 top1:0.9534 top5:0.9837 top10:0.9902 mAP:0.8762
2024-06-01 06:21:59 INFO Epoch 556/16000	Training Loss: 0.9231	Time remaining is 527h:60m
2024-06-01 06:23:42 INFO Epoch 557/16000	Training Loss: 0.9145	Time remaining is 527h:49m
2024-06-01 06:25:27 INFO Epoch 558/16000	Training Loss: 0.9192	Time remaining is 527h:38m
2024-06-01 06:27:10 INFO Epoch 559/16000	Training Loss: 0.9147	Time remaining is 527h:27m
2024-06-01 06:28:55 INFO Epoch 560/16000	Training Loss: 0.9155	Time remaining is 527h:16m
2024-06-01 06:30:46 INFO Testing: dataset_name: market1501 top1:0.9501 top5:0.9834 top10:0.9893 mAP:0.8754
2024-06-01 06:32:30 INFO Epoch 561/16000	Training Loss: 0.9198	Time remaining is 527h:57m
2024-06-01 06:34:14 INFO Epoch 562/16000	Training Loss: 0.9190	Time remaining is 527h:46m
2024-06-01 06:35:58 INFO Epoch 563/16000	Training Loss: 0.9202	Time remaining is 527h:35m
2024-06-01 06:37:42 INFO Epoch 564/16000	Training Loss: 0.9152	Time remaining is 527h:25m
2024-06-01 06:39:26 INFO Epoch 565/16000	Training Loss: 0.9193	Time remaining is 527h:14m
2024-06-01 06:41:17 INFO Testing: dataset_name: market1501 top1:0.9492 top5:0.9822 top10:0.9893 mAP:0.8734
2024-06-01 06:43:01 INFO Epoch 566/16000	Training Loss: 0.9140	Time remaining is 527h:54m
2024-06-01 06:44:45 INFO Epoch 567/16000	Training Loss: 0.9149	Time remaining is 527h:43m
2024-06-01 06:46:29 INFO Epoch 568/16000	Training Loss: 0.9196	Time remaining is 527h:32m
2024-06-01 06:48:14 INFO Epoch 569/16000	Training Loss: 0.9191	Time remaining is 527h:22m
2024-06-01 06:49:58 INFO Epoch 570/16000	Training Loss: 0.9192	Time remaining is 527h:12m
2024-06-01 06:51:50 INFO Testing: dataset_name: market1501 top1:0.9519 top5:0.9828 top10:0.9881 mAP:0.8748
2024-06-01 06:53:34 INFO Epoch 571/16000	Training Loss: 0.9196	Time remaining is 527h:51m
2024-06-01 06:55:18 INFO Epoch 572/16000	Training Loss: 0.9148	Time remaining is 527h:40m
2024-06-01 06:57:02 INFO Epoch 573/16000	Training Loss: 0.9187	Time remaining is 527h:30m
2024-06-01 06:58:46 INFO Epoch 574/16000	Training Loss: 0.9140	Time remaining is 527h:19m
2024-06-01 07:00:30 INFO Epoch 575/16000	Training Loss: 0.9185	Time remaining is 527h:9m
2024-06-01 07:02:21 INFO Testing: dataset_name: market1501 top1:0.9525 top5:0.9816 top10:0.9887 mAP:0.8720
2024-06-01 07:04:06 INFO Epoch 576/16000	Training Loss: 0.9191	Time remaining is 527h:48m
2024-06-01 07:05:50 INFO Epoch 577/16000	Training Loss: 0.9140	Time remaining is 527h:37m
2024-06-01 07:07:34 INFO Epoch 578/16000	Training Loss: 0.9199	Time remaining is 527h:27m
2024-06-01 07:09:18 INFO Epoch 579/16000	Training Loss: 0.9197	Time remaining is 527h:17m
2024-06-01 07:11:02 INFO Epoch 580/16000	Training Loss: 0.9188	Time remaining is 527h:6m
2024-06-01 07:12:53 INFO Testing: dataset_name: market1501 top1:0.9537 top5:0.9840 top10:0.9893 mAP:0.8725
2024-06-01 07:14:37 INFO Epoch 581/16000	Training Loss: 0.9138	Time remaining is 527h:45m
2024-06-01 07:16:22 INFO Epoch 582/16000	Training Loss: 0.9185	Time remaining is 527h:34m
2024-06-01 07:18:06 INFO Epoch 583/16000	Training Loss: 0.9193	Time remaining is 527h:24m
2024-06-01 07:19:51 INFO Epoch 584/16000	Training Loss: 0.9193	Time remaining is 527h:14m
2024-06-01 07:21:35 INFO Epoch 585/16000	Training Loss: 0.9181	Time remaining is 527h:4m
2024-06-01 07:23:26 INFO Testing: dataset_name: market1501 top1:0.9522 top5:0.9837 top10:0.9878 mAP:0.8750
2024-06-01 07:25:10 INFO Epoch 586/16000	Training Loss: 0.9124	Time remaining is 527h:42m
2024-06-01 07:26:54 INFO Epoch 587/16000	Training Loss: 0.9131	Time remaining is 527h:31m
2024-06-01 07:28:39 INFO Epoch 588/16000	Training Loss: 0.9182	Time remaining is 527h:21m
2024-06-01 07:30:23 INFO Epoch 589/16000	Training Loss: 0.9138	Time remaining is 527h:11m
2024-06-01 07:32:07 INFO Epoch 590/16000	Training Loss: 0.9140	Time remaining is 527h:0m
2024-06-01 07:33:58 INFO Testing: dataset_name: market1501 top1:0.9489 top5:0.9825 top10:0.9896 mAP:0.8727
2024-06-01 07:35:42 INFO Epoch 591/16000	Training Loss: 0.9182	Time remaining is 527h:38m
2024-06-01 07:37:26 INFO Epoch 592/16000	Training Loss: 0.9181	Time remaining is 527h:28m
2024-06-01 07:39:11 INFO Epoch 593/16000	Training Loss: 0.9187	Time remaining is 527h:18m
2024-06-01 07:40:56 INFO Epoch 594/16000	Training Loss: 0.9230	Time remaining is 527h:8m
2024-06-01 07:42:40 INFO Epoch 595/16000	Training Loss: 0.9184	Time remaining is 526h:58m
2024-06-01 07:44:31 INFO Testing: dataset_name: market1501 top1:0.9516 top5:0.9813 top10:0.9893 mAP:0.8721
2024-06-01 07:46:15 INFO Epoch 596/16000	Training Loss: 0.9145	Time remaining is 527h:35m
2024-06-01 07:47:59 INFO Epoch 597/16000	Training Loss: 0.9187	Time remaining is 527h:25m
2024-06-01 07:49:44 INFO Epoch 598/16000	Training Loss: 0.9185	Time remaining is 527h:15m
2024-06-01 07:51:27 INFO Epoch 599/16000	Training Loss: 0.9140	Time remaining is 527h:4m
2024-06-01 07:53:11 INFO Epoch 600/16000	Training Loss: 0.9135	Time remaining is 526h:54m
2024-06-01 07:55:02 INFO Testing: dataset_name: market1501 top1:0.9501 top5:0.9801 top10:0.9905 mAP:0.8712
2024-06-01 07:56:46 INFO Epoch 601/16000	Training Loss: 0.9149	Time remaining is 527h:31m
2024-06-01 07:58:30 INFO Epoch 602/16000	Training Loss: 0.9179	Time remaining is 527h:21m
2024-06-01 08:00:14 INFO Epoch 603/16000	Training Loss: 0.9178	Time remaining is 527h:11m
2024-06-01 08:01:59 INFO Epoch 604/16000	Training Loss: 0.9181	Time remaining is 527h:1m
2024-06-01 08:03:43 INFO Epoch 605/16000	Training Loss: 0.9193	Time remaining is 526h:51m
2024-06-01 08:05:34 INFO Testing: dataset_name: market1501 top1:0.9495 top5:0.9822 top10:0.9890 mAP:0.8708
2024-06-01 08:07:18 INFO Epoch 606/16000	Training Loss: 0.9171	Time remaining is 527h:28m
2024-06-01 08:09:03 INFO Epoch 607/16000	Training Loss: 0.9183	Time remaining is 527h:18m
2024-06-01 08:10:47 INFO Epoch 608/16000	Training Loss: 0.9175	Time remaining is 527h:8m
2024-06-01 08:12:31 INFO Epoch 609/16000	Training Loss: 0.9128	Time remaining is 526h:57m
2024-06-01 08:14:16 INFO Epoch 610/16000	Training Loss: 0.9222	Time remaining is 526h:48m
2024-06-01 08:16:07 INFO Testing: dataset_name: market1501 top1:0.9498 top5:0.9819 top10:0.9887 mAP:0.8704
2024-06-01 08:17:51 INFO Epoch 611/16000	Training Loss: 0.9180	Time remaining is 527h:24m
2024-06-01 08:19:35 INFO Epoch 612/16000	Training Loss: 0.9125	Time remaining is 527h:14m
2024-06-01 08:21:19 INFO Epoch 613/16000	Training Loss: 0.9176	Time remaining is 527h:4m
2024-06-01 08:23:03 INFO Epoch 614/16000	Training Loss: 0.9124	Time remaining is 526h:54m
2024-06-01 08:24:48 INFO Epoch 615/16000	Training Loss: 0.9228	Time remaining is 526h:44m
2024-06-01 08:26:39 INFO Testing: dataset_name: market1501 top1:0.9469 top5:0.9810 top10:0.9890 mAP:0.8699
2024-06-01 08:28:23 INFO Epoch 616/16000	Training Loss: 0.9181	Time remaining is 527h:20m
2024-06-01 08:30:07 INFO Epoch 617/16000	Training Loss: 0.9173	Time remaining is 527h:10m
2024-06-01 08:31:52 INFO Epoch 618/16000	Training Loss: 0.9171	Time remaining is 527h:0m
2024-06-01 08:33:36 INFO Epoch 619/16000	Training Loss: 0.9177	Time remaining is 526h:50m
2024-06-01 08:35:19 INFO Epoch 620/16000	Training Loss: 0.9135	Time remaining is 526h:40m
2024-06-01 08:37:11 INFO Testing: dataset_name: market1501 top1:0.9477 top5:0.9819 top10:0.9872 mAP:0.8701
2024-06-01 08:38:55 INFO Epoch 621/16000	Training Loss: 0.9178	Time remaining is 527h:16m
2024-06-01 08:40:39 INFO Epoch 622/16000	Training Loss: 0.9127	Time remaining is 527h:6m
2024-06-01 08:42:23 INFO Epoch 623/16000	Training Loss: 0.9131	Time remaining is 526h:56m
2024-06-01 08:44:06 INFO Epoch 624/16000	Training Loss: 0.9142	Time remaining is 526h:46m
2024-06-01 08:45:51 INFO Epoch 625/16000	Training Loss: 0.9174	Time remaining is 526h:36m
2024-06-01 08:47:42 INFO Testing: dataset_name: market1501 top1:0.9477 top5:0.9807 top10:0.9875 mAP:0.8702
2024-06-01 08:49:26 INFO Epoch 626/16000	Training Loss: 0.9177	Time remaining is 527h:11m
2024-06-01 08:51:11 INFO Epoch 627/16000	Training Loss: 0.9172	Time remaining is 527h:2m
2024-06-01 08:52:55 INFO Epoch 628/16000	Training Loss: 0.9179	Time remaining is 526h:52m
2024-06-01 08:54:39 INFO Epoch 629/16000	Training Loss: 0.9123	Time remaining is 526h:42m
2024-06-01 08:56:22 INFO Epoch 630/16000	Training Loss: 0.9123	Time remaining is 526h:32m
2024-06-01 08:58:13 INFO Testing: dataset_name: market1501 top1:0.9483 top5:0.9825 top10:0.9893 mAP:0.8686
2024-06-01 08:59:57 INFO Epoch 631/16000	Training Loss: 0.9125	Time remaining is 527h:7m
2024-06-01 09:01:41 INFO Epoch 632/16000	Training Loss: 0.9174	Time remaining is 526h:57m
2024-06-01 09:03:26 INFO Epoch 633/16000	Training Loss: 0.9164	Time remaining is 526h:47m
2024-06-01 09:05:11 INFO Epoch 634/16000	Training Loss: 0.9225	Time remaining is 526h:38m
2024-06-01 09:06:55 INFO Epoch 635/16000	Training Loss: 0.9187	Time remaining is 526h:28m
2024-06-01 09:08:47 INFO Testing: dataset_name: market1501 top1:0.9516 top5:0.9813 top10:0.9893 mAP:0.8707
2024-06-01 09:10:31 INFO Epoch 636/16000	Training Loss: 0.9178	Time remaining is 527h:3m
2024-06-01 09:12:16 INFO Epoch 637/16000	Training Loss: 0.9168	Time remaining is 526h:53m
2024-06-01 09:14:00 INFO Epoch 638/16000	Training Loss: 0.9172	Time remaining is 526h:44m
2024-06-01 09:15:44 INFO Epoch 639/16000	Training Loss: 0.9172	Time remaining is 526h:34m
2024-06-01 09:17:29 INFO Epoch 640/16000	Training Loss: 0.9164	Time remaining is 526h:24m
2024-06-01 09:19:20 INFO Testing: dataset_name: market1501 top1:0.9513 top5:0.9816 top10:0.9899 mAP:0.8687
2024-06-01 09:21:04 INFO Epoch 641/16000	Training Loss: 0.9178	Time remaining is 526h:59m
2024-06-01 09:22:48 INFO Epoch 642/16000	Training Loss: 0.9125	Time remaining is 526h:49m
2024-06-01 09:24:32 INFO Epoch 643/16000	Training Loss: 0.9121	Time remaining is 526h:39m
2024-06-01 09:26:16 INFO Epoch 644/16000	Training Loss: 0.9171	Time remaining is 526h:30m
2024-06-01 09:28:00 INFO Epoch 645/16000	Training Loss: 0.9118	Time remaining is 526h:20m
2024-06-01 09:29:51 INFO Testing: dataset_name: market1501 top1:0.9454 top5:0.9801 top10:0.9887 mAP:0.8643
2024-06-01 09:31:35 INFO Epoch 646/16000	Training Loss: 0.9169	Time remaining is 526h:54m
2024-06-01 09:33:20 INFO Epoch 647/16000	Training Loss: 0.9215	Time remaining is 526h:45m
2024-06-01 09:35:04 INFO Epoch 648/16000	Training Loss: 0.9159	Time remaining is 526h:35m
2024-06-01 09:36:48 INFO Epoch 649/16000	Training Loss: 0.9125	Time remaining is 526h:25m
2024-06-01 09:38:32 INFO Epoch 650/16000	Training Loss: 0.9178	Time remaining is 526h:16m
2024-06-01 09:40:23 INFO Testing: dataset_name: market1501 top1:0.9477 top5:0.9789 top10:0.9872 mAP:0.8648
2024-06-01 09:42:08 INFO Epoch 651/16000	Training Loss: 0.9172	Time remaining is 526h:50m
2024-06-01 09:43:52 INFO Epoch 652/16000	Training Loss: 0.9129	Time remaining is 526h:40m
2024-06-01 09:45:35 INFO Epoch 653/16000	Training Loss: 0.9129	Time remaining is 526h:30m
2024-06-01 09:47:20 INFO Epoch 654/16000	Training Loss: 0.9176	Time remaining is 526h:21m
2024-06-01 09:49:03 INFO Epoch 655/16000	Training Loss: 0.9123	Time remaining is 526h:11m
2024-06-01 09:50:54 INFO Testing: dataset_name: market1501 top1:0.9469 top5:0.9807 top10:0.9872 mAP:0.8651
2024-06-01 09:52:39 INFO Epoch 656/16000	Training Loss: 0.9174	Time remaining is 526h:45m
2024-06-01 09:54:24 INFO Epoch 657/16000	Training Loss: 0.9119	Time remaining is 526h:35m
2024-06-01 09:56:08 INFO Epoch 658/16000	Training Loss: 0.9169	Time remaining is 526h:26m
2024-06-01 09:57:53 INFO Epoch 659/16000	Training Loss: 0.9171	Time remaining is 526h:16m
2024-06-01 09:59:37 INFO Epoch 660/16000	Training Loss: 0.9167	Time remaining is 526h:7m
2024-06-01 10:01:29 INFO Testing: dataset_name: market1501 top1:0.9451 top5:0.9804 top10:0.9860 mAP:0.8624
2024-06-01 10:03:12 INFO Epoch 661/16000	Training Loss: 0.9121	Time remaining is 526h:40m
2024-06-01 10:04:57 INFO Epoch 662/16000	Training Loss: 0.9168	Time remaining is 526h:31m
2024-06-01 10:06:42 INFO Epoch 663/16000	Training Loss: 0.9207	Time remaining is 526h:22m
2024-06-01 10:08:26 INFO Epoch 664/16000	Training Loss: 0.9155	Time remaining is 526h:12m
2024-06-01 10:10:11 INFO Epoch 665/16000	Training Loss: 0.9184	Time remaining is 526h:3m
2024-06-01 10:12:02 INFO Testing: dataset_name: market1501 top1:0.9448 top5:0.9825 top10:0.9884 mAP:0.8713
2024-06-01 10:13:46 INFO Epoch 666/16000	Training Loss: 0.9171	Time remaining is 526h:36m
2024-06-01 10:15:31 INFO Epoch 667/16000	Training Loss: 0.9171	Time remaining is 526h:27m
2024-06-01 10:17:15 INFO Epoch 668/16000	Training Loss: 0.9168	Time remaining is 526h:17m
2024-06-01 10:19:00 INFO Epoch 669/16000	Training Loss: 0.9157	Time remaining is 526h:8m
2024-06-01 10:20:44 INFO Epoch 670/16000	Training Loss: 0.9127	Time remaining is 525h:58m
2024-06-01 10:22:35 INFO Testing: dataset_name: market1501 top1:0.9454 top5:0.9795 top10:0.9878 mAP:0.8634
2024-06-01 10:24:18 INFO Epoch 671/16000	Training Loss: 0.9123	Time remaining is 526h:31m
2024-06-01 10:26:03 INFO Epoch 672/16000	Training Loss: 0.9157	Time remaining is 526h:22m
2024-06-01 10:27:47 INFO Epoch 673/16000	Training Loss: 0.9159	Time remaining is 526h:12m
2024-06-01 10:29:31 INFO Epoch 674/16000	Training Loss: 0.9125	Time remaining is 526h:3m
2024-06-01 10:31:14 INFO Epoch 675/16000	Training Loss: 0.9105	Time remaining is 525h:53m
2024-06-01 10:33:06 INFO Testing: dataset_name: market1501 top1:0.9474 top5:0.9801 top10:0.9875 mAP:0.8641
2024-06-01 10:34:50 INFO Epoch 676/16000	Training Loss: 0.9126	Time remaining is 526h:26m
2024-06-01 10:36:34 INFO Epoch 677/16000	Training Loss: 0.9154	Time remaining is 526h:16m
2024-06-01 10:38:18 INFO Epoch 678/16000	Training Loss: 0.9115	Time remaining is 526h:7m
2024-06-01 10:40:02 INFO Epoch 679/16000	Training Loss: 0.9169	Time remaining is 525h:58m
2024-06-01 10:41:46 INFO Epoch 680/16000	Training Loss: 0.9111	Time remaining is 525h:48m
2024-06-01 10:43:37 INFO Testing: dataset_name: market1501 top1:0.9460 top5:0.9804 top10:0.9878 mAP:0.8614
2024-06-01 10:45:22 INFO Epoch 681/16000	Training Loss: 0.9158	Time remaining is 526h:21m
2024-06-01 10:47:06 INFO Epoch 682/16000	Training Loss: 0.9164	Time remaining is 526h:11m
2024-06-01 10:48:50 INFO Epoch 683/16000	Training Loss: 0.9169	Time remaining is 526h:2m
2024-06-01 10:50:35 INFO Epoch 684/16000	Training Loss: 0.9172	Time remaining is 525h:53m
2024-06-01 10:52:19 INFO Epoch 685/16000	Training Loss: 0.9151	Time remaining is 525h:44m
2024-06-01 10:54:10 INFO Testing: dataset_name: market1501 top1:0.9427 top5:0.9792 top10:0.9878 mAP:0.8585
2024-06-01 10:55:55 INFO Epoch 686/16000	Training Loss: 0.9154	Time remaining is 526h:16m
2024-06-01 10:57:39 INFO Epoch 687/16000	Training Loss: 0.9111	Time remaining is 526h:6m
2024-06-01 10:59:23 INFO Epoch 688/16000	Training Loss: 0.9173	Time remaining is 525h:57m
2024-06-01 11:01:08 INFO Epoch 689/16000	Training Loss: 0.9165	Time remaining is 525h:48m
2024-06-01 11:02:52 INFO Epoch 690/16000	Training Loss: 0.9159	Time remaining is 525h:39m
2024-06-01 11:04:44 INFO Testing: dataset_name: market1501 top1:0.9445 top5:0.9795 top10:0.9872 mAP:0.8579
2024-06-01 11:06:28 INFO Epoch 691/16000	Training Loss: 0.9110	Time remaining is 526h:11m
2024-06-01 11:08:12 INFO Epoch 692/16000	Training Loss: 0.9108	Time remaining is 526h:1m
2024-06-01 11:09:56 INFO Epoch 693/16000	Training Loss: 0.9152	Time remaining is 525h:52m
2024-06-01 11:11:40 INFO Epoch 694/16000	Training Loss: 0.9154	Time remaining is 525h:43m
2024-06-01 11:13:25 INFO Epoch 695/16000	Training Loss: 0.9158	Time remaining is 525h:34m
2024-06-01 11:15:16 INFO Testing: dataset_name: market1501 top1:0.9418 top5:0.9789 top10:0.9881 mAP:0.8608
2024-06-01 11:17:03 INFO Epoch 696/16000	Training Loss: 0.9204	Time remaining is 526h:6m
2024-06-01 11:18:48 INFO Epoch 697/16000	Training Loss: 0.9151	Time remaining is 525h:58m
2024-06-01 11:20:32 INFO Epoch 698/16000	Training Loss: 0.9111	Time remaining is 525h:48m
2024-06-01 11:22:16 INFO Epoch 699/16000	Training Loss: 0.9160	Time remaining is 525h:39m
2024-06-01 11:24:01 INFO Epoch 700/16000	Training Loss: 0.9170	Time remaining is 525h:30m
2024-06-01 11:25:52 INFO Testing: dataset_name: market1501 top1:0.9430 top5:0.9804 top10:0.9869 mAP:0.8595
2024-06-01 11:27:36 INFO Epoch 701/16000	Training Loss: 0.9106	Time remaining is 526h:1m
2024-06-01 11:29:20 INFO Epoch 702/16000	Training Loss: 0.9155	Time remaining is 525h:52m
2024-06-01 11:31:04 INFO Epoch 703/16000	Training Loss: 0.9152	Time remaining is 525h:43m
2024-06-01 11:32:49 INFO Epoch 704/16000	Training Loss: 0.9159	Time remaining is 525h:34m
2024-06-01 11:34:33 INFO Epoch 705/16000	Training Loss: 0.9167	Time remaining is 525h:25m
2024-06-01 11:36:24 INFO Testing: dataset_name: market1501 top1:0.9466 top5:0.9795 top10:0.9884 mAP:0.8654
2024-06-01 11:38:09 INFO Epoch 706/16000	Training Loss: 0.9155	Time remaining is 525h:56m
2024-06-01 11:39:53 INFO Epoch 707/16000	Training Loss: 0.9156	Time remaining is 525h:47m
2024-06-01 11:41:37 INFO Epoch 708/16000	Training Loss: 0.9150	Time remaining is 525h:38m
2024-06-01 11:43:22 INFO Epoch 709/16000	Training Loss: 0.9169	Time remaining is 525h:29m
2024-06-01 11:45:06 INFO Epoch 710/16000	Training Loss: 0.9164	Time remaining is 525h:20m
2024-06-01 11:46:58 INFO Testing: dataset_name: market1501 top1:0.9433 top5:0.9789 top10:0.9857 mAP:0.8544
2024-06-01 11:48:43 INFO Epoch 711/16000	Training Loss: 0.9154	Time remaining is 525h:51m
2024-06-01 11:50:27 INFO Epoch 712/16000	Training Loss: 0.9148	Time remaining is 525h:42m
2024-06-01 11:52:12 INFO Epoch 713/16000	Training Loss: 0.9148	Time remaining is 525h:33m
2024-06-01 11:53:56 INFO Epoch 714/16000	Training Loss: 0.9113	Time remaining is 525h:24m
2024-06-01 11:55:40 INFO Epoch 715/16000	Training Loss: 0.9150	Time remaining is 525h:15m
2024-06-01 11:57:31 INFO Testing: dataset_name: market1501 top1:0.9469 top5:0.9765 top10:0.9866 mAP:0.8585
2024-06-01 11:59:15 INFO Epoch 716/16000	Training Loss: 0.9111	Time remaining is 525h:46m
2024-06-01 12:01:00 INFO Epoch 717/16000	Training Loss: 0.9163	Time remaining is 525h:37m
2024-06-01 12:02:44 INFO Epoch 718/16000	Training Loss: 0.9165	Time remaining is 525h:28m
2024-06-01 12:04:28 INFO Epoch 719/16000	Training Loss: 0.9102	Time remaining is 525h:19m
2024-06-01 12:06:13 INFO Epoch 720/16000	Training Loss: 0.9158	Time remaining is 525h:10m
2024-06-01 12:08:04 INFO Testing: dataset_name: market1501 top1:0.9469 top5:0.9804 top10:0.9881 mAP:0.8581
2024-06-01 12:09:48 INFO Epoch 721/16000	Training Loss: 0.9110	Time remaining is 525h:40m
2024-06-01 12:11:32 INFO Epoch 722/16000	Training Loss: 0.9149	Time remaining is 525h:31m
2024-06-01 12:13:17 INFO Epoch 723/16000	Training Loss: 0.9155	Time remaining is 525h:22m
2024-06-01 12:15:01 INFO Epoch 724/16000	Training Loss: 0.9151	Time remaining is 525h:14m
2024-06-01 12:16:46 INFO Epoch 725/16000	Training Loss: 0.9149	Time remaining is 525h:5m
2024-06-01 12:18:37 INFO Testing: dataset_name: market1501 top1:0.9448 top5:0.9801 top10:0.9875 mAP:0.8565
2024-06-01 12:20:21 INFO Epoch 726/16000	Training Loss: 0.9160	Time remaining is 525h:35m
2024-06-01 12:22:06 INFO Epoch 727/16000	Training Loss: 0.9154	Time remaining is 525h:26m
2024-06-01 12:23:49 INFO Epoch 728/16000	Training Loss: 0.9105	Time remaining is 525h:17m
2024-06-01 12:25:34 INFO Epoch 729/16000	Training Loss: 0.9160	Time remaining is 525h:8m
2024-06-01 12:27:18 INFO Epoch 730/16000	Training Loss: 0.9103	Time remaining is 524h:59m
2024-06-01 12:29:09 INFO Testing: dataset_name: market1501 top1:0.9406 top5:0.9774 top10:0.9852 mAP:0.8517
2024-06-01 12:30:53 INFO Epoch 731/16000	Training Loss: 0.9146	Time remaining is 525h:29m
2024-06-01 12:32:36 INFO Epoch 732/16000	Training Loss: 0.9056	Time remaining is 525h:20m
2024-06-01 12:34:20 INFO Epoch 733/16000	Training Loss: 0.9103	Time remaining is 525h:11m
2024-06-01 12:36:05 INFO Epoch 734/16000	Training Loss: 0.9143	Time remaining is 525h:2m
2024-06-01 12:37:49 INFO Epoch 735/16000	Training Loss: 0.9113	Time remaining is 524h:53m
2024-06-01 12:39:40 INFO Testing: dataset_name: market1501 top1:0.9412 top5:0.9792 top10:0.9866 mAP:0.8587
2024-06-01 12:41:24 INFO Epoch 736/16000	Training Loss: 0.9106	Time remaining is 525h:22m
2024-06-01 12:43:09 INFO Epoch 737/16000	Training Loss: 0.9200	Time remaining is 525h:14m
2024-06-01 12:44:52 INFO Epoch 738/16000	Training Loss: 0.9102	Time remaining is 525h:5m
2024-06-01 12:46:36 INFO Epoch 739/16000	Training Loss: 0.9105	Time remaining is 524h:56m
2024-06-01 12:48:20 INFO Epoch 740/16000	Training Loss: 0.9153	Time remaining is 524h:47m
2024-06-01 12:50:12 INFO Testing: dataset_name: market1501 top1:0.9400 top5:0.9783 top10:0.9872 mAP:0.8518
2024-06-01 12:51:56 INFO Epoch 741/16000	Training Loss: 0.9107	Time remaining is 525h:16m
2024-06-01 12:53:40 INFO Epoch 742/16000	Training Loss: 0.9155	Time remaining is 525h:8m
2024-06-01 12:55:24 INFO Epoch 743/16000	Training Loss: 0.9112	Time remaining is 524h:59m
2024-06-01 12:57:08 INFO Epoch 744/16000	Training Loss: 0.9148	Time remaining is 524h:50m
2024-06-01 12:58:53 INFO Epoch 745/16000	Training Loss: 0.9153	Time remaining is 524h:41m
2024-06-01 13:00:44 INFO Testing: dataset_name: market1501 top1:0.9418 top5:0.9807 top10:0.9866 mAP:0.8571
2024-06-01 13:02:28 INFO Epoch 746/16000	Training Loss: 0.9148	Time remaining is 525h:10m
2024-06-01 13:04:12 INFO Epoch 747/16000	Training Loss: 0.9106	Time remaining is 525h:2m
2024-06-01 13:05:57 INFO Epoch 748/16000	Training Loss: 0.9165	Time remaining is 524h:53m
2024-06-01 13:07:41 INFO Epoch 749/16000	Training Loss: 0.9098	Time remaining is 524h:44m
2024-06-01 13:09:26 INFO Epoch 750/16000	Training Loss: 0.9194	Time remaining is 524h:36m
2024-06-01 13:11:17 INFO Testing: dataset_name: market1501 top1:0.9433 top5:0.9789 top10:0.9869 mAP:0.8548
2024-06-01 13:13:01 INFO Epoch 751/16000	Training Loss: 0.9096	Time remaining is 525h:5m
2024-06-01 13:14:45 INFO Epoch 752/16000	Training Loss: 0.9149	Time remaining is 524h:56m
2024-06-01 13:16:30 INFO Epoch 753/16000	Training Loss: 0.9146	Time remaining is 524h:47m
2024-06-01 13:18:14 INFO Epoch 754/16000	Training Loss: 0.9146	Time remaining is 524h:39m
2024-06-01 13:19:59 INFO Epoch 755/16000	Training Loss: 0.9148	Time remaining is 524h:30m
2024-06-01 13:21:50 INFO Testing: dataset_name: market1501 top1:0.9394 top5:0.9783 top10:0.9872 mAP:0.8533
2024-06-01 13:23:34 INFO Epoch 756/16000	Training Loss: 0.9139	Time remaining is 524h:59m
2024-06-01 13:25:19 INFO Epoch 757/16000	Training Loss: 0.9144	Time remaining is 524h:50m
2024-06-01 13:27:04 INFO Epoch 758/16000	Training Loss: 0.9144	Time remaining is 524h:42m
2024-06-01 13:28:48 INFO Epoch 759/16000	Training Loss: 0.9147	Time remaining is 524h:33m
2024-06-01 13:30:32 INFO Epoch 760/16000	Training Loss: 0.9095	Time remaining is 524h:24m
2024-06-01 13:32:23 INFO Testing: dataset_name: market1501 top1:0.9409 top5:0.9792 top10:0.9881 mAP:0.8543
2024-06-01 13:34:07 INFO Epoch 761/16000	Training Loss: 0.9099	Time remaining is 524h:53m
2024-06-01 13:35:51 INFO Epoch 762/16000	Training Loss: 0.9144	Time remaining is 524h:44m
2024-06-01 13:37:35 INFO Epoch 763/16000	Training Loss: 0.9144	Time remaining is 524h:35m
2024-06-01 13:39:20 INFO Epoch 764/16000	Training Loss: 0.9153	Time remaining is 524h:27m
2024-06-01 13:41:04 INFO Epoch 765/16000	Training Loss: 0.9141	Time remaining is 524h:18m
2024-06-01 13:42:55 INFO Testing: dataset_name: market1501 top1:0.9400 top5:0.9777 top10:0.9872 mAP:0.8472
2024-06-01 13:44:39 INFO Epoch 766/16000	Training Loss: 0.9144	Time remaining is 524h:47m
2024-06-01 13:46:24 INFO Epoch 767/16000	Training Loss: 0.9140	Time remaining is 524h:38m
2024-06-01 13:48:08 INFO Epoch 768/16000	Training Loss: 0.9138	Time remaining is 524h:29m
2024-06-01 13:49:53 INFO Epoch 769/16000	Training Loss: 0.9095	Time remaining is 524h:21m
2024-06-01 13:51:37 INFO Epoch 770/16000	Training Loss: 0.9148	Time remaining is 524h:12m
2024-06-01 13:53:29 INFO Testing: dataset_name: market1501 top1:0.9433 top5:0.9774 top10:0.9872 mAP:0.8512
2024-06-01 13:55:12 INFO Epoch 771/16000	Training Loss: 0.9103	Time remaining is 524h:40m
2024-06-01 13:56:57 INFO Epoch 772/16000	Training Loss: 0.9146	Time remaining is 524h:32m
2024-06-01 13:58:41 INFO Epoch 773/16000	Training Loss: 0.9142	Time remaining is 524h:23m
2024-06-01 14:00:26 INFO Epoch 774/16000	Training Loss: 0.9140	Time remaining is 524h:15m
2024-06-01 14:02:10 INFO Epoch 775/16000	Training Loss: 0.9103	Time remaining is 524h:6m
2024-06-01 14:04:01 INFO Testing: dataset_name: market1501 top1:0.9409 top5:0.9783 top10:0.9857 mAP:0.8507
2024-06-01 14:05:45 INFO Epoch 776/16000	Training Loss: 0.9157	Time remaining is 524h:34m
2024-06-01 14:07:30 INFO Epoch 777/16000	Training Loss: 0.9141	Time remaining is 524h:26m
2024-06-01 14:09:14 INFO Epoch 778/16000	Training Loss: 0.9097	Time remaining is 524h:17m
2024-06-01 14:10:58 INFO Epoch 779/16000	Training Loss: 0.9146	Time remaining is 524h:9m
2024-06-01 14:12:42 INFO Epoch 780/16000	Training Loss: 0.9094	Time remaining is 524h:0m
2024-06-01 14:14:33 INFO Testing: dataset_name: market1501 top1:0.9418 top5:0.9762 top10:0.9875 mAP:0.8541
2024-06-01 14:16:17 INFO Epoch 781/16000	Training Loss: 0.9138	Time remaining is 524h:28m
2024-06-01 14:18:01 INFO Epoch 782/16000	Training Loss: 0.9103	Time remaining is 524h:19m
2024-06-01 14:19:46 INFO Epoch 783/16000	Training Loss: 0.9147	Time remaining is 524h:11m
2024-06-01 14:21:30 INFO Epoch 784/16000	Training Loss: 0.9139	Time remaining is 524h:2m
2024-06-01 14:23:14 INFO Epoch 785/16000	Training Loss: 0.9091	Time remaining is 523h:54m
2024-06-01 14:25:05 INFO Testing: dataset_name: market1501 top1:0.9382 top5:0.9777 top10:0.9863 mAP:0.8485
2024-06-01 14:26:50 INFO Epoch 786/16000	Training Loss: 0.9136	Time remaining is 524h:21m
2024-06-01 14:28:33 INFO Epoch 787/16000	Training Loss: 0.9047	Time remaining is 524h:13m
2024-06-01 14:30:17 INFO Epoch 788/16000	Training Loss: 0.9141	Time remaining is 524h:4m
2024-06-01 14:32:02 INFO Epoch 789/16000	Training Loss: 0.9151	Time remaining is 523h:56m
2024-06-01 14:33:46 INFO Epoch 790/16000	Training Loss: 0.9139	Time remaining is 523h:48m
2024-06-01 14:35:38 INFO Testing: dataset_name: market1501 top1:0.9427 top5:0.9754 top10:0.9857 mAP:0.8505
2024-06-01 14:37:22 INFO Epoch 791/16000	Training Loss: 0.9093	Time remaining is 524h:15m
2024-06-01 14:39:06 INFO Epoch 792/16000	Training Loss: 0.9092	Time remaining is 524h:6m
2024-06-01 14:40:50 INFO Epoch 793/16000	Training Loss: 0.9132	Time remaining is 523h:58m
2024-06-01 14:42:35 INFO Epoch 794/16000	Training Loss: 0.9145	Time remaining is 523h:50m
2024-06-01 14:44:19 INFO Epoch 795/16000	Training Loss: 0.9140	Time remaining is 523h:41m
2024-06-01 14:46:10 INFO Testing: dataset_name: market1501 top1:0.9409 top5:0.9780 top10:0.9869 mAP:0.8540
2024-06-01 14:47:54 INFO Epoch 796/16000	Training Loss: 0.9141	Time remaining is 524h:8m
2024-06-01 14:49:39 INFO Epoch 797/16000	Training Loss: 0.9150	Time remaining is 523h:60m
2024-06-01 14:51:24 INFO Epoch 798/16000	Training Loss: 0.9177	Time remaining is 523h:52m
2024-06-01 14:53:08 INFO Epoch 799/16000	Training Loss: 0.9147	Time remaining is 523h:44m
2024-06-01 14:54:52 INFO Epoch 800/16000	Training Loss: 0.9084	Time remaining is 523h:35m
2024-06-01 14:56:43 INFO Testing: dataset_name: market1501 top1:0.9409 top5:0.9765 top10:0.9840 mAP:0.8465
2024-06-01 14:58:27 INFO Epoch 801/16000	Training Loss: 0.9132	Time remaining is 524h:2m
2024-06-01 15:00:12 INFO Epoch 802/16000	Training Loss: 0.9136	Time remaining is 523h:54m
2024-06-01 15:01:56 INFO Epoch 803/16000	Training Loss: 0.9145	Time remaining is 523h:45m
2024-06-01 15:03:40 INFO Epoch 804/16000	Training Loss: 0.9089	Time remaining is 523h:37m
2024-06-01 15:05:24 INFO Epoch 805/16000	Training Loss: 0.9127	Time remaining is 523h:29m
2024-06-01 15:07:15 INFO Testing: dataset_name: market1501 top1:0.9397 top5:0.9757 top10:0.9857 mAP:0.8482
2024-06-01 15:09:00 INFO Epoch 806/16000	Training Loss: 0.9132	Time remaining is 523h:55m
2024-06-01 15:10:44 INFO Epoch 807/16000	Training Loss: 0.9138	Time remaining is 523h:47m
2024-06-01 15:12:29 INFO Epoch 808/16000	Training Loss: 0.9190	Time remaining is 523h:39m
2024-06-01 15:14:14 INFO Epoch 809/16000	Training Loss: 0.9149	Time remaining is 523h:31m
2024-06-01 15:15:58 INFO Epoch 810/16000	Training Loss: 0.9128	Time remaining is 523h:23m
2024-06-01 15:17:49 INFO Testing: dataset_name: market1501 top1:0.9400 top5:0.9768 top10:0.9852 mAP:0.8459
2024-06-01 15:19:33 INFO Epoch 811/16000	Training Loss: 0.9096	Time remaining is 523h:49m
2024-06-01 15:21:17 INFO Epoch 812/16000	Training Loss: 0.9131	Time remaining is 523h:41m
2024-06-01 15:23:01 INFO Epoch 813/16000	Training Loss: 0.9088	Time remaining is 523h:32m
2024-06-01 15:24:46 INFO Epoch 814/16000	Training Loss: 0.9135	Time remaining is 523h:24m
2024-06-01 15:26:30 INFO Epoch 815/16000	Training Loss: 0.9137	Time remaining is 523h:16m
2024-06-01 15:28:21 INFO Testing: dataset_name: market1501 top1:0.9388 top5:0.9762 top10:0.9857 mAP:0.8467
2024-06-01 15:30:06 INFO Epoch 816/16000	Training Loss: 0.9141	Time remaining is 523h:42m
2024-06-01 15:31:50 INFO Epoch 817/16000	Training Loss: 0.9133	Time remaining is 523h:34m
2024-06-01 15:33:34 INFO Epoch 818/16000	Training Loss: 0.9103	Time remaining is 523h:26m
2024-06-01 15:35:18 INFO Epoch 819/16000	Training Loss: 0.9133	Time remaining is 523h:18m
2024-06-01 15:37:04 INFO Epoch 820/16000	Training Loss: 0.9128	Time remaining is 523h:10m
2024-06-01 15:38:55 INFO Testing: dataset_name: market1501 top1:0.9397 top5:0.9757 top10:0.9860 mAP:0.8476
2024-06-01 15:40:39 INFO Epoch 821/16000	Training Loss: 0.9083	Time remaining is 523h:36m
2024-06-01 15:42:24 INFO Epoch 822/16000	Training Loss: 0.9149	Time remaining is 523h:28m
2024-06-01 15:44:08 INFO Epoch 823/16000	Training Loss: 0.9134	Time remaining is 523h:20m
2024-06-01 15:45:53 INFO Epoch 824/16000	Training Loss: 0.9134	Time remaining is 523h:12m
2024-06-01 15:47:38 INFO Epoch 825/16000	Training Loss: 0.9181	Time remaining is 523h:4m
