2024-04-18 17:15:10 INFO ##################################################
2024-04-18 17:15:10 INFO Config values: batch_size: 60	cuhk03_labeled: True	current_directory: /home/hy/project/reid_task/ex_main1	dataset_name: cuhk03-np-labeled	dataset_path: /home/hy/project/data/CUHK03	device: cuda	dtype: torch.float32	epoch_start_test: 90	epochs: 200	img_height: 256	img_width: 128	logs_outputs_path: /home/hy/project/reid_task/ex_main1/./outputs/logs	models_outputs_path: /home/hy/project/reid_task/ex_main1/./outputs/models	np: <module 'numpy' from '/home/hy/anaconda3/envs/py396/lib/python3.9/site-packages/numpy/__init__.py'>	os: <module 'os' from '/home/hy/anaconda3/envs/py396/lib/python3.9/os.py'>	outputs_dir: ./outputs/	outputs_path: /home/hy/project/reid_task/ex_main1/./outputs/	print_every: 1	seed: 1	taskname: ReID_Task	temps_outputs_path: /home/hy/project/reid_task/ex_main1/./outputs/temps	test_batch_size: 256	test_every: 5	torch: <module 'torch' from '/home/hy/anaconda3/envs/py396/lib/python3.9/site-packages/torch/__init__.py'>
2024-04-18 17:15:10 INFO Task: ReID_Task
2024-04-18 17:15:10 INFO Using device: cuda
2024-04-18 17:15:10 INFO Using data type: torch.float32
2024-04-18 17:15:10 INFO Number of GPUs: 1
2024-04-18 17:15:10 INFO GPU is_available: True
2024-04-18 17:15:10 INFO GPU name: NVIDIA GeForce RTX 3060
2024-04-18 17:15:10 INFO CUDA version: 12.1
2024-04-18 17:15:10 INFO Current device id: 0
2024-04-18 17:15:10 INFO ##################################################
2024-04-18 17:15:55 INFO Epoch 1/200	Training Loss: 8.6875	Time remaining is 2h:27m
2024-04-18 17:16:38 INFO Epoch 2/200	Training Loss: 7.7526	Time remaining is 2h:24m
2024-04-18 17:17:21 INFO Epoch 3/200	Training Loss: 6.7934	Time remaining is 2h:23m
2024-04-18 17:18:04 INFO Epoch 4/200	Training Loss: 5.7954	Time remaining is 2h:23m
2024-04-18 17:18:47 INFO Epoch 5/200	Training Loss: 4.8392	Time remaining is 2h:22m
2024-04-18 17:19:30 INFO Epoch 6/200	Training Loss: 3.9344	Time remaining is 2h:21m
2024-04-18 17:20:13 INFO Epoch 7/200	Training Loss: 3.1414	Time remaining is 2h:20m
2024-04-18 17:20:57 INFO Epoch 8/200	Training Loss: 2.5691	Time remaining is 2h:19m
2024-04-18 17:21:40 INFO Epoch 9/200	Training Loss: 2.3213	Time remaining is 2h:18m
2024-04-18 17:22:23 INFO Epoch 10/200	Training Loss: 2.1541	Time remaining is 2h:18m
2024-04-18 17:23:06 INFO Epoch 11/200	Training Loss: 2.0724	Time remaining is 2h:17m
2024-04-18 17:23:49 INFO Epoch 12/200	Training Loss: 2.0185	Time remaining is 2h:16m
2024-04-18 17:24:32 INFO Epoch 13/200	Training Loss: 1.9712	Time remaining is 2h:15m
2024-04-18 17:25:15 INFO Epoch 14/200	Training Loss: 1.9345	Time remaining is 2h:15m
2024-04-18 17:25:58 INFO Epoch 15/200	Training Loss: 1.9141	Time remaining is 2h:14m
2024-04-18 17:26:41 INFO Epoch 16/200	Training Loss: 1.9038	Time remaining is 2h:13m
2024-04-18 17:27:24 INFO Epoch 17/200	Training Loss: 1.8863	Time remaining is 2h:12m
2024-04-18 17:28:08 INFO Epoch 18/200	Training Loss: 1.8754	Time remaining is 2h:12m
2024-04-18 17:28:51 INFO Epoch 19/200	Training Loss: 1.8698	Time remaining is 2h:11m
2024-04-18 17:29:34 INFO Epoch 20/200	Training Loss: 1.8515	Time remaining is 2h:10m
2024-04-18 17:30:17 INFO Epoch 21/200	Training Loss: 1.8441	Time remaining is 2h:9m
2024-04-18 17:31:00 INFO Epoch 22/200	Training Loss: 1.8458	Time remaining is 2h:9m
2024-04-18 17:31:43 INFO Epoch 23/200	Training Loss: 1.8352	Time remaining is 2h:8m
2024-04-18 17:32:26 INFO Epoch 24/200	Training Loss: 1.8316	Time remaining is 2h:7m
2024-04-18 17:33:10 INFO Epoch 25/200	Training Loss: 1.8257	Time remaining is 2h:7m
2024-04-18 17:33:53 INFO Epoch 26/200	Training Loss: 1.8243	Time remaining is 2h:6m
2024-04-18 17:34:36 INFO Epoch 27/200	Training Loss: 1.8227	Time remaining is 2h:5m
2024-04-18 17:35:19 INFO Epoch 28/200	Training Loss: 1.8170	Time remaining is 2h:4m
2024-04-18 17:36:02 INFO Epoch 29/200	Training Loss: 1.8173	Time remaining is 2h:4m
2024-04-18 17:36:45 INFO Epoch 30/200	Training Loss: 1.8186	Time remaining is 2h:3m
2024-04-18 17:37:28 INFO Epoch 31/200	Training Loss: 1.8176	Time remaining is 2h:2m
2024-04-18 17:38:11 INFO Epoch 32/200	Training Loss: 1.8199	Time remaining is 2h:1m
2024-04-18 17:38:54 INFO Epoch 33/200	Training Loss: 1.8175	Time remaining is 2h:1m
2024-04-18 17:39:37 INFO Epoch 34/200	Training Loss: 1.8119	Time remaining is 2h:0m
2024-04-18 17:40:20 INFO Epoch 35/200	Training Loss: 1.8155	Time remaining is 1h:59m
2024-04-18 17:41:03 INFO Epoch 36/200	Training Loss: 1.8167	Time remaining is 1h:59m
2024-04-18 17:41:46 INFO Epoch 37/200	Training Loss: 1.8331	Time remaining is 1h:58m
2024-04-18 17:42:29 INFO Epoch 38/200	Training Loss: 1.8198	Time remaining is 1h:57m
2024-04-18 17:43:12 INFO Epoch 39/200	Training Loss: 1.8108	Time remaining is 1h:56m
2024-04-18 17:43:55 INFO Epoch 40/200	Training Loss: 1.8231	Time remaining is 1h:56m
2024-04-18 17:44:39 INFO Epoch 41/200	Training Loss: 1.7839	Time remaining is 1h:55m
2024-04-18 17:45:22 INFO Epoch 42/200	Training Loss: 1.7542	Time remaining is 1h:54m
2024-04-18 17:46:05 INFO Epoch 43/200	Training Loss: 1.7441	Time remaining is 1h:54m
2024-04-18 17:46:48 INFO Epoch 44/200	Training Loss: 1.7358	Time remaining is 1h:53m
2024-04-18 17:47:31 INFO Epoch 45/200	Training Loss: 1.7273	Time remaining is 1h:52m
2024-04-18 17:48:14 INFO Epoch 46/200	Training Loss: 1.7260	Time remaining is 1h:51m
2024-04-18 17:48:57 INFO Epoch 47/200	Training Loss: 1.7205	Time remaining is 1h:51m
2024-04-18 17:49:40 INFO Epoch 48/200	Training Loss: 1.7164	Time remaining is 1h:50m
2024-04-18 17:50:23 INFO Epoch 49/200	Training Loss: 1.7136	Time remaining is 1h:49m
2024-04-18 17:51:06 INFO Epoch 50/200	Training Loss: 1.7119	Time remaining is 1h:49m
2024-04-18 17:51:50 INFO Epoch 51/200	Training Loss: 1.7116	Time remaining is 1h:48m
2024-04-18 17:52:33 INFO Epoch 52/200	Training Loss: 1.7061	Time remaining is 1h:47m
2024-04-18 17:53:16 INFO Epoch 53/200	Training Loss: 1.7062	Time remaining is 1h:46m
2024-04-18 17:53:59 INFO Epoch 54/200	Training Loss: 1.7054	Time remaining is 1h:46m
2024-04-18 17:54:42 INFO Epoch 55/200	Training Loss: 1.7042	Time remaining is 1h:45m
2024-04-18 17:55:25 INFO Epoch 56/200	Training Loss: 1.7045	Time remaining is 1h:44m
2024-04-18 17:56:09 INFO Epoch 57/200	Training Loss: 1.7007	Time remaining is 1h:44m
2024-04-18 17:56:52 INFO Epoch 58/200	Training Loss: 1.6996	Time remaining is 1h:43m
2024-04-18 17:57:35 INFO Epoch 59/200	Training Loss: 1.6981	Time remaining is 1h:42m
2024-04-18 17:58:18 INFO Epoch 60/200	Training Loss: 1.6997	Time remaining is 1h:41m
2024-04-18 17:59:01 INFO Epoch 61/200	Training Loss: 1.6968	Time remaining is 1h:41m
2024-04-18 17:59:44 INFO Epoch 62/200	Training Loss: 1.6961	Time remaining is 1h:40m
2024-04-18 18:00:27 INFO Epoch 63/200	Training Loss: 1.6960	Time remaining is 1h:39m
2024-04-18 18:01:10 INFO Epoch 64/200	Training Loss: 1.6923	Time remaining is 1h:38m
2024-04-18 18:01:53 INFO Epoch 65/200	Training Loss: 1.6943	Time remaining is 1h:38m
2024-04-18 18:02:37 INFO Epoch 66/200	Training Loss: 1.6944	Time remaining is 1h:37m
2024-04-18 18:03:20 INFO Epoch 67/200	Training Loss: 1.6931	Time remaining is 1h:36m
2024-04-18 18:04:03 INFO Epoch 68/200	Training Loss: 1.6917	Time remaining is 1h:36m
2024-04-18 18:04:46 INFO Epoch 69/200	Training Loss: 1.6930	Time remaining is 1h:35m
2024-04-18 18:05:29 INFO Epoch 70/200	Training Loss: 1.6929	Time remaining is 1h:34m
2024-04-18 18:06:12 INFO Epoch 71/200	Training Loss: 1.6883	Time remaining is 1h:33m
2024-04-18 18:06:55 INFO Epoch 72/200	Training Loss: 1.6860	Time remaining is 1h:33m
2024-04-18 18:07:38 INFO Epoch 73/200	Training Loss: 1.6871	Time remaining is 1h:32m
2024-04-18 18:08:22 INFO Epoch 74/200	Training Loss: 1.6863	Time remaining is 1h:31m
2024-04-18 18:09:05 INFO Epoch 75/200	Training Loss: 1.6849	Time remaining is 1h:31m
2024-04-18 18:09:48 INFO Epoch 76/200	Training Loss: 1.6831	Time remaining is 1h:30m
2024-04-18 18:10:31 INFO Epoch 77/200	Training Loss: 1.6847	Time remaining is 1h:29m
2024-04-18 18:11:14 INFO Epoch 78/200	Training Loss: 1.6838	Time remaining is 1h:28m
2024-04-18 18:11:57 INFO Epoch 79/200	Training Loss: 1.6833	Time remaining is 1h:28m
2024-04-18 18:12:40 INFO Epoch 80/200	Training Loss: 1.6815	Time remaining is 1h:27m
2024-04-18 18:13:23 INFO Epoch 81/200	Training Loss: 1.6822	Time remaining is 1h:26m
2024-04-18 18:14:07 INFO Epoch 82/200	Training Loss: 1.6819	Time remaining is 1h:26m
2024-04-18 18:14:50 INFO Epoch 83/200	Training Loss: 1.6817	Time remaining is 1h:25m
2024-04-18 18:15:33 INFO Epoch 84/200	Training Loss: 1.6816	Time remaining is 1h:24m
2024-04-18 18:16:16 INFO Epoch 85/200	Training Loss: 1.6807	Time remaining is 1h:23m
2024-04-18 18:16:59 INFO Epoch 86/200	Training Loss: 1.6810	Time remaining is 1h:23m
2024-04-18 18:17:43 INFO Epoch 87/200	Training Loss: 1.6808	Time remaining is 1h:22m
2024-04-18 18:18:26 INFO Epoch 88/200	Training Loss: 1.6815	Time remaining is 1h:21m
2024-04-18 18:19:09 INFO Epoch 89/200	Training Loss: 1.6805	Time remaining is 1h:21m
2024-04-18 18:19:52 INFO Epoch 90/200	Training Loss: 1.6804	Time remaining is 1h:20m
2024-04-18 18:20:21 INFO Testing: dataset_name: cuhk03-np-labeled top1:0.6714 top5:0.8457 top10:0.9093 mAP:0.6514
2024-04-18 18:21:04 INFO Epoch 91/200	Training Loss: 1.6803	Time remaining is 1h:20m
2024-04-18 18:21:47 INFO Epoch 92/200	Training Loss: 1.6809	Time remaining is 1h:19m
2024-04-18 18:22:30 INFO Epoch 93/200	Training Loss: 1.6779	Time remaining is 1h:18m
2024-04-18 18:23:13 INFO Epoch 94/200	Training Loss: 1.6801	Time remaining is 1h:17m
2024-04-18 18:23:56 INFO Epoch 95/200	Training Loss: 1.6803	Time remaining is 1h:17m
2024-04-18 18:24:22 INFO Testing: dataset_name: cuhk03-np-labeled top1:0.6736 top5:0.8543 top10:0.9129 mAP:0.6553
2024-04-18 18:25:05 INFO Epoch 96/200	Training Loss: 1.6784	Time remaining is 1h:16m
2024-04-18 18:25:48 INFO Epoch 97/200	Training Loss: 1.6782	Time remaining is 1h:16m
2024-04-18 18:26:32 INFO Epoch 98/200	Training Loss: 1.6790	Time remaining is 1h:15m
2024-04-18 18:27:15 INFO Epoch 99/200	Training Loss: 1.6770	Time remaining is 1h:14m
2024-04-18 18:27:58 INFO Epoch 100/200	Training Loss: 1.6788	Time remaining is 1h:14m
2024-04-18 18:28:24 INFO Testing: dataset_name: cuhk03-np-labeled top1:0.6736 top5:0.8479 top10:0.9150 mAP:0.6577
2024-04-18 18:29:07 INFO Epoch 101/200	Training Loss: 1.6780	Time remaining is 1h:13m
2024-04-18 18:29:50 INFO Epoch 102/200	Training Loss: 1.6784	Time remaining is 1h:12m
2024-04-18 18:30:33 INFO Epoch 103/200	Training Loss: 1.6769	Time remaining is 1h:12m
2024-04-18 18:31:16 INFO Epoch 104/200	Training Loss: 1.6769	Time remaining is 1h:11m
2024-04-18 18:32:00 INFO Epoch 105/200	Training Loss: 1.6769	Time remaining is 1h:10m
2024-04-18 18:32:26 INFO Testing: dataset_name: cuhk03-np-labeled top1:0.6743 top5:0.8514 top10:0.9121 mAP:0.6607
2024-04-18 18:33:09 INFO Epoch 106/200	Training Loss: 1.6782	Time remaining is 1h:10m
2024-04-18 18:33:52 INFO Epoch 107/200	Training Loss: 1.6777	Time remaining is 1h:9m
2024-04-18 18:34:35 INFO Epoch 108/200	Training Loss: 1.6772	Time remaining is 1h:8m
2024-04-18 18:35:18 INFO Epoch 109/200	Training Loss: 1.6772	Time remaining is 1h:8m
2024-04-18 18:36:01 INFO Epoch 110/200	Training Loss: 1.6765	Time remaining is 1h:7m
2024-04-18 18:36:28 INFO Testing: dataset_name: cuhk03-np-labeled top1:0.6736 top5:0.8514 top10:0.9157 mAP:0.6605
2024-04-18 18:37:11 INFO Epoch 111/200	Training Loss: 1.6772	Time remaining is 1h:6m
2024-04-18 18:37:54 INFO Epoch 112/200	Training Loss: 1.6764	Time remaining is 1h:6m
2024-04-18 18:38:37 INFO Epoch 113/200	Training Loss: 1.6761	Time remaining is 1h:5m
2024-04-18 18:39:20 INFO Epoch 114/200	Training Loss: 1.6764	Time remaining is 1h:4m
2024-04-18 18:40:03 INFO Epoch 115/200	Training Loss: 1.6747	Time remaining is 1h:3m
2024-04-18 18:40:30 INFO Testing: dataset_name: cuhk03-np-labeled top1:0.6779 top5:0.8536 top10:0.9150 mAP:0.6631
2024-04-18 18:41:13 INFO Epoch 116/200	Training Loss: 1.6756	Time remaining is 1h:3m
2024-04-18 18:41:56 INFO Epoch 117/200	Training Loss: 1.6761	Time remaining is 1h:2m
2024-04-18 18:42:39 INFO Epoch 118/200	Training Loss: 1.6763	Time remaining is 1h:2m
2024-04-18 18:43:22 INFO Epoch 119/200	Training Loss: 1.6759	Time remaining is 1h:1m
2024-04-18 18:44:05 INFO Epoch 120/200	Training Loss: 1.6759	Time remaining is 1h:0m
2024-04-18 18:44:32 INFO Testing: dataset_name: cuhk03-np-labeled top1:0.6836 top5:0.8550 top10:0.9164 mAP:0.6686
2024-04-18 18:45:15 INFO Epoch 121/200	Training Loss: 1.6735	Time remaining is 0h:60m
2024-04-18 18:45:58 INFO Epoch 122/200	Training Loss: 1.6750	Time remaining is 0h:59m
2024-04-18 18:46:41 INFO Epoch 123/200	Training Loss: 1.6750	Time remaining is 0h:58m
2024-04-18 18:47:25 INFO Epoch 124/200	Training Loss: 1.6740	Time remaining is 0h:57m
2024-04-18 18:48:08 INFO Epoch 125/200	Training Loss: 1.6737	Time remaining is 0h:57m
2024-04-18 18:48:34 INFO Testing: dataset_name: cuhk03-np-labeled top1:0.6850 top5:0.8543 top10:0.9193 mAP:0.6700
2024-04-18 18:49:17 INFO Epoch 126/200	Training Loss: 1.6748	Time remaining is 0h:56m
2024-04-18 18:50:00 INFO Epoch 127/200	Training Loss: 1.6750	Time remaining is 0h:55m
2024-04-18 18:50:43 INFO Epoch 128/200	Training Loss: 1.6740	Time remaining is 0h:54m
2024-04-18 18:51:26 INFO Epoch 129/200	Training Loss: 1.6727	Time remaining is 0h:54m
2024-04-18 18:52:10 INFO Epoch 130/200	Training Loss: 1.6720	Time remaining is 0h:53m
2024-04-18 18:52:36 INFO Testing: dataset_name: cuhk03-np-labeled top1:0.6850 top5:0.8571 top10:0.9157 mAP:0.6714
2024-04-18 18:53:19 INFO Epoch 131/200	Training Loss: 1.6743	Time remaining is 0h:52m
2024-04-18 18:54:02 INFO Epoch 132/200	Training Loss: 1.6735	Time remaining is 0h:52m
2024-04-18 18:54:45 INFO Epoch 133/200	Training Loss: 1.6729	Time remaining is 0h:51m
2024-04-18 18:55:28 INFO Epoch 134/200	Training Loss: 1.6735	Time remaining is 0h:50m
2024-04-18 18:56:11 INFO Epoch 135/200	Training Loss: 1.6735	Time remaining is 0h:49m
2024-04-18 18:56:37 INFO Testing: dataset_name: cuhk03-np-labeled top1:0.6907 top5:0.8557 top10:0.9179 mAP:0.6727
2024-04-18 18:57:20 INFO Epoch 136/200	Training Loss: 1.6743	Time remaining is 0h:49m
2024-04-18 18:58:04 INFO Epoch 137/200	Training Loss: 1.6727	Time remaining is 0h:48m
2024-04-18 18:58:47 INFO Epoch 138/200	Training Loss: 1.6741	Time remaining is 0h:47m
2024-04-18 18:59:30 INFO Epoch 139/200	Training Loss: 1.6723	Time remaining is 0h:47m
2024-04-18 19:00:13 INFO Epoch 140/200	Training Loss: 1.6718	Time remaining is 0h:46m
2024-04-18 19:00:39 INFO Testing: dataset_name: cuhk03-np-labeled top1:0.6850 top5:0.8529 top10:0.9200 mAP:0.6722
2024-04-18 19:01:22 INFO Epoch 141/200	Training Loss: 1.6720	Time remaining is 0h:45m
2024-04-18 19:02:05 INFO Epoch 142/200	Training Loss: 1.6739	Time remaining is 0h:44m
2024-04-18 19:02:48 INFO Epoch 143/200	Training Loss: 1.6739	Time remaining is 0h:44m
2024-04-18 19:03:31 INFO Epoch 144/200	Training Loss: 1.6716	Time remaining is 0h:43m
2024-04-18 19:04:14 INFO Epoch 145/200	Training Loss: 1.6719	Time remaining is 0h:42m
2024-04-18 19:04:41 INFO Testing: dataset_name: cuhk03-np-labeled top1:0.6914 top5:0.8600 top10:0.9200 mAP:0.6748
2024-04-18 19:05:24 INFO Epoch 146/200	Training Loss: 1.6715	Time remaining is 0h:42m
2024-04-18 19:06:07 INFO Epoch 147/200	Training Loss: 1.6717	Time remaining is 0h:41m
2024-04-18 19:06:50 INFO Epoch 148/200	Training Loss: 1.6715	Time remaining is 0h:40m
2024-04-18 19:07:33 INFO Epoch 149/200	Training Loss: 1.6726	Time remaining is 0h:39m
2024-04-18 19:08:16 INFO Epoch 150/200	Training Loss: 1.6719	Time remaining is 0h:38m
2024-04-18 19:08:43 INFO Testing: dataset_name: cuhk03-np-labeled top1:0.6914 top5:0.8586 top10:0.9157 mAP:0.6758
2024-04-18 19:09:26 INFO Epoch 151/200	Training Loss: 1.6716	Time remaining is 0h:38m
2024-04-18 19:10:10 INFO Epoch 152/200	Training Loss: 1.6712	Time remaining is 0h:37m
2024-04-18 19:10:56 INFO Epoch 153/200	Training Loss: 1.6715	Time remaining is 0h:36m
2024-04-18 19:11:40 INFO Epoch 154/200	Training Loss: 1.6711	Time remaining is 0h:36m
2024-04-18 19:12:34 INFO Epoch 155/200	Training Loss: 1.6711	Time remaining is 0h:35m
2024-04-18 19:13:01 INFO Testing: dataset_name: cuhk03-np-labeled top1:0.6921 top5:0.8636 top10:0.9171 mAP:0.6767
2024-04-18 19:13:44 INFO Epoch 156/200	Training Loss: 1.6697	Time remaining is 0h:34m
2024-04-18 19:14:28 INFO Epoch 157/200	Training Loss: 1.6694	Time remaining is 0h:33m
2024-04-18 19:15:11 INFO Epoch 158/200	Training Loss: 1.6696	Time remaining is 0h:33m
2024-04-18 19:15:54 INFO Epoch 159/200	Training Loss: 1.6711	Time remaining is 0h:32m
2024-04-18 19:16:37 INFO Epoch 160/200	Training Loss: 1.6700	Time remaining is 0h:31m
2024-04-18 19:17:04 INFO Testing: dataset_name: cuhk03-np-labeled top1:0.6950 top5:0.8600 top10:0.9164 mAP:0.6787
2024-04-18 19:17:47 INFO Epoch 161/200	Training Loss: 1.6692	Time remaining is 0h:30m
2024-04-18 19:18:30 INFO Epoch 162/200	Training Loss: 1.6701	Time remaining is 0h:30m
2024-04-18 19:19:13 INFO Epoch 163/200	Training Loss: 1.6695	Time remaining is 0h:29m
2024-04-18 19:19:56 INFO Epoch 164/200	Training Loss: 1.6690	Time remaining is 0h:28m
2024-04-18 19:20:39 INFO Epoch 165/200	Training Loss: 1.6702	Time remaining is 0h:27m
2024-04-18 19:21:05 INFO Testing: dataset_name: cuhk03-np-labeled top1:0.6986 top5:0.8614 top10:0.9186 mAP:0.6801
2024-04-18 19:21:48 INFO Epoch 166/200	Training Loss: 1.6693	Time remaining is 0h:27m
2024-04-18 19:22:31 INFO Epoch 167/200	Training Loss: 1.6693	Time remaining is 0h:26m
2024-04-18 19:23:14 INFO Epoch 168/200	Training Loss: 1.6690	Time remaining is 0h:25m
2024-04-18 19:23:57 INFO Epoch 169/200	Training Loss: 1.6703	Time remaining is 0h:24m
2024-04-18 19:24:40 INFO Epoch 170/200	Training Loss: 1.6693	Time remaining is 0h:24m
2024-04-18 19:25:07 INFO Testing: dataset_name: cuhk03-np-labeled top1:0.7000 top5:0.8643 top10:0.9143 mAP:0.6812
2024-04-18 19:25:50 INFO Epoch 171/200	Training Loss: 1.6684	Time remaining is 0h:23m
2024-04-18 19:26:33 INFO Epoch 172/200	Training Loss: 1.6700	Time remaining is 0h:22m
2024-04-18 19:27:16 INFO Epoch 173/200	Training Loss: 1.6687	Time remaining is 0h:21m
2024-04-18 19:28:02 INFO Epoch 174/200	Training Loss: 1.6685	Time remaining is 0h:21m
2024-04-18 19:28:45 INFO Epoch 175/200	Training Loss: 1.6691	Time remaining is 0h:20m
2024-04-18 19:29:12 INFO Testing: dataset_name: cuhk03-np-labeled top1:0.6979 top5:0.8629 top10:0.9179 mAP:0.6819
2024-04-18 19:29:55 INFO Epoch 176/200	Training Loss: 1.6686	Time remaining is 0h:19m
2024-04-18 19:30:38 INFO Epoch 177/200	Training Loss: 1.6686	Time remaining is 0h:18m
2024-04-18 19:31:21 INFO Epoch 178/200	Training Loss: 1.6676	Time remaining is 0h:18m
2024-04-18 19:32:04 INFO Epoch 179/200	Training Loss: 1.6685	Time remaining is 0h:17m
2024-04-18 19:32:47 INFO Epoch 180/200	Training Loss: 1.6684	Time remaining is 0h:16m
2024-04-18 19:33:13 INFO Testing: dataset_name: cuhk03-np-labeled top1:0.7000 top5:0.8614 top10:0.9200 mAP:0.6845
2024-04-18 19:33:56 INFO Epoch 181/200	Training Loss: 1.6678	Time remaining is 0h:15m
2024-04-18 19:34:39 INFO Epoch 182/200	Training Loss: 1.6668	Time remaining is 0h:15m
2024-04-18 19:35:22 INFO Epoch 183/200	Training Loss: 1.6681	Time remaining is 0h:14m
2024-04-18 19:36:06 INFO Epoch 184/200	Training Loss: 1.6689	Time remaining is 0h:13m
2024-04-18 19:36:49 INFO Epoch 185/200	Training Loss: 1.6672	Time remaining is 0h:12m
2024-04-18 19:37:15 INFO Testing: dataset_name: cuhk03-np-labeled top1:0.6914 top5:0.8629 top10:0.9193 mAP:0.6813
2024-04-18 19:37:58 INFO Epoch 186/200	Training Loss: 1.6679	Time remaining is 0h:12m
2024-04-18 19:38:41 INFO Epoch 187/200	Training Loss: 1.6670	Time remaining is 0h:11m
2024-04-18 19:39:24 INFO Epoch 188/200	Training Loss: 1.6676	Time remaining is 0h:10m
2024-04-18 19:40:07 INFO Epoch 189/200	Training Loss: 1.6672	Time remaining is 0h:9m
2024-04-18 19:40:51 INFO Epoch 190/200	Training Loss: 1.6674	Time remaining is 0h:8m
2024-04-18 19:41:17 INFO Testing: dataset_name: cuhk03-np-labeled top1:0.6993 top5:0.8557 top10:0.9179 mAP:0.6838
2024-04-18 19:42:00 INFO Epoch 191/200	Training Loss: 1.6672	Time remaining is 0h:8m
2024-04-18 19:42:43 INFO Epoch 192/200	Training Loss: 1.6680	Time remaining is 0h:7m
2024-04-18 19:43:26 INFO Epoch 193/200	Training Loss: 1.6664	Time remaining is 0h:6m
2024-04-18 19:44:12 INFO Epoch 194/200	Training Loss: 1.6663	Time remaining is 0h:5m
2024-04-18 19:44:58 INFO Epoch 195/200	Training Loss: 1.6664	Time remaining is 0h:5m
2024-04-18 19:45:29 INFO Testing: dataset_name: cuhk03-np-labeled top1:0.7043 top5:0.8564 top10:0.9214 mAP:0.6868
2024-04-18 19:46:13 INFO Epoch 196/200	Training Loss: 1.6660	Time remaining is 0h:4m
2024-04-18 19:46:56 INFO Epoch 197/200	Training Loss: 1.6660	Time remaining is 0h:3m
2024-04-18 19:47:39 INFO Epoch 198/200	Training Loss: 1.6660	Time remaining is 0h:2m
2024-04-18 19:48:22 INFO Epoch 199/200	Training Loss: 1.6664	Time remaining is 0h:2m
2024-04-18 19:49:05 INFO Epoch 200/200	Training Loss: 1.6657	Time remaining is 0h:1m
2024-04-18 19:49:33 INFO Testing: dataset_name: cuhk03-np-labeled top1:0.7029 top5:0.8607 top10:0.9164 mAP:0.6877
2024-04-18 19:49:34 INFO The running time of training: 9.26399e+03 s
