2024-06-18 10:09:02 INFO ##################################################
2024-06-18 10:09:02 INFO Config values: batch_size: 60	current_directory: /home/hy/project/reid_task/ex_main1	dataset_name: market1501	dataset_path: /home/hy/project/data/Market-1501-v15.09.15	device: cuda	dtype: torch.float32	epoch_start_test: 90	epochs: 16000	img_height: 384	img_width: 128	logs_outputs_path: /home/hy/project/reid_task/ex_main1/./outputs/logs	models_outputs_path: /home/hy/project/reid_task/ex_main1/./outputs/models	np: <module 'numpy' from '/home/hy/anaconda3/envs/py396/lib/python3.9/site-packages/numpy/__init__.py'>	os: <module 'os' from '/home/hy/anaconda3/envs/py396/lib/python3.9/os.py'>	outputs_dir: ./outputs/	outputs_path: /home/hy/project/reid_task/ex_main1/./outputs/	print_every: 1	seed: 1	taskname: ReID_Task	temps_outputs_path: /home/hy/project/reid_task/ex_main1/./outputs/temps	test_batch_size: 256	test_every: 5	torch: <module 'torch' from '/home/hy/anaconda3/envs/py396/lib/python3.9/site-packages/torch/__init__.py'>
2024-06-18 10:09:02 INFO Task: ReID_Task
2024-06-18 10:09:02 INFO Using device: cuda
2024-06-18 10:09:02 INFO Using data type: torch.float32
2024-06-18 10:09:02 INFO Number of GPUs: 1
2024-06-18 10:09:02 INFO GPU is_available: True
2024-06-18 10:09:02 INFO GPU name: NVIDIA GeForce RTX 3060
2024-06-18 10:09:02 INFO CUDA version: 12.1
2024-06-18 10:09:02 INFO Current device id: 0
2024-06-18 10:09:02 INFO ##################################################
2024-06-18 10:11:09 INFO Epoch 1/16000	Training Loss: 9.8639	Time remaining is 561h:27m
2024-06-18 10:13:14 INFO Epoch 2/16000	Training Loss: 7.6074	Time remaining is 558h:12m
2024-06-18 10:15:21 INFO Epoch 3/16000	Training Loss: 6.0187	Time remaining is 559h:12m
2024-06-18 10:17:26 INFO Epoch 4/16000	Training Loss: 4.4552	Time remaining is 558h:32m
2024-06-18 10:19:32 INFO Epoch 5/16000	Training Loss: 3.2401	Time remaining is 558h:32m
2024-06-18 10:21:37 INFO Epoch 6/16000	Training Loss: 2.4209	Time remaining is 558h:23m
2024-06-18 10:23:43 INFO Epoch 7/16000	Training Loss: 1.9667	Time remaining is 558h:28m
2024-06-18 10:25:48 INFO Epoch 8/16000	Training Loss: 1.7043	Time remaining is 558h:11m
2024-06-18 10:27:54 INFO Epoch 9/16000	Training Loss: 1.5847	Time remaining is 558h:8m
2024-06-18 10:30:00 INFO Epoch 10/16000	Training Loss: 1.5189	Time remaining is 558h:8m
2024-06-18 10:32:05 INFO Epoch 11/16000	Training Loss: 1.4665	Time remaining is 557h:55m
2024-06-18 10:34:10 INFO Epoch 12/16000	Training Loss: 1.4378	Time remaining is 557h:52m
2024-06-18 10:36:15 INFO Epoch 13/16000	Training Loss: 1.3938	Time remaining is 557h:36m
2024-06-18 10:38:20 INFO Epoch 14/16000	Training Loss: 1.3504	Time remaining is 557h:25m
2024-06-18 10:40:26 INFO Epoch 15/16000	Training Loss: 1.3432	Time remaining is 557h:19m
2024-06-18 10:42:31 INFO Epoch 16/16000	Training Loss: 1.3398	Time remaining is 557h:21m
2024-06-18 10:44:37 INFO Epoch 17/16000	Training Loss: 1.3240	Time remaining is 557h:21m
2024-06-18 10:46:43 INFO Epoch 18/16000	Training Loss: 1.3295	Time remaining is 557h:21m
2024-06-18 10:48:48 INFO Epoch 19/16000	Training Loss: 1.3193	Time remaining is 557h:11m
2024-06-18 10:50:53 INFO Epoch 20/16000	Training Loss: 1.3128	Time remaining is 557h:11m
2024-06-18 10:52:59 INFO Epoch 21/16000	Training Loss: 1.3099	Time remaining is 557h:12m
2024-06-18 10:55:05 INFO Epoch 22/16000	Training Loss: 1.3121	Time remaining is 557h:12m
2024-06-18 10:57:10 INFO Epoch 23/16000	Training Loss: 1.3083	Time remaining is 557h:5m
2024-06-18 10:59:15 INFO Epoch 24/16000	Training Loss: 1.3072	Time remaining is 557h:1m
2024-06-18 11:01:21 INFO Epoch 25/16000	Training Loss: 1.3186	Time remaining is 557h:1m
2024-06-18 11:03:27 INFO Epoch 26/16000	Training Loss: 1.3199	Time remaining is 557h:2m
2024-06-18 11:05:33 INFO Epoch 27/16000	Training Loss: 1.3125	Time remaining is 557h:2m
2024-06-18 11:07:38 INFO Epoch 28/16000	Training Loss: 1.3272	Time remaining is 557h:1m
2024-06-18 11:09:44 INFO Epoch 29/16000	Training Loss: 1.3247	Time remaining is 556h:59m
2024-06-18 11:11:49 INFO Epoch 30/16000	Training Loss: 1.3078	Time remaining is 556h:51m
2024-06-18 11:13:54 INFO Epoch 31/16000	Training Loss: 1.3230	Time remaining is 556h:48m
2024-06-18 11:16:00 INFO Epoch 32/16000	Training Loss: 1.3170	Time remaining is 556h:47m
2024-06-18 11:18:06 INFO Epoch 33/16000	Training Loss: 1.3300	Time remaining is 556h:47m
2024-06-18 11:20:11 INFO Epoch 34/16000	Training Loss: 1.3138	Time remaining is 556h:45m
2024-06-18 11:22:17 INFO Epoch 35/16000	Training Loss: 1.3152	Time remaining is 556h:47m
2024-06-18 11:24:23 INFO Epoch 36/16000	Training Loss: 1.3324	Time remaining is 556h:46m
2024-06-18 11:26:28 INFO Epoch 37/16000	Training Loss: 1.3181	Time remaining is 556h:43m
2024-06-18 11:28:34 INFO Epoch 38/16000	Training Loss: 1.3150	Time remaining is 556h:41m
2024-06-18 11:30:39 INFO Epoch 39/16000	Training Loss: 1.3142	Time remaining is 556h:40m
2024-06-18 11:32:45 INFO Epoch 40/16000	Training Loss: 1.3180	Time remaining is 556h:40m
2024-06-18 11:34:51 INFO Epoch 41/16000	Training Loss: 1.2733	Time remaining is 556h:39m
2024-06-18 11:36:57 INFO Epoch 42/16000	Training Loss: 1.2218	Time remaining is 556h:41m
2024-06-18 11:39:03 INFO Epoch 43/16000	Training Loss: 1.1994	Time remaining is 556h:40m
2024-06-18 11:41:07 INFO Epoch 44/16000	Training Loss: 1.1797	Time remaining is 556h:30m
2024-06-18 11:43:12 INFO Epoch 45/16000	Training Loss: 1.1805	Time remaining is 556h:25m
2024-06-18 11:45:18 INFO Epoch 46/16000	Training Loss: 1.1813	Time remaining is 556h:22m
2024-06-18 11:47:24 INFO Epoch 47/16000	Training Loss: 1.1849	Time remaining is 556h:26m
2024-06-18 11:49:29 INFO Epoch 48/16000	Training Loss: 1.1694	Time remaining is 556h:21m
2024-06-18 11:51:34 INFO Epoch 49/16000	Training Loss: 1.1659	Time remaining is 556h:16m
2024-06-18 11:53:39 INFO Epoch 50/16000	Training Loss: 1.1652	Time remaining is 556h:10m
2024-06-18 11:55:45 INFO Epoch 51/16000	Training Loss: 1.1712	Time remaining is 556h:8m
2024-06-18 11:57:50 INFO Epoch 52/16000	Training Loss: 1.1617	Time remaining is 556h:4m
2024-06-18 11:59:55 INFO Epoch 53/16000	Training Loss: 1.1591	Time remaining is 555h:59m
2024-06-18 12:02:00 INFO Epoch 54/16000	Training Loss: 1.1636	Time remaining is 555h:57m
2024-06-18 12:04:06 INFO Epoch 55/16000	Training Loss: 1.1628	Time remaining is 555h:56m
2024-06-18 12:06:12 INFO Epoch 56/16000	Training Loss: 1.1635	Time remaining is 555h:55m
2024-06-18 12:08:17 INFO Epoch 57/16000	Training Loss: 1.1543	Time remaining is 555h:50m
2024-06-18 12:10:22 INFO Epoch 58/16000	Training Loss: 1.1593	Time remaining is 555h:49m
2024-06-18 12:12:28 INFO Epoch 59/16000	Training Loss: 1.1592	Time remaining is 555h:48m
2024-06-18 12:14:34 INFO Epoch 60/16000	Training Loss: 1.1614	Time remaining is 555h:47m
2024-06-18 12:16:39 INFO Epoch 61/16000	Training Loss: 1.1532	Time remaining is 555h:43m
2024-06-18 12:18:45 INFO Epoch 62/16000	Training Loss: 1.1571	Time remaining is 555h:43m
2024-06-18 12:20:51 INFO Epoch 63/16000	Training Loss: 1.1646	Time remaining is 555h:44m
2024-06-18 12:22:57 INFO Epoch 64/16000	Training Loss: 1.1550	Time remaining is 555h:42m
2024-06-18 12:25:02 INFO Epoch 65/16000	Training Loss: 1.1484	Time remaining is 555h:38m
2024-06-18 12:27:08 INFO Epoch 66/16000	Training Loss: 1.1572	Time remaining is 555h:36m
2024-06-18 12:29:13 INFO Epoch 67/16000	Training Loss: 1.1560	Time remaining is 555h:36m
2024-06-18 12:31:18 INFO Epoch 68/16000	Training Loss: 1.1493	Time remaining is 555h:31m
2024-06-18 12:33:24 INFO Epoch 69/16000	Training Loss: 1.1540	Time remaining is 555h:30m
2024-06-18 12:35:30 INFO Epoch 70/16000	Training Loss: 1.1510	Time remaining is 555h:28m
2024-06-18 12:37:35 INFO Epoch 71/16000	Training Loss: 1.1477	Time remaining is 555h:26m
2024-06-18 12:39:41 INFO Epoch 72/16000	Training Loss: 1.1459	Time remaining is 555h:25m
2024-06-18 12:41:46 INFO Epoch 73/16000	Training Loss: 1.1428	Time remaining is 555h:22m
2024-06-18 12:43:52 INFO Epoch 74/16000	Training Loss: 1.1426	Time remaining is 555h:22m
2024-06-18 12:45:58 INFO Epoch 75/16000	Training Loss: 1.1430	Time remaining is 555h:19m
2024-06-18 12:48:03 INFO Epoch 76/16000	Training Loss: 1.1356	Time remaining is 555h:16m
2024-06-18 12:50:08 INFO Epoch 77/16000	Training Loss: 1.1348	Time remaining is 555h:12m
2024-06-18 12:52:13 INFO Epoch 78/16000	Training Loss: 1.1345	Time remaining is 555h:8m
2024-06-18 12:54:19 INFO Epoch 79/16000	Training Loss: 1.1420	Time remaining is 555h:7m
2024-06-18 12:56:24 INFO Epoch 80/16000	Training Loss: 1.1344	Time remaining is 555h:3m
2024-06-18 12:58:29 INFO Epoch 81/16000	Training Loss: 1.1391	Time remaining is 555h:2m
2024-06-18 13:00:35 INFO Epoch 82/16000	Training Loss: 1.1382	Time remaining is 554h:60m
2024-06-18 13:02:41 INFO Epoch 83/16000	Training Loss: 1.1386	Time remaining is 554h:58m
2024-06-18 13:04:46 INFO Epoch 84/16000	Training Loss: 1.1364	Time remaining is 554h:56m
2024-06-18 13:06:52 INFO Epoch 85/16000	Training Loss: 1.1372	Time remaining is 554h:54m
2024-06-18 13:08:58 INFO Epoch 86/16000	Training Loss: 1.1427	Time remaining is 554h:55m
2024-06-18 13:11:03 INFO Epoch 87/16000	Training Loss: 1.1321	Time remaining is 554h:51m
2024-06-18 13:13:09 INFO Epoch 88/16000	Training Loss: 1.1378	Time remaining is 554h:49m
2024-06-18 13:15:14 INFO Epoch 89/16000	Training Loss: 1.1378	Time remaining is 554h:47m
2024-06-18 13:17:20 INFO Epoch 90/16000	Training Loss: 1.1380	Time remaining is 554h:45m
2024-06-18 13:18:55 INFO Testing: dataset_name: market1501 top1:0.9513 top5:0.9828 top10:0.9902 mAP:0.8730
2024-06-18 13:21:00 INFO Epoch 91/16000	Training Loss: 1.1360	Time remaining is 559h:19m
2024-06-18 13:23:05 INFO Epoch 92/16000	Training Loss: 1.1375	Time remaining is 559h:13m
2024-06-18 13:25:10 INFO Epoch 93/16000	Training Loss: 1.1355	Time remaining is 559h:7m
2024-06-18 13:27:15 INFO Epoch 94/16000	Training Loss: 1.1329	Time remaining is 559h:0m
2024-06-18 13:29:21 INFO Epoch 95/16000	Training Loss: 1.1387	Time remaining is 558h:55m
2024-06-18 13:30:57 INFO Testing: dataset_name: market1501 top1:0.9507 top5:0.9831 top10:0.9899 mAP:0.8732
2024-06-18 13:33:01 INFO Epoch 96/16000	Training Loss: 1.1383	Time remaining is 563h:13m
2024-06-18 13:35:07 INFO Epoch 97/16000	Training Loss: 1.1371	Time remaining is 563h:6m
2024-06-18 13:37:13 INFO Epoch 98/16000	Training Loss: 1.1361	Time remaining is 562h:59m
2024-06-18 13:39:18 INFO Epoch 99/16000	Training Loss: 1.1342	Time remaining is 562h:51m
2024-06-18 13:41:23 INFO Epoch 100/16000	Training Loss: 1.1370	Time remaining is 562h:44m
2024-06-18 13:42:59 INFO Testing: dataset_name: market1501 top1:0.9516 top5:0.9825 top10:0.9899 mAP:0.8740
2024-06-18 13:45:04 INFO Epoch 101/16000	Training Loss: 1.1348	Time remaining is 566h:45m
2024-06-18 13:47:09 INFO Epoch 102/16000	Training Loss: 1.1359	Time remaining is 566h:36m
2024-06-18 13:49:15 INFO Epoch 103/16000	Training Loss: 1.1355	Time remaining is 566h:26m
2024-06-18 13:51:20 INFO Epoch 104/16000	Training Loss: 1.1354	Time remaining is 566h:17m
2024-06-18 13:53:25 INFO Epoch 105/16000	Training Loss: 1.1358	Time remaining is 566h:7m
2024-06-18 13:55:01 INFO Testing: dataset_name: market1501 top1:0.9525 top5:0.9822 top10:0.9905 mAP:0.8752
2024-06-18 13:57:06 INFO Epoch 106/16000	Training Loss: 1.1351	Time remaining is 569h:56m
2024-06-18 13:59:11 INFO Epoch 107/16000	Training Loss: 1.1294	Time remaining is 569h:43m
2024-06-18 14:01:16 INFO Epoch 108/16000	Training Loss: 1.1341	Time remaining is 569h:32m
2024-06-18 14:03:22 INFO Epoch 109/16000	Training Loss: 1.1347	Time remaining is 569h:22m
2024-06-18 14:05:27 INFO Epoch 110/16000	Training Loss: 1.1343	Time remaining is 569h:12m
2024-06-18 14:07:03 INFO Testing: dataset_name: market1501 top1:0.9552 top5:0.9828 top10:0.9905 mAP:0.8771
2024-06-18 14:09:08 INFO Epoch 111/16000	Training Loss: 1.1341	Time remaining is 572h:48m
2024-06-18 14:11:13 INFO Epoch 112/16000	Training Loss: 1.1341	Time remaining is 572h:35m
2024-06-18 14:13:18 INFO Epoch 113/16000	Training Loss: 1.1348	Time remaining is 572h:22m
2024-06-18 14:15:24 INFO Epoch 114/16000	Training Loss: 1.1354	Time remaining is 572h:10m
2024-06-18 14:17:29 INFO Epoch 115/16000	Training Loss: 1.1359	Time remaining is 571h:58m
2024-06-18 14:19:04 INFO Testing: dataset_name: market1501 top1:0.9543 top5:0.9840 top10:0.9905 mAP:0.8779
2024-06-18 14:21:09 INFO Epoch 116/16000	Training Loss: 1.1274	Time remaining is 575h:22m
2024-06-18 14:23:15 INFO Epoch 117/16000	Training Loss: 1.1392	Time remaining is 575h:9m
2024-06-18 14:25:20 INFO Epoch 118/16000	Training Loss: 1.1343	Time remaining is 574h:56m
2024-06-18 14:27:25 INFO Epoch 119/16000	Training Loss: 1.1330	Time remaining is 574h:42m
2024-06-18 14:29:31 INFO Epoch 120/16000	Training Loss: 1.1342	Time remaining is 574h:30m
2024-06-18 14:31:06 INFO Testing: dataset_name: market1501 top1:0.9540 top5:0.9837 top10:0.9902 mAP:0.8782
2024-06-18 14:33:11 INFO Epoch 121/16000	Training Loss: 1.1299	Time remaining is 577h:43m
2024-06-18 14:35:16 INFO Epoch 122/16000	Training Loss: 1.1327	Time remaining is 577h:29m
2024-06-18 14:37:22 INFO Epoch 123/16000	Training Loss: 1.1390	Time remaining is 577h:16m
2024-06-18 14:39:28 INFO Epoch 124/16000	Training Loss: 1.1387	Time remaining is 577h:3m
2024-06-18 14:41:33 INFO Epoch 125/16000	Training Loss: 1.1337	Time remaining is 576h:49m
2024-06-18 14:43:08 INFO Testing: dataset_name: market1501 top1:0.9531 top5:0.9831 top10:0.9899 mAP:0.8783
2024-06-18 14:45:13 INFO Epoch 126/16000	Training Loss: 1.1334	Time remaining is 579h:55m
2024-06-18 14:47:19 INFO Epoch 127/16000	Training Loss: 1.1324	Time remaining is 579h:40m
2024-06-18 14:49:24 INFO Epoch 128/16000	Training Loss: 1.1316	Time remaining is 579h:26m
2024-06-18 14:51:29 INFO Epoch 129/16000	Training Loss: 1.1316	Time remaining is 579h:11m
2024-06-18 14:53:35 INFO Epoch 130/16000	Training Loss: 1.1336	Time remaining is 578h:56m
2024-06-18 14:55:10 INFO Testing: dataset_name: market1501 top1:0.9546 top5:0.9834 top10:0.9902 mAP:0.8791
2024-06-18 14:57:15 INFO Epoch 131/16000	Training Loss: 1.1322	Time remaining is 581h:54m
2024-06-18 14:59:20 INFO Epoch 132/16000	Training Loss: 1.1317	Time remaining is 581h:38m
2024-06-18 15:01:26 INFO Epoch 133/16000	Training Loss: 1.1371	Time remaining is 581h:24m
2024-06-18 15:03:32 INFO Epoch 134/16000	Training Loss: 1.1308	Time remaining is 581h:9m
2024-06-18 15:05:37 INFO Epoch 135/16000	Training Loss: 1.1332	Time remaining is 580h:54m
2024-06-18 15:07:13 INFO Testing: dataset_name: market1501 top1:0.9558 top5:0.9831 top10:0.9908 mAP:0.8800
2024-06-18 15:09:17 INFO Epoch 136/16000	Training Loss: 1.1277	Time remaining is 583h:43m
2024-06-18 15:11:22 INFO Epoch 137/16000	Training Loss: 1.1322	Time remaining is 583h:26m
2024-06-18 15:13:28 INFO Epoch 138/16000	Training Loss: 1.1318	Time remaining is 583h:11m
2024-06-18 15:15:33 INFO Epoch 139/16000	Training Loss: 1.1325	Time remaining is 582h:56m
2024-06-18 15:17:38 INFO Epoch 140/16000	Training Loss: 1.1320	Time remaining is 582h:41m
2024-06-18 15:19:14 INFO Testing: dataset_name: market1501 top1:0.9555 top5:0.9840 top10:0.9902 mAP:0.8801
2024-06-18 15:21:19 INFO Epoch 141/16000	Training Loss: 1.1363	Time remaining is 585h:25m
2024-06-18 15:23:25 INFO Epoch 142/16000	Training Loss: 1.1293	Time remaining is 585h:9m
2024-06-18 15:25:30 INFO Epoch 143/16000	Training Loss: 1.1305	Time remaining is 584h:53m
2024-06-18 15:27:35 INFO Epoch 144/16000	Training Loss: 1.1317	Time remaining is 584h:37m
2024-06-18 15:29:41 INFO Epoch 145/16000	Training Loss: 1.1323	Time remaining is 584h:21m
2024-06-18 15:31:16 INFO Testing: dataset_name: market1501 top1:0.9555 top5:0.9837 top10:0.9902 mAP:0.8796
2024-06-18 15:33:21 INFO Epoch 146/16000	Training Loss: 1.1314	Time remaining is 586h:58m
2024-06-18 15:35:26 INFO Epoch 147/16000	Training Loss: 1.1330	Time remaining is 586h:41m
2024-06-18 15:37:32 INFO Epoch 148/16000	Training Loss: 1.1306	Time remaining is 586h:25m
2024-06-18 15:39:36 INFO Epoch 149/16000	Training Loss: 1.1269	Time remaining is 586h:7m
2024-06-18 15:41:41 INFO Epoch 150/16000	Training Loss: 1.1308	Time remaining is 585h:51m
2024-06-18 15:43:17 INFO Testing: dataset_name: market1501 top1:0.9546 top5:0.9825 top10:0.9908 mAP:0.8804
2024-06-18 15:45:22 INFO Epoch 151/16000	Training Loss: 1.1309	Time remaining is 588h:22m
2024-06-18 15:47:27 INFO Epoch 152/16000	Training Loss: 1.1316	Time remaining is 588h:5m
2024-06-18 15:49:33 INFO Epoch 153/16000	Training Loss: 1.1306	Time remaining is 587h:49m
2024-06-18 15:51:38 INFO Epoch 154/16000	Training Loss: 1.1290	Time remaining is 587h:33m
2024-06-18 15:53:44 INFO Epoch 155/16000	Training Loss: 1.1302	Time remaining is 587h:17m
2024-06-18 15:55:19 INFO Testing: dataset_name: market1501 top1:0.9555 top5:0.9828 top10:0.9905 mAP:0.8810
2024-06-18 15:57:23 INFO Epoch 156/16000	Training Loss: 1.1246	Time remaining is 589h:41m
2024-06-18 15:59:29 INFO Epoch 157/16000	Training Loss: 1.1294	Time remaining is 589h:24m
2024-06-18 16:01:34 INFO Epoch 158/16000	Training Loss: 1.1293	Time remaining is 589h:7m
2024-06-18 16:03:39 INFO Epoch 159/16000	Training Loss: 1.1288	Time remaining is 588h:51m
2024-06-18 16:05:44 INFO Epoch 160/16000	Training Loss: 1.1287	Time remaining is 588h:34m
2024-06-18 16:07:20 INFO Testing: dataset_name: market1501 top1:0.9567 top5:0.9822 top10:0.9902 mAP:0.8810
2024-06-18 16:09:23 INFO Epoch 161/16000	Training Loss: 1.1175	Time remaining is 590h:51m
2024-06-18 16:11:28 INFO Epoch 162/16000	Training Loss: 1.1291	Time remaining is 590h:34m
2024-06-18 16:13:34 INFO Epoch 163/16000	Training Loss: 1.1293	Time remaining is 590h:18m
2024-06-18 16:15:38 INFO Epoch 164/16000	Training Loss: 1.1237	Time remaining is 590h:0m
2024-06-18 16:17:43 INFO Epoch 165/16000	Training Loss: 1.1282	Time remaining is 589h:44m
2024-06-18 16:19:19 INFO Testing: dataset_name: market1501 top1:0.9543 top5:0.9831 top10:0.9902 mAP:0.8816
2024-06-18 16:21:24 INFO Epoch 166/16000	Training Loss: 1.1295	Time remaining is 591h:59m
2024-06-18 16:23:30 INFO Epoch 167/16000	Training Loss: 1.1347	Time remaining is 591h:43m
2024-06-18 16:25:35 INFO Epoch 168/16000	Training Loss: 1.1288	Time remaining is 591h:26m
2024-06-18 16:27:41 INFO Epoch 169/16000	Training Loss: 1.1291	Time remaining is 591h:10m
2024-06-18 16:29:46 INFO Epoch 170/16000	Training Loss: 1.1285	Time remaining is 590h:54m
2024-06-18 16:31:22 INFO Testing: dataset_name: market1501 top1:0.9567 top5:0.9837 top10:0.9899 mAP:0.8811
2024-06-18 16:33:26 INFO Epoch 171/16000	Training Loss: 1.1229	Time remaining is 593h:3m
2024-06-18 16:35:31 INFO Epoch 172/16000	Training Loss: 1.1277	Time remaining is 592h:46m
2024-06-18 16:37:36 INFO Epoch 173/16000	Training Loss: 1.1232	Time remaining is 592h:28m
2024-06-18 16:39:40 INFO Epoch 174/16000	Training Loss: 1.1226	Time remaining is 592h:11m
2024-06-18 16:41:46 INFO Epoch 175/16000	Training Loss: 1.1269	Time remaining is 591h:55m
2024-06-18 16:43:21 INFO Testing: dataset_name: market1501 top1:0.9558 top5:0.9825 top10:0.9905 mAP:0.8816
2024-06-18 16:45:25 INFO Epoch 176/16000	Training Loss: 1.1234	Time remaining is 593h:59m
2024-06-18 16:47:31 INFO Epoch 177/16000	Training Loss: 1.1290	Time remaining is 593h:43m
2024-06-18 16:49:36 INFO Epoch 178/16000	Training Loss: 1.1290	Time remaining is 593h:26m
2024-06-18 16:51:41 INFO Epoch 179/16000	Training Loss: 1.1280	Time remaining is 593h:9m
2024-06-18 16:53:46 INFO Epoch 180/16000	Training Loss: 1.1223	Time remaining is 592h:52m
2024-06-18 16:55:21 INFO Testing: dataset_name: market1501 top1:0.9584 top5:0.9828 top10:0.9902 mAP:0.8827
2024-06-18 16:57:25 INFO Epoch 181/16000	Training Loss: 1.1230	Time remaining is 594h:53m
2024-06-18 16:59:31 INFO Epoch 182/16000	Training Loss: 1.1279	Time remaining is 594h:36m
2024-06-18 17:01:36 INFO Epoch 183/16000	Training Loss: 1.1215	Time remaining is 594h:19m
2024-06-18 17:03:40 INFO Epoch 184/16000	Training Loss: 1.1205	Time remaining is 594h:2m
2024-06-18 17:05:46 INFO Epoch 185/16000	Training Loss: 1.1270	Time remaining is 593h:46m
2024-06-18 17:07:21 INFO Testing: dataset_name: market1501 top1:0.9558 top5:0.9831 top10:0.9899 mAP:0.8819
2024-06-18 17:09:26 INFO Epoch 186/16000	Training Loss: 1.1198	Time remaining is 595h:43m
2024-06-18 17:11:30 INFO Epoch 187/16000	Training Loss: 1.1202	Time remaining is 595h:25m
2024-06-18 17:13:35 INFO Epoch 188/16000	Training Loss: 1.1211	Time remaining is 595h:8m
2024-06-18 17:15:39 INFO Epoch 189/16000	Training Loss: 1.1225	Time remaining is 594h:50m
2024-06-18 17:17:45 INFO Epoch 190/16000	Training Loss: 1.1286	Time remaining is 594h:34m
2024-06-18 17:19:20 INFO Testing: dataset_name: market1501 top1:0.9578 top5:0.9846 top10:0.9908 mAP:0.8816
2024-06-18 17:21:25 INFO Epoch 191/16000	Training Loss: 1.1216	Time remaining is 596h:28m
2024-06-18 17:23:29 INFO Epoch 192/16000	Training Loss: 1.1193	Time remaining is 596h:11m
2024-06-18 17:25:35 INFO Epoch 193/16000	Training Loss: 1.1263	Time remaining is 595h:54m
2024-06-18 17:27:40 INFO Epoch 194/16000	Training Loss: 1.1265	Time remaining is 595h:38m
2024-06-18 17:29:45 INFO Epoch 195/16000	Training Loss: 1.1260	Time remaining is 595h:22m
2024-06-18 17:31:21 INFO Testing: dataset_name: market1501 top1:0.9584 top5:0.9834 top10:0.9902 mAP:0.8838
2024-06-18 17:33:26 INFO Epoch 196/16000	Training Loss: 1.1254	Time remaining is 597h:13m
2024-06-18 17:35:31 INFO Epoch 197/16000	Training Loss: 1.1265	Time remaining is 596h:57m
2024-06-18 17:37:37 INFO Epoch 198/16000	Training Loss: 1.1322	Time remaining is 596h:41m
2024-06-18 17:39:42 INFO Epoch 199/16000	Training Loss: 1.1260	Time remaining is 596h:25m
2024-06-18 17:41:47 INFO Epoch 200/16000	Training Loss: 1.1249	Time remaining is 596h:9m
2024-06-18 17:43:23 INFO Testing: dataset_name: market1501 top1:0.9567 top5:0.9834 top10:0.9902 mAP:0.8823
2024-06-18 17:45:28 INFO Epoch 201/16000	Training Loss: 1.1254	Time remaining is 597h:58m
2024-06-18 17:47:34 INFO Epoch 202/16000	Training Loss: 1.1262	Time remaining is 597h:41m
2024-06-18 17:49:38 INFO Epoch 203/16000	Training Loss: 1.1198	Time remaining is 597h:24m
2024-06-18 17:51:43 INFO Epoch 204/16000	Training Loss: 1.1201	Time remaining is 597h:7m
2024-06-18 17:53:48 INFO Epoch 205/16000	Training Loss: 1.1256	Time remaining is 596h:51m
2024-06-18 17:55:24 INFO Testing: dataset_name: market1501 top1:0.9575 top5:0.9837 top10:0.9902 mAP:0.8838
2024-06-18 17:57:28 INFO Epoch 206/16000	Training Loss: 1.1255	Time remaining is 598h:36m
2024-06-18 17:59:34 INFO Epoch 207/16000	Training Loss: 1.1252	Time remaining is 598h:20m
2024-06-18 18:01:39 INFO Epoch 208/16000	Training Loss: 1.1250	Time remaining is 598h:3m
2024-06-18 18:03:44 INFO Epoch 209/16000	Training Loss: 1.1242	Time remaining is 597h:47m
2024-06-18 18:05:50 INFO Epoch 210/16000	Training Loss: 1.1240	Time remaining is 597h:31m
2024-06-18 18:07:25 INFO Testing: dataset_name: market1501 top1:0.9558 top5:0.9831 top10:0.9905 mAP:0.8820
2024-06-18 18:09:30 INFO Epoch 211/16000	Training Loss: 1.1258	Time remaining is 599h:13m
2024-06-18 18:11:35 INFO Epoch 212/16000	Training Loss: 1.1249	Time remaining is 598h:57m
2024-06-18 18:13:41 INFO Epoch 213/16000	Training Loss: 1.1239	Time remaining is 598h:41m
2024-06-18 18:15:46 INFO Epoch 214/16000	Training Loss: 1.1243	Time remaining is 598h:25m
2024-06-18 18:17:51 INFO Epoch 215/16000	Training Loss: 1.1232	Time remaining is 598h:9m
2024-06-18 18:19:27 INFO Testing: dataset_name: market1501 top1:0.9569 top5:0.9828 top10:0.9908 mAP:0.8845
2024-06-18 18:21:31 INFO Epoch 216/16000	Training Loss: 1.1183	Time remaining is 599h:48m
2024-06-18 18:23:35 INFO Epoch 217/16000	Training Loss: 1.1193	Time remaining is 599h:31m
2024-06-18 18:25:40 INFO Epoch 218/16000	Training Loss: 1.1183	Time remaining is 599h:15m
2024-06-18 18:27:45 INFO Epoch 219/16000	Training Loss: 1.1241	Time remaining is 598h:58m
2024-06-18 18:29:50 INFO Epoch 220/16000	Training Loss: 1.1185	Time remaining is 598h:42m
2024-06-18 18:31:25 INFO Testing: dataset_name: market1501 top1:0.9569 top5:0.9837 top10:0.9902 mAP:0.8845
2024-06-18 18:33:30 INFO Epoch 221/16000	Training Loss: 1.1169	Time remaining is 600h:19m
2024-06-18 18:35:35 INFO Epoch 222/16000	Training Loss: 1.1243	Time remaining is 600h:2m
2024-06-18 18:37:40 INFO Epoch 223/16000	Training Loss: 1.1233	Time remaining is 599h:47m
2024-06-18 18:39:46 INFO Epoch 224/16000	Training Loss: 1.1241	Time remaining is 599h:31m
2024-06-18 18:41:51 INFO Epoch 225/16000	Training Loss: 1.1251	Time remaining is 599h:15m
2024-06-18 18:43:27 INFO Testing: dataset_name: market1501 top1:0.9567 top5:0.9828 top10:0.9911 mAP:0.8838
2024-06-18 18:45:32 INFO Epoch 226/16000	Training Loss: 1.1228	Time remaining is 600h:50m
2024-06-18 18:47:36 INFO Epoch 227/16000	Training Loss: 1.1172	Time remaining is 600h:33m
2024-06-18 18:49:41 INFO Epoch 228/16000	Training Loss: 1.1169	Time remaining is 600h:17m
2024-06-18 18:51:45 INFO Epoch 229/16000	Training Loss: 1.1174	Time remaining is 600h:0m
2024-06-18 18:53:50 INFO Epoch 230/16000	Training Loss: 1.1166	Time remaining is 599h:44m
2024-06-18 18:55:26 INFO Testing: dataset_name: market1501 top1:0.9569 top5:0.9822 top10:0.9902 mAP:0.8838
2024-06-18 18:57:31 INFO Epoch 231/16000	Training Loss: 1.1237	Time remaining is 601h:17m
2024-06-18 18:59:36 INFO Epoch 232/16000	Training Loss: 1.1234	Time remaining is 601h:1m
2024-06-18 19:01:41 INFO Epoch 233/16000	Training Loss: 1.1171	Time remaining is 600h:45m
2024-06-18 19:03:46 INFO Epoch 234/16000	Training Loss: 1.1180	Time remaining is 600h:29m
2024-06-18 19:05:50 INFO Epoch 235/16000	Training Loss: 1.1168	Time remaining is 600h:13m
2024-06-18 19:07:26 INFO Testing: dataset_name: market1501 top1:0.9552 top5:0.9819 top10:0.9908 mAP:0.8834
2024-06-18 19:09:30 INFO Epoch 236/16000	Training Loss: 1.1171	Time remaining is 601h:43m
2024-06-18 19:11:35 INFO Epoch 237/16000	Training Loss: 1.1218	Time remaining is 601h:27m
2024-06-18 19:13:41 INFO Epoch 238/16000	Training Loss: 1.1222	Time remaining is 601h:11m
2024-06-18 19:15:46 INFO Epoch 239/16000	Training Loss: 1.1217	Time remaining is 600h:56m
2024-06-18 19:17:52 INFO Epoch 240/16000	Training Loss: 1.1224	Time remaining is 600h:41m
2024-06-18 19:19:27 INFO Testing: dataset_name: market1501 top1:0.9567 top5:0.9837 top10:0.9905 mAP:0.8845
2024-06-18 19:21:32 INFO Epoch 241/16000	Training Loss: 1.1222	Time remaining is 602h:9m
2024-06-18 19:23:37 INFO Epoch 242/16000	Training Loss: 1.1228	Time remaining is 601h:54m
2024-06-18 19:25:42 INFO Epoch 243/16000	Training Loss: 1.1176	Time remaining is 601h:37m
2024-06-18 19:27:48 INFO Epoch 244/16000	Training Loss: 1.1229	Time remaining is 601h:22m
2024-06-18 19:29:53 INFO Epoch 245/16000	Training Loss: 1.1217	Time remaining is 601h:7m
2024-06-18 19:31:29 INFO Testing: dataset_name: market1501 top1:0.9569 top5:0.9828 top10:0.9902 mAP:0.8835
2024-06-18 19:33:34 INFO Epoch 246/16000	Training Loss: 1.1223	Time remaining is 602h:34m
2024-06-18 19:35:39 INFO Epoch 247/16000	Training Loss: 1.1219	Time remaining is 602h:18m
2024-06-18 19:37:44 INFO Epoch 248/16000	Training Loss: 1.1211	Time remaining is 602h:3m
2024-06-18 19:39:50 INFO Epoch 249/16000	Training Loss: 1.1219	Time remaining is 601h:48m
2024-06-18 19:41:56 INFO Epoch 250/16000	Training Loss: 1.1266	Time remaining is 601h:34m
2024-06-18 19:43:31 INFO Testing: dataset_name: market1501 top1:0.9567 top5:0.9834 top10:0.9902 mAP:0.8852
2024-06-18 19:45:35 INFO Epoch 251/16000	Training Loss: 1.1175	Time remaining is 602h:57m
2024-06-18 19:47:41 INFO Epoch 252/16000	Training Loss: 1.1209	Time remaining is 602h:42m
2024-06-18 19:49:45 INFO Epoch 253/16000	Training Loss: 1.1151	Time remaining is 602h:26m
2024-06-18 19:51:50 INFO Epoch 254/16000	Training Loss: 1.1155	Time remaining is 602h:10m
2024-06-18 19:53:55 INFO Epoch 255/16000	Training Loss: 1.1209	Time remaining is 601h:55m
2024-06-18 19:55:31 INFO Testing: dataset_name: market1501 top1:0.9575 top5:0.9828 top10:0.9905 mAP:0.8841
2024-06-18 19:57:36 INFO Epoch 256/16000	Training Loss: 1.1205	Time remaining is 603h:18m
2024-06-18 19:59:41 INFO Epoch 257/16000	Training Loss: 1.1170	Time remaining is 603h:2m
2024-06-18 20:01:47 INFO Epoch 258/16000	Training Loss: 1.1271	Time remaining is 602h:48m
2024-06-18 20:03:52 INFO Epoch 259/16000	Training Loss: 1.1159	Time remaining is 602h:32m
2024-06-18 20:05:57 INFO Epoch 260/16000	Training Loss: 1.1203	Time remaining is 602h:18m
2024-06-18 20:07:33 INFO Testing: dataset_name: market1501 top1:0.9561 top5:0.9822 top10:0.9908 mAP:0.8839
2024-06-18 20:09:37 INFO Epoch 261/16000	Training Loss: 1.1150	Time remaining is 603h:38m
2024-06-18 20:11:42 INFO Epoch 262/16000	Training Loss: 1.1203	Time remaining is 603h:23m
2024-06-18 20:13:47 INFO Epoch 263/16000	Training Loss: 1.1206	Time remaining is 603h:8m
2024-06-18 20:15:53 INFO Epoch 264/16000	Training Loss: 1.1202	Time remaining is 602h:53m
2024-06-18 20:17:57 INFO Epoch 265/16000	Training Loss: 1.1155	Time remaining is 602h:37m
2024-06-18 20:19:33 INFO Testing: dataset_name: market1501 top1:0.9561 top5:0.9822 top10:0.9905 mAP:0.8844
2024-06-18 20:21:37 INFO Epoch 266/16000	Training Loss: 1.1147	Time remaining is 603h:56m
2024-06-18 20:23:42 INFO Epoch 267/16000	Training Loss: 1.1204	Time remaining is 603h:40m
2024-06-18 20:25:47 INFO Epoch 268/16000	Training Loss: 1.1208	Time remaining is 603h:25m
2024-06-18 20:27:52 INFO Epoch 269/16000	Training Loss: 1.1205	Time remaining is 603h:10m
2024-06-18 20:29:57 INFO Epoch 270/16000	Training Loss: 1.1147	Time remaining is 602h:55m
2024-06-18 20:31:32 INFO Testing: dataset_name: market1501 top1:0.9584 top5:0.9828 top10:0.9908 mAP:0.8844
2024-06-18 20:33:37 INFO Epoch 271/16000	Training Loss: 1.1208	Time remaining is 604h:12m
2024-06-18 20:35:42 INFO Epoch 272/16000	Training Loss: 1.1205	Time remaining is 603h:57m
2024-06-18 20:37:47 INFO Epoch 273/16000	Training Loss: 1.1142	Time remaining is 603h:42m
2024-06-18 20:39:52 INFO Epoch 274/16000	Training Loss: 1.1196	Time remaining is 603h:27m
2024-06-18 20:41:57 INFO Epoch 275/16000	Training Loss: 1.1139	Time remaining is 603h:12m
2024-06-18 20:43:32 INFO Testing: dataset_name: market1501 top1:0.9567 top5:0.9831 top10:0.9905 mAP:0.8844
2024-06-18 20:45:37 INFO Epoch 276/16000	Training Loss: 1.1189	Time remaining is 604h:28m
2024-06-18 20:47:41 INFO Epoch 277/16000	Training Loss: 1.1143	Time remaining is 604h:12m
2024-06-18 20:49:45 INFO Epoch 278/16000	Training Loss: 1.1140	Time remaining is 603h:57m
2024-06-18 20:51:51 INFO Epoch 279/16000	Training Loss: 1.1205	Time remaining is 603h:42m
2024-06-18 20:53:56 INFO Epoch 280/16000	Training Loss: 1.1195	Time remaining is 603h:28m
2024-06-18 20:55:31 INFO Testing: dataset_name: market1501 top1:0.9584 top5:0.9822 top10:0.9905 mAP:0.8852
2024-06-18 20:57:35 INFO Epoch 281/16000	Training Loss: 1.1126	Time remaining is 604h:41m
2024-06-18 20:59:40 INFO Epoch 282/16000	Training Loss: 1.1136	Time remaining is 604h:26m
2024-06-18 21:01:45 INFO Epoch 283/16000	Training Loss: 1.1191	Time remaining is 604h:11m
2024-06-18 21:03:50 INFO Epoch 284/16000	Training Loss: 1.1186	Time remaining is 603h:57m
2024-06-18 21:05:56 INFO Epoch 285/16000	Training Loss: 1.1194	Time remaining is 603h:43m
2024-06-18 21:07:31 INFO Testing: dataset_name: market1501 top1:0.9569 top5:0.9831 top10:0.9905 mAP:0.8857
2024-06-18 21:09:36 INFO Epoch 286/16000	Training Loss: 1.1190	Time remaining is 604h:55m
2024-06-18 21:11:41 INFO Epoch 287/16000	Training Loss: 1.1197	Time remaining is 604h:40m
2024-06-18 21:13:46 INFO Epoch 288/16000	Training Loss: 1.1180	Time remaining is 604h:26m
2024-06-18 21:15:51 INFO Epoch 289/16000	Training Loss: 1.1129	Time remaining is 604h:11m
2024-06-18 21:17:56 INFO Epoch 290/16000	Training Loss: 1.1185	Time remaining is 603h:57m
2024-06-18 21:19:31 INFO Testing: dataset_name: market1501 top1:0.9569 top5:0.9831 top10:0.9908 mAP:0.8844
2024-06-18 21:21:35 INFO Epoch 291/16000	Training Loss: 1.1124	Time remaining is 605h:8m
2024-06-18 21:23:40 INFO Epoch 292/16000	Training Loss: 1.1182	Time remaining is 604h:53m
2024-06-18 21:25:45 INFO Epoch 293/16000	Training Loss: 1.1133	Time remaining is 604h:38m
2024-06-18 21:27:50 INFO Epoch 294/16000	Training Loss: 1.1190	Time remaining is 604h:24m
2024-06-18 21:29:55 INFO Epoch 295/16000	Training Loss: 1.1185	Time remaining is 604h:10m
2024-06-18 21:31:31 INFO Testing: dataset_name: market1501 top1:0.9572 top5:0.9825 top10:0.9899 mAP:0.8859
2024-06-18 21:33:35 INFO Epoch 296/16000	Training Loss: 1.1183	Time remaining is 605h:20m
2024-06-18 21:35:40 INFO Epoch 297/16000	Training Loss: 1.1197	Time remaining is 605h:5m
2024-06-18 21:37:45 INFO Epoch 298/16000	Training Loss: 1.1179	Time remaining is 604h:51m
2024-06-18 21:39:50 INFO Epoch 299/16000	Training Loss: 1.1124	Time remaining is 604h:36m
2024-06-18 21:41:55 INFO Epoch 300/16000	Training Loss: 1.1123	Time remaining is 604h:22m
2024-06-18 21:43:31 INFO Testing: dataset_name: market1501 top1:0.9561 top5:0.9831 top10:0.9899 mAP:0.8845
2024-06-18 21:45:35 INFO Epoch 301/16000	Training Loss: 1.1180	Time remaining is 605h:31m
2024-06-18 21:47:40 INFO Epoch 302/16000	Training Loss: 1.1183	Time remaining is 605h:16m
2024-06-18 21:49:45 INFO Epoch 303/16000	Training Loss: 1.1182	Time remaining is 605h:2m
2024-06-18 21:51:50 INFO Epoch 304/16000	Training Loss: 1.1170	Time remaining is 604h:48m
2024-06-18 21:53:56 INFO Epoch 305/16000	Training Loss: 1.1173	Time remaining is 604h:34m
2024-06-18 21:55:31 INFO Testing: dataset_name: market1501 top1:0.9569 top5:0.9849 top10:0.9908 mAP:0.8864
2024-06-18 21:57:36 INFO Epoch 306/16000	Training Loss: 1.1177	Time remaining is 605h:42m
2024-06-18 21:59:40 INFO Epoch 307/16000	Training Loss: 1.1124	Time remaining is 605h:27m
2024-06-18 22:01:45 INFO Epoch 308/16000	Training Loss: 1.1110	Time remaining is 605h:13m
2024-06-18 22:03:50 INFO Epoch 309/16000	Training Loss: 1.1168	Time remaining is 604h:59m
2024-06-18 22:05:56 INFO Epoch 310/16000	Training Loss: 1.1173	Time remaining is 604h:46m
2024-06-18 22:07:31 INFO Testing: dataset_name: market1501 top1:0.9572 top5:0.9837 top10:0.9893 mAP:0.8856
2024-06-18 22:09:36 INFO Epoch 311/16000	Training Loss: 1.1161	Time remaining is 605h:52m
2024-06-18 22:11:41 INFO Epoch 312/16000	Training Loss: 1.1117	Time remaining is 605h:38m
2024-06-18 22:13:45 INFO Epoch 313/16000	Training Loss: 1.1106	Time remaining is 605h:23m
2024-06-18 22:15:51 INFO Epoch 314/16000	Training Loss: 1.1221	Time remaining is 605h:10m
2024-06-18 22:17:57 INFO Epoch 315/16000	Training Loss: 1.1172	Time remaining is 604h:56m
2024-06-18 22:19:32 INFO Testing: dataset_name: market1501 top1:0.9572 top5:0.9828 top10:0.9896 mAP:0.8835
2024-06-18 22:21:36 INFO Epoch 316/16000	Training Loss: 1.1117	Time remaining is 606h:1m
2024-06-18 22:23:41 INFO Epoch 317/16000	Training Loss: 1.1172	Time remaining is 605h:47m
2024-06-18 22:25:46 INFO Epoch 318/16000	Training Loss: 1.1113	Time remaining is 605h:33m
2024-06-18 22:27:51 INFO Epoch 319/16000	Training Loss: 1.1171	Time remaining is 605h:19m
2024-06-18 22:29:56 INFO Epoch 320/16000	Training Loss: 1.1162	Time remaining is 605h:5m
2024-06-18 22:31:31 INFO Testing: dataset_name: market1501 top1:0.9584 top5:0.9828 top10:0.9902 mAP:0.8859
2024-06-18 22:33:36 INFO Epoch 321/16000	Training Loss: 1.1166	Time remaining is 606h:9m
2024-06-18 22:35:41 INFO Epoch 322/16000	Training Loss: 1.1104	Time remaining is 605h:55m
2024-06-18 22:37:46 INFO Epoch 323/16000	Training Loss: 1.1166	Time remaining is 605h:42m
2024-06-18 22:39:51 INFO Epoch 324/16000	Training Loss: 1.1155	Time remaining is 605h:28m
2024-06-18 22:41:56 INFO Epoch 325/16000	Training Loss: 1.1109	Time remaining is 605h:14m
2024-06-18 22:43:31 INFO Testing: dataset_name: market1501 top1:0.9569 top5:0.9828 top10:0.9893 mAP:0.8844
2024-06-18 22:45:36 INFO Epoch 326/16000	Training Loss: 1.1164	Time remaining is 606h:17m
2024-06-18 22:47:41 INFO Epoch 327/16000	Training Loss: 1.1162	Time remaining is 606h:3m
2024-06-18 22:49:46 INFO Epoch 328/16000	Training Loss: 1.1160	Time remaining is 605h:50m
2024-06-18 22:51:52 INFO Epoch 329/16000	Training Loss: 1.1159	Time remaining is 605h:37m
2024-06-18 22:53:57 INFO Epoch 330/16000	Training Loss: 1.1161	Time remaining is 605h:24m
2024-06-18 22:55:32 INFO Testing: dataset_name: market1501 top1:0.9578 top5:0.9837 top10:0.9902 mAP:0.8860
2024-06-18 22:57:37 INFO Epoch 331/16000	Training Loss: 1.1097	Time remaining is 606h:25m
2024-06-18 22:59:41 INFO Epoch 332/16000	Training Loss: 1.1102	Time remaining is 606h:11m
2024-06-18 23:01:46 INFO Epoch 333/16000	Training Loss: 1.1160	Time remaining is 605h:57m
2024-06-18 23:03:52 INFO Epoch 334/16000	Training Loss: 1.1156	Time remaining is 605h:44m
2024-06-18 23:05:57 INFO Epoch 335/16000	Training Loss: 1.1229	Time remaining is 605h:31m
2024-06-18 23:07:33 INFO Testing: dataset_name: market1501 top1:0.9587 top5:0.9834 top10:0.9902 mAP:0.8852
2024-06-18 23:09:37 INFO Epoch 336/16000	Training Loss: 1.1156	Time remaining is 606h:32m
2024-06-18 23:11:43 INFO Epoch 337/16000	Training Loss: 1.1210	Time remaining is 606h:19m
2024-06-18 23:13:48 INFO Epoch 338/16000	Training Loss: 1.1107	Time remaining is 606h:5m
2024-06-18 23:15:53 INFO Epoch 339/16000	Training Loss: 1.1151	Time remaining is 605h:52m
2024-06-18 23:17:58 INFO Epoch 340/16000	Training Loss: 1.1162	Time remaining is 605h:39m
2024-06-18 23:19:34 INFO Testing: dataset_name: market1501 top1:0.9581 top5:0.9825 top10:0.9899 mAP:0.8838
2024-06-18 23:21:39 INFO Epoch 341/16000	Training Loss: 1.1207	Time remaining is 606h:39m
2024-06-18 23:23:44 INFO Epoch 342/16000	Training Loss: 1.1148	Time remaining is 606h:26m
2024-06-18 23:25:49 INFO Epoch 343/16000	Training Loss: 1.1145	Time remaining is 606h:12m
2024-06-18 23:27:54 INFO Epoch 344/16000	Training Loss: 1.1155	Time remaining is 605h:59m
2024-06-18 23:29:59 INFO Epoch 345/16000	Training Loss: 1.1154	Time remaining is 605h:46m
2024-06-18 23:31:35 INFO Testing: dataset_name: market1501 top1:0.9569 top5:0.9843 top10:0.9908 mAP:0.8860
2024-06-18 23:33:39 INFO Epoch 346/16000	Training Loss: 1.1088	Time remaining is 606h:44m
2024-06-18 23:35:44 INFO Epoch 347/16000	Training Loss: 1.1147	Time remaining is 606h:31m
2024-06-18 23:37:49 INFO Epoch 348/16000	Training Loss: 1.1176	Time remaining is 606h:18m
2024-06-18 23:39:54 INFO Epoch 349/16000	Training Loss: 1.1103	Time remaining is 606h:5m
2024-06-18 23:41:59 INFO Epoch 350/16000	Training Loss: 1.1140	Time remaining is 605h:52m
2024-06-18 23:43:34 INFO Testing: dataset_name: market1501 top1:0.9575 top5:0.9828 top10:0.9902 mAP:0.8850
2024-06-18 23:45:39 INFO Epoch 351/16000	Training Loss: 1.1137	Time remaining is 606h:49m
2024-06-18 23:47:44 INFO Epoch 352/16000	Training Loss: 1.1144	Time remaining is 606h:36m
2024-06-18 23:49:48 INFO Epoch 353/16000	Training Loss: 1.1089	Time remaining is 606h:23m
2024-06-18 23:51:54 INFO Epoch 354/16000	Training Loss: 1.1140	Time remaining is 606h:10m
2024-06-18 23:53:59 INFO Epoch 355/16000	Training Loss: 1.1144	Time remaining is 605h:57m
2024-06-18 23:55:34 INFO Testing: dataset_name: market1501 top1:0.9561 top5:0.9834 top10:0.9905 mAP:0.8854
2024-06-18 23:57:39 INFO Epoch 356/16000	Training Loss: 1.1142	Time remaining is 606h:54m
2024-06-18 23:59:44 INFO Epoch 357/16000	Training Loss: 1.1092	Time remaining is 606h:41m
2024-06-19 00:01:49 INFO Epoch 358/16000	Training Loss: 1.1135	Time remaining is 606h:28m
2024-06-19 00:03:54 INFO Epoch 359/16000	Training Loss: 1.1126	Time remaining is 606h:15m
2024-06-19 00:05:59 INFO Epoch 360/16000	Training Loss: 1.1135	Time remaining is 606h:3m
2024-06-19 00:07:35 INFO Testing: dataset_name: market1501 top1:0.9578 top5:0.9834 top10:0.9905 mAP:0.8856
2024-06-19 00:09:39 INFO Epoch 361/16000	Training Loss: 1.1147	Time remaining is 606h:58m
2024-06-19 00:11:44 INFO Epoch 362/16000	Training Loss: 1.1135	Time remaining is 606h:45m
2024-06-19 00:13:49 INFO Epoch 363/16000	Training Loss: 1.1076	Time remaining is 606h:32m
2024-06-19 00:15:54 INFO Epoch 364/16000	Training Loss: 1.1133	Time remaining is 606h:20m
2024-06-19 00:18:00 INFO Epoch 365/16000	Training Loss: 1.1204	Time remaining is 606h:8m
2024-06-19 00:19:36 INFO Testing: dataset_name: market1501 top1:0.9572 top5:0.9843 top10:0.9902 mAP:0.8861
2024-06-19 00:21:40 INFO Epoch 366/16000	Training Loss: 1.1084	Time remaining is 607h:3m
2024-06-19 00:23:45 INFO Epoch 367/16000	Training Loss: 1.1131	Time remaining is 606h:50m
2024-06-19 00:25:50 INFO Epoch 368/16000	Training Loss: 1.1089	Time remaining is 606h:37m
2024-06-19 00:27:55 INFO Epoch 369/16000	Training Loss: 1.1132	Time remaining is 606h:24m
2024-06-19 00:30:00 INFO Epoch 370/16000	Training Loss: 1.1137	Time remaining is 606h:12m
2024-06-19 00:31:36 INFO Testing: dataset_name: market1501 top1:0.9555 top5:0.9831 top10:0.9896 mAP:0.8829
2024-06-19 00:33:39 INFO Epoch 371/16000	Training Loss: 1.1075	Time remaining is 607h:5m
2024-06-19 00:35:44 INFO Epoch 372/16000	Training Loss: 1.1073	Time remaining is 606h:52m
2024-06-19 00:37:50 INFO Epoch 373/16000	Training Loss: 1.1137	Time remaining is 606h:40m
2024-06-19 00:39:54 INFO Epoch 374/16000	Training Loss: 1.1069	Time remaining is 606h:27m
2024-06-19 00:42:00 INFO Epoch 375/16000	Training Loss: 1.1126	Time remaining is 606h:15m
2024-06-19 00:43:35 INFO Testing: dataset_name: market1501 top1:0.9558 top5:0.9831 top10:0.9890 mAP:0.8834
2024-06-19 00:45:40 INFO Epoch 376/16000	Training Loss: 1.1123	Time remaining is 607h:9m
2024-06-19 00:47:44 INFO Epoch 377/16000	Training Loss: 1.1076	Time remaining is 606h:55m
2024-06-19 00:49:49 INFO Epoch 378/16000	Training Loss: 1.1073	Time remaining is 606h:43m
2024-06-19 00:51:54 INFO Epoch 379/16000	Training Loss: 1.1080	Time remaining is 606h:30m
2024-06-19 00:53:59 INFO Epoch 380/16000	Training Loss: 1.1141	Time remaining is 606h:18m
2024-06-19 00:55:34 INFO Testing: dataset_name: market1501 top1:0.9567 top5:0.9840 top10:0.9896 mAP:0.8846
2024-06-19 00:57:39 INFO Epoch 381/16000	Training Loss: 1.1119	Time remaining is 607h:10m
2024-06-19 00:59:44 INFO Epoch 382/16000	Training Loss: 1.1142	Time remaining is 606h:57m
2024-06-19 01:01:49 INFO Epoch 383/16000	Training Loss: 1.1130	Time remaining is 606h:45m
2024-06-19 01:03:54 INFO Epoch 384/16000	Training Loss: 1.1133	Time remaining is 606h:33m
2024-06-19 01:05:59 INFO Epoch 385/16000	Training Loss: 1.1078	Time remaining is 606h:20m
2024-06-19 01:07:34 INFO Testing: dataset_name: market1501 top1:0.9575 top5:0.9846 top10:0.9896 mAP:0.8855
2024-06-19 01:09:40 INFO Epoch 386/16000	Training Loss: 1.1186	Time remaining is 607h:13m
2024-06-19 01:11:44 INFO Epoch 387/16000	Training Loss: 1.1071	Time remaining is 606h:60m
2024-06-19 01:13:50 INFO Epoch 388/16000	Training Loss: 1.1177	Time remaining is 606h:48m
2024-06-19 01:15:55 INFO Epoch 389/16000	Training Loss: 1.1134	Time remaining is 606h:36m
2024-06-19 01:17:59 INFO Epoch 390/16000	Training Loss: 1.1065	Time remaining is 606h:23m
2024-06-19 01:19:34 INFO Testing: dataset_name: market1501 top1:0.9564 top5:0.9843 top10:0.9908 mAP:0.8835
2024-06-19 01:21:39 INFO Epoch 391/16000	Training Loss: 1.1124	Time remaining is 607h:14m
2024-06-19 01:23:43 INFO Epoch 392/16000	Training Loss: 1.1065	Time remaining is 607h:1m
2024-06-19 01:25:47 INFO Epoch 393/16000	Training Loss: 1.1069	Time remaining is 606h:48m
2024-06-19 01:27:52 INFO Epoch 394/16000	Training Loss: 1.1119	Time remaining is 606h:36m
2024-06-19 01:29:57 INFO Epoch 395/16000	Training Loss: 1.1073	Time remaining is 606h:23m
2024-06-19 01:31:32 INFO Testing: dataset_name: market1501 top1:0.9549 top5:0.9837 top10:0.9899 mAP:0.8837
2024-06-19 01:33:36 INFO Epoch 396/16000	Training Loss: 1.1072	Time remaining is 607h:13m
2024-06-19 01:35:40 INFO Epoch 397/16000	Training Loss: 1.1062	Time remaining is 607h:1m
2024-06-19 01:37:46 INFO Epoch 398/16000	Training Loss: 1.1119	Time remaining is 606h:49m
2024-06-19 01:39:50 INFO Epoch 399/16000	Training Loss: 1.1064	Time remaining is 606h:36m
2024-06-19 01:41:54 INFO Epoch 400/16000	Training Loss: 1.1063	Time remaining is 606h:24m
2024-06-19 01:43:30 INFO Testing: dataset_name: market1501 top1:0.9552 top5:0.9831 top10:0.9896 mAP:0.8836
2024-06-19 01:45:35 INFO Epoch 401/16000	Training Loss: 1.1111	Time remaining is 607h:13m
2024-06-19 01:47:39 INFO Epoch 402/16000	Training Loss: 1.1115	Time remaining is 607h:1m
2024-06-19 01:49:44 INFO Epoch 403/16000	Training Loss: 1.1042	Time remaining is 606h:49m
2024-06-19 01:51:49 INFO Epoch 404/16000	Training Loss: 1.1122	Time remaining is 606h:37m
2024-06-19 01:53:54 INFO Epoch 405/16000	Training Loss: 1.1120	Time remaining is 606h:25m
2024-06-19 01:55:29 INFO Testing: dataset_name: market1501 top1:0.9575 top5:0.9846 top10:0.9890 mAP:0.8846
2024-06-19 01:57:34 INFO Epoch 406/16000	Training Loss: 1.1123	Time remaining is 607h:14m
2024-06-19 01:59:39 INFO Epoch 407/16000	Training Loss: 1.1115	Time remaining is 607h:1m
2024-06-19 02:01:44 INFO Epoch 408/16000	Training Loss: 1.1109	Time remaining is 606h:49m
2024-06-19 02:03:49 INFO Epoch 409/16000	Training Loss: 1.1135	Time remaining is 606h:38m
2024-06-19 02:05:54 INFO Epoch 410/16000	Training Loss: 1.1127	Time remaining is 606h:26m
2024-06-19 02:07:30 INFO Testing: dataset_name: market1501 top1:0.9552 top5:0.9828 top10:0.9899 mAP:0.8846
2024-06-19 02:09:34 INFO Epoch 411/16000	Training Loss: 1.1061	Time remaining is 607h:14m
2024-06-19 02:11:38 INFO Epoch 412/16000	Training Loss: 1.1105	Time remaining is 607h:2m
2024-06-19 02:13:43 INFO Epoch 413/16000	Training Loss: 1.1053	Time remaining is 606h:50m
2024-06-19 02:15:48 INFO Epoch 414/16000	Training Loss: 1.1115	Time remaining is 606h:38m
2024-06-19 02:17:53 INFO Epoch 415/16000	Training Loss: 1.1106	Time remaining is 606h:26m
2024-06-19 02:19:28 INFO Testing: dataset_name: market1501 top1:0.9564 top5:0.9828 top10:0.9890 mAP:0.8842
2024-06-19 02:21:32 INFO Epoch 416/16000	Training Loss: 1.1058	Time remaining is 607h:13m
2024-06-19 02:23:37 INFO Epoch 417/16000	Training Loss: 1.1115	Time remaining is 607h:1m
2024-06-19 02:25:42 INFO Epoch 418/16000	Training Loss: 1.1111	Time remaining is 606h:50m
2024-06-19 02:27:48 INFO Epoch 419/16000	Training Loss: 1.1109	Time remaining is 606h:38m
2024-06-19 02:29:53 INFO Epoch 420/16000	Training Loss: 1.1116	Time remaining is 606h:26m
2024-06-19 02:31:28 INFO Testing: dataset_name: market1501 top1:0.9555 top5:0.9816 top10:0.9884 mAP:0.8828
2024-06-19 02:33:33 INFO Epoch 421/16000	Training Loss: 1.1112	Time remaining is 607h:13m
2024-06-19 02:35:37 INFO Epoch 422/16000	Training Loss: 1.1109	Time remaining is 607h:1m
2024-06-19 02:37:42 INFO Epoch 423/16000	Training Loss: 1.1058	Time remaining is 606h:49m
2024-06-19 02:39:46 INFO Epoch 424/16000	Training Loss: 1.1055	Time remaining is 606h:37m
2024-06-19 02:41:51 INFO Epoch 425/16000	Training Loss: 1.1098	Time remaining is 606h:25m
2024-06-19 02:43:26 INFO Testing: dataset_name: market1501 top1:0.9564 top5:0.9819 top10:0.9896 mAP:0.8836
2024-06-19 02:45:30 INFO Epoch 426/16000	Training Loss: 1.1045	Time remaining is 607h:11m
2024-06-19 02:47:35 INFO Epoch 427/16000	Training Loss: 1.1109	Time remaining is 606h:59m
2024-06-19 02:49:40 INFO Epoch 428/16000	Training Loss: 1.1105	Time remaining is 606h:48m
2024-06-19 02:51:45 INFO Epoch 429/16000	Training Loss: 1.1106	Time remaining is 606h:36m
2024-06-19 02:53:50 INFO Epoch 430/16000	Training Loss: 1.1116	Time remaining is 606h:25m
2024-06-19 02:55:25 INFO Testing: dataset_name: market1501 top1:0.9558 top5:0.9831 top10:0.9896 mAP:0.8829
2024-06-19 02:57:30 INFO Epoch 431/16000	Training Loss: 1.1110	Time remaining is 607h:10m
2024-06-19 02:59:35 INFO Epoch 432/16000	Training Loss: 1.1103	Time remaining is 606h:59m
2024-06-19 03:01:39 INFO Epoch 433/16000	Training Loss: 1.1050	Time remaining is 606h:47m
2024-06-19 03:03:44 INFO Epoch 434/16000	Training Loss: 1.1115	Time remaining is 606h:35m
2024-06-19 03:05:49 INFO Epoch 435/16000	Training Loss: 1.1103	Time remaining is 606h:24m
2024-06-19 03:07:25 INFO Testing: dataset_name: market1501 top1:0.9555 top5:0.9840 top10:0.9896 mAP:0.8845
2024-06-19 03:09:30 INFO Epoch 436/16000	Training Loss: 1.1107	Time remaining is 607h:9m
2024-06-19 03:11:34 INFO Epoch 437/16000	Training Loss: 1.1105	Time remaining is 606h:58m
2024-06-19 03:13:39 INFO Epoch 438/16000	Training Loss: 1.1044	Time remaining is 606h:46m
2024-06-19 03:15:43 INFO Epoch 439/16000	Training Loss: 1.1096	Time remaining is 606h:34m
2024-06-19 03:17:49 INFO Epoch 440/16000	Training Loss: 1.1092	Time remaining is 606h:23m
2024-06-19 03:19:24 INFO Testing: dataset_name: market1501 top1:0.9534 top5:0.9840 top10:0.9893 mAP:0.8813
2024-06-19 03:21:29 INFO Epoch 441/16000	Training Loss: 1.1106	Time remaining is 607h:8m
2024-06-19 03:23:33 INFO Epoch 442/16000	Training Loss: 1.1089	Time remaining is 606h:56m
2024-06-19 03:25:38 INFO Epoch 443/16000	Training Loss: 1.1099	Time remaining is 606h:45m
2024-06-19 03:27:43 INFO Epoch 444/16000	Training Loss: 1.1036	Time remaining is 606h:33m
2024-06-19 03:29:48 INFO Epoch 445/16000	Training Loss: 1.1100	Time remaining is 606h:22m
2024-06-19 03:31:23 INFO Testing: dataset_name: market1501 top1:0.9555 top5:0.9828 top10:0.9902 mAP:0.8819
2024-06-19 03:33:28 INFO Epoch 446/16000	Training Loss: 1.1096	Time remaining is 607h:6m
2024-06-19 03:35:32 INFO Epoch 447/16000	Training Loss: 1.1040	Time remaining is 606h:54m
2024-06-19 03:37:36 INFO Epoch 448/16000	Training Loss: 1.1035	Time remaining is 606h:42m
2024-06-19 03:39:42 INFO Epoch 449/16000	Training Loss: 1.1100	Time remaining is 606h:31m
2024-06-19 03:41:47 INFO Epoch 450/16000	Training Loss: 1.1099	Time remaining is 606h:20m
2024-06-19 03:43:22 INFO Testing: dataset_name: market1501 top1:0.9534 top5:0.9837 top10:0.9899 mAP:0.8820
2024-06-19 03:45:27 INFO Epoch 451/16000	Training Loss: 1.1102	Time remaining is 607h:3m
2024-06-19 03:47:31 INFO Epoch 452/16000	Training Loss: 1.1094	Time remaining is 606h:52m
2024-06-19 03:49:36 INFO Epoch 453/16000	Training Loss: 1.1100	Time remaining is 606h:41m
2024-06-19 03:51:41 INFO Epoch 454/16000	Training Loss: 1.1034	Time remaining is 606h:29m
2024-06-19 03:53:45 INFO Epoch 455/16000	Training Loss: 1.1033	Time remaining is 606h:17m
2024-06-19 03:55:20 INFO Testing: dataset_name: market1501 top1:0.9561 top5:0.9834 top10:0.9890 mAP:0.8817
2024-06-19 03:57:25 INFO Epoch 456/16000	Training Loss: 1.1093	Time remaining is 607h:0m
2024-06-19 03:59:30 INFO Epoch 457/16000	Training Loss: 1.1098	Time remaining is 606h:49m
2024-06-19 04:01:35 INFO Epoch 458/16000	Training Loss: 1.1091	Time remaining is 606h:38m
2024-06-19 04:03:40 INFO Epoch 459/16000	Training Loss: 1.1031	Time remaining is 606h:27m
2024-06-19 04:05:45 INFO Epoch 460/16000	Training Loss: 1.1090	Time remaining is 606h:16m
2024-06-19 04:07:20 INFO Testing: dataset_name: market1501 top1:0.9522 top5:0.9816 top10:0.9887 mAP:0.8802
2024-06-19 04:09:24 INFO Epoch 461/16000	Training Loss: 1.1044	Time remaining is 606h:58m
2024-06-19 04:11:29 INFO Epoch 462/16000	Training Loss: 1.1085	Time remaining is 606h:47m
2024-06-19 04:13:34 INFO Epoch 463/16000	Training Loss: 1.1092	Time remaining is 606h:35m
2024-06-19 04:15:39 INFO Epoch 464/16000	Training Loss: 1.1091	Time remaining is 606h:24m
2024-06-19 04:17:43 INFO Epoch 465/16000	Training Loss: 1.1030	Time remaining is 606h:13m
2024-06-19 04:19:19 INFO Testing: dataset_name: market1501 top1:0.9567 top5:0.9819 top10:0.9905 mAP:0.8822
2024-06-19 04:21:23 INFO Epoch 466/16000	Training Loss: 1.1095	Time remaining is 606h:55m
2024-06-19 04:23:28 INFO Epoch 467/16000	Training Loss: 1.1085	Time remaining is 606h:44m
2024-06-19 04:25:34 INFO Epoch 468/16000	Training Loss: 1.1147	Time remaining is 606h:33m
2024-06-19 04:27:39 INFO Epoch 469/16000	Training Loss: 1.1085	Time remaining is 606h:23m
2024-06-19 04:29:44 INFO Epoch 470/16000	Training Loss: 1.1090	Time remaining is 606h:12m
2024-06-19 04:31:20 INFO Testing: dataset_name: market1501 top1:0.9543 top5:0.9813 top10:0.9887 mAP:0.8801
2024-06-19 04:33:24 INFO Epoch 471/16000	Training Loss: 1.1088	Time remaining is 606h:53m
2024-06-19 04:35:29 INFO Epoch 472/16000	Training Loss: 1.1029	Time remaining is 606h:42m
2024-06-19 04:37:35 INFO Epoch 473/16000	Training Loss: 1.1149	Time remaining is 606h:31m
2024-06-19 04:39:40 INFO Epoch 474/16000	Training Loss: 1.1090	Time remaining is 606h:21m
2024-06-19 04:41:44 INFO Epoch 475/16000	Training Loss: 1.1036	Time remaining is 606h:9m
2024-06-19 04:43:19 INFO Testing: dataset_name: market1501 top1:0.9543 top5:0.9825 top10:0.9902 mAP:0.8812
2024-06-19 04:45:24 INFO Epoch 476/16000	Training Loss: 1.1076	Time remaining is 606h:50m
2024-06-19 04:47:28 INFO Epoch 477/16000	Training Loss: 1.1019	Time remaining is 606h:39m
2024-06-19 04:49:33 INFO Epoch 478/16000	Training Loss: 1.1084	Time remaining is 606h:28m
2024-06-19 04:51:38 INFO Epoch 479/16000	Training Loss: 1.1018	Time remaining is 606h:17m
2024-06-19 04:53:43 INFO Epoch 480/16000	Training Loss: 1.1086	Time remaining is 606h:6m
2024-06-19 04:55:18 INFO Testing: dataset_name: market1501 top1:0.9558 top5:0.9819 top10:0.9893 mAP:0.8794
2024-06-19 04:57:23 INFO Epoch 481/16000	Training Loss: 1.1077	Time remaining is 606h:47m
2024-06-19 04:59:27 INFO Epoch 482/16000	Training Loss: 1.1023	Time remaining is 606h:36m
2024-06-19 05:01:32 INFO Epoch 483/16000	Training Loss: 1.1079	Time remaining is 606h:25m
2024-06-19 05:03:38 INFO Epoch 484/16000	Training Loss: 1.1135	Time remaining is 606h:15m
2024-06-19 05:05:43 INFO Epoch 485/16000	Training Loss: 1.1084	Time remaining is 606h:4m
2024-06-19 05:07:18 INFO Testing: dataset_name: market1501 top1:0.9483 top5:0.9810 top10:0.9884 mAP:0.8762
2024-06-19 05:09:23 INFO Epoch 486/16000	Training Loss: 1.1080	Time remaining is 606h:44m
2024-06-19 05:11:28 INFO Epoch 487/16000	Training Loss: 1.1137	Time remaining is 606h:33m
2024-06-19 05:13:32 INFO Epoch 488/16000	Training Loss: 1.1018	Time remaining is 606h:22m
2024-06-19 05:15:37 INFO Epoch 489/16000	Training Loss: 1.1085	Time remaining is 606h:11m
2024-06-19 05:17:42 INFO Epoch 490/16000	Training Loss: 1.1092	Time remaining is 606h:1m
2024-06-19 05:19:17 INFO Testing: dataset_name: market1501 top1:0.9516 top5:0.9816 top10:0.9899 mAP:0.8791
2024-06-19 05:21:21 INFO Epoch 491/16000	Training Loss: 1.1028	Time remaining is 606h:40m
2024-06-19 05:23:26 INFO Epoch 492/16000	Training Loss: 1.1086	Time remaining is 606h:29m
2024-06-19 05:25:31 INFO Epoch 493/16000	Training Loss: 1.1028	Time remaining is 606h:18m
2024-06-19 05:27:35 INFO Epoch 494/16000	Training Loss: 1.1019	Time remaining is 606h:7m
2024-06-19 05:29:40 INFO Epoch 495/16000	Training Loss: 1.1086	Time remaining is 605h:57m
2024-06-19 05:31:15 INFO Testing: dataset_name: market1501 top1:0.9504 top5:0.9822 top10:0.9887 mAP:0.8786
2024-06-19 05:33:20 INFO Epoch 496/16000	Training Loss: 1.1076	Time remaining is 606h:36m
2024-06-19 05:35:25 INFO Epoch 497/16000	Training Loss: 1.1024	Time remaining is 606h:25m
2024-06-19 05:37:30 INFO Epoch 498/16000	Training Loss: 1.1083	Time remaining is 606h:14m
2024-06-19 05:39:34 INFO Epoch 499/16000	Training Loss: 1.1019	Time remaining is 606h:3m
2024-06-19 05:41:39 INFO Epoch 500/16000	Training Loss: 1.1079	Time remaining is 605h:53m
2024-06-19 05:43:14 INFO Testing: dataset_name: market1501 top1:0.9531 top5:0.9813 top10:0.9890 mAP:0.8799
2024-06-19 05:45:19 INFO Epoch 501/16000	Training Loss: 1.1073	Time remaining is 606h:31m
2024-06-19 05:47:24 INFO Epoch 502/16000	Training Loss: 1.1070	Time remaining is 606h:21m
2024-06-19 05:49:28 INFO Epoch 503/16000	Training Loss: 1.1023	Time remaining is 606h:10m
2024-06-19 05:51:33 INFO Epoch 504/16000	Training Loss: 1.1075	Time remaining is 605h:60m
2024-06-19 05:53:38 INFO Epoch 505/16000	Training Loss: 1.1078	Time remaining is 605h:49m
2024-06-19 05:55:13 INFO Testing: dataset_name: market1501 top1:0.9510 top5:0.9816 top10:0.9881 mAP:0.8763
2024-06-19 05:57:18 INFO Epoch 506/16000	Training Loss: 1.1072	Time remaining is 606h:27m
2024-06-19 05:59:23 INFO Epoch 507/16000	Training Loss: 1.1080	Time remaining is 606h:17m
2024-06-19 06:01:27 INFO Epoch 508/16000	Training Loss: 1.1020	Time remaining is 606h:6m
2024-06-19 06:03:35 INFO Epoch 509/16000	Training Loss: 1.1126	Time remaining is 605h:57m
2024-06-19 06:05:40 INFO Epoch 510/16000	Training Loss: 1.1074	Time remaining is 605h:47m
2024-06-19 06:07:16 INFO Testing: dataset_name: market1501 top1:0.9513 top5:0.9807 top10:0.9899 mAP:0.8787
2024-06-19 06:09:20 INFO Epoch 511/16000	Training Loss: 1.1066	Time remaining is 606h:24m
2024-06-19 06:11:24 INFO Epoch 512/16000	Training Loss: 1.1030	Time remaining is 606h:14m
2024-06-19 06:13:29 INFO Epoch 513/16000	Training Loss: 1.1069	Time remaining is 606h:3m
2024-06-19 06:15:34 INFO Epoch 514/16000	Training Loss: 1.1022	Time remaining is 605h:53m
2024-06-19 06:17:39 INFO Epoch 515/16000	Training Loss: 1.1078	Time remaining is 605h:42m
2024-06-19 06:19:14 INFO Testing: dataset_name: market1501 top1:0.9507 top5:0.9810 top10:0.9887 mAP:0.8776
2024-06-19 06:21:19 INFO Epoch 516/16000	Training Loss: 1.1065	Time remaining is 606h:20m
2024-06-19 06:23:24 INFO Epoch 517/16000	Training Loss: 1.1059	Time remaining is 606h:9m
2024-06-19 06:25:29 INFO Epoch 518/16000	Training Loss: 1.1127	Time remaining is 605h:59m
2024-06-19 06:27:34 INFO Epoch 519/16000	Training Loss: 1.1016	Time remaining is 605h:49m
2024-06-19 06:29:39 INFO Epoch 520/16000	Training Loss: 1.1134	Time remaining is 605h:39m
2024-06-19 06:31:15 INFO Testing: dataset_name: market1501 top1:0.9519 top5:0.9804 top10:0.9896 mAP:0.8770
2024-06-19 06:33:19 INFO Epoch 521/16000	Training Loss: 1.1081	Time remaining is 606h:16m
2024-06-19 06:35:24 INFO Epoch 522/16000	Training Loss: 1.1078	Time remaining is 606h:5m
2024-06-19 06:37:29 INFO Epoch 523/16000	Training Loss: 1.1074	Time remaining is 605h:55m
2024-06-19 06:39:33 INFO Epoch 524/16000	Training Loss: 1.1007	Time remaining is 605h:44m
2024-06-19 06:41:38 INFO Epoch 525/16000	Training Loss: 1.1070	Time remaining is 605h:34m
2024-06-19 06:43:13 INFO Testing: dataset_name: market1501 top1:0.9498 top5:0.9816 top10:0.9878 mAP:0.8752
2024-06-19 06:45:18 INFO Epoch 526/16000	Training Loss: 1.1064	Time remaining is 606h:11m
2024-06-19 06:47:22 INFO Epoch 527/16000	Training Loss: 1.1010	Time remaining is 606h:0m
2024-06-19 06:49:27 INFO Epoch 528/16000	Training Loss: 1.1067	Time remaining is 605h:50m
2024-06-19 06:51:32 INFO Epoch 529/16000	Training Loss: 1.1074	Time remaining is 605h:40m
2024-06-19 06:53:36 INFO Epoch 530/16000	Training Loss: 1.1013	Time remaining is 605h:29m
2024-06-19 06:55:12 INFO Testing: dataset_name: market1501 top1:0.9507 top5:0.9795 top10:0.9890 mAP:0.8764
2024-06-19 06:57:16 INFO Epoch 531/16000	Training Loss: 1.1016	Time remaining is 606h:5m
2024-06-19 06:59:20 INFO Epoch 532/16000	Training Loss: 1.1013	Time remaining is 605h:54m
2024-06-19 07:01:25 INFO Epoch 533/16000	Training Loss: 1.1064	Time remaining is 605h:44m
2024-06-19 07:03:29 INFO Epoch 534/16000	Training Loss: 1.1011	Time remaining is 605h:34m
2024-06-19 07:05:34 INFO Epoch 535/16000	Training Loss: 1.1065	Time remaining is 605h:24m
2024-06-19 07:07:09 INFO Testing: dataset_name: market1501 top1:0.9489 top5:0.9795 top10:0.9881 mAP:0.8743
2024-06-19 07:09:14 INFO Epoch 536/16000	Training Loss: 1.1053	Time remaining is 605h:60m
2024-06-19 07:11:19 INFO Epoch 537/16000	Training Loss: 1.1061	Time remaining is 605h:49m
2024-06-19 07:13:24 INFO Epoch 538/16000	Training Loss: 1.1073	Time remaining is 605h:39m
2024-06-19 07:15:28 INFO Epoch 539/16000	Training Loss: 1.1061	Time remaining is 605h:29m
2024-06-19 07:17:33 INFO Epoch 540/16000	Training Loss: 1.1003	Time remaining is 605h:19m
2024-06-19 07:19:08 INFO Testing: dataset_name: market1501 top1:0.9504 top5:0.9807 top10:0.9887 mAP:0.8751
2024-06-19 07:21:12 INFO Epoch 541/16000	Training Loss: 1.1004	Time remaining is 605h:54m
2024-06-19 07:23:17 INFO Epoch 542/16000	Training Loss: 1.1012	Time remaining is 605h:44m
2024-06-19 07:25:22 INFO Epoch 543/16000	Training Loss: 1.1067	Time remaining is 605h:34m
2024-06-19 07:27:27 INFO Epoch 544/16000	Training Loss: 1.1062	Time remaining is 605h:24m
2024-06-19 07:29:32 INFO Epoch 545/16000	Training Loss: 1.1063	Time remaining is 605h:14m
2024-06-19 07:31:08 INFO Testing: dataset_name: market1501 top1:0.9501 top5:0.9825 top10:0.9896 mAP:0.8755
2024-06-19 07:33:12 INFO Epoch 546/16000	Training Loss: 1.1061	Time remaining is 605h:49m
2024-06-19 07:35:17 INFO Epoch 547/16000	Training Loss: 1.1081	Time remaining is 605h:39m
2024-06-19 07:37:22 INFO Epoch 548/16000	Training Loss: 1.1007	Time remaining is 605h:29m
2024-06-19 07:39:27 INFO Epoch 549/16000	Training Loss: 1.1057	Time remaining is 605h:19m
2024-06-19 07:41:32 INFO Epoch 550/16000	Training Loss: 1.1004	Time remaining is 605h:9m
2024-06-19 07:43:07 INFO Testing: dataset_name: market1501 top1:0.9486 top5:0.9792 top10:0.9887 mAP:0.8752
2024-06-19 07:45:12 INFO Epoch 551/16000	Training Loss: 1.1058	Time remaining is 605h:44m
2024-06-19 07:47:16 INFO Epoch 552/16000	Training Loss: 1.1003	Time remaining is 605h:34m
2024-06-19 07:49:22 INFO Epoch 553/16000	Training Loss: 1.1065	Time remaining is 605h:24m
2024-06-19 07:51:28 INFO Epoch 554/16000	Training Loss: 1.1055	Time remaining is 605h:15m
2024-06-19 07:53:33 INFO Epoch 555/16000	Training Loss: 1.1052	Time remaining is 605h:5m
2024-06-19 07:55:08 INFO Testing: dataset_name: market1501 top1:0.9504 top5:0.9816 top10:0.9890 mAP:0.8726
2024-06-19 07:57:14 INFO Epoch 556/16000	Training Loss: 1.1109	Time remaining is 605h:39m
2024-06-19 07:59:18 INFO Epoch 557/16000	Training Loss: 1.0998	Time remaining is 605h:30m
2024-06-19 08:01:23 INFO Epoch 558/16000	Training Loss: 1.1054	Time remaining is 605h:20m
2024-06-19 08:03:28 INFO Epoch 559/16000	Training Loss: 1.1006	Time remaining is 605h:10m
2024-06-19 08:05:33 INFO Epoch 560/16000	Training Loss: 1.1005	Time remaining is 605h:0m
2024-06-19 08:07:09 INFO Testing: dataset_name: market1501 top1:0.9516 top5:0.9816 top10:0.9884 mAP:0.8746
2024-06-19 08:09:13 INFO Epoch 561/16000	Training Loss: 1.1060	Time remaining is 605h:34m
2024-06-19 08:11:18 INFO Epoch 562/16000	Training Loss: 1.1057	Time remaining is 605h:24m
2024-06-19 08:13:24 INFO Epoch 563/16000	Training Loss: 1.1059	Time remaining is 605h:15m
2024-06-19 08:15:29 INFO Epoch 564/16000	Training Loss: 1.1003	Time remaining is 605h:5m
2024-06-19 08:17:34 INFO Epoch 565/16000	Training Loss: 1.1056	Time remaining is 604h:55m
2024-06-19 08:19:09 INFO Testing: dataset_name: market1501 top1:0.9504 top5:0.9813 top10:0.9890 mAP:0.8759
2024-06-19 08:21:13 INFO Epoch 566/16000	Training Loss: 1.0997	Time remaining is 605h:29m
2024-06-19 08:23:18 INFO Epoch 567/16000	Training Loss: 1.0998	Time remaining is 605h:19m
2024-06-19 08:25:23 INFO Epoch 568/16000	Training Loss: 1.1057	Time remaining is 605h:9m
2024-06-19 08:27:29 INFO Epoch 569/16000	Training Loss: 1.1054	Time remaining is 604h:60m
2024-06-19 08:29:34 INFO Epoch 570/16000	Training Loss: 1.1056	Time remaining is 604h:50m
2024-06-19 08:31:09 INFO Testing: dataset_name: market1501 top1:0.9513 top5:0.9825 top10:0.9893 mAP:0.8736
2024-06-19 08:33:14 INFO Epoch 571/16000	Training Loss: 1.1059	Time remaining is 605h:24m
2024-06-19 08:35:19 INFO Epoch 572/16000	Training Loss: 1.1000	Time remaining is 605h:14m
2024-06-19 08:37:24 INFO Epoch 573/16000	Training Loss: 1.1048	Time remaining is 605h:4m
2024-06-19 08:39:29 INFO Epoch 574/16000	Training Loss: 1.0994	Time remaining is 604h:55m
2024-06-19 08:41:35 INFO Epoch 575/16000	Training Loss: 1.1058	Time remaining is 604h:45m
2024-06-19 08:43:10 INFO Testing: dataset_name: market1501 top1:0.9489 top5:0.9816 top10:0.9893 mAP:0.8724
2024-06-19 08:45:15 INFO Epoch 576/16000	Training Loss: 1.1052	Time remaining is 605h:18m
2024-06-19 08:47:20 INFO Epoch 577/16000	Training Loss: 1.0990	Time remaining is 605h:9m
2024-06-19 08:49:25 INFO Epoch 578/16000	Training Loss: 1.1055	Time remaining is 604h:59m
2024-06-19 08:51:30 INFO Epoch 579/16000	Training Loss: 1.1054	Time remaining is 604h:50m
2024-06-19 08:53:36 INFO Epoch 580/16000	Training Loss: 1.1049	Time remaining is 604h:40m
2024-06-19 08:55:11 INFO Testing: dataset_name: market1501 top1:0.9486 top5:0.9801 top10:0.9884 mAP:0.8708
2024-06-19 08:57:15 INFO Epoch 581/16000	Training Loss: 1.0989	Time remaining is 605h:13m
2024-06-19 08:59:20 INFO Epoch 582/16000	Training Loss: 1.1047	Time remaining is 605h:3m
2024-06-19 09:01:26 INFO Epoch 583/16000	Training Loss: 1.1063	Time remaining is 604h:54m
2024-06-19 09:03:31 INFO Epoch 584/16000	Training Loss: 1.1060	Time remaining is 604h:44m
2024-06-19 09:05:36 INFO Epoch 585/16000	Training Loss: 1.1042	Time remaining is 604h:35m
2024-06-19 09:07:11 INFO Testing: dataset_name: market1501 top1:0.9492 top5:0.9813 top10:0.9890 mAP:0.8726
2024-06-19 09:09:15 INFO Epoch 586/16000	Training Loss: 1.0983	Time remaining is 605h:7m
2024-06-19 09:11:20 INFO Epoch 587/16000	Training Loss: 1.0992	Time remaining is 604h:57m
2024-06-19 09:13:25 INFO Epoch 588/16000	Training Loss: 1.1048	Time remaining is 604h:48m
2024-06-19 09:15:30 INFO Epoch 589/16000	Training Loss: 1.0985	Time remaining is 604h:38m
2024-06-19 09:17:34 INFO Epoch 590/16000	Training Loss: 1.0986	Time remaining is 604h:29m
2024-06-19 09:19:10 INFO Testing: dataset_name: market1501 top1:0.9489 top5:0.9816 top10:0.9884 mAP:0.8706
2024-06-19 09:21:15 INFO Epoch 591/16000	Training Loss: 1.1048	Time remaining is 605h:1m
2024-06-19 09:23:21 INFO Epoch 592/16000	Training Loss: 1.1042	Time remaining is 604h:52m
2024-06-19 09:25:26 INFO Epoch 593/16000	Training Loss: 1.1055	Time remaining is 604h:42m
2024-06-19 09:27:32 INFO Epoch 594/16000	Training Loss: 1.1104	Time remaining is 604h:33m
2024-06-19 09:29:37 INFO Epoch 595/16000	Training Loss: 1.1046	Time remaining is 604h:24m
2024-06-19 09:31:12 INFO Testing: dataset_name: market1501 top1:0.9457 top5:0.9783 top10:0.9887 mAP:0.8679
2024-06-19 09:33:16 INFO Epoch 596/16000	Training Loss: 1.0992	Time remaining is 604h:55m
2024-06-19 09:35:23 INFO Epoch 597/16000	Training Loss: 1.1056	Time remaining is 604h:47m
2024-06-19 09:37:29 INFO Epoch 598/16000	Training Loss: 1.1057	Time remaining is 604h:38m
