2024-04-15 00:30:17 INFO ##################################################
2024-04-15 00:30:17 INFO Config values: batch_size: 60	current_directory: /home/hy/project/reid_task/ex_main-n6	dataset_name: market1501	dataset_path: /home/hy/project/data/Market-1501-v15.09.15	device: cuda	dtype: torch.float32	epoch_start_test: 90	epochs: 160	img_height: 256	img_width: 128	logs_outputs_path: /home/hy/project/reid_task/ex_main-n6/./outputs/logs	models_outputs_path: /home/hy/project/reid_task/ex_main-n6/./outputs/models	np: <module 'numpy' from '/home/hy/anaconda3/envs/py396/lib/python3.9/site-packages/numpy/__init__.py'>	os: <module 'os' from '/home/hy/anaconda3/envs/py396/lib/python3.9/os.py'>	outputs_dir: ./outputs/	outputs_path: /home/hy/project/reid_task/ex_main-n6/./outputs/	print_every: 1	seed: 1	taskname: ReID_Task	temps_outputs_path: /home/hy/project/reid_task/ex_main-n6/./outputs/temps	test_batch_size: 256	test_every: 5	torch: <module 'torch' from '/home/hy/anaconda3/envs/py396/lib/python3.9/site-packages/torch/__init__.py'>
2024-04-15 00:30:17 INFO Task: ReID_Task
2024-04-15 00:30:17 INFO Using device: cuda
2024-04-15 00:30:17 INFO Using data type: torch.float32
2024-04-15 00:30:17 INFO Number of GPUs: 1
2024-04-15 00:30:17 INFO GPU is_available: True
2024-04-15 00:30:17 INFO GPU name: NVIDIA GeForce RTX 3060
2024-04-15 00:30:17 INFO CUDA version: 12.1
2024-04-15 00:30:17 INFO Current device id: 0
2024-04-15 00:30:17 INFO ##################################################
2024-04-15 00:31:35 INFO Epoch 1/160	Training Loss: 9.6351	Time remaining is 3h:25m
2024-04-15 00:32:51 INFO Epoch 2/160	Training Loss: 8.1625	Time remaining is 3h:23m
2024-04-15 00:34:07 INFO Epoch 3/160	Training Loss: 6.3106	Time remaining is 3h:21m
2024-04-15 00:35:23 INFO Epoch 4/160	Training Loss: 4.8394	Time remaining is 3h:20m
2024-04-15 00:36:39 INFO Epoch 5/160	Training Loss: 3.7799	Time remaining is 3h:18m
2024-04-15 00:37:55 INFO Epoch 6/160	Training Loss: 3.0878	Time remaining is 3h:17m
2024-04-15 00:39:10 INFO Epoch 7/160	Training Loss: 2.7352	Time remaining is 3h:15m
2024-04-15 00:40:26 INFO Epoch 8/160	Training Loss: 2.5408	Time remaining is 3h:14m
2024-04-15 00:41:42 INFO Epoch 9/160	Training Loss: 2.4376	Time remaining is 3h:13m
2024-04-15 00:42:58 INFO Epoch 10/160	Training Loss: 2.3612	Time remaining is 3h:11m
2024-04-15 00:44:14 INFO Epoch 11/160	Training Loss: 2.3165	Time remaining is 3h:10m
2024-04-15 00:45:30 INFO Epoch 12/160	Training Loss: 2.2734	Time remaining is 3h:9m
2024-04-15 00:46:46 INFO Epoch 13/160	Training Loss: 2.2176	Time remaining is 3h:7m
2024-04-15 00:48:03 INFO Epoch 14/160	Training Loss: 2.2037	Time remaining is 3h:6m
2024-04-15 00:49:19 INFO Epoch 15/160	Training Loss: 2.1791	Time remaining is 3h:5m
2024-04-15 00:50:35 INFO Epoch 16/160	Training Loss: 2.1586	Time remaining is 3h:4m
2024-04-15 00:51:50 INFO Epoch 17/160	Training Loss: 2.1413	Time remaining is 3h:2m
2024-04-15 00:53:06 INFO Epoch 18/160	Training Loss: 2.1246	Time remaining is 3h:1m
2024-04-15 00:54:22 INFO Epoch 19/160	Training Loss: 2.1331	Time remaining is 2h:60m
2024-04-15 00:55:38 INFO Epoch 20/160	Training Loss: 2.1362	Time remaining is 2h:59m
2024-04-15 00:56:54 INFO Epoch 21/160	Training Loss: 2.1239	Time remaining is 2h:57m
2024-04-15 00:58:10 INFO Epoch 22/160	Training Loss: 2.1125	Time remaining is 2h:56m
2024-04-15 00:59:25 INFO Epoch 23/160	Training Loss: 2.1083	Time remaining is 2h:55m
2024-04-15 01:00:41 INFO Epoch 24/160	Training Loss: 2.1245	Time remaining is 2h:53m
2024-04-15 01:01:57 INFO Epoch 25/160	Training Loss: 2.1184	Time remaining is 2h:52m
2024-04-15 01:03:13 INFO Epoch 26/160	Training Loss: 2.1372	Time remaining is 2h:51m
2024-04-15 01:04:29 INFO Epoch 27/160	Training Loss: 2.1168	Time remaining is 2h:50m
2024-04-15 01:05:45 INFO Epoch 28/160	Training Loss: 2.1108	Time remaining is 2h:48m
2024-04-15 01:07:01 INFO Epoch 29/160	Training Loss: 2.1070	Time remaining is 2h:47m
2024-04-15 01:08:16 INFO Epoch 30/160	Training Loss: 2.1014	Time remaining is 2h:46m
2024-04-15 01:09:32 INFO Epoch 31/160	Training Loss: 2.1035	Time remaining is 2h:45m
2024-04-15 01:10:48 INFO Epoch 32/160	Training Loss: 2.1050	Time remaining is 2h:43m
2024-04-15 01:12:04 INFO Epoch 33/160	Training Loss: 2.1060	Time remaining is 2h:42m
2024-04-15 01:13:20 INFO Epoch 34/160	Training Loss: 2.1112	Time remaining is 2h:41m
2024-04-15 01:14:36 INFO Epoch 35/160	Training Loss: 2.1117	Time remaining is 2h:39m
2024-04-15 01:15:52 INFO Epoch 36/160	Training Loss: 2.1011	Time remaining is 2h:38m
2024-04-15 01:17:08 INFO Epoch 37/160	Training Loss: 2.0949	Time remaining is 2h:37m
2024-04-15 01:18:24 INFO Epoch 38/160	Training Loss: 2.1018	Time remaining is 2h:36m
2024-04-15 01:19:40 INFO Epoch 39/160	Training Loss: 2.1031	Time remaining is 2h:34m
2024-04-15 01:20:55 INFO Epoch 40/160	Training Loss: 2.0950	Time remaining is 2h:33m
2024-04-15 01:22:11 INFO Epoch 41/160	Training Loss: 2.0397	Time remaining is 2h:32m
2024-04-15 01:23:27 INFO Epoch 42/160	Training Loss: 1.9680	Time remaining is 2h:31m
2024-04-15 01:24:43 INFO Epoch 43/160	Training Loss: 1.9638	Time remaining is 2h:29m
2024-04-15 01:25:59 INFO Epoch 44/160	Training Loss: 1.9544	Time remaining is 2h:28m
2024-04-15 01:27:15 INFO Epoch 45/160	Training Loss: 1.9478	Time remaining is 2h:27m
2024-04-15 01:28:31 INFO Epoch 46/160	Training Loss: 1.9466	Time remaining is 2h:26m
2024-04-15 01:29:46 INFO Epoch 47/160	Training Loss: 1.9312	Time remaining is 2h:24m
2024-04-15 01:31:02 INFO Epoch 48/160	Training Loss: 1.9408	Time remaining is 2h:23m
2024-04-15 01:32:18 INFO Epoch 49/160	Training Loss: 1.9262	Time remaining is 2h:22m
2024-04-15 01:33:34 INFO Epoch 50/160	Training Loss: 1.9353	Time remaining is 2h:20m
2024-04-15 01:34:49 INFO Epoch 51/160	Training Loss: 1.9212	Time remaining is 2h:19m
2024-04-15 01:36:05 INFO Epoch 52/160	Training Loss: 1.9280	Time remaining is 2h:18m
2024-04-15 01:37:21 INFO Epoch 53/160	Training Loss: 1.9274	Time remaining is 2h:17m
2024-04-15 01:38:37 INFO Epoch 54/160	Training Loss: 1.9252	Time remaining is 2h:15m
2024-04-15 01:39:53 INFO Epoch 55/160	Training Loss: 1.9255	Time remaining is 2h:14m
2024-04-15 01:41:09 INFO Epoch 56/160	Training Loss: 1.9226	Time remaining is 2h:13m
2024-04-15 01:42:24 INFO Epoch 57/160	Training Loss: 1.9122	Time remaining is 2h:12m
2024-04-15 01:43:40 INFO Epoch 58/160	Training Loss: 1.9218	Time remaining is 2h:10m
2024-04-15 01:44:56 INFO Epoch 59/160	Training Loss: 1.9229	Time remaining is 2h:9m
2024-04-15 01:46:12 INFO Epoch 60/160	Training Loss: 1.9180	Time remaining is 2h:8m
2024-04-15 01:47:29 INFO Epoch 61/160	Training Loss: 1.9185	Time remaining is 2h:7m
2024-04-15 01:48:44 INFO Epoch 62/160	Training Loss: 1.9181	Time remaining is 2h:5m
2024-04-15 01:50:01 INFO Epoch 63/160	Training Loss: 1.9163	Time remaining is 2h:4m
2024-04-15 01:51:17 INFO Epoch 64/160	Training Loss: 1.9153	Time remaining is 2h:3m
2024-04-15 01:52:33 INFO Epoch 65/160	Training Loss: 1.9118	Time remaining is 2h:1m
2024-04-15 01:53:49 INFO Epoch 66/160	Training Loss: 1.9131	Time remaining is 2h:0m
2024-04-15 01:55:05 INFO Epoch 67/160	Training Loss: 1.9216	Time remaining is 1h:59m
2024-04-15 01:56:21 INFO Epoch 68/160	Training Loss: 1.9118	Time remaining is 1h:58m
2024-04-15 01:57:37 INFO Epoch 69/160	Training Loss: 1.9042	Time remaining is 1h:56m
2024-04-15 01:58:53 INFO Epoch 70/160	Training Loss: 1.9099	Time remaining is 1h:55m
2024-04-15 02:00:09 INFO Epoch 71/160	Training Loss: 1.9075	Time remaining is 1h:54m
2024-04-15 02:01:25 INFO Epoch 72/160	Training Loss: 1.9040	Time remaining is 1h:53m
2024-04-15 02:02:41 INFO Epoch 73/160	Training Loss: 1.9010	Time remaining is 1h:51m
2024-04-15 02:03:56 INFO Epoch 74/160	Training Loss: 1.8909	Time remaining is 1h:50m
2024-04-15 02:05:11 INFO Epoch 75/160	Training Loss: 1.8906	Time remaining is 1h:49m
2024-04-15 02:06:27 INFO Epoch 76/160	Training Loss: 1.8877	Time remaining is 1h:48m
2024-04-15 02:07:43 INFO Epoch 77/160	Training Loss: 1.8986	Time remaining is 1h:46m
2024-04-15 02:08:59 INFO Epoch 78/160	Training Loss: 1.8903	Time remaining is 1h:45m
2024-04-15 02:10:15 INFO Epoch 79/160	Training Loss: 1.8973	Time remaining is 1h:44m
2024-04-15 02:11:31 INFO Epoch 80/160	Training Loss: 1.8984	Time remaining is 1h:42m
2024-04-15 02:12:47 INFO Epoch 81/160	Training Loss: 1.8966	Time remaining is 1h:41m
2024-04-15 02:14:03 INFO Epoch 82/160	Training Loss: 1.8970	Time remaining is 1h:40m
2024-04-15 02:15:19 INFO Epoch 83/160	Training Loss: 1.8968	Time remaining is 1h:39m
2024-04-15 02:16:35 INFO Epoch 84/160	Training Loss: 1.8950	Time remaining is 1h:37m
2024-04-15 02:17:51 INFO Epoch 85/160	Training Loss: 1.8979	Time remaining is 1h:36m
2024-04-15 02:19:07 INFO Epoch 86/160	Training Loss: 1.8967	Time remaining is 1h:35m
2024-04-15 02:20:23 INFO Epoch 87/160	Training Loss: 1.8950	Time remaining is 1h:34m
2024-04-15 02:21:38 INFO Epoch 88/160	Training Loss: 1.8853	Time remaining is 1h:32m
2024-04-15 02:22:54 INFO Epoch 89/160	Training Loss: 1.8949	Time remaining is 1h:31m
2024-04-15 02:24:10 INFO Epoch 90/160	Training Loss: 1.8962	Time remaining is 1h:30m
2024-04-15 02:25:37 INFO Testing: dataset_name: market1501 top1:0.9516 top5:0.9852 top10:0.9908 mAP:0.8719
2024-04-15 02:26:53 INFO Epoch 91/160	Training Loss: 1.8956	Time remaining is 1h:30m
2024-04-15 02:28:08 INFO Epoch 92/160	Training Loss: 1.8844	Time remaining is 1h:28m
2024-04-15 02:29:24 INFO Epoch 93/160	Training Loss: 1.8966	Time remaining is 1h:27m
2024-04-15 02:30:40 INFO Epoch 94/160	Training Loss: 1.8939	Time remaining is 1h:26m
2024-04-15 02:31:56 INFO Epoch 95/160	Training Loss: 1.8840	Time remaining is 1h:25m
2024-04-15 02:33:22 INFO Testing: dataset_name: market1501 top1:0.9504 top5:0.9849 top10:0.9908 mAP:0.8737
2024-04-15 02:34:38 INFO Epoch 96/160	Training Loss: 1.8946	Time remaining is 1h:24m
2024-04-15 02:35:54 INFO Epoch 97/160	Training Loss: 1.8827	Time remaining is 1h:23m
2024-04-15 02:37:10 INFO Epoch 98/160	Training Loss: 1.8964	Time remaining is 1h:22m
2024-04-15 02:38:26 INFO Epoch 99/160	Training Loss: 1.8939	Time remaining is 1h:20m
2024-04-15 02:39:42 INFO Epoch 100/160	Training Loss: 1.8918	Time remaining is 1h:19m
2024-04-15 02:41:09 INFO Testing: dataset_name: market1501 top1:0.9498 top5:0.9849 top10:0.9911 mAP:0.8725
2024-04-15 02:42:24 INFO Epoch 101/160	Training Loss: 1.8947	Time remaining is 1h:18m
2024-04-15 02:43:41 INFO Epoch 102/160	Training Loss: 1.8926	Time remaining is 1h:17m
2024-04-15 02:44:57 INFO Epoch 103/160	Training Loss: 1.8919	Time remaining is 1h:16m
2024-04-15 02:46:12 INFO Epoch 104/160	Training Loss: 1.8913	Time remaining is 1h:14m
2024-04-15 02:47:29 INFO Epoch 105/160	Training Loss: 1.9025	Time remaining is 1h:13m
2024-04-15 02:48:55 INFO Testing: dataset_name: market1501 top1:0.9513 top5:0.9852 top10:0.9908 mAP:0.8736
2024-04-15 02:50:11 INFO Epoch 106/160	Training Loss: 1.8936	Time remaining is 1h:13m
2024-04-15 02:51:27 INFO Epoch 107/160	Training Loss: 1.8825	Time remaining is 1h:11m
2024-04-15 02:52:43 INFO Epoch 108/160	Training Loss: 1.8930	Time remaining is 1h:10m
2024-04-15 02:53:59 INFO Epoch 109/160	Training Loss: 1.8919	Time remaining is 1h:9m
2024-04-15 02:55:14 INFO Epoch 110/160	Training Loss: 1.8907	Time remaining is 1h:7m
2024-04-15 02:56:41 INFO Testing: dataset_name: market1501 top1:0.9504 top5:0.9863 top10:0.9914 mAP:0.8749
2024-04-15 02:57:56 INFO Epoch 111/160	Training Loss: 1.8803	Time remaining is 1h:7m
2024-04-15 02:59:12 INFO Epoch 112/160	Training Loss: 1.8910	Time remaining is 1h:5m
2024-04-15 03:00:28 INFO Epoch 113/160	Training Loss: 1.8907	Time remaining is 1h:4m
2024-04-15 03:01:44 INFO Epoch 114/160	Training Loss: 1.8836	Time remaining is 1h:2m
2024-04-15 03:03:00 INFO Epoch 115/160	Training Loss: 1.8987	Time remaining is 1h:1m
2024-04-15 03:04:26 INFO Testing: dataset_name: market1501 top1:0.9489 top5:0.9863 top10:0.9914 mAP:0.8752
2024-04-15 03:05:42 INFO Epoch 116/160	Training Loss: 1.8908	Time remaining is 1h:0m
2024-04-15 03:06:58 INFO Epoch 117/160	Training Loss: 1.8926	Time remaining is 0h:59m
2024-04-15 03:08:14 INFO Epoch 118/160	Training Loss: 1.8897	Time remaining is 0h:58m
2024-04-15 03:09:30 INFO Epoch 119/160	Training Loss: 1.9001	Time remaining is 0h:56m
2024-04-15 03:10:46 INFO Epoch 120/160	Training Loss: 1.8793	Time remaining is 0h:55m
2024-04-15 03:12:13 INFO Testing: dataset_name: market1501 top1:0.9495 top5:0.9857 top10:0.9908 mAP:0.8767
2024-04-15 03:13:29 INFO Epoch 121/160	Training Loss: 1.8885	Time remaining is 0h:54m
2024-04-15 03:14:44 INFO Epoch 122/160	Training Loss: 1.8885	Time remaining is 0h:53m
2024-04-15 03:16:01 INFO Epoch 123/160	Training Loss: 1.8886	Time remaining is 0h:51m
2024-04-15 03:17:16 INFO Epoch 124/160	Training Loss: 1.8807	Time remaining is 0h:50m
2024-04-15 03:18:32 INFO Epoch 125/160	Training Loss: 1.8898	Time remaining is 0h:48m
2024-04-15 03:19:59 INFO Testing: dataset_name: market1501 top1:0.9495 top5:0.9857 top10:0.9923 mAP:0.8765
2024-04-15 03:21:15 INFO Epoch 126/160	Training Loss: 1.8899	Time remaining is 0h:47m
2024-04-15 03:22:31 INFO Epoch 127/160	Training Loss: 1.8885	Time remaining is 0h:46m
2024-04-15 03:23:47 INFO Epoch 128/160	Training Loss: 1.8879	Time remaining is 0h:45m
2024-04-15 03:25:03 INFO Epoch 129/160	Training Loss: 1.8898	Time remaining is 0h:43m
2024-04-15 03:26:19 INFO Epoch 130/160	Training Loss: 1.8902	Time remaining is 0h:42m
2024-04-15 03:27:45 INFO Testing: dataset_name: market1501 top1:0.9498 top5:0.9855 top10:0.9920 mAP:0.8770
2024-04-15 03:29:01 INFO Epoch 131/160	Training Loss: 1.8800	Time remaining is 0h:41m
2024-04-15 03:30:17 INFO Epoch 132/160	Training Loss: 1.8877	Time remaining is 0h:40m
2024-04-15 03:31:32 INFO Epoch 133/160	Training Loss: 1.8791	Time remaining is 0h:38m
2024-04-15 03:32:48 INFO Epoch 134/160	Training Loss: 1.8889	Time remaining is 0h:37m
2024-04-15 03:34:04 INFO Epoch 135/160	Training Loss: 1.8800	Time remaining is 0h:35m
2024-04-15 03:35:30 INFO Testing: dataset_name: market1501 top1:0.9519 top5:0.9857 top10:0.9923 mAP:0.8784
2024-04-15 03:36:45 INFO Epoch 136/160	Training Loss: 1.8788	Time remaining is 0h:34m
2024-04-15 03:38:01 INFO Epoch 137/160	Training Loss: 1.8877	Time remaining is 0h:33m
2024-04-15 03:39:17 INFO Epoch 138/160	Training Loss: 1.8884	Time remaining is 0h:31m
2024-04-15 03:40:33 INFO Epoch 139/160	Training Loss: 1.8775	Time remaining is 0h:30m
2024-04-15 03:41:49 INFO Epoch 140/160	Training Loss: 1.8872	Time remaining is 0h:29m
2024-04-15 03:43:16 INFO Testing: dataset_name: market1501 top1:0.9528 top5:0.9866 top10:0.9914 mAP:0.8779
2024-04-15 03:44:32 INFO Epoch 141/160	Training Loss: 1.8877	Time remaining is 0h:28m
2024-04-15 03:45:48 INFO Epoch 142/160	Training Loss: 1.8861	Time remaining is 0h:26m
2024-04-15 03:47:04 INFO Epoch 143/160	Training Loss: 1.8877	Time remaining is 0h:25m
2024-04-15 03:48:20 INFO Epoch 144/160	Training Loss: 1.8856	Time remaining is 0h:23m
2024-04-15 03:49:36 INFO Epoch 145/160	Training Loss: 1.8876	Time remaining is 0h:22m
2024-04-15 03:51:02 INFO Testing: dataset_name: market1501 top1:0.9498 top5:0.9849 top10:0.9923 mAP:0.8785
2024-04-15 03:52:18 INFO Epoch 146/160	Training Loss: 1.8857	Time remaining is 0h:21m
2024-04-15 03:53:34 INFO Epoch 147/160	Training Loss: 1.8861	Time remaining is 0h:19m
2024-04-15 03:54:50 INFO Epoch 148/160	Training Loss: 1.8874	Time remaining is 0h:18m
2024-04-15 03:56:06 INFO Epoch 149/160	Training Loss: 1.8956	Time remaining is 0h:17m
2024-04-15 03:57:22 INFO Epoch 150/160	Training Loss: 1.8761	Time remaining is 0h:15m
2024-04-15 03:58:49 INFO Testing: dataset_name: market1501 top1:0.9513 top5:0.9855 top10:0.9917 mAP:0.8788
2024-04-15 04:00:05 INFO Epoch 151/160	Training Loss: 1.8857	Time remaining is 0h:14m
2024-04-15 04:01:21 INFO Epoch 152/160	Training Loss: 1.8844	Time remaining is 0h:12m
2024-04-15 04:02:37 INFO Epoch 153/160	Training Loss: 1.8849	Time remaining is 0h:11m
2024-04-15 04:03:53 INFO Epoch 154/160	Training Loss: 1.8856	Time remaining is 0h:10m
2024-04-15 04:05:09 INFO Epoch 155/160	Training Loss: 1.8869	Time remaining is 0h:8m
2024-04-15 04:06:36 INFO Testing: dataset_name: market1501 top1:0.9534 top5:0.9849 top10:0.9911 mAP:0.8804
2024-04-15 04:07:51 INFO Epoch 156/160	Training Loss: 1.8772	Time remaining is 0h:7m
2024-04-15 04:09:07 INFO Epoch 157/160	Training Loss: 1.8855	Time remaining is 0h:6m
2024-04-15 04:10:23 INFO Epoch 158/160	Training Loss: 1.8764	Time remaining is 0h:4m
2024-04-15 04:11:39 INFO Epoch 159/160	Training Loss: 1.8848	Time remaining is 0h:3m
2024-04-15 04:12:55 INFO Epoch 160/160	Training Loss: 1.8742	Time remaining is 0h:1m
2024-04-15 04:14:22 INFO Testing: dataset_name: market1501 top1:0.9498 top5:0.9843 top10:0.9914 mAP:0.8790
2024-04-15 04:14:22 INFO The running time of training: 1.34447e+04 s
