2024-03-20 03:05:50 INFO ##################################################
2024-03-20 03:05:50 INFO Config values: batch_size: 60	current_directory: /home/hy/project/reid/ex_main4	dataset_name: market1501	dataset_path: /home/hy/project/data/Market-1501-v15.09.15	device: cuda	dtype: torch.float32	epoch_start_test: 90	epochs: 120	img_height: 256	img_width: 128	logs_outputs_path: /home/hy/project/reid/ex_main4/./outputs/logs	models_outputs_path: /home/hy/project/reid/ex_main4/./outputs/models	np: <module 'numpy' from '/home/hy/anaconda3/envs/py396/lib/python3.9/site-packages/numpy/__init__.py'>	os: <module 'os' from '/home/hy/anaconda3/envs/py396/lib/python3.9/os.py'>	outputs_dir: ./outputs/	outputs_path: /home/hy/project/reid/ex_main4/./outputs/	print_every: 1	seed: 1	taskname: ReID_Task	temps_outputs_path: /home/hy/project/reid/ex_main4/./outputs/temps	test_batch_size: 256	test_every: 5	torch: <module 'torch' from '/home/hy/anaconda3/envs/py396/lib/python3.9/site-packages/torch/__init__.py'>
2024-03-20 03:05:50 INFO Task: ReID_Task
2024-03-20 03:05:50 INFO Using device: cuda
2024-03-20 03:05:50 INFO Using data type: torch.float32
2024-03-20 03:05:50 INFO Number of GPUs: 1
2024-03-20 03:05:50 INFO GPU is_available: True
2024-03-20 03:05:50 INFO GPU name: NVIDIA GeForce RTX 3060
2024-03-20 03:05:50 INFO CUDA version: 12.1
2024-03-20 03:05:50 INFO Current device id: 0
2024-03-20 03:05:50 INFO ##################################################
2024-03-20 03:07:21 INFO Epoch 1/120	Training Loss: 10.2557	Time remaining is 3h:1m
2024-03-20 03:08:51 INFO Epoch 2/120	Training Loss: 8.7580	Time remaining is 2h:58m
2024-03-20 03:10:20 INFO Epoch 3/120	Training Loss: 6.8249	Time remaining is 2h:56m
2024-03-20 03:11:50 INFO Epoch 4/120	Training Loss: 5.2699	Time remaining is 2h:55m
2024-03-20 03:13:19 INFO Epoch 5/120	Training Loss: 4.0941	Time remaining is 2h:53m
2024-03-20 03:14:48 INFO Epoch 6/120	Training Loss: 3.3234	Time remaining is 2h:52m
2024-03-20 03:16:17 INFO Epoch 7/120	Training Loss: 2.9030	Time remaining is 2h:50m
2024-03-20 03:17:46 INFO Epoch 8/120	Training Loss: 2.6930	Time remaining is 2h:48m
2024-03-20 03:19:15 INFO Epoch 9/120	Training Loss: 2.5654	Time remaining is 2h:47m
2024-03-20 03:20:44 INFO Epoch 10/120	Training Loss: 2.4815	Time remaining is 2h:45m
2024-03-20 03:22:13 INFO Epoch 11/120	Training Loss: 2.4405	Time remaining is 2h:44m
2024-03-20 03:23:43 INFO Epoch 12/120	Training Loss: 2.3885	Time remaining is 2h:42m
2024-03-20 03:25:12 INFO Epoch 13/120	Training Loss: 2.3421	Time remaining is 2h:41m
2024-03-20 03:26:42 INFO Epoch 14/120	Training Loss: 2.3230	Time remaining is 2h:39m
2024-03-20 03:28:12 INFO Epoch 15/120	Training Loss: 2.2945	Time remaining is 2h:38m
2024-03-20 03:29:41 INFO Epoch 16/120	Training Loss: 2.2762	Time remaining is 2h:36m
2024-03-20 03:31:10 INFO Epoch 17/120	Training Loss: 2.2636	Time remaining is 2h:35m
2024-03-20 03:32:39 INFO Epoch 18/120	Training Loss: 2.2558	Time remaining is 2h:33m
2024-03-20 03:34:08 INFO Epoch 19/120	Training Loss: 2.2559	Time remaining is 2h:32m
2024-03-20 03:35:38 INFO Epoch 20/120	Training Loss: 2.2478	Time remaining is 2h:30m
2024-03-20 03:37:07 INFO Epoch 21/120	Training Loss: 2.2461	Time remaining is 2h:29m
2024-03-20 03:38:36 INFO Epoch 22/120	Training Loss: 2.2346	Time remaining is 2h:27m
2024-03-20 03:40:04 INFO Epoch 23/120	Training Loss: 2.2351	Time remaining is 2h:26m
2024-03-20 03:41:34 INFO Epoch 24/120	Training Loss: 2.2443	Time remaining is 2h:24m
2024-03-20 03:43:03 INFO Epoch 25/120	Training Loss: 2.2428	Time remaining is 2h:23m
2024-03-20 03:44:33 INFO Epoch 26/120	Training Loss: 2.2627	Time remaining is 2h:21m
2024-03-20 03:46:03 INFO Epoch 27/120	Training Loss: 2.2585	Time remaining is 2h:20m
2024-03-20 03:47:31 INFO Epoch 28/120	Training Loss: 2.2426	Time remaining is 2h:18m
2024-03-20 03:49:00 INFO Epoch 29/120	Training Loss: 2.2232	Time remaining is 2h:17m
2024-03-20 03:50:29 INFO Epoch 30/120	Training Loss: 2.2344	Time remaining is 2h:15m
2024-03-20 03:51:58 INFO Epoch 31/120	Training Loss: 2.2316	Time remaining is 2h:14m
2024-03-20 03:53:27 INFO Epoch 32/120	Training Loss: 2.2285	Time remaining is 2h:12m
2024-03-20 03:54:56 INFO Epoch 33/120	Training Loss: 2.2281	Time remaining is 2h:11m
2024-03-20 03:56:26 INFO Epoch 34/120	Training Loss: 2.2379	Time remaining is 2h:9m
2024-03-20 03:57:55 INFO Epoch 35/120	Training Loss: 2.2303	Time remaining is 2h:8m
2024-03-20 03:59:24 INFO Epoch 36/120	Training Loss: 2.2300	Time remaining is 2h:6m
2024-03-20 04:00:54 INFO Epoch 37/120	Training Loss: 2.2171	Time remaining is 2h:5m
2024-03-20 04:02:23 INFO Epoch 38/120	Training Loss: 2.2360	Time remaining is 2h:3m
2024-03-20 04:03:52 INFO Epoch 39/120	Training Loss: 2.2350	Time remaining is 2h:2m
2024-03-20 04:05:21 INFO Epoch 40/120	Training Loss: 2.2252	Time remaining is 2h:0m
2024-03-20 04:06:51 INFO Epoch 41/120	Training Loss: 2.1580	Time remaining is 1h:59m
2024-03-20 04:08:20 INFO Epoch 42/120	Training Loss: 2.0790	Time remaining is 1h:58m
2024-03-20 04:09:49 INFO Epoch 43/120	Training Loss: 2.0738	Time remaining is 1h:56m
2024-03-20 04:11:18 INFO Epoch 44/120	Training Loss: 2.0648	Time remaining is 1h:55m
2024-03-20 04:12:48 INFO Epoch 45/120	Training Loss: 2.0595	Time remaining is 1h:53m
2024-03-20 04:14:17 INFO Epoch 46/120	Training Loss: 2.0520	Time remaining is 1h:52m
2024-03-20 04:15:46 INFO Epoch 47/120	Training Loss: 2.0391	Time remaining is 1h:50m
2024-03-20 04:17:15 INFO Epoch 48/120	Training Loss: 2.0493	Time remaining is 1h:49m
2024-03-20 04:18:44 INFO Epoch 49/120	Training Loss: 2.0358	Time remaining is 1h:47m
2024-03-20 04:20:14 INFO Epoch 50/120	Training Loss: 2.0420	Time remaining is 1h:46m
2024-03-20 04:21:43 INFO Epoch 51/120	Training Loss: 2.0285	Time remaining is 1h:44m
2024-03-20 04:23:12 INFO Epoch 52/120	Training Loss: 2.0365	Time remaining is 1h:43m
2024-03-20 04:24:41 INFO Epoch 53/120	Training Loss: 2.0371	Time remaining is 1h:41m
2024-03-20 04:26:11 INFO Epoch 54/120	Training Loss: 2.0328	Time remaining is 1h:40m
2024-03-20 04:27:40 INFO Epoch 55/120	Training Loss: 2.0344	Time remaining is 1h:38m
2024-03-20 04:29:10 INFO Epoch 56/120	Training Loss: 2.0300	Time remaining is 1h:37m
2024-03-20 04:30:38 INFO Epoch 57/120	Training Loss: 2.0184	Time remaining is 1h:35m
2024-03-20 04:32:08 INFO Epoch 58/120	Training Loss: 2.0299	Time remaining is 1h:34m
2024-03-20 04:33:37 INFO Epoch 59/120	Training Loss: 2.0294	Time remaining is 1h:32m
2024-03-20 04:35:07 INFO Epoch 60/120	Training Loss: 2.0231	Time remaining is 1h:31m
2024-03-20 04:36:36 INFO Epoch 61/120	Training Loss: 2.0268	Time remaining is 1h:29m
2024-03-20 04:38:06 INFO Epoch 62/120	Training Loss: 2.0221	Time remaining is 1h:28m
2024-03-20 04:39:35 INFO Epoch 63/120	Training Loss: 2.0208	Time remaining is 1h:26m
2024-03-20 04:41:04 INFO Epoch 64/120	Training Loss: 2.0193	Time remaining is 1h:25m
2024-03-20 04:42:34 INFO Epoch 65/120	Training Loss: 2.0181	Time remaining is 1h:23m
2024-03-20 04:44:03 INFO Epoch 66/120	Training Loss: 2.0190	Time remaining is 1h:22m
2024-03-20 04:45:33 INFO Epoch 67/120	Training Loss: 2.0271	Time remaining is 1h:20m
2024-03-20 04:47:02 INFO Epoch 68/120	Training Loss: 2.0165	Time remaining is 1h:19m
2024-03-20 04:48:31 INFO Epoch 69/120	Training Loss: 2.0092	Time remaining is 1h:17m
2024-03-20 04:50:00 INFO Epoch 70/120	Training Loss: 2.0134	Time remaining is 1h:16m
2024-03-20 04:51:30 INFO Epoch 71/120	Training Loss: 2.0087	Time remaining is 1h:14m
2024-03-20 04:52:59 INFO Epoch 72/120	Training Loss: 2.0043	Time remaining is 1h:13m
2024-03-20 04:54:28 INFO Epoch 73/120	Training Loss: 2.0036	Time remaining is 1h:11m
2024-03-20 04:55:57 INFO Epoch 74/120	Training Loss: 1.9946	Time remaining is 1h:10m
2024-03-20 04:57:26 INFO Epoch 75/120	Training Loss: 1.9935	Time remaining is 1h:8m
2024-03-20 04:58:55 INFO Epoch 76/120	Training Loss: 1.9892	Time remaining is 1h:7m
2024-03-20 05:00:24 INFO Epoch 77/120	Training Loss: 2.0021	Time remaining is 1h:5m
2024-03-20 05:01:53 INFO Epoch 78/120	Training Loss: 1.9883	Time remaining is 1h:4m
2024-03-20 05:03:22 INFO Epoch 79/120	Training Loss: 1.9986	Time remaining is 1h:2m
2024-03-20 05:04:52 INFO Epoch 80/120	Training Loss: 1.9985	Time remaining is 1h:1m
2024-03-20 05:06:21 INFO Epoch 81/120	Training Loss: 1.9985	Time remaining is 0h:60m
2024-03-20 05:07:51 INFO Epoch 82/120	Training Loss: 1.9986	Time remaining is 0h:58m
2024-03-20 05:09:20 INFO Epoch 83/120	Training Loss: 1.9967	Time remaining is 0h:57m
2024-03-20 05:10:49 INFO Epoch 84/120	Training Loss: 1.9971	Time remaining is 0h:55m
2024-03-20 05:12:19 INFO Epoch 85/120	Training Loss: 1.9993	Time remaining is 0h:54m
2024-03-20 05:13:48 INFO Epoch 86/120	Training Loss: 1.9991	Time remaining is 0h:52m
2024-03-20 05:15:18 INFO Epoch 87/120	Training Loss: 1.9970	Time remaining is 0h:51m
2024-03-20 05:16:46 INFO Epoch 88/120	Training Loss: 1.9850	Time remaining is 0h:49m
2024-03-20 05:18:16 INFO Epoch 89/120	Training Loss: 1.9965	Time remaining is 0h:48m
2024-03-20 05:19:45 INFO Epoch 90/120	Training Loss: 1.9947	Time remaining is 0h:46m
2024-03-20 05:20:30 INFO Testing: dataset_name: market1501 top1:0.9531 top5:0.9840 top10:0.9911 mAP:0.8798
2024-03-20 05:22:00 INFO Epoch 91/120	Training Loss: 1.9955	Time remaining is 0h:45m
2024-03-20 05:23:29 INFO Epoch 92/120	Training Loss: 1.9868	Time remaining is 0h:43m
2024-03-20 05:24:58 INFO Epoch 93/120	Training Loss: 1.9975	Time remaining is 0h:42m
2024-03-20 05:26:27 INFO Epoch 94/120	Training Loss: 1.9958	Time remaining is 0h:40m
2024-03-20 05:27:56 INFO Epoch 95/120	Training Loss: 1.9855	Time remaining is 0h:39m
2024-03-20 05:28:41 INFO Testing: dataset_name: market1501 top1:0.9543 top5:0.9837 top10:0.9920 mAP:0.8806
2024-03-20 05:30:10 INFO Epoch 96/120	Training Loss: 1.9951	Time remaining is 0h:38m
2024-03-20 05:31:39 INFO Epoch 97/120	Training Loss: 1.9830	Time remaining is 0h:36m
2024-03-20 05:33:08 INFO Epoch 98/120	Training Loss: 1.9978	Time remaining is 0h:35m
2024-03-20 05:34:38 INFO Epoch 99/120	Training Loss: 1.9945	Time remaining is 0h:33m
2024-03-20 05:36:07 INFO Epoch 100/120	Training Loss: 1.9918	Time remaining is 0h:32m
2024-03-20 05:36:52 INFO Testing: dataset_name: market1501 top1:0.9537 top5:0.9846 top10:0.9914 mAP:0.8806
2024-03-20 05:38:22 INFO Epoch 101/120	Training Loss: 1.9966	Time remaining is 0h:30m
2024-03-20 05:39:51 INFO Epoch 102/120	Training Loss: 1.9942	Time remaining is 0h:29m
2024-03-20 05:41:20 INFO Epoch 103/120	Training Loss: 1.9927	Time remaining is 0h:27m
2024-03-20 05:42:49 INFO Epoch 104/120	Training Loss: 1.9917	Time remaining is 0h:26m
2024-03-20 05:44:19 INFO Epoch 105/120	Training Loss: 2.0035	Time remaining is 0h:24m
2024-03-20 05:45:04 INFO Testing: dataset_name: market1501 top1:0.9540 top5:0.9852 top10:0.9908 mAP:0.8796
2024-03-20 05:46:34 INFO Epoch 106/120	Training Loss: 1.9943	Time remaining is 0h:23m
2024-03-20 05:48:03 INFO Epoch 107/120	Training Loss: 1.9828	Time remaining is 0h:21m
2024-03-20 05:49:32 INFO Epoch 108/120	Training Loss: 1.9950	Time remaining is 0h:20m
2024-03-20 05:51:01 INFO Epoch 109/120	Training Loss: 1.9918	Time remaining is 0h:18m
2024-03-20 05:52:31 INFO Epoch 110/120	Training Loss: 1.9909	Time remaining is 0h:17m
2024-03-20 05:53:16 INFO Testing: dataset_name: market1501 top1:0.9537 top5:0.9849 top10:0.9914 mAP:0.8801
2024-03-20 05:54:45 INFO Epoch 111/120	Training Loss: 1.9808	Time remaining is 0h:15m
2024-03-20 05:56:14 INFO Epoch 112/120	Training Loss: 1.9898	Time remaining is 0h:14m
2024-03-20 05:57:43 INFO Epoch 113/120	Training Loss: 1.9903	Time remaining is 0h:12m
2024-03-20 05:59:12 INFO Epoch 114/120	Training Loss: 1.9826	Time remaining is 0h:11m
2024-03-20 06:00:42 INFO Epoch 115/120	Training Loss: 2.0003	Time remaining is 0h:9m
2024-03-20 06:01:27 INFO Testing: dataset_name: market1501 top1:0.9534 top5:0.9849 top10:0.9920 mAP:0.8810
2024-03-20 06:02:56 INFO Epoch 116/120	Training Loss: 1.9913	Time remaining is 0h:8m
2024-03-20 06:04:26 INFO Epoch 117/120	Training Loss: 1.9920	Time remaining is 0h:6m
2024-03-20 06:05:55 INFO Epoch 118/120	Training Loss: 1.9909	Time remaining is 0h:5m
2024-03-20 06:07:25 INFO Epoch 119/120	Training Loss: 2.0014	Time remaining is 0h:3m
2024-03-20 06:08:54 INFO Epoch 120/120	Training Loss: 1.9800	Time remaining is 0h:2m
2024-03-20 06:09:39 INFO Testing: dataset_name: market1501 top1:0.9540 top5:0.9843 top10:0.9914 mAP:0.8818
2024-03-20 06:09:39 INFO The running time of training: 1.10291e+04 s
