2024-07-26 10:04:02 INFO ##################################################
2024-07-26 10:04:02 INFO Config values: batch_size: 60	current_directory: /home/hy/project/reid_task/ex_001_9	dataset_name: market1501	dataset_path: /home/hy/project/data/Market-1501-v15.09.15	device: cuda	dtype: torch.float32	epoch_start_test: 90	epochs: 300	img_height: 256	img_width: 128	logs_outputs_path: /home/hy/project/reid_task/ex_001_9/./outputs/logs	models_outputs_path: /home/hy/project/reid_task/ex_001_9/./outputs/models	np: <module 'numpy' from '/home/hy/anaconda3/envs/py396/lib/python3.9/site-packages/numpy/__init__.py'>	os: <module 'os' from '/home/hy/anaconda3/envs/py396/lib/python3.9/os.py'>	outputs_dir: ./outputs/	outputs_path: /home/hy/project/reid_task/ex_001_9/./outputs/	print_every: 1	seed: 1	taskname: ReID_Task	temps_outputs_path: /home/hy/project/reid_task/ex_001_9/./outputs/temps	test_batch_size: 256	test_every: 5	torch: <module 'torch' from '/home/hy/anaconda3/envs/py396/lib/python3.9/site-packages/torch/__init__.py'>
2024-07-26 10:04:02 INFO Task: ReID_Task
2024-07-26 10:04:02 INFO Using device: cuda
2024-07-26 10:04:02 INFO Using data type: torch.float32
2024-07-26 10:04:02 INFO Number of GPUs: 1
2024-07-26 10:04:02 INFO GPU is_available: True
2024-07-26 10:04:02 INFO GPU name: NVIDIA GeForce RTX 3060
2024-07-26 10:04:02 INFO CUDA version: 12.1
2024-07-26 10:04:02 INFO Current device id: 0
2024-07-26 10:04:02 INFO ##################################################
2024-07-26 10:05:04 INFO Epoch 1/300	Training Loss: 14.2406	Time remaining is 5h:7m
2024-07-26 10:06:06 INFO Epoch 2/300	Training Loss: 13.0468	Time remaining is 5h:6m
2024-07-26 10:07:07 INFO Epoch 3/300	Training Loss: 11.3243	Time remaining is 5h:5m
2024-07-26 10:08:09 INFO Epoch 4/300	Training Loss: 9.8201	Time remaining is 5h:4m
2024-07-26 10:09:10 INFO Epoch 5/300	Training Loss: 8.5339	Time remaining is 5h:3m
2024-07-26 10:10:11 INFO Epoch 6/300	Training Loss: 7.5708	Time remaining is 5h:2m
2024-07-26 10:11:12 INFO Epoch 7/300	Training Loss: 6.8851	Time remaining is 5h:0m
2024-07-26 10:12:13 INFO Epoch 8/300	Training Loss: 6.3520	Time remaining is 4h:59m
2024-07-26 10:13:14 INFO Epoch 9/300	Training Loss: 5.8215	Time remaining is 4h:58m
2024-07-26 10:14:15 INFO Epoch 10/300	Training Loss: 5.1699	Time remaining is 4h:57m
2024-07-26 10:15:16 INFO Epoch 11/300	Training Loss: 4.5210	Time remaining is 4h:56m
2024-07-26 10:16:17 INFO Epoch 12/300	Training Loss: 3.8301	Time remaining is 4h:55m
2024-07-26 10:17:19 INFO Epoch 13/300	Training Loss: 3.1875	Time remaining is 4h:54m
2024-07-26 10:18:21 INFO Epoch 14/300	Training Loss: 2.6869	Time remaining is 4h:53m
2024-07-26 10:19:22 INFO Epoch 15/300	Training Loss: 2.2979	Time remaining is 4h:52m
2024-07-26 10:20:23 INFO Epoch 16/300	Training Loss: 2.0337	Time remaining is 4h:51m
2024-07-26 10:21:24 INFO Epoch 17/300	Training Loss: 1.8437	Time remaining is 4h:50m
2024-07-26 10:22:25 INFO Epoch 18/300	Training Loss: 1.7011	Time remaining is 4h:49m
2024-07-26 10:23:26 INFO Epoch 19/300	Training Loss: 1.6240	Time remaining is 4h:48m
2024-07-26 10:24:27 INFO Epoch 20/300	Training Loss: 1.5493	Time remaining is 4h:47m
2024-07-26 10:25:28 INFO Epoch 21/300	Training Loss: 1.5003	Time remaining is 4h:46m
2024-07-26 10:26:29 INFO Epoch 22/300	Training Loss: 1.4611	Time remaining is 4h:44m
2024-07-26 10:27:30 INFO Epoch 23/300	Training Loss: 1.3923	Time remaining is 4h:43m
2024-07-26 10:28:31 INFO Epoch 24/300	Training Loss: 1.3460	Time remaining is 4h:42m
2024-07-26 10:29:33 INFO Epoch 25/300	Training Loss: 1.3145	Time remaining is 4h:41m
2024-07-26 10:30:34 INFO Epoch 26/300	Training Loss: 1.3042	Time remaining is 4h:41m
2024-07-26 10:31:36 INFO Epoch 27/300	Training Loss: 1.2900	Time remaining is 4h:40m
2024-07-26 10:32:36 INFO Epoch 28/300	Training Loss: 1.2777	Time remaining is 4h:38m
2024-07-26 10:33:37 INFO Epoch 29/300	Training Loss: 1.2700	Time remaining is 4h:37m
2024-07-26 10:34:39 INFO Epoch 30/300	Training Loss: 1.2686	Time remaining is 4h:36m
2024-07-26 10:35:40 INFO Epoch 31/300	Training Loss: 1.2554	Time remaining is 4h:35m
2024-07-26 10:36:41 INFO Epoch 32/300	Training Loss: 1.2527	Time remaining is 4h:34m
2024-07-26 10:37:42 INFO Epoch 33/300	Training Loss: 1.2404	Time remaining is 4h:33m
2024-07-26 10:38:43 INFO Epoch 34/300	Training Loss: 1.2515	Time remaining is 4h:32m
2024-07-26 10:39:45 INFO Epoch 35/300	Training Loss: 1.2522	Time remaining is 4h:31m
2024-07-26 10:40:46 INFO Epoch 36/300	Training Loss: 1.2363	Time remaining is 4h:30m
2024-07-26 10:41:48 INFO Epoch 37/300	Training Loss: 1.2361	Time remaining is 4h:29m
2024-07-26 10:42:49 INFO Epoch 38/300	Training Loss: 1.2554	Time remaining is 4h:28m
2024-07-26 10:43:51 INFO Epoch 39/300	Training Loss: 1.2435	Time remaining is 4h:27m
2024-07-26 10:44:52 INFO Epoch 40/300	Training Loss: 1.2273	Time remaining is 4h:26m
2024-07-26 10:45:53 INFO Epoch 41/300	Training Loss: 1.1518	Time remaining is 4h:25m
2024-07-26 10:46:54 INFO Epoch 42/300	Training Loss: 1.0780	Time remaining is 4h:24m
2024-07-26 10:47:56 INFO Epoch 43/300	Training Loss: 1.0610	Time remaining is 4h:23m
2024-07-26 10:48:57 INFO Epoch 44/300	Training Loss: 1.0529	Time remaining is 4h:22m
2024-07-26 10:49:58 INFO Epoch 45/300	Training Loss: 1.0479	Time remaining is 4h:21m
2024-07-26 10:51:00 INFO Epoch 46/300	Training Loss: 1.0403	Time remaining is 4h:20m
2024-07-26 10:52:01 INFO Epoch 47/300	Training Loss: 1.0324	Time remaining is 4h:19m
2024-07-26 10:53:02 INFO Epoch 48/300	Training Loss: 1.0360	Time remaining is 4h:18m
2024-07-26 10:54:03 INFO Epoch 49/300	Training Loss: 1.0262	Time remaining is 4h:17m
2024-07-26 10:55:05 INFO Epoch 50/300	Training Loss: 1.0284	Time remaining is 4h:16m
2024-07-26 10:56:06 INFO Epoch 51/300	Training Loss: 1.0210	Time remaining is 4h:15m
2024-07-26 10:57:07 INFO Epoch 52/300	Training Loss: 1.0228	Time remaining is 4h:14m
2024-07-26 10:58:08 INFO Epoch 53/300	Training Loss: 1.0229	Time remaining is 4h:13m
2024-07-26 10:59:10 INFO Epoch 54/300	Training Loss: 1.0183	Time remaining is 4h:12m
2024-07-26 11:00:11 INFO Epoch 55/300	Training Loss: 1.0236	Time remaining is 4h:11m
2024-07-26 11:01:13 INFO Epoch 56/300	Training Loss: 1.0206	Time remaining is 4h:10m
2024-07-26 11:02:14 INFO Epoch 57/300	Training Loss: 1.0091	Time remaining is 4h:9m
2024-07-26 11:03:15 INFO Epoch 58/300	Training Loss: 1.0164	Time remaining is 4h:8m
2024-07-26 11:04:16 INFO Epoch 59/300	Training Loss: 1.0153	Time remaining is 4h:7m
2024-07-26 11:05:18 INFO Epoch 60/300	Training Loss: 1.0156	Time remaining is 4h:6m
2024-07-26 11:06:19 INFO Epoch 61/300	Training Loss: 1.0164	Time remaining is 4h:5m
2024-07-26 11:07:21 INFO Epoch 62/300	Training Loss: 1.0102	Time remaining is 4h:4m
2024-07-26 11:08:22 INFO Epoch 63/300	Training Loss: 1.0129	Time remaining is 4h:3m
2024-07-26 11:09:23 INFO Epoch 64/300	Training Loss: 1.0120	Time remaining is 4h:2m
2024-07-26 11:10:25 INFO Epoch 65/300	Training Loss: 1.0087	Time remaining is 4h:1m
2024-07-26 11:11:26 INFO Epoch 66/300	Training Loss: 1.0097	Time remaining is 3h:60m
2024-07-26 11:12:28 INFO Epoch 67/300	Training Loss: 1.0146	Time remaining is 3h:59m
2024-07-26 11:13:30 INFO Epoch 68/300	Training Loss: 1.0075	Time remaining is 3h:58m
2024-07-26 11:14:31 INFO Epoch 69/300	Training Loss: 1.0040	Time remaining is 3h:57m
2024-07-26 11:15:32 INFO Epoch 70/300	Training Loss: 1.0053	Time remaining is 3h:56m
2024-07-26 11:16:33 INFO Epoch 71/300	Training Loss: 1.0038	Time remaining is 3h:55m
2024-07-26 11:17:35 INFO Epoch 72/300	Training Loss: 0.9981	Time remaining is 3h:54m
2024-07-26 11:18:36 INFO Epoch 73/300	Training Loss: 0.9943	Time remaining is 3h:53m
2024-07-26 11:19:37 INFO Epoch 74/300	Training Loss: 0.9898	Time remaining is 3h:52m
2024-07-26 11:20:38 INFO Epoch 75/300	Training Loss: 0.9897	Time remaining is 3h:51m
2024-07-26 11:21:39 INFO Epoch 76/300	Training Loss: 0.9869	Time remaining is 3h:50m
2024-07-26 11:22:40 INFO Epoch 77/300	Training Loss: 0.9939	Time remaining is 3h:49m
2024-07-26 11:23:42 INFO Epoch 78/300	Training Loss: 0.9874	Time remaining is 3h:48m
2024-07-26 11:24:43 INFO Epoch 79/300	Training Loss: 0.9908	Time remaining is 3h:47m
2024-07-26 11:25:44 INFO Epoch 80/300	Training Loss: 0.9924	Time remaining is 3h:46m
2024-07-26 11:26:45 INFO Epoch 81/300	Training Loss: 0.9909	Time remaining is 3h:45m
2024-07-26 11:27:47 INFO Epoch 82/300	Training Loss: 0.9924	Time remaining is 3h:44m
2024-07-26 11:28:48 INFO Epoch 83/300	Training Loss: 0.9888	Time remaining is 3h:43m
2024-07-26 11:29:49 INFO Epoch 84/300	Training Loss: 0.9879	Time remaining is 3h:42m
2024-07-26 11:30:50 INFO Epoch 85/300	Training Loss: 0.9912	Time remaining is 3h:41m
2024-07-26 11:31:52 INFO Epoch 86/300	Training Loss: 0.9903	Time remaining is 3h:40m
2024-07-26 11:32:53 INFO Epoch 87/300	Training Loss: 0.9883	Time remaining is 3h:39m
2024-07-26 11:33:54 INFO Epoch 88/300	Training Loss: 0.9816	Time remaining is 3h:37m
2024-07-26 11:34:55 INFO Epoch 89/300	Training Loss: 0.9869	Time remaining is 3h:36m
2024-07-26 11:35:57 INFO Epoch 90/300	Training Loss: 0.9866	Time remaining is 3h:35m
2024-07-26 11:37:10 INFO Testing: dataset_name: market1501 top1: 94.210 top5: 98.219 top10: 98.961 mAP: 84.959
2024-07-26 11:38:12 INFO Epoch 91/300	Training Loss: 0.9886	Time remaining is 3h:37m
2024-07-26 11:39:13 INFO Epoch 92/300	Training Loss: 0.9830	Time remaining is 3h:36m
2024-07-26 11:40:15 INFO Epoch 93/300	Training Loss: 0.9904	Time remaining is 3h:35m
2024-07-26 11:41:16 INFO Epoch 94/300	Training Loss: 0.9863	Time remaining is 3h:34m
2024-07-26 11:42:17 INFO Epoch 95/300	Training Loss: 0.9806	Time remaining is 3h:33m
2024-07-26 11:43:30 INFO Testing: dataset_name: market1501 top1: 94.329 top5: 98.337 top10: 98.931 mAP: 85.077
2024-07-26 11:44:31 INFO Epoch 96/300	Training Loss: 0.9867	Time remaining is 3h:35m
2024-07-26 11:45:33 INFO Epoch 97/300	Training Loss: 0.9792	Time remaining is 3h:33m
2024-07-26 11:46:34 INFO Epoch 98/300	Training Loss: 0.9897	Time remaining is 3h:32m
2024-07-26 11:47:36 INFO Epoch 99/300	Training Loss: 0.9862	Time remaining is 3h:31m
2024-07-26 11:48:38 INFO Epoch 100/300	Training Loss: 0.9829	Time remaining is 3h:30m
2024-07-26 11:49:50 INFO Testing: dataset_name: market1501 top1: 94.359 top5: 98.278 top10: 98.990 mAP: 85.182
2024-07-26 11:50:52 INFO Epoch 101/300	Training Loss: 0.9865	Time remaining is 3h:32m
2024-07-26 11:51:53 INFO Epoch 102/300	Training Loss: 0.9868	Time remaining is 3h:30m
2024-07-26 11:52:55 INFO Epoch 103/300	Training Loss: 0.9836	Time remaining is 3h:29m
2024-07-26 11:53:56 INFO Epoch 104/300	Training Loss: 0.9836	Time remaining is 3h:28m
2024-07-26 11:54:58 INFO Epoch 105/300	Training Loss: 0.9892	Time remaining is 3h:27m
2024-07-26 11:56:11 INFO Testing: dataset_name: market1501 top1: 94.596 top5: 98.367 top10: 98.842 mAP: 85.239
2024-07-26 11:57:12 INFO Epoch 106/300	Training Loss: 0.9869	Time remaining is 3h:28m
2024-07-26 11:58:13 INFO Epoch 107/300	Training Loss: 0.9791	Time remaining is 3h:27m
2024-07-26 11:59:15 INFO Epoch 108/300	Training Loss: 0.9852	Time remaining is 3h:26m
2024-07-26 12:00:16 INFO Epoch 109/300	Training Loss: 0.9839	Time remaining is 3h:25m
2024-07-26 12:01:18 INFO Epoch 110/300	Training Loss: 0.9845	Time remaining is 3h:24m
2024-07-26 12:02:31 INFO Testing: dataset_name: market1501 top1: 94.596 top5: 98.337 top10: 98.931 mAP: 85.320
2024-07-26 12:03:32 INFO Epoch 111/300	Training Loss: 0.9786	Time remaining is 3h:25m
2024-07-26 12:04:33 INFO Epoch 112/300	Training Loss: 0.9843	Time remaining is 3h:23m
2024-07-26 12:05:35 INFO Epoch 113/300	Training Loss: 0.9836	Time remaining is 3h:22m
2024-07-26 12:06:36 INFO Epoch 114/300	Training Loss: 0.9799	Time remaining is 3h:21m
2024-07-26 12:07:38 INFO Epoch 115/300	Training Loss: 0.9866	Time remaining is 3h:20m
2024-07-26 12:08:51 INFO Testing: dataset_name: market1501 top1: 94.418 top5: 98.278 top10: 98.961 mAP: 85.403
2024-07-26 12:09:52 INFO Epoch 116/300	Training Loss: 0.9817	Time remaining is 3h:21m
2024-07-26 12:10:54 INFO Epoch 117/300	Training Loss: 0.9837	Time remaining is 3h:19m
2024-07-26 12:11:55 INFO Epoch 118/300	Training Loss: 0.9828	Time remaining is 3h:18m
2024-07-26 12:12:57 INFO Epoch 119/300	Training Loss: 0.9884	Time remaining is 3h:17m
2024-07-26 12:13:58 INFO Epoch 120/300	Training Loss: 0.9792	Time remaining is 3h:16m
2024-07-26 12:15:11 INFO Testing: dataset_name: market1501 top1: 94.507 top5: 98.337 top10: 98.872 mAP: 85.516
2024-07-26 12:16:13 INFO Epoch 121/300	Training Loss: 0.9826	Time remaining is 3h:17m
2024-07-26 12:17:14 INFO Epoch 122/300	Training Loss: 0.9806	Time remaining is 3h:15m
2024-07-26 12:18:15 INFO Epoch 123/300	Training Loss: 0.9812	Time remaining is 3h:14m
2024-07-26 12:19:17 INFO Epoch 124/300	Training Loss: 0.9775	Time remaining is 3h:13m
2024-07-26 12:20:18 INFO Epoch 125/300	Training Loss: 0.9819	Time remaining is 3h:12m
2024-07-26 12:21:31 INFO Testing: dataset_name: market1501 top1: 94.359 top5: 98.397 top10: 98.931 mAP: 85.593
2024-07-26 12:22:32 INFO Epoch 126/300	Training Loss: 0.9818	Time remaining is 3h:12m
2024-07-26 12:23:34 INFO Epoch 127/300	Training Loss: 0.9825	Time remaining is 3h:11m
2024-07-26 12:24:36 INFO Epoch 128/300	Training Loss: 0.9808	Time remaining is 3h:10m
2024-07-26 12:25:38 INFO Epoch 129/300	Training Loss: 0.9818	Time remaining is 3h:9m
2024-07-26 12:26:40 INFO Epoch 130/300	Training Loss: 0.9822	Time remaining is 3h:8m
2024-07-26 12:27:52 INFO Testing: dataset_name: market1501 top1: 94.656 top5: 98.248 top10: 98.931 mAP: 85.577
2024-07-26 12:28:54 INFO Epoch 131/300	Training Loss: 0.9769	Time remaining is 3h:8m
2024-07-26 12:29:55 INFO Epoch 132/300	Training Loss: 0.9814	Time remaining is 3h:7m
2024-07-26 12:30:56 INFO Epoch 133/300	Training Loss: 0.9759	Time remaining is 3h:6m
2024-07-26 12:31:58 INFO Epoch 134/300	Training Loss: 0.9802	Time remaining is 3h:4m
2024-07-26 12:32:59 INFO Epoch 135/300	Training Loss: 0.9754	Time remaining is 3h:3m
2024-07-26 12:34:12 INFO Testing: dataset_name: market1501 top1: 94.685 top5: 98.189 top10: 98.901 mAP: 85.790
2024-07-26 12:35:13 INFO Epoch 136/300	Training Loss: 0.9740	Time remaining is 3h:3m
2024-07-26 12:36:15 INFO Epoch 137/300	Training Loss: 0.9805	Time remaining is 3h:2m
2024-07-26 12:37:16 INFO Epoch 138/300	Training Loss: 0.9811	Time remaining is 3h:1m
2024-07-26 12:38:17 INFO Epoch 139/300	Training Loss: 0.9763	Time remaining is 2h:60m
2024-07-26 12:39:19 INFO Epoch 140/300	Training Loss: 0.9808	Time remaining is 2h:59m
2024-07-26 12:40:31 INFO Testing: dataset_name: market1501 top1: 94.359 top5: 98.219 top10: 98.872 mAP: 85.675
2024-07-26 12:41:33 INFO Epoch 141/300	Training Loss: 0.9804	Time remaining is 2h:59m
2024-07-26 12:42:35 INFO Epoch 142/300	Training Loss: 0.9801	Time remaining is 2h:58m
2024-07-26 12:43:36 INFO Epoch 143/300	Training Loss: 0.9804	Time remaining is 2h:56m
2024-07-26 12:44:38 INFO Epoch 144/300	Training Loss: 0.9793	Time remaining is 2h:55m
2024-07-26 12:45:40 INFO Epoch 145/300	Training Loss: 0.9797	Time remaining is 2h:54m
2024-07-26 12:46:52 INFO Testing: dataset_name: market1501 top1: 94.656 top5: 98.278 top10: 98.961 mAP: 85.807
2024-07-26 12:47:54 INFO Epoch 146/300	Training Loss: 0.9784	Time remaining is 2h:54m
2024-07-26 12:48:56 INFO Epoch 147/300	Training Loss: 0.9790	Time remaining is 2h:53m
2024-07-26 12:49:57 INFO Epoch 148/300	Training Loss: 0.9773	Time remaining is 2h:52m
2024-07-26 12:50:59 INFO Epoch 149/300	Training Loss: 0.9868	Time remaining is 2h:50m
2024-07-26 12:52:00 INFO Epoch 150/300	Training Loss: 0.9731	Time remaining is 2h:49m
2024-07-26 12:53:13 INFO Testing: dataset_name: market1501 top1: 94.418 top5: 98.278 top10: 98.931 mAP: 85.894
2024-07-26 12:54:15 INFO Epoch 151/300	Training Loss: 0.9790	Time remaining is 2h:49m
2024-07-26 12:55:17 INFO Epoch 152/300	Training Loss: 0.9779	Time remaining is 2h:48m
2024-07-26 12:56:18 INFO Epoch 153/300	Training Loss: 0.9775	Time remaining is 2h:47m
2024-07-26 12:57:20 INFO Epoch 154/300	Training Loss: 0.9795	Time remaining is 2h:45m
2024-07-26 12:58:22 INFO Epoch 155/300	Training Loss: 0.9796	Time remaining is 2h:44m
2024-07-26 12:59:34 INFO Testing: dataset_name: market1501 top1: 94.745 top5: 98.367 top10: 98.931 mAP: 85.961
2024-07-26 13:00:35 INFO Epoch 156/300	Training Loss: 0.9731	Time remaining is 2h:44m
2024-07-26 13:01:37 INFO Epoch 157/300	Training Loss: 0.9772	Time remaining is 2h:43m
2024-07-26 13:02:38 INFO Epoch 158/300	Training Loss: 0.9754	Time remaining is 2h:42m
2024-07-26 13:03:40 INFO Epoch 159/300	Training Loss: 0.9776	Time remaining is 2h:40m
2024-07-26 13:04:41 INFO Epoch 160/300	Training Loss: 0.9720	Time remaining is 2h:39m
2024-07-26 13:05:54 INFO Testing: dataset_name: market1501 top1: 94.626 top5: 98.337 top10: 98.901 mAP: 85.892
2024-07-26 13:06:56 INFO Epoch 161/300	Training Loss: 0.9775	Time remaining is 2h:39m
2024-07-26 13:07:58 INFO Epoch 162/300	Training Loss: 0.9769	Time remaining is 2h:38m
2024-07-26 13:08:59 INFO Epoch 163/300	Training Loss: 0.9717	Time remaining is 2h:37m
2024-07-26 13:10:01 INFO Epoch 164/300	Training Loss: 0.9776	Time remaining is 2h:35m
2024-07-26 13:11:02 INFO Epoch 165/300	Training Loss: 0.9725	Time remaining is 2h:34m
2024-07-26 13:12:15 INFO Testing: dataset_name: market1501 top1: 94.656 top5: 98.337 top10: 98.961 mAP: 86.144
2024-07-26 13:13:16 INFO Epoch 166/300	Training Loss: 0.9719	Time remaining is 2h:34m
2024-07-26 13:14:17 INFO Epoch 167/300	Training Loss: 0.9747	Time remaining is 2h:33m
2024-07-26 13:15:19 INFO Epoch 168/300	Training Loss: 0.9724	Time remaining is 2h:31m
2024-07-26 13:16:20 INFO Epoch 169/300	Training Loss: 0.9810	Time remaining is 2h:30m
2024-07-26 13:17:22 INFO Epoch 170/300	Training Loss: 0.9750	Time remaining is 2h:29m
2024-07-26 13:18:35 INFO Testing: dataset_name: market1501 top1: 94.774 top5: 98.337 top10: 98.872 mAP: 86.084
2024-07-26 13:19:36 INFO Epoch 171/300	Training Loss: 0.9765	Time remaining is 2h:29m
2024-07-26 13:20:38 INFO Epoch 172/300	Training Loss: 0.9768	Time remaining is 2h:27m
2024-07-26 13:21:40 INFO Epoch 173/300	Training Loss: 0.9737	Time remaining is 2h:26m
2024-07-26 13:22:41 INFO Epoch 174/300	Training Loss: 0.9728	Time remaining is 2h:25m
2024-07-26 13:23:42 INFO Epoch 175/300	Training Loss: 0.9767	Time remaining is 2h:24m
2024-07-26 13:24:55 INFO Testing: dataset_name: market1501 top1: 94.804 top5: 98.278 top10: 98.872 mAP: 86.155
2024-07-26 13:25:57 INFO Epoch 176/300	Training Loss: 0.9755	Time remaining is 2h:23m
2024-07-26 13:26:58 INFO Epoch 177/300	Training Loss: 0.9704	Time remaining is 2h:22m
2024-07-26 13:28:00 INFO Epoch 178/300	Training Loss: 0.9741	Time remaining is 2h:21m
2024-07-26 13:29:01 INFO Epoch 179/300	Training Loss: 0.9739	Time remaining is 2h:20m
2024-07-26 13:30:03 INFO Epoch 180/300	Training Loss: 0.9703	Time remaining is 2h:18m
2024-07-26 13:31:16 INFO Testing: dataset_name: market1501 top1: 94.626 top5: 98.397 top10: 98.961 mAP: 86.288
2024-07-26 13:32:17 INFO Epoch 181/300	Training Loss: 0.9766	Time remaining is 2h:18m
2024-07-26 13:33:18 INFO Epoch 182/300	Training Loss: 0.9752	Time remaining is 2h:17m
2024-07-26 13:34:20 INFO Epoch 183/300	Training Loss: 0.9698	Time remaining is 2h:16m
2024-07-26 13:35:21 INFO Epoch 184/300	Training Loss: 0.9701	Time remaining is 2h:14m
2024-07-26 13:36:22 INFO Epoch 185/300	Training Loss: 0.9765	Time remaining is 2h:13m
2024-07-26 13:37:35 INFO Testing: dataset_name: market1501 top1: 94.656 top5: 98.308 top10: 99.020 mAP: 86.200
2024-07-26 13:38:36 INFO Epoch 186/300	Training Loss: 0.9689	Time remaining is 2h:13m
2024-07-26 13:39:38 INFO Epoch 187/300	Training Loss: 0.9733	Time remaining is 2h:11m
2024-07-26 13:40:39 INFO Epoch 188/300	Training Loss: 0.9735	Time remaining is 2h:10m
2024-07-26 13:41:41 INFO Epoch 189/300	Training Loss: 0.9758	Time remaining is 2h:9m
2024-07-26 13:42:42 INFO Epoch 190/300	Training Loss: 0.9733	Time remaining is 2h:8m
2024-07-26 13:43:55 INFO Testing: dataset_name: market1501 top1: 94.685 top5: 98.337 top10: 98.961 mAP: 86.273
2024-07-26 13:44:56 INFO Epoch 191/300	Training Loss: 0.9747	Time remaining is 2h:7m
2024-07-26 13:45:58 INFO Epoch 192/300	Training Loss: 0.9751	Time remaining is 2h:6m
2024-07-26 13:46:59 INFO Epoch 193/300	Training Loss: 0.9678	Time remaining is 2h:5m
2024-07-26 13:48:01 INFO Epoch 194/300	Training Loss: 0.9730	Time remaining is 2h:4m
2024-07-26 13:49:03 INFO Epoch 195/300	Training Loss: 0.9694	Time remaining is 2h:2m
2024-07-26 13:50:16 INFO Testing: dataset_name: market1501 top1: 94.567 top5: 98.278 top10: 98.990 mAP: 86.303
2024-07-26 13:51:17 INFO Epoch 196/300	Training Loss: 0.9742	Time remaining is 2h:2m
2024-07-26 13:52:18 INFO Epoch 197/300	Training Loss: 0.9687	Time remaining is 2h:0m
2024-07-26 13:53:20 INFO Epoch 198/300	Training Loss: 0.9667	Time remaining is 1h:59m
2024-07-26 13:54:21 INFO Epoch 199/300	Training Loss: 0.9727	Time remaining is 1h:58m
2024-07-26 13:55:23 INFO Epoch 200/300	Training Loss: 0.9740	Time remaining is 1h:57m
2024-07-26 13:56:36 INFO Testing: dataset_name: market1501 top1: 94.596 top5: 98.426 top10: 98.990 mAP: 86.271
2024-07-26 13:57:37 INFO Epoch 201/300	Training Loss: 0.9668	Time remaining is 1h:56m
2024-07-26 13:58:38 INFO Epoch 202/300	Training Loss: 0.9728	Time remaining is 1h:55m
2024-07-26 13:59:40 INFO Epoch 203/300	Training Loss: 0.9762	Time remaining is 1h:54m
2024-07-26 14:00:41 INFO Epoch 204/300	Training Loss: 0.9683	Time remaining is 1h:53m
2024-07-26 14:01:43 INFO Epoch 205/300	Training Loss: 0.9723	Time remaining is 1h:51m
2024-07-26 14:02:56 INFO Testing: dataset_name: market1501 top1: 94.596 top5: 98.248 top10: 99.020 mAP: 86.363
2024-07-26 14:03:57 INFO Epoch 206/300	Training Loss: 0.9728	Time remaining is 1h:51m
2024-07-26 14:04:59 INFO Epoch 207/300	Training Loss: 0.9785	Time remaining is 1h:49m
2024-07-26 14:06:00 INFO Epoch 208/300	Training Loss: 0.9724	Time remaining is 1h:48m
2024-07-26 14:07:02 INFO Epoch 209/300	Training Loss: 0.9725	Time remaining is 1h:47m
2024-07-26 14:08:03 INFO Epoch 210/300	Training Loss: 0.9669	Time remaining is 1h:46m
2024-07-26 14:09:16 INFO Testing: dataset_name: market1501 top1: 94.567 top5: 98.219 top10: 98.990 mAP: 86.381
2024-07-26 14:10:17 INFO Epoch 211/300	Training Loss: 0.9710	Time remaining is 1h:45m
2024-07-26 14:11:19 INFO Epoch 212/300	Training Loss: 0.9699	Time remaining is 1h:44m
2024-07-26 14:12:20 INFO Epoch 213/300	Training Loss: 0.9657	Time remaining is 1h:43m
2024-07-26 14:13:22 INFO Epoch 214/300	Training Loss: 0.9708	Time remaining is 1h:41m
2024-07-26 14:14:23 INFO Epoch 215/300	Training Loss: 0.9671	Time remaining is 1h:40m
2024-07-26 14:15:35 INFO Testing: dataset_name: market1501 top1: 94.774 top5: 98.337 top10: 98.990 mAP: 86.467
2024-07-26 14:16:36 INFO Epoch 216/300	Training Loss: 0.9657	Time remaining is 1h:39m
2024-07-26 14:17:38 INFO Epoch 217/300	Training Loss: 0.9714	Time remaining is 1h:38m
2024-07-26 14:18:40 INFO Epoch 218/300	Training Loss: 0.9762	Time remaining is 1h:37m
2024-07-26 14:19:41 INFO Epoch 219/300	Training Loss: 0.9702	Time remaining is 1h:36m
2024-07-26 14:20:43 INFO Epoch 220/300	Training Loss: 0.9705	Time remaining is 1h:35m
2024-07-26 14:21:56 INFO Testing: dataset_name: market1501 top1: 94.685 top5: 98.189 top10: 98.990 mAP: 86.413
2024-07-26 14:22:57 INFO Epoch 221/300	Training Loss: 0.9684	Time remaining is 1h:34m
2024-07-26 14:23:59 INFO Epoch 222/300	Training Loss: 0.9700	Time remaining is 1h:32m
2024-07-26 14:25:00 INFO Epoch 223/300	Training Loss: 0.9707	Time remaining is 1h:31m
2024-07-26 14:26:02 INFO Epoch 224/300	Training Loss: 0.9643	Time remaining is 1h:30m
2024-07-26 14:27:03 INFO Epoch 225/300	Training Loss: 0.9749	Time remaining is 1h:29m
2024-07-26 14:28:16 INFO Testing: dataset_name: market1501 top1: 94.834 top5: 98.248 top10: 98.901 mAP: 86.471
2024-07-26 14:29:18 INFO Epoch 226/300	Training Loss: 0.9711	Time remaining is 1h:28m
2024-07-26 14:30:19 INFO Epoch 227/300	Training Loss: 0.9690	Time remaining is 1h:27m
2024-07-26 14:31:21 INFO Epoch 228/300	Training Loss: 0.9693	Time remaining is 1h:26m
2024-07-26 14:32:23 INFO Epoch 229/300	Training Loss: 0.9755	Time remaining is 1h:24m
2024-07-26 14:33:25 INFO Epoch 230/300	Training Loss: 0.9706	Time remaining is 1h:23m
2024-07-26 14:34:37 INFO Testing: dataset_name: market1501 top1: 94.745 top5: 98.278 top10: 98.931 mAP: 86.440
2024-07-26 14:35:39 INFO Epoch 231/300	Training Loss: 0.9647	Time remaining is 1h:22m
2024-07-26 14:36:40 INFO Epoch 232/300	Training Loss: 0.9623	Time remaining is 1h:21m
2024-07-26 14:37:41 INFO Epoch 233/300	Training Loss: 0.9692	Time remaining is 1h:20m
2024-07-26 14:38:42 INFO Epoch 234/300	Training Loss: 0.9631	Time remaining is 1h:19m
2024-07-26 14:39:44 INFO Epoch 235/300	Training Loss: 0.9650	Time remaining is 1h:17m
2024-07-26 14:40:56 INFO Testing: dataset_name: market1501 top1: 94.893 top5: 98.248 top10: 98.961 mAP: 86.526
2024-07-26 14:41:58 INFO Epoch 236/300	Training Loss: 0.9742	Time remaining is 1h:17m
2024-07-26 14:43:00 INFO Epoch 237/300	Training Loss: 0.9700	Time remaining is 1h:15m
2024-07-26 14:44:01 INFO Epoch 238/300	Training Loss: 0.9636	Time remaining is 1h:14m
2024-07-26 14:45:02 INFO Epoch 239/300	Training Loss: 0.9647	Time remaining is 1h:13m
2024-07-26 14:46:04 INFO Epoch 240/300	Training Loss: 0.9676	Time remaining is 1h:12m
2024-07-26 14:47:16 INFO Testing: dataset_name: market1501 top1: 94.804 top5: 98.219 top10: 98.961 mAP: 86.586
2024-07-26 14:48:18 INFO Epoch 241/300	Training Loss: 0.9684	Time remaining is 1h:11m
2024-07-26 14:49:20 INFO Epoch 242/300	Training Loss: 0.9687	Time remaining is 1h:10m
2024-07-26 14:50:22 INFO Epoch 243/300	Training Loss: 0.9622	Time remaining is 1h:8m
2024-07-26 14:51:23 INFO Epoch 244/300	Training Loss: 0.9644	Time remaining is 1h:7m
2024-07-26 14:52:25 INFO Epoch 245/300	Training Loss: 0.9690	Time remaining is 1h:6m
2024-07-26 14:53:37 INFO Testing: dataset_name: market1501 top1: 94.715 top5: 98.159 top10: 98.931 mAP: 86.434
2024-07-26 14:54:39 INFO Epoch 246/300	Training Loss: 0.9668	Time remaining is 1h:5m
2024-07-26 14:55:40 INFO Epoch 247/300	Training Loss: 0.9677	Time remaining is 1h:4m
2024-07-26 14:56:42 INFO Epoch 248/300	Training Loss: 0.9669	Time remaining is 1h:3m
2024-07-26 14:57:44 INFO Epoch 249/300	Training Loss: 0.9636	Time remaining is 1h:1m
2024-07-26 14:58:45 INFO Epoch 250/300	Training Loss: 0.9609	Time remaining is 1h:0m
2024-07-26 14:59:58 INFO Testing: dataset_name: market1501 top1: 94.745 top5: 98.219 top10: 99.050 mAP: 86.559
2024-07-26 15:00:59 INFO Epoch 251/300	Training Loss: 0.9610	Time remaining is 0h:59m
2024-07-26 15:02:01 INFO Epoch 252/300	Training Loss: 0.9649	Time remaining is 0h:58m
2024-07-26 15:03:02 INFO Epoch 253/300	Training Loss: 0.9665	Time remaining is 0h:57m
2024-07-26 15:04:04 INFO Epoch 254/300	Training Loss: 0.9662	Time remaining is 0h:56m
2024-07-26 15:05:05 INFO Epoch 255/300	Training Loss: 0.9616	Time remaining is 0h:54m
2024-07-26 15:06:18 INFO Testing: dataset_name: market1501 top1: 94.715 top5: 98.248 top10: 98.990 mAP: 86.557
2024-07-26 15:07:19 INFO Epoch 256/300	Training Loss: 0.9673	Time remaining is 0h:53m
2024-07-26 15:08:21 INFO Epoch 257/300	Training Loss: 0.9643	Time remaining is 0h:52m
2024-07-26 15:09:23 INFO Epoch 258/300	Training Loss: 0.9656	Time remaining is 0h:51m
2024-07-26 15:10:24 INFO Epoch 259/300	Training Loss: 0.9682	Time remaining is 0h:50m
2024-07-26 15:11:26 INFO Epoch 260/300	Training Loss: 0.9667	Time remaining is 0h:48m
2024-07-26 15:12:39 INFO Testing: dataset_name: market1501 top1: 94.774 top5: 98.308 top10: 99.080 mAP: 86.732
2024-07-26 15:13:41 INFO Epoch 261/300	Training Loss: 0.9653	Time remaining is 0h:47m
2024-07-26 15:14:43 INFO Epoch 262/300	Training Loss: 0.9721	Time remaining is 0h:46m
2024-07-26 15:15:44 INFO Epoch 263/300	Training Loss: 0.9652	Time remaining is 0h:45m
2024-07-26 15:16:46 INFO Epoch 264/300	Training Loss: 0.9644	Time remaining is 0h:44m
2024-07-26 15:17:47 INFO Epoch 265/300	Training Loss: 0.9649	Time remaining is 0h:43m
2024-07-26 15:19:00 INFO Testing: dataset_name: market1501 top1: 94.893 top5: 98.219 top10: 99.050 mAP: 86.548
2024-07-26 15:20:02 INFO Epoch 266/300	Training Loss: 0.9663	Time remaining is 0h:42m
2024-07-26 15:21:04 INFO Epoch 267/300	Training Loss: 0.9677	Time remaining is 0h:40m
2024-07-26 15:22:05 INFO Epoch 268/300	Training Loss: 0.9621	Time remaining is 0h:39m
2024-07-26 15:23:07 INFO Epoch 269/300	Training Loss: 0.9656	Time remaining is 0h:38m
2024-07-26 15:24:09 INFO Epoch 270/300	Training Loss: 0.9695	Time remaining is 0h:37m
2024-07-26 15:25:21 INFO Testing: dataset_name: market1501 top1: 94.982 top5: 98.159 top10: 99.020 mAP: 86.502
2024-07-26 15:26:23 INFO Epoch 271/300	Training Loss: 0.9646	Time remaining is 0h:36m
2024-07-26 15:27:24 INFO Epoch 272/300	Training Loss: 0.9640	Time remaining is 0h:34m
2024-07-26 15:28:26 INFO Epoch 273/300	Training Loss: 0.9695	Time remaining is 0h:33m
2024-07-26 15:29:28 INFO Epoch 274/300	Training Loss: 0.9642	Time remaining is 0h:32m
2024-07-26 15:30:30 INFO Epoch 275/300	Training Loss: 0.9636	Time remaining is 0h:31m
2024-07-26 15:31:42 INFO Testing: dataset_name: market1501 top1: 95.012 top5: 98.129 top10: 98.990 mAP: 86.641
2024-07-26 15:32:44 INFO Epoch 276/300	Training Loss: 0.9601	Time remaining is 0h:30m
2024-07-26 15:33:45 INFO Epoch 277/300	Training Loss: 0.9648	Time remaining is 0h:29m
2024-07-26 15:34:47 INFO Epoch 278/300	Training Loss: 0.9641	Time remaining is 0h:27m
2024-07-26 15:35:49 INFO Epoch 279/300	Training Loss: 0.9642	Time remaining is 0h:26m
2024-07-26 15:36:51 INFO Epoch 280/300	Training Loss: 0.9665	Time remaining is 0h:25m
2024-07-26 15:38:04 INFO Testing: dataset_name: market1501 top1: 94.982 top5: 98.129 top10: 99.020 mAP: 86.661
2024-07-26 15:39:05 INFO Epoch 281/300	Training Loss: 0.9637	Time remaining is 0h:24m
2024-07-26 15:40:06 INFO Epoch 282/300	Training Loss: 0.9593	Time remaining is 0h:23m
2024-07-26 15:41:08 INFO Epoch 283/300	Training Loss: 0.9662	Time remaining is 0h:21m
2024-07-26 15:42:10 INFO Epoch 284/300	Training Loss: 0.9587	Time remaining is 0h:20m
2024-07-26 15:43:11 INFO Epoch 285/300	Training Loss: 0.9603	Time remaining is 0h:19m
2024-07-26 15:44:24 INFO Testing: dataset_name: market1501 top1: 94.893 top5: 98.159 top10: 99.020 mAP: 86.522
2024-07-26 15:45:25 INFO Epoch 286/300	Training Loss: 0.9633	Time remaining is 0h:18m
2024-07-26 15:46:27 INFO Epoch 287/300	Training Loss: 0.9645	Time remaining is 0h:17m
2024-07-26 15:47:29 INFO Epoch 288/300	Training Loss: 0.9594	Time remaining is 0h:16m
2024-07-26 15:48:30 INFO Epoch 289/300	Training Loss: 0.9642	Time remaining is 0h:14m
2024-07-26 15:49:32 INFO Epoch 290/300	Training Loss: 0.9628	Time remaining is 0h:13m
2024-07-26 15:50:45 INFO Testing: dataset_name: market1501 top1: 95.012 top5: 98.159 top10: 99.020 mAP: 86.673
2024-07-26 15:51:46 INFO Epoch 291/300	Training Loss: 0.9594	Time remaining is 0h:12m
2024-07-26 15:52:48 INFO Epoch 292/300	Training Loss: 0.9631	Time remaining is 0h:11m
2024-07-26 15:53:50 INFO Epoch 293/300	Training Loss: 0.9633	Time remaining is 0h:10m
2024-07-26 15:54:52 INFO Epoch 294/300	Training Loss: 0.9585	Time remaining is 0h:8m
2024-07-26 15:55:53 INFO Epoch 295/300	Training Loss: 0.9636	Time remaining is 0h:7m
2024-07-26 15:57:06 INFO Testing: dataset_name: market1501 top1: 94.656 top5: 98.337 top10: 98.901 mAP: 86.549
2024-07-26 15:58:07 INFO Epoch 296/300	Training Loss: 0.9576	Time remaining is 0h:6m
2024-07-26 15:59:09 INFO Epoch 297/300	Training Loss: 0.9637	Time remaining is 0h:5m
2024-07-26 16:00:10 INFO Epoch 298/300	Training Loss: 0.9580	Time remaining is 0h:4m
2024-07-26 16:01:11 INFO Epoch 299/300	Training Loss: 0.9587	Time remaining is 0h:2m
2024-07-26 16:02:13 INFO Epoch 300/300	Training Loss: 0.9618	Time remaining is 0h:1m
2024-07-26 16:03:26 INFO Testing: dataset_name: market1501 top1: 94.863 top5: 98.100 top10: 98.961 mAP: 86.737
2024-07-26 16:03:26 INFO The running time of training: 5.99 h
