2024-04-27 21:40:38 INFO ##################################################
2024-04-27 21:40:38 INFO Task: ReID_Task
2024-04-27 21:40:38 INFO Using device: cuda
2024-04-27 21:40:38 INFO Using data type: torch.float32
2024-04-27 21:40:38 INFO ====================================================================================================
2024-04-27 21:40:38 INFO Model file: /home/hy/project/reid_task/ex_main/outputs/models/model_115.tar
2024-04-27 21:40:39 INFO Model numbers of parameters: 33.45M
2024-04-27 21:40:39 INFO Model numbers of parameters: 33449024
2024-04-27 21:42:06 INFO Testing: dataset_name: market1501 top1:0.5490 top5:0.7096 top10:0.7651 mAP:0.2743
2024-04-27 21:42:06 INFO ====================================================================================================
2024-04-27 21:42:06 INFO Model file: /home/hy/project/reid_task/ex_main/outputs/models/model_100.tar
2024-04-27 21:42:07 INFO Model numbers of parameters: 33.45M
2024-04-27 21:42:07 INFO Model numbers of parameters: 33449024
2024-04-27 21:43:32 INFO Testing: dataset_name: market1501 top1:0.5517 top5:0.7108 top10:0.7637 mAP:0.2759
2024-04-27 21:43:32 INFO ====================================================================================================
2024-04-27 21:43:32 INFO Model file: /home/hy/project/reid_task/ex_main/outputs/models/model_105.tar
2024-04-27 21:43:33 INFO Model numbers of parameters: 33.45M
2024-04-27 21:43:33 INFO Model numbers of parameters: 33449024
2024-04-27 21:44:58 INFO Testing: dataset_name: market1501 top1:0.5529 top5:0.7069 top10:0.7625 mAP:0.2742
2024-04-27 21:44:58 INFO ====================================================================================================
2024-04-27 21:44:58 INFO Model file: /home/hy/project/reid_task/ex_main/outputs/models/model_140.tar
2024-04-27 21:44:59 INFO Model numbers of parameters: 33.45M
2024-04-27 21:44:59 INFO Model numbers of parameters: 33449024
2024-04-27 21:46:25 INFO Testing: dataset_name: market1501 top1:0.5490 top5:0.7075 top10:0.7610 mAP:0.2696
2024-04-27 21:46:25 INFO ====================================================================================================
2024-04-27 21:46:25 INFO Model file: /home/hy/project/reid_task/ex_main/outputs/models/model_110.tar
2024-04-27 21:46:25 INFO Model numbers of parameters: 33.45M
2024-04-27 21:46:25 INFO Model numbers of parameters: 33449024
2024-04-27 21:47:51 INFO Testing: dataset_name: market1501 top1:0.5493 top5:0.7096 top10:0.7625 mAP:0.2730
2024-04-27 21:47:51 INFO ====================================================================================================
2024-04-27 21:47:51 INFO Model file: /home/hy/project/reid_task/ex_main/outputs/models/model_120.tar
2024-04-27 21:47:51 INFO Model numbers of parameters: 33.45M
2024-04-27 21:47:51 INFO Model numbers of parameters: 33449024
2024-04-27 21:49:17 INFO Testing: dataset_name: market1501 top1:0.5487 top5:0.7099 top10:0.7622 mAP:0.2702
2024-04-27 21:49:17 INFO ====================================================================================================
2024-04-27 21:49:17 INFO Model file: /home/hy/project/reid_task/ex_main/outputs/models/model_125.tar
2024-04-27 21:49:17 INFO Model numbers of parameters: 33.45M
2024-04-27 21:49:17 INFO Model numbers of parameters: 33449024
2024-04-27 21:50:42 INFO Testing: dataset_name: market1501 top1:0.5439 top5:0.7087 top10:0.7595 mAP:0.2709
2024-04-27 21:50:42 INFO ====================================================================================================
2024-04-27 21:50:42 INFO Model file: /home/hy/project/reid_task/ex_main/outputs/models/model_150.tar
2024-04-27 21:50:43 INFO Model numbers of parameters: 33.45M
2024-04-27 21:50:43 INFO Model numbers of parameters: 33449024
2024-04-27 21:52:08 INFO Testing: dataset_name: market1501 top1:0.5451 top5:0.7120 top10:0.7637 mAP:0.2709
2024-04-27 21:52:08 INFO ====================================================================================================
2024-04-27 21:52:08 INFO Model file: /home/hy/project/reid_task/ex_main/outputs/models/model_90.tar
2024-04-27 21:52:09 INFO Model numbers of parameters: 33.45M
2024-04-27 21:52:09 INFO Model numbers of parameters: 33449024
2024-04-27 21:53:34 INFO Testing: dataset_name: market1501 top1:0.5445 top5:0.7016 top10:0.7556 mAP:0.2712
2024-04-27 21:53:34 INFO ====================================================================================================
2024-04-27 21:53:34 INFO Model file: /home/hy/project/reid_task/ex_main/outputs/models/model_135.tar
2024-04-27 21:53:35 INFO Model numbers of parameters: 33.45M
2024-04-27 21:53:35 INFO Model numbers of parameters: 33449024
2024-04-27 21:55:01 INFO Testing: dataset_name: market1501 top1:0.5448 top5:0.7075 top10:0.7637 mAP:0.2707
2024-04-27 21:55:01 INFO ====================================================================================================
2024-04-27 21:55:01 INFO Model file: /home/hy/project/reid_task/ex_main/outputs/models/model_130.tar
2024-04-27 21:55:01 INFO Model numbers of parameters: 33.45M
2024-04-27 21:55:01 INFO Model numbers of parameters: 33449024
2024-04-27 21:56:27 INFO Testing: dataset_name: market1501 top1:0.5466 top5:0.7061 top10:0.7577 mAP:0.2698
2024-04-27 21:56:27 INFO ====================================================================================================
2024-04-27 21:56:27 INFO Model file: /home/hy/project/reid_task/ex_main/outputs/models/model_145.tar
2024-04-27 21:56:27 INFO Model numbers of parameters: 33.45M
2024-04-27 21:56:27 INFO Model numbers of parameters: 33449024
2024-04-27 21:57:53 INFO Testing: dataset_name: market1501 top1:0.5496 top5:0.7096 top10:0.7678 mAP:0.2717
2024-04-27 21:57:53 INFO ====================================================================================================
2024-04-27 21:57:53 INFO Model file: /home/hy/project/reid_task/ex_main/outputs/models/model_95.tar
2024-04-27 21:57:53 INFO Model numbers of parameters: 33.45M
2024-04-27 21:57:53 INFO Model numbers of parameters: 33449024
2024-04-27 21:59:19 INFO Testing: dataset_name: market1501 top1:0.5460 top5:0.7061 top10:0.7610 mAP:0.2713
2024-04-27 21:59:19 INFO ====================================================================================================
2024-04-27 21:59:19 INFO Model file: /home/hy/project/reid_task/ex_main/outputs/models/model_160.tar
2024-04-27 21:59:19 INFO Model numbers of parameters: 33.45M
2024-04-27 21:59:19 INFO Model numbers of parameters: 33449024
2024-04-27 22:00:45 INFO Testing: dataset_name: market1501 top1:0.5526 top5:0.7138 top10:0.7690 mAP:0.2748
2024-04-27 22:00:45 INFO ====================================================================================================
2024-04-27 22:00:45 INFO Model file: /home/hy/project/reid_task/ex_main/outputs/models/model_155.tar
2024-04-27 22:00:45 INFO Model numbers of parameters: 33.45M
2024-04-27 22:00:45 INFO Model numbers of parameters: 33449024
2024-04-27 22:02:11 INFO Testing: dataset_name: market1501 top1:0.5505 top5:0.7120 top10:0.7651 mAP:0.2736
