2024-05-07 07:38:02 INFO ##################################################
2024-05-07 07:38:02 INFO Config values: batch_size: 60	current_directory: /home/hy/project/reid_task/ex_main3	dataset_name: DukeMTMC-reID	dataset_path: /home/hy/project/data/DukeMTMC-reID	device: cuda	dtype: torch.float32	epoch_start_test: 90	epochs: 160	img_height: 256	img_width: 128	logs_outputs_path: /home/hy/project/reid_task/ex_main3/./outputs/logs	models_outputs_path: /home/hy/project/reid_task/ex_main3/./outputs/models	np: <module 'numpy' from '/home/hy/anaconda3/envs/py396/lib/python3.9/site-packages/numpy/__init__.py'>	os: <module 'os' from '/home/hy/anaconda3/envs/py396/lib/python3.9/os.py'>	outputs_dir: ./outputs/	outputs_path: /home/hy/project/reid_task/ex_main3/./outputs/	print_every: 1	seed: 4	taskname: ReID_Task	temps_outputs_path: /home/hy/project/reid_task/ex_main3/./outputs/temps	test_batch_size: 256	test_every: 5	torch: <module 'torch' from '/home/hy/anaconda3/envs/py396/lib/python3.9/site-packages/torch/__init__.py'>
2024-05-07 07:38:02 INFO Task: ReID_Task
2024-05-07 07:38:02 INFO Using device: cuda
2024-05-07 07:38:02 INFO Using data type: torch.float32
2024-05-07 07:38:02 INFO Number of GPUs: 1
2024-05-07 07:38:02 INFO GPU is_available: True
2024-05-07 07:38:02 INFO GPU name: NVIDIA GeForce RTX 3060
2024-05-07 07:38:02 INFO CUDA version: 12.1
2024-05-07 07:38:02 INFO Current device id: 0
2024-05-07 07:38:02 INFO ##################################################
2024-05-07 07:39:25 INFO Epoch 1/160	Training Loss: 10.6752	Time remaining is 3h:38m
2024-05-07 07:40:46 INFO Epoch 2/160	Training Loss: 9.1967	Time remaining is 3h:36m
2024-05-07 07:42:08 INFO Epoch 3/160	Training Loss: 7.8022	Time remaining is 3h:35m
2024-05-07 07:43:29 INFO Epoch 4/160	Training Loss: 6.1891	Time remaining is 3h:33m
2024-05-07 07:44:50 INFO Epoch 5/160	Training Loss: 4.7080	Time remaining is 3h:31m
2024-05-07 07:46:12 INFO Epoch 6/160	Training Loss: 3.5969	Time remaining is 3h:30m
2024-05-07 07:47:33 INFO Epoch 7/160	Training Loss: 2.7867	Time remaining is 3h:29m
2024-05-07 07:48:54 INFO Epoch 8/160	Training Loss: 2.3325	Time remaining is 3h:28m
2024-05-07 07:50:16 INFO Epoch 9/160	Training Loss: 2.1063	Time remaining is 3h:26m
2024-05-07 07:51:36 INFO Epoch 10/160	Training Loss: 1.9803	Time remaining is 3h:25m
2024-05-07 07:52:58 INFO Epoch 11/160	Training Loss: 1.9063	Time remaining is 3h:23m
2024-05-07 07:54:20 INFO Epoch 12/160	Training Loss: 1.8538	Time remaining is 3h:22m
2024-05-07 07:55:42 INFO Epoch 13/160	Training Loss: 1.7913	Time remaining is 3h:21m
2024-05-07 07:57:04 INFO Epoch 14/160	Training Loss: 1.7453	Time remaining is 3h:20m
2024-05-07 07:58:26 INFO Epoch 15/160	Training Loss: 1.7275	Time remaining is 3h:18m
2024-05-07 07:59:47 INFO Epoch 16/160	Training Loss: 1.6999	Time remaining is 3h:17m
2024-05-07 08:01:09 INFO Epoch 17/160	Training Loss: 1.6918	Time remaining is 3h:16m
2024-05-07 08:02:31 INFO Epoch 18/160	Training Loss: 1.6654	Time remaining is 3h:14m
2024-05-07 08:03:53 INFO Epoch 19/160	Training Loss: 1.6467	Time remaining is 3h:13m
2024-05-07 08:05:14 INFO Epoch 20/160	Training Loss: 1.6361	Time remaining is 3h:12m
2024-05-07 08:06:36 INFO Epoch 21/160	Training Loss: 1.6396	Time remaining is 3h:10m
2024-05-07 08:07:58 INFO Epoch 22/160	Training Loss: 1.6347	Time remaining is 3h:9m
2024-05-07 08:09:20 INFO Epoch 23/160	Training Loss: 1.6243	Time remaining is 3h:8m
2024-05-07 08:10:41 INFO Epoch 24/160	Training Loss: 1.6258	Time remaining is 3h:6m
2024-05-07 08:12:03 INFO Epoch 25/160	Training Loss: 1.6271	Time remaining is 3h:5m
2024-05-07 08:13:24 INFO Epoch 26/160	Training Loss: 1.6232	Time remaining is 3h:4m
2024-05-07 08:14:46 INFO Epoch 27/160	Training Loss: 1.6262	Time remaining is 3h:2m
2024-05-07 08:16:07 INFO Epoch 28/160	Training Loss: 1.6220	Time remaining is 3h:1m
2024-05-07 08:17:29 INFO Epoch 29/160	Training Loss: 1.6144	Time remaining is 2h:59m
2024-05-07 08:18:49 INFO Epoch 30/160	Training Loss: 1.5992	Time remaining is 2h:58m
2024-05-07 08:20:11 INFO Epoch 31/160	Training Loss: 1.6105	Time remaining is 2h:57m
2024-05-07 08:21:33 INFO Epoch 32/160	Training Loss: 1.6066	Time remaining is 2h:55m
2024-05-07 08:22:54 INFO Epoch 33/160	Training Loss: 1.5954	Time remaining is 2h:54m
2024-05-07 08:24:16 INFO Epoch 34/160	Training Loss: 1.6024	Time remaining is 2h:53m
2024-05-07 08:25:37 INFO Epoch 35/160	Training Loss: 1.5865	Time remaining is 2h:51m
2024-05-07 08:26:59 INFO Epoch 36/160	Training Loss: 1.5897	Time remaining is 2h:50m
2024-05-07 08:28:20 INFO Epoch 37/160	Training Loss: 1.5767	Time remaining is 2h:49m
2024-05-07 08:29:42 INFO Epoch 38/160	Training Loss: 1.5918	Time remaining is 2h:47m
2024-05-07 08:31:03 INFO Epoch 39/160	Training Loss: 1.5796	Time remaining is 2h:46m
2024-05-07 08:32:24 INFO Epoch 40/160	Training Loss: 1.5723	Time remaining is 2h:44m
2024-05-07 08:33:45 INFO Epoch 41/160	Training Loss: 1.5202	Time remaining is 2h:43m
2024-05-07 08:35:07 INFO Epoch 42/160	Training Loss: 1.4735	Time remaining is 2h:42m
2024-05-07 08:36:28 INFO Epoch 43/160	Training Loss: 1.4564	Time remaining is 2h:40m
2024-05-07 08:37:50 INFO Epoch 44/160	Training Loss: 1.4467	Time remaining is 2h:39m
2024-05-07 08:39:11 INFO Epoch 45/160	Training Loss: 1.4379	Time remaining is 2h:38m
2024-05-07 08:40:32 INFO Epoch 46/160	Training Loss: 1.4359	Time remaining is 2h:36m
2024-05-07 08:41:54 INFO Epoch 47/160	Training Loss: 1.4428	Time remaining is 2h:35m
2024-05-07 08:43:16 INFO Epoch 48/160	Training Loss: 1.4259	Time remaining is 2h:34m
2024-05-07 08:44:37 INFO Epoch 49/160	Training Loss: 1.4317	Time remaining is 2h:32m
2024-05-07 08:45:58 INFO Epoch 50/160	Training Loss: 1.4208	Time remaining is 2h:31m
2024-05-07 08:47:20 INFO Epoch 51/160	Training Loss: 1.4259	Time remaining is 2h:29m
2024-05-07 08:48:41 INFO Epoch 52/160	Training Loss: 1.4192	Time remaining is 2h:28m
2024-05-07 08:50:03 INFO Epoch 53/160	Training Loss: 1.4203	Time remaining is 2h:27m
2024-05-07 08:51:24 INFO Epoch 54/160	Training Loss: 1.4162	Time remaining is 2h:25m
2024-05-07 08:52:45 INFO Epoch 55/160	Training Loss: 1.4080	Time remaining is 2h:24m
2024-05-07 08:54:06 INFO Epoch 56/160	Training Loss: 1.4177	Time remaining is 2h:23m
2024-05-07 08:55:27 INFO Epoch 57/160	Training Loss: 1.4059	Time remaining is 2h:21m
2024-05-07 08:56:49 INFO Epoch 58/160	Training Loss: 1.4184	Time remaining is 2h:20m
2024-05-07 08:58:10 INFO Epoch 59/160	Training Loss: 1.4152	Time remaining is 2h:19m
2024-05-07 08:59:32 INFO Epoch 60/160	Training Loss: 1.4164	Time remaining is 2h:17m
2024-05-07 09:00:53 INFO Epoch 61/160	Training Loss: 1.4076	Time remaining is 2h:16m
2024-05-07 09:02:15 INFO Epoch 62/160	Training Loss: 1.4093	Time remaining is 2h:14m
2024-05-07 09:03:36 INFO Epoch 63/160	Training Loss: 1.4101	Time remaining is 2h:13m
2024-05-07 09:04:57 INFO Epoch 64/160	Training Loss: 1.4006	Time remaining is 2h:12m
2024-05-07 09:06:19 INFO Epoch 65/160	Training Loss: 1.4112	Time remaining is 2h:10m
2024-05-07 09:07:41 INFO Epoch 66/160	Training Loss: 1.4030	Time remaining is 2h:9m
2024-05-07 09:09:02 INFO Epoch 67/160	Training Loss: 1.4078	Time remaining is 2h:8m
2024-05-07 09:10:24 INFO Epoch 68/160	Training Loss: 1.4005	Time remaining is 2h:6m
2024-05-07 09:11:46 INFO Epoch 69/160	Training Loss: 1.4098	Time remaining is 2h:5m
2024-05-07 09:13:07 INFO Epoch 70/160	Training Loss: 1.3986	Time remaining is 2h:4m
2024-05-07 09:14:29 INFO Epoch 71/160	Training Loss: 1.4020	Time remaining is 2h:2m
2024-05-07 09:15:50 INFO Epoch 72/160	Training Loss: 1.3992	Time remaining is 2h:1m
2024-05-07 09:17:12 INFO Epoch 73/160	Training Loss: 1.3986	Time remaining is 1h:60m
2024-05-07 09:18:33 INFO Epoch 74/160	Training Loss: 1.3895	Time remaining is 1h:58m
2024-05-07 09:19:55 INFO Epoch 75/160	Training Loss: 1.3971	Time remaining is 1h:57m
2024-05-07 09:21:17 INFO Epoch 76/160	Training Loss: 1.4030	Time remaining is 1h:55m
2024-05-07 09:22:38 INFO Epoch 77/160	Training Loss: 1.3841	Time remaining is 1h:54m
2024-05-07 09:24:00 INFO Epoch 78/160	Training Loss: 1.3887	Time remaining is 1h:53m
2024-05-07 09:25:22 INFO Epoch 79/160	Training Loss: 1.3905	Time remaining is 1h:51m
2024-05-07 09:26:43 INFO Epoch 80/160	Training Loss: 1.3944	Time remaining is 1h:50m
2024-05-07 09:28:05 INFO Epoch 81/160	Training Loss: 1.3883	Time remaining is 1h:49m
2024-05-07 09:29:27 INFO Epoch 82/160	Training Loss: 1.4021	Time remaining is 1h:47m
2024-05-07 09:30:48 INFO Epoch 83/160	Training Loss: 1.3891	Time remaining is 1h:46m
2024-05-07 09:32:09 INFO Epoch 84/160	Training Loss: 1.3905	Time remaining is 1h:45m
2024-05-07 09:33:31 INFO Epoch 85/160	Training Loss: 1.3948	Time remaining is 1h:43m
2024-05-07 09:34:53 INFO Epoch 86/160	Training Loss: 1.3919	Time remaining is 1h:42m
2024-05-07 09:36:15 INFO Epoch 87/160	Training Loss: 1.3865	Time remaining is 1h:41m
2024-05-07 09:37:36 INFO Epoch 88/160	Training Loss: 1.3888	Time remaining is 1h:39m
2024-05-07 09:38:58 INFO Epoch 89/160	Training Loss: 1.3868	Time remaining is 1h:38m
2024-05-07 09:40:20 INFO Epoch 90/160	Training Loss: 1.3911	Time remaining is 1h:36m
2024-05-07 09:41:35 INFO Testing: dataset_name: DukeMTMC-reID top1:0.8645 top5:0.9417 top10:0.9583 mAP:0.7458
2024-05-07 09:42:56 INFO Epoch 91/160	Training Loss: 1.3883	Time remaining is 1h:36m
2024-05-07 09:44:18 INFO Epoch 92/160	Training Loss: 1.3867	Time remaining is 1h:35m
2024-05-07 09:45:40 INFO Epoch 93/160	Training Loss: 1.3918	Time remaining is 1h:33m
2024-05-07 09:47:01 INFO Epoch 94/160	Training Loss: 1.3760	Time remaining is 1h:32m
2024-05-07 09:48:22 INFO Epoch 95/160	Training Loss: 1.3863	Time remaining is 1h:31m
2024-05-07 09:49:38 INFO Testing: dataset_name: DukeMTMC-reID top1:0.8618 top5:0.9403 top10:0.9574 mAP:0.7483
2024-05-07 09:50:58 INFO Epoch 96/160	Training Loss: 1.3856	Time remaining is 1h:30m
2024-05-07 09:52:19 INFO Epoch 97/160	Training Loss: 1.3810	Time remaining is 1h:29m
2024-05-07 09:53:41 INFO Epoch 98/160	Training Loss: 1.3860	Time remaining is 1h:27m
2024-05-07 09:55:02 INFO Epoch 99/160	Training Loss: 1.3815	Time remaining is 1h:26m
2024-05-07 09:56:23 INFO Epoch 100/160	Training Loss: 1.3807	Time remaining is 1h:24m
2024-05-07 09:57:37 INFO Testing: dataset_name: DukeMTMC-reID top1:0.8645 top5:0.9381 top10:0.9578 mAP:0.7491
2024-05-07 09:58:58 INFO Epoch 101/160	Training Loss: 1.3804	Time remaining is 1h:24m
2024-05-07 10:00:20 INFO Epoch 102/160	Training Loss: 1.3906	Time remaining is 1h:22m
2024-05-07 10:01:41 INFO Epoch 103/160	Training Loss: 1.3848	Time remaining is 1h:21m
2024-05-07 10:03:03 INFO Epoch 104/160	Training Loss: 1.3866	Time remaining is 1h:19m
2024-05-07 10:04:24 INFO Epoch 105/160	Training Loss: 1.3879	Time remaining is 1h:18m
2024-05-07 10:05:39 INFO Testing: dataset_name: DukeMTMC-reID top1:0.8640 top5:0.9403 top10:0.9587 mAP:0.7509
2024-05-07 10:07:01 INFO Epoch 106/160	Training Loss: 1.3972	Time remaining is 1h:17m
2024-05-07 10:08:23 INFO Epoch 107/160	Training Loss: 1.3973	Time remaining is 1h:16m
2024-05-07 10:09:44 INFO Epoch 108/160	Training Loss: 1.3863	Time remaining is 1h:14m
2024-05-07 10:11:06 INFO Epoch 109/160	Training Loss: 1.3836	Time remaining is 1h:13m
2024-05-07 10:12:27 INFO Epoch 110/160	Training Loss: 1.3760	Time remaining is 1h:12m
2024-05-07 10:13:42 INFO Testing: dataset_name: DukeMTMC-reID top1:0.8658 top5:0.9394 top10:0.9578 mAP:0.7519
2024-05-07 10:15:03 INFO Epoch 111/160	Training Loss: 1.3965	Time remaining is 1h:11m
2024-05-07 10:16:25 INFO Epoch 112/160	Training Loss: 1.3894	Time remaining is 1h:9m
2024-05-07 10:17:47 INFO Epoch 113/160	Training Loss: 1.3922	Time remaining is 1h:8m
2024-05-07 10:19:07 INFO Epoch 114/160	Training Loss: 1.3797	Time remaining is 1h:6m
2024-05-07 10:20:29 INFO Epoch 115/160	Training Loss: 1.3911	Time remaining is 1h:5m
2024-05-07 10:21:44 INFO Testing: dataset_name: DukeMTMC-reID top1:0.8649 top5:0.9399 top10:0.9574 mAP:0.7493
2024-05-07 10:23:05 INFO Epoch 116/160	Training Loss: 1.3901	Time remaining is 1h:4m
2024-05-07 10:24:26 INFO Epoch 117/160	Training Loss: 1.3786	Time remaining is 1h:3m
2024-05-07 10:25:48 INFO Epoch 118/160	Training Loss: 1.3933	Time remaining is 1h:1m
2024-05-07 10:27:09 INFO Epoch 119/160	Training Loss: 1.3913	Time remaining is 0h:60m
2024-05-07 10:28:31 INFO Epoch 120/160	Training Loss: 1.3879	Time remaining is 0h:58m
2024-05-07 10:29:46 INFO Testing: dataset_name: DukeMTMC-reID top1:0.8662 top5:0.9390 top10:0.9578 mAP:0.7510
2024-05-07 10:31:07 INFO Epoch 121/160	Training Loss: 1.3841	Time remaining is 0h:57m
2024-05-07 10:32:29 INFO Epoch 122/160	Training Loss: 1.3994	Time remaining is 0h:56m
2024-05-07 10:33:50 INFO Epoch 123/160	Training Loss: 1.3834	Time remaining is 0h:54m
2024-05-07 10:35:12 INFO Epoch 124/160	Training Loss: 1.3828	Time remaining is 0h:53m
2024-05-07 10:36:33 INFO Epoch 125/160	Training Loss: 1.3845	Time remaining is 0h:51m
2024-05-07 10:37:48 INFO Testing: dataset_name: DukeMTMC-reID top1:0.8658 top5:0.9408 top10:0.9583 mAP:0.7532
2024-05-07 10:39:10 INFO Epoch 126/160	Training Loss: 1.3878	Time remaining is 0h:50m
2024-05-07 10:40:32 INFO Epoch 127/160	Training Loss: 1.3826	Time remaining is 0h:49m
2024-05-07 10:41:53 INFO Epoch 128/160	Training Loss: 1.3820	Time remaining is 0h:47m
2024-05-07 10:43:15 INFO Epoch 129/160	Training Loss: 1.3818	Time remaining is 0h:46m
2024-05-07 10:44:37 INFO Epoch 130/160	Training Loss: 1.3875	Time remaining is 0h:44m
2024-05-07 10:45:52 INFO Testing: dataset_name: DukeMTMC-reID top1:0.8671 top5:0.9408 top10:0.9592 mAP:0.7524
2024-05-07 10:47:13 INFO Epoch 131/160	Training Loss: 1.3868	Time remaining is 0h:43m
2024-05-07 10:48:34 INFO Epoch 132/160	Training Loss: 1.3807	Time remaining is 0h:42m
2024-05-07 10:49:56 INFO Epoch 133/160	Training Loss: 1.3886	Time remaining is 0h:40m
2024-05-07 10:51:17 INFO Epoch 134/160	Training Loss: 1.3814	Time remaining is 0h:39m
2024-05-07 10:52:39 INFO Epoch 135/160	Training Loss: 1.3800	Time remaining is 0h:37m
2024-05-07 10:53:54 INFO Testing: dataset_name: DukeMTMC-reID top1:0.8671 top5:0.9390 top10:0.9569 mAP:0.7526
2024-05-07 10:55:15 INFO Epoch 136/160	Training Loss: 1.3980	Time remaining is 0h:36m
2024-05-07 10:56:37 INFO Epoch 137/160	Training Loss: 1.3883	Time remaining is 0h:35m
2024-05-07 10:57:59 INFO Epoch 138/160	Training Loss: 1.3806	Time remaining is 0h:33m
2024-05-07 10:59:20 INFO Epoch 139/160	Training Loss: 1.3879	Time remaining is 0h:32m
2024-05-07 11:00:42 INFO Epoch 140/160	Training Loss: 1.3810	Time remaining is 0h:30m
2024-05-07 11:01:57 INFO Testing: dataset_name: DukeMTMC-reID top1:0.8667 top5:0.9417 top10:0.9587 mAP:0.7524
2024-05-07 11:03:18 INFO Epoch 141/160	Training Loss: 1.3862	Time remaining is 0h:29m
2024-05-07 11:04:39 INFO Epoch 142/160	Training Loss: 1.3743	Time remaining is 0h:28m
2024-05-07 11:06:00 INFO Epoch 143/160	Training Loss: 1.3813	Time remaining is 0h:26m
2024-05-07 11:07:22 INFO Epoch 144/160	Training Loss: 1.3885	Time remaining is 0h:25m
2024-05-07 11:08:43 INFO Epoch 145/160	Training Loss: 1.3885	Time remaining is 0h:23m
2024-05-07 11:09:58 INFO Testing: dataset_name: DukeMTMC-reID top1:0.8667 top5:0.9403 top10:0.9578 mAP:0.7538
2024-05-07 11:11:19 INFO Epoch 146/160	Training Loss: 1.3875	Time remaining is 0h:22m
2024-05-07 11:12:40 INFO Epoch 147/160	Training Loss: 1.3830	Time remaining is 0h:20m
2024-05-07 11:14:03 INFO Epoch 148/160	Training Loss: 1.3904	Time remaining is 0h:19m
2024-05-07 11:15:25 INFO Epoch 149/160	Training Loss: 1.3928	Time remaining is 0h:18m
2024-05-07 11:16:46 INFO Epoch 150/160	Training Loss: 1.3873	Time remaining is 0h:16m
2024-05-07 11:18:01 INFO Testing: dataset_name: DukeMTMC-reID top1:0.8685 top5:0.9399 top10:0.9578 mAP:0.7535
2024-05-07 11:19:22 INFO Epoch 151/160	Training Loss: 1.3792	Time remaining is 0h:15m
2024-05-07 11:20:43 INFO Epoch 152/160	Training Loss: 1.3871	Time remaining is 0h:13m
2024-05-07 11:22:05 INFO Epoch 153/160	Training Loss: 1.3925	Time remaining is 0h:12m
2024-05-07 11:23:26 INFO Epoch 154/160	Training Loss: 1.3792	Time remaining is 0h:10m
2024-05-07 11:24:47 INFO Epoch 155/160	Training Loss: 1.3740	Time remaining is 0h:9m
2024-05-07 11:26:02 INFO Testing: dataset_name: DukeMTMC-reID top1:0.8703 top5:0.9403 top10:0.9583 mAP:0.7550
2024-05-07 11:27:24 INFO Epoch 156/160	Training Loss: 1.3990	Time remaining is 0h:7m
2024-05-07 11:28:45 INFO Epoch 157/160	Training Loss: 1.3847	Time remaining is 0h:6m
2024-05-07 11:30:07 INFO Epoch 158/160	Training Loss: 1.3918	Time remaining is 0h:4m
2024-05-07 11:31:29 INFO Epoch 159/160	Training Loss: 1.3803	Time remaining is 0h:3m
2024-05-07 11:32:50 INFO Epoch 160/160	Training Loss: 1.3805	Time remaining is 0h:1m
2024-05-07 11:34:05 INFO Testing: dataset_name: DukeMTMC-reID top1:0.8698 top5:0.9399 top10:0.9587 mAP:0.7532
2024-05-07 11:34:05 INFO The running time of training: 1.41624e+04 s
