2024-05-07 21:32:24 INFO ##################################################
2024-05-07 21:32:24 INFO Config values: batch_size: 60	current_directory: /home/hy/project/reid_task/ex_main1	dataset_name: DukeMTMC-reID	dataset_path: /home/hy/project/data/DukeMTMC-reID	device: cuda	dtype: torch.float32	epoch_start_test: 90	epochs: 160	img_height: 256	img_width: 128	logs_outputs_path: /home/hy/project/reid_task/ex_main1/./outputs/logs	models_outputs_path: /home/hy/project/reid_task/ex_main1/./outputs/models	np: <module 'numpy' from '/home/hy/anaconda3/envs/py396/lib/python3.9/site-packages/numpy/__init__.py'>	os: <module 'os' from '/home/hy/anaconda3/envs/py396/lib/python3.9/os.py'>	outputs_dir: ./outputs/	outputs_path: /home/hy/project/reid_task/ex_main1/./outputs/	print_every: 1	seed: 4	taskname: ReID_Task	temps_outputs_path: /home/hy/project/reid_task/ex_main1/./outputs/temps	test_batch_size: 256	test_every: 5	torch: <module 'torch' from '/home/hy/anaconda3/envs/py396/lib/python3.9/site-packages/torch/__init__.py'>
2024-05-07 21:32:24 INFO Task: ReID_Task
2024-05-07 21:32:24 INFO Using device: cuda
2024-05-07 21:32:24 INFO Using data type: torch.float32
2024-05-07 21:32:24 INFO Number of GPUs: 1
2024-05-07 21:32:24 INFO GPU is_available: True
2024-05-07 21:32:24 INFO GPU name: NVIDIA GeForce RTX 3060
2024-05-07 21:32:24 INFO CUDA version: 12.1
2024-05-07 21:32:24 INFO Current device id: 0
2024-05-07 21:32:24 INFO ##################################################
2024-05-07 21:33:39 INFO Epoch 1/160	Training Loss: 9.9898	Time remaining is 3h:20m
2024-05-07 21:34:53 INFO Epoch 2/160	Training Loss: 8.8108	Time remaining is 3h:17m
2024-05-07 21:36:07 INFO Epoch 3/160	Training Loss: 7.7033	Time remaining is 3h:16m
2024-05-07 21:37:21 INFO Epoch 4/160	Training Loss: 6.2732	Time remaining is 3h:14m
2024-05-07 21:38:34 INFO Epoch 5/160	Training Loss: 4.8856	Time remaining is 3h:12m
2024-05-07 21:39:49 INFO Epoch 6/160	Training Loss: 3.7828	Time remaining is 3h:11m
2024-05-07 21:41:03 INFO Epoch 7/160	Training Loss: 2.9135	Time remaining is 3h:10m
2024-05-07 21:42:17 INFO Epoch 8/160	Training Loss: 2.4031	Time remaining is 3h:9m
2024-05-07 21:43:30 INFO Epoch 9/160	Training Loss: 2.1592	Time remaining is 3h:7m
2024-05-07 21:44:43 INFO Epoch 10/160	Training Loss: 2.0008	Time remaining is 3h:6m
2024-05-07 21:45:58 INFO Epoch 11/160	Training Loss: 1.9203	Time remaining is 3h:5m
2024-05-07 21:47:12 INFO Epoch 12/160	Training Loss: 1.8511	Time remaining is 3h:4m
2024-05-07 21:48:26 INFO Epoch 13/160	Training Loss: 1.7966	Time remaining is 3h:2m
2024-05-07 21:49:39 INFO Epoch 14/160	Training Loss: 1.7441	Time remaining is 3h:1m
2024-05-07 21:50:53 INFO Epoch 15/160	Training Loss: 1.7173	Time remaining is 2h:60m
2024-05-07 21:52:07 INFO Epoch 16/160	Training Loss: 1.6975	Time remaining is 2h:59m
2024-05-07 21:53:21 INFO Epoch 17/160	Training Loss: 1.6759	Time remaining is 2h:57m
2024-05-07 21:54:34 INFO Epoch 18/160	Training Loss: 1.6487	Time remaining is 2h:56m
2024-05-07 21:55:48 INFO Epoch 19/160	Training Loss: 1.6431	Time remaining is 2h:55m
2024-05-07 21:57:01 INFO Epoch 20/160	Training Loss: 1.6289	Time remaining is 2h:54m
2024-05-07 21:58:15 INFO Epoch 21/160	Training Loss: 1.6347	Time remaining is 2h:52m
2024-05-07 21:59:29 INFO Epoch 22/160	Training Loss: 1.6280	Time remaining is 2h:51m
2024-05-07 22:00:43 INFO Epoch 23/160	Training Loss: 1.6108	Time remaining is 2h:50m
2024-05-07 22:01:57 INFO Epoch 24/160	Training Loss: 1.6152	Time remaining is 2h:49m
2024-05-07 22:03:10 INFO Epoch 25/160	Training Loss: 1.6117	Time remaining is 2h:47m
2024-05-07 22:04:24 INFO Epoch 26/160	Training Loss: 1.6073	Time remaining is 2h:46m
2024-05-07 22:05:38 INFO Epoch 27/160	Training Loss: 1.6173	Time remaining is 2h:45m
2024-05-07 22:06:52 INFO Epoch 28/160	Training Loss: 1.6164	Time remaining is 2h:44m
2024-05-07 22:08:06 INFO Epoch 29/160	Training Loss: 1.5935	Time remaining is 2h:42m
2024-05-07 22:09:19 INFO Epoch 30/160	Training Loss: 1.5750	Time remaining is 2h:41m
2024-05-07 22:10:33 INFO Epoch 31/160	Training Loss: 1.6093	Time remaining is 2h:40m
2024-05-07 22:11:48 INFO Epoch 32/160	Training Loss: 1.6050	Time remaining is 2h:39m
2024-05-07 22:13:01 INFO Epoch 33/160	Training Loss: 1.5862	Time remaining is 2h:38m
2024-05-07 22:14:15 INFO Epoch 34/160	Training Loss: 1.5931	Time remaining is 2h:36m
2024-05-07 22:15:28 INFO Epoch 35/160	Training Loss: 1.5759	Time remaining is 2h:35m
2024-05-07 22:16:42 INFO Epoch 36/160	Training Loss: 1.5852	Time remaining is 2h:34m
2024-05-07 22:17:56 INFO Epoch 37/160	Training Loss: 1.5698	Time remaining is 2h:33m
2024-05-07 22:19:10 INFO Epoch 38/160	Training Loss: 1.5905	Time remaining is 2h:31m
2024-05-07 22:20:23 INFO Epoch 39/160	Training Loss: 1.5681	Time remaining is 2h:30m
2024-05-07 22:21:37 INFO Epoch 40/160	Training Loss: 1.5634	Time remaining is 2h:29m
2024-05-07 22:22:50 INFO Epoch 41/160	Training Loss: 1.5112	Time remaining is 2h:28m
2024-05-07 22:24:04 INFO Epoch 42/160	Training Loss: 1.4764	Time remaining is 2h:26m
2024-05-07 22:25:18 INFO Epoch 43/160	Training Loss: 1.4554	Time remaining is 2h:25m
2024-05-07 22:26:32 INFO Epoch 44/160	Training Loss: 1.4512	Time remaining is 2h:24m
2024-05-07 22:27:45 INFO Epoch 45/160	Training Loss: 1.4405	Time remaining is 2h:23m
2024-05-07 22:28:58 INFO Epoch 46/160	Training Loss: 1.4371	Time remaining is 2h:21m
2024-05-07 22:30:13 INFO Epoch 47/160	Training Loss: 1.4435	Time remaining is 2h:20m
2024-05-07 22:31:26 INFO Epoch 48/160	Training Loss: 1.4266	Time remaining is 2h:19m
2024-05-07 22:32:40 INFO Epoch 49/160	Training Loss: 1.4320	Time remaining is 2h:18m
2024-05-07 22:33:54 INFO Epoch 50/160	Training Loss: 1.4222	Time remaining is 2h:17m
2024-05-07 22:35:07 INFO Epoch 51/160	Training Loss: 1.4271	Time remaining is 2h:15m
2024-05-07 22:36:21 INFO Epoch 52/160	Training Loss: 1.4187	Time remaining is 2h:14m
2024-05-07 22:37:34 INFO Epoch 53/160	Training Loss: 1.4199	Time remaining is 2h:13m
2024-05-07 22:38:48 INFO Epoch 54/160	Training Loss: 1.4162	Time remaining is 2h:12m
2024-05-07 22:40:01 INFO Epoch 55/160	Training Loss: 1.4089	Time remaining is 2h:10m
2024-05-07 22:41:15 INFO Epoch 56/160	Training Loss: 1.4172	Time remaining is 2h:9m
2024-05-07 22:42:28 INFO Epoch 57/160	Training Loss: 1.4048	Time remaining is 2h:8m
2024-05-07 22:43:42 INFO Epoch 58/160	Training Loss: 1.4166	Time remaining is 2h:7m
2024-05-07 22:44:56 INFO Epoch 59/160	Training Loss: 1.4151	Time remaining is 2h:5m
2024-05-07 22:46:10 INFO Epoch 60/160	Training Loss: 1.4163	Time remaining is 2h:4m
2024-05-07 22:47:23 INFO Epoch 61/160	Training Loss: 1.4086	Time remaining is 2h:3m
2024-05-07 22:48:37 INFO Epoch 62/160	Training Loss: 1.4090	Time remaining is 2h:2m
2024-05-07 22:49:51 INFO Epoch 63/160	Training Loss: 1.4126	Time remaining is 2h:0m
2024-05-07 22:51:04 INFO Epoch 64/160	Training Loss: 1.3997	Time remaining is 1h:59m
2024-05-07 22:52:18 INFO Epoch 65/160	Training Loss: 1.4098	Time remaining is 1h:58m
2024-05-07 22:53:32 INFO Epoch 66/160	Training Loss: 1.4027	Time remaining is 1h:57m
2024-05-07 22:54:45 INFO Epoch 67/160	Training Loss: 1.4064	Time remaining is 1h:56m
2024-05-07 22:55:59 INFO Epoch 68/160	Training Loss: 1.3997	Time remaining is 1h:54m
2024-05-07 22:57:13 INFO Epoch 69/160	Training Loss: 1.4063	Time remaining is 1h:53m
2024-05-07 22:58:26 INFO Epoch 70/160	Training Loss: 1.3981	Time remaining is 1h:52m
2024-05-07 22:59:40 INFO Epoch 71/160	Training Loss: 1.4019	Time remaining is 1h:51m
2024-05-07 23:00:54 INFO Epoch 72/160	Training Loss: 1.3985	Time remaining is 1h:49m
2024-05-07 23:02:08 INFO Epoch 73/160	Training Loss: 1.3961	Time remaining is 1h:48m
2024-05-07 23:03:21 INFO Epoch 74/160	Training Loss: 1.3900	Time remaining is 1h:47m
2024-05-07 23:04:35 INFO Epoch 75/160	Training Loss: 1.3979	Time remaining is 1h:46m
2024-05-07 23:05:49 INFO Epoch 76/160	Training Loss: 1.4020	Time remaining is 1h:44m
2024-05-07 23:07:03 INFO Epoch 77/160	Training Loss: 1.3853	Time remaining is 1h:43m
2024-05-07 23:08:16 INFO Epoch 78/160	Training Loss: 1.3879	Time remaining is 1h:42m
2024-05-07 23:09:30 INFO Epoch 79/160	Training Loss: 1.3901	Time remaining is 1h:41m
2024-05-07 23:10:44 INFO Epoch 80/160	Training Loss: 1.3945	Time remaining is 1h:40m
2024-05-07 23:11:57 INFO Epoch 81/160	Training Loss: 1.3879	Time remaining is 1h:38m
2024-05-07 23:13:11 INFO Epoch 82/160	Training Loss: 1.4026	Time remaining is 1h:37m
2024-05-07 23:14:24 INFO Epoch 83/160	Training Loss: 1.3889	Time remaining is 1h:36m
2024-05-07 23:15:38 INFO Epoch 84/160	Training Loss: 1.3896	Time remaining is 1h:35m
2024-05-07 23:16:52 INFO Epoch 85/160	Training Loss: 1.3945	Time remaining is 1h:33m
2024-05-07 23:18:06 INFO Epoch 86/160	Training Loss: 1.3917	Time remaining is 1h:32m
2024-05-07 23:19:19 INFO Epoch 87/160	Training Loss: 1.3860	Time remaining is 1h:31m
2024-05-07 23:20:32 INFO Epoch 88/160	Training Loss: 1.3882	Time remaining is 1h:30m
2024-05-07 23:21:46 INFO Epoch 89/160	Training Loss: 1.3871	Time remaining is 1h:28m
2024-05-07 23:23:00 INFO Epoch 90/160	Training Loss: 1.3923	Time remaining is 1h:27m
2024-05-07 23:23:57 INFO Testing: dataset_name: DukeMTMC-reID top1:0.8532 top5:0.9354 top10:0.9551 mAP:0.7428
2024-05-07 23:25:10 INFO Epoch 91/160	Training Loss: 1.3880	Time remaining is 1h:27m
2024-05-07 23:26:24 INFO Epoch 92/160	Training Loss: 1.3897	Time remaining is 1h:25m
2024-05-07 23:27:38 INFO Epoch 93/160	Training Loss: 1.3920	Time remaining is 1h:24m
2024-05-07 23:28:51 INFO Epoch 94/160	Training Loss: 1.3761	Time remaining is 1h:23m
2024-05-07 23:30:04 INFO Epoch 95/160	Training Loss: 1.3851	Time remaining is 1h:22m
2024-05-07 23:31:01 INFO Testing: dataset_name: DukeMTMC-reID top1:0.8550 top5:0.9358 top10:0.9551 mAP:0.7453
2024-05-07 23:32:14 INFO Epoch 96/160	Training Loss: 1.3844	Time remaining is 1h:21m
2024-05-07 23:33:28 INFO Epoch 97/160	Training Loss: 1.3814	Time remaining is 1h:20m
2024-05-07 23:34:41 INFO Epoch 98/160	Training Loss: 1.3842	Time remaining is 1h:19m
2024-05-07 23:35:54 INFO Epoch 99/160	Training Loss: 1.3801	Time remaining is 1h:17m
2024-05-07 23:37:08 INFO Epoch 100/160	Training Loss: 1.3833	Time remaining is 1h:16m
2024-05-07 23:38:05 INFO Testing: dataset_name: DukeMTMC-reID top1:0.8550 top5:0.9345 top10:0.9578 mAP:0.7452
2024-05-07 23:39:18 INFO Epoch 101/160	Training Loss: 1.3795	Time remaining is 1h:15m
2024-05-07 23:40:31 INFO Epoch 102/160	Training Loss: 1.3896	Time remaining is 1h:14m
2024-05-07 23:41:45 INFO Epoch 103/160	Training Loss: 1.3844	Time remaining is 1h:13m
2024-05-07 23:42:58 INFO Epoch 104/160	Training Loss: 1.3852	Time remaining is 1h:12m
2024-05-07 23:44:12 INFO Epoch 105/160	Training Loss: 1.3855	Time remaining is 1h:10m
2024-05-07 23:45:09 INFO Testing: dataset_name: DukeMTMC-reID top1:0.8577 top5:0.9358 top10:0.9583 mAP:0.7473
2024-05-07 23:46:23 INFO Epoch 106/160	Training Loss: 1.3968	Time remaining is 1h:10m
2024-05-07 23:47:37 INFO Epoch 107/160	Training Loss: 1.3953	Time remaining is 1h:8m
2024-05-07 23:48:51 INFO Epoch 108/160	Training Loss: 1.3843	Time remaining is 1h:7m
2024-05-07 23:50:04 INFO Epoch 109/160	Training Loss: 1.3843	Time remaining is 1h:6m
2024-05-07 23:51:18 INFO Epoch 110/160	Training Loss: 1.3771	Time remaining is 1h:4m
2024-05-07 23:52:15 INFO Testing: dataset_name: DukeMTMC-reID top1:0.8555 top5:0.9358 top10:0.9578 mAP:0.7481
2024-05-07 23:53:29 INFO Epoch 111/160	Training Loss: 1.3957	Time remaining is 1h:4m
2024-05-07 23:54:43 INFO Epoch 112/160	Training Loss: 1.3878	Time remaining is 1h:2m
2024-05-07 23:55:56 INFO Epoch 113/160	Training Loss: 1.3904	Time remaining is 1h:1m
2024-05-07 23:57:10 INFO Epoch 114/160	Training Loss: 1.3799	Time remaining is 0h:60m
2024-05-07 23:58:24 INFO Epoch 115/160	Training Loss: 1.3915	Time remaining is 0h:58m
2024-05-07 23:59:21 INFO Testing: dataset_name: DukeMTMC-reID top1:0.8559 top5:0.9331 top10:0.9574 mAP:0.7466
2024-05-08 00:00:35 INFO Epoch 116/160	Training Loss: 1.3884	Time remaining is 0h:57m
2024-05-08 00:01:48 INFO Epoch 117/160	Training Loss: 1.3777	Time remaining is 0h:56m
2024-05-08 00:03:02 INFO Epoch 118/160	Training Loss: 1.3940	Time remaining is 0h:55m
2024-05-08 00:04:16 INFO Epoch 119/160	Training Loss: 1.3898	Time remaining is 0h:54m
2024-05-08 00:05:30 INFO Epoch 120/160	Training Loss: 1.3881	Time remaining is 0h:52m
2024-05-08 00:06:27 INFO Testing: dataset_name: DukeMTMC-reID top1:0.8573 top5:0.9345 top10:0.9551 mAP:0.7474
2024-05-08 00:07:41 INFO Epoch 121/160	Training Loss: 1.3831	Time remaining is 0h:51m
2024-05-08 00:08:56 INFO Epoch 122/160	Training Loss: 1.3996	Time remaining is 0h:50m
2024-05-08 00:10:09 INFO Epoch 123/160	Training Loss: 1.3836	Time remaining is 0h:49m
2024-05-08 00:11:23 INFO Epoch 124/160	Training Loss: 1.3823	Time remaining is 0h:47m
2024-05-08 00:12:36 INFO Epoch 125/160	Training Loss: 1.3842	Time remaining is 0h:46m
2024-05-08 00:13:33 INFO Testing: dataset_name: DukeMTMC-reID top1:0.8568 top5:0.9345 top10:0.9560 mAP:0.7501
2024-05-08 00:14:47 INFO Epoch 126/160	Training Loss: 1.3874	Time remaining is 0h:45m
2024-05-08 00:16:00 INFO Epoch 127/160	Training Loss: 1.3828	Time remaining is 0h:44m
2024-05-08 00:17:14 INFO Epoch 128/160	Training Loss: 1.3819	Time remaining is 0h:42m
2024-05-08 00:18:27 INFO Epoch 129/160	Training Loss: 1.3836	Time remaining is 0h:41m
2024-05-08 00:19:41 INFO Epoch 130/160	Training Loss: 1.3854	Time remaining is 0h:40m
2024-05-08 00:20:38 INFO Testing: dataset_name: DukeMTMC-reID top1:0.8582 top5:0.9349 top10:0.9569 mAP:0.7493
2024-05-08 00:21:52 INFO Epoch 131/160	Training Loss: 1.3878	Time remaining is 0h:39m
2024-05-08 00:23:05 INFO Epoch 132/160	Training Loss: 1.3812	Time remaining is 0h:37m
2024-05-08 00:24:19 INFO Epoch 133/160	Training Loss: 1.3876	Time remaining is 0h:36m
2024-05-08 00:25:32 INFO Epoch 134/160	Training Loss: 1.3810	Time remaining is 0h:35m
2024-05-08 00:26:46 INFO Epoch 135/160	Training Loss: 1.3801	Time remaining is 0h:34m
2024-05-08 00:27:43 INFO Testing: dataset_name: DukeMTMC-reID top1:0.8582 top5:0.9349 top10:0.9569 mAP:0.7498
2024-05-08 00:28:57 INFO Epoch 136/160	Training Loss: 1.3980	Time remaining is 0h:32m
2024-05-08 00:30:11 INFO Epoch 137/160	Training Loss: 1.3859	Time remaining is 0h:31m
2024-05-08 00:31:24 INFO Epoch 138/160	Training Loss: 1.3811	Time remaining is 0h:30m
2024-05-08 00:32:38 INFO Epoch 139/160	Training Loss: 1.3866	Time remaining is 0h:29m
2024-05-08 00:33:51 INFO Epoch 140/160	Training Loss: 1.3813	Time remaining is 0h:27m
2024-05-08 00:34:49 INFO Testing: dataset_name: DukeMTMC-reID top1:0.8595 top5:0.9354 top10:0.9583 mAP:0.7500
2024-05-08 00:36:02 INFO Epoch 141/160	Training Loss: 1.3878	Time remaining is 0h:26m
2024-05-08 00:37:15 INFO Epoch 142/160	Training Loss: 1.3749	Time remaining is 0h:25m
2024-05-08 00:38:29 INFO Epoch 143/160	Training Loss: 1.3807	Time remaining is 0h:23m
2024-05-08 00:39:42 INFO Epoch 144/160	Training Loss: 1.3874	Time remaining is 0h:22m
2024-05-08 00:40:56 INFO Epoch 145/160	Training Loss: 1.3872	Time remaining is 0h:21m
2024-05-08 00:41:54 INFO Testing: dataset_name: DukeMTMC-reID top1:0.8600 top5:0.9372 top10:0.9574 mAP:0.7523
2024-05-08 00:43:07 INFO Epoch 146/160	Training Loss: 1.3874	Time remaining is 0h:20m
2024-05-08 00:44:20 INFO Epoch 147/160	Training Loss: 1.3819	Time remaining is 0h:18m
2024-05-08 00:45:34 INFO Epoch 148/160	Training Loss: 1.3913	Time remaining is 0h:17m
2024-05-08 00:46:48 INFO Epoch 149/160	Training Loss: 1.3924	Time remaining is 0h:16m
2024-05-08 00:48:02 INFO Epoch 150/160	Training Loss: 1.3863	Time remaining is 0h:14m
2024-05-08 00:48:59 INFO Testing: dataset_name: DukeMTMC-reID top1:0.8559 top5:0.9372 top10:0.9578 mAP:0.7511
2024-05-08 00:50:12 INFO Epoch 151/160	Training Loss: 1.3795	Time remaining is 0h:13m
2024-05-08 00:51:26 INFO Epoch 152/160	Training Loss: 1.3848	Time remaining is 0h:12m
2024-05-08 00:52:40 INFO Epoch 153/160	Training Loss: 1.3904	Time remaining is 0h:10m
2024-05-08 00:53:53 INFO Epoch 154/160	Training Loss: 1.3807	Time remaining is 0h:9m
2024-05-08 00:55:07 INFO Epoch 155/160	Training Loss: 1.3751	Time remaining is 0h:8m
2024-05-08 00:56:04 INFO Testing: dataset_name: DukeMTMC-reID top1:0.8613 top5:0.9363 top10:0.9583 mAP:0.7529
2024-05-08 00:57:18 INFO Epoch 156/160	Training Loss: 1.3971	Time remaining is 0h:7m
2024-05-08 00:58:32 INFO Epoch 157/160	Training Loss: 1.3853	Time remaining is 0h:5m
2024-05-08 00:59:46 INFO Epoch 158/160	Training Loss: 1.3909	Time remaining is 0h:4m
2024-05-08 01:00:59 INFO Epoch 159/160	Training Loss: 1.3787	Time remaining is 0h:3m
2024-05-08 01:02:13 INFO Epoch 160/160	Training Loss: 1.3793	Time remaining is 0h:1m
2024-05-08 01:03:10 INFO Testing: dataset_name: DukeMTMC-reID top1:0.8613 top5:0.9354 top10:0.9574 mAP:0.7520
2024-05-08 01:03:10 INFO The running time of training: 1.26465e+04 s
