2024-04-14 05:49:06 INFO ##################################################
2024-04-14 05:49:06 INFO Config values: batch_size: 60	current_directory: /home/hy/project/reid_task/ex_main-n1	dataset_name: market1501	dataset_path: /home/hy/project/data/Market-1501-v15.09.15	device: cuda	dtype: torch.float32	epoch_start_test: 90	epochs: 160	img_height: 256	img_width: 128	logs_outputs_path: /home/hy/project/reid_task/ex_main-n1/./outputs/logs	models_outputs_path: /home/hy/project/reid_task/ex_main-n1/./outputs/models	np: <module 'numpy' from '/home/hy/anaconda3/envs/py396/lib/python3.9/site-packages/numpy/__init__.py'>	os: <module 'os' from '/home/hy/anaconda3/envs/py396/lib/python3.9/os.py'>	outputs_dir: ./outputs/	outputs_path: /home/hy/project/reid_task/ex_main-n1/./outputs/	print_every: 1	seed: 1	taskname: ReID_Task	temps_outputs_path: /home/hy/project/reid_task/ex_main-n1/./outputs/temps	test_batch_size: 256	test_every: 5	torch: <module 'torch' from '/home/hy/anaconda3/envs/py396/lib/python3.9/site-packages/torch/__init__.py'>
2024-04-14 05:49:06 INFO Task: ReID_Task
2024-04-14 05:49:06 INFO Using device: cuda
2024-04-14 05:49:06 INFO Using data type: torch.float32
2024-04-14 05:49:06 INFO Number of GPUs: 1
2024-04-14 05:49:06 INFO GPU is_available: True
2024-04-14 05:49:06 INFO GPU name: NVIDIA GeForce RTX 3060
2024-04-14 05:49:06 INFO CUDA version: 12.1
2024-04-14 05:49:06 INFO Current device id: 0
2024-04-14 05:49:06 INFO ##################################################
2024-04-14 05:50:24 INFO Epoch 1/160	Training Loss: 9.6293	Time remaining is 3h:25m
2024-04-14 05:51:40 INFO Epoch 2/160	Training Loss: 8.1561	Time remaining is 3h:23m
2024-04-14 05:52:56 INFO Epoch 3/160	Training Loss: 6.3086	Time remaining is 3h:21m
2024-04-14 05:54:12 INFO Epoch 4/160	Training Loss: 4.8367	Time remaining is 3h:20m
2024-04-14 05:55:28 INFO Epoch 5/160	Training Loss: 3.7795	Time remaining is 3h:18m
2024-04-14 05:56:44 INFO Epoch 6/160	Training Loss: 3.0809	Time remaining is 3h:17m
2024-04-14 05:57:59 INFO Epoch 7/160	Training Loss: 2.7286	Time remaining is 3h:15m
2024-04-14 05:59:15 INFO Epoch 8/160	Training Loss: 2.5339	Time remaining is 3h:14m
2024-04-14 06:00:31 INFO Epoch 9/160	Training Loss: 2.4308	Time remaining is 3h:13m
2024-04-14 06:01:47 INFO Epoch 10/160	Training Loss: 2.3534	Time remaining is 3h:11m
2024-04-14 06:03:03 INFO Epoch 11/160	Training Loss: 2.3128	Time remaining is 3h:10m
2024-04-14 06:04:19 INFO Epoch 12/160	Training Loss: 2.2656	Time remaining is 3h:9m
2024-04-14 06:05:34 INFO Epoch 13/160	Training Loss: 2.2130	Time remaining is 3h:7m
2024-04-14 06:06:51 INFO Epoch 14/160	Training Loss: 2.2003	Time remaining is 3h:6m
2024-04-14 06:08:07 INFO Epoch 15/160	Training Loss: 2.1757	Time remaining is 3h:5m
2024-04-14 06:09:23 INFO Epoch 16/160	Training Loss: 2.1512	Time remaining is 3h:4m
2024-04-14 06:10:38 INFO Epoch 17/160	Training Loss: 2.1353	Time remaining is 3h:2m
2024-04-14 06:11:54 INFO Epoch 18/160	Training Loss: 2.1242	Time remaining is 3h:1m
2024-04-14 06:13:10 INFO Epoch 19/160	Training Loss: 2.1303	Time remaining is 2h:60m
2024-04-14 06:14:26 INFO Epoch 20/160	Training Loss: 2.1199	Time remaining is 2h:58m
2024-04-14 06:15:42 INFO Epoch 21/160	Training Loss: 2.1181	Time remaining is 2h:57m
2024-04-14 06:16:58 INFO Epoch 22/160	Training Loss: 2.1131	Time remaining is 2h:56m
2024-04-14 06:18:13 INFO Epoch 23/160	Training Loss: 2.1045	Time remaining is 2h:55m
2024-04-14 06:19:29 INFO Epoch 24/160	Training Loss: 2.1195	Time remaining is 2h:53m
2024-04-14 06:20:45 INFO Epoch 25/160	Training Loss: 2.1180	Time remaining is 2h:52m
2024-04-14 06:22:02 INFO Epoch 26/160	Training Loss: 2.1295	Time remaining is 2h:51m
2024-04-14 06:23:18 INFO Epoch 27/160	Training Loss: 2.1103	Time remaining is 2h:50m
2024-04-14 06:24:34 INFO Epoch 28/160	Training Loss: 2.1102	Time remaining is 2h:48m
2024-04-14 06:25:50 INFO Epoch 29/160	Training Loss: 2.1106	Time remaining is 2h:47m
2024-04-14 06:27:06 INFO Epoch 30/160	Training Loss: 2.0991	Time remaining is 2h:46m
2024-04-14 06:28:22 INFO Epoch 31/160	Training Loss: 2.0962	Time remaining is 2h:45m
2024-04-14 06:29:38 INFO Epoch 32/160	Training Loss: 2.1004	Time remaining is 2h:43m
2024-04-14 06:30:53 INFO Epoch 33/160	Training Loss: 2.1016	Time remaining is 2h:42m
2024-04-14 06:32:10 INFO Epoch 34/160	Training Loss: 2.1079	Time remaining is 2h:41m
2024-04-14 06:33:26 INFO Epoch 35/160	Training Loss: 2.1001	Time remaining is 2h:40m
2024-04-14 06:34:42 INFO Epoch 36/160	Training Loss: 2.0939	Time remaining is 2h:38m
2024-04-14 06:35:58 INFO Epoch 37/160	Training Loss: 2.0890	Time remaining is 2h:37m
2024-04-14 06:37:14 INFO Epoch 38/160	Training Loss: 2.0984	Time remaining is 2h:36m
2024-04-14 06:38:30 INFO Epoch 39/160	Training Loss: 2.1010	Time remaining is 2h:34m
2024-04-14 06:39:46 INFO Epoch 40/160	Training Loss: 2.0899	Time remaining is 2h:33m
2024-04-14 06:41:02 INFO Epoch 41/160	Training Loss: 2.0294	Time remaining is 2h:32m
2024-04-14 06:42:17 INFO Epoch 42/160	Training Loss: 1.9605	Time remaining is 2h:31m
2024-04-14 06:43:33 INFO Epoch 43/160	Training Loss: 1.9584	Time remaining is 2h:29m
2024-04-14 06:44:49 INFO Epoch 44/160	Training Loss: 1.9499	Time remaining is 2h:28m
2024-04-14 06:46:05 INFO Epoch 45/160	Training Loss: 1.9434	Time remaining is 2h:27m
2024-04-14 06:47:21 INFO Epoch 46/160	Training Loss: 1.9408	Time remaining is 2h:26m
2024-04-14 06:48:37 INFO Epoch 47/160	Training Loss: 1.9252	Time remaining is 2h:24m
2024-04-14 06:49:53 INFO Epoch 48/160	Training Loss: 1.9348	Time remaining is 2h:23m
2024-04-14 06:51:09 INFO Epoch 49/160	Training Loss: 1.9212	Time remaining is 2h:22m
2024-04-14 06:52:25 INFO Epoch 50/160	Training Loss: 1.9298	Time remaining is 2h:21m
2024-04-14 06:53:41 INFO Epoch 51/160	Training Loss: 1.9156	Time remaining is 2h:19m
2024-04-14 06:54:57 INFO Epoch 52/160	Training Loss: 1.9226	Time remaining is 2h:18m
2024-04-14 06:56:13 INFO Epoch 53/160	Training Loss: 1.9223	Time remaining is 2h:17m
2024-04-14 06:57:29 INFO Epoch 54/160	Training Loss: 1.9201	Time remaining is 2h:15m
2024-04-14 06:58:45 INFO Epoch 55/160	Training Loss: 1.9194	Time remaining is 2h:14m
2024-04-14 07:00:01 INFO Epoch 56/160	Training Loss: 1.9178	Time remaining is 2h:13m
2024-04-14 07:01:16 INFO Epoch 57/160	Training Loss: 1.9074	Time remaining is 2h:12m
2024-04-14 07:02:32 INFO Epoch 58/160	Training Loss: 1.9169	Time remaining is 2h:10m
2024-04-14 07:03:48 INFO Epoch 59/160	Training Loss: 1.9171	Time remaining is 2h:9m
2024-04-14 07:05:04 INFO Epoch 60/160	Training Loss: 1.9131	Time remaining is 2h:8m
2024-04-14 07:06:20 INFO Epoch 61/160	Training Loss: 1.9137	Time remaining is 2h:7m
2024-04-14 07:07:36 INFO Epoch 62/160	Training Loss: 1.9117	Time remaining is 2h:5m
2024-04-14 07:08:52 INFO Epoch 63/160	Training Loss: 1.9102	Time remaining is 2h:4m
2024-04-14 07:10:08 INFO Epoch 64/160	Training Loss: 1.9102	Time remaining is 2h:3m
2024-04-14 07:11:23 INFO Epoch 65/160	Training Loss: 1.9070	Time remaining is 2h:2m
2024-04-14 07:12:40 INFO Epoch 66/160	Training Loss: 1.9082	Time remaining is 2h:0m
2024-04-14 07:13:56 INFO Epoch 67/160	Training Loss: 1.9157	Time remaining is 1h:59m
2024-04-14 07:15:12 INFO Epoch 68/160	Training Loss: 1.9055	Time remaining is 1h:58m
2024-04-14 07:16:28 INFO Epoch 69/160	Training Loss: 1.8982	Time remaining is 1h:56m
2024-04-14 07:17:44 INFO Epoch 70/160	Training Loss: 1.9050	Time remaining is 1h:55m
2024-04-14 07:19:00 INFO Epoch 71/160	Training Loss: 1.9021	Time remaining is 1h:54m
2024-04-14 07:20:16 INFO Epoch 72/160	Training Loss: 1.8980	Time remaining is 1h:53m
2024-04-14 07:21:32 INFO Epoch 73/160	Training Loss: 1.8954	Time remaining is 1h:51m
2024-04-14 07:22:48 INFO Epoch 74/160	Training Loss: 1.8851	Time remaining is 1h:50m
2024-04-14 07:24:03 INFO Epoch 75/160	Training Loss: 1.8850	Time remaining is 1h:49m
2024-04-14 07:25:19 INFO Epoch 76/160	Training Loss: 1.8817	Time remaining is 1h:48m
2024-04-14 07:26:35 INFO Epoch 77/160	Training Loss: 1.8933	Time remaining is 1h:46m
2024-04-14 07:27:50 INFO Epoch 78/160	Training Loss: 1.8840	Time remaining is 1h:45m
2024-04-14 07:29:06 INFO Epoch 79/160	Training Loss: 1.8915	Time remaining is 1h:44m
2024-04-14 07:30:22 INFO Epoch 80/160	Training Loss: 1.8926	Time remaining is 1h:43m
2024-04-14 07:31:38 INFO Epoch 81/160	Training Loss: 1.8909	Time remaining is 1h:41m
2024-04-14 07:32:54 INFO Epoch 82/160	Training Loss: 1.8913	Time remaining is 1h:40m
2024-04-14 07:34:10 INFO Epoch 83/160	Training Loss: 1.8915	Time remaining is 1h:39m
2024-04-14 07:35:26 INFO Epoch 84/160	Training Loss: 1.8894	Time remaining is 1h:37m
2024-04-14 07:36:42 INFO Epoch 85/160	Training Loss: 1.8923	Time remaining is 1h:36m
2024-04-14 07:37:58 INFO Epoch 86/160	Training Loss: 1.8915	Time remaining is 1h:35m
2024-04-14 07:39:15 INFO Epoch 87/160	Training Loss: 1.8898	Time remaining is 1h:34m
2024-04-14 07:40:30 INFO Epoch 88/160	Training Loss: 1.8793	Time remaining is 1h:32m
2024-04-14 07:41:46 INFO Epoch 89/160	Training Loss: 1.8894	Time remaining is 1h:31m
2024-04-14 07:43:02 INFO Epoch 90/160	Training Loss: 1.8899	Time remaining is 1h:30m
2024-04-14 07:44:29 INFO Testing: dataset_name: market1501 top1:0.9471 top5:0.9828 top10:0.9908 mAP:0.8702
2024-04-14 07:45:45 INFO Epoch 91/160	Training Loss: 1.8905	Time remaining is 1h:30m
2024-04-14 07:47:01 INFO Epoch 92/160	Training Loss: 1.8783	Time remaining is 1h:28m
2024-04-14 07:48:17 INFO Epoch 93/160	Training Loss: 1.8906	Time remaining is 1h:27m
2024-04-14 07:49:33 INFO Epoch 94/160	Training Loss: 1.8880	Time remaining is 1h:26m
2024-04-14 07:50:49 INFO Epoch 95/160	Training Loss: 1.8785	Time remaining is 1h:25m
2024-04-14 07:52:16 INFO Testing: dataset_name: market1501 top1:0.9480 top5:0.9834 top10:0.9908 mAP:0.8718
2024-04-14 07:53:32 INFO Epoch 96/160	Training Loss: 1.8898	Time remaining is 1h:24m
2024-04-14 07:54:48 INFO Epoch 97/160	Training Loss: 1.8770	Time remaining is 1h:23m
2024-04-14 07:56:04 INFO Epoch 98/160	Training Loss: 1.8906	Time remaining is 1h:22m
2024-04-14 07:57:20 INFO Epoch 99/160	Training Loss: 1.8882	Time remaining is 1h:20m
2024-04-14 07:58:37 INFO Epoch 100/160	Training Loss: 1.8858	Time remaining is 1h:19m
2024-04-14 08:00:04 INFO Testing: dataset_name: market1501 top1:0.9457 top5:0.9840 top10:0.9911 mAP:0.8708
2024-04-14 08:01:20 INFO Epoch 101/160	Training Loss: 1.8893	Time remaining is 1h:19m
2024-04-14 08:02:36 INFO Epoch 102/160	Training Loss: 1.8869	Time remaining is 1h:17m
2024-04-14 08:03:52 INFO Epoch 103/160	Training Loss: 1.8860	Time remaining is 1h:16m
2024-04-14 08:05:08 INFO Epoch 104/160	Training Loss: 1.8859	Time remaining is 1h:15m
2024-04-14 08:06:24 INFO Epoch 105/160	Training Loss: 1.8968	Time remaining is 1h:13m
2024-04-14 08:07:51 INFO Testing: dataset_name: market1501 top1:0.9477 top5:0.9825 top10:0.9908 mAP:0.8708
2024-04-14 08:09:07 INFO Epoch 106/160	Training Loss: 1.8881	Time remaining is 1h:13m
2024-04-14 08:10:23 INFO Epoch 107/160	Training Loss: 1.8770	Time remaining is 1h:11m
2024-04-14 08:11:38 INFO Epoch 108/160	Training Loss: 1.8873	Time remaining is 1h:10m
2024-04-14 08:12:54 INFO Epoch 109/160	Training Loss: 1.8865	Time remaining is 1h:9m
2024-04-14 08:14:10 INFO Epoch 110/160	Training Loss: 1.8850	Time remaining is 1h:7m
2024-04-14 08:15:38 INFO Testing: dataset_name: market1501 top1:0.9498 top5:0.9828 top10:0.9911 mAP:0.8727
2024-04-14 08:16:53 INFO Epoch 111/160	Training Loss: 1.8746	Time remaining is 1h:7m
2024-04-14 08:18:09 INFO Epoch 112/160	Training Loss: 1.8853	Time remaining is 1h:5m
2024-04-14 08:19:25 INFO Epoch 113/160	Training Loss: 1.8853	Time remaining is 1h:4m
2024-04-14 08:20:41 INFO Epoch 114/160	Training Loss: 1.8772	Time remaining is 1h:2m
2024-04-14 08:21:57 INFO Epoch 115/160	Training Loss: 1.8934	Time remaining is 1h:1m
2024-04-14 08:23:24 INFO Testing: dataset_name: market1501 top1:0.9471 top5:0.9828 top10:0.9911 mAP:0.8727
2024-04-14 08:24:41 INFO Epoch 116/160	Training Loss: 1.8853	Time remaining is 1h:0m
2024-04-14 08:25:57 INFO Epoch 117/160	Training Loss: 1.8868	Time remaining is 0h:59m
2024-04-14 08:27:13 INFO Epoch 118/160	Training Loss: 1.8848	Time remaining is 0h:58m
2024-04-14 08:28:29 INFO Epoch 119/160	Training Loss: 1.8942	Time remaining is 0h:56m
2024-04-14 08:29:45 INFO Epoch 120/160	Training Loss: 1.8733	Time remaining is 0h:55m
2024-04-14 08:31:12 INFO Testing: dataset_name: market1501 top1:0.9477 top5:0.9852 top10:0.9914 mAP:0.8742
2024-04-14 08:32:28 INFO Epoch 121/160	Training Loss: 1.8833	Time remaining is 0h:54m
2024-04-14 08:33:44 INFO Epoch 122/160	Training Loss: 1.8825	Time remaining is 0h:53m
2024-04-14 08:35:00 INFO Epoch 123/160	Training Loss: 1.8828	Time remaining is 0h:51m
2024-04-14 08:36:15 INFO Epoch 124/160	Training Loss: 1.8755	Time remaining is 0h:50m
2024-04-14 08:37:32 INFO Epoch 125/160	Training Loss: 1.8847	Time remaining is 0h:49m
2024-04-14 08:38:59 INFO Testing: dataset_name: market1501 top1:0.9466 top5:0.9828 top10:0.9905 mAP:0.8752
2024-04-14 08:40:15 INFO Epoch 126/160	Training Loss: 1.8843	Time remaining is 0h:48m
2024-04-14 08:41:31 INFO Epoch 127/160	Training Loss: 1.8832	Time remaining is 0h:46m
2024-04-14 08:42:47 INFO Epoch 128/160	Training Loss: 1.8823	Time remaining is 0h:45m
2024-04-14 08:44:03 INFO Epoch 129/160	Training Loss: 1.8840	Time remaining is 0h:43m
2024-04-14 08:45:19 INFO Epoch 130/160	Training Loss: 1.8844	Time remaining is 0h:42m
2024-04-14 08:46:46 INFO Testing: dataset_name: market1501 top1:0.9483 top5:0.9822 top10:0.9914 mAP:0.8752
2024-04-14 08:48:01 INFO Epoch 131/160	Training Loss: 1.8747	Time remaining is 0h:41m
2024-04-14 08:49:18 INFO Epoch 132/160	Training Loss: 1.8816	Time remaining is 0h:40m
2024-04-14 08:50:33 INFO Epoch 133/160	Training Loss: 1.8731	Time remaining is 0h:38m
2024-04-14 08:51:49 INFO Epoch 134/160	Training Loss: 1.8832	Time remaining is 0h:37m
2024-04-14 08:53:05 INFO Epoch 135/160	Training Loss: 1.8743	Time remaining is 0h:35m
2024-04-14 08:54:32 INFO Testing: dataset_name: market1501 top1:0.9483 top5:0.9834 top10:0.9914 mAP:0.8763
2024-04-14 08:55:47 INFO Epoch 136/160	Training Loss: 1.8733	Time remaining is 0h:34m
2024-04-14 08:57:03 INFO Epoch 137/160	Training Loss: 1.8825	Time remaining is 0h:33m
2024-04-14 08:58:19 INFO Epoch 138/160	Training Loss: 1.8826	Time remaining is 0h:32m
2024-04-14 08:59:35 INFO Epoch 139/160	Training Loss: 1.8719	Time remaining is 0h:30m
2024-04-14 09:00:51 INFO Epoch 140/160	Training Loss: 1.8813	Time remaining is 0h:29m
2024-04-14 09:02:18 INFO Testing: dataset_name: market1501 top1:0.9480 top5:0.9843 top10:0.9917 mAP:0.8756
2024-04-14 09:03:34 INFO Epoch 141/160	Training Loss: 1.8824	Time remaining is 0h:28m
2024-04-14 09:04:50 INFO Epoch 142/160	Training Loss: 1.8807	Time remaining is 0h:26m
2024-04-14 09:06:06 INFO Epoch 143/160	Training Loss: 1.8824	Time remaining is 0h:25m
2024-04-14 09:07:22 INFO Epoch 144/160	Training Loss: 1.8797	Time remaining is 0h:23m
2024-04-14 09:08:39 INFO Epoch 145/160	Training Loss: 1.8825	Time remaining is 0h:22m
2024-04-14 09:10:07 INFO Testing: dataset_name: market1501 top1:0.9492 top5:0.9825 top10:0.9920 mAP:0.8766
2024-04-14 09:11:23 INFO Epoch 146/160	Training Loss: 1.8805	Time remaining is 0h:21m
2024-04-14 09:12:39 INFO Epoch 147/160	Training Loss: 1.8804	Time remaining is 0h:19m
2024-04-14 09:13:55 INFO Epoch 148/160	Training Loss: 1.8810	Time remaining is 0h:18m
2024-04-14 09:15:12 INFO Epoch 149/160	Training Loss: 1.8898	Time remaining is 0h:17m
2024-04-14 09:16:28 INFO Epoch 150/160	Training Loss: 1.8701	Time remaining is 0h:15m
2024-04-14 09:17:55 INFO Testing: dataset_name: market1501 top1:0.9480 top5:0.9840 top10:0.9920 mAP:0.8762
2024-04-14 09:19:11 INFO Epoch 151/160	Training Loss: 1.8800	Time remaining is 0h:14m
2024-04-14 09:20:27 INFO Epoch 152/160	Training Loss: 1.8791	Time remaining is 0h:13m
2024-04-14 09:21:44 INFO Epoch 153/160	Training Loss: 1.8795	Time remaining is 0h:11m
2024-04-14 09:23:00 INFO Epoch 154/160	Training Loss: 1.8801	Time remaining is 0h:10m
2024-04-14 09:24:16 INFO Epoch 155/160	Training Loss: 1.8810	Time remaining is 0h:8m
2024-04-14 09:25:43 INFO Testing: dataset_name: market1501 top1:0.9483 top5:0.9828 top10:0.9917 mAP:0.8780
2024-04-14 09:26:59 INFO Epoch 156/160	Training Loss: 1.8710	Time remaining is 0h:7m
2024-04-14 09:28:15 INFO Epoch 157/160	Training Loss: 1.8800	Time remaining is 0h:6m
2024-04-14 09:29:31 INFO Epoch 158/160	Training Loss: 1.8706	Time remaining is 0h:4m
2024-04-14 09:30:47 INFO Epoch 159/160	Training Loss: 1.8784	Time remaining is 0h:3m
2024-04-14 09:32:02 INFO Epoch 160/160	Training Loss: 1.8685	Time remaining is 0h:1m
2024-04-14 09:33:30 INFO Testing: dataset_name: market1501 top1:0.9489 top5:0.9831 top10:0.9923 mAP:0.8767
2024-04-14 09:33:30 INFO The running time of training: 1.34638e+04 s
