2024-10-07 17:10:17 INFO ##################################################
2024-10-07 17:10:17 INFO Config values: batch_size: 60	current_directory: /home/hy/project/reid_task/ex_003_28	dataset_name: Occluded_Duke	dataset_path: /home/hy/project/data/Occluded_Duke	device: cuda	dtype: torch.float32	epoch_start_test: 90	epochs: 120	img_height: 256	img_width: 128	logs_outputs_path: /home/hy/project/reid_task/ex_003_28/./outputs/logs	models_outputs_path: /home/hy/project/reid_task/ex_003_28/./outputs/models	np: <module 'numpy' from '/home/hy/anaconda3/envs/py396/lib/python3.9/site-packages/numpy/__init__.py'>	os: <module 'os' from '/home/hy/anaconda3/envs/py396/lib/python3.9/os.py'>	outputs_dir: ./outputs/	outputs_path: /home/hy/project/reid_task/ex_003_28/./outputs/	print_every: 1	seed: 1	taskname: ReID_Task	temps_outputs_path: /home/hy/project/reid_task/ex_003_28/./outputs/temps	test_batch_size: 256	test_every: 5	torch: <module 'torch' from '/home/hy/anaconda3/envs/py396/lib/python3.9/site-packages/torch/__init__.py'>
2024-10-07 17:10:17 INFO Task: ReID_Task
2024-10-07 17:10:17 INFO Using device: cuda
2024-10-07 17:10:17 INFO Using data type: torch.float32
2024-10-07 17:10:17 INFO Number of GPUs: 1
2024-10-07 17:10:17 INFO GPU is_available: True
2024-10-07 17:10:17 INFO GPU name: NVIDIA GeForce RTX 3060
2024-10-07 17:10:17 INFO CUDA version: 12.1
2024-10-07 17:10:17 INFO Current device id: 0
2024-10-07 17:10:17 INFO ##################################################
2024-10-07 17:11:34 INFO Epoch 1/120	Training Loss: 5.6926	Time remaining is 2h:32m
2024-10-07 17:12:49 INFO Epoch 2/120	Training Loss: 5.5562	Time remaining is 2h:31m
2024-10-07 17:14:06 INFO Epoch 3/120	Training Loss: 5.4402	Time remaining is 2h:30m
2024-10-07 17:15:22 INFO Epoch 4/120	Training Loss: 5.2069	Time remaining is 2h:29m
2024-10-07 17:16:39 INFO Epoch 5/120	Training Loss: 4.9573	Time remaining is 2h:27m
2024-10-07 17:17:55 INFO Epoch 6/120	Training Loss: 4.7633	Time remaining is 2h:26m
2024-10-07 17:19:11 INFO Epoch 7/120	Training Loss: 4.5262	Time remaining is 2h:25m
2024-10-07 17:20:28 INFO Epoch 8/120	Training Loss: 4.2786	Time remaining is 2h:24m
2024-10-07 17:21:45 INFO Epoch 9/120	Training Loss: 4.0335	Time remaining is 2h:23m
2024-10-07 17:23:01 INFO Epoch 10/120	Training Loss: 3.7692	Time remaining is 2h:21m
2024-10-07 17:24:17 INFO Epoch 11/120	Training Loss: 3.4937	Time remaining is 2h:20m
2024-10-07 17:25:32 INFO Epoch 12/120	Training Loss: 3.2516	Time remaining is 2h:19m
2024-10-07 17:26:49 INFO Epoch 13/120	Training Loss: 3.0314	Time remaining is 2h:17m
2024-10-07 17:28:05 INFO Epoch 14/120	Training Loss: 2.8161	Time remaining is 2h:16m
2024-10-07 17:29:21 INFO Epoch 15/120	Training Loss: 2.6260	Time remaining is 2h:15m
2024-10-07 17:30:37 INFO Epoch 16/120	Training Loss: 2.4575	Time remaining is 2h:13m
2024-10-07 17:31:53 INFO Epoch 17/120	Training Loss: 2.3115	Time remaining is 2h:12m
2024-10-07 17:33:09 INFO Epoch 18/120	Training Loss: 2.1802	Time remaining is 2h:11m
2024-10-07 17:34:25 INFO Epoch 19/120	Training Loss: 2.0862	Time remaining is 2h:10m
2024-10-07 17:35:41 INFO Epoch 20/120	Training Loss: 1.9817	Time remaining is 2h:8m
2024-10-07 17:36:57 INFO Epoch 21/120	Training Loss: 1.8945	Time remaining is 2h:7m
2024-10-07 17:38:13 INFO Epoch 22/120	Training Loss: 1.8358	Time remaining is 2h:6m
2024-10-07 17:39:30 INFO Epoch 23/120	Training Loss: 1.7694	Time remaining is 2h:4m
2024-10-07 17:40:46 INFO Epoch 24/120	Training Loss: 1.7016	Time remaining is 2h:3m
2024-10-07 17:42:02 INFO Epoch 25/120	Training Loss: 1.6554	Time remaining is 2h:2m
2024-10-07 17:43:18 INFO Epoch 26/120	Training Loss: 1.6358	Time remaining is 2h:1m
2024-10-07 17:44:34 INFO Epoch 27/120	Training Loss: 1.5936	Time remaining is 1h:59m
2024-10-07 17:45:50 INFO Epoch 28/120	Training Loss: 1.5517	Time remaining is 1h:58m
2024-10-07 17:47:06 INFO Epoch 29/120	Training Loss: 1.5254	Time remaining is 1h:57m
2024-10-07 17:48:22 INFO Epoch 30/120	Training Loss: 1.5034	Time remaining is 1h:56m
2024-10-07 17:49:38 INFO Epoch 31/120	Training Loss: 1.4726	Time remaining is 1h:54m
2024-10-07 17:50:54 INFO Epoch 32/120	Training Loss: 1.4465	Time remaining is 1h:53m
2024-10-07 17:52:10 INFO Epoch 33/120	Training Loss: 1.4511	Time remaining is 1h:52m
2024-10-07 17:53:26 INFO Epoch 34/120	Training Loss: 1.4178	Time remaining is 1h:50m
2024-10-07 17:54:42 INFO Epoch 35/120	Training Loss: 1.3989	Time remaining is 1h:49m
2024-10-07 17:55:59 INFO Epoch 36/120	Training Loss: 1.3957	Time remaining is 1h:48m
2024-10-07 17:57:14 INFO Epoch 37/120	Training Loss: 1.3620	Time remaining is 1h:47m
2024-10-07 17:58:30 INFO Epoch 38/120	Training Loss: 1.3631	Time remaining is 1h:45m
2024-10-07 17:59:46 INFO Epoch 39/120	Training Loss: 1.3611	Time remaining is 1h:44m
2024-10-07 18:01:02 INFO Epoch 40/120	Training Loss: 1.2634	Time remaining is 1h:43m
2024-10-07 18:02:18 INFO Epoch 41/120	Training Loss: 1.1847	Time remaining is 1h:41m
2024-10-07 18:03:34 INFO Epoch 42/120	Training Loss: 1.1568	Time remaining is 1h:40m
2024-10-07 18:04:50 INFO Epoch 43/120	Training Loss: 1.1520	Time remaining is 1h:39m
2024-10-07 18:06:06 INFO Epoch 44/120	Training Loss: 1.1323	Time remaining is 1h:38m
2024-10-07 18:07:22 INFO Epoch 45/120	Training Loss: 1.1371	Time remaining is 1h:36m
2024-10-07 18:08:38 INFO Epoch 46/120	Training Loss: 1.1311	Time remaining is 1h:35m
2024-10-07 18:09:55 INFO Epoch 47/120	Training Loss: 1.1403	Time remaining is 1h:34m
2024-10-07 18:11:11 INFO Epoch 48/120	Training Loss: 1.1357	Time remaining is 1h:33m
2024-10-07 18:12:27 INFO Epoch 49/120	Training Loss: 1.1250	Time remaining is 1h:31m
2024-10-07 18:13:43 INFO Epoch 50/120	Training Loss: 1.1232	Time remaining is 1h:30m
2024-10-07 18:14:59 INFO Epoch 51/120	Training Loss: 1.1180	Time remaining is 1h:29m
2024-10-07 18:16:16 INFO Epoch 52/120	Training Loss: 1.1157	Time remaining is 1h:28m
2024-10-07 18:17:33 INFO Epoch 53/120	Training Loss: 1.1214	Time remaining is 1h:26m
2024-10-07 18:18:49 INFO Epoch 54/120	Training Loss: 1.1003	Time remaining is 1h:25m
2024-10-07 18:20:50 INFO Epoch 55/120	Training Loss: 1.1118	Time remaining is 1h:25m
2024-10-07 18:22:07 INFO Epoch 56/120	Training Loss: 1.1153	Time remaining is 1h:23m
2024-10-07 18:23:23 INFO Epoch 57/120	Training Loss: 1.1083	Time remaining is 1h:22m
2024-10-07 18:24:40 INFO Epoch 58/120	Training Loss: 1.1124	Time remaining is 1h:21m
2024-10-07 18:25:56 INFO Epoch 59/120	Training Loss: 1.1096	Time remaining is 1h:19m
2024-10-07 18:27:12 INFO Epoch 60/120	Training Loss: 1.1036	Time remaining is 1h:18m
2024-10-07 18:28:28 INFO Epoch 61/120	Training Loss: 1.0935	Time remaining is 1h:17m
2024-10-07 18:29:44 INFO Epoch 62/120	Training Loss: 1.0944	Time remaining is 1h:16m
2024-10-07 18:31:00 INFO Epoch 63/120	Training Loss: 1.0902	Time remaining is 1h:14m
2024-10-07 18:32:17 INFO Epoch 64/120	Training Loss: 1.0911	Time remaining is 1h:13m
2024-10-07 18:33:32 INFO Epoch 65/120	Training Loss: 1.0828	Time remaining is 1h:12m
2024-10-07 18:34:49 INFO Epoch 66/120	Training Loss: 1.0948	Time remaining is 1h:10m
2024-10-07 18:36:05 INFO Epoch 67/120	Training Loss: 1.0837	Time remaining is 1h:9m
2024-10-07 18:37:21 INFO Epoch 68/120	Training Loss: 1.0856	Time remaining is 1h:8m
2024-10-07 18:38:37 INFO Epoch 69/120	Training Loss: 1.0870	Time remaining is 1h:7m
2024-10-07 18:39:53 INFO Epoch 70/120	Training Loss: 1.0694	Time remaining is 1h:5m
2024-10-07 18:41:10 INFO Epoch 71/120	Training Loss: 1.0734	Time remaining is 1h:4m
2024-10-07 18:42:26 INFO Epoch 72/120	Training Loss: 1.0694	Time remaining is 1h:3m
2024-10-07 18:43:43 INFO Epoch 73/120	Training Loss: 1.0627	Time remaining is 1h:1m
2024-10-07 18:44:58 INFO Epoch 74/120	Training Loss: 1.0509	Time remaining is 1h:0m
2024-10-07 18:46:14 INFO Epoch 75/120	Training Loss: 1.0653	Time remaining is 0h:59m
2024-10-07 18:47:30 INFO Epoch 76/120	Training Loss: 1.0582	Time remaining is 0h:58m
2024-10-07 18:48:46 INFO Epoch 77/120	Training Loss: 1.0564	Time remaining is 0h:56m
2024-10-07 18:50:02 INFO Epoch 78/120	Training Loss: 1.0649	Time remaining is 0h:55m
2024-10-07 18:51:19 INFO Epoch 79/120	Training Loss: 1.0633	Time remaining is 0h:54m
2024-10-07 18:52:34 INFO Epoch 80/120	Training Loss: 1.0505	Time remaining is 0h:52m
2024-10-07 18:53:50 INFO Epoch 81/120	Training Loss: 1.0581	Time remaining is 0h:51m
2024-10-07 18:55:07 INFO Epoch 82/120	Training Loss: 1.0645	Time remaining is 0h:50m
2024-10-07 18:56:24 INFO Epoch 83/120	Training Loss: 1.0637	Time remaining is 0h:49m
2024-10-07 18:57:40 INFO Epoch 84/120	Training Loss: 1.0642	Time remaining is 0h:47m
2024-10-07 18:58:57 INFO Epoch 85/120	Training Loss: 1.0603	Time remaining is 0h:46m
2024-10-07 19:00:13 INFO Epoch 86/120	Training Loss: 1.0551	Time remaining is 0h:45m
2024-10-07 19:01:29 INFO Epoch 87/120	Training Loss: 1.0595	Time remaining is 0h:43m
2024-10-07 19:02:46 INFO Epoch 88/120	Training Loss: 1.0621	Time remaining is 0h:42m
2024-10-07 19:04:02 INFO Epoch 89/120	Training Loss: 1.0540	Time remaining is 0h:41m
2024-10-07 19:05:18 INFO Epoch 90/120	Training Loss: 1.0510	Time remaining is 0h:40m
2024-10-07 19:06:22 INFO Epoch 90/120	Testing: dataset_name: Occluded_Duke top1: 51.538 top5: 66.063 top10: 71.357 mAP: 43.332
2024-10-07 19:07:39 INFO Epoch 91/120	Training Loss: 1.0604	Time remaining is 0h:39m
2024-10-07 19:08:55 INFO Epoch 92/120	Training Loss: 1.0498	Time remaining is 0h:37m
2024-10-07 19:10:11 INFO Epoch 93/120	Training Loss: 1.0540	Time remaining is 0h:36m
2024-10-07 19:11:28 INFO Epoch 94/120	Training Loss: 1.0562	Time remaining is 0h:35m
2024-10-07 19:12:45 INFO Epoch 95/120	Training Loss: 1.0589	Time remaining is 0h:34m
2024-10-07 19:13:50 INFO Epoch 95/120	Testing: dataset_name: Occluded_Duke top1: 51.810 top5: 66.063 top10: 71.403 mAP: 43.175
2024-10-07 19:15:06 INFO Epoch 96/120	Training Loss: 1.0540	Time remaining is 0h:33m
2024-10-07 19:16:23 INFO Epoch 97/120	Training Loss: 1.0515	Time remaining is 0h:31m
2024-10-07 19:17:39 INFO Epoch 98/120	Training Loss: 1.0460	Time remaining is 0h:30m
2024-10-07 19:18:55 INFO Epoch 99/120	Training Loss: 1.0574	Time remaining is 0h:29m
2024-10-07 19:20:12 INFO Epoch 100/120	Training Loss: 1.0526	Time remaining is 0h:27m
2024-10-07 19:21:17 INFO Epoch 100/120	Testing: dataset_name: Occluded_Duke top1: 51.900 top5: 66.561 top10: 71.810 mAP: 43.486
2024-10-07 19:22:33 INFO Epoch 101/120	Training Loss: 1.0555	Time remaining is 0h:26m
2024-10-07 19:23:49 INFO Epoch 102/120	Training Loss: 1.0448	Time remaining is 0h:25m
2024-10-07 19:25:06 INFO Epoch 103/120	Training Loss: 1.0558	Time remaining is 0h:24m
2024-10-07 19:26:22 INFO Epoch 104/120	Training Loss: 1.0545	Time remaining is 0h:22m
2024-10-07 19:27:39 INFO Epoch 105/120	Training Loss: 1.0516	Time remaining is 0h:21m
2024-10-07 19:28:44 INFO Epoch 105/120	Testing: dataset_name: Occluded_Duke top1: 51.629 top5: 65.973 top10: 71.448 mAP: 43.301
2024-10-07 19:29:59 INFO Epoch 106/120	Training Loss: 1.0373	Time remaining is 0h:20m
2024-10-07 19:31:16 INFO Epoch 107/120	Training Loss: 1.0482	Time remaining is 0h:18m
2024-10-07 19:32:32 INFO Epoch 108/120	Training Loss: 1.0509	Time remaining is 0h:17m
2024-10-07 19:33:49 INFO Epoch 109/120	Training Loss: 1.0498	Time remaining is 0h:16m
2024-10-07 19:35:05 INFO Epoch 110/120	Training Loss: 1.0489	Time remaining is 0h:14m
2024-10-07 19:36:10 INFO Epoch 110/120	Testing: dataset_name: Occluded_Duke top1: 51.538 top5: 66.018 top10: 71.267 mAP: 43.131
2024-10-07 19:37:26 INFO Epoch 111/120	Training Loss: 1.0456	Time remaining is 0h:13m
2024-10-07 19:38:42 INFO Epoch 112/120	Training Loss: 1.0441	Time remaining is 0h:12m
2024-10-07 19:39:58 INFO Epoch 113/120	Training Loss: 1.0484	Time remaining is 0h:11m
2024-10-07 19:41:15 INFO Epoch 114/120	Training Loss: 1.0514	Time remaining is 0h:9m
2024-10-07 19:42:32 INFO Epoch 115/120	Training Loss: 1.0478	Time remaining is 0h:8m
2024-10-07 19:43:36 INFO Epoch 115/120	Testing: dataset_name: Occluded_Duke top1: 51.765 top5: 65.837 top10: 71.946 mAP: 43.415
2024-10-07 19:44:53 INFO Epoch 116/120	Training Loss: 1.0496	Time remaining is 0h:7m
2024-10-07 19:46:10 INFO Epoch 117/120	Training Loss: 1.0489	Time remaining is 0h:5m
2024-10-07 19:47:27 INFO Epoch 118/120	Training Loss: 1.0508	Time remaining is 0h:4m
2024-10-07 19:48:44 INFO Epoch 119/120	Training Loss: 1.0563	Time remaining is 0h:3m
2024-10-07 19:50:00 INFO Epoch 120/120	Training Loss: 1.0473	Time remaining is 0h:1m
2024-10-07 19:51:05 INFO Epoch 120/120	Testing: dataset_name: Occluded_Duke top1: 51.765 top5: 65.882 top10: 71.629 mAP: 43.236
2024-10-07 19:51:05 INFO The running time of training: 2.68 h
