2024-04-16 15:51:36 INFO ##################################################
2024-04-16 15:51:36 INFO Config values: batch_size: 60	current_directory: /home/hy/project/reid_task/ex_main3	dataset_name: cuhk03-np-detected	dataset_path: /home/hy/project/data/cuhk03-np/detected	device: cuda	dtype: torch.float32	epoch_start_test: 90	epochs: 160	img_height: 256	img_width: 128	logs_outputs_path: /home/hy/project/reid_task/ex_main3/./outputs/logs	models_outputs_path: /home/hy/project/reid_task/ex_main3/./outputs/models	np: <module 'numpy' from '/home/hy/anaconda3/envs/py396/lib/python3.9/site-packages/numpy/__init__.py'>	os: <module 'os' from '/home/hy/anaconda3/envs/py396/lib/python3.9/os.py'>	outputs_dir: ./outputs/	outputs_path: /home/hy/project/reid_task/ex_main3/./outputs/	print_every: 1	seed: 1	taskname: ReID_Task	temps_outputs_path: /home/hy/project/reid_task/ex_main3/./outputs/temps	test_batch_size: 256	test_every: 5	torch: <module 'torch' from '/home/hy/anaconda3/envs/py396/lib/python3.9/site-packages/torch/__init__.py'>
2024-04-16 15:51:36 INFO Task: ReID_Task
2024-04-16 15:51:36 INFO Using device: cuda
2024-04-16 15:51:36 INFO Using data type: torch.float32
2024-04-16 15:51:36 INFO Number of GPUs: 1
2024-04-16 15:51:36 INFO GPU is_available: True
2024-04-16 15:51:36 INFO GPU name: NVIDIA GeForce RTX 3060
2024-04-16 15:51:36 INFO CUDA version: 12.1
2024-04-16 15:51:36 INFO Current device id: 0
2024-04-16 15:51:36 INFO ##################################################
2024-04-16 15:52:21 INFO Epoch 1/160	Training Loss: 8.7112	Time remaining is 1h:58m
2024-04-16 15:53:04 INFO Epoch 2/160	Training Loss: 7.8008	Time remaining is 1h:56m
2024-04-16 15:53:47 INFO Epoch 3/160	Training Loss: 6.8696	Time remaining is 1h:55m
2024-04-16 15:54:30 INFO Epoch 4/160	Training Loss: 5.8540	Time remaining is 1h:54m
2024-04-16 15:55:13 INFO Epoch 5/160	Training Loss: 4.8935	Time remaining is 1h:53m
2024-04-16 15:55:56 INFO Epoch 6/160	Training Loss: 3.9715	Time remaining is 1h:52m
2024-04-16 15:56:39 INFO Epoch 7/160	Training Loss: 3.1984	Time remaining is 1h:51m
2024-04-16 15:57:22 INFO Epoch 8/160	Training Loss: 2.6260	Time remaining is 1h:50m
2024-04-16 15:58:05 INFO Epoch 9/160	Training Loss: 2.3198	Time remaining is 1h:49m
2024-04-16 15:58:48 INFO Epoch 10/160	Training Loss: 2.1799	Time remaining is 1h:49m
2024-04-16 15:59:31 INFO Epoch 11/160	Training Loss: 2.1064	Time remaining is 1h:48m
2024-04-16 16:00:14 INFO Epoch 12/160	Training Loss: 2.0432	Time remaining is 1h:47m
2024-04-16 16:00:57 INFO Epoch 13/160	Training Loss: 1.9898	Time remaining is 1h:46m
2024-04-16 16:01:40 INFO Epoch 14/160	Training Loss: 1.9447	Time remaining is 1h:46m
2024-04-16 16:02:23 INFO Epoch 15/160	Training Loss: 1.9203	Time remaining is 1h:45m
2024-04-16 16:03:07 INFO Epoch 16/160	Training Loss: 1.9248	Time remaining is 1h:44m
2024-04-16 16:03:50 INFO Epoch 17/160	Training Loss: 1.8972	Time remaining is 1h:43m
2024-04-16 16:04:33 INFO Epoch 18/160	Training Loss: 1.8849	Time remaining is 1h:43m
2024-04-16 16:05:16 INFO Epoch 19/160	Training Loss: 1.8778	Time remaining is 1h:42m
2024-04-16 16:05:59 INFO Epoch 20/160	Training Loss: 1.8565	Time remaining is 1h:41m
2024-04-16 16:06:42 INFO Epoch 21/160	Training Loss: 1.8648	Time remaining is 1h:41m
2024-04-16 16:07:25 INFO Epoch 22/160	Training Loss: 1.8549	Time remaining is 1h:40m
2024-04-16 16:08:08 INFO Epoch 23/160	Training Loss: 1.8430	Time remaining is 1h:39m
2024-04-16 16:08:51 INFO Epoch 24/160	Training Loss: 1.8465	Time remaining is 1h:38m
2024-04-16 16:09:34 INFO Epoch 25/160	Training Loss: 1.8378	Time remaining is 1h:38m
2024-04-16 16:10:17 INFO Epoch 26/160	Training Loss: 1.8342	Time remaining is 1h:37m
2024-04-16 16:11:00 INFO Epoch 27/160	Training Loss: 1.8322	Time remaining is 1h:36m
2024-04-16 16:11:43 INFO Epoch 28/160	Training Loss: 1.8279	Time remaining is 1h:36m
2024-04-16 16:12:26 INFO Epoch 29/160	Training Loss: 1.8304	Time remaining is 1h:35m
2024-04-16 16:13:09 INFO Epoch 30/160	Training Loss: 1.8184	Time remaining is 1h:34m
2024-04-16 16:13:52 INFO Epoch 31/160	Training Loss: 1.8338	Time remaining is 1h:33m
2024-04-16 16:14:35 INFO Epoch 32/160	Training Loss: 1.8270	Time remaining is 1h:33m
2024-04-16 16:15:18 INFO Epoch 33/160	Training Loss: 1.8362	Time remaining is 1h:32m
2024-04-16 16:16:01 INFO Epoch 34/160	Training Loss: 1.8288	Time remaining is 1h:31m
2024-04-16 16:16:44 INFO Epoch 35/160	Training Loss: 1.8266	Time remaining is 1h:30m
2024-04-16 16:17:27 INFO Epoch 36/160	Training Loss: 1.8242	Time remaining is 1h:30m
2024-04-16 16:18:10 INFO Epoch 37/160	Training Loss: 1.8234	Time remaining is 1h:29m
2024-04-16 16:18:54 INFO Epoch 38/160	Training Loss: 1.8193	Time remaining is 1h:28m
2024-04-16 16:19:37 INFO Epoch 39/160	Training Loss: 1.8197	Time remaining is 1h:28m
2024-04-16 16:20:20 INFO Epoch 40/160	Training Loss: 1.8223	Time remaining is 1h:27m
2024-04-16 16:21:03 INFO Epoch 41/160	Training Loss: 1.7867	Time remaining is 1h:26m
2024-04-16 16:21:46 INFO Epoch 42/160	Training Loss: 1.7596	Time remaining is 1h:25m
2024-04-16 16:22:29 INFO Epoch 43/160	Training Loss: 1.7410	Time remaining is 1h:25m
2024-04-16 16:23:12 INFO Epoch 44/160	Training Loss: 1.7374	Time remaining is 1h:24m
2024-04-16 16:23:55 INFO Epoch 45/160	Training Loss: 1.7331	Time remaining is 1h:23m
2024-04-16 16:24:38 INFO Epoch 46/160	Training Loss: 1.7280	Time remaining is 1h:23m
2024-04-16 16:25:22 INFO Epoch 47/160	Training Loss: 1.7218	Time remaining is 1h:22m
2024-04-16 16:26:05 INFO Epoch 48/160	Training Loss: 1.7199	Time remaining is 1h:21m
2024-04-16 16:26:48 INFO Epoch 49/160	Training Loss: 1.7188	Time remaining is 1h:20m
2024-04-16 16:27:31 INFO Epoch 50/160	Training Loss: 1.7148	Time remaining is 1h:20m
2024-04-16 16:28:14 INFO Epoch 51/160	Training Loss: 1.7109	Time remaining is 1h:19m
2024-04-16 16:28:57 INFO Epoch 52/160	Training Loss: 1.7105	Time remaining is 1h:18m
2024-04-16 16:29:40 INFO Epoch 53/160	Training Loss: 1.7090	Time remaining is 1h:18m
2024-04-16 16:30:23 INFO Epoch 54/160	Training Loss: 1.7078	Time remaining is 1h:17m
2024-04-16 16:31:06 INFO Epoch 55/160	Training Loss: 1.7074	Time remaining is 1h:16m
2024-04-16 16:31:49 INFO Epoch 56/160	Training Loss: 1.7057	Time remaining is 1h:15m
2024-04-16 16:32:32 INFO Epoch 57/160	Training Loss: 1.7036	Time remaining is 1h:15m
2024-04-16 16:33:15 INFO Epoch 58/160	Training Loss: 1.7021	Time remaining is 1h:14m
2024-04-16 16:33:58 INFO Epoch 59/160	Training Loss: 1.7025	Time remaining is 1h:13m
2024-04-16 16:34:41 INFO Epoch 60/160	Training Loss: 1.7024	Time remaining is 1h:13m
2024-04-16 16:35:24 INFO Epoch 61/160	Training Loss: 1.7012	Time remaining is 1h:12m
2024-04-16 16:36:07 INFO Epoch 62/160	Training Loss: 1.6993	Time remaining is 1h:11m
2024-04-16 16:36:50 INFO Epoch 63/160	Training Loss: 1.6981	Time remaining is 1h:10m
2024-04-16 16:37:33 INFO Epoch 64/160	Training Loss: 1.6987	Time remaining is 1h:10m
2024-04-16 16:38:16 INFO Epoch 65/160	Training Loss: 1.6970	Time remaining is 1h:9m
2024-04-16 16:38:59 INFO Epoch 66/160	Training Loss: 1.6991	Time remaining is 1h:8m
2024-04-16 16:39:42 INFO Epoch 67/160	Training Loss: 1.6948	Time remaining is 1h:7m
2024-04-16 16:40:25 INFO Epoch 68/160	Training Loss: 1.6939	Time remaining is 1h:7m
2024-04-16 16:41:08 INFO Epoch 69/160	Training Loss: 1.6951	Time remaining is 1h:6m
2024-04-16 16:41:51 INFO Epoch 70/160	Training Loss: 1.6950	Time remaining is 1h:5m
2024-04-16 16:42:34 INFO Epoch 71/160	Training Loss: 1.6926	Time remaining is 1h:5m
2024-04-16 16:43:18 INFO Epoch 72/160	Training Loss: 1.6900	Time remaining is 1h:4m
2024-04-16 16:44:01 INFO Epoch 73/160	Training Loss: 1.6887	Time remaining is 1h:3m
2024-04-16 16:44:44 INFO Epoch 74/160	Training Loss: 1.6876	Time remaining is 1h:2m
2024-04-16 16:45:27 INFO Epoch 75/160	Training Loss: 1.6864	Time remaining is 1h:2m
2024-04-16 16:46:10 INFO Epoch 76/160	Training Loss: 1.6853	Time remaining is 1h:1m
2024-04-16 16:46:53 INFO Epoch 77/160	Training Loss: 1.6854	Time remaining is 1h:0m
2024-04-16 16:47:36 INFO Epoch 78/160	Training Loss: 1.6860	Time remaining is 0h:60m
2024-04-16 16:48:19 INFO Epoch 79/160	Training Loss: 1.6853	Time remaining is 0h:59m
2024-04-16 16:49:02 INFO Epoch 80/160	Training Loss: 1.6849	Time remaining is 0h:58m
2024-04-16 16:49:46 INFO Epoch 81/160	Training Loss: 1.6842	Time remaining is 0h:57m
2024-04-16 16:50:30 INFO Epoch 82/160	Training Loss: 1.6831	Time remaining is 0h:57m
2024-04-16 16:51:13 INFO Epoch 83/160	Training Loss: 1.6838	Time remaining is 0h:56m
2024-04-16 16:51:56 INFO Epoch 84/160	Training Loss: 1.6828	Time remaining is 0h:55m
2024-04-16 16:52:39 INFO Epoch 85/160	Training Loss: 1.6834	Time remaining is 0h:55m
2024-04-16 16:53:22 INFO Epoch 86/160	Training Loss: 1.6829	Time remaining is 0h:54m
2024-04-16 16:54:05 INFO Epoch 87/160	Training Loss: 1.6826	Time remaining is 0h:53m
2024-04-16 16:54:48 INFO Epoch 88/160	Training Loss: 1.6843	Time remaining is 0h:52m
2024-04-16 16:55:31 INFO Epoch 89/160	Training Loss: 1.6812	Time remaining is 0h:52m
2024-04-16 16:56:14 INFO Epoch 90/160	Training Loss: 1.6826	Time remaining is 0h:51m
2024-04-16 16:56:41 INFO Testing: dataset_name: cuhk03-np-detected top1:0.6279 top5:0.8200 top10:0.8857 mAP:0.6154
2024-04-16 16:57:24 INFO Epoch 91/160	Training Loss: 1.6828	Time remaining is 0h:51m
2024-04-16 16:58:07 INFO Epoch 92/160	Training Loss: 1.6824	Time remaining is 0h:50m
2024-04-16 16:58:50 INFO Epoch 93/160	Training Loss: 1.6812	Time remaining is 0h:49m
2024-04-16 16:59:33 INFO Epoch 94/160	Training Loss: 1.6827	Time remaining is 0h:48m
2024-04-16 17:00:16 INFO Epoch 95/160	Training Loss: 1.6806	Time remaining is 0h:48m
2024-04-16 17:00:43 INFO Testing: dataset_name: cuhk03-np-detected top1:0.6429 top5:0.8243 top10:0.8914 mAP:0.6199
2024-04-16 17:01:26 INFO Epoch 96/160	Training Loss: 1.6818	Time remaining is 0h:47m
2024-04-16 17:02:09 INFO Epoch 97/160	Training Loss: 1.6818	Time remaining is 0h:47m
2024-04-16 17:02:52 INFO Epoch 98/160	Training Loss: 1.6806	Time remaining is 0h:46m
2024-04-16 17:03:35 INFO Epoch 99/160	Training Loss: 1.6813	Time remaining is 0h:45m
2024-04-16 17:04:18 INFO Epoch 100/160	Training Loss: 1.6809	Time remaining is 0h:44m
2024-04-16 17:04:45 INFO Testing: dataset_name: cuhk03-np-detected top1:0.6379 top5:0.8207 top10:0.8829 mAP:0.6219
2024-04-16 17:05:28 INFO Epoch 101/160	Training Loss: 1.6812	Time remaining is 0h:44m
2024-04-16 17:06:11 INFO Epoch 102/160	Training Loss: 1.6800	Time remaining is 0h:43m
2024-04-16 17:06:54 INFO Epoch 103/160	Training Loss: 1.6800	Time remaining is 0h:42m
2024-04-16 17:07:37 INFO Epoch 104/160	Training Loss: 1.6791	Time remaining is 0h:42m
2024-04-16 17:08:20 INFO Epoch 105/160	Training Loss: 1.6812	Time remaining is 0h:41m
2024-04-16 17:08:46 INFO Testing: dataset_name: cuhk03-np-detected top1:0.6386 top5:0.8257 top10:0.8879 mAP:0.6254
2024-04-16 17:09:29 INFO Epoch 106/160	Training Loss: 1.6793	Time remaining is 0h:40m
2024-04-16 17:10:12 INFO Epoch 107/160	Training Loss: 1.6789	Time remaining is 0h:40m
2024-04-16 17:10:55 INFO Epoch 108/160	Training Loss: 1.6809	Time remaining is 0h:39m
2024-04-16 17:11:38 INFO Epoch 109/160	Training Loss: 1.6784	Time remaining is 0h:38m
2024-04-16 17:12:21 INFO Epoch 110/160	Training Loss: 1.6803	Time remaining is 0h:37m
2024-04-16 17:12:48 INFO Testing: dataset_name: cuhk03-np-detected top1:0.6514 top5:0.8264 top10:0.8936 mAP:0.6286
2024-04-16 17:13:31 INFO Epoch 111/160	Training Loss: 1.6789	Time remaining is 0h:37m
2024-04-16 17:14:14 INFO Epoch 112/160	Training Loss: 1.6789	Time remaining is 0h:36m
2024-04-16 17:14:57 INFO Epoch 113/160	Training Loss: 1.6781	Time remaining is 0h:35m
2024-04-16 17:15:40 INFO Epoch 114/160	Training Loss: 1.6794	Time remaining is 0h:35m
2024-04-16 17:16:23 INFO Epoch 115/160	Training Loss: 1.6782	Time remaining is 0h:34m
2024-04-16 17:16:49 INFO Testing: dataset_name: cuhk03-np-detected top1:0.6514 top5:0.8250 top10:0.8929 mAP:0.6334
2024-04-16 17:17:32 INFO Epoch 116/160	Training Loss: 1.6777	Time remaining is 0h:33m
2024-04-16 17:18:15 INFO Epoch 117/160	Training Loss: 1.6784	Time remaining is 0h:33m
2024-04-16 17:18:58 INFO Epoch 118/160	Training Loss: 1.6775	Time remaining is 0h:32m
2024-04-16 17:19:42 INFO Epoch 119/160	Training Loss: 1.6761	Time remaining is 0h:31m
2024-04-16 17:20:25 INFO Epoch 120/160	Training Loss: 1.6790	Time remaining is 0h:30m
2024-04-16 17:20:51 INFO Testing: dataset_name: cuhk03-np-detected top1:0.6479 top5:0.8236 top10:0.8914 mAP:0.6297
2024-04-16 17:21:34 INFO Epoch 121/160	Training Loss: 1.6766	Time remaining is 0h:30m
2024-04-16 17:22:17 INFO Epoch 122/160	Training Loss: 1.6767	Time remaining is 0h:29m
2024-04-16 17:23:00 INFO Epoch 123/160	Training Loss: 1.6775	Time remaining is 0h:28m
2024-04-16 17:23:43 INFO Epoch 124/160	Training Loss: 1.6774	Time remaining is 0h:27m
2024-04-16 17:24:26 INFO Epoch 125/160	Training Loss: 1.6760	Time remaining is 0h:27m
2024-04-16 17:24:53 INFO Testing: dataset_name: cuhk03-np-detected top1:0.6529 top5:0.8264 top10:0.8921 mAP:0.6335
2024-04-16 17:25:36 INFO Epoch 126/160	Training Loss: 1.6772	Time remaining is 0h:26m
2024-04-16 17:26:19 INFO Epoch 127/160	Training Loss: 1.6770	Time remaining is 0h:25m
2024-04-16 17:27:02 INFO Epoch 128/160	Training Loss: 1.6776	Time remaining is 0h:25m
2024-04-16 17:27:45 INFO Epoch 129/160	Training Loss: 1.6765	Time remaining is 0h:24m
2024-04-16 17:28:28 INFO Epoch 130/160	Training Loss: 1.6763	Time remaining is 0h:23m
2024-04-16 17:28:55 INFO Testing: dataset_name: cuhk03-np-detected top1:0.6600 top5:0.8229 top10:0.8900 mAP:0.6370
2024-04-16 17:29:38 INFO Epoch 131/160	Training Loss: 1.6762	Time remaining is 0h:22m
2024-04-16 17:30:21 INFO Epoch 132/160	Training Loss: 1.6759	Time remaining is 0h:22m
2024-04-16 17:31:04 INFO Epoch 133/160	Training Loss: 1.6753	Time remaining is 0h:21m
2024-04-16 17:31:47 INFO Epoch 134/160	Training Loss: 1.6761	Time remaining is 0h:20m
2024-04-16 17:32:30 INFO Epoch 135/160	Training Loss: 1.6761	Time remaining is 0h:19m
2024-04-16 17:32:56 INFO Testing: dataset_name: cuhk03-np-detected top1:0.6564 top5:0.8286 top10:0.8943 mAP:0.6389
2024-04-16 17:33:39 INFO Epoch 136/160	Training Loss: 1.6743	Time remaining is 0h:19m
2024-04-16 17:34:22 INFO Epoch 137/160	Training Loss: 1.6757	Time remaining is 0h:18m
2024-04-16 17:35:05 INFO Epoch 138/160	Training Loss: 1.6758	Time remaining is 0h:17m
2024-04-16 17:35:48 INFO Epoch 139/160	Training Loss: 1.6766	Time remaining is 0h:16m
2024-04-16 17:36:31 INFO Epoch 140/160	Training Loss: 1.6744	Time remaining is 0h:16m
2024-04-16 17:36:58 INFO Testing: dataset_name: cuhk03-np-detected top1:0.6650 top5:0.8279 top10:0.8971 mAP:0.6441
2024-04-16 17:37:41 INFO Epoch 141/160	Training Loss: 1.6741	Time remaining is 0h:15m
2024-04-16 17:38:24 INFO Epoch 142/160	Training Loss: 1.6758	Time remaining is 0h:14m
2024-04-16 17:39:07 INFO Epoch 143/160	Training Loss: 1.6756	Time remaining is 0h:14m
2024-04-16 17:39:50 INFO Epoch 144/160	Training Loss: 1.6739	Time remaining is 0h:13m
2024-04-16 17:40:33 INFO Epoch 145/160	Training Loss: 1.6764	Time remaining is 0h:12m
2024-04-16 17:40:59 INFO Testing: dataset_name: cuhk03-np-detected top1:0.6679 top5:0.8321 top10:0.8957 mAP:0.6425
2024-04-16 17:41:43 INFO Epoch 146/160	Training Loss: 1.6734	Time remaining is 0h:11m
2024-04-16 17:42:26 INFO Epoch 147/160	Training Loss: 1.6742	Time remaining is 0h:11m
2024-04-16 17:43:09 INFO Epoch 148/160	Training Loss: 1.6740	Time remaining is 0h:10m
2024-04-16 17:43:52 INFO Epoch 149/160	Training Loss: 1.6736	Time remaining is 0h:9m
2024-04-16 17:44:35 INFO Epoch 150/160	Training Loss: 1.6735	Time remaining is 0h:8m
2024-04-16 17:45:01 INFO Testing: dataset_name: cuhk03-np-detected top1:0.6643 top5:0.8286 top10:0.8943 mAP:0.6423
2024-04-16 17:45:44 INFO Epoch 151/160	Training Loss: 1.6736	Time remaining is 0h:8m
2024-04-16 17:46:27 INFO Epoch 152/160	Training Loss: 1.6740	Time remaining is 0h:7m
2024-04-16 17:47:10 INFO Epoch 153/160	Training Loss: 1.6739	Time remaining is 0h:6m
2024-04-16 17:47:53 INFO Epoch 154/160	Training Loss: 1.6733	Time remaining is 0h:5m
2024-04-16 17:48:36 INFO Epoch 155/160	Training Loss: 1.6740	Time remaining is 0h:5m
2024-04-16 17:49:03 INFO Testing: dataset_name: cuhk03-np-detected top1:0.6707 top5:0.8300 top10:0.8964 mAP:0.6454
2024-04-16 17:49:46 INFO Epoch 156/160	Training Loss: 1.6726	Time remaining is 0h:4m
2024-04-16 17:50:29 INFO Epoch 157/160	Training Loss: 1.6723	Time remaining is 0h:3m
2024-04-16 17:51:12 INFO Epoch 158/160	Training Loss: 1.6725	Time remaining is 0h:2m
2024-04-16 17:51:55 INFO Epoch 159/160	Training Loss: 1.6746	Time remaining is 0h:2m
2024-04-16 17:52:38 INFO Epoch 160/160	Training Loss: 1.6727	Time remaining is 0h:1m
2024-04-16 17:53:04 INFO Testing: dataset_name: cuhk03-np-detected top1:0.6657 top5:0.8300 top10:0.8986 mAP:0.6475
2024-04-16 17:53:04 INFO The running time of training: 7.28854e+03 s
