2024-03-12 23:36:11 INFO ##################################################
2024-03-12 23:36:11 INFO Task: ReID_Task
2024-03-12 23:36:11 INFO Using device: cuda
2024-03-12 23:36:11 INFO Using data type: torch.float32
2024-03-12 23:36:11 INFO Number of GPUs: 1
2024-03-12 23:36:11 INFO GPU is_available: True
2024-03-12 23:36:11 INFO GPU name: NVIDIA GeForce RTX 3060
2024-03-12 23:36:11 INFO CUDA version: 12.1
2024-03-12 23:36:11 INFO Current device id: 0
2024-03-12 23:36:11 INFO ##################################################
2024-03-12 23:37:37 INFO Epoch 1/120	Training Loss: 7.9873	Time remaining is 2h:50m
2024-03-12 23:39:01 INFO Epoch 2/120	Training Loss: 7.2872	Time remaining is 2h:48m
2024-03-12 23:40:25 INFO Epoch 3/120	Training Loss: 6.2110	Time remaining is 2h:46m
2024-03-12 23:41:47 INFO Epoch 4/120	Training Loss: 4.8068	Time remaining is 2h:43m
2024-03-12 23:43:05 INFO Epoch 5/120	Training Loss: 3.5762	Time remaining is 2h:39m
2024-03-12 23:44:22 INFO Epoch 6/120	Training Loss: 2.5721	Time remaining is 2h:36m
2024-03-12 23:45:39 INFO Epoch 7/120	Training Loss: 1.9374	Time remaining is 2h:34m
2024-03-12 23:46:56 INFO Epoch 8/120	Training Loss: 1.5625	Time remaining is 2h:32m
2024-03-12 23:48:14 INFO Epoch 9/120	Training Loss: 1.3633	Time remaining is 2h:30m
2024-03-12 23:49:32 INFO Epoch 10/120	Training Loss: 1.2492	Time remaining is 2h:28m
2024-03-12 23:50:49 INFO Epoch 11/120	Training Loss: 1.2024	Time remaining is 2h:26m
2024-03-12 23:52:07 INFO Epoch 12/120	Training Loss: 1.1514	Time remaining is 2h:24m
2024-03-12 23:53:24 INFO Epoch 13/120	Training Loss: 1.1018	Time remaining is 2h:23m
2024-03-12 23:54:43 INFO Epoch 14/120	Training Loss: 1.0761	Time remaining is 2h:21m
2024-03-12 23:56:01 INFO Epoch 15/120	Training Loss: 1.0523	Time remaining is 2h:20m
2024-03-12 23:57:18 INFO Epoch 16/120	Training Loss: 1.0397	Time remaining is 2h:18m
2024-03-12 23:58:36 INFO Epoch 17/120	Training Loss: 1.0361	Time remaining is 2h:17m
2024-03-12 23:59:53 INFO Epoch 18/120	Training Loss: 1.0606	Time remaining is 2h:15m
2024-03-13 00:01:11 INFO Epoch 19/120	Training Loss: 1.1172	Time remaining is 2h:14m
2024-03-13 00:02:29 INFO Epoch 20/120	Training Loss: 1.2131	Time remaining is 2h:13m
2024-03-13 00:03:46 INFO Epoch 21/120	Training Loss: 1.2588	Time remaining is 2h:11m
2024-03-13 00:05:04 INFO Epoch 22/120	Training Loss: 1.1249	Time remaining is 2h:10m
2024-03-13 00:06:21 INFO Epoch 23/120	Training Loss: 1.0656	Time remaining is 2h:8m
2024-03-13 00:07:39 INFO Epoch 24/120	Training Loss: 1.0401	Time remaining is 2h:7m
2024-03-13 00:08:57 INFO Epoch 25/120	Training Loss: 1.0294	Time remaining is 2h:6m
2024-03-13 00:10:15 INFO Epoch 26/120	Training Loss: 1.0637	Time remaining is 2h:4m
2024-03-13 00:11:33 INFO Epoch 27/120	Training Loss: 1.1653	Time remaining is 2h:3m
2024-03-13 00:12:50 INFO Epoch 28/120	Training Loss: 1.2591	Time remaining is 2h:2m
2024-03-13 00:14:08 INFO Epoch 29/120	Training Loss: 1.1137	Time remaining is 2h:0m
2024-03-13 00:15:25 INFO Epoch 30/120	Training Loss: 1.0536	Time remaining is 1h:59m
2024-03-13 00:16:42 INFO Epoch 31/120	Training Loss: 1.0312	Time remaining is 1h:58m
2024-03-13 00:18:00 INFO Epoch 32/120	Training Loss: 1.0517	Time remaining is 1h:56m
2024-03-13 00:19:18 INFO Epoch 33/120	Training Loss: 1.1139	Time remaining is 1h:55m
2024-03-13 00:20:36 INFO Epoch 34/120	Training Loss: 1.2013	Time remaining is 1h:54m
2024-03-13 00:21:53 INFO Epoch 35/120	Training Loss: 1.1373	Time remaining is 1h:52m
2024-03-13 00:23:11 INFO Epoch 36/120	Training Loss: 1.0703	Time remaining is 1h:51m
2024-03-13 00:24:29 INFO Epoch 37/120	Training Loss: 1.0485	Time remaining is 1h:50m
2024-03-13 00:25:46 INFO Epoch 38/120	Training Loss: 1.0710	Time remaining is 1h:48m
2024-03-13 00:27:04 INFO Epoch 39/120	Training Loss: 1.1135	Time remaining is 1h:47m
2024-03-13 00:28:21 INFO Epoch 40/120	Training Loss: 1.1156	Time remaining is 1h:46m
2024-03-13 00:29:39 INFO Epoch 41/120	Training Loss: 1.0503	Time remaining is 1h:44m
2024-03-13 00:30:56 INFO Epoch 42/120	Training Loss: 0.9903	Time remaining is 1h:43m
2024-03-13 00:32:14 INFO Epoch 43/120	Training Loss: 0.9827	Time remaining is 1h:42m
2024-03-13 00:33:32 INFO Epoch 44/120	Training Loss: 0.9740	Time remaining is 1h:40m
2024-03-13 00:34:49 INFO Epoch 45/120	Training Loss: 0.9692	Time remaining is 1h:39m
2024-03-13 00:36:07 INFO Epoch 46/120	Training Loss: 0.9645	Time remaining is 1h:38m
2024-03-13 00:37:25 INFO Epoch 47/120	Training Loss: 0.9564	Time remaining is 1h:36m
2024-03-13 00:38:42 INFO Epoch 48/120	Training Loss: 0.9589	Time remaining is 1h:35m
2024-03-13 00:40:00 INFO Epoch 49/120	Training Loss: 0.9511	Time remaining is 1h:34m
2024-03-13 00:41:17 INFO Epoch 50/120	Training Loss: 0.9541	Time remaining is 1h:32m
2024-03-13 00:42:35 INFO Epoch 51/120	Training Loss: 0.9473	Time remaining is 1h:31m
2024-03-13 00:43:52 INFO Epoch 52/120	Training Loss: 0.9510	Time remaining is 1h:30m
2024-03-13 00:45:10 INFO Epoch 53/120	Training Loss: 0.9496	Time remaining is 1h:28m
2024-03-13 00:46:27 INFO Epoch 54/120	Training Loss: 0.9485	Time remaining is 1h:27m
2024-03-13 00:47:45 INFO Epoch 55/120	Training Loss: 0.9478	Time remaining is 1h:26m
2024-03-13 00:49:03 INFO Epoch 56/120	Training Loss: 0.9469	Time remaining is 1h:25m
2024-03-13 00:50:20 INFO Epoch 57/120	Training Loss: 0.9418	Time remaining is 1h:23m
2024-03-13 00:51:38 INFO Epoch 58/120	Training Loss: 0.9457	Time remaining is 1h:22m
2024-03-13 00:52:55 INFO Epoch 59/120	Training Loss: 0.9454	Time remaining is 1h:21m
2024-03-13 00:54:13 INFO Epoch 60/120	Training Loss: 0.9447	Time remaining is 1h:19m
2024-03-13 00:55:31 INFO Epoch 61/120	Training Loss: 0.9447	Time remaining is 1h:18m
2024-03-13 00:56:49 INFO Epoch 62/120	Training Loss: 0.9447	Time remaining is 1h:17m
2024-03-13 00:58:06 INFO Epoch 63/120	Training Loss: 0.9438	Time remaining is 1h:15m
2024-03-13 00:59:24 INFO Epoch 64/120	Training Loss: 0.9427	Time remaining is 1h:14m
2024-03-13 01:00:42 INFO Epoch 65/120	Training Loss: 0.9428	Time remaining is 1h:13m
2024-03-13 01:02:00 INFO Epoch 66/120	Training Loss: 0.9419	Time remaining is 1h:11m
2024-03-13 01:03:18 INFO Epoch 67/120	Training Loss: 0.9466	Time remaining is 1h:10m
2024-03-13 01:04:36 INFO Epoch 68/120	Training Loss: 0.9413	Time remaining is 1h:9m
2024-03-13 01:05:53 INFO Epoch 69/120	Training Loss: 0.9352	Time remaining is 1h:8m
2024-03-13 01:07:11 INFO Epoch 70/120	Training Loss: 0.9383	Time remaining is 1h:6m
2024-03-13 01:08:28 INFO Epoch 71/120	Training Loss: 0.9365	Time remaining is 1h:5m
2024-03-13 01:09:46 INFO Epoch 72/120	Training Loss: 0.9317	Time remaining is 1h:4m
2024-03-13 01:11:03 INFO Epoch 73/120	Training Loss: 0.9300	Time remaining is 1h:2m
2024-03-13 01:12:21 INFO Epoch 74/120	Training Loss: 0.9248	Time remaining is 1h:1m
2024-03-13 01:13:38 INFO Epoch 75/120	Training Loss: 0.9240	Time remaining is 0h:60m
2024-03-13 01:14:55 INFO Epoch 76/120	Training Loss: 0.9234	Time remaining is 0h:58m
2024-03-13 01:16:13 INFO Epoch 77/120	Training Loss: 0.9279	Time remaining is 0h:57m
2024-03-13 01:17:30 INFO Epoch 78/120	Training Loss: 0.9227	Time remaining is 0h:56m
2024-03-13 01:18:48 INFO Epoch 79/120	Training Loss: 0.9272	Time remaining is 0h:55m
2024-03-13 01:20:06 INFO Epoch 80/120	Training Loss: 0.9269	Time remaining is 0h:53m
2024-03-13 01:21:24 INFO Epoch 81/120	Training Loss: 0.9267	Time remaining is 0h:52m
2024-03-13 01:22:41 INFO Epoch 82/120	Training Loss: 0.9265	Time remaining is 0h:51m
2024-03-13 01:23:59 INFO Epoch 83/120	Training Loss: 0.9263	Time remaining is 0h:49m
2024-03-13 01:25:17 INFO Epoch 84/120	Training Loss: 0.9261	Time remaining is 0h:48m
2024-03-13 01:26:35 INFO Epoch 85/120	Training Loss: 0.9260	Time remaining is 0h:47m
2024-03-13 01:27:53 INFO Epoch 86/120	Training Loss: 0.9258	Time remaining is 0h:45m
2024-03-13 01:29:10 INFO Epoch 87/120	Training Loss: 0.9258	Time remaining is 0h:44m
2024-03-13 01:30:28 INFO Epoch 88/120	Training Loss: 0.9210	Time remaining is 0h:43m
2024-03-13 01:31:46 INFO Epoch 89/120	Training Loss: 0.9254	Time remaining is 0h:42m
2024-03-13 01:33:04 INFO Epoch 90/120	Training Loss: 0.9255	Time remaining is 0h:40m
2024-03-13 01:33:41 INFO Testing: dataset_name: market1501 top1:0.8931 top5:0.9635 top10:0.9748 mAP:0.7146
2024-03-13 01:34:59 INFO Epoch 91/120	Training Loss: 0.9252	Time remaining is 0h:39m
2024-03-13 01:36:17 INFO Epoch 92/120	Training Loss: 0.9205	Time remaining is 0h:38m
2024-03-13 01:37:34 INFO Epoch 93/120	Training Loss: 0.9251	Time remaining is 0h:37m
2024-03-13 01:38:52 INFO Epoch 94/120	Training Loss: 0.9249	Time remaining is 0h:35m
2024-03-13 01:40:09 INFO Epoch 95/120	Training Loss: 0.9199	Time remaining is 0h:34m
2024-03-13 01:41:27 INFO Epoch 96/120	Training Loss: 0.9246	Time remaining is 0h:33m
2024-03-13 01:42:44 INFO Epoch 97/120	Training Loss: 0.9196	Time remaining is 0h:31m
2024-03-13 01:44:02 INFO Epoch 98/120	Training Loss: 0.9245	Time remaining is 0h:30m
2024-03-13 01:45:19 INFO Epoch 99/120	Training Loss: 0.9242	Time remaining is 0h:29m
2024-03-13 01:46:37 INFO Epoch 100/120	Training Loss: 0.9240	Time remaining is 0h:27m
2024-03-13 01:47:14 INFO Testing: dataset_name: market1501 top1:0.8916 top5:0.9602 top10:0.9730 mAP:0.7080
2024-03-13 01:48:32 INFO Epoch 101/120	Training Loss: 0.9241	Time remaining is 0h:26m
2024-03-13 01:49:50 INFO Epoch 102/120	Training Loss: 0.9239	Time remaining is 0h:25m
2024-03-13 01:51:08 INFO Epoch 103/120	Training Loss: 0.9236	Time remaining is 0h:24m
2024-03-13 01:52:25 INFO Epoch 104/120	Training Loss: 0.9234	Time remaining is 0h:22m
2024-03-13 01:53:43 INFO Epoch 105/120	Training Loss: 0.9282	Time remaining is 0h:21m
2024-03-13 01:55:01 INFO Epoch 106/120	Training Loss: 0.9234	Time remaining is 0h:20m
2024-03-13 01:56:18 INFO Epoch 107/120	Training Loss: 0.9185	Time remaining is 0h:18m
2024-03-13 01:57:36 INFO Epoch 108/120	Training Loss: 0.9234	Time remaining is 0h:17m
2024-03-13 01:58:54 INFO Epoch 109/120	Training Loss: 0.9232	Time remaining is 0h:16m
2024-03-13 02:00:12 INFO Epoch 110/120	Training Loss: 0.9230	Time remaining is 0h:14m
2024-03-13 02:00:49 INFO Testing: dataset_name: market1501 top1:0.8863 top5:0.9572 top10:0.9727 mAP:0.7001
2024-03-13 02:02:07 INFO Epoch 111/120	Training Loss: 0.9181	Time remaining is 0h:13m
2024-03-13 02:03:25 INFO Epoch 112/120	Training Loss: 0.9225	Time remaining is 0h:12m
2024-03-13 02:04:43 INFO Epoch 113/120	Training Loss: 0.9226	Time remaining is 0h:11m
2024-03-13 02:06:00 INFO Epoch 114/120	Training Loss: 0.9179	Time remaining is 0h:9m
2024-03-13 02:07:18 INFO Epoch 115/120	Training Loss: 0.9273	Time remaining is 0h:8m
2024-03-13 02:08:35 INFO Epoch 116/120	Training Loss: 0.9223	Time remaining is 0h:7m
2024-03-13 02:09:53 INFO Epoch 117/120	Training Loss: 0.9223	Time remaining is 0h:5m
2024-03-13 02:11:10 INFO Epoch 118/120	Training Loss: 0.9220	Time remaining is 0h:4m
2024-03-13 02:12:28 INFO Epoch 119/120	Training Loss: 0.9268	Time remaining is 0h:3m
2024-03-13 02:13:46 INFO Epoch 120/120	Training Loss: 0.9172	Time remaining is 0h:1m
2024-03-13 02:14:23 INFO Testing: dataset_name: market1501 top1:0.8818 top5:0.9584 top10:0.9706 mAP:0.6988
2024-03-13 02:14:23 INFO The running time of training: 9.49182e+03 s
2024-03-13 08:39:42 INFO ##################################################
2024-03-13 08:39:42 INFO Task: ReID_Task
2024-03-13 08:39:42 INFO Using device: cuda
2024-03-13 08:39:42 INFO Using data type: torch.float32
