2024-03-15 01:04:33 INFO ##################################################
2024-03-15 01:04:33 INFO Task: ReID_Task
2024-03-15 01:04:33 INFO Using device: cuda
2024-03-15 01:04:33 INFO Using data type: torch.float32
2024-03-15 01:04:33 INFO Number of GPUs: 1
2024-03-15 01:04:33 INFO GPU is_available: True
2024-03-15 01:04:33 INFO GPU name: NVIDIA GeForce RTX 3060
2024-03-15 01:04:33 INFO CUDA version: 12.1
2024-03-15 01:04:33 INFO Current device id: 0
2024-03-15 01:04:33 INFO ##################################################
2024-03-15 01:06:32 INFO Epoch 1/120	Training Loss: 9.7163	Time remaining is 3h:55m
2024-03-15 01:08:29 INFO Epoch 2/120	Training Loss: 8.2627	Time remaining is 3h:53m
2024-03-15 01:10:26 INFO Epoch 3/120	Training Loss: 6.3182	Time remaining is 3h:50m
2024-03-15 01:12:23 INFO Epoch 4/120	Training Loss: 4.6838	Time remaining is 3h:48m
2024-03-15 01:14:20 INFO Epoch 5/120	Training Loss: 3.4122	Time remaining is 3h:46m
2024-03-15 01:16:16 INFO Epoch 6/120	Training Loss: 2.5889	Time remaining is 3h:44m
2024-03-15 01:18:12 INFO Epoch 7/120	Training Loss: 2.1525	Time remaining is 3h:42m
2024-03-15 01:20:08 INFO Epoch 8/120	Training Loss: 1.9103	Time remaining is 3h:40m
2024-03-15 01:22:05 INFO Epoch 9/120	Training Loss: 1.7757	Time remaining is 3h:38m
2024-03-15 01:24:01 INFO Epoch 10/120	Training Loss: 1.7074	Time remaining is 3h:36m
2024-03-15 01:25:58 INFO Epoch 11/120	Training Loss: 1.6716	Time remaining is 3h:34m
2024-03-15 01:27:55 INFO Epoch 12/120	Training Loss: 1.6089	Time remaining is 3h:32m
2024-03-15 01:29:51 INFO Epoch 13/120	Training Loss: 1.5502	Time remaining is 3h:30m
2024-03-15 01:31:49 INFO Epoch 14/120	Training Loss: 1.5126	Time remaining is 3h:28m
2024-03-15 01:33:46 INFO Epoch 15/120	Training Loss: 1.4947	Time remaining is 3h:26m
2024-03-15 01:35:42 INFO Epoch 16/120	Training Loss: 1.4918	Time remaining is 3h:24m
2024-03-15 01:37:38 INFO Epoch 17/120	Training Loss: 1.4864	Time remaining is 3h:22m
2024-03-15 01:39:35 INFO Epoch 18/120	Training Loss: 1.4731	Time remaining is 3h:20m
2024-03-15 01:41:32 INFO Epoch 19/120	Training Loss: 1.4787	Time remaining is 3h:18m
2024-03-15 01:43:28 INFO Epoch 20/120	Training Loss: 1.4665	Time remaining is 3h:16m
2024-03-15 01:45:25 INFO Epoch 21/120	Training Loss: 1.4664	Time remaining is 3h:14m
2024-03-15 01:47:21 INFO Epoch 22/120	Training Loss: 1.4681	Time remaining is 3h:13m
2024-03-15 01:49:17 INFO Epoch 23/120	Training Loss: 1.4625	Time remaining is 3h:11m
2024-03-15 01:51:14 INFO Epoch 24/120	Training Loss: 1.4794	Time remaining is 3h:9m
2024-03-15 01:53:11 INFO Epoch 25/120	Training Loss: 1.4808	Time remaining is 3h:7m
2024-03-15 01:55:09 INFO Epoch 26/120	Training Loss: 1.4932	Time remaining is 3h:5m
2024-03-15 01:57:06 INFO Epoch 27/120	Training Loss: 1.4657	Time remaining is 3h:3m
2024-03-15 01:59:02 INFO Epoch 28/120	Training Loss: 1.4713	Time remaining is 3h:1m
2024-03-15 02:00:58 INFO Epoch 29/120	Training Loss: 1.4818	Time remaining is 2h:59m
2024-03-15 02:02:54 INFO Epoch 30/120	Training Loss: 1.4582	Time remaining is 2h:57m
2024-03-15 02:04:51 INFO Epoch 31/120	Training Loss: 1.4726	Time remaining is 2h:55m
2024-03-15 02:06:47 INFO Epoch 32/120	Training Loss: 1.4671	Time remaining is 2h:53m
2024-03-15 02:08:44 INFO Epoch 33/120	Training Loss: 1.4602	Time remaining is 2h:51m
2024-03-15 02:10:41 INFO Epoch 34/120	Training Loss: 1.4704	Time remaining is 2h:49m
2024-03-15 02:12:38 INFO Epoch 35/120	Training Loss: 1.4742	Time remaining is 2h:47m
2024-03-15 02:14:35 INFO Epoch 36/120	Training Loss: 1.4577	Time remaining is 2h:45m
2024-03-15 02:16:32 INFO Epoch 37/120	Training Loss: 1.4566	Time remaining is 2h:43m
2024-03-15 02:18:29 INFO Epoch 38/120	Training Loss: 1.4650	Time remaining is 2h:41m
2024-03-15 02:20:26 INFO Epoch 39/120	Training Loss: 1.4640	Time remaining is 2h:39m
2024-03-15 02:22:22 INFO Epoch 40/120	Training Loss: 1.4462	Time remaining is 2h:38m
2024-03-15 02:24:19 INFO Epoch 41/120	Training Loss: 1.3574	Time remaining is 2h:36m
2024-03-15 02:26:15 INFO Epoch 42/120	Training Loss: 1.2749	Time remaining is 2h:34m
2024-03-15 02:28:11 INFO Epoch 43/120	Training Loss: 1.2609	Time remaining is 2h:32m
2024-03-15 02:30:08 INFO Epoch 44/120	Training Loss: 1.2507	Time remaining is 2h:30m
2024-03-15 02:32:05 INFO Epoch 45/120	Training Loss: 1.2433	Time remaining is 2h:28m
2024-03-15 02:34:01 INFO Epoch 46/120	Training Loss: 1.2363	Time remaining is 2h:26m
2024-03-15 02:35:58 INFO Epoch 47/120	Training Loss: 1.2272	Time remaining is 2h:24m
2024-03-15 02:37:54 INFO Epoch 48/120	Training Loss: 1.2329	Time remaining is 2h:22m
2024-03-15 02:39:51 INFO Epoch 49/120	Training Loss: 1.2248	Time remaining is 2h:20m
2024-03-15 02:41:47 INFO Epoch 50/120	Training Loss: 1.2237	Time remaining is 2h:18m
2024-03-15 02:43:44 INFO Epoch 51/120	Training Loss: 1.2153	Time remaining is 2h:16m
2024-03-15 02:45:41 INFO Epoch 52/120	Training Loss: 1.2193	Time remaining is 2h:14m
2024-03-15 02:47:37 INFO Epoch 53/120	Training Loss: 1.2168	Time remaining is 2h:12m
2024-03-15 02:49:34 INFO Epoch 54/120	Training Loss: 1.2118	Time remaining is 2h:10m
2024-03-15 02:51:30 INFO Epoch 55/120	Training Loss: 1.2150	Time remaining is 2h:8m
2024-03-15 02:53:27 INFO Epoch 56/120	Training Loss: 1.2123	Time remaining is 2h:6m
2024-03-15 02:55:24 INFO Epoch 57/120	Training Loss: 1.2016	Time remaining is 2h:4m
2024-03-15 02:57:20 INFO Epoch 58/120	Training Loss: 1.2080	Time remaining is 2h:2m
2024-03-15 02:59:17 INFO Epoch 59/120	Training Loss: 1.2085	Time remaining is 2h:1m
2024-03-15 03:01:14 INFO Epoch 60/120	Training Loss: 1.2039	Time remaining is 1h:59m
2024-03-15 03:03:10 INFO Epoch 61/120	Training Loss: 1.2043	Time remaining is 1h:57m
2024-03-15 03:05:07 INFO Epoch 62/120	Training Loss: 1.2007	Time remaining is 1h:55m
2024-03-15 03:07:04 INFO Epoch 63/120	Training Loss: 1.1987	Time remaining is 1h:53m
2024-03-15 03:09:01 INFO Epoch 64/120	Training Loss: 1.1999	Time remaining is 1h:51m
2024-03-15 03:10:58 INFO Epoch 65/120	Training Loss: 1.1958	Time remaining is 1h:49m
2024-03-15 03:12:55 INFO Epoch 66/120	Training Loss: 1.1964	Time remaining is 1h:47m
2024-03-15 03:14:52 INFO Epoch 67/120	Training Loss: 1.2012	Time remaining is 1h:45m
2024-03-15 03:16:49 INFO Epoch 68/120	Training Loss: 1.1961	Time remaining is 1h:43m
2024-03-15 03:18:45 INFO Epoch 69/120	Training Loss: 1.1900	Time remaining is 1h:41m
2024-03-15 03:20:42 INFO Epoch 70/120	Training Loss: 1.1914	Time remaining is 1h:39m
2024-03-15 03:22:39 INFO Epoch 71/120	Training Loss: 1.1860	Time remaining is 1h:37m
2024-03-15 03:24:36 INFO Epoch 72/120	Training Loss: 1.1801	Time remaining is 1h:35m
2024-03-15 03:26:33 INFO Epoch 73/120	Training Loss: 1.1767	Time remaining is 1h:33m
2024-03-15 03:28:29 INFO Epoch 74/120	Training Loss: 1.1721	Time remaining is 1h:31m
2024-03-15 03:30:25 INFO Epoch 75/120	Training Loss: 1.1704	Time remaining is 1h:29m
2024-03-15 03:32:21 INFO Epoch 76/120	Training Loss: 1.1686	Time remaining is 1h:28m
2024-03-15 03:34:18 INFO Epoch 77/120	Training Loss: 1.1756	Time remaining is 1h:26m
2024-03-15 03:36:15 INFO Epoch 78/120	Training Loss: 1.1675	Time remaining is 1h:24m
2024-03-15 03:38:12 INFO Epoch 79/120	Training Loss: 1.1736	Time remaining is 1h:22m
2024-03-15 03:40:08 INFO Epoch 80/120	Training Loss: 1.1732	Time remaining is 1h:20m
2024-03-15 03:42:05 INFO Epoch 81/120	Training Loss: 1.1732	Time remaining is 1h:18m
2024-03-15 03:44:02 INFO Epoch 82/120	Training Loss: 1.1729	Time remaining is 1h:16m
2024-03-15 03:45:59 INFO Epoch 83/120	Training Loss: 1.1718	Time remaining is 1h:14m
2024-03-15 03:47:56 INFO Epoch 84/120	Training Loss: 1.1710	Time remaining is 1h:12m
2024-03-15 03:49:52 INFO Epoch 85/120	Training Loss: 1.1730	Time remaining is 1h:10m
2024-03-15 03:51:49 INFO Epoch 86/120	Training Loss: 1.1735	Time remaining is 1h:8m
2024-03-15 03:53:45 INFO Epoch 87/120	Training Loss: 1.1710	Time remaining is 1h:6m
2024-03-15 03:55:42 INFO Epoch 88/120	Training Loss: 1.1642	Time remaining is 1h:4m
2024-03-15 03:57:39 INFO Epoch 89/120	Training Loss: 1.1693	Time remaining is 1h:2m
2024-03-15 03:59:36 INFO Epoch 90/120	Training Loss: 1.1700	Time remaining is 1h:0m
2024-03-15 04:00:33 INFO Testing: dataset_name: market1501 top1:0.9267 top5:0.9765 top10:0.9843 mAP:0.8126
2024-03-15 04:02:30 INFO Epoch 91/120	Training Loss: 1.1705	Time remaining is 0h:59m
2024-03-15 04:04:26 INFO Epoch 92/120	Training Loss: 1.1642	Time remaining is 0h:57m
2024-03-15 04:06:23 INFO Epoch 93/120	Training Loss: 1.1715	Time remaining is 0h:55m
2024-03-15 04:08:19 INFO Epoch 94/120	Training Loss: 1.1692	Time remaining is 0h:53m
2024-03-15 04:10:15 INFO Epoch 95/120	Training Loss: 1.1628	Time remaining is 0h:51m
2024-03-15 04:12:12 INFO Epoch 96/120	Training Loss: 1.1706	Time remaining is 0h:49m
2024-03-15 04:14:08 INFO Epoch 97/120	Training Loss: 1.1612	Time remaining is 0h:47m
2024-03-15 04:16:04 INFO Epoch 98/120	Training Loss: 1.1703	Time remaining is 0h:45m
2024-03-15 04:18:01 INFO Epoch 99/120	Training Loss: 1.1696	Time remaining is 0h:43m
2024-03-15 04:19:57 INFO Epoch 100/120	Training Loss: 1.1667	Time remaining is 0h:41m
2024-03-15 04:20:55 INFO Testing: dataset_name: market1501 top1:0.9314 top5:0.9751 top10:0.9834 mAP:0.8126
2024-03-15 04:22:52 INFO Epoch 101/120	Training Loss: 1.1708	Time remaining is 0h:39m
2024-03-15 04:24:48 INFO Epoch 102/120	Training Loss: 1.1678	Time remaining is 0h:37m
2024-03-15 04:26:45 INFO Epoch 103/120	Training Loss: 1.1671	Time remaining is 0h:35m
2024-03-15 04:28:42 INFO Epoch 104/120	Training Loss: 1.1664	Time remaining is 0h:33m
2024-03-15 04:30:39 INFO Epoch 105/120	Training Loss: 1.1735	Time remaining is 0h:31m
2024-03-15 04:32:36 INFO Epoch 106/120	Training Loss: 1.1670	Time remaining is 0h:29m
2024-03-15 04:34:32 INFO Epoch 107/120	Training Loss: 1.1615	Time remaining is 0h:27m
2024-03-15 04:36:28 INFO Epoch 108/120	Training Loss: 1.1677	Time remaining is 0h:26m
2024-03-15 04:38:25 INFO Epoch 109/120	Training Loss: 1.1665	Time remaining is 0h:24m
2024-03-15 04:40:22 INFO Epoch 110/120	Training Loss: 1.1655	Time remaining is 0h:22m
2024-03-15 04:41:19 INFO Testing: dataset_name: market1501 top1:0.9302 top5:0.9760 top10:0.9846 mAP:0.8164
2024-03-15 04:43:15 INFO Epoch 111/120	Training Loss: 1.1603	Time remaining is 0h:20m
2024-03-15 04:45:12 INFO Epoch 112/120	Training Loss: 1.1647	Time remaining is 0h:18m
2024-03-15 04:47:09 INFO Epoch 113/120	Training Loss: 1.1663	Time remaining is 0h:16m
2024-03-15 04:49:05 INFO Epoch 114/120	Training Loss: 1.1604	Time remaining is 0h:14m
2024-03-15 04:51:02 INFO Epoch 115/120	Training Loss: 1.1714	Time remaining is 0h:12m
2024-03-15 04:52:59 INFO Epoch 116/120	Training Loss: 1.1658	Time remaining is 0h:10m
2024-03-15 04:54:55 INFO Epoch 117/120	Training Loss: 1.1672	Time remaining is 0h:8m
2024-03-15 04:56:52 INFO Epoch 118/120	Training Loss: 1.1647	Time remaining is 0h:6m
2024-03-15 04:58:49 INFO Epoch 119/120	Training Loss: 1.1710	Time remaining is 0h:4m
2024-03-15 05:00:45 INFO Epoch 120/120	Training Loss: 1.1583	Time remaining is 0h:2m
2024-03-15 05:01:42 INFO Testing: dataset_name: market1501 top1:0.9329 top5:0.9757 top10:0.9840 mAP:0.8162
2024-03-15 05:01:42 INFO The running time of training: 1.42290e+04 s
2024-03-15 08:42:06 INFO ##################################################
2024-03-15 08:42:06 INFO Task: ReID_Task
2024-03-15 08:42:06 INFO Using device: cuda
2024-03-15 08:42:06 INFO Using data type: torch.float32
