2024-10-05 02:09:52 INFO ##################################################
2024-10-05 02:09:52 INFO Config values: batch_size: 60	current_directory: /home/hy/project/reid_task/ex_003_12	dataset_name: Occluded_Duke	dataset_path: /home/hy/project/data/Occluded_Duke	device: cuda	dtype: torch.float32	epoch_start_test: 90	epochs: 120	img_height: 256	img_width: 128	logs_outputs_path: /home/hy/project/reid_task/ex_003_12/./outputs/logs	models_outputs_path: /home/hy/project/reid_task/ex_003_12/./outputs/models	np: <module 'numpy' from '/home/hy/anaconda3/envs/py396/lib/python3.9/site-packages/numpy/__init__.py'>	os: <module 'os' from '/home/hy/anaconda3/envs/py396/lib/python3.9/os.py'>	outputs_dir: ./outputs/	outputs_path: /home/hy/project/reid_task/ex_003_12/./outputs/	print_every: 1	seed: 1	taskname: ReID_Task	temps_outputs_path: /home/hy/project/reid_task/ex_003_12/./outputs/temps	test_batch_size: 256	test_every: 5	torch: <module 'torch' from '/home/hy/anaconda3/envs/py396/lib/python3.9/site-packages/torch/__init__.py'>
2024-10-05 02:09:52 INFO Task: ReID_Task
2024-10-05 02:09:52 INFO Using device: cuda
2024-10-05 02:09:52 INFO Using data type: torch.float32
2024-10-05 02:09:52 INFO Number of GPUs: 1
2024-10-05 02:09:52 INFO GPU is_available: True
2024-10-05 02:09:52 INFO GPU name: NVIDIA GeForce RTX 3060
2024-10-05 02:09:52 INFO CUDA version: 12.1
2024-10-05 02:09:52 INFO Current device id: 0
2024-10-05 02:09:52 INFO ##################################################
2024-10-05 02:11:10 INFO Epoch 1/120	Training Loss: 6.0253	Time remaining is 2h:35m
2024-10-05 02:12:27 INFO Epoch 2/120	Training Loss: 4.9412	Time remaining is 2h:33m
2024-10-05 02:13:44 INFO Epoch 3/120	Training Loss: 3.6042	Time remaining is 2h:32m
2024-10-05 02:15:01 INFO Epoch 4/120	Training Loss: 2.4727	Time remaining is 2h:30m
2024-10-05 02:16:18 INFO Epoch 5/120	Training Loss: 1.7738	Time remaining is 2h:29m
2024-10-05 02:17:35 INFO Epoch 6/120	Training Loss: 1.4597	Time remaining is 2h:28m
2024-10-05 02:18:52 INFO Epoch 7/120	Training Loss: 1.3239	Time remaining is 2h:26m
2024-10-05 02:20:09 INFO Epoch 8/120	Training Loss: 1.2608	Time remaining is 2h:25m
2024-10-05 02:21:27 INFO Epoch 9/120	Training Loss: 1.2408	Time remaining is 2h:24m
2024-10-05 02:22:44 INFO Epoch 10/120	Training Loss: 1.2211	Time remaining is 2h:23m
2024-10-05 02:24:00 INFO Epoch 11/120	Training Loss: 1.1616	Time remaining is 2h:21m
2024-10-05 02:25:17 INFO Epoch 12/120	Training Loss: 1.1384	Time remaining is 2h:20m
2024-10-05 02:26:34 INFO Epoch 13/120	Training Loss: 1.1239	Time remaining is 2h:19m
2024-10-05 02:27:51 INFO Epoch 14/120	Training Loss: 1.1077	Time remaining is 2h:17m
2024-10-05 02:29:09 INFO Epoch 15/120	Training Loss: 1.1020	Time remaining is 2h:16m
2024-10-05 02:30:25 INFO Epoch 16/120	Training Loss: 1.0911	Time remaining is 2h:15m
2024-10-05 02:31:42 INFO Epoch 17/120	Training Loss: 1.0802	Time remaining is 2h:14m
2024-10-05 02:32:59 INFO Epoch 18/120	Training Loss: 1.0806	Time remaining is 2h:12m
2024-10-05 02:34:16 INFO Epoch 19/120	Training Loss: 1.0778	Time remaining is 2h:11m
2024-10-05 02:35:33 INFO Epoch 20/120	Training Loss: 1.0776	Time remaining is 2h:10m
2024-10-05 02:36:50 INFO Epoch 21/120	Training Loss: 1.0685	Time remaining is 2h:8m
2024-10-05 02:38:07 INFO Epoch 22/120	Training Loss: 1.0672	Time remaining is 2h:7m
2024-10-05 02:39:24 INFO Epoch 23/120	Training Loss: 1.0614	Time remaining is 2h:6m
2024-10-05 02:40:41 INFO Epoch 24/120	Training Loss: 1.0540	Time remaining is 2h:5m
2024-10-05 02:41:58 INFO Epoch 25/120	Training Loss: 1.0492	Time remaining is 2h:3m
2024-10-05 02:43:16 INFO Epoch 26/120	Training Loss: 1.0547	Time remaining is 2h:2m
2024-10-05 02:44:33 INFO Epoch 27/120	Training Loss: 1.0490	Time remaining is 2h:1m
2024-10-05 02:45:50 INFO Epoch 28/120	Training Loss: 1.0351	Time remaining is 1h:59m
2024-10-05 02:47:07 INFO Epoch 29/120	Training Loss: 1.0438	Time remaining is 1h:58m
2024-10-05 02:48:24 INFO Epoch 30/120	Training Loss: 1.0375	Time remaining is 1h:57m
2024-10-05 02:49:40 INFO Epoch 31/120	Training Loss: 1.0328	Time remaining is 1h:56m
2024-10-05 02:50:57 INFO Epoch 32/120	Training Loss: 1.0267	Time remaining is 1h:54m
2024-10-05 02:52:14 INFO Epoch 33/120	Training Loss: 1.0358	Time remaining is 1h:53m
2024-10-05 02:53:31 INFO Epoch 34/120	Training Loss: 1.0280	Time remaining is 1h:52m
2024-10-05 02:54:48 INFO Epoch 35/120	Training Loss: 1.0322	Time remaining is 1h:50m
2024-10-05 02:56:05 INFO Epoch 36/120	Training Loss: 1.0277	Time remaining is 1h:49m
2024-10-05 02:57:22 INFO Epoch 37/120	Training Loss: 1.0192	Time remaining is 1h:48m
2024-10-05 02:58:39 INFO Epoch 38/120	Training Loss: 1.0220	Time remaining is 1h:47m
2024-10-05 02:59:56 INFO Epoch 39/120	Training Loss: 1.0180	Time remaining is 1h:45m
2024-10-05 03:01:12 INFO Epoch 40/120	Training Loss: 0.9912	Time remaining is 1h:44m
2024-10-05 03:02:29 INFO Epoch 41/120	Training Loss: 0.9588	Time remaining is 1h:43m
2024-10-05 03:03:46 INFO Epoch 42/120	Training Loss: 0.9494	Time remaining is 1h:41m
2024-10-05 03:05:03 INFO Epoch 43/120	Training Loss: 0.9492	Time remaining is 1h:40m
2024-10-05 03:06:19 INFO Epoch 44/120	Training Loss: 0.9365	Time remaining is 1h:39m
2024-10-05 03:07:36 INFO Epoch 45/120	Training Loss: 0.9406	Time remaining is 1h:37m
2024-10-05 03:08:53 INFO Epoch 46/120	Training Loss: 0.9354	Time remaining is 1h:36m
2024-10-05 03:10:10 INFO Epoch 47/120	Training Loss: 0.9455	Time remaining is 1h:35m
2024-10-05 03:11:27 INFO Epoch 48/120	Training Loss: 0.9435	Time remaining is 1h:34m
2024-10-05 03:12:44 INFO Epoch 49/120	Training Loss: 0.9362	Time remaining is 1h:32m
2024-10-05 03:14:01 INFO Epoch 50/120	Training Loss: 0.9362	Time remaining is 1h:31m
2024-10-05 03:15:18 INFO Epoch 51/120	Training Loss: 0.9335	Time remaining is 1h:30m
2024-10-05 03:16:35 INFO Epoch 52/120	Training Loss: 0.9342	Time remaining is 1h:29m
2024-10-05 03:17:52 INFO Epoch 53/120	Training Loss: 0.9376	Time remaining is 1h:27m
2024-10-05 03:19:08 INFO Epoch 54/120	Training Loss: 0.9267	Time remaining is 1h:26m
2024-10-05 03:20:25 INFO Epoch 55/120	Training Loss: 0.9359	Time remaining is 1h:25m
2024-10-05 03:21:43 INFO Epoch 56/120	Training Loss: 0.9357	Time remaining is 1h:23m
2024-10-05 03:23:00 INFO Epoch 57/120	Training Loss: 0.9340	Time remaining is 1h:22m
2024-10-05 03:24:17 INFO Epoch 58/120	Training Loss: 0.9371	Time remaining is 1h:21m
2024-10-05 03:25:35 INFO Epoch 59/120	Training Loss: 0.9374	Time remaining is 1h:20m
2024-10-05 03:26:52 INFO Epoch 60/120	Training Loss: 0.9338	Time remaining is 1h:18m
2024-10-05 03:28:09 INFO Epoch 61/120	Training Loss: 0.9237	Time remaining is 1h:17m
2024-10-05 03:29:26 INFO Epoch 62/120	Training Loss: 0.9313	Time remaining is 1h:16m
2024-10-05 03:30:43 INFO Epoch 63/120	Training Loss: 0.9264	Time remaining is 1h:14m
2024-10-05 03:31:59 INFO Epoch 64/120	Training Loss: 0.9274	Time remaining is 1h:13m
2024-10-05 03:33:16 INFO Epoch 65/120	Training Loss: 0.9256	Time remaining is 1h:12m
2024-10-05 03:34:34 INFO Epoch 66/120	Training Loss: 0.9330	Time remaining is 1h:11m
2024-10-05 03:35:51 INFO Epoch 67/120	Training Loss: 0.9255	Time remaining is 1h:9m
2024-10-05 03:37:07 INFO Epoch 68/120	Training Loss: 0.9258	Time remaining is 1h:8m
2024-10-05 03:38:24 INFO Epoch 69/120	Training Loss: 0.9283	Time remaining is 1h:7m
2024-10-05 03:39:41 INFO Epoch 70/120	Training Loss: 0.9182	Time remaining is 1h:5m
2024-10-05 03:40:58 INFO Epoch 71/120	Training Loss: 0.9269	Time remaining is 1h:4m
2024-10-05 03:42:15 INFO Epoch 72/120	Training Loss: 0.9224	Time remaining is 1h:3m
2024-10-05 03:43:33 INFO Epoch 73/120	Training Loss: 0.9211	Time remaining is 1h:2m
2024-10-05 03:44:49 INFO Epoch 74/120	Training Loss: 0.9126	Time remaining is 1h:0m
2024-10-05 03:46:06 INFO Epoch 75/120	Training Loss: 0.9180	Time remaining is 0h:59m
2024-10-05 03:47:23 INFO Epoch 76/120	Training Loss: 0.9164	Time remaining is 0h:58m
2024-10-05 03:48:40 INFO Epoch 77/120	Training Loss: 0.9163	Time remaining is 0h:56m
2024-10-05 03:49:57 INFO Epoch 78/120	Training Loss: 0.9207	Time remaining is 0h:55m
2024-10-05 03:51:14 INFO Epoch 79/120	Training Loss: 0.9203	Time remaining is 0h:54m
2024-10-05 03:52:30 INFO Epoch 80/120	Training Loss: 0.9108	Time remaining is 0h:53m
2024-10-05 03:53:47 INFO Epoch 81/120	Training Loss: 0.9168	Time remaining is 0h:51m
2024-10-05 03:55:05 INFO Epoch 82/120	Training Loss: 0.9236	Time remaining is 0h:50m
2024-10-05 03:56:22 INFO Epoch 83/120	Training Loss: 0.9239	Time remaining is 0h:49m
2024-10-05 03:57:39 INFO Epoch 84/120	Training Loss: 0.9212	Time remaining is 0h:47m
2024-10-05 03:58:56 INFO Epoch 85/120	Training Loss: 0.9189	Time remaining is 0h:46m
2024-10-05 04:00:13 INFO Epoch 86/120	Training Loss: 0.9168	Time remaining is 0h:45m
2024-10-05 04:01:30 INFO Epoch 87/120	Training Loss: 0.9203	Time remaining is 0h:44m
2024-10-05 04:02:48 INFO Epoch 88/120	Training Loss: 0.9240	Time remaining is 0h:42m
2024-10-05 04:04:05 INFO Epoch 89/120	Training Loss: 0.9159	Time remaining is 0h:41m
2024-10-05 04:05:21 INFO Epoch 90/120	Training Loss: 0.9125	Time remaining is 0h:40m
2024-10-05 04:06:26 INFO Epoch 90/120	Testing: dataset_name: Occluded_Duke top1: 59.502 top5: 73.846 top10: 79.005 mAP: 51.350
2024-10-05 04:07:43 INFO Epoch 91/120	Training Loss: 0.9209	Time remaining is 0h:39m
2024-10-05 04:09:00 INFO Epoch 92/120	Training Loss: 0.9152	Time remaining is 0h:38m
2024-10-05 04:10:17 INFO Epoch 93/120	Training Loss: 0.9161	Time remaining is 0h:36m
2024-10-05 04:11:34 INFO Epoch 94/120	Training Loss: 0.9188	Time remaining is 0h:35m
2024-10-05 04:12:52 INFO Epoch 95/120	Training Loss: 0.9231	Time remaining is 0h:34m
2024-10-05 04:13:57 INFO Epoch 95/120	Testing: dataset_name: Occluded_Duke top1: 59.412 top5: 73.484 top10: 79.140 mAP: 51.247
2024-10-05 04:15:13 INFO Epoch 96/120	Training Loss: 0.9165	Time remaining is 0h:33m
2024-10-05 04:16:30 INFO Epoch 97/120	Training Loss: 0.9150	Time remaining is 0h:31m
2024-10-05 04:17:47 INFO Epoch 98/120	Training Loss: 0.9109	Time remaining is 0h:30m
2024-10-05 04:19:04 INFO Epoch 99/120	Training Loss: 0.9158	Time remaining is 0h:29m
2024-10-05 04:20:21 INFO Epoch 100/120	Training Loss: 0.9188	Time remaining is 0h:27m
2024-10-05 04:21:25 INFO Epoch 100/120	Testing: dataset_name: Occluded_Duke top1: 59.729 top5: 74.208 top10: 79.638 mAP: 51.598
2024-10-05 04:22:42 INFO Epoch 101/120	Training Loss: 0.9160	Time remaining is 0h:26m
2024-10-05 04:23:58 INFO Epoch 102/120	Training Loss: 0.9102	Time remaining is 0h:25m
2024-10-05 04:25:15 INFO Epoch 103/120	Training Loss: 0.9150	Time remaining is 0h:24m
2024-10-05 04:26:33 INFO Epoch 104/120	Training Loss: 0.9183	Time remaining is 0h:22m
2024-10-05 04:27:49 INFO Epoch 105/120	Training Loss: 0.9142	Time remaining is 0h:21m
2024-10-05 04:28:54 INFO Epoch 105/120	Testing: dataset_name: Occluded_Duke top1: 60.136 top5: 73.891 top10: 79.729 mAP: 51.784
2024-10-05 04:30:10 INFO Epoch 106/120	Training Loss: 0.9060	Time remaining is 0h:20m
2024-10-05 04:31:27 INFO Epoch 107/120	Training Loss: 0.9137	Time remaining is 0h:19m
2024-10-05 04:32:44 INFO Epoch 108/120	Training Loss: 0.9149	Time remaining is 0h:17m
2024-10-05 04:34:02 INFO Epoch 109/120	Training Loss: 0.9175	Time remaining is 0h:16m
2024-10-05 04:35:19 INFO Epoch 110/120	Training Loss: 0.9146	Time remaining is 0h:15m
2024-10-05 04:36:23 INFO Epoch 110/120	Testing: dataset_name: Occluded_Duke top1: 59.638 top5: 73.801 top10: 79.729 mAP: 51.526
2024-10-05 04:37:40 INFO Epoch 111/120	Training Loss: 0.9137	Time remaining is 0h:13m
2024-10-05 04:38:57 INFO Epoch 112/120	Training Loss: 0.9111	Time remaining is 0h:12m
2024-10-05 04:40:14 INFO Epoch 113/120	Training Loss: 0.9142	Time remaining is 0h:11m
2024-10-05 04:41:31 INFO Epoch 114/120	Training Loss: 0.9183	Time remaining is 0h:9m
2024-10-05 04:42:48 INFO Epoch 115/120	Training Loss: 0.9134	Time remaining is 0h:8m
2024-10-05 04:43:53 INFO Epoch 115/120	Testing: dataset_name: Occluded_Duke top1: 60.000 top5: 73.982 top10: 79.774 mAP: 51.936
2024-10-05 04:45:10 INFO Epoch 116/120	Training Loss: 0.9174	Time remaining is 0h:7m
2024-10-05 04:46:26 INFO Epoch 117/120	Training Loss: 0.9141	Time remaining is 0h:5m
2024-10-05 04:47:44 INFO Epoch 118/120	Training Loss: 0.9179	Time remaining is 0h:4m
2024-10-05 04:49:01 INFO Epoch 119/120	Training Loss: 0.9213	Time remaining is 0h:3m
2024-10-05 04:50:19 INFO Epoch 120/120	Training Loss: 0.9140	Time remaining is 0h:1m
2024-10-05 04:51:23 INFO Epoch 120/120	Testing: dataset_name: Occluded_Duke top1: 60.679 top5: 74.615 top10: 80.271 mAP: 52.197
2024-10-05 04:51:23 INFO The running time of training: 2.69 h
