2024-04-09 09:49:53 INFO ##################################################
2024-04-09 09:49:53 INFO Config values: batch_size: 60	current_directory: /home/hy/project/reid_task/ex_main2	dataset_name: market1501	dataset_path: /home/hy/project/data/Market-1501-v15.09.15	device: cuda	dtype: torch.float32	epoch_start_test: 90	epochs: 120	img_height: 256	img_width: 128	logs_outputs_path: /home/hy/project/reid_task/ex_main2/outputs_numconv5/logs	models_outputs_path: /home/hy/project/reid_task/ex_main2/outputs_numconv5/models	np: <module 'numpy' from '/home/hy/anaconda3/envs/py396/lib/python3.9/site-packages/numpy/__init__.py'>	num_conv: 4	os: <module 'os' from '/home/hy/anaconda3/envs/py396/lib/python3.9/os.py'>	outputs_dir: ./outputs/	outputs_path: /home/hy/project/reid_task/ex_main2/outputs_numconv5/	print_every: 1	seed: 1	taskname: ReID_Task	temps_outputs_path: /home/hy/project/reid_task/ex_main2/outputs_numconv5/temps	test_batch_size: 256	test_every: 5	torch: <module 'torch' from '/home/hy/anaconda3/envs/py396/lib/python3.9/site-packages/torch/__init__.py'>
2024-04-09 09:49:53 INFO Task: ReID_Task
2024-04-09 09:49:53 INFO Using device: cuda
2024-04-09 09:49:53 INFO Using data type: torch.float32
2024-04-09 09:49:53 INFO Number of GPUs: 1
2024-04-09 09:49:53 INFO GPU is_available: True
2024-04-09 09:49:53 INFO GPU name: NVIDIA GeForce RTX 3060
2024-04-09 09:49:53 INFO CUDA version: 12.1
2024-04-09 09:49:53 INFO Current device id: 0
2024-04-09 09:49:53 INFO ##################################################
2024-04-09 09:51:27 INFO Epoch 1/120	Training Loss: 9.6382	Time remaining is 3h:6m
2024-04-09 09:52:59 INFO Epoch 2/120	Training Loss: 8.1416	Time remaining is 3h:4m
2024-04-09 09:54:31 INFO Epoch 3/120	Training Loss: 6.3294	Time remaining is 3h:2m
2024-04-09 09:56:04 INFO Epoch 4/120	Training Loss: 4.8922	Time remaining is 3h:0m
2024-04-09 09:57:36 INFO Epoch 5/120	Training Loss: 3.8138	Time remaining is 2h:59m
2024-04-09 09:59:08 INFO Epoch 6/120	Training Loss: 3.1053	Time remaining is 2h:57m
2024-04-09 10:00:40 INFO Epoch 7/120	Training Loss: 2.7177	Time remaining is 2h:55m
2024-04-09 10:02:12 INFO Epoch 8/120	Training Loss: 2.5193	Time remaining is 2h:54m
2024-04-09 10:03:44 INFO Epoch 9/120	Training Loss: 2.4113	Time remaining is 2h:52m
2024-04-09 10:05:16 INFO Epoch 10/120	Training Loss: 2.3340	Time remaining is 2h:51m
2024-04-09 10:06:48 INFO Epoch 11/120	Training Loss: 2.2991	Time remaining is 2h:49m
2024-04-09 10:08:20 INFO Epoch 12/120	Training Loss: 2.2537	Time remaining is 2h:48m
2024-04-09 10:09:53 INFO Epoch 13/120	Training Loss: 2.2004	Time remaining is 2h:46m
2024-04-09 10:11:26 INFO Epoch 14/120	Training Loss: 2.1848	Time remaining is 2h:45m
2024-04-09 10:11:26 INFO An error occurred: [Errno 2] No such file or directory: '/home/hy/project/reid_task/ex_main2/outputs_numconv5/temps/recorder.pkl'
