2024-03-07 11:47:18 INFO ##################################################
2024-03-07 11:47:18 INFO Task: reid
2024-03-07 11:47:18 INFO Using device: cuda
2024-03-07 11:47:18 INFO Using data type: torch.float32
2024-03-07 11:47:18 INFO Number of GPUs: 1
2024-03-07 11:47:18 INFO GPU is_available: True
2024-03-07 11:47:18 INFO GPU name: NVIDIA GeForce RTX 3060
2024-03-07 11:47:18 INFO CUDA version: 12.1
2024-03-07 11:47:18 INFO Current device id: 0
2024-03-07 11:47:18 INFO ##################################################
2024-03-07 11:48:38 INFO Epoch 1/120	Training Loss: 8.7355	Time remaining is 2h:37m
2024-03-07 11:49:55 INFO Epoch 2/120	Training Loss: 7.9106	Time remaining is 2h:34m
2024-03-07 11:51:12 INFO Epoch 3/120	Training Loss: 6.3972	Time remaining is 2h:33m
2024-03-07 11:52:30 INFO Epoch 4/120	Training Loss: 4.7280	Time remaining is 2h:31m
2024-03-07 11:53:47 INFO Epoch 5/120	Training Loss: 3.3624	Time remaining is 2h:30m
2024-03-07 11:55:04 INFO Epoch 6/120	Training Loss: 2.4628	Time remaining is 2h:28m
2024-03-07 11:56:21 INFO Epoch 7/120	Training Loss: 1.9800	Time remaining is 2h:27m
2024-03-07 11:57:38 INFO Epoch 8/120	Training Loss: 1.7425	Time remaining is 2h:26m
2024-03-07 11:58:55 INFO Epoch 9/120	Training Loss: 1.6515	Time remaining is 2h:24m
2024-03-07 12:00:13 INFO Epoch 10/120	Training Loss: 1.6299	Time remaining is 2h:23m
2024-03-07 12:01:30 INFO Epoch 11/120	Training Loss: 1.6821	Time remaining is 2h:22m
2024-03-07 12:02:47 INFO Epoch 12/120	Training Loss: 1.6837	Time remaining is 2h:20m
2024-03-07 12:04:04 INFO Epoch 13/120	Training Loss: 1.6976	Time remaining is 2h:19m
2024-03-07 12:05:22 INFO Epoch 14/120	Training Loss: 1.7344	Time remaining is 2h:18m
2024-03-07 12:06:39 INFO Epoch 15/120	Training Loss: 1.7392	Time remaining is 2h:17m
2024-03-07 12:07:56 INFO Epoch 16/120	Training Loss: 1.7466	Time remaining is 2h:15m
2024-03-07 12:09:13 INFO Epoch 17/120	Training Loss: 1.7442	Time remaining is 2h:14m
2024-03-07 12:10:30 INFO Epoch 18/120	Training Loss: 1.7262	Time remaining is 2h:13m
2024-03-07 12:11:48 INFO Epoch 19/120	Training Loss: 1.7032	Time remaining is 2h:11m
2024-03-07 12:13:05 INFO Epoch 20/120	Training Loss: 1.6834	Time remaining is 2h:10m
2024-03-07 12:14:22 INFO Epoch 21/120	Training Loss: 1.6729	Time remaining is 2h:9m
2024-03-07 12:15:39 INFO Epoch 22/120	Training Loss: 1.6629	Time remaining is 2h:7m
2024-03-07 12:16:55 INFO Epoch 23/120	Training Loss: 1.6468	Time remaining is 2h:6m
2024-03-07 12:18:13 INFO Epoch 24/120	Training Loss: 1.6467	Time remaining is 2h:5m
2024-03-07 12:19:30 INFO Epoch 25/120	Training Loss: 1.6345	Time remaining is 2h:4m
2024-03-07 12:20:48 INFO Epoch 26/120	Training Loss: 1.6367	Time remaining is 2h:2m
2024-03-07 12:22:05 INFO Epoch 27/120	Training Loss: 1.6077	Time remaining is 2h:1m
2024-03-07 12:23:22 INFO Epoch 28/120	Training Loss: 1.5940	Time remaining is 1h:60m
2024-03-07 12:24:39 INFO Epoch 29/120	Training Loss: 1.5916	Time remaining is 1h:58m
2024-03-07 12:25:56 INFO Epoch 30/120	Training Loss: 1.6002	Time remaining is 1h:57m
2024-03-07 12:27:13 INFO Epoch 31/120	Training Loss: 1.6201	Time remaining is 1h:56m
2024-03-07 12:28:30 INFO Epoch 32/120	Training Loss: 1.6354	Time remaining is 1h:55m
2024-03-07 12:29:47 INFO Epoch 33/120	Training Loss: 1.6442	Time remaining is 1h:53m
2024-03-07 12:31:04 INFO Epoch 34/120	Training Loss: 1.6594	Time remaining is 1h:52m
2024-03-07 12:32:21 INFO Epoch 35/120	Training Loss: 1.6694	Time remaining is 1h:51m
2024-03-07 12:33:39 INFO Epoch 36/120	Training Loss: 1.6558	Time remaining is 1h:49m
2024-03-07 12:34:56 INFO Epoch 37/120	Training Loss: 1.6338	Time remaining is 1h:48m
2024-03-07 12:36:13 INFO Epoch 38/120	Training Loss: 1.6374	Time remaining is 1h:47m
2024-03-07 12:37:30 INFO Epoch 39/120	Training Loss: 1.6286	Time remaining is 1h:45m
2024-03-07 12:38:46 INFO Epoch 40/120	Training Loss: 1.6089	Time remaining is 1h:44m
2024-03-07 12:40:03 INFO Epoch 41/120	Training Loss: 1.5510	Time remaining is 1h:43m
2024-03-07 12:41:20 INFO Epoch 42/120	Training Loss: 1.4955	Time remaining is 1h:42m
2024-03-07 12:42:38 INFO Epoch 43/120	Training Loss: 1.4991	Time remaining is 1h:40m
2024-03-07 12:43:55 INFO Epoch 44/120	Training Loss: 1.4987	Time remaining is 1h:39m
2024-03-07 12:45:11 INFO Epoch 45/120	Training Loss: 1.4913	Time remaining is 1h:38m
2024-03-07 12:46:29 INFO Epoch 46/120	Training Loss: 1.4840	Time remaining is 1h:36m
2024-03-07 12:47:45 INFO Epoch 47/120	Training Loss: 1.4641	Time remaining is 1h:35m
2024-03-07 12:49:03 INFO Epoch 48/120	Training Loss: 1.4629	Time remaining is 1h:34m
2024-03-07 12:50:19 INFO Epoch 49/120	Training Loss: 1.4505	Time remaining is 1h:33m
2024-03-07 12:51:37 INFO Epoch 50/120	Training Loss: 1.4544	Time remaining is 1h:31m
2024-03-07 12:52:54 INFO Epoch 51/120	Training Loss: 1.4514	Time remaining is 1h:30m
2024-03-07 12:54:11 INFO Epoch 52/120	Training Loss: 1.4613	Time remaining is 1h:29m
2024-03-07 12:55:28 INFO Epoch 53/120	Training Loss: 1.4701	Time remaining is 1h:27m
2024-03-07 12:56:46 INFO Epoch 54/120	Training Loss: 1.4753	Time remaining is 1h:26m
2024-03-07 12:58:03 INFO Epoch 55/120	Training Loss: 1.4831	Time remaining is 1h:25m
2024-03-07 12:59:20 INFO Epoch 56/120	Training Loss: 1.4735	Time remaining is 1h:24m
2024-03-07 13:00:38 INFO Epoch 57/120	Training Loss: 1.4544	Time remaining is 1h:22m
2024-03-07 13:01:55 INFO Epoch 58/120	Training Loss: 1.4509	Time remaining is 1h:21m
2024-03-07 13:03:12 INFO Epoch 59/120	Training Loss: 1.4382	Time remaining is 1h:20m
2024-03-07 13:04:30 INFO Epoch 60/120	Training Loss: 1.4256	Time remaining is 1h:18m
2024-03-07 13:05:47 INFO Epoch 61/120	Training Loss: 1.4231	Time remaining is 1h:17m
2024-03-07 13:07:05 INFO Epoch 62/120	Training Loss: 1.4234	Time remaining is 1h:16m
2024-03-07 13:08:22 INFO Epoch 63/120	Training Loss: 1.4290	Time remaining is 1h:15m
2024-03-07 13:09:39 INFO Epoch 64/120	Training Loss: 1.4380	Time remaining is 1h:13m
2024-03-07 13:10:56 INFO Epoch 65/120	Training Loss: 1.4428	Time remaining is 1h:12m
2024-03-07 13:12:13 INFO Epoch 66/120	Training Loss: 1.4525	Time remaining is 1h:11m
2024-03-07 13:13:31 INFO Epoch 67/120	Training Loss: 1.4626	Time remaining is 1h:9m
2024-03-07 13:14:48 INFO Epoch 68/120	Training Loss: 1.4462	Time remaining is 1h:8m
2024-03-07 13:16:05 INFO Epoch 69/120	Training Loss: 1.4308	Time remaining is 1h:7m
2024-03-07 13:17:21 INFO Epoch 70/120	Training Loss: 1.4262	Time remaining is 1h:6m
2024-03-07 13:18:38 INFO Epoch 71/120	Training Loss: 1.4196	Time remaining is 1h:4m
2024-03-07 13:19:56 INFO Epoch 72/120	Training Loss: 1.4108	Time remaining is 1h:3m
2024-03-07 13:21:13 INFO Epoch 73/120	Training Loss: 1.4125	Time remaining is 1h:2m
2024-03-07 13:22:30 INFO Epoch 74/120	Training Loss: 1.4129	Time remaining is 1h:0m
2024-03-07 13:23:47 INFO Epoch 75/120	Training Loss: 1.4253	Time remaining is 0h:59m
2024-03-07 13:25:04 INFO Epoch 76/120	Training Loss: 1.4322	Time remaining is 0h:58m
2024-03-07 13:26:21 INFO Epoch 77/120	Training Loss: 1.4513	Time remaining is 0h:57m
2024-03-07 13:27:38 INFO Epoch 78/120	Training Loss: 1.4494	Time remaining is 0h:55m
2024-03-07 13:28:55 INFO Epoch 79/120	Training Loss: 1.4615	Time remaining is 0h:54m
2024-03-07 13:30:12 INFO Epoch 80/120	Training Loss: 1.4661	Time remaining is 0h:53m
2024-03-07 13:31:30 INFO Epoch 81/120	Training Loss: 1.4650	Time remaining is 0h:51m
2024-03-07 13:32:47 INFO Epoch 82/120	Training Loss: 1.4680	Time remaining is 0h:50m
2024-03-07 13:34:04 INFO Epoch 83/120	Training Loss: 1.4645	Time remaining is 0h:49m
2024-03-07 13:35:21 INFO Epoch 84/120	Training Loss: 1.4689	Time remaining is 0h:48m
2024-03-07 13:36:38 INFO Epoch 85/120	Training Loss: 1.4751	Time remaining is 0h:46m
2024-03-07 13:37:55 INFO Epoch 86/120	Training Loss: 1.4709	Time remaining is 0h:45m
2024-03-07 13:39:12 INFO Epoch 87/120	Training Loss: 1.4604	Time remaining is 0h:44m
2024-03-07 13:40:29 INFO Epoch 88/120	Training Loss: 1.4462	Time remaining is 0h:42m
2024-03-07 13:41:46 INFO Epoch 89/120	Training Loss: 1.4426	Time remaining is 0h:41m
2024-03-07 13:43:03 INFO Epoch 90/120	Training Loss: 1.4319	Time remaining is 0h:40m
2024-03-07 13:43:40 INFO Testing: dataset_name: Market-1501 top1:0.9489 top5:0.9852 top10:0.9908 mAP:0.8718
2024-03-07 13:44:57 INFO Epoch 91/120	Training Loss: 1.4255	Time remaining is 0h:39m
2024-03-07 13:46:15 INFO Epoch 92/120	Training Loss: 1.4084	Time remaining is 0h:37m
2024-03-07 13:47:32 INFO Epoch 93/120	Training Loss: 1.4153	Time remaining is 0h:36m
2024-03-07 13:48:49 INFO Epoch 94/120	Training Loss: 1.4121	Time remaining is 0h:35m
2024-03-07 13:50:06 INFO Epoch 95/120	Training Loss: 1.4045	Time remaining is 0h:34m
2024-03-07 13:50:43 INFO Testing: dataset_name: Market-1501 top1:0.9483 top5:0.9852 top10:0.9905 mAP:0.8715
2024-03-07 13:52:00 INFO Epoch 96/120	Training Loss: 1.4094	Time remaining is 0h:32m
2024-03-07 13:53:17 INFO Epoch 97/120	Training Loss: 1.3912	Time remaining is 0h:31m
2024-03-07 13:54:34 INFO Epoch 98/120	Training Loss: 1.3953	Time remaining is 0h:30m
2024-03-07 13:55:52 INFO Epoch 99/120	Training Loss: 1.3777	Time remaining is 0h:29m
2024-03-07 13:57:09 INFO Epoch 100/120	Training Loss: 1.3605	Time remaining is 0h:27m
2024-03-07 13:57:46 INFO Testing: dataset_name: Market-1501 top1:0.9498 top5:0.9837 top10:0.9905 mAP:0.8714
2024-03-07 13:59:03 INFO Epoch 101/120	Training Loss: 1.3442	Time remaining is 0h:26m
2024-03-07 14:00:20 INFO Epoch 102/120	Training Loss: 1.3375	Time remaining is 0h:25m
2024-03-07 14:01:37 INFO Epoch 103/120	Training Loss: 1.3368	Time remaining is 0h:23m
2024-03-07 14:02:55 INFO Epoch 104/120	Training Loss: 1.3462	Time remaining is 0h:22m
2024-03-07 14:04:13 INFO Epoch 105/120	Training Loss: 1.3745	Time remaining is 0h:21m
2024-03-07 14:04:49 INFO Testing: dataset_name: Market-1501 top1:0.9492 top5:0.9840 top10:0.9902 mAP:0.8718
2024-03-07 14:05:21 INFO ##################################################
2024-03-07 14:05:21 INFO Task: reid
2024-03-07 14:05:21 INFO Using device: cuda
2024-03-07 14:05:21 INFO Using data type: torch.float32
2024-03-07 14:06:07 INFO Epoch 106/120	Training Loss: 1.3932	Time remaining is 0h:20m
2024-03-07 14:07:24 INFO Epoch 107/120	Training Loss: 1.4181	Time remaining is 0h:18m
2024-03-07 14:08:42 INFO Epoch 108/120	Training Loss: 1.4549	Time remaining is 0h:17m
2024-03-07 14:09:59 INFO Epoch 109/120	Training Loss: 1.4794	Time remaining is 0h:16m
2024-03-07 14:11:17 INFO Epoch 110/120	Training Loss: 1.4982	Time remaining is 0h:14m
2024-03-07 14:11:53 INFO Testing: dataset_name: Market-1501 top1:0.9507 top5:0.9843 top10:0.9890 mAP:0.8741
2024-03-07 14:13:10 INFO Epoch 111/120	Training Loss: 1.5052	Time remaining is 0h:13m
2024-03-07 14:14:27 INFO Epoch 112/120	Training Loss: 1.5182	Time remaining is 0h:12m
2024-03-07 14:15:45 INFO Epoch 113/120	Training Loss: 1.5168	Time remaining is 0h:11m
2024-03-07 14:17:02 INFO Epoch 114/120	Training Loss: 1.5107	Time remaining is 0h:9m
2024-03-07 14:18:20 INFO Epoch 115/120	Training Loss: 1.5175	Time remaining is 0h:8m
2024-03-07 14:18:56 INFO Testing: dataset_name: Market-1501 top1:0.9486 top5:0.9837 top10:0.9905 mAP:0.8736
2024-03-07 14:20:13 INFO Epoch 116/120	Training Loss: 1.5054	Time remaining is 0h:7m
2024-03-07 14:21:30 INFO Epoch 117/120	Training Loss: 1.4999	Time remaining is 0h:5m
2024-03-07 14:22:48 INFO Epoch 118/120	Training Loss: 1.4846	Time remaining is 0h:4m
2024-03-07 14:24:06 INFO Epoch 119/120	Training Loss: 1.4778	Time remaining is 0h:3m
2024-03-07 14:25:23 INFO Epoch 120/120	Training Loss: 1.4390	Time remaining is 0h:1m
2024-03-07 14:25:59 INFO Testing: dataset_name: Market-1501 top1:0.9504 top5:0.9834 top10:0.9905 mAP:0.8736
2024-03-07 14:25:59 INFO The running time of training: 9.52109e+03 s
2024-03-07 14:29:59 INFO ##################################################
2024-03-07 14:29:59 INFO Task: reid
2024-03-07 14:29:59 INFO Using device: cuda
2024-03-07 14:29:59 INFO Using data type: torch.float32
