2024-04-26 09:06:09 INFO ##################################################
2024-04-26 09:06:09 INFO Config values: batch_size: 60	current_directory: /home/hy/project/reid_task/ex_main1	dataset_name: DukeMTMC-reID	dataset_path: /home/hy/project/data/DukeMTMC-reID	device: cuda	dtype: torch.float32	epoch_start_test: 90	epochs: 160	img_height: 256	img_width: 128	logs_outputs_path: /home/hy/project/reid_task/ex_main1/./outputs/logs	models_outputs_path: /home/hy/project/reid_task/ex_main1/./outputs/models	np: <module 'numpy' from '/home/hy/anaconda3/envs/py396/lib/python3.9/site-packages/numpy/__init__.py'>	os: <module 'os' from '/home/hy/anaconda3/envs/py396/lib/python3.9/os.py'>	outputs_dir: ./outputs/	outputs_path: /home/hy/project/reid_task/ex_main1/./outputs/	print_every: 1	seed: 3	taskname: ReID_Task	temps_outputs_path: /home/hy/project/reid_task/ex_main1/./outputs/temps	test_batch_size: 256	test_every: 5	torch: <module 'torch' from '/home/hy/anaconda3/envs/py396/lib/python3.9/site-packages/torch/__init__.py'>
2024-04-26 09:06:09 INFO Task: ReID_Task
2024-04-26 09:06:09 INFO Using device: cuda
2024-04-26 09:06:09 INFO Using data type: torch.float32
2024-04-26 09:06:09 INFO Number of GPUs: 1
2024-04-26 09:06:09 INFO GPU is_available: True
2024-04-26 09:06:09 INFO GPU name: NVIDIA GeForce RTX 3060
2024-04-26 09:06:09 INFO CUDA version: 12.1
2024-04-26 09:06:09 INFO Current device id: 0
2024-04-26 09:06:09 INFO ##################################################
2024-04-26 09:08:02 INFO Epoch 1/160	Training Loss: 9.1979	Time remaining is 4h:58m
2024-04-26 09:09:52 INFO Epoch 2/160	Training Loss: 7.6530	Time remaining is 4h:54m
2024-04-26 09:11:43 INFO Epoch 3/160	Training Loss: 5.7577	Time remaining is 4h:52m
2024-04-26 09:13:34 INFO Epoch 4/160	Training Loss: 4.1378	Time remaining is 4h:50m
2024-04-26 09:15:24 INFO Epoch 5/160	Training Loss: 3.0938	Time remaining is 4h:48m
2024-04-26 09:17:15 INFO Epoch 6/160	Training Loss: 2.5663	Time remaining is 4h:46m
2024-04-26 09:19:07 INFO Epoch 7/160	Training Loss: 2.3579	Time remaining is 4h:45m
2024-04-26 09:20:58 INFO Epoch 8/160	Training Loss: 2.2663	Time remaining is 4h:43m
2024-04-26 09:22:49 INFO Epoch 9/160	Training Loss: 2.2269	Time remaining is 4h:41m
2024-04-26 09:24:40 INFO Epoch 10/160	Training Loss: 2.1776	Time remaining is 4h:39m
2024-04-26 09:26:32 INFO Epoch 11/160	Training Loss: 2.1698	Time remaining is 4h:38m
2024-04-26 09:28:23 INFO Epoch 12/160	Training Loss: 2.1344	Time remaining is 4h:36m
2024-04-26 09:30:14 INFO Epoch 13/160	Training Loss: 2.1021	Time remaining is 4h:34m
2024-04-26 09:32:06 INFO Epoch 14/160	Training Loss: 2.0910	Time remaining is 4h:32m
2024-04-26 09:33:57 INFO Epoch 15/160	Training Loss: 2.0663	Time remaining is 4h:30m
2024-04-26 09:35:48 INFO Epoch 16/160	Training Loss: 2.0563	Time remaining is 4h:29m
2024-04-26 09:37:39 INFO Epoch 17/160	Training Loss: 2.0470	Time remaining is 4h:27m
2024-04-26 09:39:31 INFO Epoch 18/160	Training Loss: 2.0481	Time remaining is 4h:25m
2024-04-26 09:41:21 INFO Epoch 19/160	Training Loss: 2.0412	Time remaining is 4h:23m
2024-04-26 09:43:13 INFO Epoch 20/160	Training Loss: 2.0428	Time remaining is 4h:21m
2024-04-26 09:45:04 INFO Epoch 21/160	Training Loss: 2.0427	Time remaining is 4h:19m
2024-04-26 09:46:54 INFO Epoch 22/160	Training Loss: 2.0301	Time remaining is 4h:17m
2024-04-26 09:48:45 INFO Epoch 23/160	Training Loss: 2.0457	Time remaining is 4h:15m
2024-04-26 09:50:36 INFO Epoch 24/160	Training Loss: 2.0407	Time remaining is 4h:14m
2024-04-26 09:52:27 INFO Epoch 25/160	Training Loss: 2.0384	Time remaining is 4h:12m
2024-04-26 09:54:17 INFO Epoch 26/160	Training Loss: 2.0274	Time remaining is 4h:10m
2024-04-26 09:56:09 INFO Epoch 27/160	Training Loss: 2.0268	Time remaining is 4h:8m
2024-04-26 09:58:00 INFO Epoch 28/160	Training Loss: 2.0239	Time remaining is 4h:6m
2024-04-26 09:59:51 INFO Epoch 29/160	Training Loss: 2.0387	Time remaining is 4h:4m
2024-04-26 10:01:42 INFO Epoch 30/160	Training Loss: 2.0272	Time remaining is 4h:2m
2024-04-26 10:03:34 INFO Epoch 31/160	Training Loss: 2.0347	Time remaining is 4h:1m
2024-04-26 10:05:24 INFO Epoch 32/160	Training Loss: 2.0035	Time remaining is 3h:59m
2024-04-26 10:07:16 INFO Epoch 33/160	Training Loss: 2.0276	Time remaining is 3h:57m
2024-04-26 10:09:08 INFO Epoch 34/160	Training Loss: 2.0106	Time remaining is 3h:55m
2024-04-26 10:10:59 INFO Epoch 35/160	Training Loss: 2.0168	Time remaining is 3h:53m
2024-04-26 10:12:50 INFO Epoch 36/160	Training Loss: 2.0143	Time remaining is 3h:51m
2024-04-26 10:14:41 INFO Epoch 37/160	Training Loss: 2.0020	Time remaining is 3h:50m
2024-04-26 10:16:32 INFO Epoch 38/160	Training Loss: 1.9967	Time remaining is 3h:48m
2024-04-26 10:18:24 INFO Epoch 39/160	Training Loss: 1.9928	Time remaining is 3h:46m
2024-04-26 10:20:15 INFO Epoch 40/160	Training Loss: 1.9850	Time remaining is 3h:44m
2024-04-26 10:22:06 INFO Epoch 41/160	Training Loss: 1.9321	Time remaining is 3h:42m
2024-04-26 10:23:57 INFO Epoch 42/160	Training Loss: 1.8854	Time remaining is 3h:40m
2024-04-26 10:25:48 INFO Epoch 43/160	Training Loss: 1.8647	Time remaining is 3h:39m
2024-04-26 10:27:39 INFO Epoch 44/160	Training Loss: 1.8595	Time remaining is 3h:37m
2024-04-26 10:29:30 INFO Epoch 45/160	Training Loss: 1.8617	Time remaining is 3h:35m
2024-04-26 10:31:22 INFO Epoch 46/160	Training Loss: 1.8636	Time remaining is 3h:33m
2024-04-26 10:33:13 INFO Epoch 47/160	Training Loss: 1.8556	Time remaining is 3h:31m
2024-04-26 10:35:04 INFO Epoch 48/160	Training Loss: 1.8431	Time remaining is 3h:29m
2024-04-26 10:36:55 INFO Epoch 49/160	Training Loss: 1.8388	Time remaining is 3h:27m
2024-04-26 10:38:47 INFO Epoch 50/160	Training Loss: 1.8489	Time remaining is 3h:26m
2024-04-26 10:40:38 INFO Epoch 51/160	Training Loss: 1.8437	Time remaining is 3h:24m
2024-04-26 10:42:29 INFO Epoch 52/160	Training Loss: 1.8437	Time remaining is 3h:22m
2024-04-26 10:44:22 INFO Epoch 53/160	Training Loss: 1.8407	Time remaining is 3h:20m
2024-04-26 10:46:14 INFO Epoch 54/160	Training Loss: 1.8326	Time remaining is 3h:18m
2024-04-26 10:48:06 INFO Epoch 55/160	Training Loss: 1.8389	Time remaining is 3h:16m
2024-04-26 10:49:59 INFO Epoch 56/160	Training Loss: 1.8340	Time remaining is 3h:15m
2024-04-26 10:51:51 INFO Epoch 57/160	Training Loss: 1.8329	Time remaining is 3h:13m
2024-04-26 10:53:43 INFO Epoch 58/160	Training Loss: 1.8294	Time remaining is 3h:11m
2024-04-26 10:55:33 INFO Epoch 59/160	Training Loss: 1.8124	Time remaining is 3h:9m
2024-04-26 10:57:25 INFO Epoch 60/160	Training Loss: 1.8356	Time remaining is 3h:7m
2024-04-26 10:59:18 INFO Epoch 61/160	Training Loss: 1.8323	Time remaining is 3h:5m
2024-04-26 11:01:09 INFO Epoch 62/160	Training Loss: 1.8330	Time remaining is 3h:4m
2024-04-26 11:03:01 INFO Epoch 63/160	Training Loss: 1.8341	Time remaining is 3h:2m
2024-04-26 11:04:52 INFO Epoch 64/160	Training Loss: 1.8309	Time remaining is 2h:60m
2024-04-26 11:06:44 INFO Epoch 65/160	Training Loss: 1.8356	Time remaining is 2h:58m
2024-04-26 11:08:35 INFO Epoch 66/160	Training Loss: 1.8239	Time remaining is 2h:56m
2024-04-26 11:10:26 INFO Epoch 67/160	Training Loss: 1.8167	Time remaining is 2h:54m
2024-04-26 11:12:18 INFO Epoch 68/160	Training Loss: 1.8295	Time remaining is 2h:53m
2024-04-26 11:14:10 INFO Epoch 69/160	Training Loss: 1.8215	Time remaining is 2h:51m
2024-04-26 11:16:03 INFO Epoch 70/160	Training Loss: 1.8339	Time remaining is 2h:49m
2024-04-26 11:17:55 INFO Epoch 71/160	Training Loss: 1.8333	Time remaining is 2h:47m
2024-04-26 11:19:47 INFO Epoch 72/160	Training Loss: 1.8066	Time remaining is 2h:45m
2024-04-26 11:21:38 INFO Epoch 73/160	Training Loss: 1.8203	Time remaining is 2h:43m
2024-04-26 11:23:30 INFO Epoch 74/160	Training Loss: 1.8181	Time remaining is 2h:41m
2024-04-26 11:25:21 INFO Epoch 75/160	Training Loss: 1.8015	Time remaining is 2h:40m
2024-04-26 11:27:11 INFO Epoch 76/160	Training Loss: 1.8019	Time remaining is 2h:38m
2024-04-26 11:29:03 INFO Epoch 77/160	Training Loss: 1.8159	Time remaining is 2h:36m
2024-04-26 11:30:54 INFO Epoch 78/160	Training Loss: 1.8021	Time remaining is 2h:34m
2024-04-26 11:32:45 INFO Epoch 79/160	Training Loss: 1.8082	Time remaining is 2h:32m
2024-04-26 11:34:37 INFO Epoch 80/160	Training Loss: 1.8166	Time remaining is 2h:30m
2024-04-26 11:36:28 INFO Epoch 81/160	Training Loss: 1.8095	Time remaining is 2h:28m
2024-04-26 11:38:19 INFO Epoch 82/160	Training Loss: 1.8072	Time remaining is 2h:27m
2024-04-26 11:40:12 INFO Epoch 83/160	Training Loss: 1.8292	Time remaining is 2h:25m
2024-04-26 11:42:02 INFO Epoch 84/160	Training Loss: 1.7982	Time remaining is 2h:23m
2024-04-26 11:43:54 INFO Epoch 85/160	Training Loss: 1.8060	Time remaining is 2h:21m
2024-04-26 11:45:46 INFO Epoch 86/160	Training Loss: 1.8138	Time remaining is 2h:19m
2024-04-26 11:47:38 INFO Epoch 87/160	Training Loss: 1.8133	Time remaining is 2h:17m
2024-04-26 11:49:30 INFO Epoch 88/160	Training Loss: 1.8069	Time remaining is 2h:15m
2024-04-26 11:51:22 INFO Epoch 89/160	Training Loss: 1.8134	Time remaining is 2h:14m
2024-04-26 11:53:13 INFO Epoch 90/160	Training Loss: 1.8061	Time remaining is 2h:12m
2024-04-26 11:54:33 INFO Testing: dataset_name: DukeMTMC-reID top1:0.8891 top5:0.9470 top10:0.9650 mAP:0.7819
2024-04-26 11:56:24 INFO Epoch 91/160	Training Loss: 1.8068	Time remaining is 2h:11m
2024-04-26 11:58:16 INFO Epoch 92/160	Training Loss: 1.8203	Time remaining is 2h:9m
2024-04-26 12:00:07 INFO Epoch 93/160	Training Loss: 1.7977	Time remaining is 2h:7m
2024-04-26 12:01:59 INFO Epoch 94/160	Training Loss: 1.7991	Time remaining is 2h:5m
2024-04-26 12:03:50 INFO Epoch 95/160	Training Loss: 1.8060	Time remaining is 2h:3m
2024-04-26 12:05:10 INFO Testing: dataset_name: DukeMTMC-reID top1:0.8864 top5:0.9470 top10:0.9645 mAP:0.7852
2024-04-26 12:07:02 INFO Epoch 96/160	Training Loss: 1.8116	Time remaining is 2h:2m
2024-04-26 12:08:52 INFO Epoch 97/160	Training Loss: 1.7965	Time remaining is 2h:1m
2024-04-26 12:10:45 INFO Epoch 98/160	Training Loss: 1.8122	Time remaining is 1h:59m
2024-04-26 12:12:37 INFO Epoch 99/160	Training Loss: 1.8121	Time remaining is 1h:57m
2024-04-26 12:14:29 INFO Epoch 100/160	Training Loss: 1.8116	Time remaining is 1h:55m
2024-04-26 12:15:48 INFO Testing: dataset_name: DukeMTMC-reID top1:0.8873 top5:0.9466 top10:0.9632 mAP:0.7839
2024-04-26 12:17:39 INFO Epoch 101/160	Training Loss: 1.8048	Time remaining is 1h:54m
2024-04-26 12:19:30 INFO Epoch 102/160	Training Loss: 1.8037	Time remaining is 1h:52m
2024-04-26 12:21:21 INFO Epoch 103/160	Training Loss: 1.8025	Time remaining is 1h:50m
2024-04-26 12:23:13 INFO Epoch 104/160	Training Loss: 1.8103	Time remaining is 1h:48m
2024-04-26 12:25:04 INFO Epoch 105/160	Training Loss: 1.8035	Time remaining is 1h:46m
2024-04-26 12:26:23 INFO Testing: dataset_name: DukeMTMC-reID top1:0.8887 top5:0.9493 top10:0.9654 mAP:0.7856
2024-04-26 12:28:15 INFO Epoch 106/160	Training Loss: 1.8116	Time remaining is 1h:45m
2024-04-26 12:30:06 INFO Epoch 107/160	Training Loss: 1.8023	Time remaining is 1h:43m
2024-04-26 12:31:59 INFO Epoch 108/160	Training Loss: 1.8112	Time remaining is 1h:41m
2024-04-26 12:33:50 INFO Epoch 109/160	Training Loss: 1.8031	Time remaining is 1h:39m
2024-04-26 12:35:41 INFO Epoch 110/160	Training Loss: 1.8039	Time remaining is 1h:37m
2024-04-26 12:37:01 INFO Testing: dataset_name: DukeMTMC-reID top1:0.8900 top5:0.9502 top10:0.9632 mAP:0.7855
2024-04-26 12:38:52 INFO Epoch 111/160	Training Loss: 1.8020	Time remaining is 1h:36m
2024-04-26 12:40:44 INFO Epoch 112/160	Training Loss: 1.8103	Time remaining is 1h:34m
2024-04-26 12:42:36 INFO Epoch 113/160	Training Loss: 1.8176	Time remaining is 1h:32m
2024-04-26 12:44:28 INFO Epoch 114/160	Training Loss: 1.8092	Time remaining is 1h:30m
2024-04-26 12:46:19 INFO Epoch 115/160	Training Loss: 1.8027	Time remaining is 1h:28m
2024-04-26 12:47:38 INFO Testing: dataset_name: DukeMTMC-reID top1:0.8905 top5:0.9488 top10:0.9641 mAP:0.7856
2024-04-26 12:49:30 INFO Epoch 116/160	Training Loss: 1.8092	Time remaining is 1h:27m
2024-04-26 12:51:22 INFO Epoch 117/160	Training Loss: 1.8092	Time remaining is 1h:25m
2024-04-26 12:53:13 INFO Epoch 118/160	Training Loss: 1.8105	Time remaining is 1h:23m
2024-04-26 12:55:06 INFO Epoch 119/160	Training Loss: 1.8092	Time remaining is 1h:21m
2024-04-26 12:56:57 INFO Epoch 120/160	Training Loss: 1.8011	Time remaining is 1h:19m
2024-04-26 12:58:16 INFO Testing: dataset_name: DukeMTMC-reID top1:0.8882 top5:0.9488 top10:0.9650 mAP:0.7858
2024-04-26 13:00:08 INFO Epoch 121/160	Training Loss: 1.8018	Time remaining is 1h:17m
2024-04-26 13:02:01 INFO Epoch 122/160	Training Loss: 1.8239	Time remaining is 1h:15m
2024-04-26 13:03:53 INFO Epoch 123/160	Training Loss: 1.8075	Time remaining is 1h:13m
2024-04-26 13:05:45 INFO Epoch 124/160	Training Loss: 1.8011	Time remaining is 1h:11m
2024-04-26 13:07:37 INFO Epoch 125/160	Training Loss: 1.8028	Time remaining is 1h:10m
2024-04-26 13:08:56 INFO Testing: dataset_name: DukeMTMC-reID top1:0.8887 top5:0.9497 top10:0.9650 mAP:0.7873
2024-04-26 13:10:48 INFO Epoch 126/160	Training Loss: 1.8150	Time remaining is 1h:8m
2024-04-26 13:12:40 INFO Epoch 127/160	Training Loss: 1.8087	Time remaining is 1h:6m
2024-04-26 13:14:32 INFO Epoch 128/160	Training Loss: 1.8009	Time remaining is 1h:4m
2024-04-26 13:16:24 INFO Epoch 129/160	Training Loss: 1.8000	Time remaining is 1h:2m
2024-04-26 13:18:16 INFO Epoch 130/160	Training Loss: 1.8085	Time remaining is 1h:0m
2024-04-26 13:19:35 INFO Testing: dataset_name: DukeMTMC-reID top1:0.8891 top5:0.9475 top10:0.9672 mAP:0.7873
2024-04-26 13:21:27 INFO Epoch 131/160	Training Loss: 1.8086	Time remaining is 0h:58m
2024-04-26 13:23:19 INFO Epoch 132/160	Training Loss: 1.8080	Time remaining is 0h:56m
2024-04-26 13:25:11 INFO Epoch 133/160	Training Loss: 1.8005	Time remaining is 0h:55m
2024-04-26 13:27:02 INFO Epoch 134/160	Training Loss: 1.7998	Time remaining is 0h:53m
2024-04-26 13:28:55 INFO Epoch 135/160	Training Loss: 1.8150	Time remaining is 0h:51m
2024-04-26 13:30:14 INFO Testing: dataset_name: DukeMTMC-reID top1:0.8891 top5:0.9484 top10:0.9641 mAP:0.7870
2024-04-26 13:32:06 INFO Epoch 136/160	Training Loss: 1.8080	Time remaining is 0h:49m
2024-04-26 13:33:57 INFO Epoch 137/160	Training Loss: 1.7994	Time remaining is 0h:47m
2024-04-26 13:35:50 INFO Epoch 138/160	Training Loss: 1.8137	Time remaining is 0h:45m
2024-04-26 13:37:42 INFO Epoch 139/160	Training Loss: 1.8008	Time remaining is 0h:43m
2024-04-26 13:39:34 INFO Epoch 140/160	Training Loss: 1.8066	Time remaining is 0h:41m
2024-04-26 13:40:53 INFO Testing: dataset_name: DukeMTMC-reID top1:0.8932 top5:0.9506 top10:0.9654 mAP:0.7879
2024-04-26 13:42:45 INFO Epoch 141/160	Training Loss: 1.8141	Time remaining is 0h:39m
2024-04-26 13:44:38 INFO Epoch 142/160	Training Loss: 1.8064	Time remaining is 0h:37m
2024-04-26 13:46:29 INFO Epoch 143/160	Training Loss: 1.8054	Time remaining is 0h:35m
2024-04-26 13:48:21 INFO Epoch 144/160	Training Loss: 1.8000	Time remaining is 0h:33m
2024-04-26 13:50:13 INFO Epoch 145/160	Training Loss: 1.8067	Time remaining is 0h:31m
2024-04-26 13:51:32 INFO Testing: dataset_name: DukeMTMC-reID top1:0.8936 top5:0.9497 top10:0.9650 mAP:0.7895
2024-04-26 13:53:24 INFO Epoch 146/160	Training Loss: 1.8080	Time remaining is 0h:30m
2024-04-26 13:55:16 INFO Epoch 147/160	Training Loss: 1.8141	Time remaining is 0h:28m
2024-04-26 13:57:09 INFO Epoch 148/160	Training Loss: 1.8145	Time remaining is 0h:26m
2024-04-26 13:59:01 INFO Epoch 149/160	Training Loss: 1.8139	Time remaining is 0h:24m
2024-04-26 14:00:54 INFO Epoch 150/160	Training Loss: 1.8135	Time remaining is 0h:22m
2024-04-26 14:02:13 INFO Testing: dataset_name: DukeMTMC-reID top1:0.8905 top5:0.9506 top10:0.9632 mAP:0.7872
2024-04-26 14:04:06 INFO Epoch 151/160	Training Loss: 1.8129	Time remaining is 0h:20m
2024-04-26 14:05:57 INFO Epoch 152/160	Training Loss: 1.7909	Time remaining is 0h:18m
2024-04-26 14:07:49 INFO Epoch 153/160	Training Loss: 1.8131	Time remaining is 0h:16m
2024-04-26 14:09:43 INFO Epoch 154/160	Training Loss: 1.8202	Time remaining is 0h:14m
2024-04-26 14:11:34 INFO Epoch 155/160	Training Loss: 1.8048	Time remaining is 0h:12m
2024-04-26 14:12:53 INFO Testing: dataset_name: DukeMTMC-reID top1:0.8900 top5:0.9484 top10:0.9650 mAP:0.7873
2024-04-26 14:14:46 INFO Epoch 156/160	Training Loss: 1.8053	Time remaining is 0h:10m
2024-04-26 14:16:38 INFO Epoch 157/160	Training Loss: 1.8112	Time remaining is 0h:8m
2024-04-26 14:18:30 INFO Epoch 158/160	Training Loss: 1.7981	Time remaining is 0h:6m
2024-04-26 14:20:22 INFO Epoch 159/160	Training Loss: 1.7969	Time remaining is 0h:4m
2024-04-26 14:22:13 INFO Epoch 160/160	Training Loss: 1.7979	Time remaining is 0h:2m
2024-04-26 14:23:32 INFO Testing: dataset_name: DukeMTMC-reID top1:0.8900 top5:0.9488 top10:0.9659 mAP:0.7892
2024-04-26 14:23:33 INFO The running time of training: 1.90433e+04 s
