2024-04-12 08:39:28 INFO ##################################################
2024-04-12 08:39:28 INFO Config values: batch_size: 60	current_directory: /home/hy/project/reid_task/ex_main4	dataset_name: market1501	dataset_path: /home/hy/project/data/Market-1501-v15.09.15	device: cuda	dtype: torch.float32	epoch_start_test: 90	epochs: 160	img_height: 256	img_width: 128	logs_outputs_path: /home/hy/project/reid_task/ex_main4/./outputs/logs	models_outputs_path: /home/hy/project/reid_task/ex_main4/./outputs/models	np: <module 'numpy' from '/home/hy/anaconda3/envs/py396/lib/python3.9/site-packages/numpy/__init__.py'>	os: <module 'os' from '/home/hy/anaconda3/envs/py396/lib/python3.9/os.py'>	outputs_dir: ./outputs/	outputs_path: /home/hy/project/reid_task/ex_main4/./outputs/	print_every: 1	seed: 1	taskname: ReID_Task	temps_outputs_path: /home/hy/project/reid_task/ex_main4/./outputs/temps	test_batch_size: 256	test_every: 5	torch: <module 'torch' from '/home/hy/anaconda3/envs/py396/lib/python3.9/site-packages/torch/__init__.py'>
2024-04-12 08:39:28 INFO Task: ReID_Task
2024-04-12 08:39:28 INFO Using device: cuda
2024-04-12 08:39:28 INFO Using data type: torch.float32
2024-04-12 08:39:28 INFO Number of GPUs: 1
2024-04-12 08:39:28 INFO GPU is_available: True
2024-04-12 08:39:28 INFO GPU name: NVIDIA GeForce RTX 3060
2024-04-12 08:39:28 INFO CUDA version: 12.1
2024-04-12 08:39:28 INFO Current device id: 0
2024-04-12 08:39:28 INFO ##################################################
2024-04-12 08:40:31 INFO Epoch 1/160	Training Loss: 9.4309	Time remaining is 2h:46m
2024-04-12 08:41:32 INFO Epoch 2/160	Training Loss: 8.0767	Time remaining is 2h:43m
2024-04-12 08:42:33 INFO Epoch 3/160	Training Loss: 6.2628	Time remaining is 2h:41m
2024-04-12 08:43:34 INFO Epoch 4/160	Training Loss: 4.8927	Time remaining is 2h:40m
2024-04-12 08:44:35 INFO Epoch 5/160	Training Loss: 3.8063	Time remaining is 2h:39m
2024-04-12 08:45:35 INFO Epoch 6/160	Training Loss: 3.0844	Time remaining is 2h:38m
2024-04-12 08:46:36 INFO Epoch 7/160	Training Loss: 2.7166	Time remaining is 2h:36m
2024-04-12 08:47:36 INFO Epoch 8/160	Training Loss: 2.5194	Time remaining is 2h:35m
2024-04-12 08:48:37 INFO Epoch 9/160	Training Loss: 2.4084	Time remaining is 2h:34m
2024-04-12 08:49:37 INFO Epoch 10/160	Training Loss: 2.3450	Time remaining is 2h:33m
2024-04-12 08:50:38 INFO Epoch 11/160	Training Loss: 2.3174	Time remaining is 2h:32m
2024-04-12 08:51:38 INFO Epoch 12/160	Training Loss: 2.2557	Time remaining is 2h:31m
2024-04-12 08:52:39 INFO Epoch 13/160	Training Loss: 2.2078	Time remaining is 2h:30m
2024-04-12 08:53:40 INFO Epoch 14/160	Training Loss: 2.1897	Time remaining is 2h:29m
2024-04-12 08:54:41 INFO Epoch 15/160	Training Loss: 2.1647	Time remaining is 2h:28m
2024-04-12 08:55:42 INFO Epoch 16/160	Training Loss: 2.1519	Time remaining is 2h:27m
2024-04-12 08:56:42 INFO Epoch 17/160	Training Loss: 2.1437	Time remaining is 2h:26m
2024-04-12 08:57:43 INFO Epoch 18/160	Training Loss: 2.1345	Time remaining is 2h:25m
2024-04-12 08:58:43 INFO Epoch 19/160	Training Loss: 2.1362	Time remaining is 2h:24m
2024-04-12 08:59:44 INFO Epoch 20/160	Training Loss: 2.1377	Time remaining is 2h:23m
2024-04-12 09:00:45 INFO Epoch 21/160	Training Loss: 2.1303	Time remaining is 2h:22m
2024-04-12 09:01:46 INFO Epoch 22/160	Training Loss: 2.1209	Time remaining is 2h:21m
2024-04-12 09:02:46 INFO Epoch 23/160	Training Loss: 2.1200	Time remaining is 2h:20m
2024-04-12 09:03:47 INFO Epoch 24/160	Training Loss: 2.1298	Time remaining is 2h:19m
2024-04-12 09:04:49 INFO Epoch 25/160	Training Loss: 2.1299	Time remaining is 2h:18m
2024-04-12 09:05:50 INFO Epoch 26/160	Training Loss: 2.1483	Time remaining is 2h:17m
2024-04-12 09:06:51 INFO Epoch 27/160	Training Loss: 2.1401	Time remaining is 2h:16m
2024-04-12 09:07:51 INFO Epoch 28/160	Training Loss: 2.1341	Time remaining is 2h:15m
2024-04-12 09:08:51 INFO Epoch 29/160	Training Loss: 2.1124	Time remaining is 2h:14m
2024-04-12 09:09:52 INFO Epoch 30/160	Training Loss: 2.0985	Time remaining is 2h:13m
2024-04-12 09:10:52 INFO Epoch 31/160	Training Loss: 2.1109	Time remaining is 2h:12m
2024-04-12 09:11:53 INFO Epoch 32/160	Training Loss: 2.1263	Time remaining is 2h:11m
2024-04-12 09:12:54 INFO Epoch 33/160	Training Loss: 2.1165	Time remaining is 2h:10m
2024-04-12 09:13:54 INFO Epoch 34/160	Training Loss: 2.1274	Time remaining is 2h:9m
2024-04-12 09:14:55 INFO Epoch 35/160	Training Loss: 2.1143	Time remaining is 2h:8m
2024-04-12 09:15:56 INFO Epoch 36/160	Training Loss: 2.1088	Time remaining is 2h:7m
2024-04-12 09:16:57 INFO Epoch 37/160	Training Loss: 2.1028	Time remaining is 2h:6m
2024-04-12 09:17:57 INFO Epoch 38/160	Training Loss: 2.1123	Time remaining is 2h:5m
2024-04-12 09:18:58 INFO Epoch 39/160	Training Loss: 2.1029	Time remaining is 2h:4m
2024-04-12 09:19:59 INFO Epoch 40/160	Training Loss: 2.0907	Time remaining is 2h:2m
2024-04-12 09:21:00 INFO Epoch 41/160	Training Loss: 2.0423	Time remaining is 2h:1m
2024-04-12 09:22:00 INFO Epoch 42/160	Training Loss: 1.9692	Time remaining is 2h:0m
2024-04-12 09:23:01 INFO Epoch 43/160	Training Loss: 1.9630	Time remaining is 1h:59m
2024-04-12 09:24:02 INFO Epoch 44/160	Training Loss: 1.9540	Time remaining is 1h:58m
2024-04-12 09:25:03 INFO Epoch 45/160	Training Loss: 1.9460	Time remaining is 1h:57m
2024-04-12 09:26:03 INFO Epoch 46/160	Training Loss: 1.9400	Time remaining is 1h:56m
2024-04-12 09:27:04 INFO Epoch 47/160	Training Loss: 1.9272	Time remaining is 1h:55m
2024-04-12 09:28:05 INFO Epoch 48/160	Training Loss: 1.9349	Time remaining is 1h:54m
2024-04-12 09:29:06 INFO Epoch 49/160	Training Loss: 1.9247	Time remaining is 1h:53m
2024-04-12 09:30:06 INFO Epoch 50/160	Training Loss: 1.9284	Time remaining is 1h:52m
2024-04-12 09:31:07 INFO Epoch 51/160	Training Loss: 1.9172	Time remaining is 1h:51m
2024-04-12 09:32:07 INFO Epoch 52/160	Training Loss: 1.9238	Time remaining is 1h:50m
2024-04-12 09:33:08 INFO Epoch 53/160	Training Loss: 1.9229	Time remaining is 1h:49m
2024-04-12 09:34:09 INFO Epoch 54/160	Training Loss: 1.9188	Time remaining is 1h:48m
2024-04-12 09:35:09 INFO Epoch 55/160	Training Loss: 1.9207	Time remaining is 1h:47m
2024-04-12 09:36:10 INFO Epoch 56/160	Training Loss: 1.9200	Time remaining is 1h:46m
2024-04-12 09:37:10 INFO Epoch 57/160	Training Loss: 1.9063	Time remaining is 1h:45m
2024-04-12 09:38:11 INFO Epoch 58/160	Training Loss: 1.9162	Time remaining is 1h:44m
2024-04-12 09:39:12 INFO Epoch 59/160	Training Loss: 1.9174	Time remaining is 1h:43m
2024-04-12 09:40:13 INFO Epoch 60/160	Training Loss: 1.9139	Time remaining is 1h:42m
2024-04-12 09:41:14 INFO Epoch 61/160	Training Loss: 1.9148	Time remaining is 1h:41m
2024-04-12 09:42:14 INFO Epoch 62/160	Training Loss: 1.9128	Time remaining is 1h:40m
2024-04-12 09:43:15 INFO Epoch 63/160	Training Loss: 1.9111	Time remaining is 1h:39m
2024-04-12 09:44:16 INFO Epoch 64/160	Training Loss: 1.9098	Time remaining is 1h:38m
2024-04-12 09:45:17 INFO Epoch 65/160	Training Loss: 1.9075	Time remaining is 1h:37m
2024-04-12 09:46:18 INFO Epoch 66/160	Training Loss: 1.9072	Time remaining is 1h:36m
2024-04-12 09:47:19 INFO Epoch 67/160	Training Loss: 1.9173	Time remaining is 1h:35m
2024-04-12 09:48:20 INFO Epoch 68/160	Training Loss: 1.9095	Time remaining is 1h:34m
2024-04-12 09:49:20 INFO Epoch 69/160	Training Loss: 1.8981	Time remaining is 1h:33m
2024-04-12 09:50:21 INFO Epoch 70/160	Training Loss: 1.9054	Time remaining is 1h:32m
2024-04-12 09:51:22 INFO Epoch 71/160	Training Loss: 1.9022	Time remaining is 1h:31m
2024-04-12 09:52:23 INFO Epoch 72/160	Training Loss: 1.8979	Time remaining is 1h:30m
2024-04-12 09:53:24 INFO Epoch 73/160	Training Loss: 1.8965	Time remaining is 1h:29m
2024-04-12 09:54:24 INFO Epoch 74/160	Training Loss: 1.8858	Time remaining is 1h:28m
2024-04-12 09:55:24 INFO Epoch 75/160	Training Loss: 1.8851	Time remaining is 1h:27m
2024-04-12 09:56:25 INFO Epoch 76/160	Training Loss: 1.8830	Time remaining is 1h:26m
2024-04-12 09:57:26 INFO Epoch 77/160	Training Loss: 1.8939	Time remaining is 1h:25m
2024-04-12 09:58:27 INFO Epoch 78/160	Training Loss: 1.8817	Time remaining is 1h:24m
2024-04-12 09:59:28 INFO Epoch 79/160	Training Loss: 1.8921	Time remaining is 1h:23m
2024-04-12 10:00:29 INFO Epoch 80/160	Training Loss: 1.8925	Time remaining is 1h:22m
2024-04-12 10:01:30 INFO Epoch 81/160	Training Loss: 1.8915	Time remaining is 1h:21m
2024-04-12 10:02:30 INFO Epoch 82/160	Training Loss: 1.8924	Time remaining is 1h:20m
2024-04-12 10:03:31 INFO Epoch 83/160	Training Loss: 1.8897	Time remaining is 1h:19m
2024-04-12 10:04:32 INFO Epoch 84/160	Training Loss: 1.8894	Time remaining is 1h:18m
2024-04-12 10:05:32 INFO Epoch 85/160	Training Loss: 1.8917	Time remaining is 1h:17m
2024-04-12 10:06:33 INFO Epoch 86/160	Training Loss: 1.8907	Time remaining is 1h:16m
2024-04-12 10:07:34 INFO Epoch 87/160	Training Loss: 1.8893	Time remaining is 1h:15m
2024-04-12 10:08:35 INFO Epoch 88/160	Training Loss: 1.8792	Time remaining is 1h:14m
2024-04-12 10:09:36 INFO Epoch 89/160	Training Loss: 1.8889	Time remaining is 1h:13m
2024-04-12 10:10:36 INFO Epoch 90/160	Training Loss: 1.8871	Time remaining is 1h:12m
2024-04-12 10:11:49 INFO Testing: dataset_name: market1501 top1:0.9409 top5:0.9786 top10:0.9893 mAP:0.8517
2024-04-12 10:12:49 INFO Epoch 91/160	Training Loss: 1.8895	Time remaining is 1h:12m
2024-04-12 10:13:50 INFO Epoch 92/160	Training Loss: 1.8787	Time remaining is 1h:11m
2024-04-12 10:14:50 INFO Epoch 93/160	Training Loss: 1.8904	Time remaining is 1h:10m
2024-04-12 10:15:51 INFO Epoch 94/160	Training Loss: 1.8883	Time remaining is 1h:9m
2024-04-12 10:16:51 INFO Epoch 95/160	Training Loss: 1.8771	Time remaining is 1h:8m
2024-04-12 10:18:03 INFO Testing: dataset_name: market1501 top1:0.9409 top5:0.9795 top10:0.9893 mAP:0.8517
2024-04-12 10:19:04 INFO Epoch 96/160	Training Loss: 1.8880	Time remaining is 1h:7m
2024-04-12 10:20:04 INFO Epoch 97/160	Training Loss: 1.8775	Time remaining is 1h:6m
2024-04-12 10:21:05 INFO Epoch 98/160	Training Loss: 1.8891	Time remaining is 1h:5m
2024-04-12 10:22:06 INFO Epoch 99/160	Training Loss: 1.8881	Time remaining is 1h:4m
2024-04-12 10:23:07 INFO Epoch 100/160	Training Loss: 1.8856	Time remaining is 1h:3m
2024-04-12 10:24:19 INFO Testing: dataset_name: market1501 top1:0.9397 top5:0.9792 top10:0.9893 mAP:0.8518
2024-04-12 10:25:20 INFO Epoch 101/160	Training Loss: 1.8888	Time remaining is 1h:3m
2024-04-12 10:26:20 INFO Epoch 102/160	Training Loss: 1.8871	Time remaining is 1h:2m
2024-04-12 10:27:21 INFO Epoch 103/160	Training Loss: 1.8858	Time remaining is 1h:1m
2024-04-12 10:28:22 INFO Epoch 104/160	Training Loss: 1.8843	Time remaining is 0h:60m
2024-04-12 10:29:23 INFO Epoch 105/160	Training Loss: 1.8945	Time remaining is 0h:59m
2024-04-12 10:30:35 INFO Testing: dataset_name: market1501 top1:0.9433 top5:0.9798 top10:0.9896 mAP:0.8534
2024-04-12 10:31:36 INFO Epoch 106/160	Training Loss: 1.8859	Time remaining is 0h:58m
2024-04-12 10:32:36 INFO Epoch 107/160	Training Loss: 1.8766	Time remaining is 0h:57m
2024-04-12 10:33:37 INFO Epoch 108/160	Training Loss: 1.8860	Time remaining is 0h:56m
2024-04-12 10:34:37 INFO Epoch 109/160	Training Loss: 1.8848	Time remaining is 0h:55m
2024-04-12 10:35:38 INFO Epoch 110/160	Training Loss: 1.8840	Time remaining is 0h:54m
2024-04-12 10:36:50 INFO Testing: dataset_name: market1501 top1:0.9436 top5:0.9786 top10:0.9896 mAP:0.8546
2024-04-12 10:37:50 INFO Epoch 111/160	Training Loss: 1.8754	Time remaining is 0h:53m
2024-04-12 10:38:51 INFO Epoch 112/160	Training Loss: 1.8838	Time remaining is 0h:52m
2024-04-12 10:39:51 INFO Epoch 113/160	Training Loss: 1.8832	Time remaining is 0h:51m
2024-04-12 10:40:52 INFO Epoch 114/160	Training Loss: 1.8761	Time remaining is 0h:50m
2024-04-12 10:41:52 INFO Epoch 115/160	Training Loss: 1.8930	Time remaining is 0h:49m
2024-04-12 10:43:04 INFO Testing: dataset_name: market1501 top1:0.9442 top5:0.9801 top10:0.9887 mAP:0.8552
2024-04-12 10:44:05 INFO Epoch 116/160	Training Loss: 1.8836	Time remaining is 0h:48m
2024-04-12 10:45:06 INFO Epoch 117/160	Training Loss: 1.8859	Time remaining is 0h:47m
2024-04-12 10:46:06 INFO Epoch 118/160	Training Loss: 1.8840	Time remaining is 0h:46m
2024-04-12 10:47:07 INFO Epoch 119/160	Training Loss: 1.8931	Time remaining is 0h:45m
2024-04-12 10:48:08 INFO Epoch 120/160	Training Loss: 1.8736	Time remaining is 0h:44m
2024-04-12 10:49:19 INFO Testing: dataset_name: market1501 top1:0.9436 top5:0.9801 top10:0.9890 mAP:0.8561
2024-04-12 10:50:20 INFO Epoch 121/160	Training Loss: 1.8828	Time remaining is 0h:43m
2024-04-12 10:51:21 INFO Epoch 122/160	Training Loss: 1.8828	Time remaining is 0h:42m
2024-04-12 10:52:22 INFO Epoch 123/160	Training Loss: 1.8820	Time remaining is 0h:41m
2024-04-12 10:53:22 INFO Epoch 124/160	Training Loss: 1.8726	Time remaining is 0h:40m
2024-04-12 10:54:23 INFO Epoch 125/160	Training Loss: 1.8826	Time remaining is 0h:39m
2024-04-12 10:55:35 INFO Testing: dataset_name: market1501 top1:0.9457 top5:0.9804 top10:0.9893 mAP:0.8565
2024-04-12 10:56:35 INFO Epoch 126/160	Training Loss: 1.8831	Time remaining is 0h:38m
2024-04-12 10:57:36 INFO Epoch 127/160	Training Loss: 1.8821	Time remaining is 0h:37m
2024-04-12 10:58:37 INFO Epoch 128/160	Training Loss: 1.8818	Time remaining is 0h:36m
2024-04-12 10:59:38 INFO Epoch 129/160	Training Loss: 1.8831	Time remaining is 0h:35m
2024-04-12 11:00:38 INFO Epoch 130/160	Training Loss: 1.8828	Time remaining is 0h:34m
2024-04-12 11:01:50 INFO Testing: dataset_name: market1501 top1:0.9409 top5:0.9810 top10:0.9905 mAP:0.8567
2024-04-12 11:02:50 INFO Epoch 131/160	Training Loss: 1.8729	Time remaining is 0h:33m
2024-04-12 11:03:51 INFO Epoch 132/160	Training Loss: 1.8814	Time remaining is 0h:32m
2024-04-12 11:04:51 INFO Epoch 133/160	Training Loss: 1.8719	Time remaining is 0h:31m
2024-04-12 11:05:52 INFO Epoch 134/160	Training Loss: 1.8815	Time remaining is 0h:29m
2024-04-12 11:06:53 INFO Epoch 135/160	Training Loss: 1.8719	Time remaining is 0h:28m
2024-04-12 11:08:05 INFO Testing: dataset_name: market1501 top1:0.9445 top5:0.9813 top10:0.9890 mAP:0.8585
2024-04-12 11:09:05 INFO Epoch 136/160	Training Loss: 1.8714	Time remaining is 0h:27m
2024-04-12 11:10:06 INFO Epoch 137/160	Training Loss: 1.8814	Time remaining is 0h:26m
2024-04-12 11:11:06 INFO Epoch 138/160	Training Loss: 1.8817	Time remaining is 0h:25m
2024-04-12 11:12:07 INFO Epoch 139/160	Training Loss: 1.8722	Time remaining is 0h:24m
2024-04-12 11:13:07 INFO Epoch 140/160	Training Loss: 1.8811	Time remaining is 0h:23m
2024-04-12 11:14:19 INFO Testing: dataset_name: market1501 top1:0.9442 top5:0.9792 top10:0.9896 mAP:0.8573
2024-04-12 11:15:20 INFO Epoch 141/160	Training Loss: 1.8801	Time remaining is 0h:22m
2024-04-12 11:16:21 INFO Epoch 142/160	Training Loss: 1.8803	Time remaining is 0h:21m
2024-04-12 11:17:21 INFO Epoch 143/160	Training Loss: 1.8801	Time remaining is 0h:20m
2024-04-12 11:18:22 INFO Epoch 144/160	Training Loss: 1.8807	Time remaining is 0h:19m
2024-04-12 11:19:23 INFO Epoch 145/160	Training Loss: 1.8814	Time remaining is 0h:18m
2024-04-12 11:20:35 INFO Testing: dataset_name: market1501 top1:0.9445 top5:0.9813 top10:0.9896 mAP:0.8592
2024-04-12 11:21:35 INFO Epoch 146/160	Training Loss: 1.8795	Time remaining is 0h:17m
2024-04-12 11:22:36 INFO Epoch 147/160	Training Loss: 1.8794	Time remaining is 0h:16m
2024-04-12 11:23:37 INFO Epoch 148/160	Training Loss: 1.8788	Time remaining is 0h:14m
2024-04-12 11:24:38 INFO Epoch 149/160	Training Loss: 1.8899	Time remaining is 0h:13m
2024-04-12 11:25:38 INFO Epoch 150/160	Training Loss: 1.8692	Time remaining is 0h:12m
2024-04-12 11:26:50 INFO Testing: dataset_name: market1501 top1:0.9433 top5:0.9801 top10:0.9884 mAP:0.8581
2024-04-12 11:27:50 INFO Epoch 151/160	Training Loss: 1.8800	Time remaining is 0h:11m
2024-04-12 11:28:51 INFO Epoch 152/160	Training Loss: 1.8782	Time remaining is 0h:10m
2024-04-12 11:29:52 INFO Epoch 153/160	Training Loss: 1.8773	Time remaining is 0h:9m
2024-04-12 11:30:53 INFO Epoch 154/160	Training Loss: 1.8790	Time remaining is 0h:8m
2024-04-12 11:31:53 INFO Epoch 155/160	Training Loss: 1.8787	Time remaining is 0h:7m
2024-04-12 11:33:05 INFO Testing: dataset_name: market1501 top1:0.9445 top5:0.9801 top10:0.9893 mAP:0.8600
2024-04-12 11:34:06 INFO Epoch 156/160	Training Loss: 1.8692	Time remaining is 0h:6m
2024-04-12 11:35:07 INFO Epoch 157/160	Training Loss: 1.8794	Time remaining is 0h:4m
2024-04-12 11:36:07 INFO Epoch 158/160	Training Loss: 1.8699	Time remaining is 0h:3m
2024-04-12 11:37:07 INFO Epoch 159/160	Training Loss: 1.8780	Time remaining is 0h:2m
2024-04-12 11:38:08 INFO Epoch 160/160	Training Loss: 1.8677	Time remaining is 0h:1m
2024-04-12 11:39:20 INFO Testing: dataset_name: market1501 top1:0.9436 top5:0.9813 top10:0.9899 mAP:0.8593
2024-04-12 11:39:20 INFO The running time of training: 1.07915e+04 s
