2024-03-23 03:31:25 INFO ##################################################
2024-03-23 03:31:25 INFO Config values: batch_size: 60	current_directory: /home/hy/project/reid_task/ex_main2	dataset_name: market1501	dataset_path: /home/hy/project/data/Market-1501-v15.09.15	device: cuda	dtype: torch.float32	epoch_start_test: 90	epochs: 120	img_height: 256	img_width: 128	logs_outputs_path: /home/hy/project/reid_task/ex_main2/./outputs/logs	models_outputs_path: /home/hy/project/reid_task/ex_main2/./outputs/models	np: <module 'numpy' from '/home/hy/anaconda3/envs/py396/lib/python3.9/site-packages/numpy/__init__.py'>	os: <module 'os' from '/home/hy/anaconda3/envs/py396/lib/python3.9/os.py'>	outputs_dir: ./outputs/	outputs_path: /home/hy/project/reid_task/ex_main2/./outputs/	print_every: 1	seed: 1	taskname: ReID_Task	temps_outputs_path: /home/hy/project/reid_task/ex_main2/./outputs/temps	test_batch_size: 256	test_every: 5	torch: <module 'torch' from '/home/hy/anaconda3/envs/py396/lib/python3.9/site-packages/torch/__init__.py'>
2024-03-23 03:31:25 INFO Task: ReID_Task
2024-03-23 03:31:25 INFO Using device: cuda
2024-03-23 03:31:25 INFO Using data type: torch.float32
2024-03-23 03:31:25 INFO Number of GPUs: 1
2024-03-23 03:31:25 INFO GPU is_available: True
2024-03-23 03:31:25 INFO GPU name: NVIDIA GeForce RTX 3060
2024-03-23 03:31:25 INFO CUDA version: 12.1
2024-03-23 03:31:25 INFO Current device id: 0
2024-03-23 03:31:25 INFO ##################################################
2024-03-23 03:32:56 INFO Epoch 1/120	Training Loss: 9.6427	Time remaining is 2h:59m
2024-03-23 03:34:25 INFO Epoch 2/120	Training Loss: 8.1475	Time remaining is 2h:57m
2024-03-23 03:35:54 INFO Epoch 3/120	Training Loss: 6.2963	Time remaining is 2h:55m
2024-03-23 03:37:23 INFO Epoch 4/120	Training Loss: 4.8640	Time remaining is 2h:54m
2024-03-23 03:38:51 INFO Epoch 5/120	Training Loss: 3.8051	Time remaining is 2h:52m
2024-03-23 03:40:20 INFO Epoch 6/120	Training Loss: 3.1077	Time remaining is 2h:50m
2024-03-23 03:41:48 INFO Epoch 7/120	Training Loss: 2.7333	Time remaining is 2h:49m
2024-03-23 03:43:17 INFO Epoch 8/120	Training Loss: 2.5479	Time remaining is 2h:47m
2024-03-23 03:44:46 INFO Epoch 9/120	Training Loss: 2.4335	Time remaining is 2h:46m
2024-03-23 03:46:14 INFO Epoch 10/120	Training Loss: 2.3500	Time remaining is 2h:44m
2024-03-23 03:47:43 INFO Epoch 11/120	Training Loss: 2.3164	Time remaining is 2h:43m
2024-03-23 03:49:12 INFO Epoch 12/120	Training Loss: 2.2624	Time remaining is 2h:41m
2024-03-23 03:50:40 INFO Epoch 13/120	Training Loss: 2.2230	Time remaining is 2h:40m
2024-03-23 03:52:09 INFO Epoch 14/120	Training Loss: 2.1984	Time remaining is 2h:38m
2024-03-23 03:53:38 INFO Epoch 15/120	Training Loss: 2.1728	Time remaining is 2h:37m
2024-03-23 03:55:07 INFO Epoch 16/120	Training Loss: 2.1571	Time remaining is 2h:35m
2024-03-23 03:56:36 INFO Epoch 17/120	Training Loss: 2.1398	Time remaining is 2h:34m
2024-03-23 03:58:04 INFO Epoch 18/120	Training Loss: 2.1302	Time remaining is 2h:32m
2024-03-23 03:59:33 INFO Epoch 19/120	Training Loss: 2.1268	Time remaining is 2h:31m
2024-03-23 04:01:02 INFO Epoch 20/120	Training Loss: 2.1198	Time remaining is 2h:29m
2024-03-23 04:02:31 INFO Epoch 21/120	Training Loss: 2.1234	Time remaining is 2h:28m
2024-03-23 04:03:59 INFO Epoch 22/120	Training Loss: 2.1094	Time remaining is 2h:26m
2024-03-23 04:05:27 INFO Epoch 23/120	Training Loss: 2.1044	Time remaining is 2h:25m
2024-03-23 04:06:56 INFO Epoch 24/120	Training Loss: 2.1138	Time remaining is 2h:23m
2024-03-23 04:08:25 INFO Epoch 25/120	Training Loss: 2.1139	Time remaining is 2h:22m
2024-03-23 04:09:54 INFO Epoch 26/120	Training Loss: 2.1278	Time remaining is 2h:21m
2024-03-23 04:11:23 INFO Epoch 27/120	Training Loss: 2.1237	Time remaining is 2h:19m
2024-03-23 04:12:51 INFO Epoch 28/120	Training Loss: 2.1102	Time remaining is 2h:18m
2024-03-23 04:14:19 INFO Epoch 29/120	Training Loss: 2.1022	Time remaining is 2h:16m
2024-03-23 04:15:48 INFO Epoch 30/120	Training Loss: 2.0968	Time remaining is 2h:15m
2024-03-23 04:17:16 INFO Epoch 31/120	Training Loss: 2.0952	Time remaining is 2h:13m
2024-03-23 04:18:45 INFO Epoch 32/120	Training Loss: 2.0990	Time remaining is 2h:12m
2024-03-23 04:20:14 INFO Epoch 33/120	Training Loss: 2.0940	Time remaining is 2h:10m
2024-03-23 04:21:42 INFO Epoch 34/120	Training Loss: 2.1042	Time remaining is 2h:9m
2024-03-23 04:23:11 INFO Epoch 35/120	Training Loss: 2.0920	Time remaining is 2h:7m
2024-03-23 04:24:40 INFO Epoch 36/120	Training Loss: 2.0959	Time remaining is 2h:6m
2024-03-23 04:26:09 INFO Epoch 37/120	Training Loss: 2.0909	Time remaining is 2h:4m
2024-03-23 04:27:38 INFO Epoch 38/120	Training Loss: 2.1061	Time remaining is 2h:3m
2024-03-23 04:29:07 INFO Epoch 39/120	Training Loss: 2.0959	Time remaining is 2h:1m
2024-03-23 04:30:35 INFO Epoch 40/120	Training Loss: 2.0874	Time remaining is 1h:60m
2024-03-23 04:32:04 INFO Epoch 41/120	Training Loss: 2.0302	Time remaining is 1h:58m
2024-03-23 04:33:33 INFO Epoch 42/120	Training Loss: 1.9611	Time remaining is 1h:57m
2024-03-23 04:35:01 INFO Epoch 43/120	Training Loss: 1.9564	Time remaining is 1h:55m
2024-03-23 04:36:30 INFO Epoch 44/120	Training Loss: 1.9481	Time remaining is 1h:54m
2024-03-23 04:37:59 INFO Epoch 45/120	Training Loss: 1.9433	Time remaining is 1h:52m
2024-03-23 04:39:28 INFO Epoch 46/120	Training Loss: 1.9369	Time remaining is 1h:51m
2024-03-23 04:40:56 INFO Epoch 47/120	Training Loss: 1.9241	Time remaining is 1h:49m
2024-03-23 04:42:24 INFO Epoch 48/120	Training Loss: 1.9332	Time remaining is 1h:48m
2024-03-23 04:43:53 INFO Epoch 49/120	Training Loss: 1.9208	Time remaining is 1h:46m
2024-03-23 04:45:22 INFO Epoch 50/120	Training Loss: 1.9272	Time remaining is 1h:45m
2024-03-23 04:46:50 INFO Epoch 51/120	Training Loss: 1.9139	Time remaining is 1h:43m
2024-03-23 04:48:19 INFO Epoch 52/120	Training Loss: 1.9231	Time remaining is 1h:42m
2024-03-23 04:49:48 INFO Epoch 53/120	Training Loss: 1.9216	Time remaining is 1h:41m
2024-03-23 04:51:17 INFO Epoch 54/120	Training Loss: 1.9194	Time remaining is 1h:39m
2024-03-23 04:52:46 INFO Epoch 55/120	Training Loss: 1.9192	Time remaining is 1h:38m
2024-03-23 04:54:14 INFO Epoch 56/120	Training Loss: 1.9170	Time remaining is 1h:36m
2024-03-23 04:55:43 INFO Epoch 57/120	Training Loss: 1.9058	Time remaining is 1h:35m
2024-03-23 04:57:12 INFO Epoch 58/120	Training Loss: 1.9166	Time remaining is 1h:33m
2024-03-23 04:58:41 INFO Epoch 59/120	Training Loss: 1.9152	Time remaining is 1h:32m
2024-03-23 05:00:10 INFO Epoch 60/120	Training Loss: 1.9112	Time remaining is 1h:30m
2024-03-23 05:01:39 INFO Epoch 61/120	Training Loss: 1.9149	Time remaining is 1h:29m
2024-03-23 05:03:08 INFO Epoch 62/120	Training Loss: 1.9089	Time remaining is 1h:27m
2024-03-23 05:04:37 INFO Epoch 63/120	Training Loss: 1.9091	Time remaining is 1h:26m
2024-03-23 05:06:06 INFO Epoch 64/120	Training Loss: 1.9075	Time remaining is 1h:24m
2024-03-23 05:07:35 INFO Epoch 65/120	Training Loss: 1.9066	Time remaining is 1h:23m
2024-03-23 05:09:04 INFO Epoch 66/120	Training Loss: 1.9073	Time remaining is 1h:21m
2024-03-23 05:10:34 INFO Epoch 67/120	Training Loss: 1.9162	Time remaining is 1h:20m
2024-03-23 05:12:03 INFO Epoch 68/120	Training Loss: 1.9053	Time remaining is 1h:18m
2024-03-23 05:13:31 INFO Epoch 69/120	Training Loss: 1.8986	Time remaining is 1h:17m
2024-03-23 05:15:00 INFO Epoch 70/120	Training Loss: 1.9037	Time remaining is 1h:15m
2024-03-23 05:16:29 INFO Epoch 71/120	Training Loss: 1.9000	Time remaining is 1h:14m
2024-03-23 05:17:58 INFO Epoch 72/120	Training Loss: 1.8968	Time remaining is 1h:13m
2024-03-23 05:19:27 INFO Epoch 73/120	Training Loss: 1.8957	Time remaining is 1h:11m
2024-03-23 05:20:56 INFO Epoch 74/120	Training Loss: 1.8872	Time remaining is 1h:10m
2024-03-23 05:22:24 INFO Epoch 75/120	Training Loss: 1.8864	Time remaining is 1h:8m
2024-03-23 05:23:53 INFO Epoch 76/120	Training Loss: 1.8819	Time remaining is 1h:7m
2024-03-23 05:25:22 INFO Epoch 77/120	Training Loss: 1.8941	Time remaining is 1h:5m
2024-03-23 05:26:50 INFO Epoch 78/120	Training Loss: 1.8817	Time remaining is 1h:4m
2024-03-23 05:28:20 INFO Epoch 79/120	Training Loss: 1.8912	Time remaining is 1h:2m
2024-03-23 05:29:49 INFO Epoch 80/120	Training Loss: 1.8918	Time remaining is 1h:1m
2024-03-23 05:31:17 INFO Epoch 81/120	Training Loss: 1.8911	Time remaining is 0h:59m
2024-03-23 05:32:46 INFO Epoch 82/120	Training Loss: 1.8915	Time remaining is 0h:58m
2024-03-23 05:34:15 INFO Epoch 83/120	Training Loss: 1.8895	Time remaining is 0h:56m
2024-03-23 05:35:44 INFO Epoch 84/120	Training Loss: 1.8893	Time remaining is 0h:55m
2024-03-23 05:37:13 INFO Epoch 85/120	Training Loss: 1.8912	Time remaining is 0h:53m
2024-03-23 05:38:42 INFO Epoch 86/120	Training Loss: 1.8916	Time remaining is 0h:52m
2024-03-23 05:40:11 INFO Epoch 87/120	Training Loss: 1.8890	Time remaining is 0h:50m
2024-03-23 05:41:39 INFO Epoch 88/120	Training Loss: 1.8782	Time remaining is 0h:49m
2024-03-23 05:43:08 INFO Epoch 89/120	Training Loss: 1.8887	Time remaining is 0h:47m
2024-03-23 05:44:37 INFO Epoch 90/120	Training Loss: 1.8879	Time remaining is 0h:46m
2024-03-23 05:45:22 INFO Testing: dataset_name: market1501 top1:0.9486 top5:0.9831 top10:0.9899 mAP:0.8673
2024-03-23 05:46:51 INFO Epoch 91/120	Training Loss: 1.8881	Time remaining is 0h:45m
2024-03-23 05:48:19 INFO Epoch 92/120	Training Loss: 1.8793	Time remaining is 0h:43m
2024-03-23 05:49:48 INFO Epoch 93/120	Training Loss: 1.8898	Time remaining is 0h:42m
2024-03-23 05:51:17 INFO Epoch 94/120	Training Loss: 1.8877	Time remaining is 0h:40m
2024-03-23 05:52:45 INFO Epoch 95/120	Training Loss: 1.8787	Time remaining is 0h:39m
2024-03-23 05:53:30 INFO Testing: dataset_name: market1501 top1:0.9474 top5:0.9840 top10:0.9902 mAP:0.8686
2024-03-23 05:54:59 INFO Epoch 96/120	Training Loss: 1.8874	Time remaining is 0h:37m
2024-03-23 05:56:27 INFO Epoch 97/120	Training Loss: 1.8764	Time remaining is 0h:36m
2024-03-23 05:57:55 INFO Epoch 98/120	Training Loss: 1.8897	Time remaining is 0h:34m
2024-03-23 05:59:24 INFO Epoch 99/120	Training Loss: 1.8873	Time remaining is 0h:33m
2024-03-23 06:00:53 INFO Epoch 100/120	Training Loss: 1.8851	Time remaining is 0h:31m
2024-03-23 06:01:38 INFO Testing: dataset_name: market1501 top1:0.9483 top5:0.9828 top10:0.9905 mAP:0.8703
2024-03-23 06:03:06 INFO Epoch 101/120	Training Loss: 1.8889	Time remaining is 0h:30m
2024-03-23 06:04:35 INFO Epoch 102/120	Training Loss: 1.8866	Time remaining is 0h:29m
2024-03-23 06:06:04 INFO Epoch 103/120	Training Loss: 1.8859	Time remaining is 0h:27m
2024-03-23 06:07:33 INFO Epoch 104/120	Training Loss: 1.8854	Time remaining is 0h:26m
2024-03-23 06:09:02 INFO Epoch 105/120	Training Loss: 1.8955	Time remaining is 0h:24m
2024-03-23 06:09:47 INFO Testing: dataset_name: market1501 top1:0.9501 top5:0.9837 top10:0.9908 mAP:0.8695
2024-03-23 06:11:16 INFO Epoch 106/120	Training Loss: 1.8862	Time remaining is 0h:23m
2024-03-23 06:12:44 INFO Epoch 107/120	Training Loss: 1.8761	Time remaining is 0h:21m
2024-03-23 06:14:13 INFO Epoch 108/120	Training Loss: 1.8877	Time remaining is 0h:20m
2024-03-23 06:15:42 INFO Epoch 109/120	Training Loss: 1.8855	Time remaining is 0h:18m
2024-03-23 06:17:11 INFO Epoch 110/120	Training Loss: 1.8845	Time remaining is 0h:17m
2024-03-23 06:17:56 INFO Testing: dataset_name: market1501 top1:0.9510 top5:0.9840 top10:0.9908 mAP:0.8709
2024-03-23 06:19:25 INFO Epoch 111/120	Training Loss: 1.8744	Time remaining is 0h:15m
2024-03-23 06:20:53 INFO Epoch 112/120	Training Loss: 1.8836	Time remaining is 0h:14m
2024-03-23 06:22:22 INFO Epoch 113/120	Training Loss: 1.8836	Time remaining is 0h:12m
2024-03-23 06:23:51 INFO Epoch 114/120	Training Loss: 1.8764	Time remaining is 0h:11m
2024-03-23 06:25:20 INFO Epoch 115/120	Training Loss: 1.8935	Time remaining is 0h:9m
2024-03-23 06:26:05 INFO Testing: dataset_name: market1501 top1:0.9519 top5:0.9843 top10:0.9905 mAP:0.8712
2024-03-23 06:27:33 INFO Epoch 116/120	Training Loss: 1.8843	Time remaining is 0h:8m
2024-03-23 06:29:02 INFO Epoch 117/120	Training Loss: 1.8842	Time remaining is 0h:6m
2024-03-23 06:30:31 INFO Epoch 118/120	Training Loss: 1.8837	Time remaining is 0h:5m
2024-03-23 06:32:01 INFO Epoch 119/120	Training Loss: 1.8938	Time remaining is 0h:3m
2024-03-23 06:33:29 INFO Epoch 120/120	Training Loss: 1.8735	Time remaining is 0h:2m
2024-03-23 06:34:14 INFO Testing: dataset_name: market1501 top1:0.9516 top5:0.9837 top10:0.9908 mAP:0.8717
2024-03-23 06:34:14 INFO The running time of training: 1.09687e+04 s
