2024-04-12 11:39:22 INFO ##################################################
2024-04-12 11:39:22 INFO Config values: batch_size: 60	current_directory: /home/hy/project/reid_task/ex_main5	dataset_name: market1501	dataset_path: /home/hy/project/data/Market-1501-v15.09.15	device: cuda	dtype: torch.float32	epoch_start_test: 90	epochs: 160	img_height: 256	img_width: 128	logs_outputs_path: /home/hy/project/reid_task/ex_main5/./outputs/logs	models_outputs_path: /home/hy/project/reid_task/ex_main5/./outputs/models	np: <module 'numpy' from '/home/hy/anaconda3/envs/py396/lib/python3.9/site-packages/numpy/__init__.py'>	os: <module 'os' from '/home/hy/anaconda3/envs/py396/lib/python3.9/os.py'>	outputs_dir: ./outputs/	outputs_path: /home/hy/project/reid_task/ex_main5/./outputs/	print_every: 1	seed: 1	taskname: ReID_Task	temps_outputs_path: /home/hy/project/reid_task/ex_main5/./outputs/temps	test_batch_size: 256	test_every: 5	torch: <module 'torch' from '/home/hy/anaconda3/envs/py396/lib/python3.9/site-packages/torch/__init__.py'>
2024-04-12 11:39:22 INFO Task: ReID_Task
2024-04-12 11:39:22 INFO Using device: cuda
2024-04-12 11:39:22 INFO Using data type: torch.float32
2024-04-12 11:39:22 INFO Number of GPUs: 1
2024-04-12 11:39:22 INFO GPU is_available: True
2024-04-12 11:39:22 INFO GPU name: NVIDIA GeForce RTX 3060
2024-04-12 11:39:22 INFO CUDA version: 12.1
2024-04-12 11:39:22 INFO Current device id: 0
2024-04-12 11:39:22 INFO ##################################################
2024-04-12 11:40:53 INFO Epoch 1/160	Training Loss: 9.6427	Time remaining is 3h:60m
2024-04-12 11:42:22 INFO Epoch 2/160	Training Loss: 8.1475	Time remaining is 3h:57m
2024-04-12 11:43:51 INFO Epoch 3/160	Training Loss: 6.2963	Time remaining is 3h:55m
2024-04-12 11:45:21 INFO Epoch 4/160	Training Loss: 4.8640	Time remaining is 3h:54m
2024-04-12 11:46:50 INFO Epoch 5/160	Training Loss: 3.8051	Time remaining is 3h:52m
2024-04-12 11:48:18 INFO Epoch 6/160	Training Loss: 3.1077	Time remaining is 3h:51m
2024-04-12 11:49:47 INFO Epoch 7/160	Training Loss: 2.7333	Time remaining is 3h:49m
2024-04-12 11:51:16 INFO Epoch 8/160	Training Loss: 2.5479	Time remaining is 3h:47m
2024-04-12 11:52:45 INFO Epoch 9/160	Training Loss: 2.4335	Time remaining is 3h:46m
2024-04-12 11:54:13 INFO Epoch 10/160	Training Loss: 2.3500	Time remaining is 3h:44m
2024-04-12 11:55:42 INFO Epoch 11/160	Training Loss: 2.3164	Time remaining is 3h:43m
2024-04-12 11:57:11 INFO Epoch 12/160	Training Loss: 2.2624	Time remaining is 3h:41m
2024-04-12 11:58:41 INFO Epoch 13/160	Training Loss: 2.2230	Time remaining is 3h:40m
2024-04-12 12:00:10 INFO Epoch 14/160	Training Loss: 2.1984	Time remaining is 3h:38m
2024-04-12 12:01:39 INFO Epoch 15/160	Training Loss: 2.1728	Time remaining is 3h:37m
2024-04-12 12:03:09 INFO Epoch 16/160	Training Loss: 2.1571	Time remaining is 3h:35m
2024-04-12 12:04:37 INFO Epoch 17/160	Training Loss: 2.1398	Time remaining is 3h:34m
2024-04-12 12:06:06 INFO Epoch 18/160	Training Loss: 2.1302	Time remaining is 3h:32m
2024-04-12 12:07:35 INFO Epoch 19/160	Training Loss: 2.1268	Time remaining is 3h:31m
2024-04-12 12:09:04 INFO Epoch 20/160	Training Loss: 2.1198	Time remaining is 3h:29m
2024-04-12 12:10:33 INFO Epoch 21/160	Training Loss: 2.1234	Time remaining is 3h:28m
2024-04-12 12:12:02 INFO Epoch 22/160	Training Loss: 2.1094	Time remaining is 3h:26m
2024-04-12 12:13:31 INFO Epoch 23/160	Training Loss: 2.1044	Time remaining is 3h:25m
2024-04-12 12:15:00 INFO Epoch 24/160	Training Loss: 2.1138	Time remaining is 3h:23m
2024-04-12 12:16:29 INFO Epoch 25/160	Training Loss: 2.1139	Time remaining is 3h:22m
2024-04-12 12:17:59 INFO Epoch 26/160	Training Loss: 2.1278	Time remaining is 3h:20m
2024-04-12 12:19:28 INFO Epoch 27/160	Training Loss: 2.1237	Time remaining is 3h:19m
2024-04-12 12:20:56 INFO Epoch 28/160	Training Loss: 2.1102	Time remaining is 3h:17m
2024-04-12 12:22:25 INFO Epoch 29/160	Training Loss: 2.1022	Time remaining is 3h:16m
2024-04-12 12:23:54 INFO Epoch 30/160	Training Loss: 2.0968	Time remaining is 3h:14m
2024-04-12 12:25:23 INFO Epoch 31/160	Training Loss: 2.0952	Time remaining is 3h:13m
2024-04-12 12:26:52 INFO Epoch 32/160	Training Loss: 2.0990	Time remaining is 3h:11m
2024-04-12 12:28:21 INFO Epoch 33/160	Training Loss: 2.0940	Time remaining is 3h:10m
2024-04-12 12:29:50 INFO Epoch 34/160	Training Loss: 2.1042	Time remaining is 3h:8m
2024-04-12 12:31:20 INFO Epoch 35/160	Training Loss: 2.0920	Time remaining is 3h:7m
2024-04-12 12:32:49 INFO Epoch 36/160	Training Loss: 2.0959	Time remaining is 3h:6m
2024-04-12 12:34:18 INFO Epoch 37/160	Training Loss: 2.0909	Time remaining is 3h:4m
2024-04-12 12:35:47 INFO Epoch 38/160	Training Loss: 2.1061	Time remaining is 3h:3m
2024-04-12 12:37:16 INFO Epoch 39/160	Training Loss: 2.0959	Time remaining is 3h:1m
2024-04-12 12:38:45 INFO Epoch 40/160	Training Loss: 2.0874	Time remaining is 2h:60m
2024-04-12 12:40:14 INFO Epoch 41/160	Training Loss: 2.0302	Time remaining is 2h:58m
2024-04-12 12:41:43 INFO Epoch 42/160	Training Loss: 1.9611	Time remaining is 2h:57m
2024-04-12 12:43:12 INFO Epoch 43/160	Training Loss: 1.9564	Time remaining is 2h:55m
2024-04-12 12:44:41 INFO Epoch 44/160	Training Loss: 1.9481	Time remaining is 2h:54m
2024-04-12 12:46:10 INFO Epoch 45/160	Training Loss: 1.9433	Time remaining is 2h:52m
2024-04-12 12:47:40 INFO Epoch 46/160	Training Loss: 1.9369	Time remaining is 2h:51m
2024-04-12 12:49:08 INFO Epoch 47/160	Training Loss: 1.9241	Time remaining is 2h:49m
2024-04-12 12:50:38 INFO Epoch 48/160	Training Loss: 1.9332	Time remaining is 2h:48m
2024-04-12 12:52:06 INFO Epoch 49/160	Training Loss: 1.9208	Time remaining is 2h:46m
2024-04-12 12:53:35 INFO Epoch 50/160	Training Loss: 1.9272	Time remaining is 2h:45m
2024-04-12 12:55:04 INFO Epoch 51/160	Training Loss: 1.9139	Time remaining is 2h:43m
2024-04-12 12:56:33 INFO Epoch 52/160	Training Loss: 1.9231	Time remaining is 2h:42m
2024-04-12 12:58:02 INFO Epoch 53/160	Training Loss: 1.9216	Time remaining is 2h:40m
2024-04-12 12:59:31 INFO Epoch 54/160	Training Loss: 1.9194	Time remaining is 2h:39m
2024-04-12 13:01:00 INFO Epoch 55/160	Training Loss: 1.9192	Time remaining is 2h:37m
2024-04-12 13:02:30 INFO Epoch 56/160	Training Loss: 1.9170	Time remaining is 2h:36m
2024-04-12 13:03:58 INFO Epoch 57/160	Training Loss: 1.9058	Time remaining is 2h:34m
2024-04-12 13:05:27 INFO Epoch 58/160	Training Loss: 1.9166	Time remaining is 2h:33m
2024-04-12 13:06:56 INFO Epoch 59/160	Training Loss: 1.9152	Time remaining is 2h:31m
2024-04-12 13:08:26 INFO Epoch 60/160	Training Loss: 1.9112	Time remaining is 2h:30m
2024-04-12 13:09:55 INFO Epoch 61/160	Training Loss: 1.9149	Time remaining is 2h:28m
2024-04-12 13:11:24 INFO Epoch 62/160	Training Loss: 1.9089	Time remaining is 2h:27m
2024-04-12 13:12:53 INFO Epoch 63/160	Training Loss: 1.9091	Time remaining is 2h:25m
2024-04-12 13:14:22 INFO Epoch 64/160	Training Loss: 1.9075	Time remaining is 2h:24m
2024-04-12 13:15:52 INFO Epoch 65/160	Training Loss: 1.9066	Time remaining is 2h:23m
2024-04-12 13:17:21 INFO Epoch 66/160	Training Loss: 1.9073	Time remaining is 2h:21m
2024-04-12 13:18:51 INFO Epoch 67/160	Training Loss: 1.9162	Time remaining is 2h:20m
2024-04-12 13:20:20 INFO Epoch 68/160	Training Loss: 1.9053	Time remaining is 2h:18m
2024-04-12 13:21:49 INFO Epoch 69/160	Training Loss: 1.8986	Time remaining is 2h:17m
2024-04-12 13:23:18 INFO Epoch 70/160	Training Loss: 1.9037	Time remaining is 2h:15m
2024-04-12 13:24:48 INFO Epoch 71/160	Training Loss: 1.9000	Time remaining is 2h:14m
2024-04-12 13:26:17 INFO Epoch 72/160	Training Loss: 1.8968	Time remaining is 2h:12m
2024-04-12 13:27:46 INFO Epoch 73/160	Training Loss: 1.8957	Time remaining is 2h:11m
2024-04-12 13:29:15 INFO Epoch 74/160	Training Loss: 1.8872	Time remaining is 2h:9m
2024-04-12 13:30:44 INFO Epoch 75/160	Training Loss: 1.8864	Time remaining is 2h:8m
2024-04-12 13:32:13 INFO Epoch 76/160	Training Loss: 1.8819	Time remaining is 2h:6m
2024-04-12 13:33:42 INFO Epoch 77/160	Training Loss: 1.8941	Time remaining is 2h:5m
2024-04-12 13:35:11 INFO Epoch 78/160	Training Loss: 1.8817	Time remaining is 2h:3m
2024-04-12 13:36:40 INFO Epoch 79/160	Training Loss: 1.8912	Time remaining is 2h:2m
2024-04-12 13:38:09 INFO Epoch 80/160	Training Loss: 1.8918	Time remaining is 2h:0m
2024-04-12 13:39:38 INFO Epoch 81/160	Training Loss: 1.8911	Time remaining is 1h:59m
2024-04-12 13:41:07 INFO Epoch 82/160	Training Loss: 1.8915	Time remaining is 1h:57m
2024-04-12 13:42:37 INFO Epoch 83/160	Training Loss: 1.8895	Time remaining is 1h:56m
2024-04-12 13:44:06 INFO Epoch 84/160	Training Loss: 1.8893	Time remaining is 1h:54m
2024-04-12 13:45:35 INFO Epoch 85/160	Training Loss: 1.8912	Time remaining is 1h:53m
2024-04-12 13:47:04 INFO Epoch 86/160	Training Loss: 1.8916	Time remaining is 1h:51m
2024-04-12 13:48:34 INFO Epoch 87/160	Training Loss: 1.8890	Time remaining is 1h:50m
2024-04-12 13:50:03 INFO Epoch 88/160	Training Loss: 1.8782	Time remaining is 1h:48m
2024-04-12 13:51:32 INFO Epoch 89/160	Training Loss: 1.8887	Time remaining is 1h:47m
2024-04-12 13:53:01 INFO Epoch 90/160	Training Loss: 1.8879	Time remaining is 1h:45m
2024-04-12 13:54:29 INFO Testing: dataset_name: market1501 top1:0.9486 top5:0.9831 top10:0.9899 mAP:0.8673
2024-04-12 13:55:59 INFO Epoch 91/160	Training Loss: 1.8881	Time remaining is 1h:45m
2024-04-12 13:57:28 INFO Epoch 92/160	Training Loss: 1.8793	Time remaining is 1h:44m
2024-04-12 13:58:57 INFO Epoch 93/160	Training Loss: 1.8898	Time remaining is 1h:42m
2024-04-12 14:00:26 INFO Epoch 94/160	Training Loss: 1.8877	Time remaining is 1h:41m
2024-04-12 14:01:54 INFO Epoch 95/160	Training Loss: 1.8787	Time remaining is 1h:39m
2024-04-12 14:03:23 INFO Testing: dataset_name: market1501 top1:0.9474 top5:0.9840 top10:0.9902 mAP:0.8686
2024-04-12 14:04:52 INFO Epoch 96/160	Training Loss: 1.8874	Time remaining is 1h:39m
2024-04-12 14:06:21 INFO Epoch 97/160	Training Loss: 1.8764	Time remaining is 1h:37m
2024-04-12 14:07:51 INFO Epoch 98/160	Training Loss: 1.8897	Time remaining is 1h:35m
2024-04-12 14:09:20 INFO Epoch 99/160	Training Loss: 1.8873	Time remaining is 1h:34m
2024-04-12 14:10:49 INFO Epoch 100/160	Training Loss: 1.8851	Time remaining is 1h:32m
2024-04-12 14:12:18 INFO Testing: dataset_name: market1501 top1:0.9483 top5:0.9828 top10:0.9905 mAP:0.8703
2024-04-12 14:13:47 INFO Epoch 101/160	Training Loss: 1.8889	Time remaining is 1h:32m
2024-04-12 14:15:17 INFO Epoch 102/160	Training Loss: 1.8866	Time remaining is 1h:30m
2024-04-12 14:16:46 INFO Epoch 103/160	Training Loss: 1.8859	Time remaining is 1h:29m
2024-04-12 14:18:15 INFO Epoch 104/160	Training Loss: 1.8854	Time remaining is 1h:27m
2024-04-12 14:19:45 INFO Epoch 105/160	Training Loss: 1.8955	Time remaining is 1h:26m
2024-04-12 14:21:13 INFO Testing: dataset_name: market1501 top1:0.9501 top5:0.9837 top10:0.9908 mAP:0.8695
2024-04-12 14:22:43 INFO Epoch 106/160	Training Loss: 1.8862	Time remaining is 1h:25m
2024-04-12 14:24:11 INFO Epoch 107/160	Training Loss: 1.8761	Time remaining is 1h:23m
2024-04-12 14:25:41 INFO Epoch 108/160	Training Loss: 1.8877	Time remaining is 1h:22m
2024-04-12 14:27:10 INFO Epoch 109/160	Training Loss: 1.8855	Time remaining is 1h:20m
2024-04-12 14:28:39 INFO Epoch 110/160	Training Loss: 1.8845	Time remaining is 1h:18m
2024-04-12 14:30:08 INFO Testing: dataset_name: market1501 top1:0.9510 top5:0.9840 top10:0.9908 mAP:0.8709
2024-04-12 14:31:37 INFO Epoch 111/160	Training Loss: 1.8744	Time remaining is 1h:18m
2024-04-12 14:33:06 INFO Epoch 112/160	Training Loss: 1.8836	Time remaining is 1h:16m
2024-04-12 14:34:36 INFO Epoch 113/160	Training Loss: 1.8836	Time remaining is 1h:14m
2024-04-12 14:36:04 INFO Epoch 114/160	Training Loss: 1.8764	Time remaining is 1h:13m
2024-04-12 14:37:34 INFO Epoch 115/160	Training Loss: 1.8935	Time remaining is 1h:11m
2024-04-12 14:39:02 INFO Testing: dataset_name: market1501 top1:0.9519 top5:0.9843 top10:0.9905 mAP:0.8712
2024-04-12 14:40:32 INFO Epoch 116/160	Training Loss: 1.8843	Time remaining is 1h:10m
2024-04-12 14:42:01 INFO Epoch 117/160	Training Loss: 1.8842	Time remaining is 1h:9m
2024-04-12 14:43:30 INFO Epoch 118/160	Training Loss: 1.8837	Time remaining is 1h:7m
2024-04-12 14:45:00 INFO Epoch 119/160	Training Loss: 1.8938	Time remaining is 1h:6m
2024-04-12 14:46:29 INFO Epoch 120/160	Training Loss: 1.8735	Time remaining is 1h:4m
2024-04-12 14:47:57 INFO Testing: dataset_name: market1501 top1:0.9516 top5:0.9837 top10:0.9908 mAP:0.8717
2024-04-12 14:49:27 INFO Epoch 121/160	Training Loss: 1.8831	Time remaining is 1h:3m
2024-04-12 14:50:56 INFO Epoch 122/160	Training Loss: 1.8829	Time remaining is 1h:1m
2024-04-12 14:52:25 INFO Epoch 123/160	Training Loss: 1.8823	Time remaining is 0h:60m
2024-04-12 14:53:54 INFO Epoch 124/160	Training Loss: 1.8745	Time remaining is 0h:58m
2024-04-12 14:55:23 INFO Epoch 125/160	Training Loss: 1.8835	Time remaining is 0h:56m
2024-04-12 14:56:51 INFO Testing: dataset_name: market1501 top1:0.9519 top5:0.9840 top10:0.9902 mAP:0.8723
2024-04-12 14:58:20 INFO Epoch 126/160	Training Loss: 1.8829	Time remaining is 0h:55m
2024-04-12 14:59:50 INFO Epoch 127/160	Training Loss: 1.8825	Time remaining is 0h:54m
2024-04-12 15:01:19 INFO Epoch 128/160	Training Loss: 1.8811	Time remaining is 0h:52m
2024-04-12 15:02:48 INFO Epoch 129/160	Training Loss: 1.8834	Time remaining is 0h:50m
2024-04-12 15:04:18 INFO Epoch 130/160	Training Loss: 1.8831	Time remaining is 0h:49m
2024-04-12 15:05:47 INFO Testing: dataset_name: market1501 top1:0.9504 top5:0.9837 top10:0.9908 mAP:0.8723
2024-04-12 15:07:15 INFO Epoch 131/160	Training Loss: 1.8738	Time remaining is 0h:48m
2024-04-12 15:08:45 INFO Epoch 132/160	Training Loss: 1.8817	Time remaining is 0h:46m
2024-04-12 15:10:13 INFO Epoch 133/160	Training Loss: 1.8728	Time remaining is 0h:44m
2024-04-12 15:11:42 INFO Epoch 134/160	Training Loss: 1.8820	Time remaining is 0h:43m
2024-04-12 15:13:11 INFO Epoch 135/160	Training Loss: 1.8724	Time remaining is 0h:41m
2024-04-12 15:14:39 INFO Testing: dataset_name: market1501 top1:0.9513 top5:0.9846 top10:0.9902 mAP:0.8737
2024-04-12 15:16:08 INFO Epoch 136/160	Training Loss: 1.8721	Time remaining is 0h:40m
2024-04-12 15:17:37 INFO Epoch 137/160	Training Loss: 1.8823	Time remaining is 0h:38m
2024-04-12 15:19:06 INFO Epoch 138/160	Training Loss: 1.8808	Time remaining is 0h:37m
2024-04-12 15:20:35 INFO Epoch 139/160	Training Loss: 1.8724	Time remaining is 0h:35m
2024-04-12 15:22:04 INFO Epoch 140/160	Training Loss: 1.8815	Time remaining is 0h:33m
2024-04-12 15:23:33 INFO Testing: dataset_name: market1501 top1:0.9504 top5:0.9846 top10:0.9914 mAP:0.8736
2024-04-12 15:25:02 INFO Epoch 141/160	Training Loss: 1.8810	Time remaining is 0h:32m
2024-04-12 15:26:31 INFO Epoch 142/160	Training Loss: 1.8815	Time remaining is 0h:30m
2024-04-12 15:28:00 INFO Epoch 143/160	Training Loss: 1.8816	Time remaining is 0h:29m
2024-04-12 15:29:29 INFO Epoch 144/160	Training Loss: 1.8797	Time remaining is 0h:27m
2024-04-12 15:30:59 INFO Epoch 145/160	Training Loss: 1.8819	Time remaining is 0h:26m
2024-04-12 15:32:27 INFO Testing: dataset_name: market1501 top1:0.9507 top5:0.9843 top10:0.9908 mAP:0.8737
2024-04-12 15:33:56 INFO Epoch 146/160	Training Loss: 1.8793	Time remaining is 0h:24m
2024-04-12 15:35:25 INFO Epoch 147/160	Training Loss: 1.8792	Time remaining is 0h:22m
2024-04-12 15:36:55 INFO Epoch 148/160	Training Loss: 1.8795	Time remaining is 0h:21m
2024-04-12 15:38:24 INFO Epoch 149/160	Training Loss: 1.8892	Time remaining is 0h:19m
2024-04-12 15:39:53 INFO Epoch 150/160	Training Loss: 1.8696	Time remaining is 0h:18m
2024-04-12 15:41:21 INFO Testing: dataset_name: market1501 top1:0.9516 top5:0.9837 top10:0.9902 mAP:0.8744
2024-04-12 15:42:51 INFO Epoch 151/160	Training Loss: 1.8811	Time remaining is 0h:16m
2024-04-12 15:44:20 INFO Epoch 152/160	Training Loss: 1.8789	Time remaining is 0h:15m
2024-04-12 15:45:49 INFO Epoch 153/160	Training Loss: 1.8782	Time remaining is 0h:13m
2024-04-12 15:47:18 INFO Epoch 154/160	Training Loss: 1.8814	Time remaining is 0h:11m
2024-04-12 15:48:48 INFO Epoch 155/160	Training Loss: 1.8792	Time remaining is 0h:10m
2024-04-12 15:50:16 INFO Testing: dataset_name: market1501 top1:0.9504 top5:0.9846 top10:0.9902 mAP:0.8746
2024-04-12 15:51:45 INFO Epoch 156/160	Training Loss: 1.8698	Time remaining is 0h:8m
2024-04-12 15:53:14 INFO Epoch 157/160	Training Loss: 1.8792	Time remaining is 0h:6m
2024-04-12 15:54:43 INFO Epoch 158/160	Training Loss: 1.8705	Time remaining is 0h:5m
2024-04-12 15:56:13 INFO Epoch 159/160	Training Loss: 1.8785	Time remaining is 0h:3m
2024-04-12 15:57:42 INFO Epoch 160/160	Training Loss: 1.8676	Time remaining is 0h:2m
2024-04-12 15:59:10 INFO Testing: dataset_name: market1501 top1:0.9513 top5:0.9846 top10:0.9908 mAP:0.8743
2024-04-12 15:59:10 INFO The running time of training: 1.55883e+04 s
