2024-03-17 09:23:26 INFO ##################################################
2024-03-17 09:23:26 INFO Config values: batch_size: 60	current_directory: /home/hy/project/reid/ex_main	dataset_name: market1501	dataset_path: /home/hy/project/data/Market-1501-v15.09.15	device: cuda	dtype: torch.float32	epoch_start_test: 90	epochs: 120	img_height: 256	img_width: 128	logs_outputs_path: /home/hy/project/reid/ex_main/./outputs/logs	models_outputs_path: /home/hy/project/reid/ex_main/./outputs/models	np: <module 'numpy' from '/home/hy/anaconda3/envs/py396/lib/python3.9/site-packages/numpy/__init__.py'>	os: <module 'os' from '/home/hy/anaconda3/envs/py396/lib/python3.9/os.py'>	outputs_dir: ./outputs/	outputs_path: /home/hy/project/reid/ex_main/./outputs/	print_every: 1	seed: 1	taskname: ReID_Task	temps_outputs_path: /home/hy/project/reid/ex_main/./outputs/temps	test_batch_size: 256	test_every: 10	torch: <module 'torch' from '/home/hy/anaconda3/envs/py396/lib/python3.9/site-packages/torch/__init__.py'>
2024-03-17 09:23:26 INFO Task: ReID_Task
2024-03-17 09:23:26 INFO Using device: cuda
2024-03-17 09:23:26 INFO Using data type: torch.float32
2024-03-17 09:23:26 INFO Number of GPUs: 1
2024-03-17 09:23:26 INFO GPU is_available: True
2024-03-17 09:23:26 INFO GPU name: NVIDIA GeForce RTX 3060
2024-03-17 09:23:26 INFO CUDA version: 12.1
2024-03-17 09:23:26 INFO Current device id: 0
2024-03-17 09:23:26 INFO ##################################################
2024-03-17 09:24:28 INFO Epoch 1/120	Training Loss: 8.2570	Time remaining is 2h:3m
2024-03-17 09:25:29 INFO Epoch 2/120	Training Loss: 6.9832	Time remaining is 2h:1m
2024-03-17 09:26:30 INFO Epoch 3/120	Training Loss: 5.3050	Time remaining is 2h:0m
2024-03-17 09:27:31 INFO Epoch 4/120	Training Loss: 3.8956	Time remaining is 1h:59m
2024-03-17 09:28:31 INFO Epoch 5/120	Training Loss: 2.8034	Time remaining is 1h:58m
2024-03-17 09:29:31 INFO Epoch 6/120	Training Loss: 2.1118	Time remaining is 1h:57m
2024-03-17 09:30:32 INFO Epoch 7/120	Training Loss: 1.7437	Time remaining is 1h:55m
2024-03-17 09:31:32 INFO Epoch 8/120	Training Loss: 1.5723	Time remaining is 1h:54m
2024-03-17 09:32:32 INFO Epoch 9/120	Training Loss: 1.4748	Time remaining is 1h:53m
2024-03-17 09:33:32 INFO Epoch 10/120	Training Loss: 1.4259	Time remaining is 1h:52m
2024-03-17 09:34:33 INFO Epoch 11/120	Training Loss: 1.3985	Time remaining is 1h:51m
2024-03-17 09:35:33 INFO Epoch 12/120	Training Loss: 1.3366	Time remaining is 1h:50m
2024-03-17 09:36:34 INFO Epoch 13/120	Training Loss: 1.2923	Time remaining is 1h:49m
2024-03-17 09:37:35 INFO Epoch 14/120	Training Loss: 1.2655	Time remaining is 1h:48m
2024-03-17 09:38:35 INFO Epoch 15/120	Training Loss: 1.2430	Time remaining is 1h:47m
2024-03-17 09:39:36 INFO Epoch 16/120	Training Loss: 1.2353	Time remaining is 1h:46m
2024-03-17 09:40:36 INFO Epoch 17/120	Training Loss: 1.2248	Time remaining is 1h:45m
2024-03-17 09:41:37 INFO Epoch 18/120	Training Loss: 1.2133	Time remaining is 1h:44m
2024-03-17 09:42:37 INFO Epoch 19/120	Training Loss: 1.2093	Time remaining is 1h:43m
2024-03-17 09:43:38 INFO Epoch 20/120	Training Loss: 1.2046	Time remaining is 1h:42m
2024-03-17 09:44:38 INFO Epoch 21/120	Training Loss: 1.2119	Time remaining is 1h:41m
2024-03-17 09:45:39 INFO Epoch 22/120	Training Loss: 1.2099	Time remaining is 1h:40m
2024-03-17 09:46:39 INFO Epoch 23/120	Training Loss: 1.1879	Time remaining is 1h:39m
2024-03-17 09:47:39 INFO Epoch 24/120	Training Loss: 1.2060	Time remaining is 1h:38m
2024-03-17 09:48:40 INFO Epoch 25/120	Training Loss: 1.2167	Time remaining is 1h:37m
2024-03-17 09:49:40 INFO Epoch 26/120	Training Loss: 1.2308	Time remaining is 1h:36m
2024-03-17 09:50:41 INFO Epoch 27/120	Training Loss: 1.1993	Time remaining is 1h:35m
2024-03-17 09:51:42 INFO Epoch 28/120	Training Loss: 1.2072	Time remaining is 1h:34m
2024-03-17 09:52:42 INFO Epoch 29/120	Training Loss: 1.1867	Time remaining is 1h:33m
2024-03-17 09:53:43 INFO Epoch 30/120	Training Loss: 1.1907	Time remaining is 1h:32m
2024-03-17 09:54:43 INFO Epoch 31/120	Training Loss: 1.1917	Time remaining is 1h:31m
2024-03-17 09:55:43 INFO Epoch 32/120	Training Loss: 1.2021	Time remaining is 1h:30m
2024-03-17 09:56:44 INFO Epoch 33/120	Training Loss: 1.1921	Time remaining is 1h:29m
2024-03-17 09:57:44 INFO Epoch 34/120	Training Loss: 1.1942	Time remaining is 1h:28m
2024-03-17 09:58:45 INFO Epoch 35/120	Training Loss: 1.1923	Time remaining is 1h:27m
2024-03-17 09:59:45 INFO Epoch 36/120	Training Loss: 1.1915	Time remaining is 1h:26m
2024-03-17 10:00:46 INFO Epoch 37/120	Training Loss: 1.1892	Time remaining is 1h:25m
2024-03-17 10:01:47 INFO Epoch 38/120	Training Loss: 1.1956	Time remaining is 1h:24m
2024-03-17 10:02:47 INFO Epoch 39/120	Training Loss: 1.1862	Time remaining is 1h:23m
2024-03-17 10:03:48 INFO Epoch 40/120	Training Loss: 1.1782	Time remaining is 1h:22m
2024-03-17 10:04:49 INFO Epoch 41/120	Training Loss: 1.1153	Time remaining is 1h:21m
2024-03-17 10:05:49 INFO Epoch 42/120	Training Loss: 1.0469	Time remaining is 1h:20m
2024-03-17 10:06:50 INFO Epoch 43/120	Training Loss: 1.0349	Time remaining is 1h:19m
2024-03-17 10:07:51 INFO Epoch 44/120	Training Loss: 1.0262	Time remaining is 1h:18m
2024-03-17 10:08:52 INFO Epoch 45/120	Training Loss: 1.0202	Time remaining is 1h:17m
2024-03-17 10:09:53 INFO Epoch 46/120	Training Loss: 1.0126	Time remaining is 1h:16m
2024-03-17 10:10:53 INFO Epoch 47/120	Training Loss: 1.0039	Time remaining is 1h:15m
2024-03-17 10:11:54 INFO Epoch 48/120	Training Loss: 1.0069	Time remaining is 1h:14m
2024-03-17 10:12:54 INFO Epoch 49/120	Training Loss: 0.9993	Time remaining is 1h:13m
2024-03-17 10:13:55 INFO Epoch 50/120	Training Loss: 1.0004	Time remaining is 1h:12m
2024-03-17 10:14:56 INFO Epoch 51/120	Training Loss: 0.9933	Time remaining is 1h:11m
2024-03-17 10:15:57 INFO Epoch 52/120	Training Loss: 0.9958	Time remaining is 1h:10m
2024-03-17 10:16:58 INFO Epoch 53/120	Training Loss: 0.9939	Time remaining is 1h:9m
2024-03-17 10:17:58 INFO Epoch 54/120	Training Loss: 0.9897	Time remaining is 1h:8m
2024-03-17 10:18:59 INFO Epoch 55/120	Training Loss: 0.9916	Time remaining is 1h:7m
2024-03-17 10:19:59 INFO Epoch 56/120	Training Loss: 0.9915	Time remaining is 1h:6m
2024-03-17 10:21:00 INFO Epoch 57/120	Training Loss: 0.9811	Time remaining is 1h:5m
2024-03-17 10:22:00 INFO Epoch 58/120	Training Loss: 0.9862	Time remaining is 1h:4m
2024-03-17 10:23:01 INFO Epoch 59/120	Training Loss: 0.9883	Time remaining is 1h:3m
2024-03-17 10:24:02 INFO Epoch 60/120	Training Loss: 0.9842	Time remaining is 1h:2m
2024-03-17 10:25:02 INFO Epoch 61/120	Training Loss: 0.9865	Time remaining is 1h:1m
2024-03-17 10:26:03 INFO Epoch 62/120	Training Loss: 0.9816	Time remaining is 0h:60m
2024-03-17 10:27:03 INFO Epoch 63/120	Training Loss: 0.9810	Time remaining is 0h:59m
2024-03-17 10:28:04 INFO Epoch 64/120	Training Loss: 0.9806	Time remaining is 0h:58m
2024-03-17 10:29:05 INFO Epoch 65/120	Training Loss: 0.9777	Time remaining is 0h:57m
2024-03-17 10:30:06 INFO Epoch 66/120	Training Loss: 0.9783	Time remaining is 0h:56m
2024-03-17 10:31:07 INFO Epoch 67/120	Training Loss: 0.9849	Time remaining is 0h:55m
2024-03-17 10:32:07 INFO Epoch 68/120	Training Loss: 0.9789	Time remaining is 0h:54m
2024-03-17 10:33:07 INFO Epoch 69/120	Training Loss: 0.9733	Time remaining is 0h:53m
2024-03-17 10:34:08 INFO Epoch 70/120	Training Loss: 0.9779	Time remaining is 0h:52m
2024-03-17 10:35:09 INFO Epoch 71/120	Training Loss: 0.9744	Time remaining is 0h:50m
2024-03-17 10:36:09 INFO Epoch 72/120	Training Loss: 0.9688	Time remaining is 0h:49m
2024-03-17 10:37:10 INFO Epoch 73/120	Training Loss: 0.9666	Time remaining is 0h:48m
2024-03-17 10:38:10 INFO Epoch 74/120	Training Loss: 0.9616	Time remaining is 0h:47m
2024-03-17 10:39:10 INFO Epoch 75/120	Training Loss: 0.9608	Time remaining is 0h:46m
2024-03-17 10:40:11 INFO Epoch 76/120	Training Loss: 0.9593	Time remaining is 0h:45m
2024-03-17 10:41:12 INFO Epoch 77/120	Training Loss: 0.9646	Time remaining is 0h:44m
2024-03-17 10:42:13 INFO Epoch 78/120	Training Loss: 0.9575	Time remaining is 0h:43m
2024-03-17 10:43:13 INFO Epoch 79/120	Training Loss: 0.9623	Time remaining is 0h:42m
2024-03-17 10:44:14 INFO Epoch 80/120	Training Loss: 0.9625	Time remaining is 0h:41m
2024-03-17 10:45:15 INFO Epoch 81/120	Training Loss: 0.9619	Time remaining is 0h:40m
2024-03-17 10:46:16 INFO Epoch 82/120	Training Loss: 0.9618	Time remaining is 0h:39m
2024-03-17 10:47:17 INFO Epoch 83/120	Training Loss: 0.9602	Time remaining is 0h:38m
2024-03-17 10:48:18 INFO Epoch 84/120	Training Loss: 0.9601	Time remaining is 0h:37m
2024-03-17 10:49:18 INFO Epoch 85/120	Training Loss: 0.9631	Time remaining is 0h:36m
2024-03-17 10:50:19 INFO Epoch 86/120	Training Loss: 0.9618	Time remaining is 0h:35m
2024-03-17 10:51:20 INFO Epoch 87/120	Training Loss: 0.9603	Time remaining is 0h:34m
2024-03-17 10:52:20 INFO Epoch 88/120	Training Loss: 0.9541	Time remaining is 0h:33m
2024-03-17 10:53:21 INFO Epoch 89/120	Training Loss: 0.9587	Time remaining is 0h:32m
2024-03-17 10:54:21 INFO Epoch 90/120	Training Loss: 0.9585	Time remaining is 0h:31m
2024-03-17 10:54:52 INFO Testing: dataset_name: market1501 top1:0.9412 top5:0.9798 top10:0.9893 mAP:0.8489
2024-03-17 10:55:53 INFO Epoch 91/120	Training Loss: 0.9599	Time remaining is 0h:30m
2024-03-17 10:56:53 INFO Epoch 92/120	Training Loss: 0.9542	Time remaining is 0h:29m
2024-03-17 10:57:54 INFO Epoch 93/120	Training Loss: 0.9609	Time remaining is 0h:28m
2024-03-17 10:58:55 INFO Epoch 94/120	Training Loss: 0.9585	Time remaining is 0h:27m
2024-03-17 10:59:55 INFO Epoch 95/120	Training Loss: 0.9521	Time remaining is 0h:26m
2024-03-17 11:00:55 INFO Epoch 96/120	Training Loss: 0.9587	Time remaining is 0h:25m
2024-03-17 11:01:56 INFO Epoch 97/120	Training Loss: 0.9520	Time remaining is 0h:24m
2024-03-17 11:02:56 INFO Epoch 98/120	Training Loss: 0.9600	Time remaining is 0h:23m
2024-03-17 11:03:57 INFO Epoch 99/120	Training Loss: 0.9588	Time remaining is 0h:22m
2024-03-17 11:04:58 INFO Epoch 100/120	Training Loss: 0.9562	Time remaining is 0h:21m
2024-03-17 11:05:29 INFO Testing: dataset_name: market1501 top1:0.9394 top5:0.9789 top10:0.9887 mAP:0.8499
2024-03-17 11:06:30 INFO Epoch 101/120	Training Loss: 0.9590	Time remaining is 0h:20m
2024-03-17 11:07:30 INFO Epoch 102/120	Training Loss: 0.9577	Time remaining is 0h:19m
2024-03-17 11:08:31 INFO Epoch 103/120	Training Loss: 0.9559	Time remaining is 0h:18m
2024-03-17 11:09:32 INFO Epoch 104/120	Training Loss: 0.9552	Time remaining is 0h:17m
2024-03-17 11:10:33 INFO Epoch 105/120	Training Loss: 0.9611	Time remaining is 0h:16m
2024-03-17 11:11:33 INFO Epoch 106/120	Training Loss: 0.9567	Time remaining is 0h:15m
2024-03-17 11:12:33 INFO Epoch 107/120	Training Loss: 0.9518	Time remaining is 0h:14m
2024-03-17 11:13:34 INFO Epoch 108/120	Training Loss: 0.9570	Time remaining is 0h:13m
2024-03-17 11:14:35 INFO Epoch 109/120	Training Loss: 0.9561	Time remaining is 0h:12m
2024-03-17 11:15:36 INFO Epoch 110/120	Training Loss: 0.9556	Time remaining is 0h:11m
2024-03-17 11:16:06 INFO Testing: dataset_name: market1501 top1:0.9412 top5:0.9798 top10:0.9893 mAP:0.8517
2024-03-17 11:17:07 INFO Epoch 111/120	Training Loss: 0.9503	Time remaining is 0h:10m
2024-03-17 11:18:08 INFO Epoch 112/120	Training Loss: 0.9547	Time remaining is 0h:9m
2024-03-17 11:19:09 INFO Epoch 113/120	Training Loss: 0.9546	Time remaining is 0h:8m
2024-03-17 11:20:09 INFO Epoch 114/120	Training Loss: 0.9501	Time remaining is 0h:7m
2024-03-17 11:21:10 INFO Epoch 115/120	Training Loss: 0.9596	Time remaining is 0h:6m
2024-03-17 11:22:11 INFO Epoch 116/120	Training Loss: 0.9547	Time remaining is 0h:5m
2024-03-17 11:23:11 INFO Epoch 117/120	Training Loss: 0.9564	Time remaining is 0h:4m
2024-03-17 11:24:12 INFO Epoch 118/120	Training Loss: 0.9544	Time remaining is 0h:3m
2024-03-17 11:25:13 INFO Epoch 119/120	Training Loss: 0.9589	Time remaining is 0h:2m
2024-03-17 11:26:13 INFO Epoch 120/120	Training Loss: 0.9493	Time remaining is 0h:1m
2024-03-17 11:26:44 INFO Testing: dataset_name: market1501 top1:0.9421 top5:0.9804 top10:0.9881 mAP:0.8543
2024-03-17 11:26:44 INFO The running time of training: 7.39828e+03 s
