2024-04-14 13:17:53 INFO ##################################################
2024-04-14 13:17:53 INFO Config values: batch_size: 60	current_directory: /home/hy/project/reid_task/ex_main-n3	dataset_name: market1501	dataset_path: /home/hy/project/data/Market-1501-v15.09.15	device: cuda	dtype: torch.float32	epoch_start_test: 90	epochs: 160	img_height: 256	img_width: 128	logs_outputs_path: /home/hy/project/reid_task/ex_main-n3/./outputs/logs	models_outputs_path: /home/hy/project/reid_task/ex_main-n3/./outputs/models	np: <module 'numpy' from '/home/hy/anaconda3/envs/py396/lib/python3.9/site-packages/numpy/__init__.py'>	os: <module 'os' from '/home/hy/anaconda3/envs/py396/lib/python3.9/os.py'>	outputs_dir: ./outputs/	outputs_path: /home/hy/project/reid_task/ex_main-n3/./outputs/	print_every: 1	seed: 1	taskname: ReID_Task	temps_outputs_path: /home/hy/project/reid_task/ex_main-n3/./outputs/temps	test_batch_size: 256	test_every: 5	torch: <module 'torch' from '/home/hy/anaconda3/envs/py396/lib/python3.9/site-packages/torch/__init__.py'>
2024-04-14 13:17:53 INFO Task: ReID_Task
2024-04-14 13:17:53 INFO Using device: cuda
2024-04-14 13:17:53 INFO Using data type: torch.float32
2024-04-14 13:17:53 INFO Number of GPUs: 1
2024-04-14 13:17:53 INFO GPU is_available: True
2024-04-14 13:17:53 INFO GPU name: NVIDIA GeForce RTX 3060
2024-04-14 13:17:53 INFO CUDA version: 12.1
2024-04-14 13:17:53 INFO Current device id: 0
2024-04-14 13:17:53 INFO ##################################################
2024-04-14 13:19:11 INFO Epoch 1/160	Training Loss: 9.6313	Time remaining is 3h:25m
2024-04-14 13:20:27 INFO Epoch 2/160	Training Loss: 8.1618	Time remaining is 3h:22m
2024-04-14 13:21:43 INFO Epoch 3/160	Training Loss: 6.3120	Time remaining is 3h:21m
2024-04-14 13:22:59 INFO Epoch 4/160	Training Loss: 4.8410	Time remaining is 3h:20m
2024-04-14 13:24:15 INFO Epoch 5/160	Training Loss: 3.7819	Time remaining is 3h:18m
2024-04-14 13:25:30 INFO Epoch 6/160	Training Loss: 3.0867	Time remaining is 3h:17m
2024-04-14 13:26:46 INFO Epoch 7/160	Training Loss: 2.7337	Time remaining is 3h:15m
2024-04-14 13:28:01 INFO Epoch 8/160	Training Loss: 2.5383	Time remaining is 3h:14m
2024-04-14 13:29:17 INFO Epoch 9/160	Training Loss: 2.4356	Time remaining is 3h:12m
2024-04-14 13:30:33 INFO Epoch 10/160	Training Loss: 2.3553	Time remaining is 3h:11m
2024-04-14 13:31:49 INFO Epoch 11/160	Training Loss: 2.3180	Time remaining is 3h:10m
2024-04-14 13:33:05 INFO Epoch 12/160	Training Loss: 2.2669	Time remaining is 3h:9m
2024-04-14 13:34:21 INFO Epoch 13/160	Training Loss: 2.2146	Time remaining is 3h:7m
2024-04-14 13:35:37 INFO Epoch 14/160	Training Loss: 2.1996	Time remaining is 3h:6m
2024-04-14 13:36:53 INFO Epoch 15/160	Training Loss: 2.1743	Time remaining is 3h:5m
2024-04-14 13:38:09 INFO Epoch 16/160	Training Loss: 2.1549	Time remaining is 3h:4m
2024-04-14 13:39:25 INFO Epoch 17/160	Training Loss: 2.1401	Time remaining is 3h:2m
2024-04-14 13:40:40 INFO Epoch 18/160	Training Loss: 2.1258	Time remaining is 3h:1m
2024-04-14 13:41:56 INFO Epoch 19/160	Training Loss: 2.1251	Time remaining is 2h:60m
2024-04-14 13:43:12 INFO Epoch 20/160	Training Loss: 2.1299	Time remaining is 2h:58m
2024-04-14 13:44:28 INFO Epoch 21/160	Training Loss: 2.1170	Time remaining is 2h:57m
2024-04-14 13:45:44 INFO Epoch 22/160	Training Loss: 2.1155	Time remaining is 2h:56m
2024-04-14 13:47:00 INFO Epoch 23/160	Training Loss: 2.1102	Time remaining is 2h:55m
2024-04-14 13:48:16 INFO Epoch 24/160	Training Loss: 2.1206	Time remaining is 2h:53m
2024-04-14 13:49:32 INFO Epoch 25/160	Training Loss: 2.1162	Time remaining is 2h:52m
2024-04-14 13:50:48 INFO Epoch 26/160	Training Loss: 2.1332	Time remaining is 2h:51m
2024-04-14 13:52:04 INFO Epoch 27/160	Training Loss: 2.1150	Time remaining is 2h:50m
2024-04-14 13:53:20 INFO Epoch 28/160	Training Loss: 2.1095	Time remaining is 2h:48m
2024-04-14 13:54:35 INFO Epoch 29/160	Training Loss: 2.1079	Time remaining is 2h:47m
2024-04-14 13:55:51 INFO Epoch 30/160	Training Loss: 2.1037	Time remaining is 2h:46m
2024-04-14 13:57:07 INFO Epoch 31/160	Training Loss: 2.0996	Time remaining is 2h:44m
2024-04-14 13:58:23 INFO Epoch 32/160	Training Loss: 2.1042	Time remaining is 2h:43m
2024-04-14 13:59:39 INFO Epoch 33/160	Training Loss: 2.1057	Time remaining is 2h:42m
2024-04-14 14:00:55 INFO Epoch 34/160	Training Loss: 2.1108	Time remaining is 2h:41m
2024-04-14 14:02:11 INFO Epoch 35/160	Training Loss: 2.1036	Time remaining is 2h:39m
2024-04-14 14:03:27 INFO Epoch 36/160	Training Loss: 2.0947	Time remaining is 2h:38m
2024-04-14 14:04:43 INFO Epoch 37/160	Training Loss: 2.0931	Time remaining is 2h:37m
2024-04-14 14:05:59 INFO Epoch 38/160	Training Loss: 2.0969	Time remaining is 2h:36m
2024-04-14 14:07:15 INFO Epoch 39/160	Training Loss: 2.1017	Time remaining is 2h:34m
2024-04-14 14:08:31 INFO Epoch 40/160	Training Loss: 2.0917	Time remaining is 2h:33m
2024-04-14 14:09:46 INFO Epoch 41/160	Training Loss: 2.0312	Time remaining is 2h:32m
2024-04-14 14:11:02 INFO Epoch 42/160	Training Loss: 1.9632	Time remaining is 2h:31m
2024-04-14 14:12:18 INFO Epoch 43/160	Training Loss: 1.9589	Time remaining is 2h:29m
2024-04-14 14:13:34 INFO Epoch 44/160	Training Loss: 1.9509	Time remaining is 2h:28m
2024-04-14 14:14:51 INFO Epoch 45/160	Training Loss: 1.9440	Time remaining is 2h:27m
2024-04-14 14:16:07 INFO Epoch 46/160	Training Loss: 1.9435	Time remaining is 2h:26m
2024-04-14 14:17:22 INFO Epoch 47/160	Training Loss: 1.9279	Time remaining is 2h:24m
2024-04-14 14:18:38 INFO Epoch 48/160	Training Loss: 1.9373	Time remaining is 2h:23m
2024-04-14 14:19:53 INFO Epoch 49/160	Training Loss: 1.9233	Time remaining is 2h:22m
2024-04-14 14:21:09 INFO Epoch 50/160	Training Loss: 1.9314	Time remaining is 2h:20m
2024-04-14 14:22:25 INFO Epoch 51/160	Training Loss: 1.9179	Time remaining is 2h:19m
2024-04-14 14:23:41 INFO Epoch 52/160	Training Loss: 1.9251	Time remaining is 2h:18m
2024-04-14 14:24:57 INFO Epoch 53/160	Training Loss: 1.9245	Time remaining is 2h:17m
2024-04-14 14:26:13 INFO Epoch 54/160	Training Loss: 1.9215	Time remaining is 2h:15m
2024-04-14 14:27:29 INFO Epoch 55/160	Training Loss: 1.9228	Time remaining is 2h:14m
2024-04-14 14:28:45 INFO Epoch 56/160	Training Loss: 1.9206	Time remaining is 2h:13m
2024-04-14 14:30:01 INFO Epoch 57/160	Training Loss: 1.9089	Time remaining is 2h:12m
2024-04-14 14:31:17 INFO Epoch 58/160	Training Loss: 1.9178	Time remaining is 2h:10m
2024-04-14 14:32:33 INFO Epoch 59/160	Training Loss: 1.9195	Time remaining is 2h:9m
2024-04-14 14:33:49 INFO Epoch 60/160	Training Loss: 1.9147	Time remaining is 2h:8m
2024-04-14 14:35:06 INFO Epoch 61/160	Training Loss: 1.9150	Time remaining is 2h:7m
2024-04-14 14:36:22 INFO Epoch 62/160	Training Loss: 1.9142	Time remaining is 2h:5m
2024-04-14 14:37:38 INFO Epoch 63/160	Training Loss: 1.9133	Time remaining is 2h:4m
2024-04-14 14:38:54 INFO Epoch 64/160	Training Loss: 1.9130	Time remaining is 2h:3m
2024-04-14 14:40:10 INFO Epoch 65/160	Training Loss: 1.9090	Time remaining is 2h:2m
2024-04-14 14:41:26 INFO Epoch 66/160	Training Loss: 1.9085	Time remaining is 2h:0m
2024-04-14 14:42:43 INFO Epoch 67/160	Training Loss: 1.9179	Time remaining is 1h:59m
2024-04-14 14:43:59 INFO Epoch 68/160	Training Loss: 1.9077	Time remaining is 1h:58m
2024-04-14 14:45:15 INFO Epoch 69/160	Training Loss: 1.8998	Time remaining is 1h:56m
2024-04-14 14:46:31 INFO Epoch 70/160	Training Loss: 1.9064	Time remaining is 1h:55m
2024-04-14 14:47:47 INFO Epoch 71/160	Training Loss: 1.9043	Time remaining is 1h:54m
2024-04-14 14:49:03 INFO Epoch 72/160	Training Loss: 1.9004	Time remaining is 1h:53m
2024-04-14 14:50:19 INFO Epoch 73/160	Training Loss: 1.8975	Time remaining is 1h:51m
2024-04-14 14:51:34 INFO Epoch 74/160	Training Loss: 1.8873	Time remaining is 1h:50m
2024-04-14 14:52:50 INFO Epoch 75/160	Training Loss: 1.8873	Time remaining is 1h:49m
2024-04-14 14:54:06 INFO Epoch 76/160	Training Loss: 1.8835	Time remaining is 1h:48m
2024-04-14 14:55:22 INFO Epoch 77/160	Training Loss: 1.8948	Time remaining is 1h:46m
2024-04-14 14:56:38 INFO Epoch 78/160	Training Loss: 1.8855	Time remaining is 1h:45m
2024-04-14 14:57:54 INFO Epoch 79/160	Training Loss: 1.8943	Time remaining is 1h:44m
2024-04-14 14:59:10 INFO Epoch 80/160	Training Loss: 1.8952	Time remaining is 1h:43m
2024-04-14 15:00:26 INFO Epoch 81/160	Training Loss: 1.8933	Time remaining is 1h:41m
2024-04-14 15:01:42 INFO Epoch 82/160	Training Loss: 1.8935	Time remaining is 1h:40m
2024-04-14 15:02:58 INFO Epoch 83/160	Training Loss: 1.8933	Time remaining is 1h:39m
2024-04-14 15:04:14 INFO Epoch 84/160	Training Loss: 1.8913	Time remaining is 1h:37m
2024-04-14 15:05:30 INFO Epoch 85/160	Training Loss: 1.8942	Time remaining is 1h:36m
2024-04-14 15:06:46 INFO Epoch 86/160	Training Loss: 1.8932	Time remaining is 1h:35m
2024-04-14 15:08:02 INFO Epoch 87/160	Training Loss: 1.8921	Time remaining is 1h:34m
2024-04-14 15:09:18 INFO Epoch 88/160	Training Loss: 1.8814	Time remaining is 1h:32m
2024-04-14 15:10:34 INFO Epoch 89/160	Training Loss: 1.8916	Time remaining is 1h:31m
2024-04-14 15:11:50 INFO Epoch 90/160	Training Loss: 1.8917	Time remaining is 1h:30m
2024-04-14 15:13:18 INFO Testing: dataset_name: market1501 top1:0.9483 top5:0.9860 top10:0.9905 mAP:0.8706
2024-04-14 15:14:34 INFO Epoch 91/160	Training Loss: 1.8928	Time remaining is 1h:30m
2024-04-14 15:15:49 INFO Epoch 92/160	Training Loss: 1.8807	Time remaining is 1h:28m
2024-04-14 15:17:06 INFO Epoch 93/160	Training Loss: 1.8936	Time remaining is 1h:27m
2024-04-14 15:18:22 INFO Epoch 94/160	Training Loss: 1.8904	Time remaining is 1h:26m
2024-04-14 15:19:38 INFO Epoch 95/160	Training Loss: 1.8808	Time remaining is 1h:25m
2024-04-14 15:21:05 INFO Testing: dataset_name: market1501 top1:0.9492 top5:0.9855 top10:0.9914 mAP:0.8724
2024-04-14 15:22:21 INFO Epoch 96/160	Training Loss: 1.8915	Time remaining is 1h:24m
2024-04-14 15:23:37 INFO Epoch 97/160	Training Loss: 1.8794	Time remaining is 1h:23m
2024-04-14 15:24:53 INFO Epoch 98/160	Training Loss: 1.8930	Time remaining is 1h:22m
2024-04-14 15:26:09 INFO Epoch 99/160	Training Loss: 1.8905	Time remaining is 1h:20m
2024-04-14 15:27:25 INFO Epoch 100/160	Training Loss: 1.8883	Time remaining is 1h:19m
2024-04-14 15:28:52 INFO Testing: dataset_name: market1501 top1:0.9486 top5:0.9852 top10:0.9923 mAP:0.8715
2024-04-14 15:30:08 INFO Epoch 101/160	Training Loss: 1.8912	Time remaining is 1h:19m
2024-04-14 15:31:24 INFO Epoch 102/160	Training Loss: 1.8889	Time remaining is 1h:17m
2024-04-14 15:32:40 INFO Epoch 103/160	Training Loss: 1.8880	Time remaining is 1h:16m
2024-04-14 15:33:56 INFO Epoch 104/160	Training Loss: 1.8881	Time remaining is 1h:15m
2024-04-14 15:35:12 INFO Epoch 105/160	Training Loss: 1.8991	Time remaining is 1h:13m
2024-04-14 15:36:40 INFO Testing: dataset_name: market1501 top1:0.9486 top5:0.9843 top10:0.9920 mAP:0.8721
2024-04-14 15:37:56 INFO Epoch 106/160	Training Loss: 1.8903	Time remaining is 1h:13m
2024-04-14 15:39:11 INFO Epoch 107/160	Training Loss: 1.8789	Time remaining is 1h:11m
2024-04-14 15:40:27 INFO Epoch 108/160	Training Loss: 1.8898	Time remaining is 1h:10m
2024-04-14 15:41:44 INFO Epoch 109/160	Training Loss: 1.8884	Time remaining is 1h:9m
2024-04-14 15:43:00 INFO Epoch 110/160	Training Loss: 1.8871	Time remaining is 1h:7m
2024-04-14 15:44:27 INFO Testing: dataset_name: market1501 top1:0.9507 top5:0.9852 top10:0.9923 mAP:0.8730
2024-04-14 15:45:42 INFO Epoch 111/160	Training Loss: 1.8770	Time remaining is 1h:7m
2024-04-14 15:46:58 INFO Epoch 112/160	Training Loss: 1.8873	Time remaining is 1h:5m
2024-04-14 15:48:14 INFO Epoch 113/160	Training Loss: 1.8871	Time remaining is 1h:4m
2024-04-14 15:49:30 INFO Epoch 114/160	Training Loss: 1.8802	Time remaining is 1h:3m
2024-04-14 15:50:46 INFO Epoch 115/160	Training Loss: 1.8955	Time remaining is 1h:1m
2024-04-14 15:52:13 INFO Testing: dataset_name: market1501 top1:0.9498 top5:0.9855 top10:0.9917 mAP:0.8733
2024-04-14 15:53:29 INFO Epoch 116/160	Training Loss: 1.8874	Time remaining is 1h:0m
2024-04-14 15:54:45 INFO Epoch 117/160	Training Loss: 1.8886	Time remaining is 0h:59m
2024-04-14 15:56:01 INFO Epoch 118/160	Training Loss: 1.8867	Time remaining is 0h:58m
2024-04-14 15:57:18 INFO Epoch 119/160	Training Loss: 1.8965	Time remaining is 0h:56m
2024-04-14 15:58:33 INFO Epoch 120/160	Training Loss: 1.8760	Time remaining is 0h:55m
2024-04-14 16:00:01 INFO Testing: dataset_name: market1501 top1:0.9501 top5:0.9857 top10:0.9923 mAP:0.8743
2024-04-14 16:01:17 INFO Epoch 121/160	Training Loss: 1.8857	Time remaining is 0h:54m
2024-04-14 16:02:33 INFO Epoch 122/160	Training Loss: 1.8850	Time remaining is 0h:53m
2024-04-14 16:03:49 INFO Epoch 123/160	Training Loss: 1.8851	Time remaining is 0h:51m
2024-04-14 16:05:04 INFO Epoch 124/160	Training Loss: 1.8772	Time remaining is 0h:50m
2024-04-14 16:06:20 INFO Epoch 125/160	Training Loss: 1.8868	Time remaining is 0h:49m
2024-04-14 16:07:48 INFO Testing: dataset_name: market1501 top1:0.9504 top5:0.9852 top10:0.9920 mAP:0.8752
2024-04-14 16:09:04 INFO Epoch 126/160	Training Loss: 1.8862	Time remaining is 0h:48m
2024-04-14 16:10:19 INFO Epoch 127/160	Training Loss: 1.8849	Time remaining is 0h:46m
2024-04-14 16:11:35 INFO Epoch 128/160	Training Loss: 1.8848	Time remaining is 0h:45m
2024-04-14 16:12:51 INFO Epoch 129/160	Training Loss: 1.8867	Time remaining is 0h:43m
2024-04-14 16:14:07 INFO Epoch 130/160	Training Loss: 1.8865	Time remaining is 0h:42m
2024-04-14 16:15:34 INFO Testing: dataset_name: market1501 top1:0.9498 top5:0.9855 top10:0.9923 mAP:0.8754
2024-04-14 16:16:50 INFO Epoch 131/160	Training Loss: 1.8770	Time remaining is 0h:41m
2024-04-14 16:18:06 INFO Epoch 132/160	Training Loss: 1.8840	Time remaining is 0h:40m
2024-04-14 16:19:21 INFO Epoch 133/160	Training Loss: 1.8750	Time remaining is 0h:38m
2024-04-14 16:20:37 INFO Epoch 134/160	Training Loss: 1.8850	Time remaining is 0h:37m
2024-04-14 16:21:53 INFO Epoch 135/160	Training Loss: 1.8763	Time remaining is 0h:35m
2024-04-14 16:23:20 INFO Testing: dataset_name: market1501 top1:0.9510 top5:0.9855 top10:0.9920 mAP:0.8762
2024-04-14 16:24:36 INFO Epoch 136/160	Training Loss: 1.8751	Time remaining is 0h:34m
2024-04-14 16:25:52 INFO Epoch 137/160	Training Loss: 1.8849	Time remaining is 0h:33m
2024-04-14 16:27:08 INFO Epoch 138/160	Training Loss: 1.8846	Time remaining is 0h:32m
2024-04-14 16:28:24 INFO Epoch 139/160	Training Loss: 1.8741	Time remaining is 0h:30m
2024-04-14 16:29:40 INFO Epoch 140/160	Training Loss: 1.8838	Time remaining is 0h:29m
2024-04-14 16:31:07 INFO Testing: dataset_name: market1501 top1:0.9507 top5:0.9852 top10:0.9923 mAP:0.8754
2024-04-14 16:32:23 INFO Epoch 141/160	Training Loss: 1.8846	Time remaining is 0h:28m
2024-04-14 16:33:39 INFO Epoch 142/160	Training Loss: 1.8831	Time remaining is 0h:26m
2024-04-14 16:34:55 INFO Epoch 143/160	Training Loss: 1.8841	Time remaining is 0h:25m
2024-04-14 16:36:11 INFO Epoch 144/160	Training Loss: 1.8822	Time remaining is 0h:23m
2024-04-14 16:37:27 INFO Epoch 145/160	Training Loss: 1.8845	Time remaining is 0h:22m
2024-04-14 16:38:54 INFO Testing: dataset_name: market1501 top1:0.9504 top5:0.9860 top10:0.9920 mAP:0.8770
2024-04-14 16:40:10 INFO Epoch 146/160	Training Loss: 1.8823	Time remaining is 0h:21m
2024-04-14 16:41:26 INFO Epoch 147/160	Training Loss: 1.8828	Time remaining is 0h:19m
2024-04-14 16:42:42 INFO Epoch 148/160	Training Loss: 1.8831	Time remaining is 0h:18m
2024-04-14 16:43:59 INFO Epoch 149/160	Training Loss: 1.8923	Time remaining is 0h:17m
2024-04-14 16:45:14 INFO Epoch 150/160	Training Loss: 1.8727	Time remaining is 0h:15m
2024-04-14 16:46:42 INFO Testing: dataset_name: market1501 top1:0.9489 top5:0.9849 top10:0.9920 mAP:0.8755
2024-04-14 16:47:58 INFO Epoch 151/160	Training Loss: 1.8822	Time remaining is 0h:14m
2024-04-14 16:49:14 INFO Epoch 152/160	Training Loss: 1.8811	Time remaining is 0h:13m
2024-04-14 16:50:30 INFO Epoch 153/160	Training Loss: 1.8814	Time remaining is 0h:11m
2024-04-14 16:51:46 INFO Epoch 154/160	Training Loss: 1.8825	Time remaining is 0h:10m
2024-04-14 16:53:02 INFO Epoch 155/160	Training Loss: 1.8830	Time remaining is 0h:8m
2024-04-14 16:54:29 INFO Testing: dataset_name: market1501 top1:0.9507 top5:0.9860 top10:0.9911 mAP:0.8778
2024-04-14 16:55:45 INFO Epoch 156/160	Training Loss: 1.8733	Time remaining is 0h:7m
2024-04-14 16:57:01 INFO Epoch 157/160	Training Loss: 1.8820	Time remaining is 0h:6m
2024-04-14 16:58:17 INFO Epoch 158/160	Training Loss: 1.8733	Time remaining is 0h:4m
2024-04-14 16:59:33 INFO Epoch 159/160	Training Loss: 1.8810	Time remaining is 0h:3m
2024-04-14 17:00:48 INFO Epoch 160/160	Training Loss: 1.8707	Time remaining is 0h:1m
2024-04-14 17:02:16 INFO Testing: dataset_name: market1501 top1:0.9504 top5:0.9852 top10:0.9917 mAP:0.8762
2024-04-14 17:02:16 INFO The running time of training: 1.34630e+04 s
