2024-03-10 13:12:36 INFO ##################################################
2024-03-10 13:12:36 INFO Task: ReID_Task
2024-03-10 13:12:36 INFO Using device: cuda
2024-03-10 13:12:36 INFO Using data type: torch.float32
2024-03-10 13:12:36 INFO Number of GPUs: 1
2024-03-10 13:12:36 INFO GPU is_available: True
2024-03-10 13:12:36 INFO GPU name: NVIDIA GeForce RTX 3060
2024-03-10 13:12:36 INFO CUDA version: 12.1
2024-03-10 13:12:36 INFO Current device id: 0
2024-03-10 13:12:36 INFO ##################################################
2024-03-10 13:13:52 INFO Epoch 1/120	Training Loss: 7.8581	Time remaining is 2h:30m
2024-03-10 13:15:06 INFO Epoch 2/120	Training Loss: 7.0614	Time remaining is 2h:28m
2024-03-10 13:16:20 INFO Epoch 3/120	Training Loss: 5.6662	Time remaining is 2h:26m
2024-03-10 13:17:34 INFO Epoch 4/120	Training Loss: 4.1434	Time remaining is 2h:25m
2024-03-10 13:18:48 INFO Epoch 5/120	Training Loss: 2.9437	Time remaining is 2h:23m
2024-03-10 13:20:01 INFO Epoch 6/120	Training Loss: 2.1876	Time remaining is 2h:22m
2024-03-10 13:21:14 INFO Epoch 7/120	Training Loss: 1.7911	Time remaining is 2h:20m
2024-03-10 13:22:28 INFO Epoch 8/120	Training Loss: 1.6004	Time remaining is 2h:19m
2024-03-10 13:23:41 INFO Epoch 9/120	Training Loss: 1.5182	Time remaining is 2h:18m
2024-03-10 13:24:55 INFO Epoch 10/120	Training Loss: 1.4580	Time remaining is 2h:17m
2024-03-10 13:26:09 INFO Epoch 11/120	Training Loss: 1.4180	Time remaining is 2h:15m
2024-03-10 13:27:23 INFO Epoch 12/120	Training Loss: 1.3398	Time remaining is 2h:14m
2024-03-10 13:28:37 INFO Epoch 13/120	Training Loss: 1.2749	Time remaining is 2h:13m
2024-03-10 13:29:51 INFO Epoch 14/120	Training Loss: 1.2292	Time remaining is 2h:12m
2024-03-10 13:31:04 INFO Epoch 15/120	Training Loss: 1.1981	Time remaining is 2h:10m
2024-03-10 13:32:18 INFO Epoch 16/120	Training Loss: 1.1885	Time remaining is 2h:9m
2024-03-10 13:33:31 INFO Epoch 17/120	Training Loss: 1.1757	Time remaining is 2h:8m
2024-03-10 13:34:45 INFO Epoch 18/120	Training Loss: 1.1690	Time remaining is 2h:7m
2024-03-10 13:35:59 INFO Epoch 19/120	Training Loss: 1.1647	Time remaining is 2h:5m
2024-03-10 13:37:12 INFO Epoch 20/120	Training Loss: 1.1520	Time remaining is 2h:4m
2024-03-10 13:38:26 INFO Epoch 21/120	Training Loss: 1.1620	Time remaining is 2h:3m
2024-03-10 13:39:40 INFO Epoch 22/120	Training Loss: 1.1641	Time remaining is 2h:2m
2024-03-10 13:40:53 INFO Epoch 23/120	Training Loss: 1.1499	Time remaining is 2h:0m
2024-03-10 13:42:06 INFO Epoch 24/120	Training Loss: 1.1695	Time remaining is 1h:59m
2024-03-10 13:43:20 INFO Epoch 25/120	Training Loss: 1.1732	Time remaining is 1h:58m
2024-03-10 13:44:34 INFO Epoch 26/120	Training Loss: 1.1784	Time remaining is 1h:57m
2024-03-10 13:45:48 INFO Epoch 27/120	Training Loss: 1.1677	Time remaining is 1h:56m
2024-03-10 13:47:02 INFO Epoch 28/120	Training Loss: 1.1725	Time remaining is 1h:54m
2024-03-10 13:48:15 INFO Epoch 29/120	Training Loss: 1.1593	Time remaining is 1h:53m
2024-03-10 13:49:28 INFO Epoch 30/120	Training Loss: 1.1510	Time remaining is 1h:52m
2024-03-10 13:50:42 INFO Epoch 31/120	Training Loss: 1.1552	Time remaining is 1h:51m
2024-03-10 13:51:56 INFO Epoch 32/120	Training Loss: 1.1481	Time remaining is 1h:49m
2024-03-10 13:53:10 INFO Epoch 33/120	Training Loss: 1.1534	Time remaining is 1h:48m
2024-03-10 13:54:23 INFO Epoch 34/120	Training Loss: 1.1648	Time remaining is 1h:47m
2024-03-10 13:55:37 INFO Epoch 35/120	Training Loss: 1.1587	Time remaining is 1h:46m
2024-03-10 13:56:51 INFO Epoch 36/120	Training Loss: 1.1476	Time remaining is 1h:44m
2024-03-10 13:58:04 INFO Epoch 37/120	Training Loss: 1.1494	Time remaining is 1h:43m
2024-03-10 13:59:18 INFO Epoch 38/120	Training Loss: 1.1574	Time remaining is 1h:42m
2024-03-10 14:00:32 INFO Epoch 39/120	Training Loss: 1.1530	Time remaining is 1h:41m
2024-03-10 14:01:46 INFO Epoch 40/120	Training Loss: 1.1466	Time remaining is 1h:40m
2024-03-10 14:02:59 INFO Epoch 41/120	Training Loss: 1.0810	Time remaining is 1h:38m
2024-03-10 14:04:13 INFO Epoch 42/120	Training Loss: 1.0224	Time remaining is 1h:37m
2024-03-10 14:05:26 INFO Epoch 43/120	Training Loss: 1.0130	Time remaining is 1h:36m
2024-03-10 14:06:40 INFO Epoch 44/120	Training Loss: 1.0069	Time remaining is 1h:35m
2024-03-10 14:07:54 INFO Epoch 45/120	Training Loss: 1.0007	Time remaining is 1h:33m
2024-03-10 14:09:07 INFO Epoch 46/120	Training Loss: 0.9984	Time remaining is 1h:32m
2024-03-10 14:10:21 INFO Epoch 47/120	Training Loss: 0.9879	Time remaining is 1h:31m
2024-03-10 14:11:34 INFO Epoch 48/120	Training Loss: 0.9918	Time remaining is 1h:30m
2024-03-10 14:12:47 INFO Epoch 49/120	Training Loss: 0.9846	Time remaining is 1h:28m
2024-03-10 14:14:01 INFO Epoch 50/120	Training Loss: 0.9863	Time remaining is 1h:27m
2024-03-10 14:15:14 INFO Epoch 51/120	Training Loss: 0.9783	Time remaining is 1h:26m
2024-03-10 14:16:28 INFO Epoch 52/120	Training Loss: 0.9831	Time remaining is 1h:25m
2024-03-10 14:17:42 INFO Epoch 53/120	Training Loss: 0.9820	Time remaining is 1h:24m
2024-03-10 14:18:55 INFO Epoch 54/120	Training Loss: 0.9786	Time remaining is 1h:22m
2024-03-10 14:20:09 INFO Epoch 55/120	Training Loss: 0.9810	Time remaining is 1h:21m
2024-03-10 14:21:23 INFO Epoch 56/120	Training Loss: 0.9784	Time remaining is 1h:20m
2024-03-10 14:22:37 INFO Epoch 57/120	Training Loss: 0.9713	Time remaining is 1h:19m
2024-03-10 14:23:50 INFO Epoch 58/120	Training Loss: 0.9757	Time remaining is 1h:17m
2024-03-10 14:25:04 INFO Epoch 59/120	Training Loss: 0.9769	Time remaining is 1h:16m
2024-03-10 14:26:18 INFO Epoch 60/120	Training Loss: 0.9748	Time remaining is 1h:15m
2024-03-10 14:27:32 INFO Epoch 61/120	Training Loss: 0.9743	Time remaining is 1h:14m
2024-03-10 14:28:45 INFO Epoch 62/120	Training Loss: 0.9728	Time remaining is 1h:12m
2024-03-10 14:29:59 INFO Epoch 63/120	Training Loss: 0.9707	Time remaining is 1h:11m
2024-03-10 14:31:13 INFO Epoch 64/120	Training Loss: 0.9704	Time remaining is 1h:10m
2024-03-10 14:32:27 INFO Epoch 65/120	Training Loss: 0.9682	Time remaining is 1h:9m
2024-03-10 14:33:41 INFO Epoch 66/120	Training Loss: 0.9682	Time remaining is 1h:8m
2024-03-10 14:34:55 INFO Epoch 67/120	Training Loss: 0.9751	Time remaining is 1h:6m
2024-03-10 14:36:09 INFO Epoch 68/120	Training Loss: 0.9694	Time remaining is 1h:5m
2024-03-10 14:37:22 INFO Epoch 69/120	Training Loss: 0.9643	Time remaining is 1h:4m
2024-03-10 14:38:36 INFO Epoch 70/120	Training Loss: 0.9664	Time remaining is 1h:3m
2024-03-10 14:39:50 INFO Epoch 71/120	Training Loss: 0.9638	Time remaining is 1h:1m
2024-03-10 14:41:03 INFO Epoch 72/120	Training Loss: 0.9596	Time remaining is 1h:0m
2024-03-10 14:42:17 INFO Epoch 73/120	Training Loss: 0.9574	Time remaining is 0h:59m
2024-03-10 14:43:30 INFO Epoch 74/120	Training Loss: 0.9522	Time remaining is 0h:58m
2024-03-10 14:44:44 INFO Epoch 75/120	Training Loss: 0.9524	Time remaining is 0h:56m
2024-03-10 14:45:57 INFO Epoch 76/120	Training Loss: 0.9488	Time remaining is 0h:55m
2024-03-10 14:47:11 INFO Epoch 77/120	Training Loss: 0.9553	Time remaining is 0h:54m
2024-03-10 14:48:25 INFO Epoch 78/120	Training Loss: 0.9495	Time remaining is 0h:53m
2024-03-10 14:49:39 INFO Epoch 79/120	Training Loss: 0.9545	Time remaining is 0h:52m
2024-03-10 14:50:53 INFO Epoch 80/120	Training Loss: 0.9545	Time remaining is 0h:50m
2024-03-10 14:52:06 INFO Epoch 81/120	Training Loss: 0.9532	Time remaining is 0h:49m
2024-03-10 14:53:20 INFO Epoch 82/120	Training Loss: 0.9543	Time remaining is 0h:48m
2024-03-10 14:54:34 INFO Epoch 83/120	Training Loss: 0.9525	Time remaining is 0h:47m
2024-03-10 14:55:48 INFO Epoch 84/120	Training Loss: 0.9523	Time remaining is 0h:45m
2024-03-10 14:57:02 INFO Epoch 85/120	Training Loss: 0.9539	Time remaining is 0h:44m
2024-03-10 14:58:15 INFO Epoch 86/120	Training Loss: 0.9532	Time remaining is 0h:43m
2024-03-10 14:59:29 INFO Epoch 87/120	Training Loss: 0.9511	Time remaining is 0h:42m
2024-03-10 15:00:43 INFO Epoch 88/120	Training Loss: 0.9461	Time remaining is 0h:41m
2024-03-10 15:01:57 INFO Epoch 89/120	Training Loss: 0.9518	Time remaining is 0h:39m
2024-03-10 15:03:10 INFO Epoch 90/120	Training Loss: 0.9506	Time remaining is 0h:38m
2024-03-10 15:03:48 INFO Testing: dataset_name: market1501 top1:0.9442 top5:0.9852 top10:0.9911 mAP:0.8678
2024-03-10 15:05:02 INFO Epoch 91/120	Training Loss: 0.9516	Time remaining is 0h:37m
2024-03-10 15:06:15 INFO Epoch 92/120	Training Loss: 0.9471	Time remaining is 0h:36m
2024-03-10 15:07:29 INFO Epoch 93/120	Training Loss: 0.9520	Time remaining is 0h:35m
2024-03-10 15:08:43 INFO Epoch 94/120	Training Loss: 0.9506	Time remaining is 0h:33m
2024-03-10 15:09:57 INFO Epoch 95/120	Training Loss: 0.9453	Time remaining is 0h:32m
2024-03-10 15:11:11 INFO Epoch 96/120	Training Loss: 0.9520	Time remaining is 0h:31m
2024-03-10 15:12:24 INFO Epoch 97/120	Training Loss: 0.9443	Time remaining is 0h:30m
2024-03-10 15:13:39 INFO Epoch 98/120	Training Loss: 0.9516	Time remaining is 0h:28m
2024-03-10 15:14:53 INFO Epoch 99/120	Training Loss: 0.9500	Time remaining is 0h:27m
2024-03-10 15:16:06 INFO Epoch 100/120	Training Loss: 0.9482	Time remaining is 0h:26m
2024-03-10 15:16:44 INFO Testing: dataset_name: market1501 top1:0.9451 top5:0.9846 top10:0.9893 mAP:0.8679
2024-03-10 15:17:58 INFO Epoch 101/120	Training Loss: 0.9510	Time remaining is 0h:25m
2024-03-10 15:19:12 INFO Epoch 102/120	Training Loss: 0.9489	Time remaining is 0h:24m
2024-03-10 15:20:26 INFO Epoch 103/120	Training Loss: 0.9477	Time remaining is 0h:22m
2024-03-10 15:21:40 INFO Epoch 104/120	Training Loss: 0.9480	Time remaining is 0h:21m
2024-03-10 15:22:55 INFO Epoch 105/120	Training Loss: 0.9534	Time remaining is 0h:20m
2024-03-10 15:24:09 INFO Epoch 106/120	Training Loss: 0.9491	Time remaining is 0h:19m
2024-03-10 15:25:22 INFO Epoch 107/120	Training Loss: 0.9445	Time remaining is 0h:17m
2024-03-10 15:26:36 INFO Epoch 108/120	Training Loss: 0.9504	Time remaining is 0h:16m
2024-03-10 15:27:50 INFO Epoch 109/120	Training Loss: 0.9484	Time remaining is 0h:15m
2024-03-10 15:29:04 INFO Epoch 110/120	Training Loss: 0.9485	Time remaining is 0h:14m
2024-03-10 15:29:41 INFO Testing: dataset_name: market1501 top1:0.9454 top5:0.9849 top10:0.9899 mAP:0.8703
2024-03-10 15:30:55 INFO Epoch 111/120	Training Loss: 0.9427	Time remaining is 0h:12m
2024-03-10 15:32:09 INFO Epoch 112/120	Training Loss: 0.9475	Time remaining is 0h:11m
2024-03-10 15:33:22 INFO Epoch 113/120	Training Loss: 0.9481	Time remaining is 0h:10m
2024-03-10 15:34:36 INFO Epoch 114/120	Training Loss: 0.9432	Time remaining is 0h:9m
2024-03-10 15:35:50 INFO Epoch 115/120	Training Loss: 0.9527	Time remaining is 0h:7m
2024-03-10 15:37:04 INFO Epoch 116/120	Training Loss: 0.9468	Time remaining is 0h:6m
2024-03-10 15:38:18 INFO Epoch 117/120	Training Loss: 0.9488	Time remaining is 0h:5m
2024-03-10 15:39:32 INFO Epoch 118/120	Training Loss: 0.9470	Time remaining is 0h:4m
2024-03-10 15:40:46 INFO Epoch 119/120	Training Loss: 0.9524	Time remaining is 0h:2m
2024-03-10 15:42:00 INFO Epoch 120/120	Training Loss: 0.9410	Time remaining is 0h:1m
2024-03-10 15:42:38 INFO Testing: dataset_name: market1501 top1:0.9466 top5:0.9857 top10:0.9905 mAP:0.8709
2024-03-10 15:42:38 INFO The running time of training: 9.00189e+03 s
2024-03-10 15:42:38 DEBUG Config values:
batch_size: 60
current_directory: /home/hy/project/reid/ex_main2
dataset_name: market1501
dataset_path: /home/hy/project/reid/data/Market-1501-v15.09.15
device: cuda
dtype: torch.float32
epoch_start_test: 90
epochs: 120
img_height: 256
img_width: 128
np: <module 'numpy' from '/home/hy/anaconda3/envs/py396/lib/python3.9/site-packages/numpy/__init__.py'>
os: <module 'os' from '/home/hy/anaconda3/envs/py396/lib/python3.9/os.py'>
outputs_dir: ./outputs/
outputs_path: /home/hy/project/reid/ex_main2/./outputs/
print_every: 1
seed: 1
taskname: ReID_Task
test_batch_size: 256
test_every: 10
torch: <module 'torch' from '/home/hy/anaconda3/envs/py396/lib/python3.9/site-packages/torch/__init__.py'>
2024-03-10 16:27:23 INFO ##################################################
2024-03-10 16:27:23 INFO Task: ReID_Task
2024-03-10 16:27:23 INFO Using device: cuda
2024-03-10 16:27:23 INFO Using data type: torch.float32
2024-03-10 16:27:39 INFO ##################################################
2024-03-10 16:27:39 INFO Task: ReID_Task
2024-03-10 16:27:39 INFO Using device: cuda
2024-03-10 16:27:39 INFO Using data type: torch.float32
